18569316415173
16048521294696
1133221836450
1237592526390
570872977290
6100079388480
542408449193295
80872574096160
765395285696190
542873281585266
782761027535893
235898319827940
161477855768736
208682163072630
217623821250
30368250
72048989250
36873941549655
1114268194987311
545781431995800
19123402305150
945701679420465
83082254233209
102433041744600
2557534109130
3924960212250
69228003400353
9968131121256
1923221851845
11124649750668
33011440764750
97984241865705
1356075634876326
402100369581588
146885320581930
30363066486270
54214917146880
117051503938200
334163171060740
380427343922080
682806649068180
6379582646718
800035242477900
89052542408934
16506244138230
719709899227410
80524811880
7678351464498
4896913241556
156817170007716
15597031083543
122793074227200
137933848513818
169924016466505
222364147179240
44013703100880
9305645628240
27435765713400
1024691396660400
578336881287375
53978708862028
267800217048
386148947681080
31483910034906
99011986714608
249094706490
837504094052305
31034027040408
1409466186746163
28291048217685
832131609987090
1115789670195508
75932313852825
948385824551550
13387358299050
1267359394382110
154432918776430
53383038890500
2009731235820
7439499604176
269418435
10890406688448
1656192964366080
50166167590
479089873323243
269249347261638
442356213024000
363479104481328
82395353961525
75779827693696
3162842424000
40042534770
244772126577621
104889242302221
151534215528300
1326056758427586
55374057626400
515375150736558
286640670485760
78107223192810
2275373571166800
103225015463556
1797385224730560
45933495051990
17424383169006
462026232138408
180313746325080
50215448982196
134828946577413
6073417921725
96908917966605
9310417549923
74745045834459
367052076757080
122334051346416
15609085178715
199117637930925
1315554048620196
883368572686425
444079440
95031524016
162663584637276
539355637939020
248857620986835
1029605104972990
842368006882545
677708733240
140959591306950
208292054688168
1598402478931776
108248149001350
58171952363700
30574673042760
403935442487100
1076522298943050
51329777150400
117442826521020
202606874579538
2315286762048
2118942374325
302881079088
134293632212520
146770362458820
197539735402368
136710123962580
480626796850200
9805748303296
7919347742280
7065705715575
137104796713500
147520499587428
634168906948500
1401428639520000
14692398266745
2832661509846
40015281475
358734773780721
1474527244942500
378270670740963
22288174896078
192666209939658
142470029008125
25349922300241
4257562102020
780939778027500
162691944632550
385554440483940
115521404748750
12297840834015
552579460361181
111910721848380
394789777496550
75874691692800
46287850009995
73754754601920
28178213333634
117726088907778
791969612400
252087321150
178261656707610
478311409449055
3789273711435
73136490065100
61325702633520
61964010168606
54459415653786
48346122632115
1102005271439325
560683615912056
9138246023070
8720843608855
428256814850865
851371497288
434281477940856
54726102065310
574572727874673
14751274671360
205141854773115
5469938884410
17795845368
24470179515684
82689800630430
363002700163771
528663195543960
431673009351
63608187096720
887782010100141
18982760532450
28040365507518
177096622105260
1606392812902878
10449309984498
1174579037775
948534189169050
721846112165760
243048582182484
137688738093720
3382219014636
695861933166
57355548574401
81167762036250
215284053055500
5485869214260
5359491336420
7781759718840
34138269182160
3005979984
701512988634384
498802251683736
42084386589168
344557022501250
4775327370450
167618587406031
616599915172500
389010425400
5975958203856
66909726476928
171477171489078
959936838829416
470362153626918
51530130648
25870754309040
208815136675686
180723671696610
21189880220509
153888120
486115868128968
822918752428080
49143229934610
906783479157555
86766390566940
17725116459960
225061945502625
1030267576963170
1695059228182320
9999112086600
1946302312950
39065895000
255075020641980
496233373354950
573801924794373
1426192088625
68494963267500
16075777472496
125190726487200
13333900921110
1593525243636216
62962227058230
676073945992500
10140118126530
42065425951290
6657124720428
589237623060696
806671231670430
331997561682930
4712363150040
1038564333909648
51201013156650
218759495641830
437348204823159
9261661322043
243129907023696
2135590686600
48611980622898
10066610247246
641475733933000
1802132462908800
1902484115100
1145985442446240
303573664830348
8692658291628
883738391245920
213517367800200
32671181267616
196046831008350
62853471984060
39431906715960
337503773880
44443653340446
2651362513878
789255445749390
32638808665800
142858071104661
132973536167920
3292835482635
76710523679790
372156878039040
590597737653528
870835977726
641433335937570
4221459898560
34837269516
189380545651440
81417431009421
95264517861720
141688907100
184253392374480
26891526900
54254184880980
2624105861784
17621691211800
548940661868665
146263786664085
12360068714385
468064700060265
429670349090766
1598992638588100
665205714123576
1872023164521048
277255648495518
14707983974985
13897403938450
149432303263320
5812912389900
326373551983440
198521284782030
10560037099350
322137721705800
249485870866683
7084035576870
7643179883265
17208689053500
98291879659500
98569583798400
719909268555861
174482538966780
2336980219200
87836352113601
376023623976
1294059220300
52212319310784
28082598824340
44224508589750
20293828678746
67359953380125
595797803644500
292014157688484
104140029892950
11183997741165
32125267698615
42864108956361
4964577128910
25313173067871
241111369374876
28468766937576
114311940492750
14945013924750
1095083143953084
41116963599096
167880350425725
21723276579840
150119840813670
253848858041625
7846462693230
157452821677305
5599282326225
34474837749660
163032210876205
334391271323886
7437622453968
153894860840773
2921140715220
8217523684216
166560331244320
390997768546
32388724452690
878548586850
189598847586291
9290635410
1347807093720
705249710016915
276556225332471
15506470529550
813465365904450
9121223736450
25648620603480
8573369921655
2591878629186
196442850600
44947176081
6382900611010
658916273818110
535197490043535
869609156673876
347540401158678
34660158204700
309420078816240
389916056456550
258344437715784
93572814373038
130250970857800
3832120396908
369091510872480
103387608835875
466270107729426
281936100499053
23055331347909
24551673128920
3038960389920
176254584225720
999279660600
5384665
1396194434053650
249780758280075
926969495158176
3137737048050
602652492329140
372033446148
113803506061245
36259708231656
291200291400348
1129268385007896
251318179121568
137296412946420
5008995850320
7029772927866
34478788664250
5688401038440
16795638718560
936339543622035
1561628162925666
134065204296408
533994244942284
564779169253845
4624501266840
23321372777241
875841636508083
423315780196218
134670437003700
131469281913970
7770285819450
32898968665836
1357106155683648
61818517045890
110105121287701
89138171944620
110439064122948
56482462584768
209069266941255
462536865240450
224566401307500
295779709050
386457536033520
21388153099950
437131180845
211137121222650
8674486859430
463949111625120
188304506619985
85425108436440
259942809320835
168941583039009
871004109256200
34996917093138
1797695806895208
1136111322571170
271450519005798
208916590904406
167705814550528
210095016268221
139015776900
1920696462793
218733368634600
84293912611359
8667628446834
125688176562420
53148958868250
745522157226
129603684582630
147786576640560
1357857939292800
1876835466
21672209037726
172570870098000
1262852977587400
4101421849668
481344972199560
928552336960185
1774458248775
517321912558815
291172637788110
507200405731110
525151190351250
26225086387500
202320554053800
4178904879045
198456689337120
229424072255946
621837888840
25228853813520
15531648995730
7326139937256
475228565965440
383737167789108
1697834327484870
24440897422851
242997644950515
2585451731940
5293380599160
21573860389425
952574721324750
735626561691420
2258993145870
52636374420960
308572207860546
2946403965834
1423122357888
45581819295600
928226739430371
13219979686480
57800520
61366150546800
156020615482356
103333458155865
751969349040
1680470157712923
24331134
89170987082778
1733417684348805
23066736527634
6831716501610
85346366977531
211590297875775
396199858767300
768575624176620
29052873462448
8143210185786
196276835483316
957900976875
61956395512326
87162710277006
50112122887260
94992686250048
95353178787510
15047357648400
507491984139165
1007609192695728
92195027990380
107011662731820
1466524487537388
567686221995585
61835233573260
5528387925000
16140265746696
337277419941150
112741858393125
793590844752090
330857810197200
95954104253953
205431355496080
82680095206656
19130128957585
27890608667775
267842076080670
280474535826180
11488222000720
42007210101640
13797687173820
249252788879523
1305046168678945
261604519093008
113330622759840
2205029886381
17463070483455
69801501634410
53860676625
439178464998000
126823054571298
2059448584123
77044516961545
1356952817922900
458009454903
1298499105540
37293467092995
33404027396883
482828773140
1301772777984
69339698139250
91938818331360
48153161469168
6099414285120
2270961592140250
303787686711600
80454038096250
110513486160
243047116764936
12606886656
15164306850
13429051162065
98783536438440
41970321570565
173592592693740
166560196046790
4525897757535
1376369245933920
9853868718486
343677714765168
22555814881320
412334630989050
493100740017648
20892117335316
1855780945725
6473692199520
1042809221163333
349251452263350
76875825936
781754273118
394666577884365
306322952126334
12490417638000
129394418037885
467853729201768
1157229017968920
10353498703398
390584190599109
87652336561065
151135954630290
176899833610500
419764514852250
182509661494875
60780301751106
946182141405
1081262998771071
207911727675
40139347970436
789614369264715
33321933537508
1667859226423800
30702730628430
885038432386888
327337713151680
63315447955578
463570288914546
38787669047400
122607746646210
2239623710100
117604604378835
55445458782105
429850508701320
902756648430
188138268696420
20597265125640
2052963001175625
13515328349271
1582079024408805
88659435573675
208778412537240
5308064640000
27914925738315
3937422674080
32784639620436
119808685814608
26767672635900
32309563023780
50895457795
70691508094350
10796481486630
601362152716920
969778136005896
29736161299215
188986565691126
60044540622066
1167347432783700
271975772842335
1396746792298
4465022611785
6288417605184
284584650222600
833008722774984
36885801897000
4533648530320
34901795239300
375961551405615
604692344829573
79058100192786
527596608591
197860752838
507488289853545
171025373799280
184979297625360
28456436789550
328012240415680
58276036531020
540280698
147933989452263
448324447725000
130729561278513
239431869322800
101662442378280
620840405762640
1748635917961978
20243002386250
14884881914700
21349922320608
529236842365
18362609038440
2039997960
350738976147120
519811351622784
253634386187325
1904863808100
66347516125500
2329001344296
935237820837810
12550036680100
9977812548720
181261265972178
408734618364726
213799364333775
2350824742140
305401924859850
124987295576143
223734366929760
235617588006831
137262117482028
779338858332216
282072083341275
2096359055073675
282635818146396
633843210591045
105186699678840
311525040379735
175791666783096
1748292368912226
653368363177956
374540329622040
197609994016326
656238668719095
29388040504500
20706849527706
35194711690530
7270456020256
244255959948
224122225081986
744282329285040
525010667143050
49688035791940
439665170056560
15369161570700
571122816600
159203716201530
3025321609500
1578053180880
163646774850411
283781920677255
7482210412293
226946729499750
223537663068951
218901950043750
332643447641088
637651975824783
398734841695875
711777791178
103559308336260
21975119077920
518982321465750
4843042728300
83287722216825
546714929475
18853236989730
343741859554005
157939309343025
5659983734013
121476151368000
45688305145725
41224059169300
4159547329080
1301420740275730
799060777956
666803571932575
119080430035875
32443415720100
623350539725760
86225127600376
214209993250890
471427140892968
130985523656520
334792447912890
616349832000
915752511505608
2081193578940
163415523443760
3806560976625
1010032771410000
179527820580108
66031334671968
187395221475000
36611907853950
30905031323790
56474086404978
184634374001770
110325350333100
234389055208896
52873271512776
3820930365816
187878606632388
605043302171655
230314730663376
526006608270
38918143437256
420493534241445
432556043800555
447354712015120
251413274825505
623419013565270
3734902979940
136858475799360
107934411722976
894872867219955
2135635823416375
39184225932250
333086927917068
67960052919000
57755035280250
1616396653953900
26072184663
89863895139840
288124779157425
491675114700
17264560544616
744113997957609
22595538781530
951228038043000
597681612864000
233307499782888
164548738628010
1867796258680950
914582858352141
1199846388861
975618649804701
1094877354690
183557595900
1090872316538400
795637965192210
138313585092375
1257150450599550
969524117857800
257892379308780
829361794714596
718807012536
516539618435628
18287960279826
854781443109
30697501867893
555164922026400
544848577372935
486803940
207004623580140
128458346533209
175905902045016
482633096715
889272314261100
5917417183920
58418391716685
341806014581850
563646498930060
62165644611210
232567006393260
27711583721640
87579378998100
8036046720
65389144631580
188495303574790
86358764161440
90696229797240
488213766495
1761737523
101569759200
32769092709171
287203500675
27277682685660
14481756525918
102280032205218
938443977601053
799233439349520
749880169223031
23672919970080
227964656431050
5640118917786
14086600199100
192947871375
3999518703375
334089414534960
702538083239625
169556751525
71689741709400
372204289006165
121937203192035
156428863517256
16772829458550
1068418346563260
168255160678605
863275479990336
1080080536412325
198028065203010
573693465507285
22102396255320
3527708559375
243482138010738
2506039411596
10508806634865
2082728672446500
211744697086875
80018296050
1823318167356
49860171209251
930428564076
162814165395084
296029624109310
50253443866920
44035766873280
950570863249410
878265631166709
639324017496846
1702415182363038
37664659836720
9059859981018
460907171868
2232280308286875
1281065993383176
22853139584880
1119079389976080
12855782787606
851611622993820
113324599875
242622692718798
20111447940480
75009842508
262314222070726
17803245572658
196555050562284
3941672506200
1963350058191
16811553328290
53444640457728
50277590391798
221897182533796
107199733488408
61304696936823
288698132194290
235026350848458
33479143930288
835881452747110
143831842983090
1006032094857000
98595178746960
38529272925
25469947182375
1999558977792750
71099276905800
232034181212190
462604935538405
198426678975378
1179700231525740
191299892181570
721564512270
1426858567410
47317653493245
123467493413880
1924660539035880
16475577884850
288481239086238
174063573423534
190180660288740
170179493068026
63898033791936
140283164743590
651423260610
295729152075
290263772929690
177530251969863
240919538820705
46727935973316
76647014674170
3643843238445
375643569368760
263083873897278
17961740280000
3529975826125
1622090215395
