-2122172731
-1771490456
-649529694
641945142
-357673078
1225828160
1324348751
-1660087520
2048777918
-1994694542
-1057127403
1536062436
-29658976
-1707905418
-1419510846
30368250
-965454782
1647313495
-940417745
-1537143400
-2087063938
1420448817
406859385
-1928265000
2028568010
-639896294
1720523425
-487972760
-923496763
684454028
322127694
-1142025239
-159293530
1236362772
1734026026
1942670846
-455030528
760220312
1830530052
615678880
1338284692
1556212158
-1200649908
690493670
684819702
-2065530606
-1079566744
-1050060750
650524116
-675903836
2004831767
-40765440
973802778
-2069632439
805363432
-1121748528
-1548502192
-485373448
