168
63
21
36
1260
1296
168
450
450
1008
784
420
216
540
210
108
63
3
21
15
360
150
150
21
36
108
450
450
168
6
675
3
675
15
135
675
420
36
280
100
441
1260
420
1296
945
84
270
216
18
210
2025
210
63
28
126
84
1260
18
3
675
10
36
28
6
6
135
10
945
945
135
3
10
1008
315
270
28
280
1
168
6
6
21
45
784
45
63
36
135
21
100
756
90
45
3
1008
84
945
30
150
420
540
3
420
84
540
150
150
1
90
225
63
30
6
1260
216
90
540
6
1008
1008
45
135
168
36
28
60
441
21
60
450
100
3
216
126
108
150
1260
1008
225
60
675
90
45
945
360
360
784
540
60
45
21
168
1008
441
15
28
18
420
168
1296
45
18
28
945
756
441
3
135
135
360
1620
36
270
945
6
441
15
126
675
1008
1
420
270
1620
756
126
210
9
36
1260
280
270
45
126
168
45
45
9
60
45
63
84
28
216
15
756
210
60
675
450
1296
45
2025
450
84
36
108
30
90
45
135
270
6
36
945
216
2025
168
450
270
945
90
450
21
90
1620
1296
63
450
360
90
756
63
450
280
756
1620
30
588
45
210
1260
9
36
540
60
135
1620
216
84
225
90
6
108
450
90
360
36
216
420
36
1008
45
216
360
675
441
45
108
945
1620
1620
420
675
18
784
1296
45
1008
126
225
315
126
84
675
108
270
9
225
84
225
756
360
28
168
150
540
756
60
450
45
360
45
1260
540
216
63
21
84
945
18
280
1620
360
126
1260
1
60
1260
150
360
28
9
588
945
15
21
3
84
15
15
1260
15
126
450
60
90
45
540
280
588
90
1260
756
588
126
6
1008
18
225
9
360
1260
135
588
420
756
63
150
36
9
675
6
60
45
150
1620
28
315
84
280
540
28
784
28
315
2025
756
3
150
3
6
126
945
1620
135
150
45
1008
6
100
210
126
168
315
28
1008
18
675
540
280
1260
216
108
1008
168
45
28
6
168
108
1
756
36
168
30
784
1620
36
135
45
3
15
150
18
36
450
150
108
360
756
1296
450
45
210
150
756
420
36
10
90
168
420
360
784
126
9
21
210
6
1620
150
150
45
360
18
135
270
10
1008
420
21
63
45
2025
168
45
216
10
1260
84
10
420
1260
315
675
1008
210
90
1008
60
450
1008
90
28
45
450
1260
420
1260
1620
441
1260
450
210
588
18
360
756
441
84
45
540
15
1620
168
108
360
420
1620
216
90
1620
588
360
126
45
126
84
1
945
150
45
420
3
135
30
270
126
168
126
280
3
441
36
784
63
1620
441
90
216
675
18
60
1008
126
126
10
225
540
210
315
1008
270
45
168
315
126
280
1
126
280
150
1008
270
280
1
168
1008
10
135
315
126
3
84
1296
1620
45
1
10
6
168
210
84
168
450
756
10
945
135
6
28
90
108
756
1620
1620
84
360
135
280
360
84
1008
36
18
21
216
588
540
420
588
45
30
126
210
1008
168
6
126
108
588
15
450
36
216
1620
30
315
3
450
675
168
1008
150
150
10
168
225
10
588
45
135
15
360
108
1296
90
2025
441
36
756
450
45
360
945
168
45
210
10
540
280
588
6
10
3
108
168
30
63
1260
450
756
45
100
420
15
360
1620
1260
10
28
18
45
2025
108
1
63
784
168
45
784
21
15
84
675
168
60
540
135
28
10
45
6
28
90
1296
441
1008
84
21
6
1296
84
1
168
30
420
135
6
1008
100
6
1008
2025
84
135
360
63
540
150
100
1008
225
6
420
450
675
21
1620
216
280
588
315
6
126
100
360
168
3
135
1620
1008
441
945
1620
126
21
108
315
36
60
945
108
420
30
45
945
45
36
126
45
1260
36
126
280
84
10
2025
280
108
63
216
10
315
63
6
945
150
150
588
36
540
63
1620
36
63
450
945
270
100
84
135
1260
18
450
84
315
168
10
108
280
1
108
1296
21
90
450
270
10
280
63
45
945
1008
135
18
45
63
210
315
90
315
1620
90
1008
168
210
270
30
36
84
210
126
36
9
945
168
675
84
225
84
108
45
150
63
15
150
108
450
63
1260
21
675
270
150
315
450
441
450
36
1260
1
540
216
126
60
63
126
315
441
84
270
168
45
2025
18
15
90
270
36
60
1260
270
84
45
280
588
60
60
63
30
108
30
315
30
420
30
126
420
60
216
84
210
315
28
1296
540
126
588
1296
126
84
360
540
45
90
588
3
225
588
15
315
45
588
210
756
84
28
45
540
540
168
450
675
216
280
126
588
63
540
280
1
360
18
588
450
675
756
1260
588
28
360
945
945
150
588
1620
108
60
210
441
588
168
45
84
21
945
441
784
45
9
1296
168
84
15
315
135
784
108
