18960
3925350
32340
78705
1404810
12399156
168
1252350
848700
114075
1125145
975975
1188540
3456810
3879876
2970
7245
9443325
1878240
3246243
105336
6840834
69828
2439003
53361
6949800
76995
840213
1620528
16206
7791066
1950825
886788
113505
1998
4234275
62475
1701630
5950
2790550
18963
101745
3538986
495720
103950
13189575
309690
748440
87984
1096500
5298048
3300465
8418690
2024785
557865
1401231
51408
15246
214320
886788
12059965
222300
1329373
2446080
43890
859950
3951055
4809240
4868640
24948
2346240
3163006
6801543
57420
204984
55216
6152770
59455
318318
20418
716100
1020900
3538125
2330020
171
130500
34650
1039500
30855
7639615
2925720
7736670
1996560
4721808
5603796
8769000
6077430
1381800
161070
7413360
16065
1126650
872160
1554384
2972970
1008780
3028470
2248480
198891
2585583
58275
2569584
120120
883575
580203
13355370
96876
2390091
2382975
440640
18216
9215775
46410
36270
61750
58443
743886
57000
526218
14828265
848656
85260
776061
524520
57456
136896
1907136
12054735
3926160
1440600
302670
872784
4444650
9889425
130221
1027026
3704536
7601040
5250840
1593900
727320
23496
4521960
2782143
710790
16174459
1620990
3347070
729960
3814209
204516
15272460
75790
3100896
7824600
1758276
3838584
2370060
14850
90090
115020
150696
239085
1446984
6486
2782143
1275
2403180
275940
90720
4186
4092333
17671500
244701
642330
2002770
348348
183150
153
15784713
728875
1472526
153135
1122975
32928
116820
8438976
2583126
1518
378
5078250
217056
2686285
6254901
718620
3389256
2958375
675906
4234275
1106028
19428255
69300
222750
7689528
521850
1431
7742196
32736
1170
3796650
192510
239085
7425600
4005
491400
3783780
993384
3927300
49500
1472526
1228500
138060
9328410
2758080
182988
37260
685503
384300
40950
1601460
173565
1941030
982566
372645
239338
18360
12652200
12517428
6415968
16003998
8170950
3812256
74448
1660050
2561328
12725250
19575
218295
1392930
3297756
2585583
173565
231
13860720
43263
2342340
250470
1469286
772200
28365
413253
9282609
1438200
3810240
4420350
669060
397800
13901706
1018710
310500
1270080
24012450
2439060
23760
2638188
8987923
9474003
818496
589050
13665960
3221001
4500
10555965
124950
15319395
6121818
1158300
8325
2991150
8089698
4140
1521450
250470
472150
926250
5280
6525360
1455300
282975
11385
2016
8720145
10296000
520884
84456
7284600
1203345
408360
1841385
833085
15272460
239338
738234
177723
10909800
216450
438886
386880
1404810
43890
1267776
2485
450450
15708
6346620
7983438
7660380
235290
1703460
1518846
861
1957185
1518846
2452131
1647216
1813020
1053360
118440
522720
1202509
86268
4551750
1655010
1521450
12495
103428
162393
10238400
18
237636
933075
130221
2104560
1675080
948000
411180
75600
159390
48048
36270
450450
2565
786093
546
36630
20360400
4900500
52030
5665590
1651125
9082675
48600
4866400
3808
1540
153000
1536975
137808
210
4032060
1950825
3859170
298584
526851
10466820
272916
807576
3796650
6351660
3265080
207460
17092020
260865
107484
36225
19896058
47736
1989270
2565
19008
8443315
556920
338283
841050
936540
1097943
118440
5137993
9091680
4605216
7668
59455
3789720
658350
1155525
3670095
9731260
64395
3368970
7292700
4792788
801021
930741
25665
145926
520659
2434230
632400
99900
1601460
12402720
3207600
2154960
126540
3774225
3730650
32508
1628151
5316480
6876100
8558550
1469400
6283680
1227303
4699135
3991995
933075
13026684
1197840
42900
363285
1855536
239190
13041126
187425
719055
1781325
21636450
1900
634725
11150538
2042040
338400
1132560
4931685
737880
246906
378378
1324225
1330875
1509816
694450
89700
4682700
2205
916596
21420
9015006
4551750
134640
12789546
4059000
8051400
1167408
4753
595584
3780
142200
5155098
6280011
238140
4204368
274176
135135
740460
25284
1326528
7138215
1201500
27846
20333334
3001446
5353371
896325
28350
3125823
4079376
9900
11331600
333963
2249100
16279200
158355
1244100
1435140
9360
1025640
74970
901875
8706880
491400
1489488
778050
127680
1126650
1444635
6834
11486988
5215500
879315
4046130
5533066
17907708
159120
5901210
4496338
8418690
60021
397800
2120400
157356
1178820
6976116
2976
1353726
363168
1071000
15194395
11234223
705456
6549708
13545
9282609
481275
971208
21840
9252243
22968
34408
703
10980
31600
1473171
12655800
3996
1567360
190
6986760
3876840
15400
192888
36225
1432665
1174935
1841385
221130
738234
1417248
4525066
232750
716100
4134966
273360
663600
13980120
1303488
712368
125290
12712788
8624448
11806071
3415960
128340
8354934
20196
1833678
5152896
39270
11718630
1317708
2174725
5714478
77700
1364220
1701630
3336840
6522915
14297850
14990448
9561996
279825
2770320
153468
27750
2403180
46560
9828
3570
196350
2840040
1116720
11570160
105
55125
107559
4225068
652050
1063920
488880
323400
546120
2491506
79800
90720
807576
1451400
550
246480
478800
924868
1731180
270396
7900200
2536026
3510
274050
8281440
17640
184275
108360
119700
234360
11385
4444650
6389415
8096868
46284
71820
5610
4168675
14850
5660830
6415968
314070
2076256
669900
1060371
1695750
15636090
1283400
1079325
6063750
6662736
13935285
23023
8412810
5775
4373316
707616
26775
2569465
665038
333684
2225223
2205225
2196180
646570
120780
1272700
537225
5032170
1027000
1155
7983438
1785
513513
5389350
17556
3448305
17518410
767746
9535708
1385280
20418
3959956
14076
623700
7005240
289323
8976
394383
2436
623700
68250
1381618
14910
102648
49560
4324320
7425600
9828
1129645
4922736
1109160
3296700
671160
2274048
7138215
9987120
705456
16703565
1867960
85680
185850
1271256
758625
22320
9972963
251940
13608
128520
81928
19866
360360
1946490
422730
74620
360
3927300
567210
6352830
16400475
659736
2180745
95931
10466820
1071000
10339428
3116988
69840
5140296
4920
6211296
15660
5593200
7941108
265734
4403646
1840608
401940
1996533
6170220
1796634
1724580
8463708
2357758
60060
63973
762048
17484940
14553
6109488
13825350
1339696
5796
3978
14874513
2297295
17700
4014006
4245618
1315440
1349568
63
4811400
5990166
1386
510048
12235968
945945
13064590
949620
1444635
883575
7908750
33210
44688
3239100
1112496
3558880
152685
728875
77140
300510
502281
727320
173565
3782925
1222020
4168675
54145
2116296
3479850
6563700
3693123
9963
7071534
13935285
1665180
335478
46215
693693
1285056
8514720
27360
18996516
387600
1177968
259038
791616
6840
7455
30360
3631680
4851
44100
21735
4919460
1753488
5247525
10697760
68250
7742196
48645
7440
8211060
10545
5692875
77220
135135
11484
3873870
13026684
409860
783216
383775
5936400
8469450
50715
500346
119700
5815260
190
14982705
273780
5215500
324870
360
1034280
11012400
11781
10866900
35100
5494335
2628
3902580
18
3003
994500
87318
10174500
2850900
1330875
270
3564480
7572060
14312980
854238
2708475
721050
257400
542685
1614168
15636090
10922976
1381800
24108
1063920
22968
1215825
197340
157356
84
610995
505080
3721978
12399156
1600560
13269600
28938
4636440
91791
100776
811800
14567553
153135
864171
283800
5793645
315315
18194484
1851360
1626768
719946
430950
8170950
2925720
474096
1329373
184851
2295
3703590
382200
389538
105570
8316
2767996
129591
1707573
10331370
60075
497080
1082620
3276
2645370
3360
11981970
105570
1811700
5815260
3295110
946
429975
138645
3100896
161070
633216
652050
41580
4650
8170950
1026630
2770320
137445
6525
13189575
227766
55188
159120
1125145
1035
9673650
10236780
16968210
13189575
6246240
3079125
96525
22591009
6391980
