9930
351439
95
9
78239
886470
6597
60197
601905
9109868
253929
5699985
52
6613
46
6
7910037
8
3964
94232
9327
5
71063
8
323
8457
9
8754470
78
84327
901
93
33427
747237
627
6
955
641
5
6696
5115332
9
988
6460
4416309
629831
2362
905085
87
8
7978872
9
88697
9390763
3062
89223
7955
7594
76901
99654
8177
654209
8
48219
445703
6374
968
2426934
69576
985
8682288
757
7551302
808
989448
87814
96831
358
735883
97986
903
902
45990
53815
4753511
572497
82294
719
7706251
884230
970
9809610
7615876
23
962
9660
272
94776
4
83639
