999729
5883855
99629
5937
9445135
9378123
69
81030
76
765
9062
390
561
6424732
85
4104842
946
881143
483
80
4410452
883545
981214
84446
388653
5218
648560
8347406
9
744
78656
9
8749
977658
8763006
82502
9390473
87
769
422192
956
870867
56666
885
9573
378
8674769
5
7462
66421
7
96
794784
843509
26
792330
9868725
9884175
5559
647
9350
871
8545
31068
328
734
713455
5
66407
9567
9879
913480
7490757
4608
776
6
845835
953728
73861
142719
433387
8772
8211274
8
436361
8766
6946558
66260
9116
93841
478
74
966
4782996
869802
7410
484341
5050
666544
990
