587
9922
9953736
7773
1
9767
8
912828
775453
986072
7598
55
767824
85231
12042
7733000
6
99
1945486
6
529234
7784
41
79
9413813
9870
73
5422350
7524737
3721193
8408023
829
7
8500
946
9
2802945
37
8943203
9365637
1922
931404
637753
465
36337
94
977
6
465798
544053
7053
649463
82072
94031
588
4926887
5412911
96997
86
99464
428924
5
9886
12801
715
9989792
8
689209
89261
30
99
89
3923702
33
1953
964761
87621
4788611
7157
836
449946
4756
5068
72
74902
776
74001
73371
62302
8463651
6
742
888708
84
768
9965908
9538838
841685
48
5
