93792
8848677
5604
703
9
8957
7198
755750
99579
7
79
81304
7
783209
88696
8230
86390
436091
9501341
6029
998
559
7749
106352
5367
65707
9
257642
44
4655
58
8721400
494148
3523810
5223
9798712
9286
8293
68482
5970688
126
94
486
7350
7756955
96
22881
222998
885500
980
9193
54586
5
7607
2513
497
881925
4
5558368
84
9
8
9935852
623
5858632
7010729
85892
2985
68546
5095114
883392
99
7412168
9490121
54586
46320
560459
9858
5
82160
764661
9
469061
44
168
8044
951
8727
8245
9820424
8665792
8452115
9
61
3878996
335
68
12285
7677223
4329
