723743
811090945404838
530
634920522333535790114954
934152413818
668913823939
6342405149287580848859131
663781318681086071992
508231858477290598
948130234724
80475413154215257
65467725
577516067594135662493048827
7818760
8267781
97080030078
9390082670839732281
711543226831931759678097
93504745288426477
411078099852
974469840466856487
9670880
4581049
63
507865534613891042202508533
4393979444105495891
2493247644165
8726158819391714873207184
62764402752
9283897893212396007495
7542798908408397618979591
29
66988099373376465864571488
97960068
94729606354111957938
710
997661
82067600739
3793266250327
878918
5414
843838217
90072
564374314
998226738106996088042
564098776
605755851
82584103271683
253953449956055073934178
5
947976
22135042761075
45
290659528
94041004
7042
8275567316954215611831
71336004
9956
443987678774837840320474
7959705395062051444149
43308994045962277
4713178519802463452878
87114576200678
73017643381088925
475805882812764961596
994
90517297707180587975
69890338228957147044355
47210671791221661
8875840197
786404331243679286
5542145236667427861287
6793
48472530796553903964
99386541481876516
497889395714229
971855831
9783673676645
8889148435918076944514
453504685498873334735426
91221376971588177
75064530720652875441342021
54829
564556611
95656111134474858088742
91
175850484717356754772656007
8741226486867812410889066
8829293417256944625
667749318298410366
992286823102499912215391
5381
51959774906515620037428045
9416702899
316394595161561129
96938110360488973
884132276109799092395
3283
473034659322539641
