7557789628
757
3
8713122568433903799
96473278776501833
3049142
3245883302399942247828122
845377937760983894519187360
736701572851470431
8
837508481
8903633367391
77006153
13642533589025718656
83211772505
960230362056031813435564289
9260
62625671924757182748150
689
91373042154
64498356606331
86477127760227631049597206
709542415802
6693105511415674164
45740555171976
27
34201639262
52389096405027490144547306
331176167051203490
693962
88606733342
73899299982143766578
60303746411
5731824987665356652684
8819944237311911
8433090568
68879933
55844965840192129
998778861288558
9777799532733
821
971371029268136547279902046
70744247587
779573291303
8335064
9174963
5513944075358381
758949908534
954110385
9567
605874774
48433844074852398
9950726490823666
27914796
633120312953158746375854
787193
766976
33290666514055
98753499038
162482
622164
866655096929040002696376
74478230897003222264
76136711717
97575
65
732676
9715529436724
39107897839
8887293722150096470502
4276449
89174018369
895766915364909028831783
9691672248062
88180120153056044855527776
86487660982236214279124854
96922501361364512
96957225962
884
34485941553500117959445793
5865235929
76498606565121826472
9695516815574
952374
396890250
787368938593206592394283
78882
52400
79409271400
986737739591634834
37425585792
87784
4117777235742187895787
82489680098
87128751841799794199588268
8156480567
203390451449443037
8414429018
8199134591655970666
72
