69328809911558
946
836410457597
5136249727403888773514650
72559886155095618409
4989
21125677785050047978577963
2835148727
519212811696588219
941109049646
909712501109520689290412808
957617942255
34684726067259117837
461688
44925397914841972958625
680422
724733659712
77555707988942461587231102
68128795613613
651791636
8760954351209557685168459
8519236523970290
892865469968113408983114
694952072847538331485664517
72386550742681330663259833
43224892544298
8332995166202575
85569833124
766066704426693197868
7810271
8255035497178689386434
7375630
627193084963
67423856704299
863549869555843617
763
9988666
33711686
477468046515425291009346
454866
93159
355709840
4420288664457710229474
7141
967891777513182404699
6931344801590887
80483009790271204
95702820617918693612503886
61717631452061
19
89932232074291687993735357
8336520965
3
896288325970665259
7935598345686425
976802757
4524191277655439882
710147911568021953
99959930391411850991672693
991870661184
53111200567758356267230091
8409010152
42050
8788218231439130140
55357509159037257509130
852374849335548248
53313216464716
5172637397656
370122206044427530488
69314153243567766022
91017
87661602166
549015
76089117124760
428886010923449331
749665347290
855
79035748251425681116157126
935238795197913169903
605723016280
8719
874165060546595726008
968380
6
7
45599368950552563
59151483122468
7446508271036461307745269
65552100728991959
813080728662317938137339478
7697817809887
89310469908399
9572801912
923816132031217
9854794825145247840474977
9
751818088439904592906667650
488
92992838748190380278133308
9898299572569
