853977659982991089182079914
969718416027048188170912822
20861
611732669597516520012231
317890920566151049334
695828
946
91896479219805163432236085
438348425319437489315657
57
2472921348787316017
999202200827646072
94447148072361693096113751
350425998
8
596281477502264
993430348
99951571639699037670684014
65163114
54362285671
93494841583114472449031216
67890216
80514888505295539
661973214841879
70130872325
6960035251112181311336613
5555331
9782115626967012676953
9164319227630193991714
7799262390741
682196245374516533
849149182078899751337072237
5270
4214511303498733431674555
943575632055281189623032
965269714463895567
71773298688855
744142643190040089
3820928670
7527903315519749633925137
440767256
84667731715039742483045
9
749207096413785092
8580930171177217
968215076113600401
46465189101089296482507
77206752139438531
99193130
5330836580610060802534
7889192434537
746068786902
994775
753426
633459520332769676661649385
73336998438
55
2228816
1275980439349889
4125565547289239929262
72971
598844500
84633574956255
8528016
455209545893
931707173792900975659644025
3416687
989328559205992464816542600
57566006575090994579587
994066731592657529
6678384154
79815847359128740291
916343091500968353165364
8998799545864
74321
7934508588486397852
6
92354
138580550398949625809
99024758888680133741681508
9
984071572688401838277302387
9072471841001073357496
6686465662001205508625
68034382868445007128536
6
89450684189
7503602933489435
837355306217883931180614420
61519
5491700605
98485529749621342316
94222279849224776637268
8239750372790686700
9783939081294381638
998785099281233523
5511527027228
893915848175609386
3763237439529930614652
64642335311570900641583
