9781438822
870905616935542
89697
68350528350526
77635802591671929591
8582310120383883355412
6
590816759060263214069
795
51089173
806608462724412
7304627510461
963360987
6471416472
90658
881127
78722313829493365540326
92675065907412453179454196
27641436692701214897966
24091630472
8502224658547
6018649903040223095
79027776492633272295238
3678135059958698851170
915211140021
49956715522851813958380
357317928785033251062311
59224471900128804859
13146487638072463674
4740599842
62
9897061734320237
879753982703213304011584
98
153920439601925
59890
6474653608749
79719264045035523
998260054973963375135587
3483672418524133551809514
79903496288609345778241
99671522625013421
56673577291
5483105
62
7878296092889073
459762467593
476894906788981796203128
5055613494104
258086950
640165133046650766758
9
982484117
82906793969557
3735
963374263384562493319
7814385871
805630486020253364132498256
4
335620602814667200
8950412368
395592522888763983452
93949888875579112192877880
3402926004001560793
539419233789008280
74882051464115544087767997
85402204258834
9513592489679769509920
755395082
9363171869476577992680219
3153081599797
5604305783705998905403
973361937
722908923023
95745312841154054286304439
55363028333
66526268354310815782167
8763
993158
9338409776729
3692224033551357809761
823349475
98
524940418427033848
236102292
426588919536890658052
53594704451939
8687677337301736
579735245
81661
4286116401051722578745
6889044
79265668
587
75
6611913177462308086
8187432883494
7613051283
990111905333380230
3
