788881005107418593047
516449915093825989
937
9
29712577778
95732611807
791811902160
9076
55628029779680491
59859
204340022946035905
4226714527167
762803283654803467635970473
920770702740208
393128310784753271990918542
52765
6416120
866917938984
99885495258880999717654
57611300397702162045136876
6127001131372063481705211
2634966676982329547097
790820727266144804829234737
6481663667505319092606522
58959332128885581122
77332
99
9554
96563333
88597440827
9856597270035399
41138500627088035532
798047150691179185675465832
4521357065344661571231
778281908214904759
68137
357344362
5
68985834032066006383
73929
674482967570898699249741
29
726166573322521481525400
906695087844577795
92465
71741
9971769114103075368725942
631
5757641902144
879724666904
614
74371394953131235791504
8884
68979586669712047961
7837931304213384
6
8566552840
663959913356198811
890574337
54120043378109
4447337024453656160386635
968592967458
464012393679305073
379157
7641593817865
90329614603762491332
886782
730559383198
676401926724
981911490075183256931
2339575853947218217
86639792884315100
614555388272
9628567332
48155989436
611923087854709
976003905543490821263
77939837805010015
99712944778327
863531234257035
94938
7749087839362
6976901095400451
87180019384002298329616
759080012813
8971193106392685852
12726759980871094392
748255655674
86516514835466646
77744312064
603774
5016603452358001
5996999488
6137999267692
4739
45496804130290201668
7279908930699291717956
63
31164073
66715844
