79
562318841126291566138842
723
4995086517971996759
7772366883892
7172961270978
5891
770530755787628
12
24437428666863
38576230286
28562836044802635444932493
93132616663807
226760375634123
6514680418504746324
843974116173221226
9670046401264562
85
5465
934693919580806572912422
7755098677980958160
322366706585355431123222733
36568126833630986339652
482918485086555
530038568132
875833238525292293715200
8337519003548610
9570062582
4236298110
45
56373173710859873245149245
5
82275560480231335592831077
988912887591316839106224546
54412646423936454
960192568431478514978428784
920642779573
879505593913828377575
4411848928008558
144527
529934046896834
5
958615264609
82588199093498959
7344509108
967940840997
8485988325516728834741
724613500
54568012806989585600
87409
53310910238299
53833875
98992426
99
654649
763552322424
7
812954329970
841
85608844564065353
5804983254282642656004
52667574481584930322
4532767498854
436441282896217083602
88568258
8730423431
89435567
32306884776180
8543642387
64086
2298964267994957600
99685662256465521818922
5504623783260687523287
327368
855278
7513322845
56478406
880917744198420736451117911
47547475411709
92
999076
85842309076
83178691670062946741805
648119960859985
742690631448763346457185
542340886794028616349
9
766423047465354494
4786377
761937168852427161110
99238184
550378156518535
8894808109145821
410575852
3909847048040710941
269130663973963
5446663094
1948
3230447965423848736
77997038
