456292908
725904287764853911
37179
12567746988957515356680140
190237104565364130215993
440953875
640315990232
965
78098728
21674
99913259065681
35737507816558571406967123
7652295
572839636363524195645130350
99883734361
846878532067092234243271
86
9997065
48879023
7
66560106897779647
6847860448
8
6276858757
741821290804
71896413001096989152173
53797790589904125
53244765422375095707
98135407040207172717182399
950
8249539931104051124
88
3985
733686592804411825264204
94833767
65
66469543370710
6633960636210882648503
4823
65958041699109
77502532053403759809
5762861173835
871505755265564104924
631486996623870345
426300557113629588466696
12644
544519222504
55123
6532916320586098230
86113248
8922040380089
777777458
3287998238843665658
87274645440627
707781267725897669528992
67893
92134724172070885266
914825176327886129061969
66959093118
684363195004192296667370
9715083430759551991
62909
8114
999356533608819143
44712033427530088531231061
66902646679299721829562793
62921855692463
6313
4914810896201588149587866
765214652972867094
8580471032128869427
6112013510250317
587485300599752
3230362187461881552282
6548
23743225503086
954294649914991048692078020
2007646002114715810
63981903033230806
62451500820743646779004254
33845417
97
96544331331989414964
86
7283345082643
97984223998396696891347649
430339102
876462078
25391985848804
6491
765284083246176936616
593715994866617549931892170
82006713927794321
421502019064115
3423
6736168010382685714225734
855
65561484623881354796481000
8665121
29642425990918
