46144042793138157
233644855915178739
6119490989092388884595
41090258577089178282580
9681317417454201102249269
8897505
86095
79732
716998838727
8293892
9556195869788563335071
97
4463031358137818391
90205314246601
5211540380994963
855995381510143
81949230626126699
9418820183
277889187558036134296596898
6693573401358172797
96
6976
53378004027800548413
798207070315016168556
9268398559
9197340853689537103549608
569
44658855223
8009
654532180238496195677
771302
71434662707748358835727018
319025582131308791492961
4546660862331744
66670262223587025905790223
9085953999114
65141066958481
585672162295666818440
561663233211032675831692
84097288843207
886134819190380220312
9
402033796054345
215357681203269209736898451
552827595307
926148084995
8564104579524
15
359959668113971503150
5707758
318904505966674835
6665892
6639
85022181975700268
488856
442458692
38785917790650636475
71977026054961871681431
97649941030159335297088
2444404088284500515
328111919
6460
351
7257795455847958068424051
86653783698253012161141776
7325998488748793314532
9
5649573084042829618149702
288556151003855
46628642614033133880953969
7442
5
95
64547886905
7248712017169856
88527
354110866637
58677554954
8
73773993761034644
3798864982
6585574042378834
886963505635707552524147825
8976473945620191878240
768931830826578
64585684
871667473
966063
6430936510341
99856
47207137971
976918251532317992566
90
683003
461188502803729606407997947
95313512
76497685
96
7194001
586200446685566
