532730044058795577773159
6597020315319016886553
57488
5
6566871480
96151705052460296620
620788042103610860607
9385799873851
508746866672866050837925
548413412072
86882689682406171731364
806093
581060673
9
6596873741922052991099176
378123091720330772
66125254936414657
980
6313
4746019750124482961
98124458033972181
33876627
855
60120
645645951
11503248092669893
95671032764487
944146424
83
263096513
98791036
693866167096317169
853
77023162549377298839847
97
958453
2238167097992
78607661111566558
8
558219429305
33143121876869668188607
834681903434864754
612412031070
96656
241808353956190513621
4261
81643653107075375889
424
696809642596
697026
898131717015015979475
2975453724757828831354
628171902778205662133433958
9951968060557399965390834
529218849620255928929
560324767971271678072
724346231856215186808616319
48844180
83928179167365738842482257
7013615644552499
4068518755
34329156790275984168146856
524
997733846131215395
151734158468431999372904
722485994446142
865525117012281605456
32744011646481591705186804
287504
746
9978499316424
870177883730
6872858
30274729719088861
5748722772
79055774783761
536821903192488999
83951430615341
2295680068159620915350331
81254641441432
1423539091543531778
6448641822184540661
52785673939438291
532288265349086
98941906
602068
63230799777832939229912
79943
8888
986782995029030403
6944
8238338909318822745
9758295830675700
585496615095862074
6
4710747148987568067766993
90051783720
87
466525
940613
