36998973
555
573235
88
55
59947
54
92469412786564571
8772364681381
97
56973841753580423
91049323292
679573
490114647558729
3
627896
1223444510
798
9765300
8662487811378
4470423309431
35679256389
82508302
595138839328465
5271218313552102
777287473
66494317369724
732109
749474149
7582751678805
66437178
3
4159761735303328
962903
73
55524488113
62869520730319
521
75532675503889953
820
8781960
757392198
7
83227232220438
532861292004034
8664175599187
4599838261964331
8437
61149459168
94605468791876366
959805
2133
91457227336
5
9987984
8041131378011976
23053132039247498
58401
8412
7700
88842
96440524752208
382014069155308
7669
8865
8
5416
83308808
26239515055627584
85175376
8187
6
63288375333
65819
9
645
833474270
558754
7437
97628034691
92430119774458
901
565003
5
2
2011916
9655
83
983116751
3974087
55192
7908
2150801984
4148185617
580690802622
56922258278759680
6285807631583108
334213020
4774
46111269899853
