9643663419403947
88
896971511495
84
3796
4404511537628131
95130
42901448683998286
8
67918213458
991779081039
872839
8
85310011
521833150
941
693177828
315019393630
9806146099967
778840133080589
87906728
65632
694358650161398
9281295941299
13773333696
4615029316279
8509876129
52838
778509149005
703486804
8
74051
933
59665680277173
7731156458973
387733
6546186106
9316895
86425378126572951
902833434
86040787
826067
9981676132
55170
1019457
52368107068
694111348371
625099
68
9475234877
7249202
7239719608
52916784108269
5610159880
83
7572
85789475
9
418510109557
444
8120697991687782
969
63920
6769940740020918
8830118621688376
265785985
937
8725848
7723606453334
50109086
63529
91493348673103824
66707334543666279
14037395535901820
660048675849801
62448930312530210
80558168
49666
5560716218310
36818
775
67605395003
314315605902029
855320617911324
873671573795340
651119252896166
472948953205010
834688486763899
7220954904306
2210270856
98324644698715
41634866765258931
7519800815048122
5406
3946
68040
3
7935289009606
561
9301820621
