59659670552329710
714386
89312487467432
78
13443994569
4
67723667078974
763
4401588966835091
76635042
89526831623403073
47325875
55051411059
744436533485
762707750391
874737
789840437991
888187423799
6914932538827
9532961
758
71283
80319458304
66
55693
56519319342
7769725
9744369
35656966228738
7914623369721733
9
655834114215551
5624031
47838405359
51
671
843246405
3508553261112
9147
647713
831001
403614057963878
79
91794796
279085
9437118
76
83417
9980670641486
70615237150670097
7778
11279261087416687
9276356244
71
851369
8961808745
7217715540066314
675303
386779196
4384562176632
7
4733330241025
83
867042201284558
883523977
9523393828050895
75558
27716011247
78873
2722
47827
649463630257056
68
2668562
864522897012947
54789
7224444030553
47056421393372
986332035003
964912
5968440009965
77679938
322679186
9132228760
9
777266204995856
8799999
5589686084
429679130927827
2065883
4614677836
2964768469888598
454592582850
1338224833
68197641366848
868
842872
3721
368426021132
433
