67500749970
84300
6688001
421
5
715630714247792
8
312533
4473
96467183082242520
788
63696938
7
500335
61724105957436
6900571
35384805
78377062425
615118414964645
25954980344839
7797301
61236552
86811471797666530
8743986630339142
9588266
32990
372835
100423518323984
7
7
997724
56290764
60064
8
3
903728363284251
8435390019010
12
652770327400975
744
4
3277439968981166
8731477652369
8
3
7246574312
5302
941
9914558342
356388433738829
9838
7689128325285
969469856
59
88484732250
9776593101665326
55
75617414973958881
977494411
46
9271
4376
6468538042665
940242182087962
66338132
3086226690
64739
61316690245248020
83260
1106669185895033
6443051490688
12073
9986
99521
7378394371605
986094638
982
64349284
8199009809564342
79
52676737
996195
67802450711847224
7624
203724
84499481
751110
854788936280346
84412387418448415
93595518
888299
937013598861004
9350350
742053
3670571491
9753256779010
59493085766
490977292
6
92837
