82198156426426100
336250
664543933081
70583788
59460096623372
493113
6732574880502681
8562
3143671067236
9877035149716
9325
2201744
690361944
769
7715
784179721432905
85934193
797115
68162796713774
818
683256324
942684475755222
3273
859185160498455
59741184303926796
31657562214
9326300
48407487
199
65868313539049963
6653486785540
9888255179178689
766428405
56
65610
10706697355
748019477733
638659457265
73429222379262
53322936
9277
5923275767
27
75936212414
9449
3342
2232505398
9292812856943479
2136
68178329511
9339464843
6884362301333
735289473134781
4
6841074516501
9288713183420
65306570108801
933
55439171025677
5555558752
52227
81402678
5625191770
2
46136
88339383001484
5317521489615445
59554565
947578242310473
97
8570848534
92916
246630870822
75456
8
74850
2
8889109342959505
659090792712514
55189594546
6887077861794400
646632677239
3
40
98
7398246614932625
92353453
46
914260096049
4416
9918275
735079
977116092
78638
3683458
7746124552
9965941934413
966838522987
7975556966
26591678638170
