759349824732
554265045
78468145090904577
567183709468064
5538229
716633
9
547836192860
873922638
1916490071
23721770746988746
944
68259603
7294589179
87966532593842668
698067176061
940874687
8220907009772465
76258155732306
844845
6480710894505
269768206654
4686
693197613967
51593488012491064
766
7945995622556367
88146593262
905796458633381
5
71171419602837
55
978230
9255364636
8791666176671
97471646111
9
7371
875592863
7345839
773240511
882576349899166
55327852825294276
4334343709
7
9846259870218117
6216479
53794553004894234
93154241
97774
641047
44980523977138287
94206638310
853577065
784956572
68293304
64251248159990775
763
9714311175
93918020
775940288581132
1
217
5355575344759756
718260303
9884338
573242098758
66858107
5
84636561911090
4319950287461827
326938068166
7318832826
79100449377337
5732262
51438
8150591878328
790628
8584174
5
31919951770180
477
86658126299
51254146238359159
648670291114
61176729656581
442
9451893239042
9138705511486629
609553043772
43
52865
391270999
279768979
8
65477218358367432
850
720007702391
990856711
54555259
