902146154375
325
6611368
98873
7924574
25561057
784812902431343
14135
9919
59219
96859195494
75842433326
8424012891
6572300
6851
6916059672971281
838
9
463766775946
74047858343449
441318207994779
7100906560150774
705886
663005
65540
56603216
391995271
612467868
7629418
754141
2011155926522
9
78070136
123427562357131
325245437
6486410
86334247
750494139818236
93701654090929609
5355
96118221144710
465045
6731479
32346761134235212
7763
57948670916879
866
751527450629577
947735930
885
6375745
7665324
22615884462210586
471077
72934
7
76438
434658020019731
8
540516246007
5155477565
766351
6040421717578
7722693
69960838899442
994919693872
9411231
471
51862353
7511944007321
3796521
7754
886995638
414837
534606304
6720937795
96
954387947690084
8873
62
8620
757
533430398193
6
933
67144438673737
67
8913
69030703347844
61427309138284073
85295665223954
43824338378023275
62764914552
855788537549968
77565
86630733280287
92630583
512370125110661
958590133818
944424769
