5632
2
915268176598
4494
5913349763156692
738030396238209
27
9932512786
54665
87413470666
65636036739347
8690103593
650706
947677
96338431
661123742925
687179430990
61176410
94969201074
329
956377231353
87867899738660764
63196629255342
93203881
80
882678529
664887919
795105386970
828918864641
4928
9975934833536349
6719097101110247
8245598355287088
981014
781444
65020572544356446
982290
6434504709
65907762
8480890
9901427137704916
5359119218484
64191440346553468
98480767620396787
8588
762113090
761311907606948
7
34947569573454067
97
983542344038987
432
766342237
752416831
66372693631266
941
98296
8190929101
4
8403566
6546361300
944
57080552
8782258886916168
3463183138
63315465361298
818954464799842
654939211
63
66
24043
3
96653682193006395
738364600280045
3394344507
944447285409300
869173
88370086650370
41712690381
7430732018660263
4577838
891285784
6413047
3835525913794
651323687930
884790225351
8710935181
6568562
5
451186768989
3343168966596
6973202
6998
7167
8582043656265785
416394726510
45141628244713
78692851
64433016622816
5509
