994179411
97679
823587255567866
75477744554539
5482
9
7163561928892469
750354173776
6495206404539
939164626653543
2012189144
617208875233088
9829
2954620103826
545675651
7432162808
816052
5553229952566087
8808121747
97649460332099
87065076485874
6501982
7445586484903
53518
48828764829984968
916788341
9
87553
69465545664824
8
3935713
82443028665
62569
14537001529475006
94684812422958
790865002534165
86427899
4095785640
4
97864700
916838557235712
34413
1002247275
598111994393
87950150
632606946967
8709365336
7652627008612
4439
1447190795473
76
46880816
5527
8225391
9895681260
7111485115939
9891802481509
88772377
451310201591951
3100
96235
744786927198485
993991219445
93683585296254
5
48420516185598
6868076420368218
82340625125
838865409767588
8823249621
8281
9
3728696746
986473803
66086
717593670135
6
678306284493
6
389
111
931
9
38
492
7
77480
7883736816
872
553089659340744
727
4907979132873789
580054593
609708607
5825514999
99564863675375
39359524665775860
875218748567
656072
78358174641075
