71170142824743341
9
8857842
9343179562038
666558638
87689195423
51
8
6730436919
6706111546349
665374
4460751
211223980349
703277170530283
644896898
9129261154859374
76549637
798801
9966562709
8208414900479269
4462
889
72243
65077448729
5945
49
797862958675
921613664148
994703
7736
89550623182818638
436805578
7
622448652480030
8462
4911
82117
754983
9998506
704
66325583257
7259268011
553
78919
99048905
9635
8786
78058164956014
95071
905681
89247324
751
561552924972983
432
581586652
79180521
128
333
862578342796
585799
45128456555
97560258083
6959084205873648
6
976857
9369051125
54225172544610
99297
83
87743
51243799529111312
6255224
9284301692
46669
6
5861205815011314
6
4769808059757
9869383644159969
9838054131919997
759902791
7495
5139
8747717163283452
632277258
3
26399228
681339583
24583
8789110133910
4343536489039353
8326530843
3319
45
765682933
51203246251
46643060
82395843567590162
2899432
622237216
