0.33 0.33 0.33 0.00 
0.00 0.00 0.50 0.50 
0.50 0.50 0.00 0.00 
0.00 0.00 0.00 0.00 

0.00 1.00 0.00 
0.00 0.00 1.00 
0.50 0.00 0.50 

0.00 0.00 0.00 0.00 0.00 0.00 0.00 0.00 0.00 0.00 
0.00 0.00 0.00 0.00 0.00 0.00 0.00 0.00 0.00 0.00 
0.00 0.00 0.00 0.00 0.00 0.00 0.00 0.00 0.00 1.00 
0.00 0.00 0.00 0.00 0.00 0.00 0.00 1.00 0.00 0.00 
0.00 0.00 0.00 0.50 0.00 0.00 0.00 0.50 0.00 0.00 
0.00 0.00 0.00 0.00 0.00 0.00 0.00 1.00 0.00 0.00 
0.00 0.00 0.00 0.00 0.00 0.00 0.00 0.00 0.00 0.00 
0.25 0.00 0.25 0.00 0.00 0.25 0.00 0.00 0.00 0.25 
0.00 0.00 0.00 0.00 1.00 0.00 0.00 0.00 0.00 0.00 
0.00 0.00 0.00 0.33 0.33 0.00 0.00 0.00 0.00 0.33 

0.30 0.22 0.14 0.16 0.17 
0.17 0.23 0.19 0.25 0.16 
0.12 0.22 0.25 0.21 0.20 
0.20 0.15 0.23 0.23 0.20 
0.23 0.33 0.18 0.10 0.16 

0.10 0.10 0.00 0.10 0.05 0.14 0.10 0.05 0.10 0.14 0.05 0.10 
0.06 0.03 0.06 0.10 0.32 0.03 0.10 0.10 0.06 0.03 0.03 0.06 
0.04 0.11 0.19 0.07 0.15 0.04 0.00 0.15 0.04 0.11 0.07 0.04 
0.04 0.00 0.07 0.04 0.11 0.07 0.15 0.15 0.11 0.07 0.11 0.07 
0.07 0.07 0.07 0.04 0.04 0.07 0.07 0.11 0.18 0.11 0.11 0.07 
0.09 0.09 0.09 0.23 0.09 0.05 0.05 0.09 0.09 0.00 0.00 0.14 
0.05 0.14 0.18 0.00 0.05 0.14 0.14 0.05 0.00 0.18 0.05 0.05 
0.04 0.11 0.07 0.15 0.04 0.11 0.00 0.11 0.04 0.15 0.07 0.11 
0.10 0.10 0.10 0.14 0.05 0.00 0.05 0.10 0.05 0.10 0.10 0.14 
0.07 0.26 0.07 0.07 0.07 0.07 0.04 0.04 0.07 0.11 0.04 0.07 
0.00 0.21 0.11 0.11 0.05 0.11 0.11 0.05 0.05 0.00 0.11 0.11 
0.15 0.07 0.07 0.07 0.04 0.07 0.11 0.07 0.04 0.11 0.04 0.15 

0.26 0.17 0.17 0.09 0.30 
0.23 0.23 0.18 0.21 0.15 
0.21 0.17 0.19 0.17 0.26 
0.17 0.17 0.25 0.19 0.22 
0.20 0.20 0.28 0.20 0.13 

0.27 0.09 0.18 0.09 0.09 0.14 0.14 
0.00 0.00 0.08 0.38 0.23 0.15 0.15 
0.23 0.15 0.15 0.00 0.00 0.08 0.38 
0.07 0.14 0.07 0.14 0.21 0.29 0.07 
0.25 0.25 0.12 0.12 0.19 0.00 0.06 
0.14 0.07 0.14 0.14 0.14 0.21 0.14 
0.35 0.12 0.12 0.06 0.18 0.00 0.18 

0.18 0.16 0.11 0.11 0.08 0.18 0.08 0.11 
0.11 0.19 0.09 0.09 0.13 0.09 0.09 0.19 
0.08 0.15 0.13 0.18 0.13 0.08 0.10 0.15 
0.12 0.18 0.09 0.18 0.03 0.12 0.18 0.12 
0.06 0.24 0.15 0.03 0.12 0.15 0.21 0.06 
0.12 0.14 0.16 0.06 0.12 0.20 0.06 0.16 
0.11 0.13 0.11 0.05 0.11 0.26 0.21 0.03 
0.13 0.13 0.13 0.15 0.10 0.18 0.08 0.10 

0.03 0.13 0.13 0.10 0.10 0.00 0.07 0.07 0.03 0.10 0.07 0.10 0.07 
0.07 0.11 0.04 0.04 0.07 0.04 0.07 0.07 0.07 0.19 0.07 0.07 0.07 
0.06 0.12 0.09 0.06 0.12 0.06 0.15 0.00 0.09 0.09 0.00 0.12 0.06 
0.07 0.00 0.07 0.17 0.24 0.00 0.03 0.14 0.00 0.00 0.07 0.10 0.10 
0.10 0.02 0.07 0.07 0.10 0.05 0.15 0.07 0.05 0.12 0.05 0.10 0.05 
0.05 0.05 0.05 0.09 0.14 0.18 0.00 0.00 0.09 0.05 0.05 0.09 0.18 
0.09 0.12 0.03 0.03 0.06 0.12 0.06 0.09 0.03 0.03 0.06 0.16 0.09 
0.04 0.04 0.09 0.13 0.04 0.13 0.00 0.13 0.13 0.17 0.04 0.00 0.04 
0.23 0.05 0.09 0.00 0.14 0.09 0.18 0.05 0.00 0.00 0.09 0.05 0.05 
0.03 0.11 0.11 0.11 0.11 0.00 0.13 0.03 0.05 0.08 0.13 0.05 0.08 
0.10 0.03 0.13 0.03 0.10 0.00 0.07 0.07 0.07 0.13 0.03 0.13 0.10 
0.08 0.05 0.08 0.00 0.05 0.05 0.00 0.03 0.05 0.21 0.16 0.11 0.13 
0.06 0.06 0.12 0.12 0.09 0.06 0.09 0.03 0.06 0.03 0.09 0.12 0.06 

0.10 0.10 0.17 0.17 0.07 0.03 0.00 0.17 0.10 0.03 0.07 
0.09 0.06 0.12 0.09 0.09 0.03 0.00 0.09 0.22 0.09 0.09 
0.11 0.06 0.17 0.09 0.14 0.03 0.09 0.03 0.11 0.06 0.11 
0.11 0.11 0.06 0.17 0.06 0.03 0.08 0.11 0.11 0.14 0.03 
0.10 0.07 0.07 0.17 0.10 0.07 0.13 0.17 0.07 0.07 0.00 
0.11 0.18 0.11 0.04 0.04 0.11 0.18 0.07 0.07 0.07 0.04 
0.05 0.10 0.14 0.10 0.24 0.05 0.00 0.14 0.00 0.05 0.14 
0.03 0.11 0.08 0.05 0.08 0.18 0.08 0.11 0.08 0.11 0.11 
0.11 0.07 0.07 0.07 0.04 0.11 0.04 0.04 0.00 0.21 0.25 
0.13 0.06 0.10 0.10 0.03 0.16 0.06 0.19 0.03 0.03 0.10 
0.03 0.12 0.03 0.12 0.12 0.09 0.03 0.12 0.06 0.12 0.15 

0.14 0.14 0.14 0.00 0.09 0.14 0.00 0.00 0.05 0.05 0.05 0.05 0.00 0.14 0.05 
0.05 0.05 0.00 0.16 0.05 0.11 0.05 0.05 0.00 0.16 0.05 0.11 0.05 0.00 0.11 
0.20 0.10 0.10 0.05 0.00 0.05 0.10 0.05 0.00 0.10 0.05 0.05 0.05 0.05 0.05 
0.10 0.00 0.10 0.10 0.20 0.00 0.20 0.00 0.00 0.00 0.00 0.20 0.00 0.00 0.10 
0.07 0.07 0.07 0.07 0.07 0.07 0.00 0.00 0.13 0.20 0.07 0.07 0.07 0.00 0.07 
0.06 0.12 0.19 0.00 0.12 0.00 0.19 0.06 0.12 0.00 0.00 0.00 0.06 0.00 0.06 
0.20 0.13 0.07 0.00 0.07 0.00 0.00 0.07 0.07 0.13 0.07 0.07 0.00 0.07 0.07 
0.00 0.07 0.07 0.07 0.00 0.13 0.07 0.07 0.13 0.00 0.00 0.00 0.20 0.13 0.07 
0.07 0.20 0.07 0.07 0.00 0.13 0.00 0.07 0.00 0.00 0.13 0.00 0.13 0.07 0.07 
0.11 0.05 0.11 0.00 0.11 0.11 0.05 0.05 0.05 0.00 0.00 0.16 0.00 0.11 0.11 
0.14 0.07 0.00 0.07 0.00 0.07 0.00 0.21 0.14 0.14 0.07 0.00 0.00 0.07 0.00 
0.07 0.00 0.13 0.07 0.07 0.00 0.13 0.07 0.00 0.00 0.27 0.00 0.13 0.07 0.00 
0.08 0.08 0.08 0.00 0.00 0.08 0.08 0.00 0.15 0.08 0.00 0.15 0.00 0.08 0.15 
0.00 0.00 0.08 0.00 0.15 0.08 0.08 0.23 0.08 0.23 0.00 0.00 0.08 0.00 0.00 
0.07 0.07 0.07 0.00 0.07 0.00 0.07 0.07 0.07 0.07 0.13 0.13 0.07 0.00 0.13 

