95417845
43771268
1870
714
104
92040575
1
114853188
6
40
1
12816
6
92040575
97300971
143864782
143864782
273
1870
87841
16070725
142859535
2
15
1870
25511197
714
129766365
2
64555437
109621167
273
1870
77253655
1
10803704
129766365
1870
109493437
15
2
40
104
70869917
144888581
97300971
714
1870
70869917
67344881
273
43771268
2
40
15
17519634
2
73706187
95417845
6
74049690
15232204
90470268
87841
78759342
15
15
1
140663116
15
2
117847895
1870
1870
2
40
91710188
1870
173712285
126998575
38750654
15
15
103827964
104
273
2
6
40
15
25511197
40
97300971
6
47939639
104
114853188
74049690
714
602070
714
179831401
104
95417845
160940280
95417845
1576239
70290756
70869917
2
117847895
1
84836583
273
343040
40
28672109
78524888
39671518
40
17519634
15
40
103827964
77253655
149043377
73706187
40
273
104
90470268
104
39671518
1
15
147421617
6
714
273
70869917
40
714
42521476
40
104
15
1870
104
73706187
163880925
104
6545609
15
15
163880925
714
57370541
2
42521476
1
77253655
1870
103827964
117847895
6
15
6
87163875
78524888
1
6
40
15
38750654
21824437
6
144888581
38750654
273
273
714
40
185445090
273
104
179831401
1
714
4895
144888581
714
6
1870
104
67344881
2
42521476
104
15
95417845
16070725
84947747
160940280
2716198
57370541
1870
1870
84947747
129766365
104
15232204
40
40
15
144888581
2
40
149043377
21824437
273
343040
8583820
15
15
1
109621167
143864782
60730485
1576239
126081228
2
49254886
1
2
144888581
1
40
40
37562833
78524888
33552
126081228
28672109
1
40
90470268
12816
95417845
1870
70869917
143864782
110829914
1870
273
8583820
64555437
6
2
74049690
714
43868545
33552
273
87163875
104
714
70290756
714
714
343040
104
6
49254886
74049690
714
714
6
2
714
273
1
1
714
2
714
25781695
104
273
15
73706187
179831401
104
1870
1
42521476
343040
25511197
15
42521476
2716198
602070
273
2
70167022
84836583
1
6
143864782
103827964
2716198
1
140663116
40
6
67344881
273
173712285
140663116
273
179831401
1
1870
10429565
714
104
60730485
90481268
104762391
109621167
15
1
2716198
273
104
2
6
25511197
84836583
2
714
2
179831401
104
2
15
43868545
2
147421617
149043377
104
273
273
104
1870
1870
104
1
70869917
112240801
1
90481268
1870
1
142388754
6
1870
129766365
1
40
1
6
273
10429565
15
110829914
714
40
4126648
1870
147262709
179831401
38750654
6
229970
8583820
140663116
77253655
95417845
1870
2
4975725
42521476
70869917
15
58039573
2
1
104
67344881
15
6
15
25511197
110829914
25511197
38750654
104
173712285
104
714
87841
78759342
4975725
144888581
179831401
109493437
15
160940280
1
172938234
91710188
714
60730485
714
273
104
147421617
179831401
1870
42521476
104
160940280
343040
28284465
91710188
61066541
4126648
91710188
40
152832694
714
87163875
16070725
1870
6
37562833
1
49254886
25511197
104
104
104762391
15
4975725
2
15
1
92040575
104
6
714
172938234
185445090
91710188
273
126998575
37562833
126998575
15
25511197
114853188
15
15
104762391
2
2716198
28284465
104762391
714
152832694
142859535
21824437
714
2
1870
104
104
1870
2
97300971
1870
40
15
10803704
58039573
58039573
25781695
1
25511197
6
142859535
91710188
8583820
1
1870
40
40
2716198
15
104
49254886
33552
42521476
273
273
1
173712285
61066541
91710188
6
114853188
87163875
1870
109621167
2
70290756
4126648
40
70869917
4126648
1870
273
273
1
40
25781695
1
147421617
6
602070
40
142859535
273
57370541
74049690
2
84947747
273
1870
87841
1
15232204
28284465
273
104
129692593
2
602070
2
273
48144636
163880925
6
40843537
1870
714
1
103827964
130617868
104
273
1
15
40
84836583
74049690
40843537
4895
84947747
714
147262709
714
15
1
6
78759342
714
152832694
104
142859535
109493437
2716198
90470268
8583820
149043377
1576239
1870
28672109
4126648
77253655
15
12816
78524888
40
25781695
40
78759342
104
84947747
2
714
714
142859535
38750654
2716198
1870
40
1
6
48144636
70290756
55792946
1870
15
1870
1
70167022
1870
163880925
10803704
129766365
15
97300971
2
6
40
84947747
147262709
15232204
10429565
2
6545609
15
104
6
70167022
58039573
1
1870
714
49254886
147262709
273
89838348
714
2
1
55792946
1576239
6
1
173712285
144888581
714
273
8583820
4126648
40
25511197
84947747
15
16070725
64555437
6
40
90481268
42521476
147421617
2
21824437
1
15
104
112240801
714
173712285
61066541
1870
714
229970
25781695
602070
714
4975725
130617868
15
95417845
2
104
103827964
1
273
1
2
714
57370541
40
90470268
40
112240801
1
84836583
40
47939639
2
55138038
15
1870
95417845
126081228
70290756
2
17519634
40
1
273
97300971
1870
90001596
173712285
40
173712285
714
104
15
15
273
160052019
43771268
104
1870
273
140663116
17519634
1870
144888581
38594430
714
1
129692593
1870
74049690
273
6
104762391
61066541
104
15
185445090
144888581
1870
8583820
104
2
42521476
144888581
1870
12816
4126648
2
112240801
273
15
92040575
104
1
1870
40
714
64555437
6
47939639
714
28284465
1
104
104
55792946
109621167
58039573
47939639
714
714
15
90470268
38594430
40
343040
1
2
48144636
273
6
112240801
152832694
15
15
144888581
25781695
15
1870
58039573
160940280
12816
1
15
130617868
104
147421617
47939639
104
25511197
110829914
160052019
6
273
47939639
104
64555437
33552
43868545
15232204
714
140663116
43868545
172938234
602070
104762391
117847895
21824437
4126648
40
90470268
173712285
714
2
25781695
97300971
104
273
74049690
1870
104
43771268
37562833
6
143864782
40
15
6
6
57370541
4895
110829914
33552
90001596
40
40
89838348
8583820
173712285
6
97300971
273
2716198
91710188
173712285
40
2716198
2
1
160052019
602070
129766365
714
6
15
40
160052019
15
84836583
6
1576239
130617868
112240801
104
1
714
1
229970
1
2
37562833
91710188
25511197
714
1
97300971
172938234
77253655
129766365
87163875
6
1870
152832694
6
104
10429565
84947747
43868545
1
40
25781695
104
104
38750654
73706187
6
12816
104
6
6
58039573
84947747
6
714
40
84947747
112240801
130617868
89838348
15
714
40
2
147262709
78759342
1576239
15
714
40843537
229970
2
147421617
38594430
147262709
6
15
4895
142388754
602070
110829914
25781695
1870
39671518
129766365
40
1
229970
2
126998575
1
90001596
15232204
104
6
15
273
16070725
43868545
25781695
1870
73706187
104
8583820
1870
89838348
2716198
714
10429565
140663116
55138038
109493437
15
714
104
2
104762391
273
149043377
