714
70290756
343040
130617868
28672109
1870
1870
1870
40
70167022
47939639
2
129766365
40
87163875
140663116
2
117847895
714
273
2
273
714
714
15
87841
1870
90481268
84836583
147262709
1
55792946
103827964
70290756
2
1870
179831401
49254886
16070725
104762391
2
2
273
70167022
273
6
117847895
602070
40
84836583
6
16070725
273
104
10803704
1
37562833
109621167
15
104
140663116
273
126998575
104
90001596
15
714
2
70869917
70167022
172938234
173712285
109493437
60730485
1
40
15
1576239
49254886
104762391
55792946
28284465
40
714
4126648
104
126081228
60730485
163880925
1870
112240801
273
160052019
15
1
714
15
163880925
1
60730485
1576239
43771268
15232204
64555437
714
104
273
40
15
87841
6545609
1870
77253655
714
74049690
15
273
78524888
28284465
17519634
91710188
1870
40
55792946
2
90470268
1
1870
43868545
2
15
6
15
2
114853188
40
273
1576239
87841
17519634
43771268
17519634
147262709
64555437
77253655
273
149043377
140663116
1870
97300971
15
15
78524888
15
6
104762391
48144636
129766365
1
1
2
109493437
87163875
2
15
1
43868545
6
273
84947747
273
55792946
714
343040
61066541
104762391
39671518
1
104
15
273
67344881
129766365
160940280
55138038
61066541
1870
2
95417845
129692593
129766365
1
37562833
15
160940280
273
163880925
1
104
37562833
1870
126081228
126081228
40
2
273
104
97300971
67344881
91710188
90481268
1
64555437
104
273
16070725
1
273
1
273
112240801
10803704
714
714
40
15
114853188
47939639
1870
64555437
1576239
77253655
109621167
273
273
67344881
112240801
87163875
87841
15
273
126998575
16070725
2
15
229970
147262709
117847895
273
61066541
15
90001596
1870
10429565
4895
38750654
126081228
74049690
1870
104
1
1870
95417845
143864782
95417845
1870
38594430
2
714
1870
6
4895
126081228
147262709
40843537
2
714
64555437
273
1
1870
77253655
16070725
40
58039573
126998575
95417845
714
58039573
55138038
70290756
1870
2
4975725
15
104762391
55138038
1870
15
6
77253655
8583820
40
143864782
273
273
273
1
15
6
273
142859535
1870
43771268
273
43771268
273
40
90481268
126081228
114853188
1870
109621167
129692593
70290756
179831401
15
714
40843537
1
15
1
104
104
2
15
2
103827964
2
273
117847895
130617868
2
4126648
140663116
4895
38594430
57370541
6
2
104
87841
149043377
6545609
97300971
55792946
172938234
33552
114853188
67344881
173712285
38750654
1
104
43868545
15
4975725
714
6
10803704
15
78759342
273
273
6
129766365
273
273
40
129766365
273
109621167
1870
1
10429565
6
714
15
78759342
714
6
2
2
1576239
109493437
15
130617868
714
2
4895
6
104
172938234
130617868
1870
4975725
104
15
78524888
89838348
142388754
179831401
49254886
42521476
39671518
61066541
6
714
1
89838348
57370541
40
714
4895
273
160940280
149043377
57370541
160940280
714
104
15
160052019
1
109493437
109493437
144888581
28672109
25781695
129766365
6
4895
87163875
714
89838348
149043377
1
6
87841
40
1
15
142388754
43771268
714
15
273
40
12816
97300971
149043377
1870
126998575
78759342
1
38594430
160052019
343040
129692593
173712285
15
273
12816
40
173712285
140663116
70167022
4126648
95417845
58039573
17519634
17519634
78759342
40
104
104
173712285
1
1576239
1870
15
2
172938234
714
104
1
343040
273
4895
17519634
152832694
84836583
104
130617868
273
21824437
15
1
57370541
10803704
38750654
6
84947747
6
15
6
129692593
39671518
6
2
39671518
1
4975725
6
147262709
1870
78524888
6
104
104
10429565
97300971
70869917
67344881
273
47939639
273
104
4126648
1
40
6
4975725
1
40843537
91710188
90001596
48144636
152832694
4975725
714
90001596
49254886
714
40
103827964
55792946
40
33552
110829914
273
97300971
47939639
1870
130617868
2
144888581
38594430
38594430
114853188
10429565
90470268
33552
6
147262709
142388754
10803704
152832694
147421617
40
2
28284465
40
58039573
77253655
273
87163875
714
114853188
142859535
104
2
273
714
43868545
73706187
95417845
15232204
15
1870
2716198
1
1
109493437
104762391
714
714
15
60730485
74049690
2
40
714
89838348
130617868
15
104
15
70167022
714
129766365
12816
273
114853188
42521476
273
143864782
112240801
126081228
109493437
109493437
104
10803704
1
43868545
15
15
55138038
273
4126648
25781695
40
1870
160052019
273
15
104
152832694
97300971
1870
142859535
104
64555437
1
6
273
109621167
84947747
130617868
1
6
74049690
173712285
147421617
1
90481268
714
147421617
55792946
160052019
61066541
43868545
1870
4126648
43771268
1870
87841
714
28284465
6
15232204
173712285
173712285
12816
17519634
149043377
273
104
16070725
129692593
1
58039573
87841
10429565
1870
28284465
15
229970
129692593
229970
109493437
1870
114853188
163880925
129766365
343040
16070725
152832694
1870
67344881
40
1
12816
1576239
15
104
109621167
15
15
78759342
70167022
714
185445090
15
87841
6
714
84947747
40
48144636
273
172938234
40
104
273
1870
129692593
15
104
273
6545609
4895
6
152832694
714
104
6
84947747
6
55792946
2
77253655
104
6
110829914
110829914
2
147262709
57370541
95417845
95417845
78759342
714
40
58039573
273
1870
714
104
185445090
15
87163875
92040575
152832694
6
1870
40843537
38750654
6
61066541
91710188
273
273
6
6
714
185445090
49254886
95417845
273
1870
87163875
104
97300971
58039573
40
43868545
6
6
89838348
92040575
95417845
60730485
74049690
42521476
273
48144636
6545609
1870
6
15
112240801
6
38594430
714
6
64555437
6545609
2
109621167
39671518
714
6
104
2
43771268
104
343040
89838348
2
90481268
89838348
33552
10803704
126081228
97300971
1
1
2
25781695
6
15
126998575
84947747
15
144888581
173712285
1870
15
90001596
49254886
714
1870
70869917
15
6
104
1
6
6
43868545
2
49254886
87163875
73706187
2
129766365
110829914
4975725
149043377
10803704
273
117847895
37562833
1870
273
38750654
103827964
17519634
78524888
15
73706187
185445090
714
4126648
714
142859535
142388754
2
104
40843537
15
40
273
2
12816
140663116
15
2
40
17519634
15
25511197
273
89838348
273
15
130617868
714
129692593
143864782
1
91710188
179831401
40
28672109
58039573
126081228
103827964
15
49254886
6
104
47939639
273
12816
38594430
2
2
179831401
1
6545609
2
104
103827964
109621167
229970
1
28284465
152832694
43868545
144888581
109493437
1870
17519634
273
714
602070
78759342
77253655
140663116
4895
714
602070
714
16070725
714
104
70167022
40
16070725
273
90481268
78524888
87163875
273
273
109621167
21824437
40
60730485
48144636
17519634
714
90001596
109493437
2
103827964
273
64555437
15
40
78759342
40
1870
1870
130617868
84947747
6
273
6
87841
15
2
4895
6
61066541
12816
2
57370541
