173712285
6
1
40
61066541
104
714
104
47939639
97300971
90481268
2
129766365
1
142388754
6
4126648
78759342
28284465
37562833
1870
92040575
6
89838348
110829914
104
15
273
104
1
142388754
40843537
714
16070725
60730485
49254886
126081228
2
15
129766365
147262709
1870
40
40
1576239
6
273
714
42521476
273
6
714
1
2
4975725
149043377
2
714
104
2
273
114853188
147421617
1
114853188
15
273
70869917
2
1870
47939639
95417845
273
147421617
273
6545609
15
2
1
147262709
160052019
10429565
714
273
6
2
1
117847895
15232204
28284465
25511197
2
273
114853188
714
16070725
142859535
2
104
1870
6
38750654
104
70167022
15
6
179831401
64555437
163880925
89838348
273
15
70167022
15
15232204
273
15
25511197
15
104
43771268
43771268
104
104
60730485
1870
714
714
90481268
142388754
40843537
58039573
714
273
2
6
92040575
55138038
84836583
43868545
1870
104
1870
84947747
28672109
15
25511197
55792946
77253655
40
95417845
273
90001596
714
1
1870
43868545
104
15
1870
1870
15
61066541
1
6
87163875
2
104
1870
15
114853188
43868545
55792946
15232204
21824437
40843537
28672109
37562833
40843537
4975725
70869917
40
57370541
10803704
92040575
90481268
714
92040575
12816
6
40
714
126081228
714
90481268
104
6
2
602070
10429565
160940280
61066541
40
55792946
90470268
95417845
40
15
87163875
4126648
92040575
114853188
1
10803704
160940280
273
57370541
73706187
714
6
15
1
84836583
12816
2716198
104
64555437
84947747
2
39671518
142388754
109621167
152832694
6
273
112240801
104
77253655
70290756
77253655
6545609
114853188
6
714
2
714
714
6
273
1
74049690
40
104
64555437
38594430
60730485
61066541
38594430
15
40
714
40
2
714
714
110829914
15
273
6
1870
714
714
42521476
104
1870
1870
142859535
49254886
97300971
6
38750654
15
1870
714
6
117847895
42521476
15
273
40
1
15
15
84836583
15232204
142388754
185445090
40843537
60730485
78524888
28284465
1870
6
64555437
130617868
1870
15
15
6
140663116
16070725
1870
130617868
2716198
126081228
273
15
109493437
1
84947747
104
1870
15
273
1
43771268
40
2
40
160052019
172938234
229970
104
43868545
104
142859535
104
6545609
1
273
273
40
714
38594430
1
47939639
1870
25511197
40
21824437
1870
48144636
149043377
109621167
273
343040
117847895
48144636
15
57370541
1870
15
43868545
37562833
1
40
25511197
15
1
40
78759342
64555437
126998575
25781695
1870
21824437
40
1
2
1870
1870
714
15
43771268
15
15
15
142388754
10429565
47939639
38594430
15
55138038
173712285
1576239
40
2
15
2
129692593
2
70869917
17519634
104
1
28284465
273
142388754
38750654
10803704
2
74049690
6
104
714
109493437
6545609
2
38594430
2
2
1870
2
47939639
43868545
173712285
25781695
40
1870
1870
2716198
6
40
273
142388754
2
6
109493437
714
273
1
6
15
64555437
273
129692593
40
104
149043377
8583820
343040
130617868
130617868
55138038
40
1870
17519634
64555437
1576239
273
38594430
40
6
15
4975725
114853188
57370541
40
89838348
1
2
89838348
2
273
273
273
40
15
40
1870
90001596
70290756
40
4975725
343040
2
110829914
74049690
61066541
140663116
40843537
15
2716198
714
6
273
70869917
126081228
714
142859535
6
6
84836583
92040575
144888581
61066541
104
12816
89838348
173712285
104
91710188
185445090
78759342
1870
12816
173712285
2
28672109
140663116
61066541
273
15
90470268
40
1870
149043377
43868545
40
714
6
40
70290756
273
15
87163875
104
2
42521476
2
37562833
714
15
110829914
144888581
112240801
714
42521476
84947747
17519634
6
714
2
15
78524888
714
714
2
126081228
28284465
114853188
1
103827964
129692593
104
25511197
38750654
92040575
78524888
40
110829914
142388754
97300971
2
2716198
90470268
173712285
714
73706187
126081228
273
15
49254886
78524888
714
273
15232204
58039573
6
4895
73706187
273
1
2
6
2
1
57370541
70869917
40
78759342
6545609
84836583
2
4126648
6545609
160052019
6
84836583
21824437
78524888
6
40
28284465
273
229970
1870
15
110829914
229970
273
2
6
91710188
1
104
21824437
61066541
273
95417845
714
28672109
714
42521476
147421617
73706187
28672109
15
40
43868545
126081228
104
104
6
104
714
1870
70869917
104
143864782
1576239
48144636
21824437
1870
104
143864782
60730485
67344881
142388754
43771268
714
273
90470268
15
38750654
10803704
91710188
273
87163875
172938234
2
1
47939639
602070
714
70290756
39671518
6
6
78759342
273
126998575
40
714
1870
1
1
40
15
160052019
104
12816
6
2
8583820
15
40
70290756
273
38750654
64555437
33552
273
28672109
70290756
714
17519634
10429565
40
173712285
38594430
15
104
114853188
1576239
104
273
2
173712285
130617868
273
140663116
1870
40
104
273
42521476
1
273
15
87163875
126081228
714
40
714
40
1870
40
78759342
4975725
714
90481268
78759342
15
109493437
1
61066541
77253655
1
104
1
90481268
70290756
15
70869917
70167022
49254886
140663116
49254886
1
2
55792946
172938234
714
21824437
273
152832694
109621167
2716198
273
40
1
2
73706187
6
1
40
67344881
39671518
1
38750654
104
77253655
91710188
12816
15
1870
1870
2
110829914
15
61066541
104762391
273
40
2
84947747
104
714
714
92040575
1
714
21824437
144888581
1
38594430
17519634
61066541
55138038
47939639
4126648
6
109493437
6545609
1870
40
15
15
2
15
104
1870
90001596
130617868
40843537
152832694
40
1870
48144636
2716198
89838348
104
17519634
1870
112240801
1870
15
273
112240801
15
74049690
97300971
6545609
28284465
15
6
40
40
1870
143864782
84947747
104
714
2
114853188
89838348
15
104
714
43868545
1870
6
104
140663116
67344881
64555437
160940280
273
48144636
21824437
43868545
15232204
15
602070
104
1870
15
2
90470268
17519634
173712285
104
714
2
17519634
1870
104
48144636
1870
1
10803704
1870
25511197
104
714
109621167
33552
273
714
15232204
117847895
15
2
1576239
28284465
1
343040
104
714
25511197
2
1870
78759342
70869917
40
163880925
43868545
90470268
10429565
42521476
15232204
15
1870
25781695
110829914
149043377
104
55792946
90470268
129766365
4895
55138038
109493437
74049690
1870
112240801
104
273
37562833
129766365
1
84947747
4975725
6
15
4895
15
40
104762391
89838348
273
15
25511197
4975725
40
6
714
1870
1
48144636
110829914
1
73706187
55792946
2
147262709
142859535
173712285
15
273
104
91710188
37562833
12816
10803704
25781695
1
67344881
15
49254886
91710188
73706187
1870
40843537
12816
130617868
172938234
15
104
147262709
61066541
714
343040
90481268
43868545
2716198
78524888
273
2
