2
37562833
163880925
179831401
2716198
78524888
2
28672109
55792946
61066541
38750654
70167022
229970
40
25781695
40
47939639
273
1
129692593
1870
1
1870
714
4895
714
144888581
714
104
6
4126648
91710188
126081228
70869917
77253655
43771268
2
49254886
109621167
10803704
6
126081228
6
40
8583820
77253655
6
142859535
60730485
104
273
104762391
49254886
1
90481268
1
714
126081228
2
1870
40
714
714
6
130617868
1
42521476
144888581
1870
78524888
40
15
55792946
12816
90470268
126081228
17519634
70869917
142388754
104
28672109
1870
21824437
15
4126648
1870
343040
104
97300971
6
40
172938234
714
15
40
77253655
343040
1870
21824437
140663116
6
1870
15
49254886
1
25511197
64555437
714
57370541
40
109493437
2
8583820
49254886
1
163880925
67344881
143864782
129766365
87841
112240801
1
714
273
140663116
602070
15
714
78759342
714
15
15
1870
6
6545609
1
6
57370541
2
1870
149043377
104
2
90470268
1
15
229970
1870
40
104
6
40
1576239
40
64555437
714
1870
38594430
42521476
1
40
114853188
160940280
90481268
104
1
104762391
104
90481268
1
173712285
1
78524888
40
602070
43868545
40
104
1
40843537
6
104
1
21824437
91710188
602070
273
143864782
87163875
273
38750654
1
104
90470268
2
70167022
1870
40
15
40
87841
40
39671518
2
714
90481268
1870
147421617
1870
4126648
104
1
4126648
714
58039573
104
104
1870
90481268
140663116
104
78524888
1
140663116
38750654
6
147262709
144888581
48144636
90481268
104
15
2
147262709
103827964
55792946
25781695
1
6
61066541
40
1870
114853188
1
142859535
15
92040575
602070
40
40
10803704
1870
714
714
2716198
8583820
112240801
714
40
163880925
6
173712285
48144636
38750654
97300971
1
160940280
6
2
714
173712285
104
104762391
1870
28284465
64555437
714
149043377
10429565
1870
55138038
17519634
714
6
1
2
39671518
144888581
6
49254886
126998575
73706187
1870
2
2
1870
97300971
104
160052019
40843537
1870
1
28672109
1870
1
84947747
8583820
6
4126648
17519634
1870
58039573
40
6
2
2
77253655
103827964
95417845
42521476
15
15
149043377
2
1
2
714
147262709
1
90001596
40
179831401
1870
273
6545609
714
109621167
4895
104
15
17519634
714
104
95417845
1870
70167022
6
2
144888581
140663116
10803704
229970
109493437
43771268
714
97300971
2
2
109493437
4895
43868545
2
17519634
48144636
39671518
109621167
28672109
104
1870
1870
273
1
10429565
6
1
49254886
8583820
2
40
1
273
42521476
273
15
6
273
273
1870
84947747
1870
40
104
160052019
37562833
273
126081228
70290756
55792946
77253655
602070
47939639
6
104
1
273
74049690
714
57370541
1870
130617868
273
126998575
15
149043377
70167022
714
714
1
273
15
714
147262709
273
2716198
273
6
714
229970
104
714
17519634
160940280
4126648
55792946
90481268
38750654
84947747
15
104
42521476
1870
55138038
1870
90470268
104
97300971
64555437
104
1870
1
6
343040
64555437
714
130617868
6
15
273
1
15
84836583
8583820
77253655
104
714
55792946
179831401
1870
273
33552
15
2
40843537
714
6545609
1870
15
104
15
129766365
160052019
55792946
152832694
6
90001596
142859535
714
38750654
6
40
2
16070725
714
1
15
1870
109621167
2
90470268
40
42521476
38750654
104
714
28672109
40843537
40
714
49254886
273
92040575
25511197
2
1870
40
152832694
2
92040575
38750654
70290756
2
104
1870
2
1
40
25511197
6
64555437
343040
2
149043377
104
104
1
48144636
78759342
714
33552
1870
15
714
144888581
112240801
109621167
58039573
110829914
89838348
67344881
1
38594430
84947747
17519634
6
163880925
273
160940280
43771268
15
15
78524888
109493437
343040
8583820
714
109493437
40
103827964
104
15
160052019
173712285
38594430
714
6
6
15
15
104
714
2
147262709
130617868
714
57370541
273
2
15
6
67344881
10803704
58039573
40
15232204
6545609
112240801
6
143864782
4895
15
38594430
2
55792946
73706187
87163875
273
1576239
1870
40843537
714
25781695
104762391
142859535
104
40
40
140663116
57370541
104
2
38594430
38594430
2
714
78524888
147421617
1870
714
2
160052019
273
40
15
60730485
714
84947747
160052019
104
15
15
73706187
6
114853188
1
40
147262709
57370541
273
1
92040575
126081228
104
602070
6
273
2
77253655
55138038
160940280
160940280
117847895
273
1
714
173712285
1
33552
602070
6
2
273
1870
714
147262709
6
8583820
172938234
91710188
273
6545609
2
714
1
2716198
143864782
15
90470268
104
110829914
37562833
2
104
87163875
28672109
185445090
2
104762391
140663116
1870
38750654
109621167
15
6
55792946
173712285
15
17519634
70290756
2
6
2
15232204
147262709
91710188
714
33552
17519634
2716198
15232204
714
6
33552
1870
273
714
70167022
61066541
38750654
273
8583820
129766365
77253655
15
273
15
10429565
70869917
97300971
95417845
6
25511197
28284465
60730485
40
28672109
78524888
714
12816
714
58039573
64555437
104
6
40
1870
714
104
273
142388754
15
6
273
55138038
78524888
1576239
147262709
140663116
112240801
129766365
49254886
104
185445090
2
15232204
1
15
2
147262709
2
38594430
15
117847895
6
4126648
273
2
104
8583820
28284465
4895
117847895
1870
15232204
90001596
17519634
104762391
2
1
8583820
6
126081228
84836583
179831401
2
104
185445090
179831401
714
42521476
15
28672109
114853188
2
126081228
55792946
33552
129692593
28672109
602070
28284465
90470268
273
33552
42521476
1
343040
40
25781695
89838348
6
15232204
273
1
2716198
173712285
1870
10429565
90470268
129692593
15232204
1870
104
104
714
48144636
714
714
142388754
2
142859535
6
185445090
1870
160052019
4126648
12816
6
1870
70167022
1870
15
28284465
142859535
2
714
147262709
90001596
6
87841
91710188
1
2
1
104
1
40
110829914
6
142388754
1
58039573
16070725
1
6
343040
17519634
6
714
2
149043377
2
73706187
12816
104
15
40
2
90481268
6
104
273
8583820
104
90481268
1870
10803704
16070725
2716198
140663116
6
55792946
40
67344881
40
37562833
714
6
33552
40
1870
6
28672109
47939639
49254886
55792946
104
89838348
25511197
2
33552
172938234
6545609
104
40
33552
714
15
714
140663116
273
142859535
6
144888581
57370541
15
273
714
40
70167022
126998575
10803704
6
1
6
15
117847895
2
2
15
714
15
714
33552
15
70167022
40
104
142388754
84947747
58039573
89838348
4126648
2
273
1870
273
1870
33552
40
173712285
40
714
160052019
714
21824437
273
104
229970
55138038
16070725
273
92040575
87163875
70290756
40843537
33552
147421617
87841
1
112240801
