1
142859535
40
1
15
273
273
6
173712285
2
104
6
1870
2
6
15
91710188
172938234
40
602070
147421617
15
104
104
4975725
28284465
1
273
6
109621167
15
33552
1
40
15
84947747
1870
1870
6
104
21824437
149043377
273
91710188
104
40
273
10803704
15
1
117847895
87163875
39671518
40
6
143864782
1870
38750654
58039573
15
126998575
109493437
25781695
91710188
90470268
15
1870
6
2
40
185445090
40
104
10803704
273
40843537
117847895
714
38750654
25781695
15
273
70167022
129766365
273
130617868
90470268
60730485
4895
104762391
40
90481268
714
1
40
229970
147262709
33552
273
90481268
160940280
2
129766365
1870
55792946
84947747
60730485
103827964
104
6
8583820
714
97300971
25511197
104762391
40
40
48144636
1
17519634
6545609
2
104
15
2
6
714
2
15
160052019
78524888
78759342
104
104
4126648
129766365
90001596
6
147421617
140663116
104
714
714
104
142859535
104762391
2
2
1
28672109
15
1870
109493437
229970
92040575
40
84836583
2
25781695
1
40
47939639
273
103827964
104
40
104
15
114853188
6
129766365
1
104
104
185445090
87841
6
70167022
163880925
15232204
2
104
172938234
78759342
147421617
172938234
15
95417845
4126648
714
4895
343040
229970
1
1
1870
273
43771268
114853188
6
40843537
87163875
87163875
15
2716198
73706187
25781695
714
1576239
87841
8583820
714
1870
104
78759342
42521476
2
273
91710188
1870
104
1
714
40843537
33552
95417845
1
48144636
1870
40
185445090
714
273
714
714
91710188
28284465
229970
37562833
104
1870
2
15
1870
1870
38750654
43868545
25781695
55792946
126081228
58039573
714
40
6
6
714
1
185445090
143864782
74049690
1
73706187
6
1
40
91710188
714
2
1870
2
15
40
104762391
602070
6
6
8583820
104
143864782
602070
2
179831401
2
273
90470268
70869917
2
160940280
6
110829914
15
40
55792946
57370541
17519634
1
4975725
2
55138038
273
77253655
714
117847895
90470268
15
2716198
55138038
55792946
104
147421617
714
40
15
273
104
714
229970
172938234
40
1
1870
40
6
74049690
149043377
55792946
172938234
4975725
2
714
714
179831401
112240801
28672109
2
1870
2
15
173712285
40
1
2
8583820
6545609
15
104
37562833
40843537
714
2
6
84836583
185445090
10429565
1
40
39671518
90481268
1
6
33552
40843537
73706187
273
97300971
15
25511197
33552
109621167
15
273
104
40
1870
163880925
179831401
1870
109621167
104
129766365
17519634
602070
172938234
129692593
42521476
4126648
40
129692593
109493437
147421617
28284465
15
1
714
6545609
4126648
84836583
4126648
43771268
1870
1
97300971
1
17519634
58039573
179831401
77253655
38750654
1
142388754
714
10429565
95417845
109493437
273
21824437
2716198
1870
1870
1870
2
179831401
2
142388754
273
70290756
40
40
92040575
40
4895
60730485
1
1
144888581
8583820
2
89838348
10803704
48144636
273
6
1870
25511197
33552
1
2
126998575
103827964
1870
112240801
1
16070725
15
273
1870
70290756
55138038
104
714
40
39671518
43771268
67344881
40
89838348
37562833
25781695
1870
87163875
39671518
1576239
6
2
57370541
1870
1870
4126648
6
1870
714
1
61066541
343040
40
42521476
73706187
78524888
142859535
149043377
39671518
126081228
6
714
15232204
179831401
1870
15
4126648
10803704
144888581
160052019
15
40
15
229970
714
90470268
40
129766365
1870
126998575
16070725
64555437
104
70167022
109493437
110829914
8583820
140663116
104
110829914
714
112240801
129692593
147421617
714
6
1870
40
92040575
15
55138038
6
17519634
104
2
25511197
104
55792946
4126648
1576239
21824437
143864782
142859535
39671518
2
6
1870
15
15
1870
129766365
57370541
78759342
147421617
57370541
273
273
1
147421617
163880925
109621167
6
104
89838348
152832694
2
87841
55792946
110829914
109493437
1576239
1870
1
2
15
33552
273
129766365
1870
179831401
104
1
6
4975725
2
1870
1
1
15
104
40
273
40
15232204
142859535
87163875
142388754
1870
1870
273
57370541
1870
39671518
343040
2
97300971
714
87163875
6
84836583
185445090
1
4126648
117847895
172938234
160052019
714
163880925
95417845
39671518
2
129766365
58039573
15
117847895
1
2
40
714
273
64555437
40
70290756
40
273
273
1870
15
95417845
97300971
89838348
40843537
84947747
343040
602070
64555437
1576239
117847895
1870
1
70290756
55792946
1870
40
1
109621167
1870
97300971
104
78524888
40843537
91710188
40843537
1870
10803704
58039573
179831401
17519634
15
6
104
15232204
2
714
4126648
714
2
37562833
33552
273
4975725
104
109621167
6
1870
110829914
143864782
43868545
163880925
15
78759342
104
2
343040
273
1870
1870
1
109493437
43868545
40843537
1870
714
104
142859535
25511197
12816
15
48144636
1
273
15
38594430
40
40
126998575
6
15
714
273
89838348
97300971
39671518
95417845
15
114853188
4126648
2
343040
714
2
70869917
104
103827964
273
38594430
110829914
1870
6
714
714
70167022
4975725
16070725
90001596
273
104
91710188
55792946
28284465
10803704
84947747
273
91710188
21824437
16070725
74049690
140663116
2
126081228
40
1
1870
40843537
58039573
15
40
97300971
117847895
104
714
15232204
714
25511197
39671518
2
1
714
25511197
144888581
1
1870
49254886
8583820
84836583
273
4126648
15232204
273
172938234
84836583
70290756
87163875
15
90001596
1870
1
77253655
84836583
273
273
91710188
40
229970
273
714
10429565
58039573
6
173712285
6
95417845
343040
6
2
40
104
273
40
49254886
1
25511197
40
47939639
6
172938234
179831401
95417845
144888581
15
2
147262709
17519634
70869917
104
273
1
78524888
2
61066541
90001596
25781695
4895
104
15
15232204
179831401
38750654
37562833
714
273
1870
40
28672109
38750654
6
6
714
1576239
55792946
97300971
1
78759342
129766365
16070725
8583820
25511197
40
103827964
15
714
104
1870
17519634
15
15
40
1576239
15
57370541
104
2
67344881
2
74049690
90481268
40
1870
714
104
6
6
114853188
714
1
4126648
1
126998575
147262709
84836583
90481268
1
1870
126998575
273
55138038
90481268
2
15
109621167
15
126998575
33552
15
90001596
160052019
28284465
2
104
40
104
8583820
8583820
1870
714
43868545
40
142859535
142859535
6
273
129766365
15
273
28284465
152832694
40
1
1
2
87163875
104
1
179831401
91710188
78759342
97300971
70869917
40
163880925
179831401
142388754
104
33552
104
1
160940280
61066541
104
37562833
40
179831401
61066541
6
6
185445090
87841
163880925
104
15
2
104
1
185445090
1
126081228
104
2
4975725
2
1870
714
15
6
273
6545609
104
1
40843537
104
40
714
273
1870
84947747
77253655
21824437
89838348
