1870
15
104
4895
43868545
1870
4975725
714
43868545
714
40
1
273
160940280
70869917
160940280
6545609
90481268
43868545
84947747
49254886
15
104
39671518
6
173712285
152832694
143864782
173712285
273
70290756
28284465
84947747
179831401
714
4895
40
714
714
49254886
160052019
129766365
714
1870
15
40
1
25511197
104
12816
142388754
1870
2716198
714
714
1870
2
40
1
40
10803704
6
104
160052019
1870
40
70869917
90481268
714
48144636
110829914
43771268
1870
273
38594430
15
273
104
15
2
114853188
129766365
25781695
61066541
6545609
714
8583820
273
58039573
6545609
273
84836583
2
8583820
40
104
1870
40
6
28284465
40
25511197
714
144888581
1870
15
40
6
6
1870
1870
37562833
714
84947747
714
179831401
6
40
10803704
1870
6
1870
90470268
40843537
1
1
78759342
142859535
1870
97300971
1870
16070725
714
273
2716198
173712285
2
110829914
15
1
84947747
104
109621167
140663116
103827964
1
15
163880925
714
1
714
40
40
273
40
40
40
92040575
40843537
25781695
714
142388754
714
70167022
140663116
6545609
160052019
47939639
77253655
40
147262709
89838348
2
104
104762391
84947747
602070
40
40
714
2716198
2
140663116
273
90470268
104
90481268
6
40
172938234
179831401
112240801
6
15
73706187
57370541
129692593
25781695
1
6
179831401
2
1
1870
172938234
15
1
15
160940280
6
185445090
40
78524888
714
2716198
185445090
2
1
273
104
10429565
273
74049690
40
1870
109493437
42521476
1
714
273
2
42521476
92040575
714
49254886
117847895
117847895
2
2
1870
1870
78759342
343040
1870
1
25511197
6
1870
160052019
1
40843537
126998575
273
55138038
33552
15
1
28672109
104762391
42521476
74049690
6
714
57370541
28284465
160052019
343040
40
4975725
185445090
114853188
40
117847895
1870
273
714
172938234
104
40
602070
33552
40
40
90470268
104
109621167
92040575
33552
1
714
70290756
15
343040
114853188
55138038
714
273
2
104
147262709
78759342
10429565
2
1870
273
273
15232204
6
140663116
110829914
714
2
1
15
273
1
129692593
1870
15
40
47939639
714
1
4126648
25511197
1870
1870
25781695
70167022
110829914
273
104
57370541
147262709
73706187
1870
1
109621167
149043377
6
1870
2
602070
273
179831401
104
6
273
38750654
143864782
25511197
87163875
6
104
15
179831401
90001596
1870
78524888
229970
104
10429565
15
2
10429565
40
42521476
173712285
1
78759342
40
15
114853188
87841
126998575
103827964
15
90470268
55138038
172938234
110829914
112240801
90470268
1
104
714
64555437
714
6
172938234
714
28284465
1
1
6
39671518
163880925
109493437
1
229970
114853188
15
48144636
2
273
78524888
114853188
104
58039573
1
37562833
39671518
15
48144636
40
172938234
43868545
2
6
714
1870
43771268
273
1
38594430
114853188
163880925
126081228
1870
185445090
110829914
28284465
40
38594430
38594430
6
109493437
1870
40
6
10803704
40
273
114853188
104
6
147421617
273
89838348
273
160940280
103827964
15
42521476
273
38594430
229970
4975725
57370541
10429565
104
129692593
104
2
2
273
15
2
1
28672109
6
28672109
152832694
90470268
714
714
273
92040575
48144636
40
40
160940280
49254886
10803704
40
28284465
92040575
15
92040575
70869917
40
147421617
1870
57370541
15
6
1
6
33552
48144636
104
149043377
160940280
55138038
49254886
15
273
48144636
42521476
40843537
104
163880925
117847895
104
1
8583820
42521476
8583820
1
38594430
147262709
147421617
1870
2
38594430
25511197
273
6
129692593
1
110829914
70290756
1
173712285
40
25511197
1
1
6545609
89838348
714
25511197
6545609
273
147421617
2
60730485
104
15
104
55138038
1870
15
15
37562833
15
714
2
47939639
129766365
1870
92040575
37562833
343040
185445090
104
6
104
48144636
6545609
58039573
70290756
40
2
4975725
714
6
185445090
104
117847895
1870
1870
90481268
130617868
104
6
173712285
273
1870
43771268
15
58039573
89838348
147421617
40
104
78759342
273
90001596
70290756
58039573
109493437
147262709
104
89838348
112240801
6
104
15
2
143864782
15
6
273
1
6
109621167
149043377
126998575
6
6
40
38594430
1
130617868
89838348
40
273
1
126081228
89838348
40
15
60730485
25781695
1
602070
109621167
78524888
91710188
1
1576239
78524888
109621167
714
1
40
714
15
6
104
15
1
6
48144636
1
40
1
43868545
112240801
4895
78759342
15
48144636
1
2
1870
2
90001596
6
6
714
104
77253655
2
2
92040575
273
229970
1870
1
28284465
109493437
15
1870
84947747
6545609
273
15
173712285
15
6
6545609
48144636
109621167
10803704
714
21824437
273
714
185445090
1870
15
2716198
714
149043377
143864782
6545609
109493437
2
84947747
15
147262709
40
92040575
6
160940280
25511197
17519634
1
15
6
6
1
173712285
2
6
160052019
104
104
70869917
28672109
6545609
130617868
273
129692593
172938234
40843537
2716198
1
40843537
15
49254886
33552
60730485
152832694
2
2716198
1
114853188
40
147262709
714
40
2
90470268
104
1
38594430
2
57370541
114853188
40
6545609
2
1
273
273
15
87163875
17519634
714
15
104
6
104
2
163880925
273
78524888
273
273
1
15
89838348
48144636
1
1870
273
273
87163875
2
172938234
10429565
1
90470268
2
15
110829914
185445090
17519634
6
40
6
6
104
60730485
57370541
15
602070
2
714
40
90470268
714
104
42521476
38594430
87841
1870
172938234
714
229970
714
714
6545609
55138038
6
2
144888581
143864782
28284465
1
6
104
104762391
179831401
714
12816
1870
87163875
273
1870
714
6
25511197
112240801
92040575
273
70869917
1870
10429565
6
70869917
104
70167022
104762391
6
40
15
714
179831401
25781695
104
57370541
1870
47939639
40
2716198
2
64555437
39671518
602070
15
84836583
6
17519634
64555437
104762391
229970
90001596
40
10429565
43868545
126081228
4895
74049690
2
172938234
40
104
109621167
15
97300971
16070725
129766365
714
1870
1
1576239
185445090
15
4895
273
129766365
1
15
104
64555437
28284465
104
126998575
10803704
40
1
40
1870
70290756
185445090
55138038
1
90470268
84947747
143864782
714
28284465
55138038
109493437
1870
15232204
77253655
149043377
229970
40
6
173712285
95417845
714
15
104
6
714
273
78524888
40843537
2
130617868
273
1
40
40
6
57370541
1870
6
129766365
126998575
40
58039573
33552
64555437
40
40
25511197
40
1870
58039573
273
6545609
39671518
112240801
714
142388754
140663116
1
15
1870
1870
1870
273
84836583
57370541
104
78524888
74049690
1870
130617868
110829914
25511197
47939639
273
6
273
160940280
70290756
73706187
12816
273
12816
39671518
