78759342
112240801
6
104
173712285
142388754
21824437
273
10429565
55138038
273
55792946
152832694
90481268
8583820
1
130617868
49254886
112240801
2
15
147421617
1870
40
15
602070
48144636
714
6
129692593
6
40
91710188
142859535
74049690
1870
160940280
1870
6
15232204
2
91710188
6
90481268
104
160052019
15
15
6
1
84836583
144888581
40
714
2
2
104
67344881
67344881
1870
147421617
602070
1
343040
40
67344881
273
273
163880925
2
129692593
149043377
117847895
40
15
61066541
40
25781695
40
103827964
1
38594430
104
78759342
112240801
40843537
70869917
25781695
28672109
6
73706187
28284465
6
1870
714
6
273
39671518
714
78524888
16070725
15
126081228
273
90481268
602070
140663116
1870
17519634
2
104762391
140663116
77253655
273
1
6
43771268
1
73706187
25781695
104
104
28284465
33552
1
89838348
33552
1
78524888
4975725
273
40
2
4126648
1
84947747
1870
48144636
126081228
70290756
273
104
104
73706187
70869917
6
126998575
1870
15
57370541
152832694
17519634
1870
21824437
2
714
15
15232204
1870
142859535
273
6
15
160052019
714
38594430
92040575
12816
714
1576239
117847895
104
2
84947747
28284465
160940280
152832694
25781695
84947747
142388754
273
273
343040
6
55138038
109621167
1
55138038
15
714
6
15
15
147421617
2
43771268
130617868
2
70167022
160052019
15
84947747
25511197
74049690
1870
714
90481268
21824437
1
97300971
40
1
109621167
6
15
104
1870
1
6
1870
147421617
57370541
10803704
273
1870
40
28284465
40843537
714
43868545
6
273
6
40
28284465
1
6
1870
90001596
1
55792946
40
10429565
8583820
160052019
714
104
6
15
714
273
1870
40
1
109621167
15232204
95417845
40
6
15
112240801
90470268
273
39671518
25781695
90470268
110829914
2
25781695
273
273
714
114853188
6
147421617
28284465
2
160940280
273
6
15
6545609
129692593
74049690
104
273
273
152832694
273
40843537
2
273
104
6
25511197
78524888
40
1
90481268
104762391
1576239
40
109621167
4895
84947747
12816
61066541
129692593
273
147262709
104
2
15
10429565
142859535
160940280
129692593
1
1
28284465
173712285
1
95417845
12816
104
48144636
91710188
1
140663116
40
6
40
273
43868545
104762391
40
1
173712285
77253655
104
40
2
147421617
143864782
40
6
1870
38594430
15232204
43771268
15232204
90470268
84947747
1870
714
1870
1
602070
1
77253655
714
2
110829914
6
15
25781695
15
1870
114853188
38594430
40
58039573
114853188
6
28284465
1
38594430
2
1576239
84836583
103827964
1870
4895
67344881
1870
104
2
273
140663116
91710188
55138038
40
6
73706187
1870
1
42521476
142859535
1870
117847895
6
70290756
77253655
2
15
109621167
78524888
78524888
15
43771268
74049690
15
714
126081228
104
6
48144636
1870
70290756
10803704
48144636
40
173712285
109493437
143864782
15
38594430
1870
10429565
15
104
1870
28284465
90481268
104
160940280
114853188
33552
6
61066541
147421617
6545609
8583820
104
6545609
147262709
15
6
1
104
2
15
129692593
4895
104
16070725
87841
147262709
6
2
343040
273
104
87163875
126081228
2
2
1870
173712285
6
160940280
1
179831401
74049690
6
15
43771268
714
4895
714
714
149043377
104
273
1
1870
273
58039573
1
129692593
2
273
15
49254886
1870
1
714
142388754
15
4975725
40
1
1870
78759342
117847895
714
28284465
97300971
1870
1576239
55792946
273
103827964
61066541
173712285
1
6
273
15
114853188
152832694
104
6
25511197
6
70290756
91710188
273
273
1
144888581
58039573
714
40
97300971
21824437
40
90470268
2
78759342
152832694
15
15
40
1
179831401
104
89838348
104762391
15
1
1
149043377
40
142859535
172938234
1870
2
112240801
714
104
714
87163875
147421617
1870
92040575
15
714
40
114853188
37562833
15
163880925
6
714
25511197
90481268
273
40
58039573
117847895
714
4895
1
67344881
714
1
2716198
25511197
21824437
70167022
143864782
104
1
95417845
149043377
84947747
130617868
2
57370541
61066541
40
117847895
6
55792946
104
273
33552
104
152832694
714
37562833
55138038
714
1
104
714
21824437
15
1
229970
109493437
70167022
1
61066541
104
173712285
6
144888581
273
4895
21824437
273
140663116
173712285
152832694
43868545
126081228
1
273
104
40
61066541
2
273
714
110829914
104
1870
97300971
714
40
10803704
714
104
104
126998575
15
1
160052019
1870
74049690
1870
6
1
2
179831401
2
15
126081228
112240801
97300971
73706187
6
172938234
126998575
109493437
1870
87841
273
6545609
6
87841
273
4895
38594430
104
172938234
104
58039573
15
15
15232204
714
84836583
67344881
104
2
1
1870
15
95417845
17519634
8583820
273
143864782
70869917
1
2
77253655
95417845
714
343040
40
4975725
273
1870
6
2
273
152832694
173712285
160052019
114853188
15
104
28672109
104
55792946
6
15
104
104
172938234
2
28284465
2
273
2
6
90470268
6545609
1870
273
40
714
4126648
47939639
6
714
714
61066541
77253655
140663116
714
40
6
110829914
15
714
40
714
33552
129692593
104
1576239
40
1576239
6
77253655
8583820
104
42521476
229970
37562833
25511197
142388754
6
28284465
90470268
104
104
17519634
48144636
2
70167022
714
142388754
273
110829914
15
602070
6
4895
40
1870
179831401
104
104
84836583
273
172938234
142388754
343040
6
104762391
179831401
40
1870
90481268
109493437
25781695
25511197
21824437
40843537
714
40
104
147262709
142388754
129766365
130617868
89838348
1
49254886
70167022
6
28672109
126998575
104
147421617
1
273
1870
4895
2
4126648
78524888
142859535
6
160940280
6
273
15
163880925
37562833
6
21824437
104
15232204
273
91710188
1
84947747
126998575
173712285
40
70290756
714
15
15
714
1870
104
90001596
104762391
6
1870
4975725
6
140663116
40
15
1
273
273
10803704
6
40
15
15
104
714
70167022
1
40
87163875
43868545
70869917
15
40
55792946
2
74049690
1
90481268
6
273
104762391
70869917
28284465
1870
6
15
126998575
92040575
87163875
37562833
84947747
2
1870
1870
129692593
95417845
90470268
1
40
1870
6
144888581
147262709
229970
147421617
43868545
126998575
1
15
91710188
104762391
6
87163875
1
110829914
91710188
1870
152832694
1870
1
2
1870
38594430
714
87841
160940280
1
160052019
273
110829914
1
109621167
273
21824437
714
39671518
15
15
104762391
38750654
87163875
2
152832694
40
129766365
273
70167022
70290756
343040
17519634
15
6
2
15
104
97300971
61066541
15
89838348
1
40
40
104
142388754
15
2
6
77253655
15
273
78759342
89838348
2
10803704
42521476
6
2
6
6
43868545
15
12816
