89838348
2
40
6
38594430
6
103827964
103827964
160940280
104
6
15
40
104
4975725
104
104
144888581
2
273
185445090
47939639
112240801
91710188
25781695
67344881
6
1870
104
1
129766365
8583820
273
104762391
1576239
1870
39671518
273
70290756
140663116
38594430
273
140663116
61066541
714
90470268
21824437
143864782
104
4975725
10429565
109621167
15
144888581
6545609
714
109493437
104
1
40
48144636
25781695
40
87841
40
10429565
104762391
12816
38750654
70290756
1
57370541
70869917
15
61066541
104
714
4895
40
25781695
1
1870
70167022
57370541
273
4975725
97300971
97300971
49254886
142388754
714
117847895
84947747
714
714
40
714
140663116
77253655
2
21824437
714
1
2
58039573
2
47939639
129766365
273
15
43771268
40
38750654
55138038
1
40
40
2
4126648
40
6
43868545
55138038
74049690
6
110829914
78759342
91710188
43771268
273
40
1
152832694
38594430
714
15
129692593
714
112240801
2
140663116
6
1870
147262709
16070725
84836583
38750654
16070725
144888581
8583820
15
25781695
126998575
126998575
49254886
55138038
602070
160940280
73706187
149043377
84836583
2
15
39671518
15
40
1
129692593
273
6
2
40
40
714
28672109
104762391
273
147421617
2
104
104
714
117847895
1
49254886
2
112240801
40
1576239
714
92040575
173712285
49254886
6
43771268
129766365
15
104
273
92040575
149043377
89838348
110829914
2
143864782
70167022
15232204
104
143864782
1870
40
55792946
6
1870
2716198
33552
714
6
714
173712285
28284465
15
602070
10429565
1
40
40
28284465
90001596
109493437
95417845
714
147421617
1
142388754
6
1
70869917
49254886
103827964
1870
1
6
15
104
117847895
152832694
25511197
78759342
74049690
273
104
1870
714
6
28284465
163880925
28672109
1870
15
28672109
4975725
4975725
15
1870
2
273
1
1
89838348
714
74049690
6
2
57370541
160940280
97300971
60730485
61066541
109493437
2
160940280
15
74049690
43771268
40
10429565
1870
714
6
104
714
117847895
142859535
2
1870
714
1
37562833
16070725
714
1
70167022
147421617
147262709
1
40
1870
6
21824437
6
55138038
87841
2
40843537
15
1
2
48144636
117847895
104
147262709
104
104
273
90001596
70869917
6
714
1
602070
33552
160052019
179831401
6
114853188
38750654
714
109493437
8583820
42521476
15
16070725
97300971
273
4975725
4895
1870
87163875
126081228
15
343040
8583820
6
2
15232204
2
273
15232204
2
343040
2
40
78759342
78524888
273
273
15
1
55792946
73706187
104
714
1
1
38750654
15
273
40
6
714
1870
104
142859535
1
160052019
25781695
104762391
40
6
40
48144636
185445090
12816
103827964
55138038
39671518
1870
10803704
714
40
104
2
6
110829914
602070
1870
2
87163875
143864782
2716198
172938234
67344881
40843537
40
173712285
67344881
1870
47939639
1870
6
8583820
58039573
40
1
1870
1
78524888
1
112240801
16070725
1
40
2
104
142388754
109493437
78759342
1576239
15
273
104
6
87163875
147421617
129692593
90470268
1
104
103827964
15
15
109621167
15
95417845
15
1
273
15
16070725
58039573
78759342
147421617
1576239
1870
47939639
15
149043377
49254886
97300971
15
40
104
109621167
15
104
95417845
714
40
28284465
90481268
1
2
104
74049690
112240801
90481268
273
104
273
2
142859535
1870
90470268
39671518
1870
97300971
142859535
1870
173712285
97300971
129692593
1870
38750654
147262709
149043377
104
15
2
15
273
104
172938234
1870
16070725
39671518
160052019
15
1
47939639
8583820
10429565
90470268
6
1870
1870
89838348
40
87841
25781695
84836583
38594430
1
89838348
67344881
43868545
104
87841
16070725
40
87163875
91710188
1
1
185445090
4895
126998575
1870
1870
15
114853188
60730485
42521476
1
90470268
160940280
40
140663116
55792946
10429565
104
55138038
67344881
142388754
78759342
1
273
15
2
1870
6
2
1
4895
714
343040
6
173712285
42521476
714
16070725
84947747
28672109
48144636
104
10803704
40
104
179831401
6
714
6
1
40
6545609
40
12816
104
40
142859535
229970
40
91710188
28672109
1576239
40
602070
185445090
1
273
4895
147421617
90481268
40
1870
714
273
47939639
1870
1870
97300971
1870
40
104
21824437
714
1
2
97300971
2
104
87841
61066541
87841
25511197
49254886
104
1
2
43771268
1
90001596
10429565
714
229970
2
57370541
343040
40
714
91710188
179831401
91710188
714
91710188
10429565
1
21824437
47939639
55792946
104
21824437
1870
73706187
714
4126648
714
57370541
70290756
130617868
1
104
1870
1870
1
39671518
15
39671518
6
89838348
103827964
15
714
70869917
55792946
273
114853188
152832694
343040
4975725
104
15
74049690
104
104
40
42521476
129766365
6
172938234
15
40
15
714
15
2
15
49254886
273
273
714
714
2
1
1870
15
4975725
10429565
112240801
2
1
64555437
42521476
95417845
38750654
2
40
273
104
91710188
343040
179831401
173712285
87841
15232204
229970
25781695
17519634
143864782
6
714
103827964
1
142388754
1870
1870
33552
714
273
42521476
1576239
6
74049690
160940280
57370541
48144636
38750654
6
1870
144888581
1870
104
142859535
1576239
129766365
40
40
6
25511197
144888581
2
6
42521476
144888581
273
49254886
273
144888581
714
64555437
6
1
1870
6545609
1870
40
40
12816
40
2
84836583
173712285
104762391
104762391
70869917
2
172938234
185445090
78759342
109621167
55792946
142859535
273
15
1
25511197
129766365
55138038
78759342
273
70167022
160940280
114853188
90001596
143864782
84836583
87841
16070725
6
70869917
87163875
714
126081228
273
110829914
25781695
1870
602070
55792946
126998575
104
6
273
6
6
112240801
1870
104
49254886
40
142388754
40
70167022
1576239
28284465
109493437
109493437
40
173712285
2
40
1
273
61066541
114853188
15
40
15
104
17519634
16070725
1870
714
129692593
15
70167022
6
40
714
114853188
173712285
714
1
1
2
602070
28672109
2716198
78524888
1
4895
15
6545609
40
273
15
40843537
1
1
12816
1
74049690
2
61066541
103827964
6
1576239
6
2
126081228
28672109
147262709
37562833
1
67344881
37562833
15
28672109
12816
55138038
38750654
6
602070
126081228
714
97300971
40
714
57370541
273
1
78524888
15
104
117847895
48144636
104
179831401
273
43771268
55138038
21824437
10429565
77253655
714
40
1870
89838348
12816
1870
1870
4126648
714
112240801
2
15
1
714
104
40843537
15
163880925
4126648
273
6
152832694
15
2
42521476
42521476
1870
602070
1
97300971
1
109493437
163880925
15
67344881
179831401
25781695
57370541
40
104
40
42521476
602070
142859535
1
160052019
55792946
15232204
40
2
152832694
4975725
152832694
273
1
77253655
160052019
1870
43771268
104
38594430
40843537
42521476
129692593
37562833
43868545
