1
147421617
60730485
273
40
40
38594430
90001596
87163875
4895
43771268
144888581
40843537
6
87841
89838348
1870
78524888
104
6
15
114853188
6
57370541
40
147262709
109621167
142859535
229970
15
78759342
4975725
114853188
714
15
1576239
1
1
40
43771268
179831401
6
126081228
142388754
1
38594430
40843537
160940280
143864782
714
1
70167022
6
87841
48144636
104
147421617
2
163880925
273
104
104762391
40843537
6
104
173712285
58039573
40
104
343040
1
179831401
126998575
58039573
104
104
6
172938234
1870
15
104
64555437
77253655
15
109621167
1
40
130617868
55792946
87163875
273
61066541
1870
1870
714
144888581
104
273
33552
714
47939639
1
58039573
42521476
2
714
92040575
714
1870
1870
84836583
103827964
40
343040
40
15
144888581
55138038
1
40843537
15232204
147262709
104
25781695
58039573
104
2716198
273
147262709
55792946
173712285
6
15
104762391
104
273
6
147262709
1870
97300971
714
28284465
40843537
40
70290756
110829914
2
37562833
15
40843537
4126648
40
104
1
15
140663116
129692593
49254886
61066541
126081228
343040
6
40
109493437
1870
6
104
160052019
273
142388754
1
6
273
89838348
1870
714
1870
10803704
16070725
1
104
149043377
714
273
129692593
6545609
15
8583820
140663116
163880925
1
21824437
61066541
2
1870
92040575
40
1870
64555437
2
2
1870
8583820
117847895
104
15
129692593
16070725
714
74049690
6
61066541
273
714
90001596
17519634
273
91710188
90470268
40
1870
4975725
147262709
104
163880925
15
714
149043377
15
25511197
2716198
714
43771268
15
10429565
15
714
25781695
15
2716198
16070725
10803704
273
48144636
2
15
25781695
8583820
2
160940280
37562833
109493437
95417845
84947747
2
15
70869917
10429565
160052019
61066541
1
47939639
2716198
1
60730485
142859535
714
90001596
714
126081228
103827964
714
273
144888581
40
2
103827964
1870
104
15
1870
40
15
40
90470268
173712285
147421617
6
1870
90001596
40
58039573
15232204
179831401
163880925
16070725
1
40
1
43868545
104
90001596
55138038
160940280
714
21824437
15
273
142388754
6
104
40
1
142859535
117847895
15
4126648
60730485
144888581
714
163880925
73706187
4126648
2
78759342
273
40
179831401
714
104
73706187
67344881
15
15
64555437
6
104
1
273
55792946
40
40
1
97300971
1870
130617868
40843537
104
58039573
1
40
343040
273
6
142388754
91710188
28284465
40
1870
143864782
15
40
28672109
152832694
114853188
273
90481268
160052019
15
15
40
2
4126648
104
15
714
28672109
714
95417845
40
4975725
84836583
1576239
1576239
87841
17519634
90001596
15
273
273
90470268
25511197
33552
714
152832694
110829914
6
28672109
15
87163875
2
87841
10429565
602070
74049690
6545609
6
129692593
104
2
104
78524888
104762391
140663116
714
40
74049690
90470268
273
104
15232204
273
77253655
173712285
1870
273
2
1870
273
92040575
163880925
70869917
10429565
1
1870
273
602070
140663116
160940280
55792946
714
40
104
84947747
147262709
1870
273
152832694
15
1870
1870
117847895
104
6
87841
40
114853188
1870
1870
104
40
104
6
15
1870
58039573
74049690
6
48144636
104
92040575
2
89838348
28284465
185445090
117847895
40843537
185445090
714
15
117847895
273
112240801
1870
97300971
6
15
142388754
273
39671518
1
273
43868545
147262709
1
129692593
15232204
104
273
87163875
2
6
15
70167022
1870
42521476
1576239
273
91710188
84836583
6
1870
47939639
40
64555437
47939639
70167022
2
78759342
92040575
104
273
117847895
43868545
109621167
6
1
104
273
6545609
16070725
61066541
2
43771268
1870
89838348
179831401
1870
2
1870
90470268
1
2
1870
343040
90481268
140663116
160052019
714
25511197
2
15
73706187
43868545
104
15
114853188
1870
8583820
84947747
149043377
714
78524888
173712285
1576239
70869917
343040
714
147421617
2
2
8583820
1870
6
6
273
73706187
6
104
4126648
40
1
70167022
1
714
6
147262709
2
1870
173712285
1
42521476
1
114853188
2
43771268
4975725
140663116
1
273
6
1
40
273
16070725
84947747
1576239
40
38594430
40
1
1
2
1
38750654
130617868
91710188
6
714
4975725
89838348
47939639
84836583
95417845
40
142859535
49254886
144888581
2
78524888
15
2
1
87841
1870
160940280
40
2
273
90481268
273
149043377
1
58039573
173712285
343040
273
15
2
229970
2
2
33552
91710188
1870
4975725
714
15
273
60730485
40843537
92040575
70290756
130617868
70869917
714
6
273
273
16070725
6545609
40
15232204
40
1
49254886
43868545
104
39671518
6
144888581
40
55792946
6
90001596
1
48144636
273
6
40
104
142388754
78759342
1870
40
6
142859535
142388754
90481268
57370541
1870
15
1
87841
15
129766365
15
2
90481268
160052019
160940280
77253655
103827964
8583820
39671518
714
40
37562833
84836583
40
74049690
39671518
40
84947747
6
273
6
1
147262709
78759342
2
67344881
2
1
40
33552
104
15
25511197
2
1
10803704
6
25781695
140663116
43868545
714
8583820
714
6
2
714
95417845
43868545
1
17519634
2
1
109493437
78759342
602070
39671518
25781695
1870
57370541
33552
103827964
4975725
149043377
40
40
70290756
42521476
129692593
60730485
6
714
130617868
1870
40
40
104
15
1870
1
40
2
273
273
15
40
2
40
142859535
38750654
1
70167022
143864782
273
714
126081228
714
40
57370541
142388754
104
273
104
104
74049690
2
21824437
147262709
40
104
273
147262709
15
37562833
147421617
55792946
1
84947747
2
89838348
6
38750654
58039573
16070725
1
2
273
15
103827964
1
38750654
15
6
104
129766365
147262709
1
144888581
602070
126081228
714
152832694
40
2
147421617
4895
90470268
40
6
6
142388754
273
114853188
15
273
87841
43868545
2716198
78524888
103827964
40
130617868
104
1
229970
64555437
1870
104
109621167
40
57370541
104
1
57370541
142388754
173712285
273
1870
84836583
40843537
1
147421617
1
1870
21824437
6
104
714
126998575
90470268
60730485
147262709
87841
714
55138038
17519634
2
28284465
1
49254886
90481268
1870
229970
273
2
40
104
152832694
2716198
129766365
2
67344881
1
143864782
84947747
273
74049690
160052019
77253655
112240801
2
55138038
15
95417845
2
40
104
117847895
104
43771268
17519634
273
97300971
6
714
70290756
67344881
40
6
2
2
40
129692593
25511197
61066541
273
40
1870
6
104762391
40
58039573
64555437
143864782
172938234
1870
179831401
602070
6
90001596
1870
57370541
273
67344881
1870
179831401
714
77253655
2
273
15
6545609
142388754
714
163880925
229970
60730485
15
130617868
273
40
38594430
2716198
130617868
1
2
185445090
6
103827964
4126648
6
55792946
4895
97300971
21824437
