84947747
70869917
40
37562833
104
90481268
104
43868545
28672109
602070
129766365
15
6
42521476
130617868
1
40
1
1576239
273
39671518
40
147262709
6545609
40
40
126998575
2716198
273
2
90470268
74049690
15
78524888
714
37562833
1
273
103827964
40
40
43868545
2
15
273
40
142859535
714
6545609
2
6
28284465
42521476
130617868
74049690
43868545
78759342
273
73706187
104
67344881
15
104
4126648
1576239
109621167
2
6
92040575
104
110829914
229970
15
147421617
602070
273
25511197
273
61066541
104
84947747
2
43868545
273
104
2
40
1
43868545
6
57370541
97300971
78524888
21824437
160940280
714
70167022
4975725
160940280
103827964
87163875
6
38594430
104
55138038
10803704
40
2
273
140663116
87163875
1870
6
104
104
10803704
77253655
6
1
15
273
142859535
104
40
42521476
163880925
39671518
84836583
129766365
2
25781695
38594430
91710188
1870
273
49254886
15
2
67344881
40
40843537
117847895
714
2
149043377
2
15
6
1870
160940280
10803704
140663116
1870
273
144888581
17519634
15
2
15
602070
714
126998575
104
21824437
714
15232204
16070725
343040
1
109621167
126081228
12816
55792946
104
25781695
129766365
1870
12816
714
179831401
714
143864782
90001596
1870
2
142859535
1870
130617868
40
1576239
714
67344881
40
15
89838348
6
2
84836583
47939639
602070
78524888
6
40
15
17519634
117847895
1870
110829914
57370541
273
273
40
15
43771268
114853188
2
2
4126648
114853188
2
1
6
1
273
55792946
229970
89838348
73706187
39671518
172938234
40
12816
1
1870
90470268
714
78524888
25781695
1870
91710188
28284465
2
273
163880925
179831401
8583820
10803704
6
1870
714
1870
273
273
10429565
179831401
33552
84836583
33552
4975725
84836583
58039573
714
40
1
15
10803704
273
714
126081228
1870
109493437
70290756
1870
1576239
8583820
1870
714
160940280
173712285
89838348
1
104
714
97300971
15
40
15
173712285
43868545
273
16070725
1870
2
90001596
21824437
55138038
40
129692593
25511197
104
343040
16070725
15
273
67344881
40
130617868
6
129766365
104
40
16070725
2
70290756
179831401
2
40
714
1870
147262709
104
273
117847895
39671518
21824437
4126648
714
12816
90481268
104
15
1870
15
160052019
144888581
2
1870
129692593
229970
2
273
84836583
78524888
144888581
28284465
714
104
1870
6
28672109
1
84836583
104762391
6
67344881
273
714
6
21824437
2
160940280
77253655
1870
185445090
43771268
147421617
6
714
42521476
6
6
84947747
37562833
104
78524888
714
104
130617868
6
78524888
714
104
714
104
104
15
4895
273
2
104762391
84836583
1
39671518
73706187
1870
147421617
15
117847895
40
112240801
10803704
273
273
43868545
142859535
15
95417845
70290756
87841
57370541
110829914
4975725
84836583
2716198
714
117847895
714
160052019
1
25781695
273
15
160052019
2716198
6
15
229970
152832694
1
28672109
6
6
714
144888581
15
109621167
1870
25511197
15
6
1576239
1576239
42521476
40
57370541
6
40
12816
104
37562833
15
104
1870
40
2
6
84947747
70167022
43771268
126081228
73706187
2
15
1870
40
273
140663116
104
84836583
43868545
40
40
110829914
714
129692593
160940280
73706187
91710188
103827964
2
78759342
78524888
126081228
104
104
273
273
90481268
4975725
1
73706187
152832694
273
37562833
40
15
15
273
38750654
714
6
6
147262709
104
714
15
49254886
38594430
38594430
40
117847895
17519634
104
1
343040
229970
58039573
163880925
70167022
1870
15
6
104
160940280
149043377
15232204
97300971
714
2
1870
74049690
273
152832694
6
2716198
40
6
6
4126648
1
714
2
6
40
160052019
602070
1
2
42521476
172938234
40
1
28284465
1870
1
273
1870
90001596
48144636
48144636
104
104
39671518
2716198
714
16070725
144888581
49254886
129692593
185445090
95417845
142388754
2716198
57370541
2
64555437
1870
273
1870
89838348
1870
87841
273
273
126998575
104
6
2
104
2
6
273
91710188
10803704
4126648
40
152832694
273
2
147421617
104
109621167
1
714
273
15
61066541
2
6
73706187
147421617
112240801
1
714
142859535
343040
6
15
173712285
37562833
90001596
160940280
42521476
714
92040575
15
104
1
92040575
149043377
40
17519634
714
97300971
142859535
273
2
2
104
104
6
144888581
714
1870
140663116
97300971
1870
91710188
152832694
25511197
60730485
17519634
21824437
142388754
84947747
714
2
39671518
1
15
15
1870
10429565
70167022
12816
12816
78524888
104
104
70290756
273
714
117847895
273
273
103827964
74049690
6
40
1870
21824437
25781695
273
58039573
117847895
714
15
73706187
70290756
109493437
142859535
6
6
6
173712285
6
40
147262709
8583820
60730485
15
1870
2
104762391
130617868
1
25781695
152832694
4895
2
6
90001596
273
144888581
4126648
104
1
714
1870
152832694
126081228
43868545
104
1870
2
77253655
84947747
273
109621167
714
40
33552
6
89838348
714
126081228
1870
144888581
6
1870
2
40
78524888
84947747
77253655
10429565
15
40
2
61066541
48144636
58039573
117847895
4975725
140663116
1
6
21824437
25781695
104
714
15
78759342
714
602070
104
1870
49254886
714
74049690
17519634
144888581
38750654
64555437
97300971
160052019
33552
91710188
40
15
47939639
97300971
714
40
104
2
2
70290756
179831401
2
2716198
6545609
38594430
15
55792946
58039573
149043377
43771268
40
57370541
28672109
1
714
84836583
273
90001596
91710188
714
78524888
104
92040575
40843537
40
714
25511197
343040
90470268
1
143864782
173712285
10429565
149043377
2
160052019
6
91710188
21824437
15232204
58039573
126081228
714
129766365
1870
273
104
144888581
38594430
714
126998575
33552
40
6
714
104
1870
40
47939639
91710188
110829914
714
104762391
15
4126648
40
15232204
273
1
117847895
149043377
40
87163875
2
28672109
48144636
39671518
87163875
273
1870
1
92040575
273
1
126081228
143864782
1
714
6
126081228
1
273
6
273
87163875
1870
1
28284465
714
714
25511197
160940280
6
40
273
152832694
42521476
130617868
104
90001596
6
38594430
714
144888581
149043377
2
343040
147262709
6
144888581
109493437
273
1
714
1870
91710188
126998575
15
1870
55792946
1870
1
6
70290756
2
61066541
25781695
67344881
104
109493437
1
8583820
129692593
15
89838348
1
714
40
25781695
38750654
95417845
6
273
273
714
152832694
90481268
40
40843537
273
1870
15
273
60730485
77253655
714
49254886
15
343040
273
185445090
1870
97300971
104
4895
273
84947747
58039573
6
17519634
1
4895
73706187
87841
58039573
40
47939639
2
104
47939639
130617868
104
1
84947747
1870
60730485
2
142388754
152832694
70167022
104
714
6
104
104
1
104
77253655
1870
714
25781695
77253655
