140663116
22476815
19705531
5476552
118366520
99524634
33856933
28284465
6227746
139963921
95189976
172660848
89676260
18603169
95417845
161576202
77253655
6979973
58872235
13661209
120183841
73180369
1431359
49589201
149117950
75214764
177024043
54703666
29946885
7600012
16040836
99090521
167240225
91005310
87163875
48607854
126442610
109107978
2
132363020
85745173
55737099
63726591
1
67854508
70176965
182827448
25637596
106648156
43048722
45103892
182431191
138174146
6659324
94360808
6
173579021
64413580
71175776
2
151290912
142152093
98762742
103549628
108566184
96873154
162280289
13310259
63965752
71537844
5016598
23930557
68014807
104589706
94610457
140499209
93749768
81998100
36624559
43868545
179567286
110722769
57992109
154586055
98961957
162248011
1698157
145982157
104
130821734
109434471
13482500
73081216
155769786
33108021
75245452
30028752
146034791
80002366
11993752
5482847
68147996
95945837
16638530
15123169
51343661
3144692
47166235
55792946
6
50689592
85531027
140939048
47093637
55349755
21746718
30016772
73733588
136755831
105688331
145603850
179827545
67344881
168547732
47322898
54348950
79279956
108842823
133328155
188016157
131336294
33677454
144539519
179280947
1296293
27998757
7614085
165115973
48268967
114207436
185872951
6579906
56991430
115668827
155092372
80937940
153450658
59357679
56841768
142378471
159043291
93158554
48322595
181699481
137679683
67537111
113777452
147280130
78064202
81279547
59100097
160617332
44860937
149951329
22493745
115704691
135961508
43588669
89329762
139965362
37628546
167866032
32293954
17519634
47801847
44090793
179753620
143547786
483007
183305243
67019549
29051007
11214726
100200385
118902236
73000413
159386276
186791648
30366593
116240441
81870503
20199953
177994599
183467250
46894544
126655181
74147393
69742976
133692542
38931290
68414081
116027048
1870
115568150
154586955
4856577
10809792
156843308
34535489
104999697
23553474
68956707
178889870
132479775
144888581
42347885
87434711
107148556
714
59141984
140102917
146794851
101329108
76460286
4594741
179135012
141467102
183450276
141764375
188735493
115126409
170311351
140207046
1870
178814841
148518380
23071697
60896672
84780596
26865679
82407853
12911168
104
156548695
4895
29999099
103409815
12980793
33899043
106173055
121065908
179831401
114294594
21517108
145080767
71117324
1170350
132586537
98144514
175700407
60949265
149940538
9236398
77253655
78526966
109353258
45399456
113854933
183034589
90001596
70167022
123347719
91975576
76108968
127897228
38069107
163880925
127343496
186208080
78031096
134224751
75077151
186992870
123594322
168646402
3397443
106530846
176806992
49890787
51598375
62025994
77045583
100031981
104
24618661
166867092
99008970
109621167
154675394
102673993
67826038
186050000
28761673
119083966
1576239
85735424
93735149
81084812
12418694
187907057
66132239
92455867
8507123
98421349
109562836
73496371
166327842
175870310
41338768
96593351
60081523
53081006
185772202
70869917
273
52304422
47262595
47328402
160052019
82675522
183155826
80641250
146282871
178699872
143073431
8813455
157489608
1
2993580
29887602
15
151405184
7407824
140955883
23292366
527655
273
85632108
134633263
54106727
1870
15
1
103426752
273
15
173681177
98955218
273
158738903
128943102
2
40
62900578
184784095
58039573
128899945
166127458
166638518
37267996
142388754
103477090
31109878
50393022
112978677
67344881
104
2
131192067
119545749
55817886
165458017
173712285
38301133
99341850
50630799
167471783
129069003
183648251
54808139
83071719
81615833
174496319
113819482
174092032
143827014
186326980
159323488
126130751
131199579
125213075
1
104554800
183425451
115098393
27863514
158793201
96767322
29917790
182384826
154089594
148863290
154451429
177604000
33494322
89108796
25543405
24666775
87870476
17519634
173262041
23455305
160751340
100324630
15
119544669
100400719
156601603
108483118
13497235
63771599
15
65467942
6561887
42618669
52631038
144166107
56303316
27741479
97032534
91992725
135511154
46291648
49723734
1180274
43599176
64555437
116763680
48615165
168152700
47939639
184667649
63500637
29664112
27458703
41887652
121378205
56072255
151914391
172458599
25388821
8178444
121313038
35485141
82258856
45897510
104082610
64320928
155166366
44360916
602070
49343547
173645270
23335611
38209881
175776866
136464532
96978429
99151134
67021306
81206556
81371298
178810418
29110800
2
145583172
35313341
107352336
2
163701185
124379200
120743834
83019860
48604262
141504622
64480431
87435091
140827205
97403048
140914292
143930460
28717347
145020165
109493437
53024619
159734515
149866374
51719636
88317543
176727096
151427058
273
140898823
82622352
2716198
37530168
138932413
137349081
165307347
68298850
75503469
28672109
104999085
188068244
40843537
25576375
99399492
103981721
58121814
22132580
23268694
64683155
119438716
168155293
24551181
142964746
10841233
119880816
169481043
18842282
80679814
36343723
116416086
107080477
138956395
121108190
172146541
51218052
49649695
82217428
156845135
104807413
151450968
32558633
87841
132639380
145287770
172066477
2
119999127
2229605
187152
90481268
53216486
8838146
10429565
166175925
139975051
165473891
97519614
182935479
136613017
63012514
139560517
17623584
10428663
66836765
138611777
159115576
131002404
130052256
132998355
229970
100478681
96760744
28222496
71259937
108922190
110183676
67930898
59050040
47939639
131165741
172597487
74855838
93705686
162123236
43118975
78957638
109493437
109056168
77615237
63025261
83634916
45443096
85804588
32970948
5281598
116184044
26830751
38091945
27947755
127139068
150535961
65490260
45443096
98913259
127290185
159995390
4880565
15
70167022
17528882
2290296
126016739
133898718
88583641
59548215
15141091
185113664
38823935
122162174
33815921
68420284
7052181
111198609
53300263
171157958
114883645
32874272
169882252
49940329
163006910
55214389
147266960
15
133883668
33302718
118921107
89108004
108772411
96753694
117281865
132173486
184651069
27784578
160177849
155378340
140555778
43499856
121269669
145209483
140086894
50819491
3785754
57375575
57876627
16681056
1870
44869679
30519992
42759627
7808917
113328999
16918514
130617868
163192996
76830860
116295548
161865388
82142401
118097005
104214155
64506357
124054159
124504484
147421617
78844814
122696365
5964886
188012693
134183404
103411305
104
16262883
26972333
117847895
91404680
171145212
166331151
35923863
113357514
116023106
163880925
113728121
185391461
41612721
142170123
154281718
24951152
147316383
104881632
34059309
101575544
58828930
188874461
166410070
89714417
6
13914326
147262709
52243854
109621167
19212095
22356727
75722526
139215388
76726595
15
1576239
153661146
6
177647284
127442340
49327096
128696508
92288040
58473585
3569458
273
187430732
60872452
42711852
2
67768457
15573642
21883884
95910436
33222778
4533568
74285415
180618314
57101237
23623452
188703148
102181554
18261596
155756634
2289656
188471678
66215892
46876674
107507745
182662643
100689837
175699422
25511197
155338385
42836362
70869917
1
34725199
173860357
113833477
63839861
33358563
67004705
108496914
21252029
47191283
17374384
1870
151210998
1
125119763
30790592
1
97116282
128299129
117282857
154650129
84947747
75243258
28672109
48327082
143407102
120325433
177867930
126813410
119532914
10888432
49298706
75625700
98464450
23103771
136975313
115161190
159232937
24822786
30142569
33730667
142780200
142011890
170828041
63116025
159923089
149578693
126874591
142221758
149997046
13449514
5025473
145900870
123527060
126770038
60706564
155708342
64844772
104339068
163300965
72056278
27675959
126765237
104
100059649
89987966
78518790
168074752
5001616
141890998
103257950
133428534
177276287
70098823
10405056
62280149
5881655
106885450
40757226
50111117
102456510
73983334
179075603
137611591
94925757
49564452
43771268
105354333
44822669
45510453
152646481
36585992
40345438
26044925
217586
10754914
55792946
171078960
180993562
176607837
186962520
172570507
107656111
187045751
21779359
149089461
1
65539206
58928585
125740229
56033524
84947747
183222297
58347868
135691556
110771117
90312525
135578919
179288328
103966502
12271547
22622953
131469927
47706706
172797174
38831255
161062681
3146527
17810758
107701197
6186768
164762982
182126869
714
137926211
158517781
2705078
127596445
176929628
148080922
109513354
33797071
151927098
86164156
40
24681603
25196456
83254905
38750654
188032722
103806385
76314271
12995936
108603450
54796262
1576239
8937994
56812701
150664301
66821999
145192508
69511154
155376887
76738788
78621379
23789462
53528596
185798216
34963612
35017499
59450091
154261952
94844077
82056507
119641252
38301475
127194529
135259137
179561238
171099489
177700027
147516363
110829914
29228330
95094081
104778168
149060426
166548988
5834800
3083846
158703725
152556752
16709402
11158621
104950749
75775117
153787458
22815903
85364011
141320746
183138191
154683430
128523481
128829545
1870
68156581
126998575
106655628
1
73383527
136987302
113034637
5805375
273
2929501
77199151
140110355
169084121
6
42521476
53710165
44653174
78759342
77921456
15
16323115
89449000
179455331
114946241
11007746
