81799819
153824560
110255603
82986409
108531282
73634231
36726341
51975986
144733864
21294375
114408035
124394301
80063977
144334946
40
94277890
1870
158294969
136739017
58742254
124029122
20528172
13905058
24985857
78846501
40
140162174
25914914
49747037
48631941
155176676
810062
99686655
76450707
95469216
1
48385524
183826744
25557069
171621681
4083968
110029450
4126648
179852350
95548126
170403990
105138721
104
176877894
2
179816682
15
78434177
100268029
83172865
24919828
6359847
71879344
188634323
114221327
106435763
37850272
38868251
32256560
116959098
111446353
186388983
87230625
9096512
104
132239231
40288365
105724417
120393922
178915643
93004046
165481172
119378963
143020836
153356142
15
73634437
144885421
122142386
55138038
53446849
28342234
86615771
75235569
15205712
165727089
51930213
79847297
175369352
95260052
75327017
98798161
44762854
16591172
102710448
39019137
127466697
15
132053775
103165488
95002833
73889854
19954221
106718078
134933222
118277057
57783390
2
70589551
135473643
184113245
70731601
83451083
27671898
19934652
922214
85444167
39671518
4433393
177268006
45696940
38750654
42490241
21125857
4966913
160833242
184525381
62026323
164821060
61729623
165354379
109620604
143933276
178904587
133519280
154240749
106538341
20102674
75170452
73280855
104
36043028
79047824
346925
6
144777056
39153528
40
118218169
183086141
714
162690481
33590844
25541489
112240801
31632930
149529671
9889509
60870226
175758804
99192722
77457126
16682546
36565207
178368315
169124668
58793121
133408247
151042035
70919428
49206240
48698469
110405690
15848293
3558225
78689444
90909335
173368363
19593812
107234211
99796159
165281348
1870
182303276
8781287
91617766
44427310
123636661
61066541
156438116
1870
6864825
56394590
45720617
147809567
174823873
52882195
84717029
41921257
146853189
159443536
33792540
116192726
2
6509017
166205153
70290756
87291863
101341383
158457060
180117919
116604226
59480295
55792946
174579535
111974131
180342429
49929832
130876861
180534755
26499004
172708152
77904980
6996443
101554519
15240057
22172988
150742062
1559601
78596307
28672109
64532240
84947747
187103403
184662762
122185863
48043973
110390586
178656176
151230029
51530815
148193784
169873375
153922122
147149497
144784541
160940280
46468274
9486205
186993361
152425445
160962041
138647076
144872178
164860374
14428865
82068461
34104003
126485071
187593338
172193972
107650144
186099394
102532937
173439939
113383039
714
14957854
95340421
53575616
74971384
136500256
54143788
56378768
49743094
28857916
103258184
15
33012085
25781695
5556390
16106363
6
37766004
107580337
15790375
17756708
55933547
186804139
56674818
126926547
87854998
110968318
3728005
129870753
187599611
143052277
125214304
15467650
5907913
83583884
3500820
49918904
33899043
18766860
96952421
107643006
89538041
83242109
20063730
50300311
36188685
93752531
105788455
69463253
110030540
93671243
79184900
273
38466132
152352152
6545609
76776078
52145618
37310326
156947605
96155481
102695794
54563802
23393796
131897066
173006478
31930496
74049690
109513354
66224198
149097985
51690972
152939290
134742174
2468895
45970860
17129947
183881678
12816
159438206
53391325
27726782
92040575
94422742
143827626
112055057
142322917
55948273
156551291
127727061
55138038
48103179
149490228
51961583
73296002
141586462
32124657
13184990
35292767
108258697
161819616
50673739
81423058
89994172
44441510
70933678
104350795
24329113
151044996
185445090
92670828
180902393
116002687
98971620
34816594
32987672
102022534
44599552
37588916
185938816
26496782
130586033
95272937
93237972
94625451
273
143864782
104
100553935
95768803
6
9766370
174801736
8911989
184790492
83790296
161126445
34922285
185445090
74703719
128870822
15
44869301
187913656
60295575
83542564
2
15
92587353
75212745
103659543
152893932
64555437
8142062
110588990
122998189
95769487
188674518
100040861
14301349
149043377
17278656
151018206
112089771
161622527
45784836
1576239
59019886
15
86797103
175021602
87743306
61084375
83142041
20960242
33631111
31288334
116228973
64706248
172724454
163932639
66557900
182226923
132004363
145688614
36563071
71116713
79270750
132472398
11102274
121115591
8594793
109982788
42659755
37711582
35451897
2
47939639
113097255
51277909
57814834
21824437
162490962
155715883
46491964
34910412
70869917
169794612
41346862
147197049
23329549
714
145335360
158325538
3630614
6
81293055
74771435
90470268
94034028
18574906
104
4933323
69268005
96138450
119337919
133125947
56488902
55116751
135906557
1
80696033
117007904
132706983
171982612
93031885
100591449
138854711
171224553
139518527
15360801
273
14863004
48294873
143959430
125970849
137989388
21164946
57924862
34988873
71960719
55191393
104762391
89013644
87222693
104
1324038
101307741
114508992
130760414
35650229
4451940
130944334
72205867
77579931
18018481
104
58777311
182877286
101002675
44092420
103436808
33580143
27262657
58514637
28881008
149807664
78786192
133941149
2588619
2214613
38750654
62514476
166515529
178927075
60227828
42685550
37952913
159451121
66134315
104762391
130563330
177678883
162622590
184722227
171870464
174725391
179647063
70406446
180842737
112887964
161006432
113565439
129590428
49703959
1870
149694078
109136896
109493437
37139202
59040126
127954634
42255806
96309856
179831401
33030281
145986309
153189554
187558830
14631981
139312188
97812120
121348921
177009941
18018481
89851376
32650385
41963451
6978348
48958925
25884276
50031785
48192666
2
121189622
20359927
172354387
150020205
6
1
2
20507315
82801133
142681880
111227124
81222677
42774655
68967383
71964326
664737
90804622
110159299
169147647
183983251
175244027
33971029
104
53896272
8188083
16070725
180812249
166631971
103067293
158335769
6
184099752
151513284
111599418
48588574
127621000
6545609
714
159334276
103553133
97110817
42521476
41094354
99197184
27833244
36446713
90350607
132741968
6
151165025
1765474
25697871
88303011
165721065
54263833
156770419
72876063
126614177
41870708
86769199
145024728
117851402
151092250
16502219
166624789
140966569
45728431
150651385
25023169
155757536
157676597
75920452
43771268
119043329
162721847
18521761
52061628
91005294
164883230
82389340
114729320
155842144
71161726
25341680
7233240
24883048
76549256
35364078
136243939
97277526
109621167
178286613
140702722
83554474
62355293
23976092
188036947
131923675
130617868
177805273
143590295
111567287
188608696
19379742
17395053
87813616
33376066
44263091
186946999
98863007
29674448
17634010
179131427
56354565
185171246
66457159
11642053
47575704
182235763
83853537
714
164499419
5183097
54783699
15790375
91066080
37241673
115233076
94797130
23889909
2318227
177675452
8787403
25120040
30008534
20484071
187222838
169428668
27271572
50916860
73844869
38594430
182835632
29217679
13964706
64206223
84535753
166604302
20984461
8356080
63644240
34632699
167248554
55387200
87163875
55792946
61066541
125446560
12186587
143125826
3399171
9775548
147262709
141295867
55283587
126932855
187263827
479906
161332127
109493437
714
77157033
109493437
67353551
136980087
15232204
40
187378059
152691012
141145281
125326737
112716107
28539201
52488259
10429565
90470608
37562833
35797574
139275063
55628930
63942720
108645593
714
114850324
31317488
153712471
140812992
23184531
164194846
184838494
1870
41125623
63951942
3939385
162625820
111721657
10046688
8192124
181955530
107939134
110475138
67503033
47283824
34290965
92162587
50778611
25511197
133704619
133806014
184903800
714
146649723
38043298
34141200
77949528
40
164351636
49085989
273
23586316
140302306
128986705
31095969
26209870
35224838
110710806
78759342
148627143
68140431
22481837
1001112
101430730
143641791
17821857
4940418
113663016
15
41335134
144125308
104530484
108439353
28672109
40
16654642
125196685
4126648
95543001
88557188
81489045
164825908
162376975
38767286
8553969
144347981
25543405
173429638
144280196
158186621
37477977
56083683
89838348
79469431
186868433
187390927
47300469
10429565
5751656
714
103090258
10305891
176054236
28672109
97260350
81435951
42312801
63130700
168603803
132254634
7657839
91948341
91456854
104
86351128
123824598
120917273
11248044
64772717
48256111
164958047
65730273
137358777
57513370
175453262
101377531
148727451
185528928
99460851
2
136858369
85589163
132820346
159428556
81829005
11341264
142615936
64634650
167791425
184499401
139257198
90294772
23940219
82194063
81573454
155793161
173712285
87260023
135093094
119663547
47939639
114853188
104
36873744
26886028
117836281
148385017
81518980
98991703
125205395
169316640
178717490
121047938
147197049
158360553
114391229
170227051
134561337
30791438
6
102533956
165200834
38203913
273
98978341
185957306
159895779
188536222
35006575
176605917
30060712
48917627
117847895
110864383
24783898
62082556
158054286
145226759
81198177
148200825
160429227
115496948
175717704
42000668
26387244
15631810
74585483
161915776
273
124247353
147449233
12993547
88509899
68209784
144945502
77411471
147496502
108596820
15
179778036
111267819
32917732
3900418
133628043
10562264
168364719
170031990
