7993539
174738015
147310231
90481268
112240801
179238945
108960017
6545609
273
178876625
1870
73347874
104
10734116
95417845
78751228
104535041
124414410
71708747
80820247
112724674
57761769
153241793
145226184
63501534
85166974
80395112
1870
120778932
179488176
72003036
176047266
53416119
95944940
9138363
94539234
90470268
154495251
56932297
88466640
22807413
38451164
84707996
38364680
186294988
94030241
75687726
182143987
51643164
84218792
110925366
25511197
87163875
66906371
129699067
185478051
78080947
70886279
1870
100115967
28825494
9750933
129211496
134810445
2
170227051
182575374
4895
113938947
55339849
47939639
109252190
182354705
74530298
93782383
130617868
34212035
165732825
109087415
52835729
111217333
48740953
61137480
176535352
6
85701073
119059153
138421390
59273915
136412061
82286022
144625815
182859394
322304
79600181
184329019
70703163
157038930
96775573
116080672
84722988
63908254
164609272
146342531
45728010
103018820
51839968
24268646
92920425
74722808
11404329
161049404
83875667
51225785
162992021
187096370
152805957
185445090
106887261
89718421
130618819
166720939
82151299
145905217
64551449
117002814
4895
138245959
54230107
118347785
1
117318812
103833048
12763822
185121901
37676801
180584627
7981921
47749591
40
175379663
85950920
37676411
43058152
1870
75707000
273
168038633
181258460
33764034
100985340
2369071
111936871
104025560
1479720
24536840
140406701
32658466
25717851
134480833
6572382
168184484
126081228
87367994
64938214
184551867
32249553
126468484
111667938
129858943
56365591
22171300
118468182
156243830
117241950
943738
33237180
32399822
13472938
1
19458694
2
67330360
5871344
147080228
5837222
108281043
71035554
273
136234274
146533874
152347946
86111269
107809555
179757490
3531123
66975002
183074325
106901263
16680084
39938224
134497285
181783112
7247884
56701369
144888581
175486889
180284596
147771763
33552
164831341
3503514
175447331
111041288
182343968
85416156
78524888
149708253
176439564
120009659
118841509
40870855
163322879
188794116
112120701
123203032
97416708
127727610
42658309
77784063
160398022
45457627
79661519
273
73119196
2
31229505
57095630
104
155655635
121854869
155377096
134667468
166508794
135370738
146752173
182989079
90293979
174500046
15259759
125002381
92842337
149797105
174785261
9350814
85431729
20372730
38924051
18425638
3738467
6791086
104
45063766
55318113
188092789
105472363
58938213
132988385
76725839
160461610
174790580
48643371
62858731
142457418
1225737
64639814
124438471
23250476
46209352
172705867
185386405
14553864
88127294
27437380
61487539
64869468
104363116
129766365
96573144
12468319
41013416
156365105
16572591
149346841
55792946
89411228
60730485
273
127751151
166077412
108747637
44801301
153979923
57426697
15310712
6768362
141871991
128428738
12492235
38930011
71326717
159070846
39671518
57370541
66790571
50146386
183245545
74800945
122349313
130485451
185094227
21271715
104
15
177266666
176240249
9443934
60756996
113345136
162322363
166884404
40041713
95256701
27423942
149612778
72610130
37110784
38594430
145540422
50791609
107852284
185758969
20005982
186400479
128763721
117814419
12364070
167553443
136048545
96224482
57819385
106655628
128393885
144276595
55124544
91215677
70290756
154234361
143323429
23808495
161097479
92040575
171541561
110216889
1720980
187798937
80104833
52114637
117923117
150664301
166264338
1
127948994
12992418
273
178362104
58258559
8874290
10312894
72706165
70994519
177665932
140819358
12488374
152832694
90499038
602070
29198362
53972006
59811168
65403506
97529245
146840119
73291786
139066850
55425155
1870
137838470
1870
107897524
74805393
103565973
28672109
79718474
141643435
98403897
164652056
7958122
185404179
110163192
188783645
177199262
118698533
8928345
130281877
107328302
63129942
146216371
103642865
151193463
103395860
86966669
148678375
177455783
20774
105831607
56284602
170337207
651310
9828827
73114423
11609995
101252481
128969442
95417845
123361872
112089790
133880027
58162631
15232204
170930950
8689600
139472014
173712285
97235917
99303642
53123572
273
273
12382303
177561187
133934757
30818692
6
48465463
121474194
7445710
89016154
40
95376947
173858178
102992595
714
1870
1870
173837759
128584206
133156183
78783323
135116612
162055290
138458307
143036765
146462695
188382036
62817597
95736420
12315537
58039573
19181901
17190330
187640398
80946691
119671374
118729406
13740294
59916992
50886095
143148525
39357202
81873077
158324089
159755447
37421839
49861272
15
150585682
174191812
87248781
162112131
74783487
141584943
109621167
8918998
121559600
34234964
172561450
181707082
87079226
110549772
36170123
90481268
57556097
91710188
100901722
8229504
54399486
138046141
94420452
156563203
6389541
104
86546301
43022633
133748836
25109117
73467790
179508577
181644343
1
65752299
104333170
714
92371182
175331165
89485671
63909130
49811051
107364924
134822639
81482169
84821819
90470268
74430559
167823468
49254886
156071146
163039148
164150947
161906807
166255664
42768825
64555437
73073894
802716
162479382
118587901
76259565
114514022
15274855
32149229
273
11201251
158634748
68763199
85767254
18667376
165204058
39387358
178106714
30133866
74820924
87546252
33488219
119896030
90776670
11243221
23249063
101093892
54465915
38750654
173712285
142859535
187640527
187237047
131958516
122876879
72649439
46414791
40
164307387
86596758
49254886
99583500
121007081
153824560
58039573
113376709
179980877
89490767
160159602
156547661
29825074
1
160205446
150971437
107810152
93644628
78404134
9260604
129692593
47277874
2478094
154051881
130961358
147102380
52324511
98821957
129601598
129027461
121185863
175524557
24103175
107714189
162135871
183769459
100297673
36907756
60204073
40826222
176812626
75898911
1
36762437
38793128
69614709
76175427
149043377
156595181
104
170142265
123005043
41894245
125962868
170298922
137275769
7504216
48779125
343040
146393220
94962911
143515856
23782624
11801265
96519323
185445090
134350709
141077145
149064055
32164194
6
93895575
31881225
177503129
165100720
393132
10854362
27394816
25794447
43700785
124948116
91296943
166336296
124951050
172657203
714
15
1
71888116
16718728
114853188
127917600
714
126366563
149933765
39874136
112719760
29424484
85791058
106465607
23729888
123730299
95718980
79662020
91887819
6
138156758
188826729
186081049
73706187
25292943
138797279
173802840
122554695
6
57224859
153445408
78572203
110783238
37743127
142413541
118204431
4975725
68737433
10127115
185065776
143409562
51792737
159787939
62059799
108946402
12771005
104
157238909
160052019
103349086
106416350
171940664
93412509
1870
155037715
170612924
180165681
138527506
49179589
16637257
47060894
131934892
104914565
49480113
142292937
83975065
80398683
166965771
166908924
140252270
161805730
167566047
97683922
18602971
161283189
158303651
107804094
65725530
47323001
101652501
15232204
25936119
145325710
114059156
96944632
82353051
64508460
42380343
101599003
34254342
147809481
147421617
6545609
9683623
186306922
25841761
111794293
21280712
177178476
140826235
50001464
20743393
91901914
126205606
87432035
87637898
111858309
184496414
150043537
162780477
144466937
2
113284716
150566590
150068992
13500669
90475594
61117943
65941636
57065546
22278278
58102643
158398197
176956847
69196345
8995665
65066476
74239643
32264026
8833727
15
117909062
15
42380343
40
161031886
152469709
1
59766175
43359137
121905577
64148213
136797416
164548866
115915276
140688721
83366834
109493437
10803704
159514772
88972759
184589653
120086842
1870
180112806
95484980
73411971
177730895
151971208
83415775
129692593
59979098
27919679
15232204
83630425
52942308
129733325
89838348
161924090
161344753
48123002
85668434
74517823
75280188
84379986
152832694
174738292
30647411
140207839
120962915
188874244
147620748
142883331
132974565
138763013
68749925
130114006
119725097
2
124199702
85004359
171009630
86589032
83245887
1
87172712
59030975
48944746
714
36209345
31056715
103953537
117554902
60206094
1
4847037
19108607
47939639
97438893
86898955
87730577
784341
54636476
42095587
74405900
132427020
140507021
158077088
167790902
83426545
182185867
77434698
108187772
24529562
154698575
98315675
112170449
175799679
133617776
2
95007533
41158297
91957829
145622600
164060069
95637984
19305237
99711190
134300851
106449118
171760210
94054133
2398625
59632881
172703498
121274402
174745191
127738246
162386885
35265430
157322295
73687395
40731667
6
104219553
51889690
27330367
80193490
14891779
42067417
108096258
153956402
104348866
150711032
139617586
66065344
142746223
168450717
95025463
84473782
76102049
183728300
92172997
147646957
117954930
175931563
43635826
16540210
1870
185134125
117302156
167422000
45541706
40
160150942
89765887
8244961
46970878
120343281
16873562
40473990
1
99932322
17161216
55946063
10919629
184501031
53307167
100871307
150597492
112157149
183540548
76055095
53163308
52529027
185124899
27567197
86621276
149642462
117169592
28672109
95955053
32388054
151997801
8583820
7541299
49411007
103827964
33908093
2716198
77021316
143304336
152939290
175106119
