86660652
46903270
49688795
62303627
70908918
150175
70474346
3536517
176104960
120254525
103423951
74202839
52616212
91615737
152339653
127937591
129027838
151001002
169227453
180380702
166053008
128664736
185062517
179102608
80086337
11025905
160940280
76269297
23469611
110439376
116690517
35681927
81467634
1258481
1107803
13638572
149428035
92272648
7863087
145801208
6542709
174647153
12713041
87446813
91987441
75999184
133608779
1
64130363
117814419
159033230
77493269
121820760
4109575
126998575
37378571
30907477
75095435
20290139
55138038
184530153
142388754
160052019
44821124
77296121
38245219
74895859
73448666
26428902
47923360
90187952
39671518
58985534
136922784
44489654
1
65257663
155003917
42109710
155102357
79319518
148948006
80064335
185445090
149255562
140950786
116129831
123627212
63001252
91342720
153064021
130425496
82365488
273
103260807
109109195
1
15806933
177708729
143598685
45588289
64186249
7661322
121305085
131219293
141433395
153497014
149680715
56683081
45048013
163742170
27839838
39550846
72646138
94821699
137065404
11032955
10184074
183917371
93127874
34465479
133356758
96009633
166571339
91457602
103827964
147813234
31262135
178186196
97505444
82279273
162917015
51831677
168901181
47164370
101742284
79429371
15
36773820
125366824
5016598
74120146
82238083
56496675
106751943
131485692
10029415
137373272
178223750
49330108
53470172
125240776
17145406
33552
6657369
19561379
10879789
173657963
49935396
84778092
131092756
138083123
44253194
58557188
134294084
170928370
72620912
136559951
140946185
105117823
94869917
181258460
98448032
714
1870
80205939
122986587
115990404
133982876
147262709
136498050
140516383
714
101991980
160678362
43042845
154161397
170680784
11057055
140459098
91221691
62788094
13575081
147726756
28058008
26487364
45517506
134976385
127384521
184210876
118390992
40327685
57407971
16067076
273
229970
22325154
137108766
476487
87896842
35091151
19992755
4436759
169675415
126998575
164879467
59493152
40595838
53325016
87556579
186094432
10329487
110210006
77602976
273
37309052
170414129
9398179
28037954
136197752
107876094
113460752
91710188
115155682
40037573
28907546
160352024
135570542
117486543
65974441
65083886
25331810
54006384
5827284
141791572
35870290
31465549
123973739
10979030
175774235
107446250
50154195
165306463
3128750
10440164
17519634
142138801
50069438
15
65505802
58042965
120268618
119178256
107974634
109072151
1227143
178046577
80128755
29351584
55641447
27975420
1741926
66315105
136417819
84122779
28654194
343040
50705572
273
114934419
180343637
143910483
55131627
147036358
139818318
152836273
4975725
108650870
59165364
82142141
273
112542335
60716798
93166017
90521741
136396473
104
110584365
104
27082446
96495080
87841
104
110387535
15688963
29976950
52079578
72651143
163757475
84216572
91550946
33214610
43118
49178005
107459847
135436730
24115921
185446940
132032330
25510380
22682936
67985445
70167022
21345078
4895
6
70497480
156654046
69719633
158668932
52268851
133028432
81059875
87474318
35344154
175120527
129341686
173712285
65904767
125563442
60684562
154424203
86781516
49986505
31271913
138197733
60579738
70869917
1870
6771835
86139457
714
158442569
35230301
20253713
273
147262709
142450832
52684215
104306197
173072158
125339891
2039496
58981120
10429565
69452094
41671197
11293865
130284263
66443533
52200002
71064258
68475704
38750654
79544335
3753244
28405700
31848201
107033914
1870
7727003
145218633
176732732
113626507
43600845
73262139
73746453
139008853
67897980
87956217
69717290
4253645
111276491
15080877
86821830
39671518
144389453
129875360
84336655
23914313
73331206
16447356
1107803
176937733
147451187
150878059
129354563
132843772
70626173
161554209
37737949
27653267
157483201
124616497
178998734
59409946
167150886
154023586
117847895
62761934
27789017
39430680
151436267
127616495
54497926
91959523
179707130
187434277
179352782
101913206
53864414
48174806
137482588
19749021
45863624
162966006
50629315
40775893
61066541
47662867
128192788
132808474
143827626
130646596
87648008
58763028
114660512
1107803
146292395
15552782
10838098
25511197
68991916
32487428
41821954
153584368
34707566
36848236
748189
157902633
2289656
179548065
90470268
171887015
1870
2
80391462
43868545
155959873
170791530
56980002
164383448
3500587
46341222
40410790
6
48936213
41763263
63332958
112358092
58270313
40
102397729
30428415
110337461
47118812
128886852
132511612
3615841
109615550
89310232
175386311
69010805
15954148
120305998
102122381
40
65830398
20939218
134940185
170308469
1870
123784137
149129782
145591477
98641444
148705572
184629660
31030586
161082084
162310456
61478236
162913326
77138991
163544127
70384448
188672744
97675808
73041980
124857794
52895466
141218855
43922643
140116668
77850499
49493218
104020496
63770540
83067895
184405348
174804961
7499301
21848952
123359377
49083481
153771481
61050084
6
128671195
139038469
40
135585735
23349406
44408460
91359031
79353532
68309582
40683576
156286233
100910347
106655628
137787714
185649670
24508174
140990842
6
59635964
14816127
60270266
188671896
75047579
38293117
101676818
48161310
77253655
78026097
126081228
126652081
52182644
100673003
182142505
99494953
57231021
117847895
149400680
173916136
25511197
30176111
63863766
35810626
40
78565075
75175564
273
714
19047258
58039573
1
62949050
30081830
28727963
112240801
5115748
137706787
40
101431742
2
11308076
121688063
61667665
27997976
88637631
116797576
83132445
169481195
9676407
51498576
165443880
55138038
13197638
64815796
107575119
21327507
115407945
69636635
108481196
177899692
155131789
120220666
41874133
112648745
2608442
22976226
107143871
142026113
110489867
23018876
105989922
147175727
53149361
152815583
36660588
11195874
144508411
67226369
111193976
51620325
48046251
37230084
17519634
2716198
70742955
116418555
12220448
146278331
85968860
165624756
6
78165218
59115837
91968892
51764545
83179197
67344881
182961272
113128729
144436155
34584412
159711174
2
20185204
83224922
92513131
30263109
78759342
2905586
58973480
116971757
25781695
148009981
88389090
152436844
73165025
121950463
30348666
16626043
43255925
137417496
55023945
61183532
172710310
155927084
7232005
126998575
53550146
179388315
97659803
117224049
162233106
75990558
4975725
36455821
135683841
7386698
144149528
103120938
103093069
183105423
1
89766878
173442924
1
163298661
113493180
168533999
77610365
122505766
107121644
140663116
50744929
99959917
175147666
117285333
152832694
111018994
136963105
15232204
62375390
167703924
63643583
166992743
4480680
19981542
2361454
79510298
171578056
126563053
26256924
75651366
52238215
21978325
140670203
172380606
135634200
160646254
175295512
10868389
170903987
42303146
1
5710092
137561154
63412210
31475818
122752196
5173003
156356119
112543873
126998575
54108198
27491413
28504377
70290756
150772731
55688667
11579895
25149782
184341196
51126347
20160261
147857066
52274103
146660454
90054242
56588384
23516130
185758404
30756459
104139638
142417051
55910382
96363479
81404548
31133340
171893642
125297814
84407765
181052912
46850985
179584563
17519634
37562833
126378196
47738670
126311345
130209783
104
176257376
121531135
175114428
99200437
128444158
172415814
176188732
29786563
42881358
48520948
169973913
30929629
108110790
625866
34631184
10693571
154601556
87104383
118879723
74972756
10731171
77056302
49823613
175541814
138071081
41385398
165428491
162446411
128425373
148038250
54273380
110323576
42830938
26980884
118687751
112457934
122495735
35154776
48724498
11736438
133690426
124049194
57694422
32786785
82759518
53374844
86425726
15
92560606
1434413
145639916
170076533
73959801
100592491
30286961
127365191
102686864
16127241
65780922
171306383
32036624
102620496
89459999
147180428
155608584
169952632
127857119
84836583
54074348
82744821
175946565
24963345
3613567
35762165
169238753
132032330
57153493
70822186
59747749
138932413
121064214
154513826
104042433
136497890
26781777
32374293
121879926
2
143585255
126950801
39053263
130004012
138846306
273
73377577
72122622
45050786
47046068
163518703
60668786
89140506
171699062
103142666
38305854
76548913
11495251
8583820
57425209
143052587
32952394
103537888
44417934
3848976
38371055
180100238
181041737
103949916
121144961
12134970
7284887
68164049
156428879
91907673
117185216
79834822
152832694
93244477
104
379135
140001976
132024193
26005287
39543131
129681467
13602168
113038335
24091920
50111594
82043959
22253379
178913180
185363763
81930479
66111875
95376504
107832308
182449628
147421617
32902026
167544989
98881034
184534481
154525600
115439480
62710802
143447550
162218908
3905408
54026753
105132837
34325379
64131427
64833725
10580370
100398854
3083846
187043178
178965709
107585660
66464014
2
3908393
134019026
74144309
110564540
82820264
78524888
155948412
37199116
9258155
35350554
6
33219879
122199890
14059731
77253655
30744648
159986105
273
165001334
99327540
62624596
66017431
14350451
101571470
114391229
95464371
9385440
142388754
118242625
181692755
30002554
128432537
178835683
145013214
138304022
34154907
26278587
60049267
109318368
6
59084642
26696062
