1870
75493482
31969870
131862762
51226001
151016873
32012516
116220358
15611136
39053263
87279539
164706941
6545609
145093607
177270858
54498997
87841
169063919
2967618
105478311
149136314
114594562
63659781
106914790
166143004
105649097
112279722
714
79161229
172699667
152870509
185053186
24338943
78207682
122631801
161350443
23367170
74337903
46548501
141189043
62234885
104
111515320
104140656
128726761
2
119554214
132124107
10648780
114255580
160855564
89352245
54646498
30100730
15151847
179690619
11204010
184316538
174947086
70290756
10409275
76005510
84963382
83474264
55792946
62879756
138180912
20015468
602070
74047501
14413873
273
70292241
13442438
168762240
126998575
16914313
84353472
146071827
123574839
29909718
111038175
87809496
111978556
273
149723167
188878581
131438800
42078458
55308363
32160686
117474389
122729660
114504929
65302109
97435698
179337496
134189484
60073830
96062366
171495464
97300971
105911807
102695794
143067008
24653213
68467067
169222952
29995784
55484808
122784723
54669977
5946992
25100990
101536506
273
8406340
7106909
31422098
34577017
1870
28672109
29325486
39296444
85178838
38269784
177248134
25265296
162064688
16048081
55036921
134924283
126998575
11275638
64587210
77283783
107002973
91965935
56074722
2509776
62234885
55419266
64416713
33016611
31068227
68298850
106453831
89140610
119544669
79194648
130935908
61050636
148738524
144098260
182181229
122462482
175322120
24996923
113711493
115153797
117780575
68572035
113299388
8560913
9064425
116559111
15
30214673
28308149
188544942
147262709
103419682
136749232
140433192
67222712
148532120
73389941
139239098
171853886
148772388
50353241
44932039
103567619
64555437
172064387
47939639
64520456
147625811
154060880
38089948
99032154
74766501
117847895
99090521
52843684
186756969
107166145
92676060
9115105
27964309
83602701
69424449
163880925
186655140
3967544
118084399
71897413
70952022
143930088
96645974
96973762
67344881
158883354
46700496
168029557
74587453
46562343
90792471
80001505
42348102
150293462
51316302
141405092
142435186
117581841
102582276
86133506
2407701
50884902
53187652
186620198
155471122
99560872
96251725
22941056
32683299
49894282
18896495
40
64304502
94699857
38750654
95971669
19840459
43746607
97866346
155187139
4552709
121313038
159770432
96657342
103258184
186737217
104150724
30804725
93879333
70290756
19766371
144037390
15438904
149692275
160465976
9439441
15571413
18645023
119772336
101484523
1
30748956
184731615
94514880
182038572
97262237
167063027
35652360
67013991
61375509
101922895
142859535
178628875
126508588
85596262
265325
95417845
6644738
133950209
78041093
144488138
131894300
714
167756987
88076028
82244553
60955513
75604553
155286972
108130345
178080002
168512230
176098330
96318684
130356814
125102384
676505
42266923
69905898
183545560
173712285
159656439
714
131359770
159944335
151689159
75276684
133302585
85130788
273
5677851
5504695
34269389
89363702
78519592
95417845
52122137
85223186
22613103
56035402
185910890
52774152
5291616
122737041
84429225
66917304
101631562
5226673
128196479
141265773
1
107956747
122109941
104538741
34302128
35667712
83903780
132155393
49254886
121851274
82174756
13873173
180331900
19750990
20691523
67647197
149043377
65811639
149541631
15132653
66105194
31983959
22101267
8110142
108784899
6
90422171
144806990
109621167
49996071
13944692
46467139
116184771
184132389
117754607
9692429
147593592
99610264
128336164
132924131
128038937
13558163
70482380
90470268
40124238
77787182
17794694
90731453
117020169
179009790
46067755
181445387
73906134
26688092
160454261
48553258
132910505
26165985
146885809
151053463
96336436
92561082
9623274
175907813
48144636
54621631
179074858
57559221
131631754
154402786
76439244
115609143
134345508
32940875
131692719
114853188
112719760
15232204
171324582
154447947
144633264
130414777
148873225
1870
55134852
110726118
127823420
145555609
158753414
170675847
182735802
15095065
37562833
86747254
188672791
6242477
138871167
19874373
163570344
131687722
175135602
80810346
151939792
124550314
134787133
123650103
137412463
3679004
134742903
26889596
78123278
14618248
6
100846295
175262950
16480759
40
68102151
58401169
36349319
41096198
18398547
182998323
11819556
161948890
30054777
67080622
95376947
1
98763815
1870
7646408
19554436
52278746
93049223
3538976
2085208
103859824
33551549
89430353
13975104
152131784
59609593
66146226
70080880
147594416
98014262
53038720
112719760
54868709
96313040
109729269
120855773
34370777
4074647
14253142
1870
6
77844978
11226207
182813650
137601084
26214414
164279576
149027676
822117
72592291
107930125
108508282
104
20595617
10418517
70575342
60812314
175147182
63339685
77471548
104381879
25511197
120803269
70048749
54088707
9618599
60730485
52525506
52510432
159701525
120323409
111719587
153478431
67968213
155144459
96318155
9156924
30200510
123139557
37880921
117677350
167284671
117712230
85477003
70290756
159665395
141017667
129692593
1870
7714983
70651904
1870
1
117847895
122696365
166972991
98361762
158289966
126998575
181053280
102037502
1579946
65525119
109621167
15523242
182450328
95282719
131885437
122659592
110575596
83382375
46019313
20036171
1
51095410
66020906
158906640
55959227
145670771
55421640
185857250
7551195
38139870
4522865
132324379
83723596
113859273
73732096
188324985
6757448
183765044
61066541
111589980
2
12816
55995017
80829047
152818171
23547147
74101368
37804669
186223407
149963977
102554961
169576375
113847591
714
47885811
106806962
17357779
56231972
1870
40
67165971
184805650
73434434
10273898
128171684
75208317
48740959
714
66373759
117159998
58276780
102007221
5764659
115750525
176748680
118416090
143864782
77845441
10275648
39605707
37952913
112181892
174265673
175883217
47939639
20038218
25020271
56703961
49175056
185503947
96150942
123095142
130992890
72459556
183393057
33686501
173128190
37571015
122492841
174313022
37693672
112930536
25281009
131024467
97840
173629877
4149317
92734228
78121740
171883367
108883446
93834567
44527877
56093359
139627413
24710156
46538776
118175618
58490114
28672615
128956197
137479885
10727002
78267100
168902092
44818792
128708486
63914843
137846571
147558011
138374828
93463015
54262131
186563886
59165364
77308151
34829398
171630147
714
97630344
116160170
170355666
72853929
35689530
120123592
59085032
144750248
156216250
140436167
179575161
174625838
75580362
7106909
130173892
104
117161916
55138038
124364635
103827964
53720628
65823639
74549975
186592719
137311518
117161937
172982877
103484825
17218913
87260305
118000429
146363610
99770707
5029007
61066541
40
122075473
169386293
140313150
170262027
298717
72756259
129275174
42125410
124578348
86229871
27660771
26539433
139363541
92005082
171228459
71861281
165779179
95807782
263786
89714835
162278338
120903133
46172560
102942666
25233464
169901008
33552
55049524
1107803
11978728
74049690
92099954
95008844
2
30129801
186290924
156975727
1870
33552
186211690
79961287
172230054
154706397
2
4989720
59364750
109569165
186278949
173756362
83837185
90857925
119868997
50177364
147262709
76427352
15585811
1399696
49160415
106597936
133790401
77540578
10942367
187057037
99754798
145251601
89852482
16431291
273
15
48144636
121164132
156702176
161690629
21824437
21195991
165949529
158681889
158172530
104715886
88024104
72137435
187589404
81703534
104055352
50086000
177264780
180018108
72621179
74097616
180782106
161004045
179755889
24117327
23676642
108800485
16964579
72142422
152865107
166938864
54169563
15
28475840
23061866
186039903
126921791
151519563
28284465
18229354
108419485
1321386
13686840
182382135
176151640
21824437
88193519
159146741
155077177
74949832
129054599
53481048
141498171
66778524
35021551
119477344
148001988
50841022
77221574
181223678
136282951
48144636
110811658
77967450
88286955
229970
49759620
77707476
183907186
146172936
1870
13032965
139250696
103827964
165393036
522225
57704693
153108188
118351892
61377786
171864578
154405295
117082204
55138038
111248100
83478756
147880210
2
109086677
70869917
343040
142750801
23780738
76658207
1870
95230293
124236840
183209727
140506724
32742836
139472931
96434917
163587456
147695601
173226120
135634200
89838348
74726736
169848242
273
144098098
168547732
82882119
109493437
34845969
172543182
103493681
16518635
92372942
146832912
177668391
171743407
55289064
140720305
91815828
80340515
126081228
74609022
113388174
120381085
107510923
273
7620644
15232204
124797989
127101608
171123645
57525619
8651774
30142569
165402683
186744578
89829446
179831401
183877157
90618053
187496628
115184920
16770102
70150924
124116255
111195612
185766914
139617567
145152557
99792660
176711135
88979865
127492807
80844216
70290756
44847977
132372587
111578521
17519634
125992748
72540170
155853321
35398311
87507918
6
52886249
149889440
173100095
15
67344881
147239767
153487616
144498292
85335932
10803704
714
46403734
135549427
15
29545239
140513909
151862523
11944140
42424597
70810394
186506537
5479078
97919964
34178330
28638708
87226852
75063299
131820113
1870
84950720
59979339
172607875
171967038
55138038
84074213
165904285
174141103
3665439
104
