177484629
54618060
112250780
138169118
102415749
6
145400832
164981173
185445090
172253129
35866488
119539454
49003841
134926271
170519760
115689628
129177753
165003634
78009521
80773674
74744192
118614435
46777892
97529608
116772801
168593810
186920513
79397110
130885107
40
104848621
178870085
6
151050838
108312272
54772179
40
77860270
59396145
142859535
188005827
117813267
133655492
135958528
121948882
41658714
89787953
159446082
58877810
130296957
56701369
36878214
145371208
62581159
1
111487173
127573818
151636538
76857081
79528616
113701955
166183229
71537442
37374415
56813813
73195578
169945473
6
25268177
28308631
142514624
114832926
109810646
714
57901257
48812125
169843110
6044846
173165021
62318794
109493437
52385687
32673589
71356400
11572482
172938234
104
110266248
177790672
92838534
152393145
68656722
130314654
130495057
160247279
63204304
153723820
130306691
10216967
11143703
20794439
147347402
66614084
181170128
162927892
143864782
184357893
88981328
115672262
24751698
38750654
180426701
162719846
171143988
142859535
25371105
177283895
113897339
153129718
174552695
137581181
24054045
54973441
155315727
100451319
34387785
119598172
1361970
29597280
155315162
70143386
125043890
143999459
66147475
80629679
94133402
188112712
26389560
178137893
107113528
42521476
143864782
167040206
182095462
166616689
18009321
51343661
105275319
60283232
273
146372516
133936893
83414421
64555437
12542554
13482214
169261660
58680421
105329117
140181492
13067035
38594430
77253655
72686475
50841334
1870
111020596
157586492
122929389
1598402
170822931
50765672
114007349
14653141
75897811
166842380
53232224
60118486
104
8902704
78573414
134550995
158200232
137420252
184227444
6
27203888
116090293
73331206
161529120
273
106806399
88269982
115869023
151852959
67147941
144554829
65492725
147368784
18048990
40
145586598
19319725
130321421
150625433
81493437
90030839
145066569
125002381
24478309
174831401
78581068
154607197
133132107
40099504
37562833
6327762
51706796
117176772
131472541
156940071
87945760
113028093
29183485
71474710
73316001
53381572
99070922
94556079
117760373
16244712
76278233
85778456
158070210
12389130
159640298
112699652
126426276
4102276
44799752
154169516
157216225
93451483
69176252
9459465
155509271
80944456
21682113
86569718
174329784
120202250
98206215
114750074
153240135
71537656
140086059
173776163
168889688
1427072
103929797
45799732
88620144
188116626
165915891
132526415
40843537
164778296
102518189
19536173
24502225
14952001
85161917
97639872
70118945
25026757
1576239
1419661
89981184
2861097
88049985
85993884
72504648
4850146
161112791
92282911
174113373
116092181
83246261
80688541
50647522
176494118
181655247
159221295
63542796
5235940
108026421
176421105
11795281
2274446
146321584
18574906
94358596
105404198
140562297
76136380
42401622
57933360
16254884
92024708
64555437
188554101
131144297
113453484
116484760
28447265
37562833
110656715
179039006
101027999
699157
147646741
96074563
49254886
94579234
103020899
91213271
109594759
35978886
16115133
175440742
69924771
88919074
151772159
77453201
3748742
149793355
24716762
140027269
180438163
61674797
39642497
56376797
94767618
171375770
59587808
167560513
8903250
95762275
87163875
7720574
1
47392223
50878466
43586124
106815367
147421617
181347383
125629431
76472409
89086996
184823670
185106127
68666415
28698435
20110540
137429298
92637577
124500903
154751829
76235419
167524083
145020679
178082868
119068954
62237568
145614042
116665412
122724924
69267904
36889672
68147446
123635858
181198879
40
9333880
44891705
179073166
53764235
20146869
173984673
117286214
159060857
70911364
88208987
57370541
72178049
80493384
87439184
77253655
9677596
33832435
2
87242911
145953163
80944305
100046506
24738266
58962128
129766365
163250968
181774804
22220748
45150628
48731166
181981306
128814580
36401324
45765172
110822306
1870
73706187
6545609
113089051
53439048
179168156
122479682
77253655
120048180
185015732
6545609
105128386
107823101
1870
166993429
15
71948805
89974915
109202714
72838503
152623690
14072170
158961087
143071601
181258460
53740690
77882298
41505297
88169934
143112080
159117389
714
98786683
40
109913901
85050659
58864688
76451561
41912621
89260930
173712285
165608609
79830394
54319057
83080264
95026077
119723143
153464911
144017592
96265885
273
21030054
160610120
7317928
88773424
143817179
104131909
41523512
154359826
8349115
74713105
101818279
167547916
27172120
163335848
71273572
151989079
107714642
53210174
8349980
105704064
28780628
122609053
169068692
40
1
61902841
135434709
134947259
74255418
153826873
77253655
91775626
41046120
4101445
66539897
115883157
21164946
81059212
40
107586232
151502103
103105469
36856801
23047618
123623829
96085234
57370541
26584738
26972529
44080142
131901400
20986902
176935299
163391056
142400277
157479566
79591432
131828756
14288358
50300288
16993845
164522156
25511197
175608817
714
40535362
95037082
141140945
129124804
36233185
104762391
98440065
40647691
54646545
121458793
6
1
135400179
93315998
57068531
120463606
144381202
152046196
28284465
6
64755880
175494583
134320992
105333491
33072989
714
83502036
168564306
125786596
155597855
182470652
62622434
43796099
74715764
39671518
1
73480510
117002281
66254357
124394301
164297025
22146381
183885536
30874751
94826240
155154016
100869711
179950577
142241962
96967934
166729605
167047113
115467062
160683901
126081228
104
174112509
104762391
50681626
133854590
55792946
154482019
17585589
110053259
155419669
79144791
4453515
714
64463939
149043377
176696197
11962645
57884346
11690153
9994401
52043598
147270107
57675987
185240308
2
110792688
51363674
70325307
47449855
112010242
180185301
184145193
10416500
132902086
34796488
167882510
5518031
93337185
146781422
169508340
145011817
73632746
33226960
112240801
178317047
165885483
124313851
120539384
43538686
162218066
128588663
119438832
114067393
135746593
100087914
170298953
76831788
87841
129745676
714
15
134474797
23671937
117724490
147342560
179100850
104555547
104
171561374
87385047
39092044
120687840
76858240
43757701
102942666
51425256
7084077
62221117
131718266
139520720
54108198
16447190
111797167
48882142
162201931
714
164177265
126081228
38835035
170620787
142803310
1870
81985141
138268589
40483504
1870
42352717
177973003
51598678
137258463
73551222
42991414
178316990
176902948
12086244
147897281
1
161664278
55726879
40167989
173803334
28672109
116199517
22104078
44930671
107664655
147262709
183387466
90481268
17626419
84780596
9810964
56191727
176913239
105959286
113889473
145479746
127801275
52959981
113361351
76432927
273
89267954
59326388
139553411
174036754
117318932
151101843
109493437
122547101
117658907
130467718
48281375
9475205
164619491
5564711
110691796
101552652
163213213
73220457
714
181244609
16423997
82431814
152009817
65830398
33656911
75273606
2
1623610
173712285
80672780
152232451
19940050
273
187820563
302329
1870
84947747
114203668
77860270
54671910
25108518
177920919
134880856
49918904
14029381
170175923
11326104
138350122
21208517
33621864
104
152370251
39990439
11785612
84009416
102005884
4315282
20544641
175042787
49835482
74032314
102069266
26104831
71981688
23575999
58639342
56794983
90001596
50082984
82183188
19312663
50075017
8945267
29529408
21342972
61258968
55930170
44647198
60248640
15146203
33012830
164930265
123714863
141155809
961520
173712285
124332997
1870
94042755
174392066
173569707
165501235
82385160
97664035
116185059
4696640
7971434
26503793
27004519
91957829
60268478
78524888
19717339
1870
152832694
187299166
128312772
61950930
61593336
121033400
38437323
25386429
186583338
58846436
72479855
85768916
183906542
133451937
48169500
126993808
179251313
44076182
19539616
183531423
42311951
133318172
187988958
2
15
84170014
91764145
127204910
126880673
19353844
1870
5900811
177595249
158634748
16383784
70361367
15673848
108927581
186586902
24648838
47537393
87505580
186385567
80217087
183445797
7223538
112147784
135439388
38750654
714
87510273
164029040
714
175494583
181935714
48640561
77192990
58570857
28672109
44606832
169268233
104
91436194
89917212
173222072
100745036
130780030
12759864
72524784
69156641
18961176
69782637
109207366
17822248
128275258
37707839
133669352
60495222
78300249
132045859
88053473
2
84151867
132564934
152414334
1106022
112691828
109222206
105043378
12678972
2
21511776
46432295
30746946
54408002
182642805
174974262
129385224
33798571
14250119
145852089
77441262
56119550
149307859
92040575
174169870
24065572
122418110
153662207
105797110
73964750
39053263
99399492
144888581
57820938
17049552
48347769
158513883
35280823
135913244
70914683
15870417
173313738
22949535
28697140
84836583
67562765
166845830
52803916
12086990
2716198
28271130
37554046
133164191
9248907
2522878
174869778
121405450
79309404
63086978
41152840
714
52585404
15527212
70242952
6
35192902
104
124463882
59961683
156536298
148201319
71885615
124385095
142087944
49882000
104762391
117723487
2
64933804
10916720
177589453
7377412
104751661
84644106
4686610
25741364
101079406
122310334
112598592
132594828
36362917
175790558
109563858
