186868726
17341407
22020071
181876375
184394180
187496719
68278832
97300971
273
4895
75163851
92605439
26867770
117961547
15
102284437
167916744
121824027
120121774
142388754
171300625
45773890
127797966
44320080
148767822
139394585
8873578
136927802
81797381
146295511
149593921
158382070
109186288
2
84606729
714
74733081
133796107
58160878
176675602
15
149407050
40049761
44302240
82738071
149129179
71470034
714
28723222
74659227
50164685
30281318
7971434
34192979
176691899
6
85097753
144013778
38750654
137264700
175824924
40375949
28063822
17394334
43025899
2671253
48518358
179274065
180027608
142246370
20874409
53859633
154365067
99501284
181496796
37602075
10941784
74897199
156953056
108600488
129330311
65197147
84679773
106839058
79246484
137190130
111070554
89452940
31725082
9449825
149686223
25772438
38966043
57097991
157792018
23045775
51368896
49256991
1870
89723430
2462333
124394999
119656665
714
97252674
116845255
6305808
10665707
170344808
134849527
177688757
17307590
343040
43771268
142388543
56803222
121164132
8583820
177849246
9351199
149793355
159189699
163342196
33516386
170979171
42608319
99700201
110829914
15259025
98845318
21019471
82289437
89074931
33889542
17188150
34771711
81592185
40
125366824
128580891
2
124301880
138854137
155270851
135989466
71914838
121820760
107457870
23814320
94941964
29111318
40
143967338
46324695
117302892
169469390
133105850
89838348
112074572
167179877
186014969
186468177
273
138940955
95290148
67838239
182185565
97300971
174628585
102149637
90208009
157684741
125727608
180801910
135815203
130989028
123985313
133235585
183817642
104
96413382
140597774
107771479
156061032
112279722
172938234
714
157141089
134926814
48144636
64059131
66539897
88682486
55138038
2755175
73542392
64905338
57370541
47050960
149545646
168013862
95417845
60730485
87039330
127110700
172054608
162568619
67906231
113416237
181901121
165782043
73930828
184117723
15232204
3994756
38663419
108759968
27743613
26455738
2846067
127112826
22967950
61631277
173189098
109166922
15921035
89144408
15
27634625
78523135
6697481
70948946
59532946
50451081
3353199
111723920
127284526
107748855
175103393
156091572
66238028
151826869
15067659
63511506
168089003
24699849
127658373
1870
81783991
166083398
145266218
62339302
70869917
2230026
154782206
87799860
22347984
37946235
56287198
2
81165426
41925812
111168383
147421617
28672109
51242368
130077986
115318644
52755150
79613092
47014404
74571171
61917339
69811333
125133331
55671031
122819956
64194449
5308829
178819618
173243486
36432301
104
186249880
38285865
1870
42865088
103428970
7528875
138675340
82498749
105825378
77819326
12574241
181029473
176135364
59941488
163880925
107772302
96729724
129225302
92040575
130450439
42386426
118127982
30702797
67952688
39540704
150229974
56437927
2667125
66734563
26301833
105072869
40122420
138862308
111017866
37032869
44362965
114188160
90481268
127601436
85512184
147262709
139252539
48783475
171131247
74951105
40
63097265
116542586
714
139431265
42663333
13457005
22945346
91335758
72646577
22757069
153471352
142184481
71484467
24040154
99368749
64483348
58480228
10654728
58557477
188081813
140567132
15
128244751
54198037
110083807
135825085
13181749
182335068
25982401
112677645
6
118341208
163502690
17233113
171099664
155540630
139121897
80652374
17519634
147953754
1
32399392
56701591
181245991
99083178
156957188
175224429
142849012
109169384
182709196
126053847
117259801
163480916
1660551
78003006
181983728
172581616
70794962
98293683
20935171
139975504
131528568
32589486
147430763
167397857
178904587
183042411
147654720
145926972
109303687
19245295
57865675
115279907
15
64112951
41707294
111289393
1870
1
159952806
40238404
99426584
118381916
141011975
98561689
76410086
714
137412463
106672819
15921461
19444798
120503007
110498214
94044914
140612976
103045437
147579795
154150244
59939638
52568302
130693810
156759368
110744003
14792539
7413047
81881377
55792946
80707421
186201750
91410882
128430826
81134145
78931663
49334729
43795780
1396954
125139533
87815356
66918429
4473262
53124772
71211875
47267160
59383212
96265232
70167022
134845563
28455575
120485674
89547435
27896825
82300015
92094432
92671703
178624689
169452721
43085088
49843752
51768264
60730485
71199147
19375250
99966999
4138056
104
147950172
56353215
186224082
166193177
61152714
136273767
15841040
65701198
45430389
86793393
40623237
27159468
140444151
161420389
73245374
163520238
27731362
273
38812936
163144406
91427066
159221295
172766344
169743386
19745757
61489032
32952830
605081
172297349
176033131
144995401
7127753
146341353
31781811
184882254
101378353
146220930
12746547
141096110
149043377
74430559
1
51290534
161009548
76699233
137447949
68656722
181805514
105465946
185343158
135096085
124993213
121365891
130040930
56765841
22276322
81583620
75140956
103042302
58333293
91416770
47857011
81235579
164888424
126081228
15
155767501
47885811
49340784
163841928
131544276
96999398
96726428
149571107
33862922
83880156
28284465
57725350
60730485
113416865
68715751
40
9066439
106305335
64320928
159734934
169047973
130446044
147646611
26328309
4533120
15696949
92626004
1
87248781
7050306
72933801
1
10203358
24105603
21198921
63079350
127539434
44244302
175962182
131347149
139732626
139212974
31421827
179185074
58505353
46100044
103258184
187724493
74049690
188245850
13795668
174684288
176205504
169255686
61382843
137065400
55138038
184029145
1870
49547191
88494753
154401430
152605270
144049380
147138226
17250442
32921956
133312758
149135075
156648353
27349494
133357745
91699449
714
84583259
65455750
29778187
169353410
64548998
167448483
132872072
163895960
130617868
141284618
6
148274065
184490348
9292196
41285987
177985707
2
139205457
112909089
6
181737456
91050677
73795516
142666140
125089252
121089930
35729245
15114327
19082849
176373544
68415277
38310781
172938234
54469549
40
22941056
53684801
184022014
4030591
32646447
13677131
157141089
73141113
65356285
88810189
48189136
167843472
74969567
95224468
67743989
166844271
166790697
44779284
69030592
12047038
76409441
151446635
185484272
1
54107082
112570647
173466648
31654965
50192402
33740624
65655525
42268579
175212819
43313560
61539631
80450392
1870
35133151
157835462
2
7462761
46253983
60295258
169732865
30388225
41710348
273
183175481
69279265
178248727
28268322
63604765
107079079
100134430
124154258
70013357
54879706
104
17585024
79550304
76795248
90243848
137913979
168906027
181928249
9488314
143329799
6
92987156
119344979
5490036
127601920
53232939
57382382
1
95105932
156510694
110123054
154058844
160940280
19465335
59010684
128660110
17743929
69456541
36441562
187133399
51827745
39561928
97576302
13837886
160732755
106241603
44652359
149377548
10912472
108502426
82568986
6033387
33849855
39788270
4317616
126441639
26735456
138601051
46035684
176229030
145123765
62943691
57364347
93699751
183422717
2256191
24401988
160607344
129692593
43290927
121898398
93302520
96152331
154731957
21828775
69544524
10671732
132797863
113905690
87090771
154225980
51040446
40188900
156971440
41133183
11002365
9463696
115555235
27347109
126858394
35326123
87560209
147641688
151819257
109159949
113752990
76481535
175758505
75873270
28667989
53671014
97849261
157343550
16233267
83873580
99021021
126081228
19346458
29295237
57452796
16826163
182217773
49168166
5428233
94429828
81362615
57407971
64544733
67907526
3819794
126829742
4126648
50126422
13530929
70306759
150748895
52541119
124028381
171102965
120159306
130936979
28009569
1
77433010
30882900
147967354
128144933
77175684
7416642
174441049
146030088
90009433
105374358
127194271
102039967
3685879
141674521
166619796
175870177
158586085
33043703
8583820
90465532
163765465
20251649
185169875
28426776
25909786
84383324
133168125
22839564
64914836
156383480
17091158
155989662
84836583
79659329
108667622
145578008
120979777
69157070
70858163
81115552
148424763
178323025
30031075
95619880
6842989
51169623
143843185
117482207
6867380
127124021
113165398
77983019
71453523
44198662
94997769
15042263
124602402
74529536
90470268
2
121960360
146157954
60730485
38797719
129521425
118652520
42844260
133038989
101846375
37986003
152578063
142388754
86243405
128470762
82652504
8390205
20291935
72559222
128870819
187135028
150197856
85445207
154802159
103349806
32333497
183257325
48711800
14397701
2234994
103496328
107178899
176696197
87453072
39876423
90903276
1870
34569515
145114733
5848360
567734
16070725
67635773
154200819
56485251
30698287
28672109
66581999
184362944
42098060
67703103
69936985
31832578
84955289
156595606
98435404
155586802
134647044
714
140856322
12079554
174528257
44746626
168848249
96438954
70290756
58087643
6
85234845
169512060
70653115
87799860
38991369
85778415
106467215
95694573
67228912
109493437
11113518
163651867
42177413
76357397
40890432
8917219
40840370
69020002
127246139
130829291
49678656
127104885
145548847
43758888
78309252
71299630
99502285
63842985
1870
166893882
19669594
85787711
71161967
158974933
89220553
70876493
42505829
182457938
135130472
71484475
51811221
81469231
115671597
22383961
