104733107
70824349
54581299
147821544
41090239
14369168
76223674
39975476
22086722
21444940
36188521
172892322
17748816
43503150
143141185
140499209
24327778
174573507
186962520
55637302
115866409
40116952
175356574
120518665
73314042
8796518
49573442
116178763
76033698
24410742
24855501
51204057
13543575
107333030
177238733
24094387
116811377
99979710
34809364
71613684
54713765
714
273
119412541
168117461
169561778
90635650
161126445
116029918
117182259
122867915
98283437
4126648
136586039
188407015
57955487
6
107881161
43868545
131430647
171113684
94050526
143864782
132929016
90705568
109445161
110829914
75342975
125670140
112635384
102942716
158868858
28672109
40
4282973
113225797
40
24126693
31886299
152104595
35050343
111222758
164936573
36416661
14882179
83033946
79085796
35575147
16272924
41798582
112240801
127954634
182033682
172690128
6
34835056
166187194
36749204
140747471
23564042
179763239
181027189
273
66422563
39422914
74684977
163669346
167679713
109436884
75972212
9340883
20318564
116884765
113895793
160052019
150346483
73979090
156235331
85018380
1
21824437
111557952
71514789
95417845
181872594
132023898
131211939
140917252
30554088
178363732
182032414
39647292
27689947
143798120
81657781
963282
24849759
34360466
104
714
150390033
147562806
183870360
117831720
59078629
4559984
124730898
6078926
96739899
159033406
28672109
53639300
31444469
21631225
93037247
121487547
149503514
73884612
141946006
1498005
89498318
6
139996383
174742800
126774131
68327328
104
72594935
121608913
115383455
133858879
86052621
149296313
77242326
85438812
143948158
174515323
73776225
64460
50527556
187276143
161398642
83083922
15
125964847
35125476
52418497
63694948
123692032
108980925
273
116970204
50060950
20149595
98331233
148555206
70121234
6
92528371
93022163
15232204
38215254
27698803
64736851
150240679
166450116
118754292
111979378
180560875
23207661
91284455
1870
104
164711810
58763028
167618713
31503432
98350864
163880925
147822012
66202887
187421022
182715644
20321039
114197175
94247744
72641663
151836090
2
66065344
95744550
57779423
57426648
184113386
147262709
138591093
155623791
20701668
273
110267457
183253158
3573918
122980337
179221433
22210525
159291267
104
58086545
84947747
61131731
154909237
130812520
170066092
174515168
170494019
108952154
138282616
151288906
10052720
186870831
105206597
714
403083
62253306
94616357
87997633
13377301
101640732
113579288
104762391
49488990
1870
2
41496539
176625644
48493717
55138038
46187402
62246259
142630903
182503708
169406208
72262100
32422554
23149433
712398
66503343
161369780
121365838
156171315
178611881
94833389
160280615
137669594
8167928
155415383
100658770
76871969
9637706
156066828
153203723
156795765
161120746
132142386
714
134164631
70855107
46640400
187720552
722624
74108014
109343229
144762107
111735774
116662182
87414574
184454343
25781695
714
6
65423293
26912284
49781131
184352785
19282075
9832620
9314136
126998575
714
30522667
105807015
69180915
108406549
40
28301237
176489057
45528340
187817596
184329019
21173448
84191187
74762151
37144919
144163918
106456490
144845298
135310690
188549237
1316422
115230958
124049194
15684622
141853757
176660663
42136379
73943575
164850851
89485671
45523952
128275272
97274683
273
133511657
128424807
106754755
1579118
72045586
19781409
1870
1274984
85169133
59906150
20711762
172938234
75683926
90662575
126903885
132920456
23334484
90275593
103753541
84387385
59416808
97017653
103953930
46022066
16110186
85317750
49649739
40
24499525
111413333
10429565
121407562
141123138
82428102
61902841
8298274
183593161
38954883
85369056
161431041
156413961
165991561
143435442
54534364
31269786
125439692
143958706
130617868
134662361
144429556
106750498
60397843
167164782
166236369
161754857
178440562
45888030
124661034
187514555
62845063
83790296
38859383
60971214
3083846
178001077
32940578
111739432
143409562
4594288
149781774
66690796
56451552
273
107605075
47270511
61653064
186040375
188772105
65150800
180046917
6699819
67203891
49306880
141831117
169064501
54242583
15
45212318
229970
19681557
98184413
162080086
168860088
29327308
180370623
110829914
73906392
42174071
55792946
182334723
165488647
53953733
2
35069373
47017085
98754602
77921579
149695726
137895318
45460934
78687471
273
71311054
112595530
129717124
166408096
67444941
175609806
144598190
76674088
184432190
180899290
83774778
120958985
136927081
34355117
65445792
182828717
184464668
2295490
128401539
84947747
45895490
173720261
67110790
128121040
62396109
47968970
77522669
1
80735974
78543774
171895887
68829828
69157070
76046698
55475939
148872841
41018974
93905188
28178002
129876955
70656789
93004046
1
140165792
2
132548850
1870
12056021
64310483
343040
102220532
15
109571143
141080351
138450613
129572038
6545609
37053240
96231381
83926218
88924352
125553761
27908432
156605692
132652349
15
168997918
79577148
19518518
132639541
77909681
157167293
105998112
119546040
15
63640634
171411792
161913535
80394088
1
170287041
21432926
45296400
133113419
33783921
109126621
155542000
61098852
78947682
164719104
39980835
164291875
38594430
162189865
79547556
152708930
4717479
103631981
42312467
166255664
23782624
59099319
30352356
154872361
16195412
157399451
1870
176108642
23727192
9109326
124301880
124108857
180885832
15
92345636
101839792
68860418
22087714
58024852
31882447
57832668
15
34652667
158598275
121058240
3815058
32581963
68737233
48477206
23932852
126998575
50830820
95201607
185316512
55046114
28348587
102873887
108820616
155905850
2408817
82519332
20541509
105002831
1870
120754389
97178179
10549662
88478908
163880925
64247451
166765614
172421252
168107261
129968699
19127906
128998740
55138038
110652498
133706058
69075595
101821395
40717969
55076976
273
7300903
179970613
5418143
6
80028625
66674225
49661837
50047677
112510498
142510605
63377119
15491516
844905
129692593
126122748
64048197
43015790
6
83270021
116348769
72137625
148741751
166821382
124345033
1870
46529113
30512996
110975849
147701767
55803963
144220986
122867625
128531619
47885811
59152023
53199536
12479819
157134301
12429416
15
164038700
62188675
55138038
111904329
178302913
165126090
47939639
11626642
182207020
34861722
85276456
91102749
137114399
164950917
79395599
112340402
160068787
144948083
160439474
135683841
124792182
27401943
155410615
21747772
179720839
42209342
163981283
273
154626595
76505380
78759342
104602228
104996142
48711800
71499928
46436086
92637177
15893607
172940409
33710276
91723640
62529440
76770038
174838089
147811284
38750654
63760238
163152734
54300047
35075610
179831401
67262786
96229726
36780192
173501291
48312532
5607800
131854243
56437927
127657941
6301786
46572147
186943069
181517024
42275738
167508414
86965880
134243020
108810593
157176023
68879113
22710794
18534604
165885813
137726983
171731902
112066061
51985145
134345750
151705099
157755117
152766709
80656128
37366213
90713405
6835229
167155758
140619230
39954624
83316011
144579543
119739282
15
167887186
42159014
21003512
23666206
11138726
6
65220496
103651441
23155951
139629545
97823224
1
86739666
133264284
57370541
74297814
186195500
47132832
1
89267954
136681860
165767251
80891123
60826389
98472509
15
21699277
55911084
28562714
50329300
52012886
9931121
2
102244495
184600699
87816987
102893208
51897416
38630553
30684965
59667221
33412046
113151680
164697091
15
86645410
127076246
2
160298315
140647453
10750844
24858646
14431707
106511333
76233211
94103059
160365382
174863148
157954287
6270837
79092520
137487646
178967904
153013418
71866063
29318673
125648023
167981481
35645677
117847895
132660995
163880925
170902470
108103136
91380096
5350692
6
86309409
111579837
126775492
42348102
87667191
188000981
92246154
59584806
66691703
60857113
1039394
124120464
140578634
142647566
21115404
155367684
52888060
181298986
22104094
99324751
167462901
27409592
138473419
1870
144213709
128098898
154408453
26425061
39222461
23870375
98116051
8178897
44813194
23059295
44733751
183030282
20592663
68434858
187592719
22431573
122810539
62017077
108544386
88183298
2
14624164
159536225
43542003
123707724
34282898
119505189
166968150
90307804
120244852
66876965
69915224
105210688
64303146
73327009
15
11978728
33137083
43237571
60902870
134893913
100485868
1870
66786955
167389585
159595471
64555437
67640441
109096498
20621962
97105076
56534496
151089022
167186156
114894057
75049299
83457370
20230274
36185653
48857102
142333222
4126648
146587942
51603753
151737853
20496199
93931928
77642378
166934573
143428128
20941341
7729580
94823235
55777650
117452910
166894614
6
188751451
73080527
9471038
175439820
1870
63859965
174411224
39976964
146779962
104
100315636
13077879
146556248
51833969
18038632
40
102520020
110739106
129417305
184292384
64227497
40
6
153493512
11380646
121374310
16978707
165959117
58572625
131087253
175024509
78524888
55497177
183994527
24267914
130226633
177890523
57477050
113424674
12292104
153142505
43162383
8021216
144253873
166507811
88246776
139969749
178614336
104624559
22493745
160909351
