106623831
94553023
187627883
113375719
149043377
106336408
56999793
123173038
50491126
188364538
163267684
144635589
11820063
155206110
95235323
152883181
48977864
95980802
156800126
175615923
83649281
87153327
71064258
40
149452390
70456435
187432374
154309897
182049556
168046328
3658554
30848962
15142396
74159667
1
69653305
184882965
72503839
179871147
107210029
106410171
109621167
51307371
170433843
21742214
119949653
47636444
181299396
17080238
126901761
59569010
128580891
144963876
38117667
9449825
54373129
162471181
26768102
173008947
67576678
155226418
117005625
116310088
184505066
131751421
104
175484977
150863265
84412742
118943570
52523684
30802821
149618007
68242820
86376388
7854599
122499297
12816
58920508
58039573
49204854
142426435
53252571
171823233
714
64253376
69971812
77401648
7063275
117776461
15232204
107410157
76481882
137961641
78524888
37906678
48994807
183145575
127775106
180563038
6473894
4126648
141285167
1870
158275237
116346360
105300562
112087174
70465440
62858731
182422406
28374076
116534307
95420449
134048185
24724446
161796261
70392030
100819571
15645397
6
95145612
1986914
188613953
135264744
111084255
100572109
140807949
143408094
64698126
32279021
104762391
38048672
168225757
140675729
38750654
149813586
6770403
65265459
102925206
66089394
179078806
112910579
184163607
25985749
187448410
153212320
186443895
14810392
89332337
170751867
106061384
117863889
157110986
143967338
54188580
6535945
178323025
59934022
9449825
162577867
27143949
40843537
2716198
94831285
47278561
14029381
66607499
96187921
39685557
43760021
122929389
23621476
64251413
146298016
123558565
6
74532544
171224833
84020008
71226932
36209345
176879079
114319450
70290756
70290756
1
147979730
122847614
153740438
137475312
120018679
3848976
57370541
143610516
63013541
81352537
157232871
13333677
160180577
5246398
125327983
161563594
139321768
21385958
10745637
38748371
173770169
24728783
37562833
109324894
25568840
92539070
70464491
39883704
59508422
30818692
2716198
12002540
61246424
8949897
104
27426033
87734313
129766365
20166439
75905714
187292843
185607188
40147816
162558600
140663116
107472721
175599467
498880
1421626
42916379
38207746
155969919
18243361
56138661
109493437
104
59255971
40
129582126
135240132
3295459
74277461
146953614
94882693
40173581
185293197
151251745
108483118
53325016
130269868
117136779
20435186
163433689
714
141383395
64789563
143916642
85316367
138891842
96880578
185445090
58561575
26986761
30237324
9328334
47072679
102327152
182484331
165872701
188394964
150767358
134995988
27506207
80348378
100889645
58595878
70290756
14265078
9118551
126370302
89521825
31323131
133616657
120619698
145180648
5139281
160052019
5098593
58380013
29986855
44714082
138258397
183199562
26786475
16238744
170369873
5515662
7418669
6250361
145405676
273
100995565
70738966
6266560
112956884
41388003
126336084
49254886
10063976
2
11056323
57254380
124744776
127638289
111947981
163987915
184283924
98578688
57370541
4029329
10817284
1
142680461
106887095
137660275
135075967
53541445
152953555
50985423
76913264
167858275
1870
87841
66146101
41523534
186815725
70300576
17357400
2
57842396
103732628
118847314
78524888
163880925
170077863
49103865
49601973
149993039
43210905
160385509
170946364
107949339
89798545
67123228
12778280
113116209
39671518
47163052
10007552
77547054
89828525
84223673
173729323
196420
131978064
173157477
171939016
48867892
100659176
45291858
47366475
56060937
123391385
188050609
112240801
113642957
40
104
2
127078255
76924795
41122984
124624689
162815527
33822676
62145236
2
139494520
156709320
143827626
35528938
15
46351467
5103258
26159418
19682817
40
130467485
168224109
77208280
24819128
77238188
129918071
66189388
151221679
51164203
133821290
17894251
49254886
66906371
147939857
164834273
2
122440085
175621338
99337557
116341206
170233168
2
111304325
117847895
36625745
172673446
25511197
104
123947754
114139456
40737451
82136412
85619211
113495407
130020913
166515529
128718240
108025477
6545609
102516722
125605147
118964657
14036959
89560683
179270610
93485210
95975176
178625772
87842471
1167532
166709285
46469722
182892313
90019074
25409113
26740243
177512602
66100179
77253655
28284465
135083036
100518529
81300492
47939639
23800423
28825494
187207824
92521963
115439104
177365159
65807086
153642002
1870
84947747
4032685
91051448
107554148
55670653
2
45366952
33983576
63197085
73007576
57084213
107426881
177253758
57421835
90106202
1870
102857977
182710281
169790610
113252686
96953482
102078529
124655151
6
28623802
95765907
73455973
14563699
141138360
11557500
64871702
116136517
179982174
25781695
47370827
181628407
66107612
3488754
40
177013264
1870
89747133
10429565
21432465
22077311
87335684
163048392
140571192
157014672
140681498
60270023
141686082
2
12492896
72820221
70290756
153294108
110522500
121539705
24867960
77756501
31928722
65019599
68438671
186022520
117019799
88599140
16236681
107687867
127848444
179742399
63755641
71180711
159563417
33634439
131421418
77768303
81574450
72722143
83182398
69397654
104376270
3016106
4126648
149541631
72691595
602070
49254886
128538965
139915438
29179436
109202756
6562313
93504465
84094468
47331218
25943301
92021851
74005904
186814431
104223197
6122688
154903188
18986348
65418242
47230388
110537530
167389585
174861332
151373150
182156738
2
53300994
273
172591718
49731666
147232185
169349445
15
3018596
85163914
152223379
146131091
70394254
121758258
156181260
129239044
111336945
152808589
30144344
115801949
32400822
24398720
135121171
104
142094761
110829914
7413739
175244806
93640122
170062942
273
2
149048483
81466955
174916038
135108274
8003984
60064382
109528071
4792225
482844
105791948
112114365
34180174
131961934
180287667
112148041
130261549
164753873
104762391
62185219
164917615
180046277
71245519
62460732
134622630
73648671
16854610
40
188356947
153241708
150519433
111903973
132300062
13371609
153205502
74049690
171749061
148432151
183959397
168053766
29653345
38084416
47088560
14578097
11181536
36756894
89357959
75591901
77951816
119980062
4432809
185820473
96337207
64808201
169157943
114238919
134694849
34444356
15906474
84947747
56229190
114822191
77364375
69988987
111148646
117100054
69347664
45310242
89314218
48573783
25729671
34438246
44486871
164176124
109196286
26428178
32995845
104430489
17519634
5016598
187732698
146129796
67467852
72993024
178742691
89104437
160992398
33797071
146935081
91751071
74758892
83512311
26486452
18262604
15
72580790
111629702
104
165265993
32167576
131631754
118029904
56979728
149659081
140014061
55509495
5565098
4857850
8244647
161308681
141662224
16500798
184995224
184739807
130927233
119227832
118861937
177703978
106741289
187720760
34785454
9627088
52568302
113041198
4126648
80612608
24382073
184735364
84078490
132074397
153351493
127682294
22185696
48423050
85974410
21965604
33316843
2
19144517
7157263
14442077
41703496
44471044
123629768
7726297
4212718
15
176153732
72990211
8060292
94047942
128059514
77253655
164337458
160940280
79651957
71603622
133277755
127181855
85444808
142859535
137278079
103940917
113455956
117012755
126081228
99892240
51973591
123705391
38287118
2
67199185
63145981
156029358
4304897
156355904
87440357
182721046
123407348
144563542
148653056
139593968
156719352
35288195
16714712
111068933
1967144
120592652
54387787
63467214
134284651
164304548
41878530
78272154
5291927
70701325
115273409
69795860
28506472
49049560
169765283
2
59528229
139846992
27286445
188662988
76897510
123810264
79394087
22147039
156021980
163184457
109550293
129921049
58867293
61294113
137444095
56943871
9943691
8201023
29472609
158632863
56715145
48514620
40
11790010
166412141
41801586
27367831
134181873
182780440
23532347
105303985
151643912
122497601
26268621
76562925
160052019
53553326
103590632
136698444
7395827
104
7497271
180301620
55746436
23703117
185327553
87258947
22633946
168427417
12698355
149092797
81770499
181286432
147832906
75786283
38569451
178619438
9567927
129766365
86345152
145337246
182952355
13124265
6
105047807
35119478
96279827
187409367
29619686
36734215
132707641
12010274
150784694
32640761
79840087
40
51511579
9541279
178640707
134380637
15
171839239
31504308
112199471
154450373
86185580
129602239
1
165927823
15
43579142
83626444
58106776
170271080
20612034
9281280
146880102
182006809
123805440
83771564
107956747
125478519
130606244
138131997
104231245
79610190
122183284
188218143
172613865
129692593
60139219
118780536
185139582
6
31926826
6
80459560
65594656
92932634
160940280
104
131786254
41059723
127964311
76505093
15
7161758
104
18088192
88658734
2
146651232
95747647
59918771
53403108
106690178
46655940
58124203
151478567
156866379
33198934
7670005
125262503
37556254
74050612
16423997
90918324
80779652
21859069
81451646
187941811
136246516
46679050
50698862
177279940
170456125
171133433
80096531
57209793
57729274
115575246
90470268
147262709
275995
126081228
83939746
61526576
11072824
35696564
94818116
25360296
87896842
62724030
31712319
116240441
136861316
85342084
108751908
183281157
