163754217
78320093
152723654
82120684
30035589
105107705
97300971
132160666
181767226
31930868
134401915
57217463
38879453
152914440
72578828
43816762
104929335
117152094
6
105195005
12784436
23262003
184651273
109322017
141821756
130799342
176757496
40761134
11170729
161442202
115496935
184511097
109493437
8126974
66996059
15
18276596
103022241
10880950
73465817
160725165
63433307
6
17799299
273
107003432
74861241
46986763
58605251
152071850
139351278
49769149
117977632
104324673
1576239
168289483
128695911
147141658
30556396
76343703
85796940
23753668
159303556
33467332
111792830
67505735
15928114
170253971
111385397
114933417
118083363
36384660
66501494
73226247
162450276
51136411
76328133
165610989
65344215
36993780
38459391
80335214
76208728
158300024
143864782
125019492
58080880
15245339
100707787
139418502
147509514
1
132513816
138113660
59797169
23162784
15596206
24073481
80943094
95655734
42735227
86266502
11075895
28722283
145499699
176092947
25347337
23734910
147421617
63462295
30191358
144720145
144200648
154194931
82656144
174946926
151213950
98167948
178971916
2824300
135570586
46584208
4975725
56701369
12687221
115635429
103379372
59326157
81424676
110360445
81426611
6564811
186384354
16101118
66960047
103827964
52752320
16061775
82487141
32663744
65418216
273
77700258
23615267
165881057
57756162
52432366
6
66143321
2864171
64333941
76586044
69057976
133519280
20820016
18574906
40
76304148
113995785
153205115
40
6
96364229
166151552
148374988
147302478
73516403
61092114
167546176
81934783
129688587
165386877
12410273
60435559
55138038
92206245
74078368
184196223
163880925
130062226
150751420
93961649
53399782
152832694
176224306
714
127381160
37790792
27197809
40
6545609
125118016
93231228
122958415
118248358
56766557
69893520
74049690
101912873
173262568
76356832
176327821
71081341
91206924
78037747
1
31064266
94632045
28284465
68392612
108355072
141120233
108383713
135276005
164683331
82643453
169309559
182493408
80134644
104
1576239
42728689
120880241
78587323
20998075
33631111
714
22576717
132330173
109471868
132262986
37404829
69157660
139291013
8884294
127394836
135676004
135570542
57656626
90825636
159089980
135973815
147236489
109271564
88916380
171581833
66340968
112873702
171099664
93010840
102023212
53696557
137108946
137195118
19675014
119698126
45990869
74301858
25511197
104335835
7929674
169516380
158731275
71879344
73869989
123536975
64048474
103124041
133896977
120677157
30602417
10865886
109537470
169026725
171022944
90001596
178498458
147262709
2
10542578
29596484
135642113
159558703
16520928
12411984
87560875
64205057
96482672
143804795
19797568
151971733
72479437
170100251
82716661
68456905
54275827
17153590
2
147632949
118658962
147260710
13849106
1870
82749927
177122522
273
113967962
83102621
120377872
186506371
160052019
141411561
167271084
26951056
52494617
6
24508174
83602605
146035522
152946517
127759283
128711932
174382024
24158668
1870
139309857
125590896
186738912
9549527
137278877
1597385
81803604
131442838
55792946
39942865
27243544
159259827
179040831
164085405
131225442
74796932
104
17383217
68819640
12300842
22097350
144861479
170511228
109142097
74821523
51626866
2646540
141627638
99051438
47102701
80864359
81302519
130874777
75538224
163497796
173299864
1
15628396
156257382
47114892
178328418
61728590
146466913
29323680
115431771
109601620
104344979
74569696
170365707
165869419
59690534
164200352
153779219
129766365
2
9506200
113872528
38594430
124875412
80919222
141170605
104769686
69573159
151588172
25597946
117979598
44144544
40483358
53854498
43779857
131204568
55379759
1
138401616
25608006
36557485
75341944
273
13946572
64656520
54342220
50306268
154683430
1
108743951
57480379
94008098
70888550
94376273
747405
154167972
52289278
19178892
60390223
40769670
156076847
17009555
102482475
143638711
27777668
181340820
167381465
11205113
147262709
180436679
138017302
93121931
80340515
59388646
175331654
11997508
15
113834164
46916466
90635650
187665115
37649533
123390865
99022974
127294567
110730386
95157303
121776507
57272837
123526904
102037502
175468932
135898423
273
74122597
59865758
2
33003904
63985681
91187934
129987175
145215764
121785160
120929544
40
21824437
100885761
160317453
35450589
104
90350211
67913286
63542796
117565933
73145879
68582948
97581226
22725825
67344881
116496098
144320726
149685650
38426484
8344039
161312592
78528047
166895922
138650292
15611136
89913457
185386405
172151802
15
26499004
6
166115421
82521096
714
53795538
148524102
5711911
47306286
85956332
139895589
86487013
97134513
188565828
90017989
45156183
87544510
104
1
91082257
130720275
137005745
145267235
53529401
23461531
163072673
96718699
178945803
45226615
22654968
71328225
25325967
62450628
169041561
109445161
184655343
182598462
71780725
1870
139961120
118205539
181956066
133128524
7274495
146279669
83975142
135826295
154830153
66654546
39825056
87163875
104
19558845
8203536
152122940
81338294
44292008
173798993
161126445
181275219
33913023
4893831
69295975
1
123016908
66397910
145503014
100334692
148711554
160940280
1
85496379
19350185
143872039
145525775
162770391
714
149721855
141555831
164585801
7092582
182008565
154136463
76358318
148905955
49879645
57331857
133022975
94361697
155441521
66884387
26043232
55256402
111179444
54389537
168071331
172043507
116960561
3156488
7339199
50882581
2004796
54345520
10055161
80129613
170930950
102484232
7895787
1870
184499401
37820022
147756212
62173104
168851093
29224998
90658208
229970
50610018
183014815
15029963
112353679
69399675
13731947
147051285
154810338
155982505
22632750
65888104
31758417
33458677
5045807
150950142
97384928
714
17350243
84585893
143551715
109145547
96080719
43885722
49735107
136468072
2361454
132312133
18024490
273
165729142
162714545
55421697
13045650
85392506
166958408
14350808
136411341
94865127
134168629
129063341
141013270
67500939
110214816
54113573
6
10425717
178717201
95808757
113711493
134492640
5090239
159580499
92098226
110003055
148373327
55502508
112240801
57370541
105404692
158224683
54698244
178174847
24034336
144111569
150265629
188846492
91528848
116437042
57304568
27410256
162935628
77680342
143476128
2
73873057
46712514
112445837
165821445
9982417
27668604
37255754
56885197
81378744
146754368
37764117
183436312
156892110
115349331
58039573
162788868
156131104
15
107922567
92040575
57008402
38925681
127848444
714
183450289
125942648
73782251
31447744
9008890
161314498
108859103
12092514
117044760
184216912
185593733
47981497
166495349
22493745
142388754
85225083
137464623
11127182
160229587
158759139
19645979
17201673
54496723
77842644
64338822
144475982
162923545
93058092
9376486
27334345
88622847
57973476
71582328
105436367
6
17519634
109564030
116968952
101966271
273
75815263
31982858
51864314
188803073
133667021
152857428
65309413
76199197
29152760
106732507
102773890
103987154
117096078
77731499
122935588
142494148
120306921
32513361
20589526
81413399
24510244
75980918
34522935
97435054
2977512
2
60304891
100114347
159212979
47379663
4544493
125615925
714
37927274
51851468
44494773
63921551
47819685
72342273
64058438
68916971
22421702
115018176
69587858
70307498
150318793
10188611
73865087
82138001
12287297
176655413
55138038
84905481
80330913
182392699
33552
3843234
17519634
109947049
174064256
52857360
115456304
27362803
80920354
131581008
96287043
71642096
114750074
129792663
122366151
39158420
112296416
2
97250189
124282544
78632179
182360542
153490741
2
40
132505596
14554375
146270030
62520024
54969588
185882672
48334698
6614574
81663942
1
714
73417965
142388754
11110350
146267799
1
119362683
156184435
75581725
27755178
179458212
186128478
133638688
59038372
91859419
4832232
153704387
105727122
126230294
84640973
70161688
94570801
97504243
63364705
122929389
20606819
184793994
67981229
182269369
187519495
184026076
91090571
150536570
137860366
106522007
1
148323717
88677420
21055567
66595954
6897212
104
100147960
15
126117156
136722241
10590343
33409172
69285381
120469704
61820531
169675290
154848908
173215547
180859811
11185556
45761382
40
84640450
88193551
12556755
82376755
38311382
130838052
152583900
47694549
107281071
159895667
161606600
4975482
20865590
1261171
12023512
134932651
54443726
187009151
60824156
15611136
20721231
68545322
146385943
145451962
34859927
144244715
53448725
30751417
51955522
70869917
15
142482267
146196461
59580001
103011583
25042379
74046135
1549311
123280291
57817124
124568730
101672831
73667089
74160118
38875509
127610092
31923800
35332720
74919490
77840849
141449088
168689972
40
166776236
62187007
50368500
186696457
15
45710986
28354868
47197537
136454248
185665728
159248295
107707742
54438274
56616811
170313646
59173659
117303918
112903454
16539649
65164232
23858470
63166081
140173257
180798406
51837116
9311506
141689092
8324603
67964004
52667537
37517462
80096531
131724847
80712595
17519634
165340942
10803704
9996174
54215244
77820140
62926908
40
91090531
61414659
172259137
96330364
84836583
115605729
6
12946450
12816
