40843537
273
153779219
74940453
46530928
140571192
96197597
6
66778406
61719332
166624132
187820563
82083719
132205878
162136807
104
152832694
33606856
33552
87841
15
33642211
152256481
104232512
119968162
180079224
6
129405063
6545609
1870
6
1
33792540
170444540
25511197
50478070
14165591
125796891
176092947
11978728
140950786
179598571
4895
15232204
102059733
157127286
6
2
229970
185445090
110752523
17519634
155377096
4321827
114853188
96715294
91079664
114391229
109719566
175744053
172724751
43868545
1870
101991980
109493437
1870
44653299
101960357
6
181703560
76819901
90395422
27292783
2
5584518
88176453
67387042
4691214
137479885
76324872
85695859
4126648
104
29635064
67665844
170502261
21824437
40
147421617
14980196
134160206
140030710
6
109621167
38767286
149310054
96582729
5413944
172380606
120139552
81285107
153333686
1870
27578369
44063693
124511929
154505195
104
1
104720353
28647759
173961719
3352572
142859535
136131708
70378164
186683036
80735974
40
2
68257421
158180567
90001596
33337360
91760929
137834274
121830283
118540472
15
104789186
97603042
181097248
153668867
80083165
58347614
36408037
87841
126469609
10803704
188666529
49254886
19037288
89945176
40
27924176
2
82700883
15
6
49918904
67291598
164823552
47939639
147421617
25511197
158634748
68298850
23353810
163880925
104
16709402
15
169393024
55138038
78759342
41574511
42521476
84947747
33181910
2142602
62073077
184150483
15
104
61066541
1870
143881070
1870
187219
101551428
74315591
48679045
19353844
142859535
172938234
6369569
87841
15
70290756
88648112
104
84947747
4715126
55138038
89247128
169554134
116391798
128807538
127954634
188464755
80967178
188245850
178299977
40
186750269
1576239
10429565
89985123
62034546
125005313
74378444
167126134
273
179831401
6
70652594
106897508
78759342
15
2561483
101691081
11802585
1
169638001
1
16755454
1870
89838348
71463299
714
21834610
73706187
40
147262709
273
15
152939290
180727565
49461548
714
95971746
47224558
66616672
57746436
79688403
144757187
149531415
104
108130345
146540263
98727748
150859493
170863503
2
714
6
169490322
80963815
45357712
714
104
40
31656542
172380606
46168748
160052019
6
7661322
97300971
40242166
115795300
45744516
77280576
2
54273380
58039573
176069782
46137208
60094898
44252196
111487173
84632744
83453137
6
166498942
130269868
44505179
40
129759368
72393214
183815264
167347428
94370473
229970
75842755
26485912
49726563
70252360
37907790
21999369
47982400
110829914
144888581
99101475
168349652
90907967
58577062
181333127
93058287
40
86806773
110145602
28672109
151353615
93816286
80782843
170134816
66906371
98971898
6
77617516
90470268
42521476
107028371
104762391
40
9898863
77969126
156572644
16213106
76243850
180025192
714
6
139290401
57370541
125121791
273
3848976
97675808
104
78759342
132845488
714
33075051
169328607
186514922
143931642
32259088
105518117
28628862
49093995
132754728
59151738
37291804
119540455
83387447
57583961
28755176
161162599
186500062
29328099
16070725
104
61530583
106129204
77614491
87172712
166255664
1
151307982
135173408
104
99118414
160885546
152939290
68510140
112901914
137266293
124841461
10803704
273
6
163020699
21195991
2
129766365
101831569
127848444
126614177
15232204
4126648
42521476
94632964
166440958
178210580
73018545
97087754
75238039
143969280
175168788
55792946
58039573
173267039
17806893
3023445
183553122
95616856
7445916
165402683
9247873
1
73706187
52803916
15
46647987
57370541
109621167
43885722
149718811
9113931
77923527
40
120577585
132103026
12433807
80543444
144634215
94788177
96216150
43291950
42171687
55792946
152867570
130829291
70167022
140553097
182684764
126914273
15567248
26451308
145901182
107285954
92367738
78092568
96629266
70290756
119011771
60270572
163880925
109356313
75016133
21824437
92345636
32588812
94961177
78759342
77921579
84298805
134768463
56296434
1
25511197
40
714
138131997
107970894
22644860
98013933
36588371
15
178619922
140964572
8369761
80364503
131751421
40
68962119
40997966
110983069
74571907
45510453
128027668
15267784
43424041
40
171424936
1
60730485
79578109
187507131
273
43868545
51490099
229970
4895
126081228
15
2
184351625
95112159
103827964
48363684
26468197
117814419
118202469
99399492
92040575
89804706
176250329
112498374
39664493
81258879
147825142
11923570
103474528
165662522
142658372
6
121224315
2
94411735
165009837
104762391
73706187
59679859
138219455
126998575
77419665
42609943
75897811
78759342
1
28667989
118433162
117580503
33851093
1
62479780
43771268
138178968
15
140663116
166068671
1870
116706693
17029926
1
129766365
6
104
46041666
47996965
112433974
2
56048843
39671518
168803822
11978728
148638981
714
28348587
131427095
71396968
19015612
23806297
864822
2
170343732
10803704
1870
67344881
40
273
120390981
1870
126348567
111567287
158285977
116113232
112719760
161865388
6
78410156
110923611
165438857
73705979
107881161
1870
54631322
170907637
83676665
6
38639366
179243209
66544692
1
40500961
122218948
6
53563144
62654424
10803704
71688762
149473291
66207406
57407971
173712285
177077498
152812816
15
83387447
77662977
8583820
124792775
27087519
147287619
75396105
26741858
59639957
152832694
9931705
6
66636881
55792946
159388726
61574166
2
273
116917015
121205662
132684898
40
179009284
166022608
75158100
95169787
70167022
164065108
102333741
6
123917108
273
167153852
6
70429980
714
87841
173995207
176565159
273
15
152916577
27437380
130212026
58511815
90470268
129951850
26375133
7167035
2
96076693
38750654
47672240
165386877
33552
104776024
188660364
134213795
18138591
158538265
110626145
64618089
78958307
40378464
1146054
114853188
714
273
112901914
147125917
24067835
187237387
158258244
75246953
182001568
24499525
39975854
137429298
169186709
160052019
1870
40
97300971
143864782
1
602070
92265484
125366824
343040
1
152832694
184388880
6
714
104
104
132574762
104
166410916
134890665
84836583
179831401
46035684
172938234
50294004
142388754
43615383
185445090
81518980
88312479
27765053
273
90481268
7569186
185576549
143734589
93356672
14122145
96775573
137866707
64555437
33075051
92040575
80028625
139044505
79562466
103258184
99846267
97675808
117961547
91710188
146488227
28284465
54235727
91183211
21824437
26664823
172861370
72758581
104
13528512
178794846
12433807
11037195
273
15
13587985
92040575
43868545
83406814
70869917
177487172
39125963
15
123101218
151159390
176737964
80156377
77253655
129766365
179482543
143016073
36830188
172938234
166974438
90615368
167941700
77414769
91561835
40
602070
180070489
273
90923920
101357087
28825494
2
84173319
84316877
68643342
131276862
625866
40
148402605
4582889
91986815
131655695
714
166086157
40238404
78524888
19015612
21251207
176053717
89838348
114255580
48711800
4126648
133257339
6
147805919
49869023
53574733
172150755
5798418
36934098
78135795
27287140
104705188
2
19917954
32013419
122248588
110878416
2
89838348
67344881
81497354
124520756
81435951
54107082
117580503
95955119
15790375
2
169342202
23749125
88269982
15
166633396
61906400
55792946
6
6545609
42634438
109621167
173712285
130617868
173744474
56286673
101858468
96287043
46938487
105043378
6
104
187292525
112060291
182472109
97274683
4368388
142388754
70869917
28672109
78759342
139107816
5885712
43771268
135683841
273
179831401
273
101026219
109666532
129534985
2
65650950
100680436
83542564
1870
128377425
2
156072142
154405295
1
6
123596918
40
273
71658131
132165543
70167022
170739296
185864509
2
10244984
109493437
182001759
714
85551976
117221787
129285607
174020176
106804951
78435262
56479809
40
49254886
119735080
23927513
6
2
176738560
10803704
155152100
58255179
109621167
68507257
112255086
73084287
168547732
65903412
47413375
273
2
147631161
32302818
73706187
133655275
157141089
58039573
2
187148238
2
10429565
36984044
103827964
119544669
94962390
109958261
167593134
4895
168925303
180355134
124441486
32173207
130617868
48972502
36799755
92472383
40
113328866
9894772
182260289
273
129766365
89698167
49254886
273
162928388
177553691
66190986
142388754
45210280
123431699
95376947
152832694
70869917
149043377
9931121
181809907
74049690
58028913
30995173
71987856
45714924
169923079
9449825
15
714
167932290
95417845
1870
59890680
58902611
187103403
186381930
273
49080318
91764145
107028371
58039573
89267954
59364750
56174518
127954634
15
162989805
133019392
