90481268
145004579
2
157512505
18362688
25350217
126882876
121962291
143864782
112807583
50393022
141290747
154879669
1870
77408182
28672109
2555493
14500936
48111343
82353051
2
33552
184041491
183959397
172256787
40
154130499
164449190
15
104
15
55388614
163880925
2
9050764
129894924
6
56105648
54439622
41258861
1870
105038323
79271328
104
38594430
2716198
49317235
21613100
53318799
77417023
7171364
139942394
90711280
11147012
144968127
104
104
153577923
47939639
84932194
140463905
151394417
135683841
89402082
113262627
114853188
165380100
40
115136739
84851827
168845115
40
88972703
1
173673709
161497778
122724860
10803704
6
93004046
99895331
82258856
143864782
125335886
15
31245142
542816
14221497
47540924
1
23171450
43458687
74049690
48711800
55594437
150739796
1870
85262972
57359184
137429298
180381792
18477153
602070
72492393
171830240
107731833
171474212
128993080
1870
2
104
168006759
130829291
64469445
90481268
104
714
150520796
125186935
156096697
17315184
1
2716198
36827010
966136
6
28605860
25781695
81720367
13528512
160940280
114853188
161093918
18968357
40
10740555
133755393
1870
42521476
53101374
74800945
2
163698318
22862689
95417845
15790375
158311822
118975349
183976169
54728514
162928498
273
38371055
185865274
15928114
40
181552495
23231492
39671518
146987855
104699824
49634437
137583722
49922486
15232204
40
154482019
123047691
167055844
122670343
156638138
40
1
95561455
65559119
180701075
187699828
58039120
84947747
183795286
74430559
75654149
1
110752523
104
69660622
147421617
146295483
59165364
25920935
117985542
57370541
102942666
52808738
92796100
160683901
79014312
46199619
25511197
21190501
174365722
70290756
152832694
54151532
32223098
714
273
82563888
49051902
83790296
2
1870
69198062
1870
1870
112330755
170108697
87866746
119011771
91494515
4736796
40
43651595
86010727
21816880
67688104
188068217
6
163635939
166927595
146890390
40
6091737
144016855
72576440
162194087
137807924
80552704
85095208
109843258
127435844
84070940
91657367
48561140
186083318
104
1870
26068735
33851093
104
34467350
45661457
40
33919719
17796677
167036535
273
89838348
149043377
70794779
120277297
7600424
97300971
51961446
139390341
161162262
84947747
17519634
128272233
85917193
20500542
140571192
23912373
89621365
6
48546633
157543841
37267996
104
16070725
50364351
12555479
49254886
147255469
74049690
40
144349060
175553091
166171486
104
104
29291373
181284160
162171059
95526694
90481268
185386405
84958575
19756457
84239797
160940280
145138372
166958408
343040
104
103165488
714
149114348
108483118
168238737
714
81331418
55329042
40
151377515
15
146912900
273
133948399
40
113331352
72144595
87163875
90470268
714
8409988
52663632
92040575
113749744
3743570
186740858
179831401
1576239
42819509
109493437
68480893
143237384
127065789
15565521
68697803
104
150440578
42122314
108745889
130617868
10803704
19630014
52505337
69626079
25511197
104379706
49772251
104762391
56837605
160940280
176836167
153191767
102725142
117322513
1870
177693780
112498374
73706187
19397522
132255181
29395319
90635650
138057827
63840991
47939639
104
13442438
714
39949656
145672137
33172845
6
42521476
142388754
52339564
68165745
73643827
15
602070
1
166055255
147421617
1870
66544692
187679241
40843537
43771268
147197049
22598855
82792221
63013541
4975725
15
128287821
78759342
15
71474769
163539324
78639297
169326616
6
151584180
171112631
121313038
104
48144636
116851919
81461743
94715848
1576239
127193677
67344881
91710188
67344881
62092447
41248458
93961361
152069828
4490063
131837112
90192091
134667985
181450082
5016598
144241664
125946649
229970
159923089
100234306
156774180
1309701
43771268
158634748
42540974
20819680
714
229970
161578786
2
116899680
1
148579452
40
153595026
97300971
78759342
3848976
74049690
97300971
100102126
16878145
16335328
117961547
104
170411790
78672570
20299491
135188751
52904984
714
116811377
73331206
88458097
144953381
129692593
98947038
60730485
43771268
168335174
64555437
95417845
40
16070725
159955705
51363674
151021563
118276407
27938943
98011043
273
8583820
160052019
273
43868545
1870
35685335
23666206
16857382
1870
2
135254284
1870
70773786
34807498
75494683
56805812
70167022
48532325
156952254
53181444
53639859
17341902
104
92102187
149212164
126081228
163880925
64098699
1
43719921
137834274
66707265
96494128
77136068
131669408
25781695
71589870
142388754
127265727
54528297
104762391
10471318
1870
112240801
45781012
84836583
12246147
132434522
1762837
182674447
81453689
20108280
15
115954836
343040
1870
91615737
60730485
144196644
66636881
70869917
135398340
159169178
2
38641539
107131393
4126648
51561784
96026375
6
4954150
15
41095787
175258732
21824437
11138726
125404891
53630681
164962777
48666492
37481334
27550559
108619505
124656727
84580145
100034304
124741922
1
183743414
28284465
152832694
70869917
166624132
74766501
1870
49680101
107810152
176885757
59508422
112737786
77874566
183145575
88685623
46462558
87163875
54759513
104
55201170
115467062
151451539
46324695
96137712
82778181
714
64320928
144280584
714
61719332
40
15662862
87841
8583820
15
107251204
21824437
2
605060
116619397
31697522
12009663
55792946
157849539
150041393
111285529
140663116
70869917
40513686
40
139771780
78537170
15232204
104
4126648
15
77253655
133514376
46402306
229970
15060714
179831401
4126648
84466714
186302291
12827788
42521476
65830398
13894804
87376744
177668391
118246428
187900189
43885722
273
90375995
29038366
71791572
164074295
177399333
40
170202056
80369316
8103447
135727180
144888581
12419653
4975725
84021807
6
40
1870
104
1
4126648
89846184
159121288
67291237
122391698
2
153282482
69899403
168225757
100376662
154731957
137458109
126407711
171038961
104762391
32945448
142558322
90001596
38630142
96489618
88257828
10308042
4126648
142859535
154482019
36487727
89325439
714
40
140070411
143864782
104
118816392
121159540
96629266
1870
180039965
97152787
15
50438585
39853905
186962520
84947747
47695807
57614602
81235579
6
147300402
170030186
160052019
149396408
169124954
104
158634748
135331925
65759707
165667352
7603109
144383761
126081228
1870
79186179
21007917
182494306
23908948
714
38594430
127384160
64593560
158929530
67310227
149793355
1870
41361529
60499716
41790403
343040
133514376
134604450
23431050
714
88269982
2
174817865
1
40
1
65191996
177890316
78759342
188107986
84313715
49051902
100444104
6
170615392
114835684
56284602
64245995
714
1870
102342156
1
98064608
168109424
78759342
104
179594142
128174983
64555437
172701127
47933078
2
165640455
147421617
180403023
52496034
24508174
140663116
106453831
13731374
90954314
2
68510268
160940280
46691633
28672109
113711493
102820523
137193813
92040575
77357078
602070
75157354
20894198
86814006
68348571
49493422
149043377
40
343040
43292351
132427020
11366184
163880925
153817859
21061234
87512833
27875725
78524888
15223758
84597833
104
105807308
87446325
142425608
186050167
15913230
168278443
11138726
15
15232204
157358740
273
111393293
176218852
157127286
151369567
32459112
182207020
90470268
122512226
68510140
19015612
88305303
102032638
104
37562833
2
7971434
109142097
28339191
74049690
137660275
142859535
23252736
47224558
149686223
163157796
273
291808
177557988
12073439
96291116
165251517
160052019
165878771
125757102
32151876
36846467
157158017
65388294
714
173229100
146614076
51921387
117145786
126887144
714
119529959
2
51975986
164380578
177783915
15494477
149866374
127574017
88553951
6
116716653
19015612
58308159
2390696
39298576
159306492
6
40500961
75509197
87972520
188068217
92040575
175139214
107520717
110652498
151681608
14710074
78817175
59068153
95881971
15928349
714
87446325
131410736
4895
50393022
37562833
96699529
16070725
80137614
186836831
165178551
4126648
106016481
92040575
145795367
137752454
12816
1
67344881
273
29649534
160652759
273
146305427
97081451
37562833
109493437
70858096
1
70730448
37063746
134857807
149399125
162048614
39274755
183101469
96086613
714
5950901
147262709
12433807
101335063
175086872
83542564
37799386
104288549
1601298
131061540
125471418
143562379
39274755
120393802
24589508
39645394
106427099
185445090
169670935
165529506
2774437
153877022
99391624
30399638
114650407
54896532
128459816
33181910
90470268
714
1870
184021358
142859535
1870
2
56818925
48144636
11440800
157127286
273
95890189
1
150536570
171099664
25511197
229970
161093918
40
64555437
61382168
143967338
47939639
69938083
48180486
58255179
