102968787
124415617
103827964
17931322
1576239
32230433
84564992
15
32588812
96637077
47939639
15
107315811
94624948
1
62900481
177305596
135158679
39327828
173712285
66561936
167566357
123805059
35527504
142452347
70167022
76426198
51713145
102927976
5026488
136897303
59088380
101430730
63097265
111227570
25511197
40
3657002
7075638
1870
40
1870
121292918
103827964
117658907
273
91710188
87799860
714
10155234
15710857
68061003
177589453
90470268
125693114
102927976
93600846
4895
140144950
90001596
109816178
170449237
127954634
120022954
28672109
50486273
1
38594430
42526410
181269478
38750654
48144636
95668501
84947747
55792946
169539720
54370395
9742050
122965328
714
41554222
118895078
51420595
89049587
80053512
53883323
167886265
6
118534251
175927486
6
113711493
174563521
48144636
86722886
79466143
116851919
2
130514282
154465354
2716198
118119059
162928388
37416214
122171548
56284602
6
1870
87306725
70869917
85510825
167916744
6
66388371
77253655
37295653
25511197
152832694
18657131
144888581
142583470
2
104
173187789
149975794
160052019
273
39855275
184163607
126407711
173712285
110829914
714
10803704
23022220
1870
109493437
112240801
85109131
61066541
121962291
11086351
159297211
32934272
132142386
140663116
19952579
57706046
156879076
101747823
18827509
116969765
128444158
138993441
102371491
30356348
90602502
104762391
1
73864556
55792946
33179269
58325521
2
15
104762391
140571192
70162771
273
58534257
73706187
58977179
36338000
161685283
3426189
36830188
1
185445090
39642720
51472825
76875826
89086304
40
133647580
41472561
172938234
181814648
114677135
95543001
75881999
109621167
13368568
177833461
129766365
59817294
1
70167022
229970
273
165474642
6
181797922
53310047
161534988
714
42247859
91710188
38507536
2
184021358
67105723
16070725
15211661
1870
15562308
180386064
69417827
49254886
66677045
98785745
20190448
87841
67344881
144475982
6
74942348
24969897
152326510
96789639
42243744
1
188628564
97300971
1
168410366
149043377
166086157
45503794
4451678
2
43868545
41375032
2
82800081
92492668
101410509
115318644
180802306
88464896
12251239
14165591
91213193
168818003
170930950
61470851
175229525
74159513
46193357
59016197
1
28348587
22862689
178470883
7853423
77183352
15
131053232
163880925
95175321
103701485
82258856
8965236
61168242
714
25511197
90054242
150760982
58849665
98941753
105704064
104
602070
72235471
130617868
185911607
98947038
40
38750654
37907790
28874104
48687439
2
38046951
180971901
90001596
185445090
149043377
96168911
119544669
65691401
1496760
164609272
55138038
21824437
133413605
75135306
273
187915574
72453497
111731274
26929526
78524888
15
143967338
62246259
1
714
61023634
72655935
51351730
154763300
107804285
166086157
104
99324751
63840991
89267954
106971317
2
84558538
119349901
74032314
129808488
70290756
273
70869917
90454586
121555456
73806406
187382656
27096367
157849539
133425881
96256349
28384383
10803704
123101218
16993689
92534228
1870
125723666
147262709
54668245
1
343040
2
173712285
79408854
46159280
4699287
87163875
164412444
66065344
2
170224448
139044505
84048589
66920051
147048775
131669408
87896842
8583820
90296864
126914273
714
14559512
113711493
141155238
6
161093918
168822468
29112312
56015860
159745335
43771268
41061594
6
160940280
93518509
141028658
70869917
1
12137900
3839729
115219607
117847895
30712757
177590829
33589732
1870
1
171006904
6
107152609
36193650
49172553
129766802
18741222
110829914
42849771
154969991
140663116
171241276
20136721
163880925
39671518
53664824
98941753
109621167
8583820
182830400
88846254
104
157695497
104
40275764
44227484
85617758
68134919
163880925
110829914
175209883
48642292
169301072
49254886
131712528
34271351
22024795
68619514
164962777
15232204
38511000
7661322
714
604967
38005375
23932852
172981122
140408132
132802564
121413546
39671518
119725256
78524888
185445090
44197593
66544692
110829914
109109195
91063553
41110821
66626966
714
76707452
109621167
1
25511197
158398197
110884239
87684677
168013617
9317712
182747362
6363261
104762391
107204117
1
106524229
72116120
77720017
149043377
122628259
19630014
40
1870
45544754
55792946
90951050
8867053
52972757
100125086
4895
37398755
23148770
92078153
6
6545609
8583820
183774006
1870
175209883
145092513
143132292
165386877
109493437
40
37405961
40
21003512
130362473
68198149
129590064
88648112
155648566
125780006
175161890
40763441
137264700
1870
153779219
137932699
77465195
15
107979450
177589453
83317404
76264280
1870
86049052
92548561
79945853
104
109445161
32673589
66831852
78759342
61572907
71727395
78008351
13947164
111748009
40
156820886
229970
47101731
127065789
150079462
86218416
147762337
149793355
158752887
10803704
129692593
90716232
90131356
64889360
42655609
6
1870
83453137
25580317
127109111
183665719
53300994
107285954
156493205
103258184
115146238
1870
15
28672109
714
714
172758673
90001596
166024380
67015248
171868748
118564357
1
15
4526179
10331736
171294277
1
160764171
140506303
107656111
56924224
2
88874553
131669408
37562833
2
90618966
61115003
184619803
33552
714
110003055
104
77253655
50198860
144248767
94544240
7106909
43535566
22263846
80072020
55255795
273
166286990
38594430
273
179280127
43394402
144626262
1870
11527883
35344154
25535619
154138162
3911716
114642750
15
273
33516386
28086688
17519634
1
35398311
107341935
273
6
92304766
52563707
104
36282755
48804179
111567287
134821087
1870
1
150154268
160052019
2
156803062
165251517
186962520
92345636
40485053
159163754
9679799
132438593
127848444
1
151165070
47110167
273
48198930
121164132
16746477
10411812
176836167
187568057
78211013
273
66012441
1870
119533856
105257287
181667804
47602354
38594430
182732752
26477354
136692656
40
53864835
26224673
1845695
124803659
70869917
149676295
47939639
40
111487173
144495374
714
187681008
2
129766365
16235995
161398642
96939400
1
107504452
89838348
1576239
143588174
157344804
160263448
14001485
714
172542492
148298452
177317587
102061194
113679739
29213728
143864782
3835847
14598527
165225609
26468197
6
55907740
60623303
126504551
5059113
4975725
45138642
89838348
100920121
103827964
148846248
75157354
154731957
45906970
135254284
6
86846704
152423840
6
88506349
177994536
129991481
714
68291621
5291616
149272809
60973519
1
158533905
15232204
33593384
70234608
124217072
125067706
85939160
112845075
28672555
8583820
177129488
2
49410936
144013778
95417845
144888581
163278818
109513354
87172712
78375145
48898835
152832694
117280665
1870
10803704
28672109
157352803
448781
131720592
37658738
15
137737476
128746472
129064097
124797989
154982686
1870
163536720
822117
120737524
66146226
51643164
70307498
84316877
87248781
8938183
61542002
56174518
15
78524888
153614869
273
1870
178143154
186608129
16913865
10429565
77253655
136719345
173098740
1
1870
180070489
17307590
51517153
90470268
40
67979982
131631754
12481696
229970
32333497
1870
67214089
88466190
48144636
178414478
163029812
167226706
160394651
84805043
149139235
914578
151939565
82152106
125519991
32434488
74682809
6
169640998
159148115
61671095
67981604
186107095
104
79664533
76710826
60095593
55792946
174363119
144888581
6
144888581
69837082
14541322
74315591
137477265
102260680
92040575
51998811
36340201
96658612
37562833
15
117202575
129766365
104091681
24981993
142388754
133295105
21352976
163697585
74316751
158249444
136900376
98292935
154763300
96691491
37267996
21524493
21461637
102037502
129692593
16163993
12857732
154402934
92542384
113255361
38594430
142835103
9903870
174961496
34521064
2479869
58656528
87172712
75026315
85130146
6
273
188244171
59327442
92589237
165640455
69664948
76691376
9931121
23431050
164307387
64227869
21824437
273
62054600
161025988
14122145
42347885
167145282
116830731
17007805
1870
156101209
25101628
107656111
69103561
74049690
66065344
129207686
14287441
96133019
146305427
25511197
60730485
714
148226986
139183860
40
70290756
49317235
127679024
36680035
1238373
155509271
49049442
64823511
53007937
6
107437306
64631156
163273443
40242166
8583820
9237920
47939639
42874286
85057313
165266406
6305783
135559442
160317747
74475644
147977746
714
31677421
62739275
3553786
49738607
20220470
1870
1870
125104539
140747423
120488819
29666649
60531575
15
94107478
178351436
68510140
29247448
91413974
167688290
178239024
140663116
129692593
63343696
37562833
273
53934560
45763214
29357783
27096367
89311518
172083604
40
106196827
47939639
70167022
2
38065696
176696197
186639916
15114327
1
57817124
74211552
104
120999462
