40
134437388
12816
47939639
150767929
1
60019880
62412995
44951091
1
60306101
75654149
124046070
6545609
56158451
75157354
125141769
43868545
185386405
66485834
108661013
104762391
139664905
180587605
343040
104469172
25511197
714
65492725
2
66065344
116425089
179831401
2
91223061
71064258
184702730
101570959
1870
40
186614802
188396392
104863577
161738572
129391574
131268410
93470937
55138038
153701552
273
32051202
1870
158087647
24478309
2320210
66920051
44934963
84355791
79222146
17519634
48220046
40843537
60621678
129905530
48144636
48360427
177976677
35500964
106897508
34607561
38542081
181298986
155949991
56284602
117321250
147674449
95004503
85497544
714
1
6198751
172938234
169527945
93335234
95375174
273
2
115585456
15
118369594
162018347
21718492
2
1870
12816
45488188
117171002
135545300
175586322
56929814
273
24499525
12816
57967555
26930655
172938234
99171962
15
19624984
17519634
55138038
35833996
164690367
103379372
71984210
40
1
47343683
13543789
104762391
13081896
104
140663116
144888581
49254886
273
15
6
58595280
54945905
74734727
71240314
24860175
42521476
89267840
103158003
147986324
187237387
76293004
187507131
43868545
113725314
2
95617404
62016542
81452409
121010094
104
4895
137331280
77253655
273
3426189
16070725
60004025
26017336
151353615
188118950
97675808
6
178821157
64555437
2
104
60171624
161794503
60161561
40
180068292
77253655
71890378
138881465
79911269
52308764
7573818
178827593
6
119832553
47636444
127931933
103547354
714
10803704
25781695
95417845
5016598
71385747
115230958
98818986
60730485
186211690
13750018
55792946
95600401
28284465
67344881
141820798
182877286
145905217
87163875
50625318
145871623
15
155805058
130232668
149630594
153464695
65260979
4895
15
1
56321220
88201705
76405255
12816
40843537
107417254
59215268
121419120
2
55138038
273
61066541
40
117169066
137479885
602070
33167701
149043377
31072090
33552
173712285
94773620
51187110
167916744
714
106003672
153389682
38412841
141622413
112240801
129766365
166424782
174629692
110829914
1870
97476957
104
160940280
1870
15
42821576
87840405
177517357
140144950
157230954
184192615
115026985
63848630
18148181
176691899
10429565
172938234
64555437
2361454
94107478
15
157426806
125206282
42813810
15232204
43015349
62234885
178728128
87841
185386405
73932387
273
50293618
58402131
70860472
104
182805394
61065448
104
75657287
2
181039375
16664356
143132292
157141089
714
9793299
156359781
179450813
113811253
116716653
146387062
185437371
67344881
134821087
90481268
15963222
151758085
97340173
174893790
159278897
130389640
22704552
46303192
101308485
27713051
64628461
75269871
96658612
72452632
184530153
4126648
165298733
40
163525418
4378503
112719760
174712832
103360463
97300971
84659855
129766365
112825264
138526467
3856588
57469384
1
15
42171019
114009032
152832694
55792946
130065727
170907637
40
53242889
47939639
120592132
142859535
70067004
59867845
21824437
127771010
104
714
13293588
1
147262709
1870
57370541
149432922
714
159635381
80580141
167314954
714
166529452
167365011
89413405
15
22032136
102335618
16709402
117847895
160161574
185228993
71521185
714
116493576
144280584
48338252
1782078
151377515
30796512
39671518
92040575
173029933
147262709
98804199
97300971
63013541
186461380
174253647
183959397
145505224
1870
162246759
109621167
714
115054744
70698293
166012012
273
160090675
89838348
105239479
85713678
38878577
116240441
1870
31274251
19135423
137464623
25749159
23335611
139673868
38079880
77253655
187345724
48607854
169531562
104
151436267
157360472
75832770
143626390
82247580
714
108329785
63764953
105699389
97806133
126081228
182984460
273
172797005
131801455
161918304
31442257
120828578
86138305
14741053
29740416
104
11923570
51587655
4978895
3404182
175636454
104
146292644
140663116
37508712
131151030
136719345
142859535
128324744
97300971
149529671
70167022
63576880
1870
116811377
45860598
47224558
74049690
168369578
109493437
2716198
109621167
46324695
273
164942886
714
14444852
127409583
6
86050700
160940280
181948146
4895
108905741
74472294
84947747
149440012
172009649
131956891
57370541
151521315
84947747
187884697
160940280
3184436
104
164821060
116552525
1870
152832694
10429565
144888581
123917108
52182644
1870
46945999
3848976
43868545
154211788
35338424
117847895
40
72460786
6508841
78015623
80755547
14442533
1
107528251
714
117847895
1991768
40
59439260
155883702
29289108
33552
28898977
97274683
15
2
40
47946594
167916744
157127286
83645796
186382954
177181839
104
50280845
57498793
104
83387447
68792596
127548413
152832694
3754917
23976229
169675415
160052019
133036928
126081228
2
79562466
2510439
188661799
103827964
75494683
43771268
40
47939639
169238086
176604160
64555437
99235194
156821919
74430559
186956323
101241201
14562586
112296409
4975725
25825260
107823101
17894960
119946946
130617868
76314271
273
1
152298458
156026866
143244232
161469116
38707486
81404548
105355699
97340173
1
714
34515259
92303920
185477253
15
110345208
31291666
149350660
104
714
34495941
97358345
65589338
18938944
11787823
71264721
36533713
87808533
90001596
147412415
187681008
87163875
131260270
96341633
19246707
30011673
97803286
15
143864782
2
125108853
714
162824959
109015992
185799749
48826494
18657131
107457870
130492378
40
69683235
163442818
85229789
54759513
40
43771268
134439422
104131948
159042304
92977907
1637242
58039573
167389585
90001596
85017576
132895654
155682305
169481043
714
49531243
78192621
41396810
178508943
273
141103875
188198100
187955616
74315591
32949344
138364150
160940280
169074174
88139440
186461380
92887636
140126109
45806560
16024337
12177483
33552
169789221
64555437
114853188
28348587
34278722
1870
185486413
44322950
105773481
139480259
105553299
35000291
104
138861559
157861942
25781695
116603719
64078659
162565147
105505483
4572287
55138038
74941592
100468990
179508923
73536814
156777283
147421617
104
163150789
2856935
83893192
22941056
146750835
78170836
40
3630614
48200285
714
133036928
120501720
99846267
51106921
149791334
154451930
114391229
124853414
714
90085157
60331260
35296720
67344881
6508841
155185305
32868345
162859357
10252059
176327821
80387702
76740365
13223958
1576239
7232005
101142353
136356038
714
172942225
122460617
2008398
1395865
39671518
38750654
343040
70843059
77039379
163923460
84836583
15378056
22396031
1744616
104
108906366
16037543
155931208
6
144420848
104
98444245
138388059
66920051
179009284
185445090
143864782
175494827
81087476
111045497
69112771
160092161
37562833
100339436
56286987
117998195
44982762
8158800
105307788
602070
178716911
164821060
57370541
100948298
273
70290756
8026377
79688403
58039573
140146727
40843537
16066638
66318468
6
11236419
15
172249649
157343550
24486549
32588812
18429837
122386031
3635776
714
72449122
90481268
54021854
57746436
166255664
50770864
43868545
114561971
126117156
4126648
91210769
2698686
80051523
995904
164248115
164319427
273
145718432
110829914
273
40
8583820
24948578
47328157
63375679
97557032
102813000
100589497
53382844
42521476
65757498
51258270
56015860
273
28284465
163043102
126998575
109789287
96494128
87163875
10688595
49892260
6362658
182930300
33567725
45138642
4248377
32566680
166668916
152832694
109493437
150850709
142388754
104
1870
104
2720822
137986910
1870
273
150093764
104
10803704
49908311
43365208
2
15
64555437
160940280
15
15924857
124301880
29828049
67344881
9018639
174492727
714
165850901
17463919
273
111567287
129766365
130335973
29855311
75897811
43803582
73748841
273
61066541
82353051
110652498
39671518
152813433
72603159
129843668
10803704
5034329
25511197
6
182538888
86612359
82453887
147421617
15
75494683
15223758
55867097
76278991
58633204
78524888
95201598
130617868
6
7971434
4975725
182200626
84727168
39671518
34302128
80187471
6696445
40
161443112
81435951
77253655
119038441
273
90470268
156777283
3630614
36474854
59202819
139044505
103220418
13528512
142859535
8330972
273
63686995
126081228
10429565
83914602
91939817
5291616
1
157472258
114605774
20831845
114606731
170930950
1
98467029
273
138481771
60395234
182575707
172494524
9701843
87163875
714
2
76796209
181450082
155626295
161515798
97300971
73582402
6
67344881
28860970
38750654
177201921
164609272
35278030
142503139
103921094
1
104323593
104
142528504
55138038
39539728
141409677
143132292
25781695
124797989
130780049
174067812
139599494
168517478
83453137
142398188
147125917
16709402
1
160940280
66544692
84078490
151681608
12289090
44534842
15
43771268
173029933
124966311
132187252
123143909
