143864782
126506508
6979299
185386405
129163425
38825441
1
70698293
44142485
46093960
1143584
27088457
125563442
104
45827950
101586807
2
89838348
33043336
158457790
110446362
68939376
11133999
126097257
61795394
112507355
2783344
144888581
62441960
132933424
139551519
60321558
149043377
163548098
114180994
31810687
132496837
175607879
170295259
18574906
31174369
150576378
32750723
28672109
1
147262709
31430821
140285792
59890680
714
714
55138038
112976589
16934824
129766365
10803704
37562833
132851811
40
54403052
90001596
273
89355628
2489802
109621167
103827964
156224919
129766365
188263471
54408715
80398683
6545609
99061172
178296375
74032314
1576239
135430966
176836167
49533108
90717151
6545609
91416770
40
94980244
68142400
1576239
104905352
146632547
5291616
74766501
154878070
1
40843537
74590035
8369761
40
70183909
132286726
101551428
1870
139380922
6
6
134226833
25511197
120285718
6
2
2
130145470
26740243
73066643
134335916
75364162
45230648
104
112240801
70212812
126628308
42067417
67344881
117847895
129766365
48144636
139380922
6
112240801
120176640
110829914
714
186156287
104
160052019
50977210
50756432
109493437
74298228
137737476
149043377
28284465
30011673
106570194
79679943
170227051
2
40
18148181
61066541
134480833
18741222
114853188
18114100
107959431
67733157
33377464
129435318
157141089
103827964
75128471
144499149
12892919
40
67143489
90481268
2
136691878
122033010
16070725
94548463
49947380
174931180
90470268
21581841
229970
5235940
37685147
98941753
1870
714
12481653
6
22814649
1870
28284465
89685310
22862689
109621167
133192625
15
87841
96921178
47939639
343040
15562308
55637302
78524888
89213599
714
51160494
23057413
153779219
61066541
143864782
120903133
39808691
72576440
170529381
42521476
188107986
122433286
105046069
71963012
88305303
714
82336673
3426189
101403445
104
273
107656111
178323025
714
89838348
104
714
13587985
156736961
7623626
158634748
187946724
35067522
1870
117723736
6
6
67679381
149647786
117593374
714
109117657
2
60696614
60114092
155122929
135240681
127036662
144013778
117057472
229970
98092788
143967338
39664493
43947012
15
14256041
45715518
40843537
142388543
64555437
2922542
40
154012143
149046836
137583722
42171687
135263770
184499401
9192259
70869917
343040
104
179762836
94897065
714
173017215
111285529
44602773
128886277
107772302
107457870
15184307
40
67324431
153077925
5222493
13466597
125404891
1
32302818
409701
38750654
95417845
130846508
25242705
44447197
40
132197478
69781025
40
26451308
7920827
1870
43974592
172057726
82130288
1870
60284046
86441731
89584855
1576239
150992868
15
118804522
15506321
98068230
177197521
55138038
112392103
1
160052019
104013615
103379372
59286013
40
138156758
112919834
148171308
714
90481268
73019302
104439089
31018186
103093069
60171202
104
106435763
99465479
46640400
91460216
1870
97483596
96354675
124126725
40
174063344
24443671
25268177
34199645
101335063
129766365
7480008
81500638
140663116
152140070
21824437
714
77408182
151606380
75707000
21903146
1
6
126998575
90966365
91710188
714
87163875
2
714
181258460
60145840
1672142
90470268
77614491
144757187
37392692
143864782
15
167389585
89776309
57370541
95417845
4895
47636444
83407168
12457799
126688942
137625548
168234721
157466072
108673044
71157356
91900869
27274881
37351141
70869917
159964459
42528626
18949438
140335251
2
6
5068506
117375602
131381867
1
38750654
35296829
50456949
24499525
57847074
134846521
130829291
128310520
55082270
188058491
128211402
103124041
132596089
75785192
40
71324227
61719332
114642750
141285012
59871090
166086157
45828275
42521476
105998342
40
40284508
104
62040863
84836583
149043377
273
98546225
153447814
68092681
130829291
142388754
79270750
229970
172938234
714
110829914
8058409
9374311
4800419
229970
2
13623363
25979671
70167022
78193172
156777864
115485435
89307432
139334483
6
112898851
92663577
35667712
182740597
179932457
159869049
105221721
69647125
6545609
178323025
147421617
40
714
123853100
184613166
109493437
132215227
152123876
111134712
165775061
165380100
35714352
64772645
68410081
24087536
38594430
170545345
714
18262022
82469321
185367758
45672083
10123687
71970603
107569077
40
6
65260979
14122145
114690237
19643350
37102973
82586512
714
102433759
100088975
144888581
18018481
176713154
32302818
164946121
167617346
40
186123086
55792946
12789830
32519629
15
80301286
87564642
15
273
170907637
116034600
138370509
42348102
6
117847895
99399492
140663116
44762854
61548269
714
14173450
168404236
714
154552981
27833658
146387457
4895
137823567
55792946
273
31158999
73066643
40500961
714
42783510
111960205
47939639
229970
137722533
150606000
61910474
171431516
129953849
40843537
1
171386276
9983901
164847424
6545609
100182478
146312534
15
100085019
149043377
34637716
1
1367926
81237517
6
60315981
104
188380442
104
185386405
8286349
37632471
160052019
40
49834884
90635650
81604155
93545326
58145713
273
19630014
4126648
41453065
54108198
122558013
180310023
28284465
6
273
59589960
10803704
160940280
138263773
24508174
137016524
104
6
40
91169984
182324019
714
107163052
25511197
57008409
95659406
138525398
74369288
65260979
31806182
120860961
70167022
76637226
104
99035074
167888317
104
273
139083129
77253655
1
113489838
66462384
40
187681008
15
109493437
10614933
187601335
54734321
28672109
121313038
131420845
92172004
6
95442153
143864782
173008947
167453229
109142097
87630383
92900828
22493745
139139378
109621167
1
106238044
6
62741363
143502230
104762391
77826779
80028625
88918614
42366056
104179968
1413273
25511197
10628710
57921582
1904464
104
80757084
1
104
37481334
6
107222309
77253655
165936590
16493998
161420060
79468683
119448584
36830188
188438298
186403303
714
10821232
714
121937502
188263471
714
55036921
172707292
95025951
90001596
15
4800419
151920270
15
91710188
104
108603051
147673202
60730485
155224927
10429565
142388754
2
81465852
117952695
273
28284465
107457870
714
70869917
47540902
104
714
169058506
15
75897811
2
106963513
33845272
58039573
2
43771268
144757187
135508066
147673202
114542625
4892054
714
38490073
33859917
171978406
26649517
25511197
13323394
87467187
135447974
136467451
139599494
47939639
178274903
97991496
51713846
48929040
176634268
36830188
70167022
118541236
84836583
104
104
102561448
107200034
273
115234565
40
58039573
40
48333800
76869542
149043377
125038620
101747823
21834610
112918864
2
1
126617880
15
109621167
144695945
121690322
40
82998117
74616907
40
104
25952828
49564452
90954314
84836583
147300402
96341633
78524888
160052019
67113606
86914286
90017989
188468137
151681608
1576239
111567287
57370541
79394087
8358883
117961547
714
4895
43868545
1870
172555989
28284465
116671299
79679943
147262709
91770515
18477153
121164132
38252048
53414489
3826813
143027265
104
160093402
1
1870
104
143864782
1870
78524888
117405018
55138038
52840341
137945662
33552
98082748
11923570
21824437
142739801
95954977
6264308
129906134
111282510
130658582
1870
1870
97010173
1
39671518
41943803
172938234
76932260
78599807
159375830
1
181426555
29574764
81404548
273
69364221
144888581
3083846
15
70167022
116219070
176156392
117430021
273
127727610
16070725
157585293
49743094
154670873
109493437
45291858
15
15
3482445
179831401
134846521
85109131
168019826
273
79023274
158683532
5953543
166283185
176289673
85649690
79718915
15232204
88312479
122971111
169195405
602070
148353698
40
134734727
28093563
16583879
48144636
66346199
98473806
104
72500047
1870
1
104
96383546
81754332
2
714
6
82730010
60757334
139760560
164917615
154689894
61528674
180815177
36670817
35612963
2800278
143864782
1870
63462295
88247910
165958394
77253655
133241253
89664000
109946878
6
74049690
102037502
175343514
148326870
107810152
52888060
139320337
118680199
109219243
2
2
114853188
163086354
120501720
104
61762817
45291858
88305303
2803338
99268588
71398937
141730524
57370541
104
6
84290282
73864556
168277049
88327616
714
181205566
93004046
98941753
1
149043377
106655628
10429565
88800232
37907790
73288255
18860109
1
160052019
70167022
53325016
144495507
183498217
42521476
70869917
84947747
273
15
6
124264243
167566357
273
91183211
116851919
42146652
69145010
2115289
4895
2716198
170227051
35726913
49254886
83393042
46761287
3967544
40
57370541
87280119
167916744
343040
