150427999
134286002
33552
68298850
156470687
54648709
21814158
40
40
148561544
87423826
157495343
15
45523952
18148181
1870
34302128
43868545
46640400
162077469
8923249
175360711
142656247
87359769
188476236
122929389
714
51598375
90001596
84805043
125924784
40
84805043
43364431
89975239
89838348
188757943
122733369
714
40
622481
101551428
63114591
126284213
143314333
102278298
15668057
108701182
147262709
84836583
126880673
6
99387205
79517137
2
160940280
15
2
59512455
12246147
602070
98567245
160052019
138022723
176997080
23057413
124247353
273
35127332
87841
119363800
6
12816
173643637
15
177975876
3083846
118540472
40
53055080
6
65406407
15871699
185841394
161407635
61043629
714
15
41573762
151682289
28672109
83873376
157849539
273
149043377
6
143384568
108503468
51106921
229970
1377220
178239024
110759288
89267954
188316043
33506568
40
40942994
101698070
72509681
181852971
71222722
1870
137866055
143132292
140663116
4975725
10803704
75591901
1
15
161577156
6
110829914
87163875
126998575
79008948
40
714
714
40457817
135188751
181660545
76949001
135789000
160940280
123570738
156159502
125723666
15
87841
120362650
184702730
184164321
273
61066541
29090401
84836583
52920591
53182825
71984648
79562466
163880925
172938234
134667040
121156521
123737039
51517496
43868545
2
127247708
184108580
6
87129460
84947747
94702855
32838465
113844720
13959210
39671518
90207375
185410892
9457243
136854496
112623111
81934783
89698167
84836583
182478662
183870360
6
96287043
12816
149793355
160052019
602070
12957938
104762391
38750654
38750654
1870
188098308
173682153
144488138
2
34302128
182207020
78524888
1
3500820
6
128211402
154689894
28667989
1870
24618661
95460157
76776078
104762391
6
40
55349755
29599555
87972520
2
1
105138577
126998575
28672109
71378286
144287437
74049690
149043377
90169774
1870
51472825
101055603
32426928
166086157
103524578
149793355
125002381
116684138
129000418
95376947
85631986
74208443
131493328
157898415
149043125
29563811
135047516
34851100
114853188
182612813
11283077
40
45510453
12816
48102235
79388104
144888581
40500961
78759342
714
91521963
156405616
178508943
104548290
188448170
17629480
137920087
185435806
42242874
1281918
103649606
13663849
103202455
43800763
1
129692593
86582418
40
32366682
97300971
163174718
14353763
81833888
164063282
78856739
28284465
131219233
182684337
40
112017530
4975725
74276534
24295632
31495866
184192615
152832694
105702054
176159948
42521476
16302279
23174303
3191948
114853188
273
30436747
6
162347543
158676224
46993420
80323713
126385273
48144636
18577444
38295244
142247747
158455588
2
40
32838465
1388612
73706187
49918904
82098486
65825795
273
142859535
4779711
20639506
131655695
21016236
15
116054426
186860619
25599062
95764733
76629533
72337393
273
40
16164291
90481268
71452760
80473009
157849539
186480301
60716186
70346552
92496928
148579452
117847895
78759342
35210130
178652472
129692593
142479663
103258184
15
50379503
124797989
175586322
6099792
145025026
105956485
109493437
43771268
166055255
3523090
114853188
92303920
47939639
1870
57596549
3672092
71019873
93432748
101747823
46640400
104
98818986
64638698
40
23071939
14165591
154683430
62817597
131898610
273
176067096
139599494
87841
165073605
182556231
146292644
16070725
26740243
98095718
273
109954615
144793712
39254111
158874818
21824437
26104831
154325915
1870
6
169294749
104530484
130517595
47337198
114609350
2
51645993
6
118836566
27473943
1
145025026
60520314
98818986
171550333
10803704
714
95499321
90777962
157027023
5065659
104
56669081
2
157127286
123541774
23335611
89838348
78810583
76314271
30877134
40
177255560
150426205
103827964
91710188
273
15
78524888
45289737
3415453
49564452
105486955
81271031
90075469
129766365
7661322
129895828
76424447
84666504
1870
104
92040575
182217773
35693970
124301880
273
103336087
160940280
108483118
34227254
141862176
2499208
186446501
82459053
64555437
101307124
19366156
162409819
59832764
104526329
171498191
57370541
109621167
40286101
25781695
152832694
141382528
1
40
185445090
173008947
112890988
73541932
157585293
19465335
140663116
64316012
55792946
37434224
6
20945707
121353790
7898111
103208298
116023106
37952913
1
11778171
160561308
2
15232204
91484604
71029135
121540131
273
55023559
123492668
31503432
159253483
70167022
4895
714
42521476
51143491
47591881
54273380
64555437
45446949
49219264
139760560
39198060
179306101
167961775
3344059
79584698
107591904
1
59427333
104720353
83958097
47939639
57778552
71219269
104
121962291
109621167
102439962
22808413
137660275
63377383
180471651
188525935
149084582
129766365
73877802
144657330
87163875
183584907
34357709
44518563
88099775
102836719
167283206
2716198
62384135
7300903
27399860
343040
27520964
123753232
273
147421617
125449896
48309857
95417845
91993899
91227842
84921875
118032473
175581304
171712290
84947747
148768577
123280291
74049690
40
6
172009220
104
125454960
136167624
78524888
95417845
90481268
67273603
6545609
133731969
43144321
2
174343187
36089586
6
18305872
19338147
158091632
171099664
149529671
39671518
67344881
38594430
113141340
90923662
229970
1762837
109621167
58255179
34108801
64100920
48144636
2
109493437
44911518
43771268
84958575
169958759
163880925
26508870
15
149043377
78759342
6545609
12574241
51324717
6
40
4893831
25781695
98005370
44086290
4895
104
47249553
6754552
32376388
78759342
84074213
1870
1870
10127115
86900137
2400920
41898541
174615397
104
273
714
70869917
95417845
45985281
113826609
99447556
96705329
1870
140095154
132061272
39244367
102402149
153583241
62063682
125049490
40
109594951
101771720
38750654
90438511
10669891
183959397
40
2
119558178
157141089
78759342
1870
167389585
182269854
150532337
57100865
1413273
25535619
173579021
11826874
68942637
714
4447259
112898851
41554222
273
206917
144888581
34302128
167441842
174497508
25341680
62529313
40
61696399
2
30146690
63114118
171775921
273
78441024
175262912
2
105436367
849584
69873681
153782243
79690503
77921579
140335251
76269282
174102413
4895
6
38594430
92822379
54108198
2
33985424
83804033
25781695
126998575
2
180145684
104279885
96341633
6
172938234
114569613
143976282
25511197
129766365
174738015
1
96920548
37166508
1
177330685
40
158986784
64107829
10429565
65701198
273
147421617
173723226
4126648
27246226
1
99132956
74049690
87163875
30158580
2
114207436
53314028
15
82886316
178261511
90085157
152939290
15223758
129692593
111097895
714
104
11970934
104
90001596
23614742
6
129125822
168901181
141671347
1870
103018820
48144636
123469675
184021358
129292581
4691214
170227051
122299918
127927321
55502508
117788739
109144143
94995515
8374091
10610407
60361088
70869917
19373081
33851093
106217424
132967392
143547786
12246147
9187767
104
1
36209345
1
119656613
1
41248458
127988151
40
92040575
133449386
179831401
2
99132956
15
107710544
6911632
140142751
28672109
185445090
60423555
104
1576239
147300402
186383024
100244894
49791770
144488138
40843537
126998575
61719332
171542607
25511197
87841
142067353
17345343
39449828
108667622
151246368
39671518
133578320
143132292
19141706
1870
16070725
32625313
121009538
5071173
102572871
176240536
182612813
73027872
74748238
15
18532120
149866374
97300971
149114348
65280768
185445090
8583820
70869917
72394344
102980186
174783521
136592673
75973524
104762391
60940777
140034283
31014825
1
44407295
129325811
161332127
29619788
154427054
165617859
154248514
164821060
34266803
1870
714
149224907
15
39652492
126081228
273
34284029
56599176
159084643
48693830
67888371
145708372
184548490
104
47527118
34489869
117161916
40
2
40
52321041
180741190
147412415
123373349
129145739
84160761
1
138730846
1870
152971184
273
72492393
40843537
37562833
149868813
11037195
142865602
1
12816
154765332
130766122
119542493
176092947
6
143582175
142859535
57162600
1888110
16935104
63784796
25511197
178206681
70167022
73706187
156609262
6
184921815
7467997
103493681
6
6149485
55792946
52145618
172527421
125024915
100993320
103827964
147932923
43868545
47582868
172213840
165665525
5284132
21068351
118614435
1870
169892886
273
10203358
157391902
180395531
4975725
130617868
168514148
40242166
16709402
78600872
184635469
45503794
53323152
97979044
714
2
104091955
131304641
78753143
16792234
49681182
108326547
6
1870
33552
4633565
105831607
4230521
106955453
36857378
1309195
155919842
21824437
41911777
78315179
61447163
147262709
35604998
107392741
