714
184960722
343040
84836583
134879293
142551891
157014672
61548269
151681608
714
140578634
1
104
182726389
273
40
43868545
106435763
176426079
3173448
179831401
86615201
714
118463751
40
20527920
73959801
24224058
88760007
135436730
166013917
40
4126648
154731957
104775855
80301286
1870
108821760
109562836
273
2
55614575
37667331
85051802
1576239
153253658
10803704
126614177
1870
35201790
7232005
81604155
139737950
1870
57817476
42233198
36329203
73336757
115766684
180070489
137834274
152832694
46389232
1870
82978278
104
140990946
47591785
1
43868545
111495979
2
61066541
93486788
152699128
52334775
149043377
39449828
104
176258434
161651943
64741921
164332948
6
114853188
273
167316094
1810979
145713404
186197985
73255350
14250161
95417845
135634200
40
152832694
172213840
84947747
106485437
40
3016106
714
173546448
42521476
138902070
68298850
17536023
11834407
602070
343040
89617539
2
1870
15
182931857
168599303
158236500
166958408
45859868
41554222
105998342
2
72895900
273
110870740
2
160823748
66407750
714
185445090
149043377
62817597
28403733
15
178323025
6545609
161627472
179630484
87896842
97875729
1870
121947750
31115463
126117156
97300971
22699107
113826980
34140021
22725499
42521476
159394582
15
35856713
21667616
63503544
121343063
104
109621167
1
80735974
101502952
104861578
128580891
30011673
113817251
2932544
144088557
57370541
15
88396692
5511591
156818592
156777283
36686351
104
4636920
61066541
147421617
49861369
15
84001453
122639205
150242962
2
84100168
75494683
118027009
133858586
89838348
153614869
84398964
128275272
15
36933979
19366156
75754637
714
129198558
102451102
177890316
27520964
89838348
15
86141912
28672109
101971966
142619926
146305427
84947747
92040575
104
273
171939034
87841
57026233
162004229
187590274
12816
153917750
40
180768155
171102957
79604977
148845642
167375852
714
65593321
2092831
149043377
107206982
162626075
135436730
91710188
32333497
62581270
4636920
88082450
141975217
51406231
170904225
64546462
32173443
37265396
149043377
114330866
161499822
43558976
74722981
80904726
16800504
273
156725677
714
93233466
144250423
4983883
10803704
185445090
88648112
55792946
144210864
6388646
40325596
185381540
18227186
15
178009949
1
714
151169823
714
49254886
1
72643227
104
174950212
168378371
2289656
66268679
15
99399492
95528407
173712285
139760560
139599494
137617715
2
273
110829914
50146760
150727075
176335179
176069782
38529689
54965461
182154932
52148319
52182644
72498891
5887824
80735974
168145383
1
154405295
129933004
31085719
95908621
33711440
10936732
122737041
55845822
88177659
15
112240801
67292525
37913428
104
74712991
182808626
120759196
71537844
129766365
64078659
5848084
183283867
104
142859535
714
1870
40
25499420
54484326
2
8103447
174076751
43868545
40
92518663
123143439
125404891
111097895
59018371
38594430
170796185
154660097
74049690
155830863
56701369
157127286
38111821
147149497
156764289
71870412
61578059
714
1
4895
15
104
143666481
81083813
15
175492894
165474642
158962417
173712285
739733
33552
109493437
44445252
80652374
70869917
115236598
102037502
152149247
714
6
140663116
1
99742387
15
87349223
181727802
11579895
165246679
183646200
159894491
58247293
168845115
128144933
82192283
15
114775385
2
175494583
2
21824437
97476380
87163875
31056715
104
11923570
147421617
15
121053317
32803583
184575747
15
28647177
140969221
156439671
58782589
29441351
131108418
186780201
2
159271282
6
146078000
96341633
136841090
49720000
19630014
106656261
159550130
123157796
156236086
25708878
37562833
110532940
34729544
57370541
5922391
61058492
91710188
273
108130345
181479663
166073699
91369863
87841
53881295
6019230
90470268
108951941
159269951
87841
91319432
42348102
15
188263471
99268588
153249507
98710625
129766365
26436206
91710188
145221981
28284465
1
64364889
68414159
129692593
58759923
81451646
114835684
52480474
1
131571544
176696197
181997496
86915541
51363674
159085007
112927473
174647153
174647153
92040575
4126648
188527177
40843537
168995169
7954751
11235171
136558777
73122726
188093770
58539494
46993420
139599494
105436367
122689398
38203913
2
40
123101218
179760877
92040575
173613635
44157483
141313783
14519173
90923920
152066839
134346065
714
149139235
91710188
172195272
22251344
122696365
131646938
40
25341680
34637716
9247873
714
69930554
160748483
53232939
40
40500961
69938083
185445090
41588978
15
95417845
40
1576239
89838348
70784909
714
58039573
131381867
48885386
16131784
94887694
16244192
132777894
273
77253655
15
179260616
169562277
184254824
68805777
116213641
161097681
55109749
178526164
151716823
88312479
1870
4126648
158597926
72667069
147262709
35804905
170572349
32556028
84995379
70297424
163430957
102927976
29323600
140181205
43422004
188256497
86646285
343040
69647125
84947747
15
104
176836167
158774746
62246259
1
179571133
147421617
33552
172938234
113923541
1
714
109493437
166877829
130617868
2
56284602
71630220
86049052
140813921
15
147262709
126998575
93004046
90954314
162742359
151234338
171711090
82045640
2422305
181737456
86000354
133601923
110829914
104
79925207
104
1
273
8374091
175702909
64320928
37667331
15748732
126019330
40967339
49073391
6
40
3486145
2
714
9679799
142960959
144595525
141389532
9931121
113713569
134847531
43563568
9247873
49379950
53675128
157849539
188767455
29702321
39274755
106632558
135864923
16993731
39950761
1576239
166204217
33552
1
15
22839564
87841
58996037
2
15
15
133587348
139832477
598050
47093637
154405295
93712207
186986601
2
85354631
166086157
87163875
105306939
122713798
2
165606120
160940280
75707000
2
147879263
87248781
57091838
84947747
62817597
25200607
104
273
115724203
24952661
104
24658098
23068591
55138038
78524888
161397154
28284465
1
160052019
7239003
2
85347173
104
1
45996904
148236243
152832694
142649009
143827626
43830154
15
30369849
15
173712285
53720628
106435763
15
59249185
169789221
15
180039965
130977742
175889605
95417845
85841026
273
39671518
42575127
46680135
43046872
3041414
6
39671518
2
3848976
77763478
188643273
114238919
1
46856835
104
185911607
1870
122455629
39475079
2
87172712
70915146
273
109490025
140498721
24631223
68235277
40
104869576
15232204
6091737
84076761
55837780
1870
112163940
98941753
12816
43995909
131463373
89838348
85814821
75897811
148569068
118506389
20009197
166417932
40843537
40650444
46640400
130154056
74049690
173151290
157547844
229970
66906371
20329778
36519551
17519634
714
28284465
83338059
152832694
92040575
14920541
106749336
18844033
6
28672109
2
117058816
61687109
38209003
34715276
160052019
103827964
126998575
28672109
178202779
39659090
100604333
157440868
15
714
1
155122929
4200782
16021996
2
48144636
44895078
42521476
88269982
154683430
184499401
273
95869460
85525842
32673589
131986762
11918880
20573810
29872556
2
118562605
3630614
40030492
187874666
169326616
49254886
96580482
149287015
143395204
7579150
1
47093637
111097895
146086716
130617868
164395900
64320928
19597425
185445090
87163875
15371453
49797050
1
59398998
1870
44312340
15
152832694
907100
181929270
94292504
134927297
156609364
119374420
47044777
67272041
40
102042485
83355328
165326982
86287328
150536570
112240801
273
158986784
16070725
22773645
54851959
1
170227051
70773786
714
89485671
150951198
81341443
126135197
18329112
175161890
68697803
49341590
155509271
60811184
140663116
40
48901611
172938234
89973876
90470268
66920051
149043377
81120583
110038671
140294216
158780523
139380922
46100008
8759161
10880299
60730485
164180352
170602991
184478066
6
31503432
102719123
15
78587967
123478098
40
158597926
2
92195975
1
104
68882360
163951508
176691899
85169313
48640561
175354064
155949991
70908900
182269854
1870
49341590
162147582
104
104
158597926
1
142388754
1870
70167022
3031484
70290756
38594430
8583820
1870
104534844
85336343
166411413
714
71504651
116220424
2
96383546
61066541
129692593
26190647
163002802
124928507
35315717
136332950
28348587
52591409
89528170
55098633
25518396
144003933
167998406
40379467
273
86049052
120031142
74768808
159394582
132300062
15291523
162562511
70869917
160940280
40
62585953
160474840
131751421
35227198
74032314
22546174
103827964
186480301
75212856
34616395
81052184
183707003
74049690
113963147
21824437
105043378
113443792
183639596
60161561
167659136
118570461
57893347
126998575
67543925
33260941
42011478
