104
6545609
65326458
15
81512777
91710188
62902989
273
71948805
76160072
117635691
77888768
23171450
135540225
97420309
44324279
15232204
2
23785382
151109372
102270881
159731833
104762391
39950761
153046605
151249914
3941488
165918998
273
106897508
171241276
28058689
139552163
84201253
112240801
150492300
147262709
86287328
104
37324411
152832694
6
714
116558926
9192283
114403444
4781177
173013265
60973519
33552
104
88296489
40
85198681
73331206
179831401
102050456
166086157
130829291
104
5016598
142388754
177972535
115153337
58562340
5763302
138526467
10485385
27662222
2
1
71200680
187035252
70167022
65766536
20117141
130617868
83554521
153370103
34267151
53408284
27363210
101430730
104
67979705
273
57559221
74049690
60730485
104
76302168
714
176202960
14788446
149697306
78524888
40
117847895
122619033
65109221
5969189
104
40
6191779
2
28284465
104
137429298
4895
39671518
40
60730485
4975725
23932852
187946724
27239475
173712285
97606561
15
30011673
27610111
80735974
10429565
104
110891943
54504004
49918904
40
28228677
55746963
121407562
71458451
153340860
86318291
104
103493681
136738849
45777991
168565590
25505343
14492480
40
176259133
71064258
15
28084788
49254886
4895
343040
1870
134554563
19880631
114144241
69277320
30702242
9053669
167713885
6617916
26637078
104
145221981
152374560
170673689
99065490
44689024
146387062
171810975
76378949
151458780
85354631
3988838
1870
2716198
65701198
42521476
35386121
42067417
28672109
84469400
40
56602335
109329250
1576239
188296271
47783020
55138038
91416770
28284465
17248666
142388754
157953540
1041458
165380100
15
60120509
55997940
56049194
167878142
40
186867383
163086354
1870
6
54140434
16586373
157310219
22033188
64555437
1870
161909079
156730163
75649999
118033974
108483118
177444857
29213464
71879344
6
1
45231706
104
1576239
135683841
90481268
75707000
68134919
113657595
60730485
78524888
70167022
2
714
7019952
2
21682787
165266406
112358070
15
107286511
158257153
68867455
150997588
64555437
94342075
77417065
101948802
714
137479885
162193775
74325320
602070
114427580
42521476
107141327
150996930
144248767
92345636
32104202
137464623
31171639
183636542
78449760
169374464
46462558
48711800
38594430
6
130617868
148855896
119349901
35833996
60161561
61066541
146365186
167916744
70167022
67676892
67344881
1
40
22180448
75957101
102474545
118856749
145072258
145527608
273
273
118738188
48356518
104
38151592
86092922
15
137915320
105436367
90470268
103827964
78759342
58121871
64889360
95617404
67631886
2410921
146421730
38666714
114853188
15
20777577
95455483
23791321
150130439
162747193
75262788
28748023
125563442
55006717
102673426
58039573
127528025
120487128
84836583
121423334
84836583
162004229
154402926
54511832
64320928
87248822
40
88740892
173503799
1870
167916744
70290756
73051103
41965190
85095208
96279827
115473929
6
273
152314166
137440058
102192677
15232204
84831354
8513100
15232204
25511197
2
56018409
119115361
6
113734954
98011043
40
81912971
70622920
18683807
81059212
101821395
51425256
155949991
38505119
40500961
154181519
714
74254715
67344881
17519634
21824437
94034636
58127762
156327085
124571192
2
83254905
104
40
48144636
90001596
40
273
6
6
132988601
81059212
17519634
126544264
127384160
1107803
145058538
177067207
10649145
133755393
1870
7232005
90001596
81497354
157849539
101497072
166693473
15
134791953
273
49743094
1
27706723
19368232
24508174
31469511
15
133217382
147421617
159535085
70167022
174467455
63885188
155225680
25781695
87163875
2407701
66395858
103827964
1
714
129766365
71096007
78524888
87122683
25781695
115840828
139079347
145693381
16147698
25511197
114391229
81497354
135447974
121629296
140663116
1870
16004338
188045033
15223758
128555807
157937223
160764717
63294874
67344881
5290051
602070
164962777
1
17341893
23754854
59416808
188346860
714
43555757
273
95251577
38594430
41442033
58310784
178905469
70645328
20590693
44799861
1576239
1
132803127
74937379
74315591
93282238
4660102
114110027
60730485
40
34637716
1870
54337583
171937554
714
87451679
82466839
714
157121445
74430559
94962390
714
12816
22700941
15
40
1870
84836583
38750654
106773264
26503793
186197463
1
1
21391311
67015248
105141423
160052019
45646453
2
74049690
24162291
90481268
125404891
101586807
714
77470161
10491167
187601335
229970
12364070
111474893
108667622
110235706
157337259
76314271
1
100073351
36004921
104
46403138
125380943
6
142859535
4975725
294866
157127286
273
102397729
13856249
40
91369863
15
130000612
55947737
106485437
107589258
141080357
180334108
70167022
131200405
121632370
169058506
132927604
109621167
15
103493681
64430177
51598375
3321628
118821794
36830495
25511197
157467261
169539720
143864782
150118163
77614491
15818117
38594430
15746268
162147036
52803916
4615967
127772369
74963325
31879000
1870
70615422
2
95386692
56485251
107483898
112539684
8583820
122696365
163633677
15
100430831
180062374
24499525
16437253
69963654
21834610
4126648
30995173
43843553
140687957
71064258
157493629
161865388
142235241
1870
59631938
1
59165364
273
97080823
10803704
48784467
75484349
10803704
108130345
714
74105378
91276357
104
95376947
47939639
178202779
90001596
144757187
714
3613567
80398683
82578867
714
22487686
142739801
60730485
78178390
98354091
10803704
1238373
343040
74049690
70290756
2
54090215
34883363
126511093
6545609
22008204
2
104
2
40
168006759
52362597
119639836
126998575
28825494
104
52991266
273
143827626
74688390
157680118
138178193
143888047
47009292
1870
100114493
68529452
2
49918904
49254886
84188045
78759342
22154691
89557504
6
33631111
58716848
104
20019660
1
123942449
55792946
123917108
186022329
273
168739381
186515930
95815463
1
104
14826594
115155280
22085431
75394326
188245850
93154020
129766365
131473594
273
66848763
140127778
171695199
17755788
15
96088238
1
129239104
32550046
147614739
31430821
186640833
102697102
147646957
12289090
73706187
109621167
14642324
131289460
147421617
79097012
42521476
117793809
106026474
88420939
117847895
152832694
31595706
273
170483127
74781487
121769863
61066541
714
154731957
109621167
176141979
1576239
1
155573459
185377721
79710174
168847475
39644465
104
635551
48338252
70167022
88327616
89131688
132576175
83987377
37064388
175230752
122490649
156656350
75509197
161379810
273
117847895
8583820
18477153
81934783
56214839
45510453
92040575
185504449
40
125199866
2
151069360
714
15
15790375
79062742
54040335
162193775
28213955
37622875
2
126977613
4895
71103088
66318468
43210905
125468696
58039573
128580891
107141649
109621167
187645657
9781561
64527673
714
18545113
4824601
5239240
124623606
42255859
75212856
1
30142569
15
152808589
107859854
139380922
171645635
85551199
25650375
71620347
40
142388754
138884037
76774623
66683505
77856000
15
49254886
40
1
23068591
135033335
4839224
43771268
168155293
116603719
2
51598375
103827964
53680810
177064881
90481268
154075399
42521476
91710188
27789017
64966814
111070554
19098791
714
104
178323025
40
130617868
38594430
33623772
138484877
4895
141087175
62896670
104
28224776
178323025
97300971
60903028
140663116
124833889
77921579
6
118698306
81451950
96088238
1
135441425
176628836
102887122
126422832
90001596
12816
111619273
80340515
178323025
100566153
56015860
28327478
167236231
44179560
6
15
186118693
105038323
120463606
142256442
156279484
128600945
6
68957949
6545609
96500934
40500961
117847895
48607854
43868545
68301854
85109131
19176526
15
10429565
6
70485416
62503005
56174518
162572064
180359128
160160867
15
104
128886277
95417845
6642020
69796237
602070
2
101930791
106108531
110383246
48961197
122051659
181948146
101129301
17936238
714
78524888
15
1870
2415519
127298719
15607350
34683978
104
162193775
136943112
104
31949733
60034627
56451151
118798084
62246259
163206665
7106909
15
104
30613721
15
714
98095718
37481334
15232204
1
64555437
73922973
22704552
104
168845115
85906697
77253655
160052019
143864782
12816
109621167
1870
117817176
59947571
157451979
17083572
62403249
147262709
38758232
95521353
43868545
137617715
6
122084719
172193348
80387702
182690385
42521476
187844987
131509689
80179683
5944769
27351377
127727610
5459456
130617868
126407711
106478705
90654759
94767618
13081490
2
111948162
108747047
1870
114706293
67344881
160539033
6
100085019
99168123
92070624
136534625
2
110829914
