16070725
162536893
154825693
99465987
1
1870
714
149043377
15
44790720
81512987
165729016
46683820
145188651
177890523
67782857
39671518
113684864
55138038
119510983
95417845
149043377
48144636
106432247
188120477
179649879
30081830
48144636
172797005
6
139664905
120103239
166831193
6
116349275
42521476
160052019
57555175
136788285
110829914
185445090
70454924
10229012
158366713
97300971
118482241
117961547
14631981
129003794
147262709
55076493
91819606
714
92515898
147421617
28672109
1
1
184702730
112343004
70290756
88305303
57370541
2
15232204
22941056
50878046
2
73706187
24466513
165761907
109493437
147673202
173546448
1
25021200
2
15584410
125745648
37667331
116512040
104
6
50393022
123205381
7720417
147300402
39671518
81168743
55792946
2501704
98317026
146890390
30009965
33474951
110829914
6
67242840
142579839
69152119
137412463
103411305
43722340
163652065
104
89962229
43391331
73060388
129998959
83525903
15232204
2
185445090
171131247
148206426
40
714
64744084
50232106
126653531
134801012
97917299
104720353
63315739
7661322
173712285
118242625
13198897
90470268
184171823
137746593
177857054
114463628
143770919
15
179831401
77253655
78759342
83207651
11845275
126544264
142772959
37907790
23335611
149043377
89267954
148566888
64555437
174316932
147415936
38750654
21294515
15
76776078
69730435
110596222
89838348
104
182484409
104469172
110829914
84836583
26310586
175586322
24246963
148784551
71672591
70290756
164947857
40
76347688
4975725
57650672
69962097
3153784
134226833
104
5596203
40
104534844
78759342
273
65615738
177920919
49254886
71672759
18176572
55948600
66544692
8447706
2
714
177033452
80241319
104145031
114690237
9752217
170904225
40
64555437
40
57335464
133578013
122364059
15
1
20906209
3258689
64817309
84805043
64900470
714
6
80239875
97724049
6
24478309
167132298
92781194
154184292
38910673
80612608
124232985
104288549
33552
50662837
79678580
110652498
17462307
25729671
40
15
15
5805559
42688237
126614177
109290406
124179436
124093583
4548736
76509265
44407295
125160675
126998575
47939639
2665324
33552
103827964
26578492
2115339
38750654
15
61603031
1
140663116
21824437
5612484
64452598
273
131721935
86999930
714
47093637
134223894
273
2
97216780
110225838
172938234
153288771
170930950
173752856
119526981
74049690
136334210
111487173
94632964
44168969
138709890
91615737
139425318
58617901
3280012
74884575
87827410
63501501
147394901
137328030
15746169
156493205
128316881
59315255
165574085
104
61225484
187804105
182984460
101472233
45062173
16070725
714
40
57407971
184613166
51648318
40
68697803
714
70294894
129766365
28119374
173712285
5582625
9534999
6
6
69963505
123957848
343040
6
53366346
87896842
123337351
68510140
182001759
73706187
183186768
2
124394301
2
184973692
157234712
6545609
4420748
104
115764985
145404057
37562833
147742234
15
151643913
79394087
104
85222793
153063987
42047500
53984927
143864782
185445090
41158297
176327821
714
188107986
153019047
69273054
157141089
887498
15565521
145025026
187534984
61565050
65926662
714
31322779
61569423
111952084
66065344
100573144
30704121
113967795
182617114
42589479
40
40032947
1
133858586
6
38594430
144959913
13539080
6
50143690
120619698
129463902
126081228
168937951
112218987
4787646
60344373
112240801
6
158589190
174976473
714
1870
130617868
186876289
27437380
146258344
128580891
38594430
79102256
176691899
108244902
6545609
40
123872233
102037502
105904897
145639916
37562833
8975569
107359698
51294402
57486101
90470268
33792540
113522313
273
15860343
163880925
113118954
602070
132897383
54626438
45121199
32481664
87373916
55138038
144125308
116984435
79739478
90481268
150250863
90001596
65036484
127751151
27578422
23058101
1870
183094740
48144636
111599418
1
22840744
160052019
55138038
18023552
104
160052019
90001596
55729969
90001596
86299956
88323903
70325199
105619220
84947747
166867092
103827964
128089829
79306570
6
273
19366156
95098642
113905690
6
12422623
103233305
161843054
33552
90470268
123280291
70869917
6
164607784
111070554
135740682
66065344
69455887
31846102
112240801
110829914
186066633
100932920
99462821
163685189
57370541
126719011
82439946
20329778
3353199
40268264
40
9126452
125085009
48040140
50703474
160940280
49286775
19366156
90001596
104
134441388
124776476
167538253
99218126
59414244
15232204
28866740
1
130475998
41790403
93496208
173627021
38594430
48144636
52803916
104
166987187
104
129766365
137737476
105380277
185445090
153779219
148256447
117847895
714
85093074
15
8583820
141795391
37845222
78178390
97520175
108103136
78485168
31745782
30522270
714
6
28284465
143829298
1870
28223216
103974998
172701127
138664775
20631942
90017989
3630614
6545609
96849531
273
40
115797375
64692627
30101242
164307387
112890988
16001255
15232204
106173055
40642800
15167934
39299306
117605469
126117156
47904268
32545343
175009981
57370541
1870
155800825
81071208
66920051
113073161
714
82751885
104
69269820
69963654
104
12982542
138572691
40
102284437
40
158525571
1
70826637
714
28672109
129443635
115230958
107092152
163128360
81604155
90001596
179978615
2
78195660
144508411
32376388
15
139106459
68697803
147456279
90176998
133326592
78759342
6
273
147270701
39053263
66146226
6545609
184350101
129428789
40
714
77253655
714
2737305
78524888
4895
159495894
172938234
14500936
1870
104
47939639
103124041
17694952
91615737
54107082
1870
173831270
158624263
15
146890390
110003055
83294041
105095792
67635598
6
7064616
25611111
104
273
184613166
152172308
159256133
37562833
2
15
40
104762391
146305427
90441117
117836185
127675974
182875997
2
4126648
6545609
89338713
137834274
121962291
15
1870
90470268
135254284
97112059
143831092
6
64555437
135713418
183363909
61066541
153875658
38750654
714
714
47885811
85843523
11935081
6
25452808
104
130617868
74049690
100589801
142278590
97851132
273
30142569
77253655
30412706
2
187681008
1017065
107388539
149043377
145004579
164092626
4975725
1
822117
90470268
166880764
39671518
36421935
114853188
37562833
70167022
142111528
1
114853188
103345539
2361454
78759342
104
39361242
109493437
98959576
102731793
49743094
127113855
140712219
12816
157784033
110829914
173538026
91764145
6
108473944
273
21824437
6
13368568
52172269
145095560
126977613
68118194
159794355
153608684
90470268
185445090
179744420
15371453
28284465
104
1870
80301286
10803704
5862909
89219233
2
119362026
164821060
94592187
40108302
31310212
117354015
35152457
15
166055255
30865805
147421617
74049690
20009197
152832694
153986698
119259840
80775116
70869917
187955616
102039222
68278832
87163875
40843537
10386013
55792946
147497452
1870
6508841
55812801
18477153
66431717
30027500
75982210
56857925
92910384
25410696
30522270
104
67408682
169001106
142859535
1
130875736
67992069
84836583
15
83189734
16695809
1
172361061
79816180
78524888
31700816
74032314
714
154328101
39244367
83338059
126407711
64555437
119137841
21603669
2
149043377
134416624
160052019
104
28284465
2
58039573
1
47939639
59890680
120533616
168675264
9113931
1870
85724788
1870
273
64523399
24618661
185445090
13686840
714
1
9247873
66346938
34004824
171879039
38667579
87143794
100536135
86501837
32079160
25781695
65888144
158101697
1870
125907452
87163875
174203823
139697597
91228945
93388511
19379742
111487173
79061757
714
19932545
60208247
273
141573713
162249804
126983814
183584907
88305303
78178390
10803704
2
173712285
184154057
31512813
111487173
109621167
108974105
17848681
127201019
131912616
2716198
4895
112240801
43545584
30790592
182156993
109197423
1870
163880925
15
55078140
137797925
187577519
5260134
160696618
47312801
15
160940280
40
40
172656317
49060641
90401215
154125958
62418120
10803704
40
2
91710188
103328599
14239284
41357019
7378927
6
91710188
15
179831401
115826326
40792906
129853997
714
117058816
1
67100025
71334910
160940280
135436730
12433807
109666532
184501031
164087841
154882408
187553761
67489828
1870
107406145
73706187
115000318
26503793
105985119
2716198
126081228
1870
12816
30790592
161444765
65467072
15
98818986
15
6979299
60171624
163043065
25781695
15
152832694
45168358
43868545
3967544
50247050
1870
28284465
43173624
173971771
173712285
47939639
174404087
164619491
13871971
111487173
160764717
182665375
31269448
146808713
129766365
57407971
165325417
112240801
273
163318118
49725639
110584162
11854217
18968357
57441205
56471684
84947747
122609116
145058481
76144081
