1870
104347752
98432986
50151744
8583820
112240801
7661322
39032974
18477153
28284465
166616152
18018481
108927581
160940280
133995660
273
722624
101664545
87841
164913651
160940280
107483898
186270238
177951431
170814810
59363307
14676630
59037395
2
183584907
55138038
6
6
21380904
1
65717011
74059505
180668881
117002814
52568302
58476190
59291179
47390410
117609903
125404891
273
181786270
1870
109252190
104
165640455
152832694
115957112
116984176
109493437
18332001
164132722
129692593
155559915
160940280
171539387
102397729
92433916
94869198
95241350
66636881
32376388
147479126
4895
273
2
15
48268967
76289360
179793513
58255179
12816
39671518
116841317
152832694
119544669
15
15
98842051
70167022
273
178908141
122134372
110366770
170823475
8427230
147300402
163678072
15
155862735
145115387
60155613
64766253
273
144757187
714
115223302
98095718
142547391
124625259
714
46640400
60945010
117126962
2
1870
95417845
6545609
25266666
105503887
104
51768264
1577681
180879879
134213001
110452585
62771394
121202824
61130141
143719026
181258460
1
80301286
43868545
144888581
7858275
1870
714
40
126117080
97642360
64555437
103827964
99399492
15
168072914
8583820
70167022
142875988
602070
6
162659958
1
35398311
114586987
62893612
87163875
149043377
133519280
273
4541566
74049690
6
128089829
35714352
133789084
98207077
40
181258460
159055388
172102654
104
65403589
81114264
3778229
127582020
17961264
15
114853188
182639841
131477575
61260075
173712285
6
55502508
124522808
714
41453065
7530159
53334548
112240801
79089464
70290756
120817439
142561179
44917877
152832694
116120050
87750088
53664824
1
60730485
146890390
142859535
19015612
10429565
31627486
144508411
98714134
1
174779360
229970
142388754
24477812
104
90470268
179587128
104
93282238
49410936
163880925
22941056
1
172963326
84958575
27662307
178093552
77083230
91416770
15
37166508
73610495
15232204
109621167
104
23057413
177890523
38987897
186789283
28672109
118680199
6
1
2
176327821
44934963
33552
33552
146137435
178471415
1
60712138
151614912
40
714
129351513
151342907
10429565
6
59903391
78605923
5544682
40
175272033
75897811
86139754
140498721
6149707
47922664
40
111221668
35667712
183615048
343040
13442438
24508174
38594430
66539897
155654476
149529671
163388763
132398587
179009284
27024928
25781695
159248145
89931136
182484409
35398311
62551020
6
39671518
99090521
78524888
15613921
6
61066541
65619286
84947747
24978721
1
150679058
150648195
117658700
6
28940898
78525279
125563442
2
99416180
144507898
343040
186834362
104
1870
126869320
164279061
714
93542666
4895
273
60730485
16070725
29323600
111876740
15232204
43583643
61974214
17527930
101451497
24959931
973311
111646219
104762391
33017210
12419653
182291468
40
6
186759643
714
114853188
91010985
153624314
2716198
41158297
160940280
56562565
23344911
176635509
1
1
18224348
4895
101346009
90481268
130829291
6
143323429
130753970
1870
37562833
136693165
33683674
57407971
70577868
88098360
8867053
8058409
4451678
7253749
179971398
28672109
5016598
186780299
143132292
4126648
14505143
714
40
63666763
160940280
151606380
40
2
147938638
84800322
3913518
86446343
167932114
1870
78123647
714
67344881
125153672
163487381
6
158468783
40
2764480
106737295
119845433
229970
6396007
15
180850664
103982587
57768104
24537267
168675986
188107986
63398392
54746485
15731231
13710199
2
109528744
135727180
84058471
39671518
126998575
30146690
129777027
48144636
136150716
30009965
40
66103430
50129081
179831401
124046070
157912904
96137712
98601681
171372427
48607854
40843537
104762391
6177372
43868545
1870
47224558
95853610
19863627
185445090
165620095
54587402
84093156
134847531
142859535
26966908
101335063
41629628
11000383
24168073
121185887
152428048
6
126081228
157360472
40
72243837
118361239
1870
17519634
142388754
2
47278561
63124509
15
112154265
77021248
77417065
4975725
187103403
23057413
273
89838348
2
10803704
76027191
6696501
1
159341783
30382460
68061003
147269045
39617922
157343550
1870
187507131
47939639
35166698
57407971
143864782
148293152
163374580
12816
45550421
2
109621167
10803704
139210904
177433934
35373123
143931066
43956011
68656722
125479173
1
24262249
104
2
130829291
1
714
1
1870
3613567
121555456
119460520
273
33548702
181309479
8583820
24618661
172380606
52145618
126998575
78225470
102540509
26866384
55308363
110783101
273
37562833
48144636
40
146606565
4533612
134739466
6
83160357
96801867
6
76144081
165776703
75269871
37258302
48736124
88269982
46812798
64299195
78524888
273
110451253
158617747
75049299
147196997
87841
35398311
43799072
66770935
101848983
24478309
144110198
181941715
180438163
104
1
55138038
15
32333497
103827964
155919842
39366644
46777892
43277667
179831401
30081830
72576440
10076938
72251637
78759342
112890988
32915625
35398311
2
104
48144636
120535507
118641717
168909258
93381087
142068645
15232204
24555533
3771804
163182044
92040575
82119965
273
171934507
17307590
4321827
78030512
16706268
12373384
38750654
87841
82801002
6877150
135837859
173712285
158016673
146806381
104762391
166879626
40
34968802
157527420
46978758
43165119
4756547
81621389
4975725
714
175661678
69811333
70869917
36181288
93154020
36265601
152305622
120188745
2
179009284
42127220
66544692
48111416
115954836
69846720
104
127545845
6
144888581
273
120456172
16070725
153020263
64320928
1186802
140663116
63591520
47317878
9679799
64555437
149048779
129692593
42521476
386745
156493205
118119966
134635979
714
1
162378868
23399829
168238737
40
69157070
51596942
182217773
80108487
1870
62953702
70227183
93911787
171671586
156565398
86049052
29213728
90470268
114204263
179831401
150041393
6
1105064
109493437
137359469
103165488
58914113
40
176417407
68697803
147039133
175726863
90001596
91183211
82556763
1
1870
117394503
6527109
104
57226609
1576239
97080823
38453449
104
168806175
119940754
27789017
27854306
15
1549311
169969841
53325016
65202680
152597987
88458081
1870
175586322
161126445
40
99214037
40
78524888
6593291
111279117
18076241
38594430
164262909
7048280
112134652
111596769
100607218
13442438
186211690
80290386
1
5506092
80810346
1870
134787462
4975725
53917070
13186953
182703529
163880925
40
118581887
6
131939504
15637902
90470268
107395733
84701995
104
39469913
1
155152100
117847895
176015786
104
177668391
136854505
62658310
52543855
40
43868545
108631566
95423034
94600311
273
1549311
2
108951941
1870
5110955
149043377
273
5953543
172701127
33552
15232204
129692593
84947747
110765682
178202779
73374214
145048835
77535870
123716614
21164946
59954717
147421617
47224558
4895
135455882
109621167
169033426
167832491
108710174
87841
19675014
124934325
15
28825494
6527109
58849665
91710188
156493205
9051269
104
56669081
47939639
126914273
144888581
70302756
32820033
46518970
188684559
55985654
126081228
104720353
10127115
115802340
129766365
1870
120851236
43193873
180905873
149531415
121736272
147287619
154871247
28785960
64555437
7661322
33500417
37268070
90001596
163685189
137387910
99244789
91615737
168035808
84796412
109621167
39974814
87163875
149531415
6
104
1
1
714
95417845
152895404
90001596
714
104
10803704
84780596
46940705
1870
86393035
149531415
82083719
95417845
84947747
171753653
25341680
1870
115796188
61319688
40843537
273
104
155266951
21643850
61479797
159550130
84958575
40
55138038
107321038
51138555
40
49254886
38203913
36064056
98011043
154607387
88007488
1
1
149499186
169336234
15
17698489
6
81497354
104
131721935
79562466
87691294
49341590
140395793
99032040
160940280
273
83680976
76289360
68426696
48255119
61635986
15
146470172
83525903
6
6
78028325
44444564
88076028
1
47093637
55138038
1
129766365
136659265
15
59847490
46604795
64320928
138907488
38750654
178832957
28284465
55908833
146160158
186382954
151001002
62817597
15056175
102826610
15
1870
53605445
139087194
187376711
167380395
822117
141289879
39890173
72893147
140578634
60535193
2716198
17493972
152832694
2
47009292
136531542
10429565
153119849
126284213
133514376
176423654
74486276
92040575
64259280
125757102
89576615
714
3630614
2
21099107
104056949
77713108
33208144
167708739
112180485
165251517
111996453
58255179
166081837
32121869
126081228
132032330
49079834
15
78753143
151813490
1870
135264744
104
131026637
48457497
43172785
153545186
116673696
1870
6
