21499200
20064918
28643648
53577978
367827120
141955298
78847139
117036270
16577595
199002870
68066648
65260950
415283204
380036489
449411658
110871168
606704
1773303
439765008
72421139
62399778
169843598
289807889
228244950
28588275
88871310
68974878
264853935
11770619
1559618
128103525
65043720
32806739
277845764
151584783
9396945
13483668
449016764
192716070
21826803
107861918
363275339
162531614
79621094
279366168
81647325
268335483
305956395
107432339
154761795
1189139
230816793
13188828
226247670
29021594
80584560
6904268
112819695
115620
8908470
140872095
135904185
63632295
309551793
11657253
411621000
309296883
50208075
274474319
92737620
138206579
26130839
14278019
459340425
120192720
419894370
74425598
30295508
170843310
253423950
321948098
122931678
38436548
465439079
18394920
134244045
31794918
47802558
135408
35726625
46593675
149679194
310937423
219111750
24189378
442983453
103625775
443670
10372964
24067350
