302
638
942
1072
1045
404
274
570
814
403
298
801
1036
586
459
608
183
862
187
1053
1089
418
444
513
827
845
674
958
285
474
610
816
1154
278
829
493
282
845
534
1082
461
73
540
1027
1078
939
860
628
911
1176
508
1074
955
1334
447
412
965
1144
1208
1245
1119
637
1381
1197
1343
1139
1155
905
1036
668
876
1118
1160
812
808
1097
822
959
1037
1258
1251
973
1339
572
707
1343
539
1118
809
991
498
1055
1212
845
788
1002
756
621
303
852
736
1022
517
983
915
1325
921
630
256
1124
952
698
1019
940
1223
904
483
905
1206
913
779
1132
1342
394
1247
171
1078
151
668
552
164
1057
766
911
833
333
556
262
496
719
412
639
1115
363
330
485
1043
154
1033
853
580
758
677
425
518
502
1154
856
153
551
188
676
752
632
226
1127
150
799
884
932
179
663
919
687
732
464
941
1149
1091
384
1086
884
545
644
814
221
276
889
1029
1133
376
636
1139
1067
796
1105
891
411
907
830
424
1165
321
786
510
838
1311
961
789
551
973
442
853
489
959
591
428
282
1360
1270
847
1260
1098
1219
133
495
817
1204
466
1039
157
388
552
904
832
504
1061
473
434
566
377
980
552
943
992
576
623
964
1240
823
554
337
627
977
825
337
1322
853
682
1029
196
1078
730
303
1035
1109
869
174
1010
315
999
145
522
256
566
643
770
208
282
1006
1111
619
725
716
307
573
764
480
1124
284
845
1031
1000
1071
1072
233
897
913
255
202
1081
1100
349
1217
567
250
474
606
398
1333
712
137
602
1001
687
734
698
775
676
331
920
1075
560
293
829
904
786
264
621
1067
692
864
998
464
931
638
677
861
726
747
1037
1006
726
776
1207
632
720
261
533
228
685
685
677
685
685
918
1121
444
677
677
241
685
444
918
918
1121
918
241
444
1121
685
677
241
444
685
918
918
1121
241
241
685
241
685
241
241
1121
677
677
918
918
918
685
1121
1121
685
685
685
918
1121
685
1121
918
1121
444
918
241
918
918
1121
685
444
918
429
538
674
639
470
295
986
280
406
1019
1164
178
993
1145
1278
563
604
509
385
509
332
378
480
1175
144
1150
453
613
919
591
1203
1258
683
614
972
400
421
1008
596
392
1132
852
262
533
1166
931
543
246
1019
934
699
164
958
991
171
826
1004
270
798
417
552
116
1161
211
843
440
521
1007
1197
876
879
490
753
608
365
749
691
1060
656
486
823
589
892
1119
900
934
914
591
250
1060
750
609
1017
194
935
667
922
868
405
400
623
432
734
797
846
837
1013
582
711
623
1187
1144
918
610
862
427
709
1325
1370
809
896
698
352
877
648
280
1061
821
815
437
475
665
344
1317
289
554
639
507
639
1009
1066
1185
685
1416
581
517
910
1046
732
452
1239
703
1021
710
945
262
809
659
986
811
1215
930
698
1066
634
613
707
538
819
692
780
1086
197
413
213
681
596
862
1225
1155
820
659
677
469
613
787
1109
728
864
839
1194
1093
435
961
614
1240
606
815
894
379
801
589
518
1171
564
1051
617
610
355
497
794
1062
448
308
1007
348
689
774
1270
529
446
1062
1048
472
709
1112
530
934
908
832
610
516
477
648
356
1057
649
1408
509
1139
1319
1111
867
821
1271
877
1202
828
713
811
340
1055
568
531
1388
792
663
305
833
1201
567
1032
333
1412
415
936
1139
442
515
455
523
693
635
692
1422
567
917
455
651
910
1050
578
1230
595
824
211
336
1381
795
450
652
352
837
880
457
474
1151
1379
1057
1081
670
522
753
633
339
236
372
976
983
1044
845
539
682
1205
956
329
515
139
791
1054
1121
1212
1074
1251
1247
485
410
1256
364
1046
682
1044
573
857
1012
262
1159
296
995
473
1055
202
603
887
596
616
313
363
669
1027
1029
660
970
1531
1289
1289
1289
1289
679
1531
1462
679
1531
1531
610
1462
852
1289
1289
1289
679
1531
1531
1531
1531
610
1462
852
610
1531
610
1531
1289
852
1462
610
852
852
1462
1462
1289
1531
852
610
852
679
610
1531
1289
1289
1462
1462
1462
1289
1531
1289
1531
1462
1289
610
852
610
1531
1289
610
610
1531
852
852
1462
1289
1531
679
852
852
1531
610
1289
1289
1531
852
1289
1531
1462
679
1462
679
1462
610
1531
1531
1289
610
1531
1462
1531
802
802
802
802
802
802
802
802
802
802
802
802
802
802
802
802
802
802
802
802
802
802
802
802
802
802
802
802
802
802
802
802
802
802
802
802
802
802
802
802
802
802
802
802
802
802
802
802
802
802
802
802
802
802
802
802
802
802
802
802
802
802
802
802
802
802
802
802
802
802
802
802
802
802
802
802
802
802
802
802
802
472
538
607
948
993
1206
1222
718
692
1331
499
329
580
679
1230
1271
1024
1119
692
266
483
1012
321
730
452
329
893
577
683
738
1223
1006
401
616
1023
385
434
1031
724
750
651
947
1028
455
330
437
358
665
688
1005
533
321
476
213
1081
501
977
623
558
584
712
1073
509
418
935
726
560
1069
432
957
195
1129
588
214
1064
1102
973
628
375
880
1087
901
299
397
1132
677
529
1046
384
558
555
318
1178
351
1086
276
316
1003
733
827
310
531
153
243
1209
1180
747
890
976
676
262
360
1065
1200
1245
988
586
516
194
1112
778
631
974
644
1173
640
399
178
548
644
445
932
20
383
670
782
644
1090
1173
399
198
1090
528
1193
307
1193
528
403
561
1173
383
624
1193
952
561
399
640
670
624
178
158
1090
158
287
383
241
307
1315
445
403
399
419
640
399
624
557
419
782
383
198
158
1315
178
782
403
419
1193
624
399
624
528
624
241
419
383
644
403
561
241
782
198
624
528
419
1193
782
952
403
561
1090
1193
624
1229
1233
1302
732
821
762
1014
1061
629
327
1046
1071
505
592
422
973
911
909
754
723
1068
703
898
1070
789
739
427
724
314
887
880
498
727
785
807
458
408
614
376
546
879
382
695
288
120
865
490
265
137
304
329
635
729
685
840
463
1071
732
546
1184
387
403
1002
473
1310
582
387
224
410
795
727
902
281
954
1003
567
994
149
1114
858
1133
1001
742
440
711
531
903
736
639
360
764
107
912
1149
1167
1004
848
290
857
838
771
442
1129
1103
688
721
905
667
314
794
896
969
508
903
418
389
279
726
1182
739
144
372
324
349
878
577
282
324
917
506
584
1259
384
716
1056
1176
482
372
283
373
187
749
806
197
763
677
144
1006
202
349
461
241
575
491
639
890
150
645
117
578
447
949
341
1136
760
998
411
479
574
139
893
260
446
957
976
200
963
929
962
1009
860
699
511
101
161
1118
359
992
1013
452
569
645
976
406
430
681
928
425
904
993
1067
305
263
908
455
570
609
380
826
164
86
390
483
339
1051
984
279
1003
1025
900
699
434
498
638
1096
884
496
945
244
1046
534
366
287
842
947
381
374
872
1013
897
460
149
539
196
900
241
597
879
484
308
385
128
602
509
509
509
509
509
509
509
509
509
509
509
509
509
509
509
509
509
509
509
509
509
509
509
509
509
509
509
509
509
509
509
509
509
509
509
509
509
509
509
509
509
509
509
509
509
509
509
509
509
509
509
509
509
509
509
509
509
509
310
1272
1200
944
859
252
958
273
955
462
419
137
703
742
429
739
389
569
366
887
639
139
1195
694
739
508
1178
444
461
1139
973
674
708
1236
485
427
649
899
615
210
98
307
872
919
784
1121
326
1085
656
1098
682
305
1166
1083
649
242
574
454
781
826
1178
217
1149
423
1162
1113
464
988
530
517
643
244
332
934
1220
886
599
370
202
758
352
205
308
980
965
250
474
1220
662
660
870
522
269
741
331
936
905
215
359
1220
712
141
339
1116
502
243
851
257
208
690
197
533
401
525
1108
244
178
768
224
840
297
829
916
925
215
139
580
987
497
448
428
242
305
816
819
1167
652
599
1038
177
963
798
613
1269
431
565
625
244
574
1167
880
1233
1181
1099
392
794
1169
980
605
313
564
899
528
1053
569
821
288
678
704
689
348
647
1193
725
492
159
540
905
453
1136
816
953
789
641
1046
741
1109
601
1028
866
324
632
1005
470
686
781
797
829
155
1150
346
831
453
1047
823
364
827
310
987
763
774
493
716
861
999
596
789
778
780
1016
823
532
1248
1071
834
668
745
802
1248
740
521
653
347
952
885
908
516
727
351
660
1012
863
907
822
656
308
1068
444
582
859
1117
605
362
811
333
270
1289
572
704
138
403
326
1090
1113
309
917
578
264
1060
867
505
375
711
351
836
246
832
798
600
898
274
405
121
104
947
747
563
1160
377
1030
354
188
345
681
599
429
1032
57
406
1050
761
1265
98
690
1146
102
461
173
833
605
590
682
277
695
80
990
728
596
974
778
261
1174
619
621
749
907
718
1022
1114
871
1125
1225
661
1285
557
1518
1049
622
697
609
754
481
916
601
716
736
795
852
948
1330
380
973
813
1239
1095
1053
266
710
1004
333
639
787
1276
1097
871
494
423
407
853
1152
596
823
732
782
414
968
571
462
1191
1110
341
1268
215
766
1001
1104
62
946
1277
777
573
1052
1003
569
509
547
869
783
790
856
922
976
1122
1200
1164
344
761
834
1310
633
582
661
478
718
425
755
541
1221
916
731
1113
432
624
1001
446
661
321
766
1090
1280
578
460
482
828
1009
1198
1073
603
818
688
942
590
599
1304
908
412
476
772
702
863
923
902
1264
837
1619
986
650
1310
558
1389
1558
641
740
757
634
1134
1065
1272
886
1488
1292
839
503
513
432
414
527
547
1336
957
1107
290
925
1198
621
800
1150
1374
1479
872
1511
867
1028
700
1093
1237
453
858
1224
1058
436
728
588
1314
1434
1597
595
587
1489
777
961
830
1193
911
921
653
1097
1386
1418
1031
1598
1175
1120
1147
1273
1512
538
678
987
754
626
1011
1635
1119
1175
1839
966
1177
974
1013
493
960
1593
736
351
763
986
934
919
1106
1000
675
379
1098
392
1170
795
864
1053
738
1120
519
463
1124
545
998
711
558
918
1043
297
169
658
1032
291
939
833
610
732
704
1303
1025
581
691
701
530
705
424
1197
783
1053
1096
973
613
1188
1032
705
983
840
998
321
657
1253
805
651
732
874
1024
702
769
258
770
217
598
1306
1059
709
768
502
1090
934
714
451
822
549
950
260
1041
603
490
432
958
676
714
342
982
390
405
1179
1164
545
1161
1066
1288
785
864
453
439
795
1121
558
1029
1106
563
394
679
605
952
341
542
753
970
272
963
768
909
409
1381
692
613
959
1214
1650
1081
1053
832
1330
625
876
709
692
1229
1479
412
1081
1214
280
1123
1371
1214
1214
409
1305
1653
1123
866
1037
821
821
917
1053
896
930
309
1163
1037
625
810
912
654
632
944
924
688
1013
1017
337
1235
924
480
145
800
493
385
934
662
1141
1148
1049
507
498
1234
238
977
757
481
511
420
325
692
1005
390
1069
969
1080
394
823
905
1144
896
471
774
1126
272
575
686
544
1219
796
206
1045
807
1059
720
962
1090
545
389
1319
738
1406
1679
957
585
1211
674
483
898
913
726
651
1227
855
642
1521
1042
1384
1249
1008
1354
468
1433
687
1238
616
783
1342
1246
924
599
1314
913
1282
1156
1405
357
1546
1001
1525
1386
1097
1054
1153
1186
1314
690
1120
916
1256
1463
1481
1478
935
421
735
445
108
1288
1416
1456
525
1251
95
800
1313
1181
630
1257
770
455
1238
920
432
314
1126
617
1066
197
266
445
680
977
980
754
576
432
256
451
618
634
473
844
1270
560
729
549
247
295
904
291
547
857
1011
833
1135
668
550
1077
457
709
837
439
829
500
497
1049
598
1378
1467
1385
1049
1010
870
1487
1930
1713
953
1868
1120
1010
697
1098
791
598
1660
1880
1706
1804
1005
909
2095
966
1025
1249
1334
1154
1843
1093
1445
1907
1618
1367
1450
1445
1467
1253
1555
927
1378
837
1702
1578
870
1998
1959
1755
1779
1843
2230
1098
1450
2113
2113
1378
1456
1378
1489
1727
1049
1790
1321
1378
2108
1695
995
799
759
1135
1103
656
689
988
1046
1030
1122
1134
1163
1083
1193
1250
1203
991
682
1223
1166
1399
1226
937
665
1641
944
661
1156
613
799
991
254
1063
908
747
719
1112
784
1188
258
519
832
627
568
816
636
835
988
354
588
308
1000
828
1152
332
279
1088
745
481
355
417
1097
588
1026
281
969
155
458
266
989
961
1103
954
772
989
208
355
754
1195
445
821
785
716
526
786
970
595
392
1125
635
679
343
1136
735
524
495
476
657
1202
135
202
301
335
395
377
682
991
931
746
612
673
606
1130
650
846
889
602
310
1264
808
865
447
866
563
622
599
934
720
799
868
957
1203
846
1176
750
1458
133
841
947
1300
527
525
1069
678
1099
522
1245
554
1301
1298
1154
846
1158
1104
586
940
1271
725
1263
674
1692
673
331
567
720
728
1019
690
862
1235
1422
803
1156
816
477
618
513
736
724
898
576
1032
41
299
978
1020
868
1069
714
932
926
420
682
1018
1063
806
208
669
434
877
799
1266
543
1172
1265
630
590
290
1192
272
833
857
689
1064
1349
552
668
459
624
985
735
1189
628
990
944
333
883
1199
863
487
560
590
1196
1261
1520
901
1050
741
331
379
1329
1134
749
1134
1134
1070
1239
1382
1109
580
169
1024
971
613
1109
1109
475
580
886
1070
411
613
644
307
1109
1630
797
659
1520
718
1208
307
718
749
1382
797
1630
1382
718
1109
991
1134
966
1070
411
1070
1140
991
1239
645
549
667
391
572
616
535
978
683
1093
624
507
248
1037
528
601
353
1032
126
1039
909
1138
843
674
765
956
776
576
555
1111
586
1049
763
1334
1080
912
1177
429
708
976
1093
410
1017
1312
421
539
676
791
1257
349
266
1071
1001
484
1208
785
899
1152
869
958
1049
210
1155
915
967
537
621
1267
513
758
596
1251
807
290
1215
790
588
501
781
538
1033
250
375
295
644
1033
246
739
361
270
674
1004
607
429
765
566
629
980
893
189
1286
798
1114
596
805
481
1052
716
513
548
598
1334
1098
978
1276
1230
924
1116
493
728
820
1081
1199
1321
878
1200
1171
529
735
900
845
1184
1050
926
840
430
1437
371
325
756
1178
339
1214
941
964
455
381
756
938
724
846
925
886
164
934
343
381
721
819
299
1005
644
1205
769
861
199
880
937
327
622
320
646
714
854
357
793
607
314
362
854
574
1020
688
387
384
410
888
537
1268
304
325
572
784
555
1313
1297
633
627
1103
923
720
499
478
1027
456
427
403
396
509
282
648
1250
1361
1140
664
1141
750
1052
625
376
943
956
1003
156
339
977
1286
535
131
375
617
436
996
694
1050
677
1246
1196
793
784
1088
621
1356
1120
378
286
545
579
595
665
802
1057
553
719
863
504
296
1039
1139
122
635
713
844
93
366
652
589
973
984
634
1035
996
615
213
411
425
902
425
977
467
469
745
962
715
681
782
641
912
666
1168
458
1147
399
606
804
1417
819
500
671
638
980
969
1442
798
1052
772
832
621
371
530
970
549
625
1141
617
991
528
666
1309
490
413
532
1301
715
1537
965
429
435
628
1036
611
274
219
1131
83
383
1136
442
374
687
1213
819
921
319
657
1098
930
591
742
269
788
1214
833
380
154
892
302
366
789
450
539
1174
1050
748
983
737
486
796
407
262
763
985
796
788
921
801
698
336
320
1110
625
1185
1050
530
871
1130
644
981
1131
466
653
385
167
880
892
845
189
894
614
755
1405
1495
292
877
784
782
169
231
168
473
439
1032
832
1218
821
913
1151
600
566
656
1001
1109
728
1122
1439
825
875
459
396
1148
1179
649
560
938
687
701
623
938
922
532
1216
532
1004
569
1032
866
1001
740
230
1001
842
701
242
725
448
831
196
408
1154
928
699
610
1045
813
1150
626
957
175
409
1038
878
544
704
519
167
669
314
1090
369
1019
505
176
934
1132
955
367
168
364
544
725
1172
1005
389
680
907
1139
202
997
1068
393
609
778
796
337
897
564
526
393
1125
760
907
1042
682
1177
723
789
401
196
993
760
439
943
180
527
254
604
811
822
478
1452
943
1024
1388
1038
2101
1545
860
1460
1061
869
78
920
792
1051
288
1129
1246
298
1025
292
233
1051
525
355
699
300
1125
292
159
842
219
433
731
731
454
1125
954
635
708
237
1179
298
984
1246
731
288
1047
288
1051
832
1168
525
1017
962
650
141
233
1168
837
572
984
792
855
147
155
754
1105
900
1246
572
905
380
296
433
229
225
832
855
298
433
8
572
920
507
1410
359
998
685
1109
968
1218
516
568
332
1148
1048
549
599
547
551
706
722
876
412
923
1256
601
981
454
1119
802
526
902
453
648
514
1214
423
720
742
1265
1127
1118
677
1241
1020
880
344
1622
1606
505
1477
1111
892
1168
1112
1108
1176
630
1007
1075
612
714
630
1007
1191
1470
1143
676
638
1082
1253
702
1253
1075
803
638
1000
1030
1075
505
1105
1793
960
1342
1163
1111
892
1163
564
1057
836
527
855
1063
1525
1082
1354
1452
668
1257
1230
747
1023
1253
459
810
910
1253
1407
504
253
850
174
613
476
1188
811
1130
885
819
366
1258
781
1094
1274
686
1025
500
557
995
692
1344
885
258
558
964
1358
527
1233
288
567
529
501
1164
341
687
793
541
529
594
1418
813
668
665
495
508
774
542
976
527
646
765
661
804
759
693
326
579
141
761
1241
166
1411
568
604
694
688
736
539
1015
852
996
1386
771
447
536
472
1362
999
1015
1162
812
712
1132
1165
812
652
282
814
410
721
864
909
932
562
754
265
697
741
626
900
567
815
660
724
203
1070
788
216
1126
927
667
689
994
936
1089
248
831
508
1024
1131
1080
799
831
444
1272
149
495
1084
373
800
375
1017
959
435
789
630
832
301
359
251
1220
1036
717
304
223
827
678
630
554
467
371
863
548
583
344
486
913
343
861
951
1080
305
814
1032
170
416
362
1140
328
1192
886
177
1016
749
1100
1082
772
1074
543
175
1101
582
621
678
662
957
502
322
1038
872
572
1187
398
687
818
511
685
167
460
1093
648
896
376
190
1090
760
732
982
149
712
673
465
190
202
1178
663
663
663
663
663
663
663
663
663
663
663
663
663
663
663
663
663
663
663
663
663
663
663
663
663
663
663
663
663
663
663
663
663
663
663
663
663
663
663
663
663
663
663
663
663
663
663
663
663
663
663
663
663
663
663
663
663
663
663
663
663
663
663
663
663
663
663
663
663
663
663
663
663
663
663
663
663
663
663
663
663
663
663
663
663
663
663
663
663
663
663
663
663
564
624
808
1188
624
1188
564
564
808
624
684
624
748
748
808
624
808
60
624
808
808
1188
808
808
624
624
60
808
1312
60
60
624
1312
60
60
624
748
748
624
1188
1312
564
624
624
624
60
1312
60
1188
748
624
60
624
808
624
624
60
624
975
254
806
1148
1002
1017
932
623
320
1315
1073
1012
1018
245
183
830
798
923
768
942
370
697
340
287
1190
255
285
1233
1116
479
525
470
462
999
944
1348
729
1183
625
708
762
684
903
965
161
778
977
764
408
977
855
817
554
921
555
812
1109
592
566
306
1217
691
993
834
923
1187
127
695
1175
537
785
769
548
656
577
786
434
203
799
589
486
1293
891
633
551
729
1078
1010
920
884
645
296
1274
586
894
556
598
1021
430
498
975
243
343
826
969
722
1115
526
474
304
928
1130
584
432
1046
802
976
748
461
863
413
411
415
763
335
1018
943
244
1125
1114
618
1009
950
428
831
391
161
205
206
648
1059
922
724
560
592
739
435
858
737
939
956
389
343
548
791
341
923
388
588
733
944
358
393
814
969
810
257
538
367
853
287
577
316
417
877
555
1079
216
239
670
780
584
1135
605
821
1025
679
1011
1060
422
1151
979
884
1195
891
948
1203
1000
743
865
716
1072
1388
1119
528
1172
152
490
950
1051
627
1084
340
718
1218
589
996
958
1523
1134
1151
835
969
880
1267
503
472
781
1463
709
735
1096
998
1157
1124
652
899
691
462
640
648
1051
1322
1070
1103
678
1272
777
788
290
897
675
73
874
1035
1049
227
589
888
436
454
692
651
299
675
1032
1042
207
769
934
1344
540
1028
592
349
393
202
1049
891
923
603
1034
1068
363
718
347
546
889
585
970
448
838
838
838
838
838
838
838
838
838
838
838
1015
492
910
1022
1202
1146
890
972
158
838
1137
175
1178
675
558
739
1110
1144
660
1325
1453
649
342
887
269
632
664
700
1170
718
408
867
539
1229
899
332
1135
513
1137
1032
300
973
773
398
918
1021
416
785
858
465
490
620
651
563
663
1049
895
339
982
937
820
989
755
840
1036
884
1293
763
1202
1026
838
334
615
474
873
914
325
1264
1390
834
427
284
1156
1072
877
759
907
910
1175
925
821
487
735
1243
1105
923
979
380
911
464
1027
1088
724
813
763
1152
480
641
1115
601
838
1027
577
924
1221
1028
842
1290
1057
1267
1322
1079
726
947
864
933
1401
1077
707
450
1177
881
588
837
954
959
1147
1319
629
1382
918
1053
1037
1242
186
492
551
338
636
566
1259
858
942
874
634
505
1062
630
609
333
1131
1197
569
327
535
497
318
612
577
1169
512
619
477
673
638
670
663
464
591
363
197
574
421
794
378
1075
743
453
1011
271
324
620
831
1243
325
535
210
936
838
708
618
503
489
806
441
1272
955
948
497
750
806
1096
309
708
896
578
591
1256
571
471
318
267
620
633
702
512
324
130
324
583
1261
531
699
453
307
370
1402
745
270
613
1258
677
1280
1050
1517
892
1178
1261
1341
451
1327
657
1335
740
1143
1335
1303
1451
1335
1494
1266
662
634
250
1211
472
1013
1064
608
799
625
995
676
857
370
1223
499
1208
1193
308
256
1169
400
591
479
827
454
455
302
75
458
717
351
844
403
661
484
399
622
676
487
781
352
215
293
520
388
701
959
415
445
656
997
238
598
818
790
1054
981
1008
1112
547
911
881
394
159
911
331
1183
998
523
998
1176
1758
1122
1041
1204
979
972
758
449
449
868
1287
876
945
1241
1143
689
584
1515
1205
354
783
933
491
426
585
547
1243
1212
1024
556
564
586
944
621
462
758
1238
1077
523
331
708
1274
1064
783
1095
660
757
523
876
1335
1758
695
1157
490
289
331
983
917
917
848
486
560
441
388
807
876
1231
1649
523
354
1230
1488
597
841
1040
849
1489
1224
1231
1070
583
524
979
364
888
1400
698
888
986
846
564
1355
1760
1117
519
1567
1408
1082
1453
1522
925
208
1138
1313
1335
697
1144
653
1167
1399
1008
317
1692
638
1193
1851
414
758
1167
1117
391
914
1558
1116
1481
311
1762
1310
892
1069
181
738
697
96
924
915
420
1066
254
471
981
556
806
443
628
838
1057
705
1164
897
201
265
1129
1075
160
717
553
578
145
877
201
413
383
803
438
913
240
316
647
264
922
1148
453
69
542
917
238
1079
587
552
921
244
726
504
229
1124
842
317
335
565
931
900
960
1156
453
1064
579
987
813
792
813
215
451
880
153
288
453
448
277
204
833
723
917
459
941
189
837
195
611
335
762
1145
1086
148
477
178
801
1192
1224
1299
361
543
917
1204
1397
1029
1141
930
1294
1330
739
1632
103
1283
1562
512
1476
1169
1402
346
400
1554
1072
909
233
1294
585
841
1284
1543
536
854
563
748
1052
1148
436
608
789
1240
1036
1672
791
775
1786
1028
1043
771
1063
936
1469
920
241
1159
825
775
855
1204
649
785
1014
454
825
1065
1026
465
453
1355
1208
1661
1078
1359
751
648
1102
407
740
755
777
1140
1388
1241
912
909
1504
1489
1100
785
630
1023
417
1299
1221
773
1123
469
704
764
1106
373
892
399
1317
1305
1253
1311
822
438
738
833
1095
708
240
674
799
1097
885
1184
1175
528
730
890
739
841
1270
613
456
859
933
973
523
642
826
512
526
1124
796
425
1325
1461
1627
504
1361
679
737
801
1281
763
1309
939
1277
881
631
1009
603
793
352
1070
959
315
657
196
312
1172
1207
400
599
422
336
319
432
881
759
667
625
1121
1110
714
668
389
832
616
350
248
1206
266
1200
1018
761
458
698
721
301
859
279
96
877
741
999
997
780
186
994
620
459
565
365
229
1123
756
676
887
939
360
417
181
539
808
1115
368
340
511
929
398
387
1021
380
203
871
756
765
1090
460
981
422
447
1046
1021
418
871
220
606
967
919
902
492
867
1172
452
1106
817
975
1250
1119
419
1264
687
1252
1216
692
713
900
625
527
311
293
622
994
1409
618
849
899
339
1477
320
1110
1223
922
641
625
790
513
1020
402
124
637
362
1309
537
766
1028
1012
919
1411
406
876
374
729
580
717
1093
888
195
825
1114
1314
871
1025
117
1204
795
916
805
1215
868
824
565
321
961
637
1026
686
375
921
992
1126
1541
1095
369
624
377
841
1210
787
814
1013
544
1172
415
1008
556
1308
1073
1344
1212
1183
659
799
892
1364
962
713
242
960
1076
836
680
980
632
987
900
848
997
264
1017
944
1380
1011
1225
1296
836
1024
1278
580
999
626
1083
1329
816
177
629
1095
559
527
1222
904
725
824
1090
505
1163
653
1280
985
545
575
1197
431
518
511
1074
738
852
773
528
338
479
769
887
368
538
1161
425
1083
509
1152
1335
1243
173
780
1173
1047
730
785
917
845
160
639
902
676
698
1065
807
1374
1418
855
694
737
1421
1306
801
1001
735
685
231
1206
1139
916
1624
981
779
478
1002
576
1371
1354
433
1043
724
720
828
1211
882
440
1465
475
1003
1006
1589
1021
1231
723
899
1334
892
1341
1327
698
350
618
778
516
662
1095
953
900
670
166
898
425
492
786
971
828
434
742
814
743
1432
1009
897
580
1169
1075
459
1269
408
582
903
1248
903
705
767
491
1017
337
305
786
403
499
740
588
993
171
840
1206
657
1330
292
1079
1255
1149
1255
771
1125
1336
1160
1468
1161
459
498
907
1207
843
918
1358
795
785
420
1050
532
938
505
1245
767
856
684
898
565
1053
560
1223
614
790
1537
949
1041
391
705
667
585
363
794
582
799
1336
