547
131
703
3
665
510
285
353
927
27
256
693
209
439
359
118
322
634
380
352
735
524
96
1050
1480
390
1567
415
38
220
270
377
83
780
832
97
803
1101
401
273
33
195
1349
433
42
198
52
549
4
432
274
228
213
1732
1040
77
710
37
487
810
178
410
306
61
1562
95
171
5
841
112
414
60
435
656
388
745
336
1310
270
182
491
534
66
768
815
506
612
953
307
486
365
172
583
99
612
496
283
173
202
426
102
47
365
583
408
390
1707
532
225
85
398
1105
222
412
86
1433
1094
241
468
143
333
567
532
1198
601
1633
177
946
1593
123
242
310
358
269
520
554
166
67
64
118
455
1143
249
32
298
801
14
200
253
674
336
1309
1493
386
312
596
6
102
486
634
108
311
677
267
613
787
39
578
100
626
647
198
638
563
136
1739
632
3
263
26
533
185
1480
378
409
578
293
45
1906
30
454
791
396
548
770
307
600
283
519
64
735
762
132
54
500
552
462
278
248
508
490
731
227
68
746
410
1334
918
682
453
443
283
257
276
27
343
294
754
293
3
128
153
1280
311
1125
345
184
84
1418
110
532
495
72
401
19
197
226
141
559
934
361
505
1671
336
232
490
51
1518
156
68
137
189
1350
358
275
32
293
146
539
891
131
1267
218
162
145
408
95
8
566
298
1415
725
146
456
317
795
420
78
219
159
707
12
489
223
301
663
688
316
226
379
224
654
226
839
322
324
604
422
129
1052
346
1405
186
112
508
354
628
836
526
143
558
201
1027
48
1518
102
343
235
206
1638
910
10
544
392
380
1787
555
394
326
3
246
412
284
99
76
243
242
1633
92
139
239
98
180
525
81
86
34
237
79
364
100
274
331
815
1151
294
130
30
1173
151
332
680
170
2
402
335
49
49
288
663
511
645
940
1125
127
572
445
98
112
129
512
307
337
1051
332
212
766
142
301
567
117
179
204
1055
555
113
252
428
220
282
28
270
150
927
204
1465
591
63
258
253
420
142
456
405
222
702
1513
11
484
209
169
129
1403
540
540
186
321
676
363
439
29
43
431
329
214
140
65
236
522
156
352
154
191
51
443
586
271
733
19
377
35
64
428
6
201
504
125
569
961
155
62
315
541
322
383
1721
325
137
372
538
415
596
525
993
23
433
210
647
137
188
140
317
14
335
516
76
270
91
123
392
85
191
561
1037
625
16
167
702
437
649
63
315
126
673
170
1126
58
449
188
54
806
457
156
600
447
87
925
142
108
378
254
628
267
337
158
270
811
142
576
152
155
1309
578
572
592
321
168
88
182
68
64
60
96
548
259
83
671
288
30
27
183
767
146
98
253
89
360
22
124
840
638
815
585
141
30
171
695
115
489
639
1053
11
232
507
2
85
508
299
550
436
402
1768
126
259
486
396
32
72
345
269
163
483
628
192
86
397
236
1392
861
1053
294
581
48
220
613
30
1114
55
9
386
266
101
671
128
62
60
197
164
593
314
178
105
734
151
1069
660
66
880
45
596
258
622
119
288
862
481
346
199
287
112
179
905
831
867
691
165
115
258
27
409
114
74
182
1292
480
49
471
477
1180
155
189
336
9
330
328
165
453
627
211
230
303
310
109
801
399
1199
546
69
31
201
523
186
504
74
723
1039
32
298
206
579
316
455
533
405
53
212
85
1069
336
854
59
169
551
71
937
404
396
325
304
566
1142
36
301
71
440
740
390
127
212
279
8
566
248
362
310
213
7
67
317
555
356
523
100
43
290
208
469
915
625
405
17
504
645
515
1440
578
360
1070
181
426
170
56
1288
506
402
359
272
103
1105
709
141
158
127
461
22
354
693
519
35
536
102
883
121
391
258
476
900
237
572
49
586
321
243
712
374
472
305
1251
385
796
469
309
36
630
703
113
356
1565
220
235
1527
249
60
62
647
680
186
221
225
497
265
197
607
601
177
380
306
329
572
694
247
152
67
1261
71
272
139
232
329
664
358
328
287
451
456
134
410
300
80
810
186
52
435
690
738
543
68
317
36
198
44
106
583
306
69
846
428
159
328
202
375
569
478
67
376
259
18
629
1203
111
606
749
245
393
1202
602
21
774
97
829
183
171
202
1107
553
213
725
634
200
313
197
39
4
325
1918
139
483
675
1353
1190
144
5
1487
1290
707
468
690
334
601
49
290
63
22
162
126
71
400
103
513
245
644
485
497
777
935
61
440
510
61
99
1477
1123
891
170
23
1687
220
378
542
292
145
490
340
752
603
38
517
507
319
74
104
1245
233
217
1244
101
267
46
350
473
566
427
381
174
91
51
506
642
859
187
499
104
59
765
281
6
284
561
99
593
713
8
315
526
194
706
281
463
234
342
153
1193
55
63
100
604
325
318
91
335
269
298
1110
484
505
159
336
191
666
612
588
103
561
764
291
1424
49
535
1172
438
434
607
291
234
306
412
588
19
6
631
359
94
849
85
483
53
836
971
1016
160
17
106
214
56
260
1476
321
879
243
256
651
684
196
4
89
461
144
622
1029
1611
318
436
1400
451
7
417
326
9
84
410
151
276
675
2
637
105
215
89
150
182
572
195
8
548
472
59
47
1050
267
210
560
763
113
429
163
619
348
606
5
86
96
673
3
245
488
210
1307
42
249
511
633
284
2
295
120
213
792
697
667
196
850
578
149
1523
179
541
1273
140
99
1075
1346
661
402
301
333
148
512
95
1382
515
393
10
426
154
85
260
33
379
130
178
397
431
649
376
1269
150
287
152
278
367
150
89
798
359
82
216
772
1717
579
369
13
681
551
61
87
226
1137
34
145
87
1233
675
202
426
450
128
45
707
341
108
424
298
39
562
796
398
308
328
70
35
268
445
905
3
160
282
59
830
251
788
133
363
844
292
370
293
215
226
392
95
39
110
703
84
634
1667
273
266
466
40
129
357
155
462
716
589
539
558
325
200
259
690
463
649
944
458
174
307
690
31
103
71
703
318
1394
50
82
322
450
689
213
532
66
23
435
89
185
346
266
132
94
672
767
236
59
814
348
180
207
646
499
501
11
150
424
821
364
265
59
481
1142
243
182
1074
1137
808
1140
240
60
9
245
491
495
95
372
1225
1296
280
44
205
651
149
344
95
160
379
552
639
392
344
349
1135
307
302
247
342
301
391
679
858
278
276
305
695
1
788
116
870
720
272
74
425
819
110
208
309
329
71
76
442
386
590
433
1057
1172
617
633
602
485
469
20
208
410
41
684
479
130
110
93
635
366
442
81
706
245
322
886
911
1320
300
797
816
267
826
365
140
144
143
180
71
709
292
375
247
7
517
599
178
65
804
574
514
148
626
63
54
375
616
540
319
58
292
514
288
517
823
206
393
129
54
532
1571
270
462
218
1697
675
189
43
875
124
162
579
292
69
571
408
68
23
169
189
672
30
61
348
162
611
303
112
15
277
499
259
222
234
135
238
632
23
199
652
204
197
974
404
531
331
282
175
1206
1112
641
352
337
131
371
1187
97
49
865
0
956
294
1676
30
68
288
39
350
164
15
1642
907
47
144
263
635
596
247
72
102
264
35
105
710
131
939
668
66
196
674
884
905
518
261
127
956
590
45
319
284
420
1008
249
284
631
280
430
426
318
904
60
602
359
112
84
76
624
21
193
259
72
170
218
642
584
20
774
397
366
1127
178
444
67
980
171
413
193
588
67
273
373
522
8
968
422
104
90
580
42
144
1382
223
1196
1190
434
310
438
131
438
852
103
85
619
231
337
229
279
5
566
841
924
1290
424
397
435
60
10
1029
300
535
99
186
619
1406
285
297
6
94
283
1539
349
519
347
3
407
1131
531
562
345
29
1056
78
711
186
249
443
240
345
464
53
20
320
364
254
233
662
253
164
1512
157
382
575
878
158
293
243
849
973
77
20
192
268
75
447
176
239
120
278
794
214
620
698
258
238
1076
474
230
378
219
166
475
441
62
67
200
565
314
172
152
218
186
651
54
677
16
26
244
690
304
543
790
65
291
151
641
467
231
482
154
250
366
131
75
52
242
516
796
26
1571
217
110
557
357
2
350
612
215
221
200
231
92
858
522
350
17
152
769
486
13
145
53
277
197
144
169
216
239
947
515
608
712
941
1563
61
100
187
78
61
581
284
352
293
84
186
330
82
766
1321
464
274
494
385
68
51
323
131
662
685
1201
359
114
1237
38
334
488
22
803
197
221
315
65
42
774
1446
344
214
121
426
240
584
389
221
708
345
498
581
15
672
621
209
384
42
744
475
399
36
838
947
115
401
165
248
1073
68
1567
1010
571
103
33
1276
511
137
780
2
102
5
432
938
212
46
1230
225
844
508
1244
316
655
36
730
360
1392
217
355
230
260
580
265
819
262
279
543
156
20
304
57
423
78
826
8
164
513
325
1202
1034
43
138
186
1154
1135
415
388
5
326
666
347
236
357
148
807
305
513
95
1027
380
600
470
230
197
489
396
576
1195
482
188
268
225
28
9
476
41
132
689
588
496
977
545
81
494
753
32
209
311
801
287
936
370
501
1726
562
898
607
885
12
264
277
87
337
764
108
80
1178
666
873
1540
546
262
438
1123
653
77
1676
23
450
63
592
524
283
396
324
167
1346
569
722
150
132
45
503
701
79
287
40
450
391
600
273
824
138
72
257
544
857
4
799
79
281
96
924
522
251
179
36
717
275
289
530
1219
212
894
7
136
824
101
326
281
430
391
851
473
1521
708
179
558
330
331
57
186
316
345
65
213
249
775
173
941
429
163
380
2
58
502
144
21
661
884
218
247
801
764
494
606
118
279
24
194
673
1018
540
445
36
772
705
218
771
94
352
857
25
471
10
201
323
208
303
503
161
255
843
1052
778
279
885
340
1219
151
65
130
325
524
120
696
682
355
508
249
907
353
881
246
240
112
302
1268
142
227
251
49
1559
349
695
73
98
438
133
430
29
182
370
346
721
3
601
243
313
314
322
435
1200
144
511
120
870
239
222
370
177
264
213
378
363
539
623
670
89
41
385
553
309
147
42
235
1680
520
495
171
174
387
386
281
463
332
553
600
390
509
144
555
344
1642
118
125
379
939
265
786
509
580
942
114
182
1152
486
319
591
516
381
90
77
426
667
379
228
230
296
199
12
92
16
128
1510
61
268
2
469
48
533
82
181
73
224
38
141
423
313
571
565
8
370
218
481
425
527
606
388
266
203
551
160
163
308
227
1025
95
290
844
720
189
232
166
173
264
82
221
246
378
257
302
515
176
443
343
113
6
397
198
751
691
85
729
352
204
1107
199
460
64
559
474
1157
178
228
12
488
306
442
863
101
169
174
574
341
463
283
579
184
148
400
46
727
207
292
41
405
335
18
144
725
715
1552
3
413
546
181
538
41
1203
637
167
1361
55
79
245
152
25
272
121
161
827
342
193
125
779
540
995
345
385
1345
49
195
865
1316
683
285
274
245
220
355
560
324
46
774
98
203
461
97
979
307
32
1373
105
157
464
1097
334
354
289
343
271
116
626
495
99
504
1412
785
104
63
992
4
507
286
27
129
610
1329
915
1389
479
407
131
106
617
231
277
890
1391
583
796
565
552
445
460
30
56
860
69
120
203
93
199
170
643
718
399
721
148
305
776
49
296
39
385
528
405
312
41
228
383
1198
30
73
313
1395
386
647
58
803
54
1118
666
842
419
464
1092
155
7
585
208
914
244
432
569
67
88
277
284
251
249
154
59
145
21
662
442
627
41
102
278
235
561
335
83
445
531
512
1218
224
22
184
448
844
205
788
29
932
373
57
141
193
260
359
48
409
405
68
46
103
77
279
350
171
936
109
556
203
298
242
1086
68
175
5
538
468
96
352
656
84
338
8
219
560
99
146
133
299
1180
179
514
1170
171
29
248
343
785
763
318
824
1238
672
159
81
188
198
256
1297
265
745
553
46
677
531
592
325
258
1179
1154
381
536
425
16
18
286
94
142
1289
225
347
421
117
478
421
258
528
489
1237
57
81
162
1191
37
120
549
304
63
123
1265
99
610
36
517
272
517
648
503
493
173
136
1183
18
307
382
914
167
589
777
1264
196
15
70
242
176
197
77
67
517
5
1168
197
745
64
11
168
505
652
912
287
306
244
238
55
407
344
116
350
487
331
727
60
551
368
44
450
398
149
885
686
592
681
325
510
937
337
41
52
224
292
568
336
195
125
690
221
99
46
238
91
193
565
94
224
230
10
694
510
403
732
193
601
199
257
257
138
576
149
516
19
255
58
214
831
285
471
127
212
76
1011
705
534
895
361
1093
715
633
191
689
494
1684
367
108
207
228
102
280
127
225
170
211
159
464
45
901
1413
67
150
400
230
344
269
245
336
1048
705
179
1173
200
1195
303
1360
5
590
159
37
96
444
365
335
140
197
355
610
616
364
581
534
441
341
15
22
547
282
190
824
397
120
326
478
193
161
430
211
235
573
158
77
456
825
278
705
437
1182
1401
14
344
140
43
447
308
175
596
243
37
804
45
127
668
78
543
292
18
863
183
105
581
277
312
89
596
822
199
479
191
89
999
721
4
445
710
75
190
693
64
619
413
1227
105
361
711
229
396
189
161
126
8
182
53
32
311
561
196
244
475
448
227
15
62
338
371
30
354
442
751
591
25
52
29
12
79
219
510
421
850
420
115
223
888
320
1034
53
1682
22
225
610
448
377
244
525
1108
433
377
150
185
459
1140
297
717
41
142
20
816
459
144
509
265
713
314
367
213
101
18
315
517
394
338
112
115
331
215
24
89
1272
814
391
463
70
1321
94
201
65
76
14
98
450
46
322
290
860
1173
188
273
149
191
19
317
3
15
244
1006
216
1095
631
123
1083
537
955
150
41
209
553
211
448
167
225
771
230
266
422
201
436
370
299
390
991
335
625
570
233
1246
529
90
218
627
806
502
210
161
245
97
548
582
537
61
137
487
383
527
176
482
461
729
244
294
137
502
429
53
158
655
619
782
469
193
6
218
595
71
545
257
57
333
249
561
210
219
61
82
470
522
480
212
507
510
547
739
23
230
236
167
274
620
144
390
223
768
36
40
119
209
703
195
218
316
244
1570
263
265
85
1065
554
460
553
1029
711
204
272
850
868
774
67
552
527
5
222
550
694
244
167
753
181
314
424
329
285
749
571
387
682
218
107
393
348
1258
416
1248
408
717
658
384
110
1644
18
533
668
383
512
980
306
120
693
602
730
181
662
125
239
1085
492
327
47
381
407
161
174
530
264
433
428
556
11
427
512
371
25
240
123
377
61
1639
314
85
417
347
38
266
652
164
387
114
141
1188
249
1060
400
1822
68
120
414
99
1549
756
587
6
1172
1223
329
352
1175
242
294
319
463
385
370
590
348
262
1017
61
414
19
383
571
115
898
391
375
46
43
267
40
1102
484
748
53
61
638
1039
380
260
433
14
482
64
476
37
161
1431
191
339
215
268
809
417
275
174
594
388
210
341
413
56
172
280
960
690
439
1487
53
337
48
58
140
148
119
261
456
1131
451
183
681
59
1341
368
164
143
627
393
328
508
70
1146
347
511
369
51
290
242
385
207
623
295
24
531
305
125
245
13
54
308
193
451
301
594
372
517
112
450
328
435
176
537
114
222
13
567
100
144
650
358
286
314
440
21
316
545
318
1075
466
19
241
570
276
141
367
774
1834
504
173
667
9
829
419
190
477
12
454
73
67
272
8
109
999
400
731
20
237
1018
636
441
1232
752
8
158
495
20
167
514
334
473
30
53
921
142
261
450
1489
102
414
739
111
116
286
69
555
180
138
77
650
212
450
734
111
713
435
1343
952
27
285
739
7
1447
19
1445
1238
367
431
545
406
793
296
451
539
696
48
729
96
361
653
699
823
673
274
383
180
270
286
119
269
754
400
1240
329
160
848
7
192
714
319
264
80
579
212
48
139
506
209
682
323
603
562
47
570
588
584
60
23
507
244
521
14
10
163
421
639
580
477
169
763
278
876
207
85
464
139
189
8
36
135
1326
395
43
180
616
316
506
5
269
663
935
167
301
300
284
175
358
659
339
226
571
395
362
320
254
41
209
10
130
433
214
653
786
765
53
587
377
142
62
389
863
642
1241
523
137
473
117
1070
859
604
697
496
710
1121
507
349
93
222
118
133
805
2
205
402
271
249
91
326
159
1330
431
64
1319
742
1433
1344
53
993
238
245
879
896
272
1350
450
280
325
302
466
8
517
275
846
214
98
727
247
154
5
694
348
181
600
437
53
1706
1222
860
238
189
43
450
226
721
65
219
127
543
832
1402
77
235
594
497
1406
1220
327
198
561
493
347
432
598
539
400
70
427
762
198
582
176
60
1187
545
521
375
172
1169
105
315
514
818
228
219
285
848
768
85
394
339
417
938
425
620
328
32
344
224
163
179
469
564
210
252
549
244
604
668
569
182
523
112
296
308
369
1333
144
472
98
529
414
29
696
34
601
40
382
474
20
602
136
142
92
772
20
1031
204
1007
26
674
178
528
446
243
1148
422
297
17
536
223
412
143
296
949
196
18
490
930
157
325
539
870
108
471
704
1013
1324
1098
455
59
1172
596
316
150
134
432
347
398
483
246
888
1450
496
388
150
762
479
628
575
90
454
95
164
106
288
176
1556
496
323
224
26
675
112
142
392
600
810
617
191
88
626
52
329
395
736
382
781
1069
157
673
102
43
185
547
373
74
552
595
443
369
319
285
14
311
760
1571
284
1566
406
254
896
17
1665
97
866
12
16
573
310
184
107
597
1046
279
1140
482
118
270
509
271
1072
1091
76
297
292
761
468
386
1720
141
102
138
478
223
53
370
733
282
262
310
464
200
297
773
40
352
308
609
1493
196
410
389
782
775
113
192
27
162
230
208
235
111
702
11
104
231
88
307
242
298
205
126
26
53
36
700
823
197
49
121
331
21
435
307
344
387
165
989
363
306
284
313
233
481
108
442
263
237
7
306
1353
165
693
177
767
323
60
675
581
105
1392
606
281
100
407
347
998
240
249
40
506
38
290
609
583
1263
151
4
458
533
182
414
33
564
305
563
247
1180
545
134
85
665
371
684
533
264
240
508
700
197
160
507
791
208
512
109
53
60
842
330
406
236
602
206
585
171
1015
184
102
290
139
1070
189
904
668
65
228
70
585
204
324
654
620
610
550
73
1407
56
464
167
598
110
174
170
1081
215
462
275
94
290
466
178
200
586
215
248
395
4
237
270
393
151
143
1103
365
1174
719
981
731
584
1288
1047
492
269
642
558
326
363
154
858
705
330
246
347
25
218
494
89
1036
489
445
75
372
836
303
829
42
537
775
650
238
458
116
57
283
197
1575
278
16
699
88
115
999
887
93
125
293
720
170
433
54
510
821
502
259
454
420
618
188
298
82
385
185
298
780
60
2
49
77
1439
731
1085
492
592
71
586
526
1085
246
253
315
438
309
1521
668
8
302
1405
167
167
669
359
34
1295
74
59
35
15
113
514
608
48
290
610
11
165
643
112
1444
714
1578
529
44
33
250
1307
276
76
814
308
137
496
142
182
551
50
752
212
423
278
102
412
618
32
587
367
49
446
186
42
1366
219
51
32
508
421
1005
181
287
1799
651
339
769
461
100
130
470
130
610
188
300
97
503
271
428
86
998
398
1270
49
517
107
38
170
745
1298
575
164
234
126
32
1280
27
137
279
753
476
612
1
94
453
243
120
95
390
132
503
84
739
274
540
359
441
14
540
413
315
237
1125
243
12
380
869
1515
792
443
685
44
810
1147
254
170
253
1056
511
23
555
288
238
592
1278
827
654
1501
621
154
846
703
385
423
519
402
35
581
297
141
1575
111
203
1428
466
55
1329
254
43
169
315
387
313
497
108
567
1134
436
13
464
568
55
439
445
269
499
150
1312
875
316
1084
483
241
93
466
246
94
293
462
84
310
359
354
473
346
434
898
235
764
396
142
200
1461
391
762
684
76
813
1573
87
441
324
196
141
529
705
30
1429
292
696
37
439
186
362
142
22
402
273
354
242
795
84
429
135
275
782
896
164
462
1217
254
211
1259
52
489
203
355
661
491
101
562
373
485
173
376
237
233
232
730
596
469
289
1
102
1674
141
285
497
688
680
691
405
1824
517
75
348
348
1066
248
532
447
78
218
434
3
26
487
122
253
296
623
84
630
692
57
411
666
1148
391
144
641
723
7
8
180
526
27
149
513
24
540
395
429
565
4
651
279
1237
148
126
417
35
395
391
127
62
558
172
481
500
552
203
534
89
717
318
462
101
468
690
516
1658
582
28
270
1523
309
402
705
580
419
807
11
120
163
461
591
358
179
43
578
86
769
404
47
177
800
1368
62
206
493
133
30
933
303
3
80
65
209
286
65
382
538
535
418
1432
274
66
53
220
170
285
112
584
757
1884
499
71
380
72
550
464
946
1210
184
667
230
219
133
431
69
398
189
682
350
444
156
221
353
262
79
531
169
1559
22
770
529
1637
210
197
152
540
282
154
114
1365
102
56
93
47
145
279
796
99
340
45
21
97
19
345
19
1716
1690
354
384
789
872
399
87
1310
213
292
38
40
38
1763
271
441
287
263
171
700
63
481
61
272
694
574
1650
313
475
487
27
310
207
883
41
293
327
12
176
226
113
313
713
1116
343
239
90
1268
416
40
330
301
711
1448
413
157
41
170
524
2
128
853
475
466
454
57
560
77
1027
60
333
273
469
424
1588
832
1100
137
106
663
34
96
896
591
1261
470
271
197
408
54
1396
401
1024
465
459
92
367
468
173
18
90
139
426
555
214
308
282
1075
289
712
1119
73
243
492
379
42
725
34
101
17
208
458
963
700
363
150
299
478
310
110
211
447
385
68
749
218
721
66
195
21
217
21
667
332
161
602
192
432
1081
1
741
87
325
65
52
430
153
660
699
765
312
257
301
996
1000
463
518
171
1382
214
419
486
25
496
584
52
498
161
353
618
365
241
300
192
162
968
271
528
249
284
53
1074
1101
215
437
430
208
371
542
731
477
35
203
195
83
527
770
521
457
249
1353
1067
71
664
531
373
310
483
28
74
411
6
99
487
428
630
426
106
39
812
416
1559
1571
477
407
240
171
1179
179
186
1497
652
360
923
166
22
832
124
469
502
320
409
781
780
1541
267
789
695
265
798
538
268
290
204
706
48
472
527
716
1761
730
305
338
140
570
637
415
171
584
649
227
955
810
29
575
19
396
42
495
106
47
376
251
66
1268
21
129
427
188
531
954
462
244
1183
661
219
1220
494
466
660
1662
1295
344
1079
210
431
225
98
131
390
42
123
9
388
299
330
180
1489
155
27
43
415
287
95
124
1005
163
628
1178
23
159
599
1433
266
112
531
32
483
129
320
119
117
325
256
23
750
90
1664
199
141
327
304
348
313
22
50
179
297
1060
586
516
324
691
158
590
300
594
1133
438
533
1256
866
478
360
167
203
136
419
227
430
686
111
1108
731
35
258
1361
304
633
1621
559
129
1495
204
321
429
97
468
24
441
360
364
1630
536
301
127
877
1118
1445
344
2
210
97
41
817
271
53
551
405
413
29
735
762
456
372
688
486
476
372
1301
491
50
384
260
371
751
59
406
441
369
37
6
627
581
539
300
784
480
430
14
253
555
235
8
76
306
261
99
462
244
841
297
635
292
12
836
1093
1431
180
13
8
410
10
143
40
43
270
30
173
450
204
65
420
349
1125
93
220
186
592
158
777
337
512
429
100
321
139
212
163
1243
314
1024
344
371
648
201
487
599
357
716
738
571
689
517
463
578
827
33
53
330
44
166
496
827
302
379
1121
170
303
343
126
370
187
34
20
877
0
432
512
145
48
529
111
1080
1551
671
346
59
881
584
302
32
501
444
247
1045
269
360
758
214
1175
1041
38
189
301
107
116
622
486
728
485
61
273
38
1403
304
447
90
434
297
226
438
422
220
340
308
28
1468
580
494
449
454
336
382
227
936
315
479
605
192
435
550
614
74
234
475
556
405
442
282
257
383
533
757
1650
606
511
479
535
1067
589
737
304
43
888
385
812
962
376
640
681
300
11
758
478
477
1007
210
310
99
25
78
41
550
213
446
1414
316
421
15
204
24
624
628
772
289
247
62
356
149
791
1389
436
253
34
5
264
178
349
239
136
60
603
36
149
469
842
461
208
428
558
228
846
816
1419
186
19
204
222
832
549
758
1259
300
345
170
1353
229
51
585
1288
14
34
213
168
593
95
74
795
392
234
390
189
113
171
310
1807
847
148
688
190
268
618
66
125
104
568
605
29
325
138
31
6
300
9
12
396
326
93
535
612
300
397
269
712
7
694
299
579
116
19
673
145
1134
626
29
307
1318
671
335
11
96
261
613
249
280
751
314
292
1059
413
749
334
581
351
174
311
559
288
238
681
14
164
184
79
167
76
176
721
1359
702
482
125
299
446
22
528
209
179
637
3
519
265
147
533
1083
10
657
286
324
472
50
865
431
1664
993
109
97
317
1253
117
215
693
457
131
312
148
232
645
456
458
50
568
173
342
603
606
8
657
126
81
1229
189
229
74
473
386
58
1416
262
570
58
290
313
55
712
648
386
113
146
168
121
966
1150
607
728
978
1297
380
149
195
650
253
223
941
338
322
0
685
283
340
177
250
548
1258
495
601
282
323
13
102
234
43
147
131
314
1697
586
220
513
359
574
958
61
467
378
730
469
608
413
121
75
508
360
254
782
64
633
146
550
633
404
388
347
139
203
127
96
335
164
66
372
373
862
1
131
247
174
161
33
442
98
273
659
605
44
108
523
197
70
57
807
211
572
288
80
154
309
126
108
1488
532
198
111
319
1407
188
824
112
839
585
473
373
300
62
714
106
63
39
148
364
91
53
432
1321
566
300
7
480
800
645
79
256
998
117
72
391
289
784
417
932
189
92
78
51
6
5
93
47
1310
162
127
431
324
1536
573
128
30
681
448
119
144
130
749
935
1159
750
145
251
805
121
414
12
667
6
635
568
414
87
501
328
301
237
242
77
332
207
378
380
357
547
29
427
215
126
80
479
525
845
269
47
632
265
1212
154
257
212
196
356
434
616
797
296
62
131
613
597
473
747
637
227
545
1
100
809
549
91
1185
787
327
141
139
140
839
165
438
298
241
176
435
250
1126
449
215
260
175
342
173
1368
625
79
651
1270
395
361
244
303
162
11
61
163
1045
397
61
259
393
160
316
399
152
1081
454
284
804
15
273
72
38
288
900
287
404
224
1382
371
407
228
311
86
426
83
156
537
145
1225
1244
23
74
465
665
229
508
1139
387
386
760
231
184
157
637
364
62
512
662
497
395
292
150
157
413
309
348
1
298
508
630
438
218
506
117
101
179
779
97
604
122
500
817
145
321
651
399
436
150
326
493
172
234
816
648
688
466
318
353
584
1025
389
345
77
556
596
610
153
452
1072
264
560
113
15
1490
1
690
209
18
333
329
138
305
1061
1006
86
664
86
69
100
500
276
864
136
490
530
472
218
247
576
351
140
854
726
37
741
709
533
552
438
275
1036
80
326
143
395
1211
598
341
214
239
344
109
48
617
55
46
283
3
739
547
627
224
339
652
757
893
270
165
8
292
388
273
330
1635
123
198
647
416
82
310
786
31
994
193
1334
377
629
430
391
593
257
393
744
237
162
20
88
327
143
205
187
187
148
709
202
381
58
1201
256
258
579
114
297
1138
242
107
673
226
374
2
34
670
146
352
835
790
771
417
496
909
504
62
319
248
201
83
340
332
533
700
600
873
209
15
515
12
22
240
935
855
819
219
254
88
333
257
606
435
493
55
461
1257
1157
265
63
196
529
307
165
1290
57
28
158
366
164
1422
157
815
173
36
394
1141
645
847
93
238
47
101
234
351
698
5
662
150
94
1350
1113
70
231
484
309
356
913
162
365
521
549
473
164
253
371
9
755
270
111
322
275
551
14
169
6
461
324
614
180
448
117
397
547
74
223
1469
1362
161
252
110
511
31
104
14
222
476
619
49
189
430
6
63
83
226
256
260
883
413
39
764
519
318
245
739
106
92
363
162
201
255
12
47
180
593
514
533
226
7
169
335
262
638
35
111
358
358
85
1539
367
581
40
1190
230
544
15
568
402
135
152
79
1391
331
411
671
819
1391
490
322
71
18
501
128
820
1358
220
308
130
158
206
217
97
116
160
471
648
52
172
574
235
277
818
1278
273
333
95
736
653
533
200
197
192
14
547
26
651
334
280
1279
231
459
104
227
1620
403
307
532
655
62
237
328
674
129
29
295
283
307
95
791
70
934
574
754
88
712
496
219
1462
272
562
243
185
28
234
804
418
1139
591
662
1371
535
617
273
557
158
955
166
668
263
150
1054
496
370
696
587
247
438
587
141
503
1781
547
331
998
794
427
666
914
1217
167
278
1030
9
78
661
357
312
22
224
758
333
211
351
18
330
42
106
58
64
37
120
26
227
850
73
640
177
110
251
922
1519
924
1649
896
135
129
116
129
109
468
471
358
306
317
210
65
47
365
551
196
476
69
101
295
933
1014
264
653
458
101
1087
461
250
1054
368
347
44
667
268
87
633
451
526
1
513
378
994
224
779
137
1111
110
46
256
71
483
1364
430
162
226
7
250
401
1
6
1534
216
131
629
538
582
400
24
268
542
42
563
125
162
200
82
482
574
27
428
1572
351
312
80
80
386
1164
357
1254
428
333
551
90
254
54
1215
94
118
403
16
695
1142
84
301
156
55
643
809
63
1516
28
757
633
112
827
360
470
76
371
592
1145
267
1316
37
729
14
223
407
1480
346
226
1157
160
112
32
260
182
24
702
312
370
357
513
419
528
404
83
320
391
549
248
932
645
127
99
345
662
24
273
182
250
1504
993
427
377
178
242
1395
228
114
462
351
265
429
446
338
231
450
524
950
23
229
66
817
317
126
667
640
329
55
253
136
659
1010
1502
617
470
777
44
284
973
1118
14
138
709
73
98
540
236
24
144
661
279
15
42
85
753
880
653
837
618
274
256
77
652
1295
224
874
1240
477
855
250
1320
355
5
256
387
110
103
331
1521
111
303
148
1306
397
32
276
776
492
819
202
649
85
79
596
625
206
566
455
244
656
1153
490
33
177
1156
155
57
149
139
639
1150
654
849
38
32
420
345
410
259
1032
329
2
380
69
225
249
477
1301
242
1688
892
138
369
674
393
312
217
38
195
17
8
339
60
126
795
157
786
1002
410
151
432
658
90
319
114
63
255
313
462
68
359
284
773
571
40
648
800
451
250
171
333
223
241
514
245
837
147
24
182
575
151
611
1194
836
744
545
36
437
304
173
478
111
327
543
448
190
271
963
619
214
485
1023
77
525
689
18
75
69
344
340
6
271
160
358
225
113
259
273
134
248
1292
10
1221
228
18
271
397
385
8
726
496
712
23
323
550
54
15
138
712
228
84
382
1436
518
1542
363
25
1534
175
300
423
59
848
367
314
629
688
58
287
231
1777
998
254
276
655
1859
368
127
160
186
63
1054
223
317
449
422
2
40
366
608
438
1316
595
549
373
243
567
530
217
496
106
198
102
188
699
60
185
228
1008
320
65
1168
465
193
74
120
140
989
704
215
241
141
550
606
410
447
524
1113
1017
413
401
1673
14
1044
190
638
846
95
268
752
54
1648
1200
387
72
1437
370
809
387
513
136
31
19
191
222
245
554
344
521
79
637
243
186
724
125
521
1175
964
110
200
1699
286
178
345
169
199
369
607
177
590
370
79
241
250
595
388
249
366
1034
646
270
709
81
1079
717
596
606
27
62
1447
131
615
547
101
235
262
698
36
152
544
427
833
79
164
18
472
634
546
366
229
700
20
103
203
125
35
526
1226
611
614
556
594
83
579
429
466
369
1655
837
159
622
205
276
539
379
138
208
219
185
130
17
358
1034
1336
149
28
124
520
772
219
92
40
181
488
559
1353
308
508
50
339
259
715
163
462
1029
257
1006
699
125
685
119
302
665
253
501
307
709
790
253
429
323
380
83
241
677
167
401
417
1132
515
634
609
137
798
125
444
1282
13
548
693
750
212
371
340
1557
223
1351
219
267
62
131
486
451
434
174
493
292
230
455
29
737
707
367
402
61
1308
744
155
679
393
647
793
71
535
723
348
219
540
735
55
16
119
133
569
1026
662
114
804
120
88
184
150
365
455
690
795
51
298
94
67
1129
206
757
335
486
155
170
173
826
912
1
313
410
252
29
48
319
1060
145
242
478
259
704
438
708
123
255
556
766
89
1047
223
59
68
23
379
640
3
1159
329
33
429
157
35
96
1079
434
507
871
971
5
385
250
696
213
40
206
969
1283
988
89
949
105
104
762
766
208
409
28
819
1224
700
79
825
88
467
1348
263
409
664
256
364
426
179
69
612
344
317
386
6
201
1271
194
589
708
593
562
360
597
27
372
505
176
429
428
1340
647
738
375
342
178
481
138
389
63
129
335
228
65
112
804
822
806
773
1584
438
722
230
257
352
1300
1241
667
588
286
555
1033
120
55
321
129
171
194
52
363
310
682
879
715
2
48
116
246
994
196
154
1061
305
499
173
37
202
49
37
95
637
133
82
359
332
682
436
159
599
1510
446
678
10
1015
781
732
164
1360
19
873
413
651
150
511
430
137
131
711
450
466
1576
1806
571
385
587
291
1295
527
924
712
636
526
406
826
605
443
623
127
937
839
526
383
380
265
144
151
745
323
90
785
363
230
657
855
338
523
757
175
160
478
810
298
354
131
55
380
539
1265
24
340
195
149
286
77
69
149
514
2
383
289
189
601
311
808
48
469
858
585
1499
631
1269
129
112
968
566
362
657
24
42
569
99
12
641
628
415
631
22
445
214
576
568
1227
749
755
523
62
792
188
521
351
322
352
1356
186
54
95
621
10
91
631
219
52
1179
371
155
273
5
258
81
157
264
44
595
16
582
48
112
246
555
129
184
138
214
217
72
86
186
225
78
216
268
357
1301
853
415
1225
289
217
802
53
52
82
416
74
235
507
470
254
101
951
1269
148
676
411
162
562
190
340
641
202
208
173
84
9
169
252
275
91
434
1811
397
885
188
70
119
1109
201
174
5
496
52
75
600
71
948
145
595
76
164
404
596
434
6
82
695
1217
28
430
1265
521
462
258
10
61
145
203
13
5
905
1452
63
138
262
107
1486
916
323
208
88
120
182
355
281
348
282
648
1520
10
588
259
670
119
428
256
328
758
554
215
1264
817
1014
433
124
58
28
247
680
252
301
232
78
388
25
502
472
215
53
57
16
1129
198
324
438
131
125
138
396
344
492
411
233
911
357
100
26
5
430
525
109
578
390
464
380
645
844
1561
109
134
599
312
1205
406
197
295
421
378
877
456
75
153
72
37
13
585
220
327
587
384
560
137
400
462
558
411
679
583
104
439
319
693
724
1142
1111
80
732
68
200
39
61
115
441
718
747
342
859
32
12
198
663
457
11
854
62
3
577
393
172
103
169
1049
177
443
580
538
270
75
940
54
751
528
538
46
174
34
156
27
846
124
186
850
798
498
770
842
410
34
1029
47
67
834
675
279
721
120
114
180
520
937
102
741
241
231
809
1078
316
74
336
535
20
417
792
106
219
15
544
84
80
676
838
229
90
405
348
194
504
252
349
640
1424
531
68
634
187
559
734
266
95
19
233
24
45
463
143
860
285
394
250
93
151
1169
392
103
1709
405
638
846
290
308
28
58
1103
665
497
45
7
692
313
271
975
165
216
130
842
414
984
626
496
122
72
56
608
534
118
97
304
460
132
239
334
41
225
475
446
628
547
87
905
4
249
1338
293
397
482
303
251
711
159
892
273
151
136
158
100
847
190
324
266
27
99
491
289
603
686
487
575
1136
528
83
112
426
415
302
769
280
46
220
1012
363
1527
321
53
319
356
205
552
209
543
926
649
192
641
67
553
462
563
65
503
728
486
129
392
1595
140
976
254
241
68
344
124
637
302
9
651
52
620
1458
92
675
1014
1193
32
230
699
645
99
164
205
340
429
1226
746
195
121
378
1116
654
161
766
9
574
154
302
478
203
113
343
194
579
328
188
370
8
109
400
879
257
697
944
1145
749
356
275
167
311
204
563
172
739
301
590
106
732
315
223
133
261
498
248
824
251
197
1184
189
67
59
1026
541
532
98
664
215
56
677
220
27
474
27
493
223
671
360
275
691
168
701
556
394
641
269
1341
174
505
124
340
282
238
95
517
130
741
56
1603
525
62
512
60
365
191
403
599
200
1333
621
250
132
106
853
468
4
581
309
47
1195
261
1457
304
60
666
2
30
35
182
311
910
1828
1209
132
146
44
702
163
111
1202
1132
408
412
272
535
184
214
297
142
322
112
457
453
520
181
13
213
58
540
492
321
126
464
103
1046
203
617
592
406
756
195
228
533
591
168
42
195
66
450
460
688
436
250
340
175
307
182
624
483
915
547
153
1347
740
31
567
143
959
779
253
138
134
241
532
69
830
404
388
491
232
331
196
351
324
778
492
260
223
978
175
228
459
1366
626
951
1335
286
600
187
930
53
339
595
439
338
333
227
483
187
1141
228
1284
219
60
10
1506
576
80
136
32
228
63
443
326
84
865
6
167
279
736
324
187
482
63
758
105
31
640
743
1076
884
129
1210
777
509
498
187
204
498
1207
604
392
345
101
119
294
577
239
905
588
100
711
574
293
596
497
30
93
79
30
70
216
277
352
711
20
504
520
698
1524
77
116
156
604
69
278
366
103
642
299
123
102
603
26
896
90
209
396
444
155
439
359
233
336
759
86
150
158
437
504
999
430
238
58
573
1215
153
255
331
268
1080
144
595
362
429
266
1168
13
401
1236
254
176
1137
527
834
97
221
28
739
244
340
333
623
620
692
218
217
1171
457
366
39
79
420
778
31
166
360
58
173
191
343
167
760
603
286
584
310
787
74
167
232
264
499
488
271
145
28
270
60
560
65
4
13
665
587
191
559
111
1336
572
346
228
175
667
427
294
962
398
158
238
570
39
828
635
693
363
1210
250
218
353
228
139
119
407
138
428
595
153
1087
467
637
398
436
429
1009
148
1102
456
5
143
590
589
1137
8
298
668
573
642
868
102
611
142
589
157
129
1068
473
166
203
621
702
54
295
111
85
51
73
557
54
138
466
469
650
237
730
487
2
1649
3
163
823
197
288
653
194
986
829
177
370
399
118
342
988
96
732
860
426
712
708
1032
113
552
445
523
143
102
169
394
168
54
1506
607
225
720
250
950
270
503
598
1442
818
359
325
94
264
570
220
1610
273
34
624
506
897
222
105
84
531
34
162
264
534
584
419
238
817
134
689
173
1
15
922
568
47
362
307
442
338
418
603
619
423
442
77
479
612
37
285
473
456
634
77
358
592
642
116
19
272
319
280
64
163
559
1284
368
276
444
474
246
516
428
364
471
577
64
406
187
1222
263
610
58
576
13
290
57
177
607
37
127
751
470
457
201
129
1308
63
221
48
192
305
634
258
192
7
480
246
187
1148
255
234
95
44
1457
573
261
344
139
1786
1068
308
383
992
277
59
517
465
494
329
143
534
157
253
344
117
21
656
321
75
540
5
562
835
1282
804
182
201
246
484
256
40
51
984
1187
84
197
619
75
170
156
519
663
482
440
514
92
1232
176
647
650
711
580
415
170
1285
170
44
58
1090
364
1479
130
199
353
631
256
700
623
157
1189
1424
501
1880
363
228
84
280
19
101
398
401
77
686
283
141
209
1166
261
403
506
77
609
631
77
151
221
212
136
243
383
3
331
800
4
612
321
222
437
238
430
197
724
685
16
54
10
445
175
127
26
437
625
716
161
90
733
43
92
338
791
50
955
762
128
222
13
215
238
596
167
392
400
469
99
236
354
416
482
569
90
393
455
93
610
713
480
681
60
31
379
82
372
150
173
897
149
200
509
524
695
75
409
521
189
207
1845
490
474
457
1024
607
620
262
238
503
36
154
687
506
676
386
269
1107
27
473
43
326
779
508
357
665
206
531
954
427
4
324
769
336
513
670
613
63
220
91
1121
1045
22
64
389
91
82
10
233
641
441
733
39
1453
409
68
20
146
397
512
333
327
279
1010
314
229
189
157
145
1037
202
236
328
86
186
36
312
171
515
384
186
103
664
555
90
72
311
164
553
319
480
143
438
200
480
439
625
614
239
1280
78
202
528
1375
1141
71
7
505
278
68
205
485
621
147
277
307
67
1277
40
596
656
149
198
73
79
683
453
30
241
160
433
91
157
98
443
80
606
50
196
366
722
5
270
1152
353
139
551
532
180
844
868
402
120
1007
1055
174
258
425
1027
369
386
439
72
260
18
334
890
192
667
452
927
1105
352
131
19
120
228
119
130
400
37
85
89
782
120
508
538
599
177
370
898
526
352
955
49
122
127
811
1467
57
565
205
274
495
223
290
750
721
1412
40
968
53
305
37
121
391
714
61
1031
139
404
307
302
642
331
799
725
510
575
426
14
884
750
628
503
779
1438
465
271
124
469
710
69
126
101
211
575
40
576
1069
420
31
493
290
413
221
355
408
774
112
1563
703
577
350
193
8
346
194
351
337
397
196
626
37
705
164
387
193
519
188
171
1250
571
973
167
112
621
155
51
225
563
677
1089
245
312
337
1105
179
334
39
478
1269
694
83
685
242
20
495
1225
55
811
1212
451
361
612
1065
285
1014
699
1073
564
446
564
81
570
42
216
724
40
751
316
631
1513
66
339
1036
58
321
28
92
284
313
111
570
60
354
1136
464
95
443
130
622
523
969
230
470
339
218
812
228
1121
254
492
221
369
154
417
1806
79
1475
486
2
255
382
130
1748
621
307
1041
188
468
210
224
92
8
680
132
817
292
132
283
280
25
108
69
237
431
333
774
612
327
653
150
299
1543
259
742
643
1276
124
947
164
747
239
1063
536
993
515
566
3
1312
214
170
131
312
1242
247
353
185
1279
825
366
35
660
180
446
118
279
66
309
340
611
456
232
505
427
178
628
428
535
857
510
306
210
53
329
360
353
519
381
1037
621
519
1372
610
291
45
97
261
382
88
774
712
75
712
111
375
468
1281
223
665
21
450
877
474
263
857
592
640
184
480
21
169
275
30
369
261
659
548
92
1147
194
701
232
42
655
89
319
164
143
70
50
382
418
564
105
82
102
1265
453
270
990
872
1008
424
733
752
537
299
592
45
423
357
156
554
86
67
368
534
0
695
694
270
491
2
137
523
23
78
1557
241
112
460
298
327
398
496
154
92
298
514
190
319
511
190
563
142
440
83
498
258
638
440
799
570
11
154
77
730
920
445
120
159
1488
267
460
162
517
1358
219
1342
118
447
581
63
1119
306
1415
757
1733
114
112
902
136
687
227
954
554
56
192
595
261
61
23
113
230
938
73
216
163
376
1370
148
249
540
1249
421
304
304
711
777
364
594
51
433
817
482
598
209
5
188
693
478
1346
916
201
897
450
1148
226
229
1327
30
1764
445
84
843
509
70
284
130
208
389
55
842
1051
969
115
42
75
724
31
255
16
388
470
797
333
668
397
1114
133
822
75
244
835
17
331
1465
57
539
147
171
1009
79
97
132
345
716
500
437
601
360
192
243
452
357
348
369
28
414
1172
359
223
478
499
520
87
100
205
679
528
860
266
1417
523
44
1200
386
504
1464
74
154
218
304
327
413
657
1359
272
151
49
458
197
715
57
517
628
824
531
7
637
395
119
229
661
290
1262
527
483
617
187
1005
401
7
216
340
848
266
63
297
39
67
569
316
66
94
355
434
6
924
1231
268
2
108
166
124
258
157
1008
369
109
265
177
398
200
50
304
48
597
34
15
869
236
1188
254
234
117
164
967
121
367
148
268
215
315
194
81
130
113
220
1109
1111
335
750
6
175
883
119
414
92
465
77
134
537
26
55
475
716
189
147
186
337
420
256
294
187
523
229
152
630
102
440
35
665
55
147
20
281
872
100
503
1611
493
173
19
216
111
815
114
645
69
202
955
167
796
57
86
490
57
399
549
321
1603
117
204
166
360
788
198
3
434
665
30
112
576
462
352
6
1375
419
1101
136
920
114
307
655
287
484
509
245
684
493
83
98
517
354
269
1195
168
343
210
10
220
580
802
157
534
190
499
742
548
482
14
248
1299
178
372
541
329
347
16
167
44
386
585
12
815
710
176
470
137
576
700
369
498
45
463
147
633
99
160
331
714
454
280
41
39
364
671
343
212
80
205
17
74
327
1072
77
225
141
37
373
74
175
785
132
242
33
564
1157
37
257
496
258
904
515
33
126
158
459
135
41
886
487
213
204
65
415
46
1165
141
1413
110
63
485
43
90
296
585
665
86
201
262
1063
115
670
169
191
101
697
407
183
819
184
413
773
643
1432
15
41
1422
1364
723
59
239
208
179
352
302
291
165
189
111
278
322
47
79
387
115
122
702
395
507
310
353
179
1052
626
281
403
418
167
95
490
994
8
49
25
177
521
177
551
516
1330
129
349
1008
254
104
253
512
9
876
608
239
311
603
693
370
363
164
602
553
197
233
481
280
659
271
359
1069
383
141
454
631
1296
287
279
286
1299
723
172
98
281
153
348
400
370
1259
340
52
1050
155
19
352
5
173
731
189
181
755
294
65
583
546
90
1321
280
298
127
84
42
236
467
568
539
466
349
1498
533
329
112
29
666
911
434
1350
326
408
980
389
409
156
594
1306
576
570
382
2
103
877
701
688
378
8
237
204
477
105
159
758
285
1194
655
786
728
287
88
658
64
351
331
478
266
152
90
210
538
1167
560
448
316
638
171
689
1185
1043
46
712
155
639
159
569
461
197
359
282
190
1393
116
123
279
391
1373
92
1123
316
63
555
724
312
1452
793
396
177
674
1603
26
250
392
248
300
86
90
224
657
369
149
607
407
555
88
83
304
808
1156
672
353
318
225
825
36
340
611
143
1151
1735
345
200
147
454
179
253
182
162
1347
747
49
162
215
864
165
313
417
431
777
927
394
833
752
267
484
118
2
132
1111
1239
1053
909
1481
336
191
529
67
306
1293
134
583
642
112
427
84
462
548
287
88
191
128
811
5
92
354
761
63
471
93
43
345
431
614
3
48
354
498
835
189
297
605
70
517
648
1
836
127
1399
19
170
142
475
218
976
78
920
1290
121
553
571
1169
362
707
35
164
125
181
109
65
399
228
55
190
585
83
1001
434
39
57
592
93
645
1401
568
800
904
417
560
464
1293
75
474
603
431
89
471
86
268
488
136
293
1778
472
518
591
262
305
581
166
695
1096
1770
572
111
266
531
1044
466
1324
559
372
1173
566
128
347
89
704
1
556
5
878
562
24
338
65
137
64
450
1379
823
55
555
167
104
560
15
72
847
120
28
424
8
397
528
95
464
220
1137
614
1536
1557
227
449
916
933
180
184
434
632
640
101
610
272
227
47
28
292
283
178
