547
547

131
131

703
703

3
3

665
665

510
510

285
285

353
353

927
927

27
27

256
256

693
693

209
209

439
439

359
359

118
118

322
322

634
634

380
380

352
352

735
735

524
524

96
96

1050
1050

1480
1480

390
390

1567
1567

415
415

38
38

220
220

270
270

377
377

83
83

780
780

832
832

97
97

803
803

1101
1101

401
401

273
273

33
33

195
195

1349
1349

433
433

42
42

198
198

52
52

549
549

4
4

432
432

274
274

228
228

213
213

1732
1732

1040
1040

77
77

710
710

37
37

487
487

810
810

178
178

410
410

306
306

61
61

1562
1562

95
95

171
171

5
5

841
841

112
112

414
414

60
60

435
435

656
656

388
388

745
745

336
336

1310
1310

270
270

182
182

491
491

534
534

66
66

768
768

815
815

506
506

612
612

953
953

307
307

486
486

365
365

172
172

583
583

99
99

612
612

496
496

283
283

173
173

202
202

426
426

102
102

47
47

365
365

583
583

408
408

390
390

1707
1707

532
532

225
225

85
85

398
398

1105
1105

222
222

412
412

86
86

1433
1433

1094
1094

241
241

468
468

143
143

333
333

567
567

532
532

1198
1198

601
601

1633
1633

177
177

946
946

1593
1593

123
123

242
242

310
310

358
358

269
269

520
520

554
554

166
166

67
67

64
64

118
118

455
455

1143
1143

249
249

32
32

298
298

801
801

14
14

200
200

253
253

674
674

336
336

1309
1309

1493
1493

386
386

312
312

596
596

6
6

102
102

486
486

634
634

108
108

311
311

677
677

267
267

613
613

787
787

39
39

578
578

100
100

626
626

647
647

198
198

638
638

563
563

136
136

1739
1739

632
632

3
3

263
263

26
26

533
533

185
185

1480
1480

378
378

409
409

578
578

293
293

45
45

1906
1906

30
30

454
454

791
791

396
396

548
548

770
770

307
307

600
600

283
283

519
519

64
64

735
735

762
762

132
132

54
54

500
500

552
552

462
462

278
278

248
248

508
508

490
490

731
731

227
227

68
68

746
746

410
410

1334
1334

918
918

682
682

453
453

443
443

283
283

257
257

276
276

27
27

343
343

294
294

754
754

293
293

3
3

128
128

153
153

1280
1280

311
311

1125
1125

345
345

184
184

84
84

1418
1418

110
110

532
532

495
495

72
72

401
401

19
19

197
197

226
226

141
141

559
559

934
934

361
361

505
505

1671
1671

336
336

232
232

490
490

51
51

1518
1518

156
156

68
68

137
137

189
189

1350
1350

358
358

275
275

32
32

293
293

146
146

539
539

891
891

131
131

1267
1267

218
218

162
162

145
145

408
408

95
95

8
8

566
566

298
298

1415
1415

725
725

146
146

456
456

317
317

795
795

420
420

78
78

219
219

159
159

707
707

12
12

489
489

223
223

301
301

663
663

688
688

316
316

226
226

379
379

224
224

654
654

226
226

839
839

322
322

324
324

604
604

422
422

129
129

1052
1052

346
346

1405
1405

186
186

112
112

508
508

354
354

628
628

836
836

526
526

143
143

558
558

201
201

1027
1027

48
48

1518
1518

102
102

343
343

235
235

206
206

1638
1638

910
910

10
10

544
544

392
392

380
380

1787
1787

555
555

394
394

326
326

3
3

246
246

412
412

284
284

99
99

76
76

243
243

242
242

1633
1633

92
92

139
139

239
239

98
98

180
180

525
525

81
81

86
86

34
34

237
237

79
79

364
364

100
100

274
274

331
331

815
815

1151
1151

294
294

130
130

30
30

1173
1173

151
151

332
332

680
680

170
170

2
2

402
402

335
335

49
49

49
49

288
288

663
663

511
511

645
645

940
940

1125
1125

127
127

572
572

445
445

98
98

112
112

129
129

512
512

307
307

337
337

1051
1051

332
332

212
212

766
766

142
142

301
301

567
567

117
117

179
179

204
204

1055
1055

555
555

113
113

252
252

428
428

220
220

282
282

28
28

270
270

150
150

927
927

204
204

1465
1465

591
591

63
63

258
258

253
253

420
420

142
142

456
456

405
405

222
222

702
702

1513
1513

11
11

484
484

209
209

169
169

129
129

1403
1403

540
540

540
540

186
186

321
321

676
676

363
363

439
439

29
29

43
43

431
431

329
329

214
214

140
140

65
65

236
236

522
522

156
156

352
352

154
154

191
191

51
51

443
443

586
586

271
271

733
733

19
19

377
377

35
35

64
64

428
428

6
6

201
201

504
504

125
125

569
569

961
961

155
155

62
62

315
315

541
541

322
322

383
383

1721
1721

325
325

137
137

372
372

538
538

415
415

596
596

525
525

993
993

23
23

433
433

210
210

647
647

137
137

188
188

140
140

317
317

14
14

335
335

516
516

76
76

270
270

91
91

123
123

392
392

85
85

191
191

561
561

1037
1037

625
625

16
16

167
167

702
702

437
437

649
649

63
63

315
315

126
126

673
673

170
170

1126
1126

58
58

449
449

188
188

54
54

806
806

457
457

156
156

600
600

447
447

87
87

925
925

142
142

108
108

378
378

254
254

628
628

267
267

337
337

158
158

270
270

811
811

142
142

576
576

152
152

155
155

1309
1309

578
578

572
572

592
592

321
321

168
168

88
88

182
182

68
68

65
64
Hate you Nigga

60
60

96
96

548
548

259
259

83
83

671
671

288
288

30
30

27
27

183
183

767
767

146
146

98
98

253
253

89
89

360
360

22
22

124
124

840
840

638
638

815
815

585
585

141
141

30
30

171
171

695
695

115
115

489
489

639
639

1053
1053

11
11

232
232

507
507

2
2

85
85

508
508

299
299

550
550

436
436

402
402

1768
1768

126
126

259
259

486
486

396
396

32
32

72
72

345
345

269
269

163
163

483
483

628
628

192
192

86
86

397
397

236
236

1392
1392

861
861

1053
1053

294
294

581
581

48
48

220
220

613
613

30
30

1114
1114

55
55

9
9

386
386

266
266

101
101

671
671

128
128

62
62

60
60

197
197

164
164

593
593

314
314

178
178

105
105

734
734

151
151

1069
1069

660
660

66
66

880
880

45
45

596
596

258
258

622
622

119
119

288
288

862
862

481
481

346
346

199
199

287
287

112
112

179
179

905
905

831
831

867
867

691
691

165
165

115
115

258
258

27
27

409
409

114
114

74
74

182
182

1292
1292

480
480

49
49

471
471

477
477

1180
1180

155
155

189
189

336
336

9
9

330
330

328
328

165
165

453
453

627
627

211
211

230
230

303
303

310
310

109
109

801
801

399
399

1199
1199

546
546

69
69

31
31

201
201

523
523

186
186

504
504

74
74

723
723

1039
1039

32
32

298
298

206
206

579
579

316
316

455
455

533
533

405
405

53
53

212
212

85
85

1069
1069

336
336

854
854

59
59

169
169

551
551

71
71

937
937

404
404

396
396

325
325

304
304

566
566

1142
1142

36
36

301
301

71
71

440
440

740
740

390
390

127
127

212
212

279
279

8
8

566
566

248
248

362
362

310
310

213
213

7
7

67
67

317
317

555
555

356
356

523
523

100
100

43
43

290
290

208
208

469
469

915
915

625
625

405
405

17
17

504
504

645
645

515
515

1440
1440

578
578

360
360

1070
1070

181
181

426
426

170
170

56
56

1288
1288

506
506

402
402

359
359

272
272

103
103

1105
1105

709
709

141
141

158
158

127
127

461
461

22
22

354
354

693
693

519
519

35
35

536
536

102
102

883
883

121
121

391
391

258
258

476
476

900
900

237
237

572
572

49
49

586
586

321
321

243
243

712
712

374
374

472
472

305
305

1251
1251

385
385

796
796

469
469

309
309

36
36

630
630

703
703

113
113

356
356

1565
1565

220
220

235
235

1527
1527

249
249

60
60

62
62

647
647

680
680

186
186

221
221

225
225

497
497

265
265

197
197

607
607

601
601

177
177

380
380

306
306

329
329

572
572

694
694

247
247

152
152

67
67

1261
1261

71
71

272
272

139
139

232
232

329
329

664
664

358
358

328
328

287
287

451
451

456
456

134
134

410
410

300
300

80
80

810
810

186
186

52
52

435
435

690
690

738
738

543
543

68
68

317
317

36
36

198
198

44
44

106
106

583
583

306
306

69
69

846
846

428
428

159
159

328
328

202
202

375
375

569
569

478
478

67
67

376
376

259
259

18
18

629
629

1203
1203

111
111

606
606

749
749

245
245

393
393

1202
1202

602
602

21
21

774
774

97
97

829
829

183
183

171
171

202
202

1107
1107

553
553

213
213

725
725

634
634

200
200

313
313

197
197

39
39

4
4

325
325

1918
1918

139
139

483
483

675
675

1353
1353

1190
1190

144
144

5
5

1487
1487

1290
1290

707
707

468
468

690
690

334
334

601
601

49
49

290
290

63
63

22
22

162
162

126
126

71
71

400
400

103
103

513
513

245
245

644
644

485
485

497
497

777
777

935
935

61
61

440
440

510
510

61
61

99
99

1477
1477

1123
1123

891
891

170
170

23
23

1687
1687

220
220

378
378

542
542

292
292

145
145

490
490

340
340

752
752

603
603

38
38

517
517

507
507

319
319

74
74

104
104

1245
1245

233
233

217
217

1244
1244

101
101

267
267

46
46

350
350

473
473

566
566

427
427

381
381

174
174

91
91

51
51

506
506

642
642

859
859

187
187

499
499

104
104

59
59

765
765

281
281

6
6

284
284

561
561

99
99

593
593

713
713

8
8

315
315

526
526

194
194

706
706

281
281

463
463

234
234

342
342

153
153

1193
1193

55
55

63
63

100
100

604
604

325
325

318
318

91
91

335
335

269
269

298
298

1110
1110

484
484

505
505

159
159

336
336

191
191

666
666

612
612

588
588

103
103

561
561

764
764

291
291

1424
1424

49
49

535
535

1172
1172

439
438
Hate you Nigga

434
434

607
607

291
291

234
234

306
306

412
412

588
588

19
19

6
6

631
631

359
359

94
94

849
849

85
85

483
483

53
53

836
836

971
971

1016
1016

160
160

17
17

106
106

214
214

56
56

260
260

1476
1476

321
321

879
879

243
243

256
256

651
651

684
684

196
196

4
4

89
89

461
461

144
144

622
622

1029
1029

1611
1611

318
318

436
436

1400
1400

451
451

7
7

417
417

326
326

9
9

84
84

410
410

151
151

276
276

675
675

2
2

637
637

105
105

215
215

89
89

150
150

182
182

572
572

195
195

8
8

548
548

472
472

59
59

47
47

1050
1050

267
267

210
210

560
560

763
763

113
113

429
429

163
163

619
619

348
348

606
606

5
5

86
86

96
96

673
673

3
3

245
245

488
488

210
210

1307
1307

42
42

249
249

511
511

633
633

284
284

2
2

295
295

120
120

213
213

792
792

697
697

667
667

196
196

850
850

578
578

149
149

1523
1523

179
179

541
541

1273
1273

140
140

99
99

1075
1075

1346
1346

661
661

402
402

301
301

333
333

148
148

512
512

95
95

1382
1382

515
515

393
393

10
10

426
426

154
154

85
85

260
260

33
33

379
379

130
130

178
178

397
397

431
431

649
649

376
376

1269
1269

150
150

287
287

152
152

278
278

367
367

150
150

89
89

798
798

359
359

82
82

216
216

772
772

1717
1717

579
579

369
369

13
13

681
681

551
551

61
61

87
87

226
226

1137
1137

34
34

145
145

87
87

1233
1233

675
675

202
202

426
426

450
450

128
128

45
45

707
707

341
341

108
108

424
424

298
298

39
39

562
562

796
796

398
398

308
308

328
328

70
70

35
35

268
268

445
445

905
905

3
3

160
160

282
282

59
59

830
830

251
251

788
788

133
133

363
363

844
844

292
292

370
370

293
293

215
215

226
226

392
392

95
95

39
39

110
110

703
703

84
84

634
634

1667
1667

273
273

266
266

466
466

40
40

129
129

357
357

155
155

462
462

716
716

589
589

539
539

558
558

325
325

200
200

259
259

690
690

463
463

649
649

944
944

458
458

174
174

307
307

690
690

31
31

103
103

71
71

703
703

318
318

1394
1394

50
50

82
82

322
322

450
450

689
689

213
213

532
532

66
66

23
23

435
435

89
89

185
185

346
346

266
266

132
132

94
94

672
672

767
767

236
236

59
59

814
814

348
348

180
180

207
207

646
646

499
499

501
501

11
11

150
150

424
424

821
821

364
364

265
265

59
59

481
481

1142
1142

243
243

182
182

1074
1074

1137
1137

808
808

1140
1140

240
240

60
60

9
9

246
245
Hate you Nigga

491
491

495
495

95
95

372
372

1225
1225

1296
1296

280
280

44
44

205
205

651
651

149
149

344
344

95
95

160
160

379
379

552
552

639
639

392
392

344
344

349
349

1135
1135

307
307

302
302

247
247

342
342

301
301

391
391

679
679

858
858

278
278

276
276

305
305

695
695

1
1

788
788

116
116

870
870

720
720

272
272

74
74

425
425

819
819

110
110

208
208

309
309

329
329

71
71

76
76

442
442

386
386

590
590

433
433

1057
1057

1172
1172

617
617

633
633

602
602

485
485

469
469

20
20

208
208

410
410

41
41

684
684

479
479

130
130

110
110

93
93

635
635

366
366

442
442

81
81

706
706

245
245

322
322

886
886

911
911

1320
1320

300
300

797
797

816
816

267
267

826
826

365
365

140
140

144
144

143
143

180
180

71
71

709
709

292
292

375
375

247
247

7
7

517
517

599
599

178
178

65
65

804
804

574
574

514
514

148
148

626
626

63
63

54
54

375
375

616
616

540
540

319
319

58
58

292
292

514
514

288
288

517
517

823
823

206
206

393
393

129
129

54
54

532
532

1571
1571

270
270

462
462

218
218

1697
1697

675
675

189
189

43
43

875
875

124
124

162
162

579
579

292
292

69
69

571
571

408
408

68
68

23
23

169
169

189
189

672
672

30
30

61
61

348
348

162
162

611
611

303
303

112
112

15
15

277
277

499
499

259
259

222
222

234
234

135
135

239
238
Hate you Nigga

632
632

23
23

199
199

652
652

204
204

197
197

974
974

404
404

531
531

331
331

282
282

175
175

1206
1206

1112
1112

641
641

352
352

337
337

131
131

371
371

1187
1187

97
97

49
49

865
865

0
0

956
956

294
294

1676
1676

30
30

68
68

288
288

39
39

350
350

164
164

15
15

1642
1642

907
907

47
47

144
144

263
263

635
635

596
596

247
247

72
72

102
102

264
264

35
35

105
105

710
710

131
131

939
939

668
668

66
66

196
196

674
674

884
884

905
905

518
518

261
261

127
127

956
956

590
590

45
45

319
319

284
284

420
420

1008
1008

249
249

284
284

631
631

280
280

430
430

426
426

318
318

904
904

60
60

602
602

359
359

112
112

84
84

76
76

624
624

21
21

193
193

259
259

72
72

170
170

218
218

642
642

584
584

20
20

774
774

397
397

366
366

1127
1127

178
178

444
444

67
67

980
980

171
171

413
413

193
193

588
588

67
67

273
273

373
373

522
522

8
8

968
968

422
422

104
104

90
90

580
580

42
42

144
144

1382
1382

223
223

1196
1196

1190
1190

434
434

310
310

438
438

131
131

438
438

852
852

103
103

85
85

619
619

231
231

337
337

229
229

279
279

5
5

566
566

841
841

924
924

1290
1290

424
424

397
397

435
435

60
60

10
10

1029
1029

300
300

535
535

99
99

186
186

619
619

1406
1406

285
285

297
297

6
6

94
94

283
283

1539
1539

349
349

519
519

347
347

3
3

407
407

1131
1131

531
531

562
562

345
345

29
29

1056
1056

78
78

711
711

186
186

249
249

443
443

240
240

345
345

464
464

53
53

20
20

320
320

364
364

254
254

233
233

662
662

253
253

164
164

1512
1512

157
157

382
382

575
575

878
878

158
158

293
293

243
243

849
849

973
973

77
77

20
20

192
192

268
268

75
75

447
447

176
176

239
239

120
120

278
278

794
794

214
214

620
620

698
698

258
258

238
238

1076
1076

474
474

230
230

378
378

219
219

166
166

475
475

441
441

62
62

67
67

200
200

566
565
Hate you Nigga

314
314

172
172

152
152

218
218

186
186

651
651

54
54

677
677

16
16

26
26

244
244

690
690

304
304

543
543

790
790

65
65

291
291

151
151

641
641

467
467

231
231

482
482

154
154

250
250

366
366

131
131

75
75

52
52

242
242

516
516

796
796

26
26

1571
1571

217
217

110
110

557
557

357
357

2
2

350
350

612
612

215
215

221
221

200
200

231
231

92
92

858
858

522
522

350
350

17
17

152
152

769
769

486
486

13
13

145
145

53
53

277
277

197
197

144
144

169
169

216
216

239
239

947
947

515
515

608
608

712
712

941
941

1563
1563

61
61

100
100

187
187

78
78

61
61

581
581

284
284

352
352

293
293

84
84

186
186

330
330

82
82

766
766

1321
1321

464
464

274
274

494
494

385
385

68
68

51
51

323
323

131
131

662
662

685
685

1201
1201

359
359

114
114

1237
1237

38
38

334
334

488
488

22
22

803
803

197
197

221
221

315
315

65
65

42
42

774
774

1446
1446

344
344

214
214

121
121

426
426

240
240

584
584

389
389

221
221

708
708

345
345

498
498

581
581

15
15

672
672

621
621

209
209

384
384

42
42

744
744

475
475

399
399

36
36

838
838

947
947

115
115

401
401

165
165

248
248

1073
1073

68
68

1567
1567

1010
1010

571
571

103
103

33
33

1276
1276

511
511

137
137

780
780

2
2

102
102

5
5

432
432

938
938

212
212

46
46

1230
1230

225
225

844
844

508
508

1244
1244

316
316

655
655

36
36

730
730

360
360

1392
1392

217
217

355
355

230
230

260
260

580
580

265
265

819
819

262
262

279
279

543
543

156
156

20
20

304
304

57
57

423
423

78
78

826
826

8
8

164
164

513
513

325
325

1202
1202

1034
1034

43
43

138
138

186
186

1154
1154

1135
1135

415
415

388
388

5
5

326
326

666
666

347
347

236
236

357
357

148
148

807
807

305
305

513
513

95
95

1027
1027

380
380

600
600

470
470

230
230

197
197

489
489

396
396

576
576

1195
1195

482
482

188
188

268
268

225
225

28
28

9
9

476
476

41
41

132
132

689
689

588
588

496
496

977
977

545
545

81
81

494
494

753
753

32
32

209
209

311
311

801
801

287
287

936
936

370
370

501
501

1726
1726

562
562

898
898

607
607

885
885

12
12

264
264

277
277

87
87

337
337

764
764

108
108

80
80

1178
1178

666
666

873
873

1540
1540

546
546

262
262

438
438

1123
1123

653
653

77
77

1676
1676

23
23

450
450

63
63

592
592

524
524

283
283

396
396

324
324

167
167

1346
1346

569
569

722
722

150
150

132
132

45
45

503
503

701
701

79
79

287
287

40
40

450
450

391
391

600
600

273
273

824
824

138
138

72
72

257
257

544
544

857
857

4
4

799
799

79
79

281
281

96
96

924
924

522
522

251
251

179
179

36
36

717
717

275
275

289
289

530
530

1219
1219

212
212

894
894

7
7

136
136

824
824

101
101

326
326

281
281

430
430

391
391

851
851

473
473

1521
1521

708
708

179
179

558
558

330
330

331
331

57
57

186
186

316
316

345
345

65
65

213
213

249
249

775
775

173
173

941
941

429
429

163
163

380
380

2
2

58
58

502
502

144
144

21
21

661
661

884
884

218
218

247
247

801
801

764
764

494
494

606
606

118
118

279
279

24
24

194
194

673
673

1018
1018

540
540

445
445

36
36

772
772

705
705

218
218

771
771

94
94

352
352

857
857

25
25

471
471

10
10

201
201

323
323

208
208

303
303

503
503

161
161

255
255

843
843

1052
1052

778
778

279
279

885
885

340
340

1219
1219

151
151

65
65

130
130

325
325

524
524

120
120

696
696

682
682

355
355

508
508

249
249

907
907

353
353

881
881

246
246

240
240

112
112

302
302

1268
1268

142
142

227
227

251
251

49
49

1559
1559

349
349

695
695

73
73

98
98

438
438

133
133

430
430

29
29

182
182

370
370

346
346

721
721

3
3

601
601

243
243

313
313

314
314

322
322

435
435

1200
1200

144
144

511
511

120
120

870
870

239
239

222
222

370
370

177
177

264
264

213
213

378
378

363
363

539
539

623
623

670
670

89
89

41
41

385
385

553
553

309
309

147
147

42
42

235
235

1680
1680

520
520

495
495

171
171

174
174

387
387

386
386

281
281

463
463

332
332

553
553

600
600

390
390

509
509

144
144

555
555

344
344

1642
1642

118
118

125
125

379
379

939
939

265
265

786
786

509
509

580
580

942
942

114
114

182
182

1152
1152

486
486

319
319

591
591

516
516

381
381

90
90

77
77

426
426

667
667

379
379

228
228

230
230

296
296

199
199

12
12

92
92

16
16

128
128

1510
1510

61
61

268
268

2
2

469
469

48
48

533
533

82
82

181
181

73
73

224
224

38
38

141
141

423
423

313
313

571
571

565
565

8
8

370
370

218
218

481
481

425
425

527
527

606
606

388
388

266
266

203
203

551
551

160
160

163
163

308
308

227
227

1025
1025

95
95

290
290

844
844

720
720

189
189

232
232

166
166

173
173

264
264

82
82

221
221

246
246

378
378

257
257

302
302

515
515

176
176

443
443

343
343

113
113

6
6

397
397

198
198

751
751

691
691

85
85

729
729

352
352

204
204

1107
1107

199
199

460
460

64
64

559
559

474
474

1157
1157

178
178

228
228

12
12

488
488

306
306

442
442

863
863

101
101

169
169

174
174

574
574

341
341

463
463

283
283

579
579

184
184

148
148

400
400

46
46

727
727

207
207

292
292

41
41

405
405

335
335

18
18

144
144

725
725

715
715

1552
1552

3
3

413
413

546
546

181
181

538
538

41
41

1203
1203

637
637

167
167

1361
1361

55
55

79
79

245
245

152
152

25
25

272
272

121
121

161
161

827
827

342
342

193
193

125
125

779
779

540
540

995
995

345
345

385
385

1345
1345

49
49

195
195

865
865

1316
1316

683
683

285
285

274
274

245
245

220
220

355
355

560
560

324
324

46
46

774
774

98
98

203
203

461
461

97
97

979
979

307
307

32
32

1373
1373

105
105

157
157

464
464

1097
1097

334
334

354
354

289
289

343
343

271
271

116
116

626
626

495
495

99
99

504
504

1412
1412

785
785

104
104

63
63

992
992

4
4

507
507

286
286

27
27

129
129

610
610

1329
1329

915
915

1389
1389

479
479

407
407

131
131

106
106

617
617

231
231

277
277

890
890

1391
1391

583
583

796
796

565
565

552
552

445
445

460
460

30
30

56
56

860
860

69
69

120
120

203
203

93
93

199
199

170
170

643
643

718
718

399
399

721
721

148
148

305
305

776
776

49
49

296
296

39
39

385
385

528
528

405
405

312
312

41
41

228
228

383
383

1198
1198

30
30

73
73

313
313

1395
1395

386
386

647
647

58
58

803
803

54
54

1118
1118

666
666

842
842

419
419

464
464

1092
1092

155
155

7
7

585
585

208
208

914
914

244
244

432
432

569
569

67
67

88
88

277
277

284
284

251
251

249
249

155
154
Hate you Nigga

59
59

145
145

21
21

662
662

442
442

627
627

41
41

102
102

278
278

235
235

561
561

335
335

83
83

445
445

531
531

512
512

1218
1218

224
224

22
22

184
184

448
448

844
844

205
205

788
788

29
29

932
932

373
373

57
57

141
141

193
193

260
260

359
359

48
48

409
409

405
405

68
68

46
46

103
103

77
77

279
279

350
350

171
171

936
936

109
109

556
556

203
203

298
298

242
242

1086
1086

68
68

175
175

5
5

538
538

468
468

96
96

352
352

656
656

84
84

338
338

8
8

219
219

560
560

99
99

146
146

133
133

299
299

1180
1180

179
179

514
514

1170
1170

171
171

29
29

248
248

343
343

785
785

763
763

318
318

824
824

1238
1238

672
672

159
159

81
81

188
188

198
198

256
256

1297
1297

265
265

745
745

553
553

46
46

677
677

531
531

592
592

325
325

258
258

1179
1179

1154
1154

381
381

536
536

425
425

16
16

18
18

286
286

94
94

142
142

1289
1289

225
225

347
347

421
421

117
117

478
478

421
421

258
258

528
528

489
489

1237
1237

57
57

81
81

162
162

1191
1191

37
37

120
120

549
549

304
304

63
63

123
123

1265
1265

99
99

610
610

36
36

517
517

272
272

517
517

648
648

503
503

493
493

173
173

136
136

1183
1183

18
18

307
307

382
382

914
914

167
167

589
589

777
777

1264
1264

196
196

15
15

70
70

242
242

176
176

197
197

77
77

67
67

517
517

5
5

1168
1168

197
197

745
745

64
64

11
11

168
168

505
505

652
652

912
912

287
287

306
306

244
244

238
238

55
55

407
407

344
344

116
116

350
350

487
487

331
331

727
727

60
60

551
551

368
368

44
44

450
450

398
398

149
149

885
885

686
686

592
592

681
681

325
325

510
510

937
937

337
337

41
41

52
52

224
224

292
292

568
568

336
336

195
195

125
125

690
690

221
221

99
99

46
46

238
238

91
91

193
193

565
565

94
94

224
224

230
230

10
10

694
694

510
510

403
403

732
732

193
193

601
601

199
199

257
257

257
257

138
138

576
576

149
149

516
516

19
19

255
255

58
58

214
214

831
831

285
285

471
471

127
127

212
212

76
76

1011
1011

705
705

534
534

895
895

361
361

1093
1093

715
715

633
633

191
191

689
689

494
494

1684
1684

367
367

108
108

207
207

228
228

102
102

280
280

127
127

225
225

170
170

211
211

159
159

464
464

45
45

901
901

1413
1413

67
67

150
150

400
400

230
230

344
344

269
269

245
245

336
336

1048
1048

705
705

179
179

1173
1173

200
200

1195
1195

303
303

1360
1360

5
5

590
590

159
159

37
37

96
96

444
444

365
365

335
335

140
140

197
197

355
355

610
610

616
616

364
364

581
581

534
534

441
441

341
341

15
15

22
22

547
547

282
282

190
190

824
824

397
397

120
120

326
326

478
478

193
193

161
161

430
430

211
211

235
235

573
573

158
158

77
77

456
456

825
825

278
278

705
705

437
437

1182
1182

1401
1401

14
14

344
344

140
140

43
43

447
447

308
308

175
175

596
596

243
243

37
37

804
804

45
45

127
127

668
668

78
78

543
543

292
292

18
18

863
863

183
183

105
105

581
581

277
277

312
312

89
89

596
596

822
822

199
199

479
479

191
191

89
89

999
999

721
721

4
4

445
445

710
710

75
75

190
190

693
693

64
64

619
619

413
413

1227
1227

105
105

361
361

711
711

229
229

396
396

189
189

161
161

126
126

8
8

182
182

53
53

32
32

311
311

561
561

196
196

244
244

475
475

448
448

227
227

15
15

62
62

338
338

371
371

30
30

354
354

442
442

751
751

591
591

25
25

52
52

29
29

12
12

79
79

219
219

510
510

421
421

850
850

420
420

115
115

223
223

888
888

320
320

1034
1034

53
53

1682
1682

22
22

225
225

610
610

448
448

377
377

244
244

525
525

1108
1108

433
433

377
377

150
150

185
185

459
459

1140
1140

297
297

717
717

41
41

142
142

20
20

816
816

459
459

144
144

509
509

265
265

713
713

314
314

367
367

213
213

101
101

18
18

315
315

517
517

394
394

338
338

112
112

115
115

331
331

215
215

24
24

89
89

1272
1272

814
814

391
391

463
463

70
70

1321
1321

94
94

201
201

65
65

76
76

14
14

98
98

450
450

46
46

322
322

290
290

860
860

1173
1173

188
188

273
273

149
149

191
191

19
19

317
317

3
3

15
15

244
244

1006
1006

216
216

1095
1095

631
631

123
123

1083
1083

537
537

955
955

150
150

41
41

209
209

553
553

211
211

448
448

167
167

225
225

771
771

230
230

266
266

422
422

201
201

436
436

370
370

299
299

390
390

991
991

335
335

625
625

570
570

233
233

1246
1246

529
529

90
90

218
218

627
627

806
806

502
502

210
210

161
161

245
245

97
97

548
548

582
582

537
537

61
61

137
137

487
487

383
383

527
527

176
176

482
482

461
461

729
729

244
244

294
294

137
137

502
502

429
429

53
53

158
158

655
655

619
619

782
782

469
469

193
193

6
6

218
218

595
595

71
71

545
545

257
257

57
57

333
333

249
249

561
561

210
210

219
219

61
61

82
82

470
470

522
522

480
480

212
212

507
507

510
510

547
547

739
739

23
23

230
230

236
236

167
167

274
274

620
620

144
144

390
390

223
223

768
768

36
36

40
40

119
119

209
209

703
703

195
195

218
218

316
316

244
244

1570
1570

263
263

265
265

85
85

1065
1065

554
554

460
460

553
553

1029
1029

711
711

204
204

272
272

850
850

868
868

774
774

67
67

552
552

527
527

5
5

222
222

550
550

694
694

244
244

167
167

753
753

182
181
Hate you Nigga

314
314

424
424

329
329

285
285

749
749

571
571

387
387

682
682

218
218

107
107

393
393

348
348

1258
1258

416
416

1248
1248

408
408

717
717

658
658

384
384

110
110

1644
1644

18
18

534
533
Hate you Nigga

668
668

383
383

512
512

980
980

306
306

120
120

693
693

602
602

730
730

181
181

662
662

125
125

239
239

1085
1085

492
492

327
327

47
47

381
381

407
407

161
161

174
174

530
530

264
264

433
433

428
428

556
556

11
11

427
427

512
512

371
371

25
25

240
240

123
123

377
377

61
61

1639
1639

314
314

85
85

417
417

347
347

38
38

266
266

652
652

164
164

387
387

114
114

141
141

1188
1188

249
249

1060
1060

400
400

1822
1822

68
68

120
120

414
414

99
99

1549
1549

756
756

587
587

6
6

1172
1172

1223
1223

329
329

352
352

1175
1175

242
242

294
294

319
319

463
463

385
385

370
370

590
590

348
348

262
262

1017
1017

61
61

414
414

19
19

383
383

571
571

115
115

898
898

391
391

375
375

46
46

43
43

267
267

40
40

1102
1102

484
484

748
748

53
53

61
61

638
638

1039
1039

380
380

260
260

433
433

14
14

482
482

64
64

476
476

37
37

161
161

1431
1431

191
191

339
339

215
215

268
268

809
809

417
417

275
275

174
174

594
594

388
388

210
210

341
341

413
413

56
56

172
172

280
280

960
960

690
690

439
439

1487
1487

53
53

337
337

48
48

58
58

140
140

148
148

119
119

261
261

456
456

1131
1131

451
451

183
183

681
681

59
59

1341
1341

368
368

164
164

143
143

627
627

393
393

328
328

508
508

70
70

1146
1146

347
347

511
511

369
369

51
51

290
290

242
242

385
385

207
207

623
623

295
295

24
24

531
531

305
305

125
125

245
245

13
13

54
54

308
308

193
193

451
451

301
301

594
594

372
372

517
517

112
112

450
450

328
328

435
435

176
176

537
537

114
114

222
222

13
13

567
567

100
100

144
144

650
650

358
358

286
286

314
314

440
440

21
21

316
316

545
545

318
318

1075
1075

466
466

19
19

241
241

570
570

276
276

141
141

367
367

774
774

1834
1834

504
504

173
173

667
667

9
9

829
829

419
419

190
190

477
477

12
12

454
454

73
73

67
67

272
272

8
8

109
109

999
999

400
400

731
731

20
20

237
237

1018
1018

636
636

441
441

1232
1232

752
752

8
8

158
158

495
495

20
20

167
167

514
514

334
334

473
473

30
30

53
53

921
921

142
142

261
261

450
450

1489
1489

102
102

414
414

739
739

111
111

116
116

286
286

69
69

555
555

180
180

138
138

77
77

650
650

212
212

450
450

734
734

111
111

713
713

435
435

1343
1343

952
952

27
27

285
285

739
739

7
7

1447
1447

19
19

1445
1445

1238
1238

367
367

431
431

545
545

406
406

793
793

296
296

451
451

539
539

696
696

48
48

729
729

96
96

361
361

653
653

699
699

823
823

673
673

274
274

383
383

180
180

270
270

286
286

119
119

269
269

754
754

400
400

1240
1240

329
329

160
160

848
848

7
7

192
192

714
714

319
319

264
264

80
80

579
579

212
212

48
48

139
139

506
506

209
209

682
682

323
323

603
603

562
562

47
47

570
570

588
588

584
584

60
60

23
23

507
507

244
244

521
521

14
14

10
10

163
163

421
421

639
639

580
580

477
477

169
169

763
763

278
278

876
876

207
207

85
85

464
464

139
139

189
189

8
8

36
36

135
135

1326
1326

395
395

43
43

180
180

616
616

316
316

506
506

5
5

269
269

663
663

935
935

167
167

301
301

300
300

284
284

175
175

358
358

659
659

339
339

226
226

571
571

395
395

362
362

320
320

254
254

41
41

209
209

10
10

130
130

433
433

214
214

653
653

786
786

765
765

53
53

587
587

377
377

142
142

62
62

389
389

863
863

642
642

1241
1241

523
523

137
137

473
473

117
117

1070
1070

859
859

604
604

697
697

496
496

710
710

1121
1121

507
507

349
349

93
93

222
222

118
118

133
133

805
805

2
2

205
205

402
402

271
271

249
249

91
91

326
326

159
159

1330
1330

431
431

64
64

1319
1319

742
742

1433
1433

1344
1344

53
53

993
993

238
238

245
245

879
879

896
896

272
272

1350
1350

450
450

280
280

325
325

302
302

466
466

8
8

517
517

275
275

846
846

214
214

98
98

727
727

247
247

154
154

5
5

694
694

348
348

181
181

600
600

437
437

53
53

1706
1706

1222
1222

860
860

238
238

189
189

43
43

450
450

226
226

721
721

65
65

219
219

127
127

543
543

832
832

1402
1402

77
77

235
235

594
594

497
497

1406
1406

1220
1220

327
327

198
198

561
561

493
493

347
347

432
432

598
598

539
539

400
400

70
70

427
427

762
762

198
198

582
582

176
176

60
60

1187
1187

545
545

521
521

375
375

172
172

1169
1169

105
105

315
315

514
514

818
818

228
228

219
219

285
285

848
848

768
768

85
85

394
394

339
339

417
417

938
938

425
425

620
620

328
328

32
32

344
344

224
224

163
163

179
179

469
469

564
564

210
210

252
252

549
549

244
244

604
604

668
668

569
569

182
182

523
523

112
112

296
296

308
308

369
369

1333
1333

144
144

472
472

98
98

529
529

414
414

29
29

696
696

34
34

601
601

40
40

382
382

474
474

20
20

602
602

136
136

142
142

92
92

772
772

20
20

1031
1031

204
204

1007
1007

26
26

674
674

178
178

528
528

446
446

243
243

1148
1148

422
422

297
297

17
17

536
536

223
223

412
412

143
143

296
296

949
949

196
196

18
18

490
490

930
930

157
157

325
325

539
539

870
870

108
108

471
471

704
704

1013
1013

1324
1324

1098
1098

455
455

59
59

1172
1172

596
596

316
316

150
150

134
134

432
432

347
347

398
398

483
483

246
246

888
888

1450
1450

496
496

388
388

150
150

762
762

479
479

628
628

575
575

90
90

454
454

95
95

164
164

106
106

288
288

176
176

1556
1556

496
496

323
323

224
224

26
26

675
675

112
112

142
142

392
392

600
600

810
810

617
617

191
191

88
88

626
626

52
52

329
329

395
395

736
736

382
382

781
781

1069
1069

157
157

673
673

102
102

43
43

185
185

547
547

373
373

74
74

552
552

595
595

443
443

369
369

319
319

285
285

14
14

311
311

760
760

1571
1571

284
284

1566
1566

406
406

254
254

896
896

17
17

1665
1665

97
97

866
866

12
12

16
16

573
573

310
310

184
184

107
107

597
597

1046
1046

279
279

1140
1140

482
482

118
118

270
270

509
509

271
271

1072
1072

1091
1091

76
76

297
297

292
292

761
761

468
468

386
386

1720
1720

141
141

102
102

138
138

478
478

223
223

53
53

370
370

733
733

282
282

262
262

310
310

464
464

200
200

297
297

773
773

40
40

352
352

308
308

609
609

1493
1493

196
196

410
410

389
389

782
782

775
775

113
113

192
192

27
27

162
162

230
230

208
208

235
235

111
111

702
702

11
11

104
104

231
231

88
88

307
307

242
242

298
298

205
205

126
126

26
26

53
53

36
36

700
700

823
823

197
197

49
49

121
121

331
331

21
21

435
435

307
307

344
344

387
387

165
165

989
989

363
363

306
306

284
284

313
313

233
233

481
481

108
108

442
442

263
263

237
237

7
7

306
306

1353
1353

165
165

693
693

177
177

767
767

323
323

60
60

675
675

581
581

105
105

1392
1392

606
606

281
281

100
100

407
407

347
347

998
998

240
240

249
249

40
40

506
506

38
38

290
290

609
609

583
583

1263
1263

151
151

4
4

458
458

533
533

182
182

414
414

33
33

564
564

305
305

563
563

247
247

1180
1180

545
545

134
134

85
85

665
665

371
371

684
684

533
533

264
264

240
240

508
508

700
700

197
197

160
160

507
507

791
791

208
208

512
512

109
109

53
53

60
60

842
842

330
330

406
406

236
236

602
602

206
206

585
585

171
171

1015
1015

184
184

102
102

290
290

139
139

1070
1070

189
189

904
904

668
668

65
65

228
228

70
70

585
585

204
204

324
324

654
654

620
620

610
610

550
550

73
73

1407
1407

56
56

464
464

167
167

598
598

110
110

174
174

170
170

1081
1081

215
215

462
462

275
275

94
94

290
290

466
466

178
178

200
200

586
586

215
215

248
248

395
395

4
4

237
237

270
270

393
393

151
151

143
143

1103
1103

365
365

1174
1174

719
719

981
981

731
731

584
584

1288
1288

1047
1047

492
492

269
269

642
642

558
558

326
326

363
363

154
154

858
858

705
705

330
330

246
246

347
347

25
25

218
218

494
494

89
89

1036
1036

489
489

445
445

75
75

372
372

836
836

303
303

829
829

42
42

537
537

775
775

650
650

238
238

458
458

116
116

57
57

283
283

197
197

1575
1575

278
278

16
16

699
699

88
88

115
115

999
999

887
887

93
93

125
125

293
293

720
720

170
170

433
433

54
54

510
510

821
821

502
502

259
259

454
454

420
420

618
618

188
188

298
298

82
82

385
385

185
185

298
298

780
780

60
60

2
2

49
49

77
77

1439
1439

731
731

1085
1085

492
492

592
592

71
71

586
586

526
526

1085
1085

246
246

253
253

315
315

438
438

309
309

1521
1521

668
668

8
8

302
302

1405
1405

167
167

167
167

669
669

359
359

34
34

1295
1295

74
74

59
59

35
35

15
15

113
113

514
514

608
608

48
48

290
290

610
610

11
11

165
165

643
643

112
112

1444
1444

714
714

1578
1578

529
529

44
44

33
33

250
250

1307
1307

276
276

76
76

814
814

308
308

137
137

496
496

142
142

182
182

551
551

50
50

752
752

212
212

423
423

278
278

102
102

412
412

618
618

32
32

587
587

367
367

49
49

446
446

186
186

42
42

1366
1366

219
219

51
51

32
32

508
508

421
421

1005
1005

181
181

287
287

1799
1799

651
651

339
339

769
769

461
461

100
100

130
130

470
470

130
130

610
610

188
188

300
300

97
97

503
503

271
271

428
428

86
86

998
998

398
398

1270
1270

49
49

517
517

107
107

38
38

170
170

745
745

1298
1298

575
575

164
164

234
234

126
126

32
32

1280
1280

27
27

137
137

279
279

753
753

476
476

612
612

1
1

94
94

453
453

243
243

120
120

95
95

390
390

132
132

503
503

84
84

739
739

274
274

540
540

359
359

441
441

14
14

540
540

413
413

315
315

237
237

1125
1125

243
243

12
12

380
380

869
869

1515
1515

792
792

443
443

685
685

44
44

810
810

1147
1147

254
254

170
170

253
253

1056
1056

511
511

23
23

555
555

288
288

238
238

592
592

1278
1278

827
827

654
654

1501
1501

621
621

154
154

846
846

703
703

385
385

423
423

519
519

402
402

35
35

581
581

297
297

141
141

1575
1575

111
111

203
203

1428
1428

466
466

55
55

1329
1329

254
254

43
43

169
169

315
315

387
387

313
313

497
497

108
108

567
567

1134
1134

436
436

13
13

464
464

568
568

55
55

439
439

445
445

269
269

499
499

150
150

1312
1312

875
875

316
316

1084
1084

483
483

241
241

93
93

466
466

246
246

94
94

293
293

462
462

84
84

310
310

359
359

354
354

473
473

346
346

434
434

898
898

235
235

764
764

396
396

142
142

200
200

1461
1461

391
391

762
762

684
684

76
76

813
813

1573
1573

87
87

441
441

324
324

196
196

141
141

529
529

705
705

30
30

1429
1429

292
292

696
696

37
37

439
439

186
186

362
362

142
142

22
22

402
402

273
273

354
354

242
242

795
795

84
84

429
429

135
135

275
275

782
782

896
896

164
164

462
462

1217
1217

254
254

211
211

1259
1259

52
52

489
489

203
203

355
355

661
661

491
491

101
101

562
562

373
373

485
485

173
173

376
376

237
237

233
233

232
232

730
730

596
596

469
469

289
289

1
1

102
102

1674
1674

141
141

285
285

497
497

688
688

680
680

691
691

405
405

1824
1824

517
517

75
75

348
348

348
348

1066
1066

248
248

532
532

447
447

78
78

218
218

434
434

3
3

26
26

487
487

122
122

253
253

296
296

623
623

84
84

630
630

692
692

57
57

411
411

666
666

1148
1148

391
391

144
144

641
641

723
723

7
7

8
8

180
180

526
526

27
27

149
149

513
513

24
24

540
540

395
395

429
429

565
565

4
4

651
651

279
279

1237
1237

148
148

126
126

417
417

35
35

395
395

391
391

127
127

62
62

558
558

172
172

481
481

500
500

552
552

203
203

534
534

89
89

717
717

318
318

462
462

101
101

468
468

690
690

516
516

1658
1658

582
582

28
28

270
270

1523
1523

309
309

402
402

705
705

580
580

419
419

807
807

11
11

120
120

163
163

461
461

591
591

358
358

179
179

43
43

578
578

86
86

769
769

404
404

47
47

177
177

800
800

1368
1368

62
62

206
206

493
493

133
133

30
30

933
933

303
303

3
3

80
80

65
65

209
209

286
286

65
65

382
382

538
538

535
535

418
418

1432
1432

274
274

66
66

53
53

220
220

170
170

285
285

112
112

584
584

757
757

1884
1884

499
499

71
71

380
380

72
72

550
550

464
464

946
946

1210
1210

184
184

667
667

230
230

219
219

133
133

431
431

69
69

398
398

189
189

682
682

350
350

444
444

156
156

221
221

353
353

262
262

79
79

531
531

169
169

1559
1559

22
22

770
770

529
529

1637
1637

210
210

197
197

152
152

540
540

282
282

154
154

114
114

1365
1365

102
102

56
56

93
93

47
47

145
145

279
279

796
796

99
99

340
340

45
45

21
21

97
97

19
19

345
345

19
19

1716
1716

1690
1690

354
354

384
384

789
789

872
872

399
399

87
87

1310
1310

213
213

292
292

38
38

40
40

38
38

1763
1763

271
271

441
441

287
287

263
263

171
171

700
700

63
63

481
481

61
61

272
272

694
694

574
574

1650
1650

313
313

475
475

487
487

27
27

310
310

207
207

883
883

41
41

293
293

327
327

12
12

176
176

226
226

113
113

313
313

713
713

1116
1116

343
343

239
239

90
90

1268
1268

416
416

40
40

330
330

301
301

711
711

1448
1448

413
413

157
157

41
41

170
170

524
524

2
2

128
128

853
853

475
475

466
466

454
454

57
57

560
560

77
77

1027
1027

60
60

333
333

273
273

469
469

424
424

1588
1588

832
832

1100
1100

137
137

106
106

663
663

34
34

96
96

896
896

591
591

1261
1261

470
470

271
271

197
197

408
408

54
54

1396
1396

401
401

1024
1024

465
465

459
459

92
92

367
367

468
468

173
173

18
18

90
90

139
139

426
426

555
555

214
214

308
308

282
282

1075
1075

289
289

712
712

1119
1119

73
73

243
243

492
492

379
379

42
42

725
725

34
34

101
101

17
17

208
208

458
458

963
963

700
700

363
363

150
150

299
299

478
478

310
310

110
110

211
211

447
447

385
385

68
68

749
749

218
218

721
721

66
66

195
195

21
21

217
217

21
21

667
667

332
332

161
161

602
602

192
192

432
432

1081
1081

1
1

741
741

87
87

325
325

65
65

52
52

430
430

153
153

660
660

699
699

765
765

312
312

257
257

301
301

996
996

1000
1000

463
463

518
518

171
171

1382
1382

214
214

419
419

486
486

25
25

496
496

584
584

52
52

498
498

161
161

353
353

618
618

365
365

241
241

300
300

192
192

162
162

968
968

271
271

528
528

249
249

284
284

53
53

1074
1074

1101
1101

215
215

437
437

430
430

208
208

371
371

542
542

731
731

477
477

35
35

203
203

195
195

83
83

527
527

770
770

521
521

457
457

249
249

1353
1353

1067
1067

71
71

664
664

531
531

373
373

310
310

483
483

28
28

74
74

411
411

6
6

99
99

487
487

428
428

630
630

426
426

106
106

39
39

812
812

416
416

1559
1559

1571
1571

477
477

407
407

240
240

171
171

1179
1179

179
179

186
186

1497
1497

652
652

360
360

923
923

166
166

22
22

832
832

124
124

469
469

502
502

320
320

409
409

781
781

780
780

1541
1541

267
267

789
789

695
695

265
265

798
798

538
538

268
268

290
290

204
204

706
706

48
48

472
472

527
527

716
716

1761
1761

730
730

305
305

338
338

140
140

570
570

637
637

415
415

171
171

584
584

649
649

227
227

955
955

810
810

29
29

575
575

19
19

396
396

42
42

495
495

106
106

47
47

376
376

251
251

66
66

1268
1268

21
21

129
129

427
427

188
188

531
531

954
954

462
462

244
244

1183
1183

661
661

219
219

1220
1220

494
494

466
466

660
660

1662
1662

1295
1295

344
344

1079
1079

210
210

431
431

225
225

98
98

131
131

390
390

42
42

123
123

9
9

388
388

299
299

330
330

180
180

1489
1489

155
155

27
27

43
43

415
415

287
287

95
95

124
124

1005
1005

163
163

628
628

1178
1178

23
23

159
159

599
599

1433
1433

266
266

112
112

531
531

32
32

483
483

129
129

320
320

119
119

117
117

325
325

256
256

23
23

750
750

90
90

1664
1664

199
199

141
141

327
327

304
304

348
348

313
313

22
22

50
50

179
179

297
297

1060
1060

586
586

516
516

324
324

691
691

158
158

590
590

300
300

594
594

1133
1133

438
438

533
533

1256
1256

866
866

478
478

360
360

167
167

203
203

136
136

419
419

227
227

430
430

686
686

111
111

1108
1108

731
731

35
35

258
258

1361
1361

304
304

633
633

1621
1621

559
559

129
129

1495
1495

204
204

321
321

429
429

97
97

468
468

24
24

441
441

360
360

364
364

1630
1630

536
536

301
301

127
127

877
877

1118
1118

1445
1445

344
344

2
2

210
210

97
97

41
41

817
817

271
271

53
53

551
551

405
405

413
413

29
29

735
735

762
762

456
456

372
372

688
688

486
486

476
476

372
372

1301
1301

491
491

50
50

384
384

260
260

371
371

751
751

59
59

406
406

441
441

369
369

37
37

6
6

627
627

581
581

539
539

300
300

784
784

480
480

430
430

14
14

253
253

555
555

235
235

8
8

76
76

306
306

261
261

99
99

462
462

244
244

841
841

297
297

635
635

292
292

12
12

836
836

1093
1093

1431
1431

180
180

13
13

8
8

410
410

10
10

143
143

40
40

43
43

270
270

30
30

173
173

450
450

204
204

65
65

420
420

349
349

1125
1125

93
93

220
220

186
186

592
592

158
158

777
777

337
337

512
512

429
429

100
100

321
321

139
139

212
212

163
163

1243
1243

314
314

1024
1024

344
344

371
371

648
648

201
201

487
487

599
599

357
357

716
716

738
738

571
571

689
689

517
517

463
463

578
578

827
827

33
33

53
53

330
330

44
44

166
166

496
496

827
827

302
302

379
379

1121
1121

170
170

303
303

343
343

126
126

370
370

187
187

34
34

20
20

877
877

0
0

432
432

512
512

145
145

48
48

529
529

111
111

1080
1080

1551
1551

671
671

346
346

59
59

881
881

584
584

302
302

32
32

501
501

444
444

247
247

1045
1045

269
269

360
360

758
758

214
214

1175
1175

1041
1041

38
38

189
189

301
301

107
107

116
116

622
622

486
486

728
728

485
485

61
61

273
273

38
38

1403
1403

304
304

447
447

90
90

434
434

297
297

226
226

438
438

422
422

220
220

340
340

308
308

28
28

1468
1468

580
580

494
494

449
449

454
454

336
336

382
382

227
227

936
936

315
315

479
479

605
605

192
192

435
435

550
550

614
614

74
74

234
234

475
475

556
556

405
405

442
442

282
282

257
257

383
383

533
533

757
757

1650
1650

606
606

511
511

479
479

535
535

1067
1067

589
589

737
737

304
304

43
43

888
888

385
385

812
812

962
962

376
376

640
640

681
681

300
300

11
11

758
758

478
478

477
477

1007
1007

210
210

310
310

99
99

25
25

78
78

41
41

550
550

213
213

446
446

1414
1414

316
316

421
421

15
15

204
204

24
24

624
624

628
628

772
772

289
289

247
247

62
62

356
356

149
149

791
791

1389
1389

436
436

253
253

34
34

5
5

264
264

178
178

349
349

239
239

136
136

60
60

603
603

36
36

149
149

469
469

842
842

461
461

208
208

428
428

558
558

228
228

846
846

816
816

1419
1419

186
186

19
19

204
204

222
222

832
832

549
549

758
758

1259
1259

300
300

345
345

170
170

1353
1353

229
229

51
51

585
585

1288
1288

14
14

34
34

213
213

168
168

593
593

95
95

74
74

795
795

392
392

234
234

390
390

189
189

113
113

171
171

310
310

1807
1807

847
847

148
148

688
688

190
190

268
268

618
618

66
66

125
125

104
104

568
568

605
605

29
29

325
325

138
138

31
31

6
6

300
300

9
9

12
12

396
396

326
326

93
93

535
535

612
612

300
300

397
397

269
269

712
712

7
7

694
694

299
299

579
579

116
116

19
19

673
673

145
145

1134
1134

626
626

29
29

307
307

1318
1318

671
671

335
335

11
11

96
96

261
261

613
613

249
249

280
280

751
751

314
314

292
292

1059
1059

413
413

749
749

334
334

581
581

351
351

174
174

311
311

559
559

288
288

238
238

681
681

14
14

164
164

184
184

79
79

167
167

76
76

176
176

721
721

1359
1359

702
702

482
482

125
125

299
299

446
446

22
22

528
528

209
209

179
179

637
637

3
3

519
519

265
265

147
147

533
533

1083
1083

10
10

657
657

286
286

324
324

472
472

50
50

865
865

431
431

1664
1664

993
993

109
109

97
97

317
317

1253
1253

117
117

215
215

693
693

457
457

131
131

312
312

148
148

232
232

645
645

456
456

458
458

50
50

568
568

173
173

342
342

603
603

606
606

8
8

657
657

126
126

81
81

1229
1229

189
189

229
229

74
74

473
473

386
386

58
58

1416
1416

262
262

570
570

58
58

290
290

313
313

55
55

712
712

648
648

386
386

113
113

146
146

168
168

121
121

966
966

1150
1150

607
607

728
728

978
978

1297
1297

380
380

149
149

195
195

650
650

253
253

223
223

941
941

338
338

322
322

0
0

685
685

283
283

340
340

177
177

250
250

548
548

1258
1258

495
495

601
601

282
282

323
323

13
13

102
102

234
234

43
43

147
147

131
131

314
314

1697
1697

586
586

220
220

513
513

359
359

574
574

958
958

61
61

467
467

378
378

730
730

469
469

608
608

413
413

121
121

75
75

508
508

360
360

254
254

782
782

64
64

633
633

146
146

550
550

633
633

404
404

388
388

347
347

139
139

203
203

127
127

96
96

335
335

164
164

66
66

372
372

373
373

862
862

1
1

131
131

247
247

174
174

161
161

33
33

442
442

98
98

273
273

659
659

605
605

44
44

108
108

523
523

197
197

70
70

57
57

807
807

211
211

572
572

288
288

80
80

154
154

309
309

126
126

108
108

1488
1488

532
532

198
198

111
111

319
319

1407
1407

188
188

824
824

112
112

839
839

585
585

473
473

373
373

300
300

62
62

714
714

106
106

63
63

39
39

148
148

364
364

91
91

53
53

432
432

1321
1321

566
566

300
300

7
7

480
480

800
800

645
645

79
79

256
256

998
998

117
117

72
72

391
391

289
289

784
784

417
417

932
932

189
189

92
92

78
78

51
51

6
6

5
5

93
93

47
47

1310
1310

162
162

127
127

431
431

324
324

1536
1536

573
573

128
128

30
30

681
681

448
448

119
119

144
144

130
130

749
749

935
935

1159
1159

750
750

145
145

251
251

805
805

121
121

414
414

12
12

667
667

6
6

635
635

568
568

414
414

87
87

501
501

328
328

301
301

237
237

242
242

77
77

332
332

207
207

378
378

380
380

357
357

547
547

29
29

427
427

215
215

126
126

80
80

479
479

525
525

845
845

269
269

47
47

632
632

265
265

1212
1212

154
154

257
257

212
212

196
196

356
356

434
434

616
616

797
797

296
296

62
62

131
131

613
613

597
597

473
473

747
747

637
637

227
227

545
545

1
1

100
100

809
809

549
549

91
91

1185
1185

787
787

327
327

141
141

139
139

140
140

839
839

165
165

438
438

298
298

241
241

176
176

435
435

250
250

1126
1126

449
449

215
215

260
260

175
175

342
342

173
173

1368
1368

625
625

79
79

651
651

1270
1270

395
395

361
361

244
244

303
303

162
162

11
11

61
61

163
163

1045
1045

397
397

61
61

259
259

393
393

160
160

316
316

399
399

152
152

1081
1081

454
454

284
284

804
804

15
15

273
273

72
72

38
38

288
288

900
900

287
287

404
404

224
224

1382
1382

371
371

407
407

228
228

311
311

86
86

426
426

83
83

156
156

537
537

145
145

1225
1225

1244
1244

23
23

74
74

465
465

665
665

229
229

508
508

1139
1139

387
387

386
386

760
760

231
231

184
184

157
157

637
637

364
364

62
62

512
512

662
662

497
497

395
395

292
292

150
150

157
157

413
413

309
309

348
348

1
1

298
298

508
508

630
630

438
438

218
218

506
506

117
117

101
101

179
179

779
779

97
97

604
604

122
122

500
500

817
817

145
145

321
321

651
651

399
399

436
436

150
150

326
326

493
493

172
172

234
234

816
816

648
648

688
688

466
466

318
318

353
353

584
584

1025
1025

389
389

345
345

77
77

556
556

596
596

610
610

153
153

452
452

1072
1072

264
264

560
560

113
113

15
15

1490
1490

1
1

690
690

209
209

18
18

333
333

329
329

138
138

305
305

1061
1061

1006
1006

86
86

664
664

86
86

69
69

100
100

500
500

276
276

864
864

136
136

490
490

530
530

472
472

218
218

247
247

576
576

351
351

140
140

854
854

726
726

37
37

741
741

709
709

533
533

552
552

438
438

275
275

1036
1036

80
80

326
326

143
143

395
395

1211
1211

598
598

341
341

214
214

239
239

344
344

109
109

48
48

617
617

55
55

46
46

283
283

3
3

739
739

547
547

627
627

224
224

339
339

652
652

757
757

893
893

270
270

165
165

8
8

292
292

388
388

273
273

330
330

1635
1635

123
123

198
198

647
647

416
416

82
82

310
310

786
786

31
31

994
994

193
193

1334
1334

377
377

629
629

430
430

391
391

593
593

257
257

393
393

744
744

237
237

162
162

20
20

88
88

327
327

143
143

205
205

187
187

187
187

148
148

709
709

202
202

381
381

58
58

1201
1201

256
256

258
258

579
579

114
114

297
297

1138
1138

242
242

107
107

673
673

226
226

374
374

2
2

34
34

670
670

146
146

352
352

835
835

790
790

771
771

417
417

496
496

909
909

504
504

62
62

319
319

248
248

201
201

83
83

340
340

332
332

533
533

700
700

600
600

873
873

209
209

15
15

515
515

12
12

22
22

240
240

935
935

855
855

819
819

219
219

254
254

88
88

333
333

257
257

606
606

435
435

493
493

55
55

461
461

1257
1257

1157
1157

265
265

63
63

196
196

529
529

307
307

165
165

1290
1290

57
57

28
28

158
158

366
366

164
164

1422
1422

157
157

815
815

173
173

36
36

394
394

1141
1141

645
645

847
847

93
93

238
238

47
47

101
101

234
234

351
351

698
698

5
5

662
662

150
150

94
94

1350
1350

1113
1113

70
70

231
231

484
484

309
309

356
356

913
913

162
162

365
365

521
521

549
549

473
473

164
164

253
253

371
371

9
9

755
755

270
270

111
111

322
322

275
275

551
551

14
14

169
169

6
6

461
461

324
324

614
614

180
180

448
448

117
117

397
397

547
547

74
74

223
223

1469
1469

1362
1362

161
161

252
252

110
110

511
511

31
31

104
104

14
14

222
222

476
476

619
619

49
49

189
189

430
430

6
6

63
63

83
83

226
226

256
256

260
260

883
883

413
413

39
39

764
764

519
519

318
318

245
245

739
739

106
106

92
92

363
363

162
162

201
201

255
255

12
12

47
47

180
180

593
593

514
514

533
533

226
226

7
7

169
169

335
335

262
262

638
638

35
35

111
111

358
358

358
358

85
85

1539
1539

367
367

581
581

40
40

1190
1190

230
230

544
544

15
15

568
568

402
402

135
135

152
152

79
79

1391
1391

331
331

411
411

671
671

819
819

1392
1391
Hate you Nigga

490
490

322
322

71
71

18
18

501
501

128
128

820
820

1358
1358

220
220

308
308

130
130

158
158

206
206

217
217

97
97

116
116

160
160

471
471

648
648

52
52

172
172

574
574

235
235

277
277

818
818

1278
1278

273
273

333
333

95
95

736
736

653
653

533
533

200
200

197
197

192
192

14
14

547
547

26
26

651
651

334
334

280
280

1279
1279

231
231

459
459

104
104

227
227

1620
1620

403
403

307
307

532
532

655
655

62
62

237
237

328
328

674
674

129
129

29
29

295
295

283
283

307
307

95
95

791
791

70
70

934
934

574
574

754
754

88
88

712
712

496
496

219
219

1462
1462

272
272

562
562

243
243

185
185

28
28

234
234

804
804

418
418

1139
1139

591
591

662
662

1371
1371

535
535

617
617

273
273

557
557

158
158

955
955

166
166

668
668

263
263

150
150

1054
1054

496
496

370
370

696
696

587
587

247
247

438
438

587
587

141
141

503
503

1781
1781

547
547

331
331

998
998

794
794

427
427

666
666

914
914

1217
1217

167
167

278
278

1030
1030

9
9

78
78

661
661

357
357

312
312

22
22

224
224

758
758

333
333

211
211

351
351

18
18

330
330

42
42

106
106

58
58

64
64

37
37

120
120

26
26

227
227

850
850

73
73

640
640

177
177

110
110

251
251

922
922

1519
1519

924
924

1649
1649

896
896

135
135

129
129

116
116

129
129

109
109

468
468

471
471

358
358

306
306

317
317

210
210

65
65

47
47

365
365

551
551

196
196

476
476

69
69

101
101

295
295

933
933

1014
1014

264
264

653
653

458
458

101
101

1087
1087

461
461

250
250

1054
1054

368
368

347
347

44
44

667
667

268
268

87
87

633
633

451
451

526
526

1
1

513
513

378
378

994
994

224
224

779
779

137
137

1111
1111

110
110

46
46

256
256

71
71

483
483

1364
1364

430
430

162
162

226
226

7
7

250
250

401
401

1
1

6
6

1534
1534

216
216

131
131

629
629

538
538

582
582

400
400

24
24

268
268

542
542

42
42

563
563

125
125

162
162

200
200

82
82

482
482

574
574

27
27

428
428

1572
1572

351
351

312
312

80
80

80
80

386
386

1164
1164

357
357

1254
1254

428
428

333
333

551
551

90
90

254
254

54
54

1215
1215

94
94

118
118

403
403

16
16

695
695

1142
1142

84
84

301
301

156
156

55
55

643
643

809
809

63
63

1516
1516

28
28

757
757

633
633

112
112

827
827

360
360

470
470

76
76

371
371

592
592

1145
1145

267
267

1316
1316

37
37

729
729

14
14

223
223

407
407

1480
1480

346
346

226
226

1157
1157

160
160

112
112

32
32

260
260

182
182

24
24

702
702

312
312

370
370

357
357

513
513

419
419

528
528

404
404

83
83

320
320

391
391

549
549

248
248

932
932

645
645

127
127

99
99

345
345

662
662

24
24

273
273

182
182

250
250

1504
1504

993
993

427
427

377
377

178
178

242
242

1395
1395

228
228

114
114

462
462

351
351

265
265

429
429

446
446

338
338

231
231

450
450

524
524

950
950

23
23

229
229

66
66

817
817

317
317

126
126

667
667

640
640

329
329

55
55

253
253

136
136

659
659

1010
1010

1502
1502

617
617

470
470

777
777

44
44

284
284

973
973

1118
1118

14
14

138
138

709
709

73
73

98
98

540
540

236
236

24
24

144
144

661
661

279
279

15
15

42
42

85
85

753
753

880
880

653
653

837
837

618
618

274
274

256
256

77
77

652
652

1295
1295

224
224

874
874

1240
1240

477
477

855
855

250
250

1320
1320

355
355

5
5

256
256

387
387

110
110

103
103

331
331

1521
1521

111
111

303
303

148
148

1306
1306

397
397

32
32

276
276

776
776

492
492

819
819

202
202

649
649

85
85

79
79

596
596

625
625

206
206

566
566

455
455

244
244

656
656

1153
1153

490
490

33
33

177
177

1156
1156

155
155

57
57

149
149

139
139

639
639

1150
1150

654
654

849
849

38
38

32
32

420
420

345
345

410
410

259
259

1032
1032

329
329

2
2

380
380

69
69

225
225

249
249

477
477

1301
1301

242
242

1688
1688

892
892

138
138

369
369

674
674

393
393

312
312

217
217

38
38

195
195

17
17

8
8

339
339

60
60

126
126

795
795

157
157

786
786

1002
1002

410
410

151
151

432
432

658
658

90
90

319
319

114
114

63
63

255
255

313
313

462
462

68
68

359
359

284
284

773
773

571
571

40
40

648
648

800
800

451
451

250
250

171
171

333
333

223
223

241
241

514
514

245
245

837
837

147
147

24
24

182
182

575
575

151
151

611
611

1194
1194

836
836

744
744

545
545

36
36

437
437

304
304

173
173

478
478

111
111

327
327

543
543

448
448

190
190

271
271

963
963

619
619

214
214

485
485

1023
1023

77
77

525
525

689
689

18
18

75
75

69
69

344
344

340
340

6
6

271
271

160
160

358
358

225
225

113
113

259
259

273
273

134
134

248
248

1292
1292

10
10

1221
1221

228
228

18
18

271
271

397
397

385
385

8
8

726
726

496
496

712
712

23
23

323
323

550
550

54
54

15
15

138
138

712
712

228
228

84
84

382
382

1436
1436

518
518

1542
1542

363
363

25
25

1534
1534

175
175

300
300

423
423

59
59

848
848

367
367

314
314

629
629

688
688

58
58

287
287

231
231

1777
1777

998
998

254
254

276
276

655
655

1859
1859

368
368

127
127

160
160

186
186

63
63

1054
1054

223
223

317
317

449
449

422
422

2
2

40
40

366
366

608
608

438
438

1316
1316

595
595

549
549

373
373

243
243

567
567

530
530

217
217

496
496

106
106

198
198

102
102

188
188

699
699

60
60

185
185

228
228

1008
1008

320
320

65
65

1168
1168

465
465

193
193

74
74

120
120

140
140

989
989

704
704

215
215

241
241

141
141

550
550

606
606

410
410

447
447

524
524

1113
1113

1017
1017

413
413

401
401

1673
1673

14
14

1044
1044

190
190

638
638

846
846

95
95

268
268

752
752

54
54

1648
1648

1200
1200

387
387

72
72

1437
1437

370
370

809
809

387
387

513
513

136
136

31
31

19
19

191
191

222
222

245
245

554
554

344
344

521
521

79
79

637
637

243
243

186
186

724
724

125
125

521
521

1175
1175

964
964

110
110

200
200

1699
1699

286
286

178
178

345
345

169
169

199
199

369
369

607
607

177
177

590
590

370
370

79
79

241
241

250
250

595
595

388
388

249
249

366
366

1034
1034

646
646

270
270

709
709

81
81

1079
1079

717
717

596
596

606
606

27
27

62
62

1447
1447

131
131

615
615

547
547

101
101

235
235

262
262

698
698

36
36

152
152

544
544

427
427

833
833

79
79

164
164

18
18

472
472

634
634

546
546

366
366

229
229

700
700

20
20

103
103

203
203

125
125

35
35

526
526

1226
1226

611
611

614
614

556
556

594
594

83
83

579
579

429
429

466
466

369
369

1655
1655

837
837

159
159

622
622

205
205

276
276

539
539

379
379

138
138

208
208

219
219

185
185

130
130

17
17

358
358

1034
1034

1336
1336

149
149

28
28

124
124

520
520

772
772

219
219

92
92

40
40

181
181

488
488

559
559

1353
1353

308
308

508
508

50
50

339
339

259
259

715
715

163
163

462
462

1029
1029

257
257

1006
1006

699
699

125
125

685
685

119
119

302
302

665
665

253
253

501
501

307
307

709
709

790
790

253
253

429
429

323
323

380
380

83
83

241
241

677
677

167
167

401
401

417
417

1132
1132

515
515

634
634

609
609

137
137

798
798

125
125

444
444

1282
1282

13
13

548
548

693
693

750
750

212
212

371
371

340
340

1557
1557

223
223

1351
1351

219
219

267
267

62
62

131
131

486
486

451
451

434
434

174
174

493
493

292
292

230
230

455
455

29
29

737
737

707
707

367
367

402
402

61
61

1308
1308

744
744

155
155

679
679

393
393

647
647

793
793

71
71

535
535

723
723

348
348

219
219

540
540

735
735

55
55

16
16

119
119

133
133

569
569

1026
1026

662
662

114
114

804
804

120
120

88
88

184
184

150
150

365
365

455
455

690
690

795
795

51
51

298
298

94
94

67
67

1129
1129

206
206

757
757

335
335

486
486

155
155

170
170

173
173

826
826

912
912

1
1

313
313

410
410

252
252

29
29

48
48

319
319

1060
1060

145
145

242
242

478
478

259
259

704
704

438
438

708
708

123
123

255
255

556
556

766
766

89
89

1047
1047

223
223

59
59

68
68

23
23

379
379

640
640

3
3

1159
1159

329
329

33
33

429
429

157
157

35
35

96
96

1079
1079

434
434

507
507

871
871

971
971

5
5

385
385

250
250

696
696

213
213

40
40

206
206

969
969

1283
1283

988
988

89
89

949
949

105
105

104
104

762
762

766
766

208
208

409
409

28
28

819
819

1224
1224

700
700

79
79

825
825

88
88

467
467

1348
1348

263
263

409
409

664
664

256
256

364
364

426
426

179
179

69
69

612
612

344
344

317
317

386
386

6
6

201
201

1271
1271

194
194

589
589

708
708

593
593

562
562

360
360

597
597

27
27

372
372

505
505

176
176

429
429

428
428

1340
1340

647
647

738
738

375
375

342
342

178
178

481
481

138
138

389
389

63
63

129
129

335
335

228
228

65
65

112
112

804
804

822
822

806
806

773
773

1584
1584

438
438

722
722

230
230

257
257

352
352

1300
1300

1241
1241

667
667

588
588

286
286

555
555

1033
1033

120
120

55
55

321
321

129
129

171
171

194
194

52
52

363
363

310
310

682
682

879
879

715
715

2
2

48
48

116
116

246
246

994
994

196
196

154
154

1061
1061

305
305

499
499

173
173

37
37

202
202

49
49

37
37

95
95

637
637

133
133

82
82

359
359

332
332

682
682

436
436

159
159

599
599

1510
1510

446
446

678
678

10
10

1015
1015

781
781

732
732

164
164

1360
1360

19
19

873
873

413
413

651
651

150
150

511
511

430
430

137
137

131
131

711
711

450
450

466
466

1576
1576

1806
1806

571
571

385
385

587
587

291
291

1295
1295

527
527

924
924

712
712

636
636

526
526

406
406

826
826

605
605

443
443

623
623

127
127

937
937

839
839

526
526

383
383

380
380

265
265

144
144

151
151

745
745

323
323

90
90

785
785

363
363

230
230

657
657

855
855

338
338

523
523

757
757

175
175

160
160

478
478

810
810

298
298

354
354

131
131

55
55

380
380

539
539

1265
1265

24
24

340
340

195
195

149
149

286
286

77
77

69
69

149
149

514
514

2
2

383
383

289
289

189
189

601
601

311
311

808
808

48
48

469
469

858
858

585
585

1499
1499

631
631

1269
1269

129
129

112
112

968
968

566
566

362
362

657
657

24
24

42
42

569
569

99
99

12
12

641
641

628
628

415
415

631
631

22
22

445
445

214
214

576
576

568
568

1227
1227

749
749

755
755

523
523

62
62

792
792

189
188
Hate you Nigga

521
521

351
351

322
322

352
352

1356
1356

186
186

54
54

95
95

621
621

10
10

91
91

631
631

219
219

52
52

1179
1179

371
371

155
155

273
273

5
5

258
258

81
81

157
157

264
264

44
44

595
595

16
16

582
582

48
48

112
112

246
246

555
555

129
129

184
184

138
138

214
214

217
217

72
72

86
86

186
186

225
225

78
78

216
216

268
268

357
357

1301
1301

853
853

415
415

1225
1225

289
289

217
217

802
802

53
53

52
52

82
82

416
416

74
74

235
235

507
507

470
470

254
254

101
101

951
951

1269
1269

148
148

676
676

411
411

162
162

562
562

190
190

340
340

641
641

202
202

208
208

173
173

84
84

9
9

169
169

252
252

275
275

91
91

434
434

1811
1811

397
397

885
885

188
188

70
70

119
119

1109
1109

201
201

174
174

5
5

496
496

52
52

75
75

600
600

71
71

948
948

145
145

595
595

76
76

164
164

404
404

596
596

434
434

6
6

82
82

695
695

1217
1217

28
28

430
430

1265
1265

521
521

462
462

258
258

10
10

61
61

145
145

203
203

13
13

5
5

905
905

1452
1452

63
63

138
138

262
262

107
107

1486
1486

916
916

323
323

208
208

88
88

120
120

182
182

355
355

281
281

348
348

282
282

648
648

1520
1520

10
10

588
588

259
259

670
670

119
119

428
428

256
256

328
328

758
758

554
554

215
215

1264
1264

817
817

1014
1014

433
433

124
124

58
58

28
28

247
247

680
680

252
252

301
301

232
232

78
78

388
388

25
25

502
502

472
472

215
215

53
53

57
57

16
16

1129
1129

198
198

324
324

438
438

131
131

125
125

138
138

396
396

344
344

492
492

411
411

233
233

911
911

357
357

100
100

26
26

5
5

430
430

525
525

109
109

578
578

390
390

464
464

380
380

645
645

844
844

1561
1561

109
109

134
134

599
599

312
312

1205
1205

406
406

197
197

295
295

421
421

378
378

877
877

456
456

75
75

153
153

72
72

37
37

13
13

585
585

220
220

327
327

587
587

384
384

560
560

137
137

400
400

462
462

558
558

411
411

679
679

583
583

104
104

439
439

319
319

693
693

724
724

1142
1142

1111
1111

80
80

732
732

68
68

200
200

39
39

61
61

115
115

441
441

718
718

747
747

342
342

859
859

32
32

12
12

198
198

663
663

457
457

11
11

854
854

62
62

3
3

577
577

393
393

172
172

103
103

169
169

1049
1049

177
177

443
443

580
580

538
538

270
270

75
75

940
940

54
54

751
751

528
528

538
538

46
46

174
174

34
34

156
156

27
27

846
846

124
124

186
186

850
850

798
798

498
498

770
770

842
842

410
410

34
34

1029
1029

47
47

67
67

834
834

675
675

279
279

721
721

120
120

114
114

180
180

520
520

937
937

102
102

741
741

241
241

231
231

809
809

1078
1078

316
316

74
74

336
336

535
535

20
20

417
417

792
792

106
106

219
219

15
15

544
544

84
84

80
80

676
676

838
838

229
229

90
90

405
405

348
348

194
194

504
504

252
252

349
349

640
640

1424
1424

531
531

68
68

634
634

187
187

559
559

734
734

266
266

95
95

19
19

233
233

24
24

45
45

463
463

143
143

860
860

285
285

394
394

250
250

93
93

151
151

1169
1169

392
392

103
103

1709
1709

405
405

638
638

846
846

290
290

308
308

28
28

58
58

1103
1103

665
665

497
497

45
45

7
7

692
692

313
313

271
271

975
975

165
165

216
216

130
130

842
842

414
414

984
984

626
626

496
496

122
122

72
72

56
56

608
608

534
534

118
118

97
97

304
304

460
460

132
132

239
239

334
334

41
41

225
225

475
475

446
446

628
628

547
547

87
87

905
905

4
4

249
249

1338
1338

293
293

397
397

482
482

303
303

251
251

711
711

159
159

892
892

273
273

151
151

136
136

158
158

100
100

847
847

190
190

324
324

266
266

27
27

99
99

491
491

289
289

603
603

686
686

487
487

575
575

1136
1136

528
528

83
83

112
112

426
426

415
415

302
302

769
769

280
280

46
46

220
220

1012
1012

363
363

1527
1527

321
321

53
53

319
319

356
356

205
205

552
552

209
209

543
543

926
926

649
649

192
192

641
641

67
67

553
553

462
462

563
563

65
65

503
503

728
728

486
486

129
129

392
392

1595
1595

140
140

976
976

254
254

241
241

68
68

344
344

124
124

637
637

302
302

9
9

651
651

52
52

620
620

1458
1458

92
92

675
675

1014
1014

1193
1193

32
32

230
230

699
699

645
645

99
99

164
164

205
205

340
340

429
429

1226
1226

746
746

195
195

121
121

378
378

1116
1116

654
654

161
161

766
766

9
9

574
574

154
154

302
302

478
478

203
203

113
113

343
343

194
194

579
579

328
328

188
188

370
370

8
8

109
109

400
400

879
879

257
257

697
697

944
944

1145
1145

749
749

356
356

275
275

167
167

311
311

204
204

563
563

172
172

739
739

301
301

590
590

106
106

732
732

315
315

223
223

133
133

261
261

498
498

248
248

824
824

251
251

197
197

1184
1184

189
189

67
67

59
59

1026
1026

541
541

532
532

98
98

664
664

215
215

56
56

677
677

220
220

27
27

474
474

27
27

493
493

223
223

671
671

360
360

275
275

691
691

168
168

701
701

556
556

394
394

641
641

269
269

1341
1341

174
174

505
505

124
124

340
340

282
282

238
238

95
95

517
517

130
130

741
741

56
56

1603
1603

525
525

62
62

512
512

60
60

365
365

191
191

403
403

599
599

200
200

1333
1333

621
621

250
250

132
132

106
106

853
853

468
468

4
4

581
581

309
309

47
47

1195
1195

261
261

1457
1457

304
304

60
60

666
666

2
2

30
30

35
35

182
182

311
311

910
910

1828
1828

1209
1209

132
132

146
146

44
44

702
702

163
163

111
111

1202
1202

1132
1132

408
408

412
412

272
272

535
535

184
184

214
214

297
297

142
142

322
322

112
112

457
457

453
453

520
520

181
181

13
13

213
213

58
58

540
540

492
492

321
321

126
126

464
464

103
103

1046
1046

203
203

617
617

592
592

406
406

756
756

195
195

228
228

533
533

591
591

168
168

42
42

195
195

66
66

450
450

460
460

688
688

436
436

250
250

340
340

175
175

307
307

182
182

624
624

483
483

915
915

547
547

153
153

1347
1347

740
740

31
31

567
567

143
143

959
959

779
779

253
253

138
138

134
134

241
241

532
532

69
69

830
830

404
404

388
388

491
491

232
232

331
331

196
196

351
351

324
324

778
778

492
492

260
260

223
223

978
978

175
175

228
228

459
459

1366
1366

626
626

951
951

1335
1335

286
286

600
600

187
187

930
930

53
53

339
339

595
595

439
439

338
338

333
333

227
227

483
483

187
187

1141
1141

228
228

1284
1284

219
219

60
60

10
10

1506
1506

576
576

80
80

136
136

32
32

228
228

63
63

443
443

326
326

84
84

865
865

6
6

167
167

279
279

736
736

324
324

187
187

482
482

63
63

758
758

105
105

31
31

640
640

743
743

1076
1076

884
884

129
129

1210
1210

777
777

509
509

498
498

187
187

204
204

498
498

1207
1207

604
604

392
392

345
345

101
101

119
119

294
294

577
577

239
239

905
905

588
588

100
100

711
711

574
574

293
293

596
596

497
497

30
30

93
93

79
79

30
30

70
70

216
216

277
277

352
352

711
711

20
20

504
504

520
520

698
698

1524
1524

77
77

116
116

156
156

604
604

69
69

278
278

366
366

103
103

642
642

299
299

123
123

102
102

603
603

26
26

896
896

90
90

209
209

396
396

444
444

155
155

439
439

359
359

233
233

336
336

759
759

86
86

150
150

158
158

437
437

504
504

999
999

430
430

238
238

58
58

573
573

1215
1215

153
153

255
255

331
331

268
268

1080
1080

144
144

595
595

362
362

429
429

266
266

1168
1168

13
13

401
401

1236
1236

254
254

176
176

1137
1137

527
527

834
834

97
97

221
221

28
28

739
739

244
244

340
340

333
333

623
623

620
620

692
692

218
218

217
217

1171
1171

457
457

366
366

39
39

79
79

420
420

778
778

31
31

166
166

360
360

58
58

173
173

191
191

343
343

167
167

760
760

603
603

286
286

584
584

310
310

787
787

74
74

167
167

232
232

264
264

499
499

488
488

271
271

145
145

28
28

270
270

60
60

560
560

65
65

4
4

13
13

665
665

587
587

191
191

559
559

111
111

1336
1336

572
572

346
346

228
228

175
175

667
667

427
427

294
294

962
962

398
398

158
158

238
238

570
570

39
39

828
828

635
635

693
693

363
363

1210
1210

250
250

218
218

353
353

228
228

139
139

119
119

407
407

138
138

428
428

595
595

153
153

1087
1087

467
467

637
637

398
398

436
436

429
429

1009
1009

148
148

1102
1102

456
456

5
5

143
143

590
590

589
589

1137
1137

8
8

298
298

668
668

573
573

642
642

868
868

102
102

611
611

142
142

589
589

157
157

129
129

1068
1068

473
473

166
166

203
203

621
621

702
702

54
54

295
295

111
111

85
85

51
51

73
73

557
557

54
54

138
138

466
466

469
469

650
650

237
237

730
730

487
487

2
2

1649
1649

3
3

163
163

823
823

197
197

288
288

653
653

194
194

986
986

829
829

177
177

370
370

399
399

118
118

342
342

988
988

96
96

732
732

860
860

426
426

712
712

708
708

1032
1032

113
113

552
552

445
445

523
523

143
143

102
102

169
169

394
394

168
168

54
54

1506
1506

607
607

225
225

720
720

250
250

950
950

270
270

503
503

598
598

1442
1442

818
818

359
359

325
325

94
94

264
264

570
570

220
220

1610
1610

273
273

34
34

624
624

506
506

897
897

222
222

105
105

84
84

531
531

34
34

162
162

264
264

534
534

584
584

419
419

238
238

817
817

134
134

689
689

173
173

1
1

15
15

922
922

568
568

47
47

362
362

307
307

442
442

338
338

418
418

603
603

619
619

423
423

442
442

77
77

479
479

612
612

37
37

285
285

473
473

456
456

634
634

77
77

358
358

592
592

642
642

116
116

19
19

272
272

319
319

280
280

64
64

163
163

559
559

1284
1284

368
368

276
276

444
444

474
474

246
246

516
516

428
428

364
364

471
471

577
577

64
64

406
406

187
187

1222
1222

263
263

610
610

58
58

576
576

13
13

290
290

57
57

177
177

607
607

37
37

127
127

751
751

470
470

457
457

201
201

129
129

1308
1308

63
63

221
221

48
48

192
192

305
305

634
634

258
258

192
192

7
7

480
480

246
246

187
187

1148
1148

255
255

234
234

95
95

44
44

1457
1457

573
573

261
261

344
344

139
139

1786
1786

1068
1068

308
308

383
383

992
992

277
277

59
59

517
517

465
465

494
494

329
329

143
143

534
534

157
157

253
253

344
344

117
117

21
21

656
656

321
321

75
75

540
540

5
5

562
562

835
835

1282
1282

804
804

182
182

201
201

246
246

484
484

256
256

40
40

51
51

984
984

1187
1187

84
84

197
197

619
619

75
75

170
170

156
156

519
519

663
663

482
482

440
440

514
514

92
92

1232
1232

176
176

647
647

650
650

711
711

580
580

415
415

170
170

1285
1285

170
170

44
44

58
58

1090
1090

364
364

1479
1479

130
130

199
199

353
353

631
631

256
256

700
700

623
623

157
157

1189
1189

1424
1424

501
501

1880
1880

363
363

228
228

84
84

280
280

19
19

101
101

398
398

401
401

77
77

686
686

283
283

141
141

209
209

1166
1166

261
261

403
403

506
506

77
77

609
609

631
631

77
77

151
151

221
221

212
212

136
136

243
243

383
383

3
3

331
331

800
800

4
4

612
612

321
321

222
222

437
437

238
238

430
430

197
197

724
724

685
685

16
16

54
54

10
10

445
445

175
175

127
127

26
26

437
437

625
625

716
716

161
161

90
90

733
733

43
43

92
92

338
338

791
791

50
50

955
955

762
762

128
128

222
222

13
13

215
215

238
238

596
596

167
167

392
392

400
400

469
469

99
99

236
236

354
354

416
416

482
482

569
569

90
90

393
393

455
455

93
93

610
610

713
713

480
480

681
681

60
60

31
31

379
379

82
82

372
372

150
150

173
173

897
897

149
149

200
200

509
509

524
524

695
695

75
75

409
409

521
521

189
189

207
207

1845
1845

490
490

474
474

457
457

1024
1024

607
607

620
620

262
262

238
238

503
503

36
36

154
154

687
687

506
506

676
676

386
386

269
269

1107
1107

27
27

473
473

43
43

326
326

779
779

508
508

357
357

665
665

206
206

531
531

954
954

427
427

4
4

324
324

769
769

336
336

513
513

670
670

613
613

63
63

220
220

91
91

1121
1121

1045
1045

22
22

64
64

389
389

91
91

82
82

10
10

233
233

641
641

441
441

733
733

39
39

1453
1453

409
409

68
68

20
20

146
146

397
397

512
512

333
333

327
327

279
279

1010
1010

314
314

229
229

189
189

157
157

145
145

1037
1037

202
202

236
236

328
328

86
86

186
186

36
36

312
312

171
171

515
515

384
384

186
186

103
103

664
664

555
555

90
90

72
72

311
311

164
164

553
553

319
319

480
480

143
143

438
438

200
200

480
480

439
439

625
625

614
614

239
239

1280
1280

78
78

202
202

528
528

1375
1375

1141
1141

71
71

7
7

505
505

278
278

68
68

205
205

485
485

621
621

147
147

277
277

307
307

67
67

1277
1277

40
40

596
596

656
656

149
149

198
198

73
73

79
79

683
683

453
453

30
30

241
241

160
160

433
433

91
91

157
157

98
98

443
443

80
80

606
606

50
50

196
196

366
366

722
722

5
5

270
270

1152
1152

353
353

139
139

551
551

532
532

180
180

844
844

868
868

402
402

120
120

1007
1007

1055
1055

174
174

258
258

425
425

1027
1027

369
369

386
386

439
439

72
72

260
260

18
18

334
334

890
890

192
192

667
667

452
452

927
927

1105
1105

352
352

131
131

19
19

120
120

228
228

119
119

130
130

400
400

37
37

85
85

89
89

782
782

120
120

508
508

538
538

599
599

177
177

370
370

898
898

526
526

352
352

955
955

49
49

122
122

127
127

811
811

1467
1467

57
57

565
565

205
205

274
274

495
495

223
223

290
290

750
750

721
721

1412
1412

40
40

968
968

53
53

305
305

37
37

121
121

391
391

714
714

61
61

1031
1031

139
139

404
404

307
307

302
302

642
642

331
331

799
799

725
725

510
510

575
575

426
426

14
14

884
884

750
750

628
628

503
503

779
779

1438
1438

465
465

271
271

124
124

469
469

710
710

69
69

126
126

101
101

211
211

575
575

40
40

576
576

1069
1069

420
420

31
31

493
493

290
290

413
413

221
221

355
355

408
408

774
774

112
112

1563
1563

703
703

577
577

350
350

193
193

8
8

346
346

194
194

351
351

337
337

397
397

196
196

626
626

37
37

705
705

164
164

387
387

193
193

519
519

188
188

171
171

1250
1250

571
571

973
973

167
167

112
112

621
621

155
155

51
51

225
225

563
563

677
677

1089
1089

245
245

312
312

337
337

1105
1105

179
179

334
334

39
39

478
478

1269
1269

694
694

83
83

685
685

242
242

20
20

495
495

1225
1225

55
55

811
811

1212
1212

451
451

361
361

612
612

1065
1065

285
285

1014
1014

699
699

1073
1073

564
564

446
446

564
564

81
81

570
570

42
42

216
216

724
724

40
40

751
751

316
316

631
631

1513
1513

66
66

339
339

1036
1036

58
58

321
321

28
28

92
92

284
284

313
313

111
111

570
570

60
60

354
354

1136
1136

464
464

95
95

443
443

130
130

622
622

523
523

969
969

230
230

470
470

339
339

218
218

812
812

228
228

1121
1121

254
254

492
492

221
221

369
369

154
154

417
417

1806
1806

79
79

1475
1475

486
486

2
2

255
255

382
382

130
130

1748
1748

621
621

307
307

1041
1041

188
188

468
468

210
210

224
224

92
92

8
8

680
680

132
132

817
817

292
292

132
132

283
283

280
280

25
25

108
108

69
69

237
237

431
431

333
333

774
774

612
612

327
327

653
653

150
150

299
299

1543
1543

259
259

742
742

643
643

1276
1276

124
124

947
947

164
164

747
747

239
239

1063
1063

536
536

993
993

515
515

566
566

3
3

1312
1312

214
214

170
170

131
131

312
312

1242
1242

247
247

353
353

185
185

1279
1279

825
825

366
366

35
35

660
660

180
180

446
446

118
118

279
279

66
66

309
309

340
340

611
611

456
456

232
232

505
505

427
427

178
178

628
628

428
428

535
535

857
857

510
510

306
306

210
210

53
53

329
329

360
360

353
353

519
519

381
381

1037
1037

621
621

519
519

1372
1372

610
610

291
291

45
45

97
97

261
261

382
382

88
88

774
774

712
712

75
75

712
712

111
111

375
375

468
468

1281
1281

223
223

665
665

21
21

450
450

877
877

474
474

263
263

857
857

592
592

640
640

184
184

480
480

21
21

169
169

275
275

30
30

369
369

261
261

659
659

548
548

92
92

1147
1147

194
194

701
701

232
232

42
42

655
655

89
89

319
319

164
164

143
143

70
70

50
50

382
382

418
418

564
564

105
105

82
82

102
102

1265
1265

453
453

270
270

990
990

872
872

1008
1008

424
424

733
733

752
752

537
537

299
299

592
592

45
45

423
423

357
357

156
156

554
554

86
86

67
67

368
368

534
534

0
0

695
695

694
694

270
270

491
491

2
2

137
137

523
523

23
23

78
78

1557
1557

241
241

112
112

460
460

298
298

327
327

398
398

496
496

154
154

92
92

298
298

514
514

190
190

319
319

511
511

190
190

563
563

142
142

440
440

83
83

498
498

258
258

638
638

440
440

799
799

570
570

11
11

154
154

77
77

730
730

920
920

445
445

120
120

159
159

1488
1488

267
267

460
460

162
162

517
517

1358
1358

219
219

1342
1342

118
118

447
447

581
581

63
63

1119
1119

306
306

1415
1415

757
757

1733
1733

114
114

112
112

902
902

136
136

687
687

227
227

954
954

554
554

56
56

192
192

595
595

261
261

61
61

23
23

113
113

230
230

938
938

73
73

216
216

163
163

376
376

1370
1370

148
148

249
249

540
540

1249
1249

421
421

304
304

304
304

711
711

777
777

364
364

594
594

51
51

433
433

817
817

482
482

598
598

209
209

5
5

188
188

693
693

478
478

1346
1346

916
916

201
201

897
897

450
450

1148
1148

226
226

229
229

1327
1327

30
30

1764
1764

445
445

84
84

843
843

509
509

70
70

284
284

130
130

208
208

389
389

55
55

842
842

1051
1051

969
969

115
115

42
42

75
75

724
724

31
31

255
255

16
16

388
388

470
470

797
797

333
333

668
668

397
397

1114
1114

133
133

822
822

75
75

244
244

835
835

17
17

331
331

1465
1465

57
57

539
539

147
147

171
171

1009
1009

79
79

97
97

132
132

345
345

716
716

500
500

437
437

601
601

360
360

192
192

243
243

452
452

357
357

348
348

369
369

28
28

414
414

1172
1172

359
359

223
223

478
478

499
499

520
520

87
87

100
100

205
205

679
679

528
528

860
860

266
266

1417
1417

523
523

44
44

1200
1200

386
386

504
504

1464
1464

74
74

154
154

218
218

304
304

327
327

413
413

657
657

1359
1359

272
272

151
151

49
49

458
458

197
197

715
715

57
57

517
517

628
628

824
824

531
531

7
7

637
637

395
395

119
119

229
229

661
661

290
290

1262
1262

527
527

483
483

617
617

187
187

1005
1005

401
401

7
7

216
216

340
340

848
848

266
266

63
63

297
297

39
39

67
67

569
569

316
316

66
66

94
94

355
355

434
434

6
6

924
924

1231
1231

268
268

2
2

108
108

166
166

124
124

258
258

157
157

1008
1008

369
369

109
109

265
265

177
177

398
398

200
200

50
50

304
304

48
48

597
597

34
34

15
15

869
869

236
236

1188
1188

254
254

234
234

117
117

164
164

967
967

121
121

367
367

148
148

268
268

215
215

315
315

194
194

81
81

130
130

113
113

220
220

1109
1109

1111
1111

335
335

750
750

6
6

175
175

883
883

119
119

414
414

92
92

465
465

77
77

134
134

537
537

26
26

55
55

475
475

716
716

189
189

147
147

186
186

337
337

420
420

256
256

294
294

187
187

523
523

229
229

152
152

630
630

102
102

440
440

35
35

665
665

55
55

147
147

20
20

281
281

872
872

100
100

503
503

1611
1611

493
493

173
173

19
19

216
216

111
111

815
815

114
114

645
645

69
69

202
202

955
955

167
167

796
796

57
57

86
86

490
490

57
57

399
399

549
549

321
321

1603
1603

117
117

204
204

166
166

360
360

788
788

198
198

3
3

434
434

665
665

30
30

112
112

576
576

462
462

352
352

6
6

1375
1375

419
419

1101
1101

136
136

920
920

114
114

307
307

655
655

288
287
Hate you Nigga

484
484

509
509

245
245

684
684

493
493

83
83

98
98

517
517

354
354

269
269

1195
1195

168
168

343
343

210
210

10
10

220
220

580
580

802
802

157
157

534
534

190
190

499
499

742
742

548
548

482
482

14
14

248
248

1299
1299

178
178

372
372

541
541

329
329

347
347

16
16

167
167

44
44

386
386

585
585

12
12

815
815

710
710

176
176

470
470

137
137

576
576

700
700

369
369

498
498

45
45

463
463

147
147

633
633

99
99

160
160

331
331

714
714

454
454

280
280

41
41

39
39

364
364

671
671

343
343

212
212

80
80

205
205

17
17

74
74

327
327

1072
1072

77
77

225
225

141
141

37
37

373
373

74
74

175
175

785
785

132
132

242
242

33
33

564
564

1157
1157

37
37

257
257

496
496

258
258

904
904

515
515

33
33

126
126

158
158

459
459

135
135

41
41

886
886

487
487

213
213

204
204

65
65

415
415

46
46

1165
1165

141
141

1413
1413

110
110

63
63

485
485

43
43

90
90

296
296

585
585

665
665

86
86

201
201

262
262

1063
1063

115
115

670
670

169
169

191
191

101
101

697
697

407
407

183
183

819
819

184
184

413
413

773
773

643
643

1432
1432

15
15

41
41

1422
1422

1364
1364

723
723

59
59

239
239

208
208

179
179

352
352

302
302

291
291

165
165

189
189

111
111

278
278

322
322

47
47

79
79

387
387

115
115

122
122

702
702

395
395

507
507

310
310

353
353

179
179

1052
1052

626
626

281
281

403
403

418
418

167
167

95
95

490
490

994
994

8
8

49
49

25
25

177
177

521
521

177
177

551
551

516
516

1330
1330

129
129

349
349

1008
1008

254
254

104
104

253
253

512
512

9
9

876
876

608
608

239
239

311
311

603
603

693
693

370
370

363
363

164
164

602
602

553
553

197
197

233
233

481
481

280
280

659
659

271
271

359
359

1069
1069

383
383

141
141

454
454

631
631

1296
1296

287
287

279
279

286
286

1299
1299

723
723

172
172

98
98

281
281

153
153

348
348

400
400

370
370

1259
1259

340
340

52
52

1050
1050

155
155

19
19

352
352

5
5

173
173

731
731

189
189

181
181

755
755

294
294

65
65

583
583

546
546

90
90

1321
1321

280
280

298
298

127
127

84
84

42
42

236
236

467
467

568
568

539
539

466
466

349
349

1498
1498

533
533

329
329

112
112

29
29

666
666

911
911

434
434

1350
1350

326
326

408
408

980
980

389
389

409
409

156
156

594
594

1306
1306

576
576

570
570

382
382

2
2

103
103

877
877

701
701

688
688

378
378

8
8

237
237

204
204

477
477

105
105

159
159

758
758

285
285

1194
1194

655
655

786
786

728
728

287
287

88
88

658
658

64
64

351
351

331
331

478
478

266
266

152
152

90
90

210
210

538
538

1167
1167

560
560

448
448

316
316

638
638

171
171

689
689

1185
1185

1043
1043

46
46

712
712

155
155

639
639

159
159

569
569

461
461

197
197

359
359

282
282

190
190

1393
1393

116
116

123
123

279
279

391
391

1373
1373

92
92

1123
1123

316
316

63
63

555
555

724
724

312
312

1452
1452

793
793

396
396

177
177

674
674

1603
1603

26
26

250
250

392
392

248
248

300
300

86
86

90
90

224
224

657
657

369
369

149
149

607
607

407
407

555
555

88
88

83
83

304
304

808
808

1156
1156

672
672

353
353

318
318

225
225

825
825

36
36

340
340

611
611

143
143

1151
1151

1735
1735

345
345

200
200

147
147

454
454

179
179

253
253

182
182

162
162

1347
1347

747
747

49
49

162
162

215
215

864
864

165
165

313
313

417
417

431
431

777
777

927
927

394
394

833
833

752
752

267
267

484
484

118
118

2
2

132
132

1111
1111

1239
1239

1053
1053

909
909

1481
1481

336
336

191
191

529
529

67
67

306
306

1293
1293

134
134

583
583

642
642

112
112

427
427

84
84

462
462

548
548

287
287

88
88

191
191

128
128

811
811

5
5

92
92

354
354

761
761

63
63

471
471

93
93

43
43

345
345

431
431

614
614

3
3

48
48

354
354

498
498

835
835

189
189

297
297

605
605

70
70

517
517

648
648

1
1

836
836

127
127

1399
1399

19
19

170
170

142
142

475
475

218
218

976
976

78
78

920
920

1290
1290

121
121

553
553

571
571

1169
1169

362
362

707
707

35
35

164
164

125
125

181
181

109
109

65
65

399
399

228
228

55
55

190
190

585
585

83
83

1001
1001

434
434

39
39

57
57

592
592

93
93

645
645

1401
1401

568
568

800
800

904
904

417
417

560
560

464
464

1293
1293

75
75

474
474

603
603

431
431

89
89

471
471

86
86

268
268

488
488

136
136

293
293

1778
1778

472
472

518
518

591
591

262
262

305
305

581
581

166
166

695
695

1096
1096

1770
1770

572
572

111
111

266
266

531
531

1044
1044

466
466

1324
1324

559
559

372
372

1173
1173

566
566

128
128

347
347

89
89

704
704

1
1

556
556

5
5

878
878

562
562

24
24

338
338

65
65

137
137

64
64

450
450

1379
1379

823
823

55
55

555
555

167
167

104
104

560
560

15
15

72
72

847
847

120
120

28
28

424
424

8
8

397
397

528
528

95
95

464
464

220
220

1137
1137

614
614

1536
1536

1557
1557

227
227

449
449

916
916

933
933

180
180

184
184

434
434

632
632

640
640

101
101

610
610

272
272

227
227

47
47

28
28

292
292

283
283

178
178

