41
19
14
26
19
41
37
2
19
25
41
41
20
2
14
2
14
31
7
14
10
13
31
19
43
20
35
5
26
19
26
5
26
2
29
2
25
19
2
35
29
41
14
11
26
20
37
37
4
8
25
13
7
35
14
37
2
20
40
26
25
25
40
5
8
31
5
37
37
35
19
25
14
25
26
13
7
22
11
35
13
22
7
8
14
26
13
14
29
40
37
14
14
14
26
29
25
14
7
26
20
26
41
41
43
20
10
41
19
7
31
29
19
26
29
31
5
8
25
25
43
26
13
37
29
31
29
14
10
22
41
19
41
29
13
19
2
10
14
7
8
37
40
19
22
26
11
14
41
41
4
19
5
2
14
37
31
26
13
14
5
43
40
29
14
8
19
8
13
22
29
8
5
22
40
14
7
29
26
19
41
22
41
29
10
7
7
14
25
14
8
19
11
43
19
41
25
25
2
37
41
29
13
40
8
29
10
43
29
19
25
8
2
22
25
10
26
41
22
41
4
25
25
13
5
43
37
40
5
25
14
29
14
25
31
5
14
29
4
26
19
8
37
7
26
11
2
41
41
22
35
37
26
20
41
29
4
43
20
43
31
41
25
25
11
19
19
8
43
14
41
4
31
22
5
7
19
43
37
8
14
20
37
37
14
41
19
7
19
37
11
2
26
43
22
35
8
2
5
41
7
29
37
41
8
40
19
31
41
14
25
40
26
13
29
2
37
10
7
14
43
25
7
7
22
14
10
22
7
4
7
5
40
8
35
7
41
10
25
20
13
41
13
41
10
19
26
5
25
29
13
20
4
14
25
11
29
29
20
31
31
25
37
11
14
19
14
2
14
19
20
14
13
20
2
22
37
26
7
26
2
14
29
8
35
4
2
13
31
20
35
2
26
26
13
2
4
7
2
14
35
20
29
7
14
29
8
14
8
29
41
7
35
19
43
25
20
43
41
29
8
29
14
41
2
37
41
29
29
41
35
20
35
26
14
10
8
14
25
5
35
10
37
37
14
29
8
25
8
41
13
14
8
37
29
7
7
14
43
7
2
25
14
29
37
29
37
4
14
11
43
13
20
43
41
26
13
41
7
25
26
14
19
14
5
19
31
22
43
8
14
31
37
8
2
26
29
37
25
37
41
22
41
5
8
26
14
4
5
26
19
29
2
5
35
35
14
8
4
10
14
14
19
8
5
19
8
37
8
29
41
14
37
20
20
37
29
37
29
41
31
7
14
19
8
20
8
14
26
7
22
37
31
41
37
29
4
4
7
5
19
4
20
8
22
40
4
13
29
29
43
10
25
22
14
25
19
14
13
2
29
22
25
37
10
11
25
13
37
29
7
19
19
25
40
2
14
31
37
35
13
35
37
41
4
8
26
19
29
31
7
41
29
29
41
2
41
22
37
25
2
8
8
19
7
35
29
20
25
7
2
26
41
29
5
25
35
29
8
26
11
10
10
2
25
7
41
22
8
25
10
8
25
10
35
40
37
11
13
8
13
13
26
10
37
31
43
31
10
25
35
19
31
4
5
14
5
35
14
5
29
22
22
7
29
7
41
20
13
43
20
26
43
43
20
26
8
7
14
22
41
41
40
19
37
37
26
40
40
41
37
10
10
20
7
25
22
37
43
26
31
8
43
14
25
7
11
37
14
8
20
8
11
37
11
10
26
20
41
8
5
41
22
7
5
26
29
14
11
26
41
40
14
31
19
37
26
7
41
2
14
8
40
14
8
37
26
26
10
11
41
4
41
41
14
40
5
35
43
14
8
31
10
14
4
8
7
25
14
13
26
26
14
4
41
5
14
20
29
22
19
7
26
4
4
14
29
10
20
25
8
13
10
10
19
41
26
43
31
14
5
40
11
11
35
5
8
5
7
22
19
26
14
4
22
7
19
8
26
41
19
26
37
26
26
8
20
5
10
29
26
8
31
29
8
8
26
7
20
37
14
2
10
8
37
31
19
7
25
19
19
2
8
8
25
41
14
31
29
41
22
2
29
40
14
29
40
29
31
13
14
10
37
13
37
25
35
14
29
7
26
10
14
26
22
19
41
37
11
8
22
20
8
37
37
14
14
29
5
10
37
11
19
37
26
14
8
8
22
29
20
40
37
26
7
41
37
13
31
25
13
7
40
25
29
29
19
14
29
25
14
20
26
31
43
35
37
43
41
5
25
8
37
2
8
2
26
4
37
7
37
11
5
29
25
37
10
2
4
37
41
19
43
5
11
29
2
41
22
41
8
41
4
29
26
4
29
14
7
29
