20
29
2
14
41
26
13
7
26
4
31
41
29
14
8
19
7
8
13
14
37
7
13
14
40
43
19
26
8
20
26
26
2
26
41
37
41
41
29
22
37
22
19
7
2
11
29
40
2
40
19
37
43
29
4
41
8
31
20
14
4
35
41
29
19
29
37
4
14
19
26
25
37
29
19
25
14
10
14
14
4
22
14
41
8
19
26
14
41
40
29
14
25
8
14
29
35
7
35
10
20
8
20
10
20
37
20
41
10
41
25
41
11
19
35
2
41
8
8
22
7
20
37
19
26
7
19
8
5
37
22
8
8
29
11
11
19
29
10
26
7
20
20
7
37
2
7
31
7
7
8
5
25
37
25
43
29
40
10
41
29
19
37
29
37
43
19
8
25
41
37
29
35
43
31
40
41
26
11
37
37
4
40
2
29
19
43
19
5
40
4
26
41
2
7
31
43
35
43
10
14
20
37
11
8
10
37
2
40
25
25
19
41
14
19
7
40
4
26
37
35
25
26
14
26
25
10
19
7
29
8
19
37
29
19
4
37
8
37
29
37
26
10
8
2
19
19
35
14
37
19
11
20
37
26
35
26
19
2
25
10
8
8
35
8
31
31
4
22
20
29
37
29
37
13
19
8
14
13
20
13
14
14
31
14
29
14
41
10
14
26
7
14
41
25
31
5
19
26
7
37
2
8
5
29
13
25
29
25
26
37
41
2
40
20
8
20
26
13
19
41
43
20
26
19
5
7
25
13
14
40
41
14
40
35
8
7
19
25
14
40
11
7
29
4
13
35
22
31
7
37
19
41
43
4
35
4
43
19
2
22
41
37
37
29
31
29
31
4
13
25
29
22
29
11
26
37
7
26
20
41
22
25
22
14
37
7
5
26
20
5
40
7
43
14
31
7
14
8
8
19
37
26
41
14
43
13
4
41
43
11
26
8
43
40
20
20
5
8
29
7
10
19
20
8
41
4
7
2
4
10
29
41
35
8
2
25
7
8
13
41
2
31
2
31
25
10
29
19
22
14
26
29
41
8
22
26
40
8
20
35
26
41
31
8
40
19
19
5
10
29
40
10
22
19
19
26
41
19
8
41
25
41
8
10
19
22
19
20
41
2
7
41
41
26
2
19
4
19
26
13
7
4
5
8
29
25
37
7
29
4
37
8
25
37
22
8
37
37
25
22
37
14
19
13
41
7
19
37
20
37
41
25
29
40
25
5
14
11
13
7
13
41
7
25
8
8
19
13
4
29
20
14
8
25
29
2
29
19
41
2
5
20
13
26
13
41
29
14
37
29
31
41
8
26
10
14
41
25
25
29
4
43
14
5
20
35
35
41
13
29
41
7
37
25
25
2
11
14
14
43
35
43
19
5
7
37
25
35
8
11
20
4
35
41
10
2
31
29
37
29
20
13
26
43
37
37
41
43
4
11
29
43
35
19
8
37
35
25
19
35
22
37
41
4
26
40
8
40
31
40
22
29
8
31
25
4
19
31
41
20
29
26
14
11
29
5
10
26
19
37
7
29
26
4
35
41
35
41
37
14
25
37
14
19
29
4
19
37
22
4
5
4
14
11
13
35
14
5
14
22
31
22
37
5
11
40
8
7
25
29
19
41
19
25
14
10
26
22
43
43
26
37
26
41
37
31
29
4
14
25
26
10
35
22
4
7
4
35
11
8
26
19
4
4
2
7
41
26
14
19
5
41
14
29
25
7
11
40
8
41
14
14
31
22
41
25
14
37
7
26
37
37
37
14
29
37
31
26
37
10
8
7
41
20
26
10
26
29
2
14
8
19
40
25
41
19
5
8
8
22
26
40
11
13
5
41
41
37
13
25
25
4
19
19
22
37
14
31
19
8
11
31
40
4
8
19
14
13
19
20
20
4
37
31
2
7
7
41
31
14
11
14
19
25
25
19
26
37
11
37
13
5
5
40
43
11
5
13
10
26
31
29
13
19
37
8
26
8
41
7
10
26
10
8
10
29
19
19
7
14
35
19
26
2
5
29
37
2
40
5
11
13
26
26
29
10
26
8
2
11
41
43
31
7
10
29
26
25
41
37
4
29
8
22
19
11
4
14
37
31
20
10
35
31
31
11
29
40
2
29
8
41
25
22
29
31
13
8
5
43
37
43
41
35
14
7
29
5
19
37
25
37
37
7
29
14
7
22
11
7
37
2
2
22
22
14
8
20
14
41
14
7
19
29
10
43
40
2
37
20
25
8
19
11
19
41
19
20
43
25
41
35
13
26
4
20
2
40
29
