14
25
35
19
8
26
37
41
25
25
25
31
2
14
4
13
43
37
14
8
26
37
29
8
2
2
14
20
41
43
41
2
22
19
19
25
13
8
13
25
19
25
5
29
4
43
19
26
20
7
41
29
29
8
7
29
8
10
41
2
8
20
2
13
37
29
37
37
20
41
26
2
13
14
14
8
2
43
25
20
41
22
13
14
26
8
26
41
37
5
25
37
14
13
4
14
19
29
13
2
14
22
2
29
37
14
29
37
37
13
41
22
22
10
25
43
13
43
19
11
4
35
37
19
5
41
40
22
14
8
22
40
13
22
31
4
25
10
14
11
22
26
19
35
19
35
25
14
37
35
8
29
25
2
5
19
41
25
29
7
14
8
5
37
22
25
14
25
20
40
31
19
4
4
10
22
31
26
25
22
7
29
37
29
29
40
10
8
7
37
19
19
13
22
14
22
26
31
5
7
26
25
20
13
14
29
26
11
2
41
19
7
41
8
7
8
41
8
14
37
2
35
14
37
7
29
20
41
13
8
19
22
29
37
25
8
19
7
2
14
4
7
31
25
11
37
37
35
37
8
40
25
41
7
25
37
25
31
22
25
41
2
5
26
2
19
8
7
25
4
31
26
5
7
41
14
29
13
11
7
7
37
40
37
35
8
25
29
25
5
7
19
10
10
19
43
37
35
11
11
43
29
26
4
31
20
5
10
26
8
26
25
35
4
25
26
7
5
8
40
8
7
11
10
7
29
8
29
20
4
2
4
31
20
8
8
19
41
22
37
4
31
26
31
25
7
7
14
13
41
7
14
4
14
25
8
35
14
29
8
19
29
7
11
4
7
11
14
29
19
7
40
41
37
11
10
7
7
41
14
13
40
29
4
43
8
7
37
29
41
37
10
8
29
7
40
26
4
10
26
5
26
4
35
11
13
8
7
14
29
19
14
19
41
19
7
29
20
8
5
35
29
4
25
20
35
14
29
43
26
8
4
26
4
31
35
8
25
43
19
13
4
40
31
37
20
41
7
14
41
22
10
14
26
35
25
14
5
7
37
14
14
2
4
19
31
43
26
7
19
37
14
29
29
37
7
41
31
20
11
20
19
19
26
4
37
37
7
5
4
8
26
19
29
13
26
10
43
35
8
26
40
31
29
19
14
31
7
2
4
14
5
14
43
29
19
43
14
26
37
19
8
37
26
8
13
41
13
5
40
8
14
20
31
5
29
37
25
7
25
14
19
40
29
7
26
37
41
14
10
22
43
10
5
7
13
19
37
11
13
14
26
19
37
7
22
7
40
41
20
14
11
29
5
29
40
29
25
25
35
20
26
37
19
29
29
14
11
7
37
10
26
37
25
37
40
26
8
20
19
20
26
7
41
29
35
37
5
19
2
2
14
26
25
40
25
7
20
22
13
43
14
22
35
40
20
25
8
26
7
31
29
29
41
37
29
29
8
25
41
7
25
11
25
4
4
41
35
22
7
40
14
26
8
37
4
20
26
7
29
14
41
31
8
31
20
20
10
26
43
7
25
22
4
10
11
7
7
8
8
13
26
19
22
26
14
26
40
41
29
31
8
26
2
8
7
5
25
4
19
20
35
8
19
41
22
37
37
7
29
4
14
8
5
25
26
26
10
25
37
25
10
37
11
43
8
4
8
19
8
31
25
37
31
7
43
40
8
20
35
20
22
5
20
14
40
7
29
2
29
25
26
25
25
26
22
7
22
25
29
14
35
7
13
13
29
35
29
22
8
26
19
22
29
2
37
19
7
14
5
25
40
29
13
8
8
26
7
25
43
25
37
25
4
41
26
19
29
7
14
8
25
5
8
8
5
4
31
37
19
37
26
37
19
31
4
19
4
43
40
41
29
14
10
19
25
26
25
7
25
37
5
20
43
20
20
37
10
8
26
19
19
10
8
25
14
4
8
29
41
31
14
19
11
26
26
25
5
10
41
40
37
29
37
29
41
20
5
41
11
29
13
37
25
25
26
8
14
7
20
25
41
26
29
35
5
26
7
8
26
29
40
19
20
40
25
43
13
40
40
22
11
29
41
22
7
10
13
19
11
31
29
35
14
29
37
26
7
29
25
25
29
14
29
4
43
7
41
5
43
25
7
7
7
2
14
14
10
14
43
7
10
26
37
13
8
26
26
43
7
37
5
43
4
26
26
37
29
29
40
25
40
43
14
35
31
29
11
29
14
35
31
14
14
29
25
5
7
37
29
20
41
41
7
41
22
2
25
37
14
8
20
41
10
41
29
29
26
4
14
