40
31
37
7
25
14
29
40
22
29
31
19
8
14
29
2
25
14
22
26
22
41
35
19
31
14
10
11
41
41
8
19
19
2
20
2
14
37
35
25
7
13
8
19
19
20
5
8
37
19
8
11
7
35
7
25
20
26
43
43
10
10
26
26
10
31
25
25
5
19
41
13
14
14
14
41
37
26
41
41
8
37
26
7
31
37
29
29
10
25
25
14
43
43
40
29
14
14
8
26
22
29
31
37
19
2
22
14
26
11
29
14
25
11
20
14
10
11
5
8
41
40
22
19
37
8
7
4
14
10
26
37
41
7
14
7
7
41
10
14
26
25
29
19
43
2
25
29
13
35
35
43
22
7
11
11
7
7
8
31
13
26
5
37
19
22
8
22
10
37
37
40
26
7
11
7
5
43
7
7
25
25
2
37
37
11
10
29
13
10
26
26
19
14
22
37
37
13
5
41
11
31
25
29
41
25
43
29
19
41
25
35
26
22
40
37
19
37
37
31
26
37
7
8
14
7
37
40
14
31
14
25
8
4
7
41
37
37
19
35
13
29
41
22
8
14
20
31
40
11
2
25
10
5
7
13
22
29
7
25
22
31
41
22
26
8
41
10
19
4
4
14
40
14
2
40
35
5
13
25
14
13
41
8
7
2
25
8
29
14
2
2
37
41
10
20
41
7
7
4
35
19
29
41
31
14
7
25
26
14
41
19
14
35
40
31
35
8
41
22
22
26
10
5
29
14
14
7
11
35
5
8
37
26
14
14
29
29
40
4
5
25
29
26
7
22
8
41
13
2
10
26
26
8
40
2
5
7
7
14
25
2
10
26
11
25
2
37
7
19
29
11
29
20
29
41
19
26
26
29
20
19
13
8
19
8
40
25
43
41
35
31
26
4
7
43
26
8
26
14
19
11
41
11
14
8
35
31
25
8
22
43
19
20
41
41
11
19
22
5
13
4
37
41
29
29
19
7
35
37
40
2
10
7
41
25
19
29
35
35
29
4
14
19
26
8
4
26
19
26
29
29
8
19
26
8
20
37
19
2
41
41
41
31
37
26
35
7
11
41
37
41
29
13
7
8
13
5
26
29
19
25
19
31
29
19
22
41
19
40
25
40
25
22
13
25
5
7
29
8
29
7
40
20
19
26
20
29
19
8
19
41
7
41
7
5
4
41
29
5
7
25
2
40
37
13
8
40
8
26
43
26
25
26
29
2
10
11
19
41
4
41
26
14
20
25
11
22
22
4
29
25
14
14
14
13
7
5
8
19
29
2
29
25
26
29
8
19
19
40
7
29
37
25
26
43
11
43
14
20
41
26
43
11
2
37
26
4
7
14
10
31
8
37
5
25
7
5
35
35
37
2
11
41
13
43
31
26
29
41
35
26
20
25
20
10
26
29
41
19
10
7
11
10
29
8
20
5
13
4
41
41
37
37
25
2
29
8
26
20
29
8
29
37
7
2
35
37
19
29
8
8
26
2
22
26
40
29
29
29
31
7
41
20
8
10
20
26
8
31
29
29
22
5
37
37
35
19
8
13
11
19
25
35
7
37
8
41
7
25
26
41
14
13
14
29
20
26
2
20
7
14
13
7
26
41
8
14
5
14
29
8
22
7
26
19
2
26
13
7
43
26
13
22
25
7
4
40
14
37
2
31
7
13
26
25
25
41
8
19
40
29
19
8
7
37
19
35
8
19
10
10
4
10
31
26
26
20
7
2
41
7
20
13
8
8
25
41
19
37
7
20
37
25
20
29
26
41
26
26
4
26
26
8
19
4
14
37
22
19
14
19
31
41
19
31
41
8
19
4
37
25
10
14
5
14
35
29
8
19
40
7
37
25
43
14
14
10
7
25
41
31
40
7
7
11
37
29
2
5
40
37
40
37
4
37
7
31
14
43
2
10
41
37
20
31
40
26
29
37
19
8
29
11
20
26
5
10
26
35
7
4
19
43
29
20
29
31
8
41
8
29
40
2
14
37
19
10
31
43
5
37
11
25
37
29
10
35
25
19
41
14
5
5
22
25
8
8
14
8
41
31
31
14
19
37
7
37
5
37
26
4
41
29
14
22
41
22
4
22
14
29
41
26
26
43
19
26
25
26
25
26
40
5
14
11
7
40
25
37
14
5
2
2
41
8
11
22
22
13
29
37
37
14
26
10
8
37
35
37
13
19
10
8
13
25
4
8
7
26
4
40
29
8
29
7
8
29
14
14
4
5
25
19
13
43
41
25
25
14
26
26
25
20
37
26
7
14
41
20
