2
29
2
19
29
14
26
20
5
41
41
43
29
11
11
40
7
37
14
14
7
19
13
37
37
41
22
29
8
41
37
8
26
25
31
8
4
40
26
43
19
10
29
41
19
37
37
26
41
35
37
37
10
2
8
5
41
41
26
2
20
31
2
35
14
20
26
19
13
35
2
19
4
40
25
20
14
2
31
8
35
20
19
4
5
35
43
35
14
29
29
41
13
14
29
14
41
2
22
41
35
26
4
41
4
8
8
19
8
22
10
43
19
41
26
25
29
29
7
41
41
31
20
43
41
41
13
11
41
22
41
19
43
25
7
41
37
7
4
2
19
11
31
35
41
7
29
7
43
31
37
19
4
5
25
37
35
41
37
19
10
26
41
29
19
4
26
7
35
25
40
10
25
26
8
20
37
20
22
22
4
5
2
8
8
13
19
10
41
19
14
31
37
8
26
14
4
41
10
43
26
2
7
43
11
43
4
41
7
11
10
14
19
43
10
31
43
26
14
31
4
8
8
2
8
41
7
7
22
2
37
31
37
29
8
37
25
14
25
29
8
29
35
31
8
37
4
10
2
19
29
37
20
29
29
26
19
31
14
41
31
40
19
20
22
31
5
26
25
40
11
2
11
29
19
26
14
5
19
14
41
43
7
5
25
31
14
2
2
20
41
20
13
7
14
20
25
26
29
41
8
2
26
26
19
8
26
43
11
37
37
26
26
29
14
19
26
31
5
11
4
35
29
4
41
10
22
37
40
2
43
40
41
29
4
7
20
22
41
29
11
31
4
29
26
19
41
26
11
35
35
2
41
25
4
11
26
11
10
13
11
7
7
37
25
5
2
7
14
37
22
14
29
26
10
29
29
43
26
41
25
19
41
13
29
37
11
8
2
19
13
41
26
8
43
43
37
41
41
7
31
11
40
37
20
41
29
41
19
8
25
35
19
22
35
37
37
8
37
25
22
13
31
26
7
19
19
8
13
8
19
35
8
10
40
20
43
31
7
4
26
29
43
4
37
37
4
26
19
41
19
4
37
4
22
4
14
41
7
19
29
31
10
29
29
2
37
22
20
8
26
29
29
5
40
19
31
29
2
13
19
19
2
8
5
22
7
11
10
10
25
2
29
26
14
14
22
25
25
19
19
41
19
10
29
41
25
13
7
25
26
20
29
26
26
25
31
14
25
19
25
13
7
4
31
40
7
8
19
14
31
26
8
2
35
20
37
7
26
2
29
5
20
41
19
35
22
41
11
10
7
22
5
29
26
37
26
7
35
19
26
13
13
26
8
40
43
37
41
19
37
14
22
19
25
14
37
26
4
41
40
14
19
37
25
29
37
43
43
19
26
7
29
22
14
29
7
22
19
13
41
8
14
43
19
37
11
19
22
13
4
4
19
20
41
8
41
13
43
20
29
19
25
37
19
37
19
35
20
43
40
35
43
19
14
7
35
41
20
8
37
22
7
8
19
40
7
14
7
11
26
25
14
10
20
43
10
2
37
7
43
14
41
14
26
26
40
14
11
37
20
43
20
13
10
41
7
26
8
11
25
14
31
37
22
8
26
14
29
10
20
22
25
14
37
37
14
40
8
41
29
11
19
37
26
14
25
19
37
25
25
11
37
35
37
41
26
31
4
26
29
22
43
4
25
43
37
4
26
40
25
8
37
35
37
13
5
26
14
43
43
37
7
26
26
29
19
14
22
20
40
37
40
26
4
8
19
29
7
40
19
14
35
5
41
40
5
8
8
26
41
43
26
19
14
35
20
25
11
40
7
37
19
26
8
29
41
19
5
19
13
13
43
40
19
19
20
25
31
20
41
7
14
20
25
26
8
7
7
11
26
11
41
37
35
41
7
29
7
22
10
8
26
29
31
29
19
8
7
41
11
13
35
14
19
7
41
19
5
4
14
29
13
8
14
40
29
40
22
31
4
14
41
22
5
19
13
13
10
7
2
20
8
29
26
26
43
31
37
4
20
7
19
20
43
7
13
22
37
22
7
41
37
19
10
26
41
22
31
35
41
31
8
41
13
41
20
35
7
41
43
41
4
25
5
25
14
7
5
4
14
37
37
8
14
37
26
13
20
7
7
35
25
19
29
26
4
37
19
19
22
2
7
11
13
37
43
29
8
29
31
31
37
22
22
14
5
43
7
14
41
20
5
37
25
26
26
14
37
19
43
20
19
2
31
40
37
8
10
8
8
29
22
35
37
29
41
7
13
13
19
37
19
13
37
35
26
10
20
22
41
8
29
4
29
37
29
29
13
37
