29
14
14
37
41
4
19
35
10
29
40
8
7
41
14
2
29
41
43
41
10
31
41
25
22
19
26
37
19
41
19
25
8
31
11
2
26
19
29
19
43
10
29
41
7
5
37
31
29
35
7
25
8
8
4
22
31
25
11
41
37
25
22
37
5
31
25
19
41
40
5
19
2
41
25
7
29
26
26
41
7
29
26
19
35
25
29
25
41
41
13
26
8
20
13
5
37
25
25
25
14
29
8
19
8
25
11
22
2
25
19
7
25
40
11
7
14
41
29
40
26
19
7
26
25
8
31
26
37
14
43
5
41
43
13
37
20
22
11
20
35
19
13
7
22
10
11
25
43
14
14
5
40
19
29
14
26
13
41
10
14
31
7
8
14
14
37
37
41
37
7
14
19
7
26
41
8
20
13
41
25
14
8
14
22
20
40
40
20
19
4
41
13
14
41
25
31
14
26
7
25
14
10
29
22
19
14
25
29
14
19
13
29
10
25
4
29
14
43
2
26
26
41
31
41
26
5
19
41
19
11
8
25
20
8
35
37
19
7
7
43
25
14
25
35
8
8
11
5
10
41
29
40
20
22
29
31
14
25
19
25
26
31
5
29
26
2
7
40
7
31
26
2
43
37
31
25
13
40
35
10
14
20
41
41
29
14
19
41
29
37
19
11
14
25
2
14
25
7
19
29
26
40
19
29
14
11
7
14
37
43
25
7
8
22
2
26
14
7
14
8
2
25
8
19
11
8
31
22
7
37
37
2
14
14
29
43
26
31
22
8
7
35
7
19
7
4
4
19
19
7
31
19
29
31
26
41
43
5
10
37
43
5
37
13
22
19
35
43
41
4
43
13
43
13
29
37
2
19
14
19
26
41
37
2
19
13
41
13
7
31
11
2
14
10
2
37
26
35
29
20
26
14
20
19
25
2
14
25
5
40
43
14
37
20
19
14
19
40
7
25
13
25
13
37
26
13
26
35
35
8
4
14
29
22
40
40
10
20
19
7
13
2
26
41
20
37
29
37
29
5
8
19
31
14
14
8
25
14
26
19
31
25
31
37
35
25
19
8
31
41
7
29
41
25
14
14
8
35
40
31
2
5
11
20
20
7
26
43
40
5
4
11
29
20
41
26
43
25
14
8
10
20
35
7
43
41
10
41
40
2
19
19
35
25
37
8
14
10
41
5
8
37
8
26
19
2
35
4
13
22
4
5
40
41
37
26
29
5
20
10
43
37
37
37
13
26
29
37
26
41
31
41
22
41
5
14
26
2
7
41
10
19
35
2
4
35
13
31
41
31
40
19
19
14
43
29
29
25
7
26
10
37
41
29
25
8
35
37
7
11
22
8
19
8
4
29
26
8
37
5
43
29
14
2
35
22
29
25
5
26
43
4
37
35
19
11
41
13
43
4
10
19
14
41
10
7
8
40
19
8
37
2
29
13
4
25
26
19
41
14
40
40
19
14
25
41
41
20
41
26
22
7
37
25
29
41
29
26
25
25
26
11
26
40
26
25
8
5
35
2
22
26
19
2
2
4
25
37
22
31
10
35
41
41
5
14
35
26
37
7
11
37
7
26
29
25
43
35
26
25
29
40
25
11
40
41
13
8
13
26
43
20
8
20
8
5
26
41
31
13
37
19
13
8
13
37
29
35
26
2
19
2
40
7
41
20
19
43
25
14
19
14
26
29
26
41
41
37
20
19
41
10
41
43
37
43
25
19
37
7
7
43
7
35
41
8
7
7
37
41
40
7
29
25
31
7
37
19
2
19
25
41
14
10
35
25
40
19
40
14
20
35
13
25
37
37
7
29
2
7
14
40
14
8
8
37
7
4
8
7
5
7
8
20
25
26
26
14
37
25
26
19
19
26
29
5
19
41
41
20
37
11
37
7
4
29
2
5
19
8
8
41
20
8
5
31
41
29
25
22
4
19
29
10
37
20
7
10
8
2
7
4
41
8
8
37
29
8
35
20
10
5
5
7
41
2
41
26
19
19
40
29
26
31
37
8
37
40
10
35
19
26
31
13
26
41
37
7
29
40
22
25
25
7
41
31
7
20
7
35
37
35
13
8
25
41
14
2
19
22
29
35
31
8
5
7
2
7
5
14
41
19
8
31
35
2
8
41
10
7
14
41
10
37
11
20
8
26
5
40
43
37
41
14
37
29
20
37
25
8
4
19
29
7
41
11
8
41
35
13
4
22
10
41
41
5
8
11
29
41
29
8
25
8
14
26
35
26
37
19
25
4
26
7
8
20
13
35
5
