5
7
43
19
4
19
13
43
19
26
25
7
8
25
37
14
29
37
5
26
37
22
10
41
7
11
14
13
26
22
19
29
14
2
43
7
7
5
11
26
14
26
25
14
25
26
35
25
26
2
2
10
10
43
31
8
5
10
25
29
29
29
41
43
14
40
11
31
25
10
4
8
31
37
20
14
37
4
29
10
37
29
14
37
25
37
37
19
10
25
25
25
40
31
20
41
11
19
19
26
14
19
26
43
35
35
37
19
31
19
37
10
43
40
5
10
40
7
14
41
14
2
13
41
19
20
35
29
37
10
2
4
14
26
26
5
8
31
41
41
37
25
43
29
14
37
37
43
29
8
19
37
8
31
31
10
37
25
37
14
26
25
7
37
37
37
7
8
14
40
14
7
14
10
41
25
26
22
14
8
25
41
37
7
7
29
25
35
7
2
5
14
8
22
25
13
5
29
4
26
26
7
14
29
11
11
13
35
31
29
10
43
8
35
41
10
25
10
4
14
11
43
29
26
14
7
22
11
26
13
26
41
14
11
26
37
20
26
19
29
29
8
25
35
10
31
4
20
40
29
26
37
25
7
37
37
41
5
37
20
19
31
8
26
29
7
10
2
37
14
14
7
40
13
10
41
31
41
35
11
41
14
25
22
10
26
11
35
29
10
8
41
14
7
29
5
20
37
43
43
4
22
11
29
22
7
14
8
4
11
2
25
7
25
41
11
7
35
8
31
37
19
19
7
11
43
11
29
26
7
25
41
8
22
14
25
14
22
25
7
19
25
29
20
11
41
31
4
14
25
25
7
29
8
20
2
11
29
14
29
22
19
8
41
2
10
22
8
14
25
19
25
11
19
5
10
7
25
11
10
11
31
8
37
26
22
25
35
37
35
11
13
22
7
25
11
11
35
26
14
19
8
13
14
22
7
25
7
29
31
26
19
4
37
8
25
41
19
19
25
22
25
41
31
14
19
40
41
8
7
8
40
7
8
7
19
7
29
35
26
11
8
37
13
19
40
41
25
20
13
13
29
26
43
13
4
7
29
37
7
40
29
35
37
29
2
8
43
14
35
7
41
41
35
25
14
25
19
4
35
14
2
26
40
26
22
29
37
37
7
2
29
43
35
25
22
35
25
7
22
19
11
43
8
7
19
29
29
26
19
26
40
5
35
20
29
7
2
25
8
7
25
40
4
19
8
11
2
29
7
10
37
14
29
4
31
10
19
10
26
25
29
13
31
26
31
10
14
31
26
14
41
10
7
25
8
11
41
8
29
4
10
25
19
2
7
41
43
20
35
7
43
11
14
8
20
43
22
41
14
7
13
4
2
14
14
7
8
8
7
29
8
13
14
19
13
19
8
35
37
41
11
22
5
26
25
8
20
10
13
26
2
11
25
4
8
8
8
19
8
7
19
14
14
22
26
7
14
14
41
8
11
5
25
8
14
11
14
41
7
7
22
5
25
5
43
29
5
37
7
22
29
11
25
43
20
37
41
41
13
35
2
22
41
25
13
7
26
29
19
19
43
2
22
10
43
14
25
4
4
29
11
29
2
26
25
5
10
22
7
22
8
7
29
29
19
35
43
40
11
25
5
7
13
29
2
5
26
25
41
41
13
35
14
8
14
19
5
14
2
13
25
8
7
7
31
11
43
14
4
7
37
43
37
4
25
37
43
41
25
19
26
41
26
41
41
14
7
7
8
4
8
25
35
10
40
25
7
26
37
5
29
19
29
7
29
4
8
13
37
25
40
31
20
7
7
8
19
20
43
20
11
2
43
8
43
26
19
4
37
8
43
7
31
22
29
37
25
29
13
26
8
8
35
26
7
37
8
26
5
11
8
14
41
41
5
40
11
22
29
43
25
8
11
10
25
14
5
11
43
7
22
37
10
7
10
2
2
22
22
35
31
25
11
7
37
14
10
11
25
25
7
4
37
8
11
25
29
8
22
25
11
35
26
7
43
19
5
41
40
19
29
11
29
37
14
29
40
22
41
19
41
40
5
26
43
8
25
8
5
5
37
8
37
2
41
26
19
8
14
41
19
43
10
43
20
25
22
37
5
10
14
29
37
11
8
26
8
25
41
22
29
26
13
19
11
10
37
19
37
35
14
8
25
22
2
43
5
22
35
2
19
37
29
5
10
40
29
26
14
25
31
5
25
29
13
43
29
4
11
25
43
26
29
5
43
29
4
4
37
31
37
5
14
29
8
8
10
40
26
22
8
7
14
37
22
19
26
37
14
29
25
37
7
40
7
2
10
5
29
