41
14
19
40
35
43
40
5
29
26
29
8
41
22
29
13
43
10
43
35
14
8
7
13
19
41
19
19
40
25
10
29
37
25
19
26
20
11
29
13
31
10
13
19
29
40
19
13
41
2
35
2
8
25
8
31
20
31
4
13
35
41
37
26
22
5
14
29
7
35
19
41
37
29
40
5
19
11
19
7
13
37
5
25
25
20
10
40
37
41
8
31
29
35
7
29
41
19
5
40
2
25
7
37
13
10
43
29
7
4
25
14
41
19
29
22
25
25
8
26
22
7
35
4
37
43
19
22
4
25
7
4
20
14
14
31
25
11
37
31
13
22
25
37
2
7
10
41
29
10
41
37
2
29
37
25
26
14
10
25
29
11
14
11
14
29
29
29
2
7
10
13
41
35
37
37
41
35
13
26
37
10
11
29
41
37
25
11
4
26
22
40
29
25
29
10
25
5
37
14
22
5
25
11
41
26
25
20
8
41
43
35
40
7
26
7
29
43
13
19
29
26
10
11
19
37
7
43
40
29
10
8
26
26
11
22
43
31
40
37
19
26
19
10
7
37
26
40
43
41
22
25
5
29
22
8
7
7
43
5
7
8
5
29
41
19
37
19
41
29
7
14
4
26
13
14
26
22
41
7
43
19
29
8
37
37
14
2
8
13
5
20
7
8
41
37
19
43
43
5
22
2
11
26
20
10
19
29
29
25
7
14
29
31
14
7
31
26
7
31
31
22
37
26
22
22
10
19
14
8
22
29
29
19
2
13
14
7
37
35
14
43
20
5
14
41
22
43
5
26
7
37
31
29
10
7
8
19
20
29
22
40
5
8
41
43
13
26
41
41
8
25
31
25
19
41
37
19
19
35
4
29
19
25
22
19
14
25
41
26
4
7
13
41
7
10
19
8
19
25
40
22
2
26
26
5
5
26
25
41
8
41
14
31
10
25
41
22
11
35
7
2
2
14
26
7
25
13
11
35
26
37
14
25
13
2
19
20
20
8
35
20
14
41
8
41
26
2
10
20
31
4
5
19
19
29
11
31
37
5
25
8
43
19
25
10
14
35
7
26
41
43
43
26
40
25
41
7
22
35
41
29
43
35
10
8
22
20
31
11
14
10
26
26
26
37
19
14
19
20
37
25
7
20
41
5
40
26
11
8
14
41
40
10
14
2
11
37
5
40
41
25
41
5
43
13
35
2
25
22
20
8
25
22
20
22
19
13
40
25
8
5
22
7
7
41
7
25
22
8
19
19
25
7
8
14
8
5
14
14
19
26
29
8
43
4
22
11
2
7
41
8
22
43
19
26
31
13
2
40
13
7
41
26
11
11
2
4
14
8
19
26
14
25
26
10
26
5
19
25
22
7
25
29
37
43
8
5
35
29
37
7
43
41
25
35
35
25
43
37
19
2
31
40
25
7
2
41
22
19
22
29
13
41
41
41
19
4
35
22
19
35
8
25
14
25
7
5
2
2
7
7
41
41
5
22
29
35
19
37
2
14
29
37
13
14
25
29
7
19
2
43
10
2
5
22
14
13
29
8
37
25
29
25
11
26
35
2
7
2
25
7
14
4
29
25
14
25
14
31
29
8
8
2
29
20
10
14
19
37
19
14
25
25
4
25
43
41
22
2
26
35
40
11
41
31
41
8
35
29
31
22
29
41
10
20
8
14
25
26
5
35
29
31
19
29
8
26
8
13
13
41
7
8
35
4
26
14
4
8
5
25
25
26
31
26
43
22
4
20
43
10
8
26
14
19
8
14
4
14
19
8
8
20
7
5
26
19
13
25
31
19
11
43
29
19
19
25
4
29
31
26
25
43
5
4
11
11
19
13
8
26
8
14
7
19
22
7
26
26
14
4
37
25
41
19
8
8
29
40
35
13
14
5
35
20
43
8
31
7
8
31
25
14
11
14
22
19
40
40
37
20
35
8
31
19
26
22
40
2
7
22
8
19
19
5
25
25
37
8
14
4
41
13
7
26
29
14
4
19
19
14
25
37
29
5
14
11
29
7
13
31
19
13
11
5
7
43
31
8
41
43
7
26
10
11
5
25
26
43
29
19
22
14
19
13
26
40
11
8
37
22
25
14
26
31
26
37
7
8
29
4
37
22
25
35
20
19
7
35
8
5
11
25
11
37
26
26
14
35
25
7
4
41
40
22
29
8
37
31
8
19
20
37
41
31
20
5
2
22
37
2
7
37
22
25
26
7
11
29
41
22
5
25
19
25
37
37
25
26
14
25
13
41
4
25
19
22
35
7
