29
19
7
41
14
14
22
29
20
19
14
5
29
26
19
11
41
14
43
19
41
8
43
25
41
41
22
35
7
4
37
25
20
40
19
26
19
40
8
37
41
14
31
37
40
4
25
25
7
29
35
35
29
25
19
19
10
41
37
8
37
26
41
10
25
7
31
43
26
31
20
31
2
29
5
19
19
40
29
20
22
26
2
29
41
29
43
7
8
35
20
35
14
35
4
8
25
22
25
20
8
7
37
29
31
43
7
11
41
43
31
43
14
31
25
8
37
29
19
8
26
25
41
37
19
25
40
7
35
8
13
25
7
2
25
37
31
31
37
19
8
14
2
29
2
41
35
25
14
2
25
19
25
10
14
43
43
43
41
25
10
37
11
2
25
26
37
14
40
25
22
7
19
22
41
7
43
14
4
2
14
14
19
29
41
31
25
19
8
37
35
10
26
7
10
7
7
25
22
5
11
29
13
37
37
25
7
25
8
35
25
5
5
2
41
35
31
37
37
31
26
35
29
14
25
25
22
2
20
29
5
14
41
7
35
41
40
25
22
31
19
35
25
25
35
2
14
13
25
7
35
20
43
20
26
29
7
26
14
14
2
11
35
37
8
41
25
31
22
35
8
41
41
25
11
14
13
14
19
37
40
10
7
37
19
19
7
26
37
11
41
2
5
40
25
11
7
5
40
25
2
40
13
26
7
10
29
14
25
7
7
7
8
20
8
19
41
43
13
22
40
11
22
2
37
35
41
29
2
14
7
41
7
7
41
11
26
26
19
11
19
29
25
19
37
7
5
25
41
20
41
29
14
5
14
40
2
11
31
37
41
37
25
35
2
11
8
26
26
19
20
8
2
31
19
37
26
41
2
19
35
26
10
41
29
22
37
19
19
20
8
5
19
7
41
19
25
14
29
11
26
41
11
26
20
37
10
29
25
43
10
7
19
8
4
5
13
29
22
31
13
25
25
14
14
13
26
8
25
8
2
10
14
11
19
26
25
41
25
37
19
20
8
25
25
35
40
41
26
2
7
31
13
29
2
37
19
26
19
7
8
19
8
29
25
29
13
13
8
41
41
26
5
2
10
19
29
41
5
7
41
37
41
25
29
26
11
10
5
29
2
5
7
7
25
19
43
41
29
37
26
8
10
14
2
14
26
31
29
14
41
8
25
29
37
7
7
11
4
22
41
4
14
40
8
4
11
25
37
14
25
19
29
29
31
40
25
7
26
25
40
5
29
19
41
25
11
37
25
13
13
10
7
7
4
19
14
37
7
7
14
14
26
8
35
7
31
19
19
7
7
11
37
31
19
26
5
14
13
29
37
11
37
29
25
14
11
40
14
4
35
29
7
14
35
10
29
14
25
37
19
14
43
19
37
13
40
40
37
8
10
14
7
37
19
14
13
7
20
37
8
8
19
7
19
11
2
43
41
25
35
40
40
25
41
14
41
25
20
25
14
7
29
19
8
10
43
14
11
7
4
2
29
19
7
43
19
7
29
4
31
20
35
11
43
19
37
26
8
43
43
20
11
25
37
13
29
25
25
14
41
8
14
8
31
31
37
11
37
37
37
5
10
29
8
40
10
19
25
13
26
5
20
22
35
43
20
11
29
43
37
19
10
7
22
19
25
10
37
11
41
37
8
35
19
5
25
8
41
41
13
41
8
31
7
26
19
25
31
43
5
20
2
8
22
26
31
5
19
5
8
7
31
5
43
41
7
29
2
37
8
8
25
19
31
19
37
11
8
20
35
37
14
35
37
41
8
20
29
22
8
25
25
26
40
20
20
35
37
10
31
4
22
7
5
29
20
41
37
11
8
31
10
19
25
41
7
29
8
25
37
7
5
8
37
41
25
10
29
26
8
2
25
13
40
26
8
13
14
40
22
5
26
19
25
37
4
14
7
35
29
7
37
41
19
26
20
29
19
4
8
26
37
14
25
14
41
37
7
2
29
26
35
29
40
20
14
31
26
40
25
8
26
11
37
29
26
19
29
4
5
31
25
31
10
13
25
40
41
2
19
19
13
22
43
8
19
22
22
8
4
41
8
25
5
37
25
14
10
35
29
4
25
7
22
20
8
5
13
40
43
29
41
5
13
40
41
19
7
20
31
14
8
22
37
37
13
7
25
5
43
7
10
20
13
14
29
7
25
37
5
20
7
8
14
8
26
26
40
37
29
26
4
25
26
14
26
43
19
10
4
26
7
41
35
8
7
20
7
14
10
11
41
26
2
11
25
26
20
14
19
4
19
5
26
13
25
5
35
8
