4
43
37
8
19
31
8
35
29
20
5
37
29
8
11
29
2
25
4
22
4
20
26
14
19
41
19
2
29
22
8
40
8
4
26
26
22
41
8
13
5
22
41
26
13
5
40
8
19
35
25
19
2
43
25
7
19
4
7
19
11
14
41
4
19
29
22
14
7
25
25
13
35
11
26
35
14
7
5
26
43
19
4
43
11
26
37
37
25
8
35
26
29
14
25
41
10
41
2
2
19
8
13
2
26
25
35
14
41
41
11
31
4
13
7
13
41
8
2
37
8
29
10
31
5
26
7
4
14
40
4
41
7
4
26
19
41
14
5
13
29
8
29
40
14
43
8
29
43
29
25
41
20
25
7
14
7
5
29
26
37
31
41
40
26
20
5
10
41
2
5
8
7
41
7
10
20
43
37
4
25
11
25
40
31
41
19
37
35
25
13
29
7
10
22
25
19
19
26
4
29
14
7
22
7
5
29
22
4
7
26
26
25
41
7
43
26
20
26
19
5
31
43
13
14
14
41
40
31
10
29
37
25
31
20
41
37
2
43
14
4
5
2
19
8
4
26
41
22
35
4
19
25
41
14
37
8
4
29
26
11
11
19
31
40
29
5
14
14
4
35
14
10
29
43
13
31
7
41
8
25
37
20
41
41
41
25
41
25
7
5
43
25
14
7
8
8
10
20
14
11
8
26
5
29
7
7
13
5
40
4
40
19
10
37
40
35
26
19
19
25
26
13
2
2
14
29
8
25
11
5
31
11
40
25
14
5
31
37
7
11
19
35
19
41
26
20
29
35
41
11
20
11
22
5
11
25
37
2
5
43
35
37
35
25
4
20
29
26
11
31
35
25
25
26
13
43
29
35
14
14
29
41
8
37
29
11
26
37
41
29
22
40
7
7
14
14
25
35
41
31
25
31
5
37
40
5
20
10
41
41
8
14
29
14
25
22
37
10
41
25
25
19
8
41
20
40
40
5
22
19
25
25
11
26
26
37
14
29
37
8
19
13
29
10
25
4
14
8
41
7
41
31
20
2
7
40
19
41
37
4
14
26
41
26
35
41
8
5
14
37
20
7
41
41
4
22
37
19
26
43
20
11
8
40
41
5
26
14
8
19
7
29
19
4
40
11
25
7
14
13
29
37
7
41
22
5
43
22
13
19
8
20
7
7
13
8
13
31
14
4
2
40
20
19
29
13
37
7
8
5
14
35
31
19
14
8
25
13
13
25
19
8
31
26
10
35
41
5
25
26
10
13
4
7
29
31
14
14
41
29
11
13
11
40
29
8
31
35
8
43
7
31
37
41
4
35
14
2
41
19
11
43
29
2
37
14
31
25
26
14
35
35
7
8
22
43
19
7
25
19
2
29
2
25
8
4
19
20
37
7
37
41
41
25
41
43
35
7
10
14
10
4
22
26
40
29
5
41
25
31
7
22
2
4
5
8
7
22
13
29
26
11
14
10
41
29
8
29
26
37
35
40
2
4
14
35
26
26
14
19
40
35
40
40
43
25
41
41
10
10
19
19
7
22
14
19
8
19
43
26
14
29
25
7
40
19
25
13
37
13
31
31
7
11
11
4
31
35
25
14
37
35
41
43
14
26
11
14
40
5
2
41
41
13
4
25
19
41
37
14
37
5
25
40
8
41
35
25
29
7
8
29
2
11
13
8
20
22
20
8
19
5
41
13
7
37
25
26
25
8
37
20
5
11
13
11
5
40
31
25
37
43
7
37
40
8
37
8
25
43
8
4
37
11
8
35
10
37
7
29
37
29
2
43
2
8
40
10
40
25
29
29
20
43
25
8
10
8
8
29
10
14
31
41
41
41
19
43
22
29
13
13
20
13
5
5
13
41
4
7
13
31
43
19
8
10
19
22
22
31
29
19
10
22
7
43
7
29
14
19
11
25
29
14
37
26
25
41
20
8
40
19
41
25
37
11
26
5
20
40
29
41
11
25
19
8
19
25
29
31
8
40
10
29
43
41
8
5
20
22
22
8
29
7
25
19
4
43
26
10
41
8
7
25
25
25
25
8
41
7
41
14
35
43
5
14
19
5
26
37
19
40
37
5
26
26
25
26
19
10
31
35
10
25
7
43
41
41
25
26
4
22
2
26
8
35
11
31
2
29
19
14
11
14
26
35
19
43
14
26
40
41
8
41
13
19
19
37
7
7
10
7
14
43
37
19
37
25
41
25
7
7
40
13
11
4
5
25
25
11
10
14
26
26
8
43
37
26
29
40
25
37
26
4
20
10
5
10
35
