37691
10096
81809
30542
133124
53356
108143
29957
15865
89588
25060
105823
46249
26258
60349
130873
88778
125657
42826
126043
61487
75433
48547
13736
119479
135398
54451
35077
43589
67157
96052
103352
77302
42805
132587
96745
118384
106247
126991
134921
61766
38597
104998
106580
86540
30641
123796
40576
42413
31166
53801
126610
129700
102964
26833
113695
124579
104183
13673
32804
35111
132595
467
133636
39610
20914
117056
22856
127609
130858
43316
75686
34315
36323
69515
7984
87803
79939
71126
17344
111370
124358
8519
127765
91840
57658
107249
81223
26236
120839
259
83839
117646
22954
83156
44417
44105
87047
88319
57989
83263
18886
20663
3770
54871
90950
11740
29941
57919
83678
47798
33917
95159
77930
26560
73289
694
20137
41323
48728
27394
41315
133150
31987
86485
102391
75169
130421
53617
50990
74714
1436
70651
96176
5213
12629
73448
38939
42712
130849
8903
112661
51481
103232
55334
100363
63842
77885
7724
104572
127592
35618
10252
125192
66643
119482
92008
29468
574
33283
80546
76009
34234
37516
58969
62129
50899
19279
122015
93889
36578
131006
71161
110641
122234
12838
76784
50599
114238
84178
19181
105881
6007
51416
117602
72752
35446
95428
103091
35420
129164
70699
133861
50303
108854
57473
111278
23825
98107
121001
3553
469
117029
74126
111107
104375
109843
74392
41326
88255
45452
60692
79978
50944
111980
62488
11365
34417
45359
114439
70270
61336
71138
91106
110782
66505
35126
109663
90679
134029
96370
93803
20987
77725
54935
19064
68398
28633
93976
110632
2894
3430
57481
82495
77183
56389
31688
87679
90596
77392
89155
47002
2801
24664
2746
114031
91403
60154
110171
68755
58244
69886
49678
101330
35468
126895
121121
126922
41917
79100
124112
44398
104506
68458
126802
46439
123947
45955
134131
101405
122711
110300
13408
12392
21911
37967
12907
114194
119977
124120
68942
65206
81053
5242
31894
2789
132118
17153
128687
38333
119783
4568
105223
87904
73388
119624
20836
61835
29234
42247
49579
16895
17011
85247
52327
38752
123835
65444
39131
130094
52886
108674
60386
20639
148
93280
22903
131522
109861
39430
57491
93574
43189
26741
67723
3172
10181
88712
86444
39827
17533
1138
80314
34480
86677
131003
95306
96227
60821
135200
92218
443
129152
16969
20965
128339
109826
66386
125972
106133
104869
68992
85369
35102
95506
18074
38528
106189
128071
124232
33389
10415
126937
112177
44740
78260
129736
4457
38554
77671
25475
130892
78518
18922
34342
121336
35230
8158
51310
47191
114022
20945
117374
86257
56639
77794
104104
94535
70696
97688
106574
103684
129985
97939
102299
39011
40286
119821
65459
100711
63044
113890
117742
4946
19001
16373
125833
54031
24565
64391
123368
25327
85226
105877
111416
28105
68753
101812
9970
26611
85682
116693
130442
79966
79432
118883
5962
5881
103525
71504
128186
29771
71374
111052
57086
89608
127225
70100
30566
38449
134417
18722
85835
106477
10915
83717
135227
102035
51103
9685
128419
23686
13060
9638
104408
92698
128600
109814
120485
119291
68243
277
35033
4198
111104
91820
117059
124769
48422
11792
50155
69373
52631
748
40496
64460
107080
39881
30356
44597
71554
24322
68000
85234
33208
58721
63692
48848
33971
70994
32108
101357
70855
89042
128350
47852
66959
110053
58385
116242
121609
109312
49955
38390
132539
90998
124040
125920
17282
42113
34492
111094
65605
124222
81890
120982
48428
10892
57238
82037
103192
110599
70600
39293
64483
85667
108650
133516
58763
54194
113252
66751
27421
49781
127258
46000
26849
3553
36632
66068
45430
92795
42047
134428
82615
11078
6290
130318
43984
64252
99071
12668
62489
56533
51815
126925
5575
47170
123764
86785
100663
123835
39709
14977
60004
54200
61169
87194
57335
119695
39719
124486
77467
82079
123779
24728
115321
129509
41726
24101
79912
5396
36857
6826
61633
110429
20303
90053
44461
8665
40274
9532
19349
80671
24278
100681
134671
108032
52624
78721
91912
92459
68884
56297
61031
79159
103387
41353
96569
9439
87808
40471
14152
125014
69709
98441
121697
91096
52310
30724
120473
114233
62546
26756
81853
109679
128027
103003
81910
45499
46340
60494
25219
2536
3616
108224
81262
106115
36781
41848
115978
124561
104507
17138
11
39448
1829
8651
130039
76022
61373
1927
55852
124601
29105
1421
119425
21803
104689
87908
89761
37964
35804
1405
62533
39877
110866
8795
10267
33380
73594
12257
44101
42476
29321
66761
105607
31229
74645
121286
107398
23384
122987
48953
12019
16241
72068
18983
38150
63737
107033
14350
123917
7508
15941
50689
46931
12538
82727
57100
45782
19384
69188
90697
84391
121634
43258
76090
38680
119111
60370
32834
28979
69997
81695
63325
86500
40634
82801
11368
105512
54037
25357
92858
61634
63430
8345
131033
76318
90260
51595
122176
132412
8083
98753
81049
16031
7217
20723
54061
12866
104101
87577
42113
38353
55939
127862
125219
96127
74716
22613
65588
127960
71239
45209
77089
134618
53615
71080
75373
30755
9707
83702
27077
39368
68434
108280
55856
98536
15349
132454
134140
118220
83840
61579
21829
26089
53755
33644
9599
128695
79400
97439
8123
14263
7285
85159
34651
61375
20174
132490
113396
52043
79717
5072
91796
35756
135289
12017
133441
37310
8446
18878
21128
115078
81680
65510
28142
79
120767
37012
15164
64361
134965
23366
100702
6164
130504
668
88823
36907
132589
66836
88262
100333
94268
43847
25
116710
78265
20719
18097
108422
39625
61504
110654
8020
126730
3098
7909
134131
40342
45049
63061
61678
69191
50798
68035
85432
51439
43435
122176
49139
132250
74176
13246
92428
6208
35647
72413
106925
78395
113746
80539
119074
39721
56362
12664
52592
81313
20276
51803
121303
88291
1303
70109
44200
52484
2233
128848
104311
67756
115226
39808
65840
77020
74125
44309
105578
110762
4259
76831
52622
117674
44384
58360
21907
99757
71201
74401
45851
113756
12643
53995
66764
14152
124144
109594
88672
12712
125375
56456
81269
127625
118186
33242
92647
57893
77837
61988
32444
103855
2716
106229
85816
68515
29651
129818
33557
123086
69346
100409
101326
104743
41162
54433
117947
51967
51146
70954
87029
41650
14623
54791
56881
132986
88249
13369
55669
52189
75052
109027
42236
99707
103352
129613
32659
133523
123523
88027
7010
79501
75718
130312
48653
3712
49340
54137
55813
101113
11776
29569
29417
26618
84281
86623
45989
58219
99689
123283
132695
60772
97519
39766
24934
65749
55613
79841
85333
66194
