32590
92779
32323
129730
109228
103546
133739
23416
21685
75973
10688
55517
105055
62366
82196
76186
13181
15236
134036
135266
3092
18653
59930
122773
58726
106588
74306
464
51047
24433
66404
105055
3389
98788
100469
112366
66680
98605
22954
110449
60989
33625
30115
31462
96737
133954
129461
131306
36088
128951
17423
38911
34858
77189
26168
92795
71144
123329
93032
121910
33988
46532
92779
59030
9709
78929
59788
97762
63289
81920
95270
125080
2507
11659
42922
120902
10415
37360
116798
46418
53525
20984
108274
88561
98206
20588
67621
33493
8246
47960
42118
42290
94031
21308
101705
126224
100370
26029
110659
28858
130364
71072
19012
132977
82528
84014
118415
114770
7561
122264
48644
60139
6848
19711
35459
127345
62245
103316
47234
70877
37355
89773
135635
130988
111563
102119
8999
75812
14359
120542
127718
9442
78017
32530
28987
46729
116602
33862
26545
123281
19810
97291
70616
49586
3553
128138
63142
66437
117488
110651
1265
19343
87463
1067
37225
85150
124664
47155
47528
26501
53899
38594
35485
130018
71185
87172
64216
73547
121523
114560
83060
5852
75209
40763
78239
78682
33142
4888
9379
15379
2236
32447
34574
88834
55883
72565
37790
45157
5264
85847
93073
59168
10907
129839
76474
81781
103492
6599
41182
89291
120670
124202
115928
82684
29078
59117
25082
85708
86293
56266
101248
87880
89305
22051
64298
9686
94013
125159
76894
99032
96421
36092
45107
129799
51461
121724
75745
20696
129203
3863
110156
559
128810
91430
83678
44797
37454
108281
129971
123388
52226
116905
99116
5737
3509
49133
37465
120377
61387
1157
105433
44369
59348
37150
38995
133399
24178
1091
18316
39356
5062
14728
40558
20251
128611
123824
86930
52888
118121
103801
62612
34775
85532
47842
62048
111283
98485
122113
116887
45050
122495
109538
89264
46694
11681
128138
44185
36178
129560
84860
74737
134308
121708
2836
41560
115067
12868
127900
53947
130324
95867
117674
52595
67564
29524
114731
43808
13976
101518
47140
58648
110413
21329
13093
21833
32801
5812
88489
91420
134540
60608
53743
20560
46912
78974
61772
48584
91189
76220
102853
86885
37343
105661
3791
127066
584
5213
57472
14554
105629
104917
73838
80974
12964
108685
126241
68386
115468
100075
23933
1027
25810
100204
43766
73346
43096
106015
7739
134795
68251
110042
107869
105394
81070
111613
97552
104219
3539
41636
5041
109013
10348
78868
78349
23531
74051
90709
91351
53896
56612
2156
77174
104770
102163
119980
64147
31549
113261
71258
29968
45868
67658
2360
37541
35794
776
22120
4336
4268
63266
9377
953
73795
110617
101782
119645
49040
56894
97174
125317
134912
99925
89111
104305
87937
74173
31897
120029
52276
103408
14146
98126
57502
38612
22682
94640
39656
44474
120164
43571
107360
129611
44828
67954
126611
10627
51859
63458
89456
13639
75601
88319
135335
29515
80264
87094
104507
111664
71929
42619
101630
108523
27355
24376
11173
49643
4993
72196
116675
125905
116422
88679
6452
47095
20788
20231
80405
94303
105797
34154
129797
45661
9562
129245
97318
89914
104183
66742
87467
62506
131008
75185
57104
45254
121501
90847
95012
127070
27662
76025
3542
8305
50738
9884
78533
94208
30023
22729
52975
455
78427
69121
68296
88013
85315
30734
63793
53749
118313
15463
3211
114580
112894
60256
24016
99545
15133
4940
114391
64930
102407
117187
95944
18010
14143
38431
133426
44269
61499
51230
66427
4454
120196
135059
114107
92714
52705
43265
11135
35791
80176
36505
37001
81097
119279
83338
45304
21025
111181
45668
86476
78263
27622
47165
118456
41330
85660
116492
107461
34001
53639
60365
60068
61327
82933
39485
18424
77
105047
52105
58237
49781
87977
95659
130579
71917
65489
63500
115700
40805
130225
66073
4787
22742
113437
9340
87445
86125
12277
81224
119203
66190
6823
44362
128864
90530
106582
32938
111464
74351
85429
35158
11183
60586
17342
28639
132302
82712
114427
134773
9605
108980
64982
36635
18421
65138
45877
127031
15736
59384
72899
21860
11782
79852
87640
4396
56821
80963
59917
33481
21335
9836
89909
54554
70489
107699
84202
90050
54661
83767
88018
85876
57754
40720
123560
99077
105778
55885
89600
8393
115190
27457
52640
125707
129854
27484
17923
73451
109523
77255
128650
16928
109775
82532
72463
66715
55100
41894
43093
130840
12685
18290
104230
70033
58859
92068
54502
50491
12800
9473
81011
14051
59002
20630
5270
75631
48164
45472
13822
44000
9472
6844
61313
6238
90373
19663
73358
31447
84518
2720
49513
96577
20954
18566
54053
102641
111106
108623
39455
9826
117788
121895
23387
41983
6512
51215
118274
76703
118813
19361
121052
127655
25906
68785
134086
2144
87932
93865
55723
37247
118744
105488
20117
4907
123350
73250
129386
98641
47183
34016
130600
30137
19439
19225
94255
47725
91936
98858
11683
76031
118847
19562
68177
30745
87160
89371
55237
41011
70493
111320
99437
54833
80644
120614
59180
68917
58967
74780
54082
106132
108769
49493
23200
13945
90769
4366
83936
47861
104212
96194
123674
109060
114881
79316
4316
68314
55432
59770
131132
126061
34639
119240
44440
2186
102905
125323
71051
48310
65168
12856
41210
60448
84265
87493
73844
62675
91325
22933
134147
58954
5893
120521
55394
7687
87131
59717
76034
6808
5461
93533
133376
40405
76327
63290
42379
66202
75640
433
113933
26914
35126
42446
87749
6460
129140
26302
68977
84488
71018
66199
31649
76852
74521
85682
84488
26473
32482
47681
55220
37646
6371
74857
99541
105691
2581
28795
58354
77918
29468
59134
106121
86842
101330
79580
92996
95888
105745
26645
66869
41149
114466
98651
5147
53764
71515
90470
102287
102506
2444
21856
5489
31102
96128
127229
22427
99271
20884
80335
64021
72700
3625
56539
23495
127786
926
116140
110332
129232
29851
42172
56491
9218
27377
61687
85465
98131
16001
52622
88603
40634
73987
116770
94126
34807
107797
116348
20876
128996
82723
107716
66392
109667
50554
112481
101707
73870
115330
98228
66857
9677
4511
10126
41056
53933
72019
126431
16816
110149
43616
127199
15979
4117
107026
109915
61331
102418
113248
105197
118789
82715
76418
70909
56956
13447
47222
45431
86894
27469
7759
41279
59435
34627
73325
122458
87931
10264
113959
126638
120902
43718
119102
23425
70699
113158
20498
130979
79511
133081
100514
62996
82490
64208
133654
25054
77689
67828
70039
52120
117511
100163
115112
62719
134644
53270
50240
109184
85132
50542
100340
70084
