117124
84113
115394
50935
61817
1072
47338
28406
20810
34807
113546
124499
98315
111443
13744
40507
66742
105754
114292
47645
70504
116242
110755
92095
55753
48103
65248
5369
97915
30986
98218
79472
1979
78409
16867
85904
80384
63413
113758
101692
98249
91837
89230
83039
89923
125926
10468
21451
95987
124781
68551
53419
127450
66811
32228
47435
114638
98147
52766
99214
15725
15712
43652
17828
116308
82570
126247
60760
32831
104285
48347
17825
83455
25838
101681
60505
15997
111784
81464
134827
123278
37090
74906
114004
126593
107254
27353
105433
91744
102407
70073
106846
117854
236
10951
121753
104324
1073
46820
2303
104987
116929
20261
74798
7702
120806
135253
45884
96544
103342
67666
84556
27923
6616
86137
18961
251
135451
11237
91297
102223
103517
62942
106282
126010
73727
92018
94798
75257
3202
97690
67297
7535
117499
29380
37909
103078
51287
83440
87002
19174
36914
57854
69223
66214
31126
88646
66059
30779
99053
22642
133456
89431
108383
103192
80186
69017
59923
39970
30641
85748
1754
120451
115094
6277
13352
17113
130940
65141
100667
105227
106057
24677
27797
40138
90755
58636
15130
21683
111841
114155
65908
108517
68503
37756
98720
34792
106567
46054
74915
23672
18242
76937
8332
133046
105034
21851
14933
100180
108695
2309
70909
101678
26716
120353
6064
117196
65425
21041
25456
41323
21905
91397
36776
112357
129989
113
12515
122440
45628
109628
10753
64324
73121
40624
62123
42592
62713
100028
7847
57940
102281
99926
23767
127810
85301
52037
132833
37021
95791
22732
79253
4027
114017
116054
3637
129986
2066
38053
3202
48536
12542
35971
134818
85310
77312
84187
14813
26962
48334
44381
84863
14390
10130
131069
29440
117539
69419
26972
19604
29446
71293
119966
55723
49639
122356
81224
66739
125035
120010
69454
59686
131878
127886
58687
104510
68879
29144
5906
96505
77309
50501
67729
114266
60211
85663
30247
64909
19628
57340
105979
70987
15994
91601
13412
87812
77722
94418
18632
89582
78617
110218
13649
97612
102685
95083
88888
58510
123883
93766
41555
87712
9617
132073
65989
93106
80749
96145
44252
122425
40124
15005
58160
78142
128858
71599
30602
92602
53248
49151
48223
132898
46486
84520
116476
35096
66224
69509
116173
75437
50024
21550
28039
82010
17156
115351
39262
118795
98915
83185
106247
26225
120880
51490
103982
114220
10130
21788
73127
63001
70847
7979
81226
3664
91969
61583
60292
44369
17531
41006
119327
67940
84733
34666
14360
124120
15308
75712
107665
1004
45394
100723
49066
31163
17099
40204
32390
49778
61708
105308
112535
18967
112367
59029
22511
91403
7237
105763
398
47068
10861
120767
113942
118817
19114
15983
105307
56141
113762
99509
79667
23797
65393
129043
77032
105419
33824
108310
18820
117043
77843
17641
713
76928
99329
45026
56093
105613
15481
56138
16928
26135
63425
18290
8651
104870
56098
944
48593
34258
100802
15230
80054
52580
8648
20851
44308
64427
129322
63194
68591
94453
103888
69644
59050
66178
114496
114656
36662
129797
57863
52913
43162
8110
93760
73207
134842
14855
74218
48031
48844
61553
85735
128632
115823
94243
36728
24214
45338
30940
109939
737
11696
77408
69713
93314
8026
49207
94607
66787
65870
17213
6731
108154
46603
100198
68975
47852
114577
8318
116887
50123
91673
67120
65764
93890
48077
102964
5033
116486
19780
114511
117059
54331
78164
50704
11431
109345
122078
106915
40558
52727
9635
47419
47560
57265
34031
116330
125459
36067
11267
130261
108601
103991
61391
38795
84437
131635
28474
89738
111778
70298
90449
114968
11012
34886
53356
44461
30817
40669
15712
71336
114332
47095
4864
49003
126998
61252
52750
116372
96692
63868
133274
92062
54727
59039
17293
3707
78013
45595
92903
77278
2431
49787
56896
34777
106448
110021
80362
23354
37477
95930
116780
39046
30085
121493
109111
21208
69061
27260
24428
52637
112394
22589
9271
54202
103970
26743
58903
46502
95570
38333
123388
119536
109085
67424
19207
102631
42413
99707
126331
101881
82634
107350
27658
112225
114529
24485
133460
48070
51131
22172
100762
51566
66248
132062
105950
35218
23791
28576
81436
4909
88564
91286
124705
63098
23795
7877
29836
87164
107654
42059
55060
54104
13474
104288
52738
129001
129626
50260
61970
67342
93941
50293
118414
25193
46549
89788
82282
92626
4015
27689
97115
92801
118460
108472
41942
7214
116491
94684
95294
111589
1429
37250
51139
15136
28283
103409
29915
22012
40391
114587
111197
135122
28843
95791
47258
97925
48736
129209
76969
52943
43409
39098
32381
49447
11608
75382
79354
14389
34049
60656
11786
34997
97499
63131
72223
13823
31265
124771
35578
93890
102106
12001
115604
18434
128737
27076
115943
65204
43369
57962
4316
108757
118232
36974
22925
16675
111085
102035
31142
32570
49967
64390
90530
12542
127423
48472
26282
44893
37820
83537
3392
26989
117694
119300
44881
134702
32929
47656
63407
97595
104662
68351
71375
109018
105076
115724
126979
102566
104585
43474
22628
18746
108710
113255
53792
122068
25888
102205
31198
85687
50605
34612
111530
55424
40591
22339
54262
72907
69769
117118
35725
61865
50366
128866
35276
42451
109814
48115
32278
79322
92405
55934
99733
86782
31988
38470
73358
80312
4859
104830
30130
76918
26159
6572
132425
66587
28072
72892
27316
120107
77570
84869
46027
14870
78671
103870
57688
75365
16877
89560
41774
108605
9925
26962
82810
64306
65638
42824
9136
70717
35257
60985
12115
60932
68275
31618
14840
118100
105701
64087
124516
47150
13792
36146
84088
114874
4504
6260
55012
43954
118648
96734
40279
15203
124459
123601
101249
53402
30157
133351
10409
64877
58874
22705
12959
13324
54566
50114
18587
45806
114631
8284
115343
14200
66490
64465
128297
93764
92624
70742
1225
98356
53708
40952
112967
64315
50257
79994
4139
80783
76699
14726
32491
22634
37474
67579
35809
113944
117320
55384
24151
116704
84629
26320
18632
16174
91306
33688
131728
70996
104734
132050
33584
22780
60256
33656
108677
110471
113189
113039
77716
77327
128357
110822
99770
51811
64810
23023
52397
68737
100216
99235
51325
50116
125770
91918
87640
103262
126419
84890
38083
95581
103843
94063
4886
29135
127127
114469
4124
127268
113632
81829
69320
106649
79330
56168
45169
30718
101741
97022
100028
66034
60898
37831
2786
73397
130675
114064
41357
120541
84770
101572
102304
53521
60196
129778
82834
51919
129929
109036
43465
109301
77911
134492
101507
43739
77189
10951
