73651
43034
129538
60356
131779
77887
98698
20798
15871
114554
133381
79142
122411
84085
45556
90256
24440
126920
84197
129382
43804
79195
102466
109240
51214
66431
130600
40021
110267
72244
50411
71522
2321
68315
131858
20386
10180
117247
41242
48527
97277
62497
128126
84368
11228
59660
60346
35071
51323
31174
28682
117362
109292
17785
113944
48382
107167
110015
88022
103571
68590
25606
39665
70960
93274
58781
114541
125195
62488
19343
38249
45823
81694
52825
16831
114770
113083
77054
37498
29158
130721
88705
32746
104387
128029
11597
40025
99383
121421
14171
67796
54377
61786
129317
11866
41816
52796
126086
31925
1346
31507
92269
47278
135068
9602
86341
114383
121807
49813
38935
37568
44395
126739
70442
35966
120392
82235
76187
84041
67948
112484
16717
8566
39122
32515
42239
102614
85658
55132
136000
108212
85880
92630
42736
86087
124043
128312
87589
110323
43235
126419
12631
110227
4669
105301
10510
124867
52442
85876
96230
6640
84977
134800
15050
11177
31868
80108
113924
4262
133813
114646
113966
106567
92656
20324
79190
80983
35714
30634
78299
101309
43804
113474
75941
48328
82579
86671
59582
134314
59926
20105
27563
9136
19084
64433
20335
73577
9271
133978
77018
30266
135058
77239
998
114242
120091
80384
81368
20419
133189
24356
122102
63029
24161
61787
112111
128744
35116
36020
127615
93866
78116
42593
125668
97922
107825
10061
58640
116566
30941
617
10934
30106
78262
34040
30577
85103
917
112525
105572
20581
23282
114725
84733
47540
62771
60865
40586
97537
119188
55022
56969
62713
97784
68626
46996
69137
101498
104800
73409
132203
105527
106163
48967
71158
27524
79205
20252
28430
56948
12812
49060
80093
126941
19694
13532
54095
79666
54070
16681
85781
130696
95464
12842
93298
28633
59356
50206
129736
29194
123004
12943
21775
116371
84623
114386
8383
28031
21329
58762
106007
34040
108284
50150
48059
127369
85333
102764
95726
5015
5915
45232
22900
122197
81265
116540
38819
4922
52852
54970
56128
63127
90086
100112
44066
38885
79003
75245
66958
123523
133612
37753
21431
128243
111296
91454
7273
83692
81421
103771
110686
108730
35039
132722
96812
115708
1445
21865
7433
54919
99776
86167
5030
54607
50825
71776
93052
15730
11170
46874
3113
9536
106166
46319
2756
103730
2620
9973
51805
105278
134977
27008
78463
34126
24635
40120
36538
26528
84539
44605
102727
48256
130271
108233
101876
66671
44899
81832
83323
78575
129095
108392
86930
100301
19148
112069
68351
44308
8963
119842
36400
8308
34009
115382
64297
58462
41381
100709
107710
125396
32320
97760
38200
48352
92486
27277
115682
23314
109450
86170
101602
124156
58423
75962
89875
99332
52789
44185
30403
61018
28622
66469
91081
84943
46087
43964
30170
87202
32093
24268
99803
64291
120856
24697
209
100541
52072
116078
123385
48170
66203
89935
37291
11326
30961
13613
111211
105956
57844
27949
54295
109021
94643
10922
58022
27718
54407
88577
1714
87245
112039
101434
38236
120122
126488
37790
84263
64939
41936
73754
135358
129824
50731
59471
5762
82007
73100
3415
74663
131446
31904
128242
127463
13292
3620
49382
40952
80477
25208
42322
53926
24118
30539
114230
8747
43097
38945
115748
108245
80101
54596
129829
97102
126910
53741
124312
96121
14198
127402
34198
32093
46060
26848
23966
59735
53185
73000
99335
20308
120994
28468
74471
8485
58276
75499
38713
101194
113695
19333
96736
81119
95021
91000
42470
86497
32920
30817
69403
47092
45668
103694
80098
91337
17977
102377
14807
70595
61963
1121
90797
46988
29446
52022
77935
110597
126997
116738
76408
128386
23411
37336
72787
5159
15863
1372
91771
48307
54502
48581
117203
99718
16756
60332
77500
35348
50210
116077
105493
112312
116632
83293
45892
32429
21937
123475
6869
13297
127768
105743
26789
37315
29836
99964
42346
45421
124036
134701
116813
43028
47281
98066
29338
85961
45215
106783
120925
117209
87257
114314
93766
89537
83953
27217
122036
106085
38255
16216
6103
30199
122299
33073
67783
38594
19804
110414
84580
8273
131512
87241
72581
65344
71299
102613
38260
3314
73937
46979
120980
47944
24587
102152
2278
131893
128989
125242
101621
32347
27491
129946
84860
36064
27472
39271
75160
69251
36200
45695
78017
54676
132934
14981
7223
90424
3895
45743
94456
100397
92594
101977
12505
3730
68779
14852
134744
84059
26149
123461
3430
53849
116192
88928
89731
9340
14503
50992
79177
73447
97945
43954
128356
116638
80818
134725
72788
84944
45274
54247
49652
24365
19775
84088
28102
110717
99163
27463
59834
125644
14861
63065
65296
131969
38216
42164
28210
75508
92314
129713
13174
55189
59878
5696
36122
5288
27517
131783
111854
93673
48901
48667
119224
91177
132968
33935
88621
96884
82723
35324
107896
98032
121352
59027
117343
24428
124631
32261
120817
80456
48161
134558
22918
107596
27566
81328
114559
55202
76378
112805
14194
12512
26416
20177
127495
23962
53849
80065
6493
1924
1693
1037
121558
121903
82793
126536
33682
69895
45472
19817
39010
93595
19291
61496
66058
68554
7417
66911
122713
106253
66407
24500
5159
92086
65885
131050
2869
7550
97298
31790
31337
98995
32746
40594
108665
115591
53440
6976
73193
98222
26540
112213
78287
67357
37645
31420
1298
66857
97927
11699
59747
28508
58325
65048
7795
11425
82628
32972
18772
67157
64792
50140
30458
119294
90533
3974
100090
30905
32879
58742
128900
81869
35098
72200
14374
95497
124870
37768
48430
109321
71992
108068
25354
16244
59690
33494
27700
6728
65932
46982
96064
130886
119969
126601
115031
95942
16759
101599
128915
71905
46087
122032
18184
81166
80386
54602
63089
92563
114950
110704
67850
72745
106018
92515
88858
29540
126514
116405
58664
79715
49900
18514
97004
33742
31421
98474
17773
70505
85889
10358
7129
132847
19234
47527
100925
122819
101764
28091
79648
102400
25751
11650
39391
131497
127283
128114
48586
118802
131569
129092
84605
67526
34681
46003
101920
87989
31453
6389
23336
118348
16952
52630
1759
58051
122318
102616
44588
111008
17765
10840
78355
43964
44587
118250
39784
36136
131992
110350
41380
14816
104797
125603
83105
2735
58612
71923
114110
90878
77146
1748
94484
116663
76538
117349
39043
63752
85814
105979
38828
103694
3136
3902
33539
48377
120350
95966
85060
5272
70522
12694
20257
61058
2746
102907
85640
83303
38699
64150
59891
3290
88246
41120
120059
30037
24205
22885
115487
110039
15451
40574
99515
18779
45311
