19276
66956
53404
115093
37876
58799
49964
50804
100154
133400
75103
90331
83936
23071
128954
12466
105434
19232
121648
11306
3593
37874
35315
48763
18077
31487
64322
81409
129938
104957
125587
36397
58946
66017
16112
119456
11044
88607
33725
111664
85724
131564
66974
56308
41554
82394
90548
11221
101903
78148
22226
126686
116201
79793
40832
20798
111134
127874
101851
127700
97111
114565
29426
42907
45448
44987
26155
56366
20374
81593
54712
128038
77630
8000
49352
5323
90905
4957
16363
79096
83249
60769
70621
85754
4912
112042
106729
2209
127211
73187
130138
110425
52660
24064
17879
119782
91301
65927
62551
111397
12281
118126
127181
112145
126175
41467
117325
102715
68474
20834
45785
38216
104623
116546
123736
131075
116185
95168
133009
127933
55667
128914
103178
108434
16325
7135
114280
130886
73240
41882
127795
107386
24526
120470
84220
36851
25357
88643
3974
115432
132238
50243
19225
101192
53048
7622
95659
55280
125600
93941
47512
44365
85513
37184
40114
123356
44527
19634
5273
117662
62207
134123
89431
87056
118697
60998
10229
29995
13970
14174
11132
10426
85264
30055
133586
26158
60230
92254
81634
49421
73147
15949
94891
44968
53044
21155
34054
120251
41138
38467
124055
103546
59305
77926
76465
41773
24883
86785
93944
60868
123290
105839
94498
73894
22904
91156
99989
104594
70049
67418
18965
7189
83749
434
74009
22814
22271
107800
7448
84949
33223
131123
53267
92438
95590
16321
20537
120446
124616
115262
68653
111686
107980
27113
50539
16630
4255
36512
121594
74149
104324
27001
103588
51808
26848
42175
75112
71903
35941
104308
21394
69425
100270
96004
47996
59969
134720
68234
67205
124664
70246
670
102502
64334
27488
39722
82123
31291
75989
67034
128779
67022
115969
96614
118312
29791
24850
80177
101548
61013
49498
9872
17102
36101
128608
65140
118178
128551
20584
50297
117580
112817
72899
107807
42236
122666
10765
123004
41230
108760
77155
33899
40160
80512
16781
45904
109844
41360
12425
98497
124661
83959
108769
6568
120281
124244
93338
104192
116371
1333
40978
121856
114446
114511
94159
43175
123847
103901
52529
30227
100618
16804
86311
4627
96731
104056
72394
71084
31222
84208
33889
43052
34166
28865
71845
19046
16844
30892
9679
20317
54278
50456
6623
32927
52345
99976
97618
62534
91654
15385
92948
55673
32429
43957
82634
128581
33979
19267
64090
87236
104693
120670
17231
25433
36382
89239
44116
52994
6860
76268
95929
60820
13694
102790
115810
87346
89789
78662
14890
45493
94540
108433
123119
125648
38725
70442
6679
95537
113314
71546
47498
81616
79003
87184
107368
115690
41930
37751
54883
47689
114044
37568
108713
13934
4670
111478
101521
116261
54023
116570
25847
34693
112001
35657
25177
15379
106313
31889
110149
83002
125482
44074
51275
91292
130784
44779
93229
59698
104822
12785
106793
104855
50680
102980
119206
77695
78784
85718
58153
18424
89056
105373
53035
64639
6109
100577
80414
133783
18820
77110
104606
9116
8039
41870
122237
3730
86948
80054
85301
77912
114938
57179
48338
51778
46283
31858
129023
123583
3896
73862
29674
93145
44062
82322
21914
72070
48110
125210
93308
66913
88087
62440
98536
96025
126271
107918
122774
76705
51950
71450
42091
31541
15671
89057
105950
60953
121030
121394
71789
125497
60179
102166
105944
126536
48919
14351
85249
118480
3629
43165
73051
91840
127391
57275
74686
117398
29846
61510
82615
81965
20645
124804
115
36449
78772
105010
97969
65954
92323
34573
77072
38663
23381
69446
29519
94789
84070
114637
78767
87490
45248
37177
65557
37495
96455
27302
20344
125921
89938
102878
94465
110353
91969
116663
11450
35633
108757
130030
122731
86795
53153
86779
125852
75857
42397
42098
56893
125999
43468
568
100163
88892
60400
53125
125932
20380
80671
11768
32266
34415
1391
126545
31499
92816
107033
65264
16076
81226
61837
25393
32297
349
133811
44516
99133
41732
86869
21332
32285
16967
44302
19292
105929
103880
71590
119182
124942
16826
131356
43948
73906
18818
34858
104455
134219
28799
34651
37544
131443
117878
62471
50995
5014
82784
95735
103193
124559
68272
125027
43510
85651
33625
63100
78053
2690
21718
61537
14026
38689
78832
57863
112556
97681
114938
104209
96460
30518
25580
19576
25942
30293
81649
76360
36031
51791
58204
4024
63230
13709
129289
129586
98854
49528
78121
63550
52519
99581
124528
87908
24922
68498
33109
1592
52339
12442
128029
35468
64891
18158
55138
90830
71135
1816
54307
106574
76066
134057
110761
3175
13292
126160
131689
133811
40568
75098
63106
114403
38738
74483
89602
64243
7211
122357
88171
60043
22141
102814
94903
86837
120676
36475
42709
56053
60470
119429
49351
850
118999
46294
4262
131728
36836
22846
16927
99116
97150
79726
101056
23473
18361
55208
109948
47942
43081
84716
129223
64475
51799
110956
16396
58385
11792
80750
1580
72953
64058
50563
74167
69268
119111
100177
65665
20789
122671
105197
6731
107033
48361
130186
17864
88864
49103
14404
23056
114835
121699
16664
43255
37528
14227
81824
118990
26224
48860
120328
98398
505
57388
58619
71228
40927
45314
22399
83450
56035
128321
111974
27865
61852
105914
67201
38033
20390
103430
61039
21175
89639
99713
86531
13372
113569
55237
131489
5200
104830
2666
126140
127130
58927
72241
62230
122981
117577
106436
70634
37478
120485
69226
86944
69077
40015
40516
107873
83035
8938
55235
103598
98221
19880
55358
112181
21112
133867
130204
47735
102817
132625
38716
94627
79214
110009
43511
66785
115342
14386
24091
17227
21682
93314
105221
90910
20032
31558
85070
124439
40720
4517
93005
25832
46505
34676
2425
67075
32612
19697
114644
21370
17389
40900
2624
96802
38044
46474
28483
17330
82793
74015
56575
125941
31946
47914
81745
73627
79003
31285
62665
119342
58462
41587
10493
105307
98819
35146
36962
17438
54916
38108
61105
94307
78709
63703
55258
117011
131972
106189
133529
101924
45373
77782
91739
98747
124516
61105
59407
69860
92549
121810
75812
14878
49679
86150
6617
12530
8276
43190
51950
85615
82312
113053
44015
47969
62893
99787
28891
59068
92573
50134
47558
2252
126493
3500
123179
3941
64618
46978
72845
43438
33041
13418
81674
105202
121703
87272
117343
129545
17081
55796
80639
121216
33367
10634
55529
96347
110989
84541
41882
68027
20504
88934
92585
34402
114749
80984
38644
66319
14224
111484
131384
47258
11485
77513
39250
132827
52043
42434
14537
90413
99047
116843
99242
