18848
128213
18614
2399
123869
125116
45620
56666
32710
20867
36509
67444
719
3554
127754
88924
17872
125453
84958
86611
1597
49654
126416
21544
123013
32428
36356
99263
132085
17438
62726
15259
31456
102566
18029
20164
114322
84317
99529
12137
106063
349
101896
128929
3925
93716
82234
43862
83192
32729
132014
106852
103808
121193
127981
91921
18565
51349
55636
37120
68626
118417
73742
99581
109468
114284
7162
89126
63976
106193
122785
56582
128584
88622
49159
19610
68102
18116
63706
38201
72664
58678
9989
40825
44905
25480
132347
85891
76817
74204
122705
32263
79348
84290
19001
53233
62950
26017
28555
127295
132116
16424
47828
125992
126418
118930
32114
81994
24227
96205
119576
96382
19082
16553
24479
86065
42139
42932
57617
117856
117899
45047
15422
62228
128341
34196
2128
56114
59435
52670
68489
79079
68686
3683
92110
82052
9523
124051
28360
33781
84227
12775
17150
126983
29542
64277
98549
92816
107089
20630
76633
111247
64912
113819
60106
80537
35597
84866
22388
117725
1894
114533
61790
70223
116765
40505
39632
127291
28804
67894
47857
212
102451
87232
12779
18848
37691
111200
135244
9454
131635
76064
7631
83813
76610
90524
50537
112018
39026
94781
93865
40693
73832
41882
133942
78053
82718
37471
91879
132895
127939
4313
20443
117380
113936
33179
23315
16127
8744
22510
47917
27499
98177
77848
111079
61559
31771
48076
38503
71399
7669
19216
111982
81313
60991
111061
23686
8158
35186
115330
27653
27949
6688
48341
32500
120607
80807
55274
23542
111416
77929
93218
3500
62083
35771
1234
123965
68029
49174
48709
3376
57491
68171
115879
24728
128704
114035
70648
24086
13298
51239
51994
63053
79496
99919
117583
87019
67441
37852
110650
44167
116257
68674
69742
42137
126040
70579
52838
58189
6761
101087
61949
85640
33272
62641
132431
49328
63535
68252
73745
77321
5912
12565
27425
85631
112775
9928
59843
66949
69850
56818
110755
49886
11408
67832
114932
1853
3202
52753
59965
32419
19306
7780
4967
74797
71185
2726
11428
134945
71300
107153
99002
98830
120019
12866
71410
118760
44840
130216
50110
115624
51209
48161
51715
63409
114784
51883
86509
5585
105197
11282
59933
10957
18775
64376
107275
112319
67991
119399
134845
25306
112694
120019
10775
97325
133958
81805
102866
43262
77329
39763
45244
15652
87365
96719
100448
90193
35506
52504
95257
5348
64147
42001
38392
105262
106804
11045
103633
61883
16882
103976
86635
129145
88814
119092
113161
108716
65885
102616
39551
30217
6904
84373
45850
116950
67114
32836
71051
102614
84583
53635
131015
35330
95239
33986
26974
89054
67148
130561
14726
83656
121561
123241
99586
75160
106853
76760
70492
59980
44657
110062
89108
73213
58361
21757
76292
125494
76609
12059
115346
26363
88192
111563
83621
69758
9095
111197
44998
75874
128272
59956
46292
115166
69847
10225
75488
64045
110102
11290
122249
40757
121630
100363
114304
66139
121742
54424
78319
62449
89314
59305
111043
64325
34120
59588
20452
66098
56792
66443
28810
72244
12538
74482
50296
82151
85534
13525
10445
81910
47101
20510
122767
32279
119545
122219
98896
129380
65215
41597
55807
41438
123211
53329
104195
21892
135496
12601
109699
78262
100909
3317
14459
113383
78259
64945
81856
50021
100216
114004
131764
12176
140
118883
66356
120865
129161
29368
113377
58891
93911
56122
99571
102829
109832
93233
10937
132160
105589
120427
74189
70447
124276
88718
69674
88627
40549
16363
4078
5858
132103
22618
18212
130696
28258
84143
116840
21701
545
116453
80563
115466
37909
66802
104506
11485
23452
116006
29714
14114
100537
104855
84127
111337
56930
40696
87677
97876
56230
91939
125807
74801
1067
30980
70723
29123
115078
74689
72275
2419
55531
39940
4852
114815
106007
109565
13111
16210
112613
42331
30791
77009
10858
1369
75763
90697
41902
29095
52675
120491
7217
42919
59333
8284
95464
16996
59716
75365
113006
19309
99895
32795
58586
127268
34436
30034
123316
47507
67880
99592
90127
98624
63982
123091
122831
27134
78392
49804
56620
130291
35482
85838
60449
117670
115924
21377
134945
40139
118535
112028
59101
105332
31946
4744
120245
65179
56405
107836
135064
125275
72574
89426
110458
23564
77167
95956
50497
19817
33692
106766
37384
69247
78476
119480
51371
59926
28511
72413
121204
12329
48418
67565
5045
102076
71588
125026
54038
128612
97613
54607
4522
56923
8438
114403
80015
107983
98108
131467
127615
132331
124699
52378
88520
67805
37177
26299
14350
65305
98617
70
99808
33434
67444
104093
1043
25933
117106
56060
41033
78367
109832
45796
22561
5060
47009
102352
113122
32755
120521
127612
51176
132004
44015
3647
65212
102733
29854
79210
32864
14986
101210
132448
49297
33118
122845
50551
81130
104285
128870
121882
69941
102464
32459
92455
130217
101092
82133
107371
133928
68090
121328
71579
64144
51404
74378
15988
18043
127214
118061
50845
7099
83051
70060
77978
2599
80093
129164
83669
70534
121418
70483
5575
110654
124892
120971
105929
91513
67298
99343
112411
21593
106436
47623
107842
22601
9631
124100
40604
23527
129041
113395
51665
75242
70184
132229
77414
13903
124651
47828
85175
134290
119087
112843
132994
129905
97258
124228
108154
29191
110546
85025
72574
82409
19666
45650
104302
50771
55867
32512
74855
48484
10652
127805
10805
102469
123517
110435
116204
135332
24059
88268
132649
6836
87511
16280
1961
48218
4966
111127
100300
115958
82135
37001
84932
124580
104381
53701
39814
47443
86171
113758
96160
119854
129052
128929
86291
116419
103540
89663
2401
127066
64505
22519
20768
16126
39001
22682
65083
66676
19442
51995
68077
123835
110996
17107
113126
79661
70546
38557
127808
43738
40025
110326
27329
32566
102821
716
35102
70888
90179
38291
63545
19544
60136
83159
35446
122015
128521
122801
50848
34954
38747
119096
45728
14756
1241
22598
117481
94330
61537
109729
24545
101317
106133
52300
19957
73985
75745
55768
32308
30299
115303
117232
71708
61748
88169
129581
47485
104089
116108
121397
3026
41836
127774
48995
56332
15283
94000
38537
133022
41573
34201
20924
29468
5023
73498
49648
101134
35911
127022
20621
65662
107666
2693
24481
34148
112358
17872
104377
80935
134480
89711
105886
41560
104635
41050
119930
119939
134912
43966
116552
41371
100919
2048
92809
127097
97163
7217
116002
132772
133418
1331
85778
128828
25997
111073
48916
3413
15316
18206
84391
14626
130178
78194
77711
99958
118972
84314
104947
118772
15577
