109570
46078
116123
133289
3956
109277
118655
33344
90133
116722
54272
91378
88813
48094
4405
85640
97487
7726
102181
2357
114950
2759
132550
55574
102236
118763
38858
51682
89531
21743
67208
85279
90067
69941
83485
115618
43889
66139
14113
133901
69176
90517
112330
44476
3098
116815
130220
122639
11135
96724
11755
125914
121574
9122
46000
89327
14900
85471
26461
104726
129325
116327
77987
104807
50390
26095
86902
94837
115726
100115
115978
69796
55838
114683
115405
81170
118393
109723
89794
128624
93380
102632
119650
100862
133250
51323
54928
13073
23105
82409
4786
37927
85067
82141
8333
211
130214
94870
94598
109573
81911
97069
44335
24026
75901
45695
105626
58882
42724
82798
74122
613
49831
80567
102338
47437
18113
44380
82949
41117
12991
87034
101621
97556
56744
109763
97462
73397
90937
79552
69164
59272
41732
550
84109
4459
46252
53969
85424
88610
1285
46306
111619
72637
127228
100567
6935
9809
9596
89810
72809
44672
63481
38849
29468
6430
35978
127756
79100
13814
93599
13925
73504
21941
14230
22021
27259
61331
97900
134483
36470
120401
46351
13162
58828
59959
113485
88073
90889
10045
63620
29524
54709
127400
91403
83950
20104
13928
98723
122215
27758
57065
439
123227
79004
36536
31786
128153
119957
129269
13847
21278
2141
81712
55661
60989
6185
33961
35429
98413
44129
99443
14587
121286
113111
105949
68743
134210
119491
32381
120229
33236
111293
7228
43190
76990
66358
73711
92296
73250
90394
106000
93284
92539
74513
36716
40405
80905
70588
76033
66140
1472
40544
79876
122594
18182
72593
56656
39218
79079
110410
45848
112763
108743
75784
42401
50206
6857
116389
28481
80384
72320
21511
60652
29215
96067
96991
69916
41381
54787
33098
130090
56188
72335
74510
43075
113587
12280
120530
39529
91027
96662
85492
90682
69653
25793
133054
6400
55363
1862
35359
134335
74189
56348
82286
126175
16846
65885
82343
80657
121555
115516
95683
42788
75472
35911
85852
54188
69758
71752
93707
48016
54721
42964
26264
11059
91520
45967
17153
10648
47788
74857
32075
121192
17689
799
134161
34156
67666
80470
1657
52919
60365
99101
96488
560
21319
67933
77054
113273
26042
35090
26440
103790
100421
74693
114856
79289
119515
18293
111463
33088
114727
8149
40724
132496
31358
39271
53633
98716
6958
77089
16363
90148
40327
133891
90463
83708
88823
53636
61580
1186
110771
110171
103597
76187
49913
105035
40979
56065
9866
17335
89108
123956
48193
17233
121702
79450
79805
61282
42331
86311
3176
80225
40714
65263
101498
17027
13843
54452
70499
97064
55213
45235
94025
46508
7846
31178
15796
71399
87412
25237
89011
64403
14416
1346
81397
22418
80306
25231
105910
9517
112036
108604
90349
38033
39131
55798
55436
75866
131006
12301
60305
51364
79952
19352
97520
110050
49817
135568
46054
24400
24914
134704
88087
61814
667
34361
83852
103633
81695
54944
135119
79606
50527
90164
118156
111236
32584
59299
74144
28249
72911
134006
102259
38726
39761
86341
14021
111758
85346
60295
757
132485
59345
88267
59033
81563
9895
29479
72136
91030
106318
71756
57965
20873
48575
40117
19358
80536
122584
93995
130891
81316
113936
120272
120536
39794
70969
134753
16502
43267
58972
40025
40252
4688
127903
98981
108476
24950
15151
45421
3188
121304
116758
61646
28571
30442
123308
48100
132994
109828
28102
129194
56063
28535
114227
63695
68858
71428
62840
107845
114200
120680
11737
41413
12842
26951
27310
121451
52223
42461
31588
77744
50051
36085
24883
78157
88745
13405
13847
109534
10229
41536
125041
88679
92359
126823
16666
26249
62852
79027
133429
63239
86758
32027
126818
120631
59399
18973
107275
132704
83651
26611
75538
134087
62546
122513
100093
38513
706
114301
11714
33295
42496
1327
121378
135431
127294
24596
47840
76213
102917
68542
26504
76981
101110
18011
63388
46426
37126
57047
66374
7555
84082
29080
28274
33613
16471
128071
71906
39293
128545
105368
72817
57155
129001
80522
79880
7556
105121
127699
83858
95218
81707
132101
59057
68864
14783
9352
116191
74269
67289
47518
81616
16231
75887
109927
71959
115234
123893
30139
18571
117382
385
90716
60901
16226
36340
4991
23395
27686
18937
130261
122794
100798
127063
46777
57502
6112
56290
59695
102647
10051
129140
48517
26753
92644
44381
119686
71171
33751
15266
90545
37742
15532
46265
99188
31421
104785
126152
78100
131245
9772
71552
6491
133388
85228
75686
77321
91889
18979
1576
80588
29342
130243
128966
78140
87500
61118
62996
24076
116530
78647
113875
40466
115367
47845
26255
34361
38443
16790
134320
35075
48409
71098
64150
45805
43718
26227
9793
21209
44693
11444
101156
96476
6731
95549
61415
117392
43201
10580
5221
24161
110116
6284
65012
90982
53579
90752
12529
92254
107765
11339
14365
42712
105106
101354
110173
11794
127699
120881
33283
59389
132004
135169
42544
25579
116156
102482
6787
24232
114050
12016
70123
88906
40747
134192
67280
94945
112706
79738
74081
106792
113440
110402
14120
82400
98267
124540
115366
89663
110081
35573
34930
128554
56270
78409
19238
59585
67834
26521
105925
46957
60296
40613
23530
101342
62207
90073
82828
38884
56659
20906
10109
55964
18485
45806
25243
115913
35411
5438
92654
32327
40906
14627
26212
119452
115114
45748
43519
47546
94478
13721
116596
19153
54197
4562
120709
3067
117374
89909
41486
61018
133094
73964
117835
15566
6875
7100
17989
64826
34588
133033
96368
98633
12382
10078
81736
127130
78314
125195
40175
37099
25553
21182
77627
102254
48644
85750
105394
51665
39982
34297
113215
37076
107584
116638
74849
114545
124174
92803
65873
45827
90523
28417
8438
102725
60050
112201
116596
2722
124165
21175
61451
14242
64690
4091
116138
112520
110599
86200
51425
15131
120100
28253
73316
114713
9757
13171
116372
20294
106253
47923
88609
83701
75425
96778
73028
22328
73576
53995
25198
62777
74606
87004
99104
26246
112366
80471
25925
88061
31150
76736
126184
38255
127322
64528
18061
24004
78035
134359
44504
70966
69539
19660
18596
31007
116390
112904
54106
77497
32041
78428
26468
105935
52178
125264
19475
51826
92453
44606
26537
9940
121043
17824
47828
114373
104213
88192
2342
47173
110369
68549
5198
44176
88597
46307
75856
92453
24067
129677
55954
56372
95497
104047
49934
33229
115636
69614
84809
72850
1559
133706
104158
123493
15928
17365
124025
120830
105473
127049
55357
81728
81940
82420
11992
57326
15277
87910
