36398
39701
103267
113993
117418
62231
83587
54037
117811
85081
123155
68084
44597
124397
65516
14125
136327
104576
31490
123835
110981
24572
1739
53923
128314
106891
785
4265
27475
15853
114241
86042
77765
81655
64328
59656
30727
34279
113051
13702
119687
123968
103105
28831
135823
55435
43064
135482
46771
96349
10388
23266
120793
34586
98999
623
5089
121442
4894
55388
24692
5543
5597
102149
87112
92060
47902
4966
126461
48763
18815
133694
36836
8545
47848
59152
64718
90851
81331
111710
74518
91555
20761
60680
125776
120017
83941
17969
105914
88454
72496
130136
115691
100186
118634
68366
80051
31621
73681
92744
101347
113191
89057
26278
122639
2201
85658
73193
115385
31264
48422
55384
9118
90884
2425
22004
97475
85973
61621
89774
60911
134846
107029
41650
121516
91414
132463
66373
8641
92189
45502
111563
69301
134933
24172
78115
23015
109255
15376
3458
27467
85910
80614
58687
42050
104813
80948
26441
55393
7354
116510
3472
29035
86923
67832
36938
64429
64042
125246
95792
20188
34750
70901
112295
56299
118156
54520
79420
92003
69931
105289
6269
21097
72443
64727
62506
40906
32537
88987
119147
61294
91312
123268
112967
43894
54893
14468
130739
5566
26684
89357
25825
61847
47588
2086
117529
30037
56740
61672
122221
13433
53720
14638
34135
126547
79693
118832
31784
111508
94687
15917
38216
50534
25288
15008
117061
102088
51769
111472
107779
78565
65185
20441
27310
135952
21877
9706
29657
100775
94271
38887
114467
12158
53119
34939
24325
133307
18730
78262
131846
113435
93568
55772
27859
5893
93535
31355
108260
9968
6398
101704
110785
93847
122980
2899
93568
31840
34442
10594
19417
128774
49786
20165
26561
102779
55123
73172
122183
74068
16426
4826
51736
132442
61162
102119
3113
18818
19837
133436
51371
26428
100193
48766
7256
87718
73331
101794
5579
108212
111649
24818
123209
47960
44801
36994
36665
99568
110488
24275
60392
127397
28615
134087
124138
110981
122150
14005
17345
6817
11807
69218
55328
112565
3712
62344
86428
77081
49973
114638
50126
48409
2930
60175
96193
70397
97913
20026
34675
73132
43913
117551
86368
94543
115904
75778
70327
103760
89315
88750
109751
100841
44137
29876
100142
46955
114463
73442
11375
50597
50906
61348
99118
54158
8528
82438
10715
107078
101636
67327
66286
33014
48925
17675
127816
29767
114871
85106
19421
92051
60649
129062
80123
125510
45629
44836
60559
46199
4621
71452
97181
56326
19715
61648
131773
28574
30056
7915
135119
133303
75776
87856
52102
11366
105428
67027
40714
107614
16855
60274
63583
99907
75733
8303
112915
8762
75256
37211
55211
80609
108518
17351
355
15842
100120
19307
44710
131501
50380
66109
14953
11404
18454
67322
22747
10225
133312
64126
4301
37294
11195
67907
23594
88013
76496
478
96980
38611
59771
37856
117538
33932
55664
4922
49682
42394
46166
115849
37699
96034
46006
74360
108164
87491
28729
130256
118795
27386
81667
124747
85747
92767
56548
109558
67402
19345
132385
28351
57188
57238
66205
61465
112852
8479
88912
49633
51313
190
29413
111089
96014
98078
73000
89938
49880
101813
85993
56341
16259
32099
44690
103178
11473
101723
99583
78208
7252
119186
128075
64616
62395
58772
13822
40127
90544
102832
111857
28271
103049
28228
4120
86332
12886
76814
64067
85420
66038
13705
5375
81872
68119
50576
71867
100583
16061
57707
43483
23444
41240
37259
110825
104036
118346
11059
30872
95920
113987
7463
123872
103657
35023
14950
76619
47876
91831
4889
132568
22747
40348
24862
127081
130217
74927
63593
97307
91220
121280
26801
1121
48824
85511
133739
17315
68645
31946
47905
51421
10433
77941
39919
1189
134899
54848
100912
69607
33328
127699
89185
78353
32558
113984
70079
49529
53402
19769
32296
30883
5315
59461
54220
54758
9568
74636
92800
101416
106535
28568
16934
3731
105526
79118
4937
128630
133739
128182
62594
32207
118894
16102
131993
38446
16669
66869
88232
70385
109736
120826
123475
842
66629
42701
54766
98653
117002
35063
63671
89000
63386
103307
92407
56593
47213
118912
49031
67525
132788
134273
121975
116602
14782
118012
19456
53171
71981
130336
123932
45191
1304
111220
46180
67679
40925
122699
52681
44744
44471
116803
133780
108251
106636
112232
52084
18236
119125
101173
108793
116419
99628
94667
119581
1097
99079
26132
54712
35941
42976
64645
103487
43618
63100
36013
133561
104707
23182
50696
35446
67984
54262
33125
63826
25154
31958
2027
66443
36595
103238
61105
39682
89908
20182
23954
112778
6361
49913
54118
42242
92128
6023
31718
22412
69166
67828
42325
59921
91139
93106
95234
46054
33902
15311
131837
81443
69643
133966
11938
106115
123481
72512
10765
100163
114356
56386
77531
120859
129382
18724
49222
107630
25271
82037
130355
116710
35821
37606
40589
13976
17177
23027
59287
73007
60005
77981
19117
129817
75790
53180
123875
64865
13058
20800
51269
126710
77320
15655
134386
93629
35162
72040
66043
82037
39880
83215
62804
76064
6805
126104
89453
24073
35642
36713
119834
96914
115160
3661
90341
55180
57079
79211
6640
70555
121018
57838
84266
64124
74213
84388
44374
130351
42401
110207
76102
82684
57892
26311
22403
64262
39076
112151
110306
74068
13499
94658
35453
128225
120634
13412
69937
42413
114533
98261
134671
100792
43190
84052
29750
3824
54235
73927
136186
96850
70468
98056
43807
15029
124427
89071
101197
28163
66043
76216
124435
101804
58129
24988
116486
42731
38920
72572
107756
17254
35675
105787
5110
78854
76102
56923
82984
18389
17489
104120
115822
89485
66409
46508
103060
77966
134779
68879
128696
87202
32014
118126
75532
112514
29098
55738
41045
89738
127987
12968
129695
50567
6374
135427
16418
83572
56396
121516
100870
73946
90800
103277
48298
43180
36097
16658
8818
57986
108109
1843
32608
26216
6034
107462
2815
35048
50648
44266
11999
65449
79094
5852
117124
108305
26749
19502
55327
105394
5692
43694
43288
117928
34364
92534
48352
70585
130561
58001
15494
126065
81662
47716
16565
87895
20387
41137
9970
71051
85681
21769
23062
51199
49421
4072
24277
98824
45505
101660
68626
73448
31505
134132
78959
66137
114286
127462
23537
130454
71494
38876
120776
18772
109717
2822
128066
16519
66074
24949
108904
17011
68554
132334
90428
118063
23498
115174
104216
69151
81154
37162
29416
112534
36407
107680
65305
14164
122492
88471
10102
59051
14026
18709
98947
123562
43702
114533
4301
110425
3895
114638
14036
