72476
111121
104246
76852
133768
84517
46559
90581
50798
105412
119296
28324
6640
92653
115906
42920
99733
69101
75484
46000
105743
94373
32074
94063
24485
11245
120259
134434
14990
120496
12944
110050
118088
117701
74126
3991
88214
119990
94357
3611
90752
100879
54188
119248
79115
57028
48947
44221
126052
124684
90850
119893
106484
122711
99047
16535
20806
83708
15655
58003
90625
51451
31868
73874
55499
106234
77611
8051
112621
58960
33419
90556
23558
110084
75373
125312
31423
10558
33574
43549
21836
11360
49274
14237
134150
12457
30473
41986
118447
46400
100240
74279
118897
132049
12662
39481
124976
112934
68731
125363
35311
102605
80938
81436
99497
19589
70006
17840
53056
125537
61441
74657
2290
110116
87974
23218
10097
119188
64960
127900
52339
29609
66842
36263
48205
100694
75695
59981
99455
9403
49403
21787
134836
130429
103469
98723
37619
60379
116156
89203
51575
65569
28951
76783
62870
117479
100247
72301
122893
51310
87395
39656
81148
40838
75548
15769
6160
37889
75490
106264
48080
11668
15556
47647
6173
119008
33100
65531
66550
14158
19580
5020
101798
70909
81725
50599
74911
68141
122591
62687
119837
96461
101252
86761
2005
64324
102758
8492
102163
65449
1525
15415
76817
17027
84043
105535
23105
117071
35167
111337
17975
54838
116102
5906
11830
84104
56116
87065
17285
65959
35077
23039
27098
1285
110087
29197
87881
99905
58996
76730
28883
83105
114622
127421
121882
62816
97207
32032
67078
133327
7862
84502
74330
11285
113647
108838
96035
33901
60179
135662
99101
95581
22579
13376
118724
19285
42463
94027
119074
123617
34105
34480
71803
13043
27059
80312
75565
11026
111625
29375
8633
119866
1729
105220
17293
114815
78923
241
13114
25415
22267
134810
8020
67361
12614
126284
85486
76610
106963
91561
87062
5213
126065
45220
18290
16832
126127
117220
27740
101480
11179
58328
107170
12938
50941
12275
127756
16610
12394
27269
64466
34858
26705
72620
100969
61600
85748
73753
24418
56392
29765
134164
61198
20231
43621
102223
58672
32909
82978
109075
21280
94031
54562
129452
107365
104611
6307
121505
8602
40262
13526
72856
75706
62425
32500
63388
10121
118204
2174
58150
60233
53741
55613
9073
74096
98611
110548
20539
19100
59036
129989
40666
40181
48416
56401
33901
40336
63866
20149
72287
125932
55430
31546
66017
4420
63451
16162
37369
68483
40354
93965
129430
94912
14321
2891
56615
359
113716
76966
19502
59908
93356
81730
122192
28922
3479
19948
92140
87655
62338
28228
77981
118546
60644
31562
9182
10654
47297
46657
79511
109540
4357
73450
69643
40927
98194
13018
63577
98569
111746
105235
23039
70115
52223
9200
99593
77761
51764
77929
30104
114112
105710
109172
118550
52711
27344
126002
85022
97595
38083
28682
71843
63548
124666
28588
127297
86791
41381
55273
50093
18104
24905
94178
110332
99607
126529
94717
41516
41650
37297
71672
20750
29857
67670
3656
82994
95444
131159
32164
56479
54919
83902
15379
118993
72265
43952
110483
23576
107054
30331
95957
125957
77741
55535
99607
42058
46969
60424
83182
88814
119948
42541
130952
13666
110116
135182
118016
92566
17381
37420
35816
71551
121514
50854
78332
79828
94222
54187
104080
66139
106007
86413
78884
70952
6803
65038
31
75406
11870
83645
28283
131141
12328
47555
31709
9020
47314
14612
100514
85747
73681
443
23488
60181
50939
101110
27019
32212
41642
129971
97594
34876
104015
63106
104947
111113
128885
105166
50860
5074
76051
101440
22846
88360
12497
54706
119836
82072
91084
85018
32804
30377
86075
78781
112151
23498
66406
3541
55786
130627
20800
40418
30791
124120
104311
23795
99709
119375
129352
37381
10969
92966
25115
34196
68779
37799
110429
53185
6148
66529
2966
39185
119996
110744
4729
96269
21329
71558
121810
76730
67514
6731
116156
119639
132902
106889
8159
118051
90566
24640
42362
101611
117071
67243
244
50326
126883
133387
125201
133930
86818
15109
60319
69742
125263
64073
52906
11822
22585
38300
109958
89596
45785
113570
74218
64316
86111
104633
68795
40637
128764
111020
6988
111436
65599
29041
48250
57817
48947
38470
77318
238
75503
2167
70508
66392
88318
9730
100322
110936
48472
97277
88225
115778
74483
49390
66461
24871
18211
242
87505
12032
133108
117409
9887
64772
10055
58003
8983
59270
118802
88033
81593
58237
89033
38981
10942
42203
48521
133438
39866
97189
94621
127115
99562
56848
41503
30941
103424
59624
53633
54860
94088
51778
36517
103919
3080
68443
26449
12160
14221
31193
98572
95368
111649
74797
134126
122756
3505
70049
6868
43625
53896
123254
57872
18226
44623
98950
72151
12296
45850
124711
90533
4669
41410
125293
130505
44155
81782
21643
78473
95323
74974
64198
78142
51161
3664
99769
60230
29249
33910
89185
94073
87692
77752
17642
128530
8818
3556
64301
43318
71855
52862
133975
77474
94885
10271
93329
26228
91655
116173
104456
50815
77662
56084
129773
15781
59632
116281
76031
110191
14468
30925
70550
124372
130171
87812
118415
4367
113774
45787
47818
49886
99622
67490
12899
81362
77570
107864
130175
33941
109352
121493
108643
51259
41438
123482
67445
122923
104521
30149
98278
5675
84110
33034
131020
78295
7762
112573
104542
120961
45743
39188
57710
10279
106730
70841
113773
70487
41707
109198
126977
37420
93977
98914
88952
21962
109621
42413
9413
78640
72850
107362
105712
41830
5228
101321
120695
34939
78640
111916
43027
125243
15781
101392
20890
9157
36316
21655
79801
99965
129353
71098
2017
110606
56897
113824
132895
31712
41705
6766
132199
1318
1028
102374
43673
28463
68438
50708
63583
34303
28111
106526
44851
43676
94207
87946
52630
17173
109763
19562
3922
126545
114100
6118
123376
35662
5555
119924
66052
47285
14308
84521
70714
15568
74846
114271
44194
30110
30637
129962
63965
80306
122653
130102
124277
81593
82457
63937
121210
79109
105490
124420
69856
83732
17963
57917
118919
23471
65891
71917
94153
79909
43541
28799
118601
117665
30398
48982
11923
82396
42838
97921
27797
52625
114041
16817
21829
61390
103025
7364
4642
95902
132052
96578
43970
15373
19229
28064
60197
85694
120682
18832
52327
30085
69229
56674
34502
100204
106022
46219
46927
35837
30479
97192
89207
9272
135874
132589
92092
102892
4742
119245
85426
1990
80110
129694
39667
99842
44389
100315
71903
30053
119702
10823
83252
76048
67615
117626
62362
61253
50506
131159
97520
80176
91768
73292
89950
91727
70607
