46792
80720
96998
31013
31351
122581
133180
25457
25820
119539
91837
126643
76487
122212
130798
88046
92257
71839
20920
74689
20195
104356
124202
16061
65440
91153
107056
25757
67573
86104
118094
1169
31894
80366
54074
85664
88762
51364
132608
114161
35383
89257
103324
112447
76615
100861
64528
55517
59303
108236
128339
79334
98825
4517
95015
28369
118454
90007
75967
50815
40793
81685
51979
93533
48091
105781
43589
1216
21959
41218
115594
78472
130847
105821
55172
93997
71293
7618
36377
17857
1928
52595
97483
100004
56912
79183
15493
39695
56090
113476
90448
118408
60065
29141
76261
108338
134800
7021
129889
20726
70034
111200
98599
88510
82430
42113
47096
40427
72196
83111
58207
72880
143
42223
60715
79594
8582
97747
5662
63982
76889
118243
47285
23591
11455
9940
17936
10987
17336
13777
53986
109516
11908
39746
62015
116150
103229
108929
21347
40409
78865
102214
214
100336
31649
60514
66752
62416
23129
95954
12743
120749
78085
59459
9704
111416
91345
27763
9244
129670
63566
85211
104528
75194
124729
32006
56942
93829
27541
99776
20677
129335
66577
21079
116485
120356
103910
70952
46294
126281
31073
58951
134801
132103
4972
9914
106993
118886
60325
3697
113983
122582
89785
104957
63554
101108
23762
6719
81200
51112
107006
102775
66946
37858
123320
71278
45193
113426
6676
112916
104549
37624
36319
127139
55931
63779
1189
50116
46670
82823
54023
47207
70841
29483
17186
20771
130841
40676
27272
98741
114230
133772
65723
67564
59243
75788
3479
103618
54031
10129
81179
45430
69566
3802
36635
12575
88721
59959
62711
620
29632
3263
69242
99611
32393
108590
8036
50710
36292
35674
34777
15109
34441
100780
104612
115927
63203
108061
105646
4228
5687
74182
49322
75964
77156
109163
110581
31583
55321
37291
54244
108382
63017
122173
94612
96272
98087
102679
32566
133651
3410
90601
35714
59966
55133
5717
62593
6098
1345
32546
10156
6953
106609
82292
104458
48773
78047
79355
102095
20471
4070
43417
129034
67337
31798
87659
49229
15952
77209
81815
37067
102293
36484
94754
27272
114727
99830
89521
7457
124421
9458
17596
131453
115387
120970
122728
50332
85889
66346
17534
106502
71350
60868
120109
2353
115139
95584
74279
130945
37217
42461
54295
4397
101380
14248
54074
79646
1535
29762
109301
126341
39713
14246
8537
19420
574
130915
70552
109018
84989
110425
80380
42137
58073
87917
66277
36526
69694
4738
54794
107699
47185
109247
134762
13034
10039
74743
115834
11953
105490
89950
24508
30910
104119
33100
73388
125548
28688
30337
99815
113320
4538
66671
19618
84145
41702
86282
121328
111887
113222
63065
106448
24895
58967
126173
37739
69278
66124
17647
103105
57743
129773
128143
88414
97454
25133
47591
111316
75871
76852
98683
74897
104417
29587
116896
53371
92717
90319
39481
69716
67282
102175
40421
91969
48164
31823
128923
117350
120209
34196
85381
41543
50336
77765
17294
12911
124156
65009
11284
64964
7051
108598
4937
111130
25877
122068
30065
119042
76184
92131
54689
29678
80965
115571
121621
129544
35302
2732
133351
19786
59270
105197
83494
110009
47260
100537
9790
58472
30601
21089
124748
60397
17083
15665
58478
43022
24565
110188
26483
100240
88751
101449
17146
34006
82417
3662
49706
4907
28502
48145
24601
87653
17567
108337
62422
87397
96191
72353
10660
126881
115109
21271
73996
132209
37081
132250
61463
61337
129803
87296
48865
81661
75847
66262
115136
45877
91216
52108
50773
119924
121763
97759
72662
25967
92471
20917
113110
53855
92935
10088
67607
94484
31273
5953
91418
90869
24700
38933
16886
18499
126704
86810
99710
89687
18283
103498
135904
109622
41486
73442
94217
28010
35383
53563
53977
127414
75287
53540
46103
54752
85927
114230
13700
4166
6824
127046
94864
31450
30452
133324
72401
43766
85930
60256
133388
125552
49403
20005
99574
91292
92264
81037
5993
127297
21578
60271
6526
96157
707
53206
15067
86860
53986
51349
113164
61168
64459
71858
114350
94975
69878
51130
26188
42277
110930
46283
33125
23708
66037
19540
1862
44962
122861
7997
58585
9301
90671
65090
105230
91187
4792
7783
64945
80348
80633
41954
5822
11056
862
119738
128702
93295
57706
19945
296
32290
88210
33455
78877
40231
75001
81364
85067
62546
111320
30055
71632
65501
95089
63853
21602
121811
94067
107887
67339
39146
36736
95704
72274
37568
79552
66148
131122
24529
108212
17840
79328
82961
72764
23066
123079
12377
126343
94954
75470
101095
125044
33610
54799
85790
120035
97093
94840
77684
70199
26078
3647
129095
122125
98800
52724
88898
29564
47582
112078
23846
88016
57230
107264
25523
102548
117433
60053
114640
77695
21962
103843
67058
54967
22478
38810
61327
120263
133306
25672
76739
45856
29002
91796
31868
128552
9940
6787
44240
80326
119453
90433
32365
63869
84598
57883
53270
66412
4937
55022
7862
26915
45634
74522
104012
69166
797
30445
76333
133064
55738
39578
44359
107693
132560
98378
122068
6454
105322
52663
87179
111769
7037
6277
61481
90965
64537
114560
21730
91546
56003
51979
118516
103429
13528
87031
58300
14488
117511
20663
13018
59582
82403
79321
31883
78430
42463
40450
107666
11897
92860
80137
10492
122071
86546
72016
78370
38029
74417
121223
129938
131102
59878
112004
120107
74093
63691
42292
87281
67325
85732
123400
126824
32552
67157
45310
132643
108526
86381
104713
7546
65347
50648
17569
51997
1678
89405
16280
61691
51161
24295
54901
45664
83963
31750
52627
22531
117152
95258
133894
48922
68026
119909
62893
100177
74182
109019
98195
46859
80635
88715
77237
11792
4124
94342
85993
28474
71131
102602
89990
120692
125887
31285
54184
97561
62864
106937
6701
67274
88301
3673
3337
20779
10760
66463
7228
84088
61807
105262
18175
8186
80671
94399
41926
84806
75491
14246
136381
32606
116594
110362
18968
129982
29273
94891
114490
93413
65872
120643
46930
19408
11263
50207
62120
21907
3079
69166
127424
65569
61069
10519
95566
7061
126718
23600
114938
66487
38257
860
99007
41758
134671
5239
58975
28817
100208
37562
7958
52360
23101
55120
94088
34556
126998
20716
78319
129793
112406
71041
59234
39019
81451
41378
46298
73013
65606
47846
26755
125620
48083
13402
32749
46916
40979
91244
74840
5650
16145
83354
80243
39304
24773
39097
96779
15884
60605
61900
10603
59495
132895
91811
98201
101492
133808
31694
61358
85898
78503
88771
76448
13171
125540
109681
81712
30403
