43
22
43
77
47
10
26
62
4
10
37
13
61
58
41
7
4
73
92
58
11
31
77
79
58
77
5
56
35
4
29
70
26
77
71
67
76
80
7
80
80
29
76
37
73
19
47
65
70
29
62
85
62
41
68
13
26
56
62
61
56
8
29
56
77
65
31
46
61
26
58
64
56
25
80
37
47
35
5
43
80
56
26
35
80
82
59
10
64
14
71
7
14
80
68
7
70
70
62
14
29
8
79
92
25
61
14
79
10
26
19
73
56
40
11
62
14
50
37
68
56
13
46
77
80
43
85
61
19
62
76
64
62
62
25
82
19
37
56
8
67
61
73
19
70
82
56
13
61
10
70
13
10
43
2
4
68
85
35
7
31
25
47
79
61
62
56
80
13
22
80
67
77
67
50
76
58
14
70
80
26
56
5
31
4
80
20
65
58
71
58
7
70
26
68
29
80
37
11
76
56
65
29
26
19
82
14
65
13
82
67
25
61
61
62
64
25
62
25
5
41
77
82
82
5
68
25
92
4
22
56
37
4
92
76
31
70
79
82
70
80
41
11
14
82
58
58
26
25
77
31
47
80
29
37
82
80
67
73
70
80
25
35
77
14
8
7
73
82
8
62
56
37
58
80
14
8
61
58
19
58
80
61
31
2
4
20
76
71
2
71
41
13
10
20
19
10
25
70
80
14
37
71
61
77
41
76
92
4
26
5
29
8
58
62
85
62
80
62
26
65
41
58
80
31
85
10
29
7
8
25
22
29
79
71
8
20
43
7
10
50
82
47
56
59
11
67
19
8
22
40
79
56
2
61
73
65
62
20
79
61
40
80
7
8
59
7
20
4
77
14
61
70
50
14
29
68
70
64
50
79
77
58
43
70
14
26
61
73
29
29
35
64
20
25
56
68
29
50
61
37
80
22
20
47
25
56
8
77
7
46
76
65
20
14
61
25
37
11
92
61
41
26
4
59
61
37
26
70
7
79
20
2
5
40
41
40
82
37
29
70
5
10
67
14
26
14
37
67
14
19
8
47
37
85
5
8
29
14
77
59
13
5
35
5
37
65
37
25
19
70
5
25
79
46
29
70
79
61
59
82
70
41
37
29
29
40
25
50
46
22
11
65
7
62
77
58
25
26
68
29
79
80
62
59
58
80
58
26
43
70
22
14
29
59
64
59
82
80
26
62
4
22
20
14
70
70
46
77
7
43
25
92
7
73
25
62
64
62
68
8
59
79
31
77
19
92
29
14
56
62
50
64
67
82
70
37
80
31
22
82
71
41
61
65
13
77
26
56
37
82
70
7
80
80
73
8
80
10
14
29
37
70
82
13
56
62
41
62
85
64
19
59
80
65
26
7
46
35
71
14
40
37
10
14
31
77
14
4
70
29
40
29
25
29
40
7
2
73
43
65
25
62
41
7
61
41
11
11
92
62
8
26
82
22
41
14
10
56
19
92
2
56
20
26
77
47
19
70
7
70
61
14
25
73
31
68
25
29
77
7
92
77
25
92
10
46
5
8
19
8
65
29
56
4
62
25
37
46
11
62
29
61
76
62
35
2
29
61
29
7
56
22
85
5
82
82
70
85
85
85
7
62
22
62
67
67
82
77
14
82
29
37
47
10
4
65
11
31
25
29
26
85
37
14
82
41
7
67
29
80
29
43
35
37
82
7
11
62
85
14
64
20
67
10
7
71
70
25
80
11
62
5
8
4
11
82
47
4
41
92
77
68
22
29
13
10
26
22
76
4
41
40
22
79
41
37
47
8
47
20
11
8
8
8
80
13
92
35
2
8
20
62
85
19
7
8
41
7
8
5
14
41
25
14
22
58
58
64
58
82
61
56
80
50
80
62
73
56
14
73
70
26
62
62
58
43
35
68
41
35
80
47
65
19
68
92
68
7
25
41
7
82
5
79
61
68
64
26
37
67
82
2
58
58
62
26
80
77
2
29
40
56
76
10
82
43
79
62
67
10
92
62
77
80
37
58
56
80
58
79
31
56
79
8
26
25
14
5
26
7
25
58
79
5
41
67
58
26
7
2
40
85
62
25
70
73
68
22
67
37
10
65
19
80
80
19
20
82
26
29
8
37
46
79
40
7
41
80
25
37
70
71
29
25
82
4
7
61
25
71
2
26
43
20
8
19
25
20
14
43
41
14
65
7
8
22
22
56
14
35
77
82
10
41
26
77
14
25
47
37
77
47
64
31
59
58
41
80
65
67
25
14
82
5
26
82
19
31
41
31
67
26
14
56
59
58
46
80
62
