19
22
56
46
65
73
8
29
14
5
5
70
31
26
71
25
26
29
61
58
68
62
7
11
85
79
50
29
29
58
8
43
56
58
4
19
29
7
61
35
10
67
19
14
58
56
62
5
11
70
43
77
46
56
80
41
26
47
68
56
82
46
5
41
20
70
61
47
77
20
76
7
46
2
19
29
59
58
26
50
62
65
29
11
14
26
59
41
67
25
10
47
8
4
77
11
77
37
41
65
43
19
79
8
14
8
40
62
71
70
19
14
40
61
14
56
50
58
8
19
5
13
61
77
8
62
5
77
73
62
68
25
80
37
25
2
29
50
56
8
29
82
5
64
31
22
7
82
80
20
14
77
31
85
80
26
31
68
14
13
29
76
26
2
29
37
77
59
8
25
41
26
11
61
73
40
71
70
29
35
7
62
29
26
41
2
50
61
71
58
68
80
62
77
76
56
41
46
7
29
92
67
56
4
14
37
35
50
20
79
11
25
25
29
56
58
14
26
37
92
70
4
58
25
92
62
80
8
10
10
29
2
56
77
4
70
13
31
40
26
8
62
61
29
65
25
4
10
41
14
79
31
14
59
61
80
77
37
80
80
59
26
80
8
20
76
82
19
8
31
58
7
79
10
25
61
20
26
56
59
58
41
68
61
92
31
25
82
50
19
76
11
67
67
26
46
35
8
77
35
43
14
25
14
22
56
46
19
70
29
62
26
68
47
82
50
46
26
40
25
58
26
43
2
79
61
46
7
46
40
41
2
61
76
8
71
29
62
80
25
8
50
46
50
8
35
20
58
50
47
5
7
62
37
85
41
65
41
37
47
82
76
41
31
58
19
70
85
4
82
14
85
40
70
43
43
25
58
14
73
4
11
80
68
25
70
11
14
22
64
62
77
19
68
7
65
7
13
58
5
77
82
82
29
65
29
67
7
80
50
80
79
68
62
37
2
7
64
8
26
7
59
5
26
26
26
8
29
25
58
26
10
56
20
25
41
47
82
19
26
61
82
5
19
58
61
7
62
7
10
68
5
61
80
29
77
80
29
8
7
13
41
25
46
62
47
85
7
25
20
25
50
19
31
62
59
70
73
11
92
82
62
80
29
35
11
8
37
47
14
62
37
70
73
8
19
14
70
20
19
4
26
77
20
61
59
71
29
25
56
14
11
26
2
37
68
11
58
7
41
65
59
70
40
25
79
59
37
65
61
46
76
82
58
82
47
10
37
73
29
82
70
19
31
80
50
77
65
7
82
7
79
61
77
8
73
80
64
8
47
26
64
26
22
11
10
64
7
37
41
26
41
20
58
50
92
7
71
59
11
37
58
80
7
59
80
56
29
40
62
92
61
26
11
62
35
20
20
41
46
59
41
4
68
79
46
62
92
19
13
77
46
56
59
62
14
40
35
62
56
14
31
26
41
40
80
46
37
8
7
8
67
37
5
25
26
70
65
2
70
73
77
47
37
31
26
71
56
62
14
29
59
37
62
70
73
37
71
14
40
61
31
92
80
25
8
8
2
80
8
76
37
68
31
77
10
40
56
61
76
61
77
14
8
14
10
73
58
64
80
70
8
13
58
80
41
70
77
26
43
77
5
80
71
25
73
56
46
37
7
41
92
4
71
85
14
58
56
46
29
71
47
29
67
26
26
82
79
5
26
31
65
14
13
43
40
92
7
77
14
5
25
5
77
82
82
8
64
59
76
82
20
26
20
56
35
29
46
19
25
73
41
7
70
56
41
25
41
19
22
29
41
35
37
26
29
26
26
82
92
7
71
82
25
80
46
73
4
26
10
8
8
40
7
79
82
35
77
14
58
5
50
70
47
4
19
65
26
67
61
8
61
20
82
2
8
50
65
85
73
70
7
76
14
13
62
80
40
58
20
8
64
62
77
70
71
13
68
77
70
31
2
14
37
77
14
29
62
80
22
31
46
7
2
62
8
40
50
40
80
62
61
37
26
37
26
77
58
77
56
8
14
64
29
61
43
62
79
79
37
70
7
8
11
7
71
11
26
14
58
14
92
80
58
13
26
77
70
79
56
50
82
77
25
25
35
56
73
19
40
14
11
41
19
20
29
76
14
62
2
46
4
68
47
29
82
80
14
79
61
82
37
29
58
71
61
7
20
35
31
67
64
40
77
68
47
41
64
50
11
43
26
82
26
56
29
13
29
62
80
79
37
22
13
13
58
68
8
73
5
31
19
58
70
25
19
13
37
70
61
64
20
70
64
29
25
79
35
61
37
8
47
73
26
67
68
76
25
92
67
