20
26
68
58
79
82
4
77
41
71
37
70
56
25
29
4
56
25
31
14
61
43
71
29
61
8
5
37
25
80
77
43
80
71
19
73
37
5
67
70
56
13
56
29
26
82
40
80
26
62
77
82
5
67
7
37
67
13
77
77
80
62
26
68
26
37
35
67
43
7
26
4
8
76
19
8
65
58
82
8
31
76
65
25
35
79
70
85
79
37
65
46
11
2
31
20
37
70
80
56
46
80
58
64
70
2
62
61
64
64
56
73
29
14
8
58
13
61
71
80
7
29
58
25
29
58
43
46
41
7
25
4
77
77
67
58
82
25
7
35
65
67
22
20
82
8
85
77
73
35
58
65
62
11
7
7
76
37
56
29
29
77
31
41
56
65
77
46
4
13
8
76
62
22
8
67
25
76
37
7
13
20
70
77
31
82
73
2
8
25
14
62
13
47
73
56
14
70
37
20
77
37
4
56
67
85
22
80
67
59
82
62
73
76
41
77
56
25
77
56
37
7
26
47
58
82
5
46
71
41
70
41
58
61
77
20
59
7
7
7
47
92
65
7
58
14
13
19
29
70
82
73
77
11
7
37
82
26
7
47
59
50
77
7
31
58
41
92
71
19
70
8
19
67
19
73
68
14
5
8
26
5
46
20
14
56
59
4
80
37
37
41
7
14
62
25
79
68
25
25
85
5
47
77
59
61
70
20
65
80
26
8
68
85
11
65
67
62
76
35
82
22
50
7
25
5
29
5
56
58
40
67
43
73
56
82
31
22
10
13
7
31
4
46
11
82
37
62
62
19
8
19
14
56
26
67
73
56
61
37
82
80
13
31
71
64
20
76
65
29
80
62
67
76
19
62
65
73
26
20
80
41
47
11
80
56
64
58
19
8
22
14
77
20
37
41
61
56
19
31
77
10
85
25
92
22
70
58
77
19
73
56
58
19
65
26
2
37
7
19
37
8
22
22
20
64
56
79
7
79
19
4
70
11
41
79
19
26
35
7
37
11
67
82
37
40
22
25
50
14
29
85
19
29
7
37
82
58
25
8
59
29
4
37
41
37
13
59
64
40
37
10
58
13
80
73
29
7
92
70
19
22
77
41
37
82
77
41
56
19
41
7
64
37
29
76
77
40
25
26
58
70
40
26
62
25
4
8
14
80
10
25
4
80
56
47
58
50
80
20
58
29
13
14
61
40
82
58
58
25
79
35
77
8
62
56
25
59
62
40
41
56
61
25
29
25
70
13
82
43
19
56
70
29
68
29
56
67
73
19
62
58
37
56
58
4
20
61
43
76
5
76
37
64
5
73
80
46
92
76
8
77
19
70
8
85
4
62
61
46
73
19
20
14
68
64
14
77
26
67
61
19
31
8
68
37
76
58
70
56
29
70
59
56
58
56
67
56
31
8
19
11
20
25
25
77
70
40
65
7
8
41
26
25
47
82
67
20
41
35
65
77
37
41
35
77
80
80
64
13
80
77
11
8
26
25
77
7
71
46
77
62
7
22
92
58
77
37
58
35
76
58
29
5
70
67
7
56
61
71
46
37
47
73
29
56
8
14
58
71
79
47
19
77
64
70
29
61
26
13
82
4
58
7
10
14
71
8
80
7
71
29
43
4
19
67
37
20
73
4
80
58
37
4
25
77
77
61
58
14
61
41
19
8
37
7
29
8
7
4
10
65
40
29
76
41
4
29
50
46
19
58
5
59
62
31
62
37
79
85
61
47
7
70
62
61
68
56
43
85
64
29
58
77
76
29
25
56
64
4
25
68
29
19
22
70
58
70
26
41
61
70
62
56
47
8
13
8
56
35
5
29
79
61
8
62
80
37
11
58
19
26
7
46
40
26
47
80
77
56
14
40
41
68
82
80
92
82
82
67
40
85
73
8
59
76
62
41
10
61
70
41
70
85
85
14
4
29
82
82
2
4
29
26
65
14
19
56
7
8
19
35
70
77
64
37
65
13
68
82
71
58
13
25
29
8
35
26
26
19
10
22
29
29
61
77
35
56
46
64
71
62
82
43
58
41
58
58
41
37
29
77
77
58
26
7
40
62
25
68
46
26
79
82
56
29
77
8
82
58
37
58
25
37
79
77
58
59
25
7
85
67
92
61
2
2
59
35
62
76
5
22
8
85
5
47
19
92
40
5
19
92
41
40
7
31
25
70
70
67
50
50
26
59
19
25
59
68
61
77
43
67
7
37
62
8
77
64
92
19
50
20
7
8
67
10
31
62
80
5
25
47
56
41
70
73
64
58
40
8
