41
82
70
40
26
7
40
11
62
26
25
14
29
31
14
82
29
64
67
11
61
79
41
13
31
40
73
68
76
20
92
7
70
58
41
5
62
92
8
8
11
29
40
47
37
46
25
70
7
77
79
50
64
19
65
68
37
64
62
29
61
29
22
37
76
46
61
22
43
64
41
40
70
61
73
26
20
8
82
25
73
80
92
41
92
56
7
37
7
46
61
50
2
68
7
46
31
56
73
73
14
7
20
85
50
2
14
62
92
7
77
46
77
77
5
68
35
22
7
64
68
56
25
71
26
40
20
61
82
82
35
7
2
58
10
50
37
25
14
7
14
26
79
8
11
85
68
62
2
73
82
71
37
13
19
46
62
37
25
37
41
61
61
41
8
47
2
40
67
14
43
82
37
29
92
25
10
62
68
70
26
70
64
76
77
62
37
14
10
62
50
61
37
10
82
35
43
70
58
5
92
14
76
7
26
64
47
40
8
14
26
41
92
80
7
68
35
62
85
62
14
43
70
50
62
79
77
79
41
61
85
26
62
56
37
80
20
68
41
26
8
56
65
65
29
70
64
70
41
41
19
71
76
26
14
22
70
2
5
29
59
79
62
14
43
65
11
61
59
41
79
41
70
58
19
13
37
62
77
79
11
4
25
73
8
62
2
10
29
80
37
77
73
65
8
11
56
25
71
8
64
37
47
29
82
73
62
41
37
14
10
37
29
29
8
29
56
8
37
13
80
61
10
64
31
26
56
73
25
20
76
80
61
19
22
35
82
70
50
26
4
67
62
19
80
77
37
71
82
70
70
76
14
58
19
64
70
82
26
14
7
7
77
56
26
19
85
10
65
64
26
56
22
80
82
4
50
25
61
40
77
40
25
8
8
29
64
70
25
76
82
29
62
70
68
77
7
46
80
70
7
8
58
26
80
40
25
56
62
92
8
14
19
7
29
19
61
79
2
65
50
82
11
29
76
62
26
77
29
8
73
43
14
19
46
11
56
80
64
2
56
67
14
68
71
62
70
19
37
77
79
85
76
76
19
71
61
40
41
79
26
8
14
41
31
58
37
73
61
80
61
26
40
85
2
7
31
76
11
59
61
76
37
37
71
50
82
7
70
41
73
19
41
70
50
73
61
4
35
20
76
10
29
26
77
14
7
19
2
13
70
61
80
11
8
35
68
2
37
64
41
8
70
80
77
40
64
58
29
4
64
13
77
68
22
80
80
41
4
80
37
71
56
40
62
56
58
41
56
5
70
80
22
56
62
7
82
31
59
7
20
4
14
8
73
37
77
62
58
70
50
20
37
8
37
82
70
20
25
22
19
19
8
41
82
68
40
70
77
82
92
8
2
19
10
50
62
70
29
14
58
80
26
77
10
56
77
56
92
19
73
7
41
76
40
8
56
80
82
59
46
73
56
59
80
61
26
25
58
47
37
11
35
58
5
58
40
92
10
20
11
82
25
41
56
61
41
29
25
25
62
70
4
22
37
79
68
67
77
7
82
25
25
40
10
20
70
41
77
92
35
5
73
56
40
47
13
82
50
41
13
40
31
8
47
56
79
8
19
80
29
14
19
40
56
8
67
40
37
56
19
76
62
82
37
76
25
47
64
4
82
56
29
20
56
65
73
61
70
80
37
13
4
43
62
37
43
8
68
80
47
70
50
92
65
7
62
7
35
19
19
31
82
25
37
43
8
14
2
79
4
14
77
92
64
41
25
8
29
82
70
92
56
40
76
58
26
40
62
68
56
58
70
25
70
25
65
82
58
50
80
29
65
50
14
37
8
40
29
43
14
7
22
82
26
92
14
62
31
65
31
73
29
8
2
25
37
65
20
4
25
92
19
7
59
41
40
41
70
58
73
80
68
4
46
77
85
76
47
13
67
46
68
82
80
73
11
31
43
29
20
65
20
47
77
71
80
25
13
64
77
92
37
56
73
80
59
64
70
5
56
25
71
26
8
41
13
25
73
64
40
77
25
71
41
10
8
5
26
25
58
29
8
73
68
76
58
20
29
25
19
77
41
85
31
56
25
29
58
92
70
7
68
4
61
2
11
73
5
43
85
56
67
70
37
29
71
77
56
85
19
70
82
61
62
5
8
73
25
79
56
2
77
26
4
58
25
8
19
40
64
11
82
5
85
8
26
40
13
70
26
14
59
11
80
82
8
80
71
19
46
20
29
35
61
31
76
92
43
2
31
92
77
22
79
70
22
19
19
26
2
37
37
64
37
10
35
62
85
5
76
41
19
82
92
80
31
62
62
71
