56
85
40
64
2
14
26
26
43
37
35
41
73
76
85
8
92
22
62
76
19
26
29
35
22
5
14
62
65
77
7
40
65
41
77
50
62
5
92
7
41
25
37
13
8
14
13
70
37
50
71
61
68
80
82
82
82
14
29
46
2
43
77
65
73
56
37
37
73
25
35
13
41
56
26
58
62
22
41
2
82
11
61
58
85
62
58
65
50
73
25
61
26
20
22
82
92
59
14
46
80
59
65
29
14
92
76
82
8
19
82
82
14
35
40
19
80
65
79
37
64
20
80
46
29
7
59
19
62
80
77
59
29
61
62
61
43
59
35
43
58
31
22
79
67
71
92
43
29
70
56
82
80
71
35
11
50
2
19
29
80
14
80
11
64
59
58
92
2
76
41
56
2
43
43
37
70
41
70
25
13
58
2
76
14
35
80
80
35
22
11
8
37
65
11
80
41
71
70
25
31
82
79
26
35
14
76
37
62
71
71
62
14
71
25
20
5
19
92
41
58
77
47
68
50
41
67
92
77
41
7
29
22
77
47
61
7
19
8
64
80
50
82
77
14
25
80
11
71
56
26
4
59
56
65
11
14
19
2
7
58
8
43
62
92
76
37
76
2
40
19
80
70
14
59
82
67
41
70
8
5
19
7
47
82
76
56
7
11
37
14
37
58
37
22
19
29
56
13
31
82
29
4
56
50
56
46
14
77
71
14
85
73
19
40
68
4
92
65
82
37
77
37
92
41
59
19
71
19
14
70
80
59
82
61
13
43
20
7
19
58
31
20
47
47
47
19
37
29
70
25
61
73
56
40
25
14
56
68
22
61
58
8
10
59
46
20
4
82
22
31
56
62
37
13
85
70
14
14
4
10
40
50
77
82
10
2
80
59
68
7
22
37
19
14
5
62
37
70
47
56
14
11
4
62
10
80
19
22
77
31
29
14
79
19
7
76
7
10
37
76
13
41
14
14
71
26
85
82
5
40
41
20
37
37
62
25
19
92
35
4
10
70
19
80
65
43
70
79
29
2
62
58
26
56
56
79
76
67
56
82
92
77
10
19
22
80
47
14
62
70
29
46
56
64
67
41
92
25
10
31
13
67
56
26
31
14
19
8
70
73
4
61
71
82
76
79
76
31
2
40
14
14
77
80
70
64
20
62
56
19
58
56
68
40
8
11
56
22
11
43
77
2
82
41
82
65
11
50
13
11
70
29
14
85
26
82
41
31
40
10
41
2
61
25
29
46
22
2
68
19
31
47
19
14
82
8
77
82
56
11
10
61
41
22
35
41
11
76
73
29
68
8
29
40
37
56
77
41
59
62
61
68
26
58
80
13
70
73
77
41
70
7
82
13
8
29
43
25
13
25
58
70
25
73
8
71
41
2
77
65
56
67
59
56
26
37
56
11
14
50
35
85
56
19
92
62
64
25
79
59
41
41
31
58
8
25
22
29
22
19
20
76
76
61
62
4
8
26
82
5
92
40
82
47
58
70
13
14
11
77
70
64
22
5
14
25
29
29
61
58
64
58
25
14
41
70
29
14
82
19
26
70
64
19
14
14
65
37
26
85
22
10
41
35
14
62
46
41
65
20
79
14
80
20
62
29
70
56
43
65
77
61
59
43
79
56
67
61
70
70
35
14
85
50
67
10
10
14
40
82
37
14
7
31
25
59
37
14
14
80
79
2
56
40
43
31
13
80
80
80
68
7
11
46
76
64
71
92
68
85
50
7
7
46
26
29
25
76
43
29
71
29
29
11
64
62
19
59
62
13
47
29
8
41
79
77
5
37
62
56
29
14
58
41
77
7
62
10
77
7
37
41
22
68
41
65
41
70
41
92
70
77
22
82
22
5
58
19
35
41
82
56
62
56
8
59
67
73
50
25
56
4
62
80
73
5
62
4
80
82
80
43
58
4
26
80
70
80
10
37
14
5
11
77
71
8
43
13
73
13
37
41
2
10
29
50
7
92
46
79
70
67
29
37
71
58
40
56
43
58
79
58
43
70
64
77
77
92
10
67
82
35
82
92
58
7
59
46
5
25
62
76
70
58
14
25
26
41
79
46
79
64
14
29
62
58
8
41
71
11
2
58
62
82
19
80
4
79
67
10
82
4
68
62
62
76
82
80
19
58
37
8
29
61
29
56
25
43
10
82
40
70
14
76
65
59
70
76
19
26
68
14
14
40
77
77
26
77
58
58
43
11
61
70
71
76
31
82
14
14
71
61
22
92
37
92
41
8
58
68
37
41
92
58
73
73
37
4
61
