77
62
77
70
7
64
64
77
92
26
4
19
77
59
14
77
76
14
22
80
68
79
22
8
70
56
85
62
79
80
7
80
26
4
73
25
56
26
82
37
59
2
59
62
43
80
14
8
82
37
77
61
26
7
61
77
61
59
47
58
41
35
22
59
31
77
76
65
11
65
19
50
46
67
5
8
31
26
14
20
80
25
58
8
29
41
2
80
80
37
22
14
76
35
62
2
29
61
65
29
41
79
80
85
41
2
7
50
26
19
77
8
29
41
10
37
80
10
31
61
41
62
76
7
80
59
14
8
82
80
29
22
59
20
8
92
20
19
59
29
25
31
43
40
73
62
92
67
37
10
14
80
67
77
82
31
62
4
43
58
62
58
70
29
85
70
5
82
76
61
29
5
80
79
37
67
25
14
11
62
25
37
59
79
22
35
14
70
31
47
8
7
22
70
22
4
58
29
2
26
76
14
14
61
82
67
8
26
82
26
79
13
37
19
77
56
64
2
31
85
47
41
80
56
10
5
37
56
26
25
65
85
71
80
59
67
59
56
62
31
65
43
29
29
56
8
2
20
7
20
13
58
50
70
82
67
82
41
11
82
56
92
92
26
58
41
76
7
8
40
41
79
62
61
4
25
73
82
61
80
10
62
26
67
25
31
25
25
50
25
11
41
13
4
59
80
25
25
82
29
46
26
13
19
79
2
71
71
82
7
43
79
64
73
41
76
77
64
80
71
65
8
77
80
7
29
71
40
59
47
46
13
56
65
29
61
50
7
19
40
11
71
14
59
40
67
37
14
5
31
92
82
25
61
76
19
70
31
56
58
76
37
71
58
7
85
5
58
77
8
2
80
68
19
41
5
68
67
26
80
80
11
58
14
70
29
43
64
62
4
77
61
14
37
70
31
29
82
92
26
4
92
8
65
7
40
62
76
8
80
62
79
8
25
82
50
62
26
13
14
22
10
46
37
59
47
65
77
29
59
20
40
26
25
10
14
62
46
10
35
67
37
19
62
67
14
20
7
41
31
19
64
29
80
5
79
25
62
76
70
14
92
8
37
4
8
61
61
76
56
82
31
11
7
79
58
19
85
77
59
26
4
4
47
79
77
22
20
59
7
76
70
70
77
8
77
77
61
37
61
25
41
77
25
37
58
5
64
71
65
7
62
76
8
25
46
2
26
70
64
37
43
20
20
31
20
8
19
79
40
56
11
50
37
41
7
20
29
71
79
10
61
64
92
56
56
43
59
7
10
4
29
62
22
58
79
19
61
92
8
82
47
13
61
82
64
59
20
79
22
85
80
62
41
58
29
10
14
82
2
25
68
29
73
77
76
47
7
25
29
29
26
73
40
70
71
77
31
56
64
29
67
62
4
2
25
31
70
19
5
70
61
79
25
26
58
70
58
77
20
82
8
29
68
31
7
40
19
26
82
73
58
37
19
62
37
29
79
29
64
80
25
8
73
41
25
41
19
5
26
37
7
19
46
56
56
56
82
50
58
77
31
26
43
41
68
65
50
37
77
25
40
22
29
5
41
67
35
61
46
61
85
56
80
41
29
29
10
7
80
50
8
4
92
43
37
62
8
7
4
11
19
43
20
43
37
50
5
80
19
67
37
11
10
10
43
29
25
62
40
77
20
61
82
77
82
25
47
4
14
58
13
25
80
31
65
26
79
62
80
7
25
19
4
43
8
41
58
37
77
8
22
80
59
10
92
43
26
14
26
41
65
43
62
47
61
29
62
47
7
62
40
41
58
43
46
79
73
29
13
50
40
26
41
82
40
37
29
67
61
71
77
31
70
41
80
56
77
35
82
82
82
29
8
56
58
76
59
37
11
61
7
37
82
58
26
19
68
62
50
29
8
62
67
79
2
31
41
70
68
31
47
70
64
47
31
19
20
70
59
29
29
37
61
20
77
73
25
58
19
73
76
22
20
29
5
5
71
29
76
14
64
20
82
19
56
20
41
92
77
65
5
14
7
67
26
4
29
43
62
64
25
22
50
43
62
67
58
8
4
22
29
67
19
19
50
79
37
92
68
22
59
56
41
58
20
56
62
41
8
7
80
19
41
56
56
68
10
82
65
13
5
77
56
25
4
8
22
19
8
79
47
56
40
77
19
67
43
85
77
37
80
92
71
31
41
11
70
41
10
71
43
14
56
85
37
71
7
41
85
70
19
19
40
67
14
56
11
67
37
5
77
26
80
56
58
22
56
41
61
61
11
2
46
64
73
10
22
80
40
2
61
67
19
5
11
31
62
20
65
