85
7
68
25
82
26
71
5
80
13
67
41
10
37
7
50
14
11
70
77
62
67
37
4
85
40
13
26
70
31
85
70
41
46
77
26
65
58
29
56
47
92
5
64
25
26
8
29
20
70
26
56
37
62
67
14
7
62
29
82
80
19
62
14
70
56
56
61
82
82
7
37
61
11
70
92
20
70
29
29
56
61
4
10
7
71
25
14
25
62
7
7
64
82
31
26
41
65
82
25
61
85
79
20
4
50
11
22
67
19
67
31
56
47
19
79
4
29
4
8
65
7
19
29
80
47
62
14
14
47
62
58
40
25
85
35
85
92
58
62
19
2
58
70
58
77
41
29
19
25
62
10
29
58
37
22
10
11
37
8
56
85
79
82
8
61
19
70
61
56
25
56
56
10
22
10
70
46
25
11
8
82
5
31
41
40
62
35
58
73
35
82
58
19
77
70
80
7
64
25
70
80
70
26
82
14
19
58
58
58
76
71
29
70
70
70
19
25
7
56
8
37
56
58
71
35
25
64
47
80
65
13
62
71
31
71
65
67
22
29
8
92
8
29
50
79
4
79
20
80
40
26
19
82
5
80
35
40
37
80
25
19
7
70
76
37
64
47
77
65
92
77
58
65
8
25
61
8
11
79
77
37
7
14
37
13
5
76
29
43
67
67
47
62
64
26
85
14
56
61
79
41
37
35
8
29
61
73
35
61
47
14
8
61
62
19
46
41
11
70
85
58
64
29
14
14
47
7
20
20
64
85
62
80
22
50
26
68
43
50
40
70
70
26
41
25
67
85
80
56
82
67
19
41
85
43
47
40
37
56
37
80
71
4
50
79
61
85
71
2
64
85
76
62
13
5
68
67
82
56
22
77
10
29
20
4
62
56
29
82
19
50
76
73
46
37
47
25
29
2
13
77
80
76
14
85
82
8
62
62
47
67
37
56
92
46
37
47
14
61
37
40
31
14
20
4
61
56
8
80
58
13
65
58
65
5
29
46
13
58
29
67
26
73
10
11
26
59
56
56
26
70
82
61
13
10
35
61
50
35
64
25
59
37
71
26
43
80
65
35
61
11
80
77
82
4
77
22
56
43
56
56
14
64
13
14
61
59
85
22
77
41
41
29
67
11
61
5
92
25
37
59
43
31
35
20
26
14
19
65
64
82
41
62
43
47
2
2
80
73
10
65
4
61
13
71
58
62
59
40
82
70
79
20
8
7
29
37
29
46
7
70
61
62
37
77
92
25
77
80
2
70
47
4
41
37
58
70
4
11
8
68
85
92
80
5
85
26
40
22
65
35
82
22
80
26
10
62
56
76
35
59
68
70
41
2
29
82
67
26
10
61
77
82
40
76
70
22
85
26
35
64
50
19
65
58
71
82
13
20
56
59
68
26
37
26
20
46
11
46
82
19
25
62
80
71
61
70
79
41
82
14
80
62
43
62
85
70
47
8
7
20
56
65
40
79
92
37
61
2
19
29
5
29
8
2
8
43
68
68
65
70
80
62
7
25
41
5
22
77
13
26
7
64
8
26
43
70
76
77
76
2
8
82
29
10
92
31
62
50
10
26
19
82
80
43
8
40
37
22
25
47
41
29
77
41
47
40
31
26
7
7
26
7
92
67
8
65
80
61
26
82
70
47
68
56
76
68
82
20
77
26
64
26
40
61
56
85
80
92
25
82
85
41
8
76
10
7
47
82
41
80
68
10
20
29
73
4
8
68
11
92
82
46
11
29
26
46
22
5
64
25
85
41
46
76
19
71
62
61
58
20
14
7
29
41
40
70
41
43
56
41
26
37
4
26
61
13
4
62
7
41
10
77
80
71
61
92
14
29
43
73
41
58
65
71
5
22
56
35
46
5
68
73
61
73
13
5
68
4
65
76
37
68
73
20
29
29
11
46
59
40
26
7
4
7
46
10
41
7
37
85
22
4
59
71
50
59
56
35
64
58
25
5
7
92
8
61
20
26
11
73
50
43
56
46
41
37
71
56
40
82
47
47
92
5
7
59
71
58
77
22
26
13
14
37
4
29
76
10
40
85
77
70
26
59
47
56
80
8
19
13
82
73
67
73
79
68
22
41
47
10
64
56
5
67
77
10
65
61
8
22
41
73
14
64
22
50
7
7
50
35
8
61
22
50
20
70
29
40
31
65
41
68
19
35
14
7
37
5
56
40
7
8
20
19
37
35
58
61
25
37
70
29
65
7
80
2
77
26
19
19
7
58
76
20
70
10
25
26
4
85
67
8
76
56
22
19
8
80
