56
25
31
61
67
82
59
61
79
35
65
2
37
58
58
31
85
41
14
8
50
14
85
14
20
56
77
35
73
77
26
37
22
59
4
58
40
64
14
19
8
80
19
37
61
46
59
35
4
58
35
59
82
22
62
70
80
56
25
37
41
47
82
61
80
77
14
25
43
40
47
25
25
50
67
82
25
19
19
41
92
71
80
61
79
62
67
61
8
77
7
41
41
92
92
14
68
8
62
10
43
92
31
46
59
80
35
85
13
67
14
92
13
77
61
79
58
14
29
58
85
31
77
7
22
68
26
82
65
62
70
8
71
14
46
10
5
13
77
7
56
8
70
56
4
58
43
29
61
58
85
41
7
73
71
14
61
77
8
26
59
70
26
20
22
73
19
7
68
8
20
41
5
14
77
70
61
19
25
11
4
7
64
80
80
22
20
41
7
20
41
67
7
59
46
26
25
79
37
13
82
56
25
76
71
20
73
19
25
2
19
41
7
77
29
77
70
37
20
77
64
50
37
70
26
7
79
43
92
25
35
61
58
73
41
25
79
25
29
22
8
46
43
7
35
71
13
25
4
31
8
41
79
37
10
70
62
70
14
29
20
56
70
73
41
29
2
22
40
29
29
61
70
68
64
25
29
59
58
19
68
58
70
67
2
79
43
40
50
58
64
62
35
40
58
50
58
58
70
8
73
5
59
62
56
7
77
77
58
25
25
37
68
77
82
71
64
35
85
25
7
37
82
64
65
47
13
37
82
82
58
50
70
70
19
58
11
7
37
56
29
56
19
8
41
14
50
80
41
41
19
71
79
7
10
61
61
22
8
31
11
40
82
85
37
14
35
25
19
85
7
61
58
13
64
79
19
8
73
68
56
79
14
31
92
25
80
31
35
77
71
62
7
71
31
29
68
70
68
80
62
76
37
85
65
10
73
11
10
35
62
46
19
77
77
19
22
56
58
62
35
7
5
64
61
29
2
29
4
71
26
59
31
64
37
8
62
14
11
67
64
56
14
77
59
8
80
61
62
31
19
14
26
8
71
77
29
47
14
19
8
14
79
31
79
25
43
29
37
40
82
80
13
5
76
61
11
67
22
58
80
14
82
14
14
37
8
62
82
14
80
4
35
46
25
14
92
50
35
29
11
31
26
10
25
4
61
26
71
62
70
35
2
56
58
19
11
58
76
82
92
61
82
20
22
11
26
13
71
50
37
62
77
56
80
82
67
25
22
8
10
8
35
10
67
7
26
58
70
80
59
58
43
31
58
50
40
80
50
5
41
7
50
26
58
41
11
4
58
31
7
65
26
64
92
79
67
2
35
26
80
77
70
14
20
26
65
37
14
41
61
61
29
11
61
85
41
70
80
20
70
70
2
7
40
68
92
8
61
20
8
43
5
82
58
14
10
29
68
8
77
19
61
14
19
20
20
68
80
2
80
61
77
56
56
37
25
41
19
2
50
40
31
62
14
85
82
13
31
61
25
19
56
65
26
2
82
29
71
64
29
41
26
41
8
65
67
37
14
92
25
65
19
64
62
22
47
40
25
76
80
56
77
61
19
20
58
14
56
7
70
82
37
79
13
37
61
70
73
85
58
8
58
64
37
13
65
79
40
4
50
22
47
61
62
73
67
25
76
11
14
35
82
67
19
11
4
80
58
65
58
13
56
29
56
5
19
41
85
56
14
41
65
68
82
62
40
47
65
11
56
5
62
64
59
46
59
64
67
7
25
20
14
76
41
80
82
61
22
46
26
25
7
8
82
8
59
29
29
41
41
4
31
92
41
70
43
92
26
5
5
43
8
26
14
47
19
8
4
14
64
25
37
62
7
41
71
62
62
8
77
11
85
7
77
29
92
31
14
11
25
26
61
25
64
56
70
71
56
71
68
19
92
25
73
85
64
40
61
31
31
47
19
25
61
7
58
35
26
46
62
43
65
77
56
37
50
31
82
14
70
58
31
58
71
11
61
22
58
14
62
56
50
76
76
26
80
26
71
8
92
8
37
56
2
19
70
62
47
56
50
31
22
82
7
58
10
59
80
41
62
26
19
19
7
2
37
79
22
13
82
82
7
26
61
14
40
47
59
73
5
25
77
7
26
82
77
20
31
65
50
5
8
58
25
7
56
56
77
76
76
67
50
77
79
22
2
8
64
43
73
61
56
70
65
65
58
62
2
80
20
61
68
20
14
82
22
62
46
10
61
47
59
10
25
40
29
22
40
82
50
20
29
26
76
20
7
26
56
85
7
65
26
76
2
67
76
22
25
47
