14
73
82
62
77
26
4
7
31
35
80
77
71
22
11
26
19
4
62
92
70
64
56
19
40
64
68
11
50
2
56
79
61
25
43
37
64
37
35
73
85
25
61
35
41
70
68
70
61
29
58
56
92
26
70
19
46
29
19
25
14
70
5
85
13
62
14
56
4
37
25
65
56
2
26
80
71
77
61
19
19
10
70
70
19
41
8
77
71
19
10
92
8
14
46
7
56
77
62
64
22
10
25
76
77
47
70
41
41
29
67
40
25
26
26
35
56
26
29
25
58
14
4
59
35
58
64
2
43
31
43
50
19
56
37
25
5
11
64
31
14
20
62
62
35
82
77
92
22
7
4
67
40
7
19
58
71
71
64
10
77
8
70
25
62
11
41
46
5
70
2
26
4
62
77
31
64
58
22
46
62
13
29
4
8
25
62
50
82
31
70
76
22
41
80
76
41
29
47
62
13
47
62
8
13
37
31
59
20
61
25
80
62
40
76
59
71
61
26
47
62
79
31
70
22
8
71
61
35
7
70
35
58
46
35
71
14
68
10
26
19
26
8
58
71
79
7
14
14
37
71
2
26
80
76
31
77
26
77
14
37
76
56
77
41
7
37
61
73
41
61
77
50
56
61
29
40
56
43
56
10
10
56
19
85
29
47
82
62
26
8
10
7
62
76
19
70
20
56
62
50
41
47
22
5
85
58
25
67
77
7
59
5
71
70
79
8
13
67
71
22
61
58
14
37
29
35
4
67
8
61
7
47
80
41
35
79
92
65
37
62
79
7
50
37
46
62
37
50
7
82
92
65
41
8
7
82
41
5
47
67
47
58
82
29
92
35
7
50
26
47
29
70
35
10
31
82
67
59
61
71
41
40
29
80
41
22
76
65
14
19
19
50
58
19
80
37
58
79
7
76
26
61
71
50
47
70
58
82
29
8
67
77
41
73
50
65
4
41
41
19
40
68
58
8
7
61
67
68
29
71
43
47
20
10
14
59
85
61
59
31
56
19
7
80
79
64
56
77
76
5
85
25
80
47
25
82
7
70
58
31
37
77
80
43
80
77
8
58
29
56
8
92
61
70
56
47
29
14
26
26
26
7
37
70
58
62
80
59
37
26
68
82
5
41
20
2
20
26
58
47
80
67
14
41
35
77
62
79
2
82
10
25
2
35
20
62
8
92
77
62
2
56
19
10
5
37
70
7
56
61
61
29
8
80
50
25
68
40
5
73
14
4
92
8
43
77
62
37
62
58
82
70
13
8
56
5
29
58
22
2
80
62
29
79
62
79
20
31
8
14
77
14
19
62
29
56
56
70
10
29
26
79
7
31
82
67
37
19
4
41
7
70
10
41
50
67
19
77
80
31
2
68
43
7
47
79
70
5
50
58
37
2
59
29
26
31
65
64
37
76
80
71
71
4
77
31
71
7
19
43
26
5
10
73
22
56
58
82
62
19
59
85
20
8
11
29
31
92
82
65
58
85
43
25
65
40
50
43
43
62
68
61
65
79
31
82
31
80
77
77
82
35
61
10
35
70
25
68
61
25
35
26
8
82
56
70
19
8
29
47
62
8
7
29
82
26
29
22
8
14
70
80
37
41
82
73
26
25
61
70
56
77
2
62
70
41
46
65
56
70
29
22
82
26
67
70
50
85
80
58
77
73
61
31
25
29
11
25
61
62
13
13
29
82
62
4
43
19
80
85
25
2
8
11
26
68
79
82
61
61
56
58
20
13
56
26
58
76
46
7
22
50
14
67
61
92
71
77
5
26
92
19
25
8
19
46
50
4
59
11
35
8
37
61
4
20
82
40
4
50
41
26
22
47
58
77
19
22
58
25
59
67
62
85
58
46
41
5
59
85
14
4
76
61
50
79
79
61
8
62
19
56
80
29
77
61
7
25
61
77
41
22
25
77
2
62
59
26
65
2
13
80
4
70
47
61
50
22
20
65
77
14
14
50
62
11
11
46
41
70
40
56
80
68
64
56
37
4
8
19
82
8
8
73
82
29
26
58
67
40
19
43
46
43
8
22
61
26
73
73
79
20
41
46
79
76
37
11
56
19
19
64
31
19
41
14
64
64
46
22
2
62
50
61
19
50
71
67
68
19
14
67
41
47
14
10
31
40
19
4
58
41
37
92
50
58
10
13
29
71
26
14
37
82
64
35
40
26
85
20
37
5
46
70
59
77
80
92
19
4
73
2
41
8
73
92
77
77
4
8
41
26
22
67
82
50
5
29
68
79
41
14
85
14
85
47
8
71
14
