31
61
85
20
82
5
82
73
80
58
76
80
10
85
85
58
92
56
61
14
41
47
61
29
29
76
20
65
58
80
80
8
25
79
11
25
85
70
92
58
50
64
59
71
47
37
25
29
70
77
43
20
26
11
56
62
73
65
20
47
47
8
29
62
2
58
79
85
41
70
61
4
25
22
61
79
59
77
8
62
56
64
56
80
61
20
37
26
82
64
80
25
62
11
82
56
37
80
58
80
56
14
79
76
25
47
50
56
26
50
11
80
25
56
50
65
92
85
2
61
37
56
73
82
76
68
64
29
37
11
8
70
7
79
68
14
22
35
77
43
13
80
19
26
71
80
85
40
67
85
80
2
71
58
82
31
47
35
37
82
40
71
80
59
25
59
56
64
2
61
8
82
37
20
11
8
92
4
61
58
65
37
29
29
22
25
67
64
56
82
35
13
67
26
61
77
65
25
61
50
65
41
62
29
62
71
29
35
58
58
76
31
20
22
71
19
25
13
62
7
11
14
8
64
14
43
35
5
56
79
67
37
19
7
61
58
73
79
4
29
59
79
37
71
80
82
80
19
13
62
20
10
58
26
61
82
46
79
80
14
56
61
61
92
56
5
37
25
85
58
61
25
41
8
82
14
2
73
41
13
26
50
5
85
73
37
68
26
26
56
41
85
13
82
46
76
7
14
8
80
46
46
19
85
56
7
11
56
56
35
46
92
77
67
46
67
82
41
77
31
8
35
11
14
29
73
79
25
77
92
20
58
43
25
31
4
14
19
64
70
58
8
61
61
71
25
19
67
46
7
65
58
43
85
70
70
56
37
82
62
25
7
80
56
29
25
56
25
62
19
11
13
20
70
50
80
77
79
43
61
77
25
25
20
14
2
76
70
25
65
19
56
79
10
19
8
26
73
37
62
80
37
79
8
11
29
62
10
13
19
56
2
31
58
5
37
56
82
11
70
59
14
59
19
25
70
31
59
62
59
29
26
85
8
7
8
35
82
82
61
10
43
40
14
19
25
67
73
25
62
56
46
2
14
77
22
73
14
73
19
62
11
35
62
8
64
59
35
26
40
79
19
62
7
61
85
47
19
59
70
85
19
29
73
22
19
2
4
43
65
20
7
68
47
64
68
10
4
5
35
29
85
58
7
5
19
80
43
26
19
5
13
26
37
92
61
50
68
59
82
35
61
92
5
7
41
80
13
25
92
40
35
56
8
37
71
19
19
10
37
41
14
56
65
61
41
26
10
7
50
80
43
31
56
62
25
5
26
41
26
4
82
68
58
82
13
22
7
14
19
62
61
25
7
31
68
58
61
58
62
26
58
77
40
22
14
68
29
47
26
47
37
82
8
77
82
13
20
80
19
37
26
65
56
37
8
26
82
61
70
19
73
41
4
22
46
19
79
79
50
11
22
7
70
22
8
80
26
26
71
71
37
82
29
10
26
35
31
10
2
8
25
61
41
14
62
7
35
56
82
77
59
11
4
58
26
85
26
62
4
77
8
47
58
25
43
80
61
68
4
58
68
8
7
26
19
73
14
58
25
7
46
76
13
59
22
31
47
43
62
58
19
68
8
85
13
37
79
61
8
62
14
92
82
22
4
14
4
19
70
8
29
29
80
40
77
7
67
41
41
25
68
61
13
65
26
13
7
7
68
7
65
80
80
61
8
70
64
85
26
20
7
29
47
82
76
41
65
29
67
14
61
37
62
61
7
80
68
20
2
29
26
50
26
14
22
26
82
50
7
10
77
22
37
41
77
14
56
73
37
10
70
8
41
61
61
37
47
40
56
47
76
56
8
8
62
13
14
58
73
29
65
58
58
7
70
37
31
25
8
65
31
11
76
73
61
41
19
4
68
61
37
64
22
40
37
70
62
71
50
19
80
26
56
31
37
43
50
50
46
76
37
2
85
14
61
35
71
56
26
29
22
58
77
35
7
22
25
61
79
85
70
61
13
31
77
41
61
61
7
26
41
47
20
25
50
58
61
14
29
82
43
37
67
31
80
71
29
10
19
14
82
80
85
2
8
68
25
73
40
47
82
70
2
19
77
50
68
40
80
80
19
19
26
50
41
8
29
82
13
37
4
77
29
65
70
35
35
11
22
79
56
20
41
41
25
26
8
82
71
80
80
76
2
14
37
41
20
61
22
19
8
11
80
29
73
46
56
22
61
76
70
25
82
40
58
2
68
58
92
14
61
62
70
61
68
29
92
77
70
82
4
70
11
70
14
82
71
77
77
19
59
85
29
43
25
82
26
82
59
