32
428082335
334318695
562528674
433494436
21
305965395
323366710
569419708
81
28602
433494434
7
2
27554185
713115797
400118328
34
228155950
435733157
3
687383006
53
635662881
195468009
82703620
33
3
141
18
514208
165580136
21
343691498
376
18
1346214
87
737661686
75004
12
16840938
489184746
5702882
774945393
28652
140920293
504923881
504923902
1064278
617563079
121372
632208855
317798
102334147
620133346
516738992
679611664
489167043
383273940
55
141984591
150050
52
421696663
43502514
343673792
31
21
502745606
336388321
1
54
317578
543478661
9227444
195283125
110
504923771
105903167
703682744
317808
4
228155970
720163014
691133281
42
143048869
426507289
2
6
32
7
832032
20
322
520103848
982
81
141984580
700158776
720163016
5702886
228155594
363430354
383273969
117939008
333565960
84
620133414
333565973
162410339
26
143048871
681243695
50
20
4
86
3524557
9227410
538605817
630866127
52
27670
3
121649941
5702884
289684758
5
316361712
2581
681243693
774945419
81
24157673
16
54
461630501
735667500
774945393
51354858
228155916
557655828
543478662
294351361
81
67660329
285033431
433494432
562528667
351438559
679604901
81
260875648
617556322
713115799
141984592
357693451
759843057
280776328
309640756
357135338
52
176597049
720163012
333565952
76
16840946
225752484
309160211
679847967
744890784
76
24157728
68
63245931
212
19
713114205
267596485
6764
555
32
3
289684800
34
27554235
26
357693493
42
86
84
141984580
182699310
67660276
117424782
139524294
14930339
701408678
605527243
228155916
9227463
16840943
707412915
516738991
343691490
100534585
4
68
183219351
212
318539966
14930349
281403426
343691498
28655
143048871
422379450
431180196
1592
691647507
141337374
617563086
516738939
285033460
323366710
7
63245965
569391054
514228
1346248
363430360
6752
285033463
514228
14930347
162410345
514174
504923902
53
12
21
16114
532258822
382956163
39088164
31
88
9227431
8
8
140920280
18
343691502
28655
7
14930318
31
121372
7
543478656
81
339210670
336388322
285033460
389209963
2178288
29
543478630
3328160
21
86
383273953
8
339210665
143048859
543478661
6744
306525764
289684808
241289381
100029579
285033457
14930351
520103850
150649789
362084093
148984860
165579908
140920306
306525761
3524576
183219338
5702884
9227463
19
141984538
187758930
117932246
117938990
63245981
333369555
183219325
12035839
47
142927479
187758930
150701289
141984585
982
121390
739172405
744894910
567855086
46365
339210639
2178301
774945419
343691469
250879656
68
744894355
4
691601142
717984708
343691501
648883307
333565939
225752489
984
357135338
623120580
489184751
26
196384
19
3
691647489
280776315
569419334
620133058
76
7
433494434
68
410472746
363430357
8
435734754
691647476
520103819
16
3
10689575
550727196
267914288
10912
280776116
102334150
114997062
14930350
122227799
504923914
569419709
162410313
433494432
756299485
528548312
52
29
357693501
357135372
532258832
68
406547039
10933
53
637911734
17711
192645659
622981390
21
87
679611658
343691495
33
52
662208736
75022
4173
713115747
538691352
285033457
162410345
2178275
575437932
682215062
45789681
100029580
228155916
67660328
318539966
142534643
712487429
14930318
67463913
76
5
3
24157796
42
13
637911739
289684805
28644
750787610
178
13
3
683484013
289684808
148984861
88
1346268
2178307
34
19
317790
8
196397
514195
605
677250916
289684811
569419690
702851314
713115800
669954295
285033444
21
84
334372704
21
32
13
4
162410334
735605973
11
343691501
662208605
46367
183219346
264543889
333565918
24476
28636
250879682
435734749
359116157
753548088
17656
323338058
24127533
105910780
195283157
516579275
306525756
148984860
81
357134406
832019
322
76
520103840
483571405
100029561
507464
14930318
224147566
10
140920309
774945424
720162983
1596
520103832
1
477084563
267914262
26
669954241
26
2178296
701408730
603851743
9227452
102334134
52
569419677
141984572
2440
3
298778386
162410345
1064278
46365
42
4
2529
5702885
27543294
774943830
280776294
665399738
162410313
685724526
21
423439130
363401705
16840943
10
225752487
383273971
143048817
681243662
428082332
16
55
339210440
333565971
289684800
155729515
286680322
363430357
143
9225868
87
63245931
7
8
34
11
141984559
276031172
53
165065912
2178288
435734733
165579997
317798
24157783
104489068
194298055
196384
489184377
442062605
5702882
720162983
29
318540013
24157804
543478609
86
2550
81
335556283
363430328
10933
68
121338
569419709
274754461
84
67660318
7049156
6
75020
289684808
52
42
984
984
7
4160
12
183219354
532258827
18
504921331
267914262
18
686478381
562528670
4181
5
147638592
182387319
433465780
29
17708
339210652
55
363430349
67660318
301593414
38586159
516738939
32
514216
26
357691909
17710
2495
532258833
42
86
2571
701408732
318540019
681648979
98809577
141984592
32
720162407
8
323366710
770876741
504923912
13530
3524577
7
88
12035823
16840930
703683352
42
42
648463827
564651759
5
404681875
432662397
3
701408732
504923902
54
5
148984859
26
464598504
140920301
620133430
339210670
662208736
832006
34
165580128
718486804
46365
3524523
21
1064277
47
10
532258801
428082334
10938
584395498
267914283
9227460
461630512
532258834
9227410
33
49713763
543478651
10943
708127173
617563085
16840917
267914293
88
608
357135338
289684758
342859463
34
6
5
339210665
662208744
2550
6
703683341
2178165
679611665
117932246
744890784
691647133
532258801
86
617563066
17677
68
84
637910145
617563066
694455889
662208744
672016231
122419841
21
195283151
194451119
662208746
691647509
84
8
211791521
357690922
504923860
225752458
5702874
720162407
100029561
75024
555
498670301
713115747
76
744894944
12035823
289684758
720158836
597
744062925
832035
50
28656
774945425
339210529
4126
39088166
63239221
88
267914293
504923894
681243688
196416
267914288
267914262
165577557
1
196416
50
16
620133433
520103850
54177208
110070562
705806796
39070458
55
3524523
32
1064276
432339453
524529370
620133414
42
679611645
516721283
498055707
3
691647489
32
691647508
669954294
267914293
141337374
46347
2178304
42
42
2178306
414339245
754172229
76767631
165580086
713104856
67656150
617828862
61957444
1589
102333168
110191934
681243691
148984848
298778374
701408699
404904967
63245952
606224120
542414385
1594
703683320
110191921
121388
3
489156097
10
47
569419656
2178307
114628
148984827
701408728
2
3524544
19
4176
569419656
196405
7
5702798
27554219
317803
3
148984628
84
503859636
720162996
363447953
4092
357693485
336388310
28636
532258827
514224
363430307
461630281
620133427
334512117
182446401
691647507
986
148984840
288
383267209
102334154
196417
396210231
336388322
650773795
331387664
252983944
323366702
1
75024
68474027
252515395
47
148984858
285033452
285033460
2
195283138
617563079
199
298771622
679611665
701408699
228155937
267914293
23961399
383273971
32
88
52
720163016
143048867
14098312
55
265526996
357682560
357135390
110191953
667775987
21
13
446700162
543478609
99908189
516738992
662208660
516738989
16
88
460566235
64135753
67660276
171357942
516738939
24157809
461630459
516738991
225751505
4160
63245931
5
368343622
298778382
267914288
100029548
53
46135
6
42
150743306
504923860
138252530
6710
27554235
755328119
123
1064258
2
569419706
7
356861466
87
336388322
286160235
16
408343478
81
713115799
88
225749908
10944
620133427
47
54
698185450
318539411
1
131
280457348
67660328
1064271
357135372
423733214
504923907
100018636
100028972
363430349
76
110191934
16840718
701408720
140920309
86171378
284428263
5
363430361
81
2
298774206
298778384
4
669954262
53
88
504923910
774945393
42
183097966
333565971
381095665
165580139
250875509
5
26
701408732
356817582
428082316
228155950
183219346
435734751
966
67660328
86
63245965
238305064
336388310
67660328
165580140
458220405
489184741
