26
569419710
281752326
143048728
9227444
16840917
68
504923910
89
577841411
1346267
280776341
422066880
87
3
74991
21
298778374
54
562528667
283264451
720163015
1346214
637911729
5
47
150374503
357135391
140919327
6764
476068707
5
483571405
3
701408728
165580138
715387012
20
148764499
81
418854872
673908779
1346248
537775777
13
5
336388179
18
42
46366
1346235
100029438
562528667
317810
422907005
18
705806796
196363
55
673830769
357135388
726860724
6762
699726529
681243683
140920312
16840930
39088167
280729981
75012
53
31
13
290986502
10912
8
323366710
832027
140920309
39088167
81
140920309
461116285
1
339199727
701408720
27236429
6762
433494429
204417305
298778366
225752487
88
84
372
289684811
986
12035836
165569195
10
76
17690
343
28602
428082303
86
72475342
195283104
966
703683352
6
701408720
605
52
50
757419122
701408123
298778382
383227606
467085556
744894962
195283158
333565960
183219351
50
11914451
547535661
3524577
744877254
143
357135359
84
19663301
18
5702874
3
39088164
2178304
3524575
637911740
3524577
593405270
562528620
489138386
3524576
4160
2178308
435734746
428082337
433494435
6
363355337
19
34
81
356
67660310
4
190225812
196413
357675795
16
532258833
2178304
16840930
20
435734752
5
285033463
36783596
343691498
88
2579
68
440215584
76
543403639
4176
67660297
333565918
87
204668310
10
34
84
435734753
339210063
286160235
53
489184720
50
26
27554238
317777
372488768
363430307
6532
289684805
121385
9225868
34
323366702
382209695
174843930
10
620133433
250851033
10933
411515065
336388322
504917150
34
39088161
24157796
435734752
53
12035843
3
52
373107489
703683351
229018718
28652
577277511
5702874
53
569419677
461630512
520103819
102334134
570188994
21
3
225752471
357014000
637911737
703683349
16
8
323349004
54
29
486734937
433494429
228155966
86
520103832
312818903
7
339135648
720163004
7
381432400
489184741
16840946
679611632
102334134
2178165
333565971
375
1589
29
318540021
679611632
165580086
34
5
102334147
225752437
691647455
18
589776962
428082282
336388302
433494424
225752471
6764
141984591
10943
427764526
68
298778386
183219351
333565965
7
24157762
363430360
88
662208736
4
26
228155738
333548262
10944
2581
280579931
343691502
7
339210668
520103819
662208747
703683299
67660276
46347
562528673
6764
532258834
2570348
110191921
39088135
285033452
81
292685882
2
418649889
639370253
8
519271813
110191954
9106072
250879685
375137431
343691448
317810
520103845
84
289684779
608
357179277
543478659
428082329
34
610905970
953
6731
435734751
195283138
334210014
168535592
14930351
67660310
205989349
514195
552976665
63245931
140920312
195276394
691647505
14930297
141984591
280776294
620133434
289367002
1064274
1220
131
744894944
727946916
228155963
8
323366694
637911741
637911740
669954283
489184699
298778353
363430360
298778374
2178306
84
86
1064224
39088148
42
143048864
4414345
141984538
4
63245973
619619206
81
8
713115768
162410326
339210671
357135393
684785410
343691500
24157812
435734746
339210618
195283157
1596
11
617563085
442062605
32
54
1597
516734813
68
681215039
343
617563085
4168
16
774934481
679611632
290404467
703683299
26
84
757602740
225
241871959
562528672
21
506173725
183219356
141973647
516738989
289684792
298778366
289684811
691647505
516738939
47
317810
306525709
47
102334150
285033464
520103832
88
46334
2571
12
225752490
141984572
516738973
34
39088161
379749396
323048904
12035700
699726529
148984860
13
50
76
637911739
3
323366681
681243695
514216
46334
705806796
34
744894962
16840946
713115794
5
355939054
225
286680322
8
1
357135359
317777
117938956
703683333
1
318540008
339210529
26
5
357135388
225752437
225
774945426
195283154
774945425
139
110174244
617563086
39088166
364
617563085
669954275
141984585
195283154
681243691
679611664
298767441
162410334
21
195283157
1589
383273919
86
46363
225
326189065
126491972
383273953
63245965
2056916
774945424
489184741
1064245
435734741
63245931
1346264
543478663
195283104
12
16
408506642
12
570066930
121392
13
140920313
100029561
688753002
28656
489184749
519982460
691647497
21
1584
84
512432814
691647502
76
357693501
13
88330983
620133430
162410313
14923587
567554547
4178
713115192
117817618
4
433494432
34
932
165580107
63245965
47
966
357179277
5
267914291
250879689
5
357693503
774945406
12
637911509
2
343689906
679611658
832019
16840896
637911729
516738993
16
318540016
6
1346269
620133291
231466763
421608361
3524578
437263584
2
562528670
142731061
88
75020
669954241
644827098
3
682215062
142
55
336388321
664401703
31
719648788
543478609
1542
16
221325466
52
32
81
196274
225752458
102334152
532247889
12035843
68
250879682
88
289684812
620133380
280776344
140916133
503286397
225752490
520103850
473422008
357135392
137395736
33
205525716
504923913
343691502
1
110191811
637911653
18
3
39088167
6752
31
52
383273971
121160
6757
198185693
489138386
225752479
343691501
195283154
691647497
662208744
681243693
34
357135380
703683320
12035836
139
34
633840263
435688386
1064278
637911741
47
140919937
306525751
148984827
285033452
3524577
435734741
461630509
2563
383273919
435734720
701408720
489184752
33
162410326
455927627
20
5
158502921
514228
220
720163009
2
504923913
52
744894944
4
8
225752458
383273940
520103798
343691482
1592
7049156
228155969
102334152
11718033
774945372
2
4180
16
520103709
562528662
1584
543729038
10
356
27554206
76
28657
701408728
34
10944
162410339
1064224
1064046
50
32
617563086
162410292
143048859
187758930
6
87
285033444
620133434
577166767
8
162410342
343691448
391977464
84
33
9227457
526905424
153182882
31
86
32
29
12035843
6
55
216095122
26
88
323366710
306525763
81
183219357
662208748
143
683334699
14930297
476068707
283981926
713115794
20
357135391
333565970
117938998
86
16840948
27525583
127274466
306525709
31
140918717
280776348
720134360
542646624
339210665
52
141666782
1064277
27554206
28649
67660323
20
756074563
1064224
6
433465780
5
183212594
165580128
774945393
562528672
662208728
461630506
3
669954275
54
52
233499548
322302436
435734699
29
433494429
13
514229
143046288
637911708
662208694
1017911
519561344
681243662
225752490
562528670
225752437
428082336
2
703683299
679611664
645623867
29
14930352
162410292
21
6
691647509
617563086
357689325
2178304
637911737
6
141984585
336388315
461630513
187633704
47
67660329
200601731
9220700
39088148
269367582
285033410
4168
76
24157815
9227462
774945372
162410345
225752484
34
121359
12035467
280776348
620133414
298778379
356
87
267914241
620133430
5
670342156
681243683
720162983
21
13
574665756
10
76
67660323
13
678779626
679565298
5
10802
649869816
363430349
280776116
176684353
12035843
280776344
194403730
12
832035
250879689
67660330
225752489
489184733
520103852
336388289
383273940
620133433
318540000
306525730
110191952
4
98200152
17690
5701290
357135391
966
228
489184733
140920313
713115781
228155970
373107489
543478659
617955126
173047491
285033444
63245981
620133422
280776346
543478659
55
87
141984538
514224
662208715
569419710
493170666
1064135
140916133
703683353
81
569419706
29
1064277
195254502
27554238
277648969
10
102334154
102334142
8
87
2
363430349
343691414
102334152
8
108895097
267914288
681243695
343691448
140920293
562528674
363401705
305693724
17677
744894964
516738986
121390
339210639
50
380833279
196410
9227431
3
16
357128628
461630493
31
5
63245981
377054981
336884494
28644
323170297
14930349
3524565
19
433493827
701408699
102323209
228155968
514224
141
92206215
669954262
617563066
1346214
235962645
306525759
19
21
260427694
343691448
3
520103819
201706910
953
24157815
516738992
620133432
53
63245983
343691498
1064276
562528531
681243641
2178296
86
435734746
52
39088169
55
21
104176498
503283
638162747
636613098
12
