713115747
669954275
143048851
713115789
3010349
713115801
433494382
19
6757
4176
26
410472746
343645135
88
28649
199
5
504923902
532258458
543478609
318540019
318540013
774945406
357135304
9227410
10
87
67660329
250879687
543460953
985
28654
141984591
569419656
744894952
86
88
371245743
21
831985
532258814
569419708
15518396
8
27554237
87
29
357060368
170808182
195283125
16840943
8
2581
681243641
280445517
68
637911721
701408720
617563082
81
256703073
177045641
652502686
644779950
774945425
8
113674507
86
8
14930351
679611611
32
318047224
21
383273830
703683341
691647455
691647507
67660310
88
298778385
54
2178275
46347
679611665
178442194
50
323366713
429540848
514221
566041572
608
110191947
16
1346261
7
87
27552643
336388322
569419706
306525762
16
74991
183218749
289684808
333565972
676087088
1064274
569419567
76
86
2
53
19
489184733
691647476
528734257
11
985
6
32
333565965
16
12
121385
27550059
27554219
461630459
100029579
503896193
504923913
32
131
605
979
755044058
183219356
84
195283157
67660323
63245985
39088135
6
832032
6757
357135391
289684810
16
620246295
267914293
617563079
250879656
489184752
10
26
1346264
691647455
121380
26
5
4
430364006
461630512
2178304
299208898
2571
602
20
195283158
1064266
298778379
140920280
669954295
2583
336388318
10
68
13
343
21
569419706
569419708
99164361
514195
33
532258830
569419690
75017
3524565
9227463
106983223
140920301
288620534
12
39088168
267914275
1
225752437
298778353
21
140920280
76
39088166
5656519
333559208
6744
195208134
279330578
681243662
3524557
433494435
317808
13
567938372
183219358
76
165580107
138742005
2563
46355
280776315
17708
306525743
306525762
703683352
67660318
985
343691502
745895671
347907928
52
33
594188276
26
165580107
55
661376709
774945406
165580128
562528673
456405406
30864091
102316444
2571
12
278971524
88
27554238
620133058
669954295
669954296
84
650773795
27554239
32
68
387840924
8
4179
192237
67660310
681242099
6388
298778353
514226
516738939
520103819
87
2
609
6
186550999
88
141
87874600
1064277
12035836
5702885
34
669954288
713115801
3524570
179492858
47
21
2
10
63245952
620133432
662208605
17710
357693451
516732229
7
148984860
701408699
620132448
357135380
10891
637911737
1346235
196405
10912
357693472
229018718
343691502
1064277
383273919
515906954
4
3
6
68
46366
165580139
371177739
306525763
81
81
569419706
88
461630501
102334152
357693472
774597983
11
530912566
2
318540019
609
429572272
832019
681243675
63243402
520099672
34
143037926
76
774945419
2
428082303
620133401
317777
421608361
222510048
286680322
589181345
2579
281508887
774945419
637911721
516663969
664681314
42
15518396
20
67660326
219890450
8
26
228155963
143037926
29
63245952
336388321
258934428
16840948
20
9227431
102016344
6744
984
292507163
37609936
6744
514174
140920293
9227457
165580133
669954294
6
267914241
131
63245985
2571
433494434
165580139
633958153
366526391
6
703681757
161232412
4
162410339
703683320
285033457
8
516738991
1
617563082
294477804
1064274
289673867
289673867
298778386
4179
504923912
280776294
461630493
87
432912404
8
117939008
147479995
75022
701408725
81
679611611
306525751
363430354
744894931
7
489184751
516738973
108895097
86
61067677
289684758
88
7
4
52391209
195283156
32
637911687
3
13
383273973
374
3
81
55
774945427
703683352
712022153
648883307
609
34
317722
8
10
18
679611663
10941
16840949
50
3
298778379
1346268
1
753722195
102334011
752187309
39088114
363419416
703683353
669954262
55
12
232080053
532258822
383273966
597
87
3
679611611
82686216
225751882
87
14930347
10943
620133430
489184752
629028587
52
267914283
653688414
555
81
579074915
19361475
617563032
33
2178288
504848890
703683320
1
42
143042107
433494432
196415
304603334
2
183219338
228155958
86
121393
637911737
5
280776346
1064266
24157762
3524578
20
662208516
617366669
14930331
343691482
54
4181
16840949
562528620
24157815
28636
383273973
21
141984538
63245952
1064279
336388289
298778386
32
81
369
289684812
11
148984848
336388320
383273953
516738992
317193752
323364131
74970
84
84
8
4
138742005
317803
684978739
347289573
366438718
507511529
26
117938998
532258801
357693503
8
11
162410342
87993738
339135648
184068650
532258830
63244999
514208
53
669954295
332501694
26
26
318540000
267914241
662208748
336388323
504443370
192645659
280776348
250879677
6
12
68
720163004
520103852
336388320
34
679611664
435734720
86034138
357135385
358873974
143048838
832038
634387164
195283138
681243694
20
53
10943
75004
26
280776336
87
162410344
375
655453849
52
713115768
6764
34
195283146
223318002
88
16840930
744894963
543478661
4
2103284
26
50
195276394
617955126
52
637911721
13425486
140891657
669954294
27554239
569419677
165580138
420804402
774945424
318539987
33
148984858
333565918
433494382
6762
1596
514560685
110163298
165580136
2
744894964
489184699
24157812
11
6
691647497
39088156
267914262
429540848
195283125
86
121380
3
620133432
13
68
53
7
436915222
27554185
489184752
317808
516738960
514228
67660326
33
53
4178
2178254
19
662208372
679610069
102334150
608
343687322
3
774945393
543478663
461630513
4179
543478643
183219358
433494403
560350366
165580139
713115797
4126
773129169
12
372
669954207
138460015
141984592
68
629028587
28636
561698761
225752489
46367
306525730
5
13
12035842
10938
63245983
1064224
550050
32
67660297
620133414
29
513619
7
514400966
55
691647277
713040777
55
498833002
832027
461630509
1
24082792
140920311
53
21
339210660
637080042
140920309
504923912
569419478
267914283
5
537407721
53
1346261
9227410
162410344
280776328
10
16840938
357693501
3
76
617563079
63651269
953
662208744
284386246
712217218
635662881
196410
16840949
3
343
6763
58432866
620133401
250879669
832038
2178288
121388
13
12
3524523
285033464
267400067
41211611
469012849
13
318540018
121338
117928065
68
681241112
421384630
428082336
435734749
762247936
504923860
7
532258830
1346267
140920309
333565971
208708645
306404371
488866943
569419710
68
774945372
489184720
744894944
52
343691501
520086142
189067802
637911741
516738991
143048859
318511364
267914293
12
9227457
3524523
289684811
319645921
433494429
284428263
363430328
33
17698
33
102334121
225752487
140920306
333565939
21
102333922
74445711
16
267914275
774945425
552034706
1
228
620133380
1064266
832019
508428151
10
68
669954291
47
720163009
28644
30919099
4179
292807946
12035842
141984504
100029548
11
335099970
7
1064266
34
54
142927479
11
543357271
543729038
375818680
289684810
28652
637911740
617563066
639484963
228155969
14930331
435734746
19
12
764746169
8
31
20
14930350
549662917
336381558
720163009
626917669
18
8
681243695
3
52
121338
52
87
8
16840946
681239515
383273966
150374503
162410345
562482307
489184746
568875657
117938998
1
1346214
1346235
28652
371177739
504923894
489184699
42
76
8
5702886
55
363430360
731362742
29
285022519
86
323366710
672611272
21
713115801
562528667
608212617
13
268727992
291595412
24157812
181041050
669954283
357135359
297969722
701408678
52
774945424
504923881
165580138
10891
713115800
280776347
196405
461630493
384920831
21
76
731362742
4147
21
195283156
12
569419656
28649
26
364
13
428082334
29
100029574
520103840
13
46367
569373343
280776344
520099672
16
744894964
665399738
514208
102334150
4126
2240317
143048817
318540018
68
149974081
225752458
54
13
10
744894355
34
691647509
24157816
687383727
24157809
483547538
110190968
317809
357135359
183219325
343691502
375
703683353
195254502
336377377
339014255
21
3
669954295
497549541
514216
53
81
7
679611665
4
501759380
515663555
