46313
713115768
519589624
216773192
2178288
12035842
50
42
428082329
89
722379591
12035789
435734699
9227452
34
606224120
81
100029581
744894963
16840948
11
681243675
306525759
225752458
33
974
12
98683313
141
127274466
3
141984585
42
744894963
26
339210668
75022
162410292
2
27554235
29
317798
6
669954283
228155966
323366713
5
63651269
2571
121388
5702853
20
713115789
336191905
52
140920306
403839570
141984588
195281562
24157814
143048869
9227460
374754401
516738989
1596
336388321
100029582
20
18
21
13
228155937
306508053
196041
31
196416
1
50
102334142
3
832027
383273953
86
18
39088114
26
21979508
75023
54
701408699
750715452
691629799
1346261
24157804
339210529
1
514227
514174
433494429
88
562528654
569419698
589313355
196405
357693493
298778374
637911737
289684758
5
2529
357693493
44913116
10944
100029577
383273969
610673323
19
143048817
669954288
363430357
165580133
12035842
10933
569419703
562528670
6
343691126
141983606
562528654
4805107
435734751
2
54
50
2583
4180
29
75020
143048864
640089907
121649941
720163004
774945422
20
755520559
3524578
42
81
16
461630501
662208736
461630509
16
7
355487849
765612795
100029577
435734751
52789624
34
569419706
225752490
514174
183219338
605
225752491
341311520
520103851
53
180854165
728451919
63245952
357693493
195283157
1
637911687
339210671
31
429969859
543478609
111242605
7
662208748
5702884
489184749
2529
181041050
6757
147479995
17703
86
3194
8
333565965
46366
9031047
47
744892381
140920280
54
196161801
68
87
148984858
84
569223293
461630506
318222210
53450000
11
357135390
774945406
357179277
428082334
5
679611653
55
832019
225752484
774945424
3
75017
289684812
298778385
346547961
93199995
285033452
489184749
34
156793794
110191954
9227452
180854165
87
16479663
148984858
87
375
681243463
28656
774945393
681243695
87
12
6744
14929742
39088168
475578494
324352479
1064274
1064266
148984860
669954152
3
681241112
392869123
68
317790
17698
39088167
357693472
620133422
257795046
74991
691601142
289684779
532258834
685944623
5
11
32
679065387
1597
13
357689325
774945427
433494435
306525762
357135385
638887719
24157809
679607485
1346214
32
46347
607
26
125821816
286680322
435734720
832027
267400067
514216
1346214
744884019
618722289
29
12
165383723
100029581
323366702
433494434
435734720
26138581
55
1064278
569419709
744894964
1
703683341
543478662
5702853
333565971
322615037
569419698
136
165580139
516738989
423698910
10
514226
637911740
102334142
117826776
343691495
39087559
360515856
433491853
832037
280776294
162410334
228155916
21
117939003
267914288
744894588
720116649
183219215
21
21
195283104
117939006
285033431
336388310
302266382
605203083
32
54
10
453493008
50
67660326
637911687
6
383273966
744894963
63245931
336388315
562528672
228155958
7
129034238
744894963
323366713
280776346
39088080
241289381
569419708
47
87
230978263
516738993
428082332
6
148470632
1346248
1
691647508
140920301
722985367
53
514221
75022
720163009
13
228826127
3
165580086
199
46334
679611663
31
567855086
54
720158836
286097744
87
27554096
383273969
241688180
67660330
1
13
343691448
199098313
691647133
318539966
81
285033431
1
306518999
617563079
67660297
32
489184665
88
461630506
524879858
1346268
520103840
11
46313
87
2
76
76
50
12
162406166
19
357693472
289684800
5
744894931
669832903
504923913
195283156
589
532258827
9227431
52
110191942
357693503
1
622955785
42
162410344
433494382
250879669
21
28654
461555489
363430360
1
13
4
68
52
32
620133430
76
165580138
568856236
489180573
12
2178275
50
67660297
15776672
3524557
140920280
4
267896585
42
669954275
753548088
55
21
318540008
669954291
2581
357693504
1
19
519271813
662208744
21492299
504848890
162410326
504703150
26
637911739
102334121
280776348
100029581
774945393
100011871
14733934
148984853
428082336
67660318
1594
363430359
148984827
250879689
461312703
195208134
14930349
14930297
514208
9227444
29
1
343691501
228155970
53
383273830
140920293
336388322
232239
306525751
140920306
12
29
18
558154595
228155937
280776341
8
435734699
7
6762
309312556
24476
84
54
142927479
225752490
2178306
110191900
620132825
750432857
285033460
637911737
371245743
357135391
18
86
744848597
318539987
289684812
46367
489184753
12035836
720163016
39088167
514228
117938977
84
28654
82654013
691647509
9227452
121390
302111536
774945414
12035789
110191900
713115799
31
122419841
250879688
88
620133414
449594670
38611468
47
226196368
148984806
306525764
143048870
34
58434324
485193654
52
318540018
148984827
84
21
681243641
42
637911741
143020215
570188994
19
11
363430349
267792903
183219346
3524576
102334150
318539644
356
42
318540020
117938998
20
75012
363430328
7
435734751
435734752
12
8
428082332
713115768
691647507
2
86
75004
503859636
713115801
98683313
31
86
110
637911721
433494382
679611661
662208736
87
318540000
143047275
713115192
34
84369099
27554238
357135391
647278397
367245516
328761151
6
435734521
27554206
543478520
691647507
435734741
285033463
100022817
602
14930350
317707981
1
144
504923881
713115781
16
12
491025234
569419708
143048864
318540019
562616977
1595
10
432339453
461630459
744894944
2178304
543478651
183219356
148984848
212
504923914
317790
12035836
720163015
52
24157783
362469511
55
14930351
4
6
617562998
1
32
532258827
363429375
298778332
144113151
362469511
520103848
165580107
47
317806
84
28649
3
17710
142216832
520103798
13
1064266
233499548
26
63245978
34
620133432
3
396210231
53
366678694
100029577
6
102334152
151891879
432339453
289673867
306525762
3010349
489184753
9227457
363430341
34
1
751028107
34
250879669
16840943
520103840
16
637910755
102334134
433494424
16840943
672114870
504923910
774945422
10
3
81
24157762
8
87
509027272
10945
54
3524570
110191921
569419703
68
183219346
701408720
433494437
298581969
6744
774945419
17708
10
148984859
428082282
3
318539966
617563074
123322178
76
514208
141
110191942
1
47
100029574
34
3
516736410
432148168
357135359
317809
21
2178307
339210672
140920293
285033457
722733365
143048871
982
165713242
744263641
514216
966
12
87
121391
42
357135391
5702885
2
617563066
55
691647509
27554238
333565960
31
736877045
195283154
669954275
703683333
5
109959376
6763
435733767
16840946
2579
662208736
110191954
13
7
984
318418628
2
489184741
87
433494437
986
620087067
165575960
55
16840950
433494432
34
713271981
13
357693485
679611653
691647476
12
669954275
250879677
17703
383273953
713115768
162410339
16840938
1064245
645976289
460284245
142
363430354
532258830
19
1064224
262130573
701408733
52
86
52
3
18
87
620133414
24157762
629306805
6
4
435734749
194768930
336388302
422907005
121385
504912969
47
618379102
117939009
8
2
298778379
75871765
129034238
225752489
691647509
357693417
306525762
433494429
2
532137442
339210672
1596
433494416
687383727
713115802
298778385
21
3
34
86
388612605
110191942
225752489
50
339208089
2
42
31
20
635662881
12035839
602
88
84
50
1584
24157814
142927479
54
306450739
32
831985
19
29
12
21
691647502
44471336
280776328
516738993
285033464
29
669954288
52
336388268
333565952
16840949
178111362
34
10
514224
428053680
11
34
285033463
4
16
3948
100029580
17703
357693506
617563086
691647366
2
82654013
50
491025234
604743782
11
492549613
5702886
102334147
31
250879669
289684805
143048864
750715452
520103852
306525759
339210668
2178301
34
306525761
2
54
1
280776347
26
299023066
514221
617563074
317777
4176
336359666
87
2582
14930339
8
47
343691126
8
6763
67660310
232
361875043
20
53
433298019
608
12
3524576
217960607
1046568
483481867
