86
34
701408728
76
5
477369675
68
24157812
504923910
183219354
691647502
76
461630480
10912
6757
75012
8
67613963
532258830
100029577
1346256
461630459
1346235
76
10
17710
55
306525761
13
86
735692463
50
87
121388
76
16840930
8909654
17703
102334142
543478643
617563082
102334100
16840917
183219357
148984858
86
6757
267914291
280775362
12035810
183219338
635622
142
102334121
34
26
250561879
20
10912
3
47
543478663
195283154
284715654
343691469
343691482
10
620133430
1576
31
6763
2550
183022941
359296359
739192078
595108787
428082334
27536529
10
339210670
289678048
489184665
55
27554185
683251413
29
74970
774945406
422066880
16
110191952
298778384
520103798
543467718
543478663
333565918
52
212
54
5
336388289
280776349
54
20
5
50
121380
24157783
1064277
163401832
314276238
2
86
33
250879687
121390
569419708
317756
27554185
697532820
88
679611289
76
6710
76
701408678
691647510
333564986
691647455
16
317777
7
382441934
11
12
637911741
63245965
5
12035843
832040
39088156
12
504848890
493258201
364
31
703683352
24157809
143048871
433465780
323366681
141984591
1576
165580107
435734733
12
285033464
90925374
701408728
5
225752490
165580086
679897427
76
305073356
87
3
196397
306479396
24140106
17703
68
250879669
80773272
508101018
195283157
250879689
306450739
86
323366710
196410
431178366
92206215
19843612
449889503
648558787
966
43502514
720116649
516732229
34
727158148
9227410
19
1
228155966
681243683
281840628
306525743
348500010
35563591
774945426
2
357135380
7
63049568
53
408506642
284519236
520103840
50
29
140909368
54
103913284
289680632
691572485
514228
343691500
285033444
306525743
6
285030881
143048871
68
489184753
82703620
306525709
669954241
2178306
54
428082335
12
359116157
162410292
26
10912
120406
255294035
604743782
744866308
148984859
121392
323366710
7
53
42
3
6757
4126
135217427
53
339343774
139757396
6760
50
4176
14930344
102334153
21
31
53
87
198290359
336388234
562528670
198198973
222227914
289684792
514216
162852127
17703
703683341
14930344
32
4176
703683346
75017
267914262
21
701397787
24156830
10938
86
427791550
47
88
17690
620133432
32
12035823
165580139
520103853
504923914
2178254
620126670
4
66596052
52
357693501
4179
514216
16
17708
116762497
250879687
11
17708
617563066
78176338
1064266
16840949
2
50
42299045
2570348
982
29
87
164541171
8
428082282
24157814
31
19
31
67660297
772030921
86
357135388
14930349
681243683
516732229
54
7
39088148
339210668
543467718
11
267914288
3
2
515392725
744910860
17478
569419703
678087703
703683351
298777400
52
637900796
298771622
4
140920314
357135388
68
504923910
110191921
20
641719173
2178301
10
285033462
713115797
147920582
50
680729467
6757
461630512
701408731
669954288
333563389
620133401
681197328
701019567
162410326
4
52
363430360
12
12
605
26
233498039
18
87
11
102334142
433494403
9227431
84
605
17690
318540019
774945406
489184699
510917760
339210660
333519635
336776183
259935134
13
81
42
3524577
289684808
703683352
336388268
413295096
517925544
2178304
953
317777
47
336388318
433494348
42424822
34
2582
774945426
514195
669954207
110191934
18
662208736
285033462
516738986
100025401
543478662
578178424
2
640089907
7
13
1346266
4179
333565952
339203908
9227088
298777777
2
629598931
3
669954288
435734733
681243695
364
504923881
6
267914275
162410334
14930349
232
88
428082336
13
601846093
5
26
63245973
241652225
18
520103851
1
33
13
774945426
86
55
110191952
3
662208748
196417
87
39088166
13
87
662813361
2529
221787479
985
226809702
67660318
298778366
719098738
156194990
110191921
363430307
162410339
89
516738994
54
336341955
55690317
461630506
17703
20
713115797
514195
701408730
333565939
63651269
4168
6752
32
142
514224
32
26
1346268
28654
34
701408725
569415530
555
543478431
81
142
334512117
141422324
17703
701408728
288620534
17698
14930350
5
141
53
747905218
4
250879682
386850599
356
281379145
148984860
333565918
1
75023
141984591
521889325
267400067
6744
312645653
306525761
86
12
715586070
67660329
16840946
26
33385282
247871334
357332927
31
534105856
141422324
3
520103851
703683346
504923860
32
289684805
2178296
333248162
195283151
52
225752489
280776328
317809
75020
514227
2
433494436
165580136
298778374
316181304
832039
686478381
33
16
259935134
24157814
193834
6760
192645659
88
39088135
2174128
637911708
271550342
1594
713115801
165580138
24071688
141984580
250879682
681243688
343691500
20
327863086
24157796
52
5
343691500
182699310
5
267914295
42
13
8
183219354
34
13
394731960
357135392
47
67660329
348466041
3524557
703683349
149974081
755520559
121388
165580133
26
691647455
32
1
42
34
679611664
1057514
5702832
141984538
165580140
10
427791550
16
379309316
323366712
9227410
225752492
9227462
397451138
662208736
831985
250879685
318540013
1576
357135388
225752437
433494416
562528673
76
47
543478609
620133430
375
10
7
292685882
681243688
357135338
516738973
14930349
670342156
681236931
542964435
39088161
250879656
713115794
17708
117938998
53
228155970
100029574
376
744894910
489184733
720163015
669978580
8
339210672
504923912
12031663
162410342
2
11
605
280922762
267914295
2
52
561696635
5702885
473252534
86
662208715
26
196415
150050
165580133
53
110191952
306525759
607
267914294
26
414339245
13
503577646
428082324
4126
5702866
620133422
543357271
691647421
42
75017
343691501
26
383267209
110191952
216525027
162410345
605
228714312
10933
703683353
714425632
39088156
141984449
6
33
609
7
347200161
162410334
140920309
33
14930297
565543798
67660323
8
19
134856107
3
433494436
979
526694432
10
4147
383273741
2582
770450911
87
88
53
333565960
11
2178254
141977828
554317101
8
8
713115794
357135380
33
616216818
46334
52
85107099
832027
5702882
14930318
16
773881148
681243641
20670652
2529
743999099
165580086
76
47
67649385
830443
228155968
620133380
27507872
354523712
3
39088161
205525716
28602
4
526555948
430090054
12035823
306525620
5168
737661686
67660328
532258832
39088114
383273940
526282489
17703
88
110191950
391977464
372
42
617563085
225752471
39088167
81
65771612
302266382
271443
74970
39088025
336388320
342513568
681243683
383272377
17709
2056916
318535840
17710
16
46347
520103852
2178307
298778386
88
81492926
1064274
76
1981891
343690893
228155738
357134783
63245978
504923913
24157814
744894944
667131946
225752490
196363
514085
620133422
569417127
339210529
6
520103851
357693417
631896555
31
228155963
435734753
28649
1064278
357693451
195283156
306525751
228155916
54
53
9227463
298778382
306525751
34
195283151
402558350
280775972
141984580
323366714
383273971
5701900
504912969
616627934
110
33
173630532
183219356
774945414
143048817
461630480
9227463
162410326
143048851
67660310
428082282
1584
720163015
317777
433494435
81
250879635
248530614
162410345
117938977
774945425
720162983
372
143048870
520103832
65651677
516737397
620133432
428082336
117937414
8
558113
507746265
87
63245985
4
12034857
143048869
536562794
20
31
285033460
433494382
195283104
562528674
228
662208694
165580138
637911721
357135392
504923902
336388302
280776336
669954296
11
12035789
29
39088114
688957985
435734610
333565918
774945424
504923912
267914291
620012042
183217762
34
357686741
514226
84
388612605
433494403
609971062
81
2576
5935989
594188276
7
225
618787166
516738973
6
372
520103852
89221097
435734752
11
225189017
562528670
5
383273966
162410345
289684779
250879669
32
225752458
341450990
8
774945414
713115747
569419708
2
435734741
3
433494204
383273969
102334154
620133430
46334
672114870
433494436
162410313
242786
3524557
10944
516738989
86
18
