27554151
322557625
363430328
339210668
289684800
543478630
5702886
17690
632208855
26
516738981
504770156
127622828
519271813
543478661
543478659
289684805
543478662
178
520103819
1584
289684800
589
19
744894931
298778382
343691482
357693503
14808959
520103840
336388310
182387319
67660276
3524570
241289381
19
20
75023
339210660
428082334
196410
13
214644634
8
10
691647509
27554239
10945
21
89779210
720163004
1
46313
143042107
681225985
74970
614038509
259578403
132902394
68
34
24082792
28136077
267914295
336388318
5
984
605
2
5
34
343691469
1595
162406166
516736410
1346214
435734752
10945
6
67659344
662208728
357135393
318540020
428082282
691647502
703683349
4168
520103850
110191921
3524576
3524570
461630511
662208372
401203462
88
7
42
514174
165580120
74970
406614045
131692849
461630425
3524523
3
4168
317803
461630511
52
1
110070562
280776344
677250916
275806000
14002003
67660297
28649
514228
141984591
27554232
81
53
125821816
21
562528641
29
19
155618781
141984572
88
55
5685176
532258780
774945372
617563082
306521583
298778353
140920311
339206492
561552698
50
13
562528667
29438761
24157812
7
16
14930339
34
679611665
314276238
47
102334100
679611632
461630511
140902603
433494382
5702866
46367
423733214
662208744
1
2178288
231466763
196161801
12035842
433494432
298777400
143048817
357693504
289367002
110191954
19
318540000
332501694
5
34
13584083
13
357135359
68
24157796
8
701408728
739743887
679293855
68
669954294
984
19
317808
34
88
32
194706642
67342520
187758930
3
620133346
68
722171246
637911734
2563
54
306207953
289684669
117939008
289684808
17656
504923860
317806
231
774945425
42
637900796
93781194
461630506
357135338
603789801
68
3
620133434
10
142
589
141984585
16840341
16
196274
20
609
52
440767820
102334134
140920280
29
81
660726831
10
516738960
12035823
86
158092161
54
46363
691647497
305693724
701408699
121380
88
31
39088166
343691495
33
148984853
8
139
162410347
298778353
661376709
1064278
452803664
428082324
19
136
323366710
4160
31
357693504
7
21
32042554
141984590
40432286
496593013
701408644
701408500
363430328
339208089
50
5702866
265735987
250879688
703682744
63245983
228155958
14930349
88
88
284201425
148984858
535193755
11
100029548
363447953
489184733
12
703683341
616731047
562528672
165580128
5
285033465
87
532258830
562528672
81
5702879
324342193
520103798
17677
363430357
165580120
2529
4180
966
162410313
357135380
605822076
183219325
713115789
17677
567785515
707139456
532258833
228155968
102896424
317806
250879635
2178254
701408720
617563053
121388
267914288
88
720145306
12035789
538605817
691636564
5702832
18
489184699
733704476
76
21
195283159
4126
121392
28623
76
39088135
343673792
84
497549541
28656
276767944
148983264
357572113
394380943
357693503
504923912
357693493
9227462
1064224
3524523
5702879
336388318
6
67660326
196415
543478662
71103786
1576
3328160
33
746313340
39088148
11
686073763
16840938
28623
6
14930318
459633018
428082335
16
727946916
118891055
383273973
2563
28644
6744
322
11
53
669953686
744894957
195236791
343691448
317809
95210744
228155966
428082248
183219304
12035843
637911721
87874600
435734746
10938
34
53
267914291
8
50
8
280776294
19
408343478
63245753
830443
357727475
606708310
29
318540008
280776341
14930351
75024
298778374
289684812
195283158
16
165579531
1
26
677839313
141984585
16
122419841
6
3
109984227
5
47
110190968
3
26
532258834
141984585
19
100029580
520103853
298778385
409911898
32
21
701408730
4
21
669954293
108013646
86
1346268
151891879
285033431
86
196413
831985
298778374
679611661
76
667131946
681243641
713115799
17708
676087088
681243695
358873974
357135393
531442820
1344672
32
285033465
86
569419710
435734751
489911962
685724526
2583
100029582
148983874
552976665
39088114
5
681243683
50
87
383273971
318539966
669954262
428082335
2
267914288
363430361
433494432
2563
516738981
2550
3524577
542646624
39088166
34
28602
679611665
86
121380
110191950
6
433494432
520103845
29
88
143031161
6757
39088164
10336
328761151
102334152
117938977
673908779
932
5
285033457
1542
74970
681243675
29
55
289684810
16
116874732
9224881
620133434
47
1542
305965395
411576937
87
665128605
487322212
318540000
3
148984860
5702882
54
55646074
289684792
679604901
87
12
285033457
80773272
620133432
2160598
617563074
343
17709
183219346
121390
88
515906954
110191950
662208741
19
318538424
29
148984859
318540008
53
102334152
562528654
537796727
16840938
357135372
720161420
317806
110191952
280776347
665128605
52
84369099
67660098
28649
504923902
9227462
10933
10
648788355
5
637911740
744038719
383077556
691647489
662208139
16
679611632
292807946
520103853
100029548
42
422084792
110191921
12
428082332
9227431
437263584
280776344
19
306524167
293889407
6744
7
428082332
147700220
620133401
196415
336388318
571131209
1
2178275
14930297
298778366
81
982
617563084
16
12035789
11
52
703683333
86
403839570
14930351
42
506173725
8
196410
8
489184752
42
435734752
34
701408712
617563053
605822076
1
679611611
67660297
532183810
10
383273969
39088135
285033431
84
228155970
298778386
110191947
100029548
100029577
318540013
196417
13
433494382
6763
74991
39088161
68
225752489
1064258
100029527
24157814
121388
562140815
358873974
143048867
195283158
474514215
8
1064276
662208747
50
195283104
285033464
6
336388302
50
640523497
713115768
4
343691482
635622
298656994
4178
489183767
195283070
14930347
6
140920309
110191952
195283157
559004097
3
19
195283154
117921300
28623
28602
596928401
84
316181304
27554232
29
68
289684812
486781996
18
148984827
2570348
520103798
617563087
435734751
516738989
67660276
312818903
519561344
54
3
5
532258833
12
53
75024
496628608
109359915
433494436
54
460041605
12
110191954
115396327
318535840
364
479066708
2
543478656
433494403
26
68
228155963
617563085
4
489184733
662207762
532258746
1064271
520103832
323366694
1
9227464
68
277495210
218928506
703683346
1
76
7
46363
148984848
16
681243675
285033463
1064279
148984858
100029574
54
21
8
195283157
87
13
306525743
2550
357135391
701408731
92811813
433373044
1346267
744894962
47
21
489184751
1064224
34
6764
637911721
318537437
569419710
17690
101502115
691133281
3524573
333565972
100029579
140920309
88
3
611949738
356
289667102
317756
8362
165580107
323366482
597
32
3524576
4178
10
774927716
76
383273972
26
160956368
4
703683352
720162996
75012
21
343691495
516738960
228155738
14930349
14930349
102332558
165577557
39088168
102334011
84
489184749
7747056
53
670342156
2
29
720163004
14098312
339210652
363430129
713115797
54
24157783
47
213716648
26
289684800
2178306
532258833
662208744
720162962
9227410
47
250879685
336341955
87
3
29
562528673
121380
701408732
5
489184720
3
504923894
16
832038
514226
672263828
280776346
183219357
27236429
336388321
33
514174
1595
13
34
8
404681875
617563086
323366681
88
288643362
18
46313
77344148
34
39088166
318540008
637911721
280776336
662208694
1064271
285033444
617563086
637911739
117194733
620133433
411933671
832039
561182406
121372
148984859
19
39088164
2529
336388310
359905784
19
620133414
24157809
832039
27554232
357693501
16840917
32
333565918
2403479
8
32
614895105
2
3524523
10925
2178296
713115799
357135359
774945393
228155970
29
3
141984580
383273919
711769533
289684808
21
100029574
701408728
142
620133434
250879688
228155970
343616478
297300154
713115747
225752479
17710
196405
16840718
637911729
608617879
10
5674230
42
117938990
570677436
84
162410334
516738989
289673867
54362845
298778385
84
10
343691501
86
183219338
681243683
1
383152581
24129160
47
662208747
289684758
162410292
306525730
376471514
13
563269177
669978580
294447520
6731
