9227463
765753520
357693472
285015754
140920309
141984572
774945419
627917334
12
5
666429718
231
669954262
32
317806
679611645
148984251
620133422
584395498
504923860
140920293
701408678
720162030
157382340
744894960
336388320
286668580
162410326
141984588
336388315
744894944
4
1346267
322
192645659
42
298778386
703680770
32
336388318
357135392
228155937
343691448
555
50
52
324680052
195283125
546649721
662208744
27554238
68
100029569
76
298778353
13
433494416
334210014
29
50
21
10
228155958
461630480
336388315
121380
691647277
33
1057514
289673867
92811813
120761361
12
514227
519142473
54
8
67660310
117938956
196415
317808
143048869
183219357
159061542
74970
6155
417775926
121338
681243675
520103852
6764
383273940
701408732
356621164
298778353
5702882
121391
8
52
647817863
18
2582
162410326
5702866
516738981
3
67658734
13
620133422
336388318
53
514224
607
363401705
703683349
197226080
3513632
703683354
727946916
285033452
569419706
19
21
476244358
489184749
16840930
496392307
5702853
339210670
16
772030921
10
974
323366660
3524577
4178
11
84
408343478
254801238
702379236
713115799
357135385
54
12
1064278
225752490
143048859
84
435734720
378119260
42
117939010
110191900
3524523
195283138
20
52789624
333565970
620133380
29
123418337
514174
67660329
319645921
701407746
306525709
29
564651759
774945425
7
14930351
14929365
117932246
16
66828291
374046509
250879677
162410345
143048869
5
47
21
317777
195283154
679611632
753107950
195283154
162410342
504923907
13
183022941
357693451
102334142
10943
755328119
356
5702743
4
568905482
39088161
83244557
620133432
339210670
52
325542799
68
3
606224120
228155937
562528662
20
516738973
428082303
26
318540020
228138260
461042755
428082282
27554185
2178288
26
339210660
569419690
8
127274466
79802886
289684810
7
504923914
298778366
84
5702886
8
55
143048864
520103852
228155950
21
63245952
81
52
5
16823240
2178254
141984585
5
6621
5
88
68
88
433419412
5
88
190225812
34
435733157
10938
42
1346261
1589
435220525
84
55
14930351
28656
183219338
620133430
21
744894944
110191900
867861
19
2
832006
333565972
543478663
100029579
1
562528620
774945406
681243662
86
54
46347
101819926
435734749
87
39088166
3
250879685
250879687
16
832027
590823417
196416
99164361
289684779
162409360
50
162410292
289684810
14930350
160472144
10
33
5
530331542
428082334
150374503
27554227
550492831
39088135
143048871
9227444
638887719
4
110191954
34
54
669954241
690301241
435734749
195283146
21
357135390
165383723
703683320
6763
465026937
143048851
493770663
165580136
14930297
363430359
543478651
662208747
343691500
141984580
691647497
562528670
26
650773795
3
196418
713115789
703683353
461630480
562528670
250879656
196415
280776336
250879689
39081404
54
570188994
617563053
76
53
694578000
101819926
357693505
110191953
12
298778379
50
770876741
317798
81
691647509
339135648
744894960
333565952
285033431
140723896
1563
17690
346547961
34
747905218
966
357693505
21
435613361
39088167
1576
727946916
8
10
9227464
744894952
339210618
306525762
516663969
267914288
76
16840917
225
29
10912
158092161
12
555
383273940
27554227
776653747
18
317809
2178308
8
121390
323366707
520103852
165551484
357135380
516738939
10802
681243688
141984592
339210639
311400528
102333778
752640579
637911740
634703010
297969722
46366
2
7
357135372
524545668
280776260
744894821
532258834
605
8
162410342
357135338
55
21
31
537796727
489184753
31
323366712
29
552473104
54
100029548
298778366
317201
622663027
37609936
14930347
18
318540008
53
513996
318540019
42
300100
55
402558350
14930351
703683333
516728048
21490033
162410342
28047
85738875
562528672
516738992
428082329
620133430
1346235
140920306
681243688
524545668
289684800
2178254
165580136
679611661
162403582
514224
20
32
336388323
620133432
2178304
4
67660331
63651269
121392
4180
18
11
117938977
713115800
5
42
42
47
677719118
549902756
60172351
84
393970183
24157809
7
428082303
5702874
186055694
21
1
691647497
504923914
5
28636
10938
532258822
76
87
53
84
14930351
311330871
583042731
63245978
267914288
2
348466041
435734746
543478609
183219359
720163016
562528620
426370839
367754133
2178275
162410342
336388320
67660310
317201
691647502
289684758
140920081
52
140723896
637911598
255710211
34
707285096
141984585
433494435
225752491
318540018
34
86
357693451
87
24157762
982
47
87
18326775
617563087
42
751826730
336070512
110191947
87
589
102334142
140919937
461630512
669954295
143
669954241
11
53
692181268
3524573
63245983
1594
34
5
383191996
21
102334155
357693501
16
148984853
16
669943350
121388
339210652
489184753
110189371
10933
262211409
143113268
8
3
7
195283158
88
162092536
465506987
87
328217148
50
19
195283151
489184377
605
2529
19
298778384
14930351
542414385
318540018
1064245
76
520103845
343691503
3
337864404
150346614
720158836
5
143048817
18326775
110191900
88
409925017
126491972
461629904
46363
982
333565939
46363
357693485
54
755044058
19
141984538
28649
374046509
29
13
433494432
9227410
165580133
101832145
141
183219304
339210665
141984590
289684810
86
2178301
140920311
28656
556904150
195283154
703683352
520288552
562528662
3524523
323366681
67660323
50
39088114
48143376
343691469
4
10
1
140916133
24157816
691647505
562528620
6763
579369626
31
100029574
143048870
136949017
627974251
14930351
298703362
280776315
18
401494071
1064224
709591224
3524578
430090054
14929742
4
39088161
428082324
19
195283125
3
755520559
479957289
363430359
18
52
250879688
4126
63245609
46334
662208694
3524565
164233872
298778385
333565968
5
285033457
84
50208721
357693503
774945372
10569
417769698
81
27554232
338146394
29
52
3524557
81
88
178
228
428082329
52
96505004
626955954
81
195283151
33
38805123
323366681
359116157
1
504922318
16840949
617562100
46366
691647510
898
3524523
4147
19
776653747
532258801
121392
167761
121338
63245978
33
1346268
5
225752115
267914293
195283146
31
141984559
520103832
6757
498670301
2563
102334152
39088168
356
165580107
110191934
16840949
703683354
422508590
543474483
183219356
52
33
318539987
691647505
250879677
21
569402000
377239680
669954241
195283159
1064277
285033460
669954288
1
662208748
24157783
679611661
285033431
483866182
620133427
5
433494434
63245981
5702866
228962702
514174
620133430
86
278143701
396646585
383273953
12
162410326
620133380
333507786
6
289684779
30864091
2
29
117938778
29
772030921
364836351
111823985
280776315
12035831
298778366
28602
165580140
339210672
3
1
143048817
163401832
626917669
267914293
336388321
323366681
140920306
1563
86
2
520103840
162410334
33
18
357135388
12
31
435734752
183219338
417775926
117939008
3
744894931
10938
102334150
637911687
196384
46360
323366712
1346267
985
165580120
232
504923907
691647489
267914291
543478643
24157796
50
18
26
39088161
679611611
461630480
2582
702619075
532276426
109959376
33
343691502
562528674
489184753
6744
339210639
12035841
55
679611645
317790
5
28636
142
520103848
110191947
720145306
10
26
3524573
80885204
701408712
165580120
42
681197328
162410342
26
363430357
8
298778366
88
569419706
611389369
514873830
547750781
2529
110191952
100029548
195283156
543478663
679611611
357693451
2579
5
617563066
50
12
63245981
68
143047275
12035810
140920306
165580086
669954275
143048870
29
10
53
4181
28623
607
714460130
357135380
196384
516738981
31
376
28623
86
27554235
563716824
183218982
517898196
225752489
46360
102334152
19
681243691
713115799
785672
14930350
216773192
774945406
68
10
298778353
6
76
343691482
617563082
286160235
504923914
186537880
461630493
14930318
67660276
543478662
63228275
38770358
53
306525743
461630501
402164842
16840917
336388268
2582
425330940
637911741
669636485
84
195283151
386208894
562528662
10941
