86
32
121388
654510915
47
4
102334121
2
504923881
148984859
67653566
63245984
543478651
2178254
570188994
363430328
117938990
73428
637911687
617563086
520103832
21
15776672
34
63245983
16840943
435734751
357693498
31
713115789
217530363
357693472
669954283
102334142
691645913
289682229
196413
375
16
162410346
3
1595
4126
703683354
744894957
28644
13
701408728
16
38966776
54
4805107
514221
220383910
100022817
141984559
19
27554238
543478630
24157796
378119260
1346248
75017
117938977
617563086
317790
607
100029581
141909568
2550
55
143048871
461630511
691647476
339210671
536943658
516738981
569419690
1317612
100029574
357135338
1346214
438925743
570066930
24157812
228
87
669954295
4
317790
16
620133427
52
2178275
53
196405
2175725
720163014
225752437
140920306
520103852
52
54
701408730
679611665
13
504877547
186343271
12
7857800
55
386850599
13
339210652
383273973
50
694579146
675872948
333507786
63245978
53
7
280776348
84
323366714
27554219
67660331
140920280
480766098
225752437
2178254
532258814
53
681243691
543478651
538586686
32
24111449
13
195278978
29
100029527
1
88
46360
16840930
165580139
681243691
666713075
298778379
76
343691469
286097744
102334121
3
374
774945419
8
10933
519907435
148984806
28656
52
744894964
14930349
413151985
7
13
483481867
31
293075500
363430349
195283156
318539987
504923894
435723808
2571
12
3328160
327160858
12
67660330
343691495
88
489993563
267914241
12035823
744894588
68
608212617
12035810
2
67660297
117938998
1346248
52
336388321
620133434
504923894
19
32
544231386
50
8
67660329
774945393
510048
461630493
637911708
617562998
720163015
20
32
2178288
681243688
8
31
684980248
19
46360
713115800
679611577
148984860
569419710
267914241
289684758
1
250879687
1576
67660098
283687196
744894963
16840950
543478662
681243695
435734749
562528641
562528654
100029574
32
662320564
357124447
743440986
1346267
34
33
21
141984538
33
63245978
16
774749009
54
306525762
631717836
50
5
87
306525756
435734746
681243683
435734749
11
47
3
24157815
34
141984580
42
664753472
519561344
33
76
225752490
54
343691448
31
143048867
519159877
17706
110191953
165580107
966
87
33
347289573
666429718
1346264
195283154
357135390
28623
298778366
250879688
121388
18
7
720163004
7
662208728
399725759
128064541
434544434
34
342345234
136
637911721
343691469
183219357
701333708
121380
11707069
2
562528654
744894963
569419709
87
577841411
1064266
5
321704556
228
196416
3
5700303
16
86
543478659
1346264
74940669
589
148984856
1346269
195283151
20
81
88
250877106
75017
4160
547598323
33
669954294
24157815
29
667489693
637911687
86
333565965
20
298778366
656337156
336388310
222453084
397498294
142
13
316181304
88
110191921
669636485
428082316
102334134
212
675872948
100029569
10891
81
2178304
701408730
165580107
63245965
7
20425754
250879677
47
4160
691647507
88
257795046
54
16
461555489
622663027
12
47
34
5
306525762
63245985
305179495
383273830
54
624223480
297432118
10
32
16
250879689
2178301
28602
39088114
110191952
9227462
744894962
54
363430359
2579
27554235
435734751
81
442062605
411328992
620133422
4176
54
6
27554227
141984572
637911721
276767944
6757
713115801
75024
108013646
76
617563084
42
148984717
607
309348114
306525764
21
280458538
557655828
165580120
504923910
1346214
713115799
774945422
605
67660326
21
47
279944309
503896193
13
679611665
4
1064258
744894910
6
189655231
18454930
204417305
6762
13
617997710
337988616
86
720162983
569419711
343691490
966
76
691647507
13
288852773
306525751
1064277
6
39013144
617563053
323075394
516738991
17711
681243662
14930344
121385
55611974
11
50
6
15776672
50
12
63245983
744894960
16836770
449594670
197850221
701408731
532258832
637911687
55
461630425
3
318539877
333565960
679611632
13
363430307
357135391
27554227
55
12035842
280457348
370248451
547558739
162410346
19
27040011
637911737
532252070
143048871
435734699
89
14930297
110191942
67660276
88
175491149
5
317756
18
29
1220
327160858
753107950
148984858
461630511
267914293
46363
34
21
107830818
8
75012
121304
1860498
516738989
9152440
428081960
67660331
141984592
4
28656
679611611
16
54
34
12035836
110191942
504923894
12035810
695705846
17677
637911729
583042731
17706
162410292
24157809
46334
662208748
52
68
162410342
86
165580136
85738875
32
121359
744894952
461630459
318540008
42
17708
317808
620133414
250879656
317806
195283125
461630511
162410339
636613098
42
468933694
691647505
516738993
569419698
67660323
285033444
32
220049605
150374503
29
28644
357135380
46945969
2178307
39088168
102331571
54
289684810
428082329
141980412
8
1563
713115768
88
5702886
298656994
433494403
5
1064278
267914293
183219351
744894964
250879689
489184753
110191953
140920301
703683349
143031161
514224
148984856
17706
712601573
562527688
148984827
388018690
2
428082329
489184741
504923860
225343905
589
269367582
87
195272213
28656
5
12035836
357135380
13584083
516738993
6
18
63049568
374
14662642
267914295
67538938
13
110191921
285033460
3
435734753
703683346
31
182590986
520103798
775463204
720163016
81
162410334
28644
121359
20
343691482
2178301
435734751
323366681
280776328
121372
1064271
87
100029548
514227
562528670
3
504923902
3
50
298778353
139
75871765
67656150
617563053
362598322
195283125
514228
231
50
532258832
832019
250879677
4092
117938956
516738981
19
28656
12
225752489
42
86
357135380
183219304
669954241
4179
31
383273971
626955954
280776328
54
298778382
33
54
24157783
317790
744894944
55
772123077
701966846
3
164233872
12
165580138
34
532258834
773129169
102334154
86
435734741
46367
32
3
2178308
76
21
52
21
50
34
428081350
656211204
67660328
4
13
9227460
14930344
333565918
303001186
8
544293234
831985
19663301
559257338
7
543432296
141984559
20
3524557
987
753722195
679611664
53
669954288
514174
609
183219358
24157809
514221
673052155
569419710
136
553836729
5
39088166
318540013
26
228155937
10943
306525709
110191950
20
153182882
225752489
21
162410342
360515856
104495121
701408731
562528641
108895097
1
232
2
306525751
14930297
433494435
15739161
286097744
432980208
5506469
143048872
84
2171544
110191950
194768930
21
9227457
286680322
34
12035810
110191866
637593931
289684800
662208747
1
228155916
329983208
364
42
55108480
6710
1346036
1064245
68
19
383273961
110145587
428082332
9223284
189653
8
12035789
637593931
424266972
4
489184699
774597983
1346264
703683351
141984572
569419677
691647505
428082282
34
343691503
39088166
117939009
357693501
7
102334150
29
357135385
46368
29
987
280776344
96505004
50
562528641
8
14930318
9227460
339210652
53
148984853
72660041
103008659
16
195283104
681243683
288643362
701408712
720163015
569419690
42
471148574
47
589
28602
3524565
357693498
333565918
433494424
343495085
110191934
974
362916133
225752492
117939003
81
285026700
774945426
19
212
701408728
343687322
195283156
117939009
10938
374754401
53
196418
31
317756
2582
47
461630513
236459859
87
322
289684800
516738981
336388315
42
14930318
165580139
30269840
141984580
63245931
141984559
543478575
336388318
148984858
543478651
21
52
462499093
504923914
532258801
183218372
2274621
318540018
376471514
669954294
148984860
620133430
433494382
12
18
661144470
562528672
76767631
662208744
42
81
195283158
212
76
692463525
488866943
29
2550
775463204
322534675
27554227
63245931
140917730
504923912
50
986
12035823
4178
12035789
363430360
16840950
53
317809
63245983
14930318
67660329
148983264
659401775
121392
562528654
84
9227232
831985
84
267896585
63245842
302266382
121380
34
317803
526282489
84
1064277
32
550492831
985
165580128
18
532258832
569419622
67660297
11
