1346268
34
4414345
667640055
16
11
50
205525716
173047491
117938778
52
3
124827044
336191905
87
52
228155966
510917760
75012
569419709
832032
53
336388315
435734753
285033460
23325777
617563079
5
120761361
46360
3
87
543478662
369
21
744894964
339210639
323075394
89
102334134
84
74991
744894876
1
1
420050547
143020215
637397513
406614045
16
117939009
5
8362
28652
2178165
306525743
148984853
117939010
489184749
9224881
141984559
278971524
433494435
563716824
74970
11
27554232
88
339210665
43784
32
115359678
679611645
102333545
3
620133380
386208894
4
250879635
67660323
620133435
188586753
617563084
701408731
662208741
28623
520103845
333565960
141984572
81
1542
183219351
140920309
461630480
701408720
343691414
679611645
520103798
357664849
5
143037926
141983983
195161766
504923914
1064258
46365
691647476
12035823
504923907
2
14927768
356239527
532258835
9227464
42
577166767
343691495
306525759
12035836
703683299
21
436504037
24157816
81
617563084
1
267914283
143048870
2581
461630506
225343905
3524577
50
720163004
20
289684810
2529
10945
55
183219351
11405774
75004
16840930
289684811
562528654
8
504923894
569419710
230
271443
121392
54
21
11
695130062
8
54
369
620133433
516738992
435734741
446381799
565351025
6744
53
306525761
139
504923894
637911729
165580136
1576
357135392
52
140920313
11
704507794
13
5506469
9857535
692181268
39088161
679611665
669954283
514208
3
720145306
52
514227
134054509
10891
691647510
102334134
12
16
532258801
100029577
832019
744894931
76
289684779
63245984
13
53
543478661
39088156
6
620115724
54
357134783
433494382
679611664
4176
3
620058410
8
669954291
282904907
2579
19
330139266
662208372
383273966
570066930
27670
2240317
68
18
8
20
285033460
356
335874094
114628
713115801
16840950
1064258
569419703
2178304
195283158
76
12
441677929
10
231705529
402589760
562210864
17706
3524557
4
298778387
100029577
744894931
4178
87
34
148984848
27554206
182155080
555
660030440
357692519
520103851
336388322
3524565
832039
225752487
514174
433494434
4
477369675
323366714
355789124
5
433487672
662208694
774945422
323365728
569419706
126793921
357693505
24157814
20
6744
504923881
336385739
88
21
200642631
16
3524576
354202897
81
9227410
702987862
14930349
363430357
339210665
339210668
143048871
569419708
121390
102334134
148984860
52
637911741
435220525
289684805
669954283
3524573
461623749
363430349
625960566
195283157
97851273
8
504923913
2576
21
14930339
165580139
381095665
117194733
27554227
75012
712919384
12
516663969
362084093
357135392
234126412
333565884
183219304
121391
9227464
21
42
825275
6760
280769584
691647509
52
323366712
195283104
2
3
16
121388
343691498
543478609
102329974
701408725
47
285033460
68
16
199
20
196416
532241124
5
27554235
204417305
53
12
16
323366714
225752490
543478651
432912404
318540019
684980248
176388626
11
669954294
68
54
2579
31
52
52218392
9227452
543460953
543478643
703683320
519320847
489184699
744894952
16
81
18
75024
343691502
637911739
337864404
70844
12035842
1346267
343687322
11
357693485
52
4
317790
1
411515065
343177274
8
504923902
679611658
21
10
532258822
87
278143701
117939008
1064224
247501551
514224
280701324
12035843
31
2
143048864
107830818
617441694
703683299
435220525
520103852
356309184
669954295
225723835
19
519159877
357135372
32
68
298778243
339210672
543478659
16840938
250879677
27525583
774941246
10
8
46367
767363963
100029574
52
55
984
421608361
5702885
473252534
289154
520103848
33
14416123
336388323
323366707
18
832039
228155738
394578201
200601731
528548312
562014446
622981390
1346235
1584
76
117939009
298778332
39088156
357693505
33
14930318
691647476
974
569402000
19
489184749
450993370
250879688
12034247
357128628
720163004
46347
18
162410342
774945393
357135388
1064277
599325569
280776328
369997446
6
28655
117938956
691647508
1346261
157858073
16836770
5702882
39088166
2495
102334153
67660330
333565972
669954275
569419698
18
200054615
681243695
285033444
29
165579908
88
14930347
383273969
12063800
53
33
609971062
597
514208
709275746
47
39088168
34
16840718
1
317777
691647455
54
53
267914295
420050547
289367002
42
333565970
5
495830341
10
78356540
10
63245978
280776346
435129552
5
435727989
3524345
363430357
117937414
28636
333565952
39088166
231
84
102334153
195283156
26
333565939
21
330685436
434099049
50
433494436
703683346
953
121372
744894957
14808959
76
5702874
47
13584083
637911729
357693503
55
384920831
362703675
5
225752491
461629527
285033464
720162983
71296377
1035622
228155937
357693472
100029574
662208744
13
383273972
10941
569419710
98683313
13
1064266
14930350
68
432912404
414404839
343688919
662208372
832039
524545668
662320564
148667050
212
20
489184752
10
3
110191934
514195
280776344
3
720163012
6
19
102334100
183219356
67660310
102316444
199
744894962
11707069
306525531
6763
504923881
726860724
974
339210672
12
9181097
569419709
21
267596485
434670475
760733171
357135390
9227410
102334153
67660330
267914295
6744
196405
141984588
67538938
267914241
8
1595
32
18
637911734
1
250833322
42
620133427
744894963
1542
543478663
354957084
333565960
250879685
48315634
67660310
225752491
81
483571405
225752487
662208728
75004
13
435734749
504895258
2
228155968
67660323
516579275
342345234
751826730
732877436
87
832037
986
356732655
46347
29
355487849
974
144115417
262211409
520103853
691647502
306525759
435734733
231
413151985
262439929
93106690
87
2529
54
162410313
67660310
681243683
461630281
5
3396423
323366710
196413
33
357135392
461630512
477148910
33
54
681074848
12035841
12
363430359
141984559
774945425
3523968
679611665
486734937
306525154
343691501
162410344
481997746
14930339
3
17710
21
332863745
333548262
617561490
34
638976021
637911729
47
1542
183219304
442062605
86
774945406
115196208
6
87
31
562528672
2550
985
39088114
343691495
117938956
33
87
75012
543478656
42
713115781
68
123
569344686
214644634
312818903
9857535
68
318540019
117938778
21
24157809
280579931
473422008
34
228155950
34
32
10
681243662
5
280776315
63245973
121390
298778332
744894963
74991
28656
283981926
11
306525761
2178296
54
2
17710
357693505
435734746
160495640
75024
5702886
1224876
322
701408678
6
53
516738992
461630506
6
1594
318539966
165580086
118809
1594
357693504
16
260427694
13
75004
12035823
10
492888071
24157783
28515507
617556322
569419698
744894944
76
832039
555
8
52
21
979
50
82686216
38333250
489184733
616216818
3
354336788
67660310
53
52
120761361
72475342
84
250879656
28656
31
110
504923305
8
832032
620133427
4126
630866127
504923860
461630512
774945426
50
117938998
12
5702884
13
5702853
186383894
351432506
32
435734751
691647508
53
7
433494432
115359678
516738986
121372
17690
140920311
568587671
681243688
562528667
53
46355
76
617563082
33
10
46367
20
158885769
430031867
306525751
141984591
354957084
20
267914275
46360
32
357693451
339210670
33
669954207
75012
489184749
4
298778374
984
713115747
288852773
76
17709
24157815
28654
67642620
17710
228155969
14930263
225752471
102334121
428082316
228155958
3
19
744894960
452403049
12034857
195283154
29
4168
343691482
16
4168
339210639
520103852
372
489184699
183219351
318540013
148984856
10
569419710
343691503
143048869
720162996
701408356
465835746
63245985
4179
520028828
47
88
7
195283157
50
34
50
489184699
739213028
285033460
701404552
679593955
305073356
32
87
140917730
662813361
609
110191947
514195
497549541
47
86
520099672
88
2
31
617563074
2
317806
63217329
410472746
461630137
3
7
10925
19
336388315
744894964
504923910
744894944
1576
435734699
46355
1595
682420045
714460130
