357135380
436915222
982
562528620
262502196
88
744894931
11
195283156
6763
323366702
2178306
17710
148938493
52
306525751
18
289684779
514216
110191953
75025
52
402558350
16765926
1
481430085
7
117863986
520103852
1
77674328
34
832038
339210618
63245965
774945338
520103851
8
87
679611661
615384778
27554227
5
14930344
191758581
192023434
68
701408725
81
13
1
68
713115747
1346235
320710200
148984827
620133380
324680052
745975139
18
67660318
183219338
141984585
140147356
543478659
148978096
88
165580107
494410525
13
461630513
13
230978321
100029569
43293401
67656150
220
435732170
3
10
283969186
55
20
569419698
76
28623
17698
428082324
267914295
637911721
428082303
289684812
3
42
75204060
543160853
63245985
982
774945393
162410313
584719615
691647502
7
7
660030440
520103832
289684800
52
637911737
250879685
10943
747298444
1346235
374
1542
289684805
55
435717043
719845206
86
2583
662273145
196416
720162784
363430361
16
14416123
461116285
55
703683341
148984860
679604901
86
318540016
24157796
33
298778332
67660329
86
520057485
86
53
357693501
16840950
428082303
707378946
55
264344539
195283156
87
28652
4
317809
336388321
357693504
42
713115781
115196208
617563085
520103840
2178307
543478609
532258801
774945426
298778353
363430360
100029548
53
1
27554232
21
18
3
428082303
86
102331571
5
110191942
280776336
289684800
713115800
225752487
63244999
165580107
664681314
4178
532258822
13
102334153
1563
339210668
117938990
516738981
143048864
28652
562528654
461630511
39088080
76
4173
63245985
42
110191950
52
774945393
76
562528674
1584
53450000
10891
27554232
357692896
691647497
333565972
39088161
10
52
617558906
110
236459859
285033462
33
516738989
228155950
2
530824339
281752326
55
2692538
117621200
3
117939008
774945425
13
63170961
141666782
7
32
86
121372
298778382
428082316
504922318
99197542
5656519
75022
435734752
55
433487672
713115789
26
738567793
78738607
10
774945427
73428
489180573
5
532257238
148984251
543478663
117939009
148984853
520103851
6764
516738989
76
12035831
744894957
34
343691490
3524573
121391
225752489
27554237
339210618
102334121
461630480
18
32
2
617563066
162410344
1592
357693498
201706910
13
662208744
13
12035842
74445711
383273953
5702874
55
87
18
250879689
267914293
775463204
9152440
183219356
428082334
150743306
2
357693501
26
516738991
10933
516738989
8
14929975
186550999
411328992
76
595975618
832038
33
357135338
248530614
461630511
2
6752
9181097
516738981
84
681243688
230
10
679611663
11
396699460
774945419
679611658
121372
4178
26
10
162410313
744894963
1064276
343691469
5
569419690
306525761
228155937
289684811
143281974
250047650
617563085
543478643
280776344
6
143048869
701408728
8
52
13
516738973
274504875
228
110191954
298264158
47
67660326
34
143048817
669954293
504877547
18
195283156
720162983
195283158
569419703
46355
569419709
29
86
67660329
52
514216
4178
102334152
33
143048859
148863468
24157814
974
520103845
232
53
298778385
514224
428082329
306524167
383273966
298777400
289684810
61957444
33
336359666
614930439
10
299023066
81
720163016
435734746
148470632
20
738185306
17698
306525763
383273953
143048869
250878093
338696444
1589
732859121
317808
63245983
744894876
225
5
6
9227431
32
26
832032
141984591
412747367
1064274
17690
691647455
162410313
579569525
18
691647509
55
141984588
121372
33
228155950
3524544
543478659
75017
102334154
193716218
270319987
81
504923771
8395425
428082334
363430349
2
176597049
67660297
42
121359
656595029
428082334
1346266
228155968
148984484
364
46367
5702866
17690
768110407
318540019
189580272
284715654
669954241
662208694
111242605
7
1346268
4
32
26
21490033
343691469
6710
521288435
280776346
13
27554238
289684812
504923860
42
832032
39088166
630414946
569419677
75023
7
183219346
18
78396897
317803
738185306
117938977
86
27554239
6
4
8
110191953
701408730
979
10
224406223
438634422
199
289684811
115760702
356
433494435
428081350
27554235
165580136
12
581030639
4
138742005
504923910
27554219
162410345
4147
260427694
84
317756
29
759858348
34787586
68
562528672
143046288
435734610
5
4
108845686
662208749
16
16840950
10933
336388323
110174244
53
11
620133435
318540008
68
637911737
33
121392
50
117938977
323366681
679611645
5702879
27554239
225752437
363430328
34
323170297
6763
13
681243695
764323887
332863745
3
29
46334
333565971
9227410
33
489184733
27554238
324338508
41234766
47
76
318540020
681243695
267914291
569419710
87
14930297
12
306525730
428082329
3
16840943
4
774945424
13
10944
467861
165580140
76
33
7
6764
24157816
681243694
336370612
520103852
13
461630509
14930344
84
165580140
579074915
4147
285033462
140920306
774945372
18
10925
569419706
333565968
435734521
280776328
538103213
81
280776116
148956204
435734720
514229
285033460
17708
21851353
520103845
141984592
336388320
489184752
113365032
204668310
297300154
53
86
8
195283154
1
110145587
679611664
298778332
339210672
357135390
81
34
3
183218749
318540019
31
162410292
676087088
322
267914294
55
5
670023867
336388318
148984840
88
176684353
680179417
294351361
52
832006
46224
143048871
489183157
275564368
21
148984860
516738992
34
323366714
569419709
703608329
196417
669954288
649641388
543478656
148984856
2
285033452
34
12035831
2
5
10
620133422
324108303
228080946
28636
323366660
7
90802117
250879635
12035836
5702879
53
6
333565939
52
84369099
1594
88
280776294
524529370
11
681243688
267914275
110191953
102334147
1064271
18
679611645
732859121
435734746
5
12035842
3
339210668
101502115
514400966
6760
13
289678048
191758581
285033376
569419703
627974251
78369793
713115794
433494435
10933
357135359
435734741
532258814
703672408
966
543478287
81
29
54
142973847
5
9227431
433494436
34
13
832027
616608857
40714717
323366707
29
704022228
333565939
34
8
16840946
562528641
386200352
1064277
82686283
28652
10713
68
489184741
267914295
110191954
12035700
21
5
691526117
142
117938956
4173
148984860
4
125989962
516738960
707285096
26
46363
53
20
110191950
504923907
10912
280776315
16
225752458
645796479
20
637911741
110191952
183219356
148984856
1346268
691647507
662208372
228153387
228155970
8511266
595975618
298778332
1346266
11
5935989
489063361
512093798
196405
75020
24157804
121359
569419677
3
10891
617563085
14930350
165580133
135925274
140920306
306525762
13
569419698
55
28636
569419677
6
250879687
140920293
280765403
662558257
250879685
323366713
16840930
63245952
425904028
280776294
67660326
1
47
514208
109127676
76
435717043
3524576
250879682
21
337864404
734748487
620133434
141
428082335
336388318
617545376
3
428082316
165562430
140920309
691647497
18
76
543478651
88
195283154
569418724
34
264543889
82686216
225752487
32
195283154
81
110191921
26
532258835
47
17690
361392509
339014255
195282549
357135385
669954291
720163016
162410346
289684812
178
2576
1346268
46334
27554239
6
333565971
118891055
520092907
32
17656
34
1346256
29
55
28568
720163015
2550
50
121390
318540008
461630459
12
46347
34
32
10
81
28636
333565960
617563084
121391
6757
196363
2178301
703683353
383263028
46360
707412915
183219358
3524544
514224
143048817
147638592
225752458
47
13
383273940
720163004
334372704
620133434
1220
50
6744
225752437
285033462
178
247749259
343691502
13
34
5
280458538
383198949
1064276
547750781
318540013
703683299
620133401
110187774
428082334
18
713115794
11521615
705665849
1064245
298778386
712022153
102334152
5
1
2
461630511
27554239
196384
516738973
669954291
34
16840930
720162983
7
93781194
148984860
489184751
323366702
5
31
8
55
147230409
102334147
357693472
54
68
14926171
285033460
289684792
461630512
357135390
