579991122
296824082
219729067
372513170
18447988
682657485
197310221
178639290
753892621
172476571
555384660
371365678
585887227
314803929
723567757
147263889
533362102
87993738
272106449
416395260
450032149
722183311
611614416
773255173
331244076
22088289
107909016
282239205
531906916
176926547
369706112
81133469
160333766
705721194
748464844
703563509
283279403
358118771
241706091
152817991
264142665
48062656
119560985
340255299
665792618
240618261
556498172
61312879
770805622
265570339
150133130
163754008
493161737
524113348
359887043
264780537
140920293
583330315
738453605
775842135
455083745
343622463
344011221
124357292
682560080
680066410
444658769
508737059
163771142
566250321
172154219
196759489
380251892
280377692
692324754
95423326
29242328
128839677
625805731
307522359
181402925
677345465
234589173
464554119
68604185
190210417
243277865
442780536
369540715
116634014
110348910
554382943
740675633
182735092
408251255
702461827
719131196
712408821
761336243
640799669
244365575
324108147
339338979
244642641
50873756
102334152
232908593
589412947
501307894
241953385
3982556
662862182
613106951
417299199
274089996
489184751
554557931
731703094
425516393
10436309
76
12718736
628878930
340277478
748671270
81685561
769106574
112317836
339575863
618254934
558512867
406562875
692831869
446257907
441042634
663206177
334943361
169894512
751942516
539820774
609541740
451620690
337799394
376477376
625398492
112774131
470936602
397328266
45815235
198220973
579935182
696160993
294933630
650855671
500510031
294312841
63245965
108642734
736950419
650863820
687082257
298774024
44612593
319153087
513699474
669318241
539066300
643320430
386046125
6600414
757125429
104184799
324148628
380377955
712471373
151912176
211906130
319080010
424015719
398224507
621258163
738605295
568308383
520814614
106658226
661078079
705084585
224748980
162297046
776031604
188065241
430540271
338919916
32760857
360963170
68197170
622614284
108405700
446409710
678528651
674031701
631696362
224333452
575407139
177178887
663564857
193870126
758583947
510110111
606818693
592006262
359860580
66403171
70446231
217794614
216244292
325146501
321735060
239184632
458406903
187499612
771600460
403035017
739809243
369992167
38936029
189907192
332281127
253962084
12581416
101144553
720027173
592642407
671151762
754408627
397768053
736120563
585317020
208714939
734780997
54150811
678851195
350041903
107826573
733802437
769080519
376567418
150600527
762910074
394127168
233790786
293254002
777175001
221135238
757989146
330888535
748260936
21484553
715404634
97316855
635259132
634261973
686038004
16564690
731390420
514074009
425157524
253843279
268516300
726469953
557682371
349967403
696493940
436626457
241688018
442625858
134895523
126935571
324227183
311600054
58060124
270827908
75584868
134797117
376233465
256457960
661402593
13310424
272809959
557420130
681680068
313580398
123771030
82534655
22592519
775191559
245228937
743006479
646254693
317286038
264847469
648499112
763333214
637240548
775605942
185883390
235984559
505972772
146185078
771547077
115555904
28846969
272680477
412683396
397092314
319391065
682736852
172970554
89335480
645972075
627195311
507244182
477634197
512708431
551343055
426165248
572932855
665857816
700269010
72737778
667292316
550613409
437166516
127454837
765749577
381311003
700269573
230784027
283862307
155381990
471278963
305901563
42479884
290260015
642815465
148984859
676814770
116814257
244482561
6966201
366979378
258659212
620030587
744759860
17082687
268581146
145804537
292271683
614880378
696532248
408960657
365484166
302993627
511440471
298638555
703455413
281028478
713507856
110208188
594314365
143608070
42841019
376121735
762430610
616791032
84994518
523942840
116925801
657696293
298499646
114244885
148478492
259728643
116229598
394944797
478368906
356930402
957289
455434828
247504028
490243921
651651564
554668929
638983639
13177034
742286485
292998675
614595580
255740237
135833302
186434883
37615394
427887546
587707514
760946321
42635451
559521090
390353333
177894147
462748329
582108000
159585250
492940739
32885139
374397786
517854892
633886433
64194606
738026280
112313994
316827279
250155940
363710211
386746112
464807629
20709982
128165475
236399283
420490298
522597164
658554912
35830241
67419645
682408257
339013781
280076779
331988148
561539843
685402174
472188564
311477681
310225556
109843570
36678693
768207480
970952
577673310
188805015
371876708
215685942
258055339
235955933
4826623
640358582
257782084
483932849
243206563
662208694
307496350
102599930
603953762
402964908
236119432
91482024
166473961
142593587
406996421
263765113
693917292
730979752
150745953
720744569
347893603
752754495
250596644
502928714
299170876
226721387
300419327
61268858
733741744
237093163
329567228
679975347
145661159
395511461
82933156
256267524
380634865
752956341
610985531
382323776
759820613
200725838
345415421
374015758
260028557
313824020
519454617
612856222
341234471
253616907
701379388
337158679
352182149
777755131
148111948
597172176
340822258
646229996
455163501
43761695
484865743
78798294
247790348
217244622
315002784
609136877
232268101
255395549
358587465
514746149
714598700
379731021
293428577
577981207
93765540
335973343
78457365
497102276
79078929
385502589
637165265
734284622
696350287
699992424
64991595
392056024
733935665
444180322
216623911
109045352
690609695
699239528
88959592
222869709
357202243
295204113
542073701
47915208
506605827
176276210
546340745
624420736
645065212
516939970
376543953
741469031
192192013
710044093
579647833
548673664
77049467
509890098
721262773
576275523
494282430
149898529
404880020
183522450
423727436
489311152
16114
439167222
236051993
260626786
221774629
424399591
152339077
350430405
336746233
559075505
594610205
151688469
253976981
431559812
451587322
776816035
504293588
620327022
654780091
34
759515268
154045774
211523410
705528351
420891414
492275828
435992850
260656766
729984138
695651225
426034463
520277833
661067578
168972967
485790113
104502395
702895981
168546873
215145109
739399231
81411705
762503063
505799777
750210178
386245903
346949872
25604496
551061530
637703448
229137161
406006860
176212053
298644243
28061255
619450196
425040799
602415855
307908686
26954942
467573485
82231401
620865059
446498100
777409135
487442049
599907649
501894179
330412118
76716709
741411378
341354358
343454281
37915336
432612684
418620641
143013089
464929645
218016982
219702989
403907243
439561002
665242319
222788057
42273088
377640878
281378436
617465076
358546668
504432539
319087612
251997794
305559739
714428486
516880795
15516933
632341228
562741869
764425607
487198811
766296739
719966599
361644040
39546263
302422260
284565297
182413194
230044276
80919844
180904787
231386189
356159172
555519413
740607049
683578121
401816503
641060212
365305338
733304195
715534962
621795467
52041832
288099051
71378441
189181527
557824951
119567281
62095659
334010204
27554239
58169388
6843339
276173742
581423636
108806208
555279419
326691541
745060609
315261471
592913228
594473682
146817732
126546489
301916151
275145272
37691669
661936600
257954223
562199731
614326490
37316428
116407922
364380295
315830773
55422565
472946203
453682057
644458510
536670003
531395156
57134560
627760430
22094644
47364686
115332598
36402730
191869496
655335278
370601333
309995692
274694121
633401880
14419223
636663491
748413630
254784038
368607137
202169902
716043948
377879457
192863866
746480826
64849797
522989501
112009308
369719670
691923649
665790747
638478311
307741509
8903019
615796882
514334753
197841362
652619623
367730591
739704636
500739269
425538700
416438755
397075843
293066208
564031493
381583086
13964806
546955085
192308728
18099577
587719444
346060560
419477768
379635046
732286480
712061508
243984713
268432800
643870252
225389575
27054730
548496825
150085463
513592132
767144591
613903843
499457829
741784206
27858095
244928929
340273610
146615190
104938816
183320160
237796443
498073778
543382978
388192209
624954599
8566072
516552071
616092117
472937587
582113995
167015203
22608621
5629475
253733048
437510629
481673485
457526111
730305555
555636130
693006557
12335982
128011694
129206834
165946217
166214253
97055515
701212315
120311463
2891983
673973674
207002091
742812312
217147119
729074782
330768594
211617145
167578541
491899508
425329736
232157759
691936297
356114380
508640086
505900885
742489892
717615571
64381743
128749940
539825849
291864320
136712576
223525783
639971278
446585125
631667803
719123086
217634621
612030192
641991990
585120787
696367570
416713312
211866147
776292524
718322740
613568831
427567363
374662554
249874711
30218545
44687286
525626528
552533094
293366737
419104952
739458580
50891192
596240580
500972673
530332219
551704447
72644784
653284198
569419677
252520394
294746535
35517181
485479161
558256892
311067289
675109478
741107278
758064794
764464702
338410195
696620930
318316260
701733398
533054410
331096947
476787302
364628266
225826156
28414703
4648567
234533575
719230307
466252800
13482241
745601268
75758656
70497668
112694390
518120726
57118704
747790207
581490464
517457908
246783493
546270357
369068558
13283429
180621946
762787836
716424058
439425848
17816207
579323008
563536779
382230136
41573618
95047140
636237954
215902049
276778842
343922762
669887102
403359961
620305570
355643197
363593555
535799267
572113606
422809796
459341655
288018277
55215012
97126535
437082622
17820310
603687848
85008763
23571189
36402522
120122476
455189349
488679583
241866994
463270890
578183955
710753707
24561006
7018104
51183603
759858830
461581613
147727309
180893614
753655337
738713453
385471944
9587016
539290627
776733551
17341829
295922640
52074169
141394519
81823701
688011406
2221131
601081125
722661017
758309190
651642345
379923535
95455436
73868593
421802843
592669461
131534898
261063988
7499174
637412433
521609454
300194666
117939011
