257787903
38355828
707595152
760768283
289395054
659267975
324399022
375961021
377546686
21349921
625076379
170971490
260299483
654229058
242300408
324722730
86682616
75445434
401778627
102114632
489161217
207892175
670998831
383168866
79860929
2377032
248159699
727212808
46932627
468064969
367524684
742314249
752571993
505403393
624345978
127529221
551828201
99166807
485753693
394648679
224150380
486136257
66104385
99398277
56170670
533914733
570558204
76877870
167296349
573413452
195399834
301600633
236478394
38588000
634894960
600998517
148068203
184290314
707810872
514003830
68780584
580848681
308851746
55786297
94090250
21
200316283
369937772
33536810
422095782
280132952
671448486
42804818
432816559
656425643
12091109
178369955
759686985
582609700
114611195
612774187
477936546
438400221
694406134
70585228
533933433
401833902
507879240
454994831
3524573
618049695
698629281
491270669
710599228
309617759
463430677
79983561
513357700
718163860
392947945
366816777
549686073
466622845
281489539
134644583
112283727
437223561
175492464
428020095
161904313
767633097
726494402
730603955
472881075
492636096
244776704
566152946
321351875
97512983
741031957
649954258
299934418
203065959
175406309
140697693
352957531
673518849
309391010
269544323
39041801
326974113
709839793
438183361
76579244
587694794
535324791
107239229
589539948
132611386
224301652
14718729
324280791
493520762
260793026
188925301
4023525
366432937
102708890
416202133
345233922
312183116
453500835
386909550
689704997
232346078
233402936
573031853
337437921
142117689
207165362
181453240
603726354
423193256
171926372
409228623
103193539
260380119
393714702
620904411
734878749
129164935
50332479
131734578
678876806
303335587
67660330
665965201
52405334
354824190
168297466
402534931
96678247
485729268
509808390
228784365
537235499
25067911
620527013
762842478
254336181
242705933
394202156
456595826
355934962
101062018
99636844
571591453
730953345
199472786
279182111
651191237
459406939
519461243
571088408
475827951
773864469
100668024
485197087
232114776
230952364
337086326
617158418
602492803
453503242
263567470
500866808
560363681
638131862
453046931
290907744
476245913
597827270
100975037
219112844
196814742
131503461
539310821
185660687
368981786
615752939
132329661
509742277
578921741
141566888
60068630
7301582
88526948
745597952
199081314
646181080
328841708
305550717
108214374
638748103
325811109
551432284
234918564
180297063
674342054
418481065
448928521
558235999
519650824
54819101
195906277
180770049
213641814
256306139
717630164
304226142
288426111
71422565
25719888
146980195
530675907
392507279
551274641
63550781
493271273
191910262
93803030
654741333
348271222
738295135
746229068
122614697
351937157
36195406
65818187
130134359
653998262
520103848
165256
120020690
326069910
237359885
178701627
142374346
277775167
111507397
286316949
649105514
359482023
600590374
530672158
41783607
729065906
629870974
690452739
147776168
97136013
691953899
119809905
18748108
423632549
52236204
287189070
722145758
525747433
522139501
571722005
491101418
535267112
755970710
237811734
396190314
179929653
588521993
449008890
13221256
481278211
728747442
357303987
369227680
665921130
30287235
474367891
25247977
249212233
475111193
31499215
635481433
626847459
16652727
729964613
620309067
144432323
458129451
150068417
154789252
252959550
402603922
755758911
159059614
214389246
308383482
643019708
508428151
766520938
127569913
286097413
506184161
571236401
189069243
113349540
442397052
542716914
247834995
114870939
569439285
73056278
125145658
473132955
16969021
386642928
439015441
469119420
753969333
617034441
320568093
360390975
272961173
150795663
646738768
749130848
150809699
419816905
435965805
405009993
150622234
13280615
482774592
121410363
249368009
127497180
775421691
669709503
211421162
191164628
240907863
754936462
426159088
413731966
68352665
737145872
333792932
290569171
115928757
735294482
446298256
206423750
1926536
271456779
340305941
80789741
714919995
4451314
479449425
626045378
626773541
348386171
244563036
97235209
125980514
439949382
135050779
579610734
488924006
394959882
119651413
562528662
741559898
527831616
94286602
346350895
462070919
214330422
53831957
729289609
440076433
580031331
387547136
373442875
347074603
639310551
517988244
295534360
670097776
628515288
524893102
601665870
358774815
405825851
485896672
191262271
343939067
65544159
744802141
443986650
675657024
697777692
405868636
636942717
653410636
731506412
590154541
229551691
647778992
66008260
427437658
300771631
735006025
539161074
355770428
415201746
76661841
470594015
766049058
468825010
677907715
285345861
415882954
60147159
323563191
677091453
286097744
543478659
122181421
632873
773126249
527303825
603560188
496221035
711451582
421878871
333390073
368753757
232646960
607897509
197692163
298724765
404649369
10049707
674210119
392638477
230395719
309794377
231238741
336771953
147572260
80890306
515152674
398640152
355605794
12035789
107775222
605869275
683585178
440763465
254153809
574343853
740835438
409517169
390256440
197902100
11062783
78678964
425712806
605260265
354905987
189071026
408958427
429385658
36083311
185144018
561927550
61962481
444747235
593764978
476073332
344228020
625631814
681643273
439166264
46132048
127887957
561810065
212740302
719689486
25525950
382823122
425307909
703251786
294116732
564446150
265368017
523738575
690702200
269762211
294285931
694903699
764327429
431752841
665328244
25417164
75449920
58817064
465644580
531861475
776570307
96366280
383316248
736716244
443127516
376440453
286350323
359165611
276982597
667961348
701272047
173996542
131938992
316270242
609119262
123037208
42835667
581536401
65062246
470605610
13673264
728890950
201403285
561959095
260002553
218915754
118217089
251780351
737659853
502421787
684550265
191749373
42183096
293940463
507807676
192494689
594144893
626142502
459169375
255682549
80358034
46942031
214820094
564472693
671430106
414291217
93202103
314791635
221942662
715317180
536310040
438284924
257945657
263371577
4617946
425681322
200035524
77150424
753366628
416719706
308807698
639662238
31630017
308774330
239656016
144808942
267948061
604264469
660025327
458772879
634100900
324420355
90718898
204641087
457848933
169868740
654220635
110924164
298367810
763919605
610225015
133756244
68
274302378
38649649
710733515
276470999
500576894
239707490
116502616
103924223
698954594
361498262
614579568
640686376
327102663
174555426
401710990
509765223
590454056
713506007
186804720
601869870
322103498
59618945
409358391
503517342
260541904
692683668
529333525
497638099
379335855
142941221
395486867
72570516
501746062
635549682
668100280
211016088
150945703
324039329
648282366
399953440
719468702
363638724
562174337
369308109
731743711
472299656
386370401
233156958
382000692
366226109
544751684
10536821
478754422
93741783
478812596
163730492
755349284
267478215
499196137
288909721
303443244
317628894
626217690
64644718
64455715
389834907
640938548
292144091
49504880
389539346
14336524
569656865
442611721
683923361
323193278
89292864
278055684
725249371
199359357
720748003
102450693
602193322
147498361
478852561
173299966
2133698
72216942
63463923
160065989
49351714
554278395
244913775
325760768
581438606
442964764
699310755
437064233
381714317
601998060
95174553
167936387
391610090
466065712
576536734
15686723
121376959
96622882
750380684
629276075
657942246
247852171
182340411
247275964
680241704
755277094
776332404
445978397
166519695
146079678
308936520
102314631
515183956
385983506
12
622633114
257944521
337133947
11108334
579700718
391593569
349957506
549414505
14173730
429618042
582041094
75594554
437222662
622680230
595063795
277321659
2003623
120783524
270442341
112707693
527876907
404834838
244191068
372569614
219292367
766246211
40127186
89540814
297048872
675833174
401189426
248441274
65355252
51381821
371650443
169898694
477206111
259039982
719333737
525597973
167775316
592813550
150292125
496143727
693951141
137253212
512955601
452872409
26455774
425606682
344390612
211953909
468210302
609848579
357693451
322470512
288133424
482740040
571649977
61067838
147188140
683944512
140987275
639484963
459010642
16780449
167901282
246254485
415706197
571264127
461206125
261041760
394531576
411375498
447778984
592204905
690287982
351377686
42302908
27735740
380858128
221163468
31495644
628262460
615330717
752595423
539820939
606591740
670498740
590764877
238089059
555714417
142267988
492035768
406218491
323984412
229792967
713773727
216026183
499651257
272639683
447476557
664940765
680722455
481814254
308496615
448496536
63864427
630765584
348436242
292819662
261501499
224020343
144044634
456922214
9399443
735948009
395256603
166052658
761085748
537822895
539827674
231658581
226840748
107778199
330023440
684109251
404865853
49924632
177372337
419935088
209244045
276576884
422532909
707671546
442289675
472555500
152419994
563570420
193449110
365709336
296447140
346043594
59892615
698966925
232120496
354653266
304655856
32430210
166646182
165403050
410686333
300977665
627739041
375298146
741614433
710538913
748096419
246492458
681098278
33339301
251076403
611770900
40534258
572246174
284204646
251159286
169335352
770775632
499532659
460851152
493629944
159497638
19429953
620595731
453200637
377360859
760368863
458749171
110149007
517951466
166344238
622651255
328588881
92668534
574052278
535586109
423863274
82015603
586887572
248540918
250475819
274650396
78173989
541063767
675838264
261724397
394064320
523640571
424253541
459998959
155604171
655102993
609691409
80294674
80430965
742689741
743659606
353078694
59077950
11317898
667574306
632292414
74958977
575960204
4734460
35188214
658582739
76
152425826
99344671
668777085
343772750
406668454
303670947
135326889
9718746
120528059
755454935
752199400
162937746
105199940
56587008
703322391
