33409928
485557290
301469734
219844022
591544805
605167866
94877518
580721961
582771647
346715557
637485155
347606706
644778433
463874488
446215514
524376869
441192011
222164368
757820358
629173983
305446932
629006723
331103827
453468716
761107323
560168441
771918302
88
139446981
106152169
646336416
243440498
280072459
607
223568968
500249056
776410077
488231860
353581932
271491333
272281485
214616171
467347610
607883517
436216469
328335768
562792600
179974451
386609261
612655982
664434463
171134018
39731833
635010729
17687722
668173661
44491094
410075541
460386642
295291884
274473047
223226380
234666149
664559655
684177810
758314448
396644480
215813063
323289220
585034063
420911000
149944363
343807979
230198664
170226312
280571696
322559206
603562448
14743465
5567618
638372482
382086867
736654156
465548413
330662257
477034078
720162962
743831191
707618917
573879187
469577232
93062724
742006903
739671251
400082395
168688229
550506574
390453880
670501799
355233763
186214687
302596796
18853624
496426323
323616113
259074741
551416262
172573016
301596221
765476056
470355437
231352092
40110542
159939745
527504232
136153797
140945218
342551170
508784930
748381456
485023893
218650309
127004979
745711093
552995119
153990716
272547242
622648570
768044538
190576136
147242081
684289124
485095378
108105962
610158223
272468219
720324026
177460964
556065981
497681486
53256995
63683823
520367650
765267601
154397488
444040363
688102982
39678724
736668610
586536525
499754856
756722118
111362784
238854260
409892255
275094872
129314473
84235871
109277227
588851463
313531070
353297934
112803066
501923224
686026401
355667890
615773891
385541018
387837404
351387602
607712428
594572111
70273846
584734238
121988217
456139298
695904375
702267231
454620853
561444860
527988390
229884310
269125947
209602681
510820394
136638024
111427005
664809684
275469094
182999004
292092305
257891284
721686658
675568382
743635205
565966980
359377623
321985037
679171666
219986052
532258830
225396302
399651442
54087993
734016452
753700531
441279033
683853338
289764783
181134087
363028627
414775305
20801230
401142179
402744350
2178275
189419793
753349852
352899142
76
489080954
305003136
658274122
517771920
50013334
500184714
682212759
614494281
528025326
605246408
749929219
278098498
490581016
351335299
669280874
324105935
229201343
457484027
1590434
380273497
658963293
392834528
106922053
403826043
603880813
3880785
311015620
228489784
385315748
448317645
381871454
625213203
570901529
661722198
660213212
310837377
618625161
410872899
194583487
209827879
578081934
622984435
47474293
348934570
155803776
39767483
120197873
196008373
82196507
80184984
248177751
405242116
771203668
349273226
135010203
451796973
101549282
6835124
474274358
306525756
230609847
531462357
561999214
381879655
724893062
668633788
639143166
90933876
34996173
62732424
486288935
750749430
709564992
341197285
612517169
436836074
615128242
40993455
317010623
549357142
735992901
73586372
81543745
412910207
311077845
193070753
38974814
635420203
712213060
111324226
726528356
113347259
378679633
706224095
521351378
105900400
41286522
467871515
334725685
378388217
748839040
546223817
356900256
688998739
143057188
426816771
120569479
516973058
540391484
102528530
739470346
648858694
454501351
501955679
629610868
335701261
499127060
32483075
757959488
116924872
216023640
614696800
645417298
172127153
705602122
238953817
748953684
196030078
76173512
741975517
275900736
746435783
592682609
81018534
56232699
349202222
604849508
755233346
729180920
224932519
83337244
378379764
727212228
55976090
763319474
398008425
630339807
325270049
356911413
465841740
501949656
596621287
593429357
121568013
39456770
84031158
393446836
655691646
84721411
32414757
185073731
675468669
312033712
88846751
629863417
28433115
534205714
106321617
423027847
696341634
314153150
357135380
354880801
573727896
4
379468562
748129702
200433368
374180462
516045487
627941712
317850257
129740106
456978215
385336429
673719386
231274761
99213684
68540338
423397198
705275145
531131327
32855989
464000994
125289653
386372820
394933718
169258847
440339829
450301726
601465501
643161156
303161598
365735066
318845916
556791882
614084691
37007208
11929022
397582667
183818802
393106335
197457217
200399748
262787406
27640129
620133401
260245288
124215498
706585430
25277859
32591932
95862219
155463570
352671489
227294947
336388318
466558198
236610720
585855258
446788222
127656466
132475007
331405892
404576861
72429432
35738756
239913004
760026625
477274056
255250712
189053994
411151882
330904704
158690286
155085699
608374344
228155958
212977442
482308365
167538124
6492181
554587820
67377454
619743546
53784498
109314291
775649485
681231196
766736980
549191039
313083599
352749129
414900358
710171028
505291880
324191861
176718108
60775162
687582790
425194039
210195350
692363075
336073772
105005140
51836587
409638654
342942042
102327390
686597635
132083080
416117427
226644446
91068756
448561793
699670926
751985985
502960509
140216593
283850144
490658566
496656124
144198564
402082241
572533165
653802333
630687289
406057590
523582579
626368361
28724376
174641389
157826528
206873260
173344218
350663733
347388938
232379
287033548
194778444
764211434
696841423
661625829
293401494
126340358
89042588
401798490
115764889
463341728
542117365
498197505
582543883
403168251
716603473
402439352
230260780
453171635
364765021
379055161
283522855
430075623
321093663
153148019
359716479
90422995
468247702
451366114
245781999
2
545441176
587685316
482056649
631111265
764109446
255535938
46542827
71787742
445130344
202699583
145554818
631398332
598287259
759951402
132833308
725267653
187392436
517004060
400044896
601467491
584091913
31515118
637043299
732956684
373064153
340294035
273619171
724575508
158895880
663298414
300156336
111365730
152553929
166161312
503850504
630216774
638593091
85507891
292862112
652674683
572289677
10842166
580303746
595936491
326191758
337908274
235809047
311269345
299841119
714841880
150570191
456392776
477511066
48881346
773184858
602489120
383304806
278049776
115931779
114903405
713479260
588108204
114624497
498885907
625024922
378172732
533224291
440386209
229963643
152890595
249528366
11281775
99746905
138158717
773532232
428949412
148502624
288185235
599543760
640679125
86307275
101125903
28774406
176804479
708895281
275771518
453744273
189631965
736628295
60183899
660682139
101418022
148984806
762656697
296348018
115695340
532985469
185023447
160915846
197004533
607400863
532679393
708964932
773076566
207765959
221122941
606392435
269609275
285025060
472180343
256743807
75312056
5455414
122403414
356301141
231099723
276104036
107666519
368048946
446579919
297262226
312599472
692178343
350294260
192043085
6731
455579569
448568685
141353878
688530873
676732235
476331208
363423229
749456477
37807707
737352626
291287161
325711301
189970519
385931872
287475712
38241798
693083298
52996298
152164538
338238730
655045743
595110571
384303353
377512967
542568643
48441480
327024911
426112907
464827757
100725879
752289522
220443080
740344497
75424424
407609741
358929130
529396927
539209675
259210698
512513353
14563967
731788091
431619433
131622752
305001763
700623337
601839197
722011347
493032584
72522082
598715572
68400599
142199403
771272042
352629949
683521910
394045105
348382055
690280075
696742534
678436294
85033840
708011741
661189605
381749617
666187493
342935394
339155612
380700075
653475593
498757551
230412894
63019346
39425320
566494819
348332940
195342901
316948889
18284934
125889490
95268227
371038002
686897993
327504047
261660932
715667402
426539708
289639517
625017563
36223014
476431990
258904508
645399517
634420541
371311053
251746169
593320700
156537754
296161489
143592377
673554929
315946995
252174966
96110531
18842715
571352516
775317764
560145373
270020299
168733689
33975440
285848815
74572550
628849634
716882496
166771586
474604545
1937821
272747682
130576558
322166581
58666131
36441491
326375101
47874996
612332197
661929395
224263302
656336173
559381884
108026631
634127271
1225103
194108856
559553118
305005098
335856167
767621533
589399020
545069263
483464974
676171971
96568788
165208848
331205005
674550087
697171020
763693796
614659582
366801934
347856511
654833161
212474533
460087889
174100516
131073111
304291244
103329228
486984057
617603363
177616838
213726538
411118174
364938576
550755267
134027220
585323425
540158740
449147977
342463879
15123441
489197546
434618448
720812028
226191143
674921231
729649279
698530623
53707850
326182020
674976551
527475682
84101931
571759733
560931037
420465533
642032480
635279153
160235968
475865136
480684679
579460268
639470085
759634575
351776685
255160748
710607355
684199634
292799953
490989148
335834418
674888525
494862400
106415440
293850374
138271716
322391883
199429641
422429785
296179494
285931506
750500116
733761939
504970277
212215228
532392575
657256530
517212125
719417062
748207571
180837395
658115329
448258189
614127332
596742801
492091295
222861738
533639716
718395488
370508340
44568447
645092080
431196084
106179782
508510558
631830527
696812559
310946355
621857001
350164539
535876298
549673113
102419527
376196638
190413164
529417906
495439628
726544397
750593827
385760438
220902423
382970562
497683282
574884273
18785549
406766722
98070002
404102107
589405301
609
506179342
525436492
616209906
549015564
744877227
212799354
414679371
506724607
369905520
493966895
95461413
46288727
230935085
242746743
561261883
477016398
337809643
743498570
599993776
85668792
316798787
619571476
77843233
237777523
164202990
183824636
263021121
377049159
428734811
5444980
685180508
134762570
42
738483012
399525503
587822525
59988847
27111600
763829199
327641658
605047685
47443900
324468609
608306088
32328006
719706495
7461078
103130509
202238529
332849819
253947348
275050222
64622735
635697495
369463676
