689917646
306624257
6385895
213599601
54835568
124555008
257043034
398127921
522503077
163500021
396423321
83179064
209084137
130896037
459886080
672550377
569082465
522532172
406176742
408113616
668461172
559190848
705801033
21292661
486126665
325503798
296881728
354254417
381436565
622976419
626306820
46994373
678253447
66034484
649049663
556991951
572867627
312078452
225535314
84881691
538785079
359802318
436720364
713742305
659875485
669953309
476681824
648292914
135381394
529811713
425893729
507272481
753063186
293149656
683516777
681906931
21774185
164800960
552587279
12606503
107362843
704620750
303686967
777354170
271964116
635725657
60568623
366043949
520114858
88483654
612389546
321413859
182588873
353293804
324408863
506912688
375356588
50003101
105879491
416664737
211707365
236398759
741376332
402192698
551301083
364516942
306804488
742738853
59029392
401520579
159812930
113018860
619714329
46383244
375647976
515158414
559007805
197254278
544175965
745601448
528140714
399337749
630108922
268773659
717939480
457200730
235452442
516567219
113611976
183751516
508587392
518634229
455163624
537209105
605777559
351249780
321462354
187332360
712411216
333387610
202525667
630930570
253437142
422772081
661838338
694155496
367289506
418038663
220177945
289055119
203217498
685760874
707107996
758732772
102588396
477517540
170421089
481741379
416544415
314108141
747831555
700312027
737341918
327035412
680471144
124429348
116016620
604678317
590892024
353551359
364764971
11
314504722
289397024
758873149
317146192
363777114
257554491
415630274
115636804
221013846
168948776
127389436
159972512
747193486
388899353
303796147
464115437
65021143
704388463
576958958
575918040
620357799
382675052
541289755
772379306
593139972
17310666
321219450
700875391
584529131
95088045
218628748
107775970
285764956
217023118
8516919
143048783
560703359
102336937
3619843
67155658
500893531
375901445
345254564
126698436
740707391
108147151
494530227
669224817
53379
7417747
627544915
115569655
334464309
185662362
66362080
497875352
300432273
140395999
740825704
38613022
187951684
151734636
110618632
548610262
712585334
345335854
333957461
333669018
376546043
345074402
293285602
530972409
474155615
575213420
110691479
42
605723345
124140309
319511602
645203173
102471828
200339004
422444122
544635407
97720182
265706989
751671129
397090427
255267230
723157134
39374938
35161550
23253142
69840951
532891885
725223662
79155630
617188831
46839498
241423148
81020609
289720808
307374457
118764166
351511038
114360305
52059332
49194971
216493617
210498850
399561619
703077109
163866459
86287715
249824061
492248496
763357827
7097009
586817862
185989288
454373765
755388648
443633927
735202872
662208744
768879637
563637739
476330770
635392192
658321242
349115244
679097068
678220834
586835003
334678681
442606982
24393903
721055803
7126058
516681604
148386779
447938326
693272849
710894553
453052457
586154378
206811705
137344767
318092379
75174039
312486913
373220804
469138566
356179641
351528212
23662514
409659263
300276850
467510170
640337911
348610132
727143382
468090736
43141064
744529086
729638896
589751703
96277175
250450646
567619092
724037868
671361707
518582453
375881290
757649340
472495629
562545171
12692175
359525040
538590619
603132581
670881737
609150450
197586730
558674025
392754889
384115335
617563079
238701076
59814417
572192859
542453617
30050811
568963956
374664468
209099621
659381985
273314773
304341392
90604240
681091933
572676593
69477114
463568820
74629687
278823922
325863209
486279041
777476242
429882912
135907948
34
774903446
426878358
547644372
129154392
244749884
449131315
480068665
96891612
765168739
698938622
709639009
233863334
692951192
116025479
173589754
626654081
35663002
274283140
550676365
226590324
572862279
698874024
355360300
741091132
204097920
777015965
383688732
602034600
741822762
546275163
517706543
57741086
33335211
521547505
377103952
153122428
367217779
231835844
250520592
244378531
20637443
665227156
485050265
256403057
476497326
614928370
41763640
4294269
441637075
542333045
8096133
114722737
391793720
518711304
84043549
122591999
554938823
499823761
403675630
34446044
586641059
592225228
116843113
416725575
539813797
278744915
340552083
363745606
510452234
689532457
314179929
160166060
302588108
573034584
286165285
148203221
2973681
144293761
189020074
464035192
626581987
216863602
109075102
562465269
35119236
684102144
109446134
439364068
770613083
754351497
611021432
108107550
545411788
631798674
707976698
448368713
80973820
545257316
697501155
209094674
373581709
721384685
651296228
512680404
760103002
471924362
308315092
451278898
700338985
60193749
310546190
257382874
405366257
86
221955587
613402771
669135976
704764970
324032416
427146443
357212640
152393133
95914225
646206065
409414401
601651555
153957719
495670972
494295648
80686230
244847776
437863644
462392256
324501914
440033255
327783851
478857867
195282657
119757090
428020465
101188253
598662475
411009710
301329869
583683507
169180384
415482712
96296312
437863756
753738048
108583454
325667702
446417312
253502789
230474373
278093262
678136954
190233044
647097971
751618553
220197431
96677230
503177455
366649437
167543568
213370708
111428475
650024845
363095330
228183449
432241685
654574603
707953030
146602112
116197066
269580239
191229988
665387561
593388453
546712224
382802055
198533159
298153639
428918044
186115622
61001024
50145384
215187171
390794177
696673642
285548202
450176171
253050346
600998182
738873348
742581677
375991085
752785157
552967506
592133428
689202337
124411548
143887025
479526014
170511651
638616828
152454622
734683185
471530369
399700428
562051237
152436145
35159780
482697893
50169889
273473779
648363274
183452307
579364898
493064611
276412858
500587526
150090591
307055924
89198179
561325456
479146125
265342785
117039689
101350232
461206530
508780415
720003280
452555154
640227410
492648119
733571955
62975224
705697263
670182311
604236228
471007055
280016293
149063361
413617946
68163840
754469552
123352002
51397905
759474460
365155557
442008543
25023947
68711107
234965413
523970147
278129392
521125661
386532003
166642452
133846756
88125922
460717967
86284553
643528952
631899003
16103518
119523015
128226577
663841651
598382122
369583655
265334424
554458409
353305128
487399524
749859880
292466640
712797991
421582557
716704370
708260908
239805199
63590032
358694635
682296012
523655769
704677167
50436413
382507361
278397009
36780173
682089762
57033410
156041980
501806155
172014464
582752956
587143474
197569230
443337055
363916551
706662942
440521896
412744980
729753236
274830976
435745943
39773383
50275497
120327616
151143411
336552781
281596349
686601273
329142943
660359369
677492991
325753491
120132801
286154101
196557203
525799489
756264415
707796344
598174206
170796586
222428982
336019027
453487945
630948441
365451063
530816174
52763379
36447963
743394426
64258300
63295172
567446980
622718948
657984173
149134640
12870772
149185557
617580525
120244055
528190741
302227964
433990463
600619862
527047743
699391376
704692256
728738720
544748229
464578925
410595617
123848152
398073888
440068767
579923091
751945268
28432268
135228708
578158746
744943001
522758505
670048540
64354726
194800335
45149977
230284490
484248905
669978729
151955761
587947964
11100358
672531703
261734929
311896038
425841294
115348352
657608266
343392189
495518467
31
660111838
152206260
415989532
297538441
737549711
753119970
585282704
145603219
551830727
456305551
520103832
621271597
741347874
631804314
532258780
708872638
471987176
656153892
337423249
1787379
545620750
264940524
468241156
306107956
26848540
153500767
116764273
48787307
303250642
291727546
525346776
655560843
238874788
164160117
50384549
585232920
624032476
685999579
355754436
96182780
152140332
534135524
350729519
502982006
225850967
162315126
157211764
278722631
226873917
662414200
1621370
767441673
221326150
708723703
13114385
609863757
426471227
120734951
320688347
551159676
406542533
761294101
33265099
322458375
218885694
309475232
619882034
226823453
490289653
620291281
699034095
411008748
760491762
302938350
536083553
565271866
377628911
213885329
560252419
37551499
678391379
68004742
505677504
641430883
144434456
7492436
606379860
495057026
292794446
145172917
225761803
490906823
263109696
460411016
203955001
381926984
354965611
49271634
218453289
441636809
161704316
198249282
422097170
441206148
702788970
98123159
116957316
260575552
363121304
225912234
147891808
515321416
646890848
5285636
320556818
112355775
338193377
27466509
430211538
194247145
535963407
12011360
332594965
159617258
367048399
531772987
772311594
667080438
231894341
263265389
324837085
431586005
276935314
66738588
408601459
506632693
314486184
770856976
662174073
543892727
120827778
32255674
663528288
9385815
645812607
96227613
50393630
544387902
116525588
692423621
704471903
731238119
696017518
770519153
435168397
358315813
153371031
497158495
151385302
764629814
137008427
58599006
679789146
744106357
185669499
624995827
740355298
7309496
120024282
773368227
127119535
243300445
396092315
575497674
160906083
511827686
695314108
103924384
260278887
618639586
776257415
574318387
288787214
438674207
692120131
376236633
181127305
2084321
711554079
567264351
135798408
576397819
777353353
404857680
32799232
277330559
312861417
668139316
64376462
224184390
208766997
200525111
553488480
352859506
355690751
69503163
121813579
105893330
182077585
234333987
185246836
573195115
456161487
229475639
395642820
672844633
371975564
309525574
174191667
230055805
152868312
316884090
137252401
238189821
107575830
202429005
556076054
597961316
562762348
516953785
261606316
56229590
694807412
15562830
284574350
220303178
15624125
34990292
471713741
714571695
206343774
193256521
569745446
622413001
444271827
81253648
38359637
19757225
452296699
47821598
