162329439
101885708
663860698
108123918
40913015
286965780
165706970
100617191
418615424
75450289
26750103
496070684
296155590
636005291
107204877
601995724
380291176
232371373
305825557
754314820
293290618
494449972
197980765
117751730
349789311
721467804
153887064
167456522
405837937
16239008
489975956
47
94532163
478446051
10891
263762594
172126506
39308774
594209554
12589347
87963718
372777652
628369294
310818004
252286298
557872701
34780224
736879651
195840746
223731512
497865536
357034938
314424253
86743383
768134040
374556767
300116708
294299815
247264330
21720682
375484052
95753810
641792773
607093838
593579728
437536337
427513792
276110153
583090918
570525170
660274564
6489011
119239178
48523351
707625801
123658169
376476150
127782225
368834018
620323657
323197864
722364741
273163573
712871338
153207714
521143510
495631809
746400816
375123885
432934544
253981559
233148742
97963578
169903181
189240207
336509460
166206388
771616414
513901816
719492992
684674065
121492854
476780421
708960751
204180038
704584189
718591657
306119890
733488654
209358305
541839593
29969838
421945490
172003226
282815423
435763670
753163315
334079779
3604714
170865446
84426143
377114823
587437068
71282527
45266094
203499167
380283120
397319667
92973882
624689447
261989282
437839077
69080945
315901637
593034623
650758947
20911736
81069879
159081896
26629353
250954151
326662438
648958374
476869813
28241755
231565136
314916904
388139376
703683353
114640771
649315081
511617740
715862868
468289479
38139279
680376127
17817693
202767517
48181757
609204247
379948594
165139702
365374397
321564145
134095571
142672275
404448068
489467256
709513919
230716773
291219589
774855480
706465803
773305901
7
303614655
520452665
589315381
499310555
387898809
668113883
529640464
520390621
519269536
45457753
321949177
522095998
580293446
435975154
255751859
279248621
227493237
373871028
20422115
738466534
80293152
485616042
512365854
195726088
693837442
719793662
769689950
174445468
344963347
746206572
162410258
327142042
464413836
703113702
207481905
335573224
83494345
742141015
454273430
528820370
774158841
600010890
407190896
550165033
391516131
581012253
286262347
74915758
532312767
12883248
634111881
740581988
87862620
308418853
106410639
312481012
390694726
464350946
476792348
631747564
389089127
22994664
187232473
171047821
733521599
79496977
553202492
714077527
466176123
738448292
238717446
225625309
668832436
667946680
181708885
414192126
600462312
743566622
385012916
651532202
120076622
412812295
740801351
99949106
361581125
591749484
269573426
12901520
392330480
361447667
146527742
471669818
187017862
594531486
199611800
341011192
423915569
4186968
19312781
394520743
431755287
446261171
145332467
717489985
335484252
145951973
366318152
95591197
750573546
243732515
1427824
447999701
644666357
657111837
31547295
571034589
538730015
698109278
722142579
108013942
135556235
488408318
390272122
181159113
43239601
677049711
690985047
186562887
421834909
195412276
579734747
610757153
112736324
502260940
532312880
258671323
688326258
16644533
375224718
68690501
494667090
176814463
132126810
203762719
188825189
393155682
49094162
55959386
767702045
633903059
17455373
642256691
412532012
648328701
221624378
760388072
630033983
743175921
90903268
481516390
456306175
343375202
64912142
129530679
491529329
148399608
276560937
112661905
746589561
246932238
62744942
547617225
322498369
690539812
213316395
652314834
650101246
193671632
288645256
413422771
701502311
478609137
65797321
291812004
164655993
756838801
524868850
4671420
360126501
249619
434255890
578087846
397478836
218050092
764610774
634500945
699060141
395389301
577346720
256109893
746393335
250884850
430861590
684220585
113842749
320039949
771326221
8454004
152653691
382172396
567434139
630475722
401160304
738593967
407931991
135618273
427373635
383321880
297464790
236688056
133443421
363328733
358658334
123513809
283996045
720675915
542037626
495225691
447709667
189056826
462601211
133169627
488600355
491960594
271497485
729398448
482826728
198695546
685548121
122340970
79054041
15385759
105789002
351242459
137589543
99758518
764766565
344507352
465354440
264862452
503977876
688757358
69094963
353429515
709542321
161186705
748678031
291292853
189621930
229345805
672207447
640930950
303284814
553411075
209740209
253386705
715055696
592173455
272918721
406871341
421135338
315419948
94871020
226463375
112355554
549109823
607070083
531987242
464294939
216977484
438584649
291124218
164490261
121694550
723094055
184458123
585886019
440650336
87605825
663381758
363455844
357258755
11675165
394969938
356327555
82276340
341625510
648295623
122986058
269632325
546046543
376835117
591567568
133795860
622351097
636822940
97559132
64426456
716972566
132830473
32250536
102155550
538165604
461365800
634113264
4709150
52327333
457450595
182669952
239607692
228623276
200314626
103020186
552113334
516728048
491117391
603289846
106048636
687373750
640757200
419908123
718620029
93469026
598025666
647911025
222377215
411114477
629978930
176747552
198464117
687536884
72315996
168450316
65798556
261957634
301905986
423891725
374433218
535875618
312267739
279560753
123764263
581387059
263197359
5
358350126
385018408
411122065
700034767
193964332
253035704
474242956
556711131
428854488
326357152
354542113
132038015
550344237
78689921
502331246
707797063
518107964
56653019
738869580
741089607
202850496
25837423
133009745
85200529
287385463
508494379
36671621
168788044
302533194
396083950
54877284
83203194
771295232
146869343
245044896
148861079
335770917
485502005
701984398
140634954
73800712
715433424
36966980
196355829
774591570
736820154
106626131
148631677
754080904
108100671
460847446
747717523
715867310
311486848
660633340
206487887
46572426
401025055
211142903
463945038
479574240
557240657
82108497
122388894
134807290
215251232
27790568
21765720
675942303
282957250
228409988
50
362005357
484754310
495033613
172071230
499992111
392094888
140889815
323236825
463229739
418997280
63161744
704767985
300541532
560244396
598873524
28495107
103518462
256601024
769154871
362919039
23059731
608536931
285564587
121223799
274444119
540795054
291634546
224996950
77576171
195864655
99399960
767477243
420124449
292109141
208010597
649071954
69790679
328773868
169990361
236905914
201821624
171770135
475116105
642029444
76033475
394368055
86264601
607101093
733036641
254613953
236487761
111310304
317260554
561718793
726146943
430401907
350279652
497844371
681066725
134223756
286322672
412095564
231978626
705271973
629617724
636322110
182620903
642146159
205847791
241074865
772617009
356401387
776059423
730413866
399139594
613099412
175951144
169381231
650455981
557927409
131961346
719486113
615306592
640591840
679496571
428166804
668767877
548534106
333961738
696497240
637139301
549703790
767954382
575378240
653527386
340219315
221120510
695864340
136537001
367804242
443795002
203121203
618143290
687592415
430859965
120474986
48741248
773563608
323310471
759952403
363007581
462036381
66217973
118942838
691372288
613900726
96262123
46375549
367677352
16213109
117048759
194357065
618516485
632726221
469131356
128131775
422610503
576245265
189039798
582522902
87744286
519977653
178642674
619267363
361085658
753220762
506477317
517797168
618750636
593286144
294815274
656146661
188825261
72804508
532260254
239373285
75183456
326418127
102239787
379960466
147689881
585996655
521212811
109820361
322692680
461856304
420394300
307083136
672341567
214561466
532396662
134556337
150789730
120514530
575337540
185146629
21207377
614539695
113908037
499084477
620941162
479124284
326310488
38416499
768816064
356619710
14140687
442324107
594213701
749009247
115913351
576173985
49004198
724408547
240538924
317673394
768813527
557629413
384184555
321973486
362676019
411820717
504372870
359286760
471383473
691499033
436038629
617814312
565154940
486922037
711222953
18
617701631
51239271
70984605
578533014
730886009
248062013
393647270
756915708
330179623
19221782
587856722
739723882
575945248
228765464
541599058
375772680
173325148
285238235
16
422028455
638249494
145189490
489397634
15476145
478610155
102150640
385435572
682620691
150707370
460860676
523207337
132399979
266307637
761141294
657058565
86310061
685123785
536162912
235589781
268482625
672231349
487471295
31618639
211263974
506517251
693099437
109082412
505390859
306814616
456955904
744174887
752119887
769797474
250999312
288266584
143312186
508767296
361798842
461011607
6671008
109329605
383932588
505226901
179711507
501652294
129692684
727386585
59527304
27648788
758228418
702191703
358779232
465549119
142371015
695179454
317067757
27655133
695566619
261477580
262800736
734266133
655426328
90998528
88038906
256773150
682367692
212271694
317640829
47318049
25770994
579517407
499830588
436867355
19562818
423579651
699712377
449117364
682695585
656529129
481331638
402322734
291672126
665117500
652473132
735866725
264843059
183156343
742729331
165569688
6760
267385507
324404649
428988080
393283565
405858010
114778216
171859151
370595785
382858777
637474747
515217888
403643111
533328513
687097401
587435732
758832894
280839509
685877451
75005168
96007679
715284043
502196583
768559425
328032225
368327988
214982584
171133696
684147524
492756024
246696352
517538436
425764348
556365856
634770579
623748860
283050850
97029614
200422638
616053249
334528690
7576775
204015688
671994236
33139132
773267135
668801930
171029763
680271681
416186220
676223676
277872039
725365766
18665268
355494039
620133434
396212927
772781779
483194317
40252185
491046782
481974846
257241978
670273283
312183082
408214176
438334992
552554193
666554041
353938725
189409917
585739006
526472712
77683100
318744043
225335691
296133654
741837446
697753447
605993397
150721781
339172654
369166993
92063494
400192865
272877768
458608508
