422832340
47932642
157432288
714038809
456485903
570137465
573514586
761016349
192463587
638595263
205071100
665395963
772753998
65887113
540572815
321769124
39928586
773504276
243617440
681076558
100989478
101249600
298762437
661514581
724438232
105742461
376075413
519023491
68548745
78843493
452004678
692710740
505315086
193185228
356414420
715515095
695484638
358434332
135212288
738185306
509602583
481022501
145864033
367833342
469565120
731769418
68936255
88959483
176739135
468398934
506797531
160193468
264448118
324664057
294544360
194341679
550681507
464565977
59516693
190022347
264818787
17195500
326751017
412453836
774399378
497828692
649492135
205519843
535988674
490044992
657648694
374205882
432810258
317475049
721211528
393564399
265557841
514208
698696958
206661703
494236262
600120235
278751243
497897423
475944670
177491516
404949655
476224512
165910657
599783144
395072218
94167756
707434022
181781570
611473477
505320007
261343693
314737060
668812409
545237154
421213252
739101155
608998862
95366665
767717976
428519063
745992204
82893902
618284989
292051581
121535011
505724786
553111124
66764648
251762947
208742312
448096005
80359372
158531074
434424493
299306714
13557685
340218480
771425950
767485814
758214019
495392814
167525211
519361181
160388789
750066662
449561595
5441486
96297231
728973280
368777275
258990718
163089997
324090068
14585288
346332523
558268082
338658553
215115448
220082662
165782385
353398096
8045372
514736792
202212701
609945387
443165903
443722482
624713745
140693712
449553671
244709970
775387115
625355754
4785672
503081736
58057009
546232076
459957877
744821669
138417373
426593476
26716838
151159678
33590157
537338269
501805409
371952538
675579517
413346020
117421855
744796604
334638874
445572157
176042150
414690458
88241712
254440582
300249382
98600438
586265865
200447943
176765007
34435377
260001401
7837464
505483437
159160005
121915826
397489452
126977231
73118887
576667257
108773060
4443017
8202720
510393007
109995537
680190883
477148910
773536746
369428465
262419966
410759001
165060102
114658025
497479753
682786656
164287379
608904390
350156301
304430091
3974261
537604362
619636788
474615018
550991492
638654219
397327178
80851304
50670473
560098696
78724282
621478151
359744994
582796556
539975992
569926311
687970857
512859064
519559281
90086954
513872761
306432788
520951913
91865092
202029471
5
350810783
31893532
46457348
368933616
157332033
777613519
774945194
303760259
643457027
55453331
188132503
310977200
750857930
231982582
664762122
510376137
558468204
496079340
777128205
325290334
231169422
245816910
48680817
654651142
267258734
302540371
690875800
378662523
311528959
239564726
701103311
10769775
113620326
620653929
421036347
94206577
538505918
239127012
200281567
475063134
430423742
431710851
160406053
321727300
355234218
176826484
74739921
329081615
104449467
304602297
191220724
241147974
435864804
347193913
308919499
48321358
585809772
528154065
32379793
453170855
238986342
630127881
412005617
113366390
204991978
562128905
162184592
53477858
750357147
525627658
323118387
536874550
124147458
194199903
489249241
218102792
507607055
661596012
696650943
297033476
257401014
359850515
593729838
114404736
727880891
10733022
287625195
528706466
750172366
656988464
294801214
536071960
555883830
458328085
723290634
96469173
303613994
741659305
708672773
467981459
648926308
163448194
188786733
246203849
487739900
48086383
401820914
42769282
249037457
126939799
543444690
33712973
139541652
721529808
284421309
75976682
436915222
459223993
530068036
528485535
773214572
53674659
436311147
283096873
566180759
414019236
56403713
517117287
382326718
770526079
332940694
2178301
183089430
613791538
777372021
255325729
631929640
137130370
740450181
507972330
515291521
558584191
121258684
409621462
174659613
246195706
740604031
311453330
25549592
496846841
537261497
734869105
208422136
583575937
149188959
109067320
18
669637463
347663081
688611272
393539014
27629409
69596049
315354876
482524378
506202349
760735898
550825069
522437837
617438698
441786085
638451638
755853246
630571871
694585687
569558759
488926364
510421181
410804165
58301489
675863748
175609197
383155147
19739826
374208879
196416
646048377
537614386
619999451
758392813
217775108
620323137
260141119
428635554
217209898
773953734
660210918
188824799
555266874
83763915
231572713
296548951
248085429
770641738
78788845
68504750
768023434
595598956
162003733
312344293
145635033
120558356
44362653
392049903
305916072
667090485
397178631
231797802
632677480
390568296
530149970
67944446
131397263
460216730
82496334
756631186
420238975
144160162
221730709
224378814
514745143
101118288
763837628
291955258
656093593
676322094
318023614
276370614
67961000
369770387
271912891
520003605
309605490
664763085
121635087
692468520
88065855
665893397
432206613
69440574
763062221
583352934
259958610
185874850
485423801
251137431
32784461
419048442
402880054
540007324
697612173
110627138
396859944
506004444
182296621
318107569
137210514
470425351
294256637
264285441
501752175
428793478
540799144
569391740
200181157
510212062
133200407
54862365
1548237
266225858
696828259
84755470
286902565
280523038
407900763
116084653
693584355
117737540
226768615
120590997
82674941
240020290
74648549
423069693
708019832
462557387
689224067
240418296
675785935
317633200
441040703
36898973
12815234
401191909
5927198
588510268
506237465
428281285
538051234
169530030
259152092
52084655
774416082
441301051
153090466
100405798
413593538
320010948
386199648
288744944
427949730
142654738
190422651
466941978
608239115
316195026
70665504
90470553
703635009
139394724
271496092
259759226
643097471
272795839
16175244
467226597
84810043
531950025
182357711
773904662
230243983
550532198
95342013
493685366
255126318
347604877
515569901
650875038
466908786
497369397
725801134
419438680
15418045
42234469
112202579
472601415
84092087
492519205
496918847
287243667
87241162
549704014
672194158
332359077
138747295
354616418
679375271
647352479
583923018
246384622
350032544
747457845
512045221
532821458
282491354
180178220
469183489
104866517
51449586
535604959
391933913
211518386
713256570
360134864
571540060
772308512
306726412
345813031
364693444
129635236
533943393
715998732
579422390
72343338
381427945
45773435
698766568
234268681
311553066
248416641
596690594
159057406
323366710
239478640
395068124
196567199
378359188
230306250
693130900
546271327
158268970
75160447
59505506
713014609
675126617
307127008
37788108
696672535
710562877
680731770
97243901
711164289
508573875
164131213
585807446
160935809
337052464
56287133
776998112
616714985
121382197
375887812
580149496
262489141
103123168
266380313
165422493
467935787
445430552
743069511
445520627
153718151
470548887
531164266
736920656
237316597
652695592
142026611
78306432
107838578
703843514
385424919
177485504
538275857
744332784
288694365
218206341
498165297
692013390
334903863
773261871
532006756
367163078
735578466
383641134
212405649
249401507
106643886
252801730
561386064
142509387
167138473
561995718
172027243
218713454
301236597
34
772318443
400401640
58420487
143024954
408646337
193158666
440228107
132476211
569477067
272060094
448022255
617385926
637665040
193547050
568588456
510084791
247189991
190349779
131834272
24982253
404308563
426347703
687074974
191324582
619763931
327479017
377882236
3953592
131272268
67495719
472075766
508800157
693289585
204932832
719449304
419711773
546487468
365023796
481093403
593356145
216648135
620955757
142629538
189663595
283471280
533186870
532522049
673200163
495388083
221525537
103826075
717023144
164169943
216650739
629904127
465235157
560590630
273539426
105772444
715574596
173757687
199906101
389788484
261420745
392599268
119796
154253474
732802204
508716890
313231726
345163951
469785325
248214225
331142723
746010650
91052139
333644183
676136811
382394297
327316480
651548993
149146484
153073288
537157558
275090066
283018086
775292508
695059700
677107937
230066702
273476462
149853797
734148575
452352340
294645108
588050110
766951846
205042869
437027460
56744993
107158668
513068658
706374440
360094532
752736840
120245175
244210371
228259672
47366793
208090091
566040698
471961157
224328232
652000524
627534642
608329422
7203162
39133898
329677078
184775273
628794525
333692549
434582879
463873139
327848001
622328243
404874136
281379145
137010554
502230834
500713458
391484992
265998367
364146123
131597858
253196647
597545676
723754626
186434976
755936928
199911415
120106942
703656471
305695534
669035147
717101264
700567189
405327495
451924877
264412080
406027726
499330169
177299470
155986676
339130104
677790232
545091118
32830504
732894181
9227431
642573632
195693780
571551610
766595872
367621218
162030660
330809802
205612713
108473953
263519447
456661206
46899519
49432937
763484812
177792887
201770105
181921039
77502678
489462930
335458366
509256588
668143234
719925428
118218146
402264881
557748287
265976452
529037278
599108978
362288478
753863901
748112302
1793568
624962391
600626097
629172024
196886732
195894295
567308911
303294598
662771567
46819224
421414357
201847272
764439476
638106911
518372683
405719238
145378344
434345970
276989379
602025474
245170241
21669459
589655800
280287254
255318030
587942560
356874358
312866622
411535016
6152886
415222901
225752479
424716478
375014253
563452966
616374929
333565918
119689931
603834377
335358506
353483090
385015539
229653701
426905285
72624596
357735604
752262359
126565880
462488938
370842139
662906035
336254125
376086732
647627942
38112797
425760458
483755261
319804764
775799816
313440234
594237742
724980235
624659613
235157774
397542500
433498723
516738960
610201111
287075748
501832375
665154120
438358180
210781138
769400129
110808405
68160822
45180890
633197292
82870303
368529067
382340181
199121658
695313021
392015963
598657385
165074668
534974435
393030651
