75691024
426727089
762167888
748340847
137141854
678496328
217358140
581484462
303007574
513368448
257601061
374736941
22445466
317402534
184978640
344476613
726941107
610295452
274935546
723777417
390520030
195434598
415189394
152386267
266836429
278868666
487839946
599362223
520190611
28282363
25610014
746322357
7786906
230317004
544887289
678508848
234310136
67060362
91383721
490742225
673071659
391254958
676206739
260200873
251952482
200499925
609276683
479540712
61008015
726643980
27635991
547073701
46311877
457269850
419855526
645070447
655917897
583366894
250677733
317937496
89780037
189597599
5072252
446588078
202845310
212675622
457726802
490382736
546669998
435241364
714861943
415897108
149559438
682309459
180994256
156921555
702304179
568638253
754158766
403408214
441054634
576741962
414631927
157651452
662193163
242780828
452993336
575360015
463891838
468993569
22619089
543540758
354892953
566352545
590837933
37094199
423276840
659193086
168870023
334013406
572290527
227252434
623218642
382305648
672081780
85819936
379604500
226710252
525000345
50779297
468984802
713117868
399306619
448823764
483142193
399699435
707139393
343846623
22490230
380110526
521275105
536871926
9275768
449793843
490491349
29422329
594338666
496726041
742096171
769170934
418790120
319663032
719686811
187825223
725172885
212222038
98732836
422387757
467622434
232615505
601088563
777380274
105201723
78891470
477077957
324008675
425624587
4463496
605987238
444768498
171480796
183750038
655950160
447795197
91585937
277005327
509057683
21986615
693508088
392887249
610891425
495904036
433041230
632660216
261122443
503564824
619624403
414604370
614108243
17382372
253348968
495614116
489917192
568628011
492232376
179465518
536626039
53520546
250869086
86932994
430464812
697300891
621279937
150455782
666369721
448422027
443476141
389349310
742781068
175993047
276287183
306538363
44972447
162922625
767084578
728385492
375372031
359868539
472927759
696057754
755847990
643156849
21727974
751094052
8364765
208927796
756660884
56370283
99423295
74013271
331007014
692691115
578822078
549032078
649856547
470069747
400924341
413836190
758599367
179230548
605111955
325036827
211996844
38719682
83104243
132296936
722204364
546564794
691202354
625067402
723722533
710110090
218922101
217576179
63319529
268650936
642407409
116303217
747966694
359436117
144210285
531061438
52313152
375683275
431290192
99050803
114348939
460050366
678952327
136557970
566088742
223524112
212828415
172501994
717759443
443626300
118057533
140843264
488986826
653231465
102287240
728008115
556826910
351260886
155954856
276810172
335105216
726854038
369579980
399410412
497673148
702679765
342077412
676601376
441845336
293218279
436673235
463644326
210824763
110445568
480701865
210388187
80982786
17879542
756716019
504259
165640309
562407282
672916358
78318399
528801944
167236088
328214584
734400617
650133765
203191021
260043241
705806865
732743221
511582600
508252500
516061420
682895659
211341032
139025803
652030674
116040473
165441635
713116346
633026488
330982995
429642938
275362182
493726498
560000456
252510671
693365553
604824960
697532310
651216690
272375065
14790893
189561060
51297659
175851388
302954291
24518232
330650164
570528308
11370337
241181084
358713588
92643556
412297586
560840018
260562711
658326684
189947539
235425476
78278053
412977755
148418441
512180457
663733817
418019023
247949196
270371350
654169571
287252642
295101258
474836713
147190856
756180252
143085705
729880096
66421715
676595565
652753941
27641904
95071258
222992184
490902827
198222493
477534397
667566786
608730994
622040862
477427710
270321038
655403517
749941964
106539497
507889180
379130048
469834982
441187909
404359209
625964120
674783370
134823456
520121344
373466347
159345021
651002328
629835621
684117068
200255284
719575957
541549677
654563672
338155756
167143289
560372923
331672236
156525976
588786263
568285507
52177711
294353521
291444089
488994702
210444543
697963358
237525450
275640465
438524775
428265594
665598704
539243624
242172435
669481896
757802085
66767363
170790393
262416523
310217458
437884124
642644582
729347563
21344553
72511070
703795256
420491508
332047406
612232924
733896205
299558919
167997499
606408117
140921375
186882319
135092544
9227463
702625219
2178254
406544307
507114110
712922382
17069341
759112878
515887140
629120712
471131086
215624230
681906723
280686963
342305630
350856986
606561749
536102323
616302230
514170723
461584146
564335759
272379377
244416667
487297711
604097296
296068909
352321425
547103786
461873264
281465788
644381655
353385304
272846695
658291940
575323055
146099570
188107987
343602758
444713745
124687714
408361236
281933435
426425663
165232051
627269947
95354754
544242625
87743739
369737623
372125609
492244503
696060543
368440194
599577547
4646737
592719462
393645910
296241834
324226017
184495922
20480894
776044020
658341560
465459540
466802764
416691855
240191542
630588507
411936891
390231783
161984020
637703211
229265078
62403185
249913503
427344697
436400030
554046677
240107945
422070416
722221129
298075194
468191785
203975806
352008850
708168828
370068640
233848388
486989169
288001633
255642746
122411035
102010109
743897456
173778978
674836698
449752960
197978379
3524575
470421946
463999418
93243323
615952476
203554178
528302961
506614662
236689604
409370473
223097204
251150730
166218280
38324248
115043045
263445006
504795906
248935817
158092161
207674432
322041756
627153508
743734547
556130900
163637815
457493498
609437414
602618302
593706679
354359924
112673077
420044661
761981262
29695212
91443393
45673272
190940233
475945022
747531013
581290556
80780964
685958445
273209998
510007773
353436282
363978052
82349214
516200726
335103677
302095307
426237324
761048345
411407315
671824292
139099707
271299818
101731562
561453865
624545706
325144694
121456620
88848808
105928591
80760679
627192099
650246396
200174498
8874486
70357669
521153722
214427737
57470994
719376572
263967254
54995949
717171853
470707366
200590387
320398286
124780938
38101342
228247271
655630793
473854379
20674812
72674458
429265442
114680637
505165276
301355346
581643873
156820617
612608407
617502913
477591596
367079127
773564142
361311638
519976607
224792792
26311378
260761475
682050395
665058202
577229243
470088801
40546091
412564646
496290838
355285611
591545994
350541184
266612463
143231086
344350607
66881821
574953937
569236568
501852821
203318058
213292785
52908699
257502058
259132186
165710007
622726839
658067678
70003803
216532858
570270975
746564913
656591315
723725174
720745196
306387582
385242636
442681142
603782190
758256652
361404952
725483024
298467963
318954718
225758643
636727333
25069252
254957908
147308180
496646856
504167896
185328859
615725708
457960604
82692714
653277133
372936684
477667817
380906717
513064364
106497825
741870866
234773740
761434288
339884298
326016407
474808761
243513465
72242590
337275664
242886491
659606285
259596584
360231789
199213699
534828837
2625091
172643680
165560498
160045929
209845179
672641248
369911923
353735007
521064064
441605790
615387590
372616879
61403484
560006916
534973215
686340627
637974695
31478228
531282615
32194266
256893905
422930032
133928192
46276654
638652512
687973019
461877837
672819136
163129041
391769906
719843668
624801662
135819492
207341783
677097730
168613086
457334380
56975527
307369005
635184835
288076690
517271368
713124046
735213091
513452207
474098408
604445973
172026999
675819204
193901856
195771519
515270882
722119304
431679278
608254888
761202908
357169923
527621809
32654895
587825810
486341356
11580071
619151981
773090447
669197063
436531571
186854842
608917291
435633555
226196507
478725168
633615562
71587769
18663618
271957637
685696045
664711219
501554225
224102595
117144245
149211674
641533863
207244101
427772405
587123628
635030220
157156954
370193148
448774475
383191539
344303242
298778385
508054775
479387302
55994325
484982555
599278102
607896701
342971993
379582120
672086230
638689094
698228556
598339707
173800749
232270045
373599422
325611202
622319281
228421829
17944994
708475002
145232348
678854755
561004336
38011099
204360479
568291628
647766872
295023146
683600581
714767587
694993575
777321333
533393405
298725651
449142334
425655168
513513975
401350213
450005880
141322140
750419739
736952309
589834364
594321046
693316453
123292889
235663146
644435905
154070708
716636159
530556265
257070494
282718220
169776243
197948111
423546269
96424949
191114940
286904753
107537852
226007607
178859644
579529755
416714522
747559146
642443617
320165757
733905976
40784695
268292181
337162076
292050447
3
33449268
26757132
328607762
446621815
569609417
163185178
45075083
11941483
258767585
238615683
767701002
335073972
662368305
255121324
298440960
589842869
315420514
552962839
208206858
260357012
139217532
454559262
124508904
481228003
626351078
426809761
600800422
346214845
502544038
336173846
738078275
326846683
152209261
519997513
389366195
566357061
68962588
648756224
301705110
454664418
770300315
585913384
690228086
66243314
28019574
170054822
620568412
564662310
32281647
626882396
294557334
173900623
236900090
641508629
26768740
406194430
499697647
596525733
740429845
349033872
673631771
727665875
615030217
143149988
325268093
33805865
297362695
224809969
136301518
388805770
310946642
668359289
641031905
588976803
249276330
699102030
766992930
549724533
470215449
328035277
315871924
181353591
99677402
690250890
211621758
479516961
723496956
13310071
732199403
422330660
700926030
17970582
613949374
716814663
690477221
216560772
86519854
346080797
574847072
617528144
158768963
167647558
247425266
285071040
484086905
252544809
154240415
399233676
289698876
113374974
300323481
220871261
389599478
151915039
156333529
483324207
17448726
57516780
431122646
483870696
521593874
130653749
356540455
764867877
932
19477591
651008081
437643632
280776344
