758365009
183387159
245585869
47453265
188410593
57868136
267674419
743692267
4
494342466
188807801
443407115
418664921
660456180
258650570
460287512
317118892
435804015
80761841
564687542
545433574
682256325
184967878
76984782
464867491
79736630
160910547
689745954
139821538
94071320
95186893
661715450
3988851
234168618
285291336
174068172
634618808
108072566
632269106
176452446
449420926
234969956
742391111
81726124
668557105
447751307
266875441
133916934
474156199
710805819
419158750
496994059
166606703
141148038
23593657
483016826
433176994
466830240
528512457
121231265
316252360
345060381
667449752
224783678
437908999
592099506
508105050
233642790
144933792
578467992
727402657
37164721
666803669
753316057
510820175
341150369
259918718
156557378
329184526
445937013
655732166
533747004
157247700
759163139
87439552
261452350
338923766
463211561
230640996
636708593
282532497
471058923
534820695
344148637
222516127
380729040
202178067
14496372
310825256
134575297
139916213
317229768
687161580
676169384
28296397
610523174
553448330
33022143
690756965
240435644
654531352
304128415
79727822
395113054
171567396
89735940
236842548
44685268
186245005
202097221
246106061
426915659
371540766
104196697
49028001
17709
216932671
321719352
52559243
59101677
256015824
91021364
117814407
417510960
490514284
493054712
622815124
512492690
271575507
56594700
553732250
358411361
453286921
317907042
227612724
777631307
245847692
111905980
393127877
11506776
423728676
550514918
430320458
178988972
204046799
135988988
90883162
585750740
288788873
667934977
173326337
244731323
683062116
522553297
457250255
263579259
392603942
419694175
604099324
721473511
127103728
239476505
516026740
616100363
119363104
151339320
394704458
358691499
212978040
446463724
280687852
538016026
253559852
611780335
720899082
3722589
258573886
541421609
639484469
559731074
61474168
451421006
449022390
722061266
5659433
263630303
688135033
480469634
448947915
72637791
9745279
356429418
151593527
397804823
639331658
254786932
758178747
180048302
491173475
620790492
487945732
177554138
645153753
694994407
16454534
421683397
355966309
537134550
513889983
336819437
157576091
722975180
459969556
482340194
9068548
151726211
464744916
175041812
118434495
618271323
712265648
36718617
774945424
765702623
31689302
376304627
131363672
740521325
169768467
25908964
667643723
549588286
39679119
290714793
245859808
616389044
15648330
110107070
387647105
773277119
57922428
616474895
639706698
213824400
352766382
84766728
84009582
10518109
658020933
84635835
156722914
72020827
277844882
730742000
675572648
512566048
761629960
123293968
508101777
366171503
71690980
730638096
299459657
534093660
628019233
252332117
579732408
99465271
566054680
34298419
159529209
775859766
411319548
691140147
363430360
731473485
700065125
461630511
187068087
290783486
38311715
168123040
427422756
774945424
285030708
291348520
431231705
550475653
771866424
776154529
82977797
238282036
161645594
580184632
234875363
681078374
428130681
175336979
270209825
688344564
338130925
277055202
372991797
401541240
322261815
521529348
180944830
676828513
115119298
777072989
590942901
726806643
378316349
632493942
437910356
574796205
403461175
422759265
751597791
365839498
733342815
140482789
420166451
168026377
709564431
23360723
255073168
194700874
596284846
529587468
645273037
386095044
387367244
734127978
291208651
398281040
5488554
685922819
627230394
281166477
128443361
542143711
204224991
520426134
777740368
70734863
525564637
350545608
462715764
651014531
579992404
621476865
446932259
426903918
732453015
235351215
38129159
164115564
354061214
755627912
51893383
83605704
315315600
672157816
7089529
610008725
604171876
639750665
290939620
77147277
604867386
486970336
462257592
678303337
317436524
138580105
700140105
742301028
42
427323859
745771995
545281088
421268558
611653437
9059230
367951516
644459034
177373793
420029731
516064012
604254680
447207865
764343514
645112424
142424095
694137359
318497405
202194682
62220120
43302025
465865469
341169796
640893210
41625951
664808339
321368950
688108204
398233675
709494070
438267275
723107865
511824623
66948108
534502938
314824460
185912106
231954075
402627338
38352334
610592758
230917434
677406293
581272907
138473408
740948315
19474336
35083019
77321086
136408239
519533298
597671763
665782867
627224468
450493846
98041791
747167368
110982689
140417045
17746062
95926486
77356980
744046666
128726452
569419698
236692064
565265201
364308493
647369467
563930585
330458394
241859508
550735371
688112206
160468303
701895306
17175064
669969652
685057666
311791134
90699716
118016084
419081592
415183683
705808407
125694140
465337746
704877717
622998089
322226828
228923717
287797928
322977030
371045389
19612792
674623781
154600687
112231666
194145147
713742843
154965189
257458020
731746320
648598422
239988250
313027314
81555600
38029031
314975404
679548615
243266283
150787530
108876978
236358379
595351249
151708207
460733049
580476360
582482502
240356117
623632531
221873830
49309165
52723899
175529884
245621584
100712978
227065487
80118248
458135686
402328192
638835816
681667739
628727125
701408730
658274327
562708204
535731089
296452360
734646077
269137617
319378813
646665999
184562036
15462757
716965186
641577655
601785232
622757584
258562842
689499082
430258531
720770254
727234957
392167496
149015173
340428393
68377236
146631644
561199321
450901417
39416574
685094478
668107599
228232545
700684205
50923689
551636762
669731574
639629711
386343919
107123058
583003075
441437800
67421290
64061988
708100531
225091919
307196216
9454360
297046609
654725336
86276557
529723969
237861378
441506962
610744471
598010801
440142538
695187245
31850754
236279213
253949528
135957026
624811224
407785168
166007150
158611543
453746
258631574
732746613
2397896
32708332
763191196
264958023
430784600
167087402
235200380
633216822
543563571
483052413
204702521
169121668
9064905
281597727
334751200
324906277
451769246
12393543
308840970
744429191
70575484
728700661
86931031
231971194
580778286
413505385
646703420
580119153
297822272
761814650
168387694
295435891
72754846
424742561
663207444
292041848
759628239
164084980
168895155
105718448
611737584
20953528
86964231
31699967
74659900
643589877
466100910
71511997
10505887
318540019
514989431
661796443
15602717
611816447
339020474
304683427
774254310
315768693
435416943
86484442
41740499
299368076
412620259
288752564
472849475
105149420
358593236
436974343
153132267
446867589
409509708
92375641
349806943
729163464
481879003
645333303
496282871
424474285
148543375
43277523
436645253
501751284
239463076
3076050
221479217
696218474
625404116
389135789
649208368
596331093
236307084
553564207
69765805
135033785
241445237
87479357
774945424
354043818
709293329
379095909
81056981
696886055
320011330
77178811
46313
635598231
477989271
132164438
739708897
637934730
685875090
2577728
193608464
643012247
512910551
679661128
326806226
137585722
655699664
517424893
248021719
471250270
273189501
481792799
549660946
161834480
477134229
31903777
414057959
530672698
278154915
588344187
766240954
78324946
12802415
48868557
458410949
219521497
90703919
170407137
648527598
537690480
552027321
524513965
375718217
451554728
594544531
347903153
130584030
377461829
421389316
290691367
644836510
630635841
259717243
106446455
233096220
579439666
458051075
209278734
372335264
678615975
700905411
586482808
30324288
545557706
56938275
46142570
479078319
434450745
709445433
447665668
674771158
500426683
302063407
113893776
738823677
264761472
204994901
514448905
488324952
768685572
769696090
573774983
167443058
678870047
711510225
419415978
235172383
338871453
757633834
135157433
695049420
94838127
773589379
652532595
173118599
357767495
224349052
622575473
636946168
712694531
146648500
31579124
508599231
422092402
46807731
254085020
496538899
414239654
770888188
206100844
49146018
732417439
363718297
193952628
404530216
661699062
410383099
599252689
580745056
419743244
181679421
130970116
325284314
58264130
153679752
30350514
166340284
382644289
508776888
41674362
488521267
138546398
710209618
118619175
486928691
748841887
283939267
41597107
601422392
12048585
239543236
176653492
149483189
555791464
446430419
693013037
741102381
612412141
594227791
107245709
417410546
582468225
591890630
130232798
573726875
182002552
672464101
721820327
562179339
720470448
292166399
671108211
246070829
576237031
697808832
42
472069402
424802809
45179186
49645876
765917705
595586761
128845077
609425611
717388714
21097304
62333635
720513205
172935994
668733321
111222856
649857677
12249334
574551902
22412737
433696873
381873270
547245231
238161842
722728652
635410925
316758865
88341391
101869841
53569761
592378472
176451808
20675630
605508998
380072844
600562131
288160389
217371477
700199742
682694584
117920960
557345003
166349239
413555291
453853372
432597250
598929980
653610514
531891147
121065493
373804348
248269089
115815348
88075117
695802895
45557263
390057268
97322870
689905
239395505
168780636
130859554
360260799
526834336
729163823
620174880
9970823
68350224
207529684
646944243
740512293
371780348
352132564
738499310
113025767
274523751
343455912
684962056
361955956
747012276
723766216
650651951
765519378
287318531
704602708
502868047
616088516
391311083
492677470
661674734
272267260
633204160
389662909
308870660
246060690
361523884
480627963
194293658
422808475
228486904
624192897
659299505
467489934
23683499
506372641
86356694
334995632
532613057
125224553
23793259
120439187
704810670
725125380
345262438
443211409
762042520
441630427
548574501
51811434
660750821
128582511
772744497
126026905
211549846
734948356
71657422
259824101
304416783
689292755
204912006
601364556
452451334
140689002
501340492
546348645
168650166
506959480
246149317
91308221
6141247
446881130
72740190
139669312
