551817651
26754375
580618339
604886680
540846404
715543036
455267815
678067332
88954722
242329095
750580537
727040646
488454894
221771849
688152501
548397084
296774248
247234282
219739842
328998117
346395799
230375760
247462772
521033571
313458381
596907345
704792389
4275041
528098321
478997824
568114581
52250259
453079047
508827307
115714286
165728185
418603191
42860615
742947589
355305065
496496086
377453973
386349269
611097132
620357009
212920269
415598362
512229943
614517226
553558594
755124575
684773455
438440387
763241558
81704347
545692431
640041986
362777255
113130920
763379589
254718459
318405599
544092523
194739256
769363271
200022433
678772027
46598088
554390497
304005556
543275120
718203655
700663098
670199397
25510712
18354604
546207173
33013941
413157826
339553041
382762155
493511833
232559762
339037749
473010759
629094807
231978332
371895252
702323393
294499678
142854998
520048891
633885492
466750626
407664323
286344654
553800157
223314532
191652064
171913639
263804241
624465752
708690599
225850299
391478120
219498695
711573850
285054650
127257610
111253215
762118536
160759770
20978747
644369380
460620387
385239015
380533841
587908564
623800420
344661794
256865462
412702258
728305041
658983256
706713771
554759875
597784982
381055628
42127495
196629740
280937714
418070154
746299735
213957166
412401569
326346209
353270300
362489520
76273922
465172413
137217878
194839229
774676638
792048
561813808
257524825
712306053
577263096
553824227
739026072
178028577
767054823
287044265
444651952
745448013
220998221
324162056
583867138
768962844
513813224
103949815
133106841
205138586
697715958
466696624
398118494
657054220
21391640
232992140
91310122
623684638
431339263
411560517
616851974
469450422
744298447
723018623
240069264
259726821
748376643
383760064
196529075
182807296
249820326
539947172
360179584
172063138
464598504
150594406
329276428
148984484
278188353
207000633
479081123
651513307
48037388
304627582
597891732
560897496
668297545
494934026
327682331
276315371
162253810
649238991
114542855
325789689
642603070
204885967
568075067
767145502
261358937
600513614
641531921
530950640
458055742
217952010
407822872
67264108
735879758
404594083
393123774
298624114
160296269
612976413
406625883
80818890
23738901
645134421
543885438
341026843
63967897
600264340
525008685
625081483
117462862
698370297
633262992
464574013
409629461
391449876
126112276
468140167
592376870
733431113
648383899
243611325
531488887
616889313
435101438
123577791
169528908
237394338
629306044
19856297
48287320
93181800
390726664
204548777
598951123
131433226
351158853
116813069
99446285
156469444
214604901
243842975
167829309
197658929
545019016
409153297
571564260
117703592
255510616
421696663
768681301
551043541
251006667
90389130
743345698
718685924
601409114
603687223
626373732
571058325
624764451
633595491
258392555
658838217
202851299
592360173
24708292
148204061
45812688
555426322
281073844
392978263
378566833
741208024
703591149
544577041
317647354
302881432
551477326
355122270
258541739
511544086
264741422
438059651
80290883
498695504
644475132
496427069
293240430
559824810
161185249
602176113
355461905
597883186
53764981
4308547
29744701
505806650
472503071
610540715
774174586
379832319
11804320
689412073
770960335
496838483
492100047
323849177
688899009
488280721
391774456
749922091
8464518
166500390
678562072
729872995
239673794
742372702
453219479
433494382
335292623
679058352
259641513
366255215
89070133
84691948
464387721
389237231
534252881
635981582
28903495
427120717
119723279
611063933
554016492
521558438
735946202
289116368
109653705
631977050
51764839
481322355
362445120
397467519
191632303
417689084
188031161
139105505
609159148
20643482
710055115
485515772
545655458
166841599
272015016
25047982
473214801
131423140
284631117
616682514
766338176
216981912
168928185
519227276
688076054
588545941
176276349
203436074
699468449
620027371
700769945
297918091
584153923
729624580
638643990
539762081
83240691
754303704
347100198
609233412
548972227
449509387
324806496
235122059
710023943
361515221
400556113
447809397
448941246
367990218
280776315
317538347
362004630
131546575
153173751
376862070
286839757
531474945
74775927
20925093
462688069
176811045
125342970
698006941
218909113
546949970
326119967
81690890
288321925
231940973
688742186
628867903
489271722
129712228
60913092
698034920
652535905
222632717
218479297
270153335
335658783
732129904
448688400
626316438
305695809
639063753
143281262
3243040
395900905
708330535
77632476
461167079
95845271
622523700
651553021
106019065
706620086
53490989
189155570
367533882
721960327
328088577
391851928
278352540
426012828
553231489
313616692
753835706
66928677
525404056
378627078
400908501
46646922
374174652
372501453
136098778
355893708
122049103
144139693
609239451
181421067
570127037
273772185
560180276
350757083
135895970
529593183
35562094
646629008
264114257
575753861
424316178
237322448
141596398
766819366
378414301
206386726
681007229
754485495
138214915
151474920
531902427
615119185
310834239
343359483
749389786
1421125
136352052
16
56625047
727872460
384730143
770093265
614926080
84
163939876
130542110
281377278
394054873
40137800
206655659
307588827
422960262
35548916
543843158
629429036
328545126
383750897
769063358
203926331
588217569
553662324
239427926
22467957
517822471
691524306
775109604
73360796
325312345
330212511
366048457
69170865
478909244
114047488
156633662
545078421
673671031
497094852
470458969
19301502
515522171
271405788
470364904
272283516
514934143
167094848
599943193
344504518
762998241
487055119
706871880
306871010
771362192
406698788
529611041
549415793
725721246
709770623
594889809
136345502
585929543
342087319
54020546
659127027
490553491
646881239
334161501
148872257
628084039
462091631
741692646
404825062
474297420
472286135
490163903
21345197
270702985
228129780
525151243
65373074
198286688
617429692
489184751
560324261
603055434
285672474
29128377
79239961
393033077
255203248
432590620
330597725
119633402
217369090
446897032
717976573
675354130
704613759
599027006
272530705
374811150
74533140
294335011
753390705
740944947
616116868
681587786
160955385
521039473
259548424
135581499
225822220
382350349
528963168
507765017
304512872
134920739
123391289
595162960
734290597
306208577
743199321
763206497
43864012
292772900
581432961
497007926
194186637
377915916
401407197
78930052
114674814
308379422
635768904
454377290
653694725
766069873
400471467
680541013
480319727
447773961
762824516
774470449
47
687577259
92255292
688707563
175368235
100855765
660976360
112000714
712819095
568347453
290153021
626640863
46376697
176745505
422535070
646212712
532119777
697263179
520374047
443172441
77456063
741772206
390202417
628688203
533733182
301199952
682472306
140426110
103461237
394635718
710756349
16833520
717864803
298431892
179268812
398362609
497165930
211458466
47675421
247137402
271992595
317559770
237478866
404334236
65260876
775225333
245399166
302741939
192531134
456696875
334204445
771395913
120622809
716077167
549996695
399603898
774550450
590120031
55740146
498561773
18987932
279030207
172141422
403051362
181143105
660690619
422408852
167135158
296065041
273675626
302952896
607022752
620670866
85949374
367124953
580733240
162021020
702799121
327159634
411220342
214134430
198532452
568734037
580747623
336002332
494306832
534263691
77620685
485386858
582346250
443011106
323236020
96290237
763573482
446060915
656108832
501716175
93893278
488310262
579082266
247772686
2941635
381936700
697090030
587028990
302005780
575360470
593748933
664891533
103283959
247845257
458990451
112378594
3718048
470012034
366395117
123373534
519845771
772207696
293204590
505135459
47516409
94206151
22624685
396705732
453649944
456068610
742391746
431213761
310131349
549883983
712948709
687958469
416312811
561351275
591804302
448370334
492092175
173573298
495735607
384307621
422761846
130600709
762201868
748661418
819628
598847321
497763534
334211239
469705335
226854345
511837238
131636592
185457481
84302396
209626151
744118902
687173566
96923485
20696759
206499273
497321702
23978468
187778990
699622794
449003404
758685572
379810624
664170630
251681639
93973679
272352668
221578171
508615665
444323790
102062305
609353051
705344644
388116426
376011722
564841585
514772175
613659041
749762685
61551728
177424804
509632147
234427780
647528158
314936891
171966301
719652669
356347058
211560696
166971707
403519292
376124834
582717508
338411648
90652294
151775571
27554239
133219944
78995903
547438550
291722691
108826702
588284009
465870781
604986041
408961401
226680064
414086712
88953307
462292685
502535600
120180589
119766287
271204875
279547733
596191016
321280690
656817827
280461646
296316824
768542305
646104874
434871968
89109096
685907369
633022467
256575514
714309186
164114656
202186650
600368613
659604850
1712998
608802270
92429978
691849276
521941155
557037696
211872246
174648655
685777739
710932486
139997498
602084916
295836069
115769895
53123617
728742935
610618858
768979180
541510355
227859439
659357466
599181201
300962673
698286531
188236179
616075813
72852108
9558563
249700910
321224610
744651139
371356264
532181921
226327438
695332263
740036978
134562726
97605395
419239298
102162325
605744940
633376927
455430804
336348090
503773835
154630086
555985449
773793114
637280151
663791468
323502671
393067105
140920306
522075765
773016140
28038295
360477592
607992430
183629505
261716392
723905848
605268881
75089738
362621760
338127417
243489850
360308677
728687365
645172599
423645988
587557755
263872119
47149436
423958581
684246262
221703732
773221868
55208664
187749525
728374970
638503760
326232382
15265592
741280657
446343432
31022428
30698265
357135390
590038292
372440562
584672959
179165487
640967488
377687239
769900252
498226699
270291922
324754845
11909471
108941973
433852867
422909084
408685509
592487173
681765469
