309082883
47286509
772845997
148582619
271151773
144618527
438193477
171030292
403543038
747568473
379564238
101803023
17690
367826340
134519973
647988437
289164033
352464591
296740525
716213026
544168988
480487990
676118748
128155798
129663362
741028841
511781819
471532211
343089710
45230156
245849519
735428913
512497218
438182118
405381253
753747943
774463602
541600896
473249112
343224910
542650658
82034796
452438320
331284974
107908535
66302468
696690958
287712132
402190436
205545162
428100192
573446879
175781340
38577619
568713927
378359948
706692114
380003989
771201613
58688682
383225704
70260628
398555641
157418585
474822716
288219222
11303547
277331409
497561804
78499945
86219099
654017108
756402263
562839212
268803320
427800473
122856403
237010007
448480315
685195080
268716339
711061306
685134222
679059351
555312318
535215789
611311285
530493551
19224145
395676753
120920954
582571549
663959205
695187396
87513274
532319553
76964772
316061441
398651784
249339467
394426909
253988345
347330610
186170390
492049517
248628409
732599964
768225065
88376862
452325666
237993903
698249533
705581026
174385604
548714374
234416238
579564948
337617448
279212781
689441967
34813361
576289339
438751620
361471491
347276736
606004862
631620156
471880773
444747320
616859481
31560551
609
389213072
344116490
724589518
73958878
252055814
486215736
491029737
650838022
3
646738226
11929686
24157796
750526560
398876191
398850979
694909996
451870717
354841935
475700094
460797376
18086106
504129935
439290108
214079070
27129639
508032010
104188483
502976935
728638180
184969672
53190365
153388681
308276207
281852701
46526630
530872164
349962489
527735378
667677584
746457811
547304877
353532179
253712761
83265988
172850134
611313555
420666680
567419593
439693475
523903175
566424965
364967590
532028392
203881663
116452075
580224386
725834262
666964451
105921013
118490737
417969245
643338000
574066256
465817217
453464462
296446883
144074044
347712303
624203636
422301625
197330
554580166
357983418
600107109
5
463805870
389852131
725295567
465610175
39772059
50011205
591989580
656346648
266374346
171685884
102847119
250374265
224916033
581425042
564495455
473775494
448175589
146397372
455200510
396638826
629694183
698057583
507531552
118474737
121257750
433648477
30788951
372714813
474770201
263374960
130784944
731215944
649032163
252463552
635715131
12372104
261688313
391151051
172202061
378002946
301653462
670007540
554080251
739855044
345320825
647351801
173279095
38713630
332176074
34990728
522835483
126012954
685840093
292744797
566259552
605914993
211161448
55891945
150420740
771235219
696484760
78516800
448970521
604988106
250189272
118886478
395801643
634962891
693951560
259405662
400666205
562068926
748849894
134899148
622640530
751727725
41923245
706540482
146266699
112739899
772664377
137222087
338905992
156210145
372075147
717193713
294026435
731600516
257104168
501346520
229038753
739221119
210029319
330799527
552375278
200897232
244912093
392633741
311435468
457610768
449410802
148009796
545042620
414756976
525942568
349719504
158642021
509330023
736260691
841845
630274951
251031006
140674986
410712261
490136777
534714808
695629470
160889968
509316710
776970350
16840938
384063297
126533103
58220819
320304439
300410026
652301655
260594406
453704082
143
573680323
279243053
515119752
691623631
372923363
452193013
292364398
252071243
745430265
252895971
762673154
639806239
161142721
607603787
181233544
405129909
425354774
436170314
4270197
386688515
759027908
72535722
464072791
191506707
323210031
760834372
107987321
306106030
531615786
47946226
527754221
397123546
738935945
408150590
320318632
300341921
319640083
52801931
524405969
688170828
188374800
79477465
59212117
258251845
455716870
608871917
591506909
442329364
417426619
545081541
478739647
96177497
523241082
602921726
220246763
620607855
15906798
624597319
101304151
690442839
78260972
539201739
584615297
730632840
312923988
768457296
582913313
200354396
488264018
719018858
104769410
148478580
564489034
541836509
446322211
291920013
152694700
338913603
153531298
533215305
253941627
149422952
205688034
91816744
218383277
531162085
29649607
598456963
290889197
500402766
604859439
517811420
730365530
288352519
186958926
384859427
341580275
693564390
692571383
668117656
608983889
449963506
56922529
20972808
16073747
124104672
513100163
584134003
283146865
163748994
357895575
155040563
511580364
759713780
645801567
62934083
381024649
709672383
490411216
314477657
621972269
274939249
591727307
339547739
112265209
444611295
73892808
87098711
137038298
617466458
614575140
305801760
332801906
426693578
414790927
771527426
21239276
86685333
278829756
515682653
415611861
311953670
528619992
616335846
444989848
153798426
185242806
60643808
357135388
1064245
633927795
453232776
497703228
492373489
36733111
455462452
95482074
297575280
567067067
519135351
152801603
655325787
100033848
187561179
399850303
264241681
151567735
530483126
132926214
12826389
278895882
753830123
342922192
442316481
730637442
365756892
299843194
22559763
358192109
106850882
91699372
43794386
297443387
704974214
169571723
369371284
573768546
370491142
308174033
567097152
316073236
15649697
189206261
43354486
345463756
269057143
123439844
636964881
602726323
280105280
586856419
584837164
313253790
230121807
731688465
30166508
264675640
63975159
83145299
200563745
741545737
681434906
86
370836494
178496190
16140281
656242238
108164793
470356671
188566081
575145525
579765026
463086884
89897089
331563058
476230190
9227464
261268108
469250346
609868252
199830874
357106736
670638373
530321048
724515945
474131290
145086805
146036265
203913091
593416821
712552014
742161874
39125267
200159806
392641054
13732669
587854229
17222204
586893281
602450574
83690009
248688714
152866348
411518340
516781720
260875877
542061030
331723505
663732263
129975122
477640705
741892150
712478970
307971503
230765450
614511128
99336597
348941747
312900763
70360959
486131517
530328155
178321603
340333742
592056475
576402108
454851293
732468351
370683356
602347250
696602626
265781326
4001945
131253311
575503333
352471385
329996674
21196228
603344763
9410327
251879794
695415155
196368780
265424042
470387511
156567077
540310521
575573295
131131483
210652180
581310320
230872192
355412164
454634861
355478748
226054798
68404161
667818944
356665003
262120352
132518894
334336386
678779626
112662232
527637206
785361
635512723
757738611
438031776
757394402
463398336
372006804
332312954
307056077
19666552
616891331
10721491
645966070
514924744
742312447
625821516
646918178
365880585
546430295
698262830
83426462
157398126
189051858
126161690
697635555
177823708
550258310
763481976
49175448
748705811
206844771
660009939
714316655
28906995
495988352
504991679
283573164
168244874
714420722
179405310
491742412
664438299
382623427
393967681
154972759
193514356
566421565
562528674
461576087
462820465
178236299
66207826
716650016
53733470
114397061
424233411
131988632
254616106
34
552735055
629959309
714692667
416644842
348735636
364866258
11242648
682559495
516962602
731123688
189038054
486071791
393828019
21458695
491285372
148899174
338761323
289565166
260573098
574082281
235661800
112142886
494186010
362735124
322618920
302976027
686805048
365661217
604262184
153745412
693010252
228176663
667581495
586545461
288266074
608940852
345555136
191234813
314474984
426004952
585957137
689031523
609610449
148192878
435094262
622137350
656237385
79134849
398007254
612758344
28862810
459175048
705859260
86745885
468129545
386972919
648741968
110058508
776718128
86979456
544353362
461012694
165340902
576588681
202058370
53499600
503125326
619112843
687647469
210958572
392410549
501883666
203105163
38292384
368927255
557676980
727548383
165268517
82506453
13330351
87535322
270534083
463301404
224624712
552080816
634043043
618834221
563539334
770004296
166356677
613894222
332483460
318500550
415955352
375221105
74197037
344790253
119911229
719705450
30359763
155703222
313515535
486637059
513674426
383471143
530771877
113357629
499038211
157963438
34002235
627141409
611397203
453273652
361706240
446673174
306417514
431808223
535327216
78832585
639922022
560946813
777741986
382622071
586979065
698239807
254760420
150570245
627041099
215983067
178543619
109556105
431659139
47528662
417159917
134354937
203645744
465097929
679117269
84368814
119962063
684513676
440230975
394835871
221079907
721256357
581229131
512763444
522374889
160491324
185834732
596905518
473820839
352662906
305524854
370036544
332779417
269307900
663687737
287932484
53824983
653142372
389738466
114244938
698687810
90831210
292437519
27845573
439516743
176105308
731738979
128279344
407793189
240201851
35639130
187481516
241246294
75074130
468076876
2657854
144488584
525110600
52386993
62405628
440211477
509125069
760992750
63245952
66838852
695422989
694037206
579542299
403507916
271087659
495569626
260245780
240898573
154281798
680706863
9206980
691887450
288526176
681972684
475497825
741459667
303367895
609442429
405610933
767107054
102097637
75581520
586017946
206376182
358689760
2980709
543951183
393045059
641898140
517603097
482627728
209515436
490546319
319165786
439802364
183760042
623624054
735746356
85216016
418170117
12549503
610260498
365887618
411258233
525693311
65349018
42690508
461044678
97545681
515574267
149160802
341019570
339719802
565351652
596224031
246631446
267883946
297972929
736851664
460414423
155247445
738145588
482363116
480192513
127127580
578651912
395597406
768523515
777606024
242396401
691989462
26423405
398199737
308024157
383414916
754135
124129192
591837347
76960760
252808101
592877825
124213686
511833145
169868629
358959829
288076813
683178909
672755439
412109620
619440815
153734372
422726926
30290985
259261747
51136208
71938130
23037932
512835322
671312355
735635789
601251122
