438025520
620528423
749414389
257163809
767446875
653213356
317636708
775909408
775373433
661412457
644743066
616599368
284927755
230692117
668357756
194973431
368656393
683988565
81112437
311826402
218393155
411074012
603080026
122854448
157270713
496040063
38223802
290942657
475344700
460847735
392355313
564309904
260457754
52685603
420953855
706290488
593993186
10300412
12
63235040
517004802
129031896
737856396
529647843
345337619
507169140
583710821
711071194
449698957
766355683
354611996
208033018
9399723
199590256
251594810
334085669
594608694
88387120
126724529
327553431
768389328
359568138
777351051
175339550
626177477
366280609
34081914
429683078
518639527
170828631
73969796
18002038
262523727
756585705
403750407
144960591
351809342
165901550
217005929
320165765
483937726
502279086
484765426
766203465
699795298
774945372
593196963
29046474
715629162
697583759
18990543
135927115
95269368
8438061
255313264
702108991
68936252
772240761
186819790
270336801
145318486
350171754
91179882
357686741
461630512
347687272
54
532258801
450945614
254447497
229824202
17785803
355293987
391485875
644557541
466220999
434182851
691656102
2792054
366688505
343520311
135269270
291189291
644353887
29740434
321874164
21
697462221
182239582
567793651
433118027
339210652
133114282
629366792
373206667
772123077
291995093
579175312
457710084
249004534
732803478
347028875
299765132
3524576
133336102
354870589
226174184
336388302
339210639
218541146
483507364
369199892
732004895
197453767
109420441
327707600
237700094
608635018
153182882
551367395
45206923
195260595
68
694378675
359294625
627917334
95729679
225
767912982
100183242
245981845
730825492
95426749
357714387
148984856
447782975
489479253
51662987
157031512
321459397
176823196
226196368
183341648
765787623
427488653
262732562
12564772
383273973
283256980
28426875
270045216
155468971
514311123
570668955
414255338
336359666
298778366
347523294
339507530
453778223
369301334
10925
223744640
645497779
731713734
50
4546367
130143586
71315188
344655454
609427948
639240944
609412165
486148333
534951500
201679203
346059916
469371415
180799804
205469737
687383727
132805124
718198706
60660861
774945424
553375663
626113380
36650977
495121507
506478653
433979786
23082633
579614143
708003243
669507069
313286166
510930300
451703669
723368429
659398012
749224062
768355241
221988995
688261574
341678078
292710620
381910626
400356361
8
146635941
402504338
751807752
152416367
684168535
708034105
589315181
140483963
177929319
413070502
17708
579767874
854303
710414219
681034606
747298444
729228019
203918732
735226083
648756356
168469056
500028606
432132271
626011613
488009686
309797648
282233139
189130615
306525743
448107252
302556387
761522443
690544340
581658
473645332
739816441
198981751
422150124
618128173
244594319
49095459
762912517
186578530
594003799
382220652
452045495
672447601
394780904
631753368
634673952
317958417
232309243
675498109
759430827
488160767
296759859
312489984
165573818
5315616
559568639
714570194
527260664
319205765
34
598921374
79892313
36382062
597624221
418630219
408230893
534252553
173242327
758675484
289578343
702873128
704543783
326364120
343415382
489364006
178541509
328874777
52
58027813
215006801
747301521
417406503
458412737
232940638
325550318
34
229995701
350828788
456129501
719605813
742454170
222201919
184544860
71563576
705615518
144514897
571181694
516927738
354566376
498254438
482983341
347232027
464883555
342594615
393219088
417486398
548877279
562528674
187174722
504923907
75022
417260746
131530769
141174848
654893999
575174053
109199556
141370932
236795871
143020215
364324291
583729434
313656792
588851736
232312644
598209307
13
600866222
774945422
34
705014662
192971032
263908
612579873
435022360
444628376
142423664
318034921
564309444
640202717
62298846
574686253
153428839
285033462
648814887
141710759
501050243
343454281
145459854
227822073
563746670
518865559
516991076
109442770
121296537
669003691
753108169
550197518
698746776
244995574
737668688
90566424
645487611
86155444
560390157
148984853
192820689
562711450
222489383
617563079
16840946
380319441
313230780
618720708
3
229891615
318539987
608345182
707308768
520556794
459046999
662175402
34
196307935
678400387
51401995
103107665
577468448
21
696213453
621873981
120090786
327630374
575476199
213604395
5740310
506191223
698951443
480950745
68252078
711370437
665083927
440096472
538428430
565403388
1295905
455405744
631003776
433448069
336857322
574080864
568284691
242389739
86287904
390185678
38145953
206770359
304242089
36158724
137218178
51051583
137033958
100460352
140920280
1597
437489706
266100431
10097802
391656650
246706077
227166778
419479803
390307124
562195047
760256629
19
209256804
743107615
512180467
480821657
468375538
16
221137764
218459760
241241637
194326206
257986571
563206009
775764717
46347
698065126
475775052
330690014
41348346
74355095
64113337
253825433
420866522
757191103
566455271
407628955
67980085
569407729
746407525
27502481
419399298
505253926
673832238
461630459
583442262
651321321
721775195
430722715
102574730
264468277
235678718
698053436
210699845
160495640
238405774
354015120
694113119
277056980
703682977
56565176
270446424
152932528
1589
544265145
455490957
177802363
327697081
464806451
162743200
86187197
586388208
279661935
226113631
477646686
44722792
255328470
29
109769472
94999575
586497601
225
676010621
55
618445445
509362626
594701567
329703781
121550788
132894152
214062798
202047853
513044082
651064723
224872334
138399261
12
76
450496294
13689382
723848254
410970476
462869030
712028375
250879677
748405933
243772226
589513098
326364332
154286816
309312556
701406149
50
147107388
324335229
497995089
466251930
263588208
723019426
380300508
65537584
716842106
449485132
3
709628483
1530558
363147649
84834890
271821813
690395383
98276152
234107680
751374762
379026075
12147380
127735534
196363
308681091
140090282
531941111
210262568
539906408
389538967
480754329
52020700
128937550
385376808
361236227
580950148
221467417
544776530
125103378
480832261
105001980
521634392
753681782
34254679
298156430
296923783
301598350
420842142
636575232
110191947
162410326
572796875
421644434
28656
724301792
582966789
381850634
606304773
354377769
639416165
226324463
593258958
446477985
120525543
175942822
600550967
34
299193808
354885428
269055412
445496626
242069894
142241414
666443935
436435909
84050425
141823964
358814970
42
619642405
766827565
156276467
329786110
32
287212105
262212075
134332698
320961742
198569986
220505144
601876734
143048872
644878034
97570133
454392693
185636290
714348029
532258827
324743810
89701300
298157056
173242325
594674444
144817287
475007234
226497967
165580107
194913926
536351198
681243641
446945789
719103761
2571
729863156
692334332
702509772
346659673
85165411
141984585
113014817
774485399
309445634
323799662
500577581
513375643
76968609
225752489
137507115
77805283
284347967
114057089
88750748
288998959
113212719
185305653
556263804
83135193
42820066
570797642
275003398
296510782
464430470
162410344
122438315
185006478
597380114
54
644441821
609490564
196498839
453496695
559790150
382402270
384551391
562087226
141490762
133585038
613753925
57434578
751269848
492873947
541456008
175264838
532258833
185037606
53781728
177176022
24407229
510355043
211475271
117742593
581322437
33948107
320520943
496606340
510232767
596226300
292507163
143048864
712743173
443020051
617390799
378826006
74970
754331110
335083303
4319719
242942825
745983593
671453370
199932846
479022548
709983043
113241410
489185010
29216295
772073306
86
745821244
443932345
91294390
685104535
317458755
414224802
50
133127008
11
219544699
399147202
696979120
14263969
520556774
360200241
731588593
419659174
29060616
91273423
435734751
248890303
574397363
62953103
659398722
39358035
520127823
465428464
24734328
182575885
479568751
737288737
499186067
373384914
219698197
610239518
591919995
570366383
101653987
487439018
718215457
514266606
353045569
335468492
166167340
168990310
587429163
521579726
432737220
189867199
340551799
276610877
383273919
757752395
244347575
517838239
381967409
736931376
517556058
308542460
720484753
395786036
88394888
6
728949299
506324688
753746373
31356536
665571933
712858061
721221401
168854600
57405718
150399216
392961509
140245028
83748778
165877192
758643025
606536765
168146127
22363603
32
356423413
547641551
409370339
47
349124680
411426102
559636985
489184741
660021059
333679466
629616979
123572291
487358336
604754605
180020299
333655802
600302856
509168594
27543736
352760520
521421960
90988042
219407916
648249000
708168828
601953137
280604875
364
701428359
99654475
437742051
475617495
229930773
340590444
27551656
437613226
562774621
729343084
586913713
227963568
190015718
746083019
287584397
626916642
172093213
595729020
257400023
724366867
141984580
332796240
418092140
227608747
12133353
400837917
61658900
298827927
681145647
453782123
167285028
1
91425499
39088168
171383367
654779268
539548260
571827229
117938998
43898124
260134107
201966961
151178283
129923649
443177091
757948437
681156114
697595547
324316449
30958717
251493801
87973411
684611626
532478554
106333505
266365339
552330817
562666272
424179327
627794230
63834833
657481940
688051347
93858078
350711914
279171423
529111114
108590721
55297285
361510606
296553487
357117682
256628509
471131100
310377159
153769832
98446695
356
717752675
3
544530182
567132634
639360305
261731990
50284830
509720682
130316809
220208162
73078178
547348815
479066708
759161469
643018461
88815163
595101805
48162000
63245978
528304706
591606375
410417003
3
180428033
