296767348
113656442
341143747
279728038
22197695
721406728
582006185
387799875
679611665
511188638
178156318
623845777
322390139
554970474
250494123
390999623
83898967
534946044
367404486
312076842
491277323
284523014
500928431
717421056
342647052
683140767
521303731
775641055
435659759
267914283
378100101
266958208
135511388
191671946
329984145
348905537
446845288
316832519
165234715
239350322
246534515
16523761
127985696
266756421
11723555
305680856
312159250
267914262
225764087
591421607
362810079
178468670
22506990
238511529
177048531
766193482
211056697
41873518
341002781
54
774308260
633778404
595694176
157918464
328643628
745551884
298778382
744467570
466006645
490634344
478543437
16
48810919
629512268
353590080
501106028
727109916
117776998
495971360
440795143
294382204
765957345
682056967
759067155
2178275
699324244
50210404
87
734246975
519723750
374903159
532427047
6764
76
298778379
748690689
674284877
218835238
153654701
718262618
689269772
588950879
536178379
476374662
182086381
176645441
722524771
615482790
285033464
701029960
107503602
698820841
8
33940457
282317125
6751921
403447023
164017943
662180092
630799009
225752490
411640656
551664624
158427645
234445200
681785966
336377802
466845286
464715433
256978145
507037561
109839200
140184542
191506628
311750672
228155916
6
299299349
394921449
169081649
177626567
117938956
73472148
47920667
243903622
667935571
148984827
544610640
754386140
558667627
186125191
516738939
420809762
723740978
218633033
615708052
661919512
247584142
255905477
171782483
26212672
217651758
295198862
495558188
371118992
605923056
48617408
350350712
590455999
443095459
458821778
24067181
666557541
194588502
104226331
401260109
410397059
691887154
95350451
136908392
590088374
503858702
519317056
369993389
377056828
102334121
695561799
692751358
729034637
272327366
44809577
655121800
149251288
467643333
248124927
35355163
767242587
234418658
703683349
506213476
721406730
197275169
575361955
463891993
680962809
6731
418650434
177840536
686936171
161624210
2160598
445274519
314497563
445214916
69381570
26166907
561296596
83230163
36183216
159821546
52791351
220445327
744187284
239298508
463218339
124742398
277539878
43742387
461769767
754605970
334363300
2
340754042
368505977
772476780
652815629
511012797
31125754
730812975
142911205
592867967
306443616
228155970
444949704
503978107
503804703
113162397
192700890
96835325
356428567
113667761
552073088
612986280
570947451
567925601
520521808
13
697761744
676447596
459572315
441793937
193966074
198762915
699790812
578292070
501158554
82391286
299123353
546765321
509910414
76304264
180028862
481842085
730407352
140722259
532452334
523328043
138289459
641468977
81950979
271787399
763735741
511139206
431215811
270276495
547915559
343898876
33
764855891
85228092
280043502
698284294
118734929
739719072
347754629
617840145
546089781
271808175
225
593157127
561351839
178238251
337044290
726943231
13955120
654510915
739288727
277642762
754302722
713115799
185606119
112834254
751970187
775613084
67056083
33
475960351
239216001
317790
301164768
494521460
589639128
88394888
165580140
63257618
383805810
230876653
683004223
267914294
730145892
143747796
271025593
367622648
719169070
357135372
357135359
203779068
476717888
86
317808
1596
297827591
76561205
252812485
671831156
426559609
357135380
409610740
363430354
75350696
770704145
524172544
451868660
508349559
89323352
356549750
501123883
45067292
306607226
454954070
309867769
383207165
270168383
632595838
326364332
421541530
730675100
6
274783145
378788135
24478909
588783244
471116515
274129004
435286915
305328865
278687678
170588914
255359351
342105623
13
400825704
464283340
700822981
200218928
638280066
501819142
542008684
659043201
323366710
205113862
719365478
165037403
716611805
662571473
185581392
715703844
203771258
3256184
317402521
243726173
533493311
354362140
664197412
631556298
584583970
301189622
323734478
723719174
477800542
266813381
625246001
348687770
695668507
9135814
326174746
215852836
159265830
134350558
241413251
236099363
1346261
387744922
428609581
773327885
311888765
744585763
378947876
718192944
37527362
363430307
720163009
192308240
61543072
317951869
614402077
587712352
160997960
755078072
664232056
707317130
190989134
42445056
228182795
563243410
227194919
305919873
676170319
450717300
528037596
765771326
184234643
653441988
652167992
607
83594490
738052236
617544382
605848333
108115891
200995408
727336982
545904444
260900649
369115765
563681256
246412605
5702832
255213310
475612338
146626000
248422853
608537367
393807213
266300325
136333585
466534050
272763453
312009750
662470185
350454505
325162341
336388315
277800471
449865276
552223153
442706846
128207900
518829487
204456387
494526851
602984332
452741926
374246905
478547610
97846430
423546272
450186240
418156807
693428991
51556071
654679975
715940198
31416602
665758877
23533548
728362038
289229202
54
417230486
450585250
68552917
499059750
552647574
430151147
677512003
461279773
388252215
515538913
609755458
56578971
729957893
32593480
457461986
545283660
122257033
46368
40133833
248835016
89034260
393676276
205442698
224611004
647648538
50
721374297
6
87
467861
305354667
736005400
347340627
726601405
111773801
609974568
443962261
380776474
438646603
498862371
28655
747619493
503575450
439409549
463351491
678547387
318312698
734642622
625758940
17936591
11
299928691
492401157
280909692
365209640
149400472
331463530
212095790
347227931
769766744
571666961
132738036
729920658
71062035
340442417
578212765
212881246
435634954
509414247
245022905
681188772
725139935
488291547
449594670
774744433
498483678
205297757
26
132115908
383311862
331572438
190716065
244743354
14811063
428415063
491940404
37646261
250670485
289335435
335202697
147099028
243628435
682366932
224505783
332910519
127771791
526884373
164690219
460829570
47805128
403788126
307716937
218398577
414817162
511900320
11432211
650665419
63245973
376001736
600805274
647614877
144174176
682843483
231693878
536764088
512726865
150570191
475027132
730728567
557281000
491737169
5702853
556658165
726054772
275108291
163708639
22069821
300395163
21097294
649670253
704183173
388173809
593196968
735418727
137828949
140015641
641007413
329007899
376209165
88652546
684161929
509131773
102961218
457512648
68
215605870
4147
280615384
85358672
673412115
56504085
196419254
236917659
302782122
618922901
706220017
172369852
74214329
175112474
814329
329506110
444529984
101712313
101019452
16
97185688
158004966
436596469
448186624
216969778
554628254
211167011
141823969
376605655
262218854
409170838
528264638
386088885
325043892
576741176
228253666
612217366
102334150
214587077
626665416
339210665
322418720
46150578
12862053
346989466
67819962
299872702
12035789
335487013
122378371
309669761
76
46179965
475217889
434789266
183333671
113270897
197318517
489184752
143380604
516738991
650372724
193647902
404209808
141578804
73248756
469194721
161576919
397476858
690443058
133652651
21658
444240044
15756775
233208051
313648690
94855919
632565356
496722300
710166078
99992846
476980669
514590079
680920260
249041906
744894910
765318635
652917938
734414311
118229384
207486152
252837020
194541693
654791311
313735563
88
568500804
762620357
357693503
327179428
453450588
407504152
664554843
17403220
404533575
213568382
100029581
130674717
292570102
27926952
713883973
198562617
233762339
574567118
2689618
258019676
97305446
222488045
283646496
5689175
44183747
37406462
560664110
318493653
455609935
669954283
2571
342461428
392630607
242886202
468777104
675815227
641724139
556193256
491001467
429468392
249186581
690492158
510429085
463197069
236642272
658452594
563624675
453583098
754386124
120867826
427341624
265754571
262268729
408274785
512303928
672604015
515719332
351373445
102806619
62248587
668753599
213370016
205272904
717850344
324947133
448872124
561490908
300401284
376175983
440630475
121181307
26218976
296213418
186229851
258846953
475518038
24157812
194446761
454192679
100505757
77682707
586190077
765117221
207190180
487339338
769072186
323177510
131613448
565058336
984
137401187
155955170
143459291
15566867
48725857
718938060
222006961
237619954
440692628
61211478
694620943
244604371
99653711
213952624
475587456
184647333
693957414
721445254
81811877
2547881
189488353
193745153
723563682
305724748
326891770
757564478
757736775
644849565
660336941
351390873
527118086
602594915
523973802
435875632
213374765
162863289
317572770
160567319
161699431
8967208
122034399
172937364
245976243
521693977
249902726
315863336
227250910
97157243
728963403
321149285
310848839
556496495
90271480
296865542
480727451
143799341
412053457
604696362
144872305
231544882
199779452
508506659
615469664
479543225
31746151
210004911
571984429
541205691
620778505
423145865
443605351
740722626
631199357
741854117
52
761498
593544416
117490910
18
444923847
259380059
489184699
661357548
548101444
1594
311653033
319064140
232167746
563048029
88750802
25717360
223126988
67794635
2
366794139
50351296
499865043
197172279
267914293
594854817
615344005
240066648
143371284
1
438449103
62183357
383273940
616226789
357693504
546027291
134767066
760053779
42087633
161309864
256342858
739415304
199374529
31
689848979
333565918
555142570
127591812
10568099
398272695
352683245
703069745
446572518
51270295
668109889
273763209
669011226
191566337
284974707
504390495
765105292
431001285
555408202
161504311
569684603
455833588
22006875
255445089
500308886
287650495
450272621
381207375
681084379
273485040
123995184
754181293
178602324
392241625
562435552
572677143
467120150
569468868
552735171
223579430
548259337
187928689
