305921634
203834932
763475391
612643470
278598040
425677870
420920820
20
347649884
763928987
489184720
82149827
539360833
120219140
339210672
221323822
577841411
706606642
129882870
751477442
564154850
174195386
678377819
158050842
299183951
645357091
273357210
610789370
672278545
412001171
296537036
616820816
185987065
713964423
507464147
706822614
21
310230786
697304895
534744020
622360850
254044225
585037808
400020261
549556710
223067624
518569014
167399755
256900841
39627613
610677276
9227457
532412550
165186101
597251774
430448262
484834059
379044369
214125645
675743031
516738905
262771239
278068004
26
743831404
540992244
730411471
253187161
580236616
624164201
662619142
656095064
489184752
733356488
85631330
382933618
177351811
497555145
457614121
518179754
192945114
468328921
148788182
143282856
15120602
543551864
119091109
701014516
739830693
682251700
443853594
154499179
370030388
303753352
331726407
637593931
144335480
36941440
241720771
175626737
391640530
771237886
218384858
661086216
530769086
183693165
207405328
316529706
583244065
8958869
46623633
334735615
249219952
684223115
269065972
499026541
473733062
706327427
106047212
419113672
253143015
77118356
674642453
712028311
507996205
157361188
186573370
577733351
713981671
480643773
725834901
294481956
138990025
200240522
615449114
87251167
557337474
745746867
352104384
661954753
242839346
479432294
763949433
754590531
320975888
574094054
16
765745177
124725479
251651545
520677200
646527153
191963465
598692473
445674195
289684805
708150203
296318564
39701838
608171691
267178241
718493316
724261187
264401087
368353152
594582733
481808124
77675693
107353727
80444467
312349201
717785925
616467927
623541788
558515915
32830263
504727497
493216635
274354637
64631592
577362569
766060201
644355455
743757782
95386379
705799438
604262674
280271185
23282851
573135887
595416514
204895603
46347
493143348
126791598
251420815
349384297
513601256
754997493
16
738625348
610072707
731058473
709421682
8015270
25032411
1059605
757563859
68
128038223
737668708
60842242
278011797
150427420
425903084
769682103
733825686
58573623
263507591
585358027
237350406
268693300
284119931
10408659
430433614
281243284
676900242
365126759
100201554
745243683
488760079
643420584
656089595
647485493
74596034
539642704
687291541
614133833
142291004
455808908
148980680
23328921
7826879
38928829
245203367
6
41456766
713115794
107480321
125823032
121626400
332284299
44648139
708740619
1600580
77456992
41650404
81965877
24250882
669954294
263863455
80620019
673478364
176317926
85310791
232979823
20207980
417922932
514445901
320226996
443222393
250879685
731674083
244959971
529679989
630352887
527274127
132436571
26
285829582
355385679
247485096
313042987
743011845
176128074
421058948
237673840
483784824
253371485
768327430
12035700
759064043
406810588
705610134
520103848
323547719
316754372
491521048
428082334
467393833
745245788
285412285
230153742
306331420
439695698
268526930
761575843
301385665
713147089
417205969
483829033
432234258
731633694
746886304
47
683609444
715327422
119358982
52724410
587233242
12035789
663889540
21952362
47
428082329
557720662
47693940
549372758
40095597
208732464
170100679
428502136
111820657
247954154
25893870
307714853
91839399
63245984
77447267
758438700
355968844
671592222
139
463550467
606249918
182177732
4160
495520737
564806760
431913441
10
308528422
618320792
143048867
306619116
383563242
101633359
255770850
275347940
235887558
203771748
289892669
529193654
142940490
632157925
188650794
626541792
227312665
548309306
434230108
16
643690828
762646003
283926570
476523025
632197465
466160376
89300853
187127632
349885136
277251771
19
689927022
541097131
682057395
193102941
609386306
719235173
749101526
333958673
363047899
18697976
153881237
287466890
78135428
347605946
186338380
441188557
114836895
643954662
739457144
287756996
194384152
152131903
292997643
705221624
228755436
703683299
153073109
149383902
360248190
545967608
623486788
189742469
590401811
620133401
661813217
336669031
381217831
355958489
478017916
497219477
394517562
648101716
499713750
694293853
760765920
49876024
772890120
309189551
143048859
748011898
66918362
240826653
234194191
547592885
231795220
405510734
382441934
453379088
498990581
362413850
249977578
20164571
449598880
400031441
719080759
693305298
126155114
549180321
504141487
214696413
13782683
141193776
650145485
662862617
599551488
412436480
537121177
12109553
509537232
74991
330852377
136038055
727258143
181850167
144255451
772167038
512335048
705406716
463214294
405256518
263649535
362193315
540803741
127649491
756411605
530475199
470421942
24585475
16750598
234238313
161235135
270916522
546686961
511286975
71361201
35895292
644572110
59206088
594131137
1064276
316358912
501595678
661579749
424714851
389074724
328845647
143090493
118443995
343101930
478015855
365006914
679639284
459176706
494571685
389544888
264056629
225752491
621181093
222010370
164795458
357135338
238532108
362644249
40722787
543618206
640992873
454673918
607474352
776257383
511465861
408711212
310527135
777392001
427758361
25827493
442503648
703087186
159184191
166883768
17679948
698345061
52288547
502414241
136820107
204059278
129593678
574780917
739185090
545891316
593933581
773924269
531379328
257666734
405474932
239489242
32
246012663
262308215
386788381
320980145
318540019
627097238
338286545
112773146
5
7288634
291975200
433494429
466135792
306731256
106908296
363495142
634565706
160539123
286008584
392372590
734706094
543478651
776306813
533957622
178809164
714689276
701869124
687427247
90468637
75017
678637835
404644343
347332071
674716271
460579120
569582537
755795421
3
768223605
92875483
710849902
477381494
14733934
11078974
532478548
117622334
530419096
42590366
547229853
92168191
135705492
183219338
395549302
510088864
248239558
441011266
659397003
358915142
672193106
224439181
193845839
766203933
775794551
496176858
768976788
121283534
756525442
675476290
80499960
579256932
24451100
562882058
630761854
256144262
722553248
384564642
178378266
464640883
653940945
632556643
281079608
662561028
435104884
413915893
420706727
681105155
182543712
703973631
650015384
282786954
667565213
581220303
773692410
154240415
663588237
759353919
702384710
664427703
26
447084939
706199887
480237169
403158737
586047142
60568275
95025304
54320371
584647039
772762994
186354733
547853362
317228973
394676214
174475293
365438443
89285657
531950499
732790665
721935945
198401370
148984840
90028117
54
93930077
601205537
31
592416377
521341114
378674011
255586523
463676307
345505418
158090076
289858086
671988592
330071699
84606608
286810085
174289152
465625303
103737383
197061582
674029368
513979893
45204347
16840943
32
776352589
214819651
679482379
769689263
228474282
741001622
306591518
157031566
202305107
9227462
362613930
485784149
732917229
639449551
642093730
603659569
539646969
637911734
254044225
204241790
660267164
211281752
529659124
631354752
441247227
94486526
641054426
133744548
262597446
31655065
407739907
562528674
317619051
585169535
541677045
393339218
523584232
484481890
632626605
148689050
477525953
432124929
437527778
363340795
692066680
358805841
221585000
221032560
465924041
772238496
25212496
258609946
699404483
499278685
266174677
328106141
583290846
205171483
532773496
553934638
285033462
381591684
234102215
622137044
279028211
665470083
580410371
250873332
171499445
154706033
317066624
88186467
149127973
537753383
297248336
32532028
642860693
775518642
234261505
335328664
199927695
119797825
661410990
570232154
86053747
235665315
350176454
662208748
594366164
679485298
211195177
227694587
243856366
760318943
541838197
196397
668971328
119910256
772586279
106167644
698122394
617563086
691647489
318696338
631862066
473984636
488891286
515228239
58787056
616206627
243469057
703683353
265328942
52
560494304
466656098
646473080
495211596
694414815
516285504
278893847
618756379
194354837
671574881
284394880
90871128
87105597
273588576
566983636
129942091
143048851
498691906
157554083
141874427
285033431
702070702
511135922
529855193
138431725
475236042
601452171
156660924
63890509
200996541
267494505
496017819
465562006
100895945
604176769
761476530
45349721
641210393
243910009
493296768
169073157
121385
763067433
744333711
279239442
359563851
87402210
365591413
76110293
614736381
86331333
37369184
376633615
11
454784159
358410968
643368204
549305085
344655444
539646936
293370279
28652
163063730
509022764
718471492
498483649
507039420
753521536
278902217
303290060
463314817
289684792
381514519
514224
551117782
609735711
688322551
609806325
103902343
375875669
318125346
218203343
725846401
247361485
542108073
319622595
233819168
10818100
323693275
130020622
228153387
284922422
3
497894180
457680170
112664500
268087425
32
255085671
36727730
532937481
541147626
381096120
94983557
27829332
231225486
334967252
565538129
727097238
419426912
586036667
460869588
342512625
283835436
135703465
368383540
142734340
774945424
635629621
378371175
664235746
658056322
93984673
285263399
469105843
623834115
195911141
47940638
596347369
152402335
610633995
291277772
423548589
56383256
750251526
88
369599661
277934854
186090318
258975432
292149295
303594206
38267325
739784380
631838659
91490831
576661692
489017554
494927203
764003765
433651855
182131825
641613184
495045906
355532261
618157821
146289753
544938995
392356942
592185590
227764095
451212834
353129238
272165884
58656416
533059234
570439962
17249487
10938
569355376
462776612
417782763
320239690
561658499
328898357
75421108
445871759
672578646
146698551
161826258
149794580
33721608
383273972
291831808
693026103
284225016
489109729
369266869
279940511
717892728
482051267
