14292184
544944895
39088167
164132278
347266674
485733545
515553484
615286400
105420143
336388318
174489193
265209267
29
675932079
646468667
426603449
374355361
108986682
626654965
660281573
4492460
601532805
694590939
444654674
39119198
412547660
120832078
79171110
520004243
728140028
667977000
254983319
673412700
455702630
686061339
408637207
321943351
287859644
727296889
220136188
99515353
306575934
485286552
627287127
139151568
492514086
489540722
30855958
158731370
729878115
167581067
298778332
5985267
570410321
234536681
520222991
714765181
358901014
155177236
633069718
100981034
63245981
85862485
363560643
52950532
687035889
634227009
159267209
705386778
533102225
675932078
467019390
368738914
600081156
196090233
70006195
596404808
554088412
54
735460109
326960046
98217897
450536986
683475322
602553216
162410339
372077523
63473123
301715983
537934222
412610260
664570923
196363
346463808
542112412
405045186
421421000
320848889
68936236
677992377
454211566
618315069
599540506
72243935
282440093
242581949
216862438
471842134
210252091
44894442
576187137
741753654
126791616
458319125
7
22003026
126728459
289259394
767764447
334291460
244598204
52020700
132045014
81086181
86015596
451617920
183675361
312721509
10701760
227018883
121359
10933
677972685
114470716
551818626
653705680
601916107
379277354
445121102
702108983
518029225
3
713464208
691380048
105760434
596186187
733215401
146751414
163154758
335016975
691517398
501292967
336204778
567345607
427324448
218302273
448989721
569419690
546053846
669954295
244046835
414095397
397585326
70772261
47499937
65485691
162060590
323938194
76004951
687852080
229411212
251130492
21828518
241176656
79046795
5
646985279
208177082
694294435
208915934
707225182
553167496
527119115
206607688
117506928
626918629
206125168
598431414
688875587
705022847
114700925
63835685
591975868
704658204
21
413065074
412938717
10843062
210509530
595717995
675992779
356082633
7
460441500
536289210
661195151
285967300
329641202
351991393
288803170
101065156
239137020
125977829
759632750
651547393
62677634
699498936
187214821
99210699
546893921
345964131
720519321
492064631
345509098
715966249
670733959
385934279
600750478
538165552
184364339
214106111
667993076
237168616
749104142
206329132
740148673
681416369
557302713
86355493
198285929
394276065
553503756
268160702
250879656
78405032
481623467
770917161
426601734
548531662
383478526
764283516
232971620
287683162
257268438
393188582
486849089
1443408
180123501
129328077
2686018
569712503
583427432
130030524
365565532
270256119
348662328
698157376
732832530
90619881
610993594
640360516
621752142
702127534
580565686
564074245
246835808
68936252
146211622
1227747
394706806
386079368
578920975
278559348
764825314
195446618
618413726
593194688
259043366
347269984
65684899
693339658
325596309
538052212
590994323
409410668
262090794
700239866
363430360
151732917
46776675
104699556
308094845
562528641
274514110
102830206
3471160
532422040
107115310
157537856
580789126
732114221
149943111
351146207
55511186
568976839
357135338
729367669
182323486
500155932
657882596
360744381
428153902
701730548
228700242
382501588
581062794
286578815
667969137
724328632
147635366
462689063
138859189
662004593
342709850
551122598
269251232
29016641
613192906
375330023
482899347
220070658
1064245
199887012
14993860
6762
690250518
323338058
81988350
323549502
349462561
316020234
25617714
168218313
506967974
200960767
385899209
220
154560860
81427994
379809912
157655615
758644789
396714640
226062807
722730404
227647359
151891879
140279073
546753618
777731861
735230372
659803470
70680784
162875096
6764
615540827
9227464
348282001
188898004
372621044
724091389
120732377
744894964
10556319
27551656
40793398
3159
591975868
502099914
48335720
529744395
683217614
328874340
373510623
444920569
662208715
54639411
414002674
387864304
634191437
253510298
330893340
567536650
757408233
144777823
370193865
42522608
118494642
774480447
345214785
130490887
431029748
357202638
191060032
458552744
271301640
70327198
399841064
579369626
725458005
6762
3963040
106335108
593999065
460083052
343
12035836
461630493
594070515
209455227
105553667
701287340
122497621
93799484
370312250
192540499
437870982
251852606
628237334
750236292
638016520
383517216
204662481
318539987
236057479
179619420
198218333
700510125
271361701
1064274
492146923
476985195
18392802
104946761
187619314
396646585
679920785
421340679
536186307
51242044
747859987
288663118
154020289
526339745
446569094
543478659
95949360
492433552
364388019
484741674
267914283
748018354
655480030
530321672
197676932
310232328
423714130
271375719
559619705
555121807
461953957
720903434
163458635
653939550
660806899
339135648
563130063
426022915
241357348
464970306
319333118
348843914
543478651
387224486
602209710
102334100
637806963
11454623
102334142
194818565
28229574
716304869
3
176495509
331075231
562567111
46337060
288811183
408044978
143048869
346091435
56090774
146433502
380435018
266663391
142599489
395073172
46466974
456049975
125217771
120882489
563053511
344839158
518757584
2792096
357693472
229824195
144289667
545055850
141493553
76
102287787
666535177
404084114
664279930
27715824
449496897
438327868
391223453
32224646
41327303
539547591
349410367
750727568
506491639
579034853
701115440
60164939
370850569
453829640
481427045
269433681
41868855
48695977
331959164
73867107
705887228
736719132
29914880
55
225677467
157948873
274274101
152643487
450685499
369346159
222667853
110351565
662703150
156342763
641729519
693077638
157820182
124952080
388759279
228433344
111513358
767035775
381708322
397864468
298851359
593545872
343
774945419
141098033
566041572
359419279
656051566
684857925
63297677
409994596
347354345
737028252
741923261
592184453
373713378
319493702
639626681
749340920
317589292
332981463
354246164
5588850
553947594
226998286
478788703
53
773578356
285033410
700241508
675076094
525869766
220137875
203505312
142973847
654726112
189902163
691647455
673159124
336388289
651881639
267001747
702900451
62674226
346206964
181065875
98883656
324740773
98820098
461097098
469603876
10147328
191557544
48097101
86
164635913
278211533
696319901
773515264
402725569
743587846
417469902
317790
148667050
329856965
359689391
471458123
112469335
666722846
355204731
28655
140595509
514957936
556608082
533393612
105982618
381460307
327536289
378601410
106991958
196633769
499219247
716352283
606760077
524175672
714729470
319411795
447087186
530646845
49713763
498220324
498420296
742736809
687356535
542325376
68936249
54
357277677
764365209
685646584
302070062
511965472
1064224
205108214
220564255
141984585
343531801
622512052
670058683
30744090
145832295
182899405
162410344
299989716
563918790
664968962
302718878
680148833
568957113
316815964
226979197
357112465
513548778
281134635
607267939
738347514
170613611
380378187
652623713
651098371
101740244
436275766
40719332
371575577
744894963
39364621
515007539
4268267
568541430
371701831
127392585
668337627
576805213
707946100
87
746435327
599378925
68
487573706
176522052
243711061
361666282
301256779
237167380
603244194
357363994
202211969
397414038
398435178
167417606
593491399
644734823
750786233
730990491
722313824
11322337
535643647
645376955
31548602
130455350
237977324
160362550
344624946
252968961
706877685
227778619
742283032
726667053
708023602
308349830
181692417
307556382
250538096
54
532558884
135098975
169158572
358101378
690384880
338647733
529422362
50
251013959
260678101
701408720
157031533
54695495
723418823
151262811
322618072
604472672
769525208
411322879
514876682
495363244
776257409
55
228155966
382060449
440068403
603038186
478256459
532677770
195723707
102866199
2571
282203971
292881594
363430341
473025731
589376137
507972671
382082704
53859160
494750081
67660297
690726932
87
51645544
632775512
737655666
100491295
773169938
28652
630709105
603115964
300999496
592359057
192775014
319642622
459826738
418719248
513878271
339649902
748102805
554094474
106053382
432893522
619681817
17190334
715544204
55
701982658
24146092
321820671
503869944
58689285
360885315
329692361
3998502
52911137
13996767
5702882
217796609
679090249
662204568
80305544
616183704
308401298
408116112
776259523
20577975
381969992
330870993
206545090
158158287
442397063
358809396
10
720163004
522029674
677941235
337199930
45479320
329773432
745575027
442027090
461630511
574523721
3361692
664554812
376356918
162176566
131986758
306329346
219916955
153806807
558910611
517120918
184333880
384065833
176388626
420487250
710869907
174812507
363430328
352175445
220961312
438957093
555105976
133955080
582172951
500004332
503415935
745807936
750367250
307879562
518127003
360945338
355567452
613489965
52730315
637089520
201011754
409883224
602369605
286119298
275800171
582133938
527663767
565266700
507871381
306575985
34982788
339210670
502414756
267263808
213770390
635554960
145130889
250879656
311691842
369400493
607097285
201640729
2167363
681006534
659443714
211328173
703683333
288781475
710396213
639116408
21502875
680892667
251482876
165154163
388533062
716063914
383886398
495918668
193827563
354474695
103904081
450468118
194296083
609404734
324873952
633325898
105349546
118921089
12035810
124129522
173308627
156003670
675782622
378830925
142934348
236201931
409801668
537703016
356428579
509942917
241859245
623717414
27569751
658485743
207917426
695106980
577783617
399799314
700055493
468335980
417009574
623213921
90035548
388532581
97614223
224266409
12727064
749639964
255776635
70817800
359692507
1064278
726859629
27962100
407888118
278505515
506123144
723076104
697287220
77440047
679740866
374339962
536377635
566306548
415729002
258097487
169510386
