706138691
721216406
23575036
424493177
500155895
538909391
763610542
562440156
298307821
95404386
202282008
375096776
539781510
657779542
209573
108273348
141722939
686841416
770085578
680769969
481358563
600774917
391606605
199
502258721
61986891
160610572
187950521
483980461
412586400
431527926
211637888
363430354
444436675
501158426
51910506
554624992
139794669
502446107
447966050
119428343
377076209
291796923
494782139
542024743
532751282
66596052
335347999
433494429
162460822
39088161
443296642
681243463
79246642
456105255
305622143
664015890
358477456
758274728
574979004
118205166
632570996
754256880
535417213
90555059
464115796
682820677
522235310
198891437
545218049
674058582
229815878
537241593
218224757
394808153
689006208
570271644
368437618
55754666
277737355
496168681
413221378
236572967
72301658
190603356
537463377
652342779
162410347
188491212
679611663
54010681
86118080
86765939
108791138
72889265
372
600589758
500275157
583853854
172059350
357135385
450031207
513711721
331977159
523463019
557560183
67660329
81102990
630613375
29721072
544316035
237532413
720162928
562483843
536082976
746599700
280035021
400886277
655522996
559929001
356880779
220875341
660263553
351407248
459664866
473355091
581655646
102333168
149303924
127156435
16209070
435734753
351347512
239018238
90990041
267914296
54010734
622156578
387907181
81897548
22485927
264386752
597954743
549098595
517556061
364628417
727927836
185269808
79576919
117010193
251505968
2178308
135483417
49293456
596752370
656698923
399725759
347696645
709424911
662837262
355838439
58385013
457976563
484358818
463408794
550275634
160998176
393433954
39056330
448084934
696671715
754779646
127564660
430088955
390675112
282203594
476290763
618890895
489769393
3513632
15750698
687311931
434319511
621861936
183377867
56264999
564702824
606660957
119265754
339632528
669158551
111427864
305845832
493583029
472899282
366689417
56718959
62681492
105179909
449077620
429975436
390402890
655341979
13494411
426479605
5663790
44687021
155492836
759198738
27357822
299093299
302833295
451102483
80524215
34541044
75466342
148609007
437974662
358761767
433494436
418924026
141010088
569310395
97768221
77463455
473337216
12035831
12072435
663379016
249194986
713115768
268912269
249397813
473461028
630357122
514227
493333812
191857718
413523155
67265256
148984806
556709003
611531622
98759746
121509783
305399640
245334847
327289226
491137125
690179892
229343763
766442233
130235727
245127177
505341061
338991209
3
439202263
62485604
162535970
754649887
516402905
537928924
333369555
773291348
435781104
627738824
624848253
430646864
162603687
422621829
221607118
478833228
407697415
634388466
253743430
136041440
618612465
468802249
755708932
608954829
200462024
646104867
525161911
557969128
493359629
288253111
333565952
639958750
54149013
355540980
647174222
315015076
776036324
14930297
405283769
33
563784716
238150903
265132285
476528019
283981926
200500122
832037
505807484
141790765
27169256
89668558
687757395
640337449
136278179
621985230
140460764
323366713
463068695
775792644
542534233
423387198
67090456
17488604
191651843
566757230
146092272
375818680
757631390
746621054
731064468
686091590
343461068
578202876
132285205
414681374
425492989
728369553
44703541
357675795
641231877
216230090
470807347
656731127
34
252594429
225516000
512168542
173044321
505501313
561869259
405285363
257989092
9227462
315052856
481595360
329281857
12
225
160436309
202121665
680568810
26
734652143
119669944
87810242
33744224
409535216
46091098
1064278
106278858
92700522
329630269
140819482
615211682
78135425
11820620
607
11321215
485551968
519105001
612514395
59784054
359694050
623092809
214200322
184405454
684051098
60070540
220406050
366734709
678827333
756353554
541665310
768141088
626139123
774945393
278697192
304222176
635064072
516226920
148359130
31
414604949
36370080
150743306
225803191
317790
106860008
426908528
102334147
323537431
534270332
348267598
560399076
174016936
7
52641956
253888802
639132157
670202615
430195505
610237169
182581238
39864101
12
225752479
3524570
419327667
406926444
107863807
13
746812282
188380088
63245931
231087620
588457076
56030246
514654245
770033072
68349374
582208611
436029404
554446175
620133433
418497811
489184749
463184159
26894828
5
384001663
255675837
468697678
608270223
117222179
100029581
489184733
695632989
524430314
258295120
521957148
637424057
545296937
598466563
296605130
201299773
201116696
419161905
285765605
723456479
192910164
716629227
262851573
105408026
212185211
734315205
403631849
524714880
702193987
675262235
586919073
33
753766443
301397233
376220687
197024270
88083017
461630509
622162643
325633785
418560497
413578630
2
5952489
93543594
70046146
658912043
75361822
60446205
295499750
585993287
602201939
228155969
650749274
530927839
659142015
358212293
516738973
732633713
34
189019061
498679977
647629061
110492214
78434191
751068067
637147557
332312951
732961377
647622412
42
567131413
637911739
471569346
330998431
184430054
758949703
280527747
375748156
641314973
251667760
727547314
580226707
441186351
509602557
412113716
278671772
21894525
713696592
206648577
532107193
656985007
23369188
339938189
739464180
86867943
350830313
52
21377710
124771177
569885089
339210618
81925478
663775779
639353508
527596378
674240496
754107902
184359631
546764347
450044141
696151205
315211408
68809207
626067271
775795428
338359478
34
311057525
230
269381655
100034022
629108574
459825805
564507867
720162983
286285295
137701350
9648071
318539987
203562751
67263670
8
408967370
354856652
476415708
664264410
283560024
343154860
298698221
336387713
196469131
699346358
367335766
183219357
334670088
50
298777400
705545562
80686533
468424658
553841467
24157815
729305762
599360980
559144960
480764733
105304783
320975875
757296530
512603700
720445407
522374326
62214025
21581923
21
443958943
710027359
680759257
20
570045333
509836467
359672932
321912472
411639703
647725640
576662159
191902085
7406137
131419964
175144754
489081318
216417359
141984591
141938651
316289944
109796124
609670286
29
121359
271584603
519481016
70739976
532258746
519132934
320893993
619173770
595439513
385539151
1693727
119179866
544029004
206458652
21
529350333
559848265
336388289
144389838
348915433
528023584
46318140
119784430
601896607
441787185
251306753
103674490
214531927
229251455
678154204
764742299
623914912
240507980
86027170
16840948
151591987
513006883
196363
437300397
93286979
195549600
144585569
748672209
690323066
657436595
112784644
169703011
776657785
142537869
31412911
364976519
128216902
679631983
15083735
409607231
475869264
759563715
503913603
327575790
690746217
368505997
102334100
672376743
156537176
525318039
640170298
455220904
747021225
117149091
349075683
250458556
35197598
19528910
58917036
292489274
518915282
616928866
606498902
57879827
40875994
301030366
703679173
492631177
146527978
707860997
543725073
709581960
383247516
308340797
306525756
333296552
477606063
383773251
330785275
392964831
518065929
746974422
7
263383996
318602272
117671903
168740972
433494432
204668310
634843389
467801130
357135359
521855021
346456290
727051956
293729728
96571518
541529063
617304855
337585075
213322772
641508408
379924755
541622205
749094957
478120004
569419677
735962104
415156456
162410344
595267760
404577105
52105123
64533254
722050358
332383653
457680128
87969737
445335442
160168041
691986819
776547592
390726175
272379364
142175051
717397408
517238698
732769227
635840803
653584344
407942411
195321336
528770328
588730344
345546237
345064435
401915972
300638669
386526583
119809270
740059025
289568807
94857631
471872041
422937324
507346187
669954295
156956888
662208715
32265929
342234526
195283146
174531530
722768442
140619981
176651858
688589432
146587094
360538205
86
55
5
732650333
67672998
198636812
762587839
85638513
306345618
14930263
4
662208694
63444095
567106767
58561379
256247604
371407322
566192132
333230278
37903401
263659629
70505104
315056647
755676662
140919327
774945422
522219553
184536075
373817795
391909692
283621148
567101890
296850739
192588184
8724490
339615639
306525751
18752815
2696017
527871594
405348795
246109211
488810476
9223284
145879097
712651229
355680119
68
126057269
225926578
748701664
556592273
695724177
583772047
724261193
646412282
324498978
135209322
188864731
430636754
660459862
214154811
277113862
651676371
19
363989602
489550500
729869080
24476
357530009
50
200699897
248751925
135052662
452045508
673514046
392030719
679611664
319381348
440152850
69760997
428009093
187373261
517100691
352970442
273647553
578540897
662208746
238461989
266743774
18586214
634835077
602352007
583619590
539046717
89063716
582561452
809000
203459834
86670894
598848233
698754975
362324678
27554185
421182981
16
408931153
457193122
28654
492651130
705569686
624350901
121855344
145829494
417436254
428082335
357549154
716599647
552039569
832032
456296763
133821784
16102672
576257847
699149563
189779511
690131148
157997138
39996154
75022
265673547
232971651
321265627
15663372
7624168
54182274
28917626
52936837
464439347
37837952
659179697
630857303
345664103
705800978
436278164
141966882
497386543
466591059
383273961
240156338
405421572
13474921
78549434
559095170
46077247
218341666
746586589
98780408
42519336
142318498
191342228
364034657
380915907
165580139
449393775
447161000
13
161049313
404209776
698057562
25101783
413606252
555153992
479066569
257151892
213574485
656842989
602272289
177802383
211092151
426471771
670415031
753809832
245743095
733105871
274544118
298309637
458275306
63343408
680147874
340520570
