706033228
303156935
512898917
432248672
625836356
63639331
155557836
708992200
429102409
68
632500651
650420678
536475176
447524296
593973762
205403921
268191958
363798023
112774132
135145619
226422937
257279586
477491601
562528672
240543965
513237036
140913549
315760826
639216092
445662866
108840431
602392449
68
416647775
543015726
185175629
29835399
603876887
393987788
223790202
168362053
88
629512247
492974381
550715826
510413379
225110238
418151403
527778591
473041151
88834730
564306162
479974443
250000155
508315858
170616864
278362008
7
549607895
364737796
83261894
513382153
404784337
92329339
427693964
240963133
54200308
207646823
176613636
650922775
726230198
34569166
76851349
416769366
457114073
593369641
116929273
28751614
711986028
277843215
542794314
393372989
1739166
138700213
393943836
522584031
503736884
110460685
764912780
260924595
12147385
344655456
676642773
713057340
103470389
634280053
173103655
147112726
412612465
669745733
177334334
103748103
600015037
400822596
81925478
368766019
636321718
549558505
556600479
443925182
498417444
200516712
645911877
95397622
18092124
438270166
548262489
163387175
153702712
718937847
12829999
42
325869249
119525886
331042134
11668157
396483762
283791474
388568948
101510669
16840950
178805139
262053230
724875837
170579967
712703131
326742977
52020754
589667277
361723584
26
275318893
229776946
672598721
60446153
317530152
774056235
109650940
121329768
2
468348191
66065138
261767484
37260084
424673341
83115289
467016662
151674392
405274420
218922684
631916100
376176035
521605922
165579908
679611663
255579758
339208089
7672344
384406751
47468367
374160859
333565960
198981751
423733933
135562124
22212596
610072262
765994695
164634111
458947141
363975059
124276745
660989856
629892477
581025268
625054398
489184752
24155233
77230618
735418465
465604619
305190821
630711687
600356496
62681172
569419709
6710
432935764
179782315
637706192
115886516
583253564
478117743
106507808
616308248
12988277
141520065
603806997
117939009
4229556
267931674
461769767
130641095
203532858
73078197
698430222
418673284
10767523
354395448
275096822
4010546
248236163
720195714
363839106
6762
140920293
373220021
575022715
417011789
397608306
596914026
16840896
351240659
725290332
719260101
372982383
106465454
273372179
85339345
532052948
483957793
47349855
475741571
1064224
7309137
363724642
483894862
159740675
403785663
83896898
739638693
147332580
253778609
634458756
343691502
352931460
23865662
566899217
655083577
27403243
39298887
225182483
727275574
618270045
51278990
537186168
305439765
669245108
492381146
767493812
243798591
354138609
627379233
208589605
472625283
621123165
642218380
312760897
247212552
206551627
191506708
165708136
671673500
571916779
330894008
335085515
320980153
30755785
757301591
718540370
230804709
671710976
545789843
773373305
295734266
83269405
228223310
736523790
205014312
282140650
357135338
434476904
75277990
675620123
219817030
493067778
339210672
252600792
427018058
288863501
87918763
237519715
142967782
692650690
274211882
2
637911741
770356695
285033462
14930297
420142825
694622120
31
285033460
121819374
29831272
99572541
4160
580381076
164587679
548582368
179230558
661466028
496176858
493079191
66820344
446952034
302807847
613319353
389108158
431442535
103512962
456532606
729941427
136791677
75722331
400095235
17690
605990167
493505915
611418522
662651283
335969452
254206152
690837995
715719570
401043573
313184158
233631152
447120504
435205054
11357168
29
736917475
573295774
762233079
757408285
540909116
737710586
382041907
533417746
144901865
53370099
285324717
311861073
764063438
255299119
267914291
466011212
28655
64664574
466104096
113721364
24157809
634086194
193416224
281529784
767600392
345505239
209409938
278863403
256147506
52983564
48246074
14223205
774945424
262930013
554264089
106766000
19
627826918
9109689
9258475
533195931
283138679
720420824
532258834
357107275
276642515
262417762
361613305
532258830
54319085
313523488
399560633
277405748
627926873
284499717
497894192
573621176
92267677
420708034
2103284
627373827
688899009
348086155
557484362
475080193
388784686
54867863
269130304
435515010
655356252
536719663
349218805
636888617
188856944
560669849
609365162
52751833
353994137
66952625
175036354
263380881
29
347528048
461630501
96190234
533433916
703852913
733074650
19187583
343736503
655929323
755831437
446722234
44364695
703502452
692593008
576525988
577102119
349953661
596064768
68809240
509575263
599773621
651221156
333272408
373352797
722917127
173989453
459648576
196185
228155966
760469487
139270953
382782144
192099140
222203891
514208
299211629
175702063
434396634
121641007
210389535
528017324
103253418
335849750
720120263
368119608
447162663
376491836
364898989
324957488
351986691
332733933
435734746
468606248
115906821
417842100
385798217
614538231
608457462
5702853
520297710
331042134
234636527
357569858
546277565
8635268
156626267
777677631
1
195283157
4163573
534499943
168020970
107536487
267202464
514216
578516315
347856513
177140645
467396389
95541012
414502125
21921521
675450919
640258986
160316632
425986276
403876254
394943691
428131228
185950590
428284510
263514612
510198191
437519702
676669717
544236605
449920344
65431698
7
695154669
213512752
727851656
496095122
55428415
104092543
540295141
692663253
248123672
299244596
421207725
494077300
357135380
166564807
219877692
2
520288552
159965989
484801358
334981405
177726139
42
670478607
660924021
646610639
318029511
482200970
543878964
123916222
660674917
440969914
116885501
351280200
156335742
13
88
334737141
679611632
286526608
56486446
719524618
642546555
439224424
253660888
287566259
669954295
653096287
725273829
759757868
128064541
326466784
634186320
656088464
757752395
208328438
159336859
305253649
235321762
151969795
43606289
202900359
572448493
71722459
745575080
399151804
493628952
75440848
492998381
330482024
358557048
39706292
648064817
559069044
335952997
77114037
306525762
347772922
94437449
142246271
489218473
386728618
148298902
20695873
309294142
56098172
21
736149111
543881233
494855968
498424047
250866536
389736090
79168
774945406
301397241
188423903
742981355
63245986
758977658
372921464
593711003
744384373
689685609
156714873
98961339
433694739
746904800
360351064
690685256
335340097
109199932
312912084
148443834
44579074
339210618
147456871
251766751
510201172
97145130
691647476
534053292
217482253
70070447
38458239
497386339
727514687
578778829
437981520
476025345
105701681
761473937
335469120
107823879
363256322
601228554
183137020
333432980
357789195
388730443
134225336
293084213
219777749
36159329
543680275
483142798
92655569
651291553
548856923
293818145
173375311
284831337
119876876
435553482
155813937
382077215
461136973
110191950
323366707
26
755531058
576628595
526288245
690309319
678675274
291547370
325420984
163943485
68471364
262445674
209068289
537168486
343136685
68
390022109
119710800
343454297
525062774
348085616
100029579
567552828
152513567
300660688
678786792
673639581
571657951
1327902
439371563
116494661
363288985
543467718
430939231
593235057
617887736
393499287
477219780
75304023
397164528
672483579
726764471
714088905
141502713
387606092
13234724
238100747
293405682
751083103
370248451
287559308
534332280
5702866
328263085
192660186
577877214
748334746
76061354
511573591
9365589
245609919
442946043
734150746
323366660
85707454
284297779
385482997
184531922
314073020
6599720
372252323
298476444
751210981
457867663
261771949
424979593
40122676
104709974
745384957
617186
648271541
664361150
584340823
375911283
94190435
345401520
275020358
764752575
452443522
716772994
488051752
205068250
121788221
347528006
546176179
594580038
197193398
223462235
677482654
272419082
454048256
207762744
427693969
89816428
35549392
21
165580128
485684729
563294746
61951458
584996683
208194101
279378953
568824694
50205502
768278706
527286541
197606077
629415518
177412760
13
577341752
565233235
565522259
706349334
520875412
553362565
658580170
679611653
115827698
545099912
507334801
688550764
140362257
413245316
617458039
773276478
531363209
688340384
576109312
537222361
235343705
578678115
748952219
91428104
474627156
593142894
625458434
95123905
229966086
296709399
628957636
189228680
710181021
491397210
16511082
16759134
508800924
62892501
445860810
543515910
535789238
358389062
248359953
535226917
405723236
248685312
592700960
481181898
377584207
320912367
591452011
485939678
493948101
622177976
206502685
420641742
207320822
12431543
117939010
133246417
273656220
504718635
21585701
214160926
516738960
268803518
534438024
5761036
755056440
594805636
640836151
674029366
723623723
584763054
327873414
561025404
487981689
588548252
355494206
568905482
457064966
501786764
485677987
564479992
696310186
224688213
613249894
154633363
489184752
356115818
237211195
270540159
326191559
121338
669831396
439972544
280097130
666842798
303823999
80900664
617733129
242135475
104797465
526282489
50
151434026
65048708
539082970
593778039
652441525
229366083
718424217
9648072
636523298
42
18045301
424943464
162410345
547302452
310406837
27554185
40640589
504923914
532211064
636552542
183219215
648045789
155803910
738694198
540502959
556044810
562528675
652985412
301397241
529111086
229099060
100029569
52523996
450622850
764353378
333255752
728241917
424793105
503617767
2
190949609
79553543
191967352
773461023
11757487
477450209
427973362
357135385
719047852
351213864
552031166
31355446
86
467446942
223790336
368902496
386613386
422992847
280636711
680821358
336388315
664317045
15066990
596529998
244940105
636389245
135663470
175723356
81382023
217320422
601333051
587357030
526481064
