584586634
748565962
450289886
391748849
718911932
407596288
366186018
740045774
650809672
231327762
627698988
682679908
716320525
413835614
91526593
591235061
617563079
524478681
445490130
455885041
520103848
173874827
209799596
609729107
537653310
67877551
769874565
516159666
433494429
587647208
520557054
462665148
469419336
366968767
614183483
389702644
690322858
481793200
722613325
495946036
460546255
257202768
383273961
232158934
378744168
580921016
29
767613679
726764471
263737759
283926562
335347445
532745
528337759
472076608
569419101
594429706
656934876
42035943
560678140
55908926
658509153
236530568
464470391
470644154
180514481
98959534
712874445
473622285
364692689
276434563
635368313
173008928
201359833
315760831
380007335
735133904
6495518
449396626
219890113
709191721
733485686
4323088
119319867
197885729
248381612
696399995
503750181
168378308
646192745
589214545
463877637
409659816
274811519
393659301
5
342787645
323902876
69539936
258151386
278184919
42
155225464
776257415
700795458
421366050
296744479
260244474
312547440
711577653
284499725
511901302
114706571
731926650
192957390
748972999
514425418
160140309
483232730
383273969
334322744
650940262
411918846
374373060
691232307
687089777
210226279
254843147
9453057
471515234
342435484
640761496
671117815
446009845
201780591
11
388555376
14429464
260658139
513560924
78217869
560303609
207403601
61825600
730017017
561466360
617463257
14930350
250170513
243108113
730817955
223883854
178
323283228
449278518
591275728
679611663
406645228
486071778
79385851
543432296
81423923
665116133
615474550
638976021
583195049
307652283
69045770
16947826
686732892
464491649
229650794
698628365
468827367
321037537
758165228
511114174
4204499
721568864
377115960
763944110
538218052
24569083
707284341
572141187
306836750
492090322
511111699
76600119
403010739
363464115
77715016
403396865
31
704837363
328289256
388703036
652307266
97296484
518329369
272724150
257841143
119309642
264474700
340736806
8527525
387713928
151390005
656960686
388360661
665044725
469682557
753500361
457029139
714555519
758546763
4161208
448659885
648828188
735459096
240628024
351809675
80400806
511774449
313822546
238699026
44914798
513672686
1980958
530880211
447584484
640426234
27616085
429630130
86
18
767628252
759109440
6376880
4
114825276
310021777
35168664
353102438
392684602
187629828
103679781
632977343
17379795
661971424
259887243
57166254
691647505
16834186
711968692
768067166
714209830
343428679
613176593
503613702
311310191
135408952
48274820
29633507
116224960
256206070
247138830
415746305
96239854
663528888
573601288
626972379
476120754
586323085
527337544
232373112
305539820
569158168
473948936
530331542
252470886
675266855
621994208
499882458
185386181
46010979
393561353
729388197
42104777
736340442
11960819
449771002
695345778
119157190
333565952
102363041
277247451
691647476
228405281
14643235
162831893
766647331
477852392
19
512578802
180224602
323366571
260167441
386887188
730035067
745468404
461342804
601569077
346827051
548300696
689074704
67136402
100045555
631118680
502979844
109260696
36982866
34
342205041
24157804
139995782
243111652
58043330
18323874
443093725
520561171
142852499
415325098
562712432
405015561
440468388
135389882
440650825
211042119
230391867
513444162
676977231
519892036
6760
652655915
11651826
86449771
228662154
230924086
371771478
4268247
177065295
336489909
9914298
79572125
57825317
482087134
462199104
713999921
414727767
428082332
572235878
377560527
629804339
474132639
305173123
78773752
676179448
216040317
655731271
658680843
363931701
101995665
17622
219194613
611738764
637982114
690775470
442843095
380624245
42
392154465
373897136
261555638
236617676
599460824
251184803
615711029
235524027
44761094
270580509
394176398
12
30290327
200822569
80561313
9176229
508641377
350106306
458195021
8
366134246
609365286
577561885
472995096
451631281
484650889
38535093
192409301
13736571
580921474
315741436
659520749
645378899
157648832
129906056
175481812
92764480
267914288
240286210
43980424
248897527
597021010
477189733
700875021
167123205
761029674
387324655
270999935
40901218
485495990
38179703
709688389
744945324
378273353
251387729
65833
420000710
124163094
563451898
767203298
721118636
375928419
178567343
232794862
702276452
285033464
663506140
552747096
673068642
555263017
104495121
475416556
7115959
370540334
516738993
616057617
677323107
407441383
471636366
689525284
399187373
93657033
359645454
5688567
111517692
213407009
111154791
385249710
26352428
491204099
617568425
66426647
373279193
149880796
571991421
230763862
687032515
319156318
485564338
342709012
567890419
310897342
516754184
91644625
309733632
259728100
659873339
723257578
387518487
169176341
1064224
627336289
310228870
99045567
487019629
221753275
152243467
488482602
675487450
533060779
561828334
570436310
685726754
439599681
716100929
121393
625907870
434743666
706955108
419420152
272041717
361601845
113143832
292308589
362515851
521946332
322107883
70632330
585469978
75004
755416082
707319712
265310381
664785450
555139428
235689998
555617351
727065
148984858
1345659
403433657
63184292
56746640
267644203
101304891
689648254
6448323
151132974
757344618
411426115
699555616
564202245
146370535
155839758
142290340
485964916
108706479
252149070
389659963
647926919
464074005
237375490
406832110
385102160
306536039
81003327
42349430
21
648062076
1064276
27554151
656868264
370288427
402171435
146439937
8864959
294817282
537460645
713534399
10300446
713115192
204217791
755575824
430419651
149604020
214529479
486345801
525580322
716987227
771390156
100780652
183219325
667441160
563048200
74782431
125283754
25941719
127926706
176997731
473441694
88
166480845
200521200
452098848
451491124
509944393
773020764
589459661
588988369
329039054
722957439
375818680
407749491
361950749
593603655
202269330
319847436
685973883
560561496
325528523
30544191
426638070
330431309
470363542
645591878
340133644
5698706
259050244
668399398
730407390
764325328
632915935
370419320
10848466
332850145
433812159
67913735
711767563
669925639
1587070
162647417
205405660
271906470
201567421
138152846
1063902
2
103492805
210834221
188393860
530105812
360022876
411426089
77981115
27551899
340438248
81988363
580078506
44103207
542069126
432935765
671901580
201403700
716360185
49124689
240215446
704527614
731171236
236186438
152416388
446697190
678504022
636055512
578477282
476046589
590022176
428082324
653263871
399639830
731064267
568063851
623717388
77185111
342461473
392272312
316183184
417583818
118814548
336076162
763248556
716404487
511784533
313426117
581504696
222866040
511737125
727624209
300333903
43498914
311054291
548038244
206664527
539124400
684147217
673809616
754123302
691815609
622449374
195810481
110191942
286255658
733635285
672194072
599542577
301809265
407303335
706349812
178252344
536265441
652424526
721196302
99946467
554830597
329666197
315832196
689613273
726517809
148564543
612164514
442932481
521957169
127661850
420677745
109945889
282876542
383993968
339906759
274082261
207479013
16461401
159871654
21
19162304
759100573
218962603
190215319
545491740
617210451
192523439
88348522
376941432
380852592
146082664
603832001
220839341
94009251
701709683
382084614
636747656
653096258
53606486
259729773
742319400
426163100
362002755
239685952
191752268
516738986
218909196
41078453
324590854
351786632
347754627
607380965
562528641
722060226
186760175
385503045
44568439
423953797
335080324
152398711
325328814
483650173
541313381
195283158
205066666
13
196940066
621777704
333565972
19525046
549754254
699035824
625792680
757803125
346902093
421566049
39145402
436891153
411460176
68462783
254332968
458828917
387462094
653804070
43939547
187985104
510023131
248594373
760350694
354049694
620133433
392646031
537423884
314600219
145126930
500929289
374563143
291219592
28656
580831804
37261189
417555515
410556483
430705821
590144632
394771181
429743318
336748222
747995932
218461037
610770339
176459424
435916658
569139958
90863287
767823290
329774687
243903570
708685251
591791096
621165953
232616455
709416463
503969813
515759844
340946933
721941576
231483105
536994986
566867558
682466717
707195720
710687154
405261041
370979628
303235686
283942804
412934909
11026021
367554039
674787609
295971522
86034138
61899717
402445711
416661873
121910123
680180892
669053669
185382793
689333686
374907522
138913434
323366681
294557633
357166046
755652502
457160992
363467745
530558089
576532294
102287787
604114880
271805367
50488869
315476116
382844485
609950421
677302987
432689897
490042217
750999423
707765144
252068053
289684758
451647745
71000435
104211350
503243594
683639140
502682134
659398921
678391702
420696570
355266668
377077860
564181552
633742723
183219215
727374408
259482657
575732922
218140011
672071027
444733739
652784002
640455822
24157815
308395930
578576520
710935552
466221010
120070443
82355874
401441290
435734751
762433260
95000740
78749183
676013506
209132837
308031800
638431377
539936750
733288961
9227444
214154778
46355
178321824
268912238
601592927
155385526
3524570
477047414
378155400
131912642
182289589
506162569
430770285
74777600
366251136
463669264
164128430
373748167
713115789
193029227
682705859
467327442
577613284
539646949
759077292
165232697
255582789
117230286
697477756
11
6
544157305
170016666
25720011
324566549
614926427
379975203
712702969
110174244
3694293
267121530
63762125
542095025
374407564
321190559
68873639
17595896
129775009
456454856
340585116
256542382
155921962
164994307
187268678
562528662
203333249
191252621
205217581
440161272
622948176
527088150
756501577
544185140
551326571
629910344
217843842
135320662
85882845
368548121
716404468
738028589
