63245981
457128303
614577283
25203932
775194039
294692196
64692424
315450244
77009861
646197971
190692086
643927298
652832942
266237927
638751531
179170430
413381564
489324391
725022753
184772329
357335746
503697133
245109764
63245973
9209930
549858400
494799846
249242527
736216349
580681183
421647162
9739451
211931146
1064266
632315953
61103060
87748635
586671156
267686135
653845384
447166466
340599970
769193043
336388302
424203919
391950092
694246582
343
678503899
689245290
658914955
173106080
497583950
421478406
595263966
202401305
764821774
303437234
179254701
123972163
760211092
197268721
589583583
91330322
657822155
183219346
125877020
339156745
649859167
129943735
248150738
527492699
317617792
356531003
200878041
479635368
512977077
593196168
195283154
670374904
832019
504923902
510427356
650679722
495609412
697174509
480010657
176454209
60502268
344392736
278520957
32
199594651
574755272
317214174
768567126
380653532
226264690
18235594
720163014
80758088
145324792
220668134
42
545538238
134942952
230838825
659096824
263830924
570217991
713675894
428123298
310987201
32
599110561
174913270
11572289
172123086
315069505
622188314
341566920
192782342
53735768
510534441
1838668
220468195
714868099
686083925
41063203
463309213
415281925
488989020
757705909
585041401
428082324
267914294
297273706
510486396
590514305
236603371
114201090
155364099
426336870
370288469
688345263
275964687
418236379
470069363
154529953
54
92159959
577281901
277932043
165532829
633726262
225463736
768378427
607236447
760353766
357949649
108994884
267400067
299453023
681243683
114938071
532801026
596917731
234746504
317790
38552867
610128836
691224079
717937086
230473885
636309144
658959314
527741691
558389436
446500028
320421347
351608508
29639970
662693985
156599340
523257245
112159221
461856485
500132405
96862193
309544757
402627503
440876736
36081698
590145846
68
310715710
285033462
404579941
480216131
265311964
166990099
333444580
743449849
142246090
309077859
285224108
479682213
752730041
716708017
36129295
504259534
745210154
699501771
279088050
4126
761219885
773528080
525714607
762168576
137931718
161041548
587118683
564702594
395324303
754431749
643784706
317756
395918872
659179708
104074700
736088178
49241420
17543440
776167204
29
60343384
574174613
74595459
178282596
283584809
242942813
758596231
629603522
198735749
406661819
233693274
488866943
138667153
304754882
773225954
285033431
130141976
534324742
303801099
748018961
687041007
229755614
95582268
642337718
236233609
210156720
620133434
578390990
454880206
697666885
232537358
620482943
636122807
679611665
415482645
126476270
3748374
186060882
274640529
683862113
66948383
271572579
626223562
54
175352497
44372042
118072316
14859208
309777568
167202932
176745084
760757426
630529716
278292045
542495270
6
139748333
682405814
391885132
631597596
428082324
773764531
162546507
376124684
205688843
326364332
53405665
523203001
207895960
569801842
236494770
423942967
228326901
752631422
552374829
176146441
202189946
84808233
16
269930150
28320007
497188228
365595401
593263873
574066156
61473698
131330676
24155233
700876380
439749099
512500376
504923881
713542656
203239217
543478431
49202386
380836075
548059887
742190049
629160813
772588198
213520753
556276457
2
753304525
736927922
638835631
84584418
614420394
638333658
41677924
276946853
6
29860704
135530698
540264776
5
497588865
301915955
103332663
195283125
250789961
479560486
737711061
632478881
84892283
586507479
588030564
340061685
308722118
309130906
260132984
772478486
17232334
139041486
132367378
32
357675795
88739062
681527821
489184733
261210003
692571363
1882
91648961
761199606
414980040
687953191
715967211
647749075
58459531
124359020
748017977
531515341
487584611
627874697
88403608
417436725
596956481
380123434
163876812
708935419
377504755
768372566
109907391
237648274
380601729
683376625
187291344
745901327
637612155
517772868
226552885
347297088
777305190
707112770
178765378
15421973
585714109
562553869
217240052
503897321
698453220
327145739
465471345
583056812
405770389
148473831
220827980
518567859
202087823
369864619
632021274
441480775
618303338
284487871
740020362
199254319
200011901
241837786
200812062
614866285
357605538
330087522
310610006
509326049
752166984
403980553
651559856
90028121
753610992
49257989
706327448
673789885
364682869
757408233
282649633
19
104865169
544998943
86262039
727528136
117939006
15434598
321444318
9213276
768968056
354820775
153308632
482845217
358906482
286544897
490727990
306173780
133375912
579852453
2363920
117938998
280300533
579663080
251046156
135145640
227103360
512812774
659513150
20
153336177
655140506
518826968
336388318
623978711
398495058
659223181
212381604
14115747
194833883
612138155
752980034
316784882
734496233
615998084
1062682
638640802
304418117
154485260
576747762
204117250
18857849
138734352
493475763
311899042
475530493
273164261
339089280
460228433
366901559
311403719
1499223
81893905
385109542
548975127
663667700
374474795
562145670
383273953
379575766
221096276
532258780
154958405
451562788
3
158092161
749355547
561573498
639813397
475361381
450805828
450096585
585599906
664846424
357682560
617563082
571970412
313097939
595073485
274717520
272828342
400518418
559516838
89687660
458896261
691872591
76973698
697417238
128409206
674434464
673076967
688930496
438693590
196283729
514195
112268814
341785411
388622191
515099380
329980229
146704064
378611145
525696894
293169478
10
348802196
74734660
371483888
706328774
406443205
117938956
207496665
119865997
611092439
578784547
244407774
6757
539947719
501525101
623008133
56166199
485207575
651523444
514221
680086508
711769533
42777939
617563066
200371863
754527505
769821575
296931155
84
316556891
275342966
581282959
491317217
460525365
16242604
212190471
189137485
602
585040617
294429464
716632412
278392550
105263744
501155109
571964462
52883966
357132809
296282907
433829985
694229138
174196538
658295209
540357741
67720694
301352220
10
272138952
26239326
505385062
305190826
275540541
631453422
91690272
553362937
382164395
14855327
685380301
192755197
251404315
456780730
19054429
272855929
509958266
3001385
66179572
571804850
493305250
231252900
585233984
217882631
81
668019584
506325418
80607879
136320629
574537736
452612244
746934818
708075601
43251083
734835821
117203385
746144862
646974342
727524077
515193589
230915691
44571455
116340354
239513913
403586294
543572173
670252804
375318493
240713602
595784335
148110580
601281833
742736798
630971604
582014133
767490752
451662100
342461426
539536940
464236869
687827038
441383641
29
599316045
162796773
666847120
508874805
631003734
624537854
645080045
270518886
541782671
704441064
250402310
159386765
480908534
313153410
415399735
467162900
569582537
51906284
587322823
563109146
204939532
384499594
441990975
681891633
365707770
289684800
401048702
111517252
669319963
652603067
669554883
430819581
5
174399180
304158144
700389321
230978263
2582
345478334
553300146
160958914
760541722
16
323366713
396964618
384732011
115782586
228868684
703683333
247968866
769053396
444401275
393623388
766804661
198472986
319781119
133267240
601276068
496437218
1064276
9801328
702510259
472240308
12255690
732997669
530996779
346982550
773201747
434706822
669954291
620278556
481632890
108816214
416292082
2178275
357005786
394252264
98076386
707319709
556816933
399409645
296451880
80716219
566725795
6710
739885395
2583427
186782127
106366960
491112605
325550323
454271222
604853569
700798808
604895478
82295447
53
609307799
416561188
323170445
309640756
678826731
203508307
362807568
251420833
304671578
168044947
150415608
208424001
142083952
3524557
114739311
665000415
160954701
401396511
442329830
335833009
561417966
600252052
249878227
637059646
690194603
751628281
636262618
768495680
256247588
767080949
491139718
107432310
223016910
480712051
220412195
385152102
478446046
62871345
555669718
53221626
598735490
173503505
24157812
254200812
606783589
11280837
162128702
450685478
57458154
33
674310358
342949906
713881874
56610356
334389915
154398100
21770973
371436420
323366660
259630148
325820426
721841296
391962389
262582625
182209702
24888256
701408728
462010465
710981916
606574716
555844586
624725944
272460773
92877813
395444746
767555481
418083714
338664099
433301254
123517817
418477865
92375641
341089143
686034945
748705837
524030447
388888616
383342977
14271934
281228634
345277783
101050568
142990510
483758244
225752491
135902537
760219502
139210690
470758382
662901158
382034291
102912702
472619942
627917334
501079802
654353521
656229836
8718307
5702886
261569827
335974174
492582207
145607982
773324463
583232669
681746272
27892145
56698141
713274910
409842058
95084613
534307031
79046808
667177412
146344639
161397495
183989917
376
109758729
669674014
419004105
509766654
737619797
416704320
479420725
160738572
553679932
132515021
31507234
68038857
70154325
377417164
705133365
260334544
519142473
262965813
379927269
335662688
654077872
52443310
350404920
590330752
670098445
579172071
336388322
185612686
728950679
205348505
599672711
171872226
88
702511572
290622568
94229087
114723592
345463233
46368
52481657
168036343
469660462
654292083
2
660929753
312183438
406727185
252587092
211100686
442285942
127876138
57793057
229349211
337601736
367453222
390744320
17690
153759132
81495374
569663256
414171107
526430090
400962953
220267609
244633602
314475262
500559635
709003435
691647502
357924060
647854093
8
14270168
590067340
478994332
404163442
24157814
87778345
430043521
130313035
321160416
289550437
117938024
249241737
232415418
758495186
680841559
194683309
357757214
386164420
374426206
