578103970
632960009
343675692
670252794
640365490
42
688818716
431273972
196847827
173869749
554679419
412277127
527126766
776180827
675120753
84824060
587631828
618551741
735297997
27554185
46363
404012128
762439831
362950557
88002122
402247921
730924539
681328214
4
153983592
460222942
435973499
317932141
24157796
84
301275853
595464628
461922500
209628193
574460566
185357241
541423622
760647123
708951886
146071737
165262330
202211927
323366660
755970710
415046033
21
604499083
395190817
173648489
575138255
407692270
757616617
635869439
672372788
61074036
370689010
54865921
273415359
369645908
441871365
587336643
326508159
323366338
642174028
250879690
623851995
311814701
527618936
566032178
714705282
421416572
267907531
730600949
25892308
593901665
295675677
461861655
461065847
744894952
405938187
564835315
147987202
584324430
713769142
430669762
220898556
26
753027412
776075438
634615363
454573904
571153855
691443220
614166220
381828282
709940447
201244567
445510196
200284801
47791096
9062410
507199754
740350179
405588790
26
776991535
657917661
604532916
477980211
536715460
330057824
757850326
582415212
515459905
767912137
619184919
624880194
68826759
162410346
484035247
390960554
596952235
219897136
630213000
668530262
765834102
400022501
206385598
741687441
92856032
749069548
594519540
71798838
634451122
626126798
404523645
746185311
680219153
323719029
391961208
28656
178953315
300703725
662396187
124726850
576590748
362413849
41191937
344632931
72666979
225752489
643871922
489184733
178656448
525807253
657961048
32028937
340610054
36411623
773574143
732435415
143274580
367475674
182954868
598045753
583624146
377386488
296784977
706417129
369116938
639821383
716804407
718382359
678641190
610715162
709217434
430819635
401761025
254655479
657855412
122180712
3524577
755723701
61225387
767538386
314184543
775078436
221616907
195283151
408453765
254033345
463545171
404018058
42969379
103644632
458763
109593637
634323225
7
52
143890636
692629122
56075769
416396314
696793002
21
625792734
459562634
269286935
210344800
674360428
137626570
755450199
360470932
147202988
354036051
387940764
400404463
715613878
734385153
365151090
195808
443222390
612621188
720691220
762967480
355450396
513649402
364791199
492452526
103341921
665384351
378440787
477823849
693458333
538383419
234903085
148695320
16688648
690458999
319075264
457605891
549591700
171859128
643335386
740102341
627262641
618562458
596168027
582365763
142016714
3
726843159
357135388
13732237
151891879
586618671
556348154
19
680788985
83665939
56551924
490292006
688747273
581409214
539121761
516342864
222389163
150426838
457550620
700666988
223239920
325596785
81844564
691647502
558911272
133294526
327343577
18086132
47562726
684520205
90024577
435734720
125122345
647270415
244688052
193912105
468119164
233619979
256014783
2563
5
316310216
10941
667268174
284555853
213656349
483765661
651844080
601998054
774098236
143472775
549123902
485249887
339210063
213225523
331565748
96691273
671949925
414055117
180684812
12606507
305510863
593646407
466247704
667977390
650746822
34706202
3924672
574966151
429092267
11
154979219
546735508
617875108
27554235
721141436
482724451
551889314
619502643
35755563
478743019
160109616
376138168
606483903
156475159
542813678
763830256
692060243
467025969
500595290
380378185
661851969
13
407865067
640322167
48041017
728129830
53288827
337118824
2939357
566090036
531708957
618711482
352038751
625743651
534998888
375408850
432978930
364627760
508745913
192463681
611910925
631317265
530646845
58612877
432130194
932
100029569
588105153
118188660
728421695
470778077
173643806
193782804
685383688
686630354
514956498
128304328
225192933
147096620
49066805
307945844
181703092
755423131
535410179
529192379
216588872
553362929
439775970
544331581
728745773
596041781
183234474
664004911
320878091
565137286
464750789
689529446
341245651
446549472
694594136
216440031
571287321
599377099
625842031
314972307
419584231
6749793
509269239
556135967
739259708
554070388
453216742
257148205
502440326
464227050
3644501
240904166
161715966
125717693
126837968
133553659
550910453
231207983
287737586
60428876
447141520
641282735
281089068
218357134
542850566
46750442
473563608
13780863
603984391
594150094
593235111
491668901
542394575
116287378
456306403
8
508283349
563559408
735144237
747126335
585431227
629301593
306372387
52748717
679293714
618266939
439752834
620621740
745744609
503199114
505851333
52
605990171
608919691
167302976
223485597
7057475
48202890
289730090
581117181
26524699
87422168
478511339
381351257
777283873
270862297
89174992
593428138
663558602
38662813
549174403
542527348
166052359
296040432
480464748
13791888
422542630
153271142
149180405
718864350
723826147
754780348
93456498
14930344
49967514
387022994
777246301
473206348
408158393
493270206
1343685
590639684
170322813
9291298
527503850
134426301
634582319
450249824
187127491
620491805
37281604
362797146
292471905
259483051
211279105
519440390
204988828
220931778
494192436
339136669
299415775
477686114
498811895
465575996
563556116
436882328
327376672
82271888
481427014
334557514
54424103
271599299
614052917
382045561
435762639
156759453
582921234
59816403
289458334
458431664
430865387
473815162
513206147
223412387
708425849
487292067
718639732
258613672
3804
625990881
654599914
576884974
179972559
741283427
439661906
282824233
698585924
43400636
235532401
26718180
639286844
751659061
234642940
110191900
114866296
18843537
249088759
233612138
356237141
758168647
634784956
480068887
723457978
693606433
439132844
137491154
562041517
200685935
610541853
433792828
153862261
722438777
591420689
356467204
766488784
832027
622236580
286087583
157491924
759310744
762705885
380520779
258500494
678536952
110191947
90695018
727465164
76727311
597854475
39088168
750672135
518905667
392772600
603893944
333565971
557264901
598572954
485635378
445499336
359718210
441192949
758992403
218362864
721039926
52067379
832039
4330275
490651185
388196260
113263573
736100225
361090763
66441582
540513424
483142800
296353659
509300235
67660310
427960944
712293280
702306230
491913014
670116882
10941
5702866
560170307
192058781
717835615
278872236
246202551
444967363
1592
397377591
581456281
185064743
46766254
338983524
404971051
746487376
42
704115371
132527083
316201944
409570709
437733504
713304606
79828440
361401538
729086599
542906601
295812475
649112807
410025536
86903139
528529440
510099943
414453037
580387348
396273932
67414248
738007870
607715093
198508575
326364319
410393368
142162602
38478032
387068955
310580978
712961017
90708718
112019430
731536126
698100391
679611663
50
550908650
43535858
720163016
125883018
523857310
662791634
295820543
629301936
390623171
159198788
533714002
751112822
367329104
402896565
419804232
50682904
596800598
205067922
594524770
106454030
294678507
1064224
408614601
208171816
456281696
416863010
516774997
138323601
535115996
527330463
162162911
477964107
702870809
508233613
107530454
28234064
452277424
31997369
6
32
197483049
461630512
271738191
333078699
636591011
76
584484937
116224327
13
751233563
156774245
318666072
12
120804203
129061478
635259084
432935390
97007230
477642573
268091935
2692538
681696200
767838186
582648501
229016894
233367222
489653808
283840506
681243691
473756423
565058338
2
500614992
416906831
271429829
688957985
157115756
357316707
711458230
98768446
244767574
618569517
474220617
684515104
313524894
196450555
12035789
500417725
748283882
442969161
207236742
200669375
613818388
630369910
430922047
21492299
222489404
383263028
739747433
321149311
258237027
118646529
52
488447986
703682977
46118670
279267153
24176652
585124162
178202097
400835671
5434084
662208728
365238749
461630513
216139616
484645031
62339477
31
551557593
297769029
251482486
742960415
559759869
634842651
270310805
4611483
68800396
148328212
107009247
679600720
270174394
755012886
370822789
55
750930386
81740520
509742579
600982340
542978676
313088749
766720995
28490672
402963745
450717945
340854695
284987097
637911740
520066487
267434325
168374678
559119591
455104385
170631883
617563079
104331101
443242439
688372317
392353465
126397585
260249182
204910924
16840938
731400057
21
421818870
622478987
580145541
463904401
203198292
287791821
679795583
657033052
681612386
73165416
661480853
154985834
209172753
419666938
494168449
537021236
370114610
475664287
481793756
393086211
288007608
552276705
658915983
560609446
335680828
762710231
10056362
585993274
493242534
77708000
234108557
536453252
106158490
143048869
259293872
567574993
560110248
716289203
680056606
467339391
123034955
218531245
320797358
772398566
634756612
287393551
443730836
117939006
92655556
11211644
195958792
594892919
345576201
126871870
301484582
83142305
624563025
398455396
219768915
657280092
194553990
698307960
73489762
46334
767624016
32
82589256
315849317
370486092
92824474
198355804
237313995
12031663
255545998
110780752
34
268369779
182621647
333548262
254271146
211268149
487820585
580120931
83598827
76169186
633686884
182058297
490633776
764208774
233940578
587246509
439158504
350826696
762050582
10978929
157200208
721912458
670262932
682153837
292630369
593774542
406390357
427390370
344038436
223318002
74123648
195236791
394501992
649394251
62918320
443962268
665837241
149209697
38611468
41529024
44284277
667524410
444169602
534527598
347995682
194523856
186799783
122078286
567382074
770243809
301599184
561532900
13
32892757
635246819
172205569
53
646630156
484903149
618778386
196444232
576
177254530
568838571
207405295
407467059
3524570
224007762
59335583
744301813
542039812
364079876
