569419708
251342104
68821764
300093888
154474136
777538792
832037
82686216
345496722
96616575
351428725
318539966
750403878
742685851
470231827
302400488
301760119
424060085
191353526
143047885
159435094
394699894
306856368
264981630
526789610
680278079
76
583063872
21102053
506575764
209597663
456261268
188139217
181972309
376772437
687152802
651775211
559720419
415046261
620433345
95308873
477357783
730030458
777740245
470078387
242754000
734121000
80218460
267914241
718508811
177457032
685353925
561393088
71971926
369135964
634370356
682910413
168962298
333996519
17613050
682813149
250293075
21377717
105796636
422030840
428405475
661959641
387476243
293138127
619832379
672604044
205405627
466245857
482349818
748529835
121407707
261992052
223367646
518368470
134160822
558195438
68268881
267103827
193400528
113605722
12773345
343
505277218
197677662
671695000
337454905
61036619
681243694
223083959
597697184
141578802
612821602
619469190
678864226
697520999
523159347
12304990
555875103
302426020
756083309
750001458
617206865
755519804
439009579
122241144
696626164
136351388
745462617
635652790
190636675
730985639
70704031
148852657
290518973
442525752
699104353
586617049
442195932
13
386964232
418029072
202101081
13
138315967
641374949
488563354
522513434
208035833
280776336
118135561
284519368
747621035
251222662
213289153
362114034
439672895
472905709
75324388
188032604
604782361
458027291
347709360
302699575
520820221
40216060
263381018
324478292
359083082
132483409
28623
587329206
69286080
432194499
486161595
155172481
28656
20173096
535542474
568223903
749701920
426874888
165547828
533020733
299654382
187647033
510334030
41580298
737046598
709101242
140653573
508822271
107752312
242814359
527618988
426667053
492549048
718052960
283925262
542782511
344183193
208650920
409757456
336798264
309352621
748018909
290239767
732877616
24607559
418657397
319843437
620900935
196809095
573606242
6
50547343
360433000
670250050
708019604
601281665
289684812
716572707
332572194
548396146
539729778
138001738
743761440
664923754
471636332
767161084
109545263
186256282
193993564
153055595
742389309
67877583
611483236
278831766
452460016
755293636
761887062
336388310
50361786
737127564
516692722
610272205
208633909
29
464639601
54
468155421
58737203
147181659
701180350
235953159
129664141
653490863
148006832
329961822
603101550
225752471
774885708
548013744
154755236
78704028
221715913
375918368
618078662
632465239
103740508
489184741
450774668
164435485
736519146
236367878
16220931
162499273
5
430216140
356395238
391025184
242505285
31456229
257841138
472876722
180141009
479799825
702725083
642464192
357390467
393930017
188049938
298262285
321175891
436080229
263144871
715674159
12314240
190166874
457973394
723779489
681243695
312139584
85325846
73317307
286252170
427330156
598787890
304035336
43535844
300598706
265939909
34684608
590330726
285033410
124120617
560640631
364304872
89648349
761674528
461476773
671135394
736510654
588563218
225752348
488867640
84
538165606
648718812
171133699
395936514
384561091
177520277
246226954
439275116
12035700
132505488
564670059
343913798
299224444
402863186
737333487
155158083
604005937
414846524
614233512
241824711
60009196
447607827
747717315
541146
556311307
146719259
183219356
198271795
415113888
236761826
685588756
60280224
165580120
417289509
679009224
96714317
165678661
395158050
262911492
481010435
290165554
2792104
75647102
540772476
413890394
327301947
110537275
97721938
512682028
17543471
147374218
19995533
670418463
311399432
464091734
448102865
641913862
532107958
74945423
527132059
31
383271390
521330768
449943292
560351414
110395826
769222522
28804674
253555695
514085
590022145
433493827
691562737
158350075
534413404
553452380
31
194173842
100552560
70879918
35687714
157259377
273529824
256247601
529867856
298778353
562712434
449155978
414438983
435613361
603977221
27875899
28333404
220720454
696003095
588450011
422379450
26
104497348
67659954
416020863
18
244361008
484805948
757142021
156184962
747432986
536329326
608568882
761755023
495543733
389955532
492952221
100520493
205077800
81382016
658610209
171636008
774945372
301325281
232114312
464048448
414550916
756437794
6
662336201
621847467
477499423
53735768
166876915
18506905
349373225
575298386
61495456
444245064
601250455
602714203
520501087
639193916
335043149
158080005
18002317
436013560
48009337
421464246
446231780
2510688
14930349
122485898
599236073
372983722
515541761
205009680
177323325
693287344
436671492
242397414
562040346
49728978
775058220
254879365
714668902
333565952
492816570
672502317
501746269
208747018
527638640
266995017
625534492
580521944
135784152
365898218
716547834
148109535
753750204
205198421
500307920
722757027
489709115
645613376
354638645
27403209
331449783
747621085
650391327
203297940
292444898
558766653
52
37274541
384086450
446876987
549568170
536873585
755401113
12388549
676940452
966
395352197
685233863
293229584
88265415
276531777
223154610
283344137
339210618
561502042
210753925
188470445
237975857
311469241
235640762
91695786
39088167
527550063
182127020
345650883
191638821
370624841
652505011
520556792
342169863
222488079
295097354
641304651
385851425
47984281
69189161
723216596
736604894
7846635
624101525
558766611
173858982
3524570
555778195
120506453
515543751
196599303
110191934
504922928
752374178
277772626
655822173
709328272
753432709
202787401
343691490
568892888
447035426
465723906
416466462
719244891
440263629
681453286
653326095
435613361
12478170
52
613061625
282229670
214644634
237694523
294496442
726887563
422228843
70302802
587077477
726949027
111773471
182294255
415835606
476886317
187904182
190302398
540352198
676750884
698167819
489490571
669102342
358167372
305412811
672091109
56239221
50
647926903
125191148
83904832
298459796
452286505
485423247
136298240
339210652
164707517
90028101
402147622
112339351
305138492
535749080
205781176
715966363
77009853
357250932
2
194426309
774600438
442842885
100463373
385371656
412896811
346970174
234848891
657394084
659644729
533853716
384020373
385535607
268498903
737147649
589907806
639810665
771184565
103540018
353123826
96747040
280776348
20681937
665229692
140920312
299920015
355087112
415448486
409289483
163281378
250922831
353627675
365441012
670025480
16
387710204
756009445
75022
579984705
568875167
520431648
99945533
127209040
162409737
671981029
569768580
490664051
278934199
725005119
672637281
384030150
288880570
267121483
759879555
109380974
654507428
75089746
88098129
772795566
578331130
489184749
676940540
770674653
254994683
275026896
64518189
293671781
656484309
190420753
354133381
442034352
600790331
17142893
290033175
662811730
219467560
771603701
590747725
603180586
292146708
442021717
397739643
138170895
170383628
407403742
467529616
10938
415525273
758747963
430667809
64989246
473402216
772964005
467683996
105878840
6762
635104733
12
197965176
733862232
83006072
151857589
234395711
660667326
12412068
447249306
404560748
217101542
3250334
9667918
668839816
312502893
6079256
681698220
428082324
3524575
772396618
763598276
270163450
409822396
197198175
113065149
178975659
340518700
651120033
79468945
175557883
85991525
196029714
535945955
450336528
197480415
562692377
152827542
437524416
298778154
366804132
67660329
702217568
150903359
353534940
181359496
495596235
172290354
371528503
290500810
310516024
543478643
75089725
124769549
158329175
313913770
618101804
14020461
378828670
28542640
148984806
184083926
693533809
663033454
529744427
763995085
694281521
653242000
100811320
727547314
462479160
857497
158127546
6086430
546765300
323366712
262120347
292985985
273975293
603080026
167701224
757905631
82688573
114866264
373292571
701938879
658477210
639481807
647212847
285979086
447018971
472053312
452688514
749400500
534908942
580349456
369043664
318339714
448999752
662208746
311840217
315021615
283675722
357693501
632941821
325550310
680670365
283615503
752089420
529036090
422698051
505446490
706837017
565693101
112635911
775938537
164700949
451769293
760250016
702108975
538946112
231779445
512660815
185532077
174492535
652301496
120459773
555827595
497471439
45504025
96108222
2563
80837623
547994895
363050947
211000202
602591636
589239609
477030476
37760074
6710
459263066
529252511
357188101
194079462
151920768
612328052
263869908
95646628
284242194
754959283
203157199
126401461
693585556
770918339
708657477
733103809
774105966
376831736
498116268
183219346
554674064
181599710
355798750
701408732
107418428
124769539
277279369
306525751
674387867
1790679
98763141
311134607
216708042
265486917
303137268
458275305
78390965
165492627
34
298644032
87286246
350978601
707723284
406766576
519010877
310908033
554441531
88
447434698
2427563
3477243
207877127
643067407
614550840
408536403
709151798
630590296
102924774
497140442
718262830
316080280
620524468
666465569
24656035
311668945
20533833
229564994
608
612892289
655915729
515018857
461858928
84
562783351
40278893
358141794
220083729
102334142
234219542
591639159
551446943
692280355
472568484
631346204
678192943
298322556
206410322
753821596
776912602
75023
70844
511640026
12334940
331748661
530694786
159565211
372311295
531859288
121748769
184809374
15674831
559514891
521541078
194298055
777740368
746627643
762947417
251607212
289372438
90649568
144312273
759000369
264842394
506347853
17518122
437564042
592015183
656844718
328898358
73842736
555916161
764905907
498436918
12035836
473688451
750241151
391612244
553076909
20
96191905
462899461
285033431
590002732
701505045
513381784
358438512
333565952
559473449
550050
489184749
367413276
297067489
682038015
101020465
200595253
398845560
125532949
