16792375
1710944
32940535
12727085
19851442
57075549
19216811
33405561
26646001
34542737
28661705
35076058
89413300
78785266
49828624
93501394
54548159
90346144
84669814
64826675
87107311
79462069
79462069
78785266
49804673
30286297
54548159
7148437
79462069
88576925
119374834
58126718
47399722
89413300
65275155
47399722
64826675
87107311
9484432
71975112
90346144
49804673
49804673
44349573
34865141
9484432
50481476
49828624
65275155
29633445
29633445
49828624
84016962
84016962
58126718
88576925
41850295
659304
28221676
19047158
23700826
10824045
2661259
33795110
3416129
21773880
32441183
7863852
31940966
17722392
17547188
32701049
12572429
33043361
28762532
11010111
21975188
22337719
15145196
9855426
20110037
31408655
756402
21055870
38703212
17953636
14729401
17721936
17722392
17547188
8569868
29309429
33106353
8110759
30885973
17156121
16399719
17142301
21107854
2297433
12416220
25548938
28688427
10935615
19398563
23565772
13121478
24161689
3385462
21864256
7755011
20024963
6213495
27349554
15773221
18634340
9855426
22320907
18045730
28432709
32441183
24742408
33106353
3600144
25345093
2457918
29842328
16764181
23291988
26605064
24339589
24267703
27613554
50506583
29259751
48381130
37635320
32038781
77362774
38612488
51702722
79042159
36263228
24607274
57829841
7753516
2901095
3882922
73610419
43949206
66507020
104356403
43366595
77362774
3101039
55624611
68708082
48489875
85700727
51702722
40539707
29619005
25948562
65489279
49262145
38612488
50506583
85700727
54319043
26532783
23047467
10854555
83134032
40539707
56478087
22122684
2901095
104356403
20191229
56140118
23773856
44798627
57829841
40736359
43949206
51741689
43167323
25750900
40539707
63587174
49262145
17290134
38612488
22316682
25750900
26296394
53392861
54842728
104356403
781883
22316682
781883
54319043
62755864
43167323
51417948
5026548
20724352
85700727
17290134
24607274
65489279
78456800
66507020
27802462
61011348
43366595
43068064
17527464
22877166
6828350
47008398
46798492
8904892
48729750
6828350
16152603
20579435
34165078
29054117
17412651
14553599
26693877
27297081
11933788
26278867
17885555
1429843
10662748
13359151
14813606
14309398
16614457
25593293
8184095
68322925
68061398
57280787
3040006
47317767
32804226
26024092
41524149
42989500
58971771
45529204
36829336
94902558
134386662
67574178
97069926
65282919
23932717
41566262
36829336
68166727
68878466
9708069
41566262
90745201
81005036
46029506
35572329
43316222
47572718
106237312
90373108
74824550
41182190
56736943
77534799
64511857
37083191
9708069
45529204
56685839
46977770
46451263
106237312
37083191
37609698
41380339
63338127
68166727
94902558
31008890
56736943
79809348
132249248
77445460
93791108
49988038
2532370587
5426762
49988038
55414800
2537797349
55414800
2506543709
2506543709
55414800
55414800
55414800
5426762
49988038
49988038
55414800
49988038
2532370587
2537797349
55414800
49988038
2532370587
2532370587
2532370587
2537797349
5426762
55414800
5426762
55414800
2506543709
5426762
5426762
55414800
2537797349
2537797349
2537797349
2506543709
49988038
2537797349
49988038
49988038
2537797349
5426762
49988038
49988038
55414800
2532370587
5426762
2532370587
55414800
5426762
55414800
49988038
5426762
2532370587
2537797349
2506543709
2532370587
2532370587
5426762
55414800
55414800
49988038
5426762
2532370587
5426762
49988038
55414800
2537797349
2291566
48652438
49540363
47878658
48766583
46475017
47248797
773780
2291566
48766583
46475017
47248797
47248797
2291566
3695207
48652438
3695207
3695207
773780
2291566
4791668
82493577
98160697
52172452
4791668
124148560
20317727
108481440
124148560
108481440
118478424
124148560
52172452
25987863
4791668
102811304
20317727
124148560
52172452
113686756
119356892
102811304
118478424
108481440
20317727
118478424
20317727
119356892
118478424
113686756
118478424
47380784
118478424
47380784
82493577
98160697
102811304
108481440
20317727
82493577
98160697
98160697
20317727
52172452
47380784
5670136
47380784
93369029
118478424
113686756
42781594
24643382
42781594
46703322
36037403
69524789
103462379
96421757
38136047
103462379
26979756
48583786
96421757
25925760
38136047
26979756
69524789
81940114
83222492
49718435
44330875
30034207
29746427
44759365
25565968
40029180
53167036
1995485
41189108
50503892
14815782
60033298
55401886
17010371
9839669
32622832
41598423
67548771
567006
14815782
68968867
34456348
14815782
3861914
34456348
37289371
50668588
28169527
41648479
41598423
39699653
41598423
43908726
59854373
46911628
54630298
27180066
54038222
26316497
567006
66056586
287780
43277311
34919696
287780
17553051
51200368
27993035
15331982
48652044
34348432
47005259
55401886
5491814
25069199
3772821
12967858
23052339
26607361
15353629
3660900
30619355
30065421
24923740
19223509
62737242
12647752
55237825
1766986
32213007
8773968
12967858
18073491
13115955
15247775
15011808
15247775
28779892
21461183
27080110
21402552
7495859
25392837
21402552
31672918
15353629
17097563
12647752
48472012
3660900
5898574
40986975
41320491
50938371
29761980
25069199
8773968
45559198
38160873
30230912
33303641
26554501
52795445
38160873
24464235
22782197
19676117
15121790
47004760
9019592
47121866
53919426
28321487
8890721
16049607
36230775
27472508
27145730
53258253
38781791
11918805
29646090
2347969
20356219
17984755
1612031
37946137
32803493
45784836
49162054
34336765
23572782
34930916
34007254
30478653
34857181
56618578
49955396
38244559
4023361
42616489
35394413
19250999
23076285
34722041
12252138
26128253
35409123
19681959
23912281
30717035
28636670
14266774
12252138
28636841
33262571
475551
34795776
30478653
38047058
12219035
34114515
10029431
33554399
40949745
24038277
5959480
33915832
33578142
17835727
25934093
20004472
31535543
27313708
15584734
30840182
29183549
15495712
38604428
41358417
27313708
9093119
32524370
28945381
16105089
28547037
33578142
13711603
15970329
3526474
31595525
27529699
41312868
9766581
34114515
17126868
28554974
15584734
21263906
11683281
31248854
8992564
7810802
40299376
19738397
35323073
28945381
43860127
22678275
27108876
11250202
10051227
22066549
37312140
17835727
35135952
19853980
27313708
14580396
15495712
21554800
18812767
22080817
15136256
23630010
22147269
26824230
38606201
29620561
16882856
46678763
15495712
24670979
36691699
33190607
28547037
35435630
33190607
35920324
34131130
32783710
28250020
3331373
24589624
4006254
5680777
17830152
12863343
22175337
12734617
24421123
12877832
8995280
23027709
19451176
24953502
22849639
22939861
15485844
27000644
10147673
7531905
27000644
8427705
5680777
13636711
16421295
10248643
3063918
12348905
22307062
8231932
11591524
10389817
10935561
24305069
30554299
19277683
23315582
12160976
15685151
28660813
6348904
21272776
3331373
4534367
11274579
15363605
5870727
13287637
10684004
7475369
13779061
27120632
20636592
19055038
24416052
20659587
20649226
13422234
20988789
12033614
12320321
16793320
13350423
14287187
20737940
57070187
22097723
52392624
32897391
28567855
16858575
12159451
20445560
38600851
56225664
52392624
56184797
14287187
36538385
83021647
44784614
12159451
51058734
57070187
68983819
37308187
37308187
86838838
41183500
55231058
68983819
82266670
23102059
68531626
8286109
19655081
58862891
37611561
28567855
85842394
84853104
16858575
43252233
86838838
33901727
57070187
51058734
19655081
57070187
56225664
47939555
37308187
34364744
30886862
10238583
31375699
30997848
49026944
13003432
29884940
31181039
29957171
14133571
37941513
23396608
28933845
54929342
25337888
19964220
24636261
16026075
29477693
16026075
35094194
15355568
44024650
49603851
17401756
40304953
49026944
14133571
14129902
33919908
35826528
40622024
39903030
33632747
16755721
44001280
40622024
17111100
54929342
32021995
41692243
37941513
39288209
57369652
41547729
28206351
21045562
39365268
42390542
2680511
15696181
37820401
23912119
6575499
25290039
41278336
17837883
10909519
16550468
15795784
66406343
47804336
46947939
19355646
25187162
12960618
18149969
11965063
11088959
41992617
24404193
20454291
47858320
34788553
33568749
83437354
45587618
72832918
45384945
54513219
33844755
55566145
89720390
89720390
43829848
33844755
45384945
90416110
100394637
28427662
55875635
33844755
88357974
72832918
89720390
88658340
28427662
73630056
54513219
100394637
16957283
88658340
54513219
90416110
44828492
100394637
106677673
45384945
106677673
45384945
106677673
88658340
38608862
38923375
33844755
33844755
90416110
90416110
90416110
44828492
100394637
90416110
55566145
54513219
100394637
43829848
33844755
44828492
43829848
90416110
28427662
38608862
89720390
106677673
45587618
45587618
72832918
28427662
54513219
83437354
83437354
88357974
106677673
43829848
38608862
89720390
106677673
83437354
33844755
45587618
43829848
45587618
45384945
73630056
16957283
45587618
43829848
88357974
83437354
54513219
83437354
24823251
39187712
22270416
14657433
9588137
26234454
29593979
29003781
20585581
27921701
18257831
26403674
35498238
13959148
26201386
23410084
8534751
39113273
17913678
19087206
19764283
45288592
35129612
17291897
49758703
44356474
52572160
41966360
18529567
12116863
38116117
56521525
10584175
36529382
40648525
38105784
79215872
56765950
25917877
34042593
27596986
43953092
63582886
47368589
47370184
60030778
36773807
1920290
97726101
31928648
30480180
63582886
31913025
9910499
71064294
14469648
9910499
59286794
52572160
28440066
48172779
66895531
52591981
19203243
19824390
52572160
14469648
95711365
58097927
47512014
41139635
31913025
60030778
31928648
39713849
60030778
12088635
673676
40099515
40045586
44312288
43638612
66895531
43385416
41139635
24090488
75897705
42246119
58656868
13801014
36773807
39713849
51761089
56343920
23646469
52572160
25199986
5402229
46252489
40698491
17461627
13814182
21509216
21912931
32678415
32077932
21912931
13466013
16523453
32877796
25002064
39537843
15603566
21440675
11460555
16626632
22386047
1911221
28324192
28957654
11797442
15164468
753388
34193890
18542720
37694177
19666060
30212327
35136199
33489446
15310760
43134978
78181458
89672050
37514371
65982342
49931272
39511274
111453990
59597580
55916590
91886948
111453990
97748500
89479226
84698988
87764282
32289368
123635522
77607329
74040348
75610426
74040348
88205958
24373000
21073427
27725079
18445511
48337408
25477714
16249415
20119761
21845022
50420328
23728081
14395270
6156160
14395270
25590890
29168548
29550954
40747925
25590890
23394794
4964077
31696526
48337408
14361842
31696526
31633874
40288785
16249415
34515031
5268116
36035825
6805787
6218812
21201057
32193664
24034245
24373000
18154188
26428140
4466669
40288785
21073427
15155684
16919073
20119761
11120237
15155684
3690834
16479388
13363237
21159331
53441075
15677941
40747925
12073903
16117626
46016041
34654621
18445511
13363237
40288785
14055678
16919073
15155684
20144610
32193664
21586370
33942138
14940519
24942614
14361842
13363237
38783077
11120237
45214594
20169024
41192029
25477714
20271980
18631353
801447
11691197
11120237
9895173
7249891
8999524
27369652
7145379
11272456
25573114
50420328
20169024
40747925
32188009
19485019
33549754
16542464
14584639
18050508
35477116
14397929
24609661
16459896
30145407
24062746
32720530
29685403
34307477
28269922
31391612
27192141
18004064
33623814
11923358
33698900
39552153
30484061
24520278
27344383
32228037
45086677
46455450
25112109
25036130
41239299
49969080
30586336
24609661
41288782
26772802
35015080
33899469
34820049
24754930
16637394
25335498
13508086
9636154
51415677
29071847
16101108
30484061
17897231
20872966
11249455
15965242
22077823
39946044
11814109
14013717
15278633
21097825
20466946
6164210
10976792
13433535
16226464
25413879
7333115
8688747
14213554
17081086
9410611
16278789
31844633
14902831
24344657
12411808
7226969
2236441
27135854
18675697
24272380
10840445
12322042
14693592
22156810
19818279
29901454
22909606
17338210
11451384
9645906
14255081
7816382
12734069
31362642
17984157
20724100
14542022
20041806
11652981
4347830
19446559
13117884
5096674
15698261
10068027
11185779
14547655
24711104
20759982
27047504
8122348
39638553
22442552
17897231
19498821
18677404
21517264
33620578
56069243
40646693
29083665
36472587
34340869
31322316
45904190
34835632
37778801
30532606
45812629
45951790
19996403
37821835
37248825
19324849
49199300
26454274
48416431
23934119
30380982
44485245
7436798
39787299
45951790
24092852
18385527
61198394
4245089
35417379
36278295
22911518
7177169
18385527
26845090
48416431
11153657
25842181
22642230
37931004
37264439
34022259
34289815
30627205
1589331
35258646
32631553
19996403
46755499
29295418
36472587
3584179
31366774
2520155
20551701
60926753
26454274
38435386
20242626
23770073
27437256
50775232
14965885
31151783
15504295
20075707
43257621
14965885
14967354
1330519
31995522
38208488
30383246
20297904
27946323
35143108
29523906
33389419
48098631
30383246
6346416
33055918
47533206
43313077
30668666
21211413
33052131
3711830
6423688
5671924
16408273
37751805
31151783
17890974
22973120
20898018
11978324
43408835
37750999
21567447
49240781
40141511
29858090
42654469
3717035
23331173
497587
5436274
41647321
25699252
20514174
21211413
47150770
25699252
35143108
41647321
52603301
52229377
50316593
43408835
32554544
36851996
39081115
11978324
24892755
25994555
10863868
8664349
13644203
23619070
19277323
10605303
6423688
24897128
67608658
29140957
72901076
41250273
3048173
71195056
87406937
69067107
69852903
77486669
3048173
50306536
58703736
63860555
50306536
27261192
52418901
28329487
87406937
16696453
37130098
65902638
58703736
23361748
93383409
51787870
29547538
56755609
75780649
3048173
38696204
75780649
34663965
46186361
54422271
68315641
55681445
3048173
34663965
55681445
67608658
51450430
34059506
19744626
36873097
53106626
87215956
44785135
64946932
87406937
34059506
37476516
85509936
83498279
87406937
67608658
56510312
56755609
74400893
32595711
53156450
47833308
16736854
15916459
4687941
15362535
21103575
16098888
15575621
19584891
16527493
15578015
17473289
20215020
15059084
9306400
13419635
26591734
19972691
20275173
14124904
18167154
21743369
25462598
16014540
9768137
26655721
23306018
11070828
19051398
30632963
17690709
7074236
10091994
10054223
25659573
30341305
11594135
18314035
21679005
20533914
22042073
19850034
1838526
22278347
13372043
18655100
39924000
24287764
20180290
18541400
8481867
11893289
31557851
21920904
18894436
7477481
2951369
19122178
13197546
15088001
10182358
29927556
18167154
3769174
25367670
23862991
16796955
8397082
23263094
18898403
11948501
24505438
16635215
16439012
17716946
21471688
18235173
23991623
21679005
14518571
28331920
17811169
24329747
18299960
18207047
18848029
32902267
9513072
16014540
14190508
17248488
22095018
14587497
20127780
14640735
19496089
8627081
9782514
44649346
97017964
44649346
139221974
75359746
236239938
97017964
163037160
94572628
23815186
75359746
68464532
97017964
97017964
23815186
141667310
94572628
23815186
163037160
141667310
94572628
68464532
68464532
75359746
141667310
75359746
139221974
141667310
44649346
75359746
97017964
23815186
236239938
75359746
97017964
97017964
68464532
139221974
163037160
44649346
236239938
44649346
75359746
97017964
97017964
97017964
97017964
141667310
163037160
236239938
44649346
97017964
236239938
94572628
44649346
141667310
68464532
97017964
141667310
141667310
94572628
68464532
68464532
68464532
236239938
163037160
163037160
236239938
75359746
97017964
68464532
23815186
141667310
94572628
141667310
97017964
97017964
94572628
141667310
97017964
139221974
68464532
94572628
75359746
141667310
141667310
75359746
44649346
236239938
139221974
23815186
97017964
27945052
32198319
18250979
25525075
24565163
41448748
13590856
39001891
47091978
28935622
38006547
22142126
32443614
29258529
19824256
24500749
51397367
41072022
24784947
23333679
46676681
37027580
67845034
42082329
47951743
44376641
39733865
61625805
11966999
65156579
51096831
34673405
26982773
29016248
35014240
33171629
74790022
16487177
34673405
40355974
34434048
23333679
47951743
29016248
61625805
47951743
17037953
52510265
39390820
56619274
182929415
55692328
49846428
49661978
93562566
49661978
43816078
149254894
49846428
43816078
89366849
49661978
6030350
49846428
149254894
143224544
17283918
12472749
10663370
26788461
17902783
7726688
17819684
19638020
4025219
13283560
13949041
37512866
7171750
29403797
21444455
13265100
2711285
7750169
10069141
16549631
6984288
21033206
7048838
9568492
12022440
351004
14570383
11601690
4128387
15269575
5347334
4271758
9304846
19689214
14828070
7290329
9919496
16189927
32035872
9021656
15903133
5134447
19445803
13106007
24169669
6848404
13570643
9027732
27744016
33285844
17032517
8122017
10850314
13607447
8436704
5244552
26246263
10917733
5313733
8607895
20462155
21043225
15975445
17162241
66962222
34272406
22303145
14907850
23208707
10718410
70517498
13193671
18321314
6515245
12064325
13772111
9051769
41828620
25022668
45918447
48074210
38188880
6515245
10989857
15989036
24938986
41901390
8011434
8372459
48315100
6085197
41828620
29234887
18048666
15342877
1896921
15089490
71619507
44759824
38674476
41621488
13772502
43864620
33957571
21462792
20851295
28097549
29172483
26326933
32514274
22247200
48437779
16222059
31374798
13169235
10689942
4973956
13104191
31627070
19026040
23476165
10252299
30077444
32493555
8483041
27989057
26487017
16828673
30248227
7075673
29767783
23688644
26588921
19702616
24516261
12044450
35626210
14101473
3310929
33945019
9946801
42835008
15378800
11459300
14525493
4005797
3912094
24472674
12765214
13271554
42988158
8387167
22917861
36258900
11214564
14649216
13140266
23451647
18986107
26617483
19099456
32760559
29394181
38100551
26729367
40182399
13571840
3816285
10877286
27318492
21100717
20070297
37236828
3230082
19970452
8293464
7208767
27878974
28566033
14584748
25141135
13140266
10519696
15057395
31487133
34798062
12367610
14649216
11145301
32382318
24293650
19179915
23088242
27820466
32685370
29435156
23165917
11048069
21101739
29466864
50952702
19500005
32320151
791866
12341741
39154408
27755371
27604110
26852652
24978375
34719084
23240605
26199648
19809654
14096471
25317429
29770635
21284592
45334516
50952702
36929758
29454339
787971
21721108
34976441
51748239
27383488
20363833
20040416
12805821
49255720
22472581
12196168
19477600
21251599
35798040
39974830
93104803
78757770
87768357
33787665
59896857
87854892
6495146
4944185
12686351
24309200
21690732
28109582
16655130
28160248
35046950
10383867
47920631
13302360
16870377
12564216
6109862
23390681
7007204
24719491
33938919
26243187
16878682
5987104
12327231
35654986
12418564
10932744
14785404
10713848
13239196
35507225
28341910
22352766
15795664
33246000
24611061
13966182
11856383
15404282
23542945
8989521
28972458
45702541
13179359
24420935
33246000
19351304
20207345
14238459
18837414
24761386
11807043
26204183
12211197
42266094
13347244
8534642
4831409
27635687
12394986
20924094
18096913
10135521
20424978
14785404
9593742
11777642
21398833
17387219
20053517
14792068
22501768
28341910
27877279
9608485
35654986
15811945
15563211
28509317
24065635
27104659
16328119
24737037
28109582
465434
13225822
22608105
15991324
19382901
13179359
31134178
14631130
29290810
11602192
17942236
14684790
10383867
18956095
67945698
41462333
35961841
41462333
58195620
34446588
38033052
2919712
71219696
64107943
11695187
6574359
48155275
12761400
40814461
16239398
7640303
42969233
45988209
12761400
55039467
74374986
11618071
24644678
32686858
17812766
7640303
54587304
16853974
53408360
44714727
18261892
29767146
62253676
61371339
42275030
149541956
149541956
129788349
129248803
149541956
74501205
74501205
129788349
54747598
74501205
75040751
129788349
149541956
129248803
129788349
129788349
149541956
75040751
149541956
149541956
54747598
149541956
75040751
129788349
129248803
129788349
129248803
74501205
75040751
74501205
54747598
129248803
149541956
129248803
129788349
129788349
75040751
129788349
75040751
54747598
129788349
75040751
129788349
54747598
54747598
54747598
54747598
54747598
149541956
129788349
54747598
54747598
149541956
75040751
75040751
129248803
149541956
149541956
149541956
75040751
74501205
129788349
149541956
74501205
54747598
75040751
129788349
129248803
75040751
129248803
14134558
17973269
3922751
37257386
17943368
17973269
29359280
26097057
17943368
18389392
32600442
40255511
61427239
44942337
77953626
7761462
59589971
22230356
44942337
72229405
13332183
10535603
41124087
34437710
31246907
43680150
12714411
20501237
16149708
12992402
15312322
14833464
17095507
5604061
16252516
10476108
19376987
24999312
10420285
19996228
7918596
12149822
7769653
20377319
5143651
18646279
21290914
14909969
13993911
17945753
26090770
18510235
19970900
11615920
14274384
12807408
12580062
16106205
4015580
17242601
8908998
3173027
3661962
11723215
14688873
23892938
4971621
15845996
12807408
18267878
12556226
12274775
16847242
24217479
11678902
25823569
17844647
26626779
17825345
20912734
14563501
14961877
25547116
15699783
23630722
25597233
11379354
3718384
10878260
5127156
15734733
13128292
7528787
8589980
12736116
16563242
11013786
16080166
47067641
48054580
43218253
21614683
51116029
28211948
19985032
22437273
13735117
22720162
22638263
10718610
51186901
27239117
10330951
24620605
4175081
37949511
41091923
42550068
26941012
19074999
7967912
18477812
23390168
15891550
21033440
28208558
23662578
19998161
18592846
20768396
21114001
41259433
10900712
11326813
21568816
12279728
1321241
9912407
10172949
21439430
18398984
11391451
20768396
23935301
7184563
23926257
24075650
10435827
30723695
10539550
8665378
15444796
24458167
10047710
10812496
23238786
19449496
23618976
19449496
9693890
26612354
30723695
19697931
14429105
20084097
13465878
13846110
26612354
23390168
30739060
28970279
11339177
35067047
24688184
18705951
13879938
27131145
17094580
24474444
16054223
26181367
17164206
14167483
23259686
33008264
15756059
22243491
28240480
23926257
29053157
13951803
26646511
11439448
33487361
24513685
11916501
21439430
18778851
10220080
7675977
50820303
15276670
36978382
7302818
18917321
24015011
31317829
28332376
15276670
14426179
35254449
39549726
21224291
18917321
28368676
42939543
10680915
43418008
37315362
30743840
61485290
61485290
23802663
31524706
37315362
24459842
18917321
42939543
52917781
41242963
9499773
10680915
19405497
36978382
57505521
28613182
50820303
37561419
51600426
33343500
28121215
10075135
18917321
66787453
35739529
31317829
28554245
50820303
17440300
30569515
21618982
31467299
28332376
24459842
37561419
23538780
8535037
35341436
46878206
2306970
49680628
47020121
59064071
14515238
16822208
59276671
15312970
16822208
46878206
66359118
66359118
2306970
36300
31467299
28387337
11326425
24015011
16276281
52521488
23802663
32301400
30707540
59987711
9499773
66787453
31467299
55198551
24254533
31215025
65689485
18610172
8535037
31524706
58414769
35739529
7302818
55886854
8941563
14655247
19089935
19072247
11632313
22968335
4548388
18866631
13020872
22850454
25503025
24993552
17879532
18364347
8032731
5566275
12127141
20346999
30385945
16353930
33211228
18512482
19511365
21317419
22398557
1216196
10122243
18280995
9055125
13694118
19608531
1356998
36544205
11861877
21830266
17071280
25953299
16206410
17892291
19776300
24783897
15101693
26260768
25838479
27099721
7085711
16839793
16077819
27246700
36992234
29935028
19528366
13452596
33563805
22429979
21636971
14581316
22601245
27246700
25495317
18796286
14581316
28495877
18019377
8559759
19194404
5173628
15359808
3252932
349792
19842710
16677532
12097080
11285357
15903562
20206049
19758489
12354801
25057703
24632311
34024581
31568813
37851299
2429835
11663085
32659882
32659882
44762281
16634545
10627191
39933770
19916235
20853019
29299871
16910303
25958628
26036751
16710735
15945575
4688032
27119531
16486067
14016548
31298168
23260516
9443456
13107183
29922095
16369481
42205708
17516893
10053052
20572141
10214730
7188425
29098931
31528736
19915821
2459913
19915821
21489254
28731563
12650956
21619721
35640842
29257601
46362755
18219296
34506300
3182171
26630149
2175431
25258031
7776028
23203993
23746267
32674727
28822051
14432898
24059812
15303471
31440760
17388343
16634545
13927484
29365631
28757408
32659882
23859997
4578951
21481020
27919581
11995620
14743220
30160040
35640842
9105062
40737146
3081199
16907395
22900940
9440568
6949694
44764536
2259051
12009963
8849104
54513458
43620074
72855613
22363800
73956536
52352683
54513458
40315543
52352683
72855613
76600778
18142878
52492457
12009963
54513458
23890081
43620074
78364480
43620074
54584557
21631030
23851022
58750324
55449757
64006509
100451800
52492457
78364480
62846294
91361177
2259051
71037196
45879125
43439794
72855613
39773908
30721653
60845650
84310373
45664354
100451800
92479040
32980704
21631030
22363800
75010724
22363800
73956536
12009963
60845650
23890081
62846294
53793631
37843932
43493778
64938394
74360346
54513458
52325506
69515376
51996546
54513458
2259051
74360346
40315543
63901887
52492457
76600778
76600778
67471096
82708474
82708474
82708474
82708474
82708474
82708474
82708474
82708474
82708474
82708474
1971327780
42413059
17794641
97316105
44627515
31808593
973624
30379413
49900310
46318891
44627515
47292515
78500166
29682437
78733635
59965370
27065657
21261187
21261187
76698304
78733635
76698304
79339023
31808593
108395404
72026266
58305023
9937741
666725
59965370
78790170
49900310
27065657
42413059
29191813
81640841
56049899
4133271
77760011
109369028
29438713
4133271
76698304
21261187
29682437
59152640
36377111
59965370
50702349
77760011
30379413
48760786
9937741
82510942
30379413
46341371
20701423
23201020
60122410
3816795
40846434
18764283
47098692
20396688
23044638
35635642
24182531
54149890
7111209
34014941
23044638
39965785
23447617
30948870
28255430
23447617
17071322
32987692
37783980
57400487
8307442
59899091
7111209
20396688
9237185
24438635
30948870
44606833
69359595
10185026
41358127
3073817
35635642
42787489
9237185
37029639
13997505
38970694
36299391
43267554
14765756
18764283
14656123
54149890
10275109
46866207
23201020
28001468
38970694
21159216
15523077
9782512
29188182
19632057
8307442
54076289
42778821
41600775
51434770
23447617
54149890
37029639
33688002
10275109
38033929
46866207
15523077
27305197
38129854
11655910
39259075
16338447
36890162
31926638
28644240
19520305
13048859
44579472
41718198
41718198
40758316
45489039
32427337
14374919
23452364
38599211
21453823
23452364
23946055
9388975
42364146
27657998
32490073
15122719
30340351
4915088
26283121
29560119
43949248
40099333
27688515
10904334
11697490
14326832
8305367
23735600
27422251
17009026
20934421
27454720
29038835
20945900
22644921
7062082
16814437
29469691
30335806
24569549
24496523
12785617
16704906
29261771
30031378
20945900
4759631
27174906
32875831
12377487
20605970
21394513
17653891
19196807
12954893
32165167
21009290
20311882
30650796
10150075
30031378
27623040
5297881
29923190
3645860
28533844
28533844
15078262
25602563
38894870
18627088
23380721
27973913
20783051
30329342
14502372
23609243
30053492
14042523
25017437
34684841
7796011
10845621
28939498
25998152
28794597
25182819
32222643
826105
22644921
14420604
22142575
20255553
28386636
21627421
16143502
7062082
18653625
25583942
21394513
5297881
42956131
17011234
15203192
25636014
11539795
26040524
33244337
16410731
34942512
55823299
17044748
17771949
25114325
42531536
3322873
56376256
16145506
57612095
16329925
37874649
27749706
29324228
15808366
29324228
56622575
30747687
45988631
18772388
41466502
55675084
34127664
65104313
48605316
14361999
20037083
40367741
29541765
41345378
21648328
13053305
38521895
56565296
39958973
45988631
38218104
38180232
18967978
57612095
43920015
9400540
16713450
12391238
25134091
4028657
29541765
65733773
28368518
74262533
44099910
28680162
33242901
28803329
6123147
4323999
26940850
47303205
27483545
53364258
38477866
47303205
42097952
20371701
20102650
59381867
24694152
42725872
30517784
12255402
47609527
13913936
5209851
41705230
41306159
59302754
33897296
38131505
21171249
20668795
20668795
37071950
55068545
26430116
33897296
16035515
59302754
41882730
23573738
22195907
5209851
21171249
59323797
15133257
21938693
69177252
23729540
29553025
18576129
21336437
19319772
26128580
24734637
18530130
19070828
29056353
20286865
22338134
33801220
38402116
13882683
21327963
23878452
13582859
24945574
13541854
13342276
18270038
18556038
15478658
29080610
12026225
31110337
18305914
18500922
11070380
27090636
34529396
5786907
13837729
30186032
11007723
18107627
19981386
18169509
14860682
18965147
25605695
26539104
25950000
4716668
15518105
10295380
17166262
21737784
26952858
13692858
13190895
12072049
12575714
16237518
12405014
34992065
27696160
14123908
21277351
22037417
22832980
30236063
7644405
1730606
16129419
33535790
25347779
45448766
3448735
25254437
24975110
25029903
16458940
24679344
23124076
17842126
32207042
23200817
15771444
31320502
23092614
21193612
32081460
26709934
36518851
18457686
25707892
29257534
24436054
12530677
16062277
39175549
21305970
27867259
22445099
34437682
25605695
34863919
26220604
18805300
23482203
6481991
38024708
18628244
17567022
14070879
27864926
9884987
17085565
15826333
12290625
35220831
17085565
34396676
13496939
22037417
20960950
28844776
10935140
16437647
35220831
29920468
29312264
13928802
22981267
25061523
22148237
23361674
17405069
22034823
22085235
2898610
8201290
10392312
18780737
32146200
24164865
21706752
22104874
24932399
3861531
33999626
16181193
13097107
22107191
18345712
33567621
26069400
6692345
9676177
11909325
14532427
17699297
14691969
11635493
18403153
14714071
14521206
24278448
27178097
18448333
26954759
8724046
19410558
26044057
25569452
27282096
22030320
28249117
24038792
966117
13835365
6790356
17545965
28249117
4443073
16351223
32146200
21734231
27828083
6790356
20577076
33245535
16186223
19570115
18140883
24136266
27459584
4782674
13522014
30834747
10937816
19172845
23353455
53996884
14399961
13896195
16732109
17348605
21044588
36344158
30394548
17084487
34043925
23343006
3920723
6470472
30111679
18244544
28238756
10597656
20436553
39648876
37639377
28202280
53021732
40175921
16409620
3920723
19490520
19208117
37432605
38581443
5437538
25792097
21044588
33216586
28403389
9899852
14273635
6470472
30230339
29981801
17077862
24358203
6146588
23480860
12580671
41197991
24758411
14612623
21072029
6438783
22764322
32263101
12625442
25397354
28238756
13035882
38280425
17348605
26441009
29092376
23432975
9570527
24900033
19402867
25663608
19172845
27993262
16732109
29998878
34014061
11764998
31562905
48565752
9291870
30111679
27986568
22753461
23480860
28403389
25222883
8747324
22309276
22508249
21750773
11071435
39820957
28221245
17244766
8629186
20473198
17861046
18725929
10738343
20144174
25899856
1380649
14093273
22893980
12996846
19782477
11328488
32648379
27753063
10240498
42739900
19083725
36421187
38776083
15958997
31830500
31645686
14654012
23357498
17039693
28367889
24326446
22415248
25140116
32351805
19251696
31241717
17086766
19957920
25763403
10785368
23851782
18815331
26283149
6346579
3924338
17974623
28677793
2568699
16146465
6599242
10849847
10312284
18494524
21604392
3744829
23573833
13647730
12187224
10064226
5944024
47929499
24326446
1148898
9935437
15887331
15826858
11115673
18777825
14030980
19711040
23104846
8875052
4453332
21501267
12794272
6299488
22373890
15282764
13484416
30580093
16045813
19005971
13876570
16958110
5614274
16487006
23945474
14157586
12283621
30362830
12753545
14992237
31134226
10718452
18062630
16797979
27063585
3564383
1835476
17483618
20223672
10810634
56382182
2311468791
2333459506
21990715
21990715
2311468791
34391467
2277077324
2311468791
2333459506
2311468791
2333459506
21990715
56382182
34391467
2311468791
2333459506
2333459506
2277077324
2277077324
34391467
21990715
34391467
2311468791
21990715
2277077324
34391467
56382182
21990715
34391467
2277077324
2333459506
34391467
34391467
34391467
2333459506
2333459506
2311468791
56382182
2311468791
21990715
2311468791
2311468791
2333459506
2333459506
34391467
34391467
56382182
56382182
56382182
2277077324
2277077324
21990715
21990715
21990715
56382182
2277077324
2311468791
56382182
34391467
56382182
40451581
105604757
65220346
119682963
46839030
72679248
55769544
35198659
33034178
4408884
63148594
54384767
60543645
38889488
36770295
4408884
105604757
65596510
72679248
24381618
34386878
5252922
89035408
61795894
63148594
82037689
56972143
116043236
32361411
72879305
46839030
55769544
27007828
40451581
6987689
77932170
78063180
1664871
100351835
61795894
54384767
67626383
54384767
82037689
37414276
1664871
30426587
78569062
89035408
39549298
16267286
56718867
39549298
66715269
136945410
63930916
96661006
51465945
34656831
46839030
72879305
31369307
47636593
63148594
60273692
33170600
54384767
16267286
100351835
67557478
5252922
48776137
59413158
81353761
57434415
39709696
82037689
33170600
31369307
35198659
33170600
116043236
39709696
33170600
5500874319
5500874319
5500874319
5500874319
5500874319
5500874319
5500874319
5500874319
5500874319
5500874319
5500874319
5500874319
5500874319
5500874319
5500874319
5500874319
5500874319
5500874319
5500874319
5500874319
5500874319
5500874319
5500874319
5500874319
35410271
8217859
29500753
43701505
21537108
50083911
24917518
42321199
34075625
52981394
38435764
45516734
15696699
10276817
50074829
37760656
48914091
31635527
52748231
25897998
35861126
61332872
25135483
26037304
54458293
39798012
21812520
26966414
31311661
17579026
52767065
36665216
5946926
20807601
54927701
32904354
9543882
45399666
33352464
48664970
29500753
25590017
15678074
23713588
26115500
32202258
26120758
37357734
48888538
26236340
43447160
48888538
32075771
35412300
2179470
51152394
37564115
23769172
39539453
31832119
6599167
36341343
38435764
38013132
13493669
22626174
27547822
21537108
30887993
35410271
32174673
12627089
20103291
17586711
21747562
39340195
37271795
33043856
24917518
13351385
17239667
33668170
35815182
28728938
38040596
21827496
50300672
17239667
29727450
35014074
43710884
39625527
35448785
41981464
32676216
26500702
24941158
21418138
17575018
26039813
47871906
12163466
17522571
25386830
13269302
29947448
18249203
42835634
29872444
37752509
32323781
46611760
17490631
8427077
19537975
4109664
26219756
24575981
15861187
10917943
17857705
32117756
27579086
19678701
14476497
16700694
14536226
32906365
30989057
30431922
33375664
30589098
30839938
14916640
18501255
37385047
23858413
1065410
21570076
1157011
13620721
3262943
17355514
8753976
11371189
15526285
15890766
4371702
28916403
7157333
23090193
31433995
16003923
30148704
477638
24407739
23858413
8772310
37752509
30410064
45252786
23000235
6017077
12814596
16065980
34466890
21465003
21762049
11633244
13228876
37649277
13749661
15653763
24941158
17490631
24177476
16247689
16700694
33792886
19978880
12566078
32998441
2792685
11692243
20515546
8080760
13076234
19058005
16059984
22575198
13297897
22697674
14685356
25306147
11081495
9148505
12700381
32577773
21169037
14285160
13722128
14685356
4461705
23074356
20981664
8608106
35001215
12051578
6146885
21848832
6997173
436711
30108114
29900040
39313147
20845087
19437124
9873166
31104364
25414910
5758781
28880282
12705069
12373167
27516191
23933718
12268880
21701707
33055848
30476543
17199564
21774986
21159818
8858635
9828999
12607868
18773935
4076375
17109900
3649413
24641274
5758781
19193517
19193517
13076234
17835795
28443571
10394990
36232430
21401256
11682331
22584598
7131998
7978526
13019974
29662796
13263447
12668511
12923207
14802056
19390784
23787011
17835795
16825528
70193015
35231851
29370498
15890368
22033416
40334763
33371877
21812596
31960022
23508860
33489756
29230950
26831641
40253276
8153191
12054556
39357966
20577738
22033416
29431088
31342559
4510918
38841001
33913015
55799799
16066820
25393394
33489756
48971404
22033416
26193836
22033416
22033416
27908955
31386927
39357966
42364984
40785485
20748885
25218686
48971404
45699575
35563416
29431088
29431088
35197546
3318713
21546186
222428
16575323
14997217
21546186
9070237
12998758
18944602
17257153
11109955
17953526
9032923
16062745
17170047
20418255
18642338
2591828
14602384
17833340
10862676
10010467
23029936
20693301
16029428
32915264
18876413
14162031
29473146
26077783
9813418
29493511
18065551
8067835
10429995
2685977
35110266
25862637
18193339
16913835
21595060
22898670
26618927
21595060
25395283
18762654
31133160
29473146
14997217
11819269
31613018
8966287
24173086
11347808
15921145
24883248
24173086
30192306
19023639
15176161
19834146
17505670
18643647
20237763
9786472
14267763
16729607
14251059
10336111
23573946
31002049
13923645
21155356
3751208
18532471
1812726
12336641
25711904
22470906
8205271
18763930
7035742
8205271
12415293
12318445
20603256
18316177
17300735
2295995
13347438
17250020
28306558
11513616
13473693
13785912
17097773
17916201
24920792
9254585
19981931
11166349
19366622
16071342
15551451
29647844
20551054
12132278
13167359
12647575
17847032
19983854
15255085
15878049
25085797
27372846
6721872
7919880
15283788
20187724
20226094
29764218
14211574
22511594
31050075
14346745
22425714
21691805
15010917
12821792
15493876
9867323
21181933
6141535
13732199
9864019
32080104
28306558
18355617
8535099
10048774
5278799
12825099
44810474
51943670
30522653
38156244
40759345
26739555
46971283
42243223
37183612
32323170
72546773
1528021
43201611
25941381
30711552
38156244
47055992
22773476
47713207
40905754
24714931
29712518
50478628
52110699
42243227
46971283
49865335
23599885
60764117
25077042
69632971
18604982
25513105
45578589
34414445
11815937
36316727
80378817
55964510
13101241
35258702
35258702
45393479
52908873
67474073
29345162
56489450
62101586
45393479
18602298
55691276
19400472
46904110
25941381
83349300
56489450
37183612
25941381
46198393
39274173
36535799
46198393
42443546
25941381
37183612
94477739
60845525
51282534
39049600
39263568
67334125
57801838
47055992
43195205
61643699
22773476
54104547
64522444
29705213
87239990
43545563
109620147
87239990
54104547
22380157
43545563
29705213
109620147
43545563
22380157
29705213
87239990
87239990
109620147
139325360
54104547
22380157
43545563
43545563
139325360
52085370
54104547
43545563
22380157
139325360
109620147
64522444
139325360
29705213
151762434
43545563
52085370
151762434
87239990
22380157
87239990
109620147
43545563
139325360
52085370
29705213
43545563
43545563
87239990
29705213
87239990
139325360
64522444
52085370
151762434
64522444
54104547
109620147
151762434
151762434
64522444
64522444
29705213
139325360
29705213
64522444
109620147
54104547
22380157
22380157
139325360
22380157
139325360
52085370
54104547
43545563
54104547
151762434
43545563
29705213
29705213
32658921
24146402
33820658
11340840
17466784
9913969
25549177
55287137
26711070
22876630
1359631
31590982
7556175
27096317
13107167
25908704
18624383
10105430
30400119
11335241
16805313
18051892
8882749
52699258
32619509
19832311
25687579
13137557
15650455
31189449
49117725
5016162
56777194
13269146
51501960
19303711
24121031
21199129
18051892
11297953
10616055
16281536
40590044
27905638
25679739
22728625
10228715
26711070
15949385
47181842
56445823
80267048
27433429
34021436
34021436
44870391
27998496
99962503
32339505
53762368
44316304
32382761
40311010
32853252
32143010
26612813
39552724
15873804
62449489
41458723
99962503
51180640
29079672
39395801
79569387
16548722
80267048
60794913
52939234
23678920
33169398
23792745
23678920
43645013
52542562
49935739
33169398
33870089
42445486
40311010
59679183
46396959
20764665
20801400
22557924
9953303
30107483
17794450
31515041
30448388
15209285
11103693
19098135
17658665
20373391
23832196
28773866
13207650
28574944
15386175
9633819
30432593
17053201
31229127
28992254
41920880
26200320
13661530
19809624
29806649
19281761
30448388
11657037
18462327
14633954
13695838
20758872
23343074
13152047
11355511
9601345
19568714
27841643
11957665
12320343
9654279
28121486
14633954
40288170
6554972
12324262
31071268
26851215
9725197
15249731
32141907
9725197
13254718
37822676
23275668
21737022
30410462
28393471
13035638
4274771
10877257
25075473
16818637
14040424
27038045
17427386
30208907
13152047
31373754
25477495
38602625
27018985
19629200
22557924
14064725
28237743
18432757
26702677
13617831
10956385
26256130
17166859
18510622
16356799
17622491
20375626
28082114
34350952
37683757
11337932
28841379
15466095
20375626
10296963
45029792
15393112
51430595
11591613
28760458
22198088
1263784
9337053
21090802
11746283
114521350
114799824
44857365
29548016
62809030
41996034
74843715
44857365
78118379
62809030
15309349
41996034
27757367
29548016
41996034
98784186
123357243
78118379
111938493
84973334
44857365
72525316
107666395
24573057
98784186
98784186
111938493
84973334
98784186
90566397
114799824
12448018
99490475
29548016
107666395
74843715
12448018
44857365
44857365
27757367
27757367
24573057
44857365
27757367
72525316
29548016
114799824
24573057
78118379
111938493
24573057
99490475
87382087
98784186
24573057
24573057
87382087
84973334
12448018
41996034
123357243
29548016
90566397
90566397
90566397
99490475
41996034
90566397
111938493
123357243
41996034
111938493
98784186
29548016
74843715
62809030
90566397
123357243
44857365
111938493
27757367
99490475
12448018
44857365
29548016
114799824
123357243
114799824
87382087
123357243
12425385
25773368
21015002
12859521
23855988
23833707
5950340
6852391
15879694
5110404
25077771
32286662
32286662
25077771
27223025
25077771
33137129
64462384
78773411
7208891
73709774
78773411
25077771
7208891
32286662
78773411
64462384
7102136
27223025
2145254
78773411
71671275
71671275
71671275
78773411
73709774
78773411
9354145
73709774
2145254
7102136
30991875
7208891
33137129
52400853
45298717
66607638
39384613
52400853
46486749
78773411
71671275
52108268
54081476
24932711
37900287
19396135
39228543
52669957
76332161
38932633
21878933
30152866
39968437
48620352
34694959
33321528
48261959
48854029
31719640
44118567
34320011
74383180
36622461
76606601
53954893
58451807
17490453
34213473
219333
94144383
53448573
33994140
92077607
46568687
66310107
219333
72623174
72623174
219333
27324978
18154794
17490453
19822773
35302388
35800099
72842507
19822773
58451807
35958120
53457182
92086216
19741420
58451807
92086216
18154794
74900674
70591064
92077607
219333
170221
7345045
18311939
8372400
20643769
1027355
33109451
19141143
27182769
26529200
23266562
20433079
8805980
50391045
30418898
22388780
19229093
11587643
16251442
23265788
25573067
17888978
24260599
18330513
14995472
12095671
30122963
25202994
15878802
42225996
25611291
25470874
25537364
36630045
4144670
13460350
31066237
26740808
31769640
26178336
14416576
6353921
30697664
3613141
23843463
15079736
32217637
21374590
23331837
24819800
14378259
11231544
32343786
16301763
38746019
14378259
19620857
22259484
23222050
18487815
15713822
16366535
18846470
9559703
38478926
41750222
16910766
8233878
20475903
19114893
25850229
10654513
18854774
29509287
19953240
19205536
14227846
17289633
12525402
15634326
12158710
41137212
18311687
9254481
12414610
5334063
25515696
18930503
30842863
16819904
39401339
26688867
24736831
15507764
43694474
26209114
33038551
19324543
26070358
19307415
20855675
37064162
27627646
26897518
14183452
29346704
6618497
20696602
23862628
31603832
31603832
26142345
19657347
17902994
18701232
40321577
13450041
28434621
22289998
16225311
23586048
12686168
31206726
27627646
30640406
17630021
24083367
24230758
8825374
11579021
29350118
11471914
14970841
26313146
15596339
28240982
40078043
26984396
36821176
30243189
24776335
39346553
22818618
15294697
12808227
15223134
14293021
40078043
18885163
28505686
31279307
10050689
6463878
30243189
16872536
27748288
11052579
35431564
5591342
19409886
20759049
43575037
34654455
20401091
44374138
53228326
22622037
59628105
43056939
31691727
3559881
35647095
47520784
47685895
54276690
45057603
27114822
74813570
22696511
65715287
27956878
37517820
41209500
71076272
8597905
56986288
14980283
62633448
101676465
59348538
40293364
33366767
47214720
60425059
66130189
54391412
68333472
59348538
68333472
60304496
60845971
46271773
37657822
64079622
58101213
27922808
46363031
74952920
60304496
56986288
40293364
44825599
25925633
66130189
47214720
99154161
46363031
40293364
66686874
60304496
46363031
59535013
54042681
71076272
44031285
10664518
33366767
46271773
25925633
41052948
54042681
59348538
58101213
110330679
4936204
60425059
48009034
33609380
64079622
45484574
61839134
50952641
62633448
37315027
2240488
49455208
64284742
49455208
44825599
54391412
59348538
41052948
54042681
8597905
69236791
57108050
101676465
61839134
33609380
45484574
14980283
68333472
56986288
36590151
17561766
65240700
48322340
60425059
36590151
71076272
37966887
33366767
8597905
51171146
59535013
20405989
21595714
18307050
32456028
20666379
19238121
33015563
31516005
15473375
22377270
25584178
10202267
15758008
23644422
35923531
14803220
48212433
15246758
30722037
14969576
8108047
25911273
9055883
6966597
13810488
25983268
21459491
22741726
29811485
21855270
18119089
26493051
20631778
23368212
25742585
22008261
20152121
3035091
40131976
10729159
25716132
16142622
9682242
23368212
19889843
32888228
35227578
102499246
147094066
67284062
57851966
106587341
31108227
71310805
98392289
13458839
93128502
60803785
74619489
50737094
98392289
80742901
123211671
93128502
67284062
37198041
71310805
98392289
37198041
123211671
72474577
147094066
31108227
147094066
88960193
106587341
106587341
51762152
50737094
60928625
38875918
51762152
31108227
31108227
84113182
80742901
51762152
84113182
109672618
50737094
106587341
74619489
72474577
50737094
31108227
109672618
98392289
74619489
60803785
74619489
51762152
37198041
23882395
88960193
34112764
44567066
51762152
51762152
31108227
13458839
34112764
71391019
51762152
67284062
88960193
72474577
60803785
98392289
