31
14
5
35
33
24
38
29
4
27
11
35
85
85
57
74
129
72
111
33
62
98
50
68
62
19
39
80
18
19
39
56
119
29
19
90
98
135
119
18
93
98
93
119
131
72
105
85
98
52
68
39
93
70
79
98
28
35
22
29
42
32
15
36
27
24
19
23
1
36
48
14
35
26
38
9
24
40
29
27
51
69
25
30
11
29
25
26
36
45
3
37
25
25
24
35
24
39
26
29
28
46
27
23
27
35
19
37
29
13
23
19
53
14
35
35
23
38
37
24
27
40
44
50
29
23
52
31
24
39
27
28
32
37
46
24
51
39
25
29
1
1
38
37
36
29
35
34
29
43
3
17
106
70
27
70
79
145
104
17
5
17
101
101
52
69
5
76
27
79
69
84
84
145
84
76
89
52
79
42
128
42
84
5
99
75
101
128
5
118
52
17
118
92
31
31
31
75
74
43
92
92
141
75
23
92
31
74
118
92
43
75
75
74
118
74
98
118
74
31
98
31
31
23
98
141
118
74
141
98
141
92
118
141
23
98
141
106
74
106
23
92
106
98
43
92
74
106
98
64
34
100
4
56
32
46
93
35
24
64
53
13
100
1
93
55
53
55
63
56
66
66
47
35
5
66
23
60
48
53
31
40
39
26
67
46
24
40
57
39
28
31
28
53
66
5
82
35
18
35
47
81
4
51
57
60
66
62
52
27
52
30
21
13
55
5
34
93
18
40
45
49
52
23
77
65
491
491
491
491
491
491
491
491
491
491
491
491
491
491
491
491
491
491
491
491
491
491
491
491
491
491
491
5
10
16
43
21
34
11
29
30
19
17
18
48
16
34
26
36
13
32
17
12
16
30
21
21
44
21
8
29
19
29
13
13
34
24
18
29
45
21
42
34
44
8
13
61
9
3
25
63
3
24
29
21
11
12
27
33
27
30
13
48
29
42
23
34
31
34
21
23
19
20
32
43
32
21
23
12
16
64
24
40
19
28
20
19
21
19
18
35
20
47
29
27
24
36
30
164
138
57
90
90
96
57
96
40
132
132
40
132
40
92
47
18
61
64
37
54
5
30
52
38
30
34
66
66
30
65
13
41
47
34
18
38
43
75
25
47
35
42
34
33
49
8
34
4
34
28
37
20
38
21
38
20
31
5
30
30
79
43
13
30
68
45
52
10
50
33
40
4
8
22
32
43
28
52
44
7
39
60
38
63
4
63
43
5
24
61
80
20
18
55
23
35
84
387
387
298
298
298
298
387
387
89
89
387
387
298
89
89
387
89
387
387
298
298
298
387
387
387
89
298
89
387
298
298
89
298
89
298
89
387
38
39
20
50
15
44
14
5
69
60
48
25
30
62
6
32
44
41
110
62
45
9
27
24
12
14
50
47
20
15
67
55
75
71
30
51
74
11
58
28
62
28
51
30
7
15
6
7
32
66
69
21
29
39
20
29
69
74
40
60
62
46
55
71
64
29
51
23
37
81
77
55
33
43
44
48
69
45
53
53
33
33
70
62
33
29
37
36
60
53
41
33
64
70
22
47
29
25
63
73
37
52
29
73
25
38
71
39
66
44
68
55
53
53
62
22
37
66
33
70
69
62
53
44
87
22
22
60
77
62
46
39
41
35
35
39
37
33
48
52
9
87
55
28
53
16
99
99
99
99
99
99
99
99
99
99
99
99
87
148
87
148
76
24
100
15
65
77
61
26
148
15
77
15
81
43
56
65
27
48
61
56
30
81
23
67
65
61
23
33
37
11
11
72
35
29
18
4
60
30
34
65
35
78
31
2
29
6
30
2
78
81
43
11
29
35
40
65
38
37
9
28
33
20
34
4
34
64
78
30
41
15
57
43
65
38
67
41
67
8
22
56
11
67
25
36
13
36
25
11
32
48
12
33
38
73
57
69
39
32
7
69
56
26
34
38
37
38
24
46
77
67
21
55
69
61
45
3
13
28
28
45
25
12
46
32
24
46
45
77
51
23
65
13
36
46
19
4
7
38
36
52
130
87
143
134
56
65
17
27
124
118
104
87
24
44
37
21
35
36
30
19
8
8
23
30
33
46
34
43
13
17
46
25
31
38
15
6
26
6
22
21
19
35
50
16
10
16
38
17
35
40
21
21
29
31
17
48
45
43
2
19
36
79
59
75
47
44
55
83
44
50
36
69
79
69
95
57
41
79
60
47
79
51
107
77
50
26
50
22
11
135
33
50
85
79
52
33
79
135
52
52
83
33
11
22
22
52
57
50
83
78
33
135
74
85
128
74
61
128
85
74
11
94
61
57
79
128
128
85
135
79
61
61
85
78
128
22
74
85
52
52
94
50
79
135
52
85
50
79
57
61
85
79
74
11
33
128
50
74
52
74
52
135
11
61
11
85
61
33
135
79
83
74
50
78
52
94
135
39
39
6
32
25
14
47
49
3
21
51
33
4
32
76
12
65
33
29
49
56
39
31
8
51
27
3
61
64
34
11
25
11
33
64
11
8
12
67
39
24
26
28
30
35
16
29
23
32
32
33
38
27
11
33
28
25
3
3
31
14
20
12
49
48
6
43
29
26
21
14
8
12
38
8
16
44
23
12
33
16
10
38
24
39
55
20
49
14
61
10
32
41
30
34
20
33
25
20
64
80
65
88
90
94
98
62
117
98
86
103
61
73
14
70
14
87
90
58
25
25
89
54
61
42
87
31
88
115
70
31
17
93
57
98
48
115
62
45
88
101
28
61
17
33
34
26
56
27
33
54
26
74
77
66
42
49
43
73
8
82
46
50
66
33
34
73
37
5
49
62
46
63
81
41
8
56
61
26
47
8
25
6
33
33
5
55
82
54
31
55
1
63
74
48
82
31
57
27
49
26
44
44
31
49
1
6
82
10
50
50
26
47
8
66
41
5
5
47
13
46
31
66
49
38
81
57
82
33
75
62
34
75
37
75
42
59
75
101
75
75
75
75
117
101
101
59
42
59
75
101
101
101
75
75
42
101
59
806
806
806
806
806
806
806
806
806
806
806
806
806
806
806
806
806
806
806
806
806
806
806
806
806
806
806
806
806
806
806
806
806
806
806
806
806
806
806
806
806
806
806
806
806
806
806
806
806
806
806
806
806
806
806
806
806
806
806
806
806
806
806
806
806
806
806
806
806
806
806
806
806
806
806
806
806
806
806
806
806
806
806
48
53
50
45
64
33
16
60
33
39
38
39
64
38
41
27
42
62
39
16
39
46
20
27
38
48
29
47
41
26
47
43
17
49
46
34
4
34
43
43
43
55
42
27
2
2
36
58
44
20
23
49
35
64
29
42
26
29
35
48
30
55
27
48
43
64
64
36
35
42
47
27
43
23
62
51
47
21
21
33
58
15
36
27
67
34
29
15
3
31
64
40
47
53
72
47
64
36
45
75
5
1
75
51
36
7
77
77
40
29
16
40
51
43
60
16
67
42
17
36
43
46
11
43
47
26
77
32
69
36
76
53
42
7
11
42
1
47
42
34
46
76
77
76
53
65
51
27
47
76
45
58
75
44
72
60
43
76
53
10
75
65
33
76
17
76
45
9
51
45
36
76
7
51
29
58
43
77
76
60
58
65
77
50
1
70
56
31
20
5
56
58
58
44
61
28
56
12
32
70
25
45
22
32
45
12
56
62
31
47
32
56
56
56
54
62
44
65
44
44
45
36
32
31
42
56
31
20
36
53
56
27
45
36
45
42
55
55
11
55
136
68
68
42
84
84
20
24
24
20
51
44
26
43
58
88
48
18
65
43
74
43
5
30
30
29
18
51
66
69
51
74
25
31
8
82
82
71
41
29
40
73
20
29
58
67
26
84
47
7
12
57
51
54
51
12
39
40
57
70
39
54
65
69
67
22
39
83
58
70
55
15
72
55
24
94
66
47
29
69
58
29
33
43
15
73
4
34
34
34
35
65
52
112
34
54
2
35
90
4
87
52
52
52
92
34
83
83
90
78
94
98
69
83
42
42
112
112
37
53
90
37
19
85
49
60
49
22
37
47
30
4
30
39
25
28
50
66
26
47
36
34
51
14
38
49
37
18
26
41
35
11
53
14
35
66
58
43
42
35
66
22
19
85
38
11
49
4
48
38
60
50
32
34
25
34
63
47
60
53
96
61
73
157
126
61
96
73
73
53
61
134
126
96
73
157
134
134
76
23
76
134
126
96
23
187
157
76
187
187
61
134
96
187
73
126
76
61
96
61
187
23
126
187
134
53
61
53
53
126
28
26
21
45
37
83
95
47
83
88
37
88
83
41
88
88
88
78
47
41
54
88
54
78
36
67
26
16
12
52
23
44
20
26
36
40
20
33
23
21
37
27
13
20
35
39
40
33
15
24
25
15
49
48
67
50
5
32
25
15
27
31
34
23
16
15
13
20
34
22
27
35
32
25
32
44
17
25
28
67
39
23
31
32
33
14
21
49
39
13
7
34
39
44
73
13
3
12
24
12
32
26
24
8
52
23
60
82
80
58
3
26
43
75
39
28
79
55
22
3
68
10
32
40
14
52
13
52
82
73
58
60
74
44
60
93
11
63
62
71
21
24
11
27
66
23
86
16
86
64
86
50
21
67
16
60
67
39
63
82
66
114
58
67
63
27
27
27
66
48
50
60
63
74
11
67
44
49
16
11
43
32
32
74
71
63
16
23
24
93
50
39
43
49
22
78
127
88
17
31
49
53
53
113
100
49
86
49
59
17
157
159
127
62
40
127
9
127
59
66
140
140
113
131
166
157
113
100
27
159
62
22
49
100
159
62
78
100
131
100
49
78
131
135
88
157
22
113
100
31
157
40
86
131
23
20
20
70
33
38
29
18
35
25
56
23
5
64
25
41
23
21
49
37
15
38
32
41
14
35
75
28
41
9
7
27
6
75
35
28
17
49
69
19
14
44
21
21
32
37
9
60
56
14
9
56
60
41
47
35
70
26
49
40
32
28
30
49
21
49
2
56
27
69
57
42
41
27
32
41
23
25
28
19
35
32
9
19
17
23
2
23
37
39
40
64
93
40
44
20
8
23
34
20
24
23
21
24
28
93
40
8
15
36
12
40
4
25
88
96
30
5
47
34
24
21
17
25
25
13
105
13
25
17
15
30
1
12
12
6
109
28
88
28
105
29
7
98
27
7
27
101
15
88
12
13
5
25
1
36
20
11
28
15
11
4
30
4
105
11
96
15
24
92
40
97
108
89
139
73
51
131
108
139
109
94
92
139
47
47
94
73
80
127
28
91
87
101
80
127
118
85
40
85
16
28
51
116
40
24
59
101
108
67
101
89
24
59
67
47
101
108
16
101
12
139
97
89
101
108
118
51
97
67
24
73
108
127
40
127
24
89
91
24
73
94
16
92
139
89
40
131
16
85
58
62
87
34
28
67
54
43
47
58
67
28
24
77
50
49
60
60
50
47
71
49
8
60
16
46
42
67
11
30
67
50
43
60
60
28
72
34
39
4
60
51
29
103
54
95
79
29
46
75
54
63
40
4
89
40
51
21
17
60
17
67
14
83
44
33
53
67
63
17
47
9
44
23
27
8
33
83
83
57
63
53
95
58
36
47
84
69
17
10
73
63
45
59
46
58
77
40
67
58
72
315
72
72
315
72
315
387
72
72
72
72
387
387
315
387
315
387
387
315
387
387
315
387
387
387
315
315
72
315
72
387
72
72
387
315
315
387
387
387
315
72
387
72
72
72
72
387
387
315
72
387
315
72
387
387
72
387
72
72
85
85
85
85
85
85
85
85
85
85
85
85
85
85
85
85
85
85
85
85
85
85
85
85
85
85
85
85
85
85
35
146
89
146
35
127
127
54
35
35
35
54
89
127
35
35
92
89
127
92
89
92
54
127
127
146
35
127
92
89
89
54
92
92
92
89
54
92
54
127
92
92
89
127
127
54
127
127
54
146
89
92
89
89
54
146
89
54
89
54
92
89
160
59
75
107
101
73
73
162
73
169
59
59
59
169
59
148
1
162
107
59
106
101
162
101
94
101
88
73
60
73
162
162
47
85
88
106
162
47
148
86
39
22
44
1
25
33
31
39
42
19
22
17
13
23
23
15
44
31
25
22
17
21
41
42
43
39
40
33
39
54
22
13
41
26
41
33
26
19
13
34
34
39
17
23
39
21
54
1
40
39
10
26
42
21
31
42
5
38
97
94
97
89
7
10
89
89
94
90
7
97
10
87
7
89
97
17
7
90
89
90
7
7
97
107
97
90
89
89
17
107
7
17
97
90
94
90
97
18
34
32
8
42
19
32
20
28
29
25
19
30
1
20
22
34
36
15
19
31
41
30
32
33
31
29
38
26
43
37
38
38
58
38
36
38
47
15
33
21
15
1
29
5
23
45
46
26
32
46
43
41
32
36
12
32
36
41
4
38
36
1
33
41
12
36
25
46
24
37
31
25
33
43
28
1
25
27
5
47
30
32
34
21
34
37
11
41
30
26
34
31
87
32
48
81
19
42
70
148
84
81
75
43
47
56
31
56
106
32
86
62
86
42
58
22
47
78
5
5
17
56
116
22
64
58
90
87
92
62
78
94
50
37
22
86
58
78
62
22
90
59
151
42
32
75
22
59
92
67
75
86
87
92
81
525
525
525
525
525
525
525
525
525
525
525
525
525
525
525
525
525
525
525
525
525
525
525
525
525
525
525
95
40
83
80
69
83
32
99
30
92
95
89
64
71
41
53
64
79
99
25
79
35
35
95
73
30
55
73
108
21
62
94
98
62
115
73
108
41
113
20
113
122
113
22
79
41
21
42
38
32
86
41
79
42
48
38
60
49
34
117
43
67
43
21
48
89
48
81
32
79
113
52
92
79
113
53
4
81
77
92
113
110
86
43
21
52
41
41
49
86
20
20
41
86
49
101
28
43
76
74
63
31
46
36
45
7
58
51
17
23
39
41
34
22
58
53
4
46
32
41
36
64
36
52
28
30
23
50
68
31
90
50
45
39
43
29
45
63
62
50
9
30
73
41
43
27
16
29
41
30
16
22
39
22
41
75
39
33
35
23
46
40
43
50
25
16
75
29
20
49
14
64
74
39
74
52
53
39
75
76
39
12
58
19
19
74
12
101
77
24
7
15
12
7
19
48
67
57
30
53
29
57
30
33
52
12
6
59
34
7
67
59
75
29
30
40
7
19
33
54
21
57
27
71
48
30
19
48
39
39
48
29
33
6
15
21
47
205
55
98
55
107
162
107
162
205
55
55
55
205
55
107
107
205
34
16
47
33
24
28
22
24
42
19
25
47
28
5
34
24
42
15
47
30
53
43
16
47
16
32
24
53
31
21
43
4
9
38
24
17
31
21
13
24
48
45
47
19
9
34
18
33
31
35
5
8
32
58
28
49
11
53
49
19
22
6
12
37
5
6
54
68
68
79
38
41
6
79
37
54
92
56
11
62
84
123
56
79
123
36
25
13
68
68
49
43
13
36
54
56
44
54
32
44
84
97
48
56
49
11
43
48
79
19
58
75
6
80
25
86
61
17
20
49
53
17
34
7
53
15
7
39
49
43
49
7
53
43
66
15
49
60
60
49
15
17
53
49
7
7
49
34
10
34
66
43
53
15
15
43
59
49
34
49
59
10
49
10
51
39
66
75
75
75
75
75
75
75
75
75
75
75
75
75
75
75
75
75
75
75
75
75
75
75
75
75
75
75
75
75
75
75
75
75
75
75
75
75
75
75
75
75
75
75
75
75
75
75
75
75
75
75
75
75
75
75
75
499
499
499
499
499
499
499
499
499
499
499
499
499
499
499
499
499
499
499
499
499
499
499
499
499
499
499
499
499
499
499
499
499
499
499
499
499
499
499
499
499
499
499
499
499
499
499
499
499
499
499
499
499
499
499
499
499
499
499
499
499
499
499
499
499
499
499
499
499
499
499
499
81
19
40
71
81
81
71
19
81
21
19
40
81
21
81
40
21
60
19
21
21
19
21
21
40
71
81
81
21
21
19
60
21
71
60
21
21
71
60
71
40
60
60
81
60
40
40
19
21
40
40
81
21
60
81
40
21
71
81
60
60
60
40
40
60
28
59
59
28
28
59
59
59
28
31
31
59
59
28
28
28
31
31
31
59
28
59
31
59
59
59
59
59
59
31
28
28
28
59
28
31
31
47
58
15
15
23
1
46
38
39
44
92
17
47
24
42
10
15
32
10
75
58
40
23
43
42
39
58
56
50
56
46
15
92
46
7
67
1
32
17
67
57
1
23
69
58
41
32
35
18
39
40
67
8
49
41
41
15
49
1
57
1
63
75
47
15
38
23
49
40
39
23
7
23
94
40
65
96
40
24
96
119
56
56
35
19
60
78
34
75
53
74
41
15
96
65
56
65
75
94
71
19
35
34
65
71
83
55
113
76
15
83
41
45
30
41
12
42
63
58
38
12
31
12
20
32
42
56
16
63
57
65
31
46
29
56
33
84
43
35
87
27
12
55
57
75
16
42
57
26
27
74
33
39
72
75
31
31
68
45
63
12
55
75
26
87
75
52
81
81
84
58
54
45
20
67
72
68
57
68
75
26
61
23
46
33
54
3
69
25
61
35
16
71
64
56
23
35
79
55
49
45
45
64
41
69
34
23
38
76
36
15
40
61
64
64
6
56
84
67
75
53
46
68
35
45
18
61
68
42
18
65
98
50
29
50
98
29
27
106
51
93
42
62
32
97
18
97
19
37
42
42
107
41
62
74
19
41
27
18
51
21
27
19
19
49
63
51
83
98
29
24
50
45
8
69
106
51
106
98
27
82
19
93
49
66
93
45
45
70
41
62
70
18
32
61
42
27
68
65
78
41
63
18
65
107
82
97
106
69
50
29
97
41
45
42
8
65
70
37
46
12
27
40
62
33
38
32
57
31
32
7
26
60
16
12
26
60
12
39
4
4
31
30
62
8
23
8
34
40
41
62
32
39
15
20
31
3
19
18
8
25
4
36
49
61
35
18
34
28
16
39
15
20
32
30
40
28
36
61
40
41
12
34
23
13
39
26
22
41
62
16
38
41
24
16
57
58
41
46
20
46
25
41
23
23
63
22
9
63
8
49
18
14
25
40
40
17
8
38
24
42
38
39
51
41
31
50
43
27
43
38
31
51
50
58
33
37
27
40
59
33
8
12
52
20
34
14
19
38
54
38
33
2
37
23
44
34
36
40
9
39
41
52
7
28
37
19
12
37
30
10
43
35
42
12
19
19
40
51
36
40
32
30
33
8
12
33
54
43
50
37
23
36
19
36
40
42
43
33
48
21
52
32
31
30
22
14
15
32
33
17
15
32
70
17
48
36
20
60
50
35
51
8
6
6
39
42
33
67
19
7
33
1
63
40
1
28
39
14
28
44
48
57
37
51
45
17
23
25
47
28
42
10
5
47
1
43
47
46
4
43
42
36
52
53
27
47
51
42
46
34
59
8
42
48
59
52
1
11
44
29
27
29
66
48
8
34
57
59
26
39
6
22
47
47
15
75
113
75
50
113
113
50
75
113
113
50
75
113
113
75
50
75
113
113
50
50
75
75
75
113
113
113
113
113
50
113
113
113
75
113
75
75
113
50
409
483
483
409
409
18
38
48
54
51
48
57
39
48
22
20
73
39
54
51
65
60
51
38
54
41
87
37
25
36
70
46
26
22
42
47
55
42
34
53
54
48
61
62
25
34
47
39
61
39
38
45
27
54
15
41
60
62
24
53
48
61
39
45
43
61
48
73
41
54
59
65
48
54
48
22
38
43
39
18
16
35
41
43
34
39
68
42
62
12
48
44
21
61
19
63
3
38
51
40
61
63
35
57
46
64
61
5
60
61
28
35
28
12
53
57
46
65
66
21
8
66
72
29
3
82
6
28
55
68
20
51
2
44
39
35
50
42
65
55
22
82
16
22
44
41
59
52
3
31
64
29
22
50
20
19
19
36
34
8
38
47
25
38
28
44
46
30
6
49
43
45
39
31
33
25
34
36
46
59
33
28
52
45
3
31
46
47
24
48
3
30
39
14
33
61
31
4
24
20
6
16
18
18
47
10
39
47
30
64
188
87
188
58
58
87
153
58
34
9
92
87
9
34
58
188
153
87
67
92
87
58
98
43
87
67
98
153
101
153
58
64
92
95
58
101
129
43
34
101
188
34
101
43
43
95
43
188
67
153
188
188
34
92
153
58
95
188
64
9
129
129
9
64
34
153
58
92
34
153
67
9
43
188
153
34
95
153
92
92
9
98
9
9
9
9
9
9
9
9
9
9
9
9
9
9
9
9
9
9
9
9
9
9
9
9
9
9
9
9
9
9
9
9
9
9
9
9
9
9
9
9
9
9
9
9
9
9
9
9
9
9
9
9
9
9
9
9
9
9
9
9
9
9
9
9
9
9
9
9
9
9
9
9
9
9
9
9
9
9
9
9
9
9
9
9
9
9
9
9
9
9
9
9
9
9
9
9
9
9
9
9
78
25
87
87
25
78
115
78
115
53
115
87
115
115
62
25
53
53
78
25
25
25
115
115
87
115
25
78
25
78
25
53
115
62
78
87
87
53
87
78
115
87
87
53
53
62
115
87
25
78
87
87
62
62
78
62
25
62
25
115
25
62
78
115
25
87
25
62
87
115
78
53
35
60
125
95
39
46
47
29
62
67
63
42
20
68
62
64
112
97
80
36
103
22
29
35
42
64
73
78
33
44
69
19
67
76
25
14
69
112
51
91
42
42
61
55
47
59
86
52
40
51
85
69
64
55
45
28
63
64
125
83
86
63
87
38
16
87
26
21
32
11
56
56
5
147
37
91
2
35
38
58
5
35
89
2
3
58
89
91
56
2
56
37
89
2
59
91
126
43
126
58
58
126
89
3
147
59
147
56
147
43
58
147
35
126
3
89
147
38
89
126
89
56
147
91
35
56
43
3
126
91
37
91
89
5
5
37
38
89
5
5
89
3
38
147
59
58
56
38
35
89
89
91
59
59
89
91
2
91
5
30
18
26
34
7
21
12
24
20
26
9
18
40
1
44
5
5
25
27
34
4
24
18
30
32
42
16
6
4
22
30
22
44
17
38
27
20
15
