7081765211
6988558579
6919313696
6903834253
7147151143
6721604075
6609875222
6784993374
6827270971
6660258748
6607140609
6980871572
6864241558
6936209292
6951326932
6998599198
6891147694
6790303718
7126547170
6996716596
7131667108
6994573336
6720417097
6654738399
6943968512
6961708689
6730668100
6979511183
7029688567
6936107456
6816100467
6938534869
6868116509
6956807766
7028626687
6990968259
6808220443
7132756492
6710388331
6719502222
6954592623
7336796300
7117877978
6856747786
6822096994
6889732801
6627742666
6888324325
7124077458
6757845407
6750410538
6954971768
6717452744
6866960400
6924734062
6746111981
6707108084
7112600605
6987164555
6937490070
6872677779
6875320488
6895910704
7059830130
6870967715
6839573700
6925271606
6976970086
6729336160
7229772422
6711974456
6790234888
6925266476
7005209195
6984812563
6839447217
7253560273
6917193033
7067124162
7062877949
6891418563
6870979465
6973473902
6798605470
6573933607
6834593480
7007595933
7087418787
6760842785
6846592949
7298099342
6874813616
7089170428
6733213345
7067351613
7132395491
6921026260
7065214297
6648485587
6772475027
