6991321758
7086425386
6803853489
6605008107
6714590681
6860224067
6741424228
6832052227
6999751191
6850183456
7045031672
6912836816
6987736117
6766047654
6836667332
6731898215
6839964982
7065971024
6969633977
7189243441
6848297399
7044743935
6675137661
7050282418
6636806231
6666413111
6950277513
6863665350
6802146149
7027917616
7022714799
6746343953
6727169944
7160715564
7068293602
7001917844
6591963944
6868182765
6895621762
6851556658
6988473571
6939276640
6880847724
6894055816
6853966976
7110913209
6857307917
6921222080
6806593123
7196576919
6957434756
6723089678
7005225280
6846399896
6888788558
6850934287
7127867147
6766102700
6768603128
6991740517
6930440021
6815704097
6879087073
7010626279
6724845285
7029308128
6823050917
6836056364
7004263275
6963617543
6634028559
6843772529
7199904106
7293728410
7220485476
6959283721
6865047633
6901925459
6868531464
6721798173
6912862537
7013400604
7068265058
6821412024
7032198686
6898798086
6937028650
6824992098
7076584214
6888351015
7103611297
6909679354
6840646694
6941572153
6727076162
7186184570
6848111107
7040767935
6800666196
6713220191
