7089005525
6878611126
7103348721
6777426806
6815081249
6853193591
6751854663
6775825455
6943597772
6709209152
7064929253
6775627648
6999873908
6856202177
6805999068
6904165247
6838858801
6659983672
6883954518
6969235844
7074182996
6957817189
6998176779
6975229428
6632708205
7016489089
7019414675
6857383893
6941652139
6904493179
7134779457
6823795572
7066933455
6892905322
6956604410
7083593871
6823494764
6753461683
6987700768
6796409923
6987281750
6910210754
7135823480
6941224945
7168849062
7083360223
6774035303
6979053701
6698779600
6752130422
7120187410
7224553115
7002297623
6968073952
6847642381
6783270606
6929484377
6654043106
7077739259
6947344446
6857286762
6834840408
6817966267
7002491417
7133717291
6910769903
7076069190
6698694749
7252841442
7016959072
7208720945
7140334170
6824488897
7037284190
6928266006
6906609065
6679674298
6872977619
6848390908
6873182502
6695809611
6811463658
6912956915
6857172924
6913169564
6924561900
6737893251
6641503859
6812318037
6858658480
6850250415
6802810291
6973046118
7012228411
6787054101
7007280817
6878440794
6723049203
6909658254
7076204924
