6817877261
7044114064
6819043660
6579539096
6710224939
6994229635
7058702571
6898997119
6862869590
6800048597
6733621917
6709291865
6892780132
6869369785
7039276038
6668133550
6960814088
7027156407
6817078518
6860304056
6986168719
7165742338
6901256661
7003883915
6993399736
6687623181
7067349318
6938771236
6678072568
6903416907
7228332761
6818024314
7200551716
6887131668
6858904856
7108922819
7070871531
7035712775
6965164170
6734041052
6797762587
6946330365
7211038044
6843509266
6469638325
6806194560
6832297362
6991241031
7102797134
7017282838
6990145816
7086607308
6934352329
7208626436
6730677435
6900404664
7283658465
6534037686
7154726131
6993557031
7199130553
6706773711
6762144025
6978203509
6815374302
6699554597
6803939829
7211097738
6917906310
6776851240
6723696887
6952436208
7026945135
6988472336
7179645086
6861047658
7251984613
6556009284
6757532538
6716583436
6873267899
6600698238
6688939147
6897462638
7047370716
6737349281
6940326927
6904620333
6747520089
7145215804
6743537492
6845872116
7041844427
7069786328
6669649322
6859453574
6873341001
6777039835
7100444704
6731669753
