7055279909
7129983955
6531810630
6931622438
7024588375
6585899891
7116333283
6786268059
6900706351
6793634879
6888009406
6827972691
6664472985
6634971282
7137924645
7005110517
7069145950
6981385866
6988056471
6549794485
7131398961
6958177831
6657864667
6963299985
6995680963
6966700293
7109563775
6726954320
6927447652
7061252698
6905795726
6750574400
6678696124
6722247255
6840605594
7043981307
6799106584
6941308130
6990686339
6941532579
7165526763
6901296408
7017330986
7125296553
6614711336
6764679770
6932402283
6933322876
6958752189
6666672128
6780294061
6995078290
6804673316
6745920025
6939405535
7044413135
7437665454
6879461959
6897653419
6825726478
6810982397
6890088991
6792263436
6757651881
7009937815
6737766855
6903549797
7000933984
6944106279
6884439277
6847665978
7085988326
7114649762
6748929032
6734151708
6858734896
6763048811
6947804871
6733886409
7001943616
7091951354
6856969774
6818188208
7002235018
6877528904
6860961250
6681795417
7155453653
6616247077
6887502868
6809881541
6826514293
6626616585
6792336366
6610046407
6603078280
6898444040
6887061436
6731892736
6883576424
