6799213774
6957899610
6960921235
6780892967
7025338723
6652015566
6770513439
6837554888
6802660442
6914717360
6772591959
6773999992
6667950207
6775724748
6838084909
7159632303
6817202588
6704315520
6654535181
6778733387
6814669374
6742844376
6853787175
6732172166
6692330282
6566072341
6932471898
6791457660
6777746237
7067465280
6768328737
6900097857
6878475445
7034816921
6811371047
6941385843
6838047409
6869770349
7029267068
6897434853
6715089304
7126195494
6993345638
7057266203
6892494582
6787159609
7152993177
6944877873
6919939675
6871945253
7088885343
6935108076
6854474729
7153444459
6771155001
7269061168
7229528373
6792517481
6794599899
7016191382
6926032223
7039200703
7226640005
7163244782
7083984010
6806006461
6989136865
6912093079
6932451367
7114985985
6915949715
6957892163
7084999142
6778360804
6959652221
6989889284
6830261657
6873025379
6796647568
6865507964
6759532747
7079012480
7075392572
6992637980
6924272638
6878842235
7176662520
7037715599
7101484171
7195711857
6981605547
6932466673
6907778416
6912367673
7482483036
7104374545
6523763050
6855554542
6783350656
7242931196
