6992855393
6892797477
6840707034
7011768786
6886053664
7126187495
6796682375
7012495776
7070419077
7023642701
6828517850
6777186576
6931093571
7195828566
6819494953
6983887220
6929284997
6980351202
6618756461
6950576247
6611842659
7113733656
6908554513
6917418854
6921439068
7034495133
6840303377
6922642813
7108078579
6761498656
6816176629
6491151910
6846277434
7132544215
7004771070
7260222863
7078800036
6859819028
6980394434
6868022527
6787862917
6923675484
6855696367
6613441379
7054202113
6818555066
6868610011
6721057679
6995301881
7108656909
6686531322
6810251620
6873177049
6628933099
6963544740
7002118486
7221187135
7133239923
6810201083
6963297794
6651448385
7218838638
6708231351
6719817749
6773730390
6718704201
6728699276
6721236111
7009520761
6839879525
7248332406
7048643799
6683323554
6795526491
7004985439
6486386477
6897938047
7195331462
6827216946
6748469650
6884837904
6570086880
6998519087
6903413931
7029207667
6634735852
6774828161
6993942443
6972286128
6852253848
6830876088
6915650061
6876559904
6905647701
7014640650
6818190623
6806083641
6869903870
6984875393
6924454843
