7150004502
6937896413
7009484184
7165919875
7036166590
7008632524
6819423466
6880212022
6746436537
6736598403
7039157779
6878211864
6786423470
6820417212
7148891175
6938646415
7059213684
7029182170
6931785459
6638288380
7010044869
7012287347
6800889819
6828944501
7029464068
7008970274
6753443235
7158174249
6768651555
6844171555
6907102443
7118570393
6801226168
6820063206
7224477951
6716286883
7034230232
6869147036
6828587464
6849899162
7290227787
6875107225
6839788912
6822293686
6885637992
6811767429
6919962409
6957436760
7265871817
6795572063
6986773896
6789466734
6785684608
7025687509
6931259699
7084869379
6794883755
6950890929
6948741045
6632824407
6859648187
7133653338
6911218841
6918566762
6961918934
6924725172
6876076376
6957918842
6799868582
6959213801
6837965534
6963618881
7056875280
6713079753
6620901908
6958288636
6823249415
6943223921
7089692433
6986347096
6933993664
6878964369
6568775376
7071889551
6783410610
6834285686
6910594100
7045823256
6463108976
7051807075
7019881260
7001377652
6881068857
6868173452
6720201696
6731487214
6805619434
7078724668
6869950707
6804299341
