7207333443
6823987825
7054257595
6920162002
6986434687
7050319078
6838654385
6736409949
6644588584
6835579209
6873447567
7114754963
6771430180
6712286015
6773092257
6960274836
7041468269
6995875961
6509518278
6922516997
6795770107
6901489050
7067129276
6732095698
6507243129
6864681214
6932699566
6789075605
7019133209
7060618318
6612985901
6870944410
6983028534
6776237024
6892802374
6711573408
6925541388
6897358951
6798474926
7234525964
7065571227
6712040649
6823538579
7043024667
6833766660
6824675540
7063377883
6924374732
6823194165
6930313357
6573428142
6875836859
6571727529
6945021891
6924861512
6561228210
6390274358
6790202352
6850107278
6936390485
7070730691
6861378832
6930163765
6834831125
7174660731
6818710729
6847630298
6790494755
6933978352
6942327855
6747145031
7043127491
6835631796
6874740288
6888719356
6976286501
6815596966
6793247270
6827998165
7049740276
7175094219
6922457518
6823456758
6716970058
6822383344
6805594074
6618631453
7044150511
7131889557
6876216588
7185287174
6711046478
6786639263
6977139226
6674918576
6934325406
6993056733
6998947682
6805403347
7214793911
