6784598012
6832736963
6791842389
6677214430
6764758232
7201831292
6879893616
7070666292
6868477133
6766832653
6795150783
7054053091
7021509293
7121432519
6868745121
6780252818
6835663992
6843975091
6863169385
6885648235
6920114296
7120793942
6884702717
6893225904
7165878833
6678988211
7014406421
7042442931
7203331934
6898114603
6874558529
6705516042
6915433135
6856568267
6972693786
7039855263
7002513938
6842785418
7112905643
6924095368
6991448032
6736912700
7097921816
7052882111
6968751564
6956834826
6862045283
7091748611
7120885658
7031436480
7146429542
6892999923
7032970054
7117799845
6979050997
6932512063
7049252456
7084504688
7023494154
6904861684
6794003108
6850255957
6939307724
6855341526
6899407277
6847773947
6756405941
6909672867
6857457426
6887624420
6814716689
6774901824
7105240401
7012722505
7044910061
6899470213
6476705222
6796475643
6762266408
7209265304
6807872135
7229472377
6888876516
6785647968
6878587245
6868138200
7193459682
6964795776
6986152430
6811625689
7143726635
7174375025
6820561106
6835448063
6462243277
7233571874
7176850011
6632340329
6929225081
7145523177
