Mjid)%tp`%qdi%`vqdv:
Pfz3?zs?ji~?zlk~?|~v{p?izm{~{ 
^bo*y~k~o*el*~bo*ibkcd*kl~ox*k*dghox*el*y~ozy*cy*~bod*yon
Uid!v`mjds!uido!l`x!l`jd!`!otlcds!ng!udou`uhwd!rudqr
Gn"rpm`ngoc"gq"fg"amlvcp"wqclfm"amo`klcakmlgq,
Avfml/#wbo#ufy#Pfqdjl#z#Nb{#bslzfm
tavk$wm$uqmavk$wacqmv$mjpajpej`k$hk$`ah$Hmra
@vqj|%gpvfdkaj%`vj
u`hulh`luh`mb`b@9!ħ9999999(!*b*ub&*ub*`**u&uba`4n5t&>52sl`&`?s2tl`l465sthl`h`?45lt&ubmhs74h`uub`kb`&+&ub+b`&`(
c`ach`lc`l`hr?`>34./.#4:$NAt'P.#UPBLBA'.$#UMBPA.P$HA'MTa+ca)tmcmt
n{gnbab;n1(/1(8/$(11;bena{b(b1;ben($(*{nn*($(g(%
zmooc=0)%fmco`)fcfcf)%9`9)(
ynaleclygll*fynl*'meaynz
[nyd+jg+}nq+xn+{~noj+cjhny+~e+bxd+on+~+xbxnfj
heoi,}yi,i`,ag~ccx
Ihgl-dcyhcyb-dc~ylal-xcb-}b-xcb
zfk.}zozga`o|w.jg}z|gl{zga`.g}.|komfkj.{gmebw.}zo|zg`i.h|ac.o`.o|lgz|o|w.~a}gzga` .Zw~gmobbw".CMCM.}oc~bg`i.mo`.a`bw.o~~|avgcozk.zfk.zo|ikz.jg}z|gl{zga`".o}.zfk|k.g}.obyow}.}ack.|k}gj{ob.khhkmz.ah.zfk.}zo|zg`i.~a}gzga` 
Bnav/}nak`b/xncd/B`a{j/Ln}c`/bj{g`k|/b`yj/n}`zak/{gj/j~zfcfm}fzb/kf|{}fmz{f`a/fa/}jcn{fyjcv/|bncc/|{j|#/xf{g/a`/{jakjalv/i`}/{gj/|{j|/{`/}`ljjk/fa/{gj/|nbj/kf}jl{f`a!
Rqiucyq~0y~vubu~su0yc0q~0y}`bdq~d0dusx~yaeu0y~0cdqdycdysc<0q~t0uc`usyq||i0y~0}qdxu}qdysq|0cdqdycdysc>0Rqiucyq~0e`tqdy~w0yc0`qbdyse|qb|i0y}`bdq~d0y~0dxu0ti~q}ys0q~q|icyc0v0q0cuaeu~su0v0tqdq>
a~c`dt1|xb1acdtspb1ut1S~upu1bp}xtc~1ryxupb
#"2bs`s2w~2b`{w`2dwqf}`2|wqwa{fsa2cgw2as~us|(2#2!2'2%2+
V`3bfv3jr3~v3rgv3wv3}fve|
Qgq4y{yqz`{4wauzp{4`{p{g4x{g4gavy}gg}{z4raqf{z4wux}r}wup{g4m4qx4`am{4g}saq4qz4w{xu
xz`{a5}tf5a}p5szyyzb|{r5gpa`g{5vzqpf5=a}p5w|af5vt{5wp5ZGpq</
++(6_{wqs6qsxsdwbyx6ecuuseepcz6(6ryxs6(6Fdsfwds6{wx|wdy9tyyb9SP_
Grex7cr7vnbsx7v7{x7fbr7fb~rerd7vtre
Pwo}n}j48lp}8{wv{}hl8w~8hwkl}jqwj8hj}|q{lqn}8|qkljqzmlqwv8qk8vwjuytta8mk}|8qv8y8Zya}kqyv8{wvl}`l48op}j}8ql8uys}k8mk}8w~8lp}8}vlqj}8hwkl}jqwj8|qkljqzmlqwv8w~8lp}8hyjyu}l}j0k18qn}v8lp}8wzk}jn}|8|yly8lw8aq}t|8y8hjwzyzqtqla8|qkljqzmlqwv8wn}j8yv8qvl}jnyt8jylp}j8lpyv8kquhta8y8hwqvl8}klquyl}6
{p|w9zvw9ml9|hlpiv9ixkx9uv9}|9j|tpwxkpv
jhu:is:koshi:luc:{:no:y{i{:j{h{:ko:w:v{:jhitni
~y~;h~i;MRK7;kti;h~i;wz;kirv~iz
hty<yd}h<j}piy<sz<hty<l}n}qyhyno0<~ih<ky<t}jy<}<lsohynusn<xuohnu~ihusr<sjyn<htyq0<ht}h<olyuzuyo<kt}h<ky<~ypuyjy<hty<l}n}qyhyno<hs<~y0<{ujyr<hty<x}h}<ky;jy<}pny}xe<oyyr2<Ps{u}ppe0<htyr0<hs<{yh<>hty><lnyxuhujy<lns~}~upuhe0<ky<otsipx<}jyn}{y
wnyt{w{ywzry=zy0{=0Bz{y=z=???=;=8=yy{z=""=<<=ny{n{=3{zvztopp~~ymmv{qqywskwhmohnus ="<
xytzwytwqyzxyyjyqwj;818616;81;77>:;8:=;=;h>twzxvmx>/?>y/,**+h-*+>{'-k*+py>zkv{&pj{y'
