60
907200
1
713565639
471976840
703193264
953264521
736224015
741143423
730205069
858282658
340053625
557824736
149594384
298028404
376982940
885257357
917508783
631880448
836231450
884998165
594339040
188459561
638244091
154830956
57013557
987503004
791556274
353806964
232628837
628843274
344717216
814986850
24
88358763
632428779
296033303
355120728
467737062
83461569
910193253
937838757
175346660
936118124
252112631
351937680
724321586
530973333
573121897
606299347
25783355
721545804
522455342
874585269
464934577
732141297
800685948
236427784
201738728
465195005
64750151
2520
46925024
372017713
245148003
687555052
920442047
65497531
910866313
770212623
24
375801979
722735333
873598943
533609367
37365081
896729371
886154289
483836913
357285334
864823720
439230996
344897743
708675402
50267447
301093557
36723199
892379474
678624921
233187534
93140254
883029986
6652800
16372063
147205388
2
849343897
256912098
874084301
743262659
