49536
57824
2352
190791
31650
10164
11460
112728
17507
41001
78228
14620
8773
45012
136
130290
1357
840
180058
516
43010
88620
570
64675
117236
1242
44252
170918
20691
140154
21726
27880
2022
79810
56206
49500
3818
115920
31755
11044
27192
49583
1445
15352
20400
26413
21771
3120
19749
760
21016
164865
7956
39494
156774
39321
84862
126854
34770
10680
101430
1888
13328
42416
44940
1428
29382
40542
56488
5500
10788
76890
20
99999
45144
51150
66528
29274
156844
11816
185820
60685
13338
194
1855
10375
174216
30012
13908
157320
22516
100302
9384
57950
142164
3570
34692
12441
144
4290
