34054536
235856324
532755392
2655791
26058150
23696164
173820
602679228
160404669
144355501
184343228
411076120
555133773
71930012
81369312
223971930
104076357
118727880
25729058
21151908
140990010
55098120
255546330
521705675
933799236
22622178
466362252
74879418
268830573
466562154
233387678
605523880
132312522
670305310
62428706
546573000
402352318
627818920
215196755
811509044
297258192
1013151583
176757855
143862852
81232400
601430913
990291813
14618980
673351249
98557260
11874516
4333865
232341868
388354494
139745774
138096321
10481862
40477854
502740770
151441180
950645930
534691888
233210828
184064916
6719440
438710776
315419146
539223042
71697988
35609500
148401288
50622390
7935840
61554999
266685644
143558450
52369548
50802274
12765948
3282188
1213893820
146188185
965418542
7796194
57515355
29612875
609138716
91026512
31599724
57838820
394547016
700666302
42726384
775719950
992634164
382602570
64914564
372542351
47634432
629673370
93258685
17513804
503252946
1422320487
72099195
1078073881
521647830
89252082
92248800
626654664
286610500
65733198
912731195
246309420
683760585
500356610
812476495
294551292
1133649580
631267588
106654467
53794800
1271485043
1216461243
321962032
24873006
865604922
55161974
549387577
340292015
66666906
297511551
109824297
98721150
52864375
31308237
1067150700
9709380
276667768
74793284
117762142
17555310
18711924
240645200
375613300
556595520
645418566
29801336
1200748909
53122995
169769335
4771701
686684196
739820622
537466420
253096744
751207377
25663660
58918107
174990684
1501611514
484885322
9622216
5708600
1128076410
59336940
1210607588
831616674
324392328
31343445
114591225
66075210
301312554
37699545
470455089
259738723
32265606
409603900
160991563
495043886
522953109
11860275
117329110
170552340
197829348
57597995
561260
38283966
209342856
52374123
18337660
255196382
546473648
8862690
14881770
1073263020
1098365835
15434307
369639270
705140567
6791670
265382557
104559541
311907933
36981582
388407768
20008966
512481705
441311296
409886570
1312659547
1006844622
183513750
50522168
158499636
450572822
300761562
16138541
6101496
108659670
501100457
320913630
801276605
561372812
1017826199
796479971
438821910
4693700
252543120
66787316
16709682
503656272
34243520
5414360
284607620
100327456
3598630
124169650
333079490
15666224
22413126
41765308
34391550
583814952
833030228
9779880
419866530
25818903
9559470
196799691
441959266
94471598
374989144
258710
357744366
120972896
355721330
338124257
117912450
982299935
249125954
172894131
22174047
31810455
81391101
75483870
109967577
837319208
745151212
368458704
287411412
40217631
1111980540
3049683
280765240
561720670
39956450
24286276
15307578
1477216332
83754213
212031735
512756226
84220809
19732050
449715180
300022142
537888832
1049397166
117907806
14646060
278825232
374000770
13820760
418619460
34159741
205298114
147580650
261038878
1254346
929319700
52132080
504453740
27959945
262478776
212070672
323500053
626565056
88808364
569886238
270043900
11177624
686991552
355562658
23642235
1204581274
29773394
446101551
79936120
553752785
325724959
1530403818
674765973
877883940
95005454
627743985
139862668
194863760
242241210
250513000
482085728
443186957
274493814
105904100
609986440
10303230
30760448
1309505940
35891190
722501486
553863698
178369009
27080258
1044943050
269317438
650067698
32422800
114989910
350836020
548421088
233369880
105782163
333790310
81892
399998748
301143688
67770846
97222196
374461509
456999822
139132496
104544169
632862555
117579332
46657462
162052230
95999460
579345306
129869976
1150160402
43920
25726950
219736
93606996
42197254
157767826
151458372
260476149
1032961716
13164001
442343180
639210935
832228044
776513635
73371732
159763569
54492568
153137481
145022410
35396460
378242400
246114396
304053255
698842020
303269813
152507839
94009080
1165482892
20682658
180852300
239688579
103841080
138110238
334008884
990552644
1409130
202954104
172126418
38068920
837678303
146879194
35454265
802069165
1127395984
494639684
26506116
1236920
1105595577
528834825
21683940
133803379
226863970
319772430
187720610
545277036
95713288
51337704
22269951
60624516
48801060
37412705
11114124
54275206
842217090
451270764
509894914
240942906
86163376
115611774
101197815
1127154936
303979834
124527570
562908912
139106122
102980000
236453658
267755068
4491590
353615140
67433339
364538874
968690604
691827796
1096172682
132570266
553032744
428264255
539765057
71036718
223122120
306547266
237897457
73527636
9604002
235897542
54542772
372686914
927055936
244388026
554709507
381224184
84875242
34938156
22035720
43736900
429281919
870145360
69158179
138937866
643149507
1216265600
25770504
1438900
5637086
356578154
534284256
105860331
503889260
265177262
51098649
941877195
6054546
37979242
121454188
69455650
58152326
19103716
219814864
208112626
670808490
11152680
118581760
1014594
15937510
243412399
243409614
59019903
366374229
550513600
29531970
253877112
1449217980
39592824
71367116
9706746
543714940
23789032
609138716
487732122
21256763
491237496
192900130
452622204
19080776
776681607
287110852
67480770
26606745
642202980
440231280
168185607
159235890
1155916647
64755045
9063950
839550790
78855049
21899640
290412960
1931166
3985358
112280190
144039984
867134040
207992504
265970846
890861966
112748700
475372932
1083171633
22039574
61874488
465748748
3620598
146911386
178553142
16041396
40825455
597820740
24260625
3181360
28067670
151389330
54284304
26920
73381048
37779885
97135716
943080004
200255784
17633890
770672707
203324396
92735400
50704023
131107776
318370608
673466946
182905938
115341666
436077243
53579934
181475325
66491838
12922602
17634498
71032680
221878739
93567275
430259320
452908726
1105241291
902741568
982919390
538763316
3930654
169488704
87421131
458303046
12844304
66488169
545363948
10460880
27572424
25696200
51694225
944242985
192722810
713148670
383594
89073088
22910160
119163350
6762000
25638620
232707933
882905892
625683300
117185934
534952620
81853332
296293224
22178076
40649360
31462395
139397500
43446720
453443442
114427510
983325930
304635600
97026540
24380148
676368
35697090
540131864
204929794
137542990
302144322
985734960
12572570
440393068
39416046
272011938
36920380
8198498
1149839792
51388246
354036804
43551200
3592330
408227158
33320455
86575759
968259044
1008204970
316867962
631440327
45673215
59589156
213906330
55415178
132479388
336091930
1237713613
4967370
904849308
10634728
1599920
636840954
175163516
479603766
2031712
223153140
625185376
614793627
15856047
28334750
609878018
899783500
261481355
77131236
890725520
29577816
547287609
61657820
139781808
961385282
1099562460
474983348
566408414
534930336
1055254606
561829145
364254434
11050221
136993794
1115122980
72772752
243480924
435895518
70707780
58848075
4376607
183621060
228483306
181827720
460615743
827672541
363087480
20189124
62834304
263704068
239569866
313236557
3677170
2923284
616485730
236757177
73201540
33585480
25960506
249286460
8882700
6965312
21911940
397560842
46712678
5344920
126313896
230215020
48122520
208946164
194532804
123402180
37131016
26716356
359080
57766716
88658655
279413601
63262213
88457901
220415936
426345656
191304540
582229581
967336174
57124067
205434606
80361702
55797604
991089
51151080
654358078
7519846
67470732
18299568
323879892
55021550
98436834
323479340
592946910
292314
257185188
799911076
4207730
11308514
1126680898
14718990
75520950
40128760
614789055
41178456
796514042
630678737
1008597981
78744910
1089629730
782472372
84440132
34444333
501187336
112107127
11395083
9690660
249302409
31998966
368788808
467773845
10637163
996212754
22410500
34814205
81421254
142303152
90936141
308099655
194336288
3277290
215050152
803085545
338151825
335216316
111922506
6367648
112525028
15667146
610921129
630879480
45912474
21709975
474821424
116850709
745060387
85034196
233186604
19574632
145481255
13633741
137512998
40728180
17193530
171305970
935145435
4578924
576261728
662808024
270067196
84415086
145799388
56112500
173198040
5461610
966859476
102613616
216533292
93379728
125893546
314235680
353580122
570702780
233114868
587735395
13788180
414531232
156560468
684814800
63166698
560977914
32745350
43161084
321625788
89383050
26411376
486415629
18636816
69970780
372048362
578033694
311504571
56808390
129000424
1531106602
252029346
369022184
143748597
482534070
92511172
225396844
647031742
46635204
66343008
66039219
62465608
52460604
625478567
78052008
85795539
334961313
22837870
17686944
390255870
314729978
3690160
72061715
1031151983
678194730
366238072
268160595
2357520
225184842
323039774
386088908
255717342
171633700
381487660
248844414
141128232
12364524
689816321
318185943
539410389
726263040
303493840
286782770
576579762
15968967
442606747
30553770
37661154
556249078
156403610
225154464
279178571
1513891170
196596863
210870608
233309208
380699530
195594874
147592125
272269666
412949866
231366660
2309157
281623187
27261900
946045563
75500514
2710746
49128272
163536330
18547230
138213060
262396949
786884298
10943583
828237170
15262688
18954951
24535346
367571869
127138977
1214733480
25123392
321831030
135426233
2653536
73545241
340023145
311954499
26461813
755039010
132256355
50895729
12883695
23529870
770197024
306005154
453044808
1329670657
1181189139
355627571
11510100
8698941
207910290
992101977
105435207
523825662
65964114
92923358
14078460
266333090
705503589
43801940
381168792
2672930
94646100
19405925
875828187
765269323
451059637
394653960
133752762
18553920
61352753
2985621
195822372
182196510
22868040
33207174
959390432
144408912
4265025
306426274
1271823959
229071270
245578590
349790736
50721000
91874266
7038360
980645328
444895669
465305912
138774118
69053244
280765186
37742760
1068573384
919536695
412666838
235762800
21457032
63460827
1104845612
413071818
1367275568
1018280674
2205930
189466236
139728
118962712
16331886
432261789
375119414
58603950
89176610
9302877
28761633
116478558
55213302
22074236
882763450
280684968
462774067
98856800
196263690
127528950
1031880200
5609130
301629628
807864097
92381415
399066120
228436145
503674560
1339359
211855980
235718476
12526976
474479914
59668113
102455091
176395740
450046186
29760015
503274120
14325834
353400146
374806005
356473718
143878756
455055126
25252500
8093436
62645518
103185261
241225012
10406988
64070955
322567206
139575205
28273680
102928120
197659896
254372976
229166553
245040
339712376
91639572
125878416
161129394
174371306
588456544
155963127
117971700
19159870
22242836
155375190
343565690
92219049
668647535
612766632
665621020
90827170
394416700
137913215
1241001036
82516990
46780054
164439198
25963665
1188842130
34204104
907896292
616489140
95911101
1292839748
445406526
396967536
1233505182
750649956
194902960
176566173
359116779
689956116
597278132
165413852
857183595
78052596
778826804
690520152
104503116
771439357
700452580
385319905
324595950
201296830
79510260
605392788
505433004
450399551
102293859
620712820
111587349
14791139
4600524
18519525
11014269
82284818
23298640
201940008
652548325
565659840
9675120
123453324
497888310
107153977
272159370
149723727
110079083
671268394
581300330
1023400482
158199296
741978459
4315890
349299972
431340
16660184
333217136
33754215
656799269
458800181
908112282
198217329
428694820
296691888
218816334
119233539
2883510
70434272
67188459
270225774
1125246032
493820327
52358096
288569940
1670352
1098675930
138472059
19334832
40031040
208288145
67136070
129047902
337076033
5455667
137812518
160500810
143204226
194909880
4629597
905539680
170298416
193046790
616088180
44160011
110180844
98291943
421385071
480623910
41154050
14802066
1034178406
325325
130314745
167544490
115270415
321238120
357619823
133435500
121515348
258820216
58791200
533265642
174279568
1992770
202132431
230080704
54257380
134831820
71743710
265726896
1080711476
279683100
70280000
11943880
469680588
30022755
136041364
283428914
417147494
319186272
24609204
288893865
135266110
16650156
416975897
165537126
104230812
45804670
125432319
107463402
978735955
635639004
166209792
263787979
1968830
1279468450
546117248
6090216
303559467
165182556
211466650
903985065
6219018
93046569
524417726
3150540
709748573
292642077
3352077
53232720
122767918
13338192
324162475
69665843
245752852
113489840
414132435
472128033
387148714
513672332
180349564
238890300
7136210
107956380
352648655
162036441
57205428
652101080
933538067
104548466
148060252
54541528
32625060
665194530
12649470
680883876
348169356
921916023
46813473
189257198
124535590
331477325
592332699
18270455
179036487
197367255
65263416
9260640
13909870
219189495
71430651
107104956
8092860
435339680
57749807
326193042
314711361
85193095
41404630
3533088
475244868
171809820
944490908
1046104952
42620785
173700549
997762009
254604588
334858717
368644620
167077200
205519720
785920512
28249
418531892
3483129
3420560
710761396
78250799
42667015
48762463
237073650
973653913
699333433
664262940
84225281
421913301
99266350
49858758
359688063
387832175
313414885
493484145
388101180
187332480
230635860
96162846
152988
490701855
114148776
72857376
27707662
412903716
1390037069
644724999
16064350
221232760
6873488
7175394
21544536
18509166
287552181
12279358
302920846
44805198
551076350
111011853
177468320
181266220
6565570
9390744
92902457
114532896
184575706
3667958
509763375
21992652
128116095
1820828
449590076
14586660
203616055
166271850
524073817
44313290
463990170
660001979
963869660
7603810
132035214
923562723
4774728
36397340
66678570
10551112
40382987
710371739
634153249
292380116
752244714
2148811
418157784
110258544
38025342
54411665
1336440232
159064362
481392270
237346018
210860100
604414475
130481295
9319140
306062435
1243875518
77359534
977401740
884210055
223464472
529851
1060930495
349050744
866396599
12306140
589573950
27110622
273581995
288148872
572736204
26864250
94620960
12542544
195097166
242385880
529222970
14694657
117191370
333857476
372542746
88075789
228306290
13408380
504629655
81739712
467219313
133795008
455491208
46303746
106494370
26534596
496574310
10956664
321952239
1719732
316836286
31490640
1081469742
736881758
236609037
213711428
77203840
428093274
164397016
1194383731
59016458
564003792
186312936
726258280
869681856
35661960
216685356
4089750
994304275
1113727920
147292740
925509399
173616420
251726332
18447750
181162436
98763168
583773687
41176824
321102867
81349248
723552228
1241952
519980348
746158801
536127676
321502830
81710200
491530283
55124064
7853993
792495
579695907
513179182
395766362
48688744
293615180
651016080
621357993
483006645
16884681
31979132
141357805
11300710
318444764
53269344
888475536
215741350
328977828
499367212
158618463
396833008
296684266
48751128
37504544
24420160
58234704
80194446
125310993
525016198
93377988
179050611
239831407
15717051
295614678
753703576
42245329
543568718
3615696
191515234
460493960
171593355
46362702
318942987
876662460
300199128
187502373
48128821
161482425
69494448
24927700
63378680
37855020
626650306
284545485
261361230
39872092
68657052
68757312
333046305
752059710
2570723
12590210
792392264
86546870
683839688
282480084
32506596
60742202
32094876
462428847
113155154
1525118178
179447030
12660228
15307600
139666560
313760910
15286128
112518518
574257208
6036175
530326987
84154420
132773979
170490880
52096513
228654661
87938934
136095938
230236829
304934430
702495276
14921372
729815346
1022272440
548505710
97922792
41158383
1039829340
368600763
40798320
203911215
58811480
12912250
102323550
14960946
531352584
34859799
133149542
917916500
36086512
22977136
57777528
51682662
464102658
553104140
740390703
25486328
5947130
363983134
202329156
33942535
270177336
131124660
429682674
154311736
318667977
160556270
612566433
300211160
136276
509518874
211784678
484435375
879763078
200704846
632327488
15583720
401997708
139311270
423586
229862280
48027567
1099513671
41164332
126074586
991322310
89940580
35678514
157837186
98369502
174707862
681850830
16537322
24544572
16432282
236254850
87936894
33059234
1014040
136944984
180830788
499831515
52106796
751292349
249167104
485978730
664591256
10756998
387720270
59456580
705696537
263602415
251967504
277881040
405109010
525210634
415598856
15245490
358031506
21094830
102648000
186761626
29893071
72283638
61606720
575406250
105882075
350632504
546524616
177606
7593588
36535499
90904158
33917073
3488450
939873534
861979194
603316890
12963048
431369764
359175362
87913874
38853198
97087270
37216212
389617821
31727794
648185154
391694380
180638590
231247581
224032211
97686525
1311618544
78255476
840564264
641663119
132789312
422166130
9230928
32302448
98209573
250818340
179115269
464652516
62743624
73640401
600099288
672073909
354678562
18937549
39552310
18836195
139658001
549372032
285661024
1274694150
184289868
172477670
19955904
51387410
203172165
206335631
218899861
571461198
464968
4685040
409182790
279712890
2162586
30601224
620433377
1169168
24359538
576671486
111296420
732353885
139119040
372024090
2715230
237154750
2346552
213658368
31470712
1079352
20993712
40840764
17676060
1012207416
105828600
80133407
154009584
1267364142
325054239
145133340
13613130
529832285
5027370
344742421
22853600
40747026
163267512
745163118
70550802
96722350
86074432
62297409
101484699
1258327
31352750
279723168
51215118
380744745
46381797
186451947
432214601
374652698
284360180
538135695
681174522
62896974
929193215
294133905
33584851
422856744
621992954
32287926
11777610
66852517
557394773
24233025
9659030
614356260
154418004
841313188
20968150
375556775
1207456500
201669
601518549
400220702
314684916
356786428
1040194344
124261892
93070236
202775370
207198544
152986218
27836183
1409148328
136543818
152794516
45804897
346375052
973001939
619690709
229664812
49038135
437156712
105582934
331033564
74869137
153571132
626227592
141554560
676331039
494288064
292273028
44595609
838859056
14622498
607490004
391994760
33654520
73249940
192131282
236344342
1039409238
511076324
328088294
217351659
1072174698
53633917
116126750
87747660
1202569653
69634316
1036816924
884831640
48986518
715761277
237473068
164479854
70139654
9682752
420035748
1032857796
13549020
939980730
4755400
1275083048
67961844
10950012
21770538
1709526
1439869675
155299748
58866504
71191150
38889260
983369055
111887116
444330098
369615029
44539268
1252416143
321500768
498027156
358433042
63152428
212870398
207459296
547105517
34388200
297844696
14597824
108857352
1350623930
359178765
515870355
547336050
376710753
109230960
7709094
20735345
77622792
38928472
519358170
415849280
37125858
72795828
230649327
279687024
6186011
79559014
799208648
156617523
3418412
75782850
217479339
469666890
487396424
1130483160
184344400
83045536
64351473
4310796
175390772
124784622
12389252
296045614
668586346
302178040
98053673
445608210
1159830289
211289564
185065194
73091662
17752800
28031209
871548
1118254715
63735280
11074986
128151184
2632630
117473760
343777951
146595912
70815780
531008465
96767640
960315556
269736554
643822508
151423646
5005521
73190104
330702144
775140420
1197340590
93772210
404288365
28169136
287702310
58737348
1461959
291417592
1376978260
369840306
1194138220
15307344
17780412
88076704
435601984
652675190
356811476
138510998
94691500
342477394
807459110
412735758
200916675
231017650
133704
478957479
82502498
21372786
34664106
546579406
418490589
660769654
299529225
319448220
24085532
264674394
90662487
370454101
132096436
17611937
605290790
611692527
243109764
548222310
1408116710
98542140
130655616
87764040
260749632
162656416
163492140
184225612
53736312
482970670
71093759
53273106
986582866
94146444
130370484
221848950
239870043
109395521
411490562
323590168
49570920
760098585
1165694
48441336
9141206
551744550
12212574
396068544
8332548
13919962
707878794
133156259
491657748
170353863
251250720
114328290
73690056
438344856
247630536
598054797
26704445
126321534
5200806
617517780
15041510
108909010
301888720
160285983
43519119
1064862538
457719714
7724310
44260316
667096850
10126724
5395790
9290020
45215060
118035090
78907572
159397704
788365067
50935353
411667869
44136162
96335820
78182776
584965722
114225510
509680529
153773805
151796464
932573124
188935461
486675350
10919124
3244761
436432740
884508113
29918952
3948682
78688980
683826
764631867
1051279222
18971575
212592072
61897640
209801878
2772980
64155744
91767560
108845640
1046913765
104763435
145515160
29087520
9449748
196901712
492556705
265491085
137065395
35814654
1175714319
481229540
371303280
332599542
11918074
29378195
732815600
48131037
975560702
142190040
1104274050
332031219
300055280
12064080
64136400
94698690
72910890
214236084
5196191
223127856
5899632
482851908
271507098
18228886
18900184
32344104
5725440
90526032
71998815
885695166
6969760
22434321
544776024
697290678
151780398
635072860
302030559
218464400
26514369
74837606
46203780
35547561
78170796
422084858
150506752
154879620
195442656
459342415
153878637
2750457
78407000
115206960
475336010
96225012
55922088
53920750
160365765
117572220
458709115
2647650
79841850
31619952
161972720
259300126
614762538
50875622
263374955
504709166
1198199455
92089056
823047841
648224268
45202647
744801246
60291192
116249640
46878495
360812013
249114204
62573040
420069946
53807600
928395
246742480
237127220
154098455
216492144
7519910
766757845
1023904042
114529030
744864890
99264597
18696207
2514944
61348672
275146467
225482859
379002
39281964
911861365
143420664
27469896
57830110
78540
143984643
292101816
816616493
601181023
414827097
54302402
799718946
1181637513
376103759
21240378
402883898
255989318
164988770
81887262
563105375
2021250
98297172
30908424
253764082
15880200
666176769
24006522
1198325112
231036274
117854432
11380720
481266474
369964110
274185700
139856775
343717363
54523030
738248494
73683132
54479162
345001720
10735296
305837560
120363080
1033450
49377888
1015520
59214714
546015771
268731870
523630382
809457652
19419270
762619428
154781418
80182140
137700244
131743689
1106447700
339289656
314171910
84153738
3577220
5370365
894748776
66941116
103761
55061130
216816717
30116862
137499756
211010128
79478850
295496260
31367295
704688
243862962
441904671
274112886
31321150
82195790
158739710
393894266
256555964
186252250
34810650
161400408
19024742
86435016
239725516
817606954
90866112
527668056
67426680
377826615
68846283
244318340
18701928
310627950
435792888
1037773814
335001284
441918600
124505430
10993248
469277430
220379990
155633394
35443160
124316590
17518050
675286714
6672705
46910752
177129820
248300359
953984794
875883240
266176242
931207749
624674490
73697890
446001622
936321575
35555806
288138525
83088997
169119288
665551392
126011940
10522752
142118004
162878940
17571436
180337080
98277045
820328498
424368240
249778224
28051332
176581899
273931746
662207390
293616436
1039408
330036400
101214938
6784404
25253415
20068500
117054666
578446336
13065384
143912802
85684410
788911146
224127180
454151553
177200372
1342203394
145875792
817581908
105735936
13868496
49094390
1364691420
525541485
527050158
264333510
26289569
128415844
156607434
1219713929
487240761
224842028
97928540
48868704
6269991
1470739104
612372900
483065818
935377554
580742695
4482924
259459688
235721388
52289212
49062090
703410316
443780124
131475927
12113620
78807348
423794348
426877332
39768780
292024908
153828254
274485670
246664260
687782898
23505170
9525
22184400
216763815
58059966
4359264
183103382
4604204
735975527
388158192
333529378
479904398
14773680
106961933
54021108
94371410
183788362
101443470
50816566
15717427
497339025
16070236
23362612
413268996
1239277
184561390
512078044
543113480
109641750
30011850
42265028
791638785
47614444
377314244
63661154
301995232
246435414
1442656012
582910020
70780776
40903445
146453098
15748236
400100778
7995390
30008372
395332970
44096530
567858
196041520
12835119
901475666
210280190
752619382
9201402
467989770
314606566
1326376530
20511044
457823565
277172106
961350
44269896
134651132
345972667
142267608
43198248
287972702
89652672
97738220
117713107
207794511
82124206
165851840
16515024
980012786
101269944
256994976
41741496
694334835
668603070
91300048
184086036
309734396
513572455
639855755
47488350
698473041
184410
389008767
91239360
651287613
79797570
2640363
450036955
3051283
150605608
991521674
3243340
482583521
308570032
3115820
56321300
49827974
40844460
15736368
209438862
148421034
2910798
42716484
8313336
223543518
211532296
172642920
215260560
146891682
232547861
93019245
405331826
279520857
117145170
611559382
273085228
664535018
127587817
67322541
279891040
48575638
8120925
14521640
376109990
348582435
321847560
83381910
277960018
667319660
1204319371
109652676
104398892
257132623
21455893
245660058
234947956
9424296
61751162
65477696
410591328
586838142
83564520
53070402
72357294
462102800
987204765
599496996
303925158
357369078
321885960
50175636
66644664
299373690
725650782
45891160
200714196
19090474
121620343
110126369
173780154
1200672
2822469
18393970
893690001
182889790
420172298
310070176
200729073
79674593
159033776
6926400
491598526
18377130
223281690
252940856
1004043768
218664876
480406920
3072328
296214562
1074939415
847495
46084970
688019202
251215942
860508121
997836138
39671010
91334640
16574536
144847923
68935596
1093039087
34831650
390607296
740608
9303270
199111690
169202068
86734725
71832783
88476236
495700538
748326147
336189550
259949304
104699196
299833303
110897536
36541568
22219868
139862908
10437040
79427578
384454924
702454700
302109324
490945800
1841840
176401980
645184588
26434857
969141399
269917626
93435563
98840
79202480
166236876
107036640
118331990
136494960
15484110
152067410
460947924
20989671
106198841
40978140
118982850
635642352
51028707
69807444
300116911
877952760
610138670
26636904
630616780
148293240
18318025
1717577
83767554
373486590
29881720
351932530
101770422
6027520
273183080
486707981
3757650
279276060
412630795
71080450
1263448043
132956967
56759080
579924492
57945320
270608333
8061264
137320488
110468010
124257336
52249274
439283594
162472978
209148228
553368717
163786497
360708219
374826116
694417262
1423719768
894087894
36480366
839821068
654855781
47123307
50618232
8981740
77719740
110343525
429128756
165223048
148075426
1472599700
104930474
48768907
223668504
649281578
384034101
54978128
38334960
603477
52718350
218539100
243626388
36099245
248842520
465459048
1566968
33670377
32443887
40942065
323482948
1361783770
14014052
14369940
243839937
186259452
286499427
184479856
1077626524
460603059
100687384
322713180
26048600
9146675
74596640
211482435
110640255
131041050
138933434
79063894
325001985
981249541
275528092
14085200
333356408
175993062
278189278
829922550
385982238
523980273
145334850
526840881
642600222
58468852
101745
511342084
74838879
8625816
629451214
117825740
16852220
99235332
164565126
481313610
135222340
146686880
72254710
661764090
206358222
123055192
162110419
314168646
1004764101
144653410
499113272
397644751
58528332
264383574
329609122
4971750
252726073
15764585
64136786
144656442
234505738
1606812
108293928
61132816
3223386
176598480
16855140
6908704
272738025
81178986
362476218
103094688
169496667
210966756
2856490
39188705
35442330
87086260
751977555
99010124
621621546
8676316
1146499120
18742360
524320720
415826870
916232571
291992532
918193535
174222048
458706480
142535740
15360368
1157193774
1161245316
22324260
100725213
377114680
656562484
353187792
3169124
245397920
412670424
13701840
1287593734
327493257
500388636
39163608
55909266
437258484
1213830888
646400256
53650725
26721960
556997860
52784520
654709470
120602860
11077726
10460043
82586666
373866987
704073395
320286680
988140167
240509082
659057739
347502870
668278583
541491350
204838214
396097368
1181052285
57005802
22923522
79029816
131519822
5183976
101255088
59597190
280192308
175808490
369909632
381228906
7282880
6431330
259729680
102828466
28559698
111235965
68207678
888621522
1012633990
91265920
262441908
114508348
215597814
1071883152
909457250
1189710580
85870330
81791182
672417030
65322600
178195020
457809147
354588350
153306575
489688710
19811470
63504332
4448982
149391864
391369780
981897784
145463952
52407705
789390
585742634
79233108
443078364
305127180
542052939
22602624
27933840
233051022
146922024
83450276
193511370
52091520
1039440020
59103376
431017302
3116625
38253488
439830510
203319494
412168856
858719392
203867667
62102008
9634716
305391081
110197780
71283240
20387631
437856129
123970302
225340052
1329802887
74482702
100212352
828989736
5219250
415309216
83214
202830288
1201194285
4152512
19892350
103460112
34765458
425570128
545527422
89566002
16821420
429249960
85672062
163201744
602348868
229912416
657279782
648177435
156990204
535000628
5148976
39685842
353717455
21919485
113149260
356749688
108209865
342735300
87107895
447714036
2021735
72080151
856430415
134228266
82206084
145699910
42292098
6172848
115446108
949222110
619450364
541088482
357985056
118219080
139472788
1106013188
367582066
143804288
62964504
504066752
212629777
10821930
56997864
414722819
522396
626965239
28693458
45364947
992543853
209517148
113538552
54052962
22536688
517281830
84233061
139200495
744276918
61080060
322459062
207796782
1203943314
6395760
22646260
568392921
395364464
67030072
105708830
404010208
39339390
754901835
642398772
55993560
137228695
6814527
12786496
213462531
122327444
7107117
596324783
2737259
131159342
387843066
110721026
452212314
401520630
8299026
200611097
148211210
132326889
872282102
37941174
319536470
394673006
126497652
330762342
370067270
24647139
439532460
150847252
953222446
1194202774
84439255
38735350
605554740
646777263
381627176
309165240
568991052
18446940
76994397
139568266
385184486
126564837
216556424
458041848
135071354
69315932
226326248
897515085
158409873
299843599
14724535
76809828
577206630
74067500
48206290
474293025
541202769
37346524
1208060810
948050133
625727588
266551406
588004224
178598460
195354467
401577597
86475230
173300638
695337726
190382520
38255616
428883786
303987268
540294040
21891762
21555930
1271967820
454640673
49270036
1254101030
285844150
1003742790
51211650
205886695
249366852
40188720
468338950
185195264
210693210
539584230
165731548
3197700
118422906
530810280
758074460
113947735
4577252
424723118
51072396
752079630
352938783
205036104
179288730
828956512
32067702
155611101
199918484
753993886
35451822
35084126
308624120
125648577
158972022
42470986
1219288252
227821596
365165940
172177911
701638457
274127295
178137844
7053199
961174002
44445208
347187754
27325770
321176427
195828750
325885508
174481232
170919802
467048177
593483751
51930306
85199112
855310648
1130554348
588109968
319993754
232831222
221155398
106034440
394634096
41704670
531892584
170077245
634563543
10477278
105421185
209228656
29501324
102406484
23005843
252574140
20103447
23369734
2184224
743073760
350754060
275856197
349006615
244722392
701683323
36350786
985298886
549688272
768981699
1228915028
673717276
60830046
109505919
209087532
236850866
10848
17870566
81359355
226670160
183415140
10706100
102170250
3338919
69261315
111670244
376598270
98025734
262703304
152366865
907550457
256517650
716503680
1022016744
31118535
1522950
6876792
186613812
453114719
350670320
18540169
176713645
400441800
195740496
6678528
134578647
179274840
292393602
75944430
1321212615
1263902808
96902344
691119690
52192452
8931348
87403680
67897294
149346690
56556141
908333675
45714339
46048110
66327880
310643210
12009556
735150780
60315585
1079634509
1221057180
572879998
23926932
199492344
807072641
809215219
29050518
3065771
261939418
5578638
510457157
487057095
157704360
213148774
111721256
422884959
55464702
687729009
700236998
666634038
47279596
19174810
60588507
76393218
51891797
32700894
240833021
1360281736
778157730
190174818
204886026
881065458
59531848
61820565
1085546
567689150
203913312
103743360
1034821383
405240170
474811800
657046209
374382726
305756866
17819587
521343981
328462126
318999800
295348408
557140979
1047821250
217901564
642140226
616530412
263099276
8405106
220770888
28124664
521901462
10162108
1056597240
187391004
78063920
261848637
155711517
451943792
792591939
670301788
4169598
65167155
14323435
213408754
682942064
18990706
17849033
264735636
674890178
486988698
113025070
4873234
1448808593
875392774
294626665
232255030
150807460
220024130
804076864
311955760
23016276
29408088
479546276
63499618
150899268
17338511
61468060
26787398
64135539
211508214
1179680250
9442710
500391788
96352560
6623617
302422626
60984308
647474520
739628544
171455815
232615673
47142387
8012004
1258444
352560286
179344231
856137362
15526290
515446800
159087770
78629352
342402305
78750854
42083070
103383698
66835675
83403612
344714010
110340432
141935065
155871140
524216370
862419996
382115448
38313025
117419960
481095645
143057250
55782532
44288111
411055512
302107131
163309536
40578606
16351104
101098613
329216517
553214816
184270029
339241789
594904105
63741860
455981555
202122648
112453324
259938998
32854731
242246883
631107040
272281224
10811790
1208290720
304528157
133872930
933287382
425991876
217929244
80583638
622517082
416523510
77343357
934424218
289072698
14235718
195605931
3118841
836648862
3338720
123808601
823134
9148236
183656838
346750950
1412756853
63642240
199322844
12190074
255781860
187866838
275475220
217410578
466740472
49008921
72426050
1437979205
400506385
134157780
51996484
116301624
1130558
321185082
107188212
365490762
73613085
518532570
19234872
877740040
1155666432
208957092
8510824
285364827
325119286
168971485
388240833
84028509
712700562
255020340
1108041837
162091090
384555041
38976660
31347810
63684648
32236980
387796545
60298817
20557858
218284128
152491263
2320436
812557363
711492194
19801078
63861214
187100680
278521782
1726345
893407957
19204020
1124191875
3757356
944213033
430500
4876638
1319458588
479683155
9755163
119165580
289861502
653535285
32930986
23184736
150051253
467048100
23341552
22946364
1185839767
923955718
290462362
1641150
200846413
121882792
540844815
131084586
9292360
125912310
130478154
35065992
287277210
78049790
1020273258
108827670
19471620
196189660
46560960
32957598
998600988
200381700
4733708
563115778
23948316
325013208
229296346
226391693
111819100
150995480
32379624
391021605
14788697
1142151600
1205006128
102147732
557852568
2951676
214899828
321068091
303770740
56942901
427822377
501417714
887986738
614526472
398787666
119201070
16116
71374848
593619012
305238934
20030427
122830695
157115686
151399815
7013201
272469285
92664855
71284338
368608520
921514440
67982978
15918936
10447897
1221517156
77618430
79298235
5344438
111990315
42728283
463125220
50058268
117149532
197191642
490452834
195635338
422387592
133548640
136092110
224579748
109319120
61292556
239801169
83883795
175705795
100055754
68142340
227708352
3151338
48737122
651460329
31095876
239076474
423324484
1270986630
670834382
527790450
702577112
2135484
6798164
324188812
6248880
387308396
799597995
550538677
22777755
460697994
11706200
343671417
22052814
402369383
48135810
50914410
72237560
356435695
72685548
845889980
127175451
1323146421
109101315
260560080
654295115
682176504
69413196
289993205
113108374
1147159684
314498019
107298646
27985277
8938208
423128241
379098213
479566675
159592640
51360595
129225096
569987069
493146770
530321780
831774970
360517764
340289425
5446576
72582060
5904678
237272750
107798894
861264392
927768372
532557422
47697549
257055040
31728291
97218540
574180158
54410980
94932504
7491120
36036633
486173980
417045390
1212025170
41614236
877605930
189417348
583548258
44045204
223238046
4299687
160842801
125189496
797015062
382366062
16190320
385961030
251824793
100721208
4263410
1065455926
16564132
83997486
596504867
704530412
48063986
1527240
56109920
245502459
420057896
26734050
572380500
194518323
250956414
34644150
341801961
185133780
1062445604
141050850
14211582
263804454
21702513
8604370
764390396
267586722
351061024
118564550
32161415
309087746
144311349
11934442
662633942
322309988
268628322
15647350
3212898
16694140
68768826
17223859
935250852
75153060
126252434
45799719
204275123
379162185
981457290
291817827
164894085
180642484
268500749
417281703
1146378450
48165816
43232652
467080794
401971918
1213058745
957800991
1377339435
369672963
360626025
89248958
571502027
712931128
1253240240
33923127
203050759
476137160
225012720
270886740
110885852
95758399
487371980
343201643
44776928
315798259
631182108
282393930
195858598
290915840
31895416
15101660
972066712
17739150
388580270
560509590
388786608
51347452
182542295
52786800
281106824
638751156
31185803
181952148
328197629
740258223
111320050
236337696
17022551
456325818
336523470
25343328
86255268
188878704
60907314
130626925
161770504
424868250
95631392
823364883
2386480
1009701715
570822094
393016703
592596846
145125663
57026688
504873166
106254204
3945804
320404740
218626324
95256716
478364250
198923104
21106203
80062439
381999268
18240420
39543132
410582076
807281856
13438548
222284378
51710856
839968870
261683748
47459240
89029981
430901730
422324304
1390754060
143091608
609606712
242127873
385221840
3779328
221762040
23384382
120363002
1093502782
51156735
24876996
240662782
242061456
393660600
20865768
459256006
403595465
61996374
601146155
233087910
328114804
161653815
83242230
15539904
19308540
63435094
389518306
578054815
384575235
481390260
593364930
37872164
331631400
818270910
47891030
125888296
502459562
656314938
749204922
611665260
648440100
598395128
343945017
539061385
27217938
202558062
79892876
20649354
631654413
132233395
1857387
157550406
760581980
22721023
220112363
136944670
14509074
358644520
756904904
111851740
293845846
5843640
87897645
21441360
384808740
708234
205141244
409028325
825020240
108499864
1391612295
1296526986
2849584
391871454
8661576
665393438
258766271
53323821
226821540
419440728
39560290
71238330
250110960
35418704
8404902
67042872
256174560
1171449301
148828768
42050799
534097025
523274796
289086040
109954653
531758045
531274565
109589436
70188804
268465515
135531180
930220599
274676525
225191358
267739041
28722714
205343745
8323756
80335288
556180096
1076689680
37167676
104961995
13493428
176600388
819541576
62721780
116484190
646693697
2003757
148581360
28393004
161450198
1172395534
47846014
969914482
131686812
32607078
401791006
61266458
549800863
173090778
467391111
81991848
89812294
434825741
97815705
407318915
762825490
57081405
911608910
1150325250
863805360
143312032
42779058
1197697859
53603967
13722150
202438896
545565822
375474396
225812955
927964440
794895722
329719141
784912950
310695290
244701061
222301936
204520250
393349416
179115376
349008070
1045031726
123580465
213557840
298529806
515472095
29081528
4824600
61804520
314185842
977097470
103395530
359207796
42184049
48529068
534053700
210595112
35546736
318581649
24948344
59161180
1043199867
470394470
203902459
45010382
449585008
154579128
85035444
493304640
320690240
1196780760
109740439
440688530
923864617
15693904
72850440
50442216
440679382
199655004
16857472
54550092
58955750
284582580
1038489662
959173956
67280024
95913558
7070176
174075000
826759472
105741528
330726869
144889150
183309028
268470007
4865280
12395890
518928275
163078947
12965008
65195904
379181202
237440148
30444690
85596353
205428380
98747580
172780216
687003330
94832286
277707853
621354860
507552530
66567020
11859129
395637950
2948401
95644308
3342232
92038584
45540
15576093
1392683622
492675969
119964822
4199179
4616108
11006328
965547366
962865420
1808430
78999620
57291084
441468170
409391429
168570582
827134176
287207870
610228383
45810534
87377580
35425650
208998295
1210758538
638788930
464914263
143555986
749980210
15456672
403320660
48080400
337025164
19495065
1183375921
257594400
30662580
319069347
798675755
57592773
321944610
194262327
14884088
609794382
41423466
11587264
225867542
6735587
286198484
19023550
8942400
648043879
90822952
438369477
945341325
149388384
96119595
167732256
326573995
179899598
18201696
70268030
5760012
412344798
96945284
57337596
684934305
1074225774
962883560
83548003
215332050
22261050
21788154
43591950
42573132
27553421
34140700
102354756
68731047
589444891
936471780
93856790
68847415
258241599
36580434
4908288
56922575
694368259
27115298
148846392
157662120
185497824
70479715
16355553
228845607
3537170
88699892
8121740
355473596
322979211
150124792
69024798
406920996
1037033982
175543904
53789190
141946017
242561340
881232860
40597425
15291960
1337393
29039034
90897268
837114870
634057190
11247552
572002755
415594146
179370114
52530924
28113228
225477780
933069274
50977620
680292795
1383087048
336191268
1110640934
949186620
129218160
165885660
1086900018
943043374
29173092
209751003
10611874
2642310
1159778452
135816791
473160810
194430142
47586072
810903540
1040176635
17419176
106676796
616334544
44176572
122494784
282910540
89462480
364140446
3576160
318753024
2470552
747283680
370341819
265422580
41370897
371936089
296820
892582452
1394717587
30682512
130929120
613293264
160085976
87157300
68836516
1081303234
325679149
373294788
262486362
196448532
174743425
66448500
1215973269
332138363
543194724
35617208
53521117
148777638
672273186
256028108
110438554
31563350
461222875
59370096
152343260
122010785
107489280
103728482
582920
192574128
527583406
407118285
54287222
251052222
19595170
271518170
586174710
342491682
69294510
89090448
336546790
241426076
50501922
421254547
6571180
97634940
43531410
968551545
225130890
52079464
41142816
819089684
32450
58612318
600880653
457173145
312981240
2604448
360094746
438495718
27211572
86712115
592312854
4369860
151323578
23588318
120171942
153811677
678633235
921565942
5856360
1742130
11032713
29483700
148347275
47037309
124285800
537833758
14364080
200839717
121236128
2910962
798309798
46166874
99174335
2591585
4751274
218952790
998443362
71723672
60540298
48435821
325093896
97236882
218951908
544140636
875391517
118065380
50480625
21099108
492574500
66140508
198665804
441672855
36497994
127974470
401506294
211874586
808288074
520471602
223335708
563563616
112386708
223956450
35950014
421823124
104995956
11054862
367401632
21494112
1326182320
374537880
14837751
1139206060
409300500
268198670
25616600
79864578
18898230
187834136
3273453
205747140
40243588
119025137
12327924
210241290
110019000
24102918
4446926
231657426
720570680
103151664
224215992
154307664
86689032
106055652
69594480
128203965
328127828
709294702
915495714
430381350
11010368
4428979
143551788
847780248
9813605
626381174
34611742
657711586
225286633
263120344
175310226
472770
1384901944
83007702
826786026
646892586
119703178
295581078
1439637740
5455450
467446056
18663424
203436300
7225218
277299284
187787862
47624940
18850711
1437340636
620069912
41601477
102380288
196831005
79521304
60297435
212063750
12844843
70441320
6504032
583365532
92103664
303041112
17528615
337799380
470645518
147705584
835225042
208262800
84419189
42554820
21747825
90980001
1061841140
905897860
320840235
72099442
129531234
1019914095
127488144
394697534
980461078
16202889
53359180
820262926
533412460
18191987
2326152
75986703
647004190
189491736
35276877
147053820
394816345
16706168
229038616
1130715397
424146010
1531968
897680704
166721100
195340860
177088080
915700497
84910550
246219896
258945785
206283594
112250538
346688730
40762260
50433600
342013561
1022631804
161908236
984075655
164282004
763506942
168701722
243414412
911661090
27515026
35483733
318083998
2197750
910077065
706287334
72290511
313634614
4951692
315855778
52279840
8190696
43650334
182739760
138291237
32900816
215664164
419852564
415225
288981000
419573328
59472908
48235510
1358953558
140603668
80726032
276243628
532536264
1194207
446473647
127860552
1278303738
39728199
573159040
444280914
6115077
299813167
127391472
240931018
190217896
3314616
268250580
135797736
535812064
1131824487
272873058
17129760
67699270
46777861
804222510
149679660
288575126
239937147
13561530
151007460
164772919
1061169428
4782888
75567588
204466706
18650628
930129514
540263796
48931932
116646072
214253700
7486443
30660741
895394873
1165727710
321372953
419341390
64091700
233006886
52530520
481441341
908850
387441617
91054944
49864485
1667400
22824156
591578366
23700720
84040690
408897462
89171190
273176486
236513160
827417632
26563950
73508936
263376125
57471132
40396930
118081984
1593916
191663080
303374184
37865256
161492750
1442784543
182553273
302332140
76921828
98759628
92471502
57721076
444564676
191572785
51336175
117543930
80726385
181203228
355337060
1353779838
136844006
582262472
118038956
1110158127
665660322
59413640
296748595
421126064
242156580
68183088
54116856
433676257
198127536
164033100
404834560
1192642220
128672878
60767586
150695453
48386079
22518072
38847490
4559667
1189810
1090548220
943914660
479133567
1024225536
8654226
309732722
478792149
208122712
99229338
2495682
217600478
267084532
75290050
603470514
25705680
288383886
275866308
16280022
1301870499
174223608
89276967
121640475
438753504
520781848
286148356
160942700
12702312
120494496
96771603
85970598
950890908
574771844
648298573
1070700507
291284800
301563262
50177250
8380026
412602057
17495065
767943354
221764376
174894170
412824406
273096843
770918610
61124214
514141625
221432806
307989879
544159980
134513156
55974
512072411
206115477
911963580
533240331
35995410
35878251
1179500661
44285238
168501864
783209364
14667611
76428504
1184782780
226120967
738352641
896868495
29830407
279639910
424055970
774813372
590713200
63939172
187632610
26461890
56614960
417076842
344116250
23742408
703642992
777573742
74596730
211330713
196296192
228165091
176277360
264845604
76182465
1422851140
842369268
150121530
978411720
1076628360
28546576
758901728
647422448
758878620
81587662
275948000
762850478
169834210
175680732
505852
340705736
408762400
1177259166
86975749
105482522
202071609
208428480
713937302
47358592
138170186
573183604
177097452
208893758
1059130920
115081388
834709099
293207730
201851684
565638605
55995660
1601700
443596230
100362724
612519090
563390469
15031980
135800418
213975994
62154516
249889574
122914343
189685548
412637604
87285784
1295100201
244864393
6735946
85753395
37254966
977889156
69333944
401974954
49243004
26646008
248661369
142510002
298914189
333049388
854797495
244133760
618180835
25388220
2258464
124982862
87043164
70042865
204904470
273762170
16274986
9549078
183126895
241826268
834486222
87305086
230492928
7846960
93246511
362915889
8345330
841615687
51191226
52759925
1055335068
115844760
34655544
655694220
30045015
88840021
251844600
200014997
5441303
669062086
42520242
88642161
36469404
205847646
134471268
132022800
181595032
474486810
77038356
33691252
79134165
755524
149771946
295335624
453751464
545100699
51621936
100923100
30806932
961269000
35099568
329363758
644588725
174202458
111436413
90055035
161285890
79182780
188017484
238046304
116905090
242886785
1017247819
77465714
9452002
78483279
257898362
105142752
626163357
354489865
89278340
168910316
313153861
114738596
7679628
33028216
365107725
161625058
294923262
298024300
524828816
161818307
445409550
920454392
183620808
685360560
13166760
426232284
13237707
1350605690
306778010
3832110
870696430
556598587
162716313
153420326
371506576
205301083
55383552
417690140
952636328
130311714
94935819
105348645
246259035
1193640
201101192
586563222
14098830
7259765
76028400
41292370
186695392
26182845
1433124118
520891096
584187240
297131714
46998
136818913
245985932
178190340
533969605
383187
540540894
1576197
211135168
883886780
213316310
18629832
230721477
238449480
1107610224
194145355
293392170
458986381
566226303
933429708
943792150
538128771
170169690
756225327
204335439
11482686
257828685
105613466
39253500
279839638
70034712
243553002
354283650
140672646
24610509
935097585
73432452
74132520
403749390
58375790
23769074
571905642
268558765
21465808
297383366
418571430
33070784
92479458
144308130
162577248
39312
41269030
302637465
383757036
13441816
111265795
81230184
182240085
14791866
127194348
976316946
18943977
12450280
60449558
19304406
1415732432
22662977
62140365
293584353
196591646
232104400
413712181
301497983
104850928
492675040
2363600
136069164
113767115
8693826
168989639
321212214
89850152
95814026
6446
182093748
147512118
518198676
811610719
102210510
1101835841
43754027
84635000
18583404
147629024
22343860
200661636
662633622
196505442
1018528326
6001210
111660144
186028232
637791179
471835
155979206
520422418
328593006
156991725
28959420
39634980
18282867
935382420
208881312
569585230
680199168
369822860
487914476
830344845
923703588
623964268
174030560
234017154
2000226
119079790
532126104
509555340
397134810
183479647
765727776
11251482
254939799
32964258
31139950
118452426
1248247
831464
474787500
544816440
3585900
54841375
802761498
140582568
67307460
358114840
341032944
6875946
969786924
288520570
33982200
4797550
256723936
125857596
61352621
672907177
262264818
59708232
1558506664
1011978165
4098225
847606338
215746288
4673076
213773637
24595632
289727550
22855140
8898288
248776370
207184570
54228240
376503402
845035950
144010300
80039148
442966932
154678536
525159639
51166600
233709
58021658
623412470
202925810
15530095
177838573
545383344
1225960674
11768080
217618208
27370661
641520096
949717218
41606345
150867626
496990546
197392488
46129024
180585009
197375762
207700668
94459692
520547810
415543490
34701304
166908225
106908325
16437680
1186844460
21720864
9632160
217362926
35861400
118194149
671886094
164663394
215016756
137033764
1124582718
308560924
1247796056
57544476
71226100
7212021
194290922
291974763
19897195
415380006
5975483
66717018
981041380
674652095
1090132980
24351300
224194215
777184527
287977306
36602478
423391500
395472
71681610
582716829
2350400
41184208
121796210
103019866
21963730
1185324340
14703483
389732930
44222444
55190570
100275371
98057174
3133170
78718294
740769015
456749450
200657079
52953450
47358610
398619306
315331300
3387720
170712684
867849005
24817794
488955666
152005160
437015046
26633685
410480994
8193606
519651384
4197456
33438160
814503802
131057361
138880530
1445382780
364925256
11266430
515601135
22856532
8701212
279520056
74717244
206560769
51759155
619707361
113732176
111903320
291628668
925862460
950102361
885966670
97126528
1012262008
145583130
170820416
16351080
206646019
731211043
75219175
40606125
391347385
100724628
74950326
179089988
36799238
179600412
24354477
42114154
237292203
1143902141
1200528628
665424650
58895288
368081476
6375600
794629528
43995078
29503672
442886241
844639718
31003782
429002719
309749520
524987318
57475860
715797460
253216
16455150
13951839
581777150
14969690
171738203
80890588
357749088
65176485
454665558
138202794
550035178
152258172
49448850
790689720
186124395
41334429
474035525
53769606
11148358
331336178
684254988
746967
19809400
418128792
117011580
18289150
279748452
290366132
564086040
15790299
5388306
282665178
881822637
1018228590
2388540
311724540
301723626
123240132
38938800
132979100
5688790
5986970
1196098008
76015056
107439792
64552933
123729249
440448270
36605668
640190515
1002644818
154980600
531738576
2474761
430753750
18038460
248288502
392544910
51485314
65763207
27096630
54726608
68570376
392796661
296313295
168891100
1020409260
119240320
28830524
391322532
2258784
362828701
236026579
393410952
136283812
554278928
356568120
4136640
778969240
57044260
843558384
12453735
122385620
111148890
552698342
56159284
181848990
48574944
122143068
211493487
205127881
4885506
819767410
19725534
231664833
267128592
31874856
476163039
333931650
281393120
116981216
32491844
854241759
178991912
130977548
630108980
7977820
125731080
777036136
22034020
207105819
424875470
328750080
988310092
10057716
440271334
749224150
15717528
39856141
181883312
232591530
28488273
213809968
552598330
752786426
988448208
14249943
374433902
38514840
166300258
837765995
1191706802
397964580
148253820
1341452678
121970563
422690697
285279961
33791595
119665176
320221818
91076040
298223400
309519488
492929278
319621610
161165904
235053614
355657606
188028498
176429054
498262152
528198796
11003915
72865110
235140413
97004550
9636990
4323510
355072626
47995052
112478912
193908780
283807548
181104
1025302657
127620448
10424235
132127527
5934372
182195898
238793863
35784540
664374912
703410692
264306080
672542178
8258671
139426506
391561288
1184772384
6908154
540871702
197364993
199091684
520863392
792782615
770519816
17331666
346753806
34571229
343298226
954937940
740158446
422403474
501241910
121629492
16465506
27346740
44063622
1071968586
323438571
16872050
14631225
212163434
379578639
99482751
778176
37378482
53146368
302100
241094750
45772074
70975311
976404241
338340030
387382984
75260160
1011959322
694935480
253129008
808962
49713850
586798050
457775490
489096356
707227059
1259919742
110437319
1031230006
728687240
1234422
241326168
137065554
323646466
223893180
60528420
18435210
16974672
104939340
136163404
10644660
3808455
126916815
426044718
1783172
132648068
112977020
210111456
3656059
881911329
23609960
341156166
389822615
135040464
174088746
202711872
315705843
269272898
202777035
188624912
103709742
22321904
14809990
6221970
1712235
95438772
931471905
53305730
275599360
793170678
20829807
337947058
114912380
407226136
41183082
186285165
319381866
253389500
429654090
443016156
161643830
69814115
2552080
1562400
446401368
70487682
4676600
23037180
22237435
78824892
27842096
132629850
605779092
279959490
388635396
259616258
181466055
34458438
39280893
42403554
39207627
40732428
1010355170
12840520
971423271
926611340
238936104
35580710
379694980
824388774
178169255
8708880
101922786
343358523
629894622
182909680
6036515
889032282
160163835
893318426
160085016
145932754
9918064
134600191
482596114
26536293
19254552
968529102
17624782
580876264
341350152
112756680
21927152
63612276
351408603
668748795
21616020
44487534
74140911
664826956
728538151
465471460
449502845
15862322
772253955
362273374
179086098
8924094
449855021
167523643
2764233
63531433
40085136
764730432
1297055100
362013734
44411025
5333248
953487653
170540076
1072699262
48792566
88368540
314631460
79703720
30724560
365273337
166687820
167428546
1095452061
1033998
268414620
460127950
173764697
432496218
331368614
73546088
23925087
87253624
118608490
438943076
213178032
1224762854
85489509
6853486
36185072
955062618
186456110
853437540
440181352
33006072
16448066
10059418
83864080
37206188
103584908
140534825
326517680
116582345
1174838886
131536658
91233516
40257750
433078324
978699330
441477687
254530350
104896770
365252
100484768
1008020471
116016720
20760175
318740344
117967674
108242316
538893460
8697738
828859465
1006688088
127523484
138512430
67422768
393091778
330027214
19426266
606606255
1820835
783152964
13814484
54817350
437014572
424483353
16196322
308235708
687266032
4612242
12887100
285172586
375813860
5043390
136952136
210512580
6763575
1650200
158765646
276367179
983475822
3775394
433918165
7303166
1072012581
337833420
5312832
105152020
35934850
385044645
337433635
149519324
216624380
693567213
902825
8397693
26034004
700830350
358250894
82945776
333358296
200575520
8131572
452887480
366396240
1584
83768418
1472323495
429111034
330307728
11073385
217496547
94360988
14194122
13683560
43867523
82320700
15374350
232247816
16537161
13929888
34202100
316047321
179160144
290407844
1291378395
247534500
33235704
10563525
14322366
153223824
672770015
815264590
6599680
172599906
21952216
63376908
560012997
50772090
561411910
16728268
43354740
9600595
2461725
218411511
196871808
188329752
991530474
16685982
717386015
17531220
174742830
2629536
25041325
662876658
1191177471
98421494
53160526
947205
5973828
62754072
555841455
220521976
35671818
594045450
229443676
147572294
197433840
98813145
244698410
805440862
53566694
11138930
48682524
15267112
103411532
100683121
50520078
308946053
251695184
239286268
465552172
21322600
185934900
78132912
111431224
940124262
56551112
6468250
357766512
134015772
264637354
31067550
281305052
1054118884
208377780
36229985
314014818
200863706
578088946
543397719
862880082
32064886
576778290
1173458868
7502588
226318676
127854154
987331059
68607648
410535098
88816880
24884526
250611630
963717832
99696016
78592202
464329086
810374390
556657844
50827722
586532225
1310429085
312773013
49751065
39355450
144281618
933226794
182032725
267107922
316514958
106587290
45739070
711782816
533471880
120277970
997525477
287013550
4008753
163686355
336356267
454282786
979643738
1380087173
143738790
376213682
5291445
99029355
1492509227
596646537
6423190
52889412
796272100
2588040
44950795
1168140424
165810010
510652233
411186832
127042485
149264038
250284346
52338132
927130
297076286
169326795
662687938
363496194
21907695
1208859006
360739482
355039968
208673964
92288310
770313898
76627644
709731537
964775467
202727350
162363456
484160440
10873170
168715610
154160762
908535452
612955494
244576498
269014788
122540584
450591005
100575963
73229508
793429428
924114570
241506233
261840673
937243284
370964644
167717550
1088981082
147358332
1225946345
802411822
51399690
1026097875
58945446
354599037
300995629
17174512
70368384
549774222
360915217
149728746
96428192
158152188
79750476
10948755
159166416
653547704
701420748
371116086
185379615
53611122
119257308
327341045
98422425
107727712
26341440
371343462
455217364
1376438294
16661589
233257596
14149908
17676612
172111095
69113427
36253910
120532544
3009490
835371874
39046350
362783652
76919535
663652359
907262566
133025096
364336980
756087064
1421246878
57237036
410885464
254186055
103295610
20718000
465503320
17088540
325239060
862939703
304496350
223546925
91342530
410693341
187793161
444204755
100895880
290803702
110561180
587101080
359460
237335989
398369791
49284354
7236200
11941735
301218258
285691550
609011101
796286553
28961268
224533080
642180270
46095504
552108548
134134616
1221076610
948910305
37919446
22856900
298557126
121109772
471391164
69524265
1137308594
43683027
410375136
694309358
257858970
320888610
1206384630
679946452
316931230
14372820
271738812
393322356
63078579
64220040
119208184
62020131
521155655
279891604
169471544
191334549
24369840
174874636
238188200
33355472
149311855
490967528
89909262
231729990
144044308
445192696
313017000
741192118
42027118
179641734
247265252
1073554902
170499792
615693879
300980342
351692628
41528208
1195941225
1201466364
177435286
417330624
660098440
535266030
208180672
355716921
142780824
264035352
804771750
135899720
1352289840
123203391
8293428
1220325795
277568200
1238673574
107763720
680338795
258263504
96258045
1042595153
160381263
22846740
7397037
42868945
549856390
798614810
602895612
23484000
406871094
497827424
185726517
303222770
760811889
122360070
424058439
125029500
400943130
211934482
653918944
27790700
138681964
31682979
82797996
280425105
652019985
56304528
466364104
75964504
46629072
1491864161
198565818
3395472
34522488
228882951
62940972
972677340
978092070
120384624
1101508470
380982342
143064350
70684240
140627388
661492590
648893232
528783430
152790640
179156575
12310355
384686352
10808160
213637268
16940742
37382310
60380100
211720244
292430152
394442937
82217256
126023300
681962350
41536482
128017032
134084562
267584031
263718810
49175288
1510872
390685185
475527368
512923320
29224686
78640087
278712467
462415128
17914905
673018360
762520344
610876503
934223235
129894975
110788431
70485744
17300140
210585700
422014341
796467998
221427868
96822037
51358332
9720058
70328632
210080324
646456448
1903440
195624099
881559777
65444170
1679730
1132782818
281188827
14309112
71947575
151438596
10335470
23212436
784654522
22802182
239657103
4894560
1415100
520030
473126100
420870080
382682083
17992275
654499699
182871321
1177962128
1325686680
506684192
451009650
346313760
187295290
661912310
65283810
67483832
246561546
397898666
100060100
740661477
571971776
29679692
255124552
214261404
94095495
188532312
9962680
609774099
128976152
19131490
103670820
105389808
794473561
301160622
1368588
180816516
375433266
623741251
166435980
187028289
319330476
13185648
407155410
7199904
330872842
679110016
18404328
195433755
524808
74507500
49502464
75228536
548562926
871992122
23274710
272317058
1400547456
944680072
451511740
1076890296
9584146
183879024
944491828
450859068
37831167
633033000
24087122
261797660
323288362
600478928
192466862
8816636
253374550
1326609361
47573136
556552844
219778704
360803828
971077125
867781794
411449550
292284534
992033850
23203148
724077726
356940038
278496533
253835244
63838419
22771354
62103784
817141930
77105483
28407595
316387260
2979808
63222216
75040812
30208443
249821655
112023288
5442996
220291764
264488227
56750419
84559482
19085850
367540
67698720
13444572
190659340
578793813
264158019
1034448264
89986934
734161767
520888197
540837090
18318045
956310213
185784985
22760614
621772074
232456060
260338408
924552477
76236046
326565717
76711480
249601440
304524180
7080720
98802
644902800
76040132
966681480
406215238
418336
138848249
1591850
12982320
12513495
571080939
338169700
68115054
9303420
112057610
518474945
160474504
18027009
2615510
503782508
571652288
318359668
5031162
731621846
27839912
847263936
562262382
329658544
755821378
292085640
46008920
243179607
1372276666
9451779
1377865094
316351090
231421080
628599608
357920915
24698240
142206386
265510080
134175750
512663136
719051235
182261832
2312850
252760964
3864132
619054340
314895
725734095
336738870
713497858
35551296
96882674
188004330
28797480
292799254
83993982
453483090
701763936
428713530
1081237030
575113470
124108710
498163094
180810196
469371184
7553840
569772489
24405336
138850556
234593430
134768708
15132854
9557184
56218074
747398
125642296
879196318
36767340
26180760
1091282567
27892910
324482136
13507668
1005169056
27415512
158097240
338414640
32914480
11640105
658825866
222760220
18480584
65675540
455502740
32844483
188582220
11162160
138479060
105994695
325690858
684942614
50929120
5763780
183982282
115103400
454385769
237713660
16011150
22157253
29514330
105756660
167319823
1051385720
1529006290
43962168
358252455
88212762
797706385
177838668
84062368
392929257
452518605
35371319
69834666
494228945
97425104
78266401
375161151
36033068
158109362
141337140
1088801694
77921244
343104982
282906840
32846966
50201340
714972356
447806220
130557246
176792622
59720492
27047248
14716966
177294495
92980038
780525772
323602314
58404795
59190645
646194056
506816101
988127847
260365606
450451873
159174565
81756878
298512064
827033715
254875254
953076071
260674466
239121696
52460160
106100416
54596180
106093374
242201652
105134184
230825647
1086745952
192764201
40248890
107724120
203224
358007480
19599748
23432814
21542332
72035490
397750
369235218
3876466
289757060
42022050
20652390
163248504
22873500
90613768
189559695
74168208
228845682
131315044
1580996
295951810
71589126
479217476
11936052
110077110
604755969
326073748
462653007
18810360
137296848
134629440
10336125
139927794
774231988
69950480
948225332
773794658
72387082
195749928
212437511
915920016
4765225
461925504
4376931
875795979
44823330
366067596
158698044
51810864
236771835
23602068
106512070
471214670
352626920
84907375
171931300
79295956
72662268
621367047
436196387
53202400
171449970
6216980
263029244
9616152
133659390
347857601
54843740
197135916
253644520
11925760
123331290
364830668
66859870
175371696
1150787695
24956308
133686810
475237413
162114964
59673744
61699430
90242165
306381413
26686752
19493901
829501738
79479510
4497550
410245020
97029710
770215404
8243599
141203337
514279515
185859102
126650435
638462187
169239988
63220815
178447575
392242500
152951050
611527650
33142551
721332748
47640968
193457240
81663330
148888080
211594065
572475162
206838972
109280655
32610846
310972176
539587018
26574730
1014891084
177937830
36938528
53967507
266034772
46372404
135213274
502793034
1054040
7217990
53233194
155634767
434972286
124893294
420697323
406537860
101240020
248965602
484752610
2844158
11780439
2526128
885946920
845807710
643565226
101518795
96017445
246047646
150320698
315807480
354828620
366123956
109981590
540562616
156787251
120300207
273132174
252000156
567142098
63745380
65443224
5095092
7794950
128071914
226738323
57326973
6560400
154890385
6488300
194799873
154342100
3146052
10149680
36690980
460126806
411445692
687746136
482218352
234449265
664001988
564519935
916588500
132407352
1122555799
42539620
846754895
45160428
109603470
73189025
102001650
306150992
600427674
114005204
66371976
107964744
163622050
755312858
644257950
725756122
333134847
68732010
431083695
625632226
65259495
142313744
12406300
834500634
1426740
27640286
56190980
22762824
107306095
22860474
256022841
460274427
180201290
174436080
181026166
149328984
68983430
708098935
411305926
53406946
13524252
27341240
751948576
76008640
1022630103
329189478
163483658
11252794
39739675
253595040
181161270
453232536
72999810
35499440
24182925
75974184
669030255
254485039
412164132
137442356
669171932
739014270
354241392
34477326
160198710
27428982
183927435
65265057
44280908
11516176
48969933
46969130
140117382
26120157
103108506
26407482
27342870
692827857
423055760
153221432
113587278
227585870
44782023
59561795
53179164
163646126
36651420
5396006
517097
859761378
452165395
17912285
1086279608
241989237
4275432
265018270
588276140
1283082174
33517710
84791448
131392118
275057377
535526134
288716355
565837428
169126334
512174490
186610485
355870817
484055700
16134195
1322393006
36514324
94620393
518340398
205787484
610306213
134582616
254454915
246380970
188557486
494672744
50407220
693535131
138608176
171628277
71069190
265889602
71880984
324917390
1504699791
18696267
95385738
2544594
649600997
508806456
345957612
110907588
1332942876
199623325
12243201
156342454
78068250
84923838
470773954
653385330
94825062
388767950
800058438
45317964
15717265
730620
19080360
141164816
179426368
31119996
1156298000
50550864
399375268
2213700
624115261
236100448
96666898
627547960
117134352
22976940
79316156
402955956
21450078
469831557
570136630
169704644
823189730
481435021
36623188
5311260
103456920
1459796384
835284046
849429038
122749696
1004343735
275859295
156904956
27271647
2949492
559223037
102604596
66617292
263453255
622872425
428551946
672564984
334341171
28096580
16642860
284708182
295954746
213798162
346527630
55584830
863309745
24682965
555175504
15773544
39845688
765619640
59632560
361886332
393431660
13384963
379575504
248784138
357316112
439906746
188528712
6118476
189915297
967632
224982690
579746440
502211241
130955540
306055230
145732470
1393635
931231626
24825056
5021324
548485200
242094
89309982
219178242
1461300265
66726198
77209344
3753886
734681565
212118413
137596419
10146948
680667225
642745154
657532519
209375166
829153262
92870008
10174330
385941072
70276592
175585752
307190022
40924092
300585420
138892800
11404110
146117647
7699856
7483910
19571712
286098393
13586445
7722940
180164836
369295236
13654212
456545028
8233212
30585600
568800992
35250719
171828203
31356612
54833292
170341662
906160
366286470
10548930
48997800
46825580
457630163
492047230
322810630
218398515
73915112
14355468
62441680
169901760
32420340
286723976
58174767
349279320
673115052
34367102
819808770
365927410
471882501
183962880
28840026
156146342
667537353
894081990
97941612
38370982
19918672
570727514
171780008
270669280
477683517
159651330
319283452
102726880
284129672
9062020
557680825
37487867
144178140
566070596
25606506
37348820
145712406
528503150
457450535
73337468
498434390
1123235836
294207900
373685532
828194898
167874603
367295556
22660924
474619262
28892500
104370480
633873840
130419798
1937568
435879234
521044410
27848205
62370374
73423476
406904109
426171466
341888008
69022839
723768906
202532748
331322170
311425191
140738744
204070734
383711391
240383668
157962726
676380278
478683443
397470652
122039835
42969380
945126
25607730
1108737347
97030016
66021096
332807415
1733706
449999887
121013088
76295592
442938951
132170445
164569270
4933530
241273172
241257111
551734218
49001136
473969066
227456432
536912244
12661950
2766865
943169528
70273172
69697536
815468768
19360152
320818656
191801784
373841118
73822135
68723568
122436706
6239277
629049960
280799952
209876196
13180180
312345
14135198
989910382
141096096
293317612
93639186
855655645
917233814
1050646597
117462342
653388710
416659386
62439432
694927423
31569032
34268780
132406426
162863319
194176184
202079408
352930561
92547012
91470358
1003616
330955138
130726512
1157025528
185880190
25279070
40283232
50002368
402114994
160709250
857532702
613006852
183842439
14656290
27537120
485493950
4326210
673604165
292779611
71696649
57759996
612415584
182904766
1057547491
207382500
123215594
421734005
303419214
64091400
31975686
496879809
56121780
74331009
67465629
18239736
984759198
289709260
102056850
30554046
276380874
651420699
70937776
12773592
457022553
257952688
234552468
253778850
10726320
49806750
333911438
23055214
1206104631
237565580
498711144
94198707
5687526
1109571006
364745535
1367291640
926897667
174187104
196086421
296725076
182179662
4230654
15972390
538411335
18870744
119790384
19848928
581401888
146246485
80767245
411758496
403251893
718146030
299594317
500014730
148764960
110830876
127090350
272843376
133944078
886371055
929167250
401245556
110932962
53165910
13316125
128787918
333295074
186559550
17035318
427564989
86940
65247984
378660040
174160750
281948274
516281646
82573247
42073044
460615530
424282132
202464999
277241370
649371520
471945775
1028921785
377200782
215760520
50146850
227150484
1237007065
171022152
437431932
128914845
383761560
48123014
98678484
222183948
404721861
111082170
42668640
107776568
918228542
36057952
852026466
1024258018
27447352
298368825
496414747
188253706
805608366
42226170
366383796
289310811
930660180
1508455036
50793875
33862690
87022640
26265512
22249035
947371236
17643936
361456360
986942232
658083114
36753174
77098302
828028170
242304134
161424844
46802132
897682825
36933228
292004882
53693364
592728585
32003430
278817940
205521901
57219211
309959232
25878054
13322316
1432113515
156983260
232090520
134815430
1175365873
35404200
587375910
211763115
52140030
61565296
252095424
653167864
564480240
80143091
885225250
23977334
286751258
255569986
340716555
280478718
29994615
159391110
48741890
657355860
889694430
5887843
504197067
1653168
519988381
22668228
1265267132
379028760
3413784
843735357
38555426
39722496
760146946
53195936
761982330
504295107
508976160
330060159
257874674
438074210
141810845
959422032
39261454
457731127
62023111
265879890
158315565
1374880243
65582508
649235188
35609805
232230260
4137588
583306697
2659378
168616222
243221475
8173053
163066317
350201841
1127630439
1089989561
353094899
523366800
83079087
176009227
65244834
29149872
19600020
243346740
1340482414
293531256
7998186
106592628
38794728
52731646
52100090
763218544
944892708
527291625
655222612
116916840
97186418
212386440
221403418
466527308
220884386
487105242
78148719
917879178
32994972
780377465
132752433
398794286
217617816
736138325
89084264
59792148
208483410
58206484
129893040
888350092
196407015
12054889
783413219
244767284
106287876
39301080
481810170
382676277
314536058
867732140
62432710
461035575
748044893
180054364
42503520
154067760
147097048
25033638
40538322
1851174
880297740
219678480
16886730
134325920
1193925380
43442780
976075018
354624452
285153000
709225300
969371513
1381917034
17709580
962197912
93670
203333277
367354065
58329312
109531608
104248326
103529575
5070420
99919509
106871510
512702
218029548
15749830
182426052
607353417
1532750111
295917438
5220478
1009221040
1491312232
1684296
53828060
438215892
72408660
689775372
146694060
269135875
98593575
328057296
316362949
99635648
209324958
91881069
166617066
102882934
96638820
334041030
18893835
42463740
281166731
797300
32955780
900681353
335904192
9817160
152451602
55697856
740613571
637494230
36552588
28531791
149182968
83620290
9389520
363365208
228783520
15276540
8448650
262788867
492883121
190477722
133124964
538020
123944258
638280582
95663964
668330292
197115943
1100649342
37016077
174883982
130447506
21258960
62030958
189559615
20597976
35087322
112029360
316763346
676871392
21511600
2578452
89433162
15741334
205831600
108265300
302381184
374414448
1241748860
1132329528
196168100
233266272
856798413
8817915
9961896
81715128
2104700
79712820
140477628
50885256
27069120
224718845
325247639
1062686184
80007074
587022996
56406272
41662560
117180
24153532
3407538
374119044
85808220
124422564
497809044
226997260
87235680
1090483700
889834714
522658759
12325300
134499333
34696354
3888528
7048140
202109392
26655915
13652104
499887460
6809502
41318508
764929770
330414112
153310398
147269430
77196640
237374830
28171090
83023644
6692067
81374784
252451031
189325114
90227900
544274456
609126924
168439192
43902145
11570148
210481880
68020008
88340364
23899302
211346667
77951193
479109640
938775830
379137416
12534750
562517228
706434762
186254904
699535180
202253814
1701222
48883485
11688216
503006
72729998
26470650
711631475
370110947
319455620
691303448
172960097
45457364
23719002
373359228
7888559
904339328
422683842
526072202
1407666635
33119773
115339289
238694772
9349368
174176595
106070908
9395613
107815630
186447549
768276410
1823976
913671129
56686908
335113284
747385334
497992512
562295825
12105924
87843141
62594382
6814500
876945081
189637007
296368922
346525872
792462550
47670117
6342648
971489476
1147666620
24607146
191046045
791347340
66452963
6000540
531351590
285859834
41535690
197605614
7806036
67114024
533341803
210608040
727709202
723545670
53350180
605696796
260638586
550456725
122369481
14372748
165095424
281052510
177748946
342111908
379050150
135697217
10149720
1051484
423450299
830679822
154741975
205858278
532515544
28881564
2795106
661435173
117358678
153469794
263065982
92558796
155083500
85763006
171246996
32461494
76277154
1016925570
416561327
113107027
471236075
45759398
22004892
404458170
17512551
1072224442
1278670547
661172470
72146536
1637820
30845828
50505753
645266129
414015096
342927305
5651500
39137503
2258082
735484365
248129042
178521380
90199064
64857056
62916488
33589254
41618370
7540110
208838682
41044460
238397348
323408455
255401154
398754045
20110130
147097866
703335230
7066488
163193165
217547666
68431620
212764242
17653328
78038014
505609364
25992738
75515766
557539671
853211640
288430480
738379572
261677382
4542480
946053381
992411662
5333790
77580942
319172700
501354076
325762960
184386488
320899170
242466210
72351393
453923406
17758224
76152188
11901708
381242526
15753088
33149064
72916469
736309856
183806350
103901772
332081796
1470770200
1016484914
858707244
132201000
31841680
38426136
419520445
15916105
112556158
127033530
3684095
924379046
316922656
230524826
31215568
99887055
814654890
236053844
790118900
132012836
6307341
208776633
492125595
22607780
5901414
159288570
161212764
182081634
131989216
214477338
58779702
94315538
192511860
1312317279
79809040
439250
50841224
9333060
12540072
188817184
230341968
350093114
408814336
219341494
238887324
54905892
33199730
77171664
1055060035
66511006
443761120
71745848
281641800
10339754
456364919
41624844
515000876
74764536
95215308
461032068
1157315071
3083421
84419348
350247974
1082068138
305560694
215145530
28719825
420235992
91739488
63182700
680861584
4807
837109771
29605308
149758668
29427550
282425115
163315095
100658470
16613733
300592802
111751374
670598350
58684362
568051828
423434828
154226312
82527840
1058936380
66874608
103619869
291419616
250402500
1224525775
1014495006
6591376
232124196
23680816
6766050
166358041
246335980
87124982
1282390578
69642736
209650206
5770960
461090214
87282369
778064585
659850720
561432417
659127927
48933620
829860440
375770583
100230676
594770436
4132094
224216239
3618990
937818
20149008
217019936
7036950
330982090
690773687
514373740
709538639
5145294
59830636
497357889
770120230
482794560
215516895
64640356
1274286
697788
511946331
175344960
258414156
25086740
115115334
22275331
408749396
312522639
125758730
175465636
328274342
298124600
50812771
218101884
75024720
198744
1089564904
213400557
199043937
56878024
168641904
280896798
37267602
25253130
135106587
89266116
360631513
2099100
10824724
302443935
125591444
140928687
310995
623323415
81432624
24846639
642247270
437161254
1087922264
40397435
53629380
131599448
247119706
767784974
439510407
357707688
107287850
57245034
224965695
387574364
277255150
406442814
155562632
12971654
95100595
583212
84796250
159554421
725592966
67610406
605029662
8697868
698115090
239363364
11031816
479650416
11003706
11395492
27439084
109017022
91746715
251207353
130161144
45350133
190869568
110679504
3651480
240456250
285100368
16453920
34073061
66017968
233902284
7532190
310575112
290056806
540325390
105626160
583281610
95368812
71514639
29787060
143539924
222415980
341108091
177060186
25072920
24783885
281553762
191590323
36003242
305376132
362110560
330968876
1085956872
897652044
343910306
33182721
97281684
112066680
34883825
90124820
8056053
49155522
300759410
338541544
252559073
213287130
543572697
74758860
3548580
41222764
922409073
252346017
340741808
1326005204
1148734303
64461820
753765615
306306
61139358
446344260
564609976
419557323
506793343
40747528
1797480
564090569
539526700
709932012
378466002
329711484
55566537
1012507781
6551164
77875971
83785820
102971480
29756565
13974564
1232394763
169241800
357915972
112582786
1026968485
47443957
124206210
368838778
2992185
199224519
40681498
1084853763
925504468
56326998
1037783615
424167845
96745527
757888
127502730
215056233
42756318
60221466
33200310
621489554
944591085
359275950
39555
1126533265
60478164
170206989
21496047
113556615
5153097
370303857
267340380
463602416
683572107
103251324
145496638
4804222
301713482
50762600
101261184
928549308
36303438
938305459
470101520
1099808802
20420100
3434753
480999380
732218734
48003438
537585260
524594920
651113226
862422132
16863705
149987634
204760170
540928323
165293562
115054522
179494929
256980240
82593285
201656209
199889780
425446198
276007037
65185470
348013630
168218343
44365190
1016619702
192669475
507866016
503650629
82880009
251255922
852063470
31030623
427032928
309448365
309437128
60566670
202059312
697667802
670231904
42522914
25765896
40305560
1115554076
242314494
421564630
834710793
154802150
375147457
179658474
123553530
64688288
282026325
9168940
13860368
839694280
420714834
43904073
18101510
250135515
425453508
634126080
215454908
360930954
350667228
387753791
173066712
1964373
1153897410
36847590
335056164
11605203
1101496555
163196605
43780100
251915010
810867967
149710860
40639200
30909424
551465490
215304700
295880960
170076732
107434100
494512955
15463224
949197028
1145962491
30023136
311821866
11702880
453052710
1381315845
162385800
552383676
88040925
116610
319663485
149329576
250863610
120617448
9107640
68912244
1277236356
251389292
46917257
377088200
142605657
633189522
52314136
1895727
182029176
27902016
182861901
38253930
608821800
154431615
165930842
49773675
114948878
35712018
2458095
1499708860
150732360
10629590
69862608
1401255150
26976884
15694096
30229171
252827960
182097672
209698074
294865325
527325722
863398431
421235688
559177256
48457514
71700832
230790555
417883596
433653986
341229341
517738900
135310453
288622422
129644438
345509246
235389840
281790953
7802240
163128825
1038246602
78667980
778859588
153477804
6005046
458735300
225049370
56060285
60816276
230764209
1196388921
118357725
60403056
105611765
925601507
257714086
297808728
41029125
555441870
98379320
534538446
19957521
47592223
838109545
17730700
39831647
64934940
76001791
224288100
424269408
27824448
1003205763
424334666
135411196
457635450
159212668
23110830
541366865
866159170
889888298
24665608
21179580
364246090
1154865534
48568296
90283112
153456236
53629554
203011194
92733130
711035646
32075325
90125790
945328724
290648820
16306758
209391825
317896864
11395942
211651612
382547440
506140803
543761060
17050974
288921588
197014415
1009096845
553148295
78899416
776109180
1275076985
12167937
7481452
6121192
289366010
29964588
309860002
45705594
20224208
190357650
483077976
585954448
81379046
298826640
556776740
39992430
224433428
707418855
1244350926
269612057
153412212
410441000
230862735
280966714
1184731590
497689780
71244342
106307992
272946528
33877206
40095010
167132780
488163564
66646976
123907146
329475846
103639627
350560845
143024365
1118710133
323717163
43447920
581067630
353939571
37092200
1906246
407586680
115157609
98182926
243664008
97484196
14744230
656327034
1292339643
334486203
152025664
471410918
586137908
218014398
686969562
7948668
1183455
1173725098
20141916
46505653
54854760
432085312
217031960
253568787
40582005
233422600
376091675
530499060
386558310
10626580
2522880
453585600
135704370
263313739
193161295
801360
1118717946
824204598
11834220
204175062
122832160
257552184
1074392232
105945915
667280597
353369939
565460572
236221472
1078960191
26607844
59631000
365763800
203657265
21613865
1303304730
73785936
280309039
208010920
1179769162
1504440
296748987
433930706
154298030
3094946
907560588
105782976
708683253
81526560
30286436
7464444
845255073
165843761
553251378
48858642
93522660
218164364
149879958
87660906
745309226
303744280
362682114
45058112
2327724
71638095
25712436
26702036
4544806
170708454
32379488
666161114
204084300
56519596
175567626
639069106
545426011
189288336
13357017
2656912
38487370
35407872
958134
14234610
554045045
159581604
573042832
82724670
304460351
696998160
130478656
338880
742661774
94120202
88342520
1182826792
520776380
270653752
241786050
90023598
509967834
327262073
763708590
7755410
22779048
407137896
132623792
616841050
294738390
554273629
436549228
101262350
89177920
551361933
244595580
566919945
22575322
1087154445
668456784
44107916
191415060
451691856
172219780
1260643668
554753163
285303546
1164705574
554854872
402326925
281197650
433196421
1281744
369793950
271775266
17009545
414794050
64715784
82830963
100760985
1028359358
34456710
14128022
428631672
108757070
3607226
20538812
564036588
289884720
458065332
220993320
974680693
30230673
17291130
49349223
566915272
77930935
643068710
501387120
1091992370
330308910
4657575
92403222
137749120
384958947
334478288
35866280
65311967
65470264
15362892
38558500
77180490
358599564
275783168
185180286
537514614
70971880
858648
5579160
356054012
309450590
158597676
4787574
262044550
25577010
1155981960
550536540
632931640
12162546
5376904
238798560
227435115
843953205
25856191
63131260
73537365
257415732
6558930
30884490
342160086
27673448
213359550
289618157
652491874
417460174
789038813
159384060
653753772
682805370
7371249
149610676
387783335
36225585
141480340
119090526
12891060
593257223
1219615363
170113934
598161144
21788070
45173808
186670146
57844098
102473580
106894445
91668294
273826726
278196636
521904156
5728904
878550848
234024468
452730811
11616640
156171036
294973310
118924017
68016540
1443257800
85827003
96128678
54996820
537853055
15301156
32847150
60089458
18161850
900029300
19329510
315654326
2407778
335878452
645378786
676892062
45579630
7075536
7074420
44288070
47225490
16190460
550147668
398888
235255302
668178715
281325190
126936730
221616873
195614034
351003993
812714616
475766819
45570360
349335532
5224245
70106840
260706180
933553711
1510518
955293563
356772120
71366194
84227744
122241504
22321816
594521354
265380752
55535799
332754924
446342832
886335080
453494464
230289830
238677798
109523832
185153397
155731527
364179235
315921762
64681890
68245772
1260511852
77824460
207788966
902180430
475911985
371462000
11658654
718148460
180785640
6405840
37760470
5517424
115127332
242494056
292392000
685206655
535785173
548750610
36027138
158903160
774901755
230758269
37242264
1556500
614284341
6552315
92858328
116462988
744471507
79955796
477320811
166455148
2701020
257568150
315184488
1333048198
511641127
16996998
157727400
149260790
143356156
38277723
797810902
14621598
232010902
249908334
40861410
355345787
377564550
1048093606
229938500
116565540
14425770
209526295
11521245
2164086
35047090
8758575
21223070
2580192
247293120
78327697
3876405
68262495
120225874
56134035
354940654
295452394
43422240
469395342
11420717
4388296
317185248
166642455
116918490
14295160
136603272
40050725
439707348
61879378
371316238
9966546
821923860
442069316
364012215
611950845
63930940
242381997
252162981
106100928
144569908
30643050
520092611
1810016
143252010
89415873
879957987
87893028
62147070
6571880
52446004
75157215
18973160
39177180
40104799
40821570
51437140
32956875
58400892
40146979
13879242
37856214
641747552
113810064
363788782
596472
182094920
821559378
59437576
5548074
52344085
871951410
196097736
304769918
44480926
31352724
24820887
229724619
85077552
118541293
60937912
35841216
11517990
82114278
98777214
284198521
211638105
33718632
221240174
570054693
402383685
983608820
554408937
151398198
907044882
67089690
98312256
585974790
265401850
302902171
335399916
159140882
181114950
165366405
3295110
10824224
450462672
376067720
76391627
1324694036
152205573
459923113
106596495
15145394
598239171
14726454
460115271
16699350
104977428
53366670
56919858
3185331
887733233
137675914
155550529
123061807
214639771
3254757
4502492
535982920
887619120
710533041
470540063
634287238
554132973
289700697
371052160
275301034
325044552
13947360
932727950
358017824
126992941
9922752
64107121
48276081
100254218
587335280
45948585
402604178
660732132
76430640
14220444
1078692362
12480944
113631060
979772898
308672628
6815721
1174944995
395949345
385750173
76173335
523266422
41703148
754127418
262333764
119667405
352341479
4654410
484124487
21868170
138098804
43977185
216165329
337226871
92599325
20640915
111670852
106184331
6841847
122236972
36495174
31641340
166611494
173916225
10646064
39200106
18525276
464727207
2172246
797378400
125222968
470020420
185567120
954337356
149084157
1647520
170484370
360928052
5775924
136039278
226573831
791250696
817726427
627221448
225113606
40748344
824277120
62424852
479782980
573644695
967804336
109701732
1013296934
11285352
684017678
177626435
937286628
110727306
116580195
8996910
882511075
231038670
127586959
502245229
75876747
31430592
699300255
74220460
309263932
171412015
325344656
349412736
1167519708
18328172
187540651
8764260
208952226
666907838
94542518
27049386
1027654962
922020846
98435782
157371039
818090696
687855780
33580400
454375260
447951632
55497750
304212030
726969204
78615432
308824538
47096610
617351636
459122664
600774837
364982226
146358573
521112958
12962577
530650664
504622872
88802948
91139224
1051627800
62310
71143266
865277952
354725364
265743690
160560
647697295
38828860
40204755
225421505
1100491733
347579148
40412196
154795252
401423912
72279974
117030345
177382205
55670342
231759658
42637972
30371292
44604298
97296587
519962721
821055051
257282107
107374298
526135320
564905444
112991710
1011329399
47057131
645352631
170731820
40878585
15063030
153285800
607886664
202580950
29031642
26384358
181049830
137549370
961891114
471855553
12633764
120633046
180703178
821748518
111251580
428335720
59975576
5096847
250305621
938322
851433890
1066131
460184907
646448368
730157826
913464234
21702115
312228364
128736102
15156907
497672586
94108842
2796270
133598850
95569020
394085210
141684602
177257010
671213822
142566562
99825706
44787964
448434573
561092696
36828784
803246008
168380508
345620515
1284505843
308828630
93195032
17570592
17033478
900093401
85954289
1006780974
73715088
675921241
34179246
28138053
66618738
726056870
225207033
43271698
72387836
17475850
399866625
67970
44797984
451791990
179382140
13141388
176151960
557886075
357296335
475919985
106787994
90822272
120053840
518562876
948437710
1124360205
11666982
155247755
104502780
213592600
7056936
635475512
434046141
33789228
494006460
58200396
59812620
11741730
350556570
483223542
32740785
57242052
150552950
22337436
188784630
40291706
340603394
20397630
98487504
832974891
534715203
140144478
6235634
1353490918
69641784
592697476
21896940
771281340
453308550
188971912
6769098
49294164
1091654464
925190451
409496900
660912507
148033452
40046094
1472548
26993322
282321668
565376409
152406610
66238645
199858514
122167758
96672243
52119518
43737573
768547266
1590816
153735152
15036042
147022219
130032524
20621740
276319796
2029314
85669588
322578984
92113633
761365528
43908753
40696385
51557670
258113460
244184655
46225872
7248810
932133790
937989585
95287044
37643740
94616781
14679340
58793020
52388408
194906100
119690172
645245482
96047856
7847652
220449122
577667532
295975822
114131979
731676
45916038
744867070
140474200
479731700
1120321500
245745871
728688
15628184
3553500
237376197
105018056
501785060
23669190
483599032
526468264
530862750
325628304
144599161
24404556
530097540
768945977
196324474
88773930
17954349
1159594163
919385850
60624550
353890553
38998375
730137822
420698730
313677
129749812
257088104
134118714
963907801
1053624
234469814
656527362
546809406
89226532
341300337
46742346
187943336
1090828886
103003438
111785760
1084177215
768550874
1132158316
37968702
90347704
810689880
8237944
7322364
764760700
648777388
110912760
108116840
96530742
84827391
451345370
115310280
5778929
22907502
232624469
126613926
38562880
254772020
354710565
258439616
211534157
226222158
168629952
20472654
240473286
23990040
247625664
847977664
7011072
503102624
63776937
362197961
1009033182
39988110
77831000
32987598
3265232
472306935
24564276
6153872
49231620
469741000
643380828
187437698
778025242
504889840
6032411
560166
312038049
209149486
152737620
772352285
167262060
276757000
267589825
136085118
15095360
168598956
1160728542
70569609
199567917
66560355
47744400
8431740
353519230
1012088412
24871974
76615107
56533386
336012105
513974454
362674490
21162072
19531784
434045100
26196936
215611374
20864312
178397763
719279501
76356660
11738915
129461085
86235765
161754150
72987378
542931150
891622550
354127442
75140518
274610715
100088990
89793766
1091357050
456726360
233181335
95217588
165282196
126195700
886900536
1145238566
170975946
69554940
201847950
190880379
1253506882
192552000
20205831
493130612
847672175
234774
100022858
26624040
946658890
2629954
287928870
197086406
170839948
281283990
911768687
19714112
46908961
820294970
9179625
383220420
149824109
461701385
537677360
139388355
337979442
93410595
99371070
250360677
377640984
216455208
555888
358498075
214930050
14294650
330216960
93440820
22234215
125678300
33887370
517298423
8132146
214219008
312043422
22550808
344796210
131431280
140198786
12301908
453109515
133927734
24734382
67149018
31851948
52520820
456866928
17367984
273505470
297553606
661594910
212236388
919839145
96232800
65842104
168945674
888056910
1113575242
234059760
140150729
56687330
198911480
458436840
230336040
161086980
183870330
136417838
43563240
497839372
1133712789
37559468
8087184
49672090
128465172
469938852
414260217
54371881
386181246
95701826
1206863424
97222174
26170395
545132686
4776254
300694036
98578172
714164920
420015003
23392340
219123669
216998697
21963655
123516680
585159738
98500434
864984038
691056106
78301437
249253973
174630274
597972798
214738254
1339744392
16327514
221813825
637766712
35838720
345591404
73457662
34668294
347542346
233394396
886754505
216061447
12698465
147328176
39668739
128040078
378768404
37014312
1043063058
785609398
24427000
260492784
723242164
724364862
539790716
80052756
423136890
309302412
52437180
68635908
255393096
43208880
301688712
383742205
52514700
16792880
81642222
9289616
126430006
452301764
132095880
116099223
416365501
98837941
16925920
65797005
364196790
413618104
1053994175
567021337
367873575
27499540
140675211
81064068
908135361
263565138
26210958
529455946
76701534
1171268889
335875705
559199707
6203666
943150328
403711
538966350
254138235
584122140
619540580
3183546
464291349
723587069
677022516
97613875
3839250
177495006
1389129494
1663480
1319396486
1075426462
8660925
50866524
5759453
93750238
888954136
870804012
56360451
25757006
74981966
24240582
147329004
388075390
317393038
71266215
240574425
77515592
373830687
9343548
127937172
22991994
1377352590
326074833
659714286
2612870
358051166
1383245418
12929334
832653132
622815336
8899509
135961070
56726748
1305797454
1030103120
693788
222536515
122847270
769647798
65431620
776124788
580097766
997821968
144088974
244767881
66466872
30495621
606883
87803895
448516029
104629070
79009800
49053872
220847679
26699166
216682770
65592447
126201446
403658630
16129498
533633874
523894791
589526782
38592414
138055585
160962810
1543338258
248276220
213451890
268791955
440203325
907875
66018920
345298198
51826176
58738350
46749020
707825116
10875930
710478
41930525
52839332
212487709
111791232
74849436
308106458
1648800
822687579
356470388
295914605
10841903
287059776
481668
779558495
417990036
384484760
1104011670
48877248
259822687
554786089
46256100
31337555
197459117
472086470
257915814
761727024
17231046
118168050
802460010
391880049
390228714
198124173
133424469
319736562
500248491
18952164
426974496
111839021
26306718
18366480
21560025
147504240
30092706
790643583
718829090
84972684
7758240
131583110
144648170
187685619
90743980
352168104
40739704
28452990
460334478
707239038
553393932
6714858
186376634
47719672
207858813
193498725
24661794
482240346
12121536
196453425
623279164
715719270
6145100
4149795
470173812
82917228
86132088
74879334
5913864
38810700
326652398
500400034
141940636
23054901
490649964
106309920
85824585
476416640
86790264
258265768
432737987
1167937860
28252056
2271418
890735859
81493392
62661810
114514614
168943914
1211625945
540076570
387034350
501942
1474291002
4146155
226892688
130516440
346465812
96515727
26968353
270814577
70480488
662049590
952708242
32626269
965105760
181421082
141946840
83490280
620361273
75174165
675015836
764474711
56920101
35694882
118537840
231264354
36803223
1707492
7505704
61878092
12039468
119069232
81437020
46028384
293648763
41020590
105172931
255162024
264852369
217510670
156245610
988858762
206146656
53805525
249647080
42830460
47850852
96143880
188161842
888979216
25060935
1285360190
244164326
4133510
195025168
197681358
3999297
278397270
787094698
30373092
947505730
9198574
125720270
107493210
105292086
149260670
755600862
4446456
31075704
51803675
212764344
149792580
805532450
810474060
428738371
94977751
24218466
916434316
81154320
228112344
1100386530
643333507
175391265
383108530
239554350
249005012
66530160
64305500
3170160
208177865
174171690
229541200
15555672
15750
211213975
342154440
10697310
532942432
40984489
20771164
84483234
95575352
538211516
874292172
88579650
264752080
166849400
70737552
44417604
172819110
310671529
307844726
1007565465
856018374
655215798
52889954
142539176
460866156
3825612
329495586
201904170
523782278
124324332
477921289
409459440
402565484
498378434
325367289
131967509
11883410
939640281
121746104
78819174
566069900
382822165
582051926
21514668
391650609
466247437
220048170
123803856
4036043
753948590
32952210
490675158
19393636
1027180
44189236
27477576
65914485
554298896
137900742
230786280
16292700
341385814
376408342
19228170
837776744
14407737
101627520
107996028
210930675
343289010
343341516
963513408
22224462
23791020
414984782
805507255
902698215
35596044
479922170
487987658
684653109
645388668
55996146
53577408
8774052
315447454
448010874
96098583
126421798
171442838
850404684
807069308
115452792
11344950
90719694
732052635
235508806
144829034
343928024
434933088
152249025
2926152
25147408
41600266
82646694
182399800
1039802806
7932652
77210945
137176262
327304076
2221318
77895120
526847440
154638969
81666018
205875670
528329880
18935700
906027182
9366126
57551505
203514570
52846605
14078790
297646176
22759440
80825017
1493184
279295250
8823804
611964382
11951250
136909180
3245550
108624776
197561760
267096540
84975072
115225997
845496729
314356380
47067363
611122338
508161180
282932520
364584845
246445190
685406076
918133937
190041914
80556060
7342152
311391855
251981730
570169392
456889248
356022874
213144477
335305046
558917502
355736391
177628990
6473952
258398010
46738710
329975856
271346733
317511060
56487985
275388872
1149264
282289839
373082595
1077734060
5714463
150958145
171181262
23356146
579424747
22325190
71064360
49362030
116548080
635163364
115325680
860222550
160208775
265215192
1565564
134888670
47568948
108946550
44752320
