405
431805037
430722723
260548226
277
2981
322
4
82145176
364
70142952
24960341
589483082
237809415
544323919
201886647
586728650
642219188
1886
386748577
426
572278638
579994303
204812852
39301554
1484519
522208974
388624091
21995
100307736
561441671
16011
37987637
225732312
68473917
543751887
5
160109945
424733734
122385967
13
102067943
257
630956252
20
274517046
661
447689706
18665964
19
85068257
664596081
306508544
6537221
88284659
435835929
424423685
416627278
3523305
83777405
0
43
1205
223928951
38405198
239029
30031
34330475
684578652
38565971
40073
75402230
18
360747108
18441383
297
20455
54996044
558447384
2571
451850934
220620249
10
418697456
1675
11
2584
92433505
19
3229101
4443204
274767617
2
620074657
492486663
108454
218804148
5588816
13177410
277465505
