68702512
33258
94817291
614418041
298699154
138745097
514815949
301043427
185257382
375
17670909
282973875
75307519
41870473
366809816
3295
510632623
8
538111970
516182216
19101
141691985
59313455
94568089
158824390
1815535
243222935
361644854
37135590
57011146
360
2
30255
137516658
430
111659928
823754
465102703
3262
27616498
3154884
29
228693372
14875430
31
99358948
336258166
154627295
32703911
70594096
8
354
0
531346104
465006291
39490
584965760
199145079
475020184
1496
239158342
16426035
317214236
4502317
10658
73640744
34188
40120223
496788995
17424395
5357214
25000
9213
53319888
30
380971114
264737902
467642212
75796033
484571
163
4939237
3802640
666862197
117620634
1680
1954774
656166225
5961709
205361329
5
37181677
413057
185563360
404069037
450155729
1357
2435
491944609
137297796
