238797551
179565703
337437813
670505078
258364971
402617680
479314764
508019802
309693410
410902002
39033340
687742216
20
629201536
51715608
0
307958814
322688284
564540533
221
169178083
259028802
420501763
228964
162632497
665965596
3533
266785437
327219549
143971710
260746
581
63019853
109447105
120580
16133
15
428801485
242232457
4581719
556936071
5
93086378
548944873
160672
474554855
447177
229586779
392300523
344598414
800566
4278622
95867632
679679832
272638601
15813
56161559
485680629
135112993
8573
24
1420
631930579
95
2
3436947
505182407
129925710
1743
278103927
5
693872159
15
558727611
120811999
228794539
320309313
3205
251851669
2446494
236920541
516093415
688908506
212936339
121365422
591526403
429918021
76562159
80683598
469052469
456252501
62
3306
42
13411661
46490005
373831443
260
2668823
19794
