285813879
2149
150038
551892240
526975959
36499271
128402922
422137
1257
6
4430066
164
7
563527945
163170256
511380867
13299
1549
46889942
20
484592692
337
7
406003890
332668961
834
73260
226414668
9234
17351067
174549154
264262995
174303632
1021
521355934
8
8
549811943
56814467
17
4073977
490577157
16334
378470
1399
13
443778
510111161
30
201344145
47552824
681614930
458958
565615505
28457812
8
12712455
284
10
37973576
260276499
3872038
472014756
477582893
5
43266281
16129400
18692683
37020915
19157
291486323
283
4576
3627
41023
474812950
668129991
404193450
676722026
408113211
685382045
49529892
321221468
29338
19
199072
0
180307126
402939018
148
342312262
263876373
1913
4171
316147
3523
688431280
446438012
8
87436987
