169050681
603773465
122070957
202066784
303433180
2530
20
119155488
326851012
156
637665803
66
78961562
508238095
2948626
40084851
33819493
361309
177298595
462225414
11225
75
277026237
39495488
93297213
13799970
114326200
2127984
207497537
691
146281241
660561131
618303640
157482003
18092054
498275481
472402597
19
146940
636451671
356534581
658947114
16249
61150445
3912866
3420
242929339
74
37880132
506703919
1357
553794
3073143
13539010
295250089
9
3
637934608
30985
7
179
105
614472133
308818012
92232035
24542017
386818292
3994
32975637
221969468
232788925
147595101
48
395181343
21
430766329
2951797
6
48288944
286561663
5
0
246470857
75177883
18
7
21764916
20
379
160315280
3510135
321383006
694442281
604284251
349659397
354949492
428382985
8
526373342
577107512
