592599237
186
192046714
1699
587238551
266
28651206
296178
0
79691807
454879366
247420
42938764
433
44427077
7
394938896
90684
36223813
678393524
15
222842238
12
379
242756
12
436333610
4575
398482870
75179690
619419597
434513304
12251
473429240
358160184
229
40515
371287239
322769183
407525334
679087238
2314574
415168924
56714679
588258607
24
43370
4
23091402
492111137
313085795
184023
673046802
377808
120834115
38
614919164
20
8
21640401
22
1797
14
1532954
348487422
92200638
572186396
463943964
548772793
587492403
655523166
69584778
46225180
206524351
270009
5141
8
121
608025309
1701251
40314793
309
406611179
328918235
468418844
26066
178816401
2168209
3578107
42099
395408769
4235
83583905
593847083
1286775
16053867
4560858
351351214
23
209759526
