472719774
405
40652428
16123878
999
24608
430162039
365462138
100
43299891
417179687
324558601
199136073
57546139
18
271057561
568005915
15
1533165
7
622267065
28
20559
239087559
140100384
514830859
341043
32686311
480981
271961
8509431
511216973
11
675846038
42
21186017
162742048
167614059
174
891
450168400
1
589401314
219627993
216316390
447300857
18416
14502928
4497956
246935810
1448
389
370798232
567853042
511375894
504050236
4435
11744479
79971908
637563622
224803069
8
127
20
677227277
978
490252903
569841607
132921115
150674973
16401102
12
123556130
67151599
424233933
25
273096888
607164073
248852571
567279263
578691742
581486292
330625083
2663363
246875267
5
38909437
45421379
469230157
298828436
63356869
587561379
2727326
442702013
321913926
216297
408311667
2134419
114897730
36
