263569
35552
667357850
1907
521907567
371757379
81704598
14
1684395
21092399
2543
31
177370503
417685239
322404215
11
344709273
325150071
30225
3050
654152819
6575623
13799
126658109
80
143118
657591837
284488006
281841278
12
2
13758086
387523777
402870511
108145305
32101662
5
391909972
2914
232767
334477246
664083749
549711635
21
95864254
4
12
236860860
522915383
18460090
3011300
349485187
255967922
66752490
225249783
569992923
30080190
27490647
505034689
32
191294058
271810392
351981
367022
246043308
393715436
301782944
372484480
401126556
70599400
1247152
7
288420859
579692085
5
33576
4
506982361
217027657
355564158
248863562
45417613
19954
622109304
524218854
189408804
9
298924014
46399
163481110
12370728
10907542
86636644
263754
9
554846361
499924471
207129716
3363540
8712
