226261155
293748939
583988023
5
37
375875274
75069040
307139208
448843715
5
16
34318
2
381840
409307664
5174
2683668
134912
562456163
7
695384852
5
1053110
605802677
304
6729
90714234
876030
13265
9
194
2616
25773
291
164302208
2581
26
174075715
349593152
489044240
370
587409214
644015144
227891644
21884972
25696169
18707460
376713147
36143040
28345
7
392370745
174286
480456114
477520933
443504510
143017675
296
476395381
2858460
30383
2575
668718579
347761
63
82332
39319065
294368426
10087516
517432930
523396014
472775715
413002552
2480299
297
648589632
288940690
248
2
489831772
25693668
10362219
3070445
126749861
397352
246107
92055784
3825
2565
149060140
64
19
41738214
43766980
484020237
15364
5
205729398
66429190
127023412
