254024
160812
324745
226450
40021
347889
105297
235747
164062
296029
124350
326086
296319
130486
415838
75744
369052
204407
508319
313303
364717
183113
92820
436433
299823
171350
294895
7
344502
64803
30
30254
101744
141561
286935
228333
234656
148657
104956
262278
25837
34777
167942
34165
214849
151376
56632
197811
80114
429625
58845
247507
380316
257034
98401
299215
211923
292285
362901
12
322016
285782
309486
83482
436629
185369
136338
262397
235900
436144
126871
20356
131987
345892
287196
293557
33166
104534
359856
219674
333002
72198
293437
19803
13
73388
63253
280730
58503
208480
269154
273530
114093
262558
103350
8
414757
527262
288509
221278
