7
47481
186893
111147
233635
77089
61386
304961
13
178687
13230
38413
419416
430877
592
245467
88945
267850
193109
299093
69075
454598
8
408716
8
279409
193230
396495
272147
380522
78936
424105
110758
77148
265704
256914
143587
15
418990
3989
181402
237184
5
4
241054
5720
113596
231818
10363
375928
64388
302052
425235
182346
200412
93847
382530
197578
135625
302478
83871
313950
270144
195709
8
373029
27642
250495
76466
571971
268211
10449
265539
290735
354430
235131
187853
119576
219839
431445
89366
302478
241115
404922
16
57434
313431
75975
15
57199
74962
355541
198872
279239
343961
104916
22405
28889
93228
305637
