375373
13
104361
375683
4294
217048
128727
13
288705
379641
158319
42750
224583
55810
343385
96015
288225
165526
36353
202464
302623
177795
140974
357047
183392
112998
39386
61042
141910
29996
69972
56208
364872
119875
258846
120841
409164
155893
452190
277998
118573
296356
30976
312369
216664
113829
93227
669358
386323
25
6994
110851
43290
51031
397136
371996
264269
343965
154783
2
396712
283067
66556
20
60211
9
254534
369105
298614
4
371265
229923
302762
125298
278181
409512
147052
521984
445315
4
31
444358
335905
381066
327656
324426
409950
149252
148983
5279
276599
363407
136237
8
5
190756
248024
190807
20
4
