291925
285627
12
112724
113407
322666
124321
255056
123737
395562
51737
233769
232814
539022
301970
194225
402380
186832
41793
124040
334393
37709
253442
37919
212718
463682
2584
224971
355786
9
27735
175181
90321
52271
325030
317201
96975
132077
202427
196669
330472
282359
297332
40210
338139
363609
502128
76694
223399
199820
347461
186637
314820
64701
349598
70433
12
52492
314059
13
341919
381047
404717
305219
23352
51971
128548
22684
211383
286643
372755
154809
362155
422965
9
76524
201106
276048
79466
342197
98597
272299
200975
57240
234283
433859
149539
47430
390938
282694
6
181547
291951
125929
117002
220734
174653
384248
194908
328090
