291243
158557
309443
220182
439795
127906
442326
190459
280489
176116
392114
254758
10410
431683
751
237900
95472
333851
20682
235504
2
277484
131725
206811
138805
218929
465526
47807
57203
340563
173589
378800
68992
336998
409608
118625
21979
41905
289679
396257
13
231548
188686
48686
163550
431570
37468
278444
71839
108338
12
87081
61543
174100
152560
41047
152582
63891
186239
226988
104736
40027
216137
378641
201014
146564
400395
19684
366356
423460
258267
9494
108145
281256
111753
254989
94912
329915
113751
288684
44821
157862
230823
320058
18952
186051
27989
129613
365600
222614
149552
459886
37991
234996
52320
31412
124907
397970
255022
105358
