5
405985
326941
217652
448424
51
97999
15660
180892
289302
12
149025
413299
242723
263983
344991
294799
359657
63383
14436
64600
231082
11
13
102728
308851
139093
165984
344893
34070
121401
270848
349590
206974
276515
252377
247584
2
414548
191812
68090
390282
331526
5
88918
4
96919
295138
80978
133335
161653
247990
281999
60449
132531
374233
347705
6227
127964
247328
125226
175044
215133
184962
365426
134016
82154
314684
327625
236982
302496
267862
105190
185331
443787
49821
57588
410731
230432
365662
158360
347777
211197
157564
52099
6781
8481
63228
5
406123
107880
344514
346426
259467
221358
278697
119243
26
21949
118188
