228499
312802
330247
341213
118028
191874
25293
350429
12
347743
31838
236320
364023
345492
4
99921
15
109045
406419
6043
254906
30996
58073
427452
342514
389167
243880
305413
391194
225189
131680
406618
290594
310004
278590
576060
82133
115614
298886
182582
337122
267826
353898
136638
267846
420523
398908
215698
275072
130877
20221
58695
234523
427723
206557
277240
339942
444697
276012
8
306938
8
210438
315489
111823
94745
38115
253970
384930
191638
408098
310581
377447
442080
201213
79171
94870
150982
271241
7
260397
340345
8
104526
314698
106374
417040
287572
18495
63158
347319
403356
5
119503
359383
377557
614415
84354
123717
223673
