179664
355354
173008
259527
363760
96106
338074
428712
404523
394200
9
158009
414061
227119
393005
286231
399717
13
228206
163089
10263
150273
236517
184907
209880
338152
149071
229928
136178
264258
275831
2
402467
39642
362820
105636
115901
294795
354558
247247
112807
244123
12853
214885
404807
9
433093
46672
576612
384522
247427
229803
125642
377805
264620
282857
59485
172629
270656
12822
126331
49316
503507
133756
38302
262423
224695
424371
164010
57741
149601
28746
166588
121322
203290
246730
154209
53779
405169
123423
411471
6
204214
649516
151652
263345
262377
182856
5
323634
11784
361807
592710
289629
106902
78512
2
250475
9099
3501
