220286
180543
7
143225
38451
232180
433528
415779
5966
207206
75415
3821
31410
199170
211460
114625
395942
395344
257056
167480
66807
412006
108961
81217
8364
1345
12768
407688
312325
382654
291740
417484
370572
421803
87482
354360
251445
186881
105041
334122
182906
337110
187080
154540
209039
19875
172782
373589
597744
386154
433822
96630
265409
90873
37710
194939
355514
38313
397719
296114
9
113874
58956
181186
16256
101183
255939
363694
215542
84571
75825
434170
338793
27025
293669
257941
20
334867
72694
403659
218189
332878
29568
182269
4
56370
72072
272371
7
202085
445768
17098
10201
405059
249613
92947
247897
274473
100383
194790
