234389
380958
285805
300618
71212
183947
41436
194295
378460
27025
195684
320263
373474
186002
73328
382215
354670
4
174406
386867
233785
410254
371472
26892
305147
248120
675432
224300
282397
13999
51271
357615
178760
31950
35381
66555
132923
408944
317096
153425
166827
31867
50297
237522
194175
41172
356095
96045
143113
228122
254921
336063
96639
361142
92692
248577
327994
108615
103866
161730
376977
295321
219085
203735
160724
240089
112502
14251
116533
385910
79970
158189
278877
399024
273406
120715
341611
18090
30
186872
364413
28647
307696
373532
399497
9
263804
327082
224318
26511
146549
239995
279269
321967
47778
229050
283102
436094
7
186434
