13812.91
501798.87
38265.04
2156.20
246249.95
228073.59
39938.62
358243.55
29393.18
198015.18
229647.03
45107.68
17763.81
447685.00
155754.02
62466.00
70132.90
490196.05
101484.62
465205.93
54620.12
172065.64
242358.08
383082.64
87217.14
71275.54
47775.65
630714.39
356271.34
37404.08
23923.05
140139.79
23025.28
13677.06
38693.13
100812.09
153369.42
513458.59
254716.31
41448.46
125054.30
195588.86
385728.40
43819.23
69077.44
592.14
501080.77
27122.96
167117.63
9109.08
60409.58
329576.12
207600.80
77764.75
15217.11
235665.72
640754.15
81867.11
303103.07
118241.40
186353.31
378917.74
400291.62
265011.20
41496.86
68791.83
442432.01
47598.23
25958.70
85494.42
57267.48
665860.69
143697.10
4282.01
13206.13
1232.32
48493.34
137202.81
384023.26
584935.02
22399.07
10896.15
59147.94
45796.23
46319.69
365227.98
327348.74
50306.96
204436.41
38416.17
2131.00
344593.47
105190.45
1997.92
931.95
101453.31
160523.05
13727.46
132163.06
342219.53
3072.45
272649.43
63997.77
345543.38
4150.19
619768.94
115445.43
2860.92
324717.27
256240.74
81796.17
482799.40
396739.73
243036.37
12250.52
138575.77
7167.46
216851.10
207333.48
101025.02
37503.09
183944.21
162541.23
271496.28
57540.68
33259.27
434187.68
38902.63
45214.28
74160.34
380685.15
334361.58
312532.79
121062.13
400455.41
14557.31
42326.00
130792.07
85213.76
463849.89
486872.65
625283.04
40549.82
105415.60
324177.97
1424.30
197213.11
100785.90
9226.16
88394.82
433940.70
448288.36
224387.33
36020.06
54223.97
305785.91
228699.82
76845.33
20261.33
190165.12
65737.29
197606.99
340061.98
1764.86
96522.73
112561.72
76090.59
49778.67
20003.66
105741.63
260010.22
163223.74
12630.41
247100.98
31605.59
50574.69
21418.56
244545.45
105105.41
210499.14
224554.36
53076.15
39961.49
28525.84
274978.18
192200.37
237481.99
1675.51
178480.65
53466.85
41356.88
116772.69
63910.65
17846.08
30427.05
857189.37
122434.85
7874.35
79473.74
2706.65
145402.51
5714.24
57183.06
14251.83
108753.64
257377.98
113297.56
48667.25
75453.96
390320.47
159315.95
121812.47
132095.77
905.90
564250.99
40399.71
185642.53
7140.07
306666.27
52856.75
301521.72
112548.49
416677.86
53879.99
231506.90
200967.10
80675.51
166776.97
295373.28
136956.09
32284.79
150854.60
444897.48
93663.52
9983.00
108898.49
480043.36
10003.67
2072.51
115068.30
284366.24
176111.64
259440.35
366869.31
146392.20
56205.14
195801.98
494559.39
57724.40
135204.27
42179.58
14152.39
47879.20
183604.70
230435.04
156195.72
59969.56
421680.68
161511.95
81727.97
140280.68
275807.69
327586.31
34731.48
1333.38
79375.75
398542.09
8415.69
376011.77
154595.69
23625.75
4768.01
63411.88
249320.35
242581.66
36971.47
398614.25
6731.89
148580.23
326054.86
92241.81
38048.11
192234.89
43749.39
321397.22
82320.06
176185.27
232112.10
290732.32
229523.06
53176.73
64323.97
180266.07
2654.11
92432.38
158704.39
172352.27
120659.52
5790.45
90828.03
4908.16
116667.50
23352.70
66857.13
2360.01
115860.69
3623.74
29402.37
20094.24
19395.89
123454.08
44766.70
214016.76
83392.10
213535.97
527490.61
387.34
23426.02
108167.51
202607.74
32806.08
5621.03
342689.28
134562.44
225840.10
276263.89
236040.48
467452.70
276663.56
13871.51
81662.24
43127.08
189620.47
174804.80
171601.11
8889.35
290844.41
25506.28
143800.95
224118.65
229142.59
220100.74
20283.99
21220.08
29677.83
124102.82
114226.76
29610.32
452730.69
49916.36
176704.45
21754.19
875691.20
81133.58
272773.41
53902.20
64696.96
45123.24
188363.71
4139.89
28308.22
749.13
42898.75
179753.80
221296.02
58448.05
147202.52
7695.97
5285.21
101246.73
51924.69
12999.42
44166.53
184676.97
52633.87
64472.63
274163.27
109648.88
123154.93
25406.63
45844.22
348346.76
35486.11
223159.82
119367.20
76611.17
3631.62
125510.27
34172.27
191282.07
19508.27
135688.12
13655.72
331276.90
28193.74
61915.06
215070.55
139121.54
34918.41
39788.84
41346.06
17766.44
55040.02
26135.29
331491.98
497703.57
287899.58
138097.15
124143.88
383430.57
568530.40
140356.63
243379.28
73457.52
32623.99
270531.41
273737.26
15894.43
21915.73
518551.68
7530.60
38897.96
54553.67
109037.66
143841.50
94207.16
71759.00
35552.49
548759.70
167839.79
156497.92
212919.89
83302.86
285063.31
49565.91
118502.40
42853.17
9165.07
15181.69
141242.17
109582.38
41358.32
110433.46
34115.76
35405.14
51467.76
90866.45
241108.14
46030.82
157426.61
101047.82
62671.07
478227.96
47970.88
28157.66
500.37
161174.32
63434.37
417574.90
222720.13
2750.07
266008.20
152314.63
45017.29
127231.60
16151.99
21231.19
121026.83
301812.63
218600.76
238585.67
11695.51
14671.46
165782.73
37864.83
140967.25
303100.07
224642.52
380161.96
407882.28
101054.12
34518.56
55892.24
49944.34
146508.20
394475.99
72800.11
613369.39
1902.31
34170.30
107059.02
105359.05
13546.21
21878.45
47975.07
4817.33
62142.20
15078.81
12280.58
83123.55
