553984838
12178246
886066764
29554605
674512151
203500198
617851865
887132327
347715954
165194592
606679246
265874898
457840760
88258161
338060304
620541585
519550682
850094195
741973238
54587957
540250426
133856765
372570899
886426951
465015275
950668519
417227947
404059890
598781134
218948064
17890690
945384400
747187314
901109829
135980524
368373772
189448977
583492311
414060993
568956112
868953153
864953577
75895334
110464051
554454086
9675859
648676657
903920461
978474403
931565589
287173650
150954469
255613941
529038576
176490927
378139070
978153992
499417881
985737331
353015024
610722762
960321603
264346182
691849977
447388303
148786969
287645365
126077519
404242081
558420232
604321971
92816540
509545839
567492254
941746588
198854057
403393699
585218205
317257253
676531835
81669748
436488472
697597483
245567969
49918022
700392563
21749523
383891221
41422588
437959998
874613909
745034204
368694950
804704009
466655353
862873320
865616193
320196788
699813875
688180292
522659302
543793456
261836778
880318802
953173062
706323913
531171539
290901046
443658066
852673150
907578146
606790515
236967981
758169514
372611962
193415838
54354890
694814179
456383430
412355791
659873025
450765721
357204432
705159688
513999550
590211686
500788408
601264104
37020987
54642386
223973125
838498500
43939946
549197963
16548667
941020737
639066373
262870412
903908363
897872081
415946320
94234343
874317744
868141584
950087679
39494563
643815792
490315291
699441761
89743458
945257521
431327170
1368826
209485622
145923177
79334651
321606289
735838138
61155680
76884683
646145877
920215672
958978349
532893917
28597274
909917267
112772535
258917287
20208345
693148659
69347249
183356978
69727340
59491488
318203678
6954402
7001858
172617220
504025285
416539970
894418427
545163527
650113067
914186543
653457609
921349527
34821112
270625982
723706320
556620653
691270325
105100345
107109353
847790176
390874835
776666457
544393274
954835739
88307773
423070471
426369464
787619608
293689170
883750848
176842864
388277150
258142236
17313922
743173612
604315876
709414748
533696540
394149140
773678499
2610752
262387769
16984387
206250524
715343823
678036101
207825650
258662109
954817327
119701891
713364370
406734419
196375211
71051936
744643318
98493957
467251572
42256446
904951984
322892657
471370902
845724969
746956181
123402452
813814677
927917171
668925508
832494727
243828605
68831280
217382780
880047188
492723218
542438207
986397660
887795861
740018821
713068627
349531554
434670530
120544516
478056148
560721950
453467191
455474869
366177458
702194783
880581543
233764951
430287295
172764236
390490699
286137842
146038970
500388834
909181890
480342112
140084680
422505224
967896878
158622557
299113815
924970925
528240323
761702834
6462324
46376452
744497130
753252572
219488265
228615211
925334684
159412191
572921450
132012223
410817738
863542706
549035871
734933938
813123201
825079572
160391586
565426862
523809230
204363811
612634017
903443488
490809604
772764054
725995132
982263788
282773818
130723359
837755462
189538734
448647430
188617366
949227511
675630080
265396662
461963747
750463793
872676341
86979036
249978608
842924078
402585153
921391520
7254835
64638711
91163317
58850878
177821629
453546752
568146526
353115419
11960407
626948157
545641000
421599248
161714927
457755381
495810498
310653448
710890985
815396214
264367788
376303187
448033069
568033944
273231733
551330866
72959187
143780083
297441927
585730109
674814992
627809929
878804771
489992855
951470291
852866217
917677098
310291526
138378438
384795612
325879851
153289046
83021612
814142454
156353494
868951097
925095992
383050763
426758309
187054169
500399632
111565698
734109177
236597244
36882173
267357662
581636071
203624508
153630447
693724386
827117104
703767770
531079049
440120874
820559224
418711929
921141980
889956214
757336501
208062346
595927120
183894558
465832435
175185621
15263311
917503552
81529176
77892847
974687284
674717261
889161799
222624979
637365443
916337092
338545017
978436639
316376776
384889374
825079572
386414416
370747356
38091511
324430495
60624689
485107613
651632946
837337597
827056851
215009269
159797251
12852402
717271569
368649546
813500348
606900927
863003769
431122247
367787046
762485378
789205991
688175001
313096607
665465403
377677835
261379231
115111957
367630810
573468732
252325471
80738452
654855203
951799998
539861250
83205618
52625471
715116424
596337338
726360434
208902936
513047859
372180653
513801211
228848087
337910129
885071679
618225797
926959834
643544220
159760850
885842849
711260137
700012642
125086919
242833363
895260284
576751323
365424767
26800383
73712434
249432088
924564580
376452658
660182950
763076515
591187375
11586626
476667958
75143818
492589102
664497317
334548408
839159992
756815219
687590499
196770275
491457025
579792704
653924012
783172980
385444085
408637504
610924842
828250686
886215837
673124209
129671819
763593064
790914060
733028531
680518822
512417456
344622864
573946758
464470343
733112695
776287235
774006293
5811225
545860477
244754065
486414167
652189251
402863639
677631015
285283215
860273425
101741820
155817703
160342251
316655405
691156935
413853995
12387402
374740840
477828035
483612022
274452675
173599874
685992992
925964301
235706441
208552791
816496475
190181129
136080399
104378573
767468294
789036072
84299084
420708483
866606061
833384535
586274225
706626427
567200325
40200535
214436388
232239773
779334294
427446949
97130898
946336856
627341323
710100478
373182042
228580767
358596270
112586291
840332683
487022500
560158357
765636643
374565109
504564126
984951813
139159058
566730924
882393036
806218782
422925362
520897970
902363770
71927203
589457533
881533783
273734669
529087449
707850099
870166294
403212321
51337586
814606407
675595010
849873029
261643557
416492410
723662918
932549313
434294859
630374882
408424369
956826381
379426043
741985679
311975416
863029600
260225591
554495174
828734248
923820779
620751529
263593788
17093304
726466534
855018776
146768822
971695979
765141077
850880629
225361421
933826681
264865018
403926609
688457479
923616647
925051262
242298747
524604052
630950804
15688585
703598272
448490889
454848365
550614499
401152935
384147699
130246011
207357297
274149269
196980709
557533212
442789574
487232329
502181287
382273854
547062715
204979327
455192176
309366690
18073688
562518736
66463029
101617934
288100076
334256209
883353735
93684763
383203353
652226081
409777004
891431101
334860917
964157883
260739469
477179383
28540053
804441780
809064519
664438419
521020294
408727048
966284316
854241130
251463159
536057782
834845487
551694967
326551491
659702767
821581018
603245424
417781904
148207419
98039985
284343388
667367069
587146718
91604895
863456796
855469948
81636532
412189934
78583591
91368464
224511172
131834945
434326715
20301556
912280363
507776769
319520547
545208206
897937783
295857919
664437585
75476244
902248618
422345030
626836633
511142614
119617536
758442360
934299140
483800639
524693176
963804235
485996059
374421375
495506771
816944447
98073684
565296079
590483132
754715395
604673193
626195224
414457074
298308331
4342467
121940041
24108830
667412410
786807170
321937083
346682598
197666953
146213907
350627370
180654020
120492956
87912189
76415388
660037143
190046289
835515987
250251263
642139163
583172429
75542215
379302699
502036912
744643318
103821745
690510606
502484780
340142420
874705240
113675586
937310243
261481946
662387623
629041773
755279895
553673625
302408839
92738469
258172814
298126551
399557723
933216456
155036989
762100701
592715221
97760241
806930378
611010425
181710304
107915519
11223186
87060125
693351524
829494253
234974234
416723634
719098399
758844348
308071983
48694547
426443892
10718814
923407193
178636677
835786929
734612383
272477612
720459249
573127622
580304307
921362684
898842647
142423562
468112070
887057519
528063811
651602549
601334137
494268570
522209504
497430662
837353278
686529687
614172009
383758387
781878936
725039025
316116749
912584224
827963279
801346815
782001003
225417657
148372407
603075962
11328649
767405131
397667259
192321804
984734481
529939725
91117860
697432170
852352139
587841499
639914569
910698542
907558569
198616440
472018374
164284050
394135134
578495410
39604295
225884591
671414868
625903024
722736701
17529102
425607277
729701405
693541797
105375703
282133125
778351031
210778903
908690523
811501951
760870463
349756145
828146894
203986153
44929459
790477522
425819664
774051123
701476381
828476432
85447074
898653231
384088364
567793047
115982478
247662583
638285016
296272779
368414982
779299269
555121054
578896475
807120811
255228600
968061584
49047197
413197426
724448182
404656245
471713184
71970327
5882678
362204755
386806365
944883110
118482169
331908479
728334260
296671957
342450756
675588297
341616874
168211906
201589469
80007139
942269240
950726741
548617731
464503834
269403197
197350475
491981868
568342053
250844225
169386488
19975432
510480752
913326144
387995114
491582204
589300766
428622055
439980040
866310863
556070317
407661825
13684219
591579099
331243424
512174447
431016510
599806222
41254268
443295335
773694581
83440761
455223960
917909654
866697386
916325663
963882484
575303911
532579619
911981893
232464122
478591495
101740917
385992547
175249300
826134089
910614074
373326010
675860066
374436774
336547682
387092783
952313415
896438913
295966382
405132356
305136393
153437945
162729261
261615327
791220312
516458032
961068306
111085927
875884211
604016482
944092912
251528034
859332084
726707286
474883348
204544948
291373755
953511938
44885996
740494848
2685381
939397985
621192849
176171077
751379071
442007238
383768840
207826914
261916999
145233110
755572748
129915743
249172510
528871886
80583973
269399848
706021610
235580920
193067152
27414865
136408523
275989057
961132239
963215251
755873783
393095083
134396588
260208538
553852650
749134599
218877586
814806893
786600710
235563827
211777449
927464120
529041564
903790498
668656410
427023591
401232252
830797685
488446299
9277122
922535515
845592180
854759853
433749628
958261717
321552963
453436887
45573945
329034776
861918608
641472053
479978209
56755548
608507401
926779152
476385244
417066785
945999816
428071590
631256093
176234938
162199365
792129747
368985582
384942299
816229704
326036932
824369878
847133077
214223707
51250047
670240223
959879612
530005075
302731257
961610689
837052411
80736333
368875615
378696859
872893188
747065635
942777215
45478151
290209027
185266946
196672500
427117513
723004560
419472430
491757157
529311292
811537375
151028189
449338786
765374933
503004629
554111746
747512032
147315627
121012104
665711139
746897552
554848574
228548474
70082803
895559467
282928202
634431862
577776414
923169857
826219651
766267457
112296462
601611271
919729637
559918069
647014739
377280304
469569947
827979761
9427024
607820362
946344263
209954064
874765753
541243153
216983177
979620933
879407858
53586193
211441500
324808617
62472398
360758156
485278264
45376090
858365473
711707248
848109192
834905463
907723804
56472074
756843980
823206308
152130649
416656504
610530173
222702227
888095376
429065678
141844404
78837864
129354124
777865820
710400751
475430246
314325851
771354001
728411469
564424193
43099670
130296021
308006930
748285968
970606411
508861107
368779206
973252779
156948164
793929818
50404912
390824881
447684834
622120484
70651297
483655762
506440479
563625453
222209438
778279496
374240441
447684834
896217451
837653890
449489666
315006919
11670242
423357243
115649479
941232568
710808395
751041395
12222379
911779396
653963753
955226285
697084632
797364955
161556464
605884406
546577639
706278793
403975562
976049695
302675214
412700167
839231953
703213086
749747445
60818672
398336699
177596813
19381774
715698949
902118285
26948705
189880502
95421886
68495318
302429243
546882110
589300766
838919282
857319786
43249076
303592390
644691832
549537172
854241130
474332040
603174206
807079001
364464196
967656869
40569546
138210171
822820702
223644676
893651753
275852082
694182439
242802663
631578016
184314444
577877626
756680539
432844453
136570028
637858710
175115861
721289798
87666585
406312297
533966201
439970048
908989766
985322419
968204042
647744947
807329045
888019142
150900942
630777855
329277790
407499779
387664434
292301089
383127413
167644045
97623943
548156996
568396136
135350931
101021819
43990343
493986157
306383250
482355104
232387359
480133981
901056624
798492713
658883662
868475540
554329113
760009180
938746778
122118085
460698498
253652163
955590170
876862236
815437618
929043617
537785206
565278691
274574727
590903615
331239644
112989573
98586591
446741622
132295896
264722607
447638684
459947856
419142163
378205548
725711720
738822856
55750788
104350788
756322524
391748457
271393333
226932768
514764422
204714236
476385244
370726079
4787289
616038674
75436406
482024583
301545256
594631187
148094209
654093440
265149606
888038255
932455786
194383390
571883322
57925264
465729289
632007665
596278159
239073021
90792268
445745614
641263049
190552769
170729805
703059107
481192795
211264317
909786996
874289852
6522750
590920238
506011220
645196064
719036019
250195269
111850503
797379305
781513647
845239185
902102311
425295900
460227592
255644102
47171458
83707926
97233305
840575321
406899959
645655309
220378930
541771399
38091511
128949655
137365999
431463230
937179485
985726462
725956850
388426075
189478
352369154
817339906
400508430
655919915
605602214
251573975
754767082
218210509
762306848
456032959
371053302
893639747
399330746
254082501
518326112
611879047
891736553
25455331
234080739
190024148
228087727
15982236
161637708
699070935
314659223
658027084
874284540
448317573
151582371
501047751
928425650
672862683
586212041
412572265
506440479
720060629
789085660
546247526
571138735
878353378
870656528
213646606
931485594
578987278
102445669
561900428
885463335
405965304
152682005
493523806
578670883
722492551
252859592
962649679
793749898
26686422
948632802
785986856
395434622
106908753
77599470
832902992
522728537
561900428
115877051
343622914
653311921
948592297
430779199
510168460
443889696
766459209
120734014
587150642
278934444
703955106
148373694
757106943
876652479
529235113
842313602
349554279
964054358
11496475
21999219
382166532
800659468
657143549
580698070
680734782
386918329
177065636
289462314
55567176
778764123
984829520
91512858
277552234
72778095
1127290
195132456
384852395
840436436
254417256
16092274
853952987
151818881
731039816
123994287
344663961
236825528
252828569
771650829
181426016
653276786
721029572
670854878
948697225
588861917
500502864
721898151
928747675
284023790
54454786
285435865
251783318
852629777
622755394
374010600
41859037
512563888
527778403
241772011
832178947
342449602
352506360
897424616
96322018
858668023
949547661
652133169
449213211
132764320
763834567
556081880
827333290
821084444
79766974
913311370
725412202
355367170
180184452
113970422
386580656
62148163
246721330
905742779
475332902
229250146
574722659
441428223
867622047
603470872
314653566
224692595
69991885
887832657
54403210
676376780
493826472
626282957
454174952
74339500
120544516
855163352
755968278
760229821
781424611
663465808
228106708
606362840
633395328
236926895
948058634
650170787
273654764
230733384
50440308
84817152
387664434
755099998
449441924
840761326
471530118
624419431
455940947
572026072
447675063
647606316
819743997
461130583
202942913
681167174
109088839
235206150
658393749
922427189
525837300
44996488
640345794
117904503
15095865
677061029
355917689
241920805
393314765
780666074
384183752
838919991
778637798
166417673
847434219
907079629
527284505
511705765
907681816
639100418
142390084
600060107
710195561
499092015
540500505
158622557
196266296
519552922
443936848
861802305
425351581
9668196
266184804
423787941
903078136
367439312
248087062
122242476
956725120
388689987
50857147
359747627
453994740
967642249
307413200
123702873
833075687
633956277
818445894
851810041
556709591
215241143
310239067
270990483
594170369
732353484
591650685
199047648
273758203
827028175
492518655
807574199
498530943
52091562
791193562
411846829
601584584
19637788
51028748
26926745
330137007
94480605
500907401
903537924
615511900
539468435
105332825
874182314
123045420
694839497
250023863
629421126
742559087
252665812
571508112
953506836
139357634
681629162
126409952
601264104
904222301
192
376838453
897424616
279253299
784380504
779968079
223274163
672770713
715346621
870967337
657474384
927025291
527250993
769689209
517482550
75907658
822521150
948387129
247944585
405679374
839328349
720419824
311226685
884753293
646386919
356868322
599980607
886896003
304708954
132116410
678308504
751293617
348340284
881902153
482293192
630580404
44996488
524972615
376071060
435095064
276631808
791590423
658444994
445325507
77797313
662278074
905993027
672823924
826139572
926945801
594854771
908314482
969137575
76745538
474971526
35581577
549821181
830588743
182095118
62805588
505886103
732021090
736074922
573593453
25286333
642796921
572748065
820648079
547526940
960842451
187264999
505575754
752687881
505920057
351328458
526187248
953068068
724300600
728091425
31502368
347344834
964845388
504271983
593160191
297927330
762797747
922188134
664453365
340622236
387128950
382096952
928799970
688817761
71649712
634634400
317525112
329788560
652289958
217589234
362706211
749487556
281636897
378821917
673366073
507472114
506707824
26843937
861595906
379653453
709600559
60470243
904415534
45578368
945297616
303382330
622435594
46172774
904803409
704731795
22867719
499738726
739491715
645954477
717050463
785842440
200503935
819872619
619322761
981408860
723162389
922728068
315372506
188698117
847740871
327270025
640290568
95286938
617118612
245838416
270955745
187455904
441378533
954161494
917002967
96852813
880316645
221244553
887754204
772979055
32213202
533549179
188071607
875815689
219348224
409839158
245692500
587071612
857560905
539708958
507400067
316409543
483904209
252871561
441713843
973591887
695332437
563253169
810908133
825754265
736503958
238861889
854578610
186070847
832862973
671396091
156909933
741370379
677043608
136953722
331425010
263532871
143110813
560911518
113403219
878744941
103056904
633248011
508352819
585269532
833262843
490748013
404297807
595728482
740532333
576212885
913434297
432354700
553266329
231751403
951738209
349711600
739347755
403840214
492209679
676845288
255339739
65112123
301936064
935647190
31856732
355069076
309358568
929389926
353915432
959611409
155945211
561083094
717050463
719538
628099651
156341245
293105892
848249812
67064888
113683244
843159453
549707498
438559789
261407060
363089650
454195314
960976231
912734146
151416221
344833130
798708037
599376957
35739834
17945210
271389257
12243507
745257615
447964387
121974948
83480922
355270509
508987664
746169768
727652521
515911582
347539355
880525249
357837716
975688555
645844146
767899604
675232422
444035021
116376949
542652285
195569056
279989548
320181685
21684933
734880964
354913931
20800365
332212208
795104716
777853810
982065834
730334940
972872373
791281718
763118590
785295716
72140152
349344155
366186342
484111245
762478820
752028514
378821917
801709691
611542876
45956024
981859715
569500854
706238742
201943806
152079691
936425195
20510540
203959415
525506409
171044951
881533783
94000347
2251233
104565460
861185482
576800516
485938435
67710270
95967822
706014078
514379952
879778087
191394638
68495318
486578394
354837914
666314057
452078136
11700764
111298080
455940947
146018647
129399785
27752407
891419237
837204689
374003894
53741514
495949817
889552304
177731035
815503305
650486606
642284901
453702972
354173482
302679556
340206455
606157333
70618686
471295639
576616530
557967758
724695672
669574884
447193343
798016517
143139156
500407875
426829642
589188252
621128661
640165764
770765471
574272240
597633103
464657003
653481619
301623284
379426043
533607466
699480343
56573435
807255333
301799529
677697212
734306854
316073466
816253338
24011601
68491314
392903989
4860974
79067789
939376957
916135042
141851898
764223803
202126539
546621796
967517014
319972268
899647591
530044845
365574299
862113135
130207383
750649199
638769641
62374306
225955010
401841210
327494121
876068531
374676958
152576585
869257795
20324233
582272166
282083589
927481352
177707392
674237072
70121611
550614499
857683598
841275248
762325283
227775886
276892778
551934995
39253691
363194139
282095733
707694457
761590854
717995764
964602323
515541766
426286464
113255450
133790246
948312147
408430974
159974770
128448969
17896562
603405153
240930143
439472772
670335153
894926934
649954722
65614309
942594740
259659263
624440894
496379418
250668705
505977456
707112012
840063653
635757682
747921367
611905131
636279745
624570587
721354626
556741432
473310571
611112399
170085149
596815319
474272955
658645103
225209339
531141518
190705231
517916120
718109910
245366171
112298132
908168407
666656600
307530832
774898145
64547996
909561344
63250092
305435761
432688415
413607842
306117151
276866732
602927413
572800894
795129465
706845535
845763795
415328233
272126545
764173553
101225347
550341866
488845726
504850809
528313292
298808726
57954199
679145459
981905152
820648079
113180924
640330500
637691780
820218388
597493987
421359901
651299324
86461235
451051662
850375290
127393742
275527580
579490267
653060588
542488462
766431227
631443625
233532067
591028260
296013140
711829120
589234337
406750044
527868758
844458461
618847645
820163014
78062141
273820825
364854261
26802715
234603442
506308139
566954207
423499594
281571294
801973467
116474527
934525218
556212728
935183271
587395812
412961042
58189257
701147686
723904623
980102389
147601955
588694331
859279927
195431840
392113291
713250788
263513976
744928094
857787131
318073913
919849928
176002025
465796220
154101688
215589251
441155976
160802387
789962342
269670194
817344448
592447261
925771705
870967337
528981540
147267799
33641171
644108006
15337413
833237756
211563065
852144257
329490320
106466953
869159811
199321969
328129551
738275190
37247906
788425037
814123512
399565771
526770879
68957739
253900741
394483764
118005072
681797638
138592487
11062224
63449850
131648559
794105651
44952531
590860264
686979427
21001069
981099290
713552867
573628019
238599972
743788087
96923579
777575339
634875331
470559251
368194705
177104357
819898527
639090417
933648997
689072176
984005614
44402726
745133553
150116441
166055969
902526457
469015811
703029834
452277932
896671332
958191737
864733199
926289421
425718900
801511494
481477177
49042075
954496588
25386526
444570446
271326958
6087128
461409021
230838494
705785797
177831605
513222957
209583800
136426627
25820785
441404612
486275174
316371073
531539991
237293204
487674002
296569653
204034025
423949471
474333217
19975432
555868365
848726497
651271725
729240705
628759198
711057076
173804910
887455828
691073518
812266137
69811752
174500746
309738052
192
385054137
723541968
588866336
559598030
457322046
541009225
621407260
812446865
554021314
751836890
252550263
827127515
473313996
967859615
30550958
909917267
518476043
845719527
495467244
596765451
511545232
271606567
781941884
441766330
918879846
103019001
519610582
542061465
73115883
608714255
602107220
309913040
211812955
527069873
238076636
889912727
962436619
691405824
210792143
57182857
251777958
822290146
733916538
966455763
14440151
413673179
542488454
939219614
304230300
401812676
848396824
966463882
409309879
656731753
352734208
425114156
660786390
81154960
757909340
810164443
953403196
438377838
782489385
320951010
151845035
431598295
898551745
421343984
816941804
393650121
636975787
552420616
925128896
784487298
478687473
449918576
881790015
59821997
204850683
856892769
910517672
135195146
6526098
275108895
290942472
30937040
832256636
363506493
870180654
218225756
915315164
808696056
687268096
172638202
222408432
507560864
262705236
683471824
388617280
650023941
19917819
933665886
51517177
904296126
980727559
900729992
731161497
795020352
93508221
974381546
419930853
831814076
160301482
942789127
959256706
146495030
421724333
183225512
20696811
686998196
920556273
856658801
805714998
409080396
488153738
807126447
388009704
756052874
505800094
948416850
568086387
624249615
200706786
582556406
438533367
427438584
303593430
125111727
533363206
540692179
696212092
586808734
632469538
475510640
435683850
597593319
47633778
911045909
366688644
672874264
239561472
6904320
31451415
723132290
576804977
77351549
782828054
609655597
608377847
379944882
112827280
79257830
107512437
352187207
560517073
751293617
302154352
706865417
632110630
513211556
3922147
977052331
378459100
265384121
309129268
185076187
851120906
836196526
623910823
270008799
97913046
942101119
307384997
444236927
125344324
442329515
457627493
685406131
300025635
896888292
597902272
53063083
942610424
484668836
918852603
685462902
737758858
569443388
183442616
874550217
517320567
779008991
359434228
657353901
537832644
43249076
627242410
977598003
383983956
195444306
986428575
376962813
771859226
480891541
850832927
433773015
523401018
400826158
904802961
874256269
135360804
290446108
207569715
1503123
304387035
930737930
190605274
230200569
609231681
808924042
74197028
141661648
731606458
443585636
227748959
336759754
558802027
316052799
626903899
312714984
833529330
580063051
216310671
802051239
929876134
74145754
199287384
347464890
368321935
131652276
55948654
740494848
322335282
534177375
39334191
402160894
115174072
336243770
54203272
500539606
181757905
593304863
734079032
299501262
50413665
387944022
700285214
233532067
650599730
882759240
725982065
337910129
763580155
118899423
854047335
779240740
25331619
76558828
920556273
753819398
875529213
908629040
624324857
114836710
57008790
872552820
347109812
566536071
490148755
465178001
185223842
908168407
593780859
98217394
240427098
852592882
891287398
566465179
344538351
812150127
585668269
708997403
978022768
371053302
961240038
202978423
188241720
323700358
202587190
701513792
420324072
145103999
7500458
215354604
492550598
214646648
347651211
347226114
380796227
309228726
214606902
238356041
329915102
174787938
723132290
439180693
610714818
382273854
70594297
578837248
397845060
236976656
424020316
410737352
117619231
809664409
40739
708821733
393291999
891366331
981505368
464830157
350641239
517358204
501337729
153180714
690933298
697939832
755504934
425728988
514928440
296045150
468559721
125014903
939223513
653454559
147808954
283223214
665372169
835163879
288269439
237012864
60001481
300772415
347321293
841012922
859013248
117099237
619241174
44097010
71864224
829075648
113889659
391748457
378398919
159847202
843340425
688573925
771640249
746465432
966187027
165888176
798492149
442315497
208605970
105641021
61871577
370757115
569443388
750256586
373068145
127990274
965598318
99830215
886969111
393536189
165087019
465231632
942299723
240754740
126077567
875850155
339681192
458763121
282260383
569917617
658645103
815092053
535496163
582588242
220846131
476667958
152160433
636460092
916936619
261610525
862073326
403660849
444473838
650776221
219671867
482850760
86526863
189570719
434915691
703810039
44929459
855467255
213406727
595477808
186943321
824853828
748032297
30153533
524331912
976611367
520793073
334143272
20330578
104365650
824478330
406018603
270975906
772700708
91249241
196315363
405466382
429436711
357298208
704745097
572781850
588312880
939591148
65789129
927510490
783585428
55503605
518273232
655108921
188052981
302205949
499504802
46485994
467471049
395724530
518848769
632845020
669093215
13214766
972422148
333122132
541374655
467996938
345540803
97691170
817160599
273666206
50452970
764381655
771600140
726179356
908887539
767764338
117333948
712396249
410352128
829641812
522000102
634103071
727185820
623656515
411224004
476801839
370275870
564560867
110580389
506547103
961982343
182186526
864952377
199694036
651140681
72494499
432250335
903802378
308593831
672293375
747187314
33518858
847226687
573961205
761699437
653307904
327576152
752555429
165339143
921805949
327835517
612924588
873083592
466498040
224511172
83357872
543748503
910612256
8944668
189525604
412049898
628025423
862119918
339282535
972407572
777648680
953726217
619266771
616754685
962018456
618689358
623224824
891613522
603553007
226443622
68867524
70261926
630609254
51024675
712889336
897137415
468087371
213483071
768068340
55909017
564920732
361880649
977032598
823229408
52722403
926707084
688751176
670154785
63291732
590325189
113247026
221218923
781424611
622435205
954842882
542786664
595659756
503613214
33044377
91416998
401187703
844463423
422738624
548991314
188128262
960729653
159777386
313432999
720188449
754306740
221975389
461820488
136799513
553936486
427624907
754963896
174488195
67266144
81079226
377088539
925015283
828921916
247026266
675931401
410108595
72879405
646870063
444099461
700412772
168436822
55335981
89492779
660860912
251899474
419004551
485582386
521641084
859889265
367523069
733324708
563624094
798079321
127536813
459516556
314124099
573205834
193721629
321239442
741501468
814543379
247069343
26419894
801272205
664613550
202796221
221040709
692064552
529305426
413673179
191875306
321132282
253462876
139375873
32700869
616640881
710713466
231853334
670559051
852169994
499847679
612186268
729223858
383471548
758178560
930417690
303125948
783492351
618049168
746508284
542436698
272998877
707186511
489613673
664741411
978219180
374388846
589761996
719030128
822236409
19411152
957958318
528705723
255699261
841870635
707359066
478688755
880917866
775542412
38091511
572057373
916193641
581055449
108129914
675335569
698574859
56564729
47146729
165081521
578349084
703992818
682185346
569638428
341415830
16602603
879324895
703454928
362215004
760921290
15452147
825696745
326876822
948493141
801030308
494205032
644139458
80672010
554013349
808441056
256806451
580829586
404362102
697254394
563538372
970905968
72101756
394014044
66905112
535308119
904396686
657205181
826507977
802155237
510765886
423199706
804419359
909953162
65908234
805444864
255064548
96564894
695388013
8540091
56441452
976954825
454414020
304045244
84777046
822332221
936732308
603960849
981757597
555891126
547378483
244164116
625360994
124908560
158983645
953024111
811190352
422156812
975370078
958826939
601561954
268613488
535509289
397791605
960156135
718304452
578935185
461255034
293404028
512782345
170963447
875602543
816125831
333496051
302186448
388215112
823889008
573782934
556903547
942554123
535937287
664872414
259121027
946049768
966808980
747193952
816427303
867922078
391684819
182496796
706565764
48579281
137132191
71722537
964518872
515730720
947024709
207117799
569575165
476410403
937494882
982975113
953154505
701539754
107889395
127331016
932875204
44955118
582422041
321259892
646169458
782579673
95967363
1731821
334117679
383848146
851762714
520360890
964773145
559847442
758297780
75633375
837013831
483174756
823981091
280801155
754071448
264936099
611082823
884904376
44023738
85828134
705836524
854835401
785090241
568764129
318787417
477131472
94050879
543985354
563563647
150812335
722383090
806188516
291761167
356005448
346532563
132381120
895521556
612513009
76334547
724327052
847576874
634813335
534621626
593575562
388161846
263796547
410068810
165105596
342780340
50110
661424667
635930737
603672616
139084635
747359304
218108804
258287398
746956818
769189469
975301204
617157552
625655476
546044330
78382393
308498237
444735543
375435405
970401365
413783223
42517853
756645396
71037298
336264974
278920480
569106979
879812881
736917288
961852293
542885758
848698271
495910473
893920383
689340087
725982065
939929551
165258705
264368898
318195368
670454217
696516327
17285352
550988918
219673832
277433479
604577911
611574642
713498947
952934885
39579794
799524373
43976551
711652208
124606648
949126811
802211357
503543885
249755102
659919933
406893089
435773420
686459976
184821831
472331204
764540164
43674375
602950579
165996658
718276203
131837629
526808893
64871015
927991343
49772782
398634613
510521076
485625969
53063083
363953271
76234436
688414154
970754875
902248618
694066969
93377050
865828042
169814354
710051258
449148773
110580389
570296354
798315458
827979761
344244442
776812315
55299936
905770852
897063048
831952814
37006135
902005984
978221961
114450144
320997980
406312297
572192599
681759410
803112843
660756952
91717853
294444187
848947977
411142906
819010277
694484903
602677222
446998153
76569934
416821925
18571167
864907064
586160340
373399933
527689551
760009180
883496058
344641829
949369614
704141923
108504956
508297494
89961132
420962250
970025310
767367458
444136942
849410704
338327751
865978947
212765987
511545232
759309738
321888409
175220679
224482539
84077930
603983349
737980272
172822450
485181668
288944687
715018877
214312710
916496944
853969765
415023204
581400749
368205027
52809895
701679391
253394152
586546072
20520903
468015520
763853444
642139163
146882614
135779256
596284600
180784015
399261668
513168326
95143208
755293531
587922783
703718145
134203021
217226110
195942452
208829274
905225766
93786697
129144312
704199242
321406386
283965141
774116173
695017091
176949964
426795107
34821112
686427529
966217187
820851472
191579579
699562669
286805710
625388072
738339623
565682825
742510903
441173444
487383473
296422996
610330149
26800383
286715550
547980631
392259292
832936497
54485538
260123547
438597596
506890114
938054154
446819009
338343609
6028695
431811516
431434833
21184064
106308602
196066455
393801768
924553142
452349478
317624620
646546644
199788383
479974523
243030504
164817614
327238649
120181334
232024911
494493543
922960989
234646328
478794756
835504562
292575282
839457771
671142356
124237977
76137497
767869351
279563077
781667495
168173843
842435793
569686900
953641498
789906522
415261020
795944340
489321435
206423898
687268096
949161573
276211922
416723634
302436112
579549603
924130813
178498690
639779167
55985955
123817389
911346410
626868036
806869164
782995500
169938615
728297474
450642674
379488654
358731391
55750788
860381537
777179039
890619999
886310279
544906738
72077223
568781365
595031381
570981915
169948923
639620428
708507397
889900668
1
59846988
681565067
34737201
784374256
278598187
200998146
251956210
65863277
508335580
555174462
610598177
960345077
699084611
56158505
546872615
816887049
473670720
574713345
633558065
751120980
576341899
202649111
177088520
897702045
519400081
553155824
55833795
699441761
645746398
267222773
534413033
666290398
225896147
505254960
300820280
712889336
642935888
283237596
542493827
476757127
263147125
774601068
588812611
677629806
243510573
381577461
895375309
737980272
695517975
448317573
669933843
909696112
10148843
970558557
321994914
353560007
772037487
479259229
17731271
273601857
789326566
885495959
919201581
601801666
30975432
585106710
898684347
193029340
640437743
132225037
514110761
776982047
569797252
621277549
487942273
563881852
118246112
119391935
770911014
902631019
401640910
131400530
541814162
380996949
562139091
896503330
739238667
359493070
157995438
856778943
730165845
166560382
687697750
395876863
711260137
496159745
487342476
693309203
904918395
777274670
833690623
347276918
490197774
186563244
304996114
168383848
595900390
876341487
300287653
361243368
76516459
702595857
445083556
448008906
639937554
634150949
379918111
375882259
575158346
661251812
60036098
760611869
699782367
234347726
8856348
378380046
343409581
936801462
331145647
706576135
315040975
50325349
145018381
223522556
321379007
896378902
191534666
277951379
315991020
411527039
741406927
955137566
602889421
93896080
450301224
429497822
875716467
545287386
909306885
64920358
973989715
675903995
287768717
516843825
177919761
668925508
166767748
724203501
844385053
615005012
961619490
654396419
122514812
978658886
685638976
163019717
245838685
197286776
273214519
211670288
569232315
269522500
854417697
795365500
362600299
200643
295036761
980090876
57461449
755730476
434813468
803932097
356875022
869657184
382615433
194815076
309460743
514956099
71362304
107761446
24617083
941130711
588457199
406963066
580341853
733019752
317630555
161445204
863471455
218126754
603571058
620014414
131793032
847292831
141879208
787655863
256155237
523120828
246746454
754497793
13769163
406844597
270672733
925667660
51307628
390432653
223879435
906241162
445040237
10945379
923872474
118713536
246918759
2278185
602438294
363113664
670114130
425522892
92411381
388957426
95485732
844821895
590723306
775452265
57761
754628796
38036094
331769053
179037226
14146330
105016672
554417436
816109210
547926880
399085361
573548182
771823970
191631079
178635888
71647150
124350740
350482201
663011249
528444894
419212462
630502575
649032501
99510473
294355451
111085927
550750437
432998803
120661203
361253648
520793092
102348773
92750878
483401090
952717085
513556406
539361781
693745267
253841773
830554374
954654910
465803740
981433713
32699213
464727682
960781971
951841998
50116489
768977566
850880629
137999788
528435816
584649641
68436690
756692276
449148773
720459249
663562246
204004109
82464064
535985767
416726762
328441762
706150056
397942905
102663744
457839874
452627424
794633947
628085015
135435501
868098004
734998642
217672052
682822351
494995466
589041718
432948491
277932001
255113667
478639973
913813338
71785364
953890657
391744342
970356956
909167987
170274990
625111906
465857449
774101779
686679582
280864103
393530040
185283874
596075549
375648695
928688146
798822381
93532754
169801634
432998803
482434376
755958201
520103583
182713371
955936339
233135479
315040975
2650587
504469670
837966720
61905780
178381036
982626580
468770111
516831404
940136932
587469746
374089024
336618780
762166556
106908753
466498298
339464798
906388190
884438104
444171952
347064199
134349563
744709173
57343793
361774782
4216861
42394197
595202697
414750969
259121027
79428811
178342249
13055506
524060087
185743479
863568532
969029331
15695592
64737800
234226091
610903258
109543753
302138132
436355587
780220686
479171373
461376689
986206643
78796088
34191428
571701776
675873850
681608879
552411193
968922819
214913305
431823191
938054154
606935684
927531128
878116021
646986816
210106176
15107051
490867973
158623381
181246598
381513568
509025659
78480388
330105235
647065698
621749374
291631150
93293071
226744773
645678722
396114714
201861517
299739475
380167839
195843400
530432703
625219946
610974023
865418700
576187313
838623652
457941883
457599130
463003419
243806764
14839516
71221175
620008093
363723704
374909356
835284011
585730109
260671680
529884583
784768399
188932643
903179252
423794195
868366741
471363755
271710044
596048966
671679498
819239820
926462490
954232368
6904320
887099109
713321304
372044060
186942836
244067121
907677995
423295117
706238742
411149029
90811858
256235177
27895135
141167672
653359511
447446500
29521570
877192547
81572128
322687635
143907510
4299107
225059194
947028960
486453837
362392592
908015406
310612690
146605124
175897978
438698887
669459937
331813045
736268073
424418659
598589485
968901536
944163551
343929636
800359659
967916731
492427839
645228239
812117266
550614499
204153840
177520504
185785870
236427541
307893889
563549215
449296035
236350262
824937000
13110995
262362827
872197907
239991112
650695890
16161877
946952154
189750855
16108180
929559050
484808585
481027328
651278960
88311712
700657162
610544040
872466681
26210169
383428054
302797235
461583392
40788977
316786919
845571656
199483754
125440624
371438128
396978550
779192576
242225576
888692005
13526653
951137385
495390930
402581171
306576734
776580429
497935367
774385104
647758905
222205000
224611330
195023602
223244969
157847372
761033558
722356435
264134339
536066709
913245331
601230426
330888920
271324092
511847027
625219946
91783314
512344036
729947238
40575753
941589704
527311869
787508985
444714156
251041181
190860646
698704493
365115143
924173335
422143510
346100851
887870146
368593876
36204041
517358204
444445747
361335026
482407033
890394090
76334547
865978947
525573732
370095990
387737091
674044754
48648464
664463880
914426439
144874457
638152268
689338307
318439350
405249658
697060884
485722301
794713638
200100507
540560114
977382399
803018554
511465509
720400711
278094701
419944310
532283521
474769984
263714367
111691126
532478163
121764299
432776108
582156373
278264580
522620549
706473431
810869666
822801787
769467196
702234043
638304592
446027299
569035214
195261950
454509614
181373991
442566551
975766878
589247883
582742053
429322657
795621489
556149196
223097064
587952511
303641056
286856165
975263660
659431524
794713638
211473282
393040460
291465267
639288785
470249309
885554953
246525179
560148274
898684347
947385814
817924721
983377162
389454689
749515421
497636131
88673495
35699940
49211337
22193145
226976375
922427189
186739545
292967393
113675161
508861107
515615308
894445682
308649071
37087640
673558573
559589446
976288972
380107082
351906495
132381120
407941074
357693371
155123319
658124848
683146382
468770111
878600517
332625242
833988679
15490725
533887889
888653363
203704597
930702329
982508347
620241419
885393159
198314024
410173190
325822316
507481750
335420845
515366019
855508186
670335153
99481688
274239344
386758922
495331756
928174373
123887752
777259566
790275674
396446205
945322055
878674286
741111614
786924388
426211893
759035132
638591953
361545501
316028589
154222075
260895052
58692897
958081368
185520953
755754927
633991529
290007946
572586895
960933765
261122164
712370227
515430897
460906304
50865558
886216599
754290066
914973352
258287398
941515760
662732091
37564793
619922736
877343382
962925738
542632872
256311511
884849644
284206730
793213503
263274854
965113313
81784099
957872143
893681336
424605590
211589211
718276203
497831849
171480325
111313538
32490520
983293374
558614422
146853520
244300326
273725085
846706220
339060211
288087359
96935770
217762562
504118678
324408714
695995429
287747746
791546686
881206732
506753933
6044616
370221508
64450309
906978341
349590828
385441
950280896
706810551
728752299
763518239
433751877
691317986
923616647
251429005
832044012
397931119
958431042
55985955
233739843
178617883
458564229
548899334
884623293
141881507
765316781
755969360
34064725
76866167
976736877
44742055
352789472
207914392
791304766
893737291
557887167
399144821
721613426
885624756
467662726
835669088
732550902
175170978
321480164
973389075
490626062
352230607
171966121
362417086
544295338
289673660
877576592
429117161
741661922
147718772
926663501
800936056
23896030
528664144
415946320
141605202
905805365
910750824
975226077
41944828
152424252
420283710
103421729
203634381
83717696
952182762
375436907
98017497
448681881
777259566
221101880
570894193
755197271
738619601
973073160
817089708
977462365
736135227
698699456
259068385
251773409
891639519
409460425
56939441
784119072
443037883
457107738
230093178
972904125
118841782
4186510
2601083
14015840
931546444
835515987
919325790
56826098
540637112
266532349
867874752
854005749
187051509
589192851
138118692
842015593
164113146
690539911
818975205
377364575
983718122
827284689
319849532
502855345
223251264
246637674
880022079
317334894
318373842
848120739
799665444
666433601
807345151
569232315
172555808
942096659
96616109
731680971
3896597
141762336
982263788
179735233
319686053
117748691
182451945
861717490
513696884
940062749
712764635
718420629
180874539
685270157
412397608
719805911
959555604
34653443
852723775
506938196
451216057
571137342
49669015
412533405
907585827
708473493
969200619
244553215
91516406
358051032
883415878
267906817
114804465
6249493
862527357
883471277
663562246
232387412
676736846
894936754
81457490
542787113
627588566
170085149
469466975
624999316
808531475
380693378
275879147
968955058
93797877
872629937
760268950
861253793
409038888
631685973
98421387
482450465
440140103
861504593
884719374
176518289
921012173
621284838
388080187
533641622
668983693
718403519
46666812
306822487
379095578
794151615
397614919
161200776
695057777
627628473
471249734
808515915
819049045
485317704
889372557
761839917
238825247
450758671
816909343
419195986
547312284
159476180
541927488
917656959
154821388
368279592
624416378
592543690
73643594
982563987
106966147
655552014
566997042
327656426
784901719
968416817
967657119
930460818
825530377
104622039
502258606
763021319
910197582
49460602
549192987
824368174
146231421
573211370
132202575
401431268
631304298
395349172
380584702
225946033
203111489
685661488
103392742
813219332
107992521
148210374
393662663
514345572
398452743
397740529
128092438
830570053
885927486
647357380
947724698
698692051
802201399
201148428
204660960
365188840
560725731
368509098
716379688
49713976
178169610
927348642
708595942
254007734
913923980
142483930
915278897
527643237
228301242
7345627
646884258
53546363
742686739
491647979
367541970
402810532
99698881
681571070
361334488
439778836
161263632
941323860
557776766
968494533
299922886
976066845
760305997
392754117
524293173
318166176
939894486
526958570
558404714
588651664
171257392
290693555
895327682
489649255
260762376
780090066
759699950
155475285
889895129
821915094
141263245
697453255
310272482
33393852
368594869
434266548
41646481
897831243
37913344
89409877
839116438
425609484
179759685
625925727
190609643
256233308
526925227
706238742
343613771
942101119
221984746
664643085
128395659
686286358
426822678
200706786
708876335
267123022
722168577
734699032
345540803
391844887
356339766
459940084
248891843
607136450
380376638
33518858
859786162
483800639
646594415
207436468
963904411
595294381
99070020
767126611
419037295
289393302
979056932
480379955
943705077
797137786
441257873
56238710
49200002
396038776
16782037
453958615
263793225
542251531
106163646
79728124
24733661
518622303
278412882
510232772
328732695
552038925
828400037
875655837
168362787
421623158
721800647
631171546
26583766
695754089
932625656
677120329
162252215
843720900
263017223
237791370
870162740
70594297
732410747
355737759
453894091
497843073
157393106
132135677
55324439
954928911
748485498
169555116
966777291
578493024
841280521
906167580
549056323
365054695
850184647
275741931
175810689
650522318
128916512
497987762
136772800
935088461
927909255
104418175
74413395
779124347
558101761
51725936
56134129
190496888
122698711
769038386
908128503
430276549
809682353
690826947
482598462
906763048
557326546
522470386
451813775
839928381
67912315
553873054
41484256
102667483
331574388
984399963
278106800
332096641
647449504
439409019
542412852
500145411
280786051
190701811
277274925
83569935
242361101
735676486
711551280
649793013
781973227
717767750
217063441
66803828
706028128
266687307
490769433
389859023
458223092
683782951
100340019
760530844
107383654
745542902
512344163
862527357
174292495
537856819
928174373
92753088
769070889
111418481
653963753
784176935
452577656
565129470
619625317
955329564
650417129
381495558
558564591
392413340
217856092
296231934
319466141
60419439
153630447
839642828
94690361
106829009
247197832
848141665
244281685
774171052
947633777
649224708
481079388
512454386
187455904
954796955
935151553
278336066
639130823
877114956
339131088
845719527
259334565
492718660
617721313
833080761
56414004
671679498
678662275
129935396
50273822
362768784
182791488
554041665
373014343
290441605
795217296
181805960
614902935
46395344
960450950
356618448
210507624
962968860
779921245
822647598
792275706
652946306
173672777
280604623
516838317
871666187
304246827
582693625
774323984
429708698
166678503
267928032
211994186
79239172
485908159
547250700
315039360
971598800
874708016
132227117
302429243
37564793
9473460
367629562
245790756
251654803
85968177
598651969
102826070
366962693
403457259
355708689
689735530
534621626
841818441
908770431
847435444
786298030
674336876
553722498
575148703
40181714
794729722
738114353
790791502
204288475
784375816
46198409
773911888
459568600
373090136
539154225
502454543
349034627
978322231
232898338
352781997
707864762
968678810
608827550
5715810
75739402
667293265
891597072
432589006
481392823
365618798
182381147
142586003
553918063
927248432
600731469
904530916
776172098
951911453
826728479
606461536
632166310
816902421
468087371
939316069
496555397
41777392
816266209
898939326
296909080
702676108
392034275
427064511
148643372
218400761
910624252
252409346
776583011
840441928
912596021
28825121
351343242
944534137
128761206
60299534
952023132
2048324
126401838
912699800
932569308
181311637
619111961
273973167
705583958
647690061
499076211
417086458
470529949
502036912
59587949
363296641
186867861
447056912
564862481
256772613
632495646
691221336
776859201
249998727
181950493
162133533
431817373
342636304
785216149
39085771
512354581
700392563
761819464
241696840
507786195
776355189
705561977
198348074
762653560
458916309
478840146
350133234
966529141
157865989
174946860
190102386
422991651
182406812
613419916
136484281
238599972
306924887
449315292
111604476
950045141
712471500
274373842
615700279
241928278
337679127
159477880
21871320
226184416
515986116
960800377
19994952
364889048
555708019
679638844
764176775
144751401
906167580
12511024
443278649
105254638
637774174
951162595
759470792
234110996
419365143
115446306
691317986
596977961
502611470
35711662
11570117
616487964
94393634
648901979
127327022
684484534
390876738
293863361
959812617
376289385
350271249
423265517
643974968
807539867
423910348
103297538
574887711
9550229
392009205
731158485
613657956
298479132
125776534
670370764
866606061
41222647
898673277
328419552
101740917
671653576
403125512
241188388
249254331
640345794
77842190
278684506
254419378
158448562
781936852
914173659
492209800
332626760
42349609
219632816
194601758
906244301
828734248
601701141
146031266
59949437
519996556
119701891
453965291
494256463
871976577
504585375
540338490
341892422
760373153
671839846
786496071
553739349
197400192
886126337
702233586
944038916
497430662
128544108
298808726
430626102
765967147
259898325
304776002
257101387
490122321
940626719
725218843
61238318
1215641
750531337
573347424
72578277
678649396
370023907
422741052
769889773
739370262
962254054
92751172
848657834
678154454
526469847
309956820
902363770
984076529
579843364
418748348
665274646
159568254
243683821
550097291
161340450
35700793
941586853
855742607
30062623
822259821
492316244
942554123
332922916
251833349
388535241
834273470
746963882
750735739
218996508
647758905
263138775
240523368
501457815
418729925
807779014
909473468
259314274
680698772
748173946
937604545
698013025
128168125
197971193
377441765
423158875
18527361
200777305
57821204
155061521
511662546
851693273
381512996
189891591
969497700
885196087
54629856
693147383
51159438
745502587
4050481
130432480
255340213
256764300
117139723
554707177
828916248
224408145
655122542
639481762
676877622
473119330
200412429
267444824
888818413
935849680
259205418
194828111
257130622
508388309
300218465
806218782
95505041
456040842
477851801
42047914
146296088
428056945
145134328
308210730
513433235
462790555
699638624
24663191
627588566
874110292
294800758
354752096
527505015
917087534
722003336
136337293
343567621
142875056
814399987
137162081
496583131
44134513
218655244
49177517
428460760
143636442
591207646
637209893
648757988
862243258
537100805
262950686
776362447
711226932
476603990
218559912
811247289
776414424
863474532
512094268
959316408
296068314
565778648
951470291
925933794
561900428
195866901
426230223
324631963
333769680
383516593
44435736
840098172
301593508
8803067
793201133
926467766
956414886
435078234
537678183
194139749
961228933
671537892
359346208
232303145
698360973
870916348
576482340
475799117
630529947
391738284
927216465
197276725
240216172
658742278
209699364
398117612
355367170
410085779
215697195
663272947
147094841
443460891
212334220
962869458
393530863
364371763
616042086
590751308
951283005
622109518
740249546
803913730
603663174
504332119
958200353
152642216
144522230
788782371
902788169
801360024
479640162
865543838
740834630
249556796
657700698
879208463
286648984
900667552
70651297
635579425
566780177
341290072
491318800
727340186
513200926
348383908
820572572
227233985
353456960
379547171
606157333
590420470
173076461
919441080
56572045
287641353
709453320
723064063
393486327
765854274
27241739
245729
397965850
355842066
583610805
111753806
294949692
216983571
495708134
195299867
710202206
511675
286264951
803890235
860381537
170147430
719417385
537839702
562371014
774278932
217840359
509502476
956076385
893760455
660409682
836470878
670198649
207570261
590843780
766217143
847319705
394472379
857195528
569440187
182094118
430462576
978931496
411
734082733
757480018
34745573
980727559
654111839
965604649
348276844
464282440
56130918
514666156
877397089
957185518
334852522
559172284
812393156
212318162
15492896
763455291
115451716
287926179
822475125
465182838
263649405
510874243
230937699
33641171
906204049
802618380
198541932
676909115
716615886
388619546
475360181
454325660
155817703
8316010
246174661
980931938
39948450
652976212
318954592
930186789
750075377
45193066
583465722
538628493
456997178
483484718
558028258
368277306
946423771
403634580
373535179
329915102
765130523
447589114
892593893
446544699
558054788
381610873
868589934
553692045
831275745
217578024
243791619
552238342
865418700
863550552
60405795
521730042
583642928
102999531
957231008
234099594
703843300
336805376
286892692
64048693
761480464
793912359
228898484
216607510
677325300
490315291
547635423
631802295
599450856
161011444
842895978
210828579
370672763
927464120
843381225
389029841
766073067
41012008
879332478
44974926
971795634
782897466
884984759
232288765
245934531
850451226
578935756
510857226
415334271
449097482
811205024
465560982
702517299
798916692
93546022
662228797
916667490
729325385
580426415
950900850
735001978
158254644
181923901
546195221
157843927
645201528
779978488
174325825
475378338
816125831
579201945
8533835
392864552
237361636
126540118
1205981
330876941
316971366
273203273
720455243
862213403
148745119
11867799
786678376
387535609
193627024
487851552
696093622
607999901
493106112
817664411
630285010
721854105
853527896
190334677
251956210
304068844
924837221
422208634
392033557
255225289
463292261
438581374
648306201
844218316
485489591
19245771
681589836
782189516
827056851
904469320
519433190
747195448
827979761
556490477
582506983
15694035
425348232
328686560
948036875
551305005
720810811
362209040
967656869
565426862
957783691
432220751
298609748
113958838
341238273
181417984
526622483
32700869
595891868
479843202
166153692
399421025
762166556
129520947
175686054
288679
667217170
98470651
39636735
312887005
430378250
949882706
851036071
336910448
333018587
619922736
774427488
62048171
301994605
658994233
646325434
191081659
344310886
763077103
306989780
6028695
67115443
564623997
623946070
605026281
686113767
801684122
651927312
295075683
732071581
29051859
936477287
404340162
645614260
360758156
861434769
726705239
339271177
972615551
865118766
202441245
436736397
478475384
683695065
486219590
220669143
572530025
66199130
385792208
73068127
904222301
605518726
285443711
261787027
546644277
251249020
183703145
816662430
251988858
65280029
948897986
440688964
186035308
56613828
156068449
210592241
94653946
646944911
314777256
307815105
955097169
395640884
931258675
481535080
851719021
874959095
44873379
343958499
950796898
789422472
151614725
779239554
92845947
970610416
721289820
164556886
108104779
181929275
642231753
182823675
865864130
924016681
217649345
69853090
891980846
394784306
625138042
167740597
686421159
249316729
719305596
208022966
478127748
293065763
506753933
275744779
802037976
410932656
142046475
869182537
698699456
107177042
253571644
755859744
464068863
207181828
916168297
235181846
341743160
208677659
764742579
74413395
782326781
915112300
831674976
48579281
381451944
144021468
151133922
74676155
926988450
565851036
67030032
300210156
388249216
791632423
345349260
238076636
381854213
179535236
358485935
659655757
272975926
487697810
407172234
24571507
234241361
849797733
402617358
828535752
465729289
435138675
458269205
640967413
854381195
815280118
775448514
216662366
360402285
294315064
950870904
565339401
910072651
427723624
378862582
905096346
854978757
108311168
911961135
429772876
460854320
918501928
559535684
26800383
118942630
125971858
78898192
77895867
928830367
95104146
818095377
849566284
298168509
182885803
797736129
116143566
249736976
151825181
417110957
587871001
410008726
628155714
920230215
360381023
687064775
690656033
795082635
193308703
822370218
567791892
973304337
35317793
885344175
666455535
224255163
858583339
835337466
554013349
950070116
180829365
798863872
3372222
205381496
80555526
774051123
757447566
393981051
943036800
736991308
768360022
96569873
455614513
234083624
361244596
248569565
599224422
602991415
754283889
753271540
772423935
232883813
595944769
920812370
817593820
115994648
172283141
334138307
792502795
0
688386982
880172340
383854971
256572957
107418760
680771061
881834718
797829392
586124988
122867953
200147715
771409675
178918925
501611050
563387482
543783556
671522034
315677848
686773563
762037011
427622453
13532320
462330181
732375328
51085406
873619090
942174895
941220971
516676243
344610468
789617064
674869909
295503737
83675530
366208904
350302874
670190771
830215272
374930070
275220681
799660609
564257856
369142220
608259998
306460
285732384
373545031
504455405
823883547
338502984
490005275
636807228
560484273
860013177
844942868
602438294
748588305
477297232
861389142
622690998
21871320
344847765
135779256
618765084
509150731
833539871
194985644
509572040
57281314
323163866
978089609
649252344
411655647
182663147
773106776
585578196
891437524
96902498
358512044
208980527
201258720
893642614
826713811
605048198
820652325
867751639
887655136
689257742
582318729
360062910
234003506
119850454
117048507
706421067
365189834
739897839
851631415
716799525
335386396
13684219
21710508
313995405
429824098
641611298
369647351
107568342
706421123
308013860
700208367
906273620
327656426
499041314
578367577
643262407
822732839
159604680
77505346
604576977
8187264
867947451
934674087
92318154
713663940
56623263
736829905
589498354
835885143
662577662
113419814
776946829
22209993
281919683
384206513
957798977
939678821
876994514
529975973
985641929
294495871
752035876
293210626
272307553
420023673
372326805
709443973
39717807
911331283
713073211
538824984
609983330
437005552
120722938
884710069
33758628
853520538
178885196
443481904
6397818
870967337
450689576
523985316
539361781
750313725
908283215
834983749
822360367
512670316
718639016
272101155
608325082
624280829
883781743
832377594
310771523
950253517
98196566
815549063
454937957
845302323
636262800
424781335
919186808
501683846
881834718
878461927
210444199
700277870
794650049
637436408
629031092
755783287
745361571
45702536
401628448
191486905
90537067
802031423
349695293
302804266
189166390
639090417
900842456
82972182
300905519
555563132
138740608
364512925
543051438
514663504
231262496
687328420
679991368
326625577
900003588
392094931
650770267
261473369
338086450
821149555
870851472
736549988
274546488
934787324
16765839
745260860
659987482
335643866
10427686
502192578
929374616
226805193
837453682
511154846
90796776
532757681
439611732
293752072
535110287
409956275
766567238
733226795
408322235
863511099
629288354
904606960
350201536
981679954
837705978
269793353
76876877
70934036
280090729
950107259
437005296
912692069
436494083
977567840
872513609
479123521
136481703
805922988
394377114
517017042
211551225
973593905
437084433
450936555
826402076
5536995
954928911
499223693
218261870
608446034
474380065
967461834
19847881
472658431
488614016
412239585
192261484
222475793
591308908
844193811
969678540
528027123
252725026
531141518
764771403
912836633
693366464
620014414
909698387
455545406
776698233
927838513
907612361
433893005
423839874
538349313
726378658
356205420
329106475
375857544
711856996
414194578
909607424
493152914
765290034
769745146
502611839
222940292
837078017
336251771
167638808
588796351
104326391
378958583
44486586
893760455
11722357
338329280
558540991
915319877
502273445
140658468
186890979
541263666
261637911
393332111
252554607
52263521
920230215
360323791
890237376
877439284
787223896
130268288
636334632
346757716
820687957
904563442
237735445
648643958
502878780
693528985
933631812
293144237
36461287
422455567
809706807
683146382
695005407
955926271
336577527
111629369
130028028
797619144
188315924
494117831
660689786
434181895
721675761
456805896
730516751
113695287
233362016
564862481
506959422
557377702
198995749
4951205
16161877
279198884
442734124
57430
16026319
959723563
701770309
965916930
706818502
852296219
323394900
9625900
603805689
109387030
252655511
514396549
933405467
832714645
792383993
188148737
755249019
347532557
684173206
39925758
944508235
980805349
363847083
141122139
674814992
949185582
837522823
541637856
259496162
30690445
813505006
551847903
627673532
441918184
212344584
341887515
502520047
674402683
411816721
282422382
604721908
847219974
333298776
594503799
432379449
420319178
982754190
155057338
571226689
455011101
421346438
711014399
613773055
439096859
433791357
324805756
597530473
16831645
557467543
348767240
489893053
48508592
22719821
639932496
917567331
571650271
5814731
915462313
89245201
959731034
753205946
536143509
535027009
382481318
249214444
781459904
828214437
788938870
125415982
977950693
530046833
191891167
207676415
769152087
830949812
182572868
781300787
717785264
704682354
706943257
294480766
143253202
670755625
436864435
875345985
399721493
429301221
961857811
365228614
703239462
233976705
262211501
143963954
30049246
353551053
720612659
19065773
508429593
362641887
302526139
466191088
724311191
828510255
754401327
459160176
79653910
648326195
4124023
80393975
727302761
919089758
344131332
263744696
551786397
660909459
98872850
233033158
468414178
479978209
531789841
905626917
129656616
94006481
530617460
887720292
556490477
83055722
294947045
97779176
185811005
484283452
553873054
477962923
405984913
512101305
35545004
541965490
208902936
109220475
464160558
457507320
679324792
775159944
356227497
514752034
210787729
506547103
440785958
916117767
968494438
449251640
433812906
117617041
797619144
874705240
394377628
818221620
879769099
8010076
834707148
639355491
694606553
436994066
419555828
121239051
983379053
60827388
169553149
409855822
381413065
734667041
357693738
59954672
511602502
899664457
218870750
325158155
587038760
738592908
319206560
459321
448040474
759067909
948764411
579879148
299645719
8827082
928570820
37319936
607141087
348856781
732310472
593358802
380211536
400218467
495563451
412450494
655360092
842432872
801734811
241602146
527774226
22363948
400937722
547178763
339920166
287633277
161643096
363895452
842668658
31925519
236893952
518466278
803235989
98042544
672284674
737836251
624001783
144548884
594890814
351983723
763443118
213743524
910778361
932330283
836829410
596221511
135435648
87644153
549794349
928967413
269892772
703247528
824965246
970035709
786331065
876211403
908062190
130552145
699851406
258290810
946344255
635334228
660147093
960081656
597794712
256518512
936471527
360202017
631495817
695687127
770637247
372435708
406901987
570076043
250027875
543944890
640938561
76206769
626963068
71254890
203084992
523596417
744503106
524004034
522377640
944261625
152688578
695780389
852652575
556676101
763396905
481506533
302186301
135360251
957868685
862669295
717763708
776575906
275672275
819010277
847292831
485464242
103259340
320189768
575616551
857765701
382495156
518824905
358828074
483484041
387271265
580002199
160139230
310566655
223088334
286158988
297420220
232492546
492631303
880451016
254082501
620304111
305455758
442672268
249764094
509592011
817705994
385710882
293281279
920397302
856579623
332739364
101994488
633752920
789824951
827589695
764173553
966951911
937789683
700942187
31869370
741460751
606687825
649518916
804606977
770561983
508861107
353850261
452350207
965604649
599106046
560796204
6520540
507786195
214839353
407573171
600775474
437067052
226285395
753252572
617344725
930741973
18007288
863211405
400502146
570766900
942353036
274463752
410574538
156681680
332922916
139806218
117698947
35148093
196816885
859079499
14322917
750142212
525882381
239573904
805544315
196711107
261029211
621596027
390737703
185666235
216038449
912903185
246962182
347370230
122080329
729898482
449053809
307133174
648736105
671522034
205957007
718370047
381343629
163499809
231550238
817380454
409026001
245886169
82268018
472060067
110811977
802907906
825564400
692876449
416943934
746712827
591384774
540756760
692812653
135178752
127231621
952508473
265213254
475360181
714231730
111392462
638734380
498893241
248306721
374440287
86271209
981418480
546313458
106348849
982353402
618022425
16997868
724242288
824937000
875529213
6447405
425005387
381939397
573949063
538491667
410246964
852800372
305684709
600030160
681626503
263336316
476879514
255412621
131904084
686894003
867002315
847429908
628683004
56349994
778851087
649463121
887893205
927646645
94876117
337842467
82505017
162949197
449498520
200345244
343725301
393586627
99457620
410508583
6450513
128663221
739667185
914658806
318330269
850681279
847491206
230121276
663262786
692823900
368594869
159712682
136067399
692930289
773803566
545813826
751379071
106308602
34086625
226872666
404163943
849841278
907839128
6901791
417556353
862157291
316719915
903043326
486652771
15494747
1150456
876952487
641939959
839577431
292301089
445868914
326225837
358088391
855995047
255378783
940533920
980759037
614045730
394887752
416656504
83980498
91003953
646326706
980523171
769192012
952457423
984399963
314030166
836669741
155129607
877189131
706434032
893642614
700103031
500940203
357509259
719305596
469192357
484820472
904797430
774006293
114218018
541714187
423850891
254994058
306058441
708667250
139512062
691779173
146495030
920909301
986010022
107001370
159820527
900632401
855461800
305981649
241892959
591926648
410126564
616222622
842808480
404881474
907578146
41593267
345000994
873580312
927174582
496867314
71155910
524060087
863116004
210721385
64789512
170018466
152784097
217063441
496219203
715087628
300933551
794335419
118841178
816896331
577585462
951718325
769862666
24133123
257757276
151360261
64053887
659949557
526124430
244915175
488916948
781139231
703990862
161577207
899500050
670454217
27623176
781086403
828351764
837845067
146865643
307507967
437835211
90953690
38046897
876413694
80908973
55041247
647122403
629682751
765516157
697683019
366312194
640064295
379928947
228555846
56457216
384910726
945445329
70685302
296442312
879850988
310068439
894264110
946749161
737855851
736454038
146241498
349229408
742525959
807961459
726466534
720521499
251965613
897180696
403078357
647565508
955270833
175586123
198645570
484111245
90717203
386836607
894942720
387323111
385319244
770460863
312668175
923807079
137182862
729560676
147343342
379479880
164840884
847910934
886686673
624544537
180690463
818921443
448080574
7921633
543313949
904473469
596322564
781417076
634549386
887229724
756671836
121834288
80732616
69873155
301140361
15735242
924301381
783939142
13497333
532283521
775448514
345838527
730918582
4342467
131325991
315099573
746993860
428648812
841958119
9418992
340453281
954756085
828388413
932711747
804911355
833080761
643903926
432896503
256917184
290470432
55843272
842899937
169233202
354034509
565717205
285281004
909085679
600396457
205525867
587395104
523088507
70858673
801367596
796282845
481462267
694718755
912685092
790673104
667507291
529124604
593192575
325369818
338504938
644572910
932961638
784224989
784550050
864779139
632616353
605362447
792670266
186578330
520066399
36126928
286892692
438215183
105692508
350785339
727877115
51724388
468009205
983545728
120378385
385741153
145360952
921026954
255340213
618173078
339681192
793661355
724295311
104225914
605364000
844842622
51620576
212029962
589480164
774890583
495744451
514067214
698541658
636074533
208966788
479371688
423497753
519416794
649488455
355717233
694633040
290474926
247480314
545395480
876082622
488358578
638217358
153010657
620338574
974980260
179788599
645931236
63901873
134369937
256412772
378104610
561320645
324647194
692382951
126318700
822711265
308892156
528233074
611455701
823065121
859622476
251548135
758396488
547923070
697255678
233508334
544016121
803355986
503950228
980957911
666625300
568146526
256999278
686224624
72959187
105152094
695149986
588061205
306326814
643166849
641310410
637401243
516055427
624419431
114440554
227964496
356875022
774182297
251699774
212529349
864952377
42362848
660476067
745415064
798492713
985905988
823481413
96998652
820602840
753598047
656406233
660266926
493452277
879031917
747217624
344065968
638222304
485722576
528602231
458684216
218842774
417897049
396368332
485772654
445230268
628640122
794650049
172570980
228540112
183386808
670445556
519978585
366598912
827411631
532936080
430895572
962736298
924321787
555665955
516623919
681205814
532481608
851708521
417709049
192822301
488678480
933496331
116766613
229855332
950070116
766431227
494544798
333746890
835946904
833955939
660894656
751728365
372352502
429073058
353475771
869101989
427881358
848241930
359751796
26601987
120716100
156820778
411278390
80171438
1590073
388344936
459851949
529093583
759923229
870353841
724456659
429434164
336635417
619329691
38237353
53669794
486324506
501503987
619232788
814091238
175788890
726048661
778872960
129385664
561154697
24599070
357159417
786407000
33256194
742217640
106675085
846343242
584964254
521372000
545868574
105149123
441861818
792606120
542488454
790893671
591356689
425353435
373331389
722112043
897002656
796757832
834798762
643318124
38887576
359832320
618140296
603653402
206162857
11021400
860034518
578942739
725425082
81203781
316483109
906890288
706063092
750738133
957087569
695782185
792796946
645444966
708125772
915413772
587071612
513590951
530015989
531074115
185445366
883946506
643263855
886410427
584064953
754090534
919361771
922202344
49042075
763692659
508838499
456000752
29823034
639256952
680734782
840595164
144136029
407963334
577041305
428702507
258258147
464999744
588561060
534040176
383998480
668788073
966600825
756562749
774420523
801666780
60252969
754401327
721407147
639423583
817684672
175198039
271909636
265754124
195851363
477156404
39457598
355265418
862480992
541249458
825356766
149804444
751347404
106327154
119902910
912144293
862776905
744555797
849596690
679154348
330643551
612188016
946155104
383799621
950486234
530347956
857861490
857045818
405861900
405132356
115311057
476064157
311701049
702509707
478954316
400682622
203031214
834983749
670779147
973839942
904424800
883137258
976490836
727419274
610921574
248776578
147267799
272378724
929120265
559263592
803220422
72578277
828351774
546096111
82972182
389342799
451489764
642905165
130101447
128645428
183299038
834183139
415321584
305862543
152410608
29284163
23280812
873779032
15748845
924553564
627028669
377690338
912971098
586788109
618237842
775279490
102980192
369444887
76158055
322628661
746309729
298541502
753311440
324069297
27194950
576012229
501455041
479460398
985822998
806090042
576953507
917880125
301799529
654972749
569284409
649796699
965970629
244008817
753043744
62738908
800897610
60887101
208771638
220086077
646264901
261521288
769568581
67615375
584793460
707730480
722642351
926939529
647626274
173596570
398204378
470183695
20289428
209893261
869755775
330450149
152841756
675614251
980892660
34436465
803857058
854585419
584020324
243765960
784297744
131626510
959893926
821111879
406452644
380354423
758396488
19085074
967628270
836983585
80763729
929526082
832944929
599933116
124633795
747065635
715603953
906229117
663813653
602073075
411482177
360859518
626210619
173955823
898020037
699782367
765244643
242180379
967712200
10384802
548862741
836595919
82450544
588941608
546557665
829865712
682312020
905604862
789210887
787733229
113340446
47494079
696711656
807605336
518026657
572649398
411058402
704992522
870439655
389601504
241558424
944823614
179424866
188256480
803469300
440616086
748317898
297786198
891989445
737849006
456841372
621898308
678484623
663017548
605862
12795823
49868790
848859796
102113345
270836630
356125288
790494453
780420823
114233073
747271097
771614244
642273470
251269085
939386800
273359085
370728649
488241732
937025196
471968048
324874359
763613773
779778395
589217865
848663329
589956908
587715845
289507667
176228856
677605581
849832288
740515249
949133541
652890342
844821895
332458273
852352273
752990599
640016973
84435979
512727076
571226689
346311274
930460818
28893748
664957383
560537221
191025693
400610970
891785319
776700738
305847057
355942832
584508018
101017583
326717384
42622113
976098365
465904231
154317991
911981893
182828638
539330165
748696384
624796588
224627143
845646397
545998286
572939719
444856934
888095376
650266908
786480596
222381140
68040918
852619982
867425368
115498025
392091538
703106022
392953733
560657772
874301701
222736825
765832646
96817684
112997352
73229552
59333548
18077382
230474976
517127881
812957748
345903247
637100136
691256442
334294994
349873067
487845730
734271500
956477472
629615205
43932998
189709498
952701521
489184515
351662760
120090694
876549611
380631669
171890386
588804874
436440753
617555988
763218861
204139782
478602561
237875619
597565731
737142740
313293397
583737674
589256425
961604487
672481017
795020352
366353219
427138625
729560676
385322459
253274122
650590349
74445627
468586884
884412706
972345822
732481731
695486737
795804405
73705888
940671970
484027408
258557237
199975362
144485819
285591557
9647175
19384826
761377818
360696008
363924688
630826909
527655110
487103285
171644273
818975205
644949365
3916592
36114230
313407589
826116031
959973055
560458425
41457556
308768658
566862891
333918349
484111245
65812278
307098457
199969435
844828009
743671323
641192655
695225769
511821194
415282562
829507126
461779589
540596476
208833326
400067688
206194042
574109324
300410689
793450167
449730011
515876837
574093475
917405469
275185617
241987606
323621345
622917599
738492012
886780001
395477356
249503498
228341822
340351837
882542749
378696859
444473838
836721505
493604964
836470878
196315363
925147255
119004827
311297869
560163969
733713435
409139987
293771334
631144938
324820780
940224104
669515065
867154116
384464884
744497130
587821466
754130503
234750118
888652642
416104828
680152860
566191715
162078845
110248077
818707283
488972442
556828257
741270771
913813338
469804538
114399379
350906427
339181263
865151636
436407098
865708859
442552146
884283975
693118433
392285658
923774766
161495423
832751290
18725549
382320007
74144216
128433730
480083629
199703318
149244236
167494811
240675508
646198954
260864095
985319900
695634006
229846685
324820780
157067720
747870098
841431371
785459181
142513535
643196476
881052468
957207436
683135189
54534354
791389549
849970331
964762135
432672060
835586042
166575001
380164922
472837759
249824520
13312282
171748907
228814442
804078140
889159987
682713015
626615207
537322383
902429271
631275062
568590081
909046692
51948291
172236145
851458590
405785225
942128655
837705978
115953340
779374027
767977355
712959565
521129962
45471360
724955796
967520485
675928898
508234923
731443566
677731872
935100741
342345776
29004452
566126530
197811954
650573439
263841549
334857915
500337152
144737333
25039277
92390894
770272262
11870037
12486619
33209356
162351923
421838810
677112451
95956390
667167760
418040561
864328011
747805880
696778292
834997036
381836200
593281218
494591204
934191942
34952282
119751113
163327740
271528565
968849223
884540434
654233021
450319898
356409024
111416250
437979247
269702245
206471323
84514487
275001529
214650511
570734387
258132110
552638162
755094778
875508709
497151750
62574248
185785870
588838895
191216974
835622680
870914180
894910722
151815973
703922182
158638764
202053519
276624280
298450132
676190233
911939339
669959932
339909944
112286668
636539180
274555687
715342129
427790634
845874838
921084812
563755689
889962005
834983357
801878928
961852293
570152615
810188048
271723242
447155112
695352681
359226150
843497192
603919131
575951560
108750053
197259077
162354672
499456789
29171664
600957252
488360257
342078988
539070201
773080487
979730416
819007355
623528238
352975733
441779276
675831088
265705219
430731150
361417980
755730476
765469352
986305714
623222375
925375542
138837455
172844184
6311778
255083711
933731943
504118678
876423456
168607772
728828263
313841154
99458873
959123946
272011102
523391159
72537425
249148178
271266911
132683358
247402998
923213045
390076177
356732152
836738264
405733584
309580894
597530473
187678100
14156515
25390257
585028349
38471141
71210378
666314057
748411338
635118383
80388825
211837297
530877776
159930407
350180870
597027485
41745961
31869370
742311049
647497812
589797841
198305750
261787027
108921798
804326768
295427418
723064063
601195119
733549968
329341017
129354124
180121448
714231730
443458338
746246548
531789841
866454934
242689489
30049246
403030855
80007139
100837788
160276910
747638651
464276873
627439461
350393724
113500861
599620249
279918975
390144780
937079322
629838732
936915499
360993859
181311637
500670284
181435791
49875296
829428789
558741312
790272123
2150394
147527044
109727421
975645385
726356849
182631848
223928110
836613332
482968978
122359452
774170925
119090628
771881221
318373842
615572877
469451331
119140358
746083570
659207840
632048300
411950850
165013371
786558952
529189368
494590327
218535857
96682614
293933960
826621277
694131918
529432411
902908130
586099900
553432093
359588027
318191226
132837123
662644881
284178093
932211073
351474629
839966880
499092015
253649095
345596947
514535445
816469573
127775673
917579523
296978804
356688782
67003868
352789472
6619930
31237233
599920493
978239600
324879669
256503809
874433038
536191043
911356550
568954339
750667952
98408544
979539533
922917526
527250290
147824851
677977382
275663586
12570827
148736791
76218654
131640358
715526915
112071224
178170961
403217621
466177417
535759232
407432189
768545354
240082070
261990518
904036828
250250429
809810980
807972991
675480053
926432464
513567525
509248828
139230484
120037782
289945725
790911532
715625052
52133329
64740198
53025739
185716468
231041396
695707906
1344927
354878954
470580583
156433688
714467678
756164949
125106829
229408622
584494082
221557298
590684354
558904945
429504911
12551463
107025810
280523382
927176111
394873521
797206608
698944845
978550419
973834408
583394404
38439856
782629415
243206972
722286221
334537789
515220860
617353522
117004800
752158959
962480473
584084582
297668233
780911320
629955523
44540340
181960688
958128939
286908544
986057258
120084789
580166360
864733199
150565821
675663404
447525060
722603301
832221973
79167975
674336876
949568224
636814082
786962739
156110591
299533611
858927616
212821320
125328580
159735934
649576505
507372661
432219117
344831524
45193066
345156259
50799305
365676287
958925606
387996913
747861887
46113569
208974384
111650482
852619982
861498193
715630324
111604476
223457059
319297066
636305147
360978434
92738469
951512835
856680165
254843704
360683452
796111183
544967407
444735543
132438518
878257236
428741600
455736760
536570538
120405598
865954349
243510573
140088462
682822351
715361887
409827580
229912885
812176779
15850371
830596583
358603618
473832497
878965050
698474821
593971800
885744811
966014595
48081955
196980709
845941424
925458005
630735443
842837850
636975787
636091091
950583531
111821595
334870645
78475748
223927501
728254625
160127084
119355372
395573571
366153005
106375389
986214632
324387362
819107761
837439881
527009852
202673146
283173924
389231119
928379554
905859849
943562275
68818201
704005311
677064251
406071593
785102043
489985574
717966341
158617763
820375604
969491887
90274477
406106031
396978550
370529647
115861204
283839836
655856673
714603097
492316244
595233360
521049316
430779103
559847442
35354062
697862327
50127204
581337505
505920057
216010309
74006317
678221568
714511793
876082622
305623746
424497909
315582722
469263591
251404474
751384933
710161852
977400091
980982555
126077567
43156890
950645844
299665583
534914218
804860992
527782697
732118857
368061123
311854226
4129159
176724954
347043512
474108384
188548742
742597584
153102709
678302714
351063313
196633678
700070247
817524166
299970408
436760564
119273781
744974768
431816618
759928890
303463848
84598080
266644458
147888758
528076792
725341609
471108803
263662717
381719856
277481582
269143911
618173078
373610551
879395363
893033043
888526545
924636055
398737949
168073019
158815396
688762185
540805762
260208538
931431018
437604245
870036271
330677234
526770879
524004034
916445660
686434126
24234928
63186648
94383600
925308500
664095495
659702767
229267949
810634480
580297099
646923781
230747558
10158567
730079220
362516107
770911014
554941946
962226433
350293492
62622306
712077854
274741952
813219332
581145786
835033601
674743217
430475922
119949833
291036604
430648087
738376280
215354604
242833363
276877611
870916348
737008989
395317581
949043749
881517643
623746146
397128713
603653491
889528342
934627765
529093583
591366303
502507658
846343242
635110594
756715348
702445773
278406078
111890315
139207085
825703308
530462915
319991894
76786955
951059314
171240480
306096725
742408215
532490029
364864410
773989813
686557046
585580972
318530808
343689218
757654222
395515579
858355244
865213221
834276165
717763708
106466953
193501092
809783005
72158199
692353100
133617124
757016348
456040264
560535183
688301513
448051662
50484105
58966134
427723624
118482169
499257385
276569308
9550229
739238599
392072388
198555521
544342621
114891632
953053607
137815254
577213554
333263496
585486764
724375635
565457925
329179538
366650535
276906693
769763070
794157742
792052134
113464780
457423356
363864034
40575753
776351177
976886011
646185505
814066947
148094209
582357382
134976193
931224287
733195145
912627101
97860603
398634965
424873160
172226499
423989981
619880046
92976759
726342471
454704676
898081959
671009665
521855981
611699356
471713184
583063015
223486233
168264867
758492821
332132414
190640474
19902754
639620428
948317711
563620274
157206988
285823110
566106251
657249600
316505073
961411411
47504037
590954523
263061709
691314612
562842014
783738574
925684387
397332272
954021036
626280821
231293200
331031895
29404761
937912665
598427375
396594185
382254672
96729974
708449580
410883137
338884153
767312539
176405630
218804263
883975450
891384460
485886088
250373446
817780070
192580190
800838573
643636603
272375454
736221717
903954509
339291373
144004620
208574253
445226869
595226168
501329075
426834241
451299494
271961722
621665338
162776215
264251366
740581166
371185479
862548282
705432936
919945980
483570494
63014617
815881387
19091008
114103981
692064552
359259728
415741840
28461619
394887752
430820014
918092410
85422477
856976978
153980379
958734636
798533093
437459419
521857460
605518726
862039449
456895103
523422869
906185765
876068531
246459687
374463813
609345834
557564214
650007406
167257401
98124900
56093962
727792342
490190357
797318863
124165943
79190420
258784518
670846674
331615319
831820447
602356880
235189443
285712919
906698216
818271862
699202027
620961497
7247206
274573028
644232479
167159827
43990343
684702095
342977548
678393303
634376345
193948444
960842451
520920702
660335178
766752185
467204854
526384065
626702801
817542845
622046189
221984746
386164594
621969604
712342576
107808827
345302728
928718341
839928198
628751981
658830032
245185337
39989530
795975756
137159407
48051344
755345217
220386967
903789513
875839392
331389926
955557467
692904935
670470940
85411281
652426847
177707392
590846855
364117927
296819568
178380158
526364349
301086220
500624535
20279341
973034468
720129001
902912477
893709793
979764141
869414562
54841311
325376244
473673542
175081310
196797408
2589773
955286507
66447819
387058008
604371224
842684460
226744773
539103086
338126316
500907401
257268626
348597950
256806451
537300294
920580814
323843623
273625146
428519322
661043332
903954509
748588305
421319545
155561028
650666697
980207659
273055884
454320620
144915230
271787456
174954003
609122346
818221620
705189805
282357498
128209443
61916938
535821234
831656723
27330093
222729866
458839987
49385279
129960698
283676398
623046651
190181129
199560540
15712923
132321343
181950493
471246353
274318425
936895477
183356978
721721274
656094331
37319936
857474282
338859533
159075730
312623871
788411863
666742312
343567621
755450779
262994642
92618465
541020329
34952282
258759166
871333108
275281304
70824281
426114262
162038896
158638764
534464006
190863129
801982058
557207326
526265203
636384209
564968206
920630498
865118766
660158732
904825645
878758235
881455765
63174481
552540661
365676287
678221568
445325507
190332450
625439888
395825810
866726140
325327696
502007610
565170210
819991142
184320153
332248567
233964089
521454162
843751393
961983920
247596666
739360022
907035497
653454559
905985612
913001411
301924895
256597606
273625146
656954770
597996294
405068947
160805304
931661312
158892106
647323799
624557359
646930879
75487621
411846829
422842340
488639058
493703191
519079159
35666062
316835390
407643515
285920313
180099168
150116441
284394494
445595919
255245904
82279657
471321830
425607277
896703111
900531218
120347513
850010398
750039142
491820
383281668
897374875
90243229
4928454
296399887
297668233
535157078
945930754
725611979
897831243
553266329
185983986
836224454
538195268
538319408
667293265
118013134
180545645
456364249
349162657
592447261
940236099
432250862
918804861
453237898
162124448
815930599
947028960
649877057
878128546
799903129
299800963
189478
794258988
58096221
683856450
101870554
27512486
779465892
613941862
956555104
693969206
578663492
689357789
636420349
51250047
867503030
656185600
494268570
706560709
841768485
32640720
733993712
726986406
188215439
517283736
579549603
216875737
153241027
955471440
588403764
289243742
73907711
127720262
415471672
51742743
624001783
744543305
555549853
143221885
455442001
28742282
93857405
210758283
782731334
444793610
376281805
576308775
53947962
512344163
932854005
418837195
709616146
148243943
190980870
30880092
484096127
594105774
190313144
496640656
759897347
211016916
904665354
477919690
677454190
460623829
575951560
492392886
830507768
24168610
593396010
367017489
895223814
910508645
183036734
110196707
693368107
259443698
653825780
371313790
371527724
697953903
55760552
693001366
538381467
561049428
910103115
913995796
798844961
480543415
121079469
412553556
884658723
53136766
502287626
147636275
842825064
602026569
52447818
956926767
816568519
447563664
314860742
195343385
779960416
543556200
630580404
871708779
817781189
648156014
868665178
305793822
56193954
169908798
788710876
723162389
851675640
731567859
304874118
73007490
733960882
293640835
271808017
440961264
438216821
631046741
210131785
274862306
272032876
463568028
614660815
923275283
862048570
781768230
160374377
491938036
274440992
464281833
301817271
325592079
882049295
798786587
335340091
158617763
873246042
479877618
813303565
618899362
91445478
228543864
664253860
756182409
70921783
773983943
868010683
227964496
403278557
80503591
804569936
155224742
961033830
188761548
800765469
210796416
211203718
240958888
116752497
949282491
848681345
244420626
781464858
515283686
938507894
439373069
632391795
941003355
975902675
502645306
865983427
761868524
289400023
447896481
400054329
178560167
812545781
801819104
99192803
248223310
451455301
672185930
429073058
802790612
528329188
594892632
703922182
327811588
329322914
431816618
610858707
861642712
568611704
652780359
958875179
146792520
889711223
565872420
242711816
713870472
411085978
519610582
171580235
746965983
824890266
313432999
16342788
157146576
67175955
409436597
374089024
708430834
233730734
846639903
654343187
531411028
767757021
955565540
153628405
408918071
933929425
313826471
207758993
216097075
394171636
233920760
621782319
226888380
438533367
38176483
803794988
665294613
513777224
974838658
979995540
172101853
618551688
911912628
515576881
569532277
541049647
359824827
219404055
122565302
303592390
676858541
948460148
968217103
268544905
194327791
13289584
400218467
330163573
654780612
909019312
792656429
359064712
444570446
284292550
892922125
942134508
578635612
116948803
111804112
694042468
5137453
607362697
952931658
972415143
96852813
15267378
510033934
914765811
166957761
59517857
633831948
89882902
665647778
903872453
132748388
889391989
853118139
784280214
362516286
202073347
1180608
928855469
780976752
756190904
816340635
438559789
355269121
744936474
301553187
434460378
856315850
233343769
71132884
839299875
549894195
664479784
143331180
686732415
132108886
909986259
365197607
555436026
281478805
721818277
376945398
267682854
485095274
484368015
963080056
172492671
312225495
765103637
741343510
112035766
846312886
98986718
876146492
851021119
409962816
366768663
570449953
7845728
793213503
863231769
42887309
768545354
850567123
866221150
930230148
111777303
496467221
275996209
381451944
685745890
99561983
372236689
855780305
625793302
505460900
843723476
154575629
195576365
318726579
711690342
440900798
329938547
414598297
8946062
427723624
508840759
782697608
606687825
198360902
450346340
983359638
597645272
891141461
799962294
205813770
414197308
250695428
787603568
415934482
414332784
795412090
967733977
571255837
686183778
709383609
457049954
578648464
288797410
697232141
915913587
49265022
232613620
674517089
509293037
370948787
381081185
323625608
704158847
313354264
657422029
728692236
388473773
640706566
320812
813620001
517639069
623532658
317727053
402372273
316863940
453113819
76876240
382769168
219223768
684977113
286107632
174870702
893927086
961517936
441463709
427563516
856298188
877035301
388699248
799290299
119720121
731359278
940203229
4153
849537449
844385053
942459565
700420001
154380544
18126768
56712840
280878874
418667995
667612896
549218257
260008266
628738898
426240572
227624138
588126537
555708019
152077333
755421076
922356835
503950228
136549092
377769543
16415593
752570668
955557467
46787214
363523077
32930554
700471965
688705891
203656890
329496554
332692313
474362047
386666752
660262610
92609402
310070733
610974023
777171836
559535684
835861773
526737740
379754179
308593831
171924884
466699397
546247526
707762926
691276071
403060518
590278578
841873441
910807422
265355658
938883
560722163
918673784
946794911
827876475
73644065
977966988
393298019
696951265
382512022
68758066
752422627
392285658
905145206
312583461
582752626
286322799
898283298
906850174
636022496
425781179
365576521
657491621
714576346
670166885
571220237
305656074
503549993
283696681
246846248
62483053
220174066
797257797
592178872
881790015
746682301
849793032
920552791
100032499
222999166
63715648
596106493
641263049
646944911
762607762
826402076
129703193
550212388
446614062
262842675
253214905
653129058
771501217
764302523
303647612
235855101
518451336
919785032
134527350
439473289
167900062
140702868
218951554
656761613
855376935
914422097
911666342
588126537
427997101
230975147
865481429
570734387
305829742
483629084
102999531
310511282
249647551
924021402
660983842
714267025
99332981
352964885
82841346
818945326
455481288
920812370
589404066
368814638
230939026
67285297
135307809
176228856
840130613
898020037
256465676
113716776
3896568
525599353
679656510
50029599
28311986
35613116
8164941
415956844
620883587
332312092
407355386
759346740
188364224
808695210
241845694
634117566
649488455
297216402
371186025
833562652
326527084
373907675
185864841
526632361
80579996
475970693
894232358
185017965
625532260
234736037
491457025
440845508
713068627
624244227
237158951
14783810
151478063
185548887
802728556
924039703
87462858
700960412
233362016
272770789
915683968
221833710
848742449
195382609
25294586
780312659
408637170
666742312
743518392
771870385
881643757
517349757
745662809
513417258
639153465
148274440
471527593
844193811
63522504
863926877
454581322
863896652
12832145
359469700
325501138
725113032
437921367
101688889
439172922
446399336
858503796
612530157
701506306
325832611
502482752
299525057
811488590
933496331
724748507
38598784
285284656
823843190
46400882
967476439
707382074
512900576
46646624
818427897
738107545
868005435
176452390
252123366
816529126
571307304
225270688
605258018
170987598
927417396
67525600
234218506
716266850
112742161
769027691
779008856
440936465
910131208
886935170
951911026
222748531
551145156
679162577
68347357
178636677
297167668
971612858
969847570
223362214
595072377
544840319
56158505
112109362
689156968
905447867
292926401
725843375
922460058
294338716
512544583
99602162
468585045
505552159
247251642
306810358
363737832
295424680
150360484
615688818
494266655
554641225
369982435
334999129
593687480
40602654
208441828
494787892
946069580
868475540
215761949
672633830
904451960
538891535
339271349
703610747
82904406
931140585
56897984
817575400
557851485
809140608
639622762
832148483
514632859
192321804
878030110
329176905
842043717
389063204
858904404
293251685
52561051
622666
554016107
502167412
685786623
542418709
192252981
691349143
332212208
320992597
560817001
420106064
152117021
938536938
6631607
294534701
669595846
813325249
731178722
549535064
468807747
671594659
416990102
16726538
622274607
783492351
898539492
591621727
241899994
194804423
612001477
562881241
505552461
562104788
554882981
603102443
344221091
109088839
971694070
132418315
94270062
82931072
311125856
196133135
656921292
724365257
168615248
204253870
321312695
913164272
156531271
571662542
321325462
383392780
198943889
769723495
888967961
721954858
307448957
104428830
352534907
160157601
133644754
378298549
752507610
35496308
759264365
351496735
967476439
300233561
681341086
712358320
238515616
248390265
740750199
234482123
724061478
176290857
202734333
522571284
373941679
277532368
75199843
761012887
94624025
366652792
982483946
851803979
101348400
381719856
465343115
315448798
498581646
877741529
595613986
320455758
968629115
525699980
946472071
460679519
291245128
731634707
883451141
189524460
945465066
975311841
94415024
75235605
493404974
453896718
900362478
981989226
634167740
523563121
734171851
621843269
150278101
732111695
194110789
195817035
52085762
879817788
293781239
736740812
518026657
205350035
282130522
504712261
329957789
704883815
845704858
413860456
623687428
557969878
154843365
152123108
505227669
389143692
192373413
174773729
833029694
785616467
130958129
621966150
639087929
908320050
706470507
687764429
249893474
41422588
821717775
814812643
713764536
659924613
331674967
72694553
603297766
20119053
537761732
182732208
875894178
252123366
883911148
357485844
697778173
59673448
679869042
64871015
292458638
221422009
624244227
766459209
757068940
5646630
689294077
684263940
882253397
549537172
881207119
786055320
883096480
547023972
951229118
226657132
29700258
214434316
425574206
524185951
246663620
541486447
345723071
318641058
756182336
892670703
29217905
700911907
504162291
272770789
334769466
23219882
964033296
465086240
726745173
409029458
313912287
326980964
190824451
318603666
710983915
160139230
617493831
911945393
375740580
514934869
250788967
42979497
874991059
542209250
516318801
18073688
546853715
425521545
238455742
744184329
385703873
72592452
404361940
201861517
688476331
284306033
866391247
667528393
975370078
911306818
641759566
982928115
937179302
266942606
483002539
776061067
916009345
741577710
114401198
228702791
796759089
224656597
878411015
854224366
819374915
536143509
648650016
631443625
922380449
495344079
495818912
872003413
912123455
11469216
697044124
882975988
251216783
421829704
36785198
929043617
209542982
298330158
359662427
88935209
559837342
340778263
613784838
222729866
103106963
154103232
14221598
210652657
342569176
227058099
307512981
247507582
64166836
524568112
651667752
9953584
174245624
235664064
303231898
906204049
199375851
707388841
291098310
950480256
17965013
491963294
241289188
712177684
808644836
327181391
75349236
391583464
725843375
320764755
504127129
524249497
123879320
144509008
87042388
227087276
728136063
447715384
437115828
897466138
795984959
419747963
346285457
909908061
158788075
188161309
282863310
470710574
463116488
852265619
667615608
422832190
148118753
386858955
2706557
736466259
326276810
242446208
645235466
346269089
886546039
674638460
648080436
915525769
871812715
865298053
537274912
665373253
428618233
579087880
280598133
814786260
534192183
877211461
751176289
99090495
1272130
677588795
747293481
174071235
152160433
58616646
236864554
5266146
458856686
279812861
465560982
233938089
977619456
473984363
904289971
28596596
560537221
762683688
202690697
562733454
267134132
946811488
974241385
838961786
643969389
51542179
967561916
394291409
508997525
512832252
342212758
816145425
797854646
129045810
188301465
283593509
436974237
625434231
237568102
759783372
679138318
214093083
792969863
685545441
576154537
888308582
852668082
287220325
920196101
773515592
91758851
847093088
336156506
679365821
355322836
79140513
64646313
911811047
740809205
655079550
677955938
278608472
515083750
145148813
342255791
523869621
346554053
263141678
370909444
15861837
565872420
285350485
247657051
222779264
782038237
309314709
222529746
627673532
526725196
457125266
472262374
827821062
984244649
528184677
675797689
389499224
605623851
877957661
464254798
583492311
239403030
540438914
15190232
496040402
754900143
905810880
807099926
262557950
340287079
614088620
817637134
185222552
753788479
899846970
744735259
574807402
584655534
447689155
247483701
373230984
972577311
620338574
150148859
747825061
871333108
241095402
413739652
554035540
43087511
201892197
250947544
806361477
522448699
334943533
870573554
959443873
389153204
661695822
689678848
385792208
524329518
864665798
46549135
502320711
568147488
961109727
8960426
286829247
113946412
520054930
32289663
900870123
651837080
776362447
775183033
185659825
374411120
543723386
285500466
919154955
490820970
833187019
396697742
505062500
669970363
189525604
506780358
236471575
522482722
116826619
683380046
700655079
11223186
309228726
201094188
394966675
267896333
558764719
88460163
226025417
644269624
234139810
381025444
851370582
251528034
860791291
499718604
760365558
288893452
630469580
364888585
237716147
404627022
386723299
687236683
114643879
176468335
871087381
217690537
574657562
264758821
91007706
655358778
703969306
178194894
266103527
147410158
893817484
657080298
27373588
837697975
946770835
297033312
80140858
598346883
309826866
251432887
731484360
461165712
388317311
548162694
32695596
888541005
919397410
408039986
17558427
779922522
529259975
94099823
585218205
391773533
220086077
412407526
297770270
680878827
523869621
620906871
469814046
531343945
122816616
975335830
14829664
894130060
976897412
95739143
827673498
9783987
881963882
794850186
571462891
603013797
497155233
700278850
239527896
876019510
51553830
118608337
752122058
405466382
855018776
272469868
143586530
