101503156
354040369
58394433
655888597
331775824
251700561
899111246
4046956
388188042
281510354
335899602
952047826
424877726
361898371
7695187
53386998
836259611
428041026
336945593
481931470
552665439
895270993
755659780
302921035
953322476
312496565
196750059
105830305
407054222
621032724
157149273
248835295
306115793
964934357
147637884
145727300
645784666
685992992
545320073
590511503
139984540
669431485
313121963
197413103
859534872
552991124
913886370
791808617
595622805
380672567
621376477
275833165
500615939
727545151
457959
866718552
678340589
359114750
104575297
480601621
396697742
840801451
98718161
723336395
391744782
313782729
415898468
269541945
793335950
330812000
226184416
173659530
196570494
786876085
439946058
593916512
6096761
792132925
245270359
808979441
32043398
543683885
262153886
48839194
958735314
257368359
176997467
858668023
210484218
124440599
36137148
732251327
910177876
827767137
284931890
261991078
339181263
528921559
477836669
897331143
922589996
735797943
134765205
857503220
178749937
453119182
178304325
24133123
800695258
610223550
709597864
388261617
464503834
945845094
239534745
599183139
224317564
980940891
132116410
103263312
171560216
161268329
479362472
107856076
512596343
419161981
610788100
628142788
210113870
48508592
110598348
323136338
649759415
845721628
416283328
581631456
4997780
978242578
107228034
818014256
114205333
136293759
126785495
910406008
535962819
894935394
138626676
918743406
106335428
19484665
73893821
42418797
975270164
754082058
867853806
446186147
329957789
203178259
324688553
729471258
1172496
802435739
2345880
473256208
267913401
87856028
447633624
441404612
377162596
626493416
834845487
614876640
751545333
897466138
133928301
557727263
277274925
554035540
28981866
217946284
818309363
923653588
902580585
575950927
903463471
490279566
799010689
384485538
928601489
292715792
502312462
599646790
49286300
835885143
72008689
191351405
233348929
535985767
968018100
60717904
74006317
769889773
557374101
79985087
436427817
64798601
746766660
517033219
872952117
20950673
225699263
288833605
720387846
518261424
587910451
977399639
99696860
196231897
453112374
243887057
896420973
439769447
479683479
293543565
905646852
531791956
804097332
410849569
440208370
180632276
681492111
847939031
454720537
709214897
356745503
376180715
652026106
599817137
912153168
227494063
929389926
324894884
460092831
311568588
548512535
737213808
591981917
313472877
646604566
282109698
703157787
353503127
420311473
623946070
556375313
599349198
434351631
280778166
929068092
684977113
322879422
52906309
464808717
272459487
840919621
688934138
652132886
465904231
863818144
788077341
83813639
676824524
510521495
701852713
875554805
473613334
87596524
520131931
112640649
505289425
914055470
301955596
954926725
624936743
512454386
577571678
815156718
819940460
940203311
366336221
675648013
99406368
385879519
803397198
712243239
330491641
777731534
330873711
325221706
665565242
463750825
62239236
719393006
627745177
424986788
970905968
75256355
288652952
964773145
249745501
188449021
222466981
740040549
474332040
560614453
303231898
980678470
138595410
865682332
531848162
651717439
502442272
339261309
600756944
215429187
74120925
106246708
196316428
162502387
198993017
981709310
924661724
375223454
418097712
927838513
946935281
321274976
692836788
212260941
796726505
835889209
495788927
881333987
696669501
183442616
498636289
564185125
135809285
509128087
733908358
167189032
625152930
59422115
228248258
916591086
699978989
933183954
546244711
453278037
403575934
371622094
403224810
965385146
450558014
80511782
434682723
571834863
114450754
975504612
970385546
353371417
183857240
540722075
257749739
109222798
412047412
86554265
334396227
942745632
42392761
359993351
667412410
174707687
34942319
16929746
93021440
333008409
896681495
690302487
760642509
919729068
536309214
768808381
600243917
514067214
279688728
751005779
945001093
182628346
141005321
485886088
778322903
329412009
296054136
499081562
253571644
212009693
22669991
508870388
697811926
296442312
454445787
197923691
238658255
115484890
550135013
892660265
507929581
586155598
524308946
850973786
175907550
279587922
525428277
345366390
831832926
147755204
144517323
141835397
537412355
607167847
80589845
658877505
644254752
463973141
545346343
27553952
455736760
7983633
308604999
468135123
99789675
615400643
431774907
32862695
969867604
848031127
62383548
658828598
755274999
108872169
631215616
519479194
617332648
354025232
232387412
15861616
938926084
518396452
765290034
188172462
561475633
367369972
186943321
782332566
325435600
162737564
403278557
266155680
929394402
159476180
345001408
431524087
980435258
385128030
242323171
291778167
527904354
822476559
32392725
288761416
244107412
299711228
245593746
874611915
207458724
462741926
737959763
188489489
19624217
65339336
824347239
242962751
912627101
226489565
466254351
23852011
117967876
772777585
149206155
830624048
514159476
506399940
370541507
529473374
720959044
10175978
548905710
374388846
663121065
832066090
252176867
632311188
19748440
29171664
15190232
557020413
8533835
473934330
327656426
32261537
75688915
567815402
294947143
10891070
475564944
448303390
107625294
370095990
823206308
935428885
605897474
736775389
514029578
942299723
918453098
747921367
758816850
327031786
195787629
456078943
663559759
397296777
24870583
35863112
439881557
756804769
952748558
807087722
864952377
190248201
808982496
902273369
779255894
914753512
422515135
919363706
170715128
915364952
498931065
852668082
142078160
980661763
699889910
280808596
424580307
522756649
335968305
792590048
709597864
101919134
337994468
697709109
506933183
313278253
434446563
504455405
601480264
115839563
598864299
974745072
55760552
243061089
158369821
926735556
534531685
174245624
295404808
257328652
797257797
923361280
134654988
100105380
632942312
659687792
568003217
636460092
206595837
91410986
418800486
769020836
517771921
664216786
79312520
911139870
762965617
206663350
926878650
80393975
660073406
347890269
654657097
100195194
677724797
506542832
890777789
970858201
642972372
197443265
554836197
264113975
649057219
597525553
416832388
22431104
863032933
304667342
127983179
212686449
649871147
162512042
309400394
168885707
184451509
879551196
509774334
811247289
100086614
826715030
739491715
813814677
329379096
82748993
371550967
170147430
170987598
170815265
717728366
567899451
348385910
914904503
864368610
900576672
418014012
536652580
65658824
876082622
659300800
803891624
726283189
870098951
413353390
196610938
616591245
361492406
662281363
734072182
484368015
663494401
189876620
952186599
341995764
113889659
591649259
809443576
429715917
784687528
328301891
943708626
128916512
558741312
961047078
836262736
365642055
305793822
795930768
709137441
852854264
476466865
7600359
980183747
602069627
916930397
982406973
902815818
35843342
540147225
56133392
618675066
254366055
38527490
102495103
700925874
76558828
230174023
360473485
320187641
25271334
709959640
121463626
741611461
232597936
769748330
599183139
302787530
10718814
890331994
120647848
79626188
230507587
612984746
80908973
352760243
363971306
814091238
917209540
649877057
595706531
648950234
115953340
886049916
653963753
671423923
620208196
549006982
122104638
820952335
582466456
48660004
665544644
343318883
932559177
918546829
768308496
387713706
401856770
778118502
782874968
288123059
772898582
5452057
135304895
564556709
406281949
675630080
133796056
419004551
770196998
141746265
678464707
146038970
4787289
214455203
789790192
187648209
561900204
38356857
597888643
713498947
805236993
984003471
90562620
331492800
282436414
244084448
613913568
474805525
796895392
366621473
352961257
391738719
416676292
257802678
735503833
30612760
210592241
494483942
191660246
924438265
595694456
267444824
478251051
820652325
427637052
210915425
239361809
145548645
166165024
366321680
340205524
234503777
815375148
217838748
828825763
276667836
198305750
37387411
709171278
297704533
215789720
604477390
933077423
307394856
271366
504444637
3489705
545399770
96822896
820141193
630460596
157634549
788077341
325435600
707883759
104098244
385907065
304169612
976893080
224246593
549739972
572781850
709654916
569562897
216336655
586274225
633118130
814849463
91831017
815783693
618458159
276441194
578179625
769027691
16026319
743641366
58614053
979395526
490722104
829570323
75988672
836613332
835549304
900071681
889895129
633260327
892851221
327337245
303164066
165856163
875161763
396330671
201658100
45507174
74766852
351150967
90710432
956576408
132087851
726475126
647407552
485632124
166683660
147719539
455549375
762635425
738153133
544821753
563211181
106721240
723081221
642468105
314651706
286613899
864952377
446819457
113806845
680182739
589332870
345360186
884013712
103964183
662902626
461831776
188256480
678468508
789195318
14473732
339376483
77507688
504030260
951870327
891509198
174286296
472591714
409359964
941918827
708599023
699597755
331239245
621032724
206674731
550988420
493336715
659207840
294021984
167096702
40344694
469019506
699511440
721011554
576096498
268772053
160857585
577033748
623997747
351632800
728846500
131875435
540711455
55677543
167119718
700013295
705508955
124952557
711756241
629840186
632007665
921520517
492322846
662293906
313477556
69654421
617765029
843223165
552192733
229350811
843600884
336302315
708608256
165929058
893651753
875330619
163896165
542429076
528749327
328060036
584988064
635571995
702527929
949213332
745191566
980049037
376503646
148622429
530019325
365920493
562137984
501503987
44358838
218358478
621843269
267745183
294289952
39799513
845432915
370810975
397428675
363034781
681408056
228468054
56200388
774878416
967229164
91392623
855546258
986297124
305976500
54326923
198412630
867118504
263802115
508290505
562845757
876214141
452183871
786710560
927767660
41158392
209685442
904802961
957959719
298991615
444635259
103272673
501024012
412355791
871066074
745778188
50400356
497689289
504444637
403217621
616164974
780998473
245051112
820894497
259692395
573402722
141682457
799310869
603553007
79633844
983546130
779508001
788672562
570003577
860108361
53821729
437862656
937760159
280716056
608131318
811247145
26813924
917823983
412961042
405146573
47488784
536688812
757951691
843497192
612363109
391137550
836374617
674491789
861236509
711949211
190957787
557776766
683049410
177728072
469830516
410260785
52668905
569194938
855684053
263342055
327031786
760161092
241920805
241193000
61689195
420955642
306777916
93195656
61107292
928515778
759078461
342601103
959430456
9339084
458175375
96587786
50486117
364463130
672951807
981463772
52589071
287170536
680459042
606128153
762737625
938706563
969602023
768059332
680854699
493886245
819239820
309578379
863062438
469201009
243118920
91553763
206750188
479341639
417451902
590684354
926788558
804916722
327718377
24502102
8859175
662057639
768121758
656417749
122317586
579337885
647122403
865828421
404120802
343662647
438827869
757045635
618173078
311830907
282922302
228497305
202669872
4570535
92425185
746115519
850359940
605993902
784041911
386434869
201111856
604477390
463615574
789918281
35773484
745592822
898623865
125542859
731733095
661050974
965716791
648642984
340336307
159286291
97888964
344050878
680266088
236596179
680056004
185070501
793605444
726243601
358015669
510865391
597861290
150058943
623528238
238383268
46983191
599838674
286978507
690416679
847119416
98633240
51474895
835586042
607614816
690416111
882553225
113370389
815549063
274072884
435282454
597565731
786341571
821768993
432767897
276779185
809833352
851313533
16798152
863503840
631317785
734263586
644347716
734622941
28064242
624280829
418400397
622243159
244623547
97171548
957037312
883946506
364767551
792925754
244181902
467898277
954615994
412913200
223261309
88311712
855167398
610400687
76620993
488980512
979158316
758249067
273905440
259645699
614256687
15242860
839859598
507650341
659972872
802958173
501146136
30251177
749401637
14015840
762297204
675386990
869735048
725843375
257089575
90587993
393095083
845732252
313049376
183760854
119028390
416063874
241479172
812429468
804078140
488157526
484518669
837966720
17945210
781322567
26294798
308930787
502948629
289699347
388471023
4174386
837345360
516169353
857269030
111442611
868201277
837651840
143216477
287045204
742308774
510021958
263512239
342963266
12441926
744623341
956099382
648676657
8937005
68921415
894942720
664581024
530617460
862225657
451293472
950698749
10069697
36947799
619731454
488507212
286016513
637577241
76949833
441378533
322755800
132174249
683695065
895393828
480598409
733242290
810093297
255929007
475777757
533622655
247475239
568408473
1337923
595326655
422241422
911139870
694131918
82254448
238430498
121719268
400576180
875234040
734400144
760622105
597371635
30440779
550523881
898696370
97860603
454739244
381888962
521374285
939940949
530617460
817956337
475455101
186831631
711311402
627797224
803562807
762207706
492074599
659837746
598657686
597556522
191243379
134161151
413853995
506508479
286602852
833180278
326284944
9797016
633132029
134187956
424351603
512619584
684384542
56158505
811118393
157516088
300820280
13758542
402863639
270095295
718720168
810090312
93207380
286839276
56569114
771960672
68048270
852753945
767514500
873971093
403200236
840980313
723431837
439576862
923407193
239677645
194828111
881075861
44955118
51250047
104878191
226431272
149956064
15411201
142713340
259326455
265192751
816225578
492138667
507577153
390051182
786407000
130119243
344640311
352831977
464379226
722944262
572902957
738153133
276724055
360654748
234221524
519496477
256503809
77534878
119743493
891431101
725531745
953827370
604947919
517644736
690216415
18913218
264727044
187000771
636609900
742586072
722221877
563155811
627855739
734640848
527643237
677977382
841900674
95042253
384567455
144509008
639454402
665509774
240342230
984809938
25278421
582510579
894822767
383716697
59429854
759379758
932070423
797700702
744974768
873724317
535914637
613417608
933967894
458070389
342146792
951061609
564053831
269311918
366768663
309731175
317238697
782728492
557707128
310413579
727434425
674334094
231105912
48246072
901172621
11808859
927365094
142708004
625522520
759022077
644413750
171552931
743089303
708840624
485722301
807526269
370694480
470505147
458889016
719056338
808513715
22244905
814763179
710721243
200258242
697927844
507515494
960328543
853317497
220086077
245481732
796282845
579178996
119772749
912523870
263534503
317715165
753759036
710752299
643220395
87212363
715764050
202155730
600594063
727869200
904256404
897655058
415048775
301889291
917396027
774246195
559680051
212993836
4216861
458096313
588804874
322021979
801987050
558028258
23404577
542477607
947815610
513361633
225123350
569297446
743950560
880029009
251929434
289881498
151852612
571529990
16717293
688848370
458018671
818426257
699705561
40779098
160232456
590672662
296422996
5108304
179001896
250772158
519702720
722146746
923529017
586148200
330676956
70554220
349304281
443319776
844885196
707304368
746646682
875124133
745242375
11763208
740376661
913274697
429173480
282010944
326980187
929242795
509389995
212614237
48660004
556413208
775280433
470028662
148731343
208469102
956801991
770084018
834897670
938335747
374724795
667928614
35711662
840087176
693676642
398155849
92400507
84061381
311555137
308013886
782629078
501304949
920682302
182365304
503238659
435307300
922202344
643422872
829698876
833562652
931565589
213332509
476635410
52762458
732225855
93421790
766053259
193856687
910934257
726801774
401431268
370065497
798786587
441025965
144021468
619272970
784420579
774086039
444388482
945677168
142609875
121086279
834752510
759910611
453392360
906141843
426789611
93822100
514247305
815012221
938267944
100108310
914765811
102993553
438624254
954692000
768545354
751279291
211238856
28049469
363212929
851810041
365620968
920073086
271528565
872428974
876071248
452277932
543177258
399181463
790834428
710074055
436247136
944581599
24763912
820687957
946344255
847809393
627041629
664479784
869213929
165761057
591649259
219632816
874126995
958128939
903385388
684071999
577041305
683848339
764665900
146305178
933929425
291036604
521865296
542717792
975457155
758362634
314962543
610721008
775234132
429278690
900593847
953773731
121940041
653640279
106250515
409063766
506753933
632309728
545538366
88778066
493267998
633064621
544181302
813688869
670232861
870354143
158983645
964042937
877128295
118841782
825087406
711671786
404059890
130246011
726768408
699441761
162199365
383050871
837982525
327576152
322490483
876570448
532096832
816529126
554514358
841588180
564388933
504030260
717560933
807135088
379397721
407662202
179210221
558223375
95591657
337588532
352102120
963938076
353832973
488104101
749411825
740984097
683415223
255880682
491505250
779447479
863629612
824036476
678699160
181078190
189891591
622547304
5752426
837977280
261568555
829277426
131152307
101759993
727934915
449047718
388080187
670182322
681948398
405955239
554952329
781878936
213369474
897760303
679959371
587265229
796346762
514460011
668898015
952961203
563013353
936463152
69691148
290944300
817454332
381901004
353375515
817362491
31734631
130832839
86461235
68020226
960287584
260208036
282807244
355558634
353936143
913434297
646877796
60405795
124237807
586860285
935365667
23393326
90463080
307041160
113544245
730550854
288352170
631753259
684965041
585468650
637236616
778449708
765784758
966040776
744536192
545320073
866505931
579543698
598824164
294908797
206696720
896116080
123907999
547605297
97789012
840217844
23180446
38716977
837977280
112742733
290446108
950257822
887283479
786864308
301114290
296859511
267697120
853577619
508690963
750025672
19793106
805490769
840872858
897195780
708057109
926177945
347695865
360140637
711879275
255033270
812528437
270241490
384951449
738771450
80171438
236967981
928129183
256233308
708809640
616031456
911702027
911860884
397009356
421782085
370664660
477892627
154391918
536994395
765667285
694834083
62189652
406901987
91226326
776581874
357472754
688474720
577326367
429219914
537026332
439788619
654115202
565736650
671957445
190211393
886579870
147479605
232440673
825240436
664027807
797690197
84454704
847036176
305276095
344729114
973999536
703110125
896748540
387713706
540264846
900494992
412248286
851136355
399450215
207361987
132402918
308071983
710255322
865175989
121625352
842172187
188337397
711395157
416818599
938212370
79213251
661062884
784111372
961913400
274965356
504300878
148166445
227814204
449990988
750361792
102667546
274566006
599875950
390756388
31568371
674092826
108084383
766659532
623911796
323613258
665561507
808485171
82780645
258021478
346494911
875518800
450528220
632465748
944036084
710706127
814842201
786357450
953664083
902872752
493000500
469896830
956954228
457391453
49806476
127353033
442059481
861803576
249112134
447193343
917204681
199019205
464489309
827506525
100766683
125043584
810087175
555607316
667942082
862480992
920043952
68281113
826102219
82161839
314527189
77092655
947851332
773641186
774447463
390047478
142821911
753819398
210314170
564408078
851057679
883073616
622396280
741563005
954507941
750067722
365444002
416674868
627436805
617135804
476109322
72986430
955601060
487449687
724964992
238772864
522478653
617681678
193358820
665733311
900847871
249172510
298647504
347327067
297311290
164041126
460582531
526747325
742217640
476476646
4107557
612810133
230939026
443080657
82983174
697840931
342255870
912750231
430159919
34229514
786255497
60650932
7091381
274391368
97183281
161712644
917053008
245768223
701328545
231640728
523061116
225337180
610877026
828388413
255699664
277705073
938158181
63183363
874056040
969144789
567704046
444420835
14829664
911822036
205737486
639793705
957894279
690737093
924021770
370654544
931605409
760194941
692390086
815633935
448003435
821703344
931181103
152128512
374213589
690361278
161538488
354652737
961160410
236893952
171289663
753828198
254366055
584709382
624667232
212055282
388578778
528922367
240344253
398452743
912900583
488677685
551014786
619402779
437365510
718023144
179720529
55007175
549016722
567899451
698273907
612215172
381890407
620159115
268337733
420202303
315414554
125896132
170643246
120647848
142539752
343875632
714231730
143985047
741460751
581400139
489035810
509156989
245639275
308273296
870008996
434637597
857717583
732375328
952575923
561167475
915525769
537207764
166166007
72512166
253265032
50695553
321249270
86417672
149694436
384639661
432375373
881584897
871487750
326808570
836790018
403575934
162101917
841064304
776061067
815942757
90318098
391126003
936228217
940363866
290137508
370018003
611975685
27360412
311182531
11365615
347464890
497853068
37491444
756866913
593916058
733585941
209486813
326986575
353988845
629941470
676121491
53108951
326431826
732470734
284727809
313823962
422208634
687757113
483041299
413766034
107808827
133419753
389651678
368290366
913886370
77066467
648865489
415978976
686116965
380584702
845711953
738614463
504588869
478639867
174019415
565477211
792606120
803390590
42400192
436883614
843223165
826711632
410298634
960581335
929512397
629178179
234687737
382979698
493788338
859882412
241188388
871029792
231550238
888910810
70679240
563057265
871513961
318800500
272975926
290146785
22471458
982873942
72656926
828434813
525081201
960809731
326542159
166767748
315591212
8031658
337498748
541047861
974310528
775767034
98250953
977598003
683821560
513053268
311786189
704571593
31925519
651360553
696463536
56505972
168800685
936681110
160753988
166199220
279319175
467751527
694710307
897160752
309188879
84510969
194766937
808214318
244700605
971521710
322608813
677105086
260994764
373941679
882685935
311531673
694421400
796480508
485414079
370405285
752727516
67262318
312452083
847397978
767489905
450098278
254117991
654130218
184386317
444239430
943426279
658418766
60596406
88489632
368350253
774360434
964875410
357784376
251965613
122726515
20696793
979249214
333334277
547873795
837732763
780345551
151374518
614858418
882620686
51086398
864205508
494482415
676190233
235176349
403207173
661707928
461422036
749134046
358731391
244777706
933029145
253054292
441790956
501183261
380631669
209155100
780247231
558753231
387240062
143767065
133361564
417897049
732522105
564679524
573847397
681444379
373121918
7063854
737178072
672810319
493354701
738339623
862376929
342866232
715760634
114960816
608247493
835477781
211004814
811229361
752871354
50486117
166678503
879778087
450369944
310723716
466381487
356732152
163798375
507872535
673824203
572373445
153272424
289354478
527125701
573783891
722608866
518309734
37643700
912521146
981111248
230494929
89850531
761544605
589681387
481253750
579968180
489399210
604776652
731028046
712600475
518645634
257468121
759307448
86580731
524459364
141682457
51302321
353660662
435644210
493548523
248822668
306446746
794397000
594996958
618765084
335856071
875234040
848077297
393781978
796620727
333891909
480358602
559754089
300940695
415282562
103166014
306772888
780266749
430047030
434405190
662178492
428907811
710589658
688329222
29453637
425366018
213245538
201912205
79219133
349959011
763202249
846372812
169365421
446399336
481769134
946423771
497987762
502154726
280924787
806920243
835686782
952215939
475617445
454247078
905985612
736573836
983360960
185633039
577787284
317630555
290064100
200194081
625725116
385001466
799999417
693599304
94342683
39245261
782141814
583759144
304475955
783958964
617440487
743641366
730895239
256068899
952047826
46248702
291303270
582790526
97860601
75993994
326417700
147825266
921100391
682847642
889597946
504756293
632186253
274810690
493466200
215814590
382512022
926587406
962274355
233027483
301936768
200490846
207067791
873835701
418636303
450276016
864953577
360656602
171592056
860259640
557312960
231640728
329892997
447822230
694012488
547351221
589526264
431545723
432462265
423444990
14421360
825001732
500749039
367205738
3073786
12413867
45302898
49174973
585102649
708608256
489277173
832906007
651511376
775301990
570057496
857859991
525766422
789903867
738787529
758690529
704274577
138583786
783444179
619691664
620349724
300543260
279567380
325588122
192052569
344600750
939120518
21416222
913623004
516683434
928408014
2977569
682002321
241302239
362428728
389788777
933631812
390523838
187896728
568726293
712810829
668211413
800922581
851569281
743373050
423299193
129795436
572829564
506066923
686998196
867270236
731768115
630374882
570233898
693971636
717163426
524167053
571445567
309722529
345540803
813579584
488613532
478840146
245567969
280716056
967561736
15056980
187469177
302526139
283988666
538307133
93546022
358587168
553960923
633584119
533319543
616795591
29061465
200394172
74037095
974676083
81201846
306096725
752994124
800936056
583504333
759784328
556126831
631523942
982524719
468010086
254405719
566897035
853332673
261173954
738327379
204995538
819715144
729012736
449278315
849234451
316349569
597977422
667637299
367666176
512688565
346795281
320144848
138971026
304230300
428907811
985822998
777823532
383182892
442607462
567770769
907950864
690361278
811594477
941494403
894119950
261991078
232365127
851062557
705621017
133416441
815861710
268626789
296671957
715633381
851237354
206473846
567051459
628591759
20756310
676357231
180493224
161112294
650113067
959443873
563611657
746688434
351190398
518645634
690953716
722078378
5798676
221397874
228753902
904452637
922939762
470143196
737733226
631013518
735927888
527643237
309785847
58048815
398381680
4622089
332458355
707884576
51517177
417781904
279553594
915864743
891895572
897310609
306475461
861902078
388473869
636502340
597078886
83649216
882442707
890687549
838165517
628355502
519349813
855901013
522829779
369832108
400573760
503129321
847853335
593780859
9427024
34821112
462585554
661507515
457651464
356328504
495773872
330282324
409298102
399740229
786678515
375492103
101858896
36470189
485996059
452827176
803402159
64530699
149489808
58731840
911587154
923274719
769464176
514989782
125585749
4153
286908544
874308468
43701040
249992918
699066768
480342112
288314459
495687525
430050543
729716875
452659679
511442530
830672435
539894588
575135318
803681623
268617193
437509615
734812720
269463832
786878346
200394
293246357
739478645
496062861
537862124
597820719
37830096
411316503
651169111
740385836
255859143
200874002
510293122
916496944
486301560
444445747
279913239
191318219
696198738
493308946
914266139
455448471
789903867
407051276
423973564
904281879
513249379
12299973
685554448
183894558
32281597
162218923
278791559
437467695
218655244
935201621
331908641
333879842
590737999
547260924
985868295
510587724
434188170
578879232
430306546
105767865
729537314
906375629
765469352
411597453
727659736
587473906
405028416
715752063
193948450
916425696
452018833
97789012
875385073
298996049
593173030
654133575
597794712
247918004
259560542
107405941
847313207
724899690
208031225
355830357
196859442
125858648
719413443
237362764
729560676
613738990
819276433
720467211
449918576
564032196
454756526
546166964
274998100
514200065
246961028
708210228
431879226
83380814
251452878
420955642
199762264
578495410
733998828
242542511
76559496
871487750
697891835
900230715
230181972
72745997
357587829
150439882
378176615
440643197
880501331
731817567
228543864
866288444
147717399
132683109
599823357
777256348
571504346
226642395
128443265
274191063
934884374
457375952
262262327
556556713
648825
552701658
361556048
715642035
820996472
628751981
864949932
10807513
746847199
590125232
677333903
738022496
92390894
423994745
200891946
150611667
154898285
1717644
655179871
53600010
884165399
266939477
253089703
131777321
370225870
440995273
879961359
346124404
15439565
593126423
752927260
377048025
815362760
484509545
744503106
147384714
80032057
781459904
680861239
455005915
853986022
951862758
118975456
643990820
795740597
705901688
90710432
514381158
523422869
332717748
394057146
844697705
111334621
758683860
313280824
657734624
127683559
303542493
777948164
332817814
316395912
444176821
47200640
88095437
728565522
408290700
141388626
394708308
550769639
485565841
95421061
749046350
768555319
29424347
234887825
495811716
852057329
433212274
506084130
183969246
870427127
316073466
874622883
306117151
787251408
777626348
796621704
149038931
568393901
547260924
746278587
222442893
627204389
770880497
539463244
309098679
637516885
27051867
52906309
850760385
279795101
719849763
986163864
266437673
672927774
780297101
747638651
957491990
657329134
625434231
401717584
879369366
959750768
677055019
331872119
119589736
641603958
465769935
87592750
329277790
971400141
860298101
425646227
282176172
765141077
703070274
522512010
677960602
712329114
266026722
29424347
809207423
438698887
127720262
130595224
954123011
318302564
477386465
676147930
970136868
827331324
136060007
658878696
760059723
864187428
835651274
848796654
791670618
931005277
247914453
915381773
469015134
330768402
505852695
832725130
294540594
300300310
138630944
794447912
266603753
883491948
231229314
619318890
737375186
430493432
25085852
237090595
949909384
763579519
294333213
296854655
65338893
579238508
597130811
180484586
746049569
443438953
589425379
647570882
943893726
351109056
261911356
698704493
484682045
153647909
95497166
162591112
259659263
905985612
861688500
32286961
672894847
645926687
945583776
354359160
542264378
630004899
284765652
119213363
819614394
851085475
837117806
507536956
504377455
337513647
733795416
480358602
764239640
537801863
846605132
642376945
117240628
692002270
788196394
949796714
215241143
101599946
314570995
881776257
768984296
812937452
975335830
561447817
599444510
1534764
927410000
690231572
522380318
525918287
386362023
650332399
336512733
651156771
350019581
95945766
851322135
960933765
831514816
293886141
452682592
103121962
57360083
853321232
565392307
230068618
489584602
840919621
847484223
792925754
803681623
235706441
652176845
339627421
211777449
300318578
40765999
748676071
300264493
13180320
982784684
425748912
874479187
531080306
680683615
305142307
600117337
767519122
832528178
602243965
919570982
262238397
749673127
26370481
215519060
260353816
973889669
32730111
255813317
865616193
398257718
146238504
654552621
391744782
92604751
423266380
686557046
674311387
883148992
42378405
946976599
949161573
287641353
294935836
445394458
395246207
500907401
462130691
932604623
914747931
96152880
185283874
703322598
690084507
27668993
965729439
155579360
561278509
970414142
2841143
44818675
420708483
56200388
179405323
857470109
269922985
754916552
831953047
840436436
51132465
4153
766485522
660261076
127490480
207799860
47488784
950233317
510223458
98042544
261029211
602321205
470807322
51684327
492951585
304217879
221113331
467075274
261653766
153930897
87795193
834751320
241106532
166414624
56457994
864949932
239271734
391105129
640619154
403245186
504401645
793457139
597015665
168404111
96712051
68132596
350019581
518720966
378900119
502855345
516403639
224184221
835631049
700697884
290642326
170815265
210095120
330676956
443775522
648000576
668893127
503884105
967400042
282357498
71785364
8901605
567359759
983215109
71298802
484392557
431774907
398117612
576944174
279472057
102148853
8686972
962229081
982180925
414524057
363402566
814800896
819107526
873213367
913985096
937554779
986397660
899402514
210410979
865137367
786673288
100754597
318066895
646303592
936286939
658841183
738694279
872787433
962058131
958256544
339964705
449019234
368966414
151985836
257779627
573427784
395252171
969559878
417894681
37120017
762100701
22002595
217788367
210424026
313901282
860071402
209123100
811398030
599476511
691876189
14783810
872474231
182000978
51360097
102295022
749546997
119949833
391126003
184028787
918733963
941165872
722902103
312574537
6311778
588218875
176804344
241416616
910012410
528507068
180853345
5668781
607255635
940083199
363342244
934784352
401187703
675913881
2181870
38108293
888644733
529821755
727659736
347464890
31869370
629238029
735306583
680535274
949643908
323075530
851434070
367629562
101927522
2268984
72892160
371593802
886480282
26168537
296569653
937025748
313401093
207366446
453852029
43804078
355192674
681659045
613753910
242791014
697597483
757375374
607921990
437288972
569394598
213529983
526002881
346061591
225401021
199090585
958114856
700832728
882595693
858804880
784107135
763682312
569232315
122458652
437896160
959071023
620403745
399995270
196214351
878808979
548709023
969280783
825356766
599646790
389463360
134269016
568586238
897298005
533565215
50273822
314355915
64447411
462015314
787821560
112745102
171648072
961130950
915232341
517621080
810701787
864403951
285030912
879778087
670681202
170490479
225587732
971069268
951564380
373667207
147484517
82081687
481817066
574231768
215400978
918425784
194733455
197203584
263611465
875704019
480891541
452194400
582494416
129322948
859705017
144706217
110465465
40837184
204590407
373399933
543811201
360369004
27846734
71520178
961640841
140669783
97226873
252008680
878355720
570003577
961742557
175220679
29051859
494784212
128709508
723199985
106961745
216963839
886039527
721611473
521372000
180585054
347020935
223489157
172523425
536182209
786910693
441806970
704412667
821487871
71362304
284708718
864207784
737783165
301889291
855163352
643098867
607479153
893450978
537875107
19986872
43976551
275257400
259283516
794366442
306924887
138762428
760921290
93238033
690751931
139253338
324013143
881244929
492462718
645546155
243456095
409806480
94510440
112411325
943891808
511147648
489855189
393836797
840371269
74241411
39547667
671078949
101537955
561447817
542436574
432471292
689665557
984706145
605776893
166585032
906746673
720959044
924199908
561257151
492708246
541046969
266911573
425462742
340472839
763077103
160378672
487375967
537914421
174739870
165766871
259638682
354564368
703463086
508054604
985793319
980369869
116752497
463544662
734653740
827315807
432982257
396017213
822945603
935583873
193435145
949369614
744874109
861317539
558939967
380442931
49749250
951869703
209408945
572622538
468559721
500107931
932502565
4294564
458471726
67328683
595206452
126077567
789770978
591017044
232303145
482136618
390189357
323971664
27247449
574859463
735491930
689718735
860441893
828555583
860920056
560008147
787303894
622258959
26537
937075359
872720126
667824638
215213740
656876417
524060087
761006162
926196409
786910693
359358837
282449024
672770713
618721588
371374298
98264827
862873320
294381057
754803337
495949817
802440623
250273437
17091697
343767402
894654985
583233724
515156760
616190145
75053555
661189333
155236067
680312011
557158107
443428979
189414296
440540379
603120538
614942205
861736349
591554149
927400315
84733295
871885651
352777484
933801906
210796416
911543925
526987914
132836677
18722230
424364468
209542982
621284838
274095433
981121804
477297232
16415593
979584149
975063567
641296822
664895405
691385628
530044845
676877622
267009743
487375967
792982352
490281606
936279001
168866935
444615098
278434123
97384166
212775537
42221064
733043519
648619259
165869368
781723056
144569997
392164580
6558506
954518072
840883205
876826448
485260759
101422158
170664517
543832591
729576640
656185600
711750614
891639519
295825068
859671139
236977983
230200569
534938945
501940130
576451339
350038736
793044734
480598409
837219474
477547823
366095282
252798361
550562993
673056422
689923360
11530675
174292495
267604827
538319408
432276841
40997616
901225591
146134055
384387945
706258103
947690308
856328582
509019021
248076632
125328580
489855189
637115397
737887609
671874204
642668918
863205279
63082316
631792917
408133610
376469053
449999892
511168260
962160826
165129260
35614032
597932295
985643603
985741742
399567001
101858896
686994110
90860
675592276
690933298
417669745
360145884
708959291
851313533
222754268
207458724
403532751
984815871
710458255
151981810
118566971
558786664
145270265
728120183
47900724
382593331
574974576
307156370
250121786
966799014
487840503
883965505
542026956
918647133
500337453
882253397
555656841
176294081
237891385
387032184
685843347
142743156
968162877
578811218
779367005
725641928
658519785
54363780
195132456
357587829
139356863
6462324
871479325
360145884
174409555
610577174
26843937
937184922
530793772
355861768
325136810
492464257
811846700
598672895
9008620
588226050
481261759
35700793
510663391
228615211
270836630
884796593
48165823
432219117
812417577
292903744
314036493
600511159
780362594
193252057
563169917
976888619
600060107
498009523
194309947
608548236
723951131
696179388
831171818
99497724
870893909
397272957
432535350
592388306
3600334
620166210
310684280
694139002
875699830
186020931
465269127
816041847
88311712
676127274
515503688
151815973
8382398
193497723
851085475
234003506
294455396
102917742
140877061
81903286
827458725
749149425
837522823
124015636
931741478
760751408
70538231
922326474
54161927
573042082
106961745
444075333
779005969
734122305
172633819
975420804
859577602
40232751
918135843
306383250
734640848
779885689
934615115
688034860
387980678
246261488
263510173
932423692
811593581
398493694
27414865
657002026
520612300
218071044
284680113
114469358
113894074
170470460
50132390
600770946
93454259
616097131
789654648
527521919
840130613
807592030
173989647
700664647
943843082
122343706
348248456
571793926
53835044
403711940
446165382
785773086
950168577
217840359
436624853
662024449
526723967
784548981
482255172
738639090
898375143
550988918
195943921
523422869
762856807
856233806
885442644
370630565
620882252
710507780
220823169
523417185
252598011
561369049
570827299
8859519
430346171
313420036
25699952
795328848
224087531
259050082
557533212
450279072
192693692
183619213
340904113
918623452
196001036
966477073
924581647
683415223
145425861
563500702
203781762
717036696
249754153
686615126
103359992
786027065
902212096
797000899
757909340
403997755
730550854
657968198
704158847
367501923
162078845
231572733
698781352
543832591
970924915
864368610
355522461
982310120
832723766
463734928
445394458
614310684
828434813
375457192
59733005
636807228
929029362
251465233
767847648
85010893
133507051
551798346
746594844
251444639
130205217
897145115
205758939
75907394
359497097
643211194
290297809
869424297
837612415
236711027
600208911
540524902
186104005
726183760
282928202
948178730
135235644
135350931
80465373
37141011
288139054
486676608
118062340
857269030
872229515
914634028
207758993
518989961
626043444
347116607
751085258
641761217
680739721
958080865
394041336
478698652
197073670
423446784
475944287
204708058
892706545
227201645
581650968
495507093
194696996
612398554
763613773
677521473
580332033
939606528
312634681
456311838
292869404
436593151
791434626
316946002
813167585
332258460
134798546
456134043
973195996
262800729
551166335
276204796
367027313
250221950
665974628
820652325
744861911
115722614
789997289
584508018
334592706
823122364
666915771
604321971
39175329
739418748
659179869
909226073
967733977
16173297
700723003
84512899
437509615
781913364
355007198
134108599
316642910
953127064
268993465
603462743
147538381
455181454
59491488
244346663
392494957
773758681
27884480
690757049
787154460
822219306
372875131
424877726
325822266
593352478
41259916
751945633
330900040
972160369
620008093
129205763
399505264
420373194
108162956
981505368
592445283
931223036
476619821
894037016
201067307
820193793
844235460
314842852
649847253
531068106
505535326
884412706
115484890
248771784
666983342
133318160
614562493
631150618
881533783
459087069
753565004
833711405
934686016
611119860
365292635
592481138
394616611
142519211
777659085
548764834
830041679
376681192
532482307
701620215
939828158
952464146
341276019
93922549
685716246
524331912
876413694
41567925
903524129
481253541
447403864
936783640
491815939
842175096
842356856
524331912
834321315
685772564
786125017
244776106
306702345
968129963
550310830
569941297
115055322
931365366
110087279
666001138
369832108
612093909
973322160
980743246
11783223
380888046
702479876
839143993
6023764
538724659
887832657
311916629
912144293
243586200
965973731
881963882
359458667
130141031
103578950
803600863
164038176
671347495
109279427
891668713
496764429
767889396
491947377
752934739
520761167
385549946
950702624
424699396
132837123
7272905
859705017
621276688
534754393
275437850
169268480
923226157
577432313
225224183
254898214
554565488
507597162
685180609
194422334
373662530
165835219
901172621
8122768
815819007
852553991
730165845
564442652
500009810
846949713
906773325
154180774
932604623
334636527
623487794
101705167
849978275
783886886
106980683
569375927
576751323
963942242
818238086
90290749
262889354
227233985
126077519
804844015
528208814
860034518
373931897
865555443
507566043
176079340
129963050
766277914
159466089
867002341
487779858
37591702
7307134
948592297
24651549
677965350
548379189
618706485
111127528
280864103
421788625
640797494
604099233
374724795
877454799
191840452
545115594
720147937
596666232
933992996
879805702
456830057
423555535
705377170
187000771
562560273
923537870
419663245
130723359
201756583
955753360
820279939
887289863
923005457
380537007
838643685
758469548
635849103
163868656
551362909
642986919
274110439
647707313
738643075
51506081
238861717
429297456
262067205
415120471
915683413
539218329
845598882
112286668
981697731
625757226
433325812
948696351
40088260
198854057
200115560
531423764
442167738
659029663
541648015
2601083
195444306
535071848
801464664
912848456
383882491
611451274
907452528
616059650
68129480
38251246
273347421
758841421
274562117
151529163
788018954
496615117
741993039
211242277
201652623
183626074
554627058
271669873
714145952
47900724
565877370
23583610
631026592
846891309
467600623
477010521
756699536
261778771
670462110
26629783
522123733
752122058
886807219
373206796
478432522
830682647
617011610
235116115
511541738
201566931
387199900
874740711
324728032
42296989
597000570
769536274
96652812
927339309
116810914
865186385
437886156
577746940
857032957
46331336
30504301
298308331
678606627
476250278
627204389
114065419
507360730
886780001
158658054
969246317
848425123
552219640
912326465
891014068
694001426
25176564
534896402
312424993
969615551
16171374
189972656
903692059
338427113
379008575
298878761
886486551
43990343
435883219
165013371
657457771
866500246
560751434
150884470
473984363
321858844
78807522
442007290
879447359
160671504
755285814
611118824
469041130
86592286
34064725
701995975
300960631
747812691
957731773
118294953
690194874
495952270
288682014
474271605
242748268
589364390
407634171
690447680
16609464
116379969
26583766
712053911
468043860
784729943
930228207
959335914
349409223
257462972
800933408
441524438
261904305
566784153
648650759
562529475
904586986
263498572
259778023
914526985
598624971
68290054
645572603
679494112
191199146
279588899
402886793
860026824
588812611
228638366
926589112
706846576
781913364
279198884
948152379
612215172
219965053
585002626
575109320
916229169
443759730
617533690
816145425
278943462
589234337
381762385
28964318
698273907
402514330
26048730
567725298
922128942
83039849
208574253
204765828
421333668
371550967
624779685
715870331
975115203
950166335
384438536
636818194
688923211
303066093
915864743
952148726
493661720
195244182
94364396
597473585
826363851
867892788
139106209
676376780
167627145
795853198
890660826
664368781
710030342
799463179
283239216
688407784
527069873
442546633
195918359
947546141
393816106
68824544
771489408
316073466
105607804
879083929
781565307
680861239
921730112
862301945
129632550
465928618
47912160
840436257
139671668
218911649
789492783
828590917
906613800
969678540
931821323
405983924
145314186
679958878
342348014
511539787
708081829
11407360
642862537
12694936
625696906
704464688
890968958
406929808
421309749
459953964
115446306
23185468
933500286
546854623
309525917
588655290
419346844
68329761
561910790
431260938
728828263
413455451
522667892
97233966
951564380
259451097
77738677
590316357
649224708
357331890
350133234
472658431
46013544
723113850
773749806
873364218
803503500
357298208
443041983
288679
811086084
361545501
320115061
430287295
614340639
675315126
234909288
950540828
38471141
555853842
549192987
814310669
620350659
540822694
862149862
187274584
400893965
312823249
795544560
152079691
914625258
915809384
496757137
400775491
263662717
403701761
907387674
381854213
644162094
140120692
296399887
831242000
370952327
629745028
690053506
94006481
921267498
580341853
8487588
140267335
861743226
325868992
321198341
258473561
580342985
180667187
377935925
10011725
362357595
860257517
704972408
23662320
796897424
850129541
22730505
879419327
181301087
753311440
863694454
47623485
742510903
417938722
730733941
937554779
958675648
771489408
620557366
295351490
846142154
495396453
944483505
789352021
161195580
200458337
734572203
762867234
367328985
907924786
85295662
736806614
128517571
65224070
75716169
740043263
384026171
726746276
67527861
366635218
665706163
646444431
618699302
961604487
328721653
325342447
358549799
626815325
206143395
874126995
138971026
862480992
848774303
821025790
468960783
619980864
714614718
378380046
802320253
532736670
126952009
778050379
723766020
616092662
964747988
156003026
907550783
593203801
502320711
527851314
494194444
433087861
846112807
404243988
39141213
946186982
611176880
532640995
424850673
717271569
218358478
869870718
871546143
749666431
940569797
859089937
569625222
37591397
742032035
217555498
27610855
736702341
191025693
912770226
609803763
434340441
72101756
20950673
611467376
539732494
145923177
12511024
650593852
716130270
710860885
78843131
908340307
369135529
779401455
461165712
495415118
883051148
250422904
906086846
763051283
786490525
37598217
98455454
872218827
771501217
912584224
951564380
544967407
257657936
61691318
741563005
732130524
851054019
202185919
273725085
207032144
778459620
535060544
199220569
536288168
492811079
209705786
75633375
789308425
963024914
633233384
831208022
327167424
891014068
419181095
248700118
469302419
293660563
970421307
787625168
418638059
910225608
89692060
727083684
721721274
604893285
938463612
194080594
647635494
917939266
68608436
134107939
882504717
914422097
767889396
232464122
439831931
667932672
125268541
736495254
667536695
896697864
967733977
951061609
123633988
980968247
202741770
360283452
677407033
220918581
168601619
235227745
111371417
410508583
275001529
881790015
158359384
956773233
199187744
59041422
361827344
790834428
931489877
423599482
544415715
844858184
898623865
815485017
294077567
345376740
545399770
830177448
475896252
873090935
5668781
264496818
382577423
834828541
936274537
38737696
679931409
382643349
820061301
347020935
614679076
387832905
900529747
929979874
68921415
868230126
963005246
604734157
716254116
785959877
172579999
212334220
789161471
12441926
898365376
675793096
298080719
294648664
165212108
943708626
141563364
804878000
359395087
719098399
680041387
906234204
610737922
165689262
26967424
596608639
312689092
390296255
781384869
340764402
539530788
713387312
848681345
40731760
179248810
256772613
797741504
744503106
624609979
962897756
593325306
19917819
602244922
955141541
147584341
814268626
455807848
661713218
444684629
617279341
492718660
202871518
44830345
883779482
977567840
433910166
930129582
208666281
255350391
379951262
450497117
790857411
105155919
917856389
738291807
291191195
437304481
163447339
311749461
272467269
345012107
477898868
534731923
800929976
388930521
817344448
225489451
258793284
838336518
139548778
939391119
19709391
511810106
637692023
252476707
636835692
935423089
878375859
465904231
96558386
746276940
82733293
706524939
237173496
203321879
256766449
615400643
406440089
327238681
44323144
462376527
974580810
851708521
908446518
640822448
583124076
822688993
136023681
209539070
665772304
363212929
869339204
365313395
817175245
270585977
696577382
134396588
900137605
651713353
777575339
20685149
771552087
17342636
870611389
318120114
107815238
724748507
732821269
6923523
71189181
152099673
187954987
532371260
37004883
860319628
860172511
491153295
777638088
730349867
95271741
447213553
358333627
365022705
573018194
100325253
441342732
865009412
27648986
877139715
105362916
517405363
199062072
160812354
248116511
888279827
664438419
784211645
332911395
220860981
853872195
533176105
817881974
798492149
330401093
936001798
165410655
113894074
585767405
403575934
56200388
827936656
720449159
150761879
646936465
685376950
694673214
58867733
243166339
109338257
921362684
303567308
408918071
484152000
975240212
106537591
10718814
703992818
190487120
873437347
409996397
270064694
188511853
768133264
546894071
579017676
257062569
863694454
422991651
777695501
783055211
201145685
190441581
875279207
607325977
645546155
340472839
926663501
291970610
651169111
78939442
582951870
120147921
767984722
432297879
558830232
580589133
721021418
55865703
211929428
394427729
485624932
753100802
500388834
833781882
848607948
859102148
962025319
957387835
819334002
499747229
458716540
175248804
87002145
407413733
408005634
536182209
159732968
265924685
701204193
334912391
865194794
525063620
210043259
446998153
117374495
357813117
386173882
604337291
794850186
968594319
917937959
620050811
649871147
457305129
43839077
675990096
184687353
345785617
196536926
312901662
158035532
133684124
763233188
123
507764383
870656528
637024157
539858787
582777570
128575291
372645371
718120520
310256861
908855714
375738009
601845050
134740381
565162696
771543924
886548239
356110796
974818102
804408500
651667752
243758633
653481619
528577044
811190352
975810718
930721118
757961477
109874464
982352808
387128950
869665644
501907705
754252851
386546202
221013030
141745466
814786260
840272787
529259975
16961514
474389084
680783419
957951511
671027338
314989593
685163361
258861333
477436354
587674295
703576851
950648732
971696731
831094110
426406816
377821437
263906989
908284423
802873703
874126219
984654312
748182171
684063819
610708429
51506081
27852887
797510086
185208336
668789391
953336989
831716178
644795146
314129091
160502365
399797822
491457025
136464696
523222763
137504647
544028029
514340798
617590526
874126219
880707447
544888201
447110477
791073063
858012411
706135127
657447125
801053916
234882966
62172009
684411534
476298159
815684047
600770946
725161084
936555428
797706004
40004669
631789823
932810759
386180693
608763310
402618204
289673660
976704118
975405389
832115340
441186099
63592452
411408535
550548464
640277930
102757906
648168294
442243756
854031349
947550789
751762227
943740846
640277930
275631373
171973683
336970995
637366869
410552404
593222700
979180354
456827101
273271958
310036336
630112514
945940406
928409088
747939368
4919014
21458111
141958718
426642397
494983456
309685014
775268440
583161354
507538556
241150464
315778425
586200167
619181888
822634569
112569815
783372121
324103485
475985414
34447569
79633844
452590774
779426109
723151314
220851170
297477463
488735795
164973809
580825918
283335719
774406913
35543295
465589146
40612498
696517621
854760554
787517767
827284689
112107338
686068550
580020702
325298501
480083629
924136401
37368410
410108595
571793926
93669254
155265012
272209079
780138472
54563512
763600859
427997101
41686640
393410500
66619830
961469090
374283917
559176429
14968022
341621695
919690139
583172429
693147493
560783854
428078885
736257742
582413092
169289574
891671063
664479784
622086947
483506620
494377204
629115246
140316418
776827567
209366075
705155606
221758256
152166376
337928486
956414886
234131906
762665869
203433703
204404028
598623876
459321
203990284
306925727
842507980
743002145
702467376
261914932
105812329
276239121
828658321
930914140
435213465
26419894
951638192
322869853
796566276
43137034
534402401
190304335
253666483
341892422
898381997
180072655
415032713
854652295
584292954
580999952
36046685
691027959
110945484
595908975
581619182
842294222
190946790
231094706
432488260
443585636
151975585
42866706
119188848
371070957
123499823
215855394
661305071
75228717
657818626
824478330
840285207
766208958
697914207
417268703
162359192
93698953
727692512
168436822
113675161
48175881
852619982
733177366
984475546
519021127
862028485
374663086
713237958
526751586
431762868
296445588
94114611
118066632
219284685
494971098
828061190
849573233
779218652
885112707
744184329
187159238
6673974
276172042
706892537
951851065
540928316
85374546
159478328
17387107
807099926
379362079
125344324
984320442
705532328
528092448
71255314
156681680
489627886
152123108
607536447
308214317
692387664
940345068
132135677
889230906
109421874
415747938
190013520
652477671
457759780
290474926
717310964
580752627
454253881
410319921
744657171
557956865
1731821
348095553
298479132
588802972
134842737
436149591
714118463
155115180
862489182
605224265
492236987
930757586
270074932
357666030
766497264
784211865
418096693
587952511
781459904
364709585
311970178
148310360
305403952
152455427
620048147
822310014
69772275
360274637
381081185
720825090
258662109
322053152
263274854
375117445
818945326
667386673
74429744
477679128
231842854
22648533
148814491
551419281
135984695
647842001
609988944
815055570
449711915
322619896
413491790
526782023
633883748
334867007
884663559
460317855
913003888
265010869
334107009
908074483
201330529
309701141
765264738
243045064
20242165
595778481
8016712
769005304
534297947
548688318
386339654
925022360
154296873
577093411
556101285
980439914
445302568
716365407
367325916
142874237
945294134
860381537
531157661
216907441
841896667
739930632
405026315
11726189
892813637
608919853
373814482
211159593
220353462
500624535
409996397
8289082
485953959
500271716
263776934
259612957
175260824
915996726
793216273
13632286
596318990
895142662
716129910
164567478
475595813
730881992
800514995
722383090
937610607
34859074
475857598
894291278
208753959
878304417
798729872
6090255
791609900
681759410
69205674
116161481
979606993
149209824
880047188
59821997
403254908
615510829
338691127
970049462
119270976
697468972
148232459
523899740
241289188
361630610
500145411
929092537
488316450
4570535
843596148
598084560
944746629
832289925
301307358
984259351
730554014
682968264
246497136
759447233
559681772
728936602
249347378
199404672
852404081
764518949
156433688
131642056
112787187
307173815
972160369
168660158
140120692
817555326
896890473
87487393
589404066
921267498
327280252
88664848
651184732
44323144
433335816
168493649
966640325
388565217
659924613
68589225
906562828
428560984
122038008
648759630
938375062
18809387
181568451
737204249
496348721
967971630
801181199
468078959
602567049
329951623
226360396
718116116
211520923
775451839
625167068
907677995
451744949
843711164
189866080
397445499
752363143
836953717
568297148
953138075
583004626
958252824
377162596
353741594
352348415
98381006
833889300
590076307
156762071
607820362
768768672
79655776
642376945
779885689
595207076
642372941
29489681
335738654
758786471
641709007
551279261
417391136
212085232
877406509
477961519
866723113
610342829
965687632
979918496
820218883
651015939
688111314
933538685
839758119
126254259
523147624
587383444
343486295
963689210
449228655
978221961
717903741
220916824
350948376
149244236
330575607
755197271
58240497
756843980
77039922
956158635
147955618
866967508
870537826
260427232
139010792
452948494
749369032
409413472
666645374
362264337
392790005
650755488
540637112
752083409
128792649
325342447
901706769
647408807
193028497
415650764
600914162
115793669
963459527
110209694
915473939
327085716
904910849
909901441
212910431
493686730
602683342
833101562
969280783
192985218
216532544
139070769
417046
214312710
635002451
909767946
621475076
188548742
899274589
579262612
766802378
205606939
323394900
522572
480599958
781531144
354752096
314105271
521205905
405391045
668966295
706030964
445166084
631275062
119775288
757671615
786637000
759491225
724435189
541927488
846190845
741594867
368176241
692151182
900406781
233077741
775070811
79783297
708210228
288944687
664491245
522114212
14640965
346612462
138245870
67619378
704252604
42160371
535540430
760154885
559930120
775414250
169090505
321169334
747345865
499736794
888818413
684416867
544531571
206495670
278822113
244828870
112669252
406151599
395427490
540637112
322198824
449229265
225519551
102806706
469569947
53789198
515145369
218870750
16666226
466973005
885349154
779590453
96024563
876878554
530355474
739826773
730737099
325589906
649984749
47399658
341292616
631171546
360470968
285408827
295660767
125416495
240210706
424703425
394666020
768909199
658742278
778991796
209543031
147479605
640755704
115456027
228702791
364705306
889529211
698648313
2449861
374101215
9942360
365177802
87696680
34547387
697649960
343810680
751419130
808581280
889026980
788955664
80984891
617638717
759444120
528727478
760288686
619880046
670939070
936226108
824068523
592543690
579931317
528077515
418053229
900499592
509719120
587440236
380541461
568153568
6898716
778018003
301204688
668227041
907110221
133343743
713115709
651718991
880724069
693628915
250816122
906816489
77089308
798970197
580022356
638682036
398737949
701294429
864116593
521065116
551433794
625413476
935963179
686743725
801578286
717540700
939295825
427111955
291952711
431321244
78507821
883967541
38015576
943464090
938279474
48655105
282079300
819189294
602243965
959256706
47770131
219779973
715767801
99481688
733520044
421068400
725218843
891575305
124363315
434981809
976095636
635263412
646563714
249550531
54368918
848526984
853525091
706943257
249933127
395715535
494382757
479019028
501119391
250023863
655433454
794385780
208348306
293936920
198687771
97153370
714598167
964995076
204004109
237855121
826974848
425285685
767165294
107718791
10781736
622289763
429531364
951768691
343735781
124491463
927694961
305933388
440229636
686743725
482590025
140696029
193432007
356820771
886069613
870910717
796757832
385710882
40778280
439371312
630067101
739645037
613973666
843835907
541009225
824559022
586572158
675742847
523402325
365349054
975902675
317712857
373771707
138368054
709897870
635334228
84214496
69609227
321379007
124830091
12020422
640800858
45087525
384420885
214397289
763303112
523147624
344862831
519610582
566138993
276906693
306392941
266713971
936376297
595298784
721898151
274384252
331933128
751883779
68724127
702392313
78898192
787428624
888005072
929789385
583172429
894822767
577394208
247565365
721918380
83646142
44835582
634773355
936837213
879621521
3906387
652935910
716983310
909312531
758992120
732667938
649671082
847753354
748619179
114145396
695335407
972047769
228569895
614781581
197419297
906849172
103285164
830718407
608229936
747631265
950190392
221219950
763986206
444635259
438041117
929516167
48231093
512454386
69429623
589682934
58850878
471042159
7775416
227926283
486835253
973889669
13679841
642759842
691323427
28106596
727663651
272170225
33148865
302191439
165936415
449229265
319466141
557120687
24666054
85968177
218843162
397998188
875257090
957522931
536705283
544773748
287107368
781588052
774641045
679498333
151848599
837218329
132986503
630465504
898763232
217837811
558786664
644717088
953154505
535353781
302787530
604842649
301491302
633270584
658909156
520077171
84853142
779277480
499640654
788075028
188991980
786364858
432379449
826965634
730387618
435819046
819502551
965916930
646604566
588901448
782072724
165337188
484958700
584988064
510470420
985218278
974108944
450312218
481609865
541878906
32746877
857032957
645638975
923784733
467204854
85470608
733520044
374179471
898618836
882675395
333918349
821451588
704992522
765103637
253978883
349544503
656185600
783544168
81272316
955936339
562538353
732120726
168122513
369823329
751469056
166319328
984626842
969559878
404792853
254419378
88053279
357956456
273347421
373986733
282817016
288367853
436903757
402459568
896270882
380977602
267941891
798460436
154905025
420311473
198257811
251029952
982815317
394867878
733162427
361331371
500607265
271723809
164816804
981309610
382886667
915683968
198936297
668194225
555210177
17971501
168265019
930909620
865682332
880411435
188071607
285842444
496062861
813037239
675576617
460813197
268107538
289766291
473886290
443613810
586329118
52640243
679559985
212029962
696450818
941123356
623890833
707448507
707359066
501523790
453118588
245802389
609411049
251833349
520801296
412147247
92859070
128427707
314312366
966237400
776941794
964056201
596573029
164038176
37681500
47833576
609392178
87990175
458454503
636400349
746688434
129219729
56093962
873571869
54674685
484996949
912253458
664264423
976736223
218948064
804326768
157103130
347829073
896099905
232251215
337760742
130298113
738153133
245802389
698541658
661082755
363950977
67030032
920540967
312823249
242728470
205424963
975810718
137699887
739589191
48797730
938551454
658842475
26419894
547375224
959256706
974634666
119979431
167768272
554367131
285447321
819224413
616097131
546760571
247428448
347419934
453436887
485633394
643969389
957850456
916739643
690504433
689453818
809781573
366149527
245987508
106308602
907738763
287109594
954959247
57605358
624796588
151513795
823602941
462261583
218193562
393453796
959587610
398539653
627204389
974242802
512688565
803070284
19748440
489891545
199501778
202458839
15861837
481984424
151005438
97125247
176738888
598133793
746613892
964773145
965003449
34285902
734306854
428907811
840247697
982414739
225929995
552778736
93092930
225854547
741561645
369572474
268427148
224099604
357652465
442720121
835734411
102270978
952015457
407806680
924358886
707489560
867578726
584494082
829641812
76465645
378958583
627533063
676736846
592341771
663394594
381762385
966477073
910288155
772121675
24274625
789649055
843828451
150838672
716129910
687907051
273491926
199664294
121012104
942018985
188071607
773800051
274045194
489188378
338030871
406849441
963368275
637868576
152184597
530722417
33706950
694941430
1213019
101870554
837110303
773200393
432069111
95497166
861692095
928490496
774076830
714679723
328667287
456954347
370561266
279951650
859013248
638734380
297489155
436695934
438685037
789161471
830263826
957958318
358614273
968654735
879661300
832129608
921279349
205341521
508519305
316878178
469619517
931682336
822476559
449515603
941589704
629209725
235944377
738275190
203212330
949991916
188332346
885822736
789830166
127513346
367027313
353849621
473676785
673047718
678971015
256811199
182387478
545362366
965252118
244700853
213045734
594526658
444801972
299113815
900217396
120803457
737549591
427030601
167809295
74588700
713559208
306879825
415978275
913243454
833463681
91191647
366652792
161091405
761544877
408268511
809347208
523284089
739608176
317538438
32915284
569988218
354150138
504708932
218140736
929266285
756768186
23151528
566636858
464254798
278970247
656073369
85535719
780570418
752078610
72309923
286100699
874317744
313787349
151195286
473594365
128219673
690667605
416674177
627556401
714845125
137759303
969666157
182307380
719113545
769854260
483890033
493366135
96045541
549748183
956477831
198982922
460186211
532449106
843089240
780534260
143922976
661670200
870413330
19405521
741259438
549116298
900964014
61388365
965495874
887581583
27368588
453419572
506599841
16696629
236871910
216614338
807082924
273214519
779631017
614950657
590982906
315806337
852664974
622573543
602228542
932759239
270847578
914426439
10313536
854761923
648412162
520668539
702552922
228980525
817771538
139744284
603319439
290981693
912909619
649147239
283594979
568560893
805197166
623866743
510355650
563868506
715633381
831699751
932604623
560817001
363374787
285258376
622407781
223710072
722719194
369224236
6904320
252839108
238825247
512033546
868753297
970858201
180654020
865118766
309026759
746169768
290981693
187201305
421309749
891928899
955812179
671121172
871500998
532429710
824478330
783374441
533565215
92816540
650555318
136709312
696958545
479301491
552901820
541927488
215899991
613942266
768984296
925212498
424537671
627253156
764792862
736829905
1854357
208522463
880518232
680674236
554021314
665676785
940403019
663848583
139145351
171652709
380651622
90198815
704983850
636074533
969102111
794463450
925859217
747295674
315535230
806353403
932711747
849566284
738886737
13172269
850907392
247298662
507411720
951841998
961332373
423736652
243001376
855082205
271031581
362264612
245166697
820138397
950257822
505042516
588901448
505426850
357850504
876188244
706063092
202673146
774834617
52208688
860569604
176738888
41686640
642668918
263541687
225144387
616550716
330871865
606104661
110087279
71070137
874919755
942585169
919851859
51569269
89580313
705901688
4453357
929578660
59397761
500235025
377821437
235893499
128524025
319760798
332596136
495251923
310774469
748752112
840262258
432256728
571878709
591918787
877207495
598638515
835163879
914567345
951564380
859997800
101839691
432052813
963357645
175441982
622440272
156103875
27842559
421679584
395572351
743215289
35699940
455630036
166324738
861588925
911656133
558174010
880945634
903461836
953673628
839269805
182903550
805197166
547265690
504025285
685552675
939119631
301696076
774601068
120490984
646776862
760161092
872298972
566667347
137063667
515523196
868293550
972653186
58046501
193382060
589247883
715788113
96998652
887541134
642869809
874260973
961265374
172844184
386634194
970421307
675988330
129752763
693897154
358658167
425770263
807682902
485337643
620882252
572608134
730323913
450835550
773738191
960965020
166221865
58884929
202707102
862590727
465977477
289393302
487187508
604287085
805624103
908862166
74256264
243426062
615226982
562841925
269502600
803662730
203796379
915086761
243390633
40205416
568490799
898579138
689175043
625778475
657329684
934627765
110705776
739589191
742326863
98792849
2063883
87596524
856193742
945441399
619698225
347123556
610918242
103999502
933727131
25355021
260520678
661391764
589488669
869803455
476654159
827312023
59861732
549922379
829075648
850770508
848272259
956576408
57426350
156659346
450353449
231948353
670335153
93362019
634530834
243425747
912527003
848249812
528922367
771523512
663377150
764063916
615812103
886129715
688481238
104364927
467399186
186925879
779356616
491556070
154682790
290064100
481916695
592826705
737433638
628286537
861743226
828629162
97812495
396752332
75090920
931366482
808589477
397412594
38798628
13225178
919820873
976857962
350622529
792390491
526822143
263442577
393637611
973436557
786878346
496926173
170879848
296767665
467858593
268975538
772979055
191710533
389048514
398938614
365488558
664698281
211812955
485238189
669459937
215519060
593192575
894661160
9155328
800012659
99323700
341504804
944483505
207401454
388351760
491241799
981568582
420854733
752013756
9473460
653647443
463024531
530051451
785262138
70180525
404361940
127485520
752145420
218210509
43364951
706592625
974324597
54563512
658053875
99442157
986146924
31588008
411365993
907662888
769073917
892220404
86059534
825649529
194763780
386468555
533534760
130999820
417607704
457262334
695235582
20696793
639527019
559661925
660689786
945314678
843870427
633210188
51
889909561
600459903
402067696
904296126
562962237
786021311
338912662
753194382
253212822
681842531
829813400
433476879
781957747
67567570
825699117
548837240
417742879
832410708
459453374
423969096
675376622
951851065
463061373
215819366
705740624
37099179
891164162
379523528
746716508
526384065
276233011
830439195
661522254
728120183
618631134
653414648
937098951
765294913
973386722
465269127
537520644
334786423
347676884
294333213
158037730
774081618
830152495
866725674
442898411
126615690
487030667
903146655
255119277
761346363
481419598
889519955
633664098
458471726
958927340
316164609
902335428
674311387
628928672
125754846
915683968
704861633
626783174
815672805
600169229
519079159
785832961
384241498
394449019
407432189
522517514
33977744
905229676
371048642
748070423
105968209
532499016
600084091
653388775
157157671
869771825
297842902
638233406
712470266
397605134
272601117
3861076
615005012
285019079
634684767
856877535
850744467
793442291
421927373
828400037
786125017
936226108
479815151
401758672
800929976
633073524
792787635
726155523
527765334
139502883
196522095
566099760
180555380
116482847
844742504
580341853
260849144
174209484
547409493
637090907
336332835
830853980
463956385
805197166
280167667
882355673
452961800
438676394
828251306
465272329
590903615
973034468
18141427
483400673
307119782
576757123
496348721
17132375
738734018
591147165
623522196
169050217
465431430
554802913
359862508
587745158
316835390
686496983
662305358
919578602
540937910
915594014
304068844
744936474
374700993
431531100
329204383
108839714
320980657
689012754
204088905
234732965
311786189
226051714
402294709
640330500
66522537
136067399
675856671
531943598
558473595
919642007
176518289
384205137
679559985
32746877
176535512
535540430
520341876
181029858
907440955
289498331
936578970
882422312
633349040
262795837
25878935
876869967
730387618
400168396
43099289
504708932
938118471
976954825
372245503
550481164
494405076
6375405
463244441
569762688
705550919
352374866
795208209
813820460
755339322
484894891
803259807
313773419
362748618
938238590
513403266
892809394
354863738
666611588
868495073
591115809
400168396
780796986
650194859
627374791
133024418
790223597
286379771
302346091
924208062
211697084
118005072
382308450
490278489
525401968
287204736
592267370
983143558
128117097
787042294
386759530
383423165
782001003
89541644
526291107
876099522
689981853
167126066
841876433
223059755
383444945
55815273
628674083
832641204
447675063
567682305
454979786
690204423
442385537
911486467
293734069
668439230
1608664
631512022
535559484
311894967
589075797
327420420
127751182
759939918
764143071
178858601
314036493
464356780
801511494
22401109
374010747
272204058
788439283
789619941
502532667
429951981
971484790
755314095
349229408
757243540
307198418
453131838
28838187
429301221
822197099
571495229
472640175
354285387
209847152
493670727
930814730
501013140
955679091
859056879
820063195
193990741
675185839
17098333
202946547
167091849
408918071
271656391
18130332
528368160
534636127
102667483
945869577
691505442
364898426
961983920
78225402
36937056
43243878
546892568
712090386
358325781
437214999
888304632
294324821
667090987
748723623
267776902
748905178
918135843
980684596
780780302
824962985
257624452
975766878
423444990
570401983
854091411
187975458
936235448
669624854
498565771
4860974
111313538
43295989
694795386
87735585
854109665
335374299
332764285
81571716
282450625
486816768
495575453
855743386
695668701
289889571
769115185
457491770
45087525
436668854
64678558
570981915
24057818
215736819
112745102
653474781
274998100
339650476
635177077
399565771
547407702
936581017
943266507
116581646
155935193
203805808
618284368
80386208
442059481
816301019
895355804
928134376
82229641
598075182
495769306
80386208
616754685
891588677
456037381
236380893
363410918
402286702
99891822
887877479
525573732
337258239
720383890
680226455
777267287
623907302
198034756
474396755
55399112
403755175
765781902
186653301
891237134
781464858
36286238
795038305
346915500
455453277
331403341
494418686
765974468
429680878
393647682
88106150
150353800
904658418
875166200
917982897
152002031
618747251
632391795
819049045
906739667
442243756
134196518
483552348
965495874
175047966
57471365
220111449
939931858
289799912
532029655
261064810
767835966
260311929
810232179
388673196
373852110
334891501
851522883
434670530
77425317
118482169
494843564
721897383
415244035
246262859
537547736
77351549
258025396
242057365
214455203
611056005
77484071
750971640
287768717
977598003
780711841
442864029
91604895
938245396
291181474
533497328
505508961
394576110
831012570
532774994
409026001
945858736
903577680
526278525
372881905
340953760
425642536
604124298
345289915
11407360
817813248
255624607
369709404
944508235
495991839
390144780
654749143
256390674
111555879
533044429
193032800
153272424
809207265
528566433
220153016
540756118
190860624
365764862
726333154
686803205
746993860
711170973
40066977
907926092
45589391
483122416
409891185
843357205
55018940
549443434
683848339
771426961
327956507
509404967
820665783
124765386
156170394
289454448
155475285
415048775
237622452
404627022
922581044
586336007
748070423
550657029
931674356
460730790
291190955
539581924
112742504
105204803
35739834
453602161
4627741
606461536
227011344
802210920
936979797
629256372
720598652
596048966
599875950
789210887
983098487
282853400
938118471
767791965
612950825
132225037
668248590
40617811
532550348
763077103
452623866
5514875
943143724
448945445
827120035
143899575
5493875
51948291
198936297
148787647
821928814
431817373
708766629
380537007
53513348
850770508
812657594
234251425
124104562
810690680
366654381
173934931
334416539
153447211
720419824
647590565
813097428
889774986
88949789
408869960
721834728
226180496
476678714
59331803
35901539
948739978
485524567
656998132
84312258
70362377
979126253
361274925
345711021
887356588
177613355
392149445
696020211
79109691
125090774
773983943
867255367
666152769
834705173
195515310
624568087
506083468
449339506
801973467
256724164
887793491
711237693
269502600
200194081
756800757
522742369
915379160
88048779
761706393
793098843
749934967
620712161
159321471
896259425
334933361
4516642
581701498
319572162
836262736
316413322
838996332
382941122
57528882
396000956
228094355
356339766
438902614
818690206
272700641
792590048
884283975
384420885
107378087
861726890
447285899
386321061
736493166
32465096
233841248
403783676
693492297
630759503
28310422
218330339
626796181
348481220
949133541
682263788
845194053
342334946
411058402
97937621
954625542
861851608
440180674
498270516
814598963
452744202
434864767
850486112
194804423
783711509
380541461
957024279
82161839
310653448
797171955
896138546
886318993
389876538
80738452
869444632
62926751
772014452
1362529
785140551
935057025
406808478
55442199
341615775
62865130
386274837
799258600
183075135
443278321
434513662
589234337
303592390
546663200
934170594
132116410
331949178
268664982
959973055
244100622
36286238
593618447
778144666
769018922
180591857
815549435
643223493
974381546
445344090
834046610
125668045
643815792
4240591
341743160
789123440
624754271
564327686
128709508
710465938
261211643
320672727
782085192
545248523
460695416
712025740
390662328
656971522
514528222
79214213
732964455
735769709
449249031
4814414
923215073
113142298
37598217
23791161
385383330
394390668
730726
866318313
200915032
221346908
60507112
703315885
196633678
977754073
681136038
939120518
194984387
928172912
21178401
494406455
511147648
70820621
384192261
75786992
189165812
193855680
268978175
192167607
87142260
96833120
278920480
967656869
858928010
910948365
21462647
788692795
976704050
484260334
190979696
454856474
485565841
266330996
728593261
291623881
233159431
859259832
776019190
830263826
888103432
749553615
377500326
262195320
271366
237189775
224196389
169558446
618872762
546692810
668959207
755657924
465086240
789617064
900706171
848046325
547178763
686460352
947321235
726333371
59733005
470824902
442935055
409884441
665911227
708059189
892859800
661937899
208693834
85311848
16904577
628738898
737050506
461524156
789851242
941247276
282739561
627797224
960328543
927352305
960573762
896156810
54333298
677684869
404814011
13558529
204205113
449380962
575385767
105297967
360473485
80470798
58527506
530723501
627268913
851120906
828136864
394363702
635667198
757911610
218210509
677337126
936974399
787614086
235486965
981408793
918322479
776077775
215909068
175421110
480358602
813409410
14968022
531162416
753317284
614935895
764712022
417391136
357066933
590954561
380789856
577529778
495671380
659873025
923263688
622208931
478410907
407417774
738291182
949518737
732120726
301340410
125402367
617811995
972678942
939141905
99586613
947502230
81303585
637671966
545547696
286137842
202155730
123604719
524335199
978071727
690259155
931922924
79493415
390085017
385917571
829196508
729668811
583482913
891928899
528975144
126318700
887855837
353618180
443759730
623851211
479978209
714538987
212051365
70241104
953024111
410035302
901648006
723948657
234702334
716373948
310653448
726530678
465246177
392949806
156279829
526701211
681629162
819705556
737758425
862895559
431816618
107961331
263204176
778591489
8010076
816496475
63457333
265018529
819055428
728705692
64530699
578547388
179422125
934431798
698357722
742382443
453457369
484378701
854225290
762284574
81985642
951866649
380549993
700676041
742681058
407051276
383536469
678878765
948312147
561434561
496696371
726179356
880690262
234226091
384257356
968385747
867757086
568421345
540147225
176234938
813923888
336105887
163151802
560517073
224906808
74618963
728252084
479762909
388359875
912865936
807395373
737468186
291337450
638598424
723188886
597916495
472840502
731790698
802016340
302920583
14838975
250560252
70085526
878101634
641603958
832236440
44723009
922371616
495320756
188582410
515749965
966815925
695369568
308908238
198616440
721675761
867091153
970421307
910698542
893120173
727225669
467374514
674463761
209778772
49253719
290965126
774963887
3098927
445606855
99769243
852352139
120824126
974730404
976322028
243499476
586116138
739826773
256600364
317238697
428525495
637233931
296898085
851693273
77825150
348509430
12312381
793162828
393634641
252034043
470577362
413502292
792796946
179897084
635769890
212988840
765141077
426907250
310293261
747812691
410002347
119979446
436757572
74306077
503800300
104098244
798750684
360348985
703061273
259871462
65467883
815006668
425784451
812266137
183808382
259535239
966872679
405092876
207199361
413584014
370950685
841504247
332768232
440878685
554151414
324996986
389122040
122668531
701328545
50946581
441011098
965916930
235470044
101783601
604801410
923926272
184570020
700012642
830581353
721039983
777484106
164911865
177209110
492717033
521980141
516263199
747721573
47601599
445882174
569562897
194486509
283259917
965203839
22244905
726330139
48488961
315582722
594791870
977231120
891006763
828307348
745367479
678291526
735838138
911796057
385552127
922912419
896173015
600895275
888826114
17945210
439552903
96840889
630851989
678484623
812841190
656263186
260733689
161568146
856679267
880762674
241424837
611200569
876955016
973530787
713734167
383051599
731161497
622148663
479758200
42256313
170280867
689783656
67779939
937675564
933176184
288872390
537785206
526265203
681644202
962967956
190496888
304451587
829715855
302422344
931993492
10260945
609071753
681051249
825666708
980207659
257194964
962208158
156386981
55107790
127775673
979915330
394143608
426265213
20616230
255395835
517229736
700592436
16078870
682077441
167914184
354163319
374930070
953650388
12694196
785260313
769600393
185201280
565732341
58769648
622640609
674517089
976484624
340575884
90562620
570401983
503950228
328711506
615399388
570827299
974367342
821703344
469814085
432700466
119081373
570738385
14221598
746716508
455173066
414042251
525120035
8540091
186163987
47845910
367480172
891050349
63382022
73568965
332441821
316025588
231502374
402946027
210933631
405902981
839557316
164480725
107204905
839096381
361244596
799009713
564408246
783265934
365424767
539181434
851389274
349554279
366177458
113403219
359136637
564855887
278564051
870391360
451421822
404720313
945815757
768015016
513933266
589793022
265535931
904825815
639478382
120178980
597330044
537914421
367289999
586083691
603982595
392827847
805851709
976800783
703922182
622143429
91905307
908353250
573908955
456205947
221527238
307512981
166764427
80524556
156825544
305813470
774834617
242136148
852650011
160884983
803890235
493761213
648643958
364661735
157955556
656290666
758054760
252260375
763538070
779869698
869803455
272804660
90147589
303734429
944036084
225446890
159130683
792606120
531007417
930712067
719333711
698510145
347116607
572823272
453112374
977594002
295405721
211812955
18762239
618140296
14171904
689610611
54386757
336887739
539670158
358211645
273578124
854415258
664253860
709982182
967067221
321325462
9130554
630311696
417268703
322293316
865402364
186556918
591462990
715556162
692365322
183250511
741711167
585070451
31026163
682824649
281104228
303072699
880548915
36315502
919701672
39333086
911746568
312814836
659774459
571493480
237278985
510498684
417439011
924636055
542125085
342835208
236339960
799142243
510101058
613207657
639087929
351378664
689839690
152481692
897775063
774447463
274440992
273847690
326341757
647873560
884940034
119979431
224315659
472759452
837901698
165704130
139462894
268626789
178038564
638144595
775821911
690809436
256169822
138210171
56043586
909019312
190118844
288087359
63853283
746766660
753256223
137700358
123967752
700103031
910108206
928181409
883145072
459453374
535029890
599217278
535992183
236599652
731360361
217837811
889052415
807140456
153251657
561430638
148363583
399176161
986202403
713510888
506112625
54187089
468559721
426265213
361962191
548781388
260311929
356772899
267409953
759212417
262511855
968710375
189380251
777534437
933006193
591554149
561088514
427327917
675018161
713677983
586600319
894130060
723972164
973443066
536458501
973304337
398859175
116074257
870916348
300721274
772323138
55007175
310270756
780938578
308094213
484410755
77115394
585465103
796895392
618606635
273061394
812150127
597902272
361240152
599940163
926859707
729716875
903684687
499309799
344933375
110266672
680788242
373469221
417791645
226386676
518294232
830270453
822031737
841156430
472672530
398205193
285419662
25176564
121239514
250443607
557851485
899916599
822223356
637608647
910778361
575918266
978484291
240049099
884382952
24156151
67355546
911604193
569200908
954327930
264891263
375487070
333950115
619423645
773503916
953363304
488060029
215400978
531204563
778991796
929518655
43136074
775178716
713519106
31914775
548162694
649172334
358672349
663215682
927675894
803765547
231054453
324089459
355007198
881983684
558392139
586274225
211634235
659593381
221926944
104058892
372106595
812422412
347051076
282858012
197699148
36323144
869614359
761788006
551409154
778630752
255152044
665392886
40887423
779267513
104769577
403740531
60413202
625333444
648728529
49775435
590317534
75993994
18683528
340686785
164113146
860319628
907079629
23185468
450301224
227878260
690216171
224658316
878667037
870392091
18077382
126039050
114239127
878268677
228760855
170879848
628486181
176072119
29746833
575198401
119089471
541160841
190441581
804676385
968516005
54195412
905481717
78062141
286084555
495444464
922405388
675534448
420732477
559176966
45308969
88167808
562850527
66723903
778872960
139120788
573219800
449924940
802435739
695532675
862754740
597597627
861839912
451867062
417781904
305053981
962783256
519535580
471050162
645572603
313280824
108580695
460698498
780326216
132135677
128438632
695707906
807504872
980948971
229408622
496456670
56967066
696783452
535802972
517479992
681152151
252208880
852296219
403858570
744392354
463076316
59368246
400484228
953187206
364772522
66284733
794094952
732726557
566491241
793254043
269401585
819233506
49918022
314232729
34531447
87746546
344154077
315989679
482783936
282663568
734464406
673964941
657349035
954156740
182431840
187812244
161556464
985797137
526445716
421495536
394024806
850101954
151753922
117881023
390953047
361165291
801463179
249495243
681759410
288241883
246114081
976322028
121556967
737305165
898684347
342341641
936718111
607527517
199220569
413400928
674826790
269765492
260505117
548063182
142341374
318024425
632644357
466699397
671006794
714866772
336259393
711622500
26888951
866949422
737619982
426923163
831104036
691335380
84147959
564380228
786717155
182311535
839159992
406392961
566244329
336190751
639242678
873951142
309515533
588207002
715108848
591417811
604544326
859688490
188249473
496761433
598079915
553366139
775992544
75777092
228383923
556658020
669997857
784280214
981593712
591536035
57343793
617749598
493573840
666573201
486795868
920523404
927241022
561567575
466656357
57787564
674644329
469042996
452362934
905404248
326036932
235176349
373618689
234607916
875704019
935337546
686176807
707485694
20718367
934124199
425929479
646959919
777045407
596466258
600799448
132895993
528444894
631312795
363931681
285438470
50091595
834161555
62853672
605966576
738771450
725996996
940779130
175341027
324949248
827688790
672714780
126791229
450354395
822259821
892995012
593325306
2931272
818617260
208130340
525908642
852944707
731716233
75206795
383041859
622458182
182350171
504620284
575339172
38572804
354837914
897391556
818941887
105802929
860469301
865968667
720188449
636173938
655133708
166947359
759909991
828170148
581441134
331560681
763751730
739264929
324414785
13462020
755714707
860651455
532533076
133734493
71652581
913326144
28825121
465796220
630311696
891212979
234073489
928737028
189929446
765692768
295503915
235765239
873353811
246296508
392722843
109721850
869427313
538135467
4804553
359051565
817423797
275088377
865153996
745542902
136484281
92136274
457627493
55843272
217150165
677846371
919476999
759707915
185134539
897702045
111898946
359606125
158727316
355830357
349659603
78356922
104365650
664438419
865901115
134131269
560738899
522971081
422719599
295504833
551733938
670902333
408480765
447678564
416003446
508715034
23408082
847138071
277199755
977619456
51538073
596337338
48115785
912971098
271678787
23058959
443438953
469771004
788418619
436599132
597107056
191142754
398093509
140112902
121328105
599806222
708507397
758390555
256184370
451633240
771479805
6901791
295215401
881062594
505399276
614347893
637575233
279237719
816662430
288667328
780317672
773744899
179837002
14114778
439946058
197631701
331872119
149898607
244623547
257657936
696327045
157748877
517111582
188858249
654260513
589840859
160778232
559699145
229714482
958273204
646877796
885852266
382635982
87920774
911071613
462512435
737999801
649365041
619567443
99735798
883834650
937987441
850228655
31765899
285852201
397408544
220861989
742664322
550750437
73068127
781935978
488442125
612593523
268201030
505716027
728534240
786269114
894822767
274452675
617274241
809933331
852169994
314991232
302010379
384407873
126401838
55539886
347559579
240172340
677337126
979364574
411996290
157791494
429073058
113028060
467556257
68174238
502967356
442188968
488946494
105855341
325286688
336725554
651127534
65261165
200101973
798533093
738437726
576440932
426537564
344073083
961713010
126254259
862592451
765358178
821451588
916891647
169610275
639100418
155096234
608360058
393816106
71037298
415796524
99531914
797171955
707071025
579217844
504230664
312009254
621122523
410450283
948064566
8753107
278443130
281885134
727253413
930005939
706561177
733301383
328732695
534598302
853314148
460767815
182608600
957984740
97975808
911436267
625360994
891504205
56111299
916597732
568003217
338340586
17301982
777594587
37099179
586139095
746341886
652906771
934496267
918242344
178858601
858353372
447154055
747087038
287081845
394706361
650815513
845899865
632186253
208062346
374613662
837940044
642657365
465909861
927752407
88112294
414636355
208335959
190441581
857587200
575198401
738343053
800605870
599457738
241999357
144747242
560714617
664272741
257832914
120321692
401226130
985741742
779461667
658873208
305966352
332841602
120313423
75349236
628052589
465269127
392033557
276190752
616472293
289054588
572304621
282817016
871729890
324932611
622660020
587506069
572057373
395911978
386018102
903790498
144424727
675335569
83081599
256597606
150382146
909699610
130350353
174036782
58416430
346627959
730591157
309805245
629877630
484461737
723931412
67457770
379420043
729260087
567836262
51924230
118512902
380541461
586099900
120910901
683166776
330902013
61275594
346294145
274553434
569530923
429580170
815672805
271634318
984132029
682467528
785533887
257101387
320148180
961610689
656502982
938011701
540289765
507402755
20598213
683298797
717166981
556209219
800043546
307367269
345101380
187044167
681838303
532490029
318734936
146630515
900593847
535029890
219213200
251262832
657710931
135674856
694777176
578596944
198102081
560228252
565317087
919838385
949102186
65346968
47747655
925619666
528240323
790524669
665372169
802133843
682973303
514483770
73642718
439318050
368373772
911703020
795621489
906163236
4709284
705377170
538551654
808077117
921362684
41620514
833750912
531215773
49253719
515829544
183075989
521396953
209893055
580332033
508978675
274970981
746847199
218369472
538111953
330936557
492845206
743625463
416947449
486635875
728293997
788158817
119620787
858240381
353115419
283102162
555161901
845712267
92370268
658996071
697574975
203793026
164058289
785900234
775905092
286511993
322320481
830454312
211994186
821620506
825509363
620734271
875452232
954692000
828730336
30876102
507771746
404688449
80076158
890607485
215128270
228800136
643445577
161238002
114264876
897582227
210838824
151262991
682552903
525158326
282739561
43101252
965925113
449422156
179351779
442120968
771161152
918319519
810938231
28151870
521377015
832236440
912178850
301809634
194832680
276779991
267867604
255020320
587265229
461060849
309129268
13956161
399215416
773565845
401663285
381049086
28947346
455306127
720383890
11523790
705179872
42951442
651322419
540435731
622148663
875375541
288900264
693147383
304045244
516199791
308023163
490512814
380579728
314222658
927805899
723219967
252426850
886318993
245034463
282105452
430648087
278798357
851823243
837935050
719668713
536418914
566522618
929041542
368767264
67498004
655404483
171962571
538511775
508290505
784901719
580518132
370053824
864733199
603578507
3267435
124467617
550880425
947121063
111480121
604300754
310172519
1608664
37387411
480856097
707306771
22906714
400099527
443775522
782900673
554167802
279909460
408999630
352760243
233727900
897446656
216614338
941567646
799140015
380358121
914567345
482294391
882882246
757034965
966805598
287959991
160232456
96322018
434507398
158020540
443883184
20875284
848705986
868122782
157103130
192762178
720489438
855928172
297823831
239879074
453598400
113452213
777253314
63590782
866221150
308421765
91333059
715653305
935205111
78902956
568423666
151186466
234914696
797764636
559930120
174245754
326843130
664095495
131055699
914561564
147955535
115858247
437351263
554244653
113585908
84980367
629511552
309163382
318123199
119213363
241931566
785202114
73073880
771240762
569945512
576979761
745562862
944528001
439592044
4887862
320568806
755638364
301924895
68831280
467415889
413442312
979779977
555023695
935901138
490784035
599739679
841012922
225153941
280150025
643726071
952005695
494850004
418096693
359065816
63707462
771491150
678113229
437509615
191199146
963160839
820743530
916336179
224829784
51086398
664994636
378076518
547024281
692500160
781788879
365999905
209653336
128706483
232597936
234863509
654559016
898689814
771073188
581662797
621284838
682396524
446708222
120147921
565207945
419274861
918190905
132533430
203664732
83642791
237667512
7014871
41863734
84110496
334186154
303922112
106974016
902564204
9783987
887516985
611652047
254681031
17922050
947633777
238264617
202319889
36228335
903613340
355830357
208502931
187000771
828473716
253860734
477117336
884268245
720334702
166610788
956879160
813722774
742438505
855908269
831766860
435933185
573592515
268328474
762912026
773106776
580099107
84598080
139512062
869506911
481805973
13956161
257263982
574540887
270975733
727792342
689262831
850211476
561023680
420832294
687580076
358057288
575713317
439503443
115384776
356674772
244566423
728588886
533421910
361457484
495366239
393010198
428304545
939776609
732296792
444035021
435572979
603805689
542786664
464524700
474708636
688356051
603831302
272840990
224273743
277569271
433562894
335112224
147213132
196869338
146160845
494706991
324657282
464421603
826518655
786496071
551077587
329341017
360167534
253732801
734966306
543910118
344604898
417499337
38674526
788274524
633381802
734880964
130856820
351080492
679384890
883771647
490731187
797379305
554229977
867330724
578012643
575321402
774264330
912080858
353094303
543416286
372100128
708630285
752078610
235913740
183075989
48488961
415024910
816095802
985986422
431620914
322897439
763793495
525918287
247915182
14470031
971425382
252793916
845598815
901600103
277121814
463460059
489295255
440270282
509395150
549443434
928752799
936877110
341863400
653454559
379918834
828250686
273067392
634589230
815598813
364364900
186484599
425072045
453361091
9665647
270847578
381810844
372236689
33840222
371651165
869670215
185130641
241150464
596522557
211520923
852832876
736005812
547926386
463346117
502048846
136878806
829334980
840761326
981804113
864711524
602026569
520735294
440971925
851569281
963938076
447577350
902512376
787363563
299255472
778582858
222170118
335968305
900364045
419059286
390882154
693373939
247913644
259618805
674300585
608270813
370909444
157127179
560843367
634492771
665028928
900940061
216875737
700633984
337998630
462888545
330208145
65993967
855507115
277569271
460317855
503129321
769839235
308005988
392203516
153775351
713509788
304353437
283067089
697475576
19540520
460227592
244271946
485245374
706063092
419004551
434606731
327483241
35914333
284309878
83477795
908990866
310808775
285000900
428618233
807040664
980980255
651021340
42652092
912598730
382683811
534259879
155914428
177483398
365620968
792487313
103055999
630134886
128075594
904392995
313725007
297167668
553662388
12242329
137567288
885480844
606787578
64871015
839793487
677702124
164619162
242458169
429110216
593822002
517405363
778216124
196726846
473295550
463615574
380231652
264008964
959555604
36658504
335095050
127231621
213654305
280058591
352108845
305042590
849503251
952313415
576644193
832301209
333408594
78475748
109887971
510223458
604384442
656285250
423404524
215761949
53999838
397942905
765692768
775280433
551959873
979249214
879299380
576246350
405291158
642772165
919871635
910750824
339632137
873775133
326542159
953545754
510652505
22502742
413266282
671926423
551954347
504709288
7600359
579238508
606278758
548891292
129448395
204714236
601652603
334117679
690603890
281914403
324907288
70090142
253851066
192144088
715228295
387638200
874485504
93160101
237622452
791409444
504301790
180306836
49853711
526609526
771540507
610751867
542222017
148
386855969
584425494
490600974
469814085
103921098
401429862
271797443
438249286
774137558
283798721
657080298
826348381
306466942
546263876
429365287
445039772
225128937
627115557
140522384
717889538
236422114
928236899
800339729
877286309
697468972
171723682
919228759
439669035
863250604
678291526
162218923
247690988
969200619
218369472
866696857
457507320
930423161
406513824
912734146
964030920
867933209
220174066
585890696
185406412
707803202
578811472
708059189
828629162
266433448
180193631
893833928
658444994
825709061
649936448
464469987
424580307
528461795
263822482
25386526
824573065
786462811
590930808
235789095
710268877
325501138
963691225
286656795
797964367
542175834
975909660
706723943
545502712
183626074
170987598
559744030
242062472
147863761
372431325
277292287
540757574
704045454
231996682
73790761
380996949
264128875
288921780
802686493
217232596
453492361
171796738
492303185
917742746
356740225
453457369
417705004
879870529
36213931
549218257
207291607
607816727
203959085
305542933
540302006
539546453
570981739
217731556
350343715
836798471
583992585
143445452
442614502
797753296
40540571
863200555
205844732
69720877
935628999
168116568
808695703
99323700
81752687
169801450
159076366
471961201
667496016
495102466
755504051
801982058
438219239
523593740
401223019
666964598
922738695
94021758
640660135
760305997
470448157
812847656
7268827
25673085
705005342
663848583
693670505
528837494
803279736
220685653
521647142
580002199
391995806
514536101
46551806
621725422
829775846
841983878
518434591
220555183
959738613
821437786
228076800
490180597
301169171
258828769
190923318
723213310
664895405
34086625
11657350
304017436
703990862
850391656
606884393
985674019
923614313
713663940
639146361
396278785
753540343
335665592
756574806
49211337
428304545
708903679
934742141
971926577
746956818
621670048
551572462
456040264
468852843
768419931
807526269
48225265
782171684
485834403
528083109
621670048
671872576
171257392
859671139
105522829
429142251
190825003
815346860
539098126
568214522
883353735
672185930
45471360
115407007
292961821
767367458
122694504
565215896
66380209
201201594
338956955
167152630
694085567
774314127
637829996
400853845
397428675
542743419
619869853
121987435
489613673
86756547
444090701
310665167
881150337
269473849
210860297
45193066
617225707
188643811
832422562
770701583
172432417
238020318
728017357
320101751
24054841
651676147
931226069
535962819
517789244
762128153
748262637
191041793
669933843
786223903
103248355
331950973
830738915
827430755
686715276
119652365
618347233
248292372
5815684
517668846
125167132
797903574
265448591
68928106
209371062
414974311
802320253
379087812
943565724
592341771
34821112
433131076
960347528
232898338
628381318
138654574
756870339
491647979
982914918
790744652
390220656
835686409
436136932
350878746
920584274
976314912
77254668
602124843
288989953
904111900
775201619
702180308
578520440
386581333
27345487
501393052
490663563
114746253
242892765
226700034
333553220
698400319
841676793
594286740
412946160
846210641
471535752
652890342
446819457
328514434
900391254
470946269
199762264
294823988
237173496
346746952
931366436
922372557
814032585
527100924
149485334
86525982
647422233
602574772
335629766
915604458
654039470
788021011
721607942
705621017
920426063
181757905
196916258
508478504
679713617
872163825
120669068
92435920
964040592
649500912
862265610
289535979
432363285
770880497
766879319
7319765
553595549
259627134
764248899
493176268
673981689
796429998
911058399
166008867
168528336
410260785
508815451
450558014
317630555
59683440
155175972
839333470
935682067
664080489
154487956
176282785
821451216
77635171
822711265
333879174
637159121
268608635
899734877
911926219
35254963
116834378
552896373
806844817
85773950
453331617
936463152
416364555
743933903
485505348
967250140
24316410
26430628
26431823
206169236
408177453
133928301
29751260
549420343
874260973
954517867
473019094
749348601
69143648
779447479
287051380
528954101
578145374
804498605
674599827
706390823
286669258
861434769
271109725
162251008
429937348
672424704
604021772
100874259
466093052
204679798
631179765
827611684
780138472
895790166
444409929
696958545
522209504
157613503
233352021
683490124
408975305
647590565
210035287
438475462
303641056
888103432
327483241
638205999
139770333
926517641
478978545
294930997
39224494
853989804
837966720
615352872
783350223
946794911
581340664
400610970
784342086
21462647
606390178
442931116
808911808
213558417
300297960
145097457
784601187
66837075
414197308
425556694
588621689
111579531
782024823
939233591
409922552
471831332
927631088
613232657
85967546
352009893
516805240
58382980
847295561
719030128
978417621
436009453
