898763232
919476999
394386029
964731628
184360547
309460743
902745461
152099673
441463709
921758483
950280896
595877734
527350484
475712597
459316136
981717009
368074543
113434851
291874887
878580762
623218394
429502778
880875908
407409689
590672662
654958151
93195656
882544863
101761411
971048769
293367700
248555525
442167738
15492896
774096103
467953530
916700275
832256636
401690481
919196307
480856097
957868685
554961954
200777305
357295938
548738677
829428789
129707828
493893786
44155784
31149827
795487585
735150557
524060087
895112920
31925519
622918450
63056111
956244786
167759113
764924716
795873808
804265605
319955814
660158732
410415649
131579356
261799795
450826539
811287201
722031005
779898448
280536223
161521919
333157705
863439067
328170591
356233561
52056104
39712601
614601980
45720202
223330868
311762183
4544536
784344735
180248693
881210300
215054531
906307550
96454714
642123196
251142159
178450972
336458237
551751823
821043852
513250619
427064002
718227396
142875056
350733362
388363586
863856448
481477177
290702554
935751849
491757157
835686409
689528459
189667821
398368808
406552456
657065368
946472071
38237353
305467755
245729
858202778
415755199
328514434
829711329
155661013
467864378
688329222
774993608
544171048
325822316
42053539
980712816
826443413
139215324
765124878
773148082
485414079
537757201
812937452
172930682
816435228
469118828
304366514
410232037
617300359
642840401
206218265
199560540
443941583
67358697
67392915
410665389
924914166
4420130
533253837
569936214
895311597
880463503
985130836
633780647
288888134
377434137
429685595
374914907
762912026
502338507
615790102
166266191
942666436
305271235
94170934
749134599
13591264
945580187
406857616
725343157
17917819
871592327
427801274
857873838
985674019
549109747
31458213
222754268
633456557
532937661
429920325
810234246
342563924
962767750
601102822
205134078
589460226
978804059
613121995
524244527
172492671
986234233
789395038
843245264
613779334
720202764
445759704
659593381
787699078
140241360
467656261
482783936
152710590
547544407
471978121
563021172
694261543
197559681
945940992
383540666
862073326
64037958
877818457
857001235
874485504
363100313
556619960
252019044
660409682
260457343
870500497
665098792
807152771
102071313
378276624
777012815
231118641
530245624
499812988
983703111
742411090
261084243
968922819
388611162
17279622
886491284
966217187
202107025
365645067
635128906
626610247
880071586
284877848
649497040
613309448
633965713
140702868
512344163
45376090
668248590
531215773
909085679
636062507
888722702
631041329
78756591
247029278
90325045
513801211
88841444
836617774
625696906
12821609
31947811
379175035
445296702
237875619
861638654
814824322
669419482
410909648
305703861
738043021
47674247
475113426
32862695
153899495
663325686
620918018
383221789
22906714
391652169
62796519
817805219
958862469
357685233
925451024
837439881
897437114
787045156
419274861
477898868
69714213
952457423
176109907
492290006
830915287
982324026
294217070
214513995
274998100
298168703
167254025
84613244
189511254
164732844
104518448
435257241
730146500
577037265
116023219
677846371
694857690
815948561
443630150
673712615
847100861
118654276
648865489
437639651
265648858
298896917
799002091
480886770
49520467
528512218
723067194
450947466
392949806
161748440
216459343
648728529
784280483
728411469
128433730
113419814
110841429
464247807
849995189
34618641
868605669
786119957
60405795
274555687
538111953
683446612
798339469
62058170
750558390
416500968
883779482
624244227
242715077
467760169
308421765
745702683
470209959
599179038
81305062
653380829
205036914
558428447
757354089
594526658
98678460
99461578
199762264
405153782
323613258
835966171
575336291
598343555
911341935
954603385
279795101
867622047
579196
312118622
654618773
418276085
970967489
850672952
268954789
719140027
683182263
890607485
722695693
162038896
712685533
763786426
148786969
55897394
771650829
309785847
183411452
316028589
805105274
318166176
446710250
533479106
154414271
38716977
113328891
294441125
129642131
833914601
760870463
38780090
458698154
823982685
511668451
535044631
227918430
805452388
196633678
304402800
530234115
74096116
272557589
234914641
619891515
212550028
71189514
893553742
11889055
778401742
456256872
161814498
897619061
519018742
356516404
308273234
21048653
479670661
152528696
32263164
932366935
176835351
215591567
683982071
153576745
478890344
45610856
203598210
478396857
377475040
880677308
788944052
157464383
645484973
391259286
13090784
408052647
509677433
37403738
832067586
871594440
532196047
843271625
500821193
550097291
775451506
865954349
338689971
780362594
981709641
28425264
377561903
716968642
447466811
446186147
604544326
629322762
931696824
476406472
288952932
48239705
903299168
226394368
634205253
857953799
476063299
173131079
2231749
954898428
489613673
619287430
203938868
307352172
215223116
808057860
205606574
526216355
130009023
267389479
126214818
822448576
909257006
65169379
252992984
970161572
581183978
640393035
250677937
504401645
367820187
528454158
112109362
196611147
635700381
858597472
168593624
609716706
302346580
623470025
100483734
505545954
928678048
928129183
655066841
338482076
343217630
98575069
53735915
78371641
544827022
725606264
173593467
677185883
734670891
824418864
743933903
950230352
209529618
816687328
491660771
363860925
271534973
244700853
391871980
49200002
589793022
888523466
392164580
818539793
49693702
548512535
127916574
45545358
97351700
543430333
371651165
550523881
248576413
464470343
769245885
928954815
509252446
425758348
835946631
244204700
185070501
793992035
921026954
703851223
887234416
224184221
428158050
192762178
689175043
851048641
846737374
853795262
223119654
411533460
19381774
654455422
625785138
838898124
587762386
120568173
780888559
569382388
40612498
454247078
360758156
740716833
592764207
512287274
260370034
671528019
469750469
934871404
733070880
169456062
402237062
36698
243544427
675856671
895440761
198162886
769917553
553575511
821436434
320603110
78108220
624825053
834324956
278978762
143907510
849278860
904032782
611486375
96587786
383837888
955840781
799310869
323069733
719138782
87042388
278500840
625657522
201345940
274700128
414385797
629253184
322755800
709265903
251110534
573714648
864504212
252019044
666713799
858916627
55909017
863329430
120313423
774587357
509920919
870017274
740151430
167494811
356911219
315825086
506125166
618628893
553248186
127426198
59733005
937632875
676422521
347126709
291541573
889060390
457818570
170516634
685848365
28649490
956520192
416651149
983904295
830426092
504618143
786727212
284555317
234689277
522756649
234750118
797706004
524568112
673712615
7268827
59729711
529986413
984387288
832632733
873248512
337464378
620338574
846212087
608638877
270836630
456581915
159096760
437619392
278223636
581182939
872002685
706015829
922690722
349271070
282092729
775217872
631038048
412656847
469611101
435187410
231716761
234863509
985557810
70091115
169385933
870694935
385952996
239409029
165367274
506837144
793577219
824368174
724063885
742774980
242115777
693719538
946156532
767051205
368370040
46822479
645834614
516404920
910197582
264929319
258358283
211234513
704355581
11907478
658777414
292673021
251777958
291863987
864557271
878441375
971593413
269717512
85311848
142981709
1863921
305844948
827839013
613183406
79398249
291533971
284921626
817423797
370672763
118242134
681167174
802582903
745839760
33782071
710794960
398573320
805468979
132939873
602283566
20174484
634005735
72989690
459758332
291509623
720351803
455026110
375600309
725705261
861462874
783350223
468661751
639174924
149400854
366243117
405421649
523940704
474362047
376903444
617954492
690403684
115863662
141005321
633831948
161092559
91410874
779425069
145419242
172718326
823749366
166957761
332270967
36169373
158504316
34191428
114440554
86767847
749604198
217912940
234863509
113819635
345024463
960057781
590076307
196305602
890867094
303170111
971956126
22131
66797923
667496016
177978912
361826603
293779778
182235887
534580088
269177081
80555526
572304621
37591702
523088331
236048090
884042103
289046978
865086849
694429822
372275473
2338201
817160599
571493480
525908642
10869531
639295600
188500952
250902013
609162483
857129081
562970829
99977782
392065371
808638745
678834590
565851036
677151144
84868472
309738495
874710629
439598842
931922402
537752215
37753083
318508978
605725095
416945022
562139091
251772060
282800935
969375847
736536303
124729590
52157922
367690416
819304859
88001289
936057915
195718930
248602809
929528384
732446228
909256334
471933795
589404066
589420177
563442286
47384037
394867878
307063247
67710270
848726497
134511603
233739843
448146436
605035149
470924156
193029340
412138091
521423548
391110024
835461238
703111224
125312737
158035523
355681167
255546906
339724842
777061068
320189228
678930669
182259469
15850371
753039405
781069192
432451536
904256404
742548217
585019539
944261625
540253995
271441889
288765673
100217003
706524939
144206913
527961656
413691311
412365640
163227743
98094808
140532759
70316150
900234873
980317569
467600623
47108792
265637077
152841756
840959728
928100368
240428049
603740640
247918004
206067494
212955265
507350078
340582629
960916223
897751527
903960227
361621682
604692425
352196981
414884000
30049246
169863045
507084843
678176425
430032912
746803333
935339231
796897424
41621664
695439988
106902464
297554539
816060854
795077679
44189220
400508430
909375271
44477779
700601479
304591151
694532735
470444628
145784925
771854554
806748796
192822301
199117493
74214886
729697667
770818848
534356568
722535653
574548743
324227234
251243487
709525836
341522710
572829564
539082211
551703890
534832011
648883654
423314007
15522758
279192520
653723296
765257979
767669073
690656033
247451398
388080187
266806954
342625846
791261787
813533539
583520939
287697297
274970981
780688667
690874485
111141909
660579665
500503854
189525604
490290828
182362064
911493429
168152957
786400149
719385430
600514280
354700580
847412679
807333817
784374794
347150900
68867524
699349332
255077580
290965126
441342732
277481582
879742130
251126609
407124709
68415292
40740367
492306367
434262269
590561426
612077622
146213907
140565769
312599884
62166232
733641848
448433223
546595369
597167647
248088131
425394219
565866609
508815451
636611967
351196893
984365281
773148082
389122040
368041218
38900961
704252604
932709082
921701200
477575709
233129936
28127587
659206075
519937003
823248305
69499443
541978509
332425164
157197259
944579737
336463200
186949359
754715395
765130523
331268580
412878605
24041114
524840843
332987727
738514031
619880046
28868053
669728880
659186007
711024532
406321863
430605197
548652075
237971213
975739395
441523620
172570980
300039195
701476243
94264235
910658009
976787861
199223027
932215504
641781585
645678722
150410567
350727081
169677854
606070398
551121848
514857428
383924516
937742742
791546686
980931938
351790176
754782246
945465066
544770188
979435411
431445258
72781787
673141616
117933971
913567095
440333051
716754502
963084482
528128102
47469747
705418308
839225347
229941294
389321132
589554873
136270540
625657522
226512010
694051370
893760455
815159013
456891411
626815325
588493478
567492254
428519322
738289820
311555137
749690175
908036845
777553194
633243419
471265632
219357241
420662177
894935394
665653685
385937463
395831280
544028029
730434387
682872704
854341122
507650341
206250524
212685336
509773636
600943329
520881393
826573255
695493434
63577589
282389326
451364338
50627291
632495646
886491284
375097429
984147182
507871276
747649996
172492671
679560652
863897122
487621555
967749366
599181091
216537695
384875437
959951242
405783700
830426092
209810728
521973189
807691054
643072057
383392780
354875939
650266908
315800390
315352473
858995224
522311459
336805376
960962177
632882446
771385637
639906281
19080143
952680159
713822996
107603021
387592570
649084996
698147095
799490324
5403406
778596231
39151486
496718247
600200876
68077043
668248590
182547669
522873608
47987504
166153692
207764240
796158269
782670402
430626102
617388791
501977345
570233898
63233322
714896645
304751264
332643150
716906808
605159164
893240927
573782934
672370277
127764190
692836788
171188399
173041386
328686560
668502246
827316990
370894040
699799632
438068836
877035301
718370047
350273507
80072105
900265793
149369273
951464133
703119489
584180401
680869628
509699277
562935589
436494947
710507780
161316494
13718308
126744421
77963633
190902269
247087903
846580597
34848145
260305503
174121095
603982595
278562773
321968844
316395912
940145349
805671542
176632541
867947526
184279927
633819527
36238774
8533835
260835885
534557238
898207282
7029631
99090495
593335740
142214632
63836862
718065330
649954722
189283127
67457770
372434755
650051531
891447150
397931761
263659156
293061773
721611473
613836308
711512622
812590788
914579530
187860871
117880799
651750086
65139060
179419275
636657468
753364831
903910768
836598199
627437542
306928601
773857956
732783324
414907873
818377277
186098999
454979786
309722529
926703880
313178389
759173014
163402513
634913463
518420214
956060067
175082984
658209740
200161492
758208948
339999939
336466410
721477277
870273489
959951242
316386354
208601697
59333548
450359918
876580759
610341538
442672268
925743306
85400144
954975092
335825887
602737965
835373528
122242965
761706393
927973018
27131790
402053169
329043740
425362135
720704814
805253739
224772587
636652476
60103612
669681315
953622364
123793359
724097635
873729331
255034744
677336276
964896472
669234713
697170934
483710887
516083390
720459246
211238856
775205628
785953670
584629985
836022324
257324706
839235767
220465506
318913329
905971604
285060943
121103817
350351794
376625766
593371529
743922937
303345997
928819153
658627411
281446613
317787795
229579843
600449006
808645112
565147947
609231681
68129480
506216965
566799899
510210030
716222358
367812222
401139458
571210543
13761663
891403563
484791480
148880522
174956949
267339317
174960780
915196585
550556089
267099735
492427839
558099029
510246247
165286136
861743796
251142159
851678006
746688434
877114956
651121248
408820884
117099529
48239705
439090621
972006889
840228928
296422996
581567022
523401018
952061626
964518722
722610974
734464406
465525091
977534535
394304500
452812892
854713952
18770835
891542421
257890306
119122977
64737800
432343431
633483497
593493343
47384037
950429009
143947230
605746314
789041943
379392517
316031323
764143071
800634435
558229774
261173954
720377165
394958438
424582236
782171684
193673488
891873715
415121719
127948013
68769902
329102780
209859351
124600256
79945023
510033934
904454866
907365585
700489025
741928826
643265946
623977967
561587721
240243571
290180351
48706750
337401747
619552083
782579673
680250778
600539161
809717809
150382146
159703480
857396827
191391269
403886753
535640971
898020037
423879516
722401544
6271805
362303968
151379763
322490483
907796965
874289852
205758939
916742869
869182861
419056600
664900856
79695678
843497192
735388551
737693115
811501951
358420501
837052411
922912419
416659432
301086220
565872420
982414739
68968872
127426198
106118237
771138009
696933469
219747268
339574975
285924203
425574206
9302057
834736344
641939959
209337096
930018418
576585027
722210947
845763795
676824524
61462890
359405169
132507866
179429886
366731945
456270587
339511358
727871261
62039020
301879308
306248308
676615755
650662410
100849845
52127618
24110012
757567155
8257884
348360645
911912628
487946979
627498645
316031323
542717792
10891070
744544445
254419754
494740250
115701664
671842468
405915343
141883833
200458337
501254554
910284821
222320658
712470266
746433489
641255434
146400042
825955013
432843699
376272125
709214897
174679492
705836258
504162291
440750472
904259138
532170591
779699501
715518327
841469366
613278047
181000916
942291187
292322924
564320242
562137984
322158752
103971708
253005167
655856673
741610231
104949613
756782998
699141261
55364218
625439888
306989780
767378027
824984634
875155576
967808104
452664969
5815684
705615246
792571988
176788928
779192537
318120114
427646438
413470276
30330542
512260438
967184575
198219900
54534354
670351439
863497637
190891768
56659251
829991309
600992388
91274288
705480886
592559329
51862629
105375725
378916762
55455498
376813097
649126039
639066373
906746673
786603024
942445795
303647612
831867413
807526269
40088260
74751101
742170540
270170707
370529647
854969934
211199490
372326805
163262024
670883004
706626427
536057782
973640076
633983609
269190263
786131835
819994195
574127799
40567061
728411469
454077016
768385750
585465103
311149546
99406368
837774060
213604500
699999996
355014601
970353317
432672060
687328420
365916251
552176816
139499951
487935283
884663559
490122321
696893913
8901605
891320234
30975432
319625463
907031559
281182639
101663323
378650900
84042437
40779098
930514568
914683211
979741724
954332357
236904518
906572566
252265275
291816195
154296873
59165991
154898285
333751826
986321530
477350452
215855394
584420010
168408952
853821690
495144708
863506686
170516634
824456614
574713345
288630682
256252170
473714488
2187960
178804082
918334292
402326145
838415063
928842220
979590871
798492149
700850808
186104005
313933517
942241323
249606880
576187205
448904150
589019881
581288953
483742414
874057336
345410888
243291201
2796700
144471954
383471548
220280176
848266040
779264667
643249771
24538570
595344025
394899846
84201815
493194415
417255001
198222975
436519588
517633570
749133218
173212447
745662809
380635143
27842559
401856770
622435594
470850289
377227641
51655014
126917327
599457738
895627425
576663967
133326627
36315502
460282416
458682305
207202921
573513303
858157596
371176689
780890398
460220467
235712650
259800783
80840395
770097974
845194053
455891483
91831017
171758028
472698131
923595733
866638744
441484232
731872973
742414882
684952476
499651437
709164919
798016517
195091192
215429187
177214035
286730713
315012246
941538575
865163886
985964450
206978517
164181586
665231528
4719450
66113869
283839836
159735934
904586986
20580698
741242900
655953162
266223687
287951453
499183200
813694584
808223193
370752294
273733607
815159033
750606772
94092474
891928899
649172334
164333881
974483751
245546612
327031786
728376209
150670109
930046012
979437532
424681907
780907031
532783827
340519861
673558573
321849904
771782105
754136547
771663928
646498989
293752072
807663413
872441897
431966939
320320379
905026445
54405097
837697975
584728116
612810133
739450314
522382677
151540472
237342858
92466610
111451932
279428073
969602023
244450317
713841663
376289385
808696056
345151668
677853473
316848639
144900198
643263855
366312194
598105972
471414514
306435870
666290398
751376585
687268096
202262053
124696943
135275711
849908941
755783287
73051326
939223513
376056817
474071444
289009394
100801952
479371688
120594197
90525757
758397853
974701941
695779707
420766899
177098168
907616183
565170210
924959065
659206075
241165139
299024103
681962979
471116616
136706804
159545418
207662812
477295571
93839795
326354827
810152783
165212108
224816311
740249546
758020732
922275854
62472398
586225219
437467695
396212235
92834055
101964450
651995831
658828598
916661279
642787784
254307250
849926508
842175096
427823464
656626545
257737388
511748393
508776910
467302880
373994042
951911453
578324183
70082803
761336871
946935281
89779075
462413431
801053916
838270705
869004589
766459209
720351325
761758383
774660060
950741443
691582757
387592570
375271262
781069192
477892627
956447944
750970845
312934795
369424391
279909460
144017634
595784645
912020153
42922166
154414271
428560984
467534832
431414065
508838499
747462256
331203922
956970687
749603442
456545723
120201597
576863954
485813303
821437786
815009656
538598708
477026149
352832630
96133805
915101946
757978836
902924502
416990102
678484623
708205576
905511026
329519066
830052684
802790612
53427198
324532514
386007095
263759334
61610670
753819398
703029834
524869740
299241568
537801863
911656133
384629181
601525762
568264251
545038507
272467269
19395311
845756649
123956858
911180458
243879451
808414594
99868331
912168780
973106771
31631813
898916847
682102949
74228189
240910523
2418283
715870331
12428921
44681518
181032539
261317312
182465587
888308582
525270658
329871808
783238123
320568800
480213103
808074695
555891126
366149527
328667287
120583629
399615034
379213391
883946506
642759842
823843190
549657650
183524808
919063497
882542749
737283862
781603030
850409961
550266433
909568130
413172071
379762999
200713427
83371830
959164196
279906362
121639679
515067802
665042425
967128860
563416557
940812493
49245330
874212836
322257312
826030831
99987685
747721573
97773174
85431863
520791998
981827011
159743469
737983233
658464439
904658418
667557707
231725858
480143910
265650426
799931941
78016028
320743172
720378978
291747457
863506686
317205894
906901211
100076419
142432476
139794109
712258791
383639358
176842864
354722610
798373912
46342748
401042911
283786064
849793434
445748936
81850821
523327246
632259178
286400677
661429850
178168531
495424349
551611472
84280734
132579821
371239231
799140015
544863174
34079534
245534444
546610947
542349107
687884594
518945459
251450023
154620324
792101457
801871221
609517382
225826391
158335354
954121791
794243687
426287353
961458679
838559107
660991867
829337581
687641955
894149378
369582821
486032001
973443066
650706566
599624206
274546488
966457650
979918496
68589225
922732358
170249056
277951379
791183671
769989232
75761275
66764279
652384710
844697705
390101770
728720538
935680598
100408198
798305931
713670042
264857735
652477671
45418104
161997492
94748534
737178072
550657029
599090411
358114528
861008709
718245678
452015033
546750320
830294516
873615149
515695902
389889597
197246354
973061224
258381385
966577907
119645262
693368107
447172956
182585426
666780014
735235907
166628079
842782764
969506933
345000994
557750015
282741813
874025795
417425082
249192979
890557523
626816183
233696369
602491683
437921367
277313584
845652221
575094516
262722400
945422818
904568524
741725814
266633153
861139919
602631638
584577655
59610143
904071774
465820351
825165795
306047176
712977526
975504612
458785172
109165213
648243257
950620108
715165678
122241633
243554037
679656510
81648719
340805196
479543711
420319178
133773528
241581426
135390441
361701387
888717290
839299875
608011957
285606421
137478068
22805143
421806906
371053302
705470831
597485279
887754204
873152126
320027707
855752956
141548254
770162808
201943806
338519138
558661302
762933675
629454547
926481183
909599474
73761973
337078060
566765617
975179198
966577907
196610938
205071724
48651997
478687473
115720818
942269240
689454433
499064157
695891745
798920762
96682330
396185246
897310609
300458522
880726144
440556330
196588320
266806966
954293175
235575197
392912895
673236262
746341886
11474153
173955823
275075683
540397972
462417630
620933367
652058505
686774415
151950213
883073616
63092884
388473869
593703718
275131712
486374384
201258720
608732378
93291766
743851152
452960136
441524438
405219230
345147729
486022955
885319314
757214759
393831925
866286139
307448957
268501439
832841439
529381682
54603907
733112695
74312557
620158043
115839563
696043366
471435684
968807768
89788063
120492956
837789025
516680047
161577207
809729848
606406635
581029660
943460461
46916168
589526264
758130311
11808859
107867767
192532052
564770947
386420371
904298987
865436469
624667954
424699396
446819009
660147093
191749544
17529102
270914672
832148483
247188689
545668191
226646976
957142068
83633515
737213808
354331559
834365671
169481097
406981369
590951762
754508510
691854920
215400978
393979468
577056386
544863174
107413913
845239185
132128602
700947804
692279716
542823468
254556287
740858564
105362916
303274083
72773733
381901498
622961497
644177422
504349677
729923248
975638643
588250715
441634192
164556886
821466607
941801202
211586529
693528985
445205627
591981917
692365322
736500699
810223544
134181925
818103575
864564892
467656261
510220403
268823491
715338174
797410636
279456702
787614086
805719379
780712388
531068544
171188399
856279903
3991816
692202066
511755674
215144436
560780080
377650156
923195782
620364862
888785266
324647237
306603514
497730750
876994514
637828980
353732752
764086652
64871015
455940947
910008959
37698322
683550405
248891843
454141810
694060315
746783629
628344088
666598054
286732578
886190165
787615382
697796288
53494777
559699145
110266992
664437585
51437453
645624584
666940510
734234324
841983878
694188522
724266851
457262334
141507204
566088818
413521274
251475949
872441897
670249619
23065921
844156126
643934172
318913329
429278690
532872005
562560273
823661290
53451405
407573171
132664480
598604702
758164112
192734193
615194229
454024327
408266566
72274538
636510610
16929746
358816144
180013684
156978467
434977874
343264076
125588806
71037298
35559675
352833255
374408024
965802680
217115863
332466223
224763431
455224969
664345168
881155404
756164949
141881507
224511636
972536624
234227949
706609197
970765571
446819009
82482038
667973347
339052025
749158877
190024854
628510059
761166610
761817582
701848599
294623027
691831772
225256827
473003804
706645683
441766330
499504802
89245201
509369626
95996844
700066219
38920823
61063115
67040402
4186510
745228634
641781585
160391586
699425607
75053555
459546030
477831091
734614309
673558573
688414154
144171367
340524850
106617672
294899817
297012592
452745778
175050044
215481256
149209824
746353671
195459731
221176660
609454607
755753155
558002535
111781696
531171539
719289437
425778182
952469117
234391868
936271047
575317751
759263597
815038870
479594781
69001250
41393488
792801029
659335000
114469358
829701602
95143208
870664561
768503284
13090784
39922266
157018538
553968996
790388373
164349351
78062141
151194766
313293397
800532434
900927103
89620710
921446584
182765785
97810943
134788113
320218374
161556464
612368829
706978136
962274355
670202941
265888938
20737246
848570830
98175157
606133036
644772538
289243742
551330866
844956569
899060660
531343945
862579834
58064632
94313660
579477492
915325917
873759976
904679599
269348664
584901178
137685255
892809394
833300835
696517621
63056111
341360154
715625052
75182339
765796868
799843350
322527212
550153569
365011593
111018686
200327496
907022178
794513734
661670200
453730871
723598121
376281805
774944986
184570020
658945572
52447818
80172368
254523197
502254424
530261084
818280954
848424366
738107545
319222391
359152239
632914093
467055519
916434364
335485162
472839457
863568532
660932891
412446934
922428124
448804307
500590591
597120258
68854571
562039692
850903307
652189251
398897429
214650511
538510452
295132558
506112625
845721628
776060760
774081618
432596184
148403784
901846090
458068246
31068052
84361168
210185037
243329693
212893628
90636423
15193773
259163804
832499722
70704801
191208833
591298018
533283906
47633778
557406200
791264836
826695082
700666730
607536447
505567675
450279072
746785844
465639675
267941891
265535931
951911453
327359512
165331912
574675476
192002066
330042675
898842647
556068840
197444439
153882632
470891
82254448
859154318
635419097
511506424
668635816
395862629
29362891
322879422
109406081
897432914
794914460
396704727
574723990
257202707
622466621
548536407
254014545
240953897
554013349
207827125
751011567
136344364
8700334
2711719
773911888
880922922
906298377
449621445
303152662
962282867
709586471
383221723
869946614
84589622
568040233
603694256
343330161
443166377
937738107
945845094
411875519
669413807
11256
567375616
75477449
674493114
273510208
632719830
256017649
558060693
468895038
58700789
164121703
594565932
547351221
879870529
480083629
443061282
762077034
525165380
809669479
297694962
207545964
316569026
364661735
542881983
922374148
944663674
662021591
805051007
477644917
838086078
896704085
116603635
891673904
257557348
979065683
447575776
656626545
859531236
558223409
812365768
165555887
15969232
479301491
37208862
765124878
212378985
315552922
901456122
829334980
165502634
951930478
299049478
755638364
657768743
462456221
905993027
18527361
521903674
279000382
153751017
890566898
80196223
367293112
730558031
927275321
484160373
464064113
399511529
330491641
309391847
962208158
70554220
602821262
165076904
747640244
474547897
152215124
673147092
533711531
103540635
649055763
737163099
936578970
300970576
495313511
251762525
159730778
301267547
408322235
499228547
975571577
763682312
336970995
982459180
807336709
409733008
550592619
191235764
571013794
702802327
878537614
626284629
822306789
50862552
510544795
320027707
336248139
290370579
759961013
846437293
449730011
474559625
410173190
108129914
114971887
630701786
758008318
885248600
194291374
137815254
347128993
474719354
522478653
92028639
603010924
498604325
950280896
533038024
362410240
253174632
269717512
753668765
702945893
406344627
321858844
249914912
638024312
661085009
578590266
321681396
672369958
808412303
230776067
326745307
941272190
543197046
394208765
822118273
678117090
214988060
552703160
65789129
211020805
471773806
387090455
501735879
754291236
86540556
843139579
266348463
777079835
341097551
959352155
796385253
453392360
683846016
529038576
553186679
291509623
127754634
262973690
398029411
579231687
275683876
312490449
607689930
758411432
139934222
947784042
384088364
352155615
578271559
751234857
124715771
208522463
711356538
117276463
291579331
248569565
247197832
706709298
728050165
551077587
599646790
771928189
439611732
374408024
567725298
274956724
696916619
541028168
735291163
216662366
598540633
611028102
975606721
945252576
315806337
213419201
906961155
638926595
781378751
217044845
721838085
663121065
410584078
734263586
653563392
538626176
316073466
736890286
537761732
961170974
535759232
787491815
397723929
813219332
850547814
632465748
495275609
178418494
770881097
156667363
82266231
124674102
39355617
420283710
503135110
43545616
479426682
710400751
282741813
289610204
510220403
344447067
30619484
698939436
158679272
93684763
64896508
515448507
439170371
974301265
204463524
203553398
108401594
320600608
117665041
529925450
627748573
725843375
916132504
771841137
873928092
498572609
553279518
31385184
804853840
596753726
199856164
124359607
399576404
379392517
768698375
1820881
769418611
369304347
194309947
975747551
778033544
402335891
36658504
487072848
416166661
453486305
748216516
842267590
591134401
34023235
538112444
840781570
822136277
602080294
806366787
820085740
553279518
372569160
178375410
176993974
618899362
331972665
319308736
421153980
428158050
370579714
805494585
399201665
352704272
507987159
154233984
33749602
638024312
380313084
211160697
958225226
769083066
963160839
623499811
352646664
136690482
738547734
791925458
23255731
62547650
608490023
941858777
691405824
555336682
380485375
136270540
567815402
516929742
183399674
859833267
167096604
594807244
160231898
887174216
378019906
610974023
497216101
213404905
826507645
881960599
222089475
696847221
617205338
455439663
230435550
426299220
836730276
781302127
806466286
372106595
365696167
598366031
662579476
80386208
398508025
423969096
280902707
576501084
732577920
255903030
918119464
319786012
685709645
241755200
803177140
833848129
20750973
947076283
388993428
593615142
620731042
713071231
683644503
384192261
671679178
33222809
760905236
796732441
681341086
915573242
897281893
445868914
19624217
927421731
118698909
366652792
580304307
977052331
624183716
330948038
540019738
600276199
119903594
837329904
715633381
667560968
400735117
651615407
213529983
943740846
881869404
659949557
374909356
533937922
910434879
81104620
654892099
289132748
93703224
209366075
741466659
131686220
508550197
795208209
639906281
915462313
815055570
673596331
398537607
516750930
491212136
452412859
941668274
47178379
326024763
205077205
464052769
844501898
792313410
508404945
592650074
218829275
820910201
12831698
798746636
874925947
862243258
154233984
696580901
519819302
424431502
621920943
847330080
237298958
236144108
174783769
464822785
536138707
646445031
985998675
569082059
565682825
588163280
825683496
352040704
695905929
929319164
381196594
622522307
191158971
576052406
386483724
318656876
575764578
762786579
685546476
839928381
483558576
841156430
404745837
572286002
467553571
890225129
0
253441756
314959790
941461917
109279427
454756526
667870569
614582583
398737949
564899903
477595890
496062861
326986575
471519927
80032057
10848322
166613558
282758341
744064941
124952557
949131100
388491877
716615886
757937364
595741082
518261424
107515805
265648889
344819601
914161895
946770835
721159698
655660135
80386208
767869351
243981716
560371430
740320562
244798019
607206053
6306389
843381225
376770754
217960683
930247492
912469231
287178887
302939285
94027409
547409493
610596638
15947144
888028941
780890398
633046584
629797737
105970585
549946481
76206769
98127158
165724455
645301278
667633214
453756852
102109417
403740531
911772859
865864130
809443576
434460378
514666631
830816510
831365510
339964705
49042075
984790622
886491284
171202036
787339110
439142190
603896887
795882748
554686977
75670681
810286823
165758298
925458005
800150345
495991839
399169472
87671314
686098174
647823505
889840047
698710699
649047937
823948332
394452236
132824072
736957532
688639771
482677522
833629916
811653873
395051482
505545954
248569565
243308025
574989960
391379943
192497415
288668955
227284308
626662133
756936290
692390086
965003449
983940455
211589211
221641267
160428402
571171198
467460259
512398230
791251792
899023032
697397542
534075320
736502345
716110625
169684598
851402880
605362447
515962498
937288253
291202539
601019753
17447992
352246382
669763709
536408542
914761733
480148403
308976009
403988693
828878529
522667892
154349161
260401768
36500443
4642182
790578594
77160358
744864197
508466104
7467464
329951623
772544611
358333627
323586047
565457925
620687283
489247321
162550236
897391556
354718708
883237854
935682067
619695734
59191856
566090347
816661585
875241964
196490544
677268731
316986591
19472811
573205834
827614935
981803086
280566012
182902398
100959712
610154119
484984593
814797003
304230300
871973160
37945222
289097309
871736178
365620968
753357227
983952624
283466252
678582126
736890286
340472839
274125484
956121302
683380046
697114637
639937554
869294223
187165625
719448459
781768230
892786045
310413040
496483144
925296294
37262137
869803455
494141171
722221877
489107894
878097545
747065635
774282676
268617193
782311832
832564242
284392063
110853509
23119455
584628303
660792128
530188551
68040918
371959050
50865558
765751977
259618399
695378063
455507339
434466051
663228598
286655824
263345488
894696296
468545299
719375705
363665862
670350868
820353780
99539376
861851608
125311430
484764557
0
327453759
447241105
644177422
811837323
697453255
547703784
84629302
362561596
888167468
864084564
707694457
389499224
355572300
532973531
206427379
299800963
823913053
153350558
332362108
236414717
459851949
130295292
977772678
834665427
776328585
571378411
752423041
137771868
848367859
261806079
449561910
703157787
946283212
170147430
350595450
224511172
935284333
76239272
7325108
642759842
981613490
668487273
254762120
330681900
693070468
557761230
42269510
894930244
955288068
778165507
251262832
907578146
897281893
39730028
425362135
252839108
777045407
850701402
721611473
759941805
676511194
562064242
869457812
266017336
810779756
538157877
973130394
848835592
172570980
384253039
56167405
656752092
271324092
596733848
842432872
695535946
596081120
127285789
361622092
424408260
506940557
37260326
420842346
741406927
725369649
453070416
920637945
91669413
765279013
648070588
663394594
907457474
120060913
310984522
266008949
583007580
795249280
635345409
176738888
969868217
919887343
842895978
498427405
2231749
421453623
330768402
561551213
230119003
404163720
50934221
495396453
256164044
952182762
431954734
469814085
970210271
490272974
9342024
421237766
319499166
58722489
525044684
278512252
621192849
685148647
66960185
495920213
50287312
976787861
461583392
230918791
629135191
780247231
169528505
747274771
566419518
667615608
942750833
250434710
832754546
280826936
26813924
187482842
352532733
98630280
534544137
957623528
974310528
844853733
237212105
397065870
300044743
39636735
531984416
235176349
877909790
232003923
435799321
838940956
810087175
807094341
707485694
525294967
101481932
659534947
952279640
703315885
726727156
122637070
506442417
618902730
528791469
154821388
850907392
647570566
257705225
96329984
984635168
951673376
278008246
158020540
761156509
137322974
760154885
824503357
12084244
657865383
221690103
444350557
484230215
903770696
4732710
800541259
11012630
859865717
770944811
349792818
206985357
350106106
616960910
474868964
546373545
959617882
779139272
917823983
700489025
313142128
331094033
510512598
547713523
719489854
817002706
673318356
975549760
965164749
735449101
110448489
717151660
634982755
861735334
272307553
798040105
614601980
381196565
333806533
928847128
616335756
399851033
962226433
792346807
221219950
874479187
576344759
229651961
273513101
882047477
10976529
647798337
791434344
621684469
331731533
803561586
136270540
690553919
931696824
908857114
492322846
26431823
831679229
312225495
954507941
563141606
11819168
620208196
527671111
818505522
315499087
284104151
969602023
649399109
68037831
976935411
389480144
968629115
17519498
375658496
321748639
584544970
101783450
894630615
452094517
970161572
156122160
24643110
720862583
632814641
981573868
295082594
895987515
213366508
620383076
235959790
310023195
466048818
73343459
69359556
146175215
146038970
967068511
633664098
626325437
567492254
260864095
498215180
983105386
771600140
25260533
682713015
755293531
484077054
606070398
44681518
494603787
697914207
76513109
761284809
892521760
985880415
358806127
243190879
295336395
249076468
257108208
292018679
863202206
244605546
669806184
292480881
717141203
865503854
418029541
112267462
607698024
515760715
592641008
53273862
93833117
959893926
874544565
968822585
953291515
865086849
674356178
941232568
629647037
654229179
370630565
452590851
782828054
96561142
650815491
419062374
48122662
63722646
820435381
392149445
982540699
900130351
753039405
850375290
935259873
824740967
531877274
935023219
607737595
696327045
655949918
67686179
658484851
732301554
653555638
935013874
983702827
463953986
776763872
785078845
891320234
48757862
691074600
57205947
895641274
223710072
2708378
308649071
342318375
681135310
608919853
401507611
321149032
396668111
905870981
562473385
906798009
905225766
432953980
429043853
721492019
122781226
410637777
223171773
601264104
79791929
736051695
55694392
473417254
197660691
406362232
440845508
629424659
46108410
395221793
849693976
662502323
747460794
97309737
795608776
61193967
121477024
411527470
438722834
133331096
244213509
865227161
421679584
568700658
289837454
198314024
261211643
757827142
84147959
131987574
528152153
915549605
784351045
96853394
864161721
936972524
774690284
433877653
621869299
99457620
16866439
750077661
856015910
908334307
771313679
492209800
607317980
813408073
532746650
796674229
370654544
307670840
248891770
194797139
832994304
290996435
208666281
436831088
155210465
551611472
575384379
278985436
690997373
965973731
951573761
558329330
898468676
573853872
911306818
117617041
110402427
763730486
741134041
705785797
769086391
211290657
271121905
126919911
597050220
809200434
373290715
435883219
470580583
666391213
323277430
799528189
461788683
771143980
982608912
952254180
365197108
300842387
500272533
329159125
581001363
344397333
625696906
429394410
944533436
782579673
118566971
322169566
787456854
807526269
666268410
28597274
921826013
476654159
170815265
362557794
666598054
170000512
733646589
731734046
845059096
851562606
14368101
475607739
85535719
490578552
88095437
67489853
789175886
6156100
605905063
786864308
389101372
812584112
697666898
677977382
76513109
571013794
399483093
932965006
201763243
438043240
166318880
738480529
495909084
787641251
892939174
49941522
415229258
189249527
682946360
551166335
734602105
460043073
62044688
674120032
299122378
43849675
438473216
600627011
180874539
303979412
275363873
190441581
668133854
449580517
71175186
296536754
675647186
279782308
807849912
634216100
329107260
336766118
84728
73042122
982103974
454350902
512226294
136166829
780066736
650815491
127675181
985221667
721495139
26776959
615352872
889084333
954436999
354285387
348242544
50022395
250838458
500375243
420361831
806783381
321606289
817649161
785530953
542885758
278920480
640755704
554150052
955538053
230474976
480598409
254619557
77439789
23379378
26537
353513606
52208688
904586986
754875533
718819490
916345619
210507624
263282610
910611334
975335830
343762854
979379387
572370836
380764424
418641630
53572074
536615355
508796332
763379501
744544445
618547337
660182681
596235360
179971820
690929753
978081799
726234273
876019510
467982806
343958499
482146692
183760854
103457315
577585462
318793621
382308450
850391656
526272992
828476432
600799448
970421307
257962386
105865057
732364005
876878554
92845947
648376266
279790758
104448948
449077429
205019028
232094134
763730486
93451429
647174009
310457305
738478262
764742579
645076004
876188244
56582064
504509262
338519138
370053824
482682664
946886863
861726890
10339
642783467
557215484
476196153
712018833
691727666
557158107
222831313
978327971
336000040
54753559
926703880
550430186
873859540
674843654
228341822
558335074
603450438
130301664
719288369
386164594
253355774
58263398
698692051
768121758
233077741
177978912
961733603
826715030
677977382
966671189
951229118
160805304
9339488
262195635
715496129
255985001
777376302
645797685
978931496
128529815
725979345
234415949
513200926
526702256
190006071
917236879
151614725
577642988
850445942
833058011
782381895
628160565
237012864
399391026
593228248
684133685
468058003
890808944
661570615
298262347
389265364
292245173
388466774
889644387
512874755
966525036
521865296
879208463
168147763
59418114
506318364
112645203
756027575
144217650
742217640
782227989
17666567
405726496
834835329
712053911
440691341
85358549
752864859
15798508
24073727
678176457
681136038
385565978
525120035
629495619
741760973
791596126
550791736
449515317
238832921
760611869
793553373
876331227
688356051
100895397
99868350
802031423
962509140
841513461
701610837
968682112
161200776
560725731
918715302
631753259
63802702
775962291
726028182
949796714
196192965
569194090
321079519
951588723
912685092
474805525
472440687
121370326
23652799
720427824
378088873
321376978
365109244
364886424
833798699
942101119
864626569
512990243
217100275
745179352
620960245
630525900
897298005
552786765
288430240
643670266
268144059
369751391
646283835
178647943
167726534
534069484
410824530
181266395
121337824
732387091
282088926
341218006
818879260
422690958
532196047
195133802
724541008
895786064
742828932
572248575
477547823
639130823
196197992
968853830
832919403
10754384
491787708
247281646
141835397
554960942
839270037
10976529
933029145
90473154
980816747
506786608
440692498
729758942
591462990
900217396
870413330
479067733
768203635
404418759
889956214
374101215
108511595
673425526
386918329
157018538
937598099
293605919
304591187
565392307
502230699
59873875
885419590
921428367
93621325
906295690
893685482
592963081
403670551
6846237
484135748
466619296
494235740
799283959
725755477
177272973
815634379
531788558
931791397
348559287
309534620
324996986
985744595
65996417
771138009
974580810
8335491
10011725
971425382
38823296
189403744
478498274
387996913
803397198
523593740
222456802
22779959
890305413
565340184
280411673
872466681
476519497
693542455
163896165
144830088
938381421
368785889
819743997
25790257
728132412
798488492
652468992
950350384
199399520
735676486
234973219
115634402
898618836
468807747
931821323
584671340
903126942
889501977
144534453
196862872
686966229
610453030
814078125
86197760
687726439
981358995
794445978
658945572
590914525
908549471
698498084
13749355
641399114
125289303
433092992
740566023
60838063
98729808
438597596
372886725
866286139
264403348
409886
553626619
217002307
299974843
642616685
717783477
458698154
826142309
61506973
861688500
194464852
917722207
516467674
100688258
278606568
984790622
198853600
529821755
954161494
369885607
814450474
173528104
179368555
968897896
803420037
982568439
884700529
90282543
36286347
755125521
172764236
843348249
177699351
862243258
859705017
49982275
621308410
932806997
384525005
370950685
198010620
960441160
319204014
825649529
502179827
55814355
807793220
643077946
942055987
671653576
205854357
212682587
913949167
970573530
778067052
317308190
394340951
820218883
38544874
912168780
75451106
487408213
812892756
190140328
156948164
286106878
881886496
763104124
950060730
804535254
122126621
397296777
31068052
464904379
738897417
264105964
720736913
581650968
64352767
875345985
549164048
610289273
358031727
416003446
1246667
538604597
331341128
455497814
456556465
702835828
494843564
686002890
691688344
122965644
873033951
329322914
129935396
920380170
109513356
248055527
799179514
728454094
852243700
136898800
256198114
84154973
34786853
27854327
373068145
397660080
768979999
325370988
662073262
302186301
85852561
501337729
807977716
51024675
560649220
202649111
803177140
90282365
101328866
475985414
646256341
707528536
236008994
436519588
491040388
824853828
659520188
781919786
821703344
919363706
311022009
556818128
449820696
162729261
653145439
821500059
966740764
140178670
688356051
112816811
931226069
753534803
51569269
393314765
212917322
345497315
36046685
369593469
313826471
579549603
441439889
803926116
678053638
756586414
442387014
445652366
545509579
704181982
691849977
737048513
165507802
889832859
423259582
262970593
307048096
786353115
363410918
851800025
877499210
911287348
298395576
235992265
243642069
614318790
339681192
422415582
876826448
205562678
808441122
451733347
839797375
959301641
571701776
671439725
673361489
942191462
600820709
278402892
249788675
173431285
330468377
470841696
692849081
829847790
566238500
696198738
43978124
924021402
608490023
971442709
512552322
301696076
869333722
213524614
642747656
869609389
335953098
902147658
585532233
126919911
463076316
383127413
606456311
63963261
449333107
807849912
207166163
471810844
982487266
83858495
873334346
195729861
727233242
222456802
405918160
669528908
984003471
720152304
5254201
854188221
435098450
269524522
248820796
778672674
788581578
880463082
70002197
789417224
858916627
305803829
711964154
919441080
807460781
247402998
94161420
567523551
126878035
263668628
957055807
642366782
449296361
181246598
690670640
706323913
327546419
168493649
638862578
89743458
186991101
85017851
171002564
865983427
723580617
579017676
770900079
926412397
327110414
611112399
867581824
843362090
392510626
193293085
781523429
636609900
641662891
977643853
167163314
474420850
96829811
348055591
139065430
479139302
249670785
322130373
111480121
702517299
394111955
912034199
737945867
492972401
915683968
367128657
337192875
858313196
249620949
559041519
203634381
305823566
904454866
328520495
326687529
874997747
256156062
941098844
836019319
519377993
192816608
976363174
725412202
851776231
497230921
732923953
947385814
4045660
860242940
133265147
344244442
594890814
526235040
430342316
663065580
157950177
602889168
283626268
364954495
854047335
318579639
334256209
829570323
517646361
796519252
303069302
421901956
639058870
369118122
771300211
508838499
664518857
30967363
105785857
568960898
94634954
504330873
240675508
761043316
586278665
880331506
968521764
968589190
871951886
333596096
624186050
21858807
305976500
77671839
587174727
146238504
155674755
841818441
452946014
15054514
596757379
160675466
480478964
294359836
835647804
831503666
933257543
156452993
259186748
41556091
465062379
168425793
787493458
216034010
334143272
956287145
249091640
125364852
99714189
605797606
311913242
541878906
703027512
778991796
907333721
700286237
368181791
960599028
730843655
389108979
66681811
718864127
598567550
117575837
274123355
120725603
501844627
983648817
711462615
218037750
475392498
956056148
939379656
176825180
296666652
2950274
280327799
79945023
382749477
176282785
704476852
875508709
652384710
656272008
305028518
878103125
94383600
730678262
923387703
575639599
296514652
589407255
197153977
541557309
940201833
466426343
227280859
304450134
778279496
138463799
863422086
738585379
726466860
367905276
639924497
501546994
553794605
272426186
15809771
53975666
833157629
456778221
653221278
808589477
764924716
492588264
150058478
169361944
766571473
591123872
974980260
786337522
517646361
412049898
726629912
537300294
131446071
185398094
961353555
843430492
338339215
218945242
319437149
603462743
88734169
125145245
152620617
528215403
886814627
277404785
410362541
444176821
179539280
683395148
975187817
394135134
875841708
894630615
777171836
376838453
430948010
618699302
235670580
643812826
960545074
364537583
704045454
409931025
417781904
880891925
553765792
913706536
8959331
524869740
509846425
592282371
351390715
62070860
178524887
797318863
633780647
581099313
745793138
119989555
421029427
785533887
600105136
53634696
982180925
872197907
456035881
569575165
257294978
699425607
769900672
658317407
579201945
916313877
40567061
251808415
875709194
95241763
248700118
616960910
933216456
711537170
365693554
561794532
627809929
860441893
918506891
544112770
629877630
699782367
422266441
610042300
713111395
162935184
474917218
291129671
247155747
173383641
370947022
981055044
944491802
727869200
524413118
638381616
918421478
799665444
666842874
926576508
773738034
346421133
114205333
723301038
60036098
667462362
446276876
562752540
713842949
804018822
64311288
487103285
298939961
831171818
474342521
563816308
111751087
787324493
354915356
843391440
666901855
36281666
875161763
286046693
833384535
341302652
908690523
11743883
377475040
507847105
195023602
250668705
100849845
353850261
657186670
165879100
390737703
373326010
323273629
905430920
330975665
8164941
264560348
511675
22401109
547487631
322056907
295233564
264459757
213266592
397327142
487474244
797580981
775383804
507597314
390615183
484213035
925334684
380918865
528301457
346803296
830499503
225750814
543944364
553788516
227330473
275852082
142933311
407661825
554372288
417709049
800533982
525025780
422266441
5205150
128792649
955743233
244300326
111670076
200708006
555142079
515784787
805049147
845369189
782083404
197276889
590511503
940066848
875452232
40344694
624440894
865955343
635674877
846112807
183250511
140474343
63233322
837337597
23404577
514431316
245938567
656761613
769815584
291129671
710248146
244319748
298117209
950980221
619624850
490061425
46628843
735409646
920518061
782227989
535117369
469169738
38109317
550610916
301114290
390615183
794366637
368509098
871689585
330570879
144481026
7736655
641895444
667574887
914819583
884960930
791396506
715300083
605925922
835137047
952512810
648156014
243058070
736558958
948275014
637170491
10821010
544295338
307309828
973362080
778201831
960441160
183919595
330219487
436420840
150648743
543708500
595384263
941491779
597726391
640570741
934638891
467858593
9783987
63176829
631144938
48297880
31820449
96852813
334559737
688275045
412248286
952962576
924727881
844109536
219635388
295023528
184821831
400323856
982816828
520920702
220150545
67657252
628512573
492112892
925143400
768703210
621818353
681041573
145762033
229749185
84817152
624717444
725471412
575900399
321448308
390600170
929833560
50869379
358844021
318334737
208307998
270072821
256324820
652426847
795587657
162718
869333722
360227819
111579531
263659156
824890266
78940419
933045680
530520664
49832997
975405389
903698911
95252346
825240436
577661707
381597974
611737592
164826212
47658779
614722556
369915928
879826946
366621473
791792148
428512210
433410429
234358899
146038970
415937686
63168627
746049569
255519236
465855690
400850990
875438530
343196485
674196437
522097713
404356973
803624188
893850372
361420611
788816168
966453352
877080200
127983179
553052176
423614373
783896815
910318347
656722326
873246042
927917171
285030912
294003202
55541471
306360196
664420970
626284629
97401059
85188148
653736199
131342294
877207495
381792672
651225099
895321040
307031996
310630566
249998727
947076007
478475384
78662809
568222169
423357511
518506129
430219747
445844979
336577527
698008855
595055339
433168477
968515636
273869808
507472114
255378783
366095282
168825426
522772719
780128609
519880620
980766913
504709288
444426025
97566276
109322157
880707447
761374419
911320386
954003299
918058084
171002193
230821268
303618170
10615551
869277672
895034828
940560813
803930763
266969351
52166591
489418916
601138160
848244701
795528083
42597178
814448270
930510152
266540976
540901200
718227396
579203782
324814458
280020995
983904295
673318356
763896669
609908417
619609950
314901395
670854878
455572857
939659365
773832970
759539448
31869370
424478822
232239042
218789292
134458557
634913463
557803868
523088331
440654007
345596860
520936368
964686065
205335847
27064360
462835562
56039232
637170491
127916574
495686859
596759411
116040436
724375635
730450982
311333783
581355899
594363003
23309821
506890114
546192878
379759788
343279875
172191084
907316780
920518061
206656406
654455422
550523881
506608163
378972289
53256661
778282126
940057844
416328585
760023945
531743623
882975141
806516043
951104102
161782954
918200539
242113114
553155824
639443642
872962273
333464004
549734284
419016317
160339806
335052879
400484228
928668620
936991568
162199365
660823087
651191257
548396957
831012570
367369972
83104577
604716595
89833548
726746276
631648929
574810783
637300638
76174807
369593469
58884929
534914218
546763253
695698849
59700543
164411597
875129753
149460240
177183556
590600224
832841439
478166314
533993143
792787635
114430982
32561994
364957871
733967773
594340799
139820898
374556876
904824088
352832630
208568812
105830305
602702424
340787641
266945341
573993196
456882234
614343827
589212109
802488641
933901015
630291549
619922736
139375873
316164609
159331193
761268810
588643688
621308410
486600971
189275397
888048835
41361753
555937553
531329571
664430185
619296426
607698024
391412176
767179826
807592030
888755851
628424719
675071793
701104066
35559675
402962931
411215010
763834640
916930397
133522947
616943851
581001363
904563442
435210353
795025798
552689681
640871082
42378405
465198812
100665690
475691653
460785486
736221717
352833255
217998696
282670630
512874755
883353735
188387359
52589071
82606070
622602577
204830270
544497697
928092031
643403549
884623896
742998942
301538047
769605846
571529990
701632330
310239067
396930739
221354574
120050302
426622488
141323193
80897235
722453794
326683431
387592570
339848089
241631868
398550107
973509567
560008147
782900673
592104557
901648006
231811878
111808447
126869057
876715652
247115204
635958954
96703482
887137848
369549025
584625892
34737201
309099555
828552813
805864756
547112183
577928781
512456101
838183189
909377848
290228042
363326033
151359342
680882053
273332067
104212644
939680316
975221357
767764338
604625518
979741724
815800837
59418114
177023868
720659584
406906266
862199398
34604097
226443622
108872169
824229220
789780841
926179902
733088688
200171479
437100747
567363829
560008147
675730793
731279539
188700647
331425010
658513690
685949688
660527214
124129396
99009172
518214834
531423764
763529811
52370993
972921197
617957115
250282116
291638760
216204786
686555712
226406499
449262024
528749327
457069379
158020540
201151523
558002535
813535596
667947210
624184280
130119243
804844015
835738777
778914812
172022098
370023907
856308302
487910790
733829470
513462793
686704643
757093398
532936080
588255731
918976122
895153515
783908133
474768169
467762390
286398312
298852554
946928154
278434123
444903428
980806361
19381774
533996701
900832662
939172211
315006919
850082759
440668040
512771789
736808817
704913388
778790273
61795417
804421290
851307225
591103944
975125032
591207646
191258080
583104786
365646767
451644514
756638413
676531925
67766603
675740897
761043316
459123527
390835841
392149445
891597072
754083784
455545406
175625793
826560569
47069574
720376036
343296271
935934147
166313468
948238612
377053624
386514508
567268205
292993780
3782998
878824045
545181303
750724175
164911865
849792904
87885222
163132426
948013503
804633367
890225108
176503837
875857593
389321132
919623356
940524948
698470710
598078905
78559395
20448931
974472402
980337400
325056857
693070468
557799316
362604887
802459481
406965379
817649161
955726581
820158755
132680246
556209219
635177077
252910565
158663028
553848621
895068792
727172222
982914918
59238951
865599257
16717293
449927254
256686354
778596231
740834630
477643871
282164286
630112514
854462236
33222809
190809247
780266749
140084680
6742060
249648682
27923433
795654007
256049420
317836352
286361842
548156996
220877518
937887327
230918791
48442108
400682622
495532675
798624250
475364400
488698469
917892392
220008336
775451839
236648379
943595798
613206131
15859851
968287883
583596693
419629452
891170156
763077103
587235112
501650456
928343352
973632467
980743246
933900749
610544040
13031181
644959983
746276940
20729961
439382010
550360371
575709410
439197632
982136964
435191910
779239704
321820810
166389203
639131591
512788883
786019921
625998813
511323409
2100388
233727900
205571118
592423854
131052415
564969806
985416056
2224726
388469641
980069478
241696840
96867427
379617292
945550694
531450841
388498379
693664011
807057106
431537320
353702380
821561624
880934058
559041519
470209959
198722033
46983191
657191290
853982509
736347616
96822896
822809450
820145729
812273409
791707080
954228704
751558193
902992964
922718470
204467620
297828953
134183435
165058355
931930980
59587988
459810346
194149800
958046212
707463149
781742053
356092202
684497969
121987435
142403867
201757347
314328526
883781459
693897154
673201952
234902980
846094581
482553260
499094961
489565051
731920606
642078175
276569308
786574887
276667836
314222658
861139919
103001892
183757589
21287652
907431419
747277290
528150845
547923070
976239872
787108025
703213086
358959841
23409105
102628725
138942866
65139060
659718168
505062500
122657611
895523679
189894410
954123011
302526411
813893284
806130987
72778095
332622146
408215912
561191788
51742743
75786992
223879435
715270571
985264320
97117292
780552030
108009753
93293071
694903225
93516562
47504037
303369808
635930737
628531580
438602122
750295404
432398164
884018236
259464499
675968122
596934654
845237885
715653001
109518282
647566639
169528505
274172420
209704293
750067722
939861592
717467842
471656887
622086947
942585169
342464720
478133322
620206719
765319972
314327948
191028597
802221377
821936233
492478459
580373268
615907374
124199750
98440826
975885953
807135088
885448261
575958965
443978688
67952368
511168260
452688466
913261850
466420968
480891541
747356175
318236698
294188953
128544108
463919244
322130373
109201598
876549611
199935492
721473702
40857612
78652607
672648894
249134997
931399623
721942329
624183716
121239514
904172906
168119019
539388147
734875654
117374495
226585656
99570897
266603753
695228622
82161839
906212016
114609287
114238680
446635651
526025184
563414779
477760053
342847989
642436875
366247637
762650418
511912447
917087534
646853113
703969306
116129507
544470012
836368977
181405823
52961847
32190446
312958989
4850461
671396091
782326781
594259223
17509871
885133247
754622007
742492905
186820212
12865091
562200458
358711810
128439538
866344910
96587786
611001033
399614481
13251831
676531276
48706750
575414673
284787272
188424882
98124900
430378250
67115443
313014227
109241964
644108006
535095335
624528550
347236988
109525457
13718308
616132317
948514612
802091430
510450426
744001868
524075507
371848131
923638675
861729325
612351048
269966541
366915821
337141584
46078544
589125955
716706273
911587154
917827043
818856491
514236145
743274187
837421699
969200619
884698995
649500912
273400789
206215434
775651804
513006254
528831027
568923560
857631473
217860723
281510354
869333722
130539662
979600184
685411463
445344090
527521919
562309895
580672904
556988068
554903116
958046212
836613791
300690405
612223233
441439889
857547170
968313063
112081882
279212687
279567380
112977267
102377864
547542109
303274083
795258088
530046348
461123245
291703174
186031886
945289771
431964031
588845189
837789025
323641088
159475009
20648740
831930879
778112835
63867654
79239172
298939961
805087073
291839581
429365287
23185468
481412804
923483993
142061552
45074403
64937275
358717063
677112451
881390799
368061123
98189308
31994714
607878401
283335719
326825742
353235725
602420436
848726497
316419114
501079595
668150569
310242653
452788855
706920686
557931581
72172524
393036019
5266146
80470798
640630604
40857612
207196364
929866653
977741542
284297109
312599884
748285968
225552799
445288208
860157797
144744458
527990231
608325082
86249106
515986116
118516040
644120840
403796594
485968299
155202825
127743622
644634585
641472053
732751268
118882689
428071590
836100271
16500921
793464574
96133805
682511160
61912218
552079623
71722537
96450308
33256194
744593368
259627134
66973036
466442890
909931207
550363875
197413103
512051719
249851089
690504433
473548605
303856636
820237047
612976467
677836762
863215020
447633624
395911978
601522005
179720529
694051057
984000107
340447678
47488784
378151060
433374016
886966053
559386698
693541797
215222205
330034622
369468833
869339204
700890682
870694935
911666342
681102469
880695613
818690206
41275001
675041835
914971955
590270968
847994739
124378041
286908544
117830894
716608764
447466811
975808375
925511724
692353100
33758628
438676394
745612400
955137566
695017091
665989437
418815989
76661161
288087359
923203110
805899148
62172009
27368588
693198852
69971342
982661807
278264580
743018185
579251565
189672916
138516564
199991086
66518296
258784518
961419485
698747126
444893783
168350397
496820588
615378826
187740830
283237596
383582253
485722576
342776782
94102117
225994720
762965617
798633523
624026981
155547334
479362472
494555602
254895191
261607861
703810039
829426515
491829655
317339430
220465506
7063854
385432302
275676487
420777926
264008964
848663329
570463941
247119812
168369328
258181088
733851348
367783400
292596172
606935684
390241056
904473469
209944580
378176615
743533345
109406081
731505681
875188762
524726606
313049376
332681714
799263563
813668154
952515699
869669520
121252901
296430868
65139060
570604389
470444628
336113871
294837045
121784036
11021400
319623735
115994648
317223770
361630610
763134093
752028514
250443607
156200883
746110993
381942054
147925820
248223310
626240710
434107498
95081471
216314208
985155934
808485171
524294011
40821362
226902333
268180193
891785319
546892568
164387738
99510473
655122542
171584029
163158064
786789844
400179914
714643067
483629084
277524108
780247231
123637593
797263127
486795868
465343115
772367478
236768712
169553149
313313857
326216299
55299936
914842302
23246221
227775886
191158971
596573761
945037546
702941309
704899629
933311186
82940162
538654933
734835711
609346950
653647443
218331479
388131120
826111125
300905519
372074221
253688914
697008679
367027313
523370718
406976688
273311039
85773950
297698576
112225776
469651514
581387835
733177841
203396528
690094270
111204891
426603297
107025810
331827868
243610558
284665382
721197368
343732870
264247612
358204277
15501980
641633341
781716356
495991839
45422439
186047029
396988701
150439882
683848339
268672987
674349206
936047806
983951438
303520691
56820111
189177092
618288740
854044931
958097074
239677645
386979294
193314088
112015112
411613996
212686449
157249516
76770917
395398925
67324033
171696131
110458817
62384163
108162956
362798470
119692148
971146603
367164702
370801466
306386843
881339382
686842733
11657215
836259611
409219415
927421731
945140069
120734014
857729187
273451005
270923003
48918116
176322274
881634441
122787211
387874891
501183261
862185405
627650222
447277590
715760634
694182439
172263118
745962884
978032587
411597107
885118940
733978544
783721581
527627623
806124105
896443995
859658938
402946027
549928984
3896597
392164580
488614016
450895853
707633035
132939873
5775099
342230207
890580683
974676083
553105874
733977620
210433902
35401064
522973987
121785144
11227244
724748507
490281606
300893559
464796029
748921637
716357377
74728940
119145133
407172234
514723533
402895918
105482217
931140585
383453899
494370056
419528408
797379305
300893559
641204542
985605422
220844851
425722238
386294231
528105051
185835700
437120696
605948353
657353901
194582616
732109292
382153364
34824021
719980717
738589359
575109838
232559739
810188048
327835517
925220047
106699580
557700104
876114388
464006705
513590951
651750086
893051623
195474784
482032903
471216688
254014545
945750271
616038674
112061578
897999528
547408456
515299878
823121189
46380728
661550295
208005663
435585447
816662430
171228673
697111156
537729722
135072222
912685092
418944457
168027690
4883196
844385053
447086079
562166791
86766979
207866685
168252608
559064901
263061709
83783254
415761791
946868734
462563549
607068979
771809380
409529463
44213910
921034341
509305333
545391694
247280036
237735445
684439500
275391941
195325937
395649902
509456468
57281314
712350090
637986249
482929061
296552666
232724832
580306954
981294689
815232630
857018265
1813536
662623597
460005639
825642593
430047030
854759853
693492297
600992388
326176784
437078843
626438810
727588245
518434591
914786865
139887135
22971302
942174895
16074365
151906540
490612661
201763243
65278803
677764298
477026149
832195681
599215001
827222197
471851045
597633103
112586291
101776038
977642496
107181621
805404946
872917675
249871766
13413400
255942988
540132743
806458879
5340897
265851191
433369191
457015341
979239715
195515310
620350659
939280285
118453249
800336994
454068858
809621565
547285670
768110301
139934222
485336267
478811778
886780001
493871610
24707957
85280675
687590499
254914763
452355012
899421149
504469670
16505386
583678466
855935742
204862454
713115709
866147543
585532233
410415649
932142474
254515766
799630319
233467516
670705381
568282512
299525057
187800991
844959938
615029475
254518440
973443066
442489785
320512574
976023861
479889052
483178500
539657951
910321738
533668564
427430541
91191647
573714648
306507276
602936884
314124099
164840884
558411371
259359313
973396741
436887728
794629200
766342905
228511664
698944845
633173081
265642628
871201259
56074927
231275097
16357774
716906808
636818194
480083629
32038154
451829489
417163187
313293397
359662427
782962093
108745591
529542948
208677659
454195314
216561789
873123376
948753612
416063874
572297748
405607946
378856617
111019539
595455159
785602129
37
89690529
41484256
154574932
227601700
781105686
464053462
729327018
384191766
551050011
737604484
902731799
487678828
584639811
236083932
864987379
771313679
952787007
578562449
713414008
897338014
980199705
524529409
490197774
968926760
450689576
477297232
616335756
4746665
784284049
737345484
753534803
708089524
23737707
335895163
914634028
773515592
364152622
249620949
889242410
100043960
841178649
400354738
921903706
62675874
760879241
286603660
191109044
197842978
793457676
146860638
827373349
26980489
619263197
157843927
356674772
492845206
326192991
800813021
503588576
530520664
188256480
221170064
892939174
370044778
592301003
857646467
490264502
267867604
579666967
123919537
41432008
139159058
205985407
143289598
210131785
84003244
491505250
751526363
143481322
798506418
203031214
85774933
439118422
107153975
160449141
347679690
98422738
686907816
860428101
619987957
771543834
575690747
777569482
757911610
413197574
108009753
533987951
262889354
373565053
529725743
451298804
344596813
103728256
125009640
891349830
701037306
410035302
373054100
901246753
299121039
448536658
417328087
176243601
957872143
260861761
804606977
561302516
849606429
467444696
47826437
705290811
760380955
574625615
739554570
788760564
246485681
641540046
302801931
170013559
928678048
410554260
431531100
587163067
64303965
73542356
866446532
662237937
360763351
454932549
120775510
407136234
25711184
597254967
369590411
288682014
9566575
694556369
980331434
100203316
346976928
979706587
95137301
119090628
79988248
509923234
60033165
840228928
843385403
67763599
155402705
410100393
531789841
149385762
444139825
439994957
182608600
969995598
444239430
24618873
129454613
942291187
386666752
771240762
740326755
597404174
835163754
221176660
366930870
218829275
973258891
144101666
647588656
697891835
171613066
449690663
553848297
574444417
786911681
252476707
731567859
502532667
433582163
282922302
919246684
663535046
27074603
48901520
400633622
311121070
776625701
358185572
100119887
317411634
847576874
423266380
286270934
536371916
449077429
608407785
576241318
836719848
955743233
604712516
302684815
310207038
174967151
677944714
826507645
718148263
444436067
645904883
229855332
970610416
430239748
642123196
939585568
891523174
505920057
659837957
756757316
149310664
672291101
54302865
767764338
144990166
514636919
70316150
517111582
194164036
564903940
545556965
702498894
41646481
850973786
619997026
540875777
160157601
361783593
181373991
147538381
779961196
938603793
684593620
263736668
597272205
968405156
861707975
506209149
193159352
571495229
321873173
483401090
567133599
830507768
479704730
603095452
609759392
664479560
108265905
282057756
808412303
109874464
811078308
904041580
47535499
128174294
318919898
731359278
881580694
895440761
438054782
309059944
985395128
636189672
846754459
557120687
826031246
651750086
81910517
138714426
263061709
399129672
176798571
937574130
807957713
518645634
748285968
75214911
870465618
825198167
203585188
679162577
464006705
937036318
849951182
814143371
254421120
796296828
441729812
430807464
502442272
47843769
229515138
908958306
749515421
136605159
492656094
887161603
289260650
776568366
618096286
842856131
165711190
293440940
902512376
53215600
214986692
570419253
72407766
489188378
465182838
596352570
275108895
706130428
978578224
970050097
433781305
717695151
654569930
862616279
63067497
363854501
356110796
506278922
904825815
429352790
699795029
810396764
856676292
623696616
431080247
45981052
97769415
876228145
981593712
320321384
599224422
183317048
591147165
791245053
612359585
33433669
559507341
913160639
489529110
20330413
545141257
318579639
852664974
870668947
660185346
911758297
441182415
781945587
941162745
119410079
243531220
56200388
211238856
201818637
24425828
921744896
88310046
12821609
48483229
384103258
860819871
833491012
489694048
763935810
823113761
202137621
918075941
78507821
716435098
351749805
193226724
404482395
592869982
666820209
159518738
41609625
371882713
107181039
835549304
977534535
612743111
451415282
639575226
929528384
319250432
243817469
677588795
467760169
240607935
971315220
559739332
200853583
522756649
3717425
938280807
951862758
840218706
309554051
807635091
640228581
680101538
416272002
85580537
176691858
579719367
575969588
926598961
295196247
103301887
732048162
602821262
106997310
965862343
6715406
956675562
949192210
597888643
771417531
324630510
94364396
171044951
766506670
60717904
728411469
178327985
497363052
904298987
477669682
635307213
592388306
18044956
286655824
971425382
924462920
383582253
403886753
320369707
164301255
467628533
460900083
773359098
349265147
361004822
28825121
574802267
83148709
438602122
513250619
518506129
197842978
792243007
801794259
395862629
707143748
903056891
255350391
252497592
903840328
51727783
258622787
375010132
493051837
49042075
640673223
78587269
712632826
523076752
982103974
866971124
365751572
310977901
25821439
357761177
910624252
856658801
902912477
556063945
477010521
392578136
781619300
524458125
175318796
629130386
312668175
417607704
986202403
185925838
272707372
668206623
334272944
338340586
657759875
53732756
512430
774545342
164838483
849926508
250717288
349515335
706953417
174366422
554679863
309475786
478557209
726662307
367359708
201954112
411334964
430878757
730209459
185351218
691074600
597916495
91249410
982534171
125009640
636279745
419142163
701539754
135989069
286996052
303355602
743373050
63036787
90720247
307540092
746705097
533224556
833126385
557267530
365928397
769096002
274509035
304426230
466951039
776670767
544904792
376099131
700275555
207401454
274191063
14819476
835637030
339000925
607192504
507776769
38371338
539894588
477652409
758469548
632820002
143534723
317627707
742525959
291979413
3747514
589858770
644825736
171962571
121397269
178976169
794462151
623222375
813539892
446478581
230937699
219397679
806055292
241188388
695868210
34085213
438253612
926576508
353732752
946546139
919851859
434323150
149611548
666754863
593726170
788219105
225159364
724435189
929834273
653179580
852344899
259828325
609790351
474306289
930786629
981823333
84616370
306068451
49982275
603234085
58097102
282910263
92484792
29404761
125341347
282164286
451255422
650715979
238876200
438876436
155780075
176079340
771782105
864776602
404355949
604377312
851259516
220425549
174960780
210778903
765681618
518451336
766063702
264286618
221166824
707382605
690302487
48967062
816214002
478079410
891416035
64522398
530296442
236083932
931156786
758436173
785301119
32706725
97343635
955154083
531296339
491752570
953122673
524914685
658209740
409272484
235881460
928601489
335052879
312344861
934183539
869339204
3372222
952845482
66447819
364092397
89216416
334978376
222529746
95044393
524329518
797719009
725333292
531079049
169233202
260477269
734955997
634275141
771313679
330755428
748954114
652589563
931931515
107897121
257253199
562523488
330833626
550500038
19929787
261189919
611010425
783739128
225184598
162049604
495721840
661731873
147518240
22725747
788282121
671342518
851867547
979379387
283445651
695558565
837528463
695543440
314149786
747799094
840436436
94067926
746434599
83626284
902221831
80897851
501428119
572192599
716723010
1789594
791596126
204076896
804535254
52961847
155176946
582306313
337056411
172589807
324203874
804607765
62231326
296045150
432220751
79231917
683021956
826796620
103106963
915862695
523423610
450559366
923926272
710161852
697904552
847562063
455727656
771246521
51517749
876433992
80470798
834828541
844842622
368502257
874028474
805544315
163647882
518472169
936986056
45120145
122821244
494390889
162502387
235828375
59170394
707528536
678653581
935495487
648378104
161186229
377723091
277951379
154117864
207576804
120334903
879743739
84510969
152622116
478177539
5332799
366357164
683395148
138249662
257265912
300410689
465321462
82266231
688498766
634299297
725981846
94698939
860356441
485153726
234909288
965375263
451346378
929736999
885314669
167163314
477374792
825752452
233532067
808979441
567463284
861629429
983940455
466836655
397268393
518032894
369694331
792421876
127479146
233985796
956039673
829259649
505227669
921313228
489786933
367337232
820126925
985287436
771543924
510861830
290410151
650499937
794568326
946618483
622462097
416843972
935295926
336320994
521740432
80001258
985698797
106187323
213483071
521638535
602331365
836265980
823967933
668939150
745512943
400394115
589300766
904542767
463328294
251573975
156406581
415024910
613076477
179070623
574272240
785654358
959731034
385345520
962372690
244107412
221113331
793749898
673917996
979280250
945794134
426552629
733576346
250032904
475444144
142522977
713797274
723113850
939379656
766485522
71939395
533887889
361146390
730719309
929233379
63101923
340127786
791440551
835225700
236279860
234334911
468058003
196816885
585818195
391916218
107390010
309626211
591625942
402632802
483536722
302921035
688539954
939514074
392475159
776287235
99094836
816005263
381392105
956211462
800682153
690672856
847742898
446572632
975522643
89159806
452682592
681041834
651531801
390664207
540680768
466558484
653267972
881466048
628424719
505749166
91011041
491660771
6400285
413491790
442542269
370947022
126543314
363632031
610525461
626129865
423896779
469466975
832990457
956576408
613941862
777315099
182939474
548840251
260457343
449339506
273581130
596012347
409430036
253445026
747799094
712413444
58403896
547213368
80583973
205067386
333284523
84589622
911763620
623031232
955926271
414690208
691013751
332281892
769102421
860957654
732671402
166894477
226946591
314325851
232452813
19693336
426240572
9342024
652908000
812216950
629963934
621895888
361738724
979795667
303069302
604947919
64789512
202586413
449541832
447836516
905225766
206595837
887773336
428777204
885280016
395400247
41898799
867657945
226360396
418425556
568151702
231002244
157982800
918231406
679202121
686950741
325589906
211159593
71352164
328301891
335061775
687029715
750211484
920817053
871845453
98688505
280787836
484368015
373629699
686661461
445119787
399169472
799893370
596399569
382981424
656864522
759023267
586754193
616335756
538278442
780701363
979795667
460887389
860478040
276514670
976654096
235575197
180478667
872041784
416906574
528867608
66522537
485464242
557158107
746243277
161556464
961047078
683176416
913886114
24169181
924410425
180567351
968355703
633384063
897301373
171592056
200606664
529884583
711234116
167163314
855597939
543992136
4155630
727697065
541047861
483215614
339473516
380494471
303202971
664095495
663318235
508870388
429983144
834833630
708950320
672376602
485589294
693351524
543556200
926225972
725346379
707730480
913369844
115311057
150989847
23805975
371163376
804313611
324039867
536450584
54620775
704045454
589421732
61912876
482407435
60900090
872676341
501656045
668743393
374995052
34860379
841289182
924948999
454675330
608111634
720613117
725201196
55212239
775289281
374666545
613830945
103392742
175135002
691074600
864918889
117967876
757183902
401303028
728534240
491553063
489189539
155578745
486793966
824068523
821070341
58064632
337644155
130284219
380257058
864567394
862548282
758362634
17854486
372037025
573504905
143284573
541677334
3937330
601078448
788944052
457214137
669681315
91512858
80076158
964602323
516437203
905212755
739427574
682331043
243353769
426367777
898983901
847152004
528454158
569375927
130141031
356430879
745858710
956576408
90681370
228436297
445748936
111011184
180465199
476264229
985272272
182631848
552184975
199718535
521211583
368205027
872597626
551633950
644668056
573548182
865186385
903657235
521645285
747106715
874256269
460987878
716874738
496588401
897197166
357718792
568316253
253001998
466520329
851894766
712524374
706892537
123919537
942252371
202957313
610788100
408950771
4420130
355195274
330062067
656061953
718116116
408424369
515523196
660489788
842429672
669763709
983050225
912865936
502250529
182896852
102278293
139934222
272221903
298896917
633873793
415328233
3357830
274384252
359682814
752422627
342023392
925437521
150851042
762934418
848057469
750216406
525469762
546438752
116329579
757516856
404217648
777217148
57332887
75504569
967169785
866819815
787303894
507791976
714603097
924514077
104166425
591237202
759735752
482023834
317296692
563110490
751234857
799567751
295829508
593599471
229358339
135725767
397156026
511874708
918421478
889907211
235354210
200998146
524127182
313730946
678653581
421152260
292600337
542767202
17645872
420202303
923407193
906086846
76745538
235992265
607369975
958911536
156779975
442291892
772688349
406723372
605768653
666152769
206423898
79314105
609716706
499747942
31114979
534738729
511888919
906155370
300126943
869946614
288606729
330941257
77714411
654911317
407138196
99769243
668282677
75387067
517866318
289604571
370078669
474181205
808950821
428174324
388418453
600625126
365529425
203027538
165387532
206258978
46658079
17006229
225060325
273733450
762024852
769219325
600146387
296909080
499889144
238423318
893352567
301088908
143288532
695186339
453120384
888644733
153621339
187841381
489722261
145249334
651142477
135115720
530376672
459445161
861798984
830748014
973389075
438531753
460623829
721289820
783547894
894037016
938247363
637086138
106943826
650125506
233730734
783289368
309961125
708081829
826069667
908334307
403882522
239192489
212917322
495396475
611441338
554111746
847561529
601502842
260027698
653238635
277253673
102483064
472408306
303297210
672577743
538654933
503917482
799891982
297216402
414997801
5514875
263659156
45494949
663177198
233330867
495593492
781027669
683821560
829569063
963882484
249214444
907074076
431260938
62649096
907419317
272170225
598243084
542021401
894962770
51335129
561665835
174009111
795582039
41432008
235838251
233528375
213404905
881517643
536393518
670297366
869803455
337508227
490479248
836196526
193318148
181734833
246134568
765124878
389229934
773728586
926703880
533966201
570216679
184997725
842664871
966729277
80076158
630978625
198995749
725897532
97343635
148042228
820032511
115863662
396242936
746576390
598243084
429062
204874086
400279708
29612909
37686551
188449021
77036322
85908673
507650341
577432313
295825068
20663959
265273380
839033065
508466104
473270094
141534457
131640298
99586613
387486276
979586127
52745622
810938231
923116284
512278307
282424019
886129715
459467366
492846055
749369032
525908642
309116688
387690471
448809742
745191566
127669279
285358757
444958012
429123046
65852223
47738769
246440964
535189519
153088466
660101211
112645203
944528001
753425840
116076348
31114979
519837143
141681048
825110746
726662307
423070471
251405701
181045044
657097149
630777855
578201090
786033030
237095893
285947037
952343043
852484801
113732433
588418414
612184655
563198740
21883327
60505636
124952557
688444734
843723476
649374902
953650388
828314922
904424800
359823181
240863463
839933018
127754634
709897870
900931116
369331836
981551764
792756678
59463948
616611640
54828236
334592706
28326263
883640312
420636794
16103622
95803954
423564513
553589467
626555678
388399698
625655476
5254201
931131019
6703566
624609979
728565522
689029802
336590626
703233762
513417258
212110309
180443063
149956064
155274612
608969669
423994745
349667680
981666484
219769841
175341027
53451405
156824008
712266416
506326090
13785342
425155899
633771012
385056072
313796451
535802972
831722482
509772372
731790698
622533011
705418308
80182462
175625793
592788774
379488654
592764207
25361960
934591386
619220724
919089758
526334134
362972404
857424828
585713389
434262269
364503205
419324817
208398075
125668045
525908642
331425806
433117351
712685533
148251852
215019230
707119407
305901294
694142622
100108310
975747551
935201621
222748531
915930323
14218756
610786181
16866439
794157742
216459343
670674021
26923580
449441924
679518795
207995301
716702594
827483506
3543588
448133296
150346023
496757137
282334914
652170084
980797536
949094709
653580556
647906398
890835845
917209540
34251788
342230207
648650759
743641366
629262389
959831263
939950300
54496547
325553082
738839356
511496337
859750198
163216174
886318993
958837362
767126611
92630844
82456292
301538047
344065968
981551764
643498656
101543027
383428054
366874329
383650094
11012630
16130686
738354476
493775120
88873785
528316946
60715216
144136029
702949042
580201302
975695562
99997728
672823924
358554899
437824048
611276863
160499869
140677566
132373436
783757793
700676041
80252301
928470166
963327077
320616384
114775218
442789574
247320987
502146907
474446080
590302055
681341086
773221005
140499723
594967290
602702424
847330080
952338487
232001611
154275849
145446961
905679095
430438859
38538628
522888648
332987727
164750467
386091412
452399173
572134561
321279503
495818912
567043727
816435228
19136955
155777247
201554388
422403903
858249275
985884571
194563029
378398919
802851584
554848574
558674534
148736791
864143840
512788883
620014414
164411388
267867604
304139230
140341355
442856953
635334228
304216878
2171763
610684899
364670527
489159673
713321304
776666457
593586871
112719010
235654528
824289341
245418082
48204164
716236517
674008522
645729956
576154537
236330684
302512882
44323144
775290220
576930348
604182059
553161560
99580261
608229936
868206850
548079447
779810691
135765772
219390601
862169392
629797737
903962792
610188654
507566043
133349539
419346541
598567550
112640328
191109044
18077382
837134370
818076919
144874457
428324555
4341246
711185637
974991245
619892044
308480812
417207930
635031245
805147697
10666599
230247085
620159115
669825982
111028369
921875380
462360930
973130394
617323361
142061552
313155447
243581915
66204237
432397842
722395283
793662074
931684879
759289803
359215192
882078192
951923307
729189650
167348746
858598877
772588552
505899897
572185710
813675622
83124420
64258191
567968202
484107964
478495463
349245199
469041130
163792283
680771061
430734014
83836516
673279793
831073656
954518012
314493168
626711007
165766871
487946979
360369004
390296255
162489377
673539171
22471458
379008011
134827547
750182871
692097976
703976301
588589238
963056967
481931470
684428124
188387359
950094186
796385253
475684419
916492654
161714927
753854565
692593435
350852570
809050358
367420831
634969903
329360447
26010389
326855073
924836498
502048846
956164848
364031926
677824887
811072833
297786198
428741600
304591187
555732277
595504735
546687470
680854818
24317337
859750198
576930348
864302321
805949769
341218006
983819999
839095016
477228729
888888243
852727651
587361603
373164379
28805940
565779694
902958782
538577845
534402401
191813460
622053125
304784781
160425840
944767715
143136312
372655193
881155404
941640867
610742601
555815376
750558390
765290034
847295561
759273726
139984624
266262476
434682723
859658938
737991831
143954156
515201264
240508842
912896264
656835472
541325089
89448609
63692048
886559291
15554866
924740949
624008094
664163129
647601642
191347580
228671719
517229736
362972404
72134742
497501756
908320050
487498813
737849006
442566551
363395855
730550854
928134376
622158264
385001466
583478899
35445917
4834825
119089471
525867319
507714562
48586014
387402581
110361569
278791559
789161471
284203780
738984176
347008385
226933339
662921581
15492896
862598005
740187999
550710446
479978209
624988486
107059573
745346788
199975362
911630006
763277135
788075028
221635323
347038788
372426651
384693070
112207673
111371417
241262835
610447652
385432191
532582370
478210970
694774514
144569997
457996600
153010657
872689238
55209698
506442417
751532553
645931236
305567900
981566065
665659773
294908797
318185540
107992521
606364443
101374188
979600184
606157333
582357382
874917589
870080175
314688243
774545342
900166456
634530834
191147190
860159199
17666567
42160371
172082827
364886424
473763367
240071087
946588263
107076767
880568486
875646123
556623898
691779173
868436026
487071147
574741777
915035774
670127142
545302917
858940422
826614473
838662918
482064454
184090413
273067392
110941832
479139302
71051936
414380425
288598098
222754317
568122272
654666590
919529578
17854486
107189417
929163863
687064775
765832646
86534227
402229806
816864396
624212002
243206972
887211423
135096461
182919108
410165317
608311790
366334573
836310131
255578325
81382160
797206608
533006210
684033720
477933045
97114013
322801313
804436575
441029099
136284337
784601187
757047397
255152044
822688164
307365992
884663559
260123547
161885924
971696731
505613400
428080752
123994287
40471850
805719379
79504432
228421421
533987951
692249894
738345264
711445354
786865492
272386545
171925266
898908941
977754073
80393975
119971304
950638996
39235804
365958179
207362557
473571883
835478308
120733299
392510626
523786023
361352522
640345794
976886011
390439216
976035910
339510002
166289427
29294696
557312522
156372491
966577907
251965613
348994895
919849928
423602649
792052134
857391953
117307888
418354091
872910068
631596421
586395273
601242856
547714047
372047810
391783246
507537679
87894987
497501756
602883478
79219133
882685935
12852402
97107558
962649679
922153009
187839180
703759868
460684588
497831849
164416627
31183217
586003912
683412099
969375847
84980367
913435887
543261832
398859175
980395569
711369997
715600203
459952268
954896167
161123209
249091640
892353193
264903848
856510148
630291549
379570758
97265499
732261564
516693787
556631010
158448031
803566804
63255988
648938958
718796038
336822985
207842832
29217905
726607196
842429672
845490391
718410791
333117035
333148168
265817573
57866171
154645903
871452679
261029211
696052967
658086562
467870204
867991996
668156317
138094386
475130114
895309142
307412409
3575083
397428675
900650818
314545987
584335327
580002199
42975715
684463672
514993108
166389203
202126159
755029751
241656784
418172204
254082501
381935863
250252263
697330986
982262150
88460747
808689105
801868865
789572658
587945978
645713739
554725676
950186092
68485458
243143014
53278680
194837207
737817406
32048606
349388501
275098372
23069224
679252130
856085608
468043860
859591624
607451716
4898856
477297232
944858748
30604041
874127370
542738095
129069904
516233465
332576750
385121332
30446708
469085917
815102452
900091589
133496791
533981429
972205485
271582453
668689375
263841549
670958215
201902786
599756444
113494378
623408353
883625564
711998354
966845167
25178449
736700044
343543144
977504887
514867727
937758843
345258400
908135030
712734401
213784583
865279001
387032184
306096725
544667511
505814604
196815277
82940162
303987235
883324824
329464048
342827235
9021823
166542032
85871720
170525198
415855938
109201598
230979615
377820266
186890979
459175216
249005574
643145641
251262832
287876227
675408451
357217452
693419138
683267046
473919960
344729114
179343641
244482756
237403483
686893388
332596993
642524294
63903048
96024563
20289428
529725743
185379686
93291766
618996718
355362043
348623899
967897733
176309300
586278665
805372321
579792704
845125476
489463354
79113670
128862671
962275193
190431703
252026474
883691951
372324766
443074463
339162186
959750768
270346258
765796868
880934058
484195897
120618694
173934931
302302701
811715832
349482409
168751116
25788513
275848802
252867900
205600777
124585959
628035664
316025752
610629063
968224920
857329639
32261537
108698529
982816828
42142217
582011512
387561333
62865130
525499990
840483052
958863873
780763801
439293610
117422364
292069931
699678925
828097576
752847896
371045206
889638735
22370422
982179948
637247380
109741941
706544623
233356333
429301221
28445455
10427686
383525959
985667641
642406424
86898026
715148081
404988638
689227403
69202321
453984055
854550336
721624332
615594796
637300638
330490970
2187960
306928408
29624939
643194287
14921647
933719594
55018940
84853077
665793879
205104448
929820085
400389592
950741199
78995454
863571286
113434851
336070988
17098333
543902477
892059819
967622335
950823933
431353206
811118393
767301963
939776609
620158043
107287509
325553082
686893388
301895703
470022236
763202249
358836897
561567575
147433194
42910896
554725676
803526211
736433206
434968064
769862666
124104562
680742983
211095601
164817614
91372230
558128126
653449068
620433900
4910305
244084448
942777215
116247912
474413829
832945356
824618196
58807712
684588030
633606228
289679746
330811646
476109488
594793406
564257856
162733660
800009886
966444933
677833268
103821745
357077646
593285117
237212105
50341106
76647258
715285822
535243243
533421910
453726709
71871010
367064294
620443590
640828949
137657699
209789476
605420579
754136547
607504804
462040419
290116433
720449159
662073262
779375427
532642164
657525545
414008097
249398252
71775235
100895397
368593876
256198114
611113001
693368107
667700229
906961369
884796593
315930993
910744310
535623973
55105564
104315071
140669783
57574226
355117837
223837613
377371692
540536177
959379442
641472053
318997085
797944910
277199755
957220612
273684946
782810455
303647612
166267850
572778096
68820268
713808560
567382782
62844757
884691071
91376402
658487836
834620856
918482460
143075606
210495588
133630109
107348052
202516336
948152379
654627186
415706820
406898049
370694480
435808421
411316503
20199452
572440474
422420444
893240927
617378842
38768214
907730303
646256341
640593561
214124208
205351323
898608939
702842524
36782
370644897
836445184
83282310
452809873
186446555
619019108
945366023
521187182
385176595
490509348
908887539
135815024
344847765
586321474
952360067
4957396
47912160
354273308
29356691
447145130
814032585
457220609
629941470
415460408
62121608
936623831
817566128
193649038
359243750
210758283
250023863
577419405
596496284
865968667
812176779
414036174
750868940
235640913
741766338
44420571
243148735
388498379
489019458
133306655
233861619
696958545
266919306
74762890
121831329
211077635
12103396
628424719
813267621
280892682
114239127
372386649
19847881
522823714
630085355
104410320
515793693
843018629
946175735
185666235
666375111
455062410
932359618
697862584
475392498
113653368
423949808
757856467
307048096
320148180
886643067
946552144
55489157
771543834
163487641
691192171
662057943
915413772
908697631
51945919
463955342
980772492
678649396
555297274
557010886
827968942
677105086
441236571
475917517
165856163
101668019
143285584
782232945
207263242
759539448
595230267
471974444
853705466
409989186
801882541
270892668
380651622
137297926
633255127
420676942
554985959
108583975
965203839
228760855
979010129
710974281
454624619
592835970
167027303
983166864
406965379
811358113
418039693
736272763
308103975
428572571
56123661
587960859
964724705
978219180
857225165
509240242
667570285
233024491
554407271
392011745
57627034
862898166
102407240
946546139
656437913
108608404
790536114
423787832
370531612
949852644
459388253
102012302
39919101
182417478
477154280
185462317
804079513
220008336
646524924
198529802
445226869
269348664
63291732
552659680
35017856
254790256
961384698
601102822
113235032
127944587
36727819
302804266
609139006
518535530
675315126
501668815
147538381
782097467
522527032
1196592
861422304
585293683
800407758
697099352
836721505
528818479
533137353
374690469
221977518
744623399
339964705
484194110
511827424
581384465
632193598
29171664
825550948
866121902
71189514
5124591
376001177
976806344
155642093
694638941
397284764
381372783
654260513
744344810
808546628
64542148
386442809
942072617
410362541
637767600
221207649
586313526
767157204
179985484
92177136
371288339
659296087
211421545
587220215
567842211
214312710
213529673
282959394
535937287
730796670
31994066
145190125
810423769
388101723
754655422
136234210
17132375
981498205
673543802
218953129
603450438
870344722
736346914
472262374
574444063
403506067
942139254
95332139
799073095
707721972
663734174
159571228
4719450
358556484
949629103
47977695
952945331
789676026
564519973
162881668
96931096
824229220
512001257
174228909
561632091
203627591
749534501
693584603
977621151
938189682
77552527
468600958
235640913
47002881
577033748
746505922
971442000
63802702
818076919
918416573
534621350
964525648
591271877
407540104
555277013
444475202
135984695
210611039
702727478
47033870
371550967
663622089
314653566
474769984
433335816
176691858
656107655
986182135
363887119
495039974
812937452
712427712
602393768
646136424
565821744
242514635
331239245
315518809
342023392
684985641
668133854
521754035
801131809
765797385
59453173
732667938
852892595
728376209
159974770
285445312
869427313
642406424
383837888
429278690
900940061
604576977
295154857
894120323
370877312
981648027
897147556
121436950
195866901
521865296
593371529
374320368
865651425
310207038
658471730
768014720
237617895
636266700
519416794
558807326
770371141
365738250
498009595
620389290
502838103
558904945
134527350
441793778
206194343
529985362
347389554
757733454
721091614
443334889
756504951
428711618
611556958
456078943
539687651
471308481
330888920
749889206
362134981
108104779
716966994
902323097
547855977
120846192
336121161
983098487
169645592
347506995
939181156
856183604
202690697
213529673
212130104
473358289
369182533
650194859
815738475
826903597
34051928
933967894
759365162
664957421
483013635
31451415
833818517
242238981
897536537
70175218
379103168
903043181
871500998
952787007
497935367
822282628
229628821
144534453
292366957
146160845
482104557
346630100
938840889
302341316
834873169
584420010
68805847
656285250
653690278
663262786
826451270
289368659
364098129
224118450
617973787
122963479
499135423
806748796
683244671
898842647
846606598
474719354
981356104
271158153
14640965
223121033
522772719
25303979
912547818
52861219
703285044
627986649
873571869
735259541
835637355
971042009
299014756
238772864
345803513
644296518
844522169
689360407
150353724
411517456
107848605
120206412
724802557
738595032
678787249
257516018
153809134
747417719
631537492
186949359
884663559
54248800
91410874
340850964
726607196
947504186
264819297
737991831
316025752
500915673
123966017
549178634
595359547
408614171
673212097
291470302
689472852
212676902
973258891
801428923
454495313
706210627
660355534
373146835
837337597
830407728
928408014
40283016
237696613
949921635
851221767
67424851
249662784
476545837
37479017
230972571
464001686
516703244
366863493
315274024
342384621
251027031
148676267
434030068
335323915
417791645
523473437
368414982
378388522
845369189
940307380
311271582
711827872
247915182
732655123
20500994
128648982
744821645
643404273
328953166
751618684
718539108
379739956
76497037
934893183
744859176
50325349
353066968
195403133
497804441
903126942
653375325
866908602
684497969
798720094
628569830
604482146
782407556
541620837
105005743
527923746
683368882
935526985
224623840
433410429
706953417
292114420
806588844
757375374
288598766
716139182
673126852
919852215
136003704
302690128
917982897
442552146
891786804
12158317
266857220
882529053
834895510
745848955
677702124
63449850
129443176
510163377
491981868
117139723
120669068
341468265
975579630
545701775
880765405
765319972
585779425
180921240
598218498
5613586
607078732
562845757
43249076
80878560
15852162
434644988
417742879
103442992
168645073
247900397
79062598
965252118
354275422
504330873
778693191
453669412
302205949
751467455
725138427
742548217
280321368
784425367
690118923
110972057
710914482
886546039
370225870
404555681
769431579
7325108
263776934
56270939
641181354
461718258
262986999
78374114
451346378
611049857
791590423
890862729
934191247
111522258
643687641
344610468
308013860
783055211
755898295
863466079
277552234
688848370
906842660
308498237
4627741
630134886
630285010
571462891
67383422
276740104
576835936
555240688
746508284
303072699
95863086
23355334
415450440
739015321
546763253
196274270
191496618
72015311
600710730
948621764
852555284
261653766
6209115
235933858
354702548
338707173
135980452
47601388
911379493
235757409
168148889
531780146
55171769
260590303
313049376
31437169
717118916
507249237
675315126
913722699
813370312
969003728
155504684
736319832
676736846
40205416
414339476
571088016
52405339
158369821
134107939
583775661
512377041
622218060
662032854
672481017
799127475
698568937
703322268
267896333
735363484
330108377
441437210
145314449
757937364
201437661
549443434
61971032
591409533
306108556
81252305
632884653
838634170
558947757
861835333
280924787
544013867
591417811
90274477
881177624
839602484
178967608
259645699
231667888
612544392
608568048
478255537
680226455
897000785
613759085
938010154
164556886
946879548
