354433245
778892885
588115239
808077117
767448446
135311073
362410240
39436467
434813468
978214869
11365615
234914525
498636289
587984812
75318554
911341935
249932482
598773570
727662875
341617334
61462890
765446228
259568175
520473387
188315924
699710570
898267857
276723352
240508842
179366207
428475532
270609464
264205496
454237554
427637052
25303308
385957523
633233384
387128950
219773303
620008093
518637102
819470169
853261135
367213113
292576257
873876093
205383285
409529463
362290679
387410727
32404156
840811985
250400053
317934821
111019539
710195561
256579670
220121600
374051142
603663174
621749374
819422613
854001639
392320212
761862277
897497315
410238501
537465005
258473561
622061613
140765784
344202902
278008246
300970576
10718814
484894123
774802174
372496419
387444498
318330269
198829324
779008991
902141722
623470025
844468981
598538552
648777216
948264424
884753293
593022508
313571635
392091538
711359136
459469029
465564747
5972659
738262551
954072156
155777247
693195612
348623899
813037239
181929275
873339988
293640835
215295893
21407020
234585522
358694693
347064199
381896711
812297512
289408658
1196334
378238917
318457026
823621046
551277146
138592487
50440308
208149382
611662609
773409600
772111901
931981896
907612361
627855739
577041305
564394832
458266656
687423028
651531801
54127122
484996949
52106225
708837585
880679211
926467766
293076026
157794020
355683538
517127881
526084301
271441889
914164178
281446613
2610752
603847312
313934444
306068451
515198777
115501513
45893772
628747899
765076109
338562464
785183854
795592826
213788680
63934013
59418114
290364143
351983723
20566374
170496152
409281504
653458252
557261395
533496084
869392878
909046692
743210397
829337581
441754583
717079514
682333877
708539593
3
3906387
186110772
838993978
450452191
194218751
17260515
110941832
913389017
121065662
417788715
392379368
198776934
243910853
611137735
388101723
99379005
339834424
877744951
632988277
817600858
779885726
260762376
400326169
65785347
245611660
282744589
273217267
139744284
789395038
607617657
734472231
920712581
82658356
466585385
740308096
816240677
446937210
283445651
914023406
725605341
98653890
306058441
362294994
453401668
572564733
719658298
124780525
745484613
12363732
679615461
494599693
301553187
915496002
802835690
231026457
656506503
418172204
792162293
102109417
863212050
727014804
985822998
523904102
924173335
562265224
154369408
707721972
188756211
44134513
820170846
99320214
546940873
46402857
617135804
671872576
876624808
590250664
903221489
494840186
12315096
761090706
721086069
422690958
235357534
481981868
658576163
605881185
934070023
685011
932920452
9840504
522850603
817881306
182417478
877277604
941586853
785488576
218037750
282798176
134527350
19307748
281919683
144535414
129130051
841896667
476840396
701854131
165758298
191174714
100893312
117033336
854210485
470002270
976462799
619303610
625583281
912981594
255284162
675071793
96402062
48508592
681682561
506599841
575673262
847809393
138473260
924636055
165808811
344138878
81457490
971696731
18037118
718286379
476569478
262442411
160663249
872298972
283445651
900310845
478529541
24560573
275996209
809754639
875930210
568847787
867578726
403697400
53040787
215864966
162794045
744735259
359358837
452730666
933307274
893614507
28106596
645986818
687181655
418145227
539033698
39230260
313148630
936654686
672760336
652562421
300690405
429260793
753668765
338194303
554176892
351960339
377580994
885392112
780629561
129125698
379128905
740611060
25699952
50116489
402585153
38031191
426638965
857410506
654612891
497216735
222029882
359957495
467184278
650695890
365924376
736320137
424127205
223927501
830152495
142341374
119322845
745296830
764512749
607325977
393462893
273226376
799009713
110515172
666197564
720683884
296107957
648950234
255594301
792492393
899574385
590453394
825639116
162495742
781369558
782629415
140039118
2320472
279067986
3692066
672931201
451270432
965240270
72158780
713177273
338956955
774920956
816551311
315219733
691405824
519552922
565515141
576837101
32752653
771650829
663017548
698151536
865226730
200100507
628461864
692919344
582753846
584529199
67027583
733028028
927949020
55677543
482916561
471974444
551409154
577953871
893051623
927062805
839932712
739698779
627289746
611455701
323960049
173690949
535308119
813694584
223486233
955743233
733172560
781941884
711537170
475536361
103921098
508201089
834997036
660565971
347092069
708971900
580660898
328343047
524849385
858649030
697352919
5142216
881886496
165390165
337279932
839577431
706473431
419155667
434148623
748676071
194346533
867751639
20756942
757622030
89044409
365801872
597783990
669290202
575497510
254513764
459469029
707077926
733250611
752200862
515648817
405918160
228383923
460509480
841012922
829901166
123301869
900931116
540680768
207517424
415650764
635340677
455726372
87671314
804844015
793621430
809738031
472275389
751056531
476399635
332339399
837572273
865462628
647278858
337464378
529381682
554464893
550174750
618311587
309399651
504214189
40402701
617332648
127751182
176294081
493393999
889953047
944663674
704390439
224953063
664057853
357159417
941285457
616909461
706563072
913003888
160425840
373211415
366559529
891447697
589554873
64678558
918832575
138084834
183928729
2503828
393034859
25231075
158950759
260957426
336097594
170470460
696125772
318965363
76337659
63477315
729537924
712912037
649328655
62239236
11227244
840338516
751269051
371374298
546807492
347315453
248160427
266273117
466564101
297216402
737048513
660762768
339015786
654911317
627181412
352704272
986235959
5828646
424497909
391714459
798644215
910807422
397887872
581652200
461528018
738547734
332154755
46832232
342461611
263889952
726978593
941291742
250250429
575677683
55541980
404632399
667271630
582075903
422991651
514731472
629840186
297532784
101073255
703974215
606344967
6340353
686175831
421149251
351475104
23355334
730134688
388325755
504900518
373054100
249179998
903087857
405757913
975808375
539077082
566049764
79633844
882906686
537467012
968231202
418015345
367506308
497529518
620812333
691649477
980163296
303177290
622737850
187740830
98589877
626282957
139610608
655786905
51097908
730502212
109588951
411822874
810495760
857213301
78334833
4550368
500436174
541990472
969402713
938584012
347389554
866731730
180479479
356005448
311302242
302207612
47845910
640256342
811828912
304667342
492669463
437020897
933173626
563088848
493553902
711056408
428156419
339255190
910379695
41791904
211586529
972471016
688640951
239811434
38612895
368704659
950645844
693180127
253673071
225401900
381512996
51553830
240123936
392170257
73085061
669813401
366149527
210646565
438845922
463919244
60425478
773221005
738819106
642644708
30574434
191603602
262952080
288056981
235486965
372341185
950310412
941532563
839933952
764699999
745120401
940047751
773478166
673361489
649896645
724802557
586128510
725471412
658878696
353832973
624962137
541086143
275983606
542349107
384059090
369811574
157127179
473207350
522070040
727291996
740822595
618774173
844750152
359434392
537446757
65666961
385552127
935060228
747721573
574077525
962997567
75445243
168148889
377580994
122080329
386321061
839178011
942442658
910444720
572231514
684150925
664079158
775383804
196758958
845598815
380947049
483503846
454848365
859461656
482723918
864120623
938010154
842028926
974259864
495532675
263059988
635648095
694818708
197772705
160352879
392782336
729734344
32208625
22265916
966600825
591123872
166764427
837439881
832129608
566414999
868503622
498960904
654749143
174394534
492231091
204152049
623924074
865481429
180151497
141021281
969182812
333460451
812266137
870340677
199055140
298024586
143069750
857620399
790136151
187710356
670892835
962159129
142592370
649137781
438928821
656073369
80503591
191603602
605409635
490700996
74651899
799051692
903070435
702727478
7969606
196208040
561910790
844235460
170995249
6923523
872077080
231794869
576766273
788219105
223196824
828924564
408493087
345833320
96513499
351251619
220346075
404102589
388930521
307744695
846312886
149497299
898880094
627646247
52381455
150353800
875645996
675551073
24280422
294837045
537145886
856755714
536994395
724573817
177311945
650706566
612188016
897937783
448003435
193012543
677361022
332739364
257194964
730416399
732530540
80246840
493790235
773782243
859935577
812371563
141851898
732634761
515493485
73061285
629199402
13225178
642282254
545099007
734842048
473714488
426613804
766073067
614722556
555863423
24758316
74751101
60827388
364252797
902731799
117986966
379488654
410624505
663557689
936901764
715229124
528741379
642346036
302932537
318913329
941474305
362750036
57900804
10926135
833112315
315266664
210099482
763613773
328343047
316067546
323107175
817725029
138837455
654705123
588901448
650912569
182781231
664057853
594282025
564112298
808785182
110717171
75149540
787821560
456352629
656107655
112585638
202942913
640518127
681130483
369611124
470368445
134584362
161276219
108999342
842015593
130296021
758939132
4025109
201658100
264034840
715351360
881609590
873531094
407517151
353122681
249432088
541047861
27821718
524174036
730554582
140316418
972168012
264936099
953629737
365920493
969274862
246562973
339732187
837443950
747965951
320744294
654696949
412043721
973304526
452266253
12431551
345600425
292433736
730242266
428304545
32201508
381025444
193205047
453958615
614877519
546490094
171187058
151359342
920114250
929941516
48700024
912750231
879395363
803172831
980317569
603226356
137322974
49253719
322015512
626438810
885344175
62596912
163577361
974745072
451214841
515413095
388668242
542767202
813146272
11540266
240436567
295424680
683955309
281877210
536366320
661897538
689873401
860328107
62040404
631534091
322130373
486584776
229900637
318453929
422110732
250400053
961652749
899506741
135028442
535574544
834607282
23437139
197076422
775862423
479943239
371374298
135526753
239566875
976382224
936972524
259590972
78940419
456078943
471435684
760218342
970025310
766397329
674746752
52655835
937409316
795405283
232389725
370405285
734910460
420409739
498657972
16414929
479843202
508091388
578117203
917088022
325158440
817060066
18590624
763950665
24761185
706315256
584964339
481884027
525062157
257741228
470421059
488870437
447241105
82665260
760624126
865682528
380512725
467242570
323616875
746309729
26629783
228611273
30069912
289113855
723221855
461613981
335696990
398274693
674463761
968516005
631753259
615483787
339118131
779810627
969246317
894283699
635027937
847449452
607602962
159832996
527745603
940862493
229249307
938581407
233467516
29493979
483259169
164752566
974291285
42270138
587952511
405848302
718029362
456777715
662024622
197660691
842346081
482450465
316449079
507929581
847380832
836699254
706709298
758542807
364464196
876099522
395114756
707375690
311511122
389454689
670249619
852073120
761268810
852265619
339196433
764313585
71706643
190798451
416656504
547301360
99505890
968163222
855128085
168217658
443025788
444584289
634210777
607136450
524234626
97945235
481339199
708059189
768932054
178679376
504066116
116934360
503433410
155859427
159666274
43978124
895440761
739852714
861505831
655360092
302138132
429212180
309765125
319617563
324998895
602966918
596962555
833157629
303721406
957292453
89747877
41166372
551305005
814153798
328406949
342872395
10159633
646381959
220676259
732344415
443967744
389157078
534981047
257902697
714457809
839508776
985512586
967581583
383392780
581650968
735697380
857211807
649442350
404275454
242684608
368558873
640514775
259412890
804411324
340627665
922371616
341732816
575690747
429174830
784854706
122028256
327362371
526502105
372180653
780552030
673892653
396654365
252308883
450559366
326284944
158510225
856516820
154180774
411304450
726544176
936200812
241132516
784211865
306009589
946715015
172220531
377458946
602968227
184039437
316505073
720511480
25278421
975125032
48601257
682366856
445260835
25726665
922631064
524968151
104182461
646198954
435307300
41620514
304260858
111671218
261796806
711139468
369590411
894041544
301021567
706336516
773254352
791546686
936228217
871821346
148052483
559940245
329649587
574133978
200805258
419161981
344447067
904259138
773641186
194729325
825530377
194626595
175170978
210185037
954692000
948665862
189249527
197871911
713518807
320755337
494042644
599316897
915232341
414042251
930846273
718322710
883802503
421811225
857241222
860952267
506125328
880671954
662960097
764697089
93541086
5076146
822563200
72412335
448147991
877480415
811686172
384933622
212529349
190285068
329708383
311268052
663490803
253562865
958451338
882422312
552540661
102127077
107040477
259050082
407927229
461660567
412553556
500436174
381792672
460869836
47285419
963938076
216341975
29857321
327982214
438244767
88136064
512410524
254895180
325508376
466093052
452691081
302436112
720150304
473310571
724830018
468087371
439611732
375395625
701382576
906962075
895091979
215260877
262422901
10671416
365313395
342339125
385783114
664242066
773749806
635344642
685270157
577746940
194626595
514984823
221183553
198555521
52035028
904677532
936424191
895610746
331968487
489941391
900272325
476989510
619698225
209653336
975336943
727659736
700401985
216243105
540560114
675360820
975739395
165606364
465174133
779465892
70590703
429729917
317283030
314952042
416422831
809457335
974367342
590031588
31458213
383176900
16366016
605623851
495991839
156884281
607435683
676091230
296271319
960351712
8540091
681565067
333351298
779519118
884813236
515930186
873494524
197923916
652170084
741973238
302804266
266672258
983716338
592282371
891104434
306466942
682893106
865417072
554664129
528566433
348865289
167957656
729261689
12893781
976821609
286375612
335092393
940671970
979019511
71684975
587586097
904803409
87182144
248390248
605056245
957933279
56432730
892939174
36653693
939579261
495467244
199819072
166153692
685001048
224074950
918379988
820050844
636081391
110266992
260402356
339405968
907035497
595577701
494544798
77152553
33068204
126878035
737066345
217781368
237716147
50191708
305063995
603470872
70296769
824800130
149825294
797510086
637146080
538278260
873364218
438916336
185501255
34778493
721086069
947028960
372881905
583595064
653924012
715471431
192465657
915525769
316449079
738653075
67640952
308150579
141505304
884018236
310632999
375477008
765137094
186887864
85908673
922961790
500502864
528150845
526751586
544840319
392408145
94929752
306446746
730079220
195132456
932923237
396540264
679929641
377370141
81475873
48535042
569453035
518100918
583633889
560413757
815133497
51360097
52778037
139120788
188315924
621268477
811972302
921237181
330208145
517841457
624568087
544401794
665441678
169756332
765681618
6520540
621843269
727306108
867112872
18053503
59331803
581933263
70685302
125140886
827316990
95241763
305270370
898429304
365188840
968152446
196699882
769225708
393879438
311558399
264348173
470969979
30278658
239110839
374101215
788547102
206680961
126526278
129854158
719709041
109071408
227964496
876597281
299898061
604793663
233978504
294644403
585931393
648128614
734082733
704689448
792101457
757409655
29852059
301696076
291576453
614660815
597130811
386292381
551162817
850101954
731920606
46753525
426112355
331775824
912438617
502312462
743686300
826839342
682166642
17529102
653414648
477115545
967723109
306248617
855361215
40626384
695921217
134788113
940624965
222352843
636657468
296978804
419030836
166122460
236648379
122357837
272170225
715148081
407645905
419383680
589957389
886046561
41275001
218284205
178235710
62530507
257793291
934525218
466699397
453669412
834280150
882624957
549874872
147636074
106970925
504574856
410016160
567375616
501254554
750114943
760845273
790924862
171053755
847790176
160425840
724586793
361953430
219014428
600223052
278008246
625546131
236893952
315953858
699895322
471200273
476911323
588642786
79357904
790883982
521273047
241597188
817336083
481526983
227201889
251170621
542308416
515468652
106086102
321041930
886341682
720835285
492261709
767489969
40471850
886069613
614347893
79910763
345467227
826363851
104622454
365168179
439595027
175421110
273734669
250695428
419477175
267921233
93833117
799735212
810627229
225611400
438686718
663734174
469018644
846952867
336123443
731359278
965687632
398539653
957437711
321564242
411080770
379742822
931726264
557851485
603514602
815140622
952687432
125585749
976423555
363647806
859043208
744083417
506442417
983642120
480385719
730237770
25455331
330950729
131227653
253562865
242778835
619869853
475393980
844413464
837207188
59323703
577242729
661293276
813885497
105788454
424670509
903375482
797086107
448636929
718676777
630058210
218695454
467081708
645484973
445292110
538536827
100560973
702009410
806763213
780744665
18067252
236243299
492669463
115184024
393591990
968538123
161712644
950168577
722500541
930272465
550995084
250165444
959560754
766823721
255759186
229862456
582922538
597647649
86600059
17152949
196620933
502818737
934511531
737983233
895270993
573964992
899286330
674282861
763991721
520691397
270975906
480533131
906812819
347226114
665698885
975522643
763836404
731947199
292747016
201201594
443483111
490777194
275536593
809457335
641609140
537923931
599070450
538343589
425219895
684965041
877594332
831956503
608037875
111085203
104386893
352610971
433240348
730416399
108018162
546644277
766298366
917709268
952032411
877480415
630534611
186553126
135910468
284340383
452686237
696953465
163047568
85983338
738328504
537482788
241497163
382512022
570465963
601556312
920091419
275095334
119673844
57787564
271441753
122646375
759447233
250562046
344513111
934182062
373397558
778149128
602243965
271965744
213630792
119416228
243458204
862386933
656375944
140400034
719447922
939172211
749587958
427777858
799041788
133349539
623549709
670370548
769418611
460395754
963080056
864027988
298312063
985726462
373814482
663138005
641155025
918894406
806922132
475518263
569375927
376833245
822290146
976949079
896704085
481817440
662950250
5050024
706255619
194375441
864825460
757720562
198238267
68266595
888500157
560328319
589421732
829801102
342126041
692195255
464983833
422080791
383428054
384023451
564243038
281313314
775690410
85149322
565234767
568520431
616629688
66764279
526702256
343792488
817423797
456737504
712053911
986326069
122242476
595613986
89933404
436292820
836323261
912444225
149365858
71970469
544545972
771559257
323119773
607255635
223973125
396236211
490724798
562518736
25193590
903797882
690231572
885733629
225417657
463436330
964881696
222317325
248153141
333685004
186047029
684894723
313936015
636505695
180545645
390039146
853975217
703141249
657498994
594543117
796346762
175647064
844396770
97951570
38401856
783739128
386276150
871293758
690361278
660919950
328833717
787188576
92250625
536716368
840108070
352108845
229941294
979638911
622208931
226748331
251929434
494321966
143145490
61905780
653422777
696958545
63147970
6823462
296470103
450049634
782142888
862747076
77976384
981000741
39057035
420313285
317546260
743987004
695341325
571210543
721514209
535306230
353066968
373618689
716962083
502005685
952687432
210526845
795882748
741455685
137759303
544188226
243256386
124685296
458409607
985637710
733831845
409529463
695117347
67423168
480206758
307495256
102418238
410782675
768059332
971849112
523363300
541009225
652410227
593971800
206258978
272861853
127536813
30736825
893927086
637995752
394665247
394875607
825639116
445313052
71747172
546610567
237342858
842684460
19381774
433548569
765047305
37698322
225167793
556244609
351005012
548148602
926266225
70317271
22711226
695474633
279567380
118904989
737522263
76511942
322549414
243263276
920540967
89433840
705620609
556018982
777002047
526021898
748676071
254045021
226831471
591192439
541249458
719980093
561954086
196770275
780266749
662236572
67328683
213561152
915436440
871663048
465460853
338126858
775147303
482556805
564500639
474525946
158448477
31734531
897831243
245611660
934349609
321549033
710315144
953598654
773605406
264936099
304260858
927752407
399018343
780120251
62646667
727419274
576087411
517772730
418491019
887793491
912128661
394666020
342270410
522003657
56827989
534531685
690933298
906518087
49178738
328087706
658669501
436009476
137868120
261438504
936197928
198913052
769566122
17689089
948208935
542787113
450029548
341318280
982390958
193684842
816732350
745921297
654039470
15738295
633352196
838266551
737144813
152560366
715625052
174739870
460509480
721898151
864553991
775852005
525564914
366654381
328185364
724533757
458788606
828397005
420901130
121095967
853463555
480497827
68553588
150565821
9325344
828560107
431310012
859544033
924476561
563171739
515809903
923430621
241497163
568836260
239571853
737066345
753439582
53407800
477155273
909861651
440623490
319547644
328593583
232492546
470946269
33975182
151206866
767149842
245808435
932112412
783238123
696778292
97662692
60481237
967808104
280167667
291202539
260477269
441838132
312496565
284818195
423372712
195926266
604300754
791251792
258653715
358583480
612418049
336567919
207747832
867118504
413365788
834751320
403354003
410637564
94509281
420309230
96569873
190203332
20301556
54220106
326346497
591661635
629579808
857688630
450369944
968305131
889394433
205844363
797580981
773508395
534541656
573593453
670140234
347008385
856350163
961549480
653768685
523709630
8025165
170098048
802580726
159130683
7695187
353475771
722318615
2490600
416731982
799870053
11513265
261025645
560772303
427405662
886643067
178594691
640840685
632755708
263674813
433891
542774249
943733295
176804344
439429220
673591445
225884591
432220751
127613449
839269805
389749390
673318169
718692763
309395129
614287144
301872304
93989276
11232812
12315096
308349011
968182642
558649413
427445168
932768212
320557748
835686409
478978545
807649619
588091323
684350301
922945929
45858750
511946184
531435402
388689987
145812286
245147811
300373063
775316492
845235495
859801026
490190357
876715652
506921393
694814179
225313745
395346864
774420523
834736344
213915687
124433243
54596960
626510078
704668085
803648194
440602667
184144809
192821619
418800486
409752437
828307348
695921217
83948844
181949788
854426840
901060971
758026361
140889181
953448363
4178876
134765205
115338043
160378672
272669152
55760552
605420579
921536624
53328670
822385209
158245277
667226937
236893952
308649071
834392440
434344298
542271601
560458425
683517962
446416288
594312278
398995250
650419831
469187608
598084560
746320204
761446672
644995642
431954734
847072165
516411793
438911638
101537955
849863528
541763555
23164168
726506900
87014237
713841663
85420654
649871147
966672102
28820734
937446320
12108573
593173030
711144942
293246357
338195222
385957523
867337689
533377575
215746596
554021314
881569454
795149328
724832885
431438096
6954402
76004051
174325825
258144446
31033906
511441590
314959790
363296641
820992662
879833846
515920724
362893818
726920737
274388338
897355918
215157822
547375224
751517538
448534823
650040647
906086846
426316436
515355102
879773871
390400974
389922966
736486659
139984624
833226607
285129966
423294184
446898521
732915425
828358655
458186210
720598652
252995218
246542041
70769349
700835499
169528505
577494162
35706947
267813591
182416663
263690805
890440183
714812326
233558305
451365766
737505205
971576255
564552373
754071448
146748596
741644189
903502256
751222260
947076283
383428054
478978545
580572305
785304322
121598994
910025357
582129151
351136737
382459256
704972408
378402429
219965675
527699927
706392118
54031725
310324092
294534701
74099228
619997026
296054136
670686337
499576867
226933339
150410567
128645428
76239272
26248733
233789555
508109777
179351779
862613587
17840308
442031049
958097074
267431191
313961985
974101650
128136223
503274579
436865220
295082594
650250783
772558628
698059936
960573762
61036447
427830575
50538422
750066482
667528393
63103971
521572536
709743937
489365001
642540813
37703625
806623612
393410500
164281313
295404808
768979999
412377532
295992578
252428362
275259999
361452438
145759713
468600958
770164005
755754927
620389290
2454781
733112695
206258978
146991812
944261625
748682619
532158189
519350437
584793460
248726267
822594025
280008908
594066167
902589997
703828946
616348022
311129676
363925969
814763179
357376494
845221045
911470385
264345742
354821861
133460340
252550263
178661737
218519211
38046897
577787284
631028591
774022801
219684275
416328585
32730111
613941355
773404148
571793926
950168577
521739055
747649996
320821675
104728301
345703302
933451803
938603793
181695938
180853345
265265780
274965356
616976663
133615133
455311066
867168869
24733661
953499005
513090783
532371260
36280222
757114195
360969556
864965057
697629052
487218088
144249341
675397378
480020418
849805346
508978675
78918420
255647063
784900473
939607083
828553238
562382821
623405174
496820588
329157519
311749461
460869836
696279654
719534249
733104876
671074826
979539533
654874835
493336715
847210955
857623089
23331303
337903253
865151636
144831532
863398191
66083464
404520273
964141204
480541373
239649794
250258163
919474519
881657257
40971097
11355543
502048846
924553564
922146778
786125615
696013712
254152639
262800729
303481856
94234343
271368829
827902965
167400377
622880127
825804073
844491313
852073570
426622488
626740350
673318346
934191247
630009967
862985744
5305405
468078959
293811262
734060759
133715583
513341422
114205333
401152935
679494112
357296642
763259392
663562246
434312255
982563987
725843375
466612418
53741514
352833255
792383993
74531464
51337586
43939946
146638565
231932324
967520485
287169053
332042871
661043332
262197630
12685913
635432516
167024811
476614959
115083357
291963493
217201256
411846829
80561215
324310628
850517499
265995173
265837430
256697746
870199953
446000083
842072390
869484259
237173496
905001820
973628872
363706835
548317184
740554396
339271177
461130583
40900410
52762458
407496376
467242570
191733247
724014927
764447864
52780416
905501408
242531670
329379096
116826619
534284637
56586114
788117529
429680968
165322919
54683808
490794083
74198260
72781787
809920792
296819225
430429446
48165823
361365129
522826532
939734499
414194578
273782711
939376957
143927616
615690595
800039037
754251140
69714213
824278477
643498656
446718618
25652467
410338294
502818737
66619830
911939339
638183111
773498675
330648750
420472223
176309300
272334364
900773752
797120560
416072156
802091430
838739321
826286897
833732998
564855887
771859226
529117042
78869212
785614937
390126868
982667917
114430982
816909108
685148647
257263982
385163381
630974181
980203127
904939572
58867733
748562989
440582457
441918646
106654463
762283944
45422439
61193967
620906871
621650054
927147441
939521327
343560666
207747832
550592647
194162617
302154352
584067632
965847142
60698352
650662410
406965379
189525604
816887049
581697624
359578251
383920839
618699302
741501468
30991288
763761456
580934615
836885071
954332357
674468596
216358792
251434481
922315236
427926125
403596600
771100938
31765899
113978215
260477269
250222180
78438579
932809175
64166836
788274524
728588886
360335286
821466607
531020279
437365510
202090542
80983825
668939220
414457074
940156844
9236941
20623230
944919254
345101380
729980612
135871647
788702601
465353540
5016123
409344382
524244527
417086458
323091339
87885222
366336221
320690462
726378658
223019953
285668792
411491983
495303364
230264372
900274386
119341618
701682464
713004085
791925458
130552145
216001141
881442939
867337689
966843295
706494108
15200690
701398109
321179944
20409416
18712762
699927704
71570564
898154449
820170846
702039006
357093616
604713671
113180924
709586471
532676223
665789851
215144436
775099952
872893188
181000916
825618677
45618640
534444688
796726505
84598080
849792660
686099485
822338755
61558627
86829032
705858799
400115697
881116358
137297926
952815277
875836946
823491572
808280000
170935803
205242032
2449861
404163720
863439067
14100470
744350211
941939374
653941165
737657129
185891966
432339107
3847908
729576640
340608730
410100393
419181095
116509801
258413718
981551764
688531314
81838311
383516593
468078959
195583508
937036318
48000831
543107141
710983915
84346171
590684354
428041026
396236211
511912447
508757809
482488550
343130427
380585524
933483575
186923462
23577368
722823351
200018562
277393671
632456368
61912218
548585230
842659603
663391014
668605243
254029702
67583015
476932584
736683306
59861732
608354527
293025073
868953153
510344187
20706234
923616647
182543924
489798391
814268626
424536182
740359723
273977299
824890266
168767575
984689412
181533714
764532570
528215969
306920244
76770917
900514948
366216259
136332613
624629491
112286668
156110591
78075192
535092667
704377527
794342076
34532247
868444148
360123217
753936622
576287309
845598815
768199504
439308135
461465122
388311008
956893280
866297760
113748376
46609381
933570468
270819531
583962082
586080948
984387288
777486110
72581369
409855822
698679754
315131359
616820740
721253650
111349485
975794188
55842120
213725261
207361987
833988679
176438096
898819285
305901294
946715015
220969834
251777958
728588886
891419237
222974849
730830459
147508649
484283452
759912719
566454289
6526135
300376010
477821468
744754534
548925170
921547730
1215641
939672587
60812273
809616385
606748944
270064694
545062577
148786954
267682854
410008726
641753626
933427436
110890503
571399812
865864130
290642326
100489882
577093411
454476519
924329429
669807163
240172340
562841925
39703424
184703222
372373790
372872505
105692508
844444867
200750181
881748515
40205416
482072283
163941618
955895452
414663792
631275062
326355695
918064343
959482892
871740293
542885758
94158968
61907437
153514283
301454452
551411694
933890612
263017223
643485122
530722549
928254538
165258705
290460792
638271592
8638672
683657765
757059868
815942757
47171458
746603340
904452637
764803416
628793108
448370065
24325951
330799900
981957430
787795156
251762525
341700132
879621521
112141612
608863426
616157967
599179038
292871418
356864825
326697033
502252704
790468786
103818389
358836897
963597022
909821202
708772066
425252253
573786198
542914239
150169862
146305178
619609950
99908692
397851788
474859803
573832175
717590500
450528292
952701521
90792268
944250842
284858642
769206670
351661699
120647848
942673062
233362016
705489515
549248924
562608791
952467322
701852713
148
785604477
81489950
182903550
816435228
292971289
824312765
627380613
847434219
119154216
164832244
554592929
139264501
586212041
598105972
168013642
162737564
474768169
889230906
127981947
152239340
707245560
421173378
151378831
344375001
715471431
438054782
896052319
958875784
206642548
235875839
10692549
932099326
523284089
322790496
138004
953621692
938267944
908128503
420973770
435842795
141029987
191905278
245795651
67657252
764173553
585048999
498380507
780851182
713237958
785593308
721159698
465118054
16688195
795487585
842895978
115174072
199819072
841178649
732424487
168953279
793789114
893051013
630453705
77714411
216579159
984829520
812467051
137699887
306096725
223475632
967321904
332484161
448617049
336409816
930458910
673855715
8737855
895481831
521572536
929834273
764431400
553052176
753000908
877946196
644305249
933628763
840711724
111166234
92604751
391128926
895023571
24599070
267364518
811287201
204993956
263735906
914361887
408982617
54236719
328514434
83388816
622143429
210838824
580518132
756424938
705291486
642050788
466524788
910669438
489627886
931366436
654902142
936578970
577070509
221113331
512101305
676937792
821644730
106335428
18703341
193501092
45871679
791456890
585556945
882544863
60293432
129389307
917333336
221223774
519985555
532341166
96919900
167029299
364687498
565733897
774576467
25042504
370078669
584337874
394090841
668153443
192367903
267389479
960787990
877425018
409298102
745133553
555095831
676452699
693309203
804324174
126540118
463146066
201960438
288765673
243567556
845103132
925043618
411054123
182417478
50235499
250838458
627499699
484804216
190596576
104779388
264598656
277066407
6990201
917204681
332696928
602026569
539763579
473742219
665467288
776487518
548961384
304907299
133982319
430537943
799432569
396250843
529827602
980397967
35752633
805714998
633096427
861685284
3541950
413868891
104856801
489592041
562601269
85820130
211238856
384023451
756800757
222539087
113419814
557202786
492427266
70121611
738357646
735077074
801051849
646445031
214104368
631337138
578946125
304739518
924273023
503184467
333147770
369489781
137454731
123956858
82748993
787757901
842347561
54326923
175341027
364349140
829474322
669913378
148331074
968753331
432242115
340157684
775638352
947516686
61709979
395055433
528903328
681167174
983105386
672424704
808911808
476989510
726162079
118734832
593325245
110308998
63406264
948514612
714123420
874433038
872898538
405359760
229846685
662822884
570120183
555549853
169361944
900923828
147736119
51948291
864758398
464411021
40405428
506831828
646587649
900275673
88136064
817764044
837504685
601242856
499584283
492736102
233976705
410450283
190271715
747921367
440257392
166145550
747965951
84280734
665977968
211343809
290121679
644024029
832264654
637641167
694224249
730560349
65993967
29119246
251452878
84950294
767093220
377946159
347150900
235267936
125896132
740445331
322044292
809426284
301391943
376838453
113766191
149825294
308725690
389322666
455687384
569686900
8939308
487409842
163798375
303881596
269909889
479619567
925776989
854511481
469857268
610320031
499987927
427790634
653134332
377650156
50261005
388149096
541243153
304324196
280436381
438928739
723390318
81529176
639408272
437276638
201589469
131605113
512354581
957984740
11123795
18562389
57896917
209893261
99442157
514915635
193277997
83030152
609882257
92173941
107512437
909027759
119850454
928490496
960328543
772588555
205128256
28398171
462366357
603023083
755504051
182186526
32289663
645496544
557761230
720364136
888607503
892059819
47123482
684156282
491345147
404225798
954925437
64447411
366001171
405068947
558758267
329780801
182416663
230071806
7969606
262507114
395114756
925720823
485278362
220487025
963561279
101524767
182334548
581875809
170274990
963786533
459369792
614950657
831864020
461773586
330800374
755030238
444588661
225000295
848125103
291611412
523408153
324776229
970508797
310911411
500921381
594957708
175220679
781316011
565682825
644555482
490405682
25334298
679869042
673334288
83477795
544440882
884508143
468549285
867048531
533637700
333964433
445502760
476839896
360142350
195729861
69538828
956714162
610458676
184340505
362410240
911945393
189890664
329770546
170715128
477969439
563059733
656998132
820529496
19405521
300064749
901127983
823578423
942499110
731734046
279637034
817890503
754787192
67710270
585781635
824720912
394353376
805406314
756514758
160301482
590357984
934199980
377189178
625444809
403949154
159136223
891317252
486735536
278534035
420033647
64507980
587879592
59208537
838424975
659477625
796008162
515599661
359588027
776560325
236977983
778459620
443938685
51862629
194139749
132299984
128606513
724727308
729223858
807720736
769634993
949192210
675534448
442655369
126409952
372655193
931009289
395813608
779324306
319795679
375488674
567492254
916517210
236376837
533887889
875710639
590424679
308103975
120448812
23119455
214105186
883353735
447545778
105291016
884438104
750970845
552638703
731446942
76712526
318801070
845156906
257764228
157798450
513933266
935294234
393655637
31033906
236210553
699985174
708517925
961713010
439733308
104332651
568393733
666821724
364525916
731288070
901109829
286452796
84734926
538533462
632942312
16209871
28868053
517050396
577787284
617717201
130552145
737468186
541980378
7396950
434804637
375750528
577026654
919551894
204776046
984853553
796726505
38920823
77026407
460184727
223735197
332383077
607919805
452523235
149037395
756984314
17152501
755094778
838882492
45720202
658438486
103001892
63979589
556149196
204130524
779810691
601478087
772441223
575742831
461253394
23440929
311771883
121397269
20222937
256071686
445379076
924569708
578983434
613638394
372074221
863474532
308178105
177104357
720126389
833157629
622440272
901191651
782024823
629846899
665215019
802708294
621054033
201416509
698574859
590656690
612257379
694420276
25536295
236244182
540500505
548838762
356036844
483532858
414830091
493796431
439531733
373931897
95155156
733241494
818928896
243441408
653657596
475303466
128817049
882442707
82576040
591661635
171678309
826134089
212110309
391645083
569494765
108947575
519588695
508484748
765941150
247400087
70117931
924564580
268197228
188003699
355343078
692002270
41266519
330874221
157995438
529235113
386135067
723213310
64452860
543333371
285947037
423876363
833142694
259451097
885112707
973983144
900975119
74764774
125737537
386325232
653238635
404563648
595326655
82456292
869751935
725882411
945297616
981805370
852698717
240844131
195866901
863032933
887720292
723076357
5956781
847292831
119270976
16334039
236464948
396585546
981113060
130205217
184059105
959721563
249989227
490512814
740771408
549408301
901937538
287530792
206002814
721957425
555440795
734052126
366247637
161885924
383983956
820952335
610125676
331674967
413860456
798080880
57130604
369999323
276515116
577037265
288123059
456267731
668293921
510777846
931489877
839520072
187229370
321391716
358818635
512706551
472920088
724130763
476687605
333943918
449380962
776072239
638544507
408311393
64817022
695147861
909226073
706795455
144651815
382481318
367850942
187159238
265448591
843522787
677109702
314898859
842291623
220956999
371823643
345997945
111924560
768779274
515283686
295827842
94415024
229587304
99698881
769505435
786479770
950015497
377370141
30255088
795071989
400054329
212916268
570610261
720799486
834736039
590327295
319605739
144173552
879921606
355503152
178381878
953188421
24183976
301355247
980931938
129642131
457735949
927325272
898618836
305930255
661525634
545547696
175135002
719939825
615690595
748188161
57780463
657434280
951391511
368966414
408632242
58109981
105621137
871104940
924479944
975747551
614722556
966529141
712413444
705729633
578879232
668844123
314010693
592559772
658142077
683695065
959465923
831769254
672002669
485722576
318163248
489838219
394852006
717079514
810164443
913451082
723766020
981873213
14015840
266969351
833463681
797330524
373814922
401640910
658855533
802292970
295261132
577645631
351201845
680131283
446478581
846190845
389108979
2822789
204573340
432451536
774944986
939216324
122657611
166947359
983566801
845156906
541300417
526514824
718370047
201757347
249824520
893173219
533420513
593042507
565736650
755714707
673407832
234722581
145762033
367117469
199053408
581662797
67383422
812297512
667973347
831986208
22584981
666656600
488098080
539033698
717283867
790572277
438310894
772393885
779267513
233938089
694837960
790712750
178558720
46990491
937409316
814448270
793442291
724212801
373340230
481038411
210151613
406218202
668462075
881791462
74965385
162390942
655711438
634718835
573673919
809068778
267424954
51260135
509111775
931421429
467639040
494156130
23246221
70744278
842507776
777404131
407090804
714896645
583775661
506797683
525703000
667338681
384740623
467767491
669807163
781024598
923506645
150570412
616990108
883551496
535065208
809602032
628635742
114971887
754914402
656061953
264202305
41941957
191710533
79816160
877070830
251429005
89578217
877397089
773214653
827483506
851803979
224315659
815549435
725425082
299034267
836829410
249978608
88316706
867154116
645599685
939214233
317608512
14322917
326006279
347226114
875124133
7586217
636491460
558404714
9279602
879162079
393816106
710898043
45551738
416258567
461941625
647671208
159476180
569891664
441330783
732470734
782595972
874167999
42408509
947604776
151529163
651278960
798258797
892828140
873123376
361352522
215023407
506266972
324286950
228980525
584110807
229801898
672984269
94876117
957295273
822766791
886896003
271723809
851580178
685317463
574451697
260311929
766017849
223095228
365676287
882078192
983433451
693343528
956152003
278564051
320786618
847921257
599651702
243263276
147315627
724212801
310957527
475392498
221994205
622630631
2890305
45053595
836966224
913873419
379316538
636381864
40488390
863254175
847476224
9422696
832873215
382687450
738243438
512478553
372100128
813722774
829569063
12735663
1446182
425361985
343260235
847435444
273746350
818789030
538423670
38982037
489797495
85374600
336000040
86259432
849873029
959180624
860791291
166628079
614810444
956928442
224195121
842155947
985755855
487635616
468559721
49875296
464146377
154036716
476064157
24041114
100689186
155208568
249779642
190979696
336561096
63768643
72672002
426030492
164368799
770900079
970181968
912117918
967156979
408648169
845941424
624256806
47329672
754914982
869117270
243793793
421057881
186973082
737153189
594170301
234502721
871946860
511821194
677521473
787650166
409259624
832675315
130717173
392392209
562265224
482879262
7580825
544206624
238014846
878003526
575317751
93817391
362417086
327501333
649577865
418200783
513727198
414124534
667287232
65954051
83597065
263409212
119286470
732671402
869343303
783577838
561046852
313986166
40199787
418006466
579600676
182292537
334699470
394525633
503556251
787840039
293939603
870166294
398386931
120206412
930314680
954952666
540193223
877343382
98259348
333064751
776652779
225929142
163271187
680024312
593829133
655985651
315503626
451364338
236937360
252070187
928718341
246967507
349013108
260974556
294750764
41184480
384464884
542026956
83646142
74949841
350222069
809621565
303362953
192667
163187768
422618627
36470189
893348540
233841248
361237661
52263521
305231779
813923888
890399210
479247089
836407625
818421882
424649252
266854699
152481692
222197097
21141825
96450308
795690389
286774702
870500497
916141245
307823358
386440597
127953077
539348790
730495439
830297029
32168377
357813117
475691653
890836271
189887638
732481731
224747764
827876475
888304632
213695702
290397108
622730499
286655824
159832996
508091388
885196087
881466048
891575305
226029724
585784651
348835256
73063463
156613182
551305005
664733161
403851771
165212108
291457585
481805973
660425113
276172042
353122681
852629777
117880799
239595808
4422062
541407144
817201516
781619664
895963361
728332888
671679498
97233966
601959846
548145163
133205432
707991125
586114705
870537826
376410150
17342636
539054797
24560573
236076282
682826993
848542239
338569993
97691170
667226937
38819856
164787744
3
589188252
540937910
728050165
6278388
1246667
831768188
97351700
594234083
363068970
670199194
279568857
879614966
953266528
617252501
3243038
53491866
687071302
34778493
792204346
381141648
721407147
677588795
715551755
738966097
97401059
279497374
551544382
217386823
791043476
963876109
477053011
800056967
5116115
671785188
221327923
742097738
268039606
716643159
569145357
863559682
578019523
832856512
887310483
970497209
747187314
693001366
59907078
818695240
516679110
183760854
238499862
622717335
985796241
265961431
520054930
845059096
642346036
918827280
457176239
188052981
530534944
446766164
528832055
143331180
132748388
264815614
229100344
796238265
487072848
342611600
346448282
163108221
19810133
969913868
804120242
421838450
90473154
357485844
672919032
778791887
450802937
452948879
872298972
782457565
316349569
198982922
323136338
684397694
102521381
783374441
15077884
15695592
499417881
792197111
737764615
174032354
278001852
115939112
487378278
527384819
966805598
969280783
4233884
32517819
226572562
393413095
829698876
937479429
952701521
120218555
323075530
704412667
732424487
9461663
404681263
517953617
623528238
891344746
281502697
430044526
325543418
152564553
193252057
52961847
251811590
318089935
978417621
90696285
73042513
365226484
823590436
671594659
476383989
846190845
248396738
400897069
871105704
360858261
453892808
818346666
786407000
316119582
755463488
966336256
446266728
590879969
38443854
703087342
618049168
216858902
361953430
184887335
683368882
473966903
781765137
680361668
24545269
306723015
630761561
293145936
781236141
286988902
626306061
283891476
77209133
978938083
246877588
45471360
205528488
770276145
963572874
685882947
318140254
478952138
303463848
953598654
508099752
797466472
445045514
662878241
39057035
632926005
394770207
705901688
930414158
396443136
953068243
79109691
383955165
713602012
644269624
178594691
779869698
267909630
924534034
969274423
302319922
887455828
207262661
578502665
676973226
921012173
358335234
231350469
69398892
622584942
892706545
355237389
964040592
450116483
477759780
858913221
375527609
435409083
341468265
139130038
32700411
176709533
778596231
250772158
958261717
427064002
905652388
51024675
263147125
158679272
425660341
840436257
221240376
328686560
597905506
382283853
355696472
757108315
48554855
229593341
35773484
628444070
847809393
392936827
591159895
242137468
252802268
703315885
643990820
302297888
529178439
55523138
811247289
800216681
558564591
350458575
108938734
40488390
809085191
514663504
523147624
402065152
355880111
748016398
490621140
697330986
184090413
102148853
684752124
147866204
443428979
450765721
327074861
129757292
211125718
177704257
372285553
963395644
483966961
918506891
271627256
640362628
719136498
480843755
341136134
242479648
803279736
309314709
793577219
712016292
151213787
260384083
902221831
492371477
973110058
563603179
525313139
534741193
94245909
78116963
953110051
449019234
102776279
897374875
227751340
910284821
689067671
688923211
286193190
875997508
58812272
554329113
963747746
553710205
274318425
693842103
537875107
297706703
60411345
860890304
459490490
80805978
237633525
409135913
562265224
260762376
809616385
161340450
306790655
278297239
248490015
834671280
372991775
934725611
834997036
19587076
916709723
742138196
839917772
952254180
149586615
906133755
302117086
670454217
510710833
480133981
36315502
318064806
442652009
18762239
336466410
572284701
878116021
478251051
442245545
651400029
950982292
512051719
18762239
685888601
738349627
877697890
259092010
616020281
102445669
459054556
39135085
917053008
428488548
7417319
818649348
949921635
357892932
935934147
537658816
221884307
428846391
306777916
277541239
829745139
633323988
68380357
374311416
90180515
221071161
324041273
555769882
510967217
927062800
456363454
726881529
807083346
870427127
887773336
272378724
246299626
891431101
687651786
380505165
403387721
514328718
454119788
708821733
66343112
618285592
896484232
268452605
920779334
269115193
778538468
841032433
638598424
553331848
568297148
912442398
582073296
967888166
207531788
807264385
331341128
99461578
733520044
195942452
790200528
60656857
353993638
981326558
613383582
550720764
189748399
126065333
84220034
245729
721407147
765525754
220147978
152117021
273203273
37018477
714454695
512630899
22932162
753366298
758672506
12043572
267309574
114643879
227775626
586582123
631753259
985677037
121697915
825649529
793917258
922960989
313282002
168663071
672549939
584092777
205588168
912609032
157447788
742873947
545115594
319368718
182268465
612575809
688980917
188829841
171614484
981113060
502829858
739819938
512472470
135112323
69991885
233194487
360730961
943733295
773810294
279077825
524174036
151049768
685855451
142324232
81363648
517312036
397851788
221818401
143288532
322737110
832670894
60332703
552964397
332132371
496965573
104948308
228580767
306939337
706150056
862572337
847726823
91694112
835349402
909561344
278094701
237752977
371689641
383802404
367666176
296491065
403649001
455497814
110662496
353405122
530044845
152152676
483457594
6222367
224164656
84147959
526364349
50506279
459730272
606165834
390496123
382979698
592165251
486509441
224574460
492427839
551723615
279568857
191391269
920230215
798633523
641411920
771141925
380504446
868951097
597840259
656105153
701294429
857700641
494816423
167698621
848141665
567682305
89060214
914784635
558947757
196672500
181944728
437415388
652562626
618664088
568146526
588866336
759792728
449295494
459758332
425107854
556620671
118013134
734049916
327402817
643319097
588770586
670249619
402184977
733977620
37368410
86595707
187975458
250163090
683520739
928142196
469611101
795208209
49225167
773195794
653057363
346369751
425134679
176670473
981152737
326431826
419324817
6619930
865889917
90509751
374283917
62166232
153921674
106512091
204714236
677055019
435773420
27976868
844700039
233512957
811531575
106821255
613111930
373934191
590424679
939095350
366321680
826219651
398099538
42731920
58277809
904036828
473420683
83389867
849889164
646265200
371592017
455528010
150439882
927191972
896578859
302507121
138103771
684800882
125799245
336374038
268886521
589917124
449229265
784687528
622893065
265295809
83270682
949921635
352695523
146305178
146950681
581697624
769714358
25719340
910611334
83724044
873429503
494843564
958863873
384614286
182783855
409391781
19009377
314869649
139215324
603566445
698432227
683995170
323273629
632456368
478447715
552896373
367079191
765967147
533917284
865901115
886192816
470778666
415340712
629909007
823610072
498313092
978658886
292774266
119117801
536994395
128862671
707209642
317513024
854736574
196843218
422690958
409026001
623141662
734667041
19986872
553962642
435309160
521829308
422719599
485726804
647287261
98924740
421657546
208207652
896469771
920568132
823712802
180450203
772111901
930295818
808454033
597492323
776093873
976736223
160650498
276779185
408884252
863456796
444656321
357843380
100529383
94698939
258653715
689880188
654764279
368194705
252248058
672979677
711642253
894041544
779324306
768015016
649985386
939042547
826286897
919706147
249641350
210971986
910223937
881580694
275384468
981729954
717438686
431836826
419032136
640257891
622752828
886024763
830540897
721289820
903962792
602904867
451551777
95042253
505684909
950266738
123612541
394532055
255781606
908870218
284448738
677463790
939048474
966577907
401464043
172492671
850860938
478840146
61388365
576126322
369572497
125341347
374914907
939053116
371287531
445956016
6715406
23410410
11850013
683657765
438720636
773738034
100340019
481412804
978613197
239655560
46609381
109705673
56051673
406296429
437000072
360890120
38941132
288667328
829745139
27241779
250575528
410254902
354419632
629525060
674717261
497935367
732051360
806552022
100910586
43804078
555585761
206437453
389873991
458517256
235875839
634530834
329788560
15554866
397766827
376262237
230495515
490347358
515305757
28417571
847876937
861033177
88843701
20001202
779611277
886426951
463958729
59750341
610163792
9518172
962993200
652384710
349407479
479978209
759338929
492845206
17854486
286805710
386759530
143985047
1503787
399251043
882388315
558807326
474170614
416943934
962619007
1534764
881008001
602962751
486676608
928001732
947334426
944627969
264950897
879143998
348261738
165390165
151753922
845871172
703106022
69585590
26126766
956774255
27854327
366104227
122659372
164203212
219153205
127593952
240907560
958962096
140415264
691976611
751545333
246114081
958261717
551008415
830237200
417791645
852436977
643855692
975794188
393138397
628230844
951229118
12551463
148954598
847170648
395165815
134980284
200453653
848731567
823113761
73032882
476649809
15738295
539340414
404536707
983642120
773678499
407051276
965278181
575639599
415741840
30679390
834546038
257493246
814117520
51059608
933921083
793454512
574351936
178381036
914486716
729537924
661844078
761839917
748703575
39609356
517264967
905259429
114264876
489885840
693418959
310665167
480262259
798822381
426877834
492846055
138257640
644233108
324993074
500023825
696951265
256155237
529872561
98343906
495756723
497691033
880456277
913908715
116689768
628824380
902650214
655985651
547899419
287078315
477212895
409043886
630681914
35699940
185330901
327197159
361701387
202453947
278404338
696105747
808601379
62662666
930907838
986199586
891111176
422156812
412400603
703060307
758152935
487766248
344835490
924516905
398330871
387013845
392283551
129667505
488980512
797066113
891328541
261916999
527254325
844357599
854117628
279618138
521653411
36538012
645108234
345703302
200308292
58241088
198257811
377524093
174245624
1939172
537406763
622977295
806411769
369678230
731321026
361968655
338746665
200308292
869182537
115797434
528593068
323668850
841676793
282260383
263659156
940062749
317463822
440565561
811783474
75747490
843795017
216227272
662072390
624629491
753760532
502694785
804484223
4566893
663642193
284189869
469264004
808425878
106721240
147955618
729037169
604575243
94945398
129205763
736200974
145990148
323263000
985272272
973464800
717823784
148606013
353024775
383515195
10258049
718319423
1534764
224948355
862436945
635836717
205110307
142553755
114527378
584345801
109222798
324724631
695780389
59170394
341089081
485232199
224087531
835676764
6311778
475595887
157024903
846605132
699171864
866967508
280038322
960147351
181045044
61321654
177000364
183839956
776777517
627864815
979205928
53256661
546644277
525707959
840441928
19168634
135389448
477231711
735492103
650662410
707211886
583539293
32508545
705235020
889640165
931210794
214988060
379008011
33068204
509204852
725039025
294712154
877951895
376334555
193067152
363776303
372435708
43591296
199810345
47977695
527812845
184507481
180313462
435892877
448534823
29276564
797841312
626586829
90143819
530477062
512792626
52885466
756984314
307512981
686179191
171652709
949568224
601138160
780158369
759199436
759915438
8372459
76000683
503191658
1661979
814123512
705291486
350293492
726248917
32442988
648013786
212688842
698648313
580022356
472116824
62559084
488221499
703059793
858844871
686538686
462417630
767384378
236914020
665204002
507264087
174679492
488671811
662579476
966777291
922804894
460184727
754403605
381239909
540654587
722521924
15763486
599584049
318508978
554159877
699674004
942082005
25331619
311050702
123641749
940335380
303202259
515066616
622630631
484575507
403810560
868951097
34229514
425607277
909101438
944794820
489855189
438516168
182451945
176670779
310630566
576800516
472775966
397445499
172263118
752754753
541887200
877246954
19128697
614663073
939618317
44214542
259824305
728596778
104266232
635571995
675713297
448871625
969491887
690416111
626898430
27372707
677101305
902118285
619790015
405175961
477679128
647407552
61907437
167698621
624265085
417183897
873231854
510115602
453669412
714232821
371587353
686803205
73355846
705792153
611441338
403489791
716868044
822114199
756014446
386391401
291358548
453467191
808591363
568040233
832041958
128252659
329523547
665129825
768932054
929789385
484892599
500025389
822801787
46186555
862099001
109059960
678157962
699210665
514188730
891403563
587871001
862943227
671694038
733673849
269486051
801343621
473871247
702436299
409344382
315414554
162339051
821095896
807126447
919508132
581985656
303612259
704650323
35737984
330676956
467075274
495967245
338060304
34191888
11469216
363448213
345253137
800317982
210034325
609655282
135989069
888906945
890073370
170811716
22727167
180874539
801016608
325327696
612634017
754146002
409722430
361630264
388581586
371203394
765288635
178481501
267278609
281642129
44955118
788938870
756885601
439503443
896138546
793203821
793347765
116661599
368295633
334337212
531559729
858169280
778033544
52198490
775201619
627588566
46395344
284394494
615837018
806833597
965003449
903221489
461642923
574351936
95967822
470183695
263342055
260577145
129069904
310650324
621026591
349920761
863306026
972719871
191831991
120196617
222277311
306019239
923483993
936453779
971883512
91033486
271490858
576018265
251107749
769047529
522478653
146155088
10788258
489105287
765323844
972344179
276612087
225488810
123604719
493028225
119117801
727397438
117484185
757326211
715018877
145593074
717247132
586790718
44540340
373668985
149767471
595937921
740631585
373994042
228468054
826443413
642862537
25250114
831012333
404655182
4839488
177641026
935721004
290938566
28018416
847484223
811117677
26270232
782153464
779590453
654766045
685659107
836107595
188003699
532595785
967749366
501571685
172982631
761377818
954517867
503333303
713998872
390419317
216323688
218483121
950486234
113855244
346626615
365424767
834354589
206238227
674463761
928425650
915719195
434821051
565242029
748954114
836116893
197203584
679926669
745179352
952467322
594177169
982660269
512344163
515636367
511501730
691080094
700471965
51302321
41457556
23697585
975934567
367291708
417328087
731368205
245838416
164941742
220322565
25361960
795930768
317727053
87591555
499556765
979391735
147868923
107810378
56505972
103994291
4643268
257882733
956287145
640085507
226431272
149718017
542412852
279618138
432295333
428375085
91247979
943565724
49329145
162375169
141021281
818505522
340684590
835939795
985980743
692500160
697352919
248076632
116234017
393041250
50862552
745205138
152424252
799293329
933492741
590903615
466690812
390080199
403169290
163699688
13769798
370730635
318569221
621920943
690608414
799500780
374752605
421829704
719101855
279080289
981549718
263073864
601562463
711531700
195364767
410415649
641142966
53947962
382273854
140066694
940998850
509397759
815312959
620050811
939734499
693752495
520363373
290474926
460298521
829160322
777156324
777422185
335474868
51870467
381901498
553643429
171744559
598752891
582270418
931156786
931684879
490005275
922617152
623057911
771426961
963747746
715870331
610428226
219296575
136675246
322015512
953322476
455957441
369325486
114527378
865153996
745198870
436355587
655631585
469485529
692822236
787650166
666635012
295912997
232394117
209728317
956892044
322961801
430050543
341522710
754715395
183742892
897027517
478115109
184862719
913435887
910934257
539481977
678484623
140554544
282891501
355696472
181298617
1909618
699234005
551251517
952815277
56755548
561369805
564295442
84950294
862938250
910084639
327167424
316025752
597493987
114736643
241294402
627737046
979564232
143355310
296291765
572954694
363402566
317934821
207569715
370225870
550710712
363015861
933438686
155777247
679891946
499747942
189667821
518434591
971593413
513239185
972441734
300467645
367301702
723018135
778672674
247404711
170018280
770194030
113444707
597541501
417894681
612351048
481496134
972366474
853437758
556716580
633541991
224273743
674129803
55107790
123756534
136427273
475113426
765019055
40001777
43978124
202126539
293061773
261438504
741891747
691866955
439334021
461642923
255174383
584092584
452313632
839859598
90147589
710817600
90508590
972872373
831503666
163187545
38992490
923709298
6349109
860622888
897063048
293200335
401750678
834765137
730914025
152919893
79493415
756770059
379762999
482579257
458289085
900964014
151483547
942789127
410243529
495747842
252288203
415418761
98688654
466497375
360656602
816095802
648326811
588493478
481339199
500375243
856179908
280989651
910807910
970031822
857787131
467558062
906128544
116533893
641600240
667078510
244465706
4285892
122908858
612740438
396005000
886457010
597717103
904563442
714450936
278945965
340805196
924462920
550937299
630374882
957826774
573205834
270625982
410360087
281451256
874470116
321774225
556759623
971323596
521892325
506707824
946476120
397740529
873160098
846312886
407417774
604734157
715994944
272467269
305276095
448674874
486065346
415471672
870036088
928678048
485575437
523593740
530015989
759035132
813325249
361285154
261084243
231734228
904658418
526268508
261505213
776299311
160449141
34918836
128700185
849836816
851610161
815930599
41944828
679597661
36795512
955895452
488390192
901183667
852922380
381179457
8856348
106200203
462395097
351554290
833080761
878123886
977959422
724189714
845444781
975717157
808251013
270940177
537895697
623907302
857312111
366965848
317828710
327956507
109022667
797390451
142500371
977383500
801579422
182431840
696065727
626796181
576979761
761553464
870805641
393847080
733185601
94645932
508466104
207132408
835278806
62559084
16997868
417893581
0
19077213
271096628
941230332
581830066
760757814
188429081
833595287
691273943
14171904
349270600
56225481
659477625
716607441
947812779
95042253
226314733
820132413
384147699
278413979
529269317
340582629
622483251
643360980
933854257
490087289
118318921
419458933
953592624
614471692
46485994
564324720
268014932
724387046
29356691
841601347
279745729
655002411
318163248
157607772
339304388
706216524
380447155
811623843
80583973
71414245
910946757
174783769
779612502
349540479
103723885
2100388
101617934
326521340
240276045
671995071
607620456
361473566
898388629
408745317
641240762
437080339
408182469
182631848
372536583
358204277
388578778
365618798
690815136
499987927
510663391
813668154
13287269
496011450
811818523
329179538
853118933
640625734
371354316
233532067
471912688
215909068
751728365
10159633
579221024
422159379
195502786
287798005
364525916
7644067
327489380
873392494
280989651
500796235
515951768
475751582
401971680
811743435
857018265
948798868
951738209
102113345
888295278
941122347
600483097
753987139
245938567
382979698
294851514
280115928
805551034
452946014
563930226
953629737
128988002
431578461
524973313
797122587
329788560
479877618
778419111
910920874
471050162
424045485
704461257
655916026
685638976
547613797
699068654
382277818
36221656
480143910
389552123
472360669
386004121
653697060
814269443
680591782
279041143
586600319
771141470
650323416
932246741
382255570
417016100
971359357
60856299
521423548
185331038
400372034
282999619
558867205
753819398
257328652
191174714
469186781
452770531
849203887
884884491
626267950
844792663
976045881
222205000
259657856
479137521
776682649
188369510
113452213
677908771
93953980
512099220
653555638
591750718
315726408
273164202
63375096
251470200
905985612
72274538
821825966
227926283
902598994
240639175
44974926
911436267
83357872
179951378
825538919
972035679
629829333
427240177
514705908
868352991
338875578
125672724
321249270
710951172
895032500
307429355
386420371
396211004
827012745
556556713
957292453
380952305
129671819
20211417
635364600
265650426
791245053
166726035
525707959
834705173
521572536
475562032
229813461
891980846
12431551
980712816
41785001
74751101
280411673
738262551
195219591
482216678
869010026
251456476
453353283
504230664
339376483
494840186
4544538
301809634
104781472
532627014
580089469
634926155
13174448
601116713
486162028
373121918
594312278
442059889
20449241
669658211
455474869
860658383
438494826
949397955
798472138
29276564
935838280
795082635
305981649
470758356
545842512
68281113
271874734
509381602
298213767
336808470
517644736
533527445
956532004
797257797
6667
921586477
160955803
267912147
677908771
355504868
42983145
791456890
738639090
318568752
291990509
167419977
456337525
379820449
831129568
505239480
185549399
943126391
429237877
166055969
166266191
505890643
411533460
44463300
970152767
382618856
818614691
573593453
890117825
564666848
912425621
803653681
518526216
761388446
166153981
851599470
489159673
312032035
531080306
731799771
117623664
470183695
397332272
786119957
123828606
773810294
317715165
973944681
706470507
771960672
392126907
384065471
316920032
467675718
921198059
720393398
482310338
906816489
557887167
183405055
48750025
509267052
462417630
794436560
908509091
258940199
956010716
416674177
670293644
629903303
809717809
143481322
284907762
745056196
697683019
555278616
270457500
419954085
221696673
889352748
20944773
175803390
592559329
692552809
964054358
561804074
4240721
303271439
433763175
767149842
627628473
396528888
881354887
324996986
907013683
83004427
952934885
325900404
732137023
188408534
234178193
921879278
644538411
984790622
65863277
436918118
87792370
401295017
736991308
232099127
669555919
1053617
662679337
221699839
709024610
917677098
65994361
72461531
415024910
961354992
391682199
554785813
530998766
343825699
895595872
375918174
964689781
561434561
200025080
789913075
532872434
414607409
836445184
702141545
699003096
108543025
912692069
519954203
567517280
481462267
939316069
857631473
71193869
213725261
249809841
561142068
597259700
260554560
227033205
876111717
672869984
705524810
743299263
22877733
295428105
966187027
515888265
615585956
601045692
567451166
285249867
177633136
582922538
424605590
543140424
381132727
461643621
106327154
525081201
796862330
797421848
871299645
955747021
817329736
460767237
918322479
517833405
405664547
897312913
56349958
722834318
404356973
319206560
163187768
969013740
958718567
216537695
619482067
555440795
179494968
849012826
665415854
842015593
654111839
808514375
36568095
744657171
931546444
68553588
801844251
644450601
54897644
261317312
24545269
465198812
474306289
486735536
765019055
320852057
550236646
105234540
195389276
978997744
21027275
243544427
578648464
403694465
60411345
485624611
132939873
240289404
929389926
316395912
72106462
694201085
97787395
850621026
378227065
951411504
85500851
214124208
104294171
669726921
341600355
80840395
753915127
617621088
260505117
11371618
415805960
370947022
814077483
205081191
21562283
807233088
424387244
467471049
329697357
275729828
63761634
442393683
134663374
101644782
119747627
801296351
954896167
429278690
935209512
569762688
867154116
909917267
498218817
503969490
150670109
339053119
514423466
915400000
756720400
817739772
30855400
105445861
549080829
782198328
115750757
631650224
752296916
547577270
487946979
313044027
129482209
385188549
655220541
531822392
415155509
978417621
59944171
87696680
968405156
253416432
25329622
372326805
657279146
358788906
420484423
476619821
444507587
866992420
96864612
924522722
66913081
559930120
180591857
6631607
560938200
702842524
176993974
306167217
807733565
190155481
677824887
863497637
757114195
317039101
596249040
925523269
159887279
833006162
6426763
143629125
647422233
19693336
160663249
585810323
907738763
221071161
291896914
139909738
938187575
734493969
952597899
625124081
420090510
222554133
151209092
938432316
330643551
909124958
682002321
358422653
638788604
567004761
365862618
857587200
168300950
742408215
981024356
908304789
356233561
80201427
835631049
207137190
225586837
210178801
450915333
689472546
861991804
369133849
529274920
298554622
64632568
294817786
983318639
175250299
127920486
547980631
950741199
87013733
499596410
363358013
570433937
927990476
955836263
495913055
598623876
499037767
482386736
670423241
867553781
777274670
966340280
578271559
281091247
774264330
969848395
768706747
160252493
891469528
96919900
551251517
230773162
66962159
92753088
139558576
429651663
778825304
279394997
488387318
69278366
222408432
870329123
886855739
707382605
568122272
660336319
169705097
120037782
958513331
950484971
193523862
510942246
922707307
899309364
414598297
552751621
634468457
670470940
777569482
292946044
923213045
62547650
434404748
483742414
322790496
59247065
348824527
130631127
17646875
861545175
210766469
117986966
255113667
826079610
767357298
683021641
161568146
608011957
830263243
827245667
233532067
741936312
953266528
504361004
693394725
440740975
486960476
402514330
295039002
909108471
260485562
894420195
164752566
492303185
261029920
982500491
764240489
50554953
258017880
197323578
612276773
276612087
110371092
637597238
57066819
920656256
520436434
565306765
911258350
815050053
849068443
502134942
950594218
1717644
636522075
427080977
48204164
202359028
686556387
111178393
385559165
39040569
21017341
394185309
129879043
89673752
529117042
414642340
273684946
910226145
366621473
232227888
288277061
471246353
951870327
719426396
874814758
321393617
842328179
587038760
229240224
44064698
315995039
918844955
200221162
588011468
20800365
954022117
176761088
439621548
415956844
173486723
627253156
887715635
479130338
166133933
295728662
493686730
237319910
7541399
673699112
68329761
545181303
662102174
530477062
292366957
157149273
799678539
333853658
595889858
223015915
900935293
395258100
739627034
459947856
589840859
703913931
854001639
398618719
255034514
801735162
83615093
167611435
273694296
884908405
468708807
24265254
266037148
213102737
433082836
103174921
234080126
336033298
391726419
310583094
580592356
637938901
43611838
829335966
950638996
802851584
152937517
890204990
63745266
581387835
779778395
674865117
236596179
427881358
557957423
526084301
985287436
404893810
963056967
203329425
736495254
56228832
820816634
604478380
489009014
654714232
236639570
122359291
577787284
409330639
948460148
771523512
304047105
118676915
222959326
674562663
853774325
432140966
657457771
640467208
968515636
175803390
260383584
937986127
329896545
209193005
111511279
106236261
884813236
715128225
22555196
539229156
461093597
588923811
265600248
48442108
535027009
878329164
460116983
673983950
857199434
154127616
64238197
618425351
646968291
517873733
758844348
216627490
550790615
639567243
663138629
42545747
537125901
871816169
809050358
790578594
20594629
707431131
86303564
12665806
484935180
428005219
506320896
847479368
974726348
75387067
48003775
679162577
553749047
455264532
246008475
615572877
358313575
888926261
768703210
927751375
182406247
300887871
398897429
965975145
274373842
18429207
301858400
508618214
662024449
341504804
857859991
182259469
272090113
561669414
434404748
361646435
765692768
140879711
358131442
707211886
435454702
168866935
161897836
551858099
191347580
582466456
147694159
882734407
39423454
589691675
840973879
954441956
795656978
341805407
837069803
320616384
746278587
522156235
891575305
773791614
290716684
805922988
741952223
922428124
547351221
785265440
173804910
74533569
907327754
386250706
476043561
215009269
883051148
747641447
955743233
844034451
327337245
871135687
240006466
822940659
614359388
875699830
163434440
719228431
782311832
842251014
960858250
903386965
835202823
870977599
37385027
435961292
822597985
520371858
752301401
374311416
891673904
98872850
428525495
311152199
200075153
728143672
885337945
194518184
209583800
742047909
560163969
746169768
315677848
281571294
676486669
821446163
659213343
636189672
848425123
682166642
93141884
529801020
581933263
388985441
195354673
550362784
891989445
451513794
79231917
894149378
616324109
182092981
676465377
945583776
414636355
114841621
952826530
70892170
134181987
177598280
478529541
364886424
354718708
973944799
340184069
281582309
196729589
960297740
832775974
803561586
7178358
730971030
817771039
93487728
745555489
73354898
833848129
687268096
468078959
667700136
581183978
523709630
965015552
953076230
807977716
579600676
823823722
137306037
477620992
562505098
611403247
436854674
720422221
228323856
824549685
406312297
827687226
880875908
242701817
461876377
380782213
765886700
522241349
869122822
590710108
604898682
673334288
62939393
685403749
322513424
693880942
2100918
560517073
720298760
427628419
935633228
863243443
933538685
663722372
258512488
104647395
781002807
789733011
673686583
418161240
837841410
765244643
241416616
97153370
833344255
966799014
466282604
726920737
175421110
553669966
65204471
318436506
551666522
181028343
848396824
519263577
618740390
620751529
108543025
352532733
133665923
65240806
765667285
756800757
709878044
449335471
121086279
708081829
397998188
781395063
826135571
879996365
455659944
479460427
706238742
587174570
440321855
541786122
775424391
725529696
405885409
334852522
130376621
233822694
711518453
19748440
824766543
581953510
935023219
432558174
985110662
384795612
316881456
576765973
822603328
432513289
802017085
750066482
105265945
279262260
362241587
182417478
39880365
537412355
576916064
398298721
238077758
908144759
40534197
318641058
532499016
894790284
81850168
293367700
167414768
150777913
251450023
600113339
192094511
704571593
506178152
151815973
923604696
980982555
930333598
552540661
929866653
456252551
418748348
304798931
783713293
293509634
340908775
865153996
857380325
925757960
158037730
693266669
401856770
679741769
420309230
605602214
19902754
345323363
70921755
568490799
933838023
572060951
378352046
15629012
922146778
308571986
676376780
318035648
684127417
586122018
442031049
743299263
774263423
410706733
555917300
437528509
946175167
938880114
636417767
144776526
810901843
193457935
884522
612913372
467818375
671541188
757655840
900373733
423346830
867270236
925440031
702058357
264497693
828921916
416656504
825703308
169705097
152688664
722500541
124908560
419713147
639206929
535625061
985584940
276345795
602397374
341591636
858365119
674818251
928450769
195496086
777966547
409460425
487652031
518382522
224584664
421402651
282334914
877315263
192094511
839231953
936438069
848031127
905517349
202603583
819872619
777594587
930122351
599179038
740797166
356688782
510616990
66113869
285550031
120378385
949175406
4541524
794335419
718946113
24560573
360858261
467094568
705741826
617440487
620240553
221215906
674491185
897769037
607023857
686459976
204698619
912547818
186216208
157838256
110281489
703761729
396668111
626493416
511154846
276345795
681617462
101855944
606904741
635096364
30035474
848107602
822766791
650558935
199062072
667386384
982873942
609411049
630708636
701830630
802211357
343825699
578636515
406509532
869026741
760292212
864949159
19851439
976430531
111291661
214224773
737304158
425722238
820141193
277447170
652572741
206098872
648757988
902575167
263662717
219174973
732783324
897543571
8957585
819189294
920527255
111017827
637365443
124830091
773803566
563056159
166721907
303634378
481560610
306068451
232094134
279160595
980992791
266171919
670958215
179149339
822593789
490402011
949903415
375738009
466297850
114239127
684593620
418072153
783456588
911905139
246519537
47026159
765103637
513341422
509310206
588558587
655973316
561621790
612031723
75605615
487463368
399261668
467556257
326134908
184587709
272005106
451489764
891093311
120884671
264487790
963215251
770880497
124008051
320852057
849016166
492314452
231539116
938000054
232782219
106163646
625333444
829160322
655751176
912178850
393803268
168980023
29997345
170873243
895790166
277802585
248998884
405249658
360370614
976430531
798079321
647798337
42599013
226222175
121872374
493514441
336075514
217555498
310068439
254844540
327936283
614347893
493674872
917195474
34984553
178559301
934528275
172486096
122170267
198162886
449335471
914782987
341471883
239146351
341387266
528921559
219883475
874367967
196205168
254307250
100758789
95145959
152796169
400520549
968061584
967859615
43470901
321159955
467242570
654657097
558404511
364141236
475213647
39138907
287798005
583718660
203993858
402471645
822510165
155175972
459810346
98164679
810926140
985476184
893967387
591918787
47623485
598589485
210933631
110219880
149718017
967581583
774395366
106617658
648326195
125669827
300613936
168685668
349255861
651615407
197754849
893051623
341067082
591964461
91828702
940861862
225866292
445916224
452788855
403995505
77963751
419965856
583718660
58684900
627248995
612976467
900628371
425758348
77878082
201944421
744280976
970215238
473616520
558218791
29333979
77503255
841955709
134183435
850451226
469262743
141101222
74202792
289100343
425196757
15263311
477892627
243841589
93165633
784577882
516158556
472940476
445541649
874664700
244776106
164787744
886501359
13279135
544943712
176802685
717884983
463129813
5519334
526021898
602397374
135992066
309834635
97775776
265535791
128209443
158448562
162251008
557613528
382324405
76569934
320992597
150884470
481612187
233620698
311007618
634718835
138688741
245528418
582191060
673921565
481768538
786174076
321706484
330042675
10994600
311713249
214664459
977506017
586112401
755693322
508678489
169743903
713943731
205335847
424821185
167833609
20125759
313399816
9406239
354805820
949282491
17176987
870255819
442785547
675899602
113895875
44128694
140936912
249736976
117665041
443545906
374086999
546022435
431598295
168665332
163558442
476527686
516637462
195023602
347686237
186182617
752123791
928160967
505503532
43313889
305651120
322511334
922850521
335665592
754265537
574732193
353881148
506145888
416115842
650051002
538773347
848151096
46800175
535165210
673803626
495144708
577443084
628591759
833595287
786808364
70490753
636217622
86564156
835903357
922388461
487851552
564053831
502192578
718819490
198047236
754703655
871212735
264954069
592803090
864952377
400461246
234609648
410183501
632955797
975887245
106699580
708674462
198102081
155412423
140066694
872675227
602397374
805920659
305131897
343792488
830516632
75467312
676885165
644488231
35690337
237293204
322869853
9021823
604512849
123459036
877583624
476366017
839602484
272601117
648306201
471094128
968794548
887099109
765355617
635294138
674349206
889846807
706878599
7439740
758395966
30265858
828734248
779054649
966465211
434264350
202493789
262410183
621610848
658744729
384693070
868832371
279997455
51740889
9768818
944314737
957231008
381901004
65236339
59170394
379294201
86974588
654657097
636400349
698423910
753576542
584337874
747799094
805714998
290942472
457997934
442284799
368501922
115456027
781989839
634374981
805188554
798051465
17047284
161810488
93407994
706350844
755958201
965389925
656496168
414607409
107747335
542027811
336728771
950980221
329788560
131793032
836313658
110831204
91806742
694700692
916448308
482929061
88277160
773508395
341242601
506933183
759707915
211551225
495782602
952961203
161201536
395051482
388080187
228490111
175586123
760288686
715841229
493604964
954507941
444396104
547575638
237592078
560959755
797983322
48183889
107915519
757720562
862455464
19472811
912124571
603958892
731581436
102595327
825435914
234585881
566765617
195229834
448177230
369289586
136321286
266210896
182902398
283024456
524849385
767383095
310480130
539481977
982914918
287137730
360202017
597538928
381781201
536615355
396668111
146207127
868962362
111326089
670821574
905590676
351496735
41898799
541018956
341976745
698079469
224371027
884249778
371245146
367883338
664144912
771141470
133318160
858601014
375990491
354998745
841695910
613887571
75562959
19748440
319087010
55677543
88461867
978531028
613375102
651427620
338204437
662744428
109447650
188829841
523027959
524004034
956055689
562891748
944767715
352723993
1374826
796197608
257368359
306969520
199404672
68753308
549787218
927248432
588769458
273905440
456827101
177160957
833101572
88536412
111018686
690283737
224780646
513433235
942099801
872085343
161885372
816529126
531516892
780312659
510210030
550986140
301459911
176161943
189818388
890607485
922866481
84004733
282681315
628793108
127884708
288045552
484894891
217741638
376808584
738327379
945426342
514934869
234570972
433812906
154532293
302298670
357362736
984278884
774096103
469446580
149422219
190451670
409922552
942455666
606926513
556290134
703239462
719904225
888888243
433325812
246262859
936438069
789824951
934151974
788581578
624737111
199548744
42756628
510865391
193807953
843261868
305455758
541160841
542415279
418172204
159374931
378459100
564552373
229970763
882322830
909332194
954121791
365883107
562089800
291839581
170729805
932549313
30278658
687574359
731311860
277049462
930431624
354525086
791617698
931617303
718173498
585931393
409430036
105607804
601561954
463378274
778619109
389122040
180624814
978055388
615921187
702844045
984278884
868205774
212998632
599953454
50618041
143767065
878468965
207904194
968224140
662174234
35033619
552536107
334741880
919054966
97902057
17089
474689078
923828088
148506380
784618317
110852382
762786579
96729974
289673660
884940034
738882306
12075283
838174396
680187495
261277792
633663105
695466259
442614502
955287417
611495086
30633715
747799094
388498379
751883779
953336989
45463299
298450132
213419201
829501948
896521929
535625061
333901575
541809701
230972571
25293537
508225129
862134784
317189744
669903510
779950498
981613490
110758183
435916093
209418748
424722045
470351188
574127799
320557748
148014539
540491439
937075359
524308946
956613553
39609356
91643569
190013520
489634084
489418916
662827108
148331074
325842403
557700104
664246714
463755245
889429354
870736023
367184129
728593261
948884887
737764615
529096265
889069084
711690342
878811487
17607096
973508202
863254175
315467215
85272236
502252704
644584821
683644503
756875408
49148114
12673356
701018817
748339095
100874247
573532265
181299088
233024491
813722774
752702816
78375222
179929491
8859519
29051859
96214404
642078175
656061953
628510059
796545447
631186413
276779185
431016510
452384198
26287909
395411335
972357265
549537172
454436157
184340505
706561177
767387052
207496414
203711505
576944174
944114096
179578127
187000771
775945530
641472053
912201513
189786461
529700908
353461078
396393581
444139825
23176053
414861571
718227396
793661355
119385673
706981122
911168167
313747527
217364114
232162600
694922985
818014256
480172223
35290134
248627599
441793039
680878827
55541980
849429088
265265780
497430662
785769547
942745632
483640508
579931317
236914020
372402483
806090042
379096672
900927103
800407758
623141662
252997857
74873613
982913601
954896167
1648048
906061667
654738624
675181276
823248305
192693692
462289559
157955556
75174336
553788516
336259393
165457898
975166597
778591489
954512899
773806156
374287974
410208374
809602032
6171707
949583452
230224110
325434800
855800017
85149760
162120817
190702971
116977717
699901172
6526135
28553409
858106532
34514255
680715574
381829338
267921233
101524767
538284007
973322160
183928729
556208929
565347932
147719539
971617209
190609643
814098279
675397948
140267335
309709345
420102986
376522038
948074010
849693976
241572190
610737922
793310858
284555317
23151104
859469063
435038197
696516327
381034181
660756588
741261409
202926414
840405431
894222090
891416309
309183902
832533117
69853090
146792372
108923372
64523380
308768658
803932097
375044737
694522558
272662739
403661525
616415694
25602518
121458347
500743686
140626540
558373791
542429834
156274543
231312806
3768733
757798472
700004231
846437293
722453983
837204689
607919805
739238599
456256872
201757347
234503777
511113123
251363614
864404816
673412638
922370339
391709265
120579353
219213200
414690208
725931529
100325253
621661442
899159344
247277675
153404733
491778581
586724347
34915938
622866581
870807872
461279515
975717157
240194644
291831991
465345138
963239223
14586241
437067052
419059286
806632937
593761648
644555482
515964319
560258855
867848442
397272957
7001858
712332573
148500340
571307304
48246072
558392139
461777208
505239480
26722509
142108105
309765125
154721281
331813045
7360506
612223233
54213371
713684517
311983456
181417984
384567455
413016993
454136314
343737155
656502982
765175154
750718453
565736650
866222422
785692807
304333571
173237726
149913439
817771538
885035372
773791614
954817327
813286488
690553919
777002047
103018415
207974446
693148659
491535065
879369366
580858103
650573439
596425723
776982047
531068106
19635145
140267335
628478446
343234501
97726649
432032347
826621277
905026445
919180056
484204338
123459181
523808719
929875408
895270993
849855567
696201103
198305750
243024123
721124486
928174373
180146978
6808725
375893175
275774342
134765205
400939543
175861681
64989150
24012005
862668492
634677694
746956818
124908560
140341355
914149309
286505345
263322956
573488526
717818569
229714482
664491245
633399289
469296363
96976725
606390178
382096952
137759303
228807249
667217170
218677660
723980395
953821698
134111816
579493130
91414267
307716906
444071718
946500246
517191181
22471458
72786914
230239010
111924560
386764010
910025357
876553747
169115471
33393637
227578705
154575629
319456378
881921693
121780426
319541683
898608939
265690615
201775824
242853050
405124771
272590774
445296702
523899740
466690536
676511194
312361166
423131308
564277295
910660556
568790853
788944052
140407930
233965436
595896844
737036857
882299042
860034567
964597294
155914428
677715941
382481318
542810991
725138427
433092992
888588051
158770734
666011831
767626747
768378600
922617152
660063066
141021281
306913726
285500466
282681315
564394832
433770736
726283189
650506534
691960173
156485815
259645699
105375703
425134679
407452229
715055534
347235975
683002197
261563311
236274689
612398554
731352872
119751113
536840598
19626763
433914466
40195558
771614244
65084784
744338573
66083464
247480314
956414886
383308482
224378525
353455085
332576750
93823976
375527609
838025851
149105094
363176298
660182950
927456962
935593167
622977295
175979192
456318499
718173498
36512742
294583053
99881219
25939770
601525762
700850808
372429747
809572737
639131591
513433235
15947144
55433008
580179823
398047678
243058070
876111717
630961090
346285457
317064485
755137978
767231542
233027483
818109703
720721503
416072156
611605277
80042952
617983959
264403348
876188244
301169171
913910586
571907379
501639098
680152860
434351631
82684972
493294968
530136734
788733614
375395625
293025073
679505024
219439533
463568028
78471944
293752072
522232050
206216847
8289082
855901013
312083857
284506764
16688195
138626676
624999316
201960438
230507587
331908641
600410543
211120387
431231915
355849296
202043813
137478068
859378905
960130881
436955456
965278181
787108025
483002539
887156842
298071576
183075135
928142196
889587025
640085303
72881911
514948340
955812179
502166159
287291181
801464664
472760335
475001755
547990539
847976143
415583087
441447866
757371069
730795515
716887380
643777225
615078272
558028258
113960082
154250069
826965634
763926929
224546412
196380653
700246890
414869670
703070274
288430240
852668082
430613921
354752096
98665925
863010637
250365409
378238917
880463503
554150052
34283843
319396752
53975666
779447479
316719915
683487908
213895143
501946839
306444314
417343896
365549472
964238665
405175961
250106980
285540460
603222371
646114247
54031725
881791462
920060404
202469111
8316010
818359705
908770431
179051887
587514888
616225985
509779861
471194534
20729961
753995935
85420654
415167353
921012173
980916080
400379607
594722089
354333838
30455365
156626718
471116616
33072432
110245925
412666196
601674342
438531753
230776067
40067268
400635788
666285783
485886088
307670840
347064199
18783449
959750768
696684994
84820387
23852011
979337649
230423577
616031456
107249514
575616551
30208541
400577189
178880852
119008169
866131360
110625242
164816442
560228252
729471303
503055072
903417510
597013718
483533458
80807748
64260446
761225599
839669943
599471448
4775631
570296354
357515776
880069342
223048068
589181093
726521884
441498429
925511724
866604526
302951593
258240859
815140641
827857907
248390248
6793547
831820447
46380728
247920613
174241750
605482650
630339335
549353105
220386967
897281463
897845100
658666888
750102703
881791462
685317463
678930669
409171900
199925724
795466842
891534333
53257375
342159806
761846310
476678714
304426230
878461927
539417369
163047568
555158391
785085694
409301376
848510008
921168601
585196778
706651660
730707018
833309441
902720705
937207810
261489968
845303852
716013395
662237937
424945604
896469771
610930870
512688565
256820726
443347200
927973018
79312520
585280834
234080739
33903218
926878650
840923546
49200002
524849385
368326821
183299038
900391254
35706947
787380941
11289034
897769037
383669706
224097568
455311066
281351297
585931393
842371616
739561243
328143550
255017625
767649321
207870894
142432476
1065052
692472776
6631607
649589831
985391873
289454448
495061722
382273854
474222723
558837333
55504511
446084873
221807552
95241763
885646486
636818968
470343312
232029824
289699347
275735718
882008563
501963281
662270342
346915500
10376407
764049924
779724171
371516427
549734284
310779942
626371261
901251932
452827176
852352139
53359852
47026159
974701941
421927373
37782341
638887542
211259520
940174805
838662918
184364343
873331593
477550931
28425264
173160433
564556709
190605274
822594025
76661161
178135978
520920702
974701941
612184655
628636744
92231391
471321830
451969395
101348400
276829636
261029920
3579359
821932582
701046874
14049725
890244732
446937210
973944681
207570261
970843849
454724569
723018135
530279325
848774303
936948549
193648127
693321999
557447641
35304253
303791237
511698237
263714367
374596094
166683660
260747290
659846065
382238515
462462052
839933018
936228217
233370750
264549105
719034256
209415580
906196080
926720223
228362941
463973141
570122340
598093391
443729819
371527724
171289663
140522384
259828325
758125483
737553015
957872143
723880132
39279821
901873264
852567107
781930525
19134604
638384411
824838411
548162608
613011445
550362784
668591296
495351209
886025686
717050433
429383769
212173096
700392563
817771538
463194699
959164196
326697033
535165210
138483182
218261870
353269400
527145748
732088556
201946067
119118319
169113994
136464696
977781660
257194964
281105279
680494411
10822474
922554292
696451378
563624094
74222571
581182939
798006809
407477362
363392325
522232050
24037025
480497827
602088837
14119837
494787892
17360732
922943948
86078747
343418252
739698779
252809784
389924603
416624136
659774459
768443202
436909537
263441185
137685435
567848324
364885208
232024911
627628473
627268913
881620003
683517962
847668423
205067386
641155025
649502237
946410574
656280774
141353326
925013996
180917334
458348325
598572999
905111747
254082501
645954477
16140890
590838181
645160065
353267172
378524174
186492043
158824099
358333627
940174805
762635425
878269992
729219066
263513976
371918722
122698711
609517382
340141332
650499937
792796946
782206304
400663255
510487783
776199669
379213391
257462972
108601426
232219575
392536331
227690529
961610689
915160706
509150731
841503101
626555678
547301360
610634324
525605293
395320303
936788868
441028302
742810522
241188388
298071576
898908941
551565965
423340966
628908542
23164168
573475386
522448699
531076295
324848699
683587591
807327882
343419702
932366935
529494834
682893106
259778023
230838494
873474005
517866318
925017955
852464924
497838827
721437760
849173780
205282784
468841373
808224586
23753261
871975706
837064917
313218602
719036019
163197129
449927254
33990453
746712827
553669966
3357830
159545418
778513251
586200167
850082759
558764719
831569988
616901369
791362708
463289373
719289437
314176247
451324091
406701109
929535730
72578277
904222301
721942539
370347355
280458399
250121786
616981026
534192183
908519409
80897851
170664517
765176327
931291200
888424066
419463159
161251488
377764071
943710624
224804605
935205111
193870351
969241079
438673545
503050690
746367920
39085771
521423548
507960879
233353348
313655400
872163825
104518448
109142579
278791559
21749158
506865040
569638428
462015314
475436854
966740764
604716595
86482920
274583372
120726712
714356437
165716987
671142356
394670063
148142825
316476897
325433929
917651931
106974016
793529159
678002464
104945861
677853473
837337597
31441361
193321694
529235113
854331690
527306675
254585017
658147404
912486432
578590266
494843564
356200168
558806284
171430325
799979492
372528052
849425473
975094655
727884376
490254451
411372967
721858657
344861465
577163666
219500657
222024106
621843269
119949833
208392994
822594025
291201964
905821153
31167196
678099503
130394956
307156370
441309346
326475901
327790508
80478389
695765266
413464408
878335037
835563132
112349931
559669562
703262466
869277672
186377374
90717203
451845792
588209814
118398843
120673751
473078804
314428086
786673288
468852843
649777873
584049136
891562451
351260558
975171351
591854698
893257697
369819419
981593712
952580416
297216402
467767491
403181990
456517060
27241739
601496495
333018587
12833108
718355833
696093622
683644503
633921393
746781270
274573028
702848839
911939339
536347433
366652792
705744973
126178027
375981552
24325951
21437280
324724219
534069484
717246292
977635931
208326221
645770816
139889687
513230663
678878765
526212909
623324012
779921245
97769415
732345233
617157552
410637777
187088550
91117860
571447601
938182756
971158560
717420398
768110301
157990271
603044158
412090026
282922302
818614691
344458190
472743764
686581275
806584764
617805202
857468688
908509091
107418760
318330269
828388413
195422179
817716642
768658434
579591676
292680374
933257543
667911632
938187575
312022713
867275422
690191310
210178801
940560813
530585315
871786327
621384787
711957442
373618689
360123217
475185642
375731020
67121284
547203954
305951070
706646254
771450841
874705240
268345895
271441889
808696056
323365939
962887554
974422470
240796715
818798978
925243440
804533452
865616193
494605818
854411190
358621838
62560440
805249579
732915138
475578161
625655476
858995224
694329611
540355939
848897043
542163212
637883321
558649413
721942329
370673336
26948705
382520791
643786782
47601152
476361050
307384464
903621919
851150092
778764123
366801381
854967724
133856765
682524458
56349958
266942606
76559496
23463768
263328711
580332033
130229222
142327491
385111305
442392907
608706971
503223517
826926399
704279603
579281248
246296508
634076696
178901139
551496135
859506965
85597201
398585586
388060843
303458383
149986752
707446004
368668712
448375386
544434498
474166660
870166294
568100765
636584744
818475068
306179417
152028964
201763243
785183854
454178508
122632268
659225153
558101761
529249418
669758443
976403073
774323376
789489518
936979797
287798005
186422404
299922886
443039557
728911467
204463524
742681058
919007753
936750442
857700906
321159955
573199303
834023399
225611400
33974770
309391847
395304438
266969351
911750371
533249645
329966171
125009640
687859548
167159827
311894967
729285133
116106563
916964988
465877790
7391012
134103800
176578562
559930120
716892984
220465506
531204563
721897383
517796929
603662037
629838732
488916948
805406817
440120874
131317355
329291520
403169290
257243269
438229973
824068523
211160697
572551133
686271801
294823988
64411022
605962768
755076576
591192439
533948619
519483679
421127251
76620993
224197350
313233768
645299324
19278352
540756118
519400081
401750678
43295989
734699343
780752735
239073021
487161351
582272166
809897394
905869106
142032064
730958096
533252382
350785339
801578286
931865462
6025109
86578983
767432716
732898634
220259571
880875908
737896104
210721385
442546633
33585102
422653276
55004129
799093797
89850623
919154955
366425861
534177375
526406026
858732973
630988984
572192599
84061381
266171919
396084288
193678446
228436297
60698352
747183594
119890974
47615284
204363811
747429885
576839330
246485681
424680853
814023110
143923116
373960806
422618891
794342076
659479812
705623120
75761275
972010496
452832782
86307389
637886091
819680966
293980285
241529884
580412977
331094033
549211793
806793972
281131513
56486484
695617725
434233055
577862772
384614286
250372455
122185470
6266111
594731304
665881503
739560152
258234798
500749039
620389290
116153191
170593832
354250247
531215773
317223770
845432915
113419814
240669645
339311952
515951768
561434561
363176298
196912159
635320631
788969236
687757113
509673943
707426830
259645699
700286237
302425926
921500021
556413208
460395754
808691299
568597111
385000512
548554758
553311856
889429354
906850503
874844908
960962177
635027937
848926015
768142612
24083695
324899615
738401869
161772031
186275449
115723472
105568222
228595922
184046141
727657451
397332272
591180589
188761548
547126024
758257740
357516394
630259525
738990126
317324425
521543391
558067958
738359501
881167179
779192537
49148114
587514888
249443105
301799529
251749890
367576721
359063339
196610938
472728270
150078439
625938002
107967767
121921328
163700024
154127616
631853611
865695788
205985407
308039369
866003290
230844329
819079846
535308119
268409541
595455159
817231012
190946790
543375370
422366995
817994894
485451640
644137798
643213658
866286139
294244709
787051974
669086030
686479593
182384692
839144015
329670199
853332673
11782552
720634690
310860330
110190332
358764184
684997366
892593893
975550821
878243136
316505073
863410747
180047513
50191708
205266877
543206550
114399379
202155730
650194859
161080927
92399717
638222304
503344529
609409760
771640249
443166405
686068550
937742742
629716609
861242852
636505695
17960236
759699950
653634173
888869210
149069367
161043531
282116422
496738538
551798346
665974628
695181318
678929636
39909262
519588695
357685233
875369041
667386384
291996790
858101724
861862872
546949525
665698885
228575026
737773300
68766191
788942511
274830924
38391305
190248201
589070121
857241222
230766368
367535423
369138335
610321820
522049702
548708570
457325569
514528222
661576976
330676956
472575671
29485170
208630324
394866011
385990846
508121705
543841596
441498429
568597111
671756108
706282423
177132171
861505196
623656515
986313749
143165651
24922389
760624167
930338218
152528696
580286311
753565004
121598994
457214137
939379656
311333783
777409751
251432887
622821899
561447817
680315845
691013721
296106315
872159319
736806614
731368205
819981064
239492255
95041991
431537320
320549773
445179135
243879451
651229686
695779707
592788774
430681280
958128939
182585426
616943851
951973593
927382237
49583932
923407193
973920234
293431705
365958179
765137094
276624280
924938920
342870081
116247912
36494694
494840186
916476620
263153785
64037958
54987331
72776874
68326677
706172788
377400599
13679841
299808838
213245538
187926831
951132189
616366690
870725454
492322846
778825304
521257325
462919235
331823321
459025025
474805525
702832917
219500657
571834889
652104047
556619960
903910768
920927427
623046651
523986159
313280824
500366477
96200380
177557827
537801863
89735481
686874986
276358798
528840157
464755901
387067996
338647892
518614563
275290606
9236941
806884840
885675726
552764433
745692016
704162497
415594187
540838606
135869418
286617657
101740917
52589071
441661299
928658047
383557234
161652242
818421882
344347225
747274771
493613071
449757102
67466206
95848719
470181901
695116655
297308450
554727438
922548339
99868350
239892475
242962751
933306293
298495814
114495633
112953715
560940336
189007222
867443567
184002869
137605747
546304301
801470734
321968844
640402752
922675272
700084380
714457809
535004607
372507256
476932584
724356758
516199791
986203873
840239359
82277422
262739975
29349501
881466048
524972615
761839917
234131906
113839520
441330685
283509578
198973493
518774731
548991314
269190263
352627119
207934134
852902481
146336699
791100586
287530792
679596962
103719979
836451430
277527824
463507456
526782023
544558322
507543911
719785195
112977267
101761411
128824335
792764784
610244099
295276574
48128297
279261918
748351948
15506595
552542512
787614086
802081759
608627491
747939368
284301046
834977981
598115042
241724620
898223522
413879142
476678714
314325851
128398817
309765125
37020987
753370477
818530083
388065466
669842806
825243708
317345577
595235947
777253314
433791357
287169053
712889336
247693564
18754442
206804943
779703189
318551603
914120288
352155615
164130733
986057258
479442134
355117837
399144821
699597755
702684892
282928202
813820460
509128087
249556796
626863231
88277160
16849998
98575069
785258279
700367107
717253926
686907816
43674123
98995256
929029362
12431551
80809214
841695910
801911243
206079160
515503688
343189941
523367411
379412390
447964387
180348196
756807938
759278272
894350267
408200393
201322030
633530457
751883779
751777802
52468949
633558065
205367293
277312304
318026789
548355753
572781850
405538296
43039919
73066538
52370993
795996381
284366273
602167608
195382609
365675402
