940626719
4919014
534587007
58240497
193348370
430643514
167343645
902220464
543910118
205088481
405733584
780420823
180313462
772393885
606425095
42022949
661424667
851313533
502672942
98975700
701479787
198171226
433963729
869614359
407288595
590586802
39386218
240172340
1
702234043
925407035
173955823
474805525
851855601
812117266
422159379
899884431
441330783
481881348
539417369
54032238
445868914
720775168
219672800
917002967
202285912
494709105
255245904
268345895
615412113
631013518
416206605
388016908
307205169
327366233
822068349
863559359
849944691
202126159
139065430
762278746
136341876
904665354
587150642
336575359
710255322
578179625
9008620
729079613
470778666
16758633
269177081
260244948
37698322
357295938
337236788
411724185
740098746
418029541
568889879
831642683
290329913
590018672
179788599
485451640
577798326
287644091
862666810
808496865
23482359
804185147
313121963
497209496
873668607
867578726
575339172
874285427
111212257
400966505
471402673
714519887
120716100
34229514
300675702
218696018
485632124
237086817
274862306
605245447
870135862
643232515
878667037
838721110
741584145
152117021
39919101
790601837
734049916
255530809
281821862
267709439
807625390
528710949
669576720
905026445
543333371
640290568
774443162
779995024
262939441
857329639
955287417
240160752
817664411
266108302
421149251
553984838
26824180
765692768
19855926
870546737
374388075
671839846
275695062
581863331
239622515
279790758
900166919
918064343
919441080
34354382
86249106
897619061
119416228
198034756
789993002
979744663
905485158
114746253
694031204
945750271
529872561
979379387
420171678
863948203
439141042
47674247
90648128
75375683
23404577
721477277
468586884
503704156
416685486
577190587
594363003
575321402
383697670
800765469
56757511
844270525
772635255
190467753
123887752
271031581
100600199
805292913
343789392
774199167
41275001
308293071
225167793
48376739
470368933
592388306
853794786
677697212
973591887
650417129
245
453457369
606922315
495919608
313432999
960599028
588366820
19257031
299354688
81554349
466254351
376146606
710974281
674526315
255043815
687648773
350791040
960633252
648326195
739930632
38737696
966799014
703644339
62897175
944195066
574779640
801667392
748217805
909908061
578764729
289938562
468112070
12295752
207526302
220079737
695147861
341471883
361279222
420013552
345147729
727429795
287984469
471108803
23309821
395455476
3497271
609511465
853135136
508890352
910212460
119914789
494256463
603672616
95041991
2846365
540756118
890803761
592196372
325833641
869328032
263441185
956055689
900847871
445929757
237656506
785730310
317000580
4107557
617987087
900774115
828098623
271710044
378983951
444901470
672242218
905375461
130298113
199321969
28753858
506326090
217407659
728116964
577529778
859259832
385981489
261792904
307384997
154391918
450367876
379872537
959762474
296552666
381567330
533121106
233974131
604842649
507560864
850820213
284555317
964011905
139265910
613941355
133500126
446652887
736541091
879518984
798315892
199117493
827430755
91274288
752309822
762086093
340982931
74583263
575333387
72537425
179525636
580934615
871087381
639935993
368768929
406552456
909332194
425556694
672499294
750322848
122126621
581845711
119995090
610320031
603147153
731606458
199747017
660727661
549604717
847420619
504121043
297129954
775126841
958302457
542953464
189720199
486323100
190596576
877445610
945426342
944512876
782770014
467217497
311406365
285332882
777405488
939177988
886051777
838683472
628751981
350273507
320144995
901752424
975240212
413868891
730510138
979387259
149497299
836597034
802851584
38674526
752702816
377223860
442670079
394363702
679273075
65339336
101488206
614667444
397440718
630972597
679032678
642564860
646944911
807232795
897205764
223989214
379390446
861839912
802938873
143822352
291509623
432339107
591192439
930685478
663525696
191235764
379095578
543783556
295304712
551966543
114981893
738468540
481984424
259833050
296985646
870890800
417621676
296222581
462283775
478231396
829106675
279700078
724818747
928799970
154348679
33912815
573964992
661488677
711957442
7345627
531742926
26286413
771141470
713559208
293836192
6507152
861862872
90522066
510468204
265320587
197105771
717465129
703976301
512174447
441779276
471683686
178438035
819239820
633255241
875266453
50998532
44064698
447525060
80007139
758537989
690216415
394938956
58514654
958794514
292596172
812467051
627778580
891141461
668339292
267774506
8957585
157697039
517030493
261960215
756768186
417439011
111858141
658004382
327990538
456518090
957742559
970234836
295627133
321673912
853279335
559671513
57959480
813382106
732916604
953310946
668206623
52668905
708647881
42263947
621665338
852800372
147272338
398286024
263659156
851626739
896945634
454921411
816263451
65877840
849690313
332798117
951179071
68957739
945769948
484194110
661058943
575616551
633430307
60299534
696004203
539705652
195014127
146206257
399958135
814063309
18143780
561156049
747559220
347561149
333233533
118434384
453641870
408005634
637768425
470276407
446971940
935631140
118856927
690094270
288477146
760905236
856989608
267689792
17047284
961870333
496472669
820889444
741661922
891523174
354995697
831569988
415618361
857631473
314629259
123321642
846655680
705654789
596150824
289610204
687909173
876754539
737773300
160038840
500607265
205424963
94199093
189765163
438068836
583952958
97879266
296803256
410909648
96790303
825605868
885176730
322034951
125863080
380490934
815092053
817484695
492270511
851307225
896671332
1945054
964351070
400735117
759784328
678470672
339670095
728819600
619111875
771271917
506308139
348683608
121937970
174086491
948954579
287876227
906978341
203983846
194293003
125387780
815233182
969280783
23180446
102647667
321937083
927631088
135114061
531127192
124533072
107482980
11722357
620731042
4090584
501137580
702089333
766355231
757114195
90290749
595709639
645022069
931075910
65346968
34191888
902202559
140267335
121692804
49118758
443428979
226646976
49265022
466280160
152997644
350133234
792863317
228442837
69991885
197703577
189748399
309185587
11769285
446767742
96251159
413621973
710479720
718876355
380331087
802404480
100560973
193705362
941533418
904469320
448901782
442655369
195943921
30101279
557999106
75915319
435210353
670350775
894291278
923203513
715186657
503412166
189511254
777528258
128075594
689227403
157781000
81843040
602153286
376788216
703526756
775383804
760085026
138730725
235597238
724231212
226234758
36212683
196316428
822578893
830236470
203737276
153742263
785680664
986279343
167494811
663262786
476966838
494843564
312939889
684384209
455667891
808867171
648243257
282996933
909867120
121825428
866494987
306989780
628142788
341471883
589212109
446895297
96738241
640261548
640755704
129045810
711756241
384216566
676164826
501984732
50132390
656761613
811907599
357718792
645317301
456983956
846615867
561956308
771571215
697939832
541313757
95971050
32700411
56471243
903797882
691560224
260208036
523399556
137182862
790371878
266413030
859889265
653879856
438146157
879899841
92370824
817060066
785528024
195099755
632513872
695335407
28317437
971647340
603329910
451232021
79689245
785183854
300970576
399130662
847734807
246928212
590001763
565877370
199531197
114145396
782742245
973339411
820830610
571816727
332532619
930226382
927192389
147601955
711942113
582099894
675742847
244553215
20677976
307697798
908283215
25329622
678468508
558739849
564298206
774959881
774137558
681408056
412716456
819879149
352610971
426586253
53023612
97117292
169865747
611744134
913111624
514666156
371592017
796449819
215256285
955039067
598638515
69207056
308725690
830109203
871212735
260356059
963804235
973073160
963744936
895412087
432295333
345528969
880802518
753598047
175411434
647863153
837186038
123388570
317325707
277274925
754090534
87746546
654861551
126249825
335949598
906798009
196012409
886306704
263386416
837629703
846607019
316073466
241479172
618274443
911331964
355888636
943909345
982979908
887375278
764377077
164389276
856567975
660206311
342691963
778034724
630162052
121532352
679328081
867168869
680505822
408493087
504377455
12299973
389111450
14168127
359259728
610427049
71162864
631596421
337644155
120975411
722421005
289912226
640511879
221367682
342292219
74404211
852723775
37361329
862029514
188818030
217125764
223085588
444118391
521638535
846754459
235777039
855469948
927275321
407741184
598160141
372528052
256518512
824093282
893554561
680771471
971740259
528240323
185223866
109322157
179325877
962865627
867469336
512351235
117048507
307192049
266019182
426581384
283233348
461122402
58120665
530544552
978398250
944519727
696201103
105692508
963481063
56133392
813568380
237261583
714374850
259089975
873724317
534451367
533411452
5373230
595594850
591981917
694075317
878467899
29119246
579490267
514328718
565682825
683498396
10615551
456364394
157024903
334912391
703810039
522241349
62328472
640283771
136042697
105802929
799500780
59587988
513090101
513090101
526799269
265345540
454885046
674998083
643084581
22072844
449599570
728154478
949869745
859647191
355362043
476239445
186949359
37491444
312143933
809140608
5752426
532502321
546247526
804676385
117746678
763805335
834365671
194518184
243511244
523680320
556675052
679748053
116530763
446107869
808057860
237637478
447167028
537839702
137948549
872548252
430047030
53747270
535512240
291098310
745456469
919642007
217125764
40673777
814339264
174735915
246008120
436009476
253152438
141034280
565234767
610428226
205246793
394353376
739488115
879743739
632285720
41863734
27553952
498911128
858615679
447723010
162623887
788572999
846269133
70906477
738022496
148506380
181942348
139548778
747482966
527593697
55455498
444635259
726264579
160671504
32451845
35401064
898176641
143581398
66662546
165655833
400069427
317040850
517329468
751595936
32281597
189284973
239481642
549647989
82511099
920812370
265296652
728686654
404249769
863267424
664225575
605356114
651427620
483334749
257329309
516727643
93621325
645214804
709936455
589041718
855826130
315791123
122900329
793669249
39323161
218261898
202185919
12013018
652591193
683021956
277833748
487640446
624635218
910311200
214664459
367800289
382481318
195959125
239027791
374666545
249352523
806575649
720235308
817412637
786474819
962865627
777079835
738934153
115184024
753759036
934528275
591754260
647592014
745873485
911890047
746320204
853986022
133282120
527384819
96631974
80523501
904419360
775190863
227690529
131193936
576292963
817626495
227690529
111178393
674223047
917827043
151466604
11093484
540583277
915996726
232372434
423787941
760624167
8944668
401059330
488131080
529269317
522667892
107059573
223921281
275216310
874333805
50425164
845130356
270378629
839505775
517748747
768783571
16363252
736361873
985816181
351004155
102667483
232078417
523429781
301938073
681768863
76000683
688521614
56111474
92811732
124945486
699758297
140565769
98657467
194645662
342812282
242324374
645235466
980114542
206162857
960347528
969660125
830662176
560908166
884932207
623473658
932810759
816803508
522592922
76368411
234194672
394449019
607010228
588115239
604477312
941913020
907681816
188523332
103910366
970050097
276233011
185003898
428156419
400666363
328256191
12391867
737999801
699799632
109220510
368074543
815507646
926047083
958613154
915996726
885871175
900137605
126148698
799717112
685284703
169555116
231975152
433893005
665129825
105254638
269691960
184285748
947552062
652034685
442754518
562608791
390953047
288056981
216591575
716968642
821480982
961937663
309534620
81504912
743737894
728929550
258072125
102113345
580710060
56414004
128458984
931981896
529650478
684443961
855067575
302422344
622517988
270368325
836983585
403796594
373666631
243516745
543211542
786924388
300246370
876190417
755463488
396305473
66632874
114065419
909911821
877909790
504097733
579976087
464586275
185724849
125101911
21287652
433240348
934779426
52651301
928570820
62805588
436918118
708653596
315295400
181277635
154348679
467294519
548071248
358671058
256642810
904922263
540410713
551703890
671401772
192218505
483237008
97251492
8818128
127283557
77421195
774885424
2231749
434335915
591493263
669997857
314176362
33256194
948215804
11158201
832990457
50862552
365542591
207792956
371859182
711756241
31796141
424210900
30824419
591384167
708840624
422502326
220555183
427778399
349617456
761856079
725455094
21643289
596741350
139143757
144694071
894454524
849724309
49619578
933719594
227243629
447715384
188496427
806361477
11563654
701559138
127595633
364053216
137383789
528593068
892929017
937739550
546467886
204296110
564366290
985432729
144638447
329892997
979395526
441372405
608761141
681441686
53407800
860926013
858037129
907457474
235788725
408884252
956158635
571249615
923341897
417499337
131910967
278950697
733324708
756627411
176109907
537171330
47875271
279261918
312717194
497531945
461978891
710151935
477922524
158675254
2518917
819234909
314417287
875295613
764333664
380526730
585486764
517833405
912020153
669213224
551954347
134842850
447594628
45337669
343633399
526231383
365916251
677445986
139657361
780842293
352009412
602539
680862980
845721628
985218278
708647881
253307014
858377715
202742302
969615551
643524463
819685033
213654305
787401249
516224834
616231188
232365127
868832371
497268619
735015629
587803767
680634994
786358318
805175644
700935611
298958573
908510878
851151718
777516245
26216321
851722294
209705786
245270359
628908542
529143045
546839575
858666781
2711719
832301209
270424221
806130987
330486863
250251073
478513244
65316219
924130813
104804725
628197582
90174429
801761310
873125307
972137106
170508822
9625900
55052012
361272627
776172552
762864911
126077567
940769817
490755087
15530747
97425702
509395150
350881557
759829659
109894442
877697890
56567983
758795496
343113647
809783005
950230352
873955910
870392091
634205253
693770646
660909459
143486091
113421064
974350177
868444148
279410866
780217708
239991112
895963361
512588114
663555433
113669668
881987177
764248899
813539892
359904414
512688565
737213767
590695929
48483229
573532265
825166352
822223356
825550948
264435445
186563244
538937836
54880923
920700657
569553565
60972821
165961346
224546412
477839549
189476680
693348479
305699366
730339240
296779361
279175181
854750569
152564553
165237390
685888601
283402129
851325712
458749684
621963989
733646589
507771746
177583824
331389551
743239913
457497722
220835941
250794608
284178093
469611101
754333174
534634991
880581543
422140213
271441753
381781201
507673941
651826027
669413807
24317337
952569422
438857524
557803541
79127885
448147991
918368898
70199054
637179919
793555136
923462044
128352003
726814638
787945992
660906151
172022098
194015969
470507325
710713466
91642261
891437524
822711265
643579270
144569997
60837747
720232742
135275711
964339733
289281901
18590624
832936497
176294081
171665520
423700994
744974768
662807905
894244265
98688505
211529197
199703318
880352898
913131293
487214908
676062095
403886753
535248762
975999962
91831017
100071375
527140608
536903628
488671811
211238856
957874820
964011905
209504867
317370534
23815280
63037755
553626619
472333213
279039328
158650528
866175059
792421876
593618447
829538674
773080487
388394944
546535429
445296702
880707447
107378087
766778586
111691126
864758398
432745583
643966257
423896779
292789427
394525633
682713015
413094176
527912963
170018466
673937358
816435228
799156949
82305600
439262194
656722326
625141094
507730885
818109703
312073734
927510490
814598963
44902053
280038322
947316319
134847567
163674782
523231395
547010864
23454049
814922229
505793135
442729073
37016274
389342799
477156404
710036161
595908975
238658255
567051459
840973879
543375037
573573476
605897474
533155470
88127424
908535852
714467678
26583766
953384996
280655276
317727053
417148677
146882614
761590854
451664055
487652031
534609603
50136669
455512224
575316242
890244687
931487967
7541399
663012410
452557399
168732757
666731721
828400037
151848599
470245273
588403764
831124794
49813327
713197134
591270518
811510041
443244888
546663200
814285700
598922929
585070451
240613746
224195121
392843403
488769573
872197907
333496051
658488167
536580733
326348865
386524472
774959881
281433946
61326166
285669119
303164066
865427116
932764899
207888694
531704235
605717905
515305757
2549832
84096662
701847439
238669185
188148737
466656357
133239302
688641645
813019049
344663961
4225155
334411743
161133490
844626552
925212498
362750036
214861153
471869427
255903030
357685233
811828912
918466108
732081716
26994769
114250791
735102441
492112892
343260235
825804073
96334835
484892599
285669119
557887167
117998463
332596993
386073544
912293933
771073188
558478141
123793359
45289772
389198185
543966088
950557090
784344735
502115059
879812881
177919761
948379403
863875459
982305017
153516014
857380325
838479741
165808811
490254451
717742194
274590809
522077012
526958570
23849012
305063995
479177921
877968705
335293342
703322693
847429908
674491185
294744638
910677848
300410689
711725546
368725201
742510903
34447569
713515934
453434924
312583461
151466604
239445643
536255351
832751290
440582457
233189518
640140965
676164826
515383216
144338151
31925519
833106609
264135249
803681623
783492351
98124900
567242797
728682004
314685655
616624648
4275640
542138320
88167808
104443203
204404028
832313506
50484105
967581583
862257316
726342471
746037359
619267467
293786589
180151497
772497895
395114756
618282517
708069644
77836550
45630336
104112249
95996844
846957623
185712308
40707091
627254289
676376780
813564958
44934837
191318219
922912419
34285902
180585054
709868764
665294613
297895361
586225219
419934057
259692395
669658211
877041808
328142193
846860774
415133544
626421965
685660587
602378478
487308460
633811131
481537055
781772043
219713114
723090621
639575226
962416808
688340311
449242376
955022359
707245560
614664985
219803901
31625229
827714488
843348249
103321523
560298938
721011554
144875626
490500975
590125232
691580351
269302040
978221073
913261850
480827887
43990343
815038870
694420199
122890078
738674341
50400356
603174206
332911395
403711940
405273085
261399782
236521754
140407930
894575789
144601966
269631311
593347535
61644036
441184189
546373545
372431325
961698654
745952654
358603618
111940370
765068315
543927856
789904184
169645592
714538987
176318407
223085588
228421421
933774821
488428982
174086491
564185125
593777063
239992912
943188825
310107534
236155020
698370459
645580228
232720955
397965850
822089875
259443698
479880029
884571855
635106371
387824012
820069358
776803792
631854685
383784476
173479970
305487862
400577189
514409570
253001998
826614473
948379403
215680153
22244905
916378724
563611041
915563795
122079302
127025218
14309644
519702720
931467950
270820239
974706989
352506360
112109362
976654096
584292954
95945766
148779970
322020883
206111323
30599181
657713081
986297124
580296240
644153700
576930348
742283765
443172572
820764247
560772303
802581766
803264854
893805827
916612592
853058521
131904084
857995093
30729029
6242761
309395129
609393725
946954308
811904014
8904243
681659045
264459757
21817801
440499647
397440718
633210188
972441734
833463681
856892769
956725081
514006619
851402880
126147595
474839584
757378435
588623690
776546772
119355372
284306033
154230916
709606959
519702720
507768876
384216566
172487084
606362840
130965180
326145954
790275674
211221136
775686966
210933631
549750121
266263851
237744813
317039101
19975432
754434030
84870529
318365238
439347522
114203292
493007281
177284638
598864299
943843082
826285077
918700177
324808617
946770042
560078686
417953923
906937243
246239176
800838573
478623944
117167369
395572351
608568048
7736655
11026557
52841044
700610821
871333108
863568532
945940992
388229585
196522095
318579639
598672895
50661844
708533707
733130542
260997433
14568780
106943826
141762336
888597171
693897154
759089785
191328837
854047335
413800572
850409961
673686583
697352919
260487347
111313538
213695702
872882682
776788701
397901648
706511073
426660966
474588826
129166018
120898689
873139513
147763819
745415064
177557827
388957426
854784023
638058696
723662918
133856765
29188917
80438508
982559169
132087851
684952476
189483078
584938042
175130763
24504977
97672600
224249854
764771403
947198278
416291580
420247960
379872537
558075939
65450799
734966306
284455517
619329691
740249546
410784941
924718344
37643700
575124356
964924741
44477779
55627158
831216320
350638530
636253397
985525772
927522900
816501865
670238039
357314488
198497676
931922402
306446746
358561437
272631872
383669706
561967288
177151309
658878696
599316897
456032959
683955309
474166660
881781404
281200030
942018985
429654793
297895361
481281129
358216732
771139840
921943711
90234398
485752075
123759068
863329430
217960683
888653363
644193328
692064552
485281397
473921805
323005550
483432438
945280898
346760494
455497458
35148093
125542859
343544310
196012409
782629415
97812495
421343984
42854427
223927501
346976928
403975562
945580042
862114899
142553755
138730725
289046978
952093964
484781240
259377672
369207349
984857680
73035310
880319709
547567704
450926528
369220301
385322459
23943534
233789555
429542979
353115419
299598029
62884723
695474633
32911394
349327641
655002411
740509851
807255333
52788707
256164044
962302950
578495410
815942757
289582039
200643
957214697
959688620
279798170
297314587
917455428
438584946
167194930
445083556
164817614
793213503
889069227
107418760
78593537
653201002
687926262
606935684
428480468
556290134
23280812
541231542
284211347
241294402
463333470
938674837
322472966
344250824
587265229
868603229
32183896
32704074
672633830
371675834
536066709
48700024
871951886
823363087
579938857
383716697
441155976
512623053
315496983
170496152
214606880
528995653
479972977
260861761
448735559
960178531
197080696
765358178
381413065
116379969
901755557
449998541
249795309
240910523
882748228
700132492
19128697
350726466
44697912
822688164
240837298
959379442
929662252
290193182
397284794
233360576
755420511
203634381
224160564
816263451
615507044
818798978
57091508
14338016
747730798
512361803
955926271
838473546
64388742
143747915
675592276
770400164
683088790
380977602
800186191
242674607
653276786
589840859
367876113
547029357
433628798
40004669
326182260
639527019
684840559
269534305
983513885
393183206
249091640
274010618
389665837
280878874
663857531
716587017
53682159
842291623
851776298
551733938
394390668
602726124
520793173
195866901
768627577
828216642
382481318
213743524
816160114
134584362
694224249
229972879
974687284
897466138
379944882
445089080
267431191
128101658
132165519
961619490
437059678
820835559
784410437
655909064
383902025
343105214
92604751
112569815
125263942
354543425
629598508
717852482
72090250
667074849
576331001
600961711
120181334
132227117
898125073
919599607
930721118
657352688
905679095
116948803
37247906
49858049
787428624
427980879
393634641
200800954
308045522
279319612
660823087
896519855
151582371
487002416
928570820
615876728
360430991
542220417
219477026
415500876
800281468
185925838
442901026
563868506
199434486
127426455
166324738
782457565
925789279
405929428
554296790
586589183
106908753
766714307
43979053
529574219
383013789
325076756
848785630
609172390
406246437
394143608
972907586
520245266
576246350
108082318
262952080
506594474
530136734
388581586
469619517
203499250
381470058
677660477
79603663
127094716
337198868
314060303
268812698
496486724
447172956
696397175
452957890
734955997
687350339
859740199
656410131
537766007
309399651
125829558
399421025
380381353
382575005
108145586
892863978
605224265
846587430
499279564
645153497
957522931
477665639
548059430
943364699
358646074
497216101
580616061
514731472
802708294
885421185
255872589
977032678
539821680
720612659
55621267
387114971
237514344
656835472
42947936
108905214
441099167
565352058
594462127
682194902
336766118
330941257
345270543
101458002
866159818
65939131
425660341
694903225
399665253
753174558
774021275
456668368
466868473
779348543
470217143
143426514
74751101
615300772
271264565
582014080
512260438
608278603
554013877
338504938
480301422
749515078
893853984
617805202
434188170
146009705
851522883
293961075
765827061
73110447
905786620
58385887
150988052
495919608
451644514
109188713
491514561
129574878
451481693
401717584
811948821
961786611
838361292
390443882
595891868
366663116
727306108
859500688
323127955
56457216
486676608
83512136
658976384
619787550
244384637
385133525
440461489
360227317
661469158
476844991
788832803
871663048
822800173
619997026
589181093
579317932
19917584
944114096
786829104
459445161
594641004
56567983
373350427
632278022
191109044
648854233
984853553
856555126
75815622
382205139
560787657
156292739
692052724
773532760
225361421
911587154
821687316
973407578
282465656
44526684
267757939
849520707
114292652
915232341
899902421
197772705
576835936
241262835
261025645
353503127
225577685
526948595
227794066
681167174
449644456
80524556
720015080
821171894
604303465
941441048
632882446
124467617
8945312
302921035
212344584
837935050
427670789
835946904
626493416
499470762
504442563
477620992
563075218
710864671
832221973
415282562
351554701
303295511
53896064
613183406
535668756
292903744
852296219
529245418
717829228
620012080
458916309
523400031
965250207
833843726
782393432
462395097
209303591
496844563
625104934
951573280
250318451
394610672
316393019
191538012
723018135
223251264
847697740
739015321
518786886
867744137
778018003
370372031
929276873
505460023
557925158
836619191
63766885
628977356
250318451
819801796
704959725
5145000
271577917
801468625
32511300
315068301
635846544
560410755
263656756
466852547
525174422
877222132
596890591
82667388
842435793
827308703
419932507
767231542
30604041
260184404
3678843
76421262
355905391
785515557
14146330
653388775
228959552
589060313
511091157
403181990
724763408
75716169
598092506
668240848
407661825
762267801
457233845
201799493
293715657
498557431
331094033
860779792
493054698
384629181
151644598
886135576
145588000
847943602
532416595
867198008
264505749
208207652
712325766
879345049
148093027
533801218
196549374
99166155
176072119
985769556
748582876
438215183
556413208
372462363
5815684
238499862
450481409
908844667
455306127
687937277
815232630
490315291
889897405
160301482
755125521
326455944
117276463
254654271
671466058
718199371
183240512
336453543
72333596
465431223
650558796
107498158
747369354
304511352
290418220
624065911
538824984
705583958
168307057
1127290
799528189
99499022
156779975
178749937
644510914
326239202
390953047
944440373
410552404
217192596
463863612
968713213
51086398
70995004
413427354
593687480
596910795
457735949
608446034
396542683
475684419
782558501
465992074
178438035
426455915
28825121
179368555
644177422
12387402
154136599
585394663
167382295
914786865
362558526
248280830
664248344
315509965
73642718
13679841
861163265
203124167
840842771
55660010
288116508
11468531
17038688
738822856
149168293
565717205
145779385
154620324
913908715
296045150
361312546
11275790
306475461
427023591
547588896
507714562
611574642
395871040
190737680
818138314
508464634
952024143
351776404
517668846
660651895
716998958
139354430
541371264
337108935
836218259
590710497
930887981
931766289
126135153
799198219
119341618
939681352
682627321
601959846
580355856
820126925
537331264
936291519
75487621
852753945
733123242
158981151
811488590
656363588
684355898
512127706
248844689
800541259
82667388
342500282
983215109
696121230
668454901
886996762
273973167
185248152
346180900
780626191
695439988
729138388
388578778
785260313
637086138
550551456
385998792
652582955
687937293
296508222
973464800
883324824
213529673
519878152
361606054
390874835
874998961
867047585
120347513
764381655
674758118
749675580
792863317
664696843
365109244
702303191
641361784
793917258
896858215
502338507
554021314
649695383
625717386
333684451
39122392
986234233
3600334
907839128
263668628
176234938
629068205
268541904
958296363
882668828
854411190
107321433
865864130
233764951
127485520
44420571
441075877
80140858
239793693
132165519
783755907
476043561
177641026
114440554
594190250
647592014
125412004
729560676
285690021
306200464
300337832
93508221
304475955
804704009
32985362
496764429
60772182
307106999
540832206
307697798
65904395
294412028
832115340
542262191
533857257
377935925
352410173
409580437
471704662
114731081
962032372
775830469
678381348
671856537
572026072
225143355
229992036
735753247
485314508
592923170
857822001
934779426
343616898
935147100
556170457
79031771
867886855
119645262
343061156
38900961
831073656
620780049
638926595
399227032
476541639
233532067
617973787
447911797
816793021
152955324
671995071
937632875
913266072
466257204
814520985
197052977
635188012
622053125
763836404
876601623
143628819
596759411
631470232
948852926
711247316
710195561
816507560
932637380
419348585
49961978
22374647
139207085
158339175
209150836
949739820
414111064
286267164
162375169
903414700
465502535
374467552
155474670
701506306
384525109
627115557
758844348
558067958
538144388
37626760
352009412
231199572
423101833
237945996
706315256
258706429
401152935
849944691
912699800
6033470
420600141
951832911
1337923
701871107
414997801
855418281
656702255
376514944
209366075
230975147
414967016
841634651
614691224
598995568
660276974
528152153
961956158
785791089
792725649
562319211
557372007
739561243
773383425
925334684
917613923
958978349
597027485
248212647
611487263
905264506
809694491
570962224
274440992
392367263
87299613
500503854
483886512
560328319
637575233
652906771
104936475
665067334
469460151
121834288
458460281
629792351
587837873
343875632
376175730
579262612
476943232
944943153
251142159
737695406
4997780
777745742
193177482
641990301
813517824
87485093
528632919
389380568
708758846
695707906
628592609
731430956
842294222
536182209
12441926
408975305
61238318
361735566
403670551
925008883
234110996
220861989
74937298
337265610
393034859
37425697
430071652
905127469
555964187
9029244
26930157
904797430
726896139
759199436
883967692
315972218
853628996
799508130
146783394
604721908
18787710
752711254
150209662
414978134
495773872
527168225
824079723
817859228
927909255
745416712
733576346
171995025
182319132
821197404
972402288
345575289
513403266
575677683
280020995
2585389
512509159
169610275
597050220
288084173
213220746
656107655
43456036
816164719
985737331
587990837
545641000
710564375
564185125
601717149
862579834
968248309
686286358
771782105
563021172
429542979
749711824
244008817
392705688
609413595
888019142
35559675
706381041
941146267
532676223
461828713
465392009
373287264
662933318
313237250
554590615
733999747
254307250
246684290
392979218
361187418
440556330
815312959
206143395
872552820
328441762
11093484
484621981
504623348
939894486
655862978
817804764
643860220
108090913
449744573
270024307
414141036
14309644
623698549
521878179
394774536
487944050
105324766
150473221
425748912
228374378
95155156
836323261
817197530
414014003
577910081
652436091
899466119
309859579
477291657
906648063
823843190
324375310
366964927
191603602
761839917
201775824
815797917
501952448
929512397
169880149
7624298
349327641
85519121
774966471
466441576
624341210
323948430
695352681
555883542
340264862
864779139
798315458
313044027
571993520
257624452
911168167
888443833
751379071
431801714
39323161
419713147
972083578
184887335
548768897
41942177
128209443
794324416
834179375
386357970
498487097
358140502
241534443
472759452
386581333
184319769
86998235
579642175
702862451
92136274
694115087
616031456
798258797
350002182
448586912
943239793
312354085
22692237
456205947
658365551
71670333
671799939
305053981
156948164
56679400
320637035
305225746
217731348
774177569
271020853
776199669
601071505
440180674
401223019
815312959
42900882
979295134
419383680
182828638
251027031
750148361
699454237
23401757
702007892
859413910
285571924
428711618
499092015
72986430
957051264
343285382
52503520
422241309
145446961
553100270
683676047
705791971
958897914
813051514
524834153
171123531
459473442
382459256
164944290
850672952
302675214
926901433
265298097
638078983
851400655
839933952
123261485
974633819
802017085
604205733
171962571
794793637
461576041
170935758
526078772
927799998
973440997
712394348
455463165
685676730
294574896
221436641
739140926
253136937
409139987
586931984
416455779
108083399
287596284
69017337
698366454
230786580
492286780
409529463
258662109
817771538
649142507
549268110
504280984
214732629
59197535
108947575
358158413
479978209
685180609
757102634
323480875
367917202
558579754
164349351
203430960
364114701
108324349
537037917
601393279
167194930
218535857
535374871
905234800
712889336
333777753
788425037
789308425
440455893
525134317
813688869
279918975
706493893
284765652
593347535
424969482
899823608
117404098
416943934
388070022
691539866
394670063
862832386
711829120
11819168
210021078
473370454
331615319
981267826
704199396
557493957
132986503
30967363
402515915
361527353
960767930
895151271
536158480
33925294
31569535
353935556
138245870
105932929
656256340
910072651
52070567
157179167
626659918
852842103
679019804
374946140
775074909
588796351
643596488
161091405
879080775
615512881
495331756
701996848
875135350
693416727
820029192
196853821
389639344
623942570
678154454
262731415
487030667
808249814
191656329
6080308
373576694
160832813
320034814
299719616
482419647
795592826
680063773
683159577
210915425
530288814
49799075
706255619
377458946
484935180
8737855
807395373
510603282
368628098
83581265
247188689
473676785
205618324
567842211
613619194
203347012
132227117
239736607
36315502
738592908
663676100
635524262
690481960
286659241
216163300
121783936
66837075
840154515
84586314
3732432
237101756
362470821
303641056
836595919
528184677
610639356
93362019
156674131
304104164
447796410
816909343
61373524
640016973
297313819
243552067
649320603
978214869
956116930
37598217
799986018
875540349
176035436
90956514
580089469
643923765
483510286
23437139
300332086
903797882
243223591
249617476
422266441
735769709
786046018
58075016
379979876
897394707
542881983
517639069
637365443
476077510
256999278
108348082
806866848
798472596
985816181
885344175
457189941
762234502
620714237
19150231
600650398
844109536
267118735
247304566
917823983
447446500
252476707
481716379
253212822
11469216
336805108
111833654
45241070
30330542
614713659
368279592
877882254
156987207
718148263
521129962
485321380
544295338
644634585
191025693
794521432
732920709
365862618
668206623
116217032
138349930
940145349
409292145
122637070
313014227
444979543
936291519
1945054
951841998
337379698
773911888
819827432
857619812
537823420
164281313
469169738
460854320
206038636
274329365
817206703
468290462
232372434
891266487
274313471
909449832
323799978
535309879
485565841
55025434
273925552
236967981
182319132
8487588
668490016
120594197
341360154
631587441
213646606
874159590
635849103
252238149
770301078
499968243
608761141
171584029
531508736
541648015
610154119
732865064
745858710
623910823
213914394
816864396
28361963
477871489
224735808
164168951
764834486
948203001
770078580
458032474
490663563
401303028
956229970
119154216
712514567
316549315
358837528
125338394
849503251
45893772
462795305
489107894
852851808
356791641
476842611
155275211
576440932
908168407
23983662
797411595
105648799
183961526
512832252
606904741
325435600
158638764
154349161
669997857
408732450
913448406
84154973
201625218
226700034
620581405
480800393
820858424
566090347
844956763
18771103
41216802
493143083
727576635
869122822
642931027
838174396
581516044
216613657
781027669
804868452
258132110
434175533
234584103
507768876
668893127
879061983
520683090
906204099
718002148
411373010
79653910
608270813
861803576
459316136
586395273
772979055
73363263
914486716
705182637
857045818
849841278
618022425
50440561
687982600
59517857
64304957
879345049
560725731
954977681
933483575
267745183
121457790
879863123
957604326
638780892
452730666
364834854
674058033
425387153
651717439
436757572
411149029
542418709
176282785
539974709
956447944
111646627
832902992
547687793
620617437
675873850
506438455
155129607
86737487
868010683
569155369
634475618
362304520
169938778
353122681
623942570
197660691
883275313
567224234
899023032
101348400
386807911
904605990
819040560
30285948
424232387
629584351
881339382
739101560
655477943
461253394
295504749
597187249
868205918
702920823
488390192
300322072
68724127
428427756
97949938
189680954
133460274
479053481
499868899
90405698
985816181
979032378
593319150
845704960
826216979
813669527
528939088
1215641
821480982
404528484
468043860
723067194
793216273
279160595
66360349
735824243
195671592
294021984
318334737
225577685
341649151
528939088
350579414
515863307
550479646
447185516
558837333
422949548
962993200
164564487
289354236
701104066
416624136
883163866
351749805
483002539
912291106
473450498
73343459
713518807
809673888
860245915
747248503
641236955
745626488
269866600
582892766
673717885
216163164
23265183
482119046
817881974
384693070
765318377
45922520
470710574
106829009
532243305
133690294
768142612
574625615
805551034
746870236
247155847
329049928
831553919
616236716
344018918
670351439
134527350
541151206
218088872
367787046
796240220
482879262
781302127
716366773
463346117
435997413
730416399
541995354
275188380
979477085
966638752
833023114
12430090
297843218
851136355
620477322
655101170
607624208
972158170
510223458
578757912
772741688
853731750
604712516
113051671
907022178
689597916
455919341
973041508
693607519
834183139
502204144
135437756
581813112
56613828
323238285
150368399
975420804
901082621
333228687
124043343
3468425
28868053
406151599
44952531
595622805
395515579
499037767
524869740
527576028
235967222
501183069
372324766
619980864
329320771
568405638
733311887
488153738
103636611
175441982
591187375
15147167
881028970
22842368
358554899
646256341
377579199
28173504
648886186
569716142
807264385
777305596
203115460
502861766
839247921
34745573
27805081
647419270
313425174
52672547
551087910
641560291
580701349
80732616
928665904
843947038
812283557
201960438
763396905
337379698
897497315
459558517
201145685
519552922
35754740
792835909
139456077
224546412
980816747
330874221
137812971
16609864
432700466
337258239
741190994
266330996
324286950
943246809
822476559
231753185
265995173
106126077
244585831
695698849
853068289
900364045
48382110
448380045
766057212
364503205
450029845
39547667
181283915
216032698
144522230
514535445
329656767
594511784
126803470
742873947
881545146
400213132
953667628
698398129
608628449
938267944
203611426
347423114
327432757
238583547
593325245
434258268
270707211
719904225
582009872
864098315
409734331
215847651
267797731
493372215
175773579
121377762
33572219
842465070
104791896
712687433
660991867
651019821
185266946
244346663
38153157
81578841
49853711
563303014
217555412
947236174
68185201
123744659
287144509
528316946
961986077
546318779
861462874
858030801
739272066
361312546
763235899
497853068
459741156
257402557
696962553
737545752
345009206
498009595
127754634
576663967
958810467
227320943
140621790
880525249
847434219
524244527
315274024
822006804
895311597
859158708
604205733
739608176
544440882
191519728
426263376
56569114
949294094
552277529
417316888
226818004
174241750
636835692
886874424
430378145
510603282
495078398
453693121
444236927
875435085
499094961
86526354
970115
479922241
918169953
143521601
206218265
187590089
755030238
187660636
674717261
826474459
935872180
643166849
354516502
165936415
626548679
867650755
424145936
630961090
278372905
966845167
175248804
647421871
380879194
844562734
177596813
74692131
217781368
290156403
306446746
1605626
388101723
984278884
90783831
700361285
596302462
218393368
347556664
686585804
482255172
171002193
739937693
869457812
697122495
857001235
572866406
578373313
235486965
496245709
774368455
940073642
233577700
430271813
94155215
310905883
542385353
632026367
937446320
755076576
710202206
283626268
397374950
737762718
646445031
747192626
763730486
255548851
835686404
97401059
218359979
69691244
83239910
295994570
703850989
931307556
310807217
168383848
252208880
908519409
596594841
450096200
150368399
25455331
22968376
334933361
741848251
153514283
34566437
827599121
960841620
194428168
394041336
525686729
839595602
857172535
614023085
759264365
955679091
693419138
353589466
219022030
104245243
540561428
143381515
201658100
829277426
17746042
812937452
782363314
143581105
183987244
593695010
269660614
514760864
668939150
819129274
328968280
546716384
307176165
332484161
912707743
680058712
35614032
956056148
569887607
812528437
491638085
631537492
474750258
654323727
505634732
32665971
309958135
329157519
323595683
282258112
814479389
738892695
985110662
15761144
884608431
918511944
623643415
258880296
531007417
127098602
789534942
42243253
339281402
186047029
952182762
324814458
518471920
662925531
942101119
276404495
20330578
891885295
834905463
396793926
884956091
375952082
805296241
74554777
912384024
266682176
677043608
26483879
669221628
224870833
610903258
217150165
546727072
159120278
580314256
225892618
185891966
908584225
594543117
10926135
27975788
671142356
20438840
665019770
532981592
650593852
876146870
476911323
75627682
190118844
421811225
647230581
457009476
320616384
819095930
944740317
558804259
941026349
368883514
578488731
456063792
119004827
561267984
935688581
286400677
553722498
776568366
621725422
826679171
42702865
755069517
100076419
369982435
556911414
138036481
543613048
675375131
483791186
198305750
273246279
682467787
192096661
760157472
210011467
938006826
230162098
388776683
358852149
412040251
713267289
96867427
201258720
439692978
10442238
487352773
815425242
53947962
530044689
911632994
626662133
418221694
175461643
899876965
824739507
263533122
5137453
512051719
476545837
1098653
448945445
359458667
702566541
165152272
759422735
862939714
978090636
281735833
477364212
251648111
320148180
339164395
458643142
807614122
65462474
94950107
346803296
198595055
817580585
950962181
551411694
736495254
943558829
749605774
276799648
446160107
984780047
416020408
523103914
933150049
721459413
74531464
703759868
504075529
670168561
7281903
40941386
558642982
777048606
321774225
168800685
654520385
176612667
501428119
457220609
212770880
456337525
196571369
377370141
196912159
331365426
182726555
590914525
88912591
538598708
566003285
226024170
263294805
657409532
750424269
726342471
568861229
694495863
335293342
654103463
28742282
294142721
645028791
313313857
410930018
374722867
366321680
800897610
150670109
918319519
808581601
817231012
479493969
660409682
883164074
688539954
625418011
854288233
475104581
92107775
260458549
26770614
199238714
566106251
293256419
328945020
136042697
583236836
183456577
865384772
855380359
736519342
421350176
521211583
288952932
151731235
747665497
673047718
671693542
455891483
275240891
177013646
573549584
361646435
224488039
511698237
600241620
106961745
558181501
484077054
735702117
630112514
27458805
797748014
889187757
64798601
932554643
364714255
617074310
410181196
675506913
571220237
299105707
981054311
43939946
118398843
936424191
347352261
669446740
447603799
422600276
974687284
684782299
769815584
62070860
654323727
504495026
611905131
26962873
128575291
532533076
783568615
643903926
199752444
24210794
915708628
806552022
383920839
802830078
775178716
37518391
599958214
767365108
506145888
258830596
617344725
512819365
560240328
981267826
449727815
934666017
347315453
817074787
186510220
613365997
603417003
355609245
592432921
10187263
844301584
492209800
708020186
927248432
279039328
730510138
335043835
578541820
407051276
546500986
241649563
632882446
47826437
694001426
892593194
479259229
959731034
296093643
43530867
2267259
447425942
777648680
229970763
5062658
263498572
219223768
557978911
727979548
708069644
495883223
411781713
457075855
617717201
834810304
13758542
301479511
725425082
430898464
118070028
66610437
688329222
335292182
845571656
414081205
496926173
466133785
13110995
165995005
436660113
775448514
43205114
436095892
850517631
73642718
246651914
859220456
223449970
632745450
403169290
970794266
544510001
864665798
922589996
22725747
580680955
168953279
689631099
365331516
310920847
602626904
215717270
256642810
689979747
241497163
552659680
804676385
797084197
728594629
606513107
335973429
517841457
237084535
578628143
809892624
38264422
798720094
419736681
274082673
924157251
82784822
277839143
518441511
159743469
223486233
211316261
758307957
712129168
57866171
259552335
216208015
334285111
450468553
326551491
913619036
973201735
419181095
482908583
431225757
577609776
798633523
814349193
794860814
165761057
265212733
560458425
912523870
262777710
584973993
881691701
149146329
349251310
8901605
75605615
74198260
168731148
174003778
327543749
746540589
870736023
673699112
938673998
843302898
398039854
934784352
665647778
77856788
733998828
781674885
97107558
498246964
470430214
212739608
884623293
592889057
131400530
13931644
882142079
968055901
649658511
28106596
845173673
710564375
575329444
874959095
815012221
178481501
825807326
64770172
669309052
735557127
178627006
422680219
268847897
184549959
675506913
356555889
711263978
9279602
172909039
322579722
464586275
1675716
657822408
353732752
418945579
638234642
348597950
504214238
79113670
660262610
558099029
671429071
869182861
706781767
897685981
318899922
255395835
459478364
393557590
265485133
430044526
589389727
733850814
220649761
606688959
751835521
513824552
111451382
288872837
193107262
931226069
502005685
317234611
886438663
956393064
703992818
18430693
442188968
278586935
685085881
387090455
906749878
899800129
962356099
903357485
325286688
974648232
399397430
789676026
185375466
128092438
496817580
749597938
711185637
887855837
559624256
57787564
727183769
721942329
777179039
240754740
575124356
316642910
627961533
381901004
841613168
906698216
5523336
874925947
105162893
949525515
817329736
400046169
635524262
38176483
255624607
108533623
746810497
576751323
426613804
419433813
920778522
945465066
74996841
541374655
107867767
165387532
600425264
91877752
782381895
790978793
624754271
735306583
119176256
181068086
491533780
255059853
125793488
681181497
558661302
231926341
673587069
35901539
394449019
961750218
293882577
694332144
525835323
641362614
790200528
523027959
515900736
521264892
221884307
833955939
651470091
954512899
679011943
753425840
529843350
886900270
684719045
215429187
410734677
156068449
625242252
156655344
721685201
563416557
822508678
645877161
341318280
696560587
233269182
626555678
6375405
749924395
837612415
857587774
12073342
288630682
582742634
19532874
264403348
630108349
845674270
595896844
803070284
318954592
653057363
846085174
224062746
967481310
441497283
978209500
843428611
738480529
155294417
61232907
72091399
203160969
827905134
135059630
293112415
701638972
77419347
183742892
267912147
621110059
167698621
622378758
656864522
316790176
866955669
342872395
431824130
731217377
720463848
163402513
182570154
801317637
652985906
703974215
471402673
367470343
777695501
461231475
158431246
737553015
705792153
825538919
782731334
232401380
275288646
505011796
161907744
865391359
272304895
567682912
138210171
797712710
6418005
750637185
865426002
849832288
56550579
603098995
165938521
440656315
22711226
377903931
454587757
909348748
728332030
322361724
782336665
503650414
797944910
469706524
506440479
234838048
137657699
93193038
897556912
327990538
137132191
237361636
383680110
898032930
703111224
457416615
692904935
156122961
832775974
185547367
421081488
291761167
63549612
264727044
143813878
523076752
897312657
809263835
539396052
267774506
862243258
783748688
551008415
630453705
533488903
718598141
41591359
649638921
735052228
66962159
840711724
123479636
715020909
363207437
488870437
363860925
632985409
226050959
66846750
649518916
672293375
793450167
768503284
742181665
134429190
252283796
21858807
778015715
532079351
298791098
838806444
417728576
896382139
652477671
940583270
973947262
71745250
829474322
515300646
876019510
345723739
476635410
524201005
101543027
273558834
698641362
567793047
922071333
629182621
957366675
409219415
581145786
905652388
378338906
633255241
637756246
664964410
74594192
275663586
143801699
756720400
714090312
518466278
313280824
48586014
278632688
59003040
593916058
734735069
382238515
787402681
708608256
104926371
37423792
432098031
558213620
233905464
928704606
517409304
508861107
351609514
644254752
89444120
236458724
162326317
978322231
68073328
945280898
24618873
181920297
724565435
807437682
348852562
145314449
788517281
516403639
396446205
868001001
859778989
771640249
230121276
939857859
742411090
548071617
510799965
283988666
876082622
347952313
323176652
406725739
507577153
474730811
645099331
531305756
706485351
692117461
834617012
937310243
981044579
949306814
957407211
300620480
935986127
557163701
321950828
558353313
765976707
953621692
545424128
671567172
28173504
472399328
582056489
424669012
412254390
715186657
584337874
91512858
590142482
964907956
700351902
118698909
928737028
327238681
598079915
297016687
118574847
59197535
614844021
940861862
76541729
276915097
10692549
193159352
172457987
257746427
727583324
638144595
260733689
704836352
642078175
33694810
387059347
935339231
932294217
141134416
570981739
286892692
239622515
721156195
479130338
669817440
347008385
919948230
280195555
955056944
532660309
887132327
297058807
262990020
964389016
462261583
163896165
372846126
235906691
817883399
921943711
875956134
820257692
932784268
316720179
63802702
874068773
135731595
714999861
293858875
265015855
441094901
657416538
32043398
507929581
162040304
938989358
529969656
763943454
401223019
223585692
360696008
695442190
533496084
66729739
836259611
335661910
548423909
245895670
106126077
302219067
301545256
91442092
315471857
19134257
16782829
946423771
563057265
506020947
487678828
787619608
275518839
670335153
881900667
264435445
719953740
654378703
983312071
111669925
968926760
355086975
805920659
756014446
796934735
475219659
320181685
153929968
515648817
585860176
563538217
308949541
25201692
278134317
380789856
955168899
970202831
925454169
251573975
762607762
901204180
125649063
753863938
295154857
421237766
956613553
24887366
70239735
150916677
378995316
795007672
922575196
981556764
509189807
825725970
819383846
422066488
2149509
248891770
248979194
586405469
617527581
916612592
775088696
727970639
471869427
576314815
707507016
573278283
753182592
802142726
536917784
337641959
598981241
846468629
759912719
765854274
828629162
478514390
292530911
31167196
13110995
752146797
608085984
565489131
180364349
611164635
981613490
191745314
583429505
208601697
846578658
244627451
411597107
891873715
707507016
389836675
982508347
483558576
765832646
92447536
715338174
499596410
3916592
268163417
332717382
42983469
684020584
558473595
742735663
948264424
227306225
943720145
455733882
982167855
655133708
569297446
760708884
585468650
724439909
31068052
219182394
376614119
661251812
771079960
746785844
92258795
842750171
831529632
128092438
851295864
46923911
831990733
203946986
838181021
176333262
281077430
728267161
550610916
824952631
116533893
564350654
256178044
86482920
322472966
532595785
676353196
119145160
185331038
28658905
309772985
856469096
590594456
236521754
946954308
268608635
399285769
94099823
637090907
425219895
195817035
930458910
15430
89835779
737521719
331268580
513729628
762864911
930721118
1407513
193382060
31264184
317624620
50382053
358878835
954926725
575317652
366247637
117729114
600650398
965240270
638831696
420967760
239361809
706350844
605938057
968857192
275311992
520116352
353531533
323895550
222111040
813382106
568184115
48750025
562842014
266633153
953295896
350433061
503930498
979917461
791769650
280536223
124652925
914150063
146296088
108083399
44830345
364973957
318010104
59382179
835671266
177065636
547646916
970621522
236632716
465904231
775666590
826402076
586168364
512041943
412295113
732310472
251943837
184892319
801535205
498951501
417813555
130514525
674382478
365529425
380365629
534557238
689931905
640822448
883947426
182781231
744957263
774963069
826926399
51906641
502409272
300374308
895447939
147485502
726814638
349701185
865864130
498036864
42510547
241497163
441195159
651184732
854462236
243857133
334013837
376614390
10187263
881248133
519880620
320764755
135642022
214159885
721544155
704883815
703952113
319250432
457255229
934525218
589263665
453992983
861429083
629584351
592686617
819571659
970543788
3557176
827359767
166387052
436839829
25293537
462659123
983995697
875345985
706971802
348687482
251579321
609010677
84354446
332869964
519293018
529972596
381810844
981267826
533892737
707679436
925477298
577242729
854043332
751866415
798758588
643400346
385447610
421535582
637046409
743156279
851366320
829106675
492754744
14921647
172764236
673279793
134111816
791471481
179985484
45471360
297242735
550263115
432366524
811619684
529700908
265194761
33758615
149743156
654115202
792039168
246566170
564951033
226303807
516169353
537803293
593586871
705844118
478278410
962274355
564495640
464822785
426537564
190593066
545248523
90800814
135028442
737119691
721999623
921875380
523105383
28253824
731494735
284680113
429547327
928882169
78719012
354483648
520360890
313933517
735817156
575366196
489189539
662072390
150116441
744079069
588342868
305287430
927909255
609041203
373653230
861511938
708029363
839303092
885133247
794250611
566778627
160883254
520856164
403254908
691905109
469420831
860227596
502861766
409987580
731509635
428560984
438215183
512026971
203704597
666902683
548079447
769818813
629135191
646930879
829700928
243887057
257446748
405477986
14252942
519474619
832377594
25948492
791409444
425891954
99458873
205168964
525605293
89432975
422056776
802128313
751183403
610118184
925179189
353461078
132762874
710974281
502454543
142516659
947268113
601556312
139375873
371393110
778584838
586450219
589389727
210039595
240675508
917013249
809717809
630499302
227689164
10
812458973
780940909
66639778
702832917
474689078
456497178
113142298
729402363
324113339
617717201
426443892
616042086
469192357
240873354
179438900
846760233
97313358
5752426
259326455
650155926
36170634
780982203
439331189
266345261
284987934
530981090
858666781
868475540
28838187
253316074
402648157
815820767
458715802
877818457
864483535
981502206
346805093
432451536
591435543
447880426
340475037
261807859
687630442
437120696
290716684
907028026
953068243
620873329
64654119
571085787
507597314
368541996
547937072
477232823
47073095
671853875
949471799
567293400
119757566
715640053
35223257
653723632
862510552
201775824
383924516
197076422
269833261
558564591
281821862
15430
330644961
846372812
423614373
943773108
831073656
195957689
712467705
194227060
479012498
694472900
249112134
647590565
588134674
554111746
147808954
921072497
883458180
107068881
417953923
213085999
375721328
745512943
524132176
290330017
378486245
500136960
682946360
856976978
402460108
340627665
857241222
145425861
914561564
6954402
153704449
43259716
529574219
396321039
673104976
692971188
265926936
837651840
385188549
193926860
667044507
921892369
164308046
799156949
771625354
43689476
329860315
570028798
172070175
617249827
100577513
662146021
34984553
563376333
71740307
886306704
73151344
541620837
656031258
622417329
924081198
671023244
619322761
54826817
982052147
631889064
310425437
936837213
73946611
759565068
143424680
132683109
665164131
688639771
458740672
243349419
769690252
173168386
301041352
266155680
368181791
507347554
835233361
923173814
269793353
713114245
517841457
76787317
629256372
223126926
625903024
492816472
482003635
194857345
598683060
285030912
808691299
571085787
18783449
192373413
314105271
695943159
924612697
491771308
151245925
901752424
304324196
434513662
35512554
210796416
868755602
821631719
206522296
476250278
783512393
181528735
973201735
730502212
100196047
886438663
369256580
74895585
600710614
516158556
955154083
961698654
324776229
849908941
563198740
687937277
977635586
763786426
757327191
635138955
579606647
456188080
500021362
765349777
441634192
261356596
333359137
518333434
461376689
104206975
546797498
49520213
700231487
859831915
351794420
293355739
579162472
640145945
735354681
911863008
831553919
512623053
408288406
270038123
169124202
789395038
271634318
116439487
533474701
855921441
473594365
632942312
631495817
393916350
821915094
730299389
982282310
310128463
728551054
574195841
89057668
858365119
148373694
282858012
305789921
279596589
208833326
559837342
723987010
921084812
15026487
556018982
444327411
460539126
252106427
467387305
125043584
557202786
423614373
675315126
343163960
60981384
848241930
702498894
833406902
336766118
568153568
820255398
726248917
27907677
102999531
392827847
436211096
519927367
891355098
291651078
907766479
392320212
705561977
830035409
604293898
616990108
319120481
39922266
5881480
122271716
409987580
590181778
52338213
113881433
453447412
421647023
527329633
827439577
165152272
14707263
7319765
75688915
368684457
622466621
946175167
359563914
166685751
27495484
357285478
588044192
520145003
689472852
589957389
878546386
356280865
702141545
437997495
872280327
150491714
702802327
603095851
419295102
700132112
309786214
616231188
188638669
226965475
306772046
311266505
145008196
334717191
672602145
456518090
306723015
838564353
507597314
980090876
125943812
242096402
117601187
844034536
672406644
629182621
860658383
806754893
950580968
575205246
758219069
818879260
273042977
481150776
177518885
603174206
513006254
789918281
674352586
273203273
137063667
182152868
65169379
897018054
817804764
903373344
284038101
113180924
856067402
389101372
730434387
827284534
87603642
333119086
971350928
440552000
499814486
448807490
116056694
481609865
429663475
258358283
136327603
736612573
268101374
177995212
582567465
761210035
789780841
679615461
165782652
152759510
49687282
902631019
560228252
414380425
684463672
942499110
485278362
763862542
430080231
839449199
696933469
785842440
387133555
217788367
117665041
643145640
477262552
483343686
179535236
922670506
977975627
59238951
490794083
772549288
926735556
939343164
706255619
112669252
667574887
421308567
383920839
675835708
315021011
292871418
9011173
433893005
135869418
123355749
273199522
179419275
845866455
489863498
759365162
249629700
750432466
179002017
176234938
247184808
101759993
507791976
752123791
771131429
169335899
657082386
142609875
307450209
418491019
41613456
882392551
68534197
142951195
957114194
643544220
625939263
664643085
904277839
101919134
309204341
739491715
308725690
75993994
797212120
217541020
742631183
658868538
954094640
872928030
320101751
722719194
752987376
281571294
873592426
907480657
284580671
20699328
726502828
67358697
584649641
25331619
416166661
659457616
435752695
900514948
309789876
462888545
190260642
546263876
317325707
642139163
828269865
573127622
329207952
640277930
748339888
647603984
301491302
859135117
218677660
825642593
136321286
985256341
589793022
31390963
911750371
474883348
16929920
872040469
580002199
594503799
310612690
397784452
781928369
535685220
692375513
193308703
109602973
819677576
339848089
453223181
556490477
984341468
275281304
942100922
917879358
799263563
611119860
634376345
934442815
791304766
933693421
428683693
734109177
379942028
499860051
90922832
138262702
89871704
154250069
790200528
905451524
518744553
526091038
604283389
915043443
570211885
417678814
527925206
586848923
305487862
58842143
637597238
289454448
297410065
923784733
640673223
680452143
124578034
895023571
222055642
870374380
444533838
400576180
203946986
942585169
828658321
470649649
482720049
425280025
164041126
171012186
277919348
864907064
848989278
505800094
266969351
949240632
375500255
103540635
395165642
60592024
87986094
742634230
461348488
546783541
849089762
178749937
973685847
541325089
846706220
790744652
656998132
555769882
631038048
548554758
979391735
743623060
220472034
12363732
578628143
527168856
218261898
689221089
630373553
304402800
809877144
495744451
36855346
430841917
247188689
732424487
602344069
797803993
55004129
205588168
67358697
9339488
619974639
30754937
354977496
516693787
970369477
20696811
452701056
456841372
757912346
121398038
814183974
37598217
197617525
359092962
673591445
734400144
970394232
122657611
723073351
91011041
951512835
969159249
415515091
679643770
549116298
60113739
635250824
151249820
840430345
584151530
63432155
82229641
840192840
953821698
963938076
901794290
951851065
628473880
631376240
261836778
719633703
924415421
900572902
69727340
137567288
531423764
354331559
962690356
859786162
27765964
943162818
1798596
748522494
37591397
476724196
302932537
136482342
970310278
965983510
913106455
262986999
909019312
316126684
613137844
268664982
586095823
674937851
194694784
11247554
119127081
251028288
230666276
129642131
679598642
636798796
536187510
29720513
286725091
631707215
64373290
567704046
694967917
444118391
132295896
862832386
243119021
28442567
902024511
392622585
624694130
944592531
427637052
428480468
195562613
678117787
184445123
800627194
927043773
116056694
258358283
962783256
835676764
612580171
761346363
339440365
973362080
734270180
553366139
665647778
209400116
148704619
747557201
976773196
947353602
760167573
201861517
853554583
970790144
499470762
590751308
205126594
302909849
760143004
557999106
769359632
617536714
152854922
285695077
861300133
900308674
324132843
337875300
833262843
770379452
444242860
371486182
143799391
849056542
358185572
119151713
130836580
475903116
955828952
587978111
981055044
138949038
976490836
416003446
194627027
962649679
486254791
496721251
922307424
596701220
530520664
437921367
905885495
312044329
922430871
957650877
65812278
310256861
508776910
649759415
175185621
249398252
238272699
386083792
703576851
289762351
6978601
581384465
798190154
189691468
427257652
797331457
928403914
517204968
769742713
790951089
438748126
89032848
530188551
49929921
852136223
18126768
592071204
415181449
842175096
346421133
919508132
966040776
321706484
794420312
866949422
606232218
429157465
469345610
590157496
789361721
373359617
43137034
810069941
293832749
310807217
299630099
485321380
503580139
79109691
902335428
631948716
587841441
234073489
871087381
722383462
834970185
779950498
20707945
398410739
916110037
405071734
107826994
900337991
626815325
379582324
620014414
907224434
678093166
5305405
29481169
194611076
517296673
583982813
812266137
26016978
495930785
442552146
493054698
975810718
681419444
314325851
929880425
98187444
396786217
194293003
673744231
470710574
888404542
372829046
906533024
611112399
149262568
431836826
583478899
133446615
414524057
696778292
880062950
778484832
615226982
148779970
604129771
419932507
179526370
586916683
612243457
285671888
444524173
581567022
939233591
173123911
286856373
830737345
182598823
766298366
422653276
971522407
957798977
241424837
64450309
346369751
785488576
325123039
207645857
753439582
434405190
736256733
412242619
519264030
653983018
747753655
734101493
350802914
980342244
846420708
561834122
517621080
500607265
258390249
737983233
896735492
38091511
561804074
495275609
84168401
945095767
943668501
827951237
409377334
361630264
636442551
253136937
767898701
75546686
69228784
429394410
122975646
107189417
391748457
854811484
370191050
448168109
573782934
378445537
729220024
654874835
406361414
234687921
86270107
487472196
14305727
661427248
50933605
787855724
5227897
186725010
85028894
847429908
278264580
233129936
395909324
673652475
558054788
447660604
322044292
461417326
484817949
973464800
613137844
518309734
877741529
929690372
362304520
590317534
817593820
163120806
650051002
98586591
596981351
523391159
293476573
920073086
967169785
374340782
650885714
171454388
409415357
70357034
284879236
71570564
53600010
94162945
912704573
964896472
159887279
467988135
212385887
489694048
738886737
1927971
275744305
181725908
192667
114489410
102628725
765684084
396852937
813051514
634272036
639935993
900514948
347014538
183844383
955022359
223921281
59517857
188276068
169901234
509536390
66517541
71684975
207973775
360047768
545802000
842876150
500459301
144896202
841750166
603445221
65006224
636769961
257647012
431295586
373343262
264497693
351117500
560639646
336259393
156227607
776408424
27458805
6823462
77702651
887581583
679810916
381595821
925832662
134902684
980000472
629389007
615427529
77008287
260957426
231527684
903386965
397935606
428250455
286617267
56419662
759626736
526533698
841576459
457593550
237073611
354101218
148725503
784378123
841504247
348376675
68447610
594575331
891484884
523184631
402942779
829677949
864040538
54415549
107815238
17529102
259833050
578564091
641861460
81060036
282088926
831049364
920196101
59204397
778619109
220342391
863398191
769378576
204288475
381459238
903078136
92466610
732821269
404337273
273264295
167768272
808881031
32730111
115384776
384826888
270481567
665024519
445628376
522904917
240071087
121825428
788282121
515370028
20048170
459910097
935060228
388131120
503550418
590574327
562962237
910948365
882655748
856926363
870448169
579347281
409972706
314926923
648108968
573661012
1569249
813288389
337402418
279637034
577354287
606688959
758397853
834454986
92284040
532736670
918858457
42462226
531713793
452948879
327587443
410415649
458552065
200310766
135484529
916220734
493337212
377724251
666820209
331584778
87122429
17292738
691190734
975593696
798080880
250788967
394088400
222729866
946127110
939172211
94762222
368523605
258622787
624148982
648643958
543783556
542902360
327557458
864647496
866264811
68174238
980816747
431645716
352781997
679003224
744883728
6028695
366149527
935696480
957993138
616746555
885176730
396835726
110625242
933727131
452094517
49460602
919012806
133453259
668898337
675316221
317848204
941281753
473569437
589075797
713704504
812273582
509517616
615400643
305990715
440936465
542262191
177305586
865543838
423251349
134487006
439009281
621277549
251988858
114119605
367487743
384241498
918976913
409131750
714882536
123479636
441881575
201131589
323253196
680401284
50484105
86979036
512318011
350253124
28411701
986326069
256636878
606278758
83558284
847635275
578636515
816152534
439773538
726970863
666172726
873339988
197500283
713008866
267991945
962625218
553474974
813515151
382399426
721834728
908035578
103272673
303206637
584084582
405227774
173528104
162623887
371169022
441484232
123399957
771855075
16027519
399665077
84832523
24057818
922811337
344366603
875986640
233362095
343638152
984506286
423973564
640290568
824093282
778217650
588606243
946176557
15626583
328033149
894593401
655722613
56010936
22119102
661043332
379953118
325529368
412812538
97096890
513211556
285732384
161980059
797510086
636965419
395419801
231928748
595259552
494370056
837697975
945526711
251725669
605623851
75541496
476250278
599438487
298939961
348709057
795879746
147433194
391161405
253652163
731634707
224341030
556631010
530563854
820216414
422266441
236436520
329963629
610536441
294851816
412242619
3
553556566
921198059
294962320
452018833
972695707
677061029
691505442
324035774
466282604
699959702
843357205
866292246
799438677
773522716
205525386
349866874
482926539
396114714
930178246
982816828
395811974
908395561
389111450
759964608
218284205
257668541
579251565
407509671
724541008
345600425
263607592
925743306
384488569
662491455
239523948
335636134
943315712
976714824
322628661
530051451
943067545
394215759
194956771
260628172
839928198
655552014
309059944
513719720
122965644
234079466
687173427
403191643
688257580
281891695
881099925
105293155
26446325
510825676
814450474
121990680
963704717
744555797
444533838
622539947
199223027
662827108
747366551
944725367
159286291
518495798
100689186
947744854
33393637
858941827
188756211
317443324
655997427
591530412
185431935
162676847
684173206
875477802
639814461
898653231
359563914
918466108
587473906
1569249
692151182
324752478
53990103
178527649
532569458
764699999
589263665
540978659
925095992
909922625
179591482
912647124
555491752
586415384
6154710
293771334
129508927
215584160
477816191
229777767
909599474
736688367
867002315
546562912
881097838
102300088
985868295
70435542
368011606
538627244
285592320
961160410
868014674
474632296
955840781
261796806
491867697
334002958
290446108
453598400
165628182
427778399
329938547
575690747
686976397
715160873
42349609
662925531
142687876
76536689
245623443
959617882
97802643
566238785
167898810
486162028
694881887
650829784
165390165
27247449
557613528
497936636
885818123
111349485
878819495
810100053
548870511
156915502
697796476
353705033
592080061
498036137
881698837
758970768
374722867
316057115
747192626
205169141
191936621
466656357
155875475
756190904
859416330
947556654
582436019
463537061
277637211
333116455
82979145
854143455
860564180
473108914
889474008
35700793
966113146
40539482
207482281
98440826
362215004
471295639
342318375
283889205
530655464
433944967
490490182
479974523
89883888
335348408
268757465
467858593
515493485
888038255
116262593
677982093
6387259
262284091
25178449
690216171
137331750
361356636
441407192
406920595
420171678
613506031
791566474
607816727
405646266
651185097
140341355
264710929
917333336
293638432
423602649
943088942
314232729
310202642
320408482
464891716
887877479
476989510
507597314
628355502
818717006
856877535
277252838
838470342
833595287
891349830
383799621
929175830
670997185
376175730
210915425
810287032
816058666
891480029
170018280
867168869
445805454
892059819
641464401
89216416
409415357
932064245
149856801
137757883
348553294
665274646
761418908
370093212
589219921
769536274
215439915
620729128
345605788
692232584
933077990
199531197
173678460
806058280
200706786
182640245
952312689
66729739
882322855
922617152
107313084
206985357
765672559
157657124
675972728
762948243
122651897
157990271
642862537
358646074
947214381
727019314
908629040
547735265
56925064
33786494
640706566
277547244
505198030
745904184
947744854
918584407
720744342
646837093
536450584
425295900
926779152
171588858
150278101
814123512
411801560
589460226
897111292
122137636
364252797
103619480
595418943
443309184
20699328
785301119
399565771
856015910
618847645
244612080
240763010
166267982
658841183
41260876
685515677
44404925
705235020
365875778
86359701
432745583
865828042
674356178
967997704
875436751
806381645
198928160
354101218
436247136
571782099
550254690
468294407
283527219
404632399
699508044
549535064
589480164
974706989
25673085
54032238
504271983
680742983
161407767
873237584
669758443
739667185
507472114
1663440
473782571
390764721
100363753
551786397
957518807
493393999
704005311
968405156
817996876
78208309
433852064
723188886
950060730
341892422
737173327
809097655
345410888
19134238
212499793
49085220
24721509
848519353
918334292
451721065
504619585
324418873
595694456
837264946
945322055
668240848
263659156
482747726
340539167
653447738
73761973
359678291
763218861
393951883
824572441
696684994
695684492
811178142
490724798
985637710
671537892
748317898
811138870
128010226
21505529
233924916
253666483
495947198
19103755
875518800
373359617
575046832
233505874
549610035
394958438
39634876
724821488
949862498
3267435
225401021
597886081
968515636
392668847
481150776
483510286
183987244
932920452
230507587
784374794
773713177
723070947
42464107
879608955
679643770
706655923
620092815
611164635
143794556
585286895
575764578
56133392
607737595
914953321
362258755
528986961
438531995
616348022
578562449
50862552
622422977
768706747
970875756
883499868
743197957
767601392
728608049
641635853
308713016
480543415
266026722
299186670
632205283
639266129
480148403
88520671
159477880
790806452
294717130
50919092
648777216
231696024
585818195
849696349
4139130
746956181
549834470
869333722
647157592
663353645
127140191
172727089
72665836
474971526
91106850
944666189
267892310
303468984
737156683
57668670
220956999
172253598
459172659
158909823
333219549
830297029
44037004
668289333
129130051
236305822
859399982
678187966
241294621
610702326
497730125
386073544
826304274
759306072
414174602
649234262
368001079
777749508
811105809
391259286
963636223
791015971
270485757
403092382
85210282
758447504
111349485
396066327
297684724
454141107
331636835
52056104
307236666
264367098
829014927
286021205
77207578
256219868
618684690
519692941
495913055
431812219
685841597
531387930
675742847
30255088
551572462
477228729
140162620
336890060
462571136
432052813
441641577
94690361
963338161
50399835
46630165
386081876
875997508
569222772
808589477
677660477
213604500
488535937
541086143
907297030
101161570
459453374
359358837
550238483
237424672
569565431
687064775
759491225
563442286
569751895
510462465
198995749
27774755
857030048
257790185
564323784
48051344
940076002
108511595
458286827
520341876
863559682
563716765
670891435
423764085
529249418
891413701
549468942
615812828
613913568
102549325
389902663
840090664
120039474
24317506
959260264
930072371
839254386
347829073
524681288
821400778
594468467
867578583
567413850
107761446
286388691
856037055
705700641
894017817
625639628
673587069
268614014
362011150
441139311
57483036
679821544
755693322
220571303
308114975
26805207
674220121
734101493
661417908
523120828
565882066
523092966
621670048
634622278
746897552
687648773
903908363
180464672
985964450
734455888
191051256
932796495
478897782
313693051
479429034
105230170
372960815
133331096
206656406
403513428
591625942
313483737
86068560
513930058
665807015
270824172
403200236
870745258
205562678
772707280
56943280
598356171
913450141
268391681
159832996
231750417
37626760
748098621
657768743
474413829
639608883
114015503
163273465
985951005
985141242
943140999
969666157
133856765
704476852
22521705
695707906
108150671
657329684
40997616
804637478
375623369
175972259
582466456
561169470
553428117
143660312
107095416
260678437
850797305
672225758
37319936
293232386
678582191
618022425
588218875
788961391
704412667
751005779
720422221
432404488
78205692
338327751
47417107
96102911
920682302
178380158
722719194
983904295
450497117
448559518
873669237
8937005
793361552
51789272
216983177
328953166
750039142
747933750
480457220
113576533
847876937
86574792
786865694
507328292
256760447
332763029
904362070
16956660
510355650
428560350
642986919
718109910
59639533
843680586
71874593
413671276
42006150
204725983
857587774
230018162
119391935
331239644
85663215
941382239
944534137
401251321
32263164
485133515
690227424
380365629
536375087
729327018
750741803
864943556
201951786
657989620
762011593
23874871
130060959
906142140
99427339
512954302
412397608
25386526
143808745
845299772
650666697
939879998
963407604
592246579
739806167
830527706
462275862
149767471
800637254
709137441
692117461
592019773
684956672
120551530
375492103
169184016
113811720
965400623
497394933
236970415
706084445
564565903
826100302
143581105
721838085
719959656
441918184
908036845
38612895
718619908
771646141
650771149
319879101
40051803
874997747
74692131
317283030
416364555
79213251
4163184
10893067
548891292
844724325
883544790
978153992
210397001
37479017
350367632
533987951
403596600
440767242
575292271
60453962
737693115
94245909
341995764
789050557
237158951
374833983
374833983
308023163
231193991
808696056
937195119
443194734
938819165
661962927
362392592
53682159
46296560
900099727
93021440
890777789
557814899
582777570
513933266
244725247
126077519
576818966
254681031
766485522
596929485
300305916
791017744
657865383
526837236
740809205
578628143
374556876
380555320
885341045
768932054
532158189
263318796
320125438
203793026
35843342
830016286
313369358
765828728
491469611
658471730
959621478
1344927
219477026
595458260
181462889
517482550
441713843
245232311
942139254
63873076
480846689
235200341
735597388
530018946
26967424
445563522
468797498
207137190
365693554
904784141
560787846
351063313
109736341
474714461
122416135
826817819
925825892
48047130
79326159
363953271
391744342
949920299
736475568
80434483
444436067
355504868
195354673
556821135
608495269
553525398
850838591
976897412
596352570
327359512
559701220
809086142
956010716
880094397
465508920
556413208
93207380
258512488
163896165
371016087
97463047
807192579
982815317
30654664
319935007
49605208
152688664
803562807
740721740
523082288
286505345
981873213
632442677
134333631
699023537
674406384
725151027
394424082
736900611
799169659
184695257
640882913
874705240
457806711
665231528
422953430
511662546
127033505
109976933
99030336
162680247
872893188
712332573
67167568
965612166
403830215
621782319
237204889
588635608
44528303
864289478
803234509
493051837
784667237
685545441
487319482
819060848
653941165
133801019
437324239
114983753
706255619
163674782
212244680
769467196
829656010
851395398
50287312
394706361
80252301
916424144
763545782
694532735
45376090
23331303
666147720
878742255
491981868
428622055
384563437
278962649
700428190
849797733
411365993
785593308
148740671
121086279
512344036
110361370
581863331
576241318
152662087
186467630
438516168
82904406
599224422
793681625
727143157
370760590
160428402
754428916
351496735
617760204
436599132
82466060
663351654
339251063
132824072
485100436
365305657
915501161
392155786
494944698
536106958
567484823
83104577
6433014
194149800
188723879
566106251
549250504
366874329
182485456
653906189
723612266
970210271
679494112
751379077
844030278
663799853
596973273
905517349
909901441
321311778
16209871
61632523
765382383
59453173
61264408
380782213
88032985
263017223
801053916
141879208
48204164
480606958
698946653
585750994
954142265
372236689
436688469
809409829
755657789
187281851
236244182
389157078
591134401
591306078
786600710
513231704
125101911
820270017
332453636
163183964
239534745
655317819
592388306
778473289
561391144
981224890
794459530
2946999
612318821
817780070
87226155
877593770
361738724
650170787
429416060
28789113
471652974
3497271
945838431
23028217
119250701
413860456
377000594
20311389
757403501
348509430
655220541
236937360
406981369
466690812
545248523
896970325
700463281
288025262
582270418
176332009
477374792
502192578
224067895
52910426
781492054
55095784
297554539
704638956
884623293
633780647
686592801
737979402
703955106
441277054
171267130
156915502
338730622
717913747
230930987
342952626
947790434
514891372
511748393
13225178
200296401
830588743
551339142
328167224
464119533
771796345
831073656
126878035
180910191
455463165
815082695
586124988
46550810
237875619
755250718
676745387
474818920
575885410
454688413
227112268
587148574
273648389
469466975
595724850
752727516
208771638
418667995
167192290
172727089
829494253
224506987
199019205
37782341
608085819
622462320
863465019
241148531
438551408
702941309
785953670
527608872
215560916
789601571
781902217
671202690
486727595
426552629
719493464
303059204
193358820
882093281
604589522
405885409
733725645
410737352
904111900
441431165
640588862
784375816
1127290
169053086
625481101
202402390
946456307
667175443
899309364
760229821
548840251
659494763
353566702
964296363
363864034
192277192
174567214
621474106
780128609
289621866
834454986
447105160
367936282
284907762
509261053
384136851
230119003
297985108
858575990
323242955
224474024
732481731
866286139
272904906
825345501
522424055
266687307
26235859
849869158
258828769
358992671
952430663
252771048
374388075
421923247
120206412
553468876
41561402
497466212
556847304
19134238
642905165
270442538
558305914
667615608
485132654
636903879
600539161
599504953
141021281
581643431
744555797
511441335
426586253
463289373
263142321
36173488
327933110
888805408
341390339
153161793
503565989
437005552
674007859
537684830
953068068
414174602
754984890
222024106
125858648
651152165
974291285
265298097
514741825
771462148
537088149
615029475
816301019
209241386
584335327
340548778
839178011
981865799
117617041
317658444
428089240
803420037
451787246
545182813
259684962
800304957
602378478
730412809
251866784
505713691
104895567
249648682
178304325
598309089
793323545
278539244
471246353
816049848
247491191
712471978
232039379
132096928
596623867
610943806
803977451
546615106
582466456
780383868
545868574
686918536
344339070
55433008
759777311
690667605
92049876
918210078
821773041
85663215
225361421
686773563
692382004
591132333
801407776
944261625
254454904
9130554
929614944
712506072
708430834
638327014
893765272
769065854
646524924
662827108
414806301
834751320
603319439
819224413
674406384
589188252
207517424
276631808
424781335
941285457
574652399
255663052
162189555
632465748
225577685
710924077
702517299
27241739
180465199
633073524
347643381
223261309
682511160
37099179
921641483
348128933
586595903
886488170
179224742
605830266
159155998
7690649
930920265
529117042
31026163
598631281
528741379
691960173
806763213
66681811
565970120
160643550
169481097
128188959
293265735
445898558
690667605
944474408
607924185
422241309
64842513
979730198
555883542
945869577
137998012
558062347
251173154
571873497
435310385
222201352
219684275
632884532
1572363
336577527
670559051
207531788
204455234
496428644
510288871
336887739
117484963
851580178
42682370
100071375
858376205
64654119
498730481
337258239
418454373
667175443
260244948
151005438
489404263
442672268
49872058
63894724
142980044
206680961
69499443
267222107
448392870
855270000
731768115
240763010
738137859
40069675
943464090
232882775
236599652
119140358
566086484
232239773
422710963
88439655
656902035
95985391
19382801
664925381
457818570
637159121
197177784
321079519
18455925
849068443
880518503
793069092
871581165
821149555
598940804
461643621
338340586
270976175
912896264
48225210
306983368
57666757
736781115
980028128
114933167
372074221
496621009
679596962
404146971
451166707
28792404
50576089
496699338
212930813
928910559
884157376
535476375
260590303
39911734
250016989
177197190
723616045
3568681
211304186
860140532
954186309
46630165
797390451
836503801
933006193
742559087
484194110
23489130
313134165
287107368
699139942
250985434
845339898
638789037
857195528
312638894
921012173
524657600
513010054
662474441
533421910
63934013
674220121
112209500
127485520
17715995
864662835
494360234
712699359
437979247
483237008
68778384
446894664
833984935
763115199
134237458
475854156
944627969
314148376
318436506
835016369
361452438
659631332
3441701
875063680
762678884
351117500
202741770
746402997
730733941
71727627
449339506
18135877
630165556
411875490
360220376
746708469
501489981
800695258
108295039
96923579
806797023
630615022
352049151
827015325
582466456
977741542
247304566
451664055
564920732
594276852
206985357
99580261
409758208
494549865
480478964
900620833
409987580
103641450
87434085
952398131
494304386
32514587
366409792
979018459
28093173
746581932
35863112
675256865
142981709
47356886
706960330
112742733
549104070
144635296
329083002
383865576
86289320
583696554
136706804
237059730
539858787
513980066
341302652
626816183
633323620
703721470
967854425
540722075
924040321
683700862
756306790
914683211
55482315
838849249
62530643
610788100
654835791
723251347
771392524
834736039
40323456
908248732
602790046
278255282
300960631
713813111
168645073
937742742
814312229
374930070
524083195
813814677
908444480
683146382
704813913
752146797
799678539
350573655
167346522
210680649
436671585
898283298
957798977
96301056
272410659
667226937
421081488
685288171
825918073
299456148
161637708
407062278
858442036
840098172
545813826
854619868
341649151
578324183
386654036
75483499
753370477
878513367
598078905
758228605
628510059
232892450
215484834
491081666
177596813
154461143
266857636
365177802
737584275
728116964
767384378
950807566
242062472
903954509
728751078
230307574
437003028
637401243
205841168
18683528
579742810
301078214
638435507
867194857
598133793
106246708
942128655
958659231
325158155
928824090
199032207
694450697
842175096
886559291
895675333
456191970
396915428
496699338
678862993
470245273
207202921
302883381
387114971
76543161
590569957
557467543
296552666
794212484
544682971
950332634
653640279
750293890
771341141
735557127
312984593
145148813
794899233
525835323
50399835
260554560
937187191
943211500
656506503
303640062
440446609
259852974
627778580
837361896
119856522
311007618
737950751
879627379
147343342
195286197
44898767
329952291
808581601
203396528
541486447
321748639
398493694
845941424
952815277
358318991
733977620
272656082
113494378
969671144
218685257
434521865
53735915
637643293
661949136
58240497
293367700
495708134
750531337
823606579
653943721
381836200
320755337
536622253
395912409
740101106
151495186
931791397
825046714
829539890
876313917
897241761
697397542
97854672
778015715
650314912
332084931
290370579
420247960
297269439
210741223
422639065
6718687
577041305
306070604
293607932
652985906
929526082
610921574
483503846
624681876
612186268
152130649
334603828
712597486
805147697
293759745
312275969
240523368
938880114
665887821
497636131
984705914
388239690
339448244
596465110
523652729
897543571
78230517
689513153
207924815
755952810
608247493
279900580
923787946
151710554
157846710
249607594
861626529
433881862
165689657
869427348
551585876
543992136
109782081
129915743
597130811
874658954
789830166
227494063
968444518
809952914
777745742
849752687
291457585
168849320
315039360
545868574
839235767
786098719
483964350
114809781
228429008
572689104
557955396
598683060
169610275
75900735
534048922
717481979
121239051
94000347
19280954
710692054
526609526
428777204
60055672
474422055
958448495
564820533
804619168
701448158
872500904
74965385
472881074
624705794
702057954
756728888
531075676
689156968
886966053
142950555
374166589
924321787
898283298
372373790
30574434
746896801
487072848
485908159
75143818
377645633
205594693
897699208
143426514
11363527
600513760
285284656
532449106
905069982
39484405
363647806
533696540
785959877
220280176
252932425
117001545
179912760
952467322
385937463
665807015
46078544
30167745
837345360
752013756
696004203
429043853
465213548
708706595
389604269
29424347
1698347
487072848
135579840
201664480
786794435
579017676
70117931
770879312
305282828
38184739
963882484
57363980
78893215
122237366
879551196
799931941
120264171
655311812
761681361
125031353
644828326
581268466
29386189
153980379
198777872
481360868
136060007
816941804
222171763
888906945
159232534
317624620
951261426
349478827
244346663
317130171
834829015
871452679
130465369
686425784
912161463
449757102
337432609
937585658
523416032
661283421
638734380
678464707
63885749
598350796
842826017
504198236
974350177
929321931
78837864
491647979
221038138
591255311
899574385
857623089
18434538
140993517
1404890
537801863
822597985
336281885
203265970
681883912
840781570
507980640
616591245
512344163
399351641
582099894
935352314
853484190
691893419
686538686
540019738
284715601
477871489
808873084
407413733
762864911
214775213
831209357
953728313
176758810
736698471
16688195
303220704
330082471
807336709
398938614
462330181
294717130
845781176
924080403
600633914
723859811
733029553
894408773
383254933
710406773
435773420
185612839
882388315
66941733
422443218
96643790
638155042
837604260
547199205
357217159
694329611
363864034
955936339
710903144
432715472
487686504
915462313
296068314
823610596
500310154
875436751
333042957
114424255
81370403
724625404
364101367
113391526
266433643
109588951
233620698
849334453
212759920
177104899
798745509
292971289
208107143
885954788
511441335
110858872
199223027
42958097
393791822
97760241
37235283
346058949
909698387
41566266
320101751
428687200
129879135
752590026
521606975
981919170
949997360
329210390
583097173
224171834
691349143
245413424
844768937
707304368
708985520
16866439
788660848
727867411
581323016
48797730
413523975
90174429
208771638
431327170
55627158
666674709
65339336
903257558
87182144
113054420
957129047
899111246
469042996
848655238
531378572
270948652
724726319
842216952
869558777
386180693
397813027
36626665
236048090
269925413
815549435
692690140
87014237
122926882
434963616
570540024
986141927
205594693
974521861
911947659
845248654
162251008
726881529
909893401
551008415
312207605
302402345
655108921
950186092
319989937
554912434
575951560
981441517
457651464
809068778
434749960
722248940
235298699
805105274
441011098
187126353
385981489
312623871
367205738
193545545
836617190
808718735
906244301
305829742
898637816
461604563
227800495
464654885
357699806
391620368
833617597
31183217
536795582
715116424
376773555
820059131
617540205
455270532
334285111
713114245
616935409
276174475
41583080
943511164
44404925
755339322
468461865
70036160
195569056
720126389
35128294
800446822
259898325
757346851
879872515
778459620
680568689
113370389
771041812
402582205
560078686
574711762
271045858
301328168
777003114
330349309
712524374
138390148
394744689
296168793
404632399
588034533
483754748
397723929
458018671
607401573
595659756
617338765
559601524
507127005
493352464
114944761
387320211
702949042
834707148
917257127
769115185
434262269
191710533
673104976
954022117
725472292
890480543
877124849
718918159
56441452
333898559
13079143
97670108
300372346
790045829
741584145
124715771
146059947
60148371
251232473
46658079
866723113
835202823
347326910
476077510
625778475
505000854
482677522
695270609
866971124
295472683
137162081
253884228
6667
141501213
895796966
841676793
197559681
440540379
4361649
4570535
194985644
547449775
905111747
45151087
642657365
318569221
483260372
426261004
561047932
97553786
489027387
613714543
634234708
539468435
801811858
78301117
22002595
923327056
262277060
627870367
57528882
825649529
750467736
32338946
929095661
952852126
659693900
700903587
54313441
509600621
689537027
282428789
89735481
266253487
355888636
328686560
129994023
156170394
342949838
260498241
331908641
826191691
64707794
774944986
531943138
441195159
208353016
17152501
381470058
878116021
868598110
472452620
332190357
855391451
234750118
94022832
452421576
218892669
490190357
935633228
117345996
226485956
131052415
681626503
326376327
253498077
388931586
360444823
643400346
600532345
606848626
172764236
136060292
611113001
782227989
174811716
738585379
555818381
730924102
608761141
780729442
486545193
132299984
365837962
395349172
159513244
322639263
980599009
442025483
92618465
132693255
884908405
978997241
326925819
130174362
485451640
422241422
186957251
177633136
839374705
953198635
830642086
209542982
603653402
78719012
61871577
447619252
792642621
542484899
820592441
919429549
615585956
703169443
259552335
535670856
89460739
231312806
385547375
894975195
827714488
738718002
514764422
0
66557793
780880222
157798450
171696131
432276841
622792651
884030608
170370930
52460640
42750477
327171347
449924940
739890558
654797199
847281169
128161116
428972455
3812733
408493087
59865299
521049316
29333979
921084812
33782071
582476289
921520517
501337729
758177376
96864612
730194101
414692881
200347420
221022210
240304688
49959635
668280551
124729590
358630422
438582473
147937856
743972563
892317511
166575001
970915436
741485682
83597065
306117647
87108033
100432596
930496126
531560293
347986720
748216516
329205212
521129962
898640329
67115443
44560193
728720538
100132903
46550810
789183503
621843269
720726800
908884752
731698447
303979412
173313611
71927203
175341027
793681625
611574642
171837767
61428873
244134200
303634378
383405261
550266433
860023095
632392545
936424191
825666708
664317486
809783005
871666187
580340533
965156534
720235308
168601619
771101300
352460994
145323127
652459561
641609140
609109488
701830630
290146785
583705722
479932798
779940201
833690623
761419051
643790886
713841663
247197832
961434632
686556387
81476048
591237202
540552547
742692853
807857500
258603098
638024312
52111651
31160396
486687400
14812671
2627209
102270978
739922235
124138350
24417082
641635853
505426850
456389748
898176641
981859715
693971636
241111018
88568040
35765241
721183874
373090136
531162416
883966148
924130813
876580759
581293759
223758650
175318796
247913644
155789541
885271923
147871446
924636055
104276619
473496404
516130426
836983585
635262571
931288416
915035774
573783891
446838918
753760532
440565561
471236528
734166013
915518369
163699688
314856014
871561554
258444845
894014863
483256725
320852057
779471481
274935041
392949806
44746686
666122974
607166476
890870931
394313413
763235899
815038870
121353821
125842925
860550135
456384026
233194487
644137798
693854569
402505203
549953039
731368205
428368064
174245754
89057873
705836524
361578345
876915508
267203747
43199642
311302242
411372967
556451609
620378164
197080696
25863867
960345077
180960650
807605336
863123542
825709061
874544565
669767298
836838218
346885585
927839571
154036716
48488961
236926895
967394378
798714762
411844063
225128937
514142537
608495269
3644924
433923239
75739402
108786480
289945725
485133515
39323161
939651255
345711021
261492118
435307300
847527969
182732208
153251657
277845395
593331804
9953105
856516820
791689910
514760864
35647128
336290394
713663940
757979396
864567394
574852622
80897235
37296135
682781922
715361887
133588912
884344297
705037430
160883254
563716765
395400247
281082079
815992910
222880576
64264603
412037402
275716892
19009377
957623528
570211885
495949817
186943321
572373445
478829480
523223238
313965999
686887929
260762376
630694813
943460461
245623443
537622751
782526315
83858495
386942728
781215923
833977742
625958307
373852110
184051829
577183154
608325082
727195365
39135085
306796581
778842542
628052589
793694953
888269138
21817801
655101170
269463832
213366508
391910376
588226050
69033888
446705903
668690405
332817814
211551225
343793574
318587383
288861044
552078316
104418175
305231779
388471023
440566374
415630940
240639175
309458814
368628098
363583164
344622864
462577150
541452406
660451720
504574856
144136029
356160396
808058078
176825917
817266378
170729805
206098872
131855015
117099237
507245190
774299291
697953903
75812620
498275978
859216544
575868305
932565968
611756979
40873190
973469829
249914912
760564533
786046018
981717009
693787843
183036121
483655762
882093281
948058634
459253666
161489144
530556768
829998992
439090621
954654910
419181095
581228877
1441613
41859037
285954225
911750371
120723029
131910967
326489028
509252446
264705792
318844354
687286751
485722301
247706175
473295550
851400655
47833576
172496841
762706463
591724661
954054554
676885165
953581160
256465676
896607234
970394232
929493435
968107042
301078214
438551408
361646435
848145412
372180653
962571599
363737832
32237742
783572177
458984998
474380065
661797066
829635856
244265698
785708997
149385762
236471575
881583897
56123661
126575399
249093313
108387417
86898026
936548252
118092214
700496703
46720624
233575661
866775324
679491668
627915443
518988946
178947239
346974483
503050690
164626949
384464884
941775150
697044124
471878618
65854752
6954402
782810455
710033511
860397374
851144554
651979477
537677652
845299772
486522024
481959199
688275118
802320728
317546260
409722430
324700614
213043739
863880675
722739137
411781713
534580088
18076351
26016978
59175119
403649001
75174336
291297051
427204854
38879801
138762428
612924588
94182886
310774469
517369132
115329188
90587993
702285141
406142199
773200393
430845359
25726665
76541729
936424191
231842854
501183261
197633541
938901274
249755102
217852154
67601410
290839173
403116114
806727791
583962082
805105274
455303463
277050109
651615407
424625246
254421120
457281619
903502256
101919134
421214976
278265
183015714
868697612
870192833
69890098
334827160
362622858
7645687
875602543
685001048
767149842
754700957
554111746
695804020
222996449
139116732
351671568
985737331
414985880
483407556
844720996
623850954
738349627
495920213
226831471
810101683
663454416
112777527
500564911
178999254
418498644
973687806
912945534
381573103
526102048
68037711
148814491
252919629
343416824
654928960
776467674
456364394
805703562
409359964
275810657
140621790
687483567
330390975
52241877
19009377
648245762
128725627
248372607
22716134
300210156
449345151
72008689
438226602
422366995
332466223
560852851
581843078
254170955
623458184
928967413
255668272
329320771
789823895
330208145
407402461
705548078
984064202
901648006
409091565
787931026
276542834
890348652
396523799
108192719
90282543
364895548
312264662
190200547
287798005
391950093
840483052
921279349
833384535
105273798
322255718
441029099
639657380
901204180
395640884
446407132
676745387
153572493
430734014
582645776
719851173
57143482
113500861
863439067
967642249
35182344
505934942
200490846
105275439
639692771
560796204
586003912
787733229
726043110
597288891
302228502
809200434
980239356
896081885
296616328
728301477
311315828
268486708
462887111
160275368
285443711
731790698
216388200
521502964
313901282
227083192
405893496
829745139
474745375
677325300
125088059
391620368
760682226
147137642
555278616
488613532
494256463
522986451
814106651
826111125
319666176
713388944
906273620
657218157
735817156
556623898
89813121
269000655
618123181
848526984
202706014
765068315
535416863
375505392
183405055
703216196
675004216
307697798
294717130
512417456
376640536
112827280
255889225
55216072
937789683
8849245
278813652
295081475
76876240
330643551
698568937
921392578
680495793
196301133
796368145
314030166
620925533
854462236
568402348
895112920
623473658
328143550
31800506
758054760
275079988
546461938
817485160
259766582
135869418
736588283
649816500
940842707
705623120
293298225
407576324
394483764
89972250
200359997
845829856
156300377
100454416
442059878
860259640
555161901
94349476
555466442
496723214
620971885
21534028
496817580
328278545
435773420
314964148
457557982
201148428
804942259
2610752
200827322
648412162
2518917
814611966
201939714
575268222
171584029
11713870
270424221
682744194
462946171
592226642
107848605
277063967
227079978
821184572
823792294
223311945
403810560
831245766
525920449
442076184
396368332
821430632
768412775
964369646
462764214
615194229
704013367
27368588
520865473
489797495
130711915
353245488
887493643
566648695
907079629
108608404
781377574
95138336
572019212
375342270
99166155
582357382
580744636
694459113
851175474
555873148
161043531
916038063
413528090
422190554
135311073
630374882
99734577
561361225
834046610
692390086
674238163
152215124
534614603
288141748
745921297
557479667
519581628
480048090
733554452
182193863
475607739
651602549
926383267
116129507
294619568
928819153
950480256
141263245
774081618
811818523
52729397
849503251
489592041
132549679
984812273
759466842
351112879
964297913
459080336
671329901
494186329
472940476
204850683
485202323
296270182
172213049
828434813
273050367
875787415
877343382
399782581
188761548
431488927
435892877
352427684
74202792
917767086
188375235
536408542
354516502
799290299
973586648
53732756
430343560
174679492
460582531
219888246
458024019
96165780
230119003
374421375
659457616
755519896
406920595
131648559
432267745
200147715
609172390
196729589
879071417
468135123
297083842
431736400
265298097
300474102
535435011
275248583
136149554
853209171
287169053
918092410
660262610
32862695
685386704
517789244
935666368
438624254
157457107
970202831
461350024
893817484
932987116
468672334
844774685
100438465
961458679
373340230
144862624
416726762
254895180
