735637544
254082501
699597755
5752426
553222409
522953641
903043181
42022949
680064698
101783601
566612495
363854501
525699980
580653170
967939023
67952368
837732763
852335617
42006055
466250276
848241930
610074681
111038017
617440487
326431826
792487313
736495254
51188049
3575083
329870928
941853458
979280135
380574153
119914789
885672724
186991901
891073007
711512622
174807918
179912760
752770215
954021036
465321462
888551763
656735537
985744595
200171479
906420511
32183178
24037025
490794083
187482842
889077395
945119486
272386545
450528292
700877957
876715652
512030041
937990417
427646438
250695428
439733308
574133978
282878571
253274122
633753004
20314231
538050437
126791229
268229917
237911760
212916268
561851169
126997913
262006702
600066318
352627119
309701141
317848204
522919185
131474978
643364511
612532885
259684962
390387202
421081488
135831531
653166152
787699078
468128826
911722853
907615333
651271725
569155369
344833130
236144108
245063262
671856537
74168356
517320567
10547842
626903899
514704219
820858424
879324895
104804725
219888246
869122822
124199750
236368386
253666483
985605422
429732225
49694966
563330023
952430663
926715339
323948430
50862552
685913768
225707217
951638192
5956781
904504628
896099905
785900234
901148672
604477390
697254394
26583766
949920299
409100546
480090524
565872420
780744665
309084051
500503854
286404290
673747691
472560184
857258480
691554621
388640050
641628955
491427254
191637981
386794458
806657011
442319965
93720574
12799781
125411358
928739575
798259189
298852554
1441613
828570467
90039519
283798721
841510208
303826530
242009367
13517064
81165092
246629061
720345434
404925352
547897112
459638977
347150900
161251488
105392457
650449175
445759704
550819896
520865473
979898349
80819996
293936920
823503340
457814571
303069302
838299897
208306420
485647643
451770169
565296079
502759347
42462226
34786853
94161420
31033906
247918004
721437760
463955342
566349484
575317751
51618001
510687833
683182263
767421334
414081205
755468649
27130588
689863921
490192609
278512252
368780076
191081659
421916096
614437585
467790413
552884272
850191493
673835631
796056087
323971664
567662658
124600256
674352586
434521865
508349380
15426147
967584920
760242414
884413178
536917784
403245186
842109506
715022039
960178531
57896917
866664054
750682995
734606925
783287627
146923276
810634480
567254516
834850432
462275862
1100249
446690579
950796898
86439874
758054760
591033365
441342732
547126024
113034031
585832610
400148936
258706429
535962819
83055722
106248855
162495742
915935862
801146610
224077411
152841756
897180696
511836607
359226665
321497488
307736239
893120173
402480372
464503834
465272329
633946470
523088507
215124073
838473546
67480648
845779022
640058659
692232584
470969979
187927642
713509788
21787545
242791014
186696880
836595919
301375336
593822002
469361079
631802295
480843755
214159885
507483042
254646580
854570936
385717251
826903597
242962751
445745614
868753297
181372094
408411426
79655776
422262649
764875305
100363753
337154681
170593832
208716498
892549418
41260876
841478803
182451945
728332030
23564351
408404846
629495619
692113798
447148752
847265178
892863978
217196675
279614500
884599412
371933255
919014566
574328923
167166430
560163969
827889272
825148979
407908395
209366075
900774115
589777532
624612007
247484766
505062500
334627851
616591654
599817137
617270870
398330871
708300914
361924199
185361041
780890398
117033336
663490803
927283083
973702384
314783988
805023876
414270763
113319444
188276068
590005672
774443162
501354831
270656979
185058854
807592001
671785188
464796029
822508678
444856639
779724171
795208209
764514814
433087861
320786618
7215539
661916424
12158317
784107135
375350603
546279396
520770727
31405352
179325877
143381515
652210886
425560158
160883254
515487019
466293895
367576721
169938778
791149625
441766330
94090979
56882936
884246445
814883131
769327116
967420755
317238697
705740624
297387703
841641446
531083455
619419807
796662136
236706615
885491267
891820472
219837718
455512224
767669073
309391715
97880980
593289164
342255870
837763009
371375334
186247154
556904051
540156614
51569269
546398075
676272
671122025
20207514
226431272
163868656
673843992
931674356
158328541
682967523
656430565
312623871
505692565
894171920
957214697
77463090
398191335
918150419
565773964
189929446
729249951
229622754
508046379
649929034
485517128
772609880
464295512
737655515
200689316
108708520
757997780
503550418
812596980
872360445
456794424
162944895
683415223
532161717
951152487
686118360
963918099
333207253
258320607
312032035
133496791
810393620
905459837
612574308
637692023
307063247
802818394
712853770
103182812
667612896
91444040
964369646
638971745
149244236
380374332
680739721
933045680
797479116
904825645
148920877
643457223
856516820
741891747
765367652
785730310
644463977
66905112
779139272
411533460
454212169
520612300
491802192
437276638
415632933
169168232
248473706
282865873
174857172
19257031
217731556
155504684
540132743
950118128
512349353
361165291
423410446
752123791
761149509
334207553
336618780
680560260
582092923
344794440
970107901
198288311
693388155
971439175
711912599
18270313
911603610
655659013
275091077
683377920
104266232
579217844
744409672
26350556
164038176
728415687
278598187
566465179
955578402
598345531
349568110
970369477
664352206
510913568
708758846
3007590
713197134
944876757
194367231
7983633
464999744
733449023
558739849
336719243
338248551
386581333
581404695
47331526
569089927
891909410
229992036
548375786
282666796
677508295
397253939
967657119
729428815
232389725
754160532
348509430
716821222
522733037
529969656
451232021
812160835
113780055
386741840
252156591
19835931
433130765
896979732
639339986
288419204
245790756
241425218
67247047
763652893
781531144
225220612
235371545
227494063
175088649
789210887
698875861
759765043
376514944
182465587
590357984
962940596
346560362
886630781
690283737
365645067
758169514
835861773
900620833
334171454
200284744
552034057
359665438
217623780
172432417
851120906
7463323
320879179
483965388
671537892
813779019
76718890
538374318
131474978
879743739
418748348
425718900
57612028
445379076
360470968
484984593
190122650
167974059
665674655
439975539
137933972
769714358
677416003
119089471
731733095
314869649
731320531
878967466
949126811
339281402
49775435
708281754
133496791
319503672
174305711
265874898
795552239
675797689
519264030
46936439
484076592
52878556
273973167
665197111
302743803
437509615
58096065
878729247
198668691
568382691
484418932
489277173
823606579
450354395
228961162
439516480
3793481
712358320
945999816
958296363
294896258
963726803
273158701
255020320
745252038
644020013
951676557
579817471
288100076
670202941
523912936
510587724
209285174
501125956
289692421
435310359
476687605
760288686
652780359
151374518
569530923
845738662
267780237
429542979
640938561
786717155
585821002
66437273
201826239
615031387
540561428
862039449
7345627
560269577
299201634
107040477
159789215
658693745
89871704
72776874
111779080
836886649
796368145
460288273
910092532
484412895
79783741
828369828
304260858
193587956
810950580
597861290
521181491
499279564
974701941
857503220
861428429
926097570
197660691
655208858
734469416
799190147
971644584
252665812
300029243
140903134
763652893
260853334
826964816
776422065
91442092
914579530
304511437
46443270
318686932
549887800
88078382
725346379
344819601
190285068
226946591
504301790
680254643
78325774
417431934
730414483
99769243
755386601
237559571
817458145
953187206
586116138
523419530
489836455
568182582
528871886
869182873
45766522
851237354
410242791
111001752
739338087
457599589
327304801
846312886
782097467
705700641
383639358
409094758
685660587
588802972
716962083
606600045
836262736
849970913
695559323
171591146
750295404
960740322
427257652
311976663
246008120
121012104
815799211
506233640
425123652
841142007
243973365
24733661
515636367
285350485
808924042
87746631
316279957
13595393
712853770
356486238
236651813
813123201
575396189
696179388
390265462
420311473
804539116
391107667
103611382
102707200
937141983
969592390
537467012
772549288
945314114
83891997
305631723
414869670
186867861
477334246
507937404
179759685
207038783
697778173
663215682
768932054
341218031
849473479
886988448
307736239
385133525
958927340
764247747
655375768
480020418
191044569
295976985
30230263
569300969
791251792
540186654
438018226
235924149
444851722
497216101
424177210
98472092
589019881
404902792
514041599
385552127
650496025
81730038
465769935
850101363
767427230
66048419
397716048
873249981
306513112
598981241
167419977
721528868
103056904
67030032
903432488
439253510
543109315
76107597
886289257
735732847
581953510
250093256
318879866
161779937
845571656
626280821
832410708
291460090
501953717
345376740
105125381
977052331
161772031
305561843
820132413
375393933
893255756
341846902
99941732
356143663
366852834
20038012
700903587
77149492
786636403
947967145
737433638
835163056
518720966
397378779
244465706
515029206
47033870
525918287
748540323
409630007
289498331
943720677
470181901
476141037
370664660
111334621
71189514
580999952
245788887
847281169
315427912
6898716
109529974
298120240
175250299
468523016
587395104
284779372
359630834
721289820
864128641
23440103
457638772
522784611
367993252
810725887
939181156
880307836
128427707
145184413
907316780
127884708
68782753
822784579
204993956
638222304
946971216
60110905
113525669
642846658
454414020
281067459
62879223
325195221
70445173
674310297
535306230
155202825
700251628
382735409
23161440
837805608
704449289
85418573
489379032
245403436
958372520
559750006
746682301
129939606
246991260
12665806
401663285
922356835
105574532
99792992
589761996
647460453
527100924
367605965
376788216
361826603
263668109
897063048
848266040
287056999
500907401
445103078
785900234
454874252
487500595
62907466
836887555
745056196
634882990
42006023
7580825
524749035
202742480
663316590
71106808
549418865
542488462
238090813
700576798
928830367
260739469
72148571
488111214
643990820
593022508
605590528
540500505
704668085
593026600
575653273
578520440
543211542
564820533
31595921
377088539
781715811
513682879
570734387
165724552
711940965
804523069
289260650
407852679
879884517
534600009
373399933
960509943
263666602
791816011
409430628
89376199
870166294
468522241
387941493
953773731
154127616
434473759
646912334
672317577
968466771
146355400
135359254
834328569
232261804
956431570
437689122
781459904
849453173
12205579
304324196
837789025
486537280
771415811
677568669
825558607
984613868
931350048
774395366
307413200
221219950
672485396
14218756
45087525
29404761
630516766
872696036
229358339
450369944
392479175
138487102
256958361
820050301
799931941
772308544
781994037
215584160
550778276
316676519
363599706
262800729
120923791
379420043
751762227
420654625
431080247
77975074
656272008
62939393
227379869
302073569
884541232
121845080
179224834
462729980
379488654
442785547
818921443
767432716
288653637
888821560
432844453
674129803
493661720
12121801
307384464
362215004
251899474
235738189
447403864
236244182
602748037
544816876
810628944
735867564
831049364
99427588
342975871
603930161
619294575
912770226
240798741
422443218
877309308
162199365
591946194
821932067
538185864
593339111
134111816
865402364
136782497
510139324
607142297
681838303
32756581
147670700
55677543
207517089
900576672
780940909
558799994
361253648
426558956
538551654
551038622
720612659
222348584
356745503
104518448
39143576
810090312
550603571
38446103
806657011
172727089
571913941
933329327
384946890
439023100
479619567
588029347
113494378
646870063
721388443
436671585
549397673
411855704
195229834
83682607
236977483
827860227
648000576
282291579
686447287
451733347
70773428
636420349
217196675
244598301
276919933
926383267
450040283
206646980
329345887
567200325
490936492
896248853
222308007
83813639
460495692
810926140
933311186
218513291
102592178
439516480
603121478
480517241
614853489
307156370
879921606
699004085
640437743
264581439
413094176
642372941
272426186
190155804
907585827
370144182
839159992
516867979
510455411
158632436
646498989
595643120
40900410
325124664
387906542
378972289
911926219
838407388
553662388
929199340
855533746
695617725
209336884
397324597
170963447
272053910
741278539
463339279
445595919
960077693
296442312
512042337
109322157
884984759
396332950
644596991
477271410
174980984
970017527
421438464
472189579
874945334
841226997
894687817
635762112
224780646
513590669
227122717
549408301
291411389
385582438
725995132
264872297
781378751
700530303
231885877
834608825
779914473
633243419
666400184
724130763
30800635
837204689
673748579
482216678
722406089
696462392
810908133
638529550
488870437
427814967
975593696
240082070
986010022
737851074
92388548
3896568
388317311
503930498
690640578
373736642
136149554
342020318
924804344
379742308
39111818
178617883
505563812
350726466
212685336
299347117
546231618
202525511
519996556
513868009
245838416
127800853
916325663
944627969
786467741
486457556
833006162
568423666
598846569
884165399
982449967
805722171
868962362
579789929
160553062
145503350
70554220
58096065
728573296
63375096
494709296
573782934
630484482
710521880
446718618
646563714
766938699
739656890
531141518
508985219
43705661
208086617
52347295
160086309
576277651
649488455
825727550
985085215
721942539
978098582
221917913
371393110
717481979
512995555
967400042
99011749
641022331
420674786
644229545
115836726
477176665
143603028
562891962
121632368
803525999
67732991
72118574
975878496
20169618
792764784
946134300
564126084
965975145
175341027
207342861
373208417
578200942
163712330
244134200
595031381
163419461
432036839
979391735
559609934
14168127
637727362
783187950
198219900
531244940
348184773
117048507
265535931
601290319
843089240
752711254
163132426
553428402
920927427
626001089
436420840
466498040
558642982
28868053
535029890
214073851
901869797
361785790
550482472
973971277
805544315
527796726
438377838
694462127
243045064
440004858
86395368
824766117
465769935
874705240
596788190
319090958
210680649
585252318
263295886
936371145
382418388
425671156
832855319
772188961
314907390
212334220
690822333
949582733
684355898
415747938
375894261
891873715
874182314
224837865
942673062
131708174
235116115
105291016
179929491
330191334
891371584
447678564
826354745
854143455
23182923
653662989
505506387
177017155
710974281
537300294
978653550
190863129
178761291
387206275
415900380
378764035
550986140
403895931
742828932
267941891
523887482
533176105
861969371
709778871
780805468
743933903
397275853
712734401
175331678
595176054
874119933
23788402
966966441
218037750
760845273
343627926
466420968
781215923
74773221
157297842
387481981
517264967
637622844
72140152
24084864
245977964
648484389
122900329
826286897
97309737
801651480
683630089
801233861
368062028
968976046
191645013
379593083
412450494
105194354
774368455
468549285
531207866
720700500
104428830
501328769
194812404
968955058
972859045
48184628
100025948
169481097
816355429
844493671
815678917
459478364
865653611
60492727
827127515
922342025
482407033
595901588
71652581
115943248
217150165
613614849
254616904
523786023
952458833
541452406
422746737
781906860
440120874
295829508
351474791
647897474
730707018
117217538
618285592
976238833
586572158
660449697
1051312
974983302
24129545
349387289
930834209
268391681
619552083
416947449
968080958
20274724
116376949
871977093
37428880
838919282
923643016
840821929
337994468
3678843
646536546
644729081
654193561
93730120
615194229
476322754
289270479
380602827
94066506
745962884
816074735
108947575
42444992
201201594
541763555
779185649
299344397
53454217
319547644
401303028
869280980
756645173
835885143
191174714
456057519
135025433
875071330
176560476
219422147
864662835
837732763
556063842
108543025
170925398
107799551
191513657
124104562
618868076
814253564
886196886
712350090
451447840
156934540
848712704
265924685
932505247
336770323
138143549
936732308
27051449
738643335
443581912
3441701
541407144
767970038
248390248
788219105
228595922
633113459
784618317
241974945
435025928
405836347
343283836
549364743
219174973
449278261
232811889
745817643
730681551
639810285
167669938
985512586
918064343
786924388
124544830
949583452
830426092
827042999
801928265
726544176
90681370
574494278
905096346
555936960
348852562
229137627
87983762
550824511
380856650
578595837
113978215
40051803
347787561
595252701
637591359
159891803
67115443
775032274
625583281
619911167
659225153
154734838
334827160
735259541
911555039
105943040
176529992
835202823
540692179
875841708
135526753
852192899
233938089
248396738
153621339
650648057
266806954
716110625
72597791
622630631
91342270
240319231
471108803
701038102
955137566
505782031
834179375
182913531
483277949
734640849
312480828
952470744
181301227
306360196
799620165
135390441
109577453
70362377
691385628
946576500
150873238
196744824
305484571
527925206
833380560
667201284
597040260
106052144
575141688
592183357
946930119
756887878
495702373
735687271
774484327
472433777
486065346
254229354
647623836
658858976
615511900
784235016
873679203
418005492
137998012
930760431
6855857
360370614
202843175
677618551
248390265
60202000
53956736
128041924
308005988
95523700
647922074
110858872
896270882
754767082
950729264
711200735
716868044
250832928
188364224
33068204
147412025
647431008
908446518
647157592
265245770
155811483
674615886
551802939
871479325
43970087
854270447
62006215
863500401
668179941
743443274
71469477
189929446
920126961
132614924
558153961
306326814
848120739
891095010
211617349
148166445
517866318
920383464
785654358
973334335
339989609
227166957
195214779
659919933
403178469
381841336
194086227
916347653
398014496
586116138
644851839
124787086
804861542
191328837
383650094
886797099
17858553
240810628
218145937
318453929
828933543
801220815
78075192
819157235
274305127
716370732
40941386
727816821
457638772
226781477
285443711
910677848
764401402
491427254
924836498
395709756
552038925
936271047
962302950
291229206
604947919
917051683
803323059
375265671
252976390
174540576
51430892
758227812
769745146
581288953
462282955
572276154
383998001
492089646
39348680
837337597
127775673
54386757
383453899
270024307
942082005
497465153
814193089
438313630
496815632
864557271
402206956
262238180
599980607
388921500
489035810
509967852
750040914
23185468
382576010
510799965
247119812
341902776
886896003
788219105
787821560
969097662
316057115
95934178
613463726
600116220
526433043
356199012
306177055
606900927
317545874
60717904
240742218
590257066
6633973
693523905
271055057
375436907
415550333
909372475
838559107
54326923
512131112
517103412
920584274
501304949
937604545
299241568
77895867
766527696
967355218
732920709
778557945
746109090
515370028
579944606
624045575
258777052
509310206
217827514
749275170
23161440
894236001
961233542
674120832
56934821
687907051
844987657
819474232
527009852
886215837
39111818
439686588
687114401
223522556
302629847
759794436
931223036
46064135
162339051
584663297
763565327
834307217
578099855
587038760
32508345
38538488
327163585
434326715
718308500
670191605
55395557
755891860
431747500
854393201
689697633
721918380
764431400
380167839
561860077
10976529
587265229
314907390
689380045
606165834
508757809
130781945
760265938
472127171
633753004
467524019
970940549
660182681
758786471
542633418
767705990
250895401
24870583
346597226
102917742
376833245
222624979
674814992
188627768
663490803
52133329
513854879
706443773
660591570
35479929
577877626
637335323
405477986
884831593
765587338
688501700
506654427
647856388
506948707
644682500
882947740
115111957
220555183
37445253
678381348
717903741
779611277
451821329
599756444
776054477
584260142
606813492
338520036
910008959
165758298
967128860
714519887
351338494
160650498
139972155
206921807
279192520
547577270
88220178
226359582
677369472
127333940
499596208
845249178
950384618
552034925
840528555
359529287
90234398
729479907
161525925
81089445
207479470
976707493
613984755
384937300
738827661
983789900
979733970
458445247
639767710
885248319
732081716
250466295
859716290
6106330
611327864
434741281
225772007
920575540
321950828
662782041
373907675
586848923
574273053
518989961
392536331
556244609
726283189
435997413
311406365
59017444
414333773
36046685
820889444
11241271
452313632
831417114
295504833
42700203
929740797
275296653
773024225
150346023
729668811
873494524
593882844
398037369
598253137
526825761
858649030
296875915
765484500
659648358
593615142
103732138
597481624
376797674
978055388
888303268
352080637
832725130
619437298
963941961
521049316
804267557
587737926
765355617
433376613
817859228
559856142
377153738
505346621
888805408
456188080
305847057
148954598
590843780
298890297
269308875
598955234
836345155
844576990
326393004
356119744
98653890
542767202
817630502
783577838
932423287
274289239
491258741
716357377
719475440
356896806
471794
860667378
513579240
599953454
785981970
173484454
51822586
326808570
237569099
579747083
165001123
714866772
333596096
859513923
328781567
489933297
696192757
275321899
189209353
57231521
643934172
433374016
529955339
850082278
328796366
261022427
155561028
451447840
190798451
515489372
704531891
132202575
560517042
603598391
408662147
888713751
196620933
209910743
166347889
716130270
946860643
701584158
579951466
391613739
574713345
515648817
752154875
854225290
751665234
749557978
918090435
681433515
91512858
282109698
397658986
822114199
125387780
597887739
602676464
201322030
331145647
414974311
912354948
674560390
944698752
250794608
979032378
452399173
752687881
421127251
746613892
609850768
349304281
676720638
985836940
736688367
490264502
263682404
192086305
558764719
739370262
842429672
36323144
200874002
415261020
335306115
798896682
95144530
568764552
326192991
798258797
38719547
314674411
969402713
890031260
564264174
553352038
964982464
832422562
758764200
64577982
187462100
134267684
821084444
47356886
118791147
156227607
117374495
438662731
555389635
946322727
81440184
658221921
795289245
260522226
275663586
281919683
304333571
771802831
845813505
50013991
34251414
543723386
552107725
616666066
434148623
331744265
725628996
268835276
383490488
335293342
706269081
271517416
387436240
416136537
370038065
447563664
914381541
384485538
946113433
301355247
483130851
799108621
362558526
898283120
587389119
148732117
822136277
477784824
377690338
218126754
643262407
558818016
194172232
765027857
561460151
809460711
531704235
600243917
705038906
898255054
969238057
792764784
355702747
905595684
831769254
689273518
571647088
707375690
392011745
211784505
462491987
265577336
604957642
236635277
381152286
423357243
301332960
554960942
359835432
78872752
956532004
782628296
407573171
49768632
982322083
433294774
390835841
508936456
644603416
394616611
184687353
143221885
437067052
887181462
282260095
344174827
907920404
732681757
114205333
774259155
966671189
237655125
892085593
503556251
236139605
820141193
269865071
99992141
288243647
38338031
311552683
901254964
560657772
13333436
136408523
342758348
814650682
280063132
423042825
101875924
56236236
853021523
869252487
796480508
877946196
472935298
309274374
651615407
780998473
741577710
76334547
393678177
446157446
236155020
759735752
938869694
307736239
802401236
172492671
329896545
813037239
819604125
810093297
831679229
564820533
644119219
739653264
471277050
961698654
314688243
355434684
692248869
233335148
949792366
412377532
190860646
603662037
943398898
605768653
405983924
903698911
120160216
698510145
224144350
403282099
778515915
485211996
918258383
295823453
954512899
215144436
495428574
41254268
464727682
92986017
205957007
746524002
939681352
981074246
950962181
2585389
44078216
308480812
169198541
610400687
489630461
765355018
554590615
144068824
297128081
54020803
309685014
798916692
264727044
968995698
47452708
540560114
656605831
521055956
177802149
951505604
941130711
149110001
107645544
355935608
844354292
644959983
546854623
109577453
92231391
209046100
877836665
54847647
126748231
862149862
235584945
673124209
729148557
94234343
595931006
446215144
980759037
582156373
948373635
393036019
784199667
602726124
698710699
471756379
691818492
717257111
891431101
278586935
852082021
732898634
106537591
869117270
628461864
486439844
549317232
608763310
314367829
272801193
23440103
413853995
567697169
780934778
590860264
693420980
539366380
112411325
816902421
92753088
185204152
503312056
105125381
564969806
382731418
819715144
496159745
101458002
892495331
357577029
609506932
896378902
637624753
148210374
57066819
881244803
702445773
199925724
399723037
330337790
56466342
151850920
50919092
961458751
454880967
461465122
623593840
437490754
960669517
135831531
53845367
700925874
676486669
37520495
680152860
884960930
970857109
194626595
790712750
691976611
395009335
950168577
642972372
578766202
969133379
922917526
479475866
909786996
62383548
794537553
922356835
959301641
268702086
366426812
579066460
613867512
277133545
81518212
911320386
698370459
178255801
945781276
913061618
539107306
747577432
111019539
147336806
869938550
80679303
176691858
673699112
176578562
834598689
957872143
360869585
717271084
86289320
116810914
851165085
936741273
116291044
478248758
571520549
828358655
182003469
728588886
355233513
470529949
338837541
339352367
723018135
740025714
134269016
726560778
287984469
257153749
642754495
470276407
793613001
736833823
84383435
323860929
705423969
191733822
400663255
599900154
927909255
263750999
469253143
922113407
290447893
861242852
212968593
52580263
844493671
901755557
51740889
233479261
569607295
25346737
485001969
743210397
690670640
907386165
608266945
758909924
426878480
315232201
476603990
352323129
878811487
312612108
800109491
828351774
314807577
456139895
648429383
67745457
514914741
735830126
50287312
565457925
217541020
677521473
787320196
571159409
135028442
544888201
17342636
685462902
253063866
695167910
489885840
553914126
237796307
81080668
747321541
738328504
547068082
685891047
177132171
119949833
110087279
840019131
945465066
295135316
152548978
622339785
588103481
898283120
10861231
459758332
950517978
385000512
630505955
670829879
641380529
886770115
642698719
391613739
633349040
707209642
193494924
106537591
203664732
183769762
498661349
347986720
320736751
504361004
706107201
150006542
639100418
408097985
402632802
51352113
456997178
565129470
780911320
240934491
786636403
298996049
195798530
157393106
798714762
662117979
179896328
929736999
325056857
73878965
247196660
486537280
809554794
674573380
775529080
392647328
59683440
647588656
448534856
978322231
120041072
885489764
911356550
537668078
22932143
401995768
864339690
587737926
939585568
144975133
75205694
89179809
926986005
857620206
462271022
784859033
891344746
251941471
131417240
109201598
408583328
194375441
20760411
394899846
489015437
392988402
752629339
10837384
170320249
422738624
968080958
724893368
386292381
844774685
955970258
972006889
503594098
676135798
548178607
489752008
495773872
712526442
880764500
193627024
481857408
168885707
864143840
558305401
515930186
323469564
724300600
907658044
396378041
313963890
809533930
373545031
980522695
670631768
727692512
655162445
345885982
979915330
664370135
769695959
472224729
62530643
337672667
853840664
219742856
863474532
844193811
128388271
41393488
691703559
12675736
569891664
581843078
21298299
302584755
190578453
115456027
221600994
574728943
110096990
505779941
616092662
325832611
516318801
798633523
915886107
205168765
712912037
735076266
113213979
501117320
371048642
811686172
41511107
740151430
75669420
500136960
759715398
135831531
475137278
912971098
586225219
837575185
663991319
914285439
23753261
417938722
908509428
753357227
800012659
482054115
952597899
644958166
140564467
211077635
139499951
981618117
828340282
922135088
800897610
931421429
96931096
629495619
877337147
741715687
753364831
395941014
285540460
735349998
20768559
122221482
189448977
354722610
585532233
852265619
797330524
748173946
410283607
622584942
49868790
62405828
260847919
272557589
400897069
617344835
459980155
539319663
874109063
779465892
952680159
94669081
592746316
542632872
917328104
345151668
418999699
506990534
293779609
940842707
540262856
656605831
773791614
663021101
403457259
601525762
886874424
371085801
18126768
334548408
762284574
963227075
349233943
543049646
592788774
37850463
903781521
620928991
818844182
857018265
380927099
409956757
435025928
921227388
611737592
278417933
529456108
708447795
851136355
282357498
327453759
724532980
672815268
581381667
549181560
491035561
561460151
371695419
482723918
924321787
295826624
196862872
54358520
848077297
269627982
649463121
145574688
137998012
474750258
784855220
796523812
641504653
307188081
345903247
620883587
647014739
146988818
776731720
294851816
381275323
27512486
71970327
764532570
206663350
325433929
970687698
838363984
643969389
844842622
819827432
69491148
984010284
89432975
341067082
884030608
240023099
843305820
96251159
231502200
681644202
327270025
638217358
63885749
83592203
538801265
921390903
963744936
886025686
177689216
423299193
101870554
324480890
492669463
575408291
800533982
392984110
193870351
604736366
805920659
668289333
39085771
657713081
478557209
549080829
562932695
957129047
848766741
260646137
273802251
152264817
241294402
257524866
938674837
840369718
980410830
356555889
682883370
776404064
100959712
606737962
315721570
460623829
614045730
583489872
535873018
255613477
279563077
409330639
485649729
925856157
570932857
819989113
580575436
794258411
865555443
767193218
288921780
56457216
27854327
195569056
57504499
240513471
95505041
279428073
340979875
809174195
374740840
245708440
443658066
331878768
881583897
68288603
297862182
544470012
359578251
409100546
456242207
2074697
948920999
7945139
638248462
210628813
55395557
842659603
208494647
787716269
90405698
460649040
851144554
475684419
718308500
11123795
13800909
974610024
117033336
494350509
188408534
195133802
714752067
833539871
97027676
627357573
202217774
629612282
799847000
961170974
287014287
358922473
417570432
834759613
572635152
683486836
564545965
947928490
725029364
528831027
606158605
69971342
366604120
918501928
761590854
152854922
230307574
248125897
324143909
163640464
634119122
821689710
950154053
743215289
252811416
404563648
887712866
808856337
377804866
116438598
649317912
488091815
293200335
40381472
311531673
394377114
380541461
235580920
457233845
711356538
734060759
968080958
850988798
71763526
765467098
491062991
233194487
208688143
413533295
640303509
275933068
976914488
590185117
952000234
961604487
840567907
915935862
225000295
784089940
517841457
280942488
512410524
873282013
624243684
816107488
24663191
509395150
315039360
481253750
916337092
375892676
905615446
332281892
966845167
863233195
343616898
90853344
18762239
263668109
684345569
18455925
654039470
423943538
550627085
791172755
839602484
968853830
367728927
870226205
323100371
681433515
748817080
286291178
817480383
931547088
110752984
238362403
60374986
924694545
661062884
519263577
600710730
867433482
775705036
794729722
5142756
966197605
629110588
644533317
720521499
559918069
155311873
643544220
719968113
305647172
532615161
929225262
814613209
673288130
406392961
203147674
115828005
118713536
661525634
500375243
302822205
734606925
598126706
493787346
485729498
494406455
23852011
465199523
602120740
43653498
258056214
307452390
977202834
398184040
122181603
821099162
437056840
608188122
318594369
104247570
890989086
15242860
87207840
959587610
449461640
612833419
963080056
722258559
249186830
428847169
250011241
554290897
290962667
326104311
958686842
442319965
160967797
211517755
923237832
99977782
286267164
205957007
543783556
695934469
820435381
79590836
754473311
484254879
185431935
152526012
975179198
117606545
740584075
605862
369313197
94092474
829258279
47826437
47407943
298118999
718819490
681105374
529602846
164551222
490660923
955565540
55465610
740554396
527853786
677538873
508715034
967656869
634231898
712600475
712467705
224097568
775569515
5633282
9236941
14218642
600116220
796091287
792533142
159789215
170915670
675736281
412808534
890276554
931075910
296932295
950310412
436688469
945366023
355935608
185520953
66103192
879442678
54305287
199752444
511251579
591541927
428519322
26449783
897272355
827767137
89057873
724792148
360444743
17668840
824572441
643098867
368725201
239168520
832365126
257263982
61450592
696065727
776946829
95971050
907458067
86482920
219296575
816902421
667928614
205854357
57959654
758772652
780383868
153980379
440593209
876299314
566312053
857688630
451832679
69278366
156485815
605602673
879621521
109577453
411211492
363296641
174801691
738052189
665210503
920827668
170811716
545274672
614803448
169168232
699840466
261920297
565498739
762468395
575408291
446709949
188656929
451563319
187806968
933150049
340582629
954003299
294930997
444797956
459992190
329379558
408053588
601525762
401933009
377000594
251344018
284713490
133389813
188141447
77396384
658858976
246636118
869792966
812266137
422164726
865956968
207436468
897619061
732031442
870563898
652890342
385468486
259684962
84836219
772920923
591123872
683782951
394873521
605026281
364957871
255752130
611576639
405516313
243309388
275712863
75907658
334816492
39436467
544789534
359977047
33636664
285699872
532817219
17245554
688498766
476063299
192277192
902118285
970031822
146537189
188843606
39235804
628798874
480822731
900457025
849356026
659420007
546336143
122084589
859027119
705623120
691317986
453687261
920518061
77755663
706618128
736361873
687257437
392448499
377678443
687381949
562581503
631596421
703416728
178990877
136293759
361774782
391747499
248679664
764510667
201574392
101705559
510862279
435222763
51684327
68194941
915957027
420247960
134455504
349388501
176844594
757106943
165796458
408836450
442031049
461090498
54828236
680771471
597078886
495732184
903870085
353503127
268887764
107216454
427445886
543261832
14440151
227011344
191762301
902081076
666260439
813995063
89201986
470958458
66937298
183346885
798259189
612185576
455507339
408836450
815047393
390882154
811593581
285842444
199747017
438559789
210526845
756768186
147871446
115649479
42901209
73073880
834917562
36512742
106375389
287643996
114728855
925129092
120647848
397629346
417607704
200321808
471265632
464190392
251249020
780134887
770318592
410373887
846957051
905826829
148637931
334143272
383392780
673409739
394390668
19889667
40069675
420221746
349013108
569553565
388900830
760815016
942101119
509267052
893185665
106193799
397412594
529984256
865752436
383221789
88500145
24520605
54485538
147717399
757056878
658444994
332909790
592072739
822634569
846949713
488868645
35264248
268124248
683267046
64920358
953061553
11247554
511657217
486808401
508750621
190211393
406291648
217318736
526199569
2650821
644321034
70026473
231331359
149812123
102276954
528036328
336472462
113876938
265279814
786813577
909530999
687029715
176490927
779307958
339964705
83082907
972345822
510917229
442007290
653783037
833710192
104018904
546839575
865719978
963854203
590089092
576973222
977279238
523720272
627061415
358512044
439321670
71684359
311499680
172126987
569565431
528066015
32331
412365640
854263809
715351360
970060586
973253313
744199008
40970254
323242955
876228145
467341402
421564123
528126418
119188773
322733155
452859990
228980525
925008883
48773717
432776108
414404066
930510152
327362371
108608404
971795634
600146387
922246375
816058666
300613936
164840884
14325339
564920732
858433196
70241104
277569271
532070143
670979327
393647682
36584367
422443218
230864764
340904113
814318159
103999502
616590865
316386354
700208367
616640881
777256780
685676730
590213854
675386990
855380359
733999747
301889291
953905217
280596339
639481762
663999754
317573903
732225855
619567443
14820335
290506090
329464048
18028214
688673506
257399122
256572957
97074939
910223937
123879320
238200906
193926860
720497668
576914995
108455500
622737850
92390894
49118758
5813961
825771565
4054630
838446076
980816747
255623231
237361636
857410506
905184340
133220718
851041806
185248152
797829392
837863903
379199835
507133254
591504762
977080230
558074932
747249447
719664558
313963890
126624270
315896538
59935540
202742480
147343342
863856448
842924078
108999342
715653001
943315712
567209220
886874424
463269612
673009397
937825804
710278830
824958450
558867205
816590297
759078461
85355484
686673578
787324493
716278623
181919056
375939157
492303185
442720121
8533835
430306546
134036252
644825736
428187522
799263563
14978610
314039040
244158074
342563924
782141814
986002634
327990538
549036134
131913740
868366741
597059939
287078315
4250067
515749965
619232788
15667813
265485133
745461874
710863932
953728313
339935852
839848128
62865130
896735492
663283683
975794188
228929184
87708227
536601547
805532197
467217497
225446890
931226069
197354281
355553937
789499646
405607946
74037095
358583480
591584043
897040358
395169217
244633476
137129434
667784502
865503854
143445452
128340641
436593151
4771289
493260398
218892669
661082755
614902935
404502989
89785002
346268403
829488986
650666697
468980512
849035628
430133738
869823746
781417015
557969878
963448844
615120422
942585169
291567747
518339094
757434783
84347479
17245554
585677993
765467098
531196451
834273470
670297366
674555813
834917562
532101208
592253029
285588488
663561477
670958262
245298886
775034048
234196368
325502266
120775510
220999825
725346379
558542624
760611869
53682159
85235126
512688565
239906814
628932639
584401505
947428132
120471302
781919786
175050044
270609464
98718952
932603569
666967309
463510699
693745267
775092806
921072497
122294146
93533826
590341758
778851087
829320363
1843289
571171198
836885071
980218726
239710184
301391943
878440947
873669237
50574354
108435851
984815871
483239884
472560184
604546622
372663424
255762687
799438677
555139574
694606553
713004085
155315049
100103397
280414780
853118139
982975113
157206988
245077835
874705459
586080948
685340975
656954770
685891047
982816828
388149096
181783619
90628568
13679841
532055743
268039606
980110938
636679397
978872461
457881766
720969636
121458347
27059804
696002962
510799965
439788619
691323427
314215718
602093422
342821256
549610035
322158752
48935197
364948322
941660883
662091154
384253039
381155426
173934931
246433955
942033029
320879179
248088131
424873160
927235627
363641169
819095930
361785790
839933952
81254422
304475955
873696943
683021861
533554947
147592447
312708771
112042173
687286751
235833100
715285822
515161008
830100702
858073270
581182939
446000083
133249186
363442849
539340414
728918512
846952867
857290788
602120740
203012167
19851439
523611472
774338849
197370028
587837873
936764573
338875578
438857524
501024012
724271727
38544874
320101751
282823830
73970344
316775618
94750931
705137160
909867120
665881503
312241732
478591495
393662663
965103552
560016268
514857234
25460313
270820239
903797882
859521166
109513356
93454259
536115214
535189519
78375222
610542350
433852064
860949136
850827015
284494945
783233816
194933837
614172009
720430279
896018814
969623113
388498379
25361960
760815016
50998532
614471692
92556232
387329254
52111651
481753777
429467372
461200041
232759884
865342972
867669734
153180714
583906242
928343352
601335207
670370764
882219481
36470189
239481642
53002603
334998512
263714367
226051714
327715124
623222375
594722089
588206528
834835329
159744233
857312111
137726466
674493114
983110932
385691294
404333044
196273620
183769762
970234836
557720967
64989490
487396915
730621675
324214570
650717845
451563319
337162216
976664954
45337669
919881956
941636811
78583591
774705879
943106098
895174158
116581646
719849763
508447686
953568322
148729102
310222085
568393733
494360234
315219733
641296822
230773162
788001761
318453929
965885574
957463817
483701339
207744942
34030927
51866912
842843035
783711509
471031757
692098207
122632268
316067546
244256898
182899398
933929425
386073544
846977506
1698347
353165855
343159578
593703718
859749285
361237661
865130783
232116009
118784529
721607942
359438049
479791695
534495341
178255274
248569565
738354476
89340472
876019510
163681564
658558757
510952548
83388816
434915691
195947103
462677574
312175995
85871720
372036120
569331162
323351071
39064521
788396790
179887421
870410155
7872678
838244463
284392063
495111505
735732847
202868265
624191829
660189221
351754628
801055854
646845397
279039328
780936082
556732995
91342270
294947045
700420001
292363704
586011635
851280082
332532619
830276177
744774015
389475594
549190705
266620146
294574896
355171119
888466616
104448407
953384996
454814820
251956210
208580509
571013794
826724920
816109210
122908858
722512450
570694530
663017548
971811107
775468001
385319244
853261135
275259999
968407869
939181156
307071146
542627393
377946159
416364555
505943992
567417857
218899113
696763812
60658275
42006150
977994208
647460453
921758483
10708578
472050886
725820883
327584537
760173105
886839782
418625596
139674637
345691758
788759340
703810039
948848985
807135088
152166376
732026276
48899947
699122033
911331964
370115427
859516775
443034543
46857143
115750757
375799312
190487120
268823491
124009500
704700642
791897229
799039890
975321048
385245387
276292174
780217708
28814022
885280016
303520693
585779425
75895334
433476879
865975932
554320890
158591700
512249332
568967579
73042513
560517042
904281879
118586832
364162521
343440171
739407396
882906686
665204002
910379695
282449024
5649515
78776466
681601479
204769123
367128657
555775665
461253394
805920659
74291235
309358568
870929272
758355889
472102810
458682305
631290754
70162613
554013349
743972211
867575581
367695248
586099900
459467366
507497350
347702658
826848846
194389480
101568151
766987830
480924646
788710876
669921235
444793610
763185821
524333353
357472754
658994233
818359952
133363030
54613129
612223233
640175896
576800516
833201617
878000938
573507987
399665077
656272008
780700518
171748907
980458892
96251159
543931732
973075605
127010329
879159592
856154125
510480752
333283999
41158392
573714648
516913255
39609356
929824455
352035948
80984891
966047810
733149358
931547088
377588963
778335994
387252244
571673194
731606458
153704449
954796955
621815566
285666112
49059037
203321879
230358282
618831248
357006571
61470868
516111254
456040842
814749735
1625839
295825068
525867319
42107839
103001892
454360515
181856575
877035301
842028926
126575399
94508921
431537320
254511639
776901070
99384734
359847333
797318863
715471431
977157201
435162513
216858902
857032957
854522601
918584407
178761291
968995698
648548872
61610670
567039842
883566040
455532982
262726102
571725755
798777591
944740317
286100699
239534745
510772173
445403266
45811795
294800758
470143196
703215764
915754669
845652221
789824951
447167028
423994745
635453444
786190530
618937241
739656890
820440318
229912885
953613304
768977566
207268942
300669851
179351779
89931672
567922682
736688367
969666157
234502721
666260439
223175181
299688784
732420536
442864507
179923867
86067491
1705907
191750565
270745639
607136450
577776414
687651786
57230955
840761326
791002896
427379063
805949769
742694821
402421947
700286237
266263851
365626140
779603454
350011839
393530863
444454480
622831529
29615937
173866065
2449861
18712762
517103412
328019933
657822408
524657600
323865426
41159083
498849734
345626486
449302778
223165227
163941618
92245976
70474009
392925324
225256827
574723990
589056275
379523528
416624136
577879281
640952133
721800647
734946284
919679865
67178182
382026017
364236745
883010871
269143911
71597328
239271734
359064712
355737759
579918769
374549406
154602539
800296047
51866912
175459693
391508668
600117337
105291016
399330056
231811878
62107657
868962657
399851033
119949833
127961214
408771421
735643597
6244039
364931941
417288335
646492975
696013712
449380962
665043041
119553110
169335899
56524077
236046111
288797410
953622364
141661648
370262617
250093256
64458514
513608851
820237047
517807558
694409108
267099735
811783474
182408355
971030719
186949359
182282158
569396205
813688869
357418055
707105314
843887112
707555797
690118923
317624620
377820266
581023046
489188378
404745837
569295472
838498500
760905236
642064400
784089940
359824827
818189204
706372023
655659013
555400189
449435556
978153992
297233826
537098732
767427230
918064343
630302379
656663283
299237786
964597294
61966966
91106076
548040555
968494533
42253963
571600824
80246840
325259278
239333614
929043617
673652475
806294009
182132887
389639344
943042799
62438355
98293804
42910896
340059378
916336179
658574311
913831885
968487530
454574734
312517314
558223375
771462148
721721274
303271439
446531111
846212087
494418686
255064548
781906860
789422472
460844727
497024724
685376950
561254815
156705780
687071302
903804331
930591980
414042251
545079137
256235177
185885407
879400464
435169278
267123022
119174983
761052051
791769650
41266519
509655388
853288924
642217025
715640053
649497040
97975808
526433043
769140800
962372690
941909320
526973794
876553747
654082992
572778096
547557792
911058399
232740730
270216113
238624322
357710928
350299373
209330211
485599155
710903144
159419509
474668953
111015431
738291402
704706827
498402737
817903185
244020532
390014638
543048716
864750560
140084680
74398205
493703191
502134942
804869109
188766738
3053401
868822297
718598559
876082622
924462920
750070373
940245378
217946284
205636901
841406567
868054459
656406233
959560754
627028897
502158452
687306886
181029858
694967917
317325707
239991112
874576335
438584946
264598656
856255241
893833928
862039449
324726395
920656046
654958151
469015811
733162427
330528636
600196408
130794022
167192290
664242066
391057073
47416196
936771184
151582371
743933903
353042514
941660883
633414485
775901784
585272459
732424487
200412429
203829660
550371849
714603097
8077543
87300109
851395398
22198015
423046350
747482966
868832371
260356059
261192992
323091339
8470900
485752075
294791015
300828596
487935283
458889016
720598652
558099029
957499132
540875777
322495718
566545119
794650049
918216946
596522557
353082304
706651660
102574167
299321364
858040952
486376779
147601955
120910901
874959095
209089929
145812286
758436173
475707321
502253480
403479228
865638653
665480971
707280578
32486404
163243824
790857411
853346534
930067840
254811271
278163436
826109875
567832362
611119860
25535010
493038195
976990364
382238515
750868940
34085213
363220073
847295561
871872628
949607922
977157201
434266548
79305584
933364263
192144088
75699296
325732132
217359334
797725888
517851304
637215059
416272002
912484405
884884491
495186440
774479000
577520046
670979327
292169031
903257558
142556390
757413930
735824243
749988389
542191496
459634066
192878855
347272441
105747176
224351183
764072226
7078822
19085074
635263412
524167053
829488986
971322742
526514824
636539180
185813323
288668955
252634706
120188997
865137367
979280135
968589190
7247206
231716761
954883252
793477504
846212087
437119625
975063567
905225766
530015989
70906477
470393801
698370459
750059062
760708884
626029287
258072125
147405280
612593523
324848699
439419410
88104400
973229824
77340244
141021281
460459896
924054732
168700814
543723386
648734138
876146492
303069302
270074932
213867860
514772065
339281402
863497637
341136134
631171546
267896333
181550125
122600702
254014545
661409551
733978544
246839108
962953
35765241
419736681
273235951
784152439
126229950
449345151
138328233
858946134
717697689
207121425
856831297
136447006
210617353
578590266
68515155
96102911
980142299
904680622
124715771
74445627
600420443
888910810
531535182
662910810
667876875
466064800
735643597
512596343
249824520
163753542
874212836
714166915
263601731
599796346
605905063
943336276
200256631
976363174
472433777
711454416
912229408
32985362
925720319
626550882
624681876
395831280
506011220
206425640
425784451
562104788
871001116
603963841
947504186
647842001
103442992
954668026
515096217
157024828
926420806
628021088
640750108
159391667
781069192
217380803
723607402
556036660
760023945
859626294
188605862
962625218
98017497
205916515
429112978
359630834
296898085
190487120
703075889
113896884
283436602
852636440
622462097
425713754
80802641
602088837
152404056
160392921
373429008
780025595
412913200
85691834
369156437
12441926
320743172
128996110
531252235
821025790
289315394
440021564
667615608
371913843
487635616
942442658
757798472
786005526
641342186
738886737
224658836
160518712
886636075
753469505
575303911
121479985
132321343
586026632
509506783
512298162
129570300
312126849
487692285
982052147
439669035
821682374
575109838
14921647
531203090
776777517
290851106
445812423
475183604
729980612
329282266
697254394
666403691
419525387
338089819
44213910
734999966
329477213
150006243
116439487
921394830
634117566
395793986
933806876
238649151
976854859
736618354
727657451
70503445
163158064
8307053
16729978
29612909
486441508
25650354
488678480
858249275
6080308
399391026
757490548
101461795
642616185
950055122
174807776
933161043
328441762
297426174
426877834
393607956
546519009
608270813
222408432
176002025
740809205
889159987
414332784
331569909
598922929
493340752
825148979
610427049
405109263
820992662
802133843
985372147
805089726
457139002
724439909
590803162
675614251
500431013
739598782
319238091
850667506
523808719
456999932
881916234
726521884
713970208
422393663
821080770
502036912
338127308
239719340
745858710
438305968
509150021
791172755
461828713
418039693
357331890
735927888
644482775
454667639
591182582
546449378
499017507
864403951
472060067
21903550
877123986
80070308
804869109
941705780
434687896
12799781
509432540
243661283
465518714
866967508
768443202
185249230
90228658
946976599
236214092
493761213
550614499
442059481
134267684
527505015
512473713
662878241
540301699
221696673
816366655
143096839
534297947
235371545
170815265
476545837
776575906
967461834
866638744
737239833
821689710
119989555
302429243
93487728
802894119
701871107
207732189
851091211
298340612
170128384
54880923
49605208
778630752
78606366
140758284
447880426
641236955
573651784
353157726
838086481
860356441
536506416
633297382
781297130
694814179
627475965
478407547
317194656
669703268
706238742
783838082
360180571
598160141
930721118
253936967
423719936
908549471
850128215
221518715
45997895
599217278
523410322
909901441
859378905
450452000
750531337
371053302
712467705
480090524
294619568
492413909
195965567
243879451
529473374
509404967
332096641
22393741
895032947
929638317
722453794
260662085
913274697
854226384
6421265
875846162
6850980
442841215
812429468
615639425
607323182
148836698
851150092
400144245
599953454
16584176
317643192
490405682
197635828
634912335
952962576
476619821
107625294
616315345
756692276
541663924
175979192
313702321
247451398
416906574
245768223
934290077
543168896
592466055
691385628
421308567
550341866
126008156
934674087
578825182
112038512
557479667
245706036
139777516
931840525
875375541
264812228
265267950
502645306
399782581
906880110
886814627
985190532
536190944
449460878
490179669
553207331
183638402
419718044
910212460
282176172
513999550
529663091
481535080
104709729
659642738
694423962
320879179
683377920
952787007
446107869
55060527
5232599
249992918
755421076
315425453
477042899
713978766
394304500
630729766
295252204
165808811
245051112
343196485
211842888
705291486
427317850
440995273
634275494
878758235
584441901
64577982
79313182
287308290
552540661
613610266
857259110
662463466
437355164
56580361
102292935
620721655
713786272
886567493
214548814
499017507
31416646
16548667
23140497
545792924
131892957
148850154
241479172
745415064
721798407
285916480
316027247
713359280
840654157
508526951
436143311
604664603
234633340
112411325
400046169
590511503
212051365
861595906
630311696
34041533
975579630
238014846
444570446
49829390
72773733
848553241
827589695
846949713
332911395
788317808
985288756
3644924
675980617
487071147
208552291
611354146
961957399
841884806
969974453
490867973
92635210
867118504
917195824
254082501
203536447
482252791
321573643
44134513
453131838
139375873
709794640
799448480
307716906
181213175
96565302
932112412
563611041
838605831
287014287
371285184
354893735
224097568
740716242
850426509
838806444
127797362
52405339
260589975
230227195
868544993
820440318
329896545
164113146
92084351
489019458
728215828
921922511
386758922
153526958
838025851
533007965
521117002
161201536
113092969
461576041
98367811
798167185
113789000
796177871
474446080
547252883
583104786
81487181
775383804
656502982
353702380
409337909
60914694
335665592
764213382
833955939
922308716
55433008
631396740
750942616
183075989
127669279
808506109
699480343
981539222
904803409
274278792
720463848
250985434
783288003
663370109
960509943
512588114
431039070
431264583
950045141
683657765
131301249
410342472
322818050
747025972
763579519
615243404
596411324
333287640
826805783
508199203
837651840
222996449
978931496
242288786
626693939
200777305
221387986
41791904
717590500
479932798
846449950
303922112
391673288
495313511
801436630
205675536
485575437
569362693
35
853262031
607891933
30467722
298832885
485260759
41785001
598350796
172000110
467254558
436461759
275507866
841416619
558229774
667997964
99104043
320110274
715228295
551858099
287173650
527990231
196509897
662502323
512101305
451447840
3902709
461613981
476668662
188489489
390241056
483214189
623910823
719959656
436417262
390026806
828400037
771540507
204776046
93193038
714189276
503412166
240569695
144706217
693556868
535575705
229434536
745415064
286361842
613046739
889860866
235933858
545194125
248243610
162654141
673803626
556297187
207662812
173599649
75988672
818746330
249945829
835734411
284064291
656998132
796070630
228135614
983266331
803643471
534781929
480358602
351860714
242099554
60628360
167613793
507666735
967888166
369708319
660423596
332248567
940057844
674169625
747271097
6990201
768502694
962597840
615700279
829156911
269886422
305202910
255663052
976707493
446939446
818359952
909867120
163216174
68782639
149416591
502320711
587945978
780744665
588348795
512565140
404764686
693664011
92284040
795104716
468961152
10671416
472163784
807527864
950121213
343452996
859513923
805851709
468294757
765542010
657168998
630681914
312814836
315518809
315677848
174763984
128663221
696020211
870776490
183857240
76763948
136343688
282083589
537809346
753565004
670957502
952269996
440540379
435247787
731799698
742417319
123191978
205185094
458553288
470299717
595963407
567005255
550562993
147782961
42545747
217002307
671937556
641469811
8944668
350727081
727585497
677109457
388535241
536744126
981133642
722647799
261481946
703322598
222255627
533499531
940852039
867503030
254628902
492306203
749701551
780746297
830426092
98217394
541080429
307736239
952931658
707650999
158924332
324011066
576269743
626903899
333806533
784550050
371662663
931869299
681846906
160884983
259657856
893586320
841196538
455448471
154336338
660541074
129620935
208009321
554084160
233822694
959555604
686099485
121785144
388934960
474351616
630945017
934349609
716422648
745416712
401467122
268981659
531877274
491427254
649985386
642556400
654800437
943391543
18304730
262795837
915232341
650706566
164333881
584094724
939502207
242853050
287256946
380257058
16356831
604716595
307683047
481729078
950272182
148389323
130595224
250665804
852287785
676180793
917051683
946234597
625624696
692821511
12431551
886779067
962897756
949511080
336119969
676232294
687371157
128229868
349034627
730746610
420171678
264118620
891654380
728454094
269467020
626158954
825666708
868544123
750277118
311786189
332576750
918550599
687601830
16609864
612779281
68782639
364613315
593173030
795608776
473077211
706015829
1363610
221071161
817618157
107752193
888986254
979018459
976082970
566996075
408446015
699980452
77272334
501190173
391057073
753100802
413853995
82630980
418961021
816890445
696179388
464203606
153193009
193161086
502390404
209400116
95538345
101763236
414750969
537464295
927283083
49064643
273359085
94264235
125369494
437202430
725628996
92479173
398349988
527837352
168660158
747293481
858229401
373522980
91116062
78476720
106327154
679421994
440353680
455439663
134928682
885421185
423994626
571911158
1902822
423642486
873580312
363220377
799014715
175082984
977922878
692930289
143297637
577817931
288045552
78507821
694484903
486065346
54705745
223195000
337432609
564388933
192194868
393586627
655179871
391645083
468294407
479961745
236427541
783721581
221518715
244605546
661522254
35341494
840802866
301994605
846601031
517349757
30375976
921074553
122480590
945259122
674236703
325433929
915719899
567700847
612662913
486216993
215019230
31502368
318902846
689990482
294947045
417156137
19478237
116153584
790075053
438531753
732106276
509305333
145630799
795689674
462067434
336033298
209962910
837148999
332643150
596156751
455497458
679643770
217346713
271326958
329697357
233620698
91007706
923632020
359379247
494044488
393034868
208348306
694033320
797580981
160139230
238381141
120465599
364141236
899900448
392875500
536552070
919560411
82161741
725890417
48165823
734812720
255437030
909811640
538204953
206437453
169076796
71489303
807552621
229362853
16505386
738734018
790827553
578488731
725979345
355737759
144230163
917015419
565839498
713519106
399272130
856877535
103885091
226828730
663341600
797420631
600799448
590357984
81252305
70085077
962865627
119563163
61691318
56466036
268295927
875602006
857736692
355861768
613941862
307762962
955891277
335446338
613121995
673436419
747545155
161596688
114264876
538144388
947756901
57959480
982414739
829325610
51350740
547926880
662236572
857619812
798111868
587432393
730958096
975742254
288998118
101878872
129570300
206438027
941766514
463523166
655743197
270368101
660185346
416990102
16363252
449586837
964297964
777665086
927147441
59526020
725455094
911796057
818760059
55669923
339015786
339118131
414806301
41590827
498699225
376878802
697300675
797829392
49094604
420437852
934686016
366930870
249352754
168058327
389787601
605717905
772541375
234699914
390355616
268798215
239043228
824739507
466441576
923871293
933900749
877402526
104470355
715119128
576246350
417705004
238772864
767165294
192985218
296779361
88608245
836100271
307636254
335788813
371694650
469727334
470919987
296437753
581917968
418215213
618458159
114119605
915669431
665711139
307055966
309787968
144121610
743353233
112795949
860819871
175260824
780297101
453371654
216112309
857396827
626129865
876448172
224974423
38041561
87501532
773074536
947315029
65081182
640558378
931541274
720747108
456210897
811244029
299914588
765642454
138182860
706950881
360215194
620364862
160325956
68284293
601701141
301096359
686183778
719655049
785593308
621137283
406387731
293544252
305933388
93578812
745099734
796493487
109666659
518264177
771782105
392984110
677120095
132837123
840919621
90228658
429434164
810393620
979387259
948960048
817256998
781881183
774601068
611001033
382407103
60202000
521181491
753039405
966529141
958780488
837697975
197668913
9339488
106187323
695995429
738845744
954232368
405026315
574061213
794225635
426140300
97251492
354034509
809207423
187207538
897573067
293458805
96231174
23440929
258168438
466588072
441592628
81203781
344725506
489189539
465589146
470249309
38060324
574952771
93097512
135079787
952458833
582413092
488057706
948039858
165655833
515888265
111141909
957180277
79887957
286602852
885256888
925688243
260486485
813267621
891124213
121103817
6520540
780704302
3707454
735586236
638271592
305567900
968538123
691737168
206807331
111127528
931598910
10821950
765833219
598728481
878422703
54831530
360928965
769989232
370770494
268881104
153056652
592104557
924267785
677982093
714453207
516295071
981506058
289315200
777253314
797736129
136264989
951455000
67119026
557207326
196524843
515576881
200708006
874803438
557233717
419346541
25355021
63885749
574675476
243817469
518432165
636285255
356458290
984365281
806266665
195576365
831464591
125250977
528418784
813720621
526502105
708823809
273067392
471058038
42142217
234226130
227548281
508364890
162720600
914710706
87666585
915375594
587163067
708089524
541381802
874611915
154232652
977383500
750886267
207496414
976943359
516703244
511763655
384665794
696958545
100837788
902243638
763682564
652459561
153180714
234660229
789619941
922804894
811973107
831275745
401187703
409626295
433991190
437679600
160749144
840371269
918733963
46172774
550085188
257108208
544906738
347315453
109736341
769047529
553352738
594846110
840821929
712842754
188141447
425042118
188346080
543375370
518441511
800027073
561391144
568214522
133239302
427723624
583174793
209218120
657357202
939674484
168627817
233461966
931360077
681102469
636224042
821430632
822616669
546784776
573507987
711512622
442901026
64503703
125896132
859340799
633736689
632904280
318399241
825097611
458266656
126663778
89633377
268427148
108129914
900809515
658444994
773080487
521612610
319238091
600060107
794521432
614509189
349662924
982914918
90425828
746465432
481150776
471050162
174239552
179754636
506354798
621342299
467420057
346689699
764553186
384135739
945621615
200639540
141746265
359075661
318610691
457033996
80122724
723336395
254121391
126515499
229591128
235933858
392058903
723170284
293440940
671853875
837536710
321497488
195334188
178524887
182485456
210507624
314129091
773956002
384913136
416957477
655660135
561851169
174128406
584420010
218765681
541850814
750432466
207840993
243013151
663371661
408732450
681733325
149037395
804603555
724047718
650687272
568590081
888523466
210178801
288698070
693538660
281008069
277951379
34804749
113997690
888167468
601674342
149460240
191968440
936388579
153350558
143145490
320427763
176949964
127676458
639932496
590903615
893853984
357647435
161808642
769745146
917289119
865828042
888243975
604957642
591237202
331406087
61691318
137821058
245471036
18712762
647449504
155265012
484518669
335788813
323242955
960469305
896578859
345691758
734653740
76199115
629647037
984399963
513903244
240023099
203793026
961174374
528066015
839299875
464227777
179229830
769900672
35690337
270404092
490067621
143912260
801411739
139578811
278434123
113999559
562395417
359179242
410574538
158035523
842294222
790305091
383802404
918752221
447172956
664865315
446266728
49153758
883499868
776652779
708389478
70703188
55328080
99622792
493387582
481261759
899730049
910376729
942134508
933952102
220706390
14906339
896579603
670683442
681659045
887620796
35680463
468467069
168307057
716370732
155561028
411105585
825087406
555883542
641876514
39910601
984572893
50853253
680054555
327859085
206303704
969456061
73907711
715229124
901869797
114201217
815008885
200006362
650607596
980984471
921916203
810908133
656355083
96588180
146277283
979444828
846578658
322579722
940156844
243308025
273131682
256311511
888722702
137822262
766486847
565629349
848989278
770292937
690719470
83512136
149402756
982483946
545382085
396708063
963215832
415978976
21592627
715752063
293689170
80983825
18415146
193178370
443438953
802962347
66802729
244725247
512868269
182461756
936471527
636334513
509592011
172283141
450850654
691698683
122657611
649816500
970103891
215023407
895521556
667824638
570843017
913369844
836065989
262952080
164611944
805175644
288598098
382277818
554150052
507127005
168362787
620502374
484742204
388009704
653736199
418276085
222360950
984222323
9236941
288171516
551360363
548317184
562938136
260583817
167116735
273098199
249214444
393511638
108456440
923926272
378280790
231550238
236706615
837732763
168375862
862943227
218813921
729577477
897205764
427952122
96712051
842356856
800929976
43200120
714166915
303095532
732530322
391612081
185266946
172486096
421788625
9130554
478794756
769068066
431545723
297726478
108010583
694495863
859299993
462888545
153945281
554584759
471809100
443935328
18076351
436805006
473370454
706170333
746278587
204088905
955025543
738357646
379194802
629093915
713978766
441372405
939008925
659655757
737173327
981129498
896876938
170415770
307883175
448493538
891212979
433027426
628626374
42022949
773678499
80595648
631523942
728357640
264251366
14033267
684977113
507347157
302909849
386483724
120546273
217232596
590213854
777695152
293085107
224611330
392206263
319017330
548925170
881493103
40032355
360470968
303643278
920438434
589425379
274748883
243024123
343061156
416020408
413850104
531171539
958100032
770154704
616324109
226585009
916810985
119152281
515545693
449053809
266682176
293775014
919808991
507557522
388269258
837651840
841745159
663178352
763946582
250940680
614810444
498243583
880714537
722606226
932427277
907538658
516676243
896735492
695833108
115338043
440883610
508674412
955836263
2449097
705102170
587071612
589191534
443585424
600066318
974422470
509261053
508518680
862225657
237019654
968487530
149358169
533269836
813077314
848655238
528208814
429174830
316309607
732681757
841850609
945140069
657758735
906335352
409350439
436748526
562703591
123400955
804539116
123876848
725606741
565242029
63572355
781619300
436288279
282082765
307135322
402942779
806194957
507515494
251126609
865481429
129649027
28540053
75747490
613997510
533253837
709407427
550479646
503095864
513621051
313665205
735029742
445045514
872208152
921198059
320369707
738141271
90717203
673688943
886995636
951183942
330933379
516693787
474485687
530005075
27772063
506943587
975420804
791951273
331157266
647922074
164619162
844987657
69214251
208966462
629209725
765316781
740046239
555918050
561132577
984005614
216951336
30136419
977725243
796566276
633484158
98073684
851718427
240810628
549683475
134332653
843362090
22943051
591267038
766714307
372646663
67952368
201859998
280826936
83600087
400017835
362470821
901354376
293607932
813720621
853964675
352327088
169943167
888886094
718694569
230598061
517839427
72852320
982407960
466064800
354875939
350520515
756978218
936986056
511360121
257368359
458957084
104949613
211884976
203396528
939200555
374093255
50301574
285361898
582048747
629852811
941971212
772783112
732530322
43674375
72874895
220174066
925451024
289799912
834765137
53703199
758219069
799967669
193262562
683395148
552789887
131875435
240798741
604842649
554439851
434340441
65614309
811977726
470972458
904415534
139558576
722719194
559754089
597016913
550551456
157955556
320879179
182547669
650038713
523105383
70085077
688817761
836998614
9329917
344861465
154793694
888173945
358491396
784425367
3291060
569106979
566996075
407908395
186949359
286926052
838800150
867119587
908657701
289786072
809115309
588860319
358857215
404355949
487421148
452590774
676043000
874102128
51553830
257341087
219101398
527904354
131877507
841850609
627242410
320582768
379742308
397837079
755657789
361202092
827028175
698692051
854491146
349607843
669894654
776422065
677660477
557315142
179037226
579642175
454822767
520131931
77419347
517621080
668743393
577384265
633870884
730018228
372440561
497843073
873237584
309957711
2048324
781881183
534731923
344545667
399483093
470507325
833309441
960841620
660830795
381942054
401187703
47504037
147479605
847649442
649368591
545697421
663130130
333746890
146052731
651718991
827857907
429680968
682333877
308184529
566852230
367224633
471524476
313771035
689029802
566196186
305951070
984613868
572778096
110598348
703111224
956218410
453984055
369455958
139787937
111909049
87025506
188888938
817510408
131227653
499870720
272053910
423732814
46983191
157161325
734072182
370950685
851260372
334933361
500887414
294899817
855752956
921826013
694839497
139159058
419954085
745126300
405153782
630132748
640807412
662278074
539348622
601611271
546871301
364687498
797678918
981640041
555937553
922356835
318059087
130854951
919714817
279420848
945940992
252369492
888910810
466951039
618575271
658348808
887663995
556099437
781723202
401611074
209026086
796476886
107153975
223949774
609797041
599646790
741793972
285202324
951869703
254790256
705092442
791792148
978242578
310271877
271577917
805406314
717818569
888645083
241987606
350520515
388351760
267747551
372132154
459699484
794884208
663473324
187927642
946336856
217002733
36532754
471527593
169786676
800514995
952104208
661018300
784918668
721156195
469339940
322320481
670262174
965029717
677908902
451722936
197450474
578326223
719869834
268702086
191436812
129443176
955022359
224777244
224090006
867265327
735661624
718191209
68956440
779558671
654229179
709936455
685989398
298450132
611771269
732596512
112401087
180013684
490279566
895069251
857211807
916439393
680058712
117986966
260023700
806124105
570734387
732364005
32018973
175430050
255306940
350534925
646325434
970310278
359434228
657498994
164619162
4901509
660476067
358185572
551360363
195604218
435098450
885396656
264097983
289608402
759674167
118013134
805064419
544016121
768304701
135406344
156987207
926044259
510821944
572635152
240347786
467553571
738291182
519582979
841723170
405527271
563111393
45494949
113675586
732424487
107645544
558014467
578201090
414690208
446053354
807062057
342255791
331429953
540560114
252828569
655856221
268163417
340351837
471311218
890157735
22502742
423645782
256530420
540937910
396245351
907022178
917292919
677105086
55338246
798970197
451611370
603553007
903797882
190332450
152264817
430351156
327041783
60822986
865983332
974980260
612328850
221926944
9775792
297516397
512298162
633349040
619624850
177598280
564062027
125918715
188040884
663848583
865708859
864230836
964475106
735714185
612625021
424069637
62853672
926748967
910948365
45756483
87596524
434990184
859416330
636709126
317325707
657572161
35863112
382026017
6369105
575278192
278632688
505079340
173415383
9344052
340958170
979240780
235597238
76004051
970731976
149925076
770162808
332106845
581130379
195074169
965716791
855821798
232444112
519564972
128892189
897424616
909568130
680771061
648028583
510521076
770748781
477386465
120040647
606299204
692098207
250251073
97821772
586337004
491242747
380211318
645484973
19395311
116864341
85774933
94393634
667612896
508427863
932064245
808638745
58782677
971069268
645222482
708837585
870017274
301021567
571712694
879501874
340916529
664042090
677764298
462341570
637668327
20104493
237633525
529041564
655953162
412166382
820670650
757622030
886289257
879773871
66746867
488656842
194293003
876146492
325124664
854733742
584035122
602737965
640362358
179328915
679494112
872926605
174026441
274191063
76368411
264329495
392494957
731265468
626090997
259189009
71375952
483932448
687062394
880671954
263714367
698781352
531789841
529181570
448444616
963239223
873669237
551270958
922927317
570962224
51
757393843
398015745
965278181
129960698
926380993
526533698
618547337
663391014
728873226
754333174
60837747
148729102
377750515
323130999
475130114
724991015
854411190
963882484
176794152
894630615
353771966
245107852
62172009
58844478
935144214
851062557
484365262
695834814
196619421
918473727
536652580
341320310
881441465
333296475
830765749
221022210
601648719
343050005
722667270
334013837
612351048
351809094
193587956
375428793
332681714
526592862
196672500
632713160
839225347
484922053
974108944
956268138
654473957
869414562
408648169
468810826
440270282
238455742
150905119
854184970
954441956
69202557
8335491
418625596
970577386
319991894
779485628
124628788
378550676
499736794
800745712
719036019
124451207
779990562
680182739
591211769
726920737
514257511
980331434
939272667
641861460
175233302
481560610
863254175
508364890
779841275
892748872
306504685
891856429
573532265
720667933
107025628
432242115
819806818
333351298
736912067
281360633
972719871
509669028
91091937
518434591
925771705
149441482
738674341
24168610
69025404
660063066
83667522
171267130
576437584
245938567
181568451
59264367
478688755
485202323
216066495
886859545
970369477
730237770
4186510
230358282
319450265
655660135
314807577
822269170
447858817
889339993
912293933
560586688
20768559
207117799
352068577
48175881
861789184
524503552
944921952
917398066
651713353
169142485
985264320
437959998
2075560
586915455
165962325
91096377
384485538
926257940
270385977
720050283
526469847
724411901
562538346
176289750
186850845
446712544
326036932
301065623
559701220
439946058
220188308
307133174
79077056
337540726
660827077
819304859
567836262
775424391
554912434
235029053
83081599
856472970
445868914
534297947
811061385
713043080
844977647
102348773
622407781
792719743
775280433
575751163
60717904
47307645
136337293
602642428
527923746
697195136
75786992
367064294
327859085
763613773
130229222
214223707
278813652
95471370
138671322
932925474
281200030
746246548
765837406
931865462
826111125
690227424
66637039
454495727
177477849
407580657
835889209
30987649
160232456
724726319
406941156
866213907
706781767
652985906
98017497
429729917
480105266
181098900
848629477
731872973
839892832
221977518
587511465
289756937
766502422
750082973
800770675
42571490
892947909
306190278
235944377
915573102
88509599
247356661
605467223
414124534
485189745
888551763
445855555
816502678
728692236
496367276
442972646
961660235
435310385
921856888
347602791
638304592
321696056
93516562
835546989
704700642
479039150
312225495
634210777
979118137
738639090
77484071
660919950
94349476
335215332
492544526
212850132
40999540
451634732
839231953
775317223
342450756
881518807
540132743
922707307
541231542
469391047
747325623
62547650
167065165
125657590
106541750
276473130
379570758
527604694
294540594
884884491
211697084
831012570
61384985
846437293
444075333
748384569
466651755
547605236
201928851
379420043
334285111
502694785
884249778
956551994
369135529
899991159
271283399
811659755
447161038
197419297
595082417
349161913
521031311
222857638
924802785
921781900
527608872
90397122
431747500
922246375
434406743
24451365
452583382
441889212
78723440
164058289
902381502
783721581
788588637
30946546
245183176
572649398
542296936
174215284
597029101
579909501
186133211
959228569
631520688
223115539
757312631
602397374
895857602
221170064
613317157
246746454
172457987
423850891
68185201
243256386
886386543
541714187
560753721
848244701
486374384
202586413
592818926
938773289
444901470
512473713
412464549
662032854
20169618
599838674
488700327
647922074
616981026
519354905
47348196
622475961
696352162
594846110
749515078
959084372
518547523
499191241
679810916
495744451
218867603
936681110
638217358
491427254
57900804
721124486
900840173
741485682
356737279
236274689
586324142
652995063
918034684
191936621
11810176
668280551
561088127
485505348
920817053
374436774
756715348
157791494
383050763
347686237
832870978
658487836
515370028
686585804
117459684
243660798
646144682
612215172
420174188
282449024
263882405
600396457
630522605
479247089
814521815
277454940
249566011
92370824
306796581
938011701
776408424
451299494
867796311
287485939
100196047
483817590
928643936
169705097
576914995
111026029
462540613
187159238
290938566
10821010
453161627
832902992
241132516
8639783
505011796
339261309
901932715
565097016
113494378
881869404
883291807
933280792
636795963
182193863
390207914
652976212
744117916
499037767
922194591
807233088
56899405
802590954
723316205
75414355
15267378
482252791
264074735
852892595
513089747
389284253
687105298
330806049
307622937
304511352
905306157
791670618
186482387
408836450
534611655
982065834
43101252
786866627
560492218
591434984
398073991
287230741
781772043
768982141
156884281
54847647
726592595
172390521
64288551
858376205
701889660
746189174
924410425
563469573
191936621
279013459
659457616
616092662
169709693
454555751
22968376
842072390
24829582
283094778
44939815
215353787
363583164
521648941
600554663
791566474
78325774
979193693
732767659
477922524
196012409
237735445
195798530
208677659
705293647
793613001
11052747
568033944
447105160
631645821
201757347
12625556
161011444
745461874
478921872
417669745
24617083
912484405
407908395
390419317
827411631
111659565
937036318
163931305
237319910
282681315
352964885
223101202
618937241
854720565
58900798
90939289
611486375
532872005
255636597
404760936
305567900
260485562
752422627
311894967
72172524
79109691
424877726
808441122
101328866
172718326
735557127
144808411
99830215
432674064
666488947
742586072
737036857
206809218
692387664
193067152
444301662
94599188
226496578
650007406
410260785
862650511
841613168
191352660
674642346
938603793
718664207
59775720
567484823
787338390
557493957
64711413
572529321
594511784
332739364
469992495
384069591
152634288
768884306
725425082
137320153
43087511
754875533
353220665
592447261
563874295
833023114
128018498
781105459
967437628
397085081
56349958
372236689
455545406
985737331
884778058
594808215
106246708
875841708
699066768
394665247
400089699
560092548
93238743
527466072
241782024
933554235
424210900
117481873
736698471
569720692
512015569
285438470
931009906
196366552
601765047
150537258
370078669
557651244
400941532
536066709
781902217
22162883
44898767
541518614
792267031
666504603
188869495
720377165
803625176
668037943
879818439
138378438
439403100
919551894
609814403
126016245
448735559
337162216
632205283
748044884
655374195
203325709
504442563
570229820
745059361
46014588
275518839
21001069
538888696
583597305
210643441
94166751
686766013
356498635
219093838
906375629
41012008
541839303
162120817
268881104
805321101
639090417
373339858
922903787
425114156
150015454
939412612
259816827
744197017
653657596
234224744
13225178
244316561
975705086
313951772
683487908
734955997
773508550
155311873
666455535
370752294
477431150
754787192
888869210
723880132
570045948
810667435
253753614
902243638
79227246
834648098
13251770
112777527
512062680
969166754
74563196
709155833
248432376
678489668
731217377
339060211
898809967
868962657
206309662
810818954
466950644
913722699
740805863
552219640
804607765
541102822
292245173
16719456
315427912
679505024
382096952
178639373
926380993
816109210
146950681
667824638
220885312
923563849
410817738
844618949
259938505
153578313
66954748
152564553
738595032
275551834
352009412
807599900
853068289
274316640
979371317
283499820
429216257
116193762
258358283
95422961
132694012
370003766
970498601
934786956
116738075
638700799
634587255
50574354
305083368
168274007
6426763
630320289
673318356
276631808
79816160
975571577
713668930
849725625
9727330
187504253
668365910
201172565
242802663
74198260
799822255
897197166
104370522
821277680
474420850
928429725
979391735
250260979
307003099
762429181
306055382
144171367
670892835
2
16356831
744864197
608638877
312165416
65278803
224584664
897571129
523284089
418533138
472640175
894620385
910778361
466564101
610536359
166798299
533696529
600420443
299091186
762214687
601562463
903378919
597288891
416915366
553944252
567702557
181788513
574344426
973304337
940203229
941247276
99908592
198982296
438586156
747271097
601078448
185070501
935284333
953621692
182128529
694493517
258390249
802582903
130684550
869669520
402089871
604573615
380540016
875234040
206554998
887581583
361894878
701988618
750040914
855546258
969796385
522339772
33868819
701506306
982559169
796131293
58416430
34305053
502733985
824250131
655066841
236706615
778728638
973079305
591384167
421306374
901522627
45215372
557529270
404516316
843159453
43608667
870465618
683955309
462677574
42675343
740372659
490179669
83724044
691609782
645301278
748579154
789132822
195354673
590560574
23180446
312823249
829342553
647575700
808198782
798373912
793361552
682807506
230068618
694398261
42262465
877072967
969753680
536458501
477863636
150312696
421245907
771450841
651156771
466497375
667520434
815462435
671556874
886996762
128536839
644584821
11513265
419155667
887715635
94095924
523989491
858169280
528791469
192364874
655633541
727886834
395434622
677631015
563874295
398410380
816100052
139984540
274744742
65633051
428928842
651140681
151891723
273067392
300337760
239710184
463129813
899205347
710228193
88188836
133256079
770472342
597431725
275079988
114384856
316928479
441484232
276639435
949133541
381285239
149956064
92425185
364569583
769525691
312248774
778584838
876652479
867515784
60927532
60887101
151194766
565900501
154515395
238129235
918807432
385444085
313951772
728936602
270707211
374436774
741561645
117387091
817333536
196136825
512036844
676078702
778991796
726539959
66662546
681441686
929833560
505239480
690857035
467870204
37591702
426105820
440257392
112044836
277313584
135782320
647738418
846210641
74851593
378730179
598078905
885120236
975638643
321780009
660739243
949126811
38848605
967971630
326104311
372663424
372141289
393634641
61995583
701584158
379075822
500966274
770196998
193554591
69407321
499932888
351005012
801987050
15193773
535192641
603963841
649778684
932444438
756060296
623687560
309390525
646959919
845494117
304909610
497995906
496336613
307248567
639793705
166083150
387888504
528233074
454445787
954054706
84456562
738626948
419274861
551845494
405092876
539340414
837504685
290410151
880352898
12832145
769327116
882080018
483122416
910177876
120108048
700944398
142390084
42164889
568615984
903312771
318031171
345233857
481079388
399499316
750079480
289454448
495045886
664430185
659169538
274799166
291303270
667044507
618996718
353351432
564985242
87434085
157103130
75984110
755726264
879105167
112676306
509517616
768658434
588091323
676875912
816644249
154926617
244760396
982103974
986326069
92724233
828450307
472116824
486196408
407742698
59949437
606277268
523329287
737145529
463161188
484821077
625626127
677463790
976949079
284878757
509456468
74283699
603009256
315321488
668211413
760132220
221956457
26241369
662420514
189283127
985272272
428447017
677731727
123445868
679303025
112272219
856233806
816964696
849606429
63877878
517454754
880690262
80262150
748032297
361511480
67003868
323860929
8945312
550481164
387206275
644269624
35222752
789267771
791334173
149720963
840761326
135869418
514295567
382277818
734234324
50191629
909457581
523680320
477499870
291387442
688108991
190874686
754214670
173400526
498214389
235967222
839206711
204139782
786324030
704211843
863500401
454787301
654527053
368321935
307156370
162949197
902825647
353532399
523554097
72008689
183554971
306842646
628848400
589185466
656890159
323176652
343074834
354649726
792677727
766782163
968512791
24566528
149110001
264674438
213102737
267887170
54875845
583982813
708098667
100689186
528593068
4332103
59197250
357502580
474885141
14495357
732634761
283961640
479426682
14470031
550574322
687811205
527878525
29232075
10821950
857238811
604390231
154453193
727842991
496203899
803404722
487822976
480907161
588901448
349265147
973971277
397381532
214870844
808154131
188883078
875716467
204696720
984510016
206807331
255889225
539144341
836000873
321406386
95286938
961549480
620048147
388473773
83642791
451299494
290521240
601559564
170347583
138714426
450452000
203396528
296045150
210715157
277387581
397605134
351862820
544476756
522482722
820163014
642406424
885466808
579909501
877070830
901056624
531468418
881968423
837319287
602137679
757183902
962302950
787855724
229532575
225449952
96999000
349270600
609759392
179578127
616472293
386758922
787651368
428990188
687764429
42006150
124858844
132877367
765019055
767409361
150096018
598638515
941909320
489242600
729841860
244486741
392377375
475564944
355935608
288280787
871925660
383546406
858275178
604117059
165710592
857266169
353153869
206194343
649589831
110248077
512119267
117097468
300905519
641181354
828476432
316946002
445014112
830695656
528316084
392578136
376833245
842783338
817412637
718876355
720485135
893445975
429685595
918698359
660266926
44723009
251811590
473125157
676845288
38194063
250012132
581985294
807232795
947076283
510771440
47329672
789389435
429416060
519021127
883458180
458553288
614950657
601441626
296107957
619980864
883087888
518622118
178255801
754265537
168528336
633921393
759067909
332248567
395911978
266330996
707881362
179621625
569362693
560639646
473497245
953267045
947502230
235205165
512642511
976256113
370855616
437202430
24599070
84510969
123828606
230495515
333817711
40344694
304109630
745501562
87120593
239027791
24829582
779134596
588558587
550360371
711152566
866696857
251041181
358172380
345703302
289113855
814812643
356757299
831319526
179735233
166988646
338863182
912971098
372352502
294949921
495061722
572399728
912981594
187761143
738688234
490500975
456783064
582413092
55833795
842446944
128161116
142343327
83030152
611889781
620120047
123383316
521878179
222360950
495576837
273183718
184144809
655547980
266532349
394375888
38589946
841032433
958605242
203031214
614283776
17668840
12679011
561632091
713217442
550450794
560845744
391783246
376299230
113748376
3267435
113855244
337067993
433548569
918676319
318801070
204838811
353015024
865609796
190260642
73326848
747025972
888661111
689012219
607286524
920700657
616624843
161997492
498218817
73068127
252839108
709902233
975878496
6349109
890219187
962887554
626368261
569155369
544065596
758662487
852287807
268860588
500755809
756562749
287740650
615912434
583567668
83675530
795966512
174907851
711445354
16222615
3491364
27404741
540832206
120492956
879752547
238785651
962282867
852081327
559624256
249431272
380856650
192094511
554679863
805041602
836719848
171139044
401152935
352610971
769068066
221690103
611754645
531297285
386767507
675206538
147441717
652076327
634185896
382576010
828552813
666936399
431440986
107109353
246114081
480133981
239793693
916522324
644117909
167285110
15850371
269986679
269177081
887581583
881244929
736908865
537031395
378102059
675648013
907687968
498843723
830001780
810090427
812708127
248223310
264707441
197040811
717050463
37423792
162868182
332132414
729486885
258828769
5668781
808589477
276942239
729576640
91033486
877533313
111511279
262021538
307824010
549887800
876254593
435310385
669703268
628355502
179368555
782381895
358847844
32018973
460444657
377281210
447670991
170699678
336929431
626043444
279672975
479961745
268541904
276703667
318439350
790200528
598427375
559847442
614735062
52910426
180591857
776414424
433891
900869688
745346788
762327670
501167888
697693713
795621489
900260551
399782581
801684122
629716609
537323697
805988679
99728242
413480060
919056929
875507764
166228668
4785047
116003828
574129956
507289264
43761640
569323150
807417884
507347554
94594631
103372717
190024148
895321040
408884252
45507346
370747356
340254090
153572493
336246586
589256425
2150394
210220682
399059589
5510944
222857638
858575990
968651794
335659653
324450149
892521760
329809075
207809616
913526988
867469964
128353028
523485527
322631812
571226689
959555604
259568175
977300073
746581932
328067473
681177488
35071723
881455765
579201945
512099220
521396953
805372321
542361449
99805304
101166276
323469564
804523069
740238235
937582055
975705086
223768462
754767082
608266945
58059954
124107861
237185991
739561669
519588695
211719702
623635060
128792649
358402994
584823296
259361392
34737201
37610888
516648297
299122378
632400382
131404129
827390602
760573704
403030855
223553800
315414554
405733584
714240983
313623776
233858128
591433861
478447715
539705652
411214501
733125014
205412540
175231690
644592003
217232596
761950057
77533474
919060081
836388964
965682554
527774226
317801633
363198991
414326735
51620576
844792323
207315093
66687870
489779006
27584866
948897986
146973733
597130811
573127622
805080318
274736937
45551738
900265793
505890006
198047236
18725549
205482073
648807607
970310278
873956525
937739550
261804579
61107292
477550931
357239676
118125175
251654803
593197130
77574303
808856337
781432410
39528416
819118584
123383316
40567061
217380803
644588413
354040369
736480110
650522318
956060067
632186253
12
263759335
24422045
442864029
616749830
110841429
488230410
869122822
225558644
363659128
538902754
157979283
571138735
49929921
903043181
517283736
56251074
871434346
535623973
267389479
326843130
16026319
888424066
854171962
720700500
217303522
666940510
9005244
378557359
454739244
660932891
636763094
972137106
827156057
323394900
78606366
832723766
810667435
654848552
530655464
731817567
580458251
302485678
416272002
449162868
282442821
586168065
670891435
230181972
842568319
21178401
455481288
564560867
438060087
346311274
872720126
599739679
409778351
801819104
138328233
372778075
408972075
849375102
214566920
673539171
499862234
937075359
983801311
933770828
76991318
890376127
664975134
599823357
737178072
316122382
781765137
595176054
103132925
806058280
875864418
718386232
250879245
596352570
779612389
921065248
437040534
342872395
507402755
438381455
905869106
383050871
463722233
523401018
738349627
582705321
560159331
907224434
524801447
838405943
484509545
852182046
316309607
413581175
565355446
376281805
357006571
764344560
242517816
86106958
822375552
32352650
390960439
300012266
23983662
198343
214950747
465321462
671957445
171228673
540637112
529821755
984323169
752198580
645201528
296093643
903378999
589041718
361146390
563059733
362258755
247583800
415489225
573572211
501952448
383114010
738141271
646145877
505684911
168849320
473871247
258894019
766502148
343468010
477078394
363198991
289100343
359678291
120019335
986146924
408789943
460361559
173804910
637829996
5340897
87487393
980033662
878439269
450802937
165152272
130268288
338327751
892218008
73530717
882049295
513854879
376196497
488239182
241537528
571495229
170548382
695493434
424873160
245647348
272426186
505120002
861429083
30929271
658534330
829921053
414704288
907924508
37366847
876613124
922179015
851076294
330952151
137532118
390387202
155578745
883560141
953545754
774930678
432535350
602244922
139974574
946463674
121190701
879432816
245305766
469305132
903188771
66963523
352787934
647188565
617198546
135481971
132507866
454571636
318470867
583174793
817771538
759941805
336453543
948846990
899133548
491660771
299501262
328412708
385495741
608714255
784517393
287570700
42704045
521502964
797079386
355362043
695748425
464686745
807069593
392943325
805532197
105362916
567697169
530877776
18787710
253753614
531450841
225611400
938561525
39245261
803469300
181320029
590125232
563253169
694114577
120536859
532499016
675256865
846168179
299347117
936239997
723224910
694881887
92752152
194086227
133784551
663104850
93508363
890515688
217127217
666902683
37693121
185925838
370244715
420243281
720202764
862895559
663734174
233938935
937479429
943133611
545391694
294569386
143419928
262362827
246839108
225446890
302428120
839642828
109255737
38184739
54596960
645382459
442614502
149636196
798243924
629288354
401089151
422741052
330933379
1485779
873571869
959973095
420633649
786358318
332388278
579879148
700209930
16130686
281015440
328094985
400735117
270346258
354536379
761156509
358015669
665197111
863897122
314474757
226180496
122458652
597297842
627628473
455928438
194857345
981443310
922912419
84133240
289200032
295039002
96822896
424754412
699324587
662032854
317801633
336799517
3916592
627206682
568954339
541794006
732130524
785986856
968827815
978938083
264953606
174527448
781935978
749980678
49174973
756182266
525690354
585844302
330417189
900870123
489885840
529675351
572427769
353461078
850184647
441766330
362706211
489913424
145018381
160127084
164816804
78150453
790949846
492043888
876878554
531996914
372142632
119692148
280587013
130631127
322495718
496699338
490124866
358098653
395055433
735867874
617851865
972577311
115356344
73229552
614776708
299241568
830459856
86417672
214224773
450619755
927675894
51416331
780629561
692208807
742244845
65317912
153183784
85374546
838564353
880875908
923939281
680058712
20707945
582017390
179429886
289260650
392510626
551071380
50912051
377434137
547716830
951183942
786005526
247320987
662270342
372919275
723658243
114553895
543966088
866524498
758125483
846106686
840083697
953670812
872469324
961466983
537766007
179539280
902005610
282021860
259828325
515216094
861801522
179070858
902537939
505227669
274452675
83055722
39175329
964182624
871039556
118884964
64135486
579930491
828373912
880029009
784375816
346597226
973685565
658117294
953092964
12865091
795677247
552665439
550251393
863062438
589855371
710872078
267921233
527635905
156314806
808804834
458272558
658874715
980839807
963232484
844772214
386580656
719188120
694398261
109059960
747840612
510687833
833106609
900387444
872075566
175510032
958155456
724266851
5519334
879887914
331931396
161997492
169295874
457727092
644055151
809588612
701958624
70317271
729760773
943115868
761090706
54563512
215680120
542128816
93234960
689189905
808180021
924553142
704256142
149310664
569808113
616605027
371594274
109241964
381442970
608471745
532320271
444570446
267163775
431440986
650695890
383407708
7147052
87122429
440602667
839883643
442385537
828251306
286150375
530441020
57671379
149057196
502204144
188244140
84096662
430151977
524758590
52885466
370455570
38603521
326024763
558028258
340206455
360490424
257318845
249761758
978531028
24073727
684234227
4969876
631802295
217856092
94006481
499064157
350253124
598848209
780094097
973183046
446602444
965872520
835919952
87986094
702255582
391613739
31551876
434175485
564324720
832754546
615603280
984278884
411899439
956152003
393637611
803648194
595877734
745018053
486724983
194414184
235855101
365795725
800359659
159751674
476264229
12669654
632476488
242689489
900362478
887712866
656735537
509240242
563344668
116248306
466404325
879480951
244231879
632436860
783599900
572957758
859149756
385626123
225636339
740098746
765259571
47475836
9316126
308293071
961982343
943108251
746956818
677559759
621858795
621390848
246262859
500346541
756060296
781919786
792883023
3847908
541407144
879996365
539235268
40941386
84921546
349828459
562839767
577685377
443054896
300337832
667520074
617175206
135520077
421564123
867242081
625722821
220644712
263850550
282258112
316595238
487910790
568264251
346169586
391107667
824546915
132364218
809169458
978861614
168018941
825725970
830109203
220033072
811904014
288171516
583104786
930659772
226434133
159441170
899916599
863926877
341276019
738687798
68639058
737896104
178746665
933554235
654168216
716315684
728858799
638921197
546373545
948074010
107283138
754146002
549794349
343374592
682627321
288314459
88032985
250685103
387812756
758411432
959731034
199053408
442245545
294934666
947064486
285000900
760871975
406901987
571275715
225854547
929752960
203975705
623997747
441458457
966872679
657401690
352789472
293085107
223282739
122137747
807152771
541648015
282798176
414907873
96891142
404032542
477784824
53338962
234149790
659186007
344314595
154187212
425950373
337466858
904701664
693388155
228464482
924934113
48774873
983619597
42700203
204064376
351127266
13055506
669129900
723377321
196699882
551709013
717151660
804869641
862165880
204824860
312385704
629636022
399971251
226406499
550047740
557250942
324874359
358402994
49772782
84399590
273246279
86715230
906721167
165305002
788289606
792903345
108461279
570296354
583832025
85716602
121510471
639527019
476773500
591941253
135838921
19134257
827379340
352035948
869825958
97300519
102831995
127774180
921677013
558294628
439598842
685972080
775686966
427445168
606526444
534414861
474745375
218436154
507249237
323008610
622395053
21787545
235116115
199844558
103818389
856343691
941532563
435247787
464999744
214393799
352215890
626777237
56225481
41567925
828473716
541771399
185501255
848425123
106045374
194210816
692375513
391691102
634889611
536705283
409839158
944163551
837439881
128833832
224837865
185624443
645862957
525185569
421673923
123226588
744658299
334402296
889640165
453218474
403992689
90561049
4686126
586557093
449619940
256487563
317712857
749165014
769104719
921975925
145677479
786202104
830516632
223758650
898450795
816644249
511342222
434804637
850855208
501683846
750773947
64903831
629917560
742735022
541899986
5679642
893685482
656761613
494390889
629256532
876341487
626348785
78583591
661429850
881608101
488507446
351040749
406362232
859373268
538073533
114049386
691905109
595055339
330062067
293644343
421308567
726163949
492286780
140696029
361738724
905619808
745399969
168920578
865402364
323770455
90919359
109201598
768752070
666674709
551369895
279098010
293811262
502628524
305844948
187643052
9316126
696096866
232783346
749391898
457142075
22344447
738141271
826692140
305647172
349828459
593130984
922388461
781307514
477273128
398437433
192979361
197500283
813814677
446084873
342341641
604130827
645484973
45151087
38900961
301817271
944314737
411149029
732761778
249625568
227134860
974698668
403456474
709164919
292187932
717590500
253884228
890062017
388535241
590184560
203797287
582804447
686581931
829577821
679238457
848081977
930252202
318163248
525044684
703592922
676531925
214870844
705189805
140750638
617478476
537823157
327453759
643974968
916517416
637220756
733737896
865543838
914426439
783156174
151360261
970573530
183987244
112473530
891607614
757059868
547112183
170824994
415594187
666172726
462729980
849869158
321681396
874998961
677660477
296815837
480048090
176486990
218320679
711587905
256452657
570747004
569538415
762411144
283102162
571480934
181752603
927454381
510843595
363207437
439576862
24280422
590954523
170795432
407499779
477801698
319250432
887381814
473623764
300618260
922307424
899916599
670705381
869594641
635879962
277991335
352471122
380115358
34674000
575141688
766734036
135096461
98286629
780765295
833330673
256178044
565347031
10405180
428868161
772635255
318594369
530057487
622722850
492427217
844421833
537331264
149684676
145764253
193318148
929799373
753167210
940363866
964963285
16344232
514928440
527306675
651121112
907990626
856567975
617533690
650063975
469512179
901198952
214901290
514085743
838324072
206303704
447747700
918453098
310172519
289084115
692375513
148384319
215187453
912909619
527671111
393034859
649252344
918258383
956853182
69119286
624705794
257790185
370210456
520341876
488487607
976935411
876862236
308093256
466254351
59683440
512226294
682002321
767847648
48774873
544470012
345274677
717070317
767301963
673596331
759422735
665974628
128041924
751221430
298451932
118717700
630346707
539054895
88756352
883471277
126555327
657412322
444099461
906796848
702802327
182547669
583348108
175318796
915587782
423080291
322056907
251783318
217856092
466950644
232387359
74945336
531729391
165457898
393637611
151195286
873474005
214344293
226314733
566667423
333042957
445304561
732164323
408972075
375097429
797945167
375070048
495593492
241227263
123383316
748401826
436129831
784297744
574415574
400578840
641895444
104457087
849114801
871973160
273746350
664198836
733644990
802221377
905355727
728588886
207482281
960954987
94182886
792642493
530723501
223790741
343318883
859489224
908844667
334627851
405026315
583528470
530046348
199752444
730510138
885037663
125747343
581916851
287633277
52959385
664479784
24317506
859392664
623470025
34069852
592641008
77421195
35128651
171002193
820992662
879908193
653276786
958080197
487308460
701311486
396752332
574155667
957295273
466851658
106787332
683587591
799567751
657107547
823967933
274770845
273164202
342023392
316259989
98408544
274240304
519535580
16256983
557727263
315068301
90922832
102695258
71927203
792101457
873474005
34968538
837392748
737160019
307831734
437481261
529732176
130350353
155224742
598309089
334171454
