703061273
380994525
166667292
230776067
552542512
621895869
576383374
813568380
934741652
417021242
448647430
99190443
152937517
502029170
209962910
956532004
573862777
940177616
790184043
344795012
339450474
394313413
167163314
30833910
941654777
12178246
117481260
46734130
623473658
62596912
14650991
961863207
150058478
364746391
599051759
708545504
182237835
948036875
389219657
811594477
386757883
702106036
450631279
152077333
584836067
403723956
414174602
968851280
210592241
938818497
786603024
183015714
425365550
67285297
377053624
635757682
502611839
658280064
384826888
589106858
648865489
392037392
557851485
112772535
951430482
488912840
454824177
567251623
852158441
399421025
881609590
812393156
580313428
523485527
760268950
592850781
766527696
711816076
891423536
133419753
596573761
497165739
937675564
689610611
92630452
281685115
200098938
729884
38435464
524676001
51538073
364364900
974424547
718319423
940862493
804868452
25821036
530005075
236755289
774006293
876433992
335738654
667313807
475221481
686538686
173104985
308296486
741455685
795984959
324808617
433548738
964030920
159732968
634046915
144536157
123047226
256518512
629256532
878716756
32883583
845490391
4054630
971058849
139456077
492659348
135435648
590684354
19917584
944527185
338780263
529245418
157865989
774470384
263274854
318776067
430869959
950306239
108674431
408449089
732700392
299835063
40465658
652985906
25918992
144919160
307361744
698541658
327184708
229760917
872730422
318373454
588923811
102412899
902305537
960328779
648326811
845249178
802043625
858804880
638205999
523147624
738954776
867787342
52668905
540352653
120334903
514200065
729100711
543523398
399372809
816661585
165644198
786467741
80732616
804469826
307055966
272477612
355874449
822871201
609988944
621966150
561047932
135062804
633623534
944554388
363142189
685053853
1960595
482285219
534069484
768119857
393781839
417456147
19917584
739412077
845938456
51250047
27203387
405817584
480079434
486421059
379754179
304366514
54875845
775178579
44831686
438128001
519987287
467760169
918601541
40004669
235893499
55095784
518396452
981709641
618031785
736122901
764240489
715653001
495102466
489184515
118406779
53791119
565207945
95144530
73815941
257068794
659846065
257089575
917709268
793511417
647200268
933693214
640760807
139147891
286100699
362947736
914625258
923226157
605965697
446478581
730450982
13296553
461616346
128367773
491204985
923231631
688606808
880104540
483449982
230747558
835726676
262483217
163844984
8847786
200927289
290228042
972415143
395400247
219741868
622934197
187469177
454306728
941323860
703322268
546313458
455449256
79626188
100277920
156998370
622019948
249063644
948074010
534424346
1572363
586726406
17405203
66397030
770078580
752570668
606447167
483771635
796271304
576602561
456617494
491731380
127333940
135831531
2795936
73524482
247484766
403278557
164891250
411846829
767427230
1820881
24039059
353512512
109803458
453434924
176993974
433893005
277505056
696778292
801811858
786125615
527336305
591478709
780567569
875846162
118827457
872268890
578471531
648964057
185266946
760786884
302822205
18722230
321653389
67567570
732310472
485202323
364569583
477620992
449175817
470810954
981165422
203111489
797086107
951123726
701958624
379103168
525920449
14221598
689423149
857300865
810392126
225363804
190317665
252992984
764191146
153319102
167379738
473417254
915573102
632884532
835225873
377359260
327234302
258239881
803325881
648854233
57780463
561912913
62051672
538325309
556514603
540266504
529602846
913406789
207714205
979730198
700657573
287876227
320676249
687528908
485649729
606790515
496555397
695535946
540192309
260398464
297704533
183196918
512900576
175315295
198010620
974628022
686224624
977202834
132283957
90734993
312901662
606344967
44952531
714701646
260520678
567209220
696013712
59128959
764398287
479177921
230631663
716366773
599651810
903396483
442846802
924957081
223038845
40707091
609274939
626129865
539154225
265406931
832914788
147781453
303692269
291501882
359824989
219223768
563155811
188141447
936738115
280008921
549743356
707290269
967040276
788000898
612984746
928255465
223065873
599734270
626662133
433447228
886686673
513219940
476842611
853794786
126624270
360758156
636522075
81489950
936406041
943334795
334055523
606926507
979442542
99290626
886216599
188605862
833201769
464672499
357400764
354652737
516130426
680528333
102980192
950107259
133419753
291838999
158727316
888713751
31149827
504837377
854263809
855314229
129125698
155203675
106821255
819925009
766625153
825595177
480083629
426102850
949306814
732082026
845243815
49982275
89541131
594044666
613776046
82960419
417970716
123793359
882326287
25673085
982618185
632616353
70651297
814340305
921822077
625580701
141538275
254747874
701673292
685543629
857763498
135072222
733136239
544982483
891419205
227306225
180871185
985256341
793662074
816106133
963575375
805406314
979266258
367233336
98039985
591047912
589198797
491259393
347287372
365700697
184887728
637516885
355007198
128898227
499848118
325012276
305413136
454059392
183058956
96196227
636769961
39279821
813833582
41778515
671785188
513897709
144808411
497234022
86898026
801016608
267163775
127728912
133928301
722567667
276092253
235200341
345034314
162501456
249893474
524504222
297842902
566558040
740750199
26548048
426148611
632884402
891124213
738838586
548080346
595594850
302893422
527025941
930496126
657022639
826005597
534731842
899402514
534338143
297905224
968922819
963575375
742634230
741111614
119858112
652308147
907616183
558830232
14021288
318453929
731680971
792628239
894283699
911741085
449175817
836224454
125793488
316513544
251115919
778605016
485828539
926746147
397660080
883834650
775551915
517771921
651750086
500107931
121831329
746226518
234080741
145068726
340447678
494281079
582666281
10638495
326346497
337402418
443726011
275848802
4516642
31237233
164250418
105113698
944508235
222350085
140631036
536256026
926019724
628341837
586960148
318895357
459790617
294750764
385012771
755657789
331821059
869396989
494869010
38819856
719036019
72019217
771714795
781377574
212713091
858116910
547126024
699003096
914526985
476635410
133349539
393034868
699294312
678907290
54870525
409350439
730226352
356431486
914313691
219201615
133343743
150346023
40539482
180443063
950823933
558758267
803811097
874658954
594468467
957407211
765497470
517193947
708727587
605425685
121283010
192321804
20301556
517789244
675542292
680218626
284576731
490769433
653380829
67328683
679646161
596747765
304744848
399263063
313274129
148996848
440354860
179325877
783728744
274082673
836043184
156433688
108781048
24566528
607756696
744660539
478814147
217303522
814468533
592640620
573832175
43880143
410352128
552079623
364462113
268975538
78724645
434191690
385432191
149367222
323130999
279456702
412946160
754161977
63036787
597554159
565515141
713062973
674362357
534451367
196274270
642485720
685579095
591581535
402968307
146160845
525270658
141147314
610453030
262726102
186813565
594464987
20598213
165904023
848120739
736549988
88257235
84354446
46936439
174827517
299989155
729327018
288907744
611091689
62939393
54074745
693976485
873759976
870166294
128167582
706323913
842294222
628344088
624955688
316386354
232681379
395334659
491590915
660476067
972257069
969409459
386546124
423146862
287596284
981451885
747600009
361914307
2627209
161716936
953990814
345497315
858445059
266620146
271441753
953080511
517479992
512565140
225238728
911058399
163868055
432718766
31716093
642607505
715496129
175644815
969118114
558294628
289054790
612490667
499561854
488868645
982352808
597903032
371630859
49352698
655708038
695186733
403430277
661670200
6978601
160499869
121845080
135648033
682194902
709966195
100839140
122185470
794335419
41686640
273159642
176304086
551008415
464967706
395640884
33022656
59197250
66447788
670256533
605676987
650063975
980972708
105445861
659631332
21486178
787093399
470710574
30375976
394706361
684768654
798633523
596100352
208930957
212758308
597362622
535038863
742559087
825807326
43539999
596973273
318800500
550481164
435711631
424435899
501715624
671320630
762912026
948215804
633270584
111883576
864557271
878461927
894673316
48078456
533253837
808214318
548092265
794151615
786177047
74191806
855467255
744593368
148996848
32700411
918858457
591346022
554610083
623611269
935518850
424097470
774101779
975457155
615440055
923877390
259202906
126268389
915086282
589587525
40447728
579298713
326456560
948058634
753521217
6582042
295253117
616786570
88481954
468944458
779944531
699636512
936119853
715361887
332497597
357050280
974146669
675435854
469015134
47619288
723390318
805277537
287674187
40180451
908639958
331492800
451232472
522875548
345391548
837998737
849429088
799941209
517247656
540798954
651587798
465602796
699758297
833984935
5531390
194468870
275329732
670496719
611845717
293631407
773861544
287107368
986053879
795055721
852082021
319849532
304971882
67279961
646501720
716319166
510796314
808198782
830327393
647072486
504988211
128931231
697775519
379359495
365153768
194240237
876046209
253753614
859688490
551087910
217364114
488221499
171656734
305631723
489863567
753940976
903524129
960971730
721936493
509111775
461987392
886221134
692511634
923203513
432734454
722610974
934383380
56573435
565097016
337808971
26232395
264434072
23379378
13269900
144915230
531252235
858202778
352832630
61326166
455119527
16280487
99513957
926517641
425940446
854398630
207842832
146718223
66662546
227690529
213254298
358519101
159646727
221862990
128641120
12457961
596095902
365188840
461784626
590234895
755274515
778112835
483432438
412824703
119512933
241534443
160130498
563164547
864969046
269380929
860089916
5149920
482639347
733121038
349255861
771138009
789733011
236339960
239613299
969013740
223156996
28376989
401166320
122942469
371509331
655433454
365553618
907749464
139226619
705460357
296909080
841463288
439686588
951622616
551433794
731768115
631470232
762011593
290364143
375893618
877909205
675895748
359438049
223837613
330806049
120037782
810252317
902872752
199422511
371336443
644506916
2048324
411224004
786131835
833624487
131579356
419249392
126768466
603807492
144577300
629256532
685520897
466293895
894411799
6749446
242382120
831171818
526578504
761958960
917396027
850184647
322201645
177209110
190531866
817859228
321549033
933176184
962867778
414194578
487845294
466426343
265477849
651763850
298858405
4544536
219581084
590672662
106045374
544545972
393926604
6278388
869718528
439595027
576823336
566138993
411533460
697432170
801491613
588348795
502297741
903892524
849161591
618774173
415799965
221635323
763138091
5881480
481857408
837186038
469361079
39547667
817713589
18290596
626454045
866213907
213369474
658815446
710903144
918461201
320369707
374818065
473708518
859647372
922193718
730752120
135992066
257328652
95440426
475992979
284170962
83477795
718628735
782206304
302584755
151383554
504812436
203027538
312934795
673311635
161933251
768412613
553892381
76174807
162963375
596445840
884438104
339411877
301593508
410183501
131126055
780868659
117099529
888722702
750558390
913435703
571365007
857396827
19540520
750970845
382749477
368001079
616748792
767456645
629877630
160857585
972671620
969102111
589066104
353512512
533283906
136000184
299441919
326843130
112061578
868965540
4090584
8267026
677476244
571438825
885392112
838605831
220079737
343234501
577953871
936778782
299298776
597532966
934424759
939940165
406387731
648016383
115939112
136585369
355457247
289881498
417527933
74371005
298171044
371482084
153490815
316861188
466652744
276211922
487766248
942955271
883451141
715186657
391105129
82904406
629493181
192309240
409272484
207870894
452788855
554173495
403209960
912572132
860905371
143613023
132666190
908535852
613781510
176578562
263322956
638127946
517454970
444903428
255699664
393879438
874159590
226699308
468115322
46923911
613803484
566207767
653194205
665257614
25652467
515569293
546166964
397787505
811287201
62015573
404988638
818006911
964386583
485281397
978724611
529754509
553348162
697693713
460854320
102844964
787533090
177065636
903056891
38060324
699425607
913579422
151359342
872987780
776605513
242950073
99120140
986420130
920488076
484712418
912250219
527291058
745099734
472128666
354040369
885624756
528497578
557663677
976736223
201145685
981498205
138208910
838212802
953448363
83886906
555161901
771041812
675797689
843446250
485921760
165948428
369153943
370531612
538654933
571711585
153480930
556620671
806922132
379537257
121940041
635969678
435711631
551774508
651750086
606461536
836619191
408918071
709794640
267646817
852703364
883353735
190323534
597929718
961170974
729653650
162048325
676353196
428005086
229591128
899800129
917328104
485674903
647504606
789602096
942099801
628636744
880919183
15798508
822370777
837827074
911587154
845156906
105125381
976490836
664152969
201067307
53600792
921072497
942238304
658961401
849528806
17922050
516928328
860245915
517984966
512619584
768059332
722343477
529602846
222454101
755572748
635344642
762678884
256519673
16344232
933540140
760380955
811016981
173997488
564371074
903577680
177456003
170128384
757079201
816502678
941400212
660591570
547793758
816427303
839095016
437529827
456752239
935511665
638544507
345363268
585713389
732851060
409110127
582323736
308221951
115478483
649126039
587163067
747440496
603847312
781377574
346382041
670154785
338520036
496738464
314849031
436542165
628184473
561834122
857704248
169698000
190832363
774447463
540901200
887867439
374234032
854052338
257335721
293931655
235712650
799463179
667054453
280069043
56679400
854511481
327807209
686972066
160576221
867416067
541249458
158961914
16256983
827195073
334268200
628461864
521867745
482285219
292826459
779526581
633587376
402303541
608728929
354414480
472322953
33518858
158632436
682102949
959973095
699593964
869328032
145684065
24661662
344685385
233754237
577229532
358596270
55470495
278412882
383718591
490851695
769902946
553673625
566522855
316807088
493051837
648016383
621610848
830682647
920118416
377094643
714454695
856926363
564101828
595369097
400326169
794386860
217301213
623097616
418635508
593907829
31499438
980678470
671257558
498243583
530501311
12833108
245802389
832521949
92527503
598243084
614795413
265192751
818014256
960781971
105152094
320221328
63295474
395572351
824457658
925613435
923573545
918898637
53634696
156452993
747834910
272744687
435078234
22402148
71859015
577790569
982702727
587813473
847668423
942777215
488870437
521423548
283436602
962865627
617348715
882079418
97112962
549399984
548515957
107405941
37116389
575387401
345885982
599670287
528085810
847815155
473798940
506599841
560646512
446998153
553675550
821028431
493986157
217232596
612041369
407202729
485633394
670154785
76661161
383176900
693388155
19344799
71628242
303148975
875435085
119023311
450564021
950429009
311091813
139156154
145270265
217415379
313693051
869980970
612243457
263649405
205088481
225407505
135779256
642346036
506707824
388229585
913496085
533890358
597902272
237293204
901249375
20706234
800482054
904256404
105005743
655786905
892120561
200713427
315404707
566721003
685106812
98450565
936406041
86161808
297842902
48175881
924438265
270170717
275912808
695005407
298450132
407839895
430951111
337258239
767711169
271667683
266839884
231172875
425712360
553118375
703393361
830501118
574584248
61211664
820952335
150818431
310860330
127025218
712243780
966843295
795217296
334128030
582552531
701985781
256605764
483174756
103615763
376469053
752881844
950230352
236048090
780940909
394163264
660222825
894044185
357472754
755324869
274900129
158824099
484996949
916651052
364020622
219418062
282422382
875495531
867757086
646932791
248398008
934784378
348600295
880695613
166095981
212821320
655888649
618872762
534217362
708187359
850683881
802383448
825550948
550097291
250023863
494360234
665613271
100108310
195988796
130794022
51107019
437103893
338564238
768990078
427646438
442662404
643130033
71792798
480497827
164333881
633483497
121556967
58053898
689264184
32148514
495443881
172917185
978751479
552411193
622458182
440806186
122242476
453730871
291703174
722683510
912554789
874945334
159644706
324836008
223924569
432602542
301696076
320095539
548148602
979032378
625157765
859528489
434556978
87207840
37962327
828388413
89432975
192822301
853262031
119508972
161652242
8025165
221436641
94313660
708647881
163286398
207840993
836749764
606696289
395573571
455755532
854998258
174820516
223101202
189765163
383920839
444454480
927646645
927399037
436796374
531532479
687163648
689865097
219065050
39436467
510924361
982225126
377088539
756866913
361738724
660506215
379107963
392827847
509630675
557864530
494558500
62438355
418641630
700558717
192557859
740729214
77182337
631046741
975240839
226836094
476799442
692493720
353551053
588677702
675375131
63092884
799448480
49547524
344173349
864120623
935803454
804963001
934925025
336251771
731320451
933496331
82200444
307716906
629557358
413868964
817135621
207323269
881134791
755094778
842507776
243223591
882711724
405359760
149618810
68266819
838212802
353970944
409377334
223924569
49050380
738926665
752847896
154004013
620378164
799463179
559386698
169916641
331674967
497831849
929779667
200425921
817257927
166803434
625938002
536418914
218880366
637691780
816095802
619994920
149114051
198348074
479737938
391379943
283101507
857700906
805920659
306565160
578648464
28361551
443325299
538250879
966336256
332911395
413353390
129757292
662270342
261438696
715586374
514408889
675018161
767447030
964376483
836617190
464261591
526004854
187102693
883163866
26885161
511726212
237735445
738614463
928954815
782813066
530543837
818643902
981267826
326376327
53726295
347686237
181307361
428810648
54154342
350367632
722287103
78144286
612001477
741185594
854967724
528777537
318163248
672984269
556063945
732298532
599696992
547593825
627068636
598427375
10294871
890244732
607142297
710268877
551541777
874324226
775767034
508242473
258049576
444327411
691298365
591668475
499889144
727183769
382715162
614667444
322490483
125547463
432844453
949034582
869755940
545641000
717310964
37932182
925375542
449730011
697798374
39972577
474740749
406009817
736074922
335788813
339483189
724010289
709333529
152682005
936817461
227349048
231794869
592246579
770023467
252549131
807137033
876341487
120618694
24372901
173104985
142468527
606987024
72656926
717370672
823929470
900446983
498315612
10659524
875997404
906167580
637300638
701010917
572722414
941909320
294785455
518086836
875452232
680683615
598846569
283174342
879567197
605467223
87557745
243272354
74454991
62325023
114553895
311499680
828371524
304960700
185864841
363723704
966752717
188449021
795412090
878058349
421098423
882476048
529753806
310984522
360247456
913798405
452847287
368501922
470002270
117781154
798902840
897336209
46936439
295252204
325592079
227926283
191767784
923506645
59197250
185058854
236336929
596284330
130296021
40788977
461603515
753256223
876649990
908135030
230999967
920778522
221548228
158235358
407006553
482119046
923005457
170810442
790305091
686907816
666083008
157794020
359622264
183656662
922799995
39457598
173986972
620158043
15722710
374556876
816049848
286015885
84483318
4861596
245706036
620050811
210427847
900869688
406808478
380585524
426330903
613280106
388930521
226699308
543895370
247009090
358941953
975275859
261551441
934051809
363920949
776158338
315414312
583759144
948264424
834179375
288971093
163431700
248569565
377088539
800150345
939216324
156954219
902085335
568706637
934317485
372353497
6804820
647462857
128813837
280357424
202137621
551047264
791358802
599349198
788917152
34255282
567045080
537208319
812957748
591134318
886025686
81584005
788425037
965614144
388934960
135384175
967628300
683049410
774900660
703178650
186515401
928842220
745357932
683490124
257163872
824093282
965621221
320148180
677588795
600625126
982660269
241673269
380635143
122221482
615698505
927531128
338086450
363583164
517153168
240556443
164480725
807579118
745592822
453419572
272891697
591033962
225361421
807336709
439516480
132986503
290127449
285129966
711464523
884683054
38382078
265998636
210173392
464999744
538654933
873435174
137369701
631789213
715186657
820923889
25535010
977994208
209682212
329117439
27105562
268887764
632037328
347637479
143424680
836513992
370686556
114960816
185283874
74360852
620008093
510640698
948906737
811250371
865861142
894628185
607399285
225224183
888785266
214987182
555558322
843033764
309692022
415234185
174239552
113880130
113880130
358095495
600175657
844456902
26706001
789161471
852892595
799965494
842668658
358188496
96999000
249741612
688632562
328313147
310545231
21461841
857003667
319485397
645748676
634929632
453730871
21688139
248263336
961049173
19587076
608872412
986108036
157054989
489220145
619891515
407804946
823481413
671872576
776422065
58684900
53454217
513590951
198969645
155881335
82111909
211551225
98426513
713734167
388188042
119709659
247590855
63092884
553158038
753256276
765175154
846977506
452362934
261106386
707306771
911058399
908983196
343544310
547593825
829729903
803592000
870146509
569440187
662089438
590016239
132128602
550871766
783939142
112755815
17573545
74996841
574097793
351057132
667615608
895174158
521119941
696605155
351867021
566765617
397378779
831129568
891737378
312545562
754782262
340899229
97209833
791547918
735211367
951862758
34582954
13079143
397784452
975159750
909591255
615875575
223644676
561267984
834181516
720376036
897391556
207866685
770883909
206539297
753812368
614088620
442243756
414886940
466420968
357516074
57703670
578825182
880501240
907764349
551954150
14305727
428972455
374884169
99229523
305561843
404116288
256677147
795082635
127331016
665269451
735508279
292967393
60685761
531680894
378213381
510355650
972158170
82229641
43290345
368002808
632048300
228104535
799962294
23180446
356688782
233194487
507536956
710151935
867255367
510445417
666455535
82766995
661525634
438891347
713068627
476671536
444937868
609802821
864825460
285731229
570038184
534053654
531541043
606644734
766714307
88258161
186098999
419142163
525837300
308824381
617430509
232239773
766608575
535051353
198310442
956607562
757017486
478761949
370654544
612963129
90463080
290124672
301461789
602683342
258648331
592536595
558642982
200698787
277075564
908958306
651127534
414860564
701162801
813515151
70029575
718598559
578194890
563869595
267579405
149925076
383902025
690544871
977010984
980221610
383050370
97117292
358163691
466426343
384147699
605830266
213245538
439831931
67355659
414457074
156452993
693607519
44144414
864139993
224973311
425722238
670997185
771614244
511142614
785259168
332132414
475510640
377846446
905023457
602547660
738827661
932116025
174946860
577258084
91249410
608159941
168264867
10427686
77635171
141482583
203627591
245449829
95098934
439865504
300264493
230821268
485456142
819216352
297762939
646594415
302967512
199925724
720521499
420961267
161133490
567171515
882804015
640393035
526212909
575378495
896631804
408091794
349304281
243508944
934151974
487779858
327181391
240049099
759023267
596181312
586197369
616881114
79911777
769108010
10404910
699359604
384525109
618049168
982483946
283591263
618972299
841016482
776581874
486593667
212629782
159657383
606406635
559829728
725042505
697230512
980409339
844956763
980759037
962993200
135871647
244300326
927062805
487002416
655405487
511228430
123956858
939685599
24084864
738141271
433027426
226989346
171002564
870611389
468413337
247443705
792790370
918039713
184108932
705143329
762715644
43156890
607759003
575958965
887174216
850007090
597119033
574713168
679003224
253749501
621032724
612593523
588970021
649435744
207815218
244541645
362557794
227486726
633185093
964762135
378452464
86692549
193277997
930072593
698531831
937036318
487697116
804104408
329049928
270008799
324795567
535209956
113285642
758227812
678053638
691256736
422945094
318641058
629031092
543926903
208801562
456419186
956218410
555873148
498448065
486254473
101105328
934503971
611605277
187744205
15713786
375672556
572866406
641464401
199090585
310730818
171613066
878269992
630334366
662546890
782001003
267389479
213914394
523611472
288698070
701539754
465896753
219404055
742602101
833322421
3053401
203329425
294355451
904053033
197073670
761012887
87714736
520186954
651121112
731793736
621054033
833201617
622147779
556063842
215222205
890506892
214754295
629144076
203913156
354363627
783838082
412252790
119855547
589056710
377579199
539763579
702879557
41557700
90197550
269136767
117967876
572105818
534829095
661277209
902208351
607420261
806754893
243030504
650506534
566636858
224940341
611276863
80370531
473594365
892690792
968405156
47871071
228442837
58993231
207263242
747356175
885842849
352897200
143912260
597119033
489184515
286400677
808434461
94092474
200578834
698390920
410508583
76097238
914971955
465321462
521034938
254421120
361478103
189209353
690432045
185739910
351876607
499800818
358959841
912541401
884167590
830264371
212819691
254563095
579493130
396273730
385999191
747812691
401152935
774290950
177385941
449844151
611905131
254699297
230390690
362643218
155917868
666924173
626738134
853193605
101109324
709654916
978956282
588133308
107385625
888928636
146009705
200142183
96626225
788850072
683186503
769889773
538381467
207815218
664973839
506380770
691530422
537832644
957180277
206216847
879864763
69853090
486678144
334149785
440475892
728443776
153945281
720366222
929263152
728705797
23872424
535972888
591110783
508987664
199846764
907560371
581715823
28838187
432406790
902844339
392475159
236651813
2075560
742508635
426791531
341213950
228341822
578019523
602106685
903221489
252563345
644062903
871740293
683955309
271669873
968274462
51037949
260140649
586197369
885306433
42419171
27842559
953896490
540453079
94162945
918091974
654887872
456054215
370210456
299589545
133283789
617588762
817480383
927804333
45352331
802909168
719216054
583429505
353166588
644807750
106126077
463953986
693351524
499276527
832225395
910750824
498715475
976704050
835074572
117038342
654911605
14168127
397813027
392649626
580858103
309829207
459734249
6044616
387664434
458460281
426813587
81457490
884162669
114255039
172982631
667704077
504121043
755727434
710074055
697468972
237459570
10
545189859
766232476
227001727
563075218
72134742
62675761
189283127
55700760
80738452
713734167
528111267
42022949
604948760
11145354
198529802
473984363
117658656
302787530
6625488
864511631
474108384
1927971
709101505
421189058
255441185
943042799
440602000
876955016
415181449
297740908
11726189
884540434
324218944
624962137
707098202
904752266
771037943
164120380
56567983
578271559
491533485
677731727
295825068
204862454
264974814
985741742
897363382
201554388
85024861
671541188
302655768
636482444
358322055
921026954
170810442
351632800
196578870
815048824
167500666
84112339
811397479
719980717
167166430
101829270
679810916
628197582
318997085
220111449
237569099
272469497
834392440
16484544
814078125
643130033
439810565
798916692
476669270
401226130
964054358
87207840
250222180
318470867
738072839
361362678
216363882
817261457
530793772
774567557
342023392
879646310
813923888
947690319
3861076
522904917
964339733
860779792
553602265
210309360
830459856
643196476
607341501
840090664
297259851
773264991
307344980
32188456
794335419
66837075
361981067
358847844
685942953
200820571
846312886
826159666
615427529
463269612
481147513
985277639
354140376
288971093
119256146
760266452
847036176
262195635
388930521
389488923
950755262
26567546
386564008
949511080
116381846
824929904
376681192
297489155
173247210
365620968
905511026
968305131
576978643
444912619
303520693
174882116
667090987
353920493
957214697
118876997
44982954
141581977
93160101
767427230
671665838
471551626
725532293
924918504
203003582
53669794
285283215
255192736
946730600
964042937
100701661
358221717
69398892
941474305
259719910
178520759
936741273
241987606
336822985
712053911
37277740
552884272
124750691
589098434
212173096
802133843
57281314
943695686
41012008
440246217
683644503
725711720
862977985
262506317
758534052
417343896
379617292
856926363
595997300
124585959
291098310
159874434
824005020
979352344
247937328
69532495
843516648
470174693
582129151
871812715
214326714
893259913
423787832
718053003
925243440
598728481
842501875
336902249
762643358
591854698
268415431
512685209
429989202
425845483
12963001
814023158
510220403
755859744
473232217
434229028
514636919
35
577432313
290211841
250423989
565839498
396786217
817745830
283965141
195417103
631862507
769763070
401467122
677043608
276010425
834811935
87912189
539468435
384059090
902355695
141982423
127703647
730434387
170207056
955412878
310046202
47492043
833307667
489197611
814613209
274509035
215256285
825771565
960081656
563930226
671756108
327034798
818530083
444655815
459253666
435282454
770698446
849836816
201437661
614997972
825564400
176353606
717283867
441130967
941123356
781906860
204119274
795082635
796886732
484000785
856251958
256452657
329951623
921547730
767654998
824077502
475364400
561951934
343131175
337162216
581188366
859622476
37445253
744881187
853125789
845866455
472760335
941660883
179526370
757912346
916809602
65621458
431108093
85580537
859043208
89850623
468585045
255752130
67326873
511668451
547014666
381930702
370730635
722494350
32289663
645900511
954139522
597272205
319343237
449580517
534557673
655722613
736389266
894971220
445723054
791064452
861523137
596297218
921269443
628051232
976674974
473313996
442958938
136306252
15467848
92696513
645180851
777125444
447880426
816027231
526542691
255866133
493262184
20699328
587038760
644717088
84535640
767899604
317538438
916891647
974862700
452952069
910116080
205242032
90720247
914653012
5303959
485116885
861748040
687940552
716581462
419934057
662878241
708896480
875893999
718873089
336577527
166683660
619437307
902276640
490131873
708473493
73790761
493845925
243710660
528305092
309022163
777909238
650599730
953057230
517355689
627753452
217555412
817626495
524279201
277087236
416010802
903227742
579621986
958080865
821413588
609702571
768121758
232977531
125424924
322660782
944231545
241170492
919474519
523706954
70435542
535476375
266672258
291271235
753668765
449175817
350954225
134429190
596910795
217645937
840087176
37972444
723966129
519588695
180567351
784462537
848823515
863426823
743274187
235705916
218880366
452538716
681835292
14215180
365432094
478810029
26270232
976949079
900633364
808695210
843571160
363139476
819095930
886348317
452362487
41789004
253333364
154369408
983604086
419004551
920232057
316547217
86077900
86785268
529753806
792614417
396145942
671466058
552617635
55580535
83158142
759376058
508722176
12315096
112672757
494709105
271031581
315295400
580672904
550436003
731414149
742692853
470140052
418230279
936659319
284278185
256279278
162942253
850943989
880945634
785249588
411491983
835478308
319225565
895355804
512389834
919441080
746361050
646031217
176102079
284724421
296987639
665098792
974795078
844626552
131055699
770505915
333116455
145684065
320295164
807242478
728091425
50044890
947784042
966220669
48543584
659041921
263187281
723153873
689585654
793107841
874301701
975504612
339969907
639693517
920716617
531475136
101599946
719034840
40162291
220208206
753425840
22716134
438776418
405726496
27737543
118318921
531742926
737283862
344675699
512811699
294717130
136596629
173986972
158254644
157174608
428990188
375971110
841949226
907749464
446848407
868503622
468549285
287534039
198722033
774479000
435986189
810667435
129573888
454724569
744643318
358638672
237695564
56133392
342102086
569108243
124176445
212330739
962416808
183036734
618955639
509531709
191817253
178639373
386297381
331972665
942269240
398269221
854969934
892120561
827767137
327181391
306393915
287109594
231572733
232081249
492196096
559669562
722739137
508119014
461773586
600060107
417328087
664872414
645002374
501907705
25977799
26216321
298963536
36321027
688639771
730737099
483255992
841613168
104541523
640664092
856323145
439154338
585468650
183356978
297228746
937870389
415934482
322335282
216736489
172969239
905501408
618331105
945445329
335438286
253355774
928643936
177436547
173482084
81305062
79219133
459790617
63745218
517844743
88146051
934391447
751927975
920465518
538534476
970096034
421782085
670296122
531296339
510101058
960147351
454846429
173658058
581150402
154821388
288189107
918461201
609482677
544806661
453607209
324480890
361698652
525563237
591134318
785009616
645599685
859590999
324726395
808425878
937007215
776666457
129939606
640085507
610619702
356820771
509089914
176578562
337922776
268975538
386164594
810901843
825771565
464006705
55018940
264135249
345302728
245611660
399723037
677412993
48175881
633233384
433131076
484204338
277946840
365693554
283891476
526002881
537028382
789205991
168265019
678930669
157269735
758227812
110747318
943036800
455961194
709936455
974146669
467534832
194595643
182885803
917613333
293476573
656417749
186394749
480497827
714216001
32927370
50413665
316031323
360045342
509502476
125857162
551709013
432048789
952182762
52812188
626550882
115001105
646226309
514395873
475505308
272101155
532937661
112411325
143659587
597929718
735661624
629852811
975729140
430668597
240347786
200159602
409956757
498194216
365738250
739573000
222624979
881174652
47674247
808306375
316073466
979010129
140626540
392285658
206237624
71375952
863897122
640658527
280362880
715752063
218454602
614350995
404225798
189525604
514914741
93173185
824480335
856453236
123492502
257802678
575136174
965373145
57281314
634677694
418354091
586572158
984278884
257770149
581643649
910660556
513648391
845909582
20756310
175773579
667167760
614180125
404528484
808804834
367835180
965973731
874167999
355270509
8911298
263204176
761730595
955150839
627181412
402206956
38184739
262277060
976199213
341848915
642382633
259681738
945615883
81436123
853262031
847435444
760391307
473189560
303938549
588769458
857300865
451298804
513526213
345497315
305684709
789763284
960162887
948046496
243299782
616020281
983982717
499644058
302165837
349336277
645959007
925619666
31481082
394880873
363142189
493822789
922631064
698008855
827370098
786119957
697929342
536783308
362277169
864969046
139671668
792628239
969013740
411258217
604948760
720542456
11223186
222478622
939929551
883508092
528769030
272975926
414053702
943036800
652982737
293065763
897363793
956197857
340172433
596175804
604741452
327840055
411875490
32490520
134103800
403479228
34187922
663678422
516105034
150905119
825509363
932462458
936210356
590560574
949175406
981074246
144410316
547544407
502166159
196360650
521454162
784111372
370249008
355076040
494483942
249794475
16195989
582575591
297550001
661916424
289535979
772744793
614776708
663492545
869010026
543783556
607974849
564350654
964208492
437059678
212765987
56569114
968512791
321255694
484107964
200079558
178665260
908391313
269713998
957951511
245093006
975456834
736717859
254466376
23788402
217100275
307031996
307048096
687286751
553329951
836116893
355296100
138671322
765078948
518294232
493775120
879553065
30989982
232365127
102803927
366863493
935437049
545757152
172523425
555818506
286617267
861288648
97949938
830053969
812452342
666820209
357647435
891142680
947176222
848395091
92176843
345754612
297399924
391709265
657355366
180184452
254914763
210606734
905275369
576241318
635332756
879784180
856816603
226565384
804754661
664368781
396251526
2388279
834648098
709784168
752754753
127983179
188909597
542771607
741501468
89480050
294919363
756843980
56550579
182303530
413796928
802031423
242168666
228814442
231853334
233964089
853872195
422652196
364446269
786678336
318800500
144874676
42419171
825401312
662102174
727183769
312668175
542210871
749603442
97975122
432208710
976071258
9008620
646170848
670674021
771628496
384223231
22198015
700906995
177972056
648452989
22800110
442059878
669728880
323641088
1279642
496219203
497231843
148814491
63374682
45546613
89353484
795677247
494138073
209332058
554013877
558434148
488271917
419124863
538253356
338956955
441592628
969577496
564185125
201818637
318073913
700132492
273226376
713849491
326439428
981679954
879986982
716027722
546750320
578115861
50608399
36795512
924291356
104541523
619609950
419373351
323641088
655498594
519134649
353799045
250258163
391684819
357845783
138378438
923512496
741469680
532017076
467524019
719228431
850683881
765673624
292657525
575317751
734213261
426114793
165782652
747721573
241892959
665415854
978266621
894408773
643633790
46532308
8016712
418379770
219472877
282579035
749798059
488836791
859461656
448765384
230393633
740744894
778149128
48505428
693964630
846372812
402674531
719447922
888060630
924054732
895997301
93823976
886559291
458409607
895730827
274416426
745574042
669446740
973509567
428687200
723065369
807849912
329117439
917333336
915086282
259186748
139610608
820447735
524244527
51474895
105412741
710722976
577492368
223029880
939791652
335061775
705913324
849752687
959557800
922850521
382512022
842861543
402903765
651127534
607047582
585539030
767143121
588901448
228959552
302679556
357666030
321624222
416700510
682816796
58527506
335061775
901880612
410647712
417046
503129321
171480325
116091669
951746209
971644441
606232218
18683528
30778449
415121719
74945203
495732184
937574130
758411432
62903609
307703641
264223587
622921665
33786494
522123733
189177092
534453225
443172572
788909762
610639356
926282471
264939891
781716356
32892127
179896328
373563669
257243269
947396124
161568146
69394268
400610970
489891545
449450835
335386396
969925439
427043719
705705216
116389507
94066506
809881587
811046294
77039922
677645335
125014903
859102651
981629684
693295654
569173691
584577655
603983349
188380770
7110267
229591128
932923237
487635616
286304272
591981917
262377204
257244766
260023700
830287250
728189071
585201086
823122364
158790497
729923248
254170955
973073160
426299220
340684590
172406064
853982509
571816727
895189492
28877456
370694480
526214087
91146290
865978947
964296363
938819165
728592533
589682934
145330635
622893065
432983737
643196476
355942832
333297407
80068212
501047751
475944287
612861991
908154007
789617064
571511043
295036761
422697299
708808535
897775063
941277348
558953342
485902493
972357265
67262318
399408851
170356106
310911052
627296478
359092962
873951142
973436557
600196408
314959790
234973219
579217844
594631187
337436399
597308124
887181462
468824326
865186385
589217865
728911467
363964098
733177841
416063874
106982285
936581017
249871766
654779283
940787006
104034956
184587709
349385979
589967779
646587649
564017689
342307617
705293647
130738194
689340087
953545754
298528088
68639058
660932891
578763644
680788242
205282784
497295865
770914052
189049710
765078948
678702569
219769841
541151206
242137468
949642009
207517424
913106455
891613522
601045692
99830215
276542834
560959755
336097594
256275209
836397170
430813821
504574856
426349191
874119933
53270750
726095031
381597974
227075108
466655353
208591618
560471918
464904901
622880270
548764834
411304450
128167582
262238180
170961230
407804946
179210221
311338431
403777869
29463958
385188549
441155976
120872081
535670856
285433621
478130750
342625846
759447233
931156786
322034951
261796806
109931062
12997753
611164635
181752603
290126783
157721834
660013682
181031303
811346268
555009562
872929089
320952920
696411168
177707392
795984959
877207495
334741880
798051465
469118828
903367926
793464574
195678715
226933339
869407072
420740630
864231113
281011270
568639672
875544238
62051672
404925352
968444518
647015985
166468941
803175779
130723359
137297926
974613275
232447030
82466060
378606405
249989227
658270827
823602941
754490011
5668781
850047551
437365510
194110789
651225099
469451331
734750787
508890352
143603028
355025565
635748824
607225643
664556724
411591935
508924025
454574734
350340130
451678578
753364831
53016397
270836630
433374016
131301249
307349646
901631401
368649546
135871647
632437794
363982445
94530533
162382163
226748331
624957929
443538394
372144294
681444379
215847651
599179038
385245387
472775966
635786161
297298670
633395328
91519524
345903247
729760773
958431042
575951560
938240844
709354346
541825956
946176557
377293045
269399848
496379418
16906210
671770711
148044524
532196047
889781105
529259975
416489878
540894918
564855111
351271958
625629976
433548569
635294138
903239464
776859201
499718604
485778269
70199054
541086143
602547660
28697812
506125328
571205151
69863922
729537924
492209800
681634825
135334222
771052236
307444752
838564353
468600958
817745830
439769447
384567455
608237271
749270122
593339111
335386396
291795117
472224729
726433385
512526001
33990453
757480018
558837333
524914685
49868790
277932001
786707800
278106724
856766908
309525917
788000477
899405742
231446572
762912026
114836710
732344415
471683686
579968180
891673904
746993860
190441581
981854953
325013098
41684944
775156775
638733848
165305002
148269263
817206703
349815509
264408633
697468972
141746265
612099753
254790256
804868452
495102466
797506317
652058505
235838251
61960765
681016716
309471629
393011190
590631210
833020800
906721167
9964507
222089475
796429998
315471857
693628915
687697750
232048360
483181999
537856819
668036678
324631963
734880964
367301702
692813492
877576592
943704903
389568343
934216254
359438049
976893080
577609776
877359186
577242729
528111267
558105870
695995429
556192407
14380115
663193680
51547339
295318576
324647237
148148629
190824451
208326221
348865289
759131143
905182890
863772708
513222957
558450309
599051759
94102117
287596284
33978386
128174294
486808401
347014538
520186954
755211756
19553780
81614578
706845535
62497525
596460434
776060760
768252517
291337450
579583366
264442475
207829904
738443494
672964856
673406941
72368233
737834451
523104418
590642540
939295825
947601739
754304054
449489666
137129434
81370403
63529053
510554115
299109821
901056688
151080245
57735169
442161828
329501274
749659553
61974598
773404148
322879422
211385227
828347726
231952789
315600256
48971934
184320153
487015698
361963654
745528430
744626983
608712949
787592986
331143623
22131473
40210487
602743287
648728529
276091668
925513672
266008949
595931006
865616193
688320227
608229936
734939085
760699168
114731081
327489380
712266416
216112309
630681914
963256656
779778395
540828539
203235952
11662296
653221278
84399590
35532757
619232788
16562803
53789198
448588748
853437758
604546622
454177412
68778384
917613333
180853345
52879630
356039835
897394707
934674087
789770978
100203316
830588743
952047709
491590915
891836380
736312353
270609464
42418797
835145266
416010802
63745218
721306741
568757939
337997143
14368101
654435391
434530781
880463503
197381616
445910246
304739518
159385285
801233861
969225041
423265517
169289574
220451857
220775766
485314508
298126551
902221831
538544472
635106371
374562936
310256861
272905729
734277458
19972040
495721840
694299279
470352207
929233379
976798148
902202559
33300728
100874247
941532563
852536924
338981594
619260133
492707531
329341017
784280214
427245461
224416745
86073559
853317497
489913424
28219655
793107551
658117294
652384710
473003804
142343327
931617303
980678470
784428286
980931938
528070624
384192261
493917117
242241526
555746012
136675246
407413733
365335531
591706368
303369808
714214121
748323794
319450265
21918216
178472855
730323913
42979497
444475202
930230148
610254672
414899021
421453623
490621376
230546227
508984215
421098423
327074861
574540887
969456061
930770115
855501196
935057025
880765405
268954789
858601014
464411021
700070247
966640325
485211996
457881766
260975777
40051803
807794726
589404066
494418686
302513958
196570494
690283737
140652701
583832025
368211385
952717085
301794716
530200751
115221990
532736670
973872869
737239833
811117677
465120454
445189523
440740975
346607449
596181312
184581283
510917229
650774480
170370930
640807412
531196451
78432901
3137095
359921353
279497374
480463390
730726
525062157
698432227
50132390
958575965
265104871
102919604
190204614
35273596
618645111
508757809
637858710
310046202
632713160
609139006
73477214
487724742
612184973
460767815
485887900
544863174
697655566
310319970
365646767
498698739
18429207
264246248
269986679
828681515
429043853
675730793
834607282
584228486
281385467
798506418
527350484
420729029
733449023
46857143
805671542
531083455
813053336
220033428
918140482
233920760
906298377
302010379
218144354
764769769
355549363
537446757
249227938
917195824
471829292
659534947
214997602
355951102
360585164
548109654
728132412
540082085
272861384
622921665
571826492
648506644
462360930
227871141
902836345
18837933
150638693
957518807
281508048
620378164
586160340
302319922
353938789
26304756
288797410
675968122
764870329
600919951
89364072
249148178
188380770
114384856
739491715
22193145
893639747
23454049
481769134
144975133
282579035
159760850
662089438
147662468
184520070
233620698
805089726
76465645
800148118
63147970
491778581
467254558
694188522
194067990
860622888
571044089
885442644
320643304
521762010
349378808
391356056
881210300
62231326
589183455
783998475
225704199
385245387
135568187
800096143
356326710
505595482
706014078
519031613
499231632
825509363
798563458
130762030
11960407
261025645
300658978
941015002
935518850
620384582
11026557
241132516
320140
825356766
842685841
588293346
656936468
496549819
958756680
146640206
200345244
505365524
341846902
773278337
838086481
839090237
318530808
70620819
846737374
255863046
973391542
144706217
94510440
894936754
968650139
231883820
373835633
606461536
875896751
541082907
22867719
667939550
708808535
742382443
537985250
397381532
260899618
298826996
546336143
537213924
498275978
874989837
570981915
873160098
713445882
627061415
61099765
367047651
879357182
152784097
867669734
15787653
539054895
651271725
113615906
948320177
935901138
259341412
184076141
521211583
666268410
944848931
226996454
494205032
561191788
748530384
55307646
724165573
264872995
546881245
870745258
485202323
115701664
752770215
905490456
938688608
409131750
918299072
675962883
778610729
646136424
461528018
103001931
476627938
723377321
409317531
713267289
440291801
868293550
545060788
104695496
409734331
646303592
864368610
241751862
526191689
444507587
627888366
66360349
99458873
727761625
284931890
261911642
713509788
823329970
485278264
645844146
255731457
263841549
289486092
49772782
564257856
771491507
351964437
421153980
812815064
662021591
130926965
937604545
653825780
64051605
271283399
379096672
390333094
524758590
123400955
165846602
241360685
569136099
473652215
722695693
905619808
836806079
288872390
456337525
895866967
527228052
740858564
980312179
186181014
897145115
17089
162963700
426401858
345112679
443262680
541144375
317040850
708943023
532481608
772979055
62438355
311152199
974284888
490455916
273404152
859622476
423133700
365741189
940686472
886091487
885951334
249620949
31230599
215019230
345467227
104332346
11355543
338862208
62402718
451778769
719994074
379671770
925701685
702991609
476361050
879805702
70407591
702194783
586148200
636473590
107531692
454607978
318236698
87528660
51188552
630986797
243359502
133020734
835686404
328419513
561302516
637408398
895627034
251808415
421359901
32068951
191534666
114430035
872419529
840019131
220781380
900484693
742466545
403690003
256296452
422403903
385879519
969970027
278562773
574876915
144471954
512706300
245711454
275093398
189381882
122007442
717995764
951718325
70921755
964382682
244252204
575932666
196620933
604776652
956555104
463096583
613375102
159410566
68603834
405191797
747790515
787045156
506424273
238711151
424781335
700689223
233467516
654455422
825558607
307670840
702577364
603417003
873125307
367705609
402946027
961459352
486376779
85470608
123538171
610751867
674402683
151848599
986155538
931872985
733185601
507483042
498270112
643733592
506308139
557917022
936425195
192524198
340140793
375450834
882252030
883802503
194434139
661085009
659335000
255548851
918216946
307412810
820440318
787136892
316971366
733250611
466280160
571290467
359875571
919379304
575497510
136596629
106045374
13769163
674411607
200260801
93516841
528523903
830263243
943308916
459978070
593228248
511166992
437473344
130975536
527765334
953122673
440654007
473822542
347995503
375435405
493959174
657797164
206169236
933392401
746278587
900362478
336725554
103619480
754288443
791093619
675250399
799211417
881354651
526533698
670891958
41399034
869407072
486065346
545757152
650103660
361050742
77402392
369581271
511694694
771802831
496178824
646198954
699027488
780670857
514408889
197346522
719904225
525156601
123756534
544270419
629904973
188247071
250434710
836029536
326495068
727939285
910490241
187583824
253951784
922572542
724311191
121086279
748055801
841983878
847876937
941605595
762297490
416990102
237696613
437402997
364804917
501183261
193991128
387529855
515599661
656502982
162501456
364845776
419695386
356005448
681605403
717853664
128916512
850880629
402206956
592739425
448809742
666375111
334431959
973464800
424210900
915315164
789521280
214700913
26370481
274864820
388776683
903962792
439710458
629256372
272752890
824443494
547177796
551544382
603982595
74398205
19902754
567363829
790275674
74663425
719333711
710406773
235833100
202586413
9463344
903392831
493028225
866670734
957783691
2549832
929301857
457220609
20750973
451823324
319572162
587055284
590212474
968152446
535531857
398551486
771491507
499800818
464080573
825564400
181387288
633074248
884490085
334501684
542128816
239390933
964588150
568447243
958484218
453278037
559602173
519710446
764932694
939283669
298033524
466442890
125668045
773970786
176348628
467055519
646277938
103719979
318140254
963132710
93944670
643498656
367337232
771960672
271033556
602069627
266025654
90112852
145184413
561994253
215034142
325757769
653276786
128268276
592330724
810260707
579909501
45623264
208777865
961767029
197350475
563750582
968715014
8122768
576616530
782381465
140331986
178413788
558542624
249566011
616591245
170470460
77335133
779558671
713114245
759568437
885451141
331607622
798995765
571377608
758195424
757336501
255578325
895820534
18245219
717095673
814797003
608407785
102315698
709297469
846382846
116482847
293355739
714356437
298168509
524249497
680560260
610705191
675950990
12384669
785715062
737703226
535876513
374562936
887369709
326393004
131498013
675462610
5159718
679154348
198555521
842857856
677702124
196315363
386580656
698371111
689050244
241558424
673824203
771143980
77964912
722362997
275281304
513240945
344202902
714519887
193648127
590070296
137146226
248771784
208552291
344128949
898673277
949043749
425155899
776957757
117599543
361050742
129454613
44526684
734842048
190334677
302731257
648653758
775364884
574495508
857119248
525782983
149259726
632259178
195926266
367224633
474245158
30202873
873679203
257757276
155536434
383784476
60484981
364812242
957959719
84359832
482003635
47711170
500670284
636657468
495428574
341643096
491062991
117709671
941565915
850672952
124934486
953127064
428525495
400576180
259719910
10516536
396005000
505451616
202032664
374909356
596425723
387240062
730471089
846037706
255636597
769582699
273574840
450279072
797916849
699980452
599420927
564327686
714130991
885393984
953110051
680552457
479682784
689378849
717697689
434191690
182431840
235162399
340521393
975385937
579789929
922436541
485463358
646837093
294574896
212187528
269260357
607737595
742789680
273581130
598995568
102895083
423607502
944519727
368966414
828629162
302219067
852854264
576249813
181045044
276915097
727588245
322891542
832841439
739210129
44723009
455322470
375477008
551573394
11960407
367007674
10671416
952931658
692692621
74096116
400769188
666147723
275329732
213718358
252828569
493777370
757290262
402160894
524311737
342702816
215862287
330639697
352155615
568493142
260225591
774576467
618547176
490820970
540875777
282260095
393771024
109092163
49042075
164124539
676502744
503371239
887620796
165562826
745848955
340686785
213045734
35033619
133249186
738596758
131834803
695654904
824573065
884554894
215044027
355522461
427624907
244972458
86917180
510223458
289046349
782509454
918319519
444735543
332717382
2102477
53108951
768030442
449597661
786866627
146428540
882355673
514200065
809352363
120411734
722003336
499205526
688906139
592447261
857300801
815159013
129415595
833296116
886969111
767672148
856676292
781965882
150225381
881634441
649113443
10510115
950533479
905001820
954372660
944579737
199846764
714362664
904797430
286926052
565854116
695590509
820447735
91414267
358717977
940341713
974684819
488487607
545447815
210611039
495744451
171454388
579562135
399446814
755431560
859443023
894091716
929623964
217832834
896351130
765367652
805680230
274150569
922478138
423925319
891063781
950863215
560817001
973360075
1362529
253176389
499747229
290979331
261990518
441139311
332499852
457033996
709364934
148372407
591412538
708440593
584649641
301910081
912124571
844218316
228627764
760751408
476757127
124015636
94530533
434649529
326108851
324605558
276519107
398304435
879921606
505103261
280038322
244915175
649462726
702194783
664079158
838721110
140759992
770883909
489278201
346554053
692023071
64258439
880945634
852851808
918140482
331731533
771181464
872065392
785078845
472102810
71917554
262902459
238785651
724763408
850517631
858040952
146423309
583775661
24165218
20301556
133773528
463722233
507849955
264626481
159789215
484229926
884833990
528930596
479351024
688147434
454237554
260027698
277811923
723658243
393200033
340853121
59128959
283554432
103397717
83287544
549250504
894393361
589717642
56986043
410637564
724727308
816887049
215346667
117575837
976886011
932912816
288833605
87746546
670462110
389876309
207342861
758841421
68553588
204139782
584973993
47747655
739210129
321274976
748122898
485260759
838898124
489985574
925610700
913237143
106052144
188449021
154687266
349407479
938561525
422308129
420713484
172487084
471968048
874324226
339910261
175749176
742217640
853975217
683042249
294391149
465977477
284779372
136709312
204723087
866670734
330474750
114695950
320196788
829409976
264954069
675988330
84354446
97879266
925684387
186346262
628558071
297432797
729004748
121223453
102549325
140454251
799002091
299850867
577893596
223602641
842429672
14796048
415418761
148014539
754230881
86752381
354913931
202459181
349539959
625333444
506797683
150591722
242099554
641411920
670686337
893737291
851693273
311568588
28377345
471402673
763302243
841600259
47352182
100076419
724325874
648292010
281093627
240711416
757516856
678878765
662663245
278934444
151383554
853952987
33309259
446937210
955694571
667199155
77383002
552870788
153189185
127766630
684078899
680063773
604478380
29097431
685992992
842507980
106020620
799569969
928134376
106096389
956687439
385111305
929120265
624181884
872908751
20910253
131345844
752922082
774470384
795996381
879409048
462106917
280989651
968987273
213867860
141005321
237410311
534741193
523061116
438065304
956099382
780695093
836393093
551285045
642752110
865975932
352785722
141230446
198969645
367230935
171289062
402733679
374135695
599319921
769038386
563387482
811593581
78843131
515545693
251262832
162733660
363326033
383254933
752078610
672225758
372767296
879480951
598853652
472379967
348055920
235788725
141627884
309228726
245851277
562449302
612992636
328507072
39305507
100858768
277749563
223457059
554471229
484621981
741584145
774190227
945679559
688340311
392541234
52752806
16479933
876787169
726183760
355995520
300383467
642556400
596221616
490180597
513161603
227871141
355406747
328185364
210230034
695833108
910583027
644825359
69407570
772554975
707010966
524767797
29658004
657720258
363305383
602972952
971566440
120739584
163447339
188449021
666147723
267713647
725062927
560316544
244210493
679270725
324385761
657355366
891979465
738357646
564408246
16195989
328419552
877076807
54423819
733835068
827860227
824958450
691346987
33333867
365312285
776404261
656430565
154049842
234032049
537729722
359635156
240397788
945777179
533857257
41191551
643263855
985714177
605768653
314664203
432208710
426438347
25650354
919228759
234398878
289535979
838650204
350589684
139425402
420600141
455420698
754265537
339390324
70724647
817021683
829745139
662671084
283237596
803529089
44930333
675794954
467803720
983426994
132551981
898032930
149402756
934199980
853527896
912948609
817167023
877852775
699138833
187536104
836749764
125341347
151478063
327978195
965278181
307236666
511503442
963248114
75375683
576930348
679434337
966671189
881569454
878742255
975550821
136482342
857538480
419749378
317296692
443108508
776082917
858848450
153225553
115342056
482353057
332464285
887310483
467218281
621782319
713203184
939587133
423587120
700408426
472338723
87990175
602991415
227417825
533499531
181752603
353513606
300620480
536393518
203347012
761544877
711816076
335643866
43761640
443278321
887161603
182406812
161388397
365789546
569284409
852227451
1661979
658291199
35824958
316676519
92522162
770891593
24751522
252749534
650071589
374440287
519264895
665772304
825136980
943637030
300474102
941768607
562403312
376469053
493927133
385999191
279790758
361807071
415978275
795882610
310607658
406141918
472185565
616622372
400713635
874945334
923939294
342410714
726148728
300383467
661283421
146378196
573520709
123828606
638152268
554407271
238425466
495979140
824312765
981113060
483408547
578520440
192816608
512685209
443941583
147243
148725503
527547436
328933516
4804553
220549914
954139522
624145596
144021468
508855182
334718441
651015939
230157305
522784611
562011268
246008120
132135677
294776483
52070567
220621455
384601121
884582409
625852361
706651660
494233325
349363206
757798472
948136857
453529645
200194081
525782983
841226997
593126423
68059502
121353821
39634876
664696843
484420895
626001089
898112527
406280919
412397608
387812756
869780661
243889090
908168407
981254558
255431012
296399887
830572628
594089660
65728543
2521771
939172211
480533131
242008736
49791190
275852082
620338574
237855121
680982565
867667495
872898538
970507284
332909790
713879696
716370732
644296518
559949742
891403563
747665497
300543260
222431762
835357056
948434736
471967708
535071227
625142891
11494826
365958179
157516088
560255855
227947709
343751194
479567855
17668840
438776418
800684206
10703796
80511782
36872122
358211645
978724611
678606928
810090427
630291549
23180446
815312959
887877479
892581798
746535012
227878260
921629839
443508121
201201594
376289385
835007575
926320799
531459000
325553082
491345147
364141236
963750351
247197832
483401090
70239735
757522261
467539237
465383113
488972442
738359501
474271605
92538148
337934294
622483251
71722537
24097679
395252171
933145668
620502374
40010023
216066495
313181954
590622143
796542675
610097565
162501456
411372967
640205775
863894915
154698808
185830822
637730755
503792988
810938231
122109471
688247035
109609253
545991577
813688869
507786195
170685546
832922604
553917094
543784008
607255635
904473469
895969768
844576990
629903303
82502328
695765266
743328686
442729073
419607859
350302874
885822736
57668670
24317506
613768582
566980095
959315304
125778331
315401374
122867953
753687622
239832275
869424297
388344936
472732097
978090636
874009441
571640120
318800500
669959932
557533212
336531124
186957251
312241732
242837937
546948392
761006162
911031613
504302369
605362447
76088069
651593321
240216172
960617299
25260533
394436399
640256342
58812272
87627282
796251682
684156282
126768466
73711036
912658729
808374774
104315071
680495793
514340798
123355749
177978912
862174037
887348276
560852851
23069859
243055372
606406635
793762229
974862700
890219187
934442815
456201026
138870723
579931318
760870463
568147488
406725739
559681772
142632020
962032372
923604696
190609643
281505198
271264565
861509729
77439789
740509851
180074472
471829292
624957929
535670856
313178389
589217865
613090659
351136737
412741070
437507879
432154943
769714358
535446905
161941977
709171278
732596512
847668423
501708038
185425555
721579198
520856164
80370531
504287706
734955997
553428117
366208904
199090585
791769981
727009111
45871679
389075097
458175843
73642718
698710979
330900040
605155048
210495588
741278539
898079483
173131079
676502744
428055470
162038896
880116321
171950601
223498137
187177917
843755286
357654849
306418104
561347485
514340798
222337152
682848685
181802463
494850004
925850654
724658513
537828033
364685421
483033335
874700662
291098310
516609585
61467791
388565217
737965150
884554894
635614508
279156879
286021205
258793284
35496308
437983577
591657054
693969206
705470831
706392118
362947736
184696391
137383789
692437836
206446490
367117469
216139898
426966401
224829784
141873907
54781807
238767003
817637134
929161336
509111775
70503445
256311511
620780049
211438261
543261832
106271849
548156996
460375318
249565095
517039636
796633164
248864715
798701885
429117161
264414345
84302510
230845979
219210092
482521936
180151497
165233566
298308331
371945714
932145567
223863472
695951008
628407419
80422944
469173863
640064295
854609509
610628281
89996996
900446983
554912434
973509567
449497093
623514721
328724659
86289320
488730065
985905988
494207846
824989112
95505747
525900590
848763538
810634480
140679917
813151853
470300494
532660309
636903879
77485876
180871185
92660003
711861744
643318124
892995012
542027811
404275454
117249093
824443494
556302195
613724550
86482920
790924862
718694569
796598654
551521321
187772488
408938725
665112916
934608679
686938815
127861276
754782262
336472462
545991577
240544069
285512936
667090987
577862772
795004217
468694291
181307295
341825307
971199607
334268200
189671668
438068836
429411879
177632480
123883630
501252850
820311637
236459299
511748393
961640841
832621110
21182001
353751416
860478040
641866420
545723692
11670242
788669913
397551367
293025073
180046087
804353957
709525836
646431752
189538734
943224299
291761167
590076307
169554182
839000635
512619584
631791820
889454158
78210963
756182409
23489130
444615114
686966229
24751522
876545933
61654037
571793926
781035888
120084789
153921674
694495863
457189941
202690697
728332030
316975964
584049136
90234004
510009073
814045926
962767750
820743530
384062109
696797651
846106686
422813312
438238660
13558529
3986421
554707177
28377345
489081409
333981797
493787346
820669877
542477607
631537492
23397533
683630089
19528711
504177683
167669938
762607762
957959719
53159505
452847287
814977465
915628160
523105383
635118383
147455733
302428120
205296103
915337285
523989491
538911529
49791190
702684892
563945269
15056980
905821153
411650462
210209752
472766991
58324337
64817022
477378935
823360011
330668404
408493087
394088400
19994952
980778904
565733897
405517729
44628638
76544662
937301229
838959872
364487734
9130554
167759113
879518984
311229594
396417478
537895697
300246370
309458814
294712154
776311715
877080200
556756553
935263081
223723459
943162818
122343706
911509711
572185710
932450129
215362991
177947769
300187341
591282474
930130815
162304505
739360022
72008689
140879711
920380170
149077757
884753293
466205552
933693214
804326768
401536035
697627328
43990343
50869379
211735244
414197050
652133169
74551358
668657170
578255089
875495531
906890288
699357960
575268903
787188576
971753941
653311921
777105572
562948327
471904313
576751323
842703104
712407297
738689952
629838732
894420195
740305826
658858976
563075218
839336956
898878363
432602542
824456614
540243355
66098905
436981097
388848480
222525651
279913239
417680867
154994623
259958983
151194766
310984522
303692269
218454602
346205687
473420683
144919160
711583487
488230410
127900669
502878780
365276077
113632164
838960263
19033070
82912734
357229020
255872589
963577293
684178224
522829779
48244106
981397852
59610143
923524021
724170539
863047861
403726405
983359638
377780566
145314186
853261135
786334711
437307322
478255537
42301903
776172552
613465845
343416824
325195221
83251771
223115539
510009073
399958135
580247849
205103689
514843814
499205526
340927658
255762687
742955311
616042086
807625390
794928153
103263312
984541094
138428933
953669409
91519524
112645203
567881201
258132110
216561789
888437672
143907510
343416824
485625969
488846786
408884252
591409533
710208676
926385378
40205416
202262053
779580236
247549507
134654988
236514405
952047709
306504685
567492254
460582848
478278410
613496985
451319656
354550552
402632802
705791971
290180351
169827678
84988126
118062340
475606703
111858141
697862584
969166754
448177230
353639158
968269945
225407505
844612786
235776217
571883322
142577206
253900741
969654267
14640965
745562862
844920363
528290558
835586042
240508842
597311081
405477986
80807748
510799965
169890158
554006363
157979283
395091163
864678468
555619812
523563121
149373204
341887515
787705204
345151668
778033544
902323097
501489981
873696943
529394815
236864554
121334377
961240038
552259626
707943277
866419121
228511664
25357251
173690949
351794254
285502145
287251917
86472501
920225142
729572656
751234857
107684258
773803566
598832691
20119053
247914453
86148078
725931529
767977355
20311389
120218555
142754783
65395088
721054509
140499723
891236340
740631894
507716004
430676487
838923742
252718268
268710516
552884272
385850295
859216544
639105308
256683532
158099318
232639676
443690972
437983577
927838513
64577982
409891888
147694159
105247185
596994314
398155849
943952257
338981594
395354742
428846391
578888581
230896063
739689698
343775446
497804441
381930702
559022506
317573903
626145626
424069637
206411472
35698065
306924887
99379005
124464399
765124878
429580170
35017856
723612266
656892283
732070755
697195136
532676223
131474978
615863370
618288740
599819953
376071869
731551426
820237047
173368124
628512573
662215295
234241361
921441197
177772902
636173938
550115470
893000104
391645083
441523620
27250222
398117612
277547244
84999562
453996602
576308775
719734204
307848347
416674177
256487563
238425466
879400464
354433245
639423583
560911518
94934928
1414677
441385614
932619792
475305990
652227624
272285703
373568125
221041845
183467601
713073211
321198341
539154225
538686320
805544315
694102666
131646935
198162886
833245876
518158493
681575291
749422591
299225093
149956064
778205318
93021440
393811005
900364045
863205279
95081471
451064374
641478075
566447755
150900942
295944601
933161043
387058008
343129324
349393569
847491206
176616299
130781945
49771516
862548282
511360121
206220682
31160396
960617299
201027710
684150925
906375629
66927539
377981814
771713633
694218815
705413401
928559456
316845908
163640464
833075687
150180046
819677576
904175199
703843300
845965747
834608825
189209353
15558943
464053462
785598134
913392760
129513274
74062409
511748393
502507658
201951187
893981963
849356026
187520843
637782607
979354718
811686172
797725888
801247303
980076610
477690722
899183888
304300889
969721768
377370141
855554842
242778835
423380227
463750825
148476037
495686859
273050367
231002244
411844063
771027658
242837937
751183403
49547524
811505690
254049053
902322008
250410278
409890494
512677687
111952248
634975985
121826679
764072226
946382095
289692421
1258304
963758428
368501922
653355442
421237766
167981406
2950274
123793359
982950509
422502326
143794556
66048419
332692313
278190187
437415388
229296220
921892369
456205947
598944022
93989276
96301056
405665935
309366690
520865473
735601744
153882632
964907956
67489853
601019753
405802066
917214854
945655713
8372459
922728068
230766368
800109491
585888274
29333979
715630324
146031266
857300801
152190960
964056427
853774325
668502246
23848445
411126017
514915635
452827176
452657087
652227624
365553618
415450440
356820928
296609629
789780841
250295874
230578931
701596722
732971714
175309414
274645788
51862629
604313416
603294550
453524747
706443773
932768212
787136892
655079550
863010602
882553225
129817341
177520256
368326821
445778448
35317793
330401093
398028114
107889395
541325089
336531124
814789061
260305503
815088457
355963157
420157278
180505483
792670266
752864859
671856537
443334889
345034314
202032664
971923134
24265254
558579754
42042876
454822767
830065799
821084444
152688664
765301259
381404975
95471370
650335568
108504956
528128102
869294223
25099635
630888518
116601778
794860814
90282365
979947017
632037845
293210626
341649151
667201284
658393749
717960514
50661844
964056201
94230581
255647063
33230377
395258100
895969768
373083751
227926283
213406727
345253137
562608791
490315291
389342799
655106528
180784015
128603610
127624785
466612418
945656186
396447386
96322018
785645255
74949841
425778182
276190752
660423596
855546258
633780593
238840050
351365735
237774552
795010142
158298053
253819959
24861901
52812188
806453621
342001234
510487783
296932295
348004706
233994520
603783137
521376109
281508048
372826848
784954730
763786426
419695386
430071652
834334721
811592858
465811332
3009667
343537476
598589485
40837184
194135475
16178889
42022949
349540479
587564455
425609484
341019749
72063940
64458514
225537920
302418705
686968365
188900927
51185179
247480314
602124843
637148825
620240553
613168203
653474781
535720603
2765667
558385086
111629369
386412451
910688095
961682357
296962159
300690405
521166380
103994291
190891175
390737703
656105153
236977483
974287972
438524278
721086069
407487016
55399112
763925332
481001076
923788223
369082944
631055962
309390525
786911681
843245264
167595338
651740423
527146454
349317596
325012276
388359875
205463008
260208036
902202559
305760121
935205111
195994271
15026487
214870844
15722710
371135109
654666590
482787747
330575459
410647712
402627889
132845605
486360928
829360528
211473282
881355809
732390048
496555397
792099806
627841471
273545878
534293981
440352381
402639454
600195093
436910937
798549186
134654988
814340305
708354570
923818281
425904425
885191350
442489785
577879281
805724743
330677234
194162
402866512
27029810
249550531
848705986
851165085
946463674
263731813
41392593
204153840
442412823
676180379
754508510
890440183
424722045
954975092
134349563
476466865
52451710
286988902
170800023
720208340
427064002
240747637
347064199
413502292
65008093
127775673
976030526
972678942
119226228
896231869
98408544
351267934
126135153
958471320
890480543
547312284
862985744
629642659
211929428
109220475
266171919
118434384
787943538
519375005
458785172
120629522
707762926
82641642
764466298
105293155
413442312
580825918
692961796
353386319
631048801
611674993
689294077
690963368
276970731
489085863
712137236
686741676
890769942
894180260
843261868
454287105
271730520
383490488
715653001
183265820
811105809
603274964
774139767
825166352
457667500
390026806
799903129
946703395
958883349
453131838
815159033
581697624
62844757
457639543
77207578
339670666
813967037
689291286
403254908
675335569
395811974
296422996
5519536
917889268
244020532
728884554
668922810
945781276
441838132
30314466
717438686
39739846
675534448
120634449
55865703
932340555
483966961
377645633
110139671
822998171
693796917
175198039
795020352
231811878
285446515
973464171
742735663
960130881
218951554
280069043
836719848
161169529
386276150
531798980
210901293
815963362
102599203
857018265
470810954
210192020
294754578
451343353
756978218
939828788
746037359
544795289
681883912
105788454
524310686
436903757
284309842
395258328
728568733
419902801
547449775
159210593
543613048
842432872
36644720
720138248
155661013
230404643
567837286
695891745
947236174
9302057
98250953
101422158
870383138
405733584
152528696
822366118
255772469
20702510
738643075
811105809
61654037
99763628
384171575
212357707
950186092
965737763
265265780
310869723
542418709
607188910
475764236
201658100
707545247
288240587
714034197
469706524
399152337
541663924
591469038
738478262
846487431
915932377
205185094
486939125
50297793
396822510
919420281
401507611
202796221
720775168
257832914
680984527
971647340
767829416
972343028
264718927
347051181
96166847
961398917
144481026
529741233
837329904
184844772
342344023
343235366
662256435
427400168
714220374
155096234
890031260
488507212
762432048
47077105
618225797
639090417
441484232
933948725
716581462
861200711
605826090
386776609
262739975
673104976
456983956
548961384
101337519
614858418
570110890
296211156
14021288
713928557
825345501
334272944
288995670
520066399
774735561
735801587
887830690
187504253
973839942
401872550
956477831
927216465
163243824
231810200
862384092
101706649
131301249
725345417
197817962
323100371
581293759
607625230
506753933
245570786
631475319
953061553
20875284
161268329
525832310
275093398
932502565
162474169
807808383
866080974
602155946
661046211
129019049
733226795
313546957
356070412
904752266
421749098
337498748
557158107
364682157
218813921
565170210
773502593
12158317
368715915
252516417
916425696
459369792
217798198
364854261
952639254
309458814
353463375
110598348
572957758
283961640
687071302
964665659
742260831
11059134
653640279
169437838
283436602
301974255
1854357
881206732
924331023
815066077
512900576
649868443
693492297
580439027
18806062
439673257
127557445
391105129
716950697
402599549
235992265
124750691
28893748
790578594
204933868
36169373
928092031
34873437
926748967
662752678
538672151
159324828
680698772
473639455
496340735
549537172
552884272
373429008
654574223
893141995
816005263
445595919
174012076
360425506
88104400
443039213
556911414
205787228
186336026
885860581
342872395
648650016
602968227
42482366
174217770
407431251
875923998
189318601
275288646
208546462
881987177
8818128
810069941
198314024
337700925
721596285
319989937
809285677
368598454
381947858
546610947
730881992
285783125
413925626
622596
514460011
814230869
829826233
986297124
980712816
358456462
456338995
784374256
740430142
967859293
88223402
579908632
272030202
610536359
164780330
46172774
522044214
93540860
221148078
927247076
549248924
915963607
405235633
680422856
866209150
536622253
218145937
568880194
937494882
450648878
497415527
754244356
986202403
90719942
434827133
421963406
848542597
546490094
779063059
803653681
733501286
699959702
896888292
486376779
746597185
300064749
183036121
46840560
804122462
484453324
818344625
53492151
243874453
180047513
497890065
660013682
752988458
462226959
824200575
468128826
618606635
743210397
360063886
722381228
533554947
259186748
848596945
422652196
891095010
850235039
800296047
618651398
459699484
114711063
351609400
437067052
400927665
113341817
761006162
789823895
596990791
171053755
90710432
682970305
549739972
702301979
832003082
323005550
304744848
879818439
342377566
274329365
193558239
558818016
681177488
370372031
816145425
852344899
698933554
750446106
981309610
891306304
896898392
848241930
62924717
888769702
507289264
268617193
305083368
493076045
333128725
25341337
204434549
82505017
942833880
604843303
382096952
712444154
972515702
887031416
767384378
17965013
972860918
604513314
102776279
128556584
976914488
567219304
734464406
671451943
713062973
977619456
583051688
600532345
141581977
366033253
336237789
757068940
580825918
63176829
578001236
620323594
393012010
106835960
531852178
33178897
551146869
110361370
12057602
386118514
128675708
786960559
549969603
279780028
889895129
321259892
165562826
289054588
530544552
747192626
560788069
361260206
588080389
165081521
966477073
852553991
640257891
927481352
342870081
587464587
672815326
783726494
809785353
261615327
941695844
900446983
724532980
674905042
473916661
425770263
453947937
503669379
876325898
124015636
47307645
536393518
699035460
560170189
625583281
290979331
328891152
823823722
132012223
495808255
510083604
255445081
211876974
948739978
339965709
436542165
558420232
88271945
596780204
315509965
57426350
918210078
98472092
709407427
59160589
571594368
539821680
451721065
58692897
610118371
221956457
683409680
433781305
253488297
242298747
485649729
678489668
516566891
383263681
171090124
612574308
856336705
212901335
98365538
508091388
673937358
196139209
719274637
413020538
958273204
266540976
772083784
224071608
637617716
429813587
195729861
770880497
485999615
271554672
594419369
297360436
796255426
742217640
521892325
686587542
621892687
451821329
340916529
402065152
667807677
136298426
221370104
381344154
917742746
81648719
502767420
483612022
786809784
432516628
963080056
136898800
480090524
962827979
37312216
646923781
465185003
438602122
544004329
752927260
208072136
889015469
234722581
946322727
427355264
507687032
854017862
255412621
150432563
684251967
199694036
633615694
246811862
800446822
164041071
464243974
50934221
378251460
626191479
511622219
900665897
359493070
334636981
81812080
749939905
1717676
936544050
302228502
396865974
708630285
590672662
317873849
513462793
155133349
494266655
423357243
35
833939110
435858484
218109126
519324358
156416689
357050280
609882257
352961257
109043166
512050534
885677140
47896724
54176062
754899156
382313665
680359473
114848634
449491733
313901282
900931116
820050844
635334228
746844879
280026923
493917117
924516905
822118273
839892832
481672013
593186198
312623871
435038197
155789541
612984746
593318288
254582827
411215010
225060325
281765177
479177921
837196958
117317229
866477036
506396558
847265178
853410605
762335031
289766291
271309925
23288910
889865910
638637390
21643289
489863567
781595763
236514405
743902063
120411734
958357856
76107597
694333697
792606120
920568132
228800040
830263826
375382046
360274637
199019205
380212105
107674522
843305820
416753060
476844991
508997525
229529631
41330547
968516005
457870610
682235499
852727651
871488389
942789127
356057587
891437524
680266088
792560286
648734138
855121779
497620710
259190632
945457814
909124958
895627425
578039961
358950381
63808581
47896724
831725947
332456935
824958450
315131359
634200054
230975147
460924942
609850768
298242952
452313632
265924685
551047264
398368808
236755289
566901038
701492509
846468629
897027517
448493538
854417697
716260842
239892475
560458425
974350177
672291101
230844329
686958931
506786608
212848918
624717444
559172284
931312550
209699364
40952238
64798601
858927616
119850454
178980357
86267117
373629699
559984238
427533681
320603110
328094985
545303829
50297344
561100797
448754149
590184560
350520515
951718325
256519673
256009647
113092969
701303628
892005610
361827344
361331371
284381219
316946002
489891545
70445173
870573554
688554118
497775371
807526269
375427324
244605546
650798328
418691531
24110012
296437753
395827113
348481220
941494403
224608448
491938036
236042312
499395329
976897412
350299373
537952866
456373075
92275389
646856320
266350400
519954203
196001036
80984891
574779640
673255139
846487431
306808536
279497374
492844814
946045026
248998884
806669264
942160943
232532270
421867106
774779548
483536722
447110477
774006293
877402526
877697890
255020320
675151216
17563996
203113026
629312510
615608931
508870388
76218654
196509897
964339733
53600792
30437691
44835582
74291235
940083199
962887554
272221903
386942728
405955239
872995797
575205246
797086107
299694743
873248512
301895703
868704233
500966274
529456108
272191684
925407035
820063195
224970951
436727173
367359708
155475285
302070911
18754233
473808419
51725936
367271895
840436257
326354827
201932005
638688607
269659641
371664066
888886094
450369944
756171465
643211194
6865350
127183789
125829558
916651052
708985520
181304062
4771289
278276188
514460011
733028028
724565435
200403300
797725888
629288354
242062472
408218253
507528162
907560371
25278421
806266665
630534611
950870904
433968370
67315052
633363678
365958700
24852926
732048162
299166660
432481101
15763486
594760002
402241003
797756169
875612982
580996098
780751444
718089997
957048567
780297101
875884211
807579118
635873448
143521601
926788558
852464924
598316388
800406010
442652009
766248570
600247592
773800051
170995249
392949806
586240884
535821234
845646397
750067722
166721907
10876544
595146324
933307427
727161044
673162755
790014402
129205763
822266162
495102466
45712613
294304814
878375859
401091911
907658044
560517042
668915993
362429424
495415118
951832911
706505524
813508141
727172222
148087760
587984812
976787861
677407033
387812756
765355018
798834827
325553082
493374845
248822668
893919638
810590870
292530911
854146836
662324278
87714736
554551957
900484693
399289698
450528220
243554037
513417908
309578379
775551915
258399435
483013635
507372661
843828451
832966088
308013886
350433061
632166952
721624332
147412025
392765118
712086718
322015512
742169217
253257185
622613155
928181409
418285894
922307424
885017016
792275706
541144375
432620371
788920254
869803455
327959782
233522851
247005958
766315848
477755788
351698366
898283120
792628859
185548887
757200284
159385285
434968064
289744740
741594867
304217778
829544535
944195066
866725674
961121768
476102588
232261804
622483251
406440089
625938002
802081759
255445081
748245630
594305804
908074483
666654566
650071589
801486332
871811163
593121214
338209727
31556525
850744467
595901588
746056879
655483351
453450032
795405283
803325881
44934837
528932623
314653566
452121122
535888883
766786880
767626747
304068844
66729739
403224810
622050850
726158365
21973626
695208469
162375169
736726061
897339750
674644329
501304949
49694966
904419360
985272272
691871863
95236729
477760053
306983368
287883852
387874891
734946284
757798460
146853520
348687482
93238743
945080079
240873354
500564911
208398075
143659587
866292246
377048025
346795281
276441194
391819032
882558631
816214002
803526211
283139750
483215614
819239820
745237055
105788454
662021591
307688781
317339430
722266265
143145490
406085176
691215255
878439269
569200908
635080000
357769083
725455094
241294621
968588750
495611891
263409212
446478581
131152307
325543418
451820416
465909861
893194743
186425827
293440940
167808586
986216608
524788542
128864935
954469743
51542179
720511480
611118824
96001087
912609032
106020620
335626267
475511575
234607916
572019212
389168872
671694038
157387529
873550427
777079835
495034209
552764433
114938189
394424082
952430663
38887576
741579959
81353065
392208370
59700543
732109292
688848370
651826027
267331964
306117571
202726587
6292691
825905435
888034610
773738034
209704203
494909858
644588413
859577602
693001366
615378826
977492058
91247979
792250333
776652779
262518071
759538240
186887864
985990094
338466135
167189032
180286056
221977518
845751437
296651069
835374055
611049857
45414256
818309363
592818926
507566043
952338487
348767240
182094118
974422470
372044060
973632467
272375454
819686191
974769433
143496754
806493820
819440443
639914569
799179514
636173938
634261326
124457616
405477986
33777964
692507092
171592056
795592826
224071608
377588963
359431815
3554360
718876355
865956968
548870511
362165777
495251923
739890558
29857321
513682879
321159955
70232660
782072724
259089975
671329901
586155598
800514995
328706869
73170499
823491572
130432480
473802884
555769882
585539030
321730773
916099340
526752823
869736492
69045374
819157235
170835352
144830088
317526728
246554347
734850609
812393644
73611089
702527929
898586149
755783287
660206311
888076246
917656959
53811035
756953048
443314232
942033552
41965743
419629452
868962657
548709023
97726649
143922976
547622759
183194682
747366551
1215641
539894588
173819133
695142764
652960374
622462320
94469461
113839520
71189514
33915715
330933379
294318536
730018390
399360953
853473045
30298548
296317331
618631134
873331593
151981810
240071087
147155119
460193004
509019394
875166200
342905864
817178458
975082899
464824534
889688474
203121506
357837716
577529778
157983606
237632945
196672500
187900773
522201394
419052447
411579714
24280422
875664928
535095393
379524496
975162960
764239640
462741926
733123242
79167975
524404190
87596524
131052415
527019053
693943793
345885982
841178649
736256733
775070811
175879341
225449952
915245265
767256337
139123808
302051352
217416820
648877057
34086625
20600046
890836271
777099690
895346609
558038
105932929
673288130
99114509
490510365
837575185
659359596
955879651
540899283
224021680
970760657
20756942
475364400
338647892
442007238
83282310
859113138
117481260
496527933
57587725
528681950
757086452
55737901
566023903
554159877
770518433
787016987
519349813
162969845
120604785
813664740
140565769
167698621
923017277
793661355
112141612
567492254
891204147
530188551
499561854
261859777
833969151
154001271
499191241
211273081
117498095
359997342
967481653
236596179
871560328
43136074
148745119
238077758
959301386
25039277
769083066
565392307
503573964
499228547
587159267
740043263
308652372
85597201
453331617
392936827
702445773
792099806
969606139
534192183
542964441
151753922
505684911
435772059
688792048
215348492
366745116
146423309
671491584
476750709
649393682
69451619
549664968
824603537
35353683
726419936
160232456
276740104
815627743
431013107
420466549
613840939
289132748
951868284
616786570
984624174
425560158
554329113
155578745
439096859
361614242
776336710
966815925
614256687
257764228
889956214
809385401
150812335
495390930
467539237
321873173
239991112
652559246
657495378
842662568
911493429
50492144
150373255
442537793
94327257
270368325
22401109
923986625
895390767
900572902
870465618
699143031
736347616
425805905
228595922
248212647
368501922
275349640
558724278
221568968
514396549
929578678
892475853
766502148
768979999
127720262
607620456
378338906
608769665
64945954
837582318
292715448
105254638
966872679
676742556
832424299
674305927
335697839
867555374
338086450
679408241
3007590
770301078
207517424
442007238
836577436
234570972
548991314
34511878
528077515
185051398
463722233
859013248
979032378
870354143
230755192
56826098
859831915
59391699
160127084
807763598
968217103
517017042
986253074
688002077
541980378
681051249
202563006
654111839
313546957
536846587
45858750
490461682
538246714
296635732
410480810
197606841
24418873
410933284
869198650
229579843
227349048
450980252
205636901
559352109
128131646
50998532
404361940
827316990
558799994
960509943
919132594
14164227
729674054
738626948
104420581
222350085
935696480
45623264
62833834
403354003
125145245
272035207
490315291
523104418
614735062
638544507
208771638
876071248
950743883
885026153
858676477
283337751
21272988
412295113
210597967
311027740
262939441
322422550
776659823
304104164
162776215
269735524
779008856
112286668
357204432
551573394
598346883
112639469
918506891
166324738
385853815
973046054
301545256
32105448
196275963
572188421
425255061
221944373
271601461
111883576
99030336
377405709
442152005
425118348
89996996
648272781
680560260
667413815
468694291
313571635
7323934
912704573
99458873
222044715
228232672
920973904
146546216
800281468
525601708
42880636
154296873
87603642
690302487
77383002
176322274
918059588
77378833
125009640
206902809
650927026
175479169
25878935
770084018
849032118
51027181
558223409
336206489
445925905
486259737
527716436
946228130
968756071
856354409
962767750
738478262
509395150
427429475
925720319
610639356
169311503
616247738
856889679
176390711
902580585
662089438
917290123
673995809
313477556
814562302
862527357
763929998
187548059
31827788
665659773
396591984
68639058
93377050
339627421
712243239
863849902
724365257
684952476
726768408
820743530
419075778
628184473
736700044
517468491
86644971
131686220
231824739
15456110
360683452
780345551
982787671
370112791
526738900
807377100
36169373
425910475
98187444
798684585
985843697
153950435
687954667
7417319
332458273
473826065
442549066
515951768
856323145
589192851
494666786
473655044
824617268
263409212
861149944
343792488
7091381
859688490
208610676
734883231
493777370
425042884
490395422
157194734
190798451
354921438
254023991
411578467
532757681
24037025
478278001
274072884
572500268
571661747
374086999
638831696
239657474
99290626
259108262
134868192
877913659
364954495
637233931
968651794
264872995
888640593
554629225
4263479
703463086
745056196
184370836
616585165
607047582
852290995
415205647
623031232
71877826
798844427
100528423
899402514
51028748
318594369
716799525
763600859
223222025
591532673
57824036
440004858
750970845
163737998
17885226
649893496
90441770
575317751
337998630
896438913
569323150
44963849
728411469
370531612
298774426
791264836
570604389
569547991
287081845
419944310
775012290
94248459
127766630
363146757
660609476
918188116
975286245
655461986
567484823
882047477
356327667
466631056
72446078
514361995
32188456
681515691
739561243
931922924
473391546
179024907
771785098
857425126
686072970
821487871
115647613
798506418
9964507
130465369
320688771
489905740
528541394
321376978
23852011
980435258
531141518
592045132
432220751
534427177
538724659
322818050
356092202
35532757
301479511
297468166
83004427
60557959
252613425
711359136
735830126
638217358
550085188
391262683
232039379
453911846
725345417
675657994
289408658
596701220
342625846
156813427
554362923
967354661
578685747
587035951
846866525
789918281
387124378
635846544
206819005
695921217
443191354
329085664
898267857
800012659
300174577
319767688
24425828
378590901
330219487
820992662
599920493
386225434
863946662
787094733
831620051
68421713
903746485
502691804
93128883
645214804
511736237
760329709
291247087
403393699
911341935
540263459
527745603
574371016
88307773
792189789
630694813
39355617
416865911
215019230
8164941
134847567
953080511
980931938
223552084
867324831
216532544
865186385
820764247
482747726
903347584
207415822
907839128
112286903
337584914
352760243
719796179
743726143
838299042
106327154
57231521
654238229
670463347
495507093
674665495
936043000
590879969
307394856
737814625
536679160
564495640
423259582
913006583
776283648
150915647
245077835
550657029
140042194
986216608
343159578
202217774
421723937
163419762
527050472
573199068
718171143
441472759
561951934
234184544
896521929
893254326
882148710
72537425
255547207
916445660
372534148
85451664
488113067
889566952
392203516
913623004
256600364
356326710
467117946
229056653
701770309
586647963
670873673
226657132
124464399
255897371
540596476
386657235
868205918
622086140
911029363
166095981
258836153
157285558
14474741
675588297
664246714
120060913
894130060
785258279
845948641
258833650
901409399
980076610
126022461
985239708
533127840
802938873
370143514
417938722
130929254
825905435
275263302
403034674
980513279
550086246
852612130
140770320
807794726
200453653
960441160
547407702
393637611
933941441
290018463
738619601
848926015
666182796
548865299
646381959
713359280
196770275
641611298
928654532
899466119
498923646
846097676
2055167
677416003
640586653
500023741
784305905
877343382
429212180
39795737
610888301
975978012
206838213
924906326
406571340
849703810
115055322
627257590
32584712
921852107
366653502
748070423
421510019
742414882
709794640
250466295
7650100
881609590
955384249
65676026
308908238
271033556
563111393
842183348
930760431
721473702
282051468
503549993
861726890
639914569
773570523
567686550
905619808
99386532
488428982
835163056
489985574
408648169
434264350
677228984
895523679
577518146
721021418
585843678
600895275
552192733
280195555
64232180
721103409
818138314
439311559
919945980
968955058
917542185
165808811
78093698
399181463
935088461
786517127
129960698
712263872
400610970
543063337
63110913
430728815
105247185
954372660
113432440
788439283
354740621
40432391
840821929
664874121
666092995
863227447
747193952
61317598
435110936
968224140
878644532
141627114
938375062
711074526
586496351
501939227
467424156
555139574
641635853
630745280
676937792
20696811
727159463
932285129
255733641
866498203
185051398
167740597
956532004
846193945
945426342
477961519
348509430
753539037
120882029
314613778
71704296
731196318
131254155
514948340
565222028
846646112
360985897
939172211
233194487
848266040
495396475
835337466
506441257
80555152
284740926
888695563
682747095
113328891
604577911
836027290
256952728
30682625
457599130
143858620
625149905
552542512
182499802
172633819
292032883
924521023
360869585
956892044
965003449
527291058
79313604
268798215
975606627
927021405
260750873
968591914
956604575
657205181
681307800
101017583
372426651
292871418
102710107
644717088
819925009
137748547
839183112
684859663
842978347
558942324
150373255
100363753
19629621
739272066
339095625
259898325
670380059
277435788
383825831
370579714
330933379
547544407
224341030
580653170
87795193
587789001
290137508
176842864
408637504
631572239
581194306
87790517
597840259
591706368
856127321
844223840
256156062
827687226
783380573
734454816
976516055
110094940
367911926
748046423
913058258
824764153
938541476
406028015
659769970
437037411
222748531
986155538
251119914
413533295
925326794
403655832
710883655
612359585
210088019
437361289
695707906
646386919
479552957
555979943
602904867
439841820
922943948
451823324
332763029
58097102
142754783
824167054
815769551
601207449
441393838
194529490
816590297
410554260
832951969
286104206
493553749
201852239
90783831
228627764
699228649
328125450
35264636
311154309
378923316
623337077
573788349
111024563
332967205
976356151
933500286
823812056
81382160
384962297
393573517
742417319
528150845
842403528
335696990
250251073
395911839
830184493
152245612
553150831
352108845
243362451
5563225
599438487
778405882
731430956
21688139
435078234
749990096
384394683
511592115
642468105
372804915
157741426
257734209
12196968
355265418
400818123
26627985
236427541
330861003
802610069
848109192
345323363
900633364
341550407
417239926
920522590
220086077
818505522
511946184
691073518
62438355
961092273
573205834
639345834
903692059
308362828
169122649
324480890
981294689
780025595
682968264
307048096
272030202
504377455
802031423
574624169
832365126
851855601
350785339
856125503
918673784
167942793
487103285
968897896
767427230
226657132
381829338
558373791
677055019
868205918
614415661
149385762
731039816
345803513
950306239
79313604
179673560
666086603
611507570
420023673
325123039
275259999
439337912
793299026
533609819
707935997
241814721
381854213
138158385
924701801
514409570
638297350
522448369
89191210
384438536
853757991
862936279
291048843
197912969
212330739
975977025
503198710
625678179
818928896
543785216
208062346
840615783
867740298
968512791
310338726
686893388
760305997
46721099
496165717
261173954
247317784
509363613
383786260
970451024
658693745
84766787
369401574
762846034
867833299
489625023
183386808
316270196
164130733
619982513
239811434
956447944
31265932
880377904
431353206
787484633
450709319
708028865
836577436
816909343
276892778
890276554
619750605
411394294
822697124
307412810
662305358
697454911
756504951
792889230
206280714
397317569
267339317
223792671
74165684
521504092
201172565
155200701
163158064
679692802
646141934
59746054
433942504
23491413
34342107
507997233
81879343
125277649
624265085
915152018
789149356
381963884
22860457
677824887
101855944
636400349
758586961
919196307
738897417
872284002
422969970
216874303
770460863
555769882
670657161
528930596
533497328
418609270
266275188
437410831
233027483
119989555
65278803
375453850
182068143
339670095
343928423
7254835
637722868
816560929
319087010
26843937
860257517
372261349
200741079
799620165
842393684
393649627
162124448
439166788
939992746
689067671
960147351
158753256
26551488
425252253
123500966
528444894
704286331
478890344
128010226
511422836
592226642
94415024
829475628
454212169
586122867
187165625
955004041
636460593
449148773
330807159
649435744
719851173
964369646
69102341
982184803
338209727
806060886
629017519
73355846
907815691
924383761
521762010
870354793
633752382
416203933
555004918
474446080
776021241
212661828
58433893
701610837
775931188
433852064
687496754
720015080
968572988
608958221
775923895
955512591
285951070
497020984
368468118
91694291
771600140
396025269
337835637
296819568
506772634
835686782
932383458
659849950
305070516
44873713
124313499
315961978
511849034
146241498
240907560
610991195
257234032
136585369
577790569
915963607
466350171
947654197
502484780
6891324
169643586
505062500
190593066
78334833
710255762
654740686
429123046
166857770
397009356
109525457
774869922
16173824
767939010
477176665
681617462
203004096
524377598
932211073
241207682
288165088
863875459
647566639
937079322
330755428
386890849
682822351
753539662
280878874
600731469
126751079
134182405
403506067
569076848
13071317
822871201
441139311
261859777
545847996
378737330
518441511
282663568
461102569
365180978
386657235
201779494
911703020
348481220
462271022
135195146
767791965
453361091
797383142
272497576
844321869
825490024
639654823
17766057
501183261
825683496
461956108
754231204
854411190
986235959
582034535
111515152
365944369
437313657
280008908
263771529
824617268
288367853
511849034
967305300
421237766
335299231
503800300
340205524
856976978
984271220
929779667
922478138
201785080
64258191
482216678
321633825
219363531
58403896
436246161
102549325
67219880
756760076
894537420
245802389
827926295
834736039
155336233
851073338
928248875
318336409
674289670
478857522
144915230
914149309
717050433
640469371
911320386
347493077
241132516
2503828
423357243
763180699
454937957
897845100
194288699
783666039
424725610
350641239
502101650
663065580
901443138
833356992
427269960
54642386
122956194
387034798
70162613
582851347
148207419
589389727
707694457
222478622
203125859
981373858
490877635
897577261
135334222
302939285
485633394
815639883
827599121
135838921
509548427
657278355
404356973
291208396
226585009
727126399
608927541
808223193
242833363
504340149
954153602
72090250
87755517
176844594
283147461
510825676
707105314
125668045
815627743
688153224
464999744
137408808
785593308
210628813
855523469
547990539
817192355
325832611
885554953
102444094
143608950
10036131
245534444
166683660
344257343
922055068
322685421
177802149
921755729
242646987
820353780
465540750
497636131
501887356
230824836
6742060
19338669
39874003
223324374
954891542
283591263
188909597
238590085
263042198
196173551
404764686
667367069
388325755
792492393
343929636
838336518
151213787
514361995
334596397
885442644
688212144
194645662
87666585
891124213
70199054
291521095
238217547
651593321
814806893
108597660
32914857
18455925
702303191
334649973
150786210
437481261
692536264
180640814
265104871
811972307
683021861
21592627
232277410
61902026
921111864
93546022
390455195
35242413
250258163
119226228
609764907
39922266
151091608
477131472
541325089
366267342
342776782
19689697
58518588
767165294
442846802
419887212
721183874
946186982
125402301
753003949
119603969
676543339
862943227
790738986
321842171
539974709
913889066
360283452
755898295
775317223
276644194
961906422
443041983
910508645
39355617
865591005
252532934
316669692
16103622
721124486
504372291
337162216
904036828
407227881
156300801
101308576
561047932
470938460
419645650
853795262
260029336
853068289
295082594
395211880
113780055
737522263
5062658
409029458
364895548
613759085
267309574
734400144
636578825
408290700
920927427
15433106
613278047
501117320
327689172
953173062
155579360
511147648
632233508
687764429
307003099
545868574
957874820
284904757
835934838
240810628
125669827
666504603
130060959
685167162
511094435
517039636
883192001
528036328
884736685
8387175
313852091
203988432
315322872
755376618
337760742
454445787
73194409
401064420
382129108
724424242
108745591
340198965
773441776
640531319
