25231075
917831425
272159641
707375690
436883614
63831627
86215856
448681881
435095064
510486637
78295098
144635296
490576106
550363875
834833017
818968653
43608667
953728313
290064100
533565215
391725272
795193328
308080345
660756952
144635159
697837038
582073296
235355973
9746558
839602484
792162293
287051380
797227139
864985051
340521393
197699148
12413867
346757716
745928917
229485471
757327191
494164835
702879557
663868271
220079737
190713209
975187817
941472074
650040499
694718755
474304431
682582396
521372000
95104146
805105274
37
553190352
880791987
194194950
88216581
338545017
476911323
242505223
494377204
886517322
211461819
773106776
35956547
237319910
829424063
961081801
276303860
233644540
856015910
392392209
270445198
617973787
617957115
43137034
655268612
203714267
877194996
203711505
984812273
135764350
616640881
573764239
285265554
430734014
94155215
650666697
906133755
638964637
239481642
957993138
779890661
626271158
651150763
125918715
136706804
56679400
902623569
312213287
42854427
251110534
621276688
196403804
181000916
836617190
601078448
658724401
897573067
590695929
73477214
62012446
320501756
93234960
934402335
799170772
97463047
872218827
638682036
603044158
597647649
379183950
137593763
290209027
149077757
415023236
487778055
349531554
680518822
960767930
453278037
971612858
611905131
625360994
519035349
310293261
914894898
194984387
971439175
559543905
164197395
582413092
129104150
482035544
429328522
155947873
427533681
67525600
2635126
756843980
801272205
921841648
6582042
3812733
314952042
782813066
173804910
180478667
723859811
165569417
861692095
33514840
427030601
102906895
816041847
695341325
871629303
306603514
592258578
79458114
451111096
32926564
38612895
933215179
36274825
220001122
369643080
970621522
414727340
678834590
308349011
799017239
23085049
808581280
176378855
424582236
797705216
311975416
586743104
939879998
796381110
183554971
211016916
293781239
119008169
579178996
841600897
869736492
67030032
81190665
677276811
406142235
510220403
916983837
752922082
789489518
733425100
651010080
886679362
141167672
971030719
813007877
416957477
342307617
731443566
557479667
903607663
309738495
874491815
129879135
741893921
833925081
839736697
735714185
477962923
559002803
908455281
979539533
717966341
151091608
791100586
698360973
587070493
923605641
158017838
564259631
228638712
138771361
876570211
61470868
604022365
478396857
523511225
482255172
704226249
246637674
408859309
96385373
312022713
169212335
32713505
930605577
91482393
426840501
377846446
613657956
391656511
180306836
642846658
403668348
611507570
612436449
677588795
830915287
535509289
652946306
108029477
3318375
121872374
270479925
263147125
745592822
48215301
386580037
510405545
864128641
294930997
641142966
466347504
523225704
126725718
118065878
448568629
768530979
499276527
654357168
493467774
833955939
435162513
954530634
139130038
436974237
975286245
286613899
80470798
489060347
394867878
774670999
909797341
473652215
433206036
432745583
827081370
174709609
93461815
955882489
198995749
640393035
956520192
156626718
86926760
868277878
865342972
203178259
588866336
468586884
123989870
891093311
267080519
330390975
526216355
627949173
741929487
421647023
213468453
657154532
253001998
686802952
258444845
95143208
377223860
383353036
52028291
445119787
792250333
723162389
975802704
335905945
610446536
610722762
46186555
52241877
891440758
770456107
240432462
750102703
803776400
936811988
867848442
236292820
688275118
688762185
963539897
83158806
769582699
573936843
857885310
705088014
627888366
985342115
406579964
163327380
185712208
720810811
490131873
955557467
373332722
706876373
42349609
416813191
386325232
202441245
492023788
573417898
524615260
908190317
231203528
734606925
961767029
597888643
835137047
836819702
301936768
439552903
113544245
354716978
808473980
630311696
742417319
884436760
56236236
823541949
112015112
537323697
863474532
811346268
389614697
165724455
940315762
541927488
781300787
985335469
8944668
924243218
134103800
20566374
349344155
524914685
873435174
657700698
57735895
417220303
10848322
925986277
211735244
853097228
58563237
910157014
204272628
689873401
122694504
167973907
56755548
77585274
360444743
927861366
872359726
347192576
344018918
464824534
4305754
179070623
309179516
15629012
416726762
234607916
445690555
822784579
107815238
814749735
381573103
247160092
369331836
810090312
191968440
564495640
704178027
120471302
94828168
888308582
262705236
562891962
6153268
341623838
798915872
373692916
203315940
294215321
405030044
814613209
986251230
736454038
332576750
625277177
509617968
237405658
592341771
537668078
142014995
529157475
202359028
455166578
531883257
181386388
343148222
363668700
722989781
23331303
478079410
204993956
629380994
753439582
773713177
64710495
565355446
724573817
860428101
54953617
395336931
666260439
622258959
157249516
756680539
709171429
822219306
453080842
719927772
568726293
759273726
654455422
380447155
132507866
580355856
425255061
24422045
392091538
829531156
195342029
543988220
178342249
898296362
352553614
977009172
112755815
147609429
415786005
153876763
363296641
711439752
194257151
687053629
590930808
236947630
78782485
135311073
814569422
857506895
598864299
747825061
679892729
700610821
426455915
444409345
39464477
682753063
966586803
694004186
226767186
842393684
798970197
237018393
792886448
877583175
749429760
360697539
909599474
633533195
448419437
188888938
919637058
2102477
610342829
767383095
95388131
120448812
781906860
528954101
624509524
167595338
979564232
334110248
176678935
509156989
68782639
718702762
228379155
247913644
119089471
163936815
189209353
942252371
131325991
439810565
897845100
63432155
255699261
406067012
249836409
185462458
704027923
245790756
258793284
264348173
885129875
2224726
30636632
15
688202068
855606947
374388846
826443955
509100425
402828785
938148478
342384621
465855690
447452496
174870702
865743846
575436895
823503340
454555751
24912586
423410446
259645699
779356616
909141950
43373439
717560933
474405656
520793073
668656410
628160565
228664525
30594908
165689657
243234703
63396280
123
383308482
818344625
265961431
404502989
272998877
673744231
613619194
770950657
735732918
490030659
956501872
749037312
763593064
553070427
654706478
737163099
843795017
900840173
177409193
598309089
814468533
366650535
197770573
748188161
607885939
421927373
700196185
40323456
579217844
966559531
922738695
784125553
302475517
493943903
260311929
753959725
857078620
722307382
768607577
233646362
8307053
423342901
352152076
43920668
580515965
74037095
432172077
912591175
694941430
851797397
558139140
916651052
282392160
934743277
102418238
237976452
746437322
729769284
622893065
934784378
446939446
856555647
341097551
885331187
437355164
193018312
520897970
910131563
115982478
839216415
523225704
378139070
587629769
112595110
563253626
595694456
857300865
781994037
194080594
583031284
986053879
710864671
838465198
585002626
332084931
280269878
197828465
811324744
599025636
256760447
225929142
794906698
570301851
935539109
874042393
397814830
303072699
804540041
931547088
129019049
185582175
663561477
847265178
364804917
904452637
582151986
506126313
99386532
626426504
82703511
422164726
42947461
610111268
562781598
28308533
256530420
978397824
448380045
874057336
82424869
459884158
763624952
770693412
78292036
789050557
703059107
460679519
178557443
597027485
438310894
155579360
676858541
53546363
895627034
281022998
343895574
11247554
563869595
45340543
629834388
958372520
157127179
507960879
768177613
601074805
23780643
162038896
720862068
913266072
662671084
293210626
120325371
701693113
562848020
249755102
671238448
27554544
784041911
732851060
374411120
260401768
82766995
154793694
5054619
956197857
82712756
305793822
219284284
223949774
776546772
743800967
342410714
128678784
113459835
868276297
412254390
664611018
781236141
112272219
807635091
662782041
693602760
692448115
437550633
958756680
56264160
197109618
327557458
26813924
370654544
148745119
695905929
774484327
181397559
739488115
573764239
16669426
192693692
618663482
445581496
767409361
2482536
220945629
190323534
799508130
8
826219651
577326367
817059081
850359940
218071044
135537972
501656045
863406933
516743970
534463054
909449832
72874557
314105271
493917117
48442108
598624971
542275007
469971518
390874835
349388501
910284821
972422148
196514320
795853198
176842864
464490375
416947449
599179038
469992495
306513112
524167053
48078456
56349994
453112374
492569715
653166152
323130999
668424403
225225982
925031967
88241965
674362357
67525600
651360553
268646254
361312546
6857152
924802785
315333390
784931868
33777192
152642216
120084789
916360448
311034943
266687307
255284162
127613449
602760806
101073255
315635731
127944793
956354147
176050475
324387362
732503011
588621689
166250352
315698133
6426763
277593936
171918432
877533313
475463752
646968291
635958954
902001663
628035664
771855761
219860856
779901250
860530614
79029780
224028362
386081876
202764733
386715815
919193214
506394755
32094196
70294304
853259360
322368256
772507364
877207495
565296079
151815973
976095636
221657421
52070567
855554842
595202697
484996949
231751403
318255610
103521930
863406933
467628533
933568204
911981893
726050858
843061442
675453980
175907550
210256310
600349548
447678564
296068314
43199642
923774766
15949205
912523870
189717777
368099937
38589946
711737043
288820141
971461065
706764806
848698271
982483946
105265945
159847202
113894074
286896599
616487964
53215600
738979909
608882254
106035836
154101755
889128252
436344636
338707173
590157496
646912334
764338026
695052363
635674028
305972637
178594691
395293424
371032163
943802639
723104110
889159987
860423817
329157519
889372557
93879221
160197280
975456834
864543879
221977518
585286895
852081327
880640625
461642923
176322274
200020540
951798898
454885046
835100640
765542010
257432989
224763431
738468540
430439947
465729289
263141678
647823505
469355042
735110598
547551164
3175081
379194802
695306272
97114013
612789345
494551791
440626000
155061521
523402325
767301963
199703318
973465207
602943354
758029917
113876938
341019749
357602103
648754443
843321671
719426396
574722659
254007734
961068306
956904318
919706147
497745768
395715535
217380803
960599028
650558935
52370993
673186443
190527452
623320720
151262991
811818523
691876189
318064806
490581872
122166774
473763367
573702492
564968206
412812538
210035287
252811416
805258607
459175216
431281505
74751101
327675001
929175830
690165375
65785347
216875737
448954789
972677260
450709319
721029572
670350775
649942850
836259930
966940155
273802251
950863215
316864936
2685381
808701115
444532710
397482310
984259351
949323472
926959834
378176615
762718561
342027411
97585475
272273678
454624619
247733655
801847697
558373791
913498195
580139120
532034373
400105826
834736344
433202705
127669279
971187572
978499474
775301788
476361050
252841781
493826472
345233857
431774907
974032304
629591730
368825022
759829659
810725887
727480099
161123209
192117795
209982835
630206863
706494108
358658167
635571995
275996209
472128666
523786023
178524887
684216309
423444990
493104621
63014617
482481380
107122950
440613127
300383467
874740711
164702860
301593508
352267725
232162600
780317672
419903634
555656841
898880094
83462166
50799305
711043748
267697120
245715510
406202877
942141468
293771334
72134742
787188576
953180395
623097616
561900428
480143998
900633364
849887538
13186985
742338588
166827440
828762623
217578024
456256634
737846466
249010161
844130629
950296891
772898582
18233526
294439338
224351183
486687400
946847477
128700185
404895179
349393569
806361477
390189357
171803449
293666188
494995466
744519085
549399984
417086458
686349094
841178649
378617505
281144194
555389635
608406440
885466808
611326528
35012433
930779723
711439752
211461819
770561983
819252326
113452213
188909597
912909619
907773824
342983927
586128510
171991790
189525604
536094954
750621689
825971
531438030
253649095
866454934
304458246
130711915
668915993
889074633
329197729
64770172
196774072
100577513
711179876
146031266
559399326
511545232
361331371
251577342
750034999
203546410
511233572
902243638
100094647
284211347
143424680
742508635
661305071
979235963
623161039
354285387
860905371
787491815
636876252
183430261
234064785
331977930
224160716
675978804
318286714
11523790
164364636
966638752
719168518
1
713518807
844612786
786202104
406246437
880922922
607539436
952826530
13558529
113960082
193187923
634684767
949739820
574713168
375731020
985264320
599451346
632573540
433316068
202337489
700070247
587170330
530795241
782312454
677857100
266008949
575653273
284104151
881963882
444327411
114980046
717049453
254203075
125369494
845979150
901755557
179985484
723859811
525446273
694777176
60390301
866767357
476696474
343560666
233027483
243800824
671006794
466250276
601562463
841406567
566238500
240958888
400927665
148052483
318073913
320779142
37099179
975123016
487820824
502332780
947756901
289354236
950670201
84521999
46331336
575008710
708089524
643903926
494386809
383465956
558626654
64989150
689380045
611637020
320710701
211338077
81268256
95046219
650774480
581170956
174567214
408005634
891423536
980774677
800406010
805851709
803913730
280655276
526702256
643544220
89541644
50760499
238677598
78325774
312668175
605206698
407604220
869280980
184025110
115498025
658777414
136298426
951512835
677908771
823578423
513262003
387092636
26722509
673908139
325454192
668289333
583704419
443775522
950702624
693787843
538724659
104266232
24017632
571662542
170356106
589192851
387329254
870962181
699023537
841171774
247664408
59266878
782565912
225381576
839270037
544773748
501072096
608869892
146923276
824347239
177475450
172213049
644854396
985714653
519692941
188617366
753370477
209778772
984089858
716587017
779185649
825434385
938822852
601604744
382102525
102453238
824739507
537523511
662463466
330874221
62374306
299310913
523596417
159975207
563775478
535821234
579767869
357515776
970157320
965584851
509156989
408445657
717511180
191328837
623698549
883024851
372287953
561121132
580439027
490180597
410159576
970394232
724325822
388196707
123597532
441319261
511957177
250011241
444236927
326980964
283845400
831208022
210536439
719849763
198312433
528441239
162080258
607816727
345349260
837522823
117149729
751728365
263294805
907283254
877480415
876147812
405785225
979915330
888722702
783935106
196315363
388065466
667226937
289673660
51789940
98935946
607403747
900620833
595072377
291579331
927247076
63592452
895357363
461102015
626109203
498424975
965604649
933842550
254513764
790738986
883137258
241227263
757911610
403200236
352274079
426401858
137255563
766502422
925482072
107405941
103611382
458965986
643232515
696783452
517133202
871673702
843751240
630334220
858946134
181695938
471058038
431013107
716819627
726502828
660986477
350262322
475417449
837161910
737584839
241193000
928471568
975135747
863205141
660037143
590561426
809854881
601604898
807329045
32759149
476886281
653359511
422080791
516704396
917333336
218336528
48901265
33903218
587984812
611905131
367911926
7872678
366604120
648642984
79931469
47619288
679926669
52904725
747499236
762706463
512628602
379779720
864907064
619624850
291921749
857287621
219296575
437983577
82556610
31800506
309395129
643294325
928747675
222213013
687122815
489278201
688108991
592436429
196026362
783021691
192026814
117877985
462764214
775905092
331203922
420662177
378862582
606687825
263138775
593575562
578326223
305435761
572060951
418533138
290702554
105359225
912253458
613067198
420373194
249620949
83632212
978858655
789069366
59750341
42418797
170432466
445179135
653698529
100432596
474333217
653060588
466599531
8661660
869898211
829501826
944889033
771100938
511397645
86963013
214880082
28714829
792492393
813517824
291036604
269735524
959879612
329248222
779199965
869431957
321030626
713532715
362023492
606205454
268894218
559064901
70398837
813097428
934650564
633053916
144230163
406965379
777680186
677337126
902598994
332692313
382129108
559176966
703576851
263841549
669528908
89883888
657971578
515940411
72203632
540491439
532508333
371277570
773041376
798243924
861527310
197412170
399330746
594468467
470699035
59037571
747106715
464272383
53524115
817771538
969182812
856915349
866208958
632009503
343537476
444945651
415354779
596934654
951718325
182408355
703213086
443936848
925045227
383837888
505806459
480541373
287136265
928830367
29294696
867751639
459054556
15263311
486687400
442525389
165001123
825001732
247583800
711724604
600080782
408461721
776054477
983513885
442901026
256157118
816214002
80579996
869792966
491038798
55310317
616570472
886941948
681427366
219571137
889644387
389836675
895032500
673995809
336725554
339311952
672225758
656605831
625578616
506755630
394452236
704902334
58858750
196726846
231031551
550686886
254072447
163681564
448815998
350264961
502390821
397787505
838605831
545215958
778470573
91529362
809544101
231683182
305413136
403660849
411308713
787943538
646144682
757209526
150786210
607820362
373442355
597254967
129021105
265998636
745834986
478447715
924329429
912342462
985605422
740068754
781307514
144331322
582894447
438524278
691027959
363737832
272791449
720228373
588992799
948897986
68194941
53845367
917102456
138725809
298400894
127033505
612889237
66474999
435683850
18786848
442670079
690078261
888644733
78843131
689381200
540894918
698643085
222089475
824572441
259933268
101105328
434191404
296106315
827438574
266806954
421524749
757979396
41859037
203347012
4642182
272707372
69675238
386565436
666731721
398038447
39125327
175081310
116329579
785602129
393649627
666433904
547149146
272139729
753043744
212661828
799438677
530849130
350254414
686321997
692795603
376778717
920522590
102021785
537809346
199186520
61916938
242206845
170094845
646264901
977187525
123459036
474485687
847576874
635930737
657896981
983051748
242802663
60628360
192442920
391604128
193807953
63067497
163327740
937436482
826507645
849932055
786269114
614589121
413060752
732530709
677403562
108586710
978343804
848395813
588770586
316775618
491477537
970984109
238264617
594170369
25650851
127202554
298991615
180853345
370221508
941337237
314664203
434649529
654056497
464356780
936986056
763031456
749338533
113811720
773331955
626001089
908857114
884929870
239613299
843501824
38517783
200980250
809706807
230786580
558851164
670249619
338427113
284787272
316248118
158035532
283466252
723219967
666314057
614256687
205048178
520920702
227217748
182736091
315467215
545208206
6631607
977725243
455895340
342821256
852289877
324728032
111326089
617493831
775767034
603423539
287019962
345775999
733851348
76464746
50199386
210131785
223175181
95967822
770923647
951162595
637692023
841346887
328968280
1482236
21008551
684859663
121217304
765374933
82208223
201824976
690259155
720736913
719034256
438225815
828250686
846169818
70590703
260498241
956056148
624573532
564770947
811160113
825509363
165081521
376788216
835277993
202067207
134779662
214909365
243660798
953180395
436344636
433562894
257967585
759611335
597794712
180784015
59418114
590222685
697429243
543473622
822366118
343727770
639743717
595713443
931467950
938818497
186236388
79910763
357842872
523410322
783118355
531068662
502701992
707154256
291104344
850838591
665194636
492392886
808644836
766466985
697397542
651225099
248982974
184108932
265448591
735620548
424232387
279568857
641856483
807677582
237744813
685552675
169361944
761862277
620751529
151188255
643659925
811743435
442699968
267360083
962633147
912528753
611845717
876624808
393662663
709399957
501808023
249871766
814023110
980941666
403430277
164250418
897343639
796070630
824853828
739613399
529561616
297677624
213341795
79728124
928483173
315250756
799941209
349292884
680361668
972768110
976030526
966344890
180560745
839602484
923798345
734683898
839966880
963747746
914819583
139456077
601195119
297350474
20208345
263534503
84456562
395153756
362643218
963876109
385215617
665647778
176171077
771300211
661061120
112989573
746692952
383540666
906822367
316248118
97722247
436692791
588901448
739608176
869870718
752994124
334188636
694501437
634275494
456882234
772323138
476308418
955590170
420519804
98011734
895311597
949973882
374388075
391295370
304103008
903078136
213395511
787339110
897766084
807574199
4294564
523088507
692813492
799902459
980087391
823041486
524504222
219213200
683506283
282380426
239390933
505800094
798695052
938115567
643263855
871888137
982755168
560560865
707280578
358100156
401611074
457578203
654423989
251866784
27976191
253462876
709694899
661143674
438686718
619522662
476196480
333193312
673995809
128106249
349792818
234249886
581650968
817063596
204838811
543523398
51037949
178647943
470080537
552034057
518441511
509063312
429062
947024709
602620879
373285541
437835211
330833626
718912918
452957890
560843367
322297393
63044031
623522196
382635982
318470867
269000655
553918063
833562652
275105313
18703341
439471947
214715128
956773233
297196473
27512486
224077411
843723476
6713262
971644584
860034518
635177077
812841190
442670079
783265934
922104192
935934147
355737602
736719179
131597144
146134055
883802503
284904757
183521637
649393682
587648753
494909858
97576278
540458678
114323088
293543565
606006683
54537253
632440772
850184647
157748877
162339051
178267109
379362079
796626627
297878000
522151418
602702424
891006763
346382041
110130301
807680264
307756639
151383554
466426343
632912132
760380955
342503518
593830518
493514441
51183070
535941582
342556199
208601697
193323749
740716242
323860929
740354737
981827011
596759411
931291200
645920702
979437532
436307419
295504833
589956908
167210792
758125483
279263626
920548557
804018822
542767202
414124534
750277118
411294227
634589230
62738908
940141284
471207980
484742204
847635275
358717977
377689397
109782081
298893692
572829564
410930018
200453653
499644058
875375541
293405703
873033951
424888094
799490324
108405665
919193214
589691675
365877519
979747174
128219673
551786397
625444809
227166957
781843235
786678336
128252659
78482934
196066455
454279019
702720444
646256341
797719009
820602840
591192439
811765121
756182336
916539278
669255995
947221705
487635943
123500966
532478163
449435556
970421307
89541131
482916561
522612186
7508324
641361784
489863498
180829365
118676915
373610551
277234616
532002442
463382558
68040918
447972748
11062224
444409345
728624939
355609245
227258841
443034543
580179823
694333697
10427686
282135982
513779624
687726439
734082733
319450265
464835178
934741652
418635508
142697461
854720565
264360499
413491790
99229523
401750678
63375096
268825214
551270958
767847648
731285748
220644712
49528257
833760702
587471880
594127126
543197046
655245217
814244533
241941164
236726485
596014337
585042015
912692069
882876076
616335756
383837888
363176298
314889869
126183413
649126934
719194162
6481535
125043584
774190227
963533834
341678179
879001374
277528389
491532289
601273775
286656795
649275788
405391045
339950924
343452996
476250278
306177055
642957854
300960631
457597751
367660123
291027579
972456184
510455411
66923594
121223453
861462874
885037663
611652047
502568556
261799795
947556654
490567832
429732225
757936339
858503796
361545501
558005807
685843347
545248523
167316633
179754636
499575391
801864456
432516628
35
963918099
258518720
674362357
624936743
343668903
777911980
915379160
269319883
919373279
347186251
133983703
703721470
585218205
645317301
387133555
340031740
193029340
282769302
928878614
782813066
861389142
243502232
521606975
527765334
705984198
400937722
227149789
11803625
265406931
904071774
399130662
546892568
729758942
284203780
743331726
681111070
694795386
142403867
863102828
573573476
187764852
103087834
986141927
839449199
254619557
263442775
670657161
369515099
6718687
679019804
812436577
910920874
91624522
4834825
484561154
392009205
626421965
41764573
504664509
220386967
370235180
541322201
671914126
325341229
948897986
759491225
894910722
221825253
730183532
73643594
80307018
742438505
347904671
544802124
930418664
526737740
47463593
345363268
279212687
15988206
819879149
236862385
667637299
985416056
558038
644533317
502822233
21562283
812520774
191051256
58829828
813267621
985737331
950128738
745117740
320499884
329963629
304103391
157516088
469736613
533857257
80263739
449811696
596891308
695856789
685552675
586139095
437569510
415734492
50881767
508478504
79626188
856193742
326134908
783865805
317238697
481600786
122787211
322654786
4035483
922799995
702879557
695641777
403900463
884105290
17375877
344314595
350433061
286270934
369115815
408091794
322053152
583361597
193348370
871851786
379720747
965031123
440644124
245711454
615863370
808506590
379720747
306460
524201005
828780377
855185584
844363058
931328238
955840781
975162960
584084582
732420536
122153836
45241070
512393183
501523790
362972404
638155042
710255762
379392517
748885155
521514443
93473899
634457822
55909377
604796906
302346091
320140
163609193
271158153
546279396
910226145
293405703
896452609
967764825
958302457
476615573
507053629
596451856
861434769
627778580
354977496
347092069
835607032
510616990
782062381
831319526
970857109
748285968
430438859
73947074
512706300
38731125
918576368
644309196
477297232
838324072
397845060
231787108
508199203
758738233
484731268
648506644
947121063
854827696
329501274
759078461
486694951
32486404
266441267
350302874
648807607
150360484
293211194
899884431
560458425
531217770
454174952
648877057
685720813
590302055
340657503
119757566
472732097
535814420
195947103
548592999
230063420
411283176
215140385
416477955
536677752
477795856
13302805
403200236
624183716
146516329
759307448
306124967
389063204
344729114
864711524
879133168
86974588
970524697
384136851
458074486
833624487
282051468
127632773
628160565
486656462
203711505
398859175
971359357
214218391
685913768
127767298
22917770
298846061
974241385
852149346
639947742
693343528
689905903
815948561
683362766
977719157
925494896
193090446
798472596
308714465
775234132
533199430
668248590
362044928
981165422
414141036
250163090
381056421
784414882
861033177
163699688
757911610
147717399
403605170
475536361
235776217
4139130
637132899
979280250
545062577
653342947
325195221
68818201
667595213
225361421
22193145
553716030
333746890
596994314
149016189
81843040
395166210
306702345
149660853
775170411
62813866
121477024
604300754
251699774
369832108
425394219
77039922
624705794
73431041
434644988
939022681
205498162
278945965
11223186
282462099
942269240
673751733
124237807
367695248
862194720
313142128
600919951
745723137
210288886
844332783
575653273
822306789
210770271
696644754
869741010
566425833
951860607
307551425
918627208
421227872
467444962
566941255
669037506
802686493
738643075
642000006
193786916
235205165
858731777
597905506
221977518
528990737
961033830
226831438
11783223
236583949
552870788
601717149
494591204
723004560
220979710
405764126
718912918
510771440
542438207
316248118
144925138
348752609
416216992
84547897
709135190
487057330
171530831
666795834
446225380
9765639
755125521
285120647
480616473
340443148
588802972
333283999
137255563
934525218
632713160
787264972
395521226
967156618
564471843
626195224
397716048
131640358
337997143
360432769
737817406
602977338
393836797
315021011
305413136
426980812
608446034
286975389
469552366
428455203
521280990
180450203
153751017
732761778
931350048
124603134
711861744
755873783
169385933
597511649
454237554
651156771
259006074
323586047
385064777
32752653
457049954
297562652
188991980
434233055
421328648
22798388
854779445
319503672
49151965
260946954
505779941
41432008
539103086
451045055
56505972
416726762
255130797
63168627
217416820
421081698
208870838
82748993
421599248
570301851
111273194
884165399
712444154
157741426
824334220
758447216
264135249
244612080
54642386
5815684
526747325
469302419
297726478
860983618
899522428
339521441
838251937
237633525
879442678
556717429
1374826
821096990
65316219
441981333
804473229
551585876
340539167
175979192
202770088
702666117
410126564
768076787
510173824
792756678
820830610
393010198
143159570
47331526
940723744
665467569
69605614
455503980
486947561
87603642
956520192
160428402
466138023
582066688
366533171
481733514
167613793
193855680
218225756
174148835
823121189
373568125
923791010
444594577
898983901
242047815
442734124
545638603
477851801
554223936
702862451
834161555
103636611
570617824
622909193
355681839
287019962
634407694
734572203
416769571
501777439
916983837
42697741
229408622
649658511
927450445
388651545
475522623
726231746
216736489
487408213
710898043
595106903
671966919
483899560
462579832
701054786
195639678
132942174
737345484
547634835
111432451
237770231
885549380
312271494
74633361
37020987
121283010
508881991
445166084
784202111
782565912
588891400
129928235
792764784
701841622
328891152
756782998
944823614
454824177
186358132
570557214
685992992
183250511
533038024
364114701
188489489
521878179
100493598
657401690
136529551
190181129
666753132
18922838
845775880
760871975
318185540
395110860
384826888
479303636
418498644
497002437
763218861
95630060
838361292
786920902
363950977
234099594
242962751
177947769
672159512
879494675
64392732
931156786
650506534
587737926
196266296
681205814
433964863
954876984
521638535
620071560
682740189
828273232
915462313
168675669
442224696
56111299
45573945
129922696
364512925
571633592
747925058
132895993
611805055
66923594
605425685
961517936
490755087
856188474
637135928
881440502
267991945
723132290
528593068
154250069
453287630
980369869
599471448
280787836
471878618
747834910
810152783
893173219
365085751
535163204
848705986
613465845
941146267
501024874
819007355
443037883
232159916
54278761
445312704
477234331
822827059
940276624
639527160
27250222
193811601
722446134
818485500
286288470
910934257
136588213
446140409
235765239
647822485
613759281
23740946
966559531
732824730
850855208
796621704
884904376
923116284
803600863
133546602
132693255
47480913
203811346
485169869
43545616
153628261
731649284
59533477
443551435
757375374
374921563
599696992
20696793
762635425
210933631
533753653
36274825
368212460
494360234
252141130
600208911
303778514
315186450
228855219
598965104
92591147
397128713
417222735
478246107
68328174
39518816
61599795
933234633
979295134
157297842
169304001
201905608
693464223
851076294
343435614
240216172
652591193
139348971
345376740
870300621
704883548
903056891
843836186
318213933
403916927
515645418
317461878
441279438
22344447
875518800
820923643
312490449
228577424
452078136
370244715
985870344
22370422
174682283
542787113
266025654
909181890
25818469
459980155
287813551
950118128
115938730
207521029
10905753
640760807
436149591
666433904
688498766
391248976
123347821
915862695
541345662
364834854
173153891
140821402
360993859
559602173
315726408
863387765
600459334
820450625
952093964
924301381
331145647
586706701
145797574
76334547
708744348
117128457
572286002
580179823
222605631
736093201
881248133
214839353
602153286
333287640
854999798
897393970
245499955
266620146
30975432
361294983
50235499
966529141
632142017
287643996
198808061
636858900
305688693
125157829
865137367
757093398
23272820
552445770
1731821
62059084
97300519
636903879
157894788
473822542
417607704
352683623
680359473
718002148
451821329
879502050
646932791
285848436
922912435
980849848
979733970
60914694
943722897
408404846
730199721
679810916
70769349
986418966
920580814
959688620
813579584
344559417
42296989
815300824
52809895
975115203
371277638
72249590
234426753
14906339
574617328
441080713
961794469
305790590
264974814
351112879
154926617
885419590
779985624
106829009
825752452
443309184
101348400
147808954
710857990
601819869
590684354
482128137
375062383
500344217
546499393
102960754
955150839
643583665
351117500
862754740
76536689
727663651
269427097
552542512
66438265
835721982
206646980
557651244
847943602
395578667
320600608
743518392
5523336
213693335
418400397
474119239
189511254
984295732
688428996
866380172
352832630
587282842
20685149
875314975
122673555
432971729
110752984
325262623
463953986
395354742
228543864
381901498
238942561
621494315
848141665
244080125
64905825
280983520
7969606
802278452
883766868
453419572
5798676
63224960
565190146
89416733
950230352
439773538
140398184
742442642
858658806
533637700
863884638
240711093
814310669
306128873
549414633
367812222
673748579
192462095
960573762
156615483
232365127
978550927
211634235
780982203
7845728
345711021
593222700
708693464
835270335
856492014
69102341
639232463
759067909
725487405
859776444
480857278
34456325
247343794
930255178
977962054
298963536
956842950
377500326
320719709
883010871
547542109
464066533
849528806
618012706
512596343
514962017
956977103
985432729
426926713
99009172
219425491
92999003
460987878
370508583
209485622
25302263
218853121
372326805
66344141
631013518
170484765
162359192
326876822
351776404
644188574
277282661
863426823
687937293
327074861
625462459
284879236
252476707
368061123
201371030
259451097
911779396
680984527
419607859
765784758
276723352
933427436
961419485
526190500
498948972
292315071
703029834
142283532
259232986
66667983
316495316
918330162
577571678
261399782
9481744
229515138
197635828
211125718
192667
734101493
745848955
974284778
100579355
815008885
809573483
57544713
851280082
678176425
975717157
159197194
211297070
426980812
395911839
813252484
91445478
215128270
874664700
962046280
771494260
43102437
935838280
426407610
31855953
93911469
553765792
927025291
912020153
268109435
791073063
34915938
421335884
969623113
54875845
891575305
128167582
72077521
341097551
449630889
722567667
634185168
203498929
776580429
245034463
395967058
656182794
521647142
798452976
634272036
864290869
161229003
959031431
433852064
5616533
762659697
114908518
681277427
659542642
27976191
900870123
129019049
858598877
765661122
55646179
432398164
502822233
824704472
295252204
835669088
50853253
414902416
285578507
491807863
290702554
628674083
678020643
517440400
403605170
432824826
452582259
423444990
455928438
856125503
886049916
481752384
351972448
890244687
454059392
922991666
324803860
867935652
425770263
562881241
33585102
926720223
867675481
227195422
228429008
728606026
639443642
569877631
787018736
224218895
149114051
189274762
207196364
266503740
800695258
534175024
339543477
727939285
61117850
714875211
701225091
935633228
196571369
186216208
522762884
232892450
656396444
762706463
214434316
550360371
476499713
322897439
304074563
687062394
871729890
907723804
890340906
963786533
522571284
266983901
254871591
107856076
498715475
980894830
177658770
324375310
623673057
39122392
305901294
928665904
258021478
883474053
635027937
692795603
919077976
189184767
944611288
102278293
487308460
42947936
881442939
375097429
693368107
535802972
768502694
729841860
474769984
308480812
455726372
574049780
910046777
197246354
319623735
532131585
467858593
919975283
260895052
102388283
940203311
705361206
292322924
367783400
752864859
455859346
476635410
88032985
465182838
122637070
488241732
773321245
470288139
105803898
183225512
595896844
547634835
20751210
764693732
633185093
256445189
471978121
706323913
650666697
719447922
333018587
748351948
575764433
180168258
519729982
365576521
507768876
382749477
214609927
472617029
511271677
292530911
103724749
866437703
620583267
217840359
270038123
952501738
278085511
626348785
444473838
420832294
969497700
289054588
926918803
421564123
175759464
967760980
374909356
476369652
846472184
652562626
836397170
844372123
723647239
763233647
32713505
421473821
325221706
924569708
644795146
449537340
652076327
426401858
921108760
397658986
862186785
51786981
167192290
288921780
373121918
762015404
977300073
687496754
397772954
69596874
214174148
362258755
965828174
44867638
814312229
334272944
367541970
58900798
933901015
137655241
234916987
584701837
878535083
257237040
710268877
424781335
833332677
968814115
51866912
842695159
905182890
132614924
887609614
811892701
876434563
343622914
482035544
594044666
849869457
403513428
428071304
738339623
611639914
525683474
218656736
679926669
156965105
742170540
502179827
838867605
454116492
816109210
480456718
885677140
807094341
349896009
580426415
290064100
724271727
464824534
627753452
793367316
295472683
234347726
410159576
247175174
676272
100931264
817458145
415205647
793433129
294003202
398047678
442972646
279230421
620203137
11703324
955812179
360722754
74233445
51949602
158663028
35033906
385317411
161370038
160337593
10869660
531080306
390220656
310291526
763974281
970025310
970886620
25863867
189485574
224215936
561587721
807192579
754434030
665188358
612743111
804324174
332596993
521645285
393658570
696020211
194832680
243206972
441918646
715294073
275595697
483558111
204765828
554286248
157067720
307055966
715128225
536190944
576154537
762933675
153447211
181856575
499276527
522986451
613714543
597369312
431479007
56963185
243510573
806730763
298120240
820170846
428055470
37681500
803160031
332869964
88408419
290183633
481147513
670447751
694777176
88127424
531498845
797410636
893106416
865801221
979239715
50557849
370518089
835826883
448534823
702925775
479972977
495420453
307540092
532846496
815992910
525403975
374666545
837575185
376845990
649577865
978022768
401969460
545060788
800258303
523904102
742524493
25176564
32123693
354781688
137748547
701920399
319767688
706971802
459417322
196726926
378389751
96561142
460242154
174811716
109086945
219837718
890062017
354998745
969974453
455481288
276970731
193177482
194857345
594760002
510343008
259828325
725332679
24084864
981129498
619325860
503602719
481256709
669413807
409298102
233894196
764557444
72901769
380978598
11741805
214522551
474170614
356227497
918482460
773195794
409818483
955129710
883551496
445868914
343435614
819118584
500293860
844775333
821717775
887517243
232724832
562902753
790075053
216454720
406493752
665793879
784200408
810647677
460220467
849032118
970711605
320743172
54563512
756760076
881878402
26948705
909699610
224317564
734699032
404182027
368523605
526714343
968388904
197242132
901198952
280864103
394483764
938739291
331878768
24861901
740034318
438054782
653219255
322755800
106961
242499476
223616900
3729841
691346234
72272207
325589906
970211952
41527212
382249703
143165651
886216599
722210947
413925626
675142101
254561917
293367700
204455234
896000259
606489621
68083711
629838732
889767743
473960754
42392761
972441734
818545147
678117090
206807331
963845721
164058289
394086939
824290793
566032074
579938857
272744687
454675330
517048104
780780302
860108361
198819805
376146606
255094450
477281688
728244049
624684309
955944349
241941164
682968264
407380358
968629655
60679101
361839469
675018161
617166478
930846350
728301477
730434387
511874708
219394679
533025549
19338669
35838500
137806387
436760564
337760742
38031191
845775880
188205825
79533414
323826455
203669497
933691798
26706001
841228346
714232821
344559355
898133226
899465835
634231898
286856373
640771840
37087640
649126934
528461795
775569515
39528416
185003898
38719547
69523730
865479212
853288924
423283873
147763819
341088162
538627244
569887607
569155369
730243184
877742052
927191972
511957177
143090630
558626707
697653803
280038322
402569798
774900660
399261668
528705723
633803792
462028107
812887602
804120242
864143840
223090936
181596577
743291379
980872049
226566507
430115848
882079418
381325833
169553149
110371092
825276056
504850809
54730402
499584283
466656357
716181016
522685867
509655388
181920297
867848442
78843649
304554295
115369683
967672669
876313917
498930464
31446272
637577241
294313244
694409108
985667641
942101119
303152662
711260137
147955618
912337521
805087073
671792339
444714156
884438104
447885110
943460461
470938460
533641622
721313652
604478380
237791370
26826713
381903156
658519785
149720963
192096661
237633525
529561616
529181570
531787498
628098665
778667310
867908587
428700280
374589546
324202643
303634378
444588661
772204428
677953424
537668078
952015457
480358602
304217778
863227904
621521179
856664816
549580039
550212814
166495267
844421833
760329709
932912816
514723533
185208336
637938901
385547375
525446273
790360267
961631042
252175937
115939112
802165556
795295733
830294516
703169443
635372093
779324306
426535901
966627326
122107803
814340305
443664161
482285219
50301574
382596217
845938456
86380954
471277050
439321670
819047404
692949361
168152957
347386446
604576977
126022461
7268827
188821413
554372288
600195093
910072651
23632935
475669695
264974814
527853786
664420970
188425174
868809292
658909156
949665443
927868220
949941168
172555808
884658723
286603660
139522760
79314105
123270434
601445889
481975375
20449241
609409760
898571863
471628323
747577432
168510920
824951664
980090876
182151080
544943712
186765921
383998480
130296021
317417208
583718660
768990078
487015698
151379763
496863900
658744729
550477719
309029193
400508430
951076742
261242343
94610949
486200896
889293246
694085926
227320943
406151599
933084408
221914290
195729559
102445669
539893697
6244039
275377729
844996884
251929434
629203715
336822985
767747918
982822012
412446934
747183891
86461235
618551688
165929058
809554794
219361338
573619216
687764429
410673091
436519588
319810865
580926530
565474368
540996972
428572571
139139854
55523138
617166478
188141447
831956503
551723319
451733347
330871865
195718930
66746867
424680853
879946431
458564229
738443494
187590089
799085499
362133594
76541729
247484766
462364295
25650851
445288208
742911330
825767409
286835430
966627326
250832928
968416817
715870331
757282119
703087342
330904113
568077756
5991866
719382849
870916348
134333631
622435205
321325462
814842201
749422591
236775475
797705216
147390917
590710108
514956099
134161151
471861764
606595456
278646010
929043617
42596610
177772902
739653264
844201697
355121854
350253124
66256130
721832576
145623159
65737743
306115793
638222304
835349402
172570980
153128103
45623264
20875284
14193162
461531401
566058936
527878525
394090841
533996701
211242277
677228984
902350545
195776267
316798303
676883568
372476370
894829000
487161351
287530792
113004950
334547114
116948803
509238519
351632800
252176867
908190317
225492819
390903100
749061428
759539448
699434609
675018161
126254259
258473561
883445349
250125501
786802005
882734407
763529811
638332585
64803844
579817302
383895210
471794
426443892
708187359
850391656
8859175
189417408
211791966
625117447
837578715
364317592
227871141
238336414
609511465
310869723
200285655
453331617
953671222
555210203
291818060
182765785
947176222
824984634
292721474
315219733
537066968
369581108
985110662
440616086
695309807
945574543
638205999
831814076
773911888
447612074
499343528
945366023
236514405
2929660
613614849
46664779
188217429
730334940
828762623
540058258
233727900
118784529
572693161
792912426
267817226
26483879
821436434
419903634
471661938
924249541
944230906
722390587
838217141
223739110
418285894
779581825
637886091
192144088
653343445
402917362
544483569
321385497
581188366
205639976
933501039
802383372
908509428
508405018
717789858
228959552
294697734
373739239
46956719
262705188
387713706
661085009
175249300
638971745
160331109
449339506
831141373
297606573
527035636
649047937
114575227
423994626
755113551
718894692
78977619
921111864
33331039
825166352
940212254
569076848
173505320
364020622
469771004
957214697
390835841
468905855
980221610
252156591
968512791
456452946
342569176
772582729
731411770
819010277
648499057
800281468
654423146
785597388
539607663
947409046
39224494
655374195
697300675
877439284
835277993
236711027
721139213
121600586
650496025
774835453
702656678
852158441
979795667
525487496
467374514
746376218
461718258
343239459
786303921
754290066
953277528
46983191
338030871
434990184
645299324
176072119
691905109
582624289
176670473
7631465
80058162
834736039
975579630
102024228
154446638
112569815
636189211
907022178
863899238
827438574
59861732
388985441
863658104
939174967
341616874
266839884
451234714
31265932
927054610
339181263
139888466
875071330
203074452
717995764
256952728
776682649
930100739
415864754
138427593
308872743
404418759
70503445
805933727
81554349
435961292
226687929
143331180
689665557
982815317
715526915
673678031
798126541
26266567
623920683
549787218
169698000
939587133
753565004
22906714
549633284
236583949
741321071
762354883
731490814
695335407
601351684
8257884
574802267
378008405
193508538
203178259
381081185
743117026
229137627
600952724
253394563
33047335
568946471
791599767
748339888
12138154
759979979
346802974
873125307
565821744
91003953
476883085
817231012
675397972
738150225
104575297
299034267
493932106
349478827
537471681
526578504
475444144
365877519
432767897
479511878
596981351
799406349
865503854
926266225
94264235
376673204
616934268
88375711
175452884
536783308
353245488
141507204
117634090
538913826
740249546
613111930
757622699
853520538
294789337
605833475
214606880
977953313
785832961
923212354
619072385
832200415
25535010
525322047
532131585
737239833
361446695
348937203
97351659
327587443
307831734
771809380
609810269
315414312
120084789
245788887
14639560
234863681
370876055
349008173
618225797
331425010
67952368
873592426
899027570
836598199
140750638
657494160
359190586
585620593
1205981
831766860
220931513
102917742
938170658
475089529
372352502
854969934
266424878
585028990
968416817
553934621
779239554
85024861
63139046
52517316
222128730
306989780
184570020
197772705
73466987
938818497
320432816
84096662
876878554
580239070
861642712
976108172
345052770
589960365
119692148
367619310
861533434
307250480
485387632
934191942
861273872
323668850
515630316
780312659
757117925
662745582
853068289
573908941
126022461
174718319
232517456
107189417
391531675
719417385
237559740
822633253
479247089
225881081
490936492
32959519
731105362
855350486
298541502
548317184
628379655
686791258
243160786
816253338
591159895
874485504
313444722
278798664
971484790
769073917
408117745
729885995
423251349
394367656
692864072
74683039
154221712
702974492
481691078
305076375
855193753
936047806
98678460
576916064
271787456
233789555
162794045
849887538
866985017
917939266
217160723
191041793
773250890
621732088
640487523
122313502
273098199
607325977
193889396
221977518
345626486
454597594
899927436
569394598
99120140
322335282
315427912
672071214
814786260
817255859
647635494
389498122
289144176
369685732
807329045
768419931
227001727
893994375
692552809
363558241
784351045
395691981
924438265
483503846
344221091
963804249
281446613
10419260
773194436
219488265
693943793
236904518
59935540
32452313
742550774
850922622
15165016
884771313
913237143
420319178
467953530
478338953
3142643
387664434
483687367
893681336
369207349
35690337
931489877
107100867
128144711
808074695
538473558
932091311
636097784
821932595
67424851
811082566
709399957
204296110
498380507
512361803
752754753
762214687
314958360
779161227
979774223
895663361
5138658
767478599
136343688
139265910
188704488
614722556
255752130
218210509
9266174
784344735
107025810
484368015
83307592
493007281
914426439
841856180
16256983
255097989
879400464
745612400
228697407
363399360
668153443
405785225
462344618
488565812
35012433
639775899
334431959
254687250
255017625
349478827
392925324
615382578
818427897
551801697
343339139
772428083
104878191
307071146
150439882
413196222
278319969
68266595
129760740
628461864
135010459
68320021
931181103
211027814
578670883
685001048
751245145
289200842
350482201
303989301
672979677
273977299
245366171
319343237
454760934
947662707
126919911
683379300
289343716
633255241
585827159
301976769
130888626
956174391
876826448
508176477
405911518
10615551
527164906
940165584
862444812
580002199
242558436
616024267
759416080
775170411
853986022
471975864
50798078
20683598
956229970
173989647
378821917
763605936
183036734
538854287
856877535
733324708
709453320
754251140
176564791
835357056
810779756
257151995
497295125
238470302
728737120
589247883
309052421
630531925
426535901
928954815
21748944
574974576
969456061
957200665
625722821
759422735
101599946
796131293
409626295
10395404
610794178
961857811
157197259
784374256
915436440
305972637
784462537
170525198
39911734
359662993
220773900
950620108
337679127
402599549
540472193
881355809
143069750
50253758
332865938
253089703
278632688
2082881
112816811
906420511
933901015
735801587
282291579
668240848
31264184
118676915
881425076
898468676
603010924
357845783
731158485
614471692
189381091
222478622
822732839
949186155
635714619
697834503
946216975
833186962
217161
227516474
130367499
782962093
347051076
359859526
683377920
40234323
153522315
183961526
398897429
632887564
581652200
158416802
350059010
415464867
506326090
73744224
747271097
220111017
752847896
104185251
367128657
572688706
415500876
721800647
928440477
99873381
211777449
190451670
658875333
164564487
259207507
267364518
139558576
423158875
164459177
940772126
21891691
679887132
646283835
13269900
23433036
114775218
347995503
747954427
398327736
477078394
693964630
442094212
663262786
889781105
600383693
436003353
910658009
346321854
326130832
489345020
105291016
517148459
548148602
65965622
660368365
228178640
788816168
491212136
596074414
971784881
468024726
104166425
271797443
108100580
190272718
83813639
804868452
182292537
414528151
876545933
460809060
917579523
117986966
630516766
165233566
712016292
454880967
328686560
640728260
399608136
542928122
755898295
290723740
554435605
355942832
666645374
182732208
127800853
346284086
163692628
933774821
554514358
174280519
542823468
861236509
348713844
673141616
728511804
81850821
264785916
350282250
638285016
687928499
357283264
682201068
191488198
727594115
678787249
722381228
847994739
757693770
276303860
941247276
544943712
347495110
887392562
560714617
646594415
415464867
710722976
345769465
823322824
42253963
166764427
186425827
595843529
274384252
607737595
845501583
465729289
546894071
695833108
554013349
796934735
517247656
603013797
347894191
242676813
723859811
65224070
394506017
899710831
142513535
63744623
765141396
420409739
643833804
444242860
911365318
187229370
255317809
863439067
211292853
559807148
790519186
633085972
592085845
237928661
143136312
452948879
129656616
108708476
620565823
241540456
656376884
395374047
173194668
912696527
200689316
216733059
959951242
755934318
290695363
116161481
60887101
483701339
293933459
664027807
36658504
94000347
60460673
941494043
883560141
648449142
452018833
769744930
348417320
860073085
19902754
975335830
797364955
383923677
5811225
622942238
793299473
629792351
977690974
880677308
862384092
731288070
704264398
695378063
479052304
786866627
637960136
550806949
458743180
120536859
887877479
261911642
75643362
712129168
585394663
611119860
150312696
751927975
165053041
255548851
730821459
268749088
506084130
57418929
789906522
838018152
874045097
52338213
455159997
646381959
138282987
110722830
609487673
887740533
983143558
541995354
512868269
432418850
810087175
766175182
69359556
90990064
374722867
846639903
926015377
148618210
973175663
338126858
555023695
355654872
395959980
588804874
150767098
941441048
816074735
193240145
953076230
822123724
341670402
843870427
487342476
310583094
685716246
982331244
149787689
220511086
311607202
157054989
706592625
301429141
544444014
787615382
900781368
411801560
622395053
223171773
462282955
755608988
485609886
162881668
658513690
363439319
771161152
288653637
624370784
266008949
154349161
704668402
137771868
273869808
732798474
173076461
83964726
177557827
828882694
796765103
919472365
8396910
782999403
850352741
333961188
161247171
252476707
612825515
96024563
24584468
423380227
889909561
26141842
348978310
1098653
32225517
599504953
836445184
837845067
413452539
41528277
148142825
249836409
897336267
505365524
210185037
237293204
956576677
240853971
314659223
546253838
970621522
56739741
579549603
426920681
82899776
334231879
815680426
868072309
696669501
803913730
180425936
444139825
451058330
504393989
476109322
352506360
807808383
197923691
821025790
363925969
814153798
961555729
879332478
445302568
495537900
121419780
704745097
292482329
173505320
841431371
841640869
151852612
127583755
790917353
361139662
797094769
460844727
600202304
598186644
117650836
634395006
288592753
624033088
31631813
374136230
631678819
643616812
532145694
112729188
518333903
288715841
453463877
309761664
221642596
102521381
96703716
642783467
1258304
41745961
221170064
982483946
342318375
942955271
531068662
123355749
58621829
52447818
440883610
347973005
497849431
344546562
701315395
38041561
59775720
940736888
164368799
650006606
655711438
351960339
48175881
702666117
164437307
540458678
24661662
243541351
711665201
464247807
492718660
187585034
540145840
60122131
806188516
104364927
360202017
32583383
799108621
634275494
817157502
783748688
264178614
300126943
836699254
421453623
453992983
968305131
23180446
233130511
218076825
11363527
671401772
698478736
481904556
38108293
441809554
168705661
291818060
56441452
57813348
319317229
179438823
527590240
207315093
579347281
135753009
616834450
374946140
703610747
351136737
720150304
57190782
345587641
936453779
485336267
861527310
228638366
502230699
598205983
157986329
47849166
17552446
121516037
726162079
579058294
32514587
226607880
495392073
134841052
10206562
843835907
372044060
285358757
775882375
457465944
625748836
97937621
339255190
255339739
881380077
207744942
503786185
312249150
17905185
162955901
74888916
474868964
846614471
280458399
749275170
653926745
181876681
733121038
216591575
80878560
75501651
58844478
797945167
718796038
359635156
369153943
700428190
594790026
145419242
366217638
513930058
850451226
36660544
344458190
852517485
449770676
149082579
679365821
949691839
671765522
677908902
155817703
848470445
10905753
430800522
670190771
455916556
496379418
249625568
654726950
622977295
423719936
762468395
937539165
961956158
632745450
362294994
958934162
606232218
576187205
515760715
236299881
741253263
324247755
380977602
307762962
940705823
654191395
949928040
606885224
949718238
58382980
199336028
352740257
77454893
984323169
533044429
442972646
633820969
958256544
157794020
21817801
210410979
416272002
632259178
717821064
867570776
22056920
833570494
198492104
315628937
830694608
606748944
677333903
621405201
87856240
985793319
897312913
153102709
422960388
562467549
97114013
328587127
477179383
81025562
758841421
904784141
645907097
509351421
937722926
774086039
251528034
269498024
72412335
43668623
666014327
803279736
498565771
804313611
486457556
302512882
428242645
264844987
522049702
187177917
372793275
550496845
39414782
105535989
185222552
135895103
522706342
238825247
835163056
205525386
337760742
18595126
954542764
499554450
901225591
5715810
295132558
924661048
754715395
506803782
898283298
217108782
869735048
419032136
677055019
925500955
206726251
543335515
684119947
134841052
59130793
834863555
275287484
573211370
788439283
482962108
91423561
735732847
400951173
80582524
837353278
226036991
533206880
604410811
985353576
625793302
857258480
570487878
151626099
33912030
818045249
469296363
464978962
259464161
437320596
862754740
241416616
105375725
131648559
774602942
260356059
593774548
661409551
633395328
772898582
832200415
948152379
692151182
203174712
630745280
827056851
338528435
201960438
666268410
706421067
751887830
749690175
329938547
147781453
933236114
595880146
273506528
464777030
95137301
875983892
479665893
498581646
343091201
802894632
501261629
492972401
804498605
304864083
412968903
360720166
727306108
21787545
561888634
674642346
665503353
103248355
432244480
290756454
431108093
518661300
248212647
985207672
908496564
905355727
171498484
403092382
92597667
968293027
727663651
299508004
960222389
493028225
151969557
701016488
607624208
143610781
375411324
903960227
229636411
537599613
415734492
959542266
125672724
806090042
867242081
740359723
670685554
949754564
140958525
117387091
920546352
704527459
701830630
298963536
493366000
405264355
140162620
431801714
538551654
709966195
314247780
150058478
878960983
641750314
584335327
328711506
213960745
363912157
890557569
837439881
916434364
225145791
567842211
176881401
201111466
700381700
498978270
542312900
148015565
944143061
746540540
221272301
507249790
864762389
742735022
975350425
268865103
799438677
831171818
891097528
76770917
622244463
806657011
259464161
182416663
414997801
859740199
233779454
940435237
121928498
472759452
139123808
106471516
937582055
461294306
525296923
279080289
240796715
857000486
6311778
522873608
710874872
830614506
230535299
170683883
118119106
430213906
919196307
811930839
12108573
83374719
370932916
741577710
721029572
632041014
7120505
636578825
314685655
512706551
307848347
155294592
364714255
848415387
656373022
19344799
923858038
719805905
112640649
16255638
718370047
126036865
574027222
876299314
725861845
771079960
905726209
595862889
982950509
749924395
733967773
382365971
857211807
321518519
525281687
351828819
151906540
385068851
121551593
477547823
424873160
886686673
817388292
489767530
339681192
831569988
335306115
319928476
3132905
789763284
55130950
306383250
882049295
929623964
402551419
131803530
390353578
622208931
101287866
852103641
550296534
310128463
859750198
589813971
617171277
583434884
212988840
940278463
707388841
194338040
879614966
668036678
247019596
507805711
194389480
247245731
534694255
302787530
7083545
33990453
299365360
806429805
378885536
763943454
29260304
717913747
941291742
397128713
239127765
157174608
422285522
836077592
503971801
884680442
143216477
460317855
688467981
428201258
443637033
723224910
405965304
536242568
436974237
14645617
161593783
289191865
808214318
863336160
560517073
404661453
496844563
76139959
915769695
434798801
685745890
803911663
230781091
952845482
143481322
984569087
888888243
108340681
725755477
643790886
181096524
79458114
669933843
186725010
627244012
472560184
541809701
474555415
77811534
848972299
709353365
106537591
315159934
5332799
450980252
249192979
577419405
934314338
273479134
699948772
681051249
534424346
630067101
953749381
78729055
906842660
147925105
463346117
512099220
1572363
765046014
933806876
607898530
106246708
597903032
733956796
411958231
313274129
984937920
84789284
111512238
487421148
471619381
862807872
2867535
688531314
796498414
651135931
299827192
371721704
824603537
531080306
247549507
630529947
923524021
504760851
943453326
374596094
245804902
103372717
579262612
69014836
526199569
56986043
432668738
57668670
792267031
463496822
2482536
383281668
38659833
601335207
50862552
53008841
759977409
630699495
292482329
58046501
816041847
529536576
232759884
549114609
435883219
717829391
307703641
785708997
315221239
553208925
392475159
296168793
354740621
656761613
170508822
602525215
393336870
532590887
933020991
735661624
144868745
58838363
832528178
191904478
168493649
329117439
115305957
172982631
170957758
901577470
190211393
669459937
883537520
587514888
445855555
570003577
838615608
7383935
721624332
669874584
662925531
904936722
975621170
606468595
129446382
51558985
566316571
74583263
473832497
635100194
853224425
48204164
288165088
981556764
507264087
779192576
49329145
124585959
370795393
586736094
912977067
651615407
192373413
128841528
715093104
636022496
317526728
754062024
75103356
198995749
231031551
509514105
31131803
166468941
139657361
20696811
775923895
495913055
743291379
386250706
434336485
475830170
915035774
547525849
361511480
442037845
242136148
323119773
161169529
259730064
191099945
230925114
876246452
833144809
401970729
777179039
108344518
522681806
434446563
131241663
520205199
979590871
144004620
314527969
927111398
414265955
763692659
985998675
412166382
869650095
455957441
838228975
88502973
984689412
907013683
106617658
299850867
192044872
112015733
897582227
821574079
6145153
613913568
692064598
639090417
784624881
20707945
720376036
715480893
697402284
614035780
559123004
861372507
43674123
478330474
562970829
166389748
624568087
809443576
439331189
542275007
336000040
845156906
27672645
540878136
509531593
961577606
568278204
279790758
912734146
358956690
546224562
401973855
641924904
656502982
122032514
527434976
84640405
679365821
963232484
169076796
291129671
367057068
645388408
36698
261821312
242241526
492231091
934513182
488912840
228339759
539916095
834354589
182485456
203611426
681238247
574464788
417248603
773976
691192171
695725088
447618769
948621764
146277283
581654086
195957689
359832320
739645037
556645721
311446661
458698154
465275253
302402345
900391254
333049556
546940873
807460781
497501756
112345814
18007288
577787284
90650017
22943051
58601655
16178889
424408260
366598912
149812123
2881189
99418338
121945652
615431336
387664638
893928696
703111224
479889052
556068840
542027811
196192965
950699084
61912876
55504295
381479529
801181199
58993231
773532760
89431058
222227875
820159145
726814638
720015080
706037758
370225870
303938549
254049053
82946623
403697400
858355244
618329999
139787937
151923347
895357363
229714482
380635143
641611298
760143004
82658356
388248641
923604696
710863932
789882114
387013845
236977483
821430632
700401985
924446802
119395407
47977695
509866057
101364942
558837333
937207810
268835276
631537492
18434538
365331516
847397978
444584289
390445335
51352113
739589191
358159849
370235180
941026349
210436973
945560411
981568582
304324196
594105677
794463450
259784138
804603555
47329672
879646310
20449241
50627291
136482342
755155889
512326750
443191354
460658362
61039628
178547315
398634965
569194938
682044058
916325663
238243920
134145744
216414776
848120739
38819856
139909738
895420223
601459127
269407789
860529596
107385625
365801872
58830614
933901015
23458327
670396948
214105186
438673545
800482054
830949812
152528696
380541461
455823904
190477517
784461978
407927229
502297741
481260260
750724175
952015457
455982209
232099127
58900798
345575289
701848599
652589563
336929431
374388846
786767452
446910947
695301951
162926055
759046489
668244052
423672362
204544948
87821438
405727843
608490023
607270953
388471023
169052331
667216297
898983901
770140177
551703890
74145754
747462256
569562897
423131308
386981620
671401772
837148999
343875632
422308129
921677013
144747242
931449596
164301255
372326805
269474156
211238856
581093978
539894588
830816510
505934942
122959767
307119782
457354984
540693665
616768456
462015314
318913329
707584377
797390451
445541649
338618636
906142140
413060752
440352381
672662024
449880736
298858405
76558828
820085740
189275397
513621051
168510920
87487393
954756085
367677390
757732973
465198812
929937386
394377114
293604868
291624453
679928481
12027967
747599085
24722378
98493957
531899297
7494389
949928040
285540460
698470710
139775950
711707248
748839856
547351221
229137627
135731595
782381895
329621575
527069873
783444179
918584407
658961401
224772587
677705153
811972302
28774209
731161497
518396452
171830588
21966031
724334016
59872822
479139302
358168967
779101151
914381541
199032207
418683393
153628405
942133666
248569565
301340410
294919363
435213465
47430037
596981351
244180804
739431926
923872582
927799998
956099382
653723632
456357201
963459527
582613280
983697315
429027391
42006023
891287398
129879043
627475965
767448446
694131918
10638495
695777201
923212354
936406041
606205454
820996472
579606647
624737111
251009980
47861757
457661248
10419260
901101417
163466322
95318774
771271917
419274861
471961201
579267309
959180624
856085608
130975536
796102641
91529362
87856028
301795
950118128
316790176
344192162
720455243
85302607
650815491
70241104
680861239
602760806
826005597
431309542
609718186
914735631
176802685
99275512
124056939
972179401
234502721
741270771
108039782
38976389
107625294
142906104
976704050
560148274
152179265
617792664
622792651
724535083
729885995
835884507
154475271
261240336
65908234
863899238
560017298
271807059
880765405
527184509
771272340
2552637
251648111
437090142
175788890
137902701
932386325
797964367
740554396
854713952
779869698
759410906
880306147
465343115
320367170
826079610
462835562
957713207
215054531
719164093
747248503
573056870
855742607
757798513
669343687
858946338
539657951
413197426
671009665
124818072
558741312
193448157
142556390
595045011
968484239
539319663
316669692
275393544
348276844
968438171
967042982
953105009
839506165
552636839
63382022
72148571
288765673
498271689
539657951
813379732
486575086
28820734
974633819
815503305
499163363
942160943
159401853
779101151
807955908
41898799
210770271
341670402
524311737
6241168
619521283
573460918
588558587
849334453
199537760
395831280
128916512
5303959
211234513
347423114
14748182
155061521
438216821
165031132
213560287
353993638
111026029
179938626
841513461
636312192
90545017
882338519
809833352
39253691
827066718
712597486
164832244
143586530
144481026
134108367
240798741
699689625
428656231
460184727
276537906
426840501
566311220
951443242
963050690
168627817
834463776
482929061
570070481
371165232
770196998
312241732
714744754
585671944
592788774
730242266
521744857
141122139
817586788
533394019
245298886
706011562
676486669
444594577
582436019
656182794
679477204
634275141
848107602
597889505
692843112
644117109
453450032
390220656
503786185
126249825
566032074
581516044
955450041
712266416
285120647
854082442
368437113
819925009
238825247
252598011
528881928
426367777
658855281
898211876
364705306
76206769
475606703
802474343
324949248
805049147
625583281
530501311
952152858
270796104
941472074
314353656
781322567
491533485
388931586
390400974
819630387
807639498
902141722
931482429
464503528
93160101
664964410
508478504
685085881
886351874
211004814
926278024
109104272
408446015
426717308
290370579
815280118
293734632
409272484
787465770
596302462
306115793
390443882
985797137
462870554
907585827
611984416
475332902
538269307
778610729
764284030
665174600
243552067
406218674
456653687
386391401
956967525
273042977
795217296
515416530
139648187
650337470
309859579
630502575
588634929
222171763
583683504
824572441
145749141
392155786
575317751
449491733
638297350
954688336
78843131
5668781
253529635
704940604
760584202
764519727
883503622
244758145
828590917
758130311
743250990
54161927
788418619
611992827
60055672
14667382
102412899
893721101
512174447
406347399
822219306
198661808
235029053
784487298
445733515
563589750
731352872
964389016
258809570
395073237
930258645
705083958
119174983
18182639
828358655
896284674
202843175
422219377
741985679
647076876
518434591
723521682
934198063
47331936
142390084
740043263
585799659
873928092
973682171
34532247
844828009
282176229
300055527
57491766
312004993
300322072
514471779
621268477
311713249
350727081
561167475
664613550
480686120
343725301
914953321
663178352
676686072
591584043
76121041
890276554
675698040
570038184
537823157
314428086
455928438
516411793
153227254
241552732
711346947
392033557
891978991
210192020
724535083
499787003
150346023
152729285
482556805
899517998
95374047
251828904
574093475
247359618
952457423
640393035
87316902
606900927
149294311
161772031
312939889
314851960
746870236
273771748
943511164
281642129
404249769
80068212
471843116
492306203
10994600
547126024
69891224
199969435
968976615
722022814
699574076
177829155
116710224
752422627
557700104
307670840
723081221
272700700
572192599
514218692
627934017
376395390
469956286
274533489
489863567
636903879
389568343
518294232
859416330
399397430
942099801
695995429
279576790
116056694
738284984
414637782
39175329
16782037
461130583
733301383
623476700
899425195
541407144
901548399
246497136
592445283
610125676
562023895
676370898
34079534
774360434
881313668
414332784
459490490
383882491
924934113
335687435
793753361
452465463
790474264
166277863
266039626
56432730
175044962
956197857
862099001
96334835
120039474
200943844
377500326
731838007
426840501
496084210
788692795
303231898
15629012
453853335
370531612
703440823
35242413
56426886
99947868
451629027
3982482
840019131
379075822
611004731
694261543
414636355
710365731
16505386
245366171
457255229
290829584
245849935
886679362
883508092
213366508
682753063
391128926
553968996
783492351
569552825
658519785
290682323
730914025
654902142
380602827
15193773
205844732
287722576
859801094
758026361
486575086
504340149
416423128
494075173
13396625
165711190
968800086
863212050
224906808
684138110
452023764
948632802
594619934
414194315
527384819
744503106
521376109
941494403
75044777
29554605
822360616
583832025
383071912
84950294
165081521
239192489
444524173
793955284
201437661
83597065
293298225
679656510
945027441
194292639
975978012
927235627
302319922
227143325
770558298
436805006
32478885
943810807
452709935
887375278
403882522
2388279
256487563
53811035
843362090
24037025
334972758
938581407
310708982
149244776
976664954
16356831
136424537
751467455
945471975
242136148
146865643
369581271
296812619
462500664
725705261
887325215
562069560
166266191
218685257
920426063
308908238
905725918
679138318
674462038
166579720
930458910
123849046
434238304
889566952
17738775
359622264
589797841
592869982
429749361
203062245
635452166
648255621
236388470
78251502
212629782
25201692
548837240
580201302
582752626
213240691
786474819
545998286
64272352
630904517
352295774
445089080
580342985
93684763
451798176
437000072
395283669
484668836
950215756
863801968
533741577
915521890
390430683
904011659
309114072
764173553
726231746
243714207
255519236
145148813
407580657
541206303
164288288
317801633
888888243
127595633
895357363
945314678
882939656
314783137
982065834
630638075
713245458
77963633
73511092
842131536
433268807
254466376
434178138
157846710
752696357
399662446
164837686
95973901
321564242
757346851
488131080
629777006
873248512
669658211
207196364
864830682
435731933
155203675
200976160
540682480
1828759
216448577
985154892
6260924
335696990
249788095
259205418
559363775
208902936
317801633
352700653
914533422
600208911
729931298
250895401
371185479
390455195
743987004
274125484
375830641
902908130
868226865
543487945
588558587
939423613
686748615
774802174
101740917
568675460
693288351
529473374
428538928
126178027
428488548
442865645
158188174
633408898
400633622
42243253
684463253
704310177
506786608
527329633
52003522
247451398
526260000
299909531
928670687
322293316
494599693
947783805
90397122
914533422
256567899
491638085
229997215
40488390
247468022
779218652
526737740
55612721
906641383
524687166
532161717
665647441
700786959
419155667
718109910
806727791
898223522
233505874
521740432
820435381
762635425
337113498
725240687
371629380
802468839
174857172
359391913
971738813
458785172
167613793
107090005
744685687
176385664
316476897
92834055
269148558
734670891
591017044
724964992
525900590
382783819
19136955
955897172
961091611
187859536
624569993
925964301
169122649
642965448
615667467
150222223
975270164
900499592
189456516
261084243
408733137
665807015
246528587
446464239
572108889
900574757
562914387
452325894
805133897
284625518
633739920
568770883
782962093
761385134
490482747
895949708
875850155
704199396
904896342
945621615
807638930
530989179
13526653
96214404
464685449
516676243
121937970
906560734
400379067
108628003
625962033
321761691
661085009
208207652
83158806
213743524
203174712
708351601
340305909
440023039
73089335
347725956
279150345
240863463
823606579
194135475
857859991
180168258
468945719
210860297
891419237
582011512
35543295
15054514
976423555
387417486
5814731
775962291
557776766
58838363
656374563
493787346
394721382
510343008
311302242
256686481
754803337
669726921
417927687
925610700
333544252
322169566
919851859
405726496
92752152
395336931
356428708
260100769
389460885
711014399
488358578
341616874
387092636
163447339
488700327
803054181
159258823
637180415
858429846
426233320
377461615
51870467
907764349
103132404
397851788
393750554
309250222
32452313
813325120
27388731
45120145
84521999
755113551
372655193
192982841
877191192
356732152
253649095
268345895
682963300
700428190
488320812
73946611
662446137
19818599
535109331
175907550
94624025
286294110
443967744
799159754
227582985
244231879
363952334
372339449
333117035
202855638
897772947
78837864
506131884
347344834
759626736
38409784
269866600
778735263
699316119
157721834
789677268
549610035
537599613
125378511
927826415
706063092
837805608
789132822
471912688
301924351
945259122
600116220
416216992
742050383
239481642
23069859
922554634
945476458
810908133
721957425
748562989
468549285
120910901
131349079
891509252
925783461
291863987
144017634
679656510
509019021
127953077
102803927
701620215
558610881
881886496
110281489
622475961
844956763
816128521
161814498
130909077
99622149
422949548
167543781
979180354
720147937
393816106
726006501
824576521
611113001
706381041
58720291
482929061
238815498
331268580
268795215
658322903
598345531
257620151
382917617
65280029
339271349
952104208
651021340
736912067
57281314
538269307
363290044
109780052
609010677
912981594
671700381
661874261
794559293
197105771
716102023
561967288
326498221
431923678
436569074
560191794
681251377
408632242
730374733
478786152
726752984
191936621
302205949
515493485
56264160
537537418
867002315
888785266
161082183
647906398
370672763
823463777
767835966
941515760
897743382
214930725
180450203
34354382
98718161
621812462
441130967
962725921
9647175
964030920
387028563
134185539
851120906
514704219
577585462
767421334
343159578
976082970
701632330
738469693
370573876
73355846
902580585
633820969
64547996
733673849
745205138
106320664
609716706
197606841
841818441
30594908
297649585
139123808
675856671
790540128
489879896
258052120
585361028
144915230
555297274
330961216
442243756
579208544
375070048
237429261
674491185
202574045
466723796
883087004
262978424
11783223
841948189
519080543
879341003
525575497
514962017
590327295
806194957
84361168
369708319
89057668
273801473
452664969
359875571
435349464
816294237
769108010
565240305
647357380
700285214
3239768
614314642
526334134
761385134
967749366
67848738
63871369
629525060
728663066
573040671
985870344
68769902
985395128
6171707
813007877
702662191
887392562
492261709
115384776
485751085
861504593
729100711
864027988
710805583
121354670
197276889
568687262
961228868
159712682
142327491
520979251
892845802
156779975
633323620
223498137
524174036
523899740
649442350
336970995
189709498
455928438
925610700
863268403
674585046
620364862
667181908
902256151
403481135
645797685
328123477
432776108
432154943
971576255
515083061
590604920
699156906
599759349
502672942
925458005
2181870
409483989
949909384
691818492
619781340
165212108
968678810
52542159
35341494
384910726
716983310
268886521
736312353
483130851
140400034
695690685
878116021
916763707
661082755
757179033
815425242
935100741
841556673
514843814
707725166
77505346
107851169
298420423
304591151
970754875
557467543
261295699
230786580
809097655
61916938
386027240
237633525
354652737
706939066
487552308
640261548
396589650
448901782
593711518
144314797
318319658
334457628
654233021
56757511
406984084
473003804
324907288
120019335
389229934
724037491
48552785
939214233
108759321
799051692
849151643
191706622
477895372
53490333
679373855
234828643
985453647
543784008
406513824
77272334
723213157
441385614
696313798
235924149
706321876
855876895
614016723
916470952
47420362
13055506
262739975
864289478
915413772
520054930
520793092
825490024
874705459
674111950
483484718
306068451
841770730
644188574
13497333
243458204
566667423
875554805
563099940
139558576
623696616
32344181
557250942
490820970
759734552
229749185
389951894
972441734
35901539
582090019
474108384
769689209
961451395
534165335
528605085
396332950
131214691
310319970
778165507
925451024
833344255
723598121
960347528
767165294
511367080
144535414
103001931
475130114
632259178
41135929
706028128
781351202
820889444
696300709
146973733
842968803
420835794
749557978
724763408
53328670
895641274
448534823
338204437
718980657
837222702
742806399
337931688
982128251
26930157
855380835
879442678
331094033
510771246
735801587
39816141
190122650
936312962
268041947
552764433
564327686
771854554
523388693
981143591
590930808
874664700
902141722
530692823
776382161
933430793
10516536
153777083
429467372
875205165
705532948
526837236
791728325
442979933
318334737
844332783
906822367
635207748
116329579
697300675
10703796
632174526
918150419
886509333
544914129
664855086
324814458
140331986
386509685
508084172
109248209
728052180
325956546
633991529
808412303
116246007
955422084
774325542
892521760
708837585
271441753
149247195
929276873
328781567
243557647
590142482
339599933
596461273
522608963
16222615
16701889
332987727
296671957
322490483
894215957
481352492
498309619
602743287
283889205
436542748
746459525
819321527
541381802
174123699
528076792
619843660
212055282
102148853
113880130
765330624
728914994
56193954
88857790
565347932
365409709
376522038
683490124
832850904
415261020
757855653
856465460
504332119
277229799
681277427
314244228
881785936
980033662
307193813
689340087
984244649
147167789
643578987
236316349
397770929
378280790
824369878
832785364
49963709
383050370
198251530
460092831
857000486
475185642
222381140
297516397
416206605
341213950
199925724
824290793
861729325
449657824
846098729
743239913
22719821
404902792
695117347
887867439
530407965
659559249
618561201
678884157
527183821
338115769
532249385
887832657
68782753
252919629
833080761
423787832
665310458
370006513
530989179
527699927
177658770
393074058
382283128
400653511
411527039
944021784
201775824
791835420
46342748
615228737
964471720
740771624
802648356
50413665
900655676
529986413
620918018
859528489
779256311
475903116
287424974
527990799
109468385
915573102
894130060
579190870
679803513
459559317
577213554
954789833
10905753
588418414
505301391
771552087
690089303
112265161
952335843
812144612
263137213
224071608
577879281
607625230
785495305
888886094
56643049
4233884
33277482
430050543
653647443
654233170
464657003
322487171
77963751
122084589
421535582
802203890
777626348
466160218
42464107
742694821
421963406
737935667
801917804
461528018
402237062
464470343
186492043
268039606
710892272
971261611
623746146
591147165
813007877
772452323
541817542
851522883
927804333
182342703
759918011
88257235
894620385
550937299
767421334
241091310
628052589
140042194
55833795
383540666
77368042
343672420
303592390
948026196
575638480
553968996
416203933
883164074
331268580
349421306
968224140
262063007
173974418
452788855
894975195
305042590
517772730
233553425
709226563
649328655
475219659
848266040
684520725
28770631
265648889
653252078
404104477
371284227
109665089
759466842
788517281
869736492
3610980
67115443
407847930
187870470
249230898
341292616
624361320
210230034
427438584
308714465
677120095
211162873
547544407
430613921
921243046
522676140
630974181
724321454
836163676
871845453
799432569
876094225
516437203
660727661
149476906
226744773
927215314
784608736
602943354
78756591
863456796
136588213
506654427
528373852
23272820
879646310
460298521
847216001
139264501
77439789
591412538
41392593
848726497
500642762
254952473
682821345
751061598
294024315
71652581
282449024
397253939
29333979
626121008
64920358
320078280
16501955
99622792
942033552
264384592
597431725
660792128
409430591
555417900
460226244
189483078
210721385
627489246
797756169
658117294
979126253
424680853
171370835
365958179
813540457
378900119
462501141
342450756
771796345
442071047
617765029
806632937
290325049
126878035
685384791
837966720
866131360
155315049
91512858
336590626
209150836
675453980
552336845
70934036
705852470
226767186
724375635
200800954
585196778
408637170
712060505
862731478
375265671
429542979
30926750
341627545
476884511
763614645
208980527
633484158
278632688
498427405
590234895
824278477
180058698
607283124
755728478
356328504
359477992
756607481
757967737
973508202
305758955
717438686
188040884
203722477
209847152
521264892
817021683
17231346
324068965
560619246
775821911
4186510
544555262
369746276
136332613
79371847
582581785
978880039
215124759
676745387
612182427
458070389
621046440
55621267
111204891
665887821
528769030
26948705
132096928
442474375
113034031
214200063
858583339
834678053
486414167
705290811
794940429
973687806
442537793
600402386
682263374
849934610
196225564
449711611
328945020
905962395
211885591
530296442
64409534
883947426
590838181
107577388
645041480
61036447
171748907
745512943
881102643
53932543
37310148
651148185
181307295
198305750
158638764
218210509
957731773
73343459
758764200
511012202
636657254
816074735
655002151
58952175
192816608
462015372
822366118
239710184
126178027
496724843
341649151
806411769
623890833
244977516
228785265
789111989
464421603
46549968
146124794
295180237
922946680
637591359
831400490
390445335
926440255
217873373
752080537
675980617
513240945
466048818
555417900
59729711
918091974
158973009
728594629
316155013
523076752
232862530
745260860
488443640
738486682
861291086
795249280
972921197
684934901
569227268
183015714
559554347
64258191
637106800
597708255
260225591
924970925
16130686
52904725
815244216
656722616
88219447
150317537
168188017
720351325
806188516
461528018
828473716
287256946
70554220
837578715
271192742
869996647
50235499
936249648
240243571
483558111
276190752
434492462
957407211
703718145
695309807
507289494
221264345
944362172
68553588
932810759
344174827
954688336
764176417
611451274
862455464
22860457
522592922
392475159
448008906
960633252
943210459
474698335
923311453
229900524
233751077
980415976
901522627
69791008
652935910
961419485
704003249
760786884
182913531
483255992
39175329
526190500
372386649
810634480
9862382
350726466
426621001
284713490
531536036
93724455
202267706
55364218
345363268
486676608
786837757
200100507
622816698
788816168
124199750
423654249
913798405
163197129
403393699
559117936
296819568
492074599
673843992
611245779
860949136
790494453
110096990
784199667
539033698
208326221
720366222
506985255
152465662
526372820
877315263
294455396
616960910
808545712
210652657
950310412
746581932
589758714
833361504
836310131
529681886
707464960
347865296
4775631
433203058
291465267
842291623
466015220
747757720
458289085
862134784
879432816
31502368
817684672
719281408
578564091
920211426
176872284
886630001
331239245
282082765
902971790
875815689
808254088
753357227
519465441
406920595
314375838
524767797
771479805
161563621
540018755
507707446
286357423
566003285
579931318
5563225
451406139
564335318
513626599
919373279
599527106
269135681
875269075
279424694
640685967
175438560
669894654
787704828
228497305
417066785
525859268
350281917
149804444
849151643
879184395
56349994
341887515
576725721
466387563
237324603
792192146
104410320
194529838
472128666
563416557
574211662
46739910
874470116
861512733
554035540
758177376
822435974
313650726
356156607
83687078
248243610
934402335
37428880
374732164
889187757
950070116
211421545
630505955
191710533
941705780
230883198
604130827
264223387
943924582
61974598
481752384
243362451
117404098
670675574
3491364
226722936
949471799
611119860
894014499
604315876
170107061
359622264
454116492
880451016
767409361
425381225
462298908
856067402
213085999
182497424
54642386
34375527
274700128
727585497
294600724
194002931
785822252
763506300
850074145
83021747
182093644
964831350
64920358
713792999
393815457
240621121
471824696
485902493
584128258
235765239
683856450
133732526
668983693
494558500
700520118
33802656
524377598
915541044
370518089
314474757
732364005
754160532
176304086
746336897
710081949
866955669
880875908
475992979
986216608
169485915
387416330
933084654
681370018
975702074
567532007
263498572
457818570
224618351
17763378
289783031
806847820
324932689
432844453
828535752
141501213
768438048
777516245
365013148
26419894
546304301
140774801
456321271
563638599
869400712
160127084
336586774
886420401
352498105
154592943
313916192
47263953
366649439
674814992
870017274
224197350
877951895
362999220
862965892
230652156
857970558
656376884
852169994
307507967
180632276
694628313
464470343
329440073
29061465
746956818
863231769
597889505
294412028
467460259
983098487
540899283
823610072
481721471
623879764
844649573
152179265
170824994
294899817
366783738
865682528
195562613
183068124
495671380
181861704
878034173
369515099
659332665
74120925
507249237
169814354
311701049
951746209
903357485
7406374
664363003
586450219
25918992
446399336
847183767
746646682
665367018
56986043
31476578
696043366
608962864
260583817
315414312
229267949
5649515
403209960
208610676
798729104
744577568
868962362
72406890
508121705
391531675
307896882
64151593
881441465
67328683
720141619
287674187
886552989
735291163
28814022
124138350
54724274
947502230
522036893
496965573
436484698
879921606
207764331
376281805
534192183
25268490
930213733
90228453
188301465
44217024
966270686
449690663
14104905
508242473
624116626
96664187
194131710
770153793
52754146
280875151
536489768
423969096
491582204
450707904
905975407
681415160
250012132
562635993
404225798
665503353
772111901
730059718
379390132
692843112
701506306
407496376
544879188
230358282
81649889
382096952
981555744
255160191
969102111
261240336
182283284
586257761
140162620
819622571
126254259
57761
904764670
536336986
297519483
93578676
771704641
30507858
974537732
941337237
516894736
151626099
161967113
739491715
489779006
427660633
163421241
763943454
236639570
923787946
777665086
432481101
628903216
236210553
777105572
522237102
622964548
105275439
690397738
607504804
343196485
103442992
560588670
331031895
45623264
783666039
766017849
833270803
97175330
679518795
329345887
76541729
13462020
460987878
307346883
648484389
502250529
813234831
436856297
318558933
530888220
97769415
57430
582390566
203575749
667807677
502231827
343808982
939607083
828132164
243362451
682396524
252277210
643263855
818038494
202187471
111862680
418390462
85272236
383825831
161223288
225636339
226285395
838424975
971787062
343895299
795944340
855675302
35647128
723221884
127948013
316119582
182167331
861577220
157103130
965973731
979537308
137655241
311437259
587307122
188500952
900792134
228929184
802292970
932070423
686743725
740262076
960305867
433233392
183372132
619266383
216719732
794105085
286892692
943648721
524858963
837781478
471586540
609655597
649901817
592466055
595259552
289541687
741270771
299441919
394472379
102895083
291619329
453434924
56550579
717576902
384063486
402372273
146018647
670202941
115865173
784618317
969660125
323163866
550115470
725861845
616042086
173192531
947759305
587511465
420319178
907028026
780976752
3768733
261643557
46407207
22585299
96893445
257335721
381766409
4046956
667181908
664242066
856877535
284392063
881902153
217518879
518294814
579103507
907779859
96566520
107040477
565629349
25303308
5216835
247281646
238825247
226767186
865158478
428972455
718029362
729158419
259396087
80767978
923939294
171489148
903414700
934489548
255245904
269554158
181304062
849539829
448586912
241941164
116934360
535962819
330861003
656094331
90091664
385552127
398674397
798126541
536347433
974108944
739046125
420360310
511705765
259140498
739560152
24829582
7219627
548373333
178604033
516612357
53034802
599953454
645655309
166459238
158837342
233407084
563452402
639266129
738923922
54305287
425819267
125854328
15410658
327718377
772224903
386723299
30280562
346237976
540148479
858915499
48308513
137700358
416574965
974396749
94099823
279647634
932706058
730571471
301399184
151513342
918355631
657105971
774006293
255872221
217209703
834977981
342821256
349490147
166386267
684745445
698641362
914161895
489321435
664144912
509189807
330861003
177409193
944168207
838919991
503135110
45551738
664363003
518637102
865459193
81190665
933045680
918075941
731545877
94923255
706084445
338913664
586565964
105788454
564623714
558313090
713543417
511238590
695707906
817781189
854411190
214522551
400037856
863488284
34778493
710202206
486889456
405757932
894936754
350605242
555883542
580022356
694416708
388421612
247590855
660538378
20849097
906510126
846457230
341591636
66262683
558384753
929836190
928653082
415864754
291402481
707943277
375628059
393648696
928824090
10708578
937883050
880029231
612328850
21393089
699646798
33641171
291533971
484669790
45471360
761006162
218864768
776009619
816661585
692151182
959482892
719453812
436183199
282045927
23463768
706561177
306117571
15798508
354117180
111952248
780700518
245768223
168307057
103285164
510225201
509896947
336075514
122181603
337236788
16222615
555139574
318568752
570296354
220011469
482091112
820830610
731429577
395813608
313433915
443438953
94945398
762188525
695433868
279004635
212378985
488390192
140758284
717789858
79819116
398038447
428373721
554067897
433968370
761591406
19395311
962220120
91096377
15284478
51476103
156870750
22932143
926546745
405787254
34436465
431762868
431479007
446759735
178438035
57430
28596596
1065052
773911888
86867187
792121316
335636134
401748156
465525091
818692785
410283607
20729961
34123919
488846786
227166957
141175474
903432488
145696638
227624138
595298784
82912734
286379771
290841604
588614602
796008162
719996075
337731682
41977909
977619456
970017527
459650456
204715087
372095252
463788083
351251619
897018054
612766434
444937868
584261405
736664156
492437992
353165855
936084422
396668111
131462779
295728662
955032959
363305383
425646227
859813701
835934838
433968370
495078398
424969482
336243770
463142404
443585636
305076375
382546884
465321462
782198328
526435481
532285678
475751582
523327246
167367078
647422233
722736701
944483505
44125768
561960008
564288408
778872960
348376675
533559199
319631656
712476580
447575776
325214420
24661662
406808478
374645333
154180774
86506836
599909774
147167789
431122247
91344070
111267515
869670215
103182812
767601392
724300600
838943360
41590827
805714998
924713067
833690623
414709980
136596629
12673356
127393742
934199980
859341615
931684879
867933209
309957711
493150212
48931791
763991721
256146127
214326128
25390257
236871910
251028288
569598595
411316503
875028363
692858765
425047189
881244929
411270177
301143224
693266669
465353540
182570154
956269844
257882733
971432854
625984752
201416509
601651579
673162755
445040237
530114344
244020532
898812835
762146822
239573904
220153016
205841168
869213334
80561215
470969979
873083592
337651867
146305178
369398902
490510365
367423504
38031191
94066506
748401826
584285106
338253335
504633775
117481260
125943812
877286309
894420195
250594433
19697208
436887728
541786122
421127251
746745718
697437648
687148225
202734333
26567546
101919134
706576135
759926712
548936889
858209797
90545017
125411358
40837184
23069859
410607469
151179614
978153992
300126943
28398438
618810770
844034451
968495383
714576346
175981120
187764852
234184544
601502842
803861889
686286358
220644712
708507397
527990231
298452512
551613244
416458991
843681134
159657383
166387052
199712523
391721238
928919385
320172580
66199130
382365971
540366770
31856732
976356151
968925527
252336782
656185600
348360645
417766102
381577461
720959157
518847128
975382163
106659164
911331964
986053879
329549823
133541722
896966928
48706750
967667366
313155447
115356344
144338151
238090813
495433482
582491226
297649585
260353816
980905671
133544132
797955169
844270525
691191335
645737357
176390711
903257558
862706141
821451588
825666708
276204796
947125519
929775142
437115828
827370748
851683278
801430390
578541820
478425918
587361603
414226491
37361329
923188972
1053617
553052176
459910097
624544537
456352629
930427989
74773221
19033070
854827696
735732847
937106510
348824527
534050358
829635856
495593492
300064749
582742053
728267161
656971522
618644062
778497795
266413030
167611435
97309737
595901588
102445669
650082741
836897608
576838241
638499
251548135
763605936
977605276
942018985
574175237
55503605
218236772
255437030
184892319
806833597
493844420
690855681
730165845
275308860
575653273
187329206
375600309
323641088
216220542
904542767
314958360
474868964
330007001
122624352
230773162
835369463
87792370
824704472
956447944
285875232
927021405
706485351
891050349
55694392
227411955
646444431
792656429
557312960
950489714
890488645
484378701
867757857
401357568
105375725
736272763
555863423
615912434
605192748
880289075
570449953
482633565
102292935
868230126
263328711
733335729
90147589
73042513
92665948
748399346
688872696
496863900
856328582
405727843
976529534
958659231
977400091
204862454
784545376
440291801
403420784
955614565
854462236
903802378
119979446
68354777
811765121
44885996
625958307
342230207
160425840
441099167
641469811
667167760
35643362
518637102
811907599
497734629
299883372
510486705
848399319
50451306
328547805
887729078
941705780
366768663
504034211
682166642
403323868
811465759
826688128
827599121
879946431
721579198
892806967
739430739
954161633
161910953
255192736
506127929
306218041
515198777
92841441
847183767
10807513
75477449
220931980
274741952
690289608
494133503
469207079
442315497
637828980
858946338
85287036
972587449
682309845
226976375
112795949
159746592
86523981
953621692
373206796
636253397
189483078
924063038
830587679
844010519
138004
823509457
285505722
11052747
488587142
925588255
806884840
904707274
288116508
781027669
294851816
883451141
659514942
703810039
369604445
797121526
919054966
850922622
623734693
955097169
952101006
602748037
258444845
783398298
567451166
657852499
781302127
940136932
339543477
205525386
757433702
522799059
349359797
101994488
589777532
471810844
190547242
196409068
334207553
859489224
921100391
303125948
958484218
640314955
763605936
333116455
893240927
413993062
680536453
638550695
432668738
679051437
468600134
569552825
411308713
360444823
51159438
339177719
231199572
863496104
886438663
139934222
910490241
645513720
320189768
343235366
765452239
304909610
739344170
717512938
515615308
327835517
979266258
836617774
742416055
811501951
807024449
418096693
265357167
469207079
201566931
310260705
813350057
231640728
750457105
69811752
227149446
813456821
157798450
319049957
750478581
978587493
265202577
777695152
687105298
933077423
315503626
934234449
161070695
621878256
80606665
922234798
711829120
295081475
30574434
465345138
438054782
219571137
898223522
905870981
643403549
529093583
624370784
44367078
399215416
189876620
130644700
7014871
206084558
811715832
282858878
915669431
805494585
968206763
163981542
778257795
816982561
838867605
555440795
140436332
81311910
634457822
703061273
719649932
986050652
681181497
76545299
545215958
94469461
730364580
851073338
359529287
526370157
946843014
665371599
357376494
247019596
909257006
783134699
461855135
521892325
106126077
134369937
821434661
827081370
524664060
575329444
760347666
111884228
691801377
510220403
202781906
636709126
388016908
777569482
490663563
396027003
639182896
485649729
757354198
559166157
635587738
402599549
531498845
913016588
381049086
391714319
255412621
80605479
300174577
980067418
725705261
748841656
914291262
946830034
797080904
650006606
185712308
120846192
925013996
496718247
533696529
863824325
893925706
490148755
437715218
493871610
279906362
943730120
145602968
658960545
596573761
805851709
897751527
735801587
295264772
887870146
364973957
464356780
283466252
367369972
602790046
170094845
487978746
122343706
51059608
20771929
171962571
322801350
717079514
589238475
687173427
674836290
949175406
548045270
804190595
540583149
303468984
715903727
660222825
717512938
826354745
59017444
499135423
123355749
968521764
378922194
446690579
263850550
725995132
906804414
595593509
138084834
864513568
590357984
445166084
709489274
866003290
299049478
920820095
102148018
689891182
496844563
390323969
831745829
20751210
246408424
749798059
714437042
635419097
720376036
102093147
567815402
473748525
444045643
307250480
6397818
522826532
595891868
919489266
872675227
943840718
424722045
417239926
106512091
355404089
70988229
123198307
487552308
785382425
900387444
773024225
752632710
639914569
649629688
33975182
662918161
952312689
800336994
399285769
588493478
955753360
363520081
133541722
950870904
636957960
699350230
650232805
419932507
174121095
153572493
512473713
640518127
39874003
474632296
161701253
978343804
724107302
585843678
518326112
479141013
500399632
856778943
356339766
336986400
782172793
844270525
930712067
721942329
661305071
685841597
285823110
873696943
137198499
298963536
854462236
24820855
720862068
840087176
613803585
740301386
437550633
811715832
870344722
757243540
765541598
198936297
871905371
696008036
567005255
564545965
190334677
249824520
127579224
571378221
498036137
337951614
708806719
261916999
243914376
614170487
967420755
786603024
634261326
423158875
318997085
589705525
778639479
675480053
3497271
662024449
36137148
870903866
911924817
462157968
157697039
54403210
214174148
87462858
253441081
555095831
211617349
652384710
731031485
161133490
433548738
473788268
85919982
708827218
708351601
617308663
239749652
693714415
131153791
237744813
294851816
476773500
255378783
227947709
594957708
760218342
418638059
804267557
982830344
277066407
887337227
457625907
529843350
899909321
841637894
857129081
221548228
690416679
150005483
458034282
686904983
169884590
907386165
397453215
244502546
856308302
717873083
394135134
47475836
500047917
694085567
938399363
558213620
93857405
405885409
413993062
411485149
101109324
193559688
67324033
328706869
986057258
744163483
428683693
61146588
485317704
127766630
393981051
854005749
312452083
660182681
828916248
209653336
400610970
869854106
209371062
338578543
629903303
709897870
245934531
677407033
449345151
616205950
587464587
209857962
33221038
31416646
491241799
788843229
499231632
294569386
717853664
918466108
329086619
407592277
562487101
678230700
764191146
598660009
817362491
529308882
624568087
372095252
716833960
207974446
755345217
384820053
31074807
555716275
149925076
875864418
417473703
868584074
714576346
814343886
949145429
304971882
913094175
93086981
389229934
368985582
267389479
866500246
70820621
617344835
30330542
569877631
896519855
621192849
362399295
933176184
27453807
354000103
313961985
985391873
801826130
614713649
309785847
220133396
246637674
861677886
396120760
23176053
441184189
832410066
142560247
536458501
983118321
186887864
620581405
564231295
326216299
72968635
81204738
363706835
293638432
851942839
932978958
931815916
393410500
937036318
469264004
685515677
391995806
161429961
328256191
402029867
884015813
591172562
57941810
979727082
299034267
354480767
413704080
658558757
263668628
666899784
917422369
602167608
238076636
541825956
217002733
440582457
120647848
499025610
138368054
585996016
931431018
638098755
661731873
773865029
521257325
504302369
452465463
473003804
356225737
833463681
293660563
89915250
715361887
394057146
624528550
268713195
427997101
48239705
515487019
559710618
523986159
727585497
781462746
960842451
893255708
401218154
535814420
94681595
762754471
896105553
674717261
246542041
21110626
942787336
599696992
837774060
320568806
4544536
231734228
516760301
119360724
628928672
64710495
299049000
722395283
145681608
82766995
152759510
349407479
860741349
231113543
622435594
733241494
349149730
924564580
166414624
902147658
934170594
931376494
178925112
364141236
758396488
763856766
704530066
200990583
221635363
630236293
259359313
9768818
833859188
758030054
