620873329
707896046
164181586
881609590
253583477
362783979
288907744
391379943
304751264
7953631
170932463
174009111
843381225
392319428
400279708
797506317
633483497
393123580
258056214
44939815
679491668
658877505
217912940
660013682
709959640
678099503
42006023
582552531
43339469
910667760
751362305
907380917
372853766
947870288
626777237
431817373
958357856
332622146
149037395
349336277
126229950
253583477
296437753
831867413
429497822
528954101
660009098
226585009
602539
910677848
1922982
235109384
81117628
521386950
70560152
716615886
651718462
252106427
141029987
782381465
774982734
946476120
854164203
769378576
705549359
919228759
458025490
823771576
857861490
656107655
916591086
86958027
553602265
769038386
749590852
523410322
701671896
284940105
286287445
476322754
850621026
18917799
800986855
201437661
886896003
714034197
42408509
267444824
59593407
844468981
169437838
732229354
245270359
303467677
973362080
22868081
56582064
904172906
15629012
873259145
421901956
91226326
976071350
432036839
908535852
498677011
400218467
269486051
696504196
84346171
394609990
879080148
333527177
506209149
912685092
610097565
696505809
632499363
70090142
768199504
33782071
76808651
339508590
936063036
602676464
733874418
113889659
721842918
349544503
231502200
610903258
847698673
522631174
162304169
445563522
815992910
671414868
916313877
222413368
24078543
576140918
811977726
130344855
787363563
862856522
491229413
979056932
967561736
188843606
793661355
545060788
836953717
754700957
739946442
205729900
248164050
24762608
848989278
304166038
869555328
259648178
67279961
398737949
938432316
108348082
23280812
237559571
370508583
452266253
100446534
684133685
456898817
623137738
421081698
709453320
727159463
911088775
739554570
614523760
540758166
732530709
493106112
754622084
688589988
29554605
617118612
170718119
18376774
95137301
150312696
679986871
213404905
142697461
497935367
652170084
754767082
603147153
556093371
600837888
863894915
330931079
461272858
261084243
434344298
159478328
850519431
309116688
338967999
824200575
876679435
953670812
284765652
347997415
90299159
359997342
865436469
42107839
560787846
498923646
762133882
798277110
129570300
590341758
442007290
766608575
219632816
632166310
778633994
382979698
662782041
124378041
519794507
44831686
694911798
353074349
981800902
902118285
750424269
411620299
415471672
662293906
643279364
380115358
870166294
60927532
430869959
856816603
59003040
176479664
890862729
734378389
569382388
38409784
710331413
70685302
204288114
624999316
148522413
482890631
564277295
137198499
249550976
135485012
145456834
737239833
76218654
548275832
917097643
166090656
173500451
6044616
305177175
819538766
279319175
287883852
291838999
918584407
44119788
131640298
471629997
929394402
78327512
964896472
451064374
466173899
428570062
491930271
357061565
939601446
536688955
873835701
635674877
194611076
695572584
879681749
458590130
149330986
405421649
581134323
917880125
91146291
205242032
427368072
472732097
413200901
83148709
153926742
857269030
917418941
668083721
815256057
784152439
436947294
262195320
169181244
719332599
791978212
224622914
317955807
820087638
114015503
318641058
984853553
137408808
149016189
647462857
1314
685295889
244434525
724188108
325613227
580057804
759273726
33557145
871963154
122926882
845444781
638700799
886215837
859710906
944837940
642000006
881900667
659479812
71839136
4129159
161896062
800514995
76840778
384862284
553090324
59540124
77755663
572029518
674746752
125524469
898836677
241772011
197617525
347186251
941984198
758493222
275954751
736093201
406392961
331268562
571047925
759089785
201574392
486811361
228490111
118827457
938622791
339052025
909786996
713115709
950645844
555297274
862598005
187200392
535540430
975123016
85440507
159217404
137331750
60470243
600053210
196259844
498434643
927990476
312726270
255491156
721798407
876146492
343452996
591854698
232341619
190434441
640051325
587302501
685645121
51740889
531997568
547855194
739678279
299525057
440434439
340059378
675657994
720376036
138542622
598940804
231446572
525062157
678620025
591107106
311607202
129144312
239349511
700890904
3686616
89620710
137312347
275192757
971795634
972083578
189318601
478130750
22244905
538888696
418369289
693083566
18245219
610705191
447285281
585679256
679810916
290527970
364443748
594034791
243625520
217415379
486694951
38589946
294896258
927036839
719569276
523473437
925029348
108540290
69971342
153161793
298711911
59610143
298858405
351005012
357061565
702703491
737584275
382102525
141609361
699278229
864096474
531906014
616972757
881341185
652132886
462473822
661507515
911089345
741506972
209485622
822857755
798080880
844449640
529847614
497637639
641199552
258557237
879332478
912948609
781395063
816240677
932768212
885256888
654252938
777484106
622792651
77209133
381969169
781919786
459638977
778639479
697746969
36321027
737156683
293366610
685411463
109976933
503283009
149646757
284921626
369581271
822366118
88075283
175315295
212484432
940203311
746437322
310566655
101761411
79590836
119081373
135642022
822563200
202690697
564202864
919187880
832129608
642637789
77836550
372875131
597404174
721151977
734454816
186070847
610363719
371287531
521396953
217837811
234398878
52106225
537412355
440329487
566394062
934677623
802836310
26613198
372778075
647407552
799962294
513428533
969950064
940975464
36280222
4618744
900457025
434107498
753863938
83029944
874803438
182885803
512677687
355305571
251028288
973073160
290381086
167283354
77738677
534781929
538598708
155579360
2649177
90147589
67324033
825389269
963539897
88271024
210592241
34946125
190155481
369915928
186718750
715066274
307512981
693309203
247706175
845672495
706956921
349590828
499914359
88271024
583394404
939939228
913682686
787227932
677325300
378241088
92635210
489584602
515145369
475691653
785823723
415931236
974862700
45702536
49806476
940779130
93524825
307133174
370249008
177699351
506366454
882675395
791002896
932386325
631013042
907681816
488078927
502669642
506948707
220844851
433447228
226948508
743250990
130246011
612970816
196490544
342024838
379420043
573993196
571081266
690737093
86122699
766625153
270354898
18586503
63502417
909908061
869343303
229729845
514992357
938507894
290058242
39604295
871949702
26446325
219575239
639159163
217995427
441277054
3812733
287094657
172147089
122600702
167710921
268345895
181311637
47399658
452590851
394076774
100217764
639527160
508173106
546368059
863970108
767312539
180425936
428752155
46172774
439946058
639443642
593615142
679252130
663410506
112189815
59223030
3809400
720238948
209193005
632273955
231172875
725029364
203829660
431438096
458348325
337452269
366621473
184070163
79331201
141732070
963654524
275384468
200689316
474306289
360490424
8403896
181277635
808064716
194291374
138103771
914584730
564855887
265499499
657811282
46549968
10122975
516425551
401758672
473419167
766175182
886610313
169295874
844771916
164861749
63943638
594470536
454962683
874194815
904761269
916434364
647431008
250295874
361446695
259692395
586139095
450764905
589840859
551796933
591384167
461963043
865563369
941636811
584539008
434648923
152455427
817804764
877383485
237637478
222529746
947853641
322495718
960891180
45803855
421227872
900633364
240276045
65939131
815639883
406684188
496697961
298832885
468043860
416063874
587250513
873017360
912020153
107737263
177821629
375731020
370897643
230145030
530877776
557761230
74276459
796381110
873392494
274488605
559224607
942445795
594767196
442552146
368052385
786911681
409391781
727432194
338253335
910976069
485022617
383465969
867202352
638046573
11889055
261637911
448033069
594286740
709240331
882595693
627262220
639159163
849908941
743818067
588255731
631337138
547575638
543256716
958706560
832873215
871792499
397667259
898991102
922850521
553266329
319297106
26607380
727009111
811972302
927752407
779898448
387812756
650687272
630780229
738345264
851797397
279906362
602263469
632513872
355905391
921026954
862680218
336119969
786474819
957352851
933774821
549580039
574617328
725931529
854599418
538724659
934925025
256677147
468115322
1089315
182431840
265888938
261637934
464566163
393040460
352333115
283285408
751139988
59096325
499205526
805714998
513240945
794397338
866524498
306513112
56250095
864764662
528077515
632311188
817450116
844979261
490600058
791707080
589967779
509161390
660823087
560620934
489188909
581194306
410623846
889612581
555817253
237891385
571633592
340351837
481646655
781850960
640261548
187748836
588589238
793025248
12121801
461557065
794088527
449296361
667951923
791808617
876324394
796786314
96431012
204556720
477550931
82841346
303481856
307915038
35148093
349540832
723384400
240126036
621122523
92669014
229714482
22654788
581012695
365618798
122104638
113710201
289084115
672215361
905490456
834179375
462030319
50127204
620166210
580355856
737213808
781768230
492708246
90990064
137477622
615862493
549470432
779946947
7845728
306772046
138281711
288419204
519483679
868965540
234206192
164389276
947089087
195040206
155561028
189165812
97031485
149294311
982784684
845874838
194111834
1485779
247356661
420738968
820572572
116362371
570932857
287230741
130394956
605557171
30744072
295351490
831176179
494360234
14320108
129876111
661810800
698390920
491242747
49713976
399614481
934182062
676942009
986263103
701717942
382687450
117601187
562881241
372534148
134036347
323554147
201826239
814032982
234358899
377677835
381610873
370023907
159975207
717733315
685841597
689227403
824952631
758917018
671792339
686821822
630699495
466347504
56757511
877286309
149358169
466282604
375002066
96581341
277121814
882685935
205170154
737604665
76218654
327359512
614527289
597706080
640019057
826286897
238958698
556759623
708139961
231229314
876952487
671947804
366245414
150996743
249280377
449460878
211575991
887541134
861736349
644719241
105005743
131607048
540019738
445075571
809385401
284366273
605635761
501977345
961466983
307037488
692357880
795621489
912696527
576154537
917029192
928747675
977577683
690259496
569988218
336127639
965103552
396190536
681408056
848831771
426034161
578547388
358215030
221380043
788495426
593664789
359662427
527021721
80276023
804606977
312143933
382273854
600667992
501354831
130929254
900840173
896284674
710744016
175129640
968884660
731165111
761654146
784152439
289243742
483640508
216233593
837151547
420435124
307250480
609421193
906739667
734082733
837604260
948164592
484254879
134791322
981143591
974915752
676121491
897481871
426114262
607078732
212988840
103865074
954491279
362478805
877593770
462247623
898296362
230939026
341311923
538238264
896641303
11649128
924054282
146605124
549776770
686529687
604229190
337513647
772428083
43406658
258181088
602342165
480133981
147755204
447619252
639627915
242962751
504664509
610702326
183894558
109104272
915541044
48648464
592121855
171643584
12886672
353342494
93797877
466619296
243793793
344092928
593239019
92481802
225059194
349554279
789601571
139548778
743643270
484952709
757434783
485001969
653680873
72823425
387638200
771640249
650194859
701854131
394991551
165974014
194159278
646098331
418638059
735315850
67622298
734560180
243013151
852832876
217745665
120881401
279702417
201905608
580846749
986420130
294326496
507804981
918879846
578186596
836038985
822357437
792656429
107593994
213240691
147433194
776812315
260498241
224263122
864289478
622208931
172467960
859935577
266603753
927345070
494062493
198493470
891856429
815769551
860245915
937194221
221380043
359342302
260184404
350748658
764466298
200006362
465796220
205266877
583974399
810926140
976238833
302165837
783526734
524083195
659542642
183568331
541648015
272631872
51535101
145233110
408328400
580952618
950669869
914407013
985141242
698805186
324041273
604151278
789175886
870392091
184100465
146969949
421402651
432977131
725606264
683644503
867575581
655660135
719796179
829119771
584448989
388725625
330871865
474164882
87746546
67424851
524230020
161808642
879589626
968987273
173723680
984973091
586403982
751326851
425042118
398551486
207880374
729698460
458175843
128106249
929901404
41863734
379216999
956039673
856381615
320966556
434549816
217382780
562948327
903462670
272652023
813568380
101617934
86554265
331341128
535862857
48655105
487187508
272253644
505899897
754426714
13785342
221527238
337243956
547703784
108750053
382273854
3489705
675622274
647707313
658842475
971253858
91529362
527796726
951664197
68782753
510227249
853451980
333536701
719421960
181353729
258227384
440626000
103501340
941668274
814903431
387209378
624284278
35128294
576237137
803018554
205721898
654991961
202185919
182608600
507264087
50576089
865186385
930686072
117748691
800221504
215346667
382577423
670959253
191637981
972587449
668240848
826978441
597451558
136101500
939070596
354875939
961713010
940998850
639657380
964384951
330337790
673147092
696893913
980397967
49713976
276989411
656722616
209978562
686581275
670686337
65795066
584494082
344640311
39717807
898032930
726801774
13769798
78963404
176243601
286377722
337630506
844201697
435310359
543487945
300618260
800819736
30998512
577041305
330799900
942269240
590031588
884904376
376633169
844465529
542583266
678810780
516105034
820193617
636420349
269108407
547389527
863254175
115311057
338204437
950055122
841550270
895939955
202616041
303989301
343091201
198867849
772582729
400144245
63189128
510021958
637756246
230566243
851459998
685772564
584289896
474336754
492795488
69014836
266273117
172143282
228733013
750075469
674998083
497676085
769083066
160127084
208048977
507130064
253649095
279460486
756770059
180654020
546059021
301809634
481496134
571501347
650773337
296987639
22187495
934635663
679491668
322660782
447241105
974561075
322741614
962073328
71362304
217346713
607955446
914896050
677416003
308855513
378845200
547407702
151366169
328419513
683258829
550872913
829937071
480063207
137822262
357807688
55660010
341863400
319905929
655743197
467217497
97297254
788077341
866419121
890557523
749411825
809783005
243956829
792567339
44867638
946879548
595896844
840332683
563312236
468078959
409540270
402053169
6241168
4440940
703110125
235181846
443061282
827373349
695782185
556988068
864148444
74773221
82111909
475198488
517816082
699288780
76061264
217852154
348559287
81910517
475001755
587990837
379199835
284340383
472588109
888386900
278238982
765854274
719714935
37953715
886017853
587841499
594363003
98633240
750075469
272290616
297606573
709001418
865789539
880451016
81201846
839703116
103702326
828931404
144485819
494013455
894910722
859461735
791245053
783032678
818844182
185266946
214938195
773176641
449834221
418984020
342589625
637727362
737233376
353474450
240747637
361933112
876838540
958045648
68290054
664246714
504075529
604686733
272731961
59479593
930434275
614663073
102592704
654378703
879095073
838212802
985264320
650355909
626738134
10905753
699035460
778419111
458235515
127743622
865708859
3557176
711856996
620714237
677250894
229358339
228442837
771403582
295290003
184512272
241653293
515292859
859776444
730242553
147632604
15200690
382153364
416373396
556631010
71918048
148643372
156681680
585679256
249978608
259778023
772979055
196612979
597887739
536675358
270583429
402688249
189192947
749701551
770379452
93578812
533554947
280902707
828026855
605192748
500503854
492462718
143119456
409886924
935023219
441139311
498270112
301220511
500578453
133318160
778459620
306790655
688603259
22780873
712439878
638954267
524294011
773515592
776814947
229813461
321552963
467965596
351865030
176109907
560316544
921841648
965862343
695181318
498214389
352050255
785688750
846639903
939726308
571520549
46376452
643223870
575367984
765301259
687306886
26994769
897281893
427976259
660689786
268975538
724356758
15530747
282350539
859469063
344391284
251579321
962925738
928181409
305852412
574415574
809207265
424936451
925045227
779192576
125250977
635345409
518824905
485752075
473184172
225796070
795260407
163419461
580680955
818109703
970857109
11700764
671700381
469814085
270867745
799675786
725332679
437009744
855897208
302513958
880331506
72932050
797121126
457860234
394852006
345253137
685386704
133715583
243107174
674186032
444594577
303202259
960130881
509836196
768110301
275631373
200194081
2980796
168528336
565170210
570296354
811972307
730134688
747499236
890594984
111629980
133784551
473263722
24957811
4516642
106399025
626129865
321283237
37850463
315682799
528593068
531157661
774101779
698574859
461194572
814450474
639743520
771181464
595314570
663104850
658857216
289931617
806666473
725995132
82185663
344765367
4008811
559710618
483629084
182765785
21890592
711756241
584870255
696318974
672293226
572383282
35287109
890306334
790827553
667507291
532079351
519479194
256760447
176050475
616590865
380996949
109188713
421237766
78016028
74256264
733335729
543487945
585750994
90462202
540103121
375939157
854543504
729165974
626555678
606006683
578648464
881150337
859220456
431817373
895423262
588103481
174608686
356063392
632026367
688544254
880581543
287612265
554664129
345585616
618458159
1246667
437640312
762561020
705235020
50341106
275113922
715346621
650417129
753194382
320568800
880316645
982366404
911956239
658744729
967128860
680256105
837892072
863511099
319605739
225030819
179070623
264178614
970750843
99011749
800258303
720710291
638772879
798834827
438402218
277056241
469590614
756736787
373331389
571044089
521924064
968619792
90056910
871919626
580011516
879447359
952593983
53855389
339267903
695777201
686968365
934606186
786809784
42006023
651837080
550958728
814709597
599651810
778205318
770196998
142338373
974029943
58959878
160506460
771855761
209859351
882442707
68059502
372829046
400034767
137819305
664345351
217407659
303152662
832041958
90844193
787045156
298300742
501952448
927119541
96569873
53703199
671768511
851434070
936817461
770923647
925240918
508349380
620961497
310323916
644825090
737758425
198819805
369224236
379872537
723251347
557178926
217002733
832494727
708517925
425778182
422441761
784918668
148245663
857700641
311191538
719534249
662071343
498676129
888785266
680152860
344988235
365578197
500366477
643265946
814032585
434294859
428018378
250243505
558947757
916370349
388491877
63103971
503312056
255839886
417705004
633243419
810423769
878026597
68601635
861505196
867119587
950480256
596082767
26962873
215059684
658365551
699141261
170504261
590038167
772037487
48239705
896438477
318569221
286685114
935901138
907926092
822820702
852113382
122600164
722307382
159412890
736256733
606440400
121812270
364661735
758939132
507764383
295703876
922707307
629753137
281067459
667201284
945422818
46064135
555704540
569035214
679557406
961913400
78893215
608495269
570957371
774086039
432462265
560639646
722948438
944392733
237655125
938678898
308045522
282021860
19149038
747599085
795258088
134028517
883073616
726524982
357988250
127327022
695456635
746433489
468672334
489234214
173208812
635636213
325623139
185222552
772385085
98367811
738596758
927098374
956967525
461733786
927838513
255490344
893726482
971199607
646226309
958484218
695186733
374752605
227748959
394088400
708721110
771714795
849686614
852699514
802835690
956801991
374007294
395434622
662728127
570977620
141505304
285445312
840959923
47384037
361457484
230733384
985880415
65852223
597394798
174505836
841513462
193177113
844280719
649422923
575135318
841818441
350574658
755134738
217151605
207415822
665659773
808872888
450354395
639087929
330833100
306446746
374225096
250655584
41876185
850517631
789883721
851307225
32465096
644117109
417451902
625580701
254463401
488793232
493461902
981805370
264285854
210643441
245413424
4275640
873592426
1661979
337358133
133856765
489351438
981187443
77053424
248398975
113494378
298137639
378298549
622165965
270980392
388957426
368883514
830499503
700558717
110219880
764514814
787615382
280281322
407514713
563646557
494015441
681238247
428666423
671528019
224460022
500505803
16475001
719255312
245795651
900280667
646884258
80263739
851693273
399133018
778044763
767383095
566765617
899421149
385774596
703544291
517839785
921227388
247359618
711652832
965862343
980397967
559671513
8941416
688005911
567133599
713115709
927481352
64134024
420134493
209489025
595373232
922315236
378972289
755639239
293933960
947125519
684747870
540875777
985281699
768982141
918478186
536006418
841947765
168445723
313354264
976951938
766938699
30467722
286659241
849832288
324286950
609163448
325910472
959958257
889597946
539323526
519035349
109577453
813151853
599399325
452399173
324452021
683380046
44320815
954789880
853222277
620450768
129924497
342407049
6418005
456564955
39348680
430376189
845614626
180478667
642131811
265837430
433290307
767160463
763443118
135824422
62121608
897681477
118809810
525835323
161714927
541594841
262038360
400219423
683982071
704656476
840087176
810594270
175044962
52640243
229249307
870745258
654968878
45893772
809588612
30280562
352133272
628798874
288907744
108084383
553222430
770881203
383799621
510640698
626796181
10069697
257798348
818309363
626493416
321888409
316259989
623788937
159258823
732404848
903621919
762306848
891371584
497531945
626816183
98157533
228980525
307309828
759013886
363326033
925173512
72256779
596522557
167166430
42545747
80058162
260353816
195965567
483002539
394245585
623337077
745217787
804637478
638831696
128117097
471524476
755250718
719734303
725602635
395153756
489722261
841016482
135579840
605370717
575148703
919620065
186450398
403733941
940721469
972158170
430355543
840090664
32451845
413766034
476678714
765974468
596809099
643612647
465383113
521847497
31196217
968224140
804569936
741793972
477180491
592058664
101870554
127636391
276239121
506656051
535972888
100217764
508119014
8032673
921520517
591123872
553325144
697337954
976480186
822006804
303644656
899710831
615837018
693971636
839054216
99602162
376299230
233795818
667143575
559908047
430429446
48249382
591532673
293365177
54020803
458683630
581258300
201067307
364864410
819286083
484099616
693169536
518274389
865692229
186243335
834894248
279041143
50618041
25407397
599855410
386018102
2075845
529681886
176949396
914504705
489797495
44560193
741242900
387838509
785464489
798758588
769245885
432418850
587651700
111026029
15242860
247585886
647407552
479052304
12242329
971633800
692812653
869472403
580426427
607820775
612256808
373429008
314952042
542026956
250794608
612593523
677355316
717763708
595684572
726155523
658645103
566086484
791530324
226818004
451343353
952015457
780629561
648807607
842568319
945650146
30937040
972324216
299083052
33777964
229217819
511662546
525052981
19529588
237617895
799659531
689378849
147825266
575367984
961026071
91372230
658945572
777012815
908857114
165689657
250230096
265021805
533696529
295472683
542771607
617856169
816301019
916445660
247096612
250668705
32997800
644807750
702509707
5227897
16078870
456983956
566667347
797411595
97226873
288045552
793231360
986376753
774981356
732296792
315221239
622435205
392058781
201305284
137812818
304587839
826139572
13454508
150767098
126855449
341055667
663172423
219093838
767386136
669874584
543335515
643166849
120432376
376770754
74888916
680739056
133718246
512344163
670958215
380454178
518472169
361733219
592327134
557193704
74996841
973628872
827416043
160181974
533377575
646651984
617175206
682967523
588651664
861029899
737733226
154232652
43099670
233668517
485278264
613277280
555661323
704023804
103615763
767713702
36161925
209962910
723951131
528076792
201449306
271490858
947089087
341627545
283786064
33636664
25282316
295912997
899673076
966560735
577041305
43039919
635320631
13079143
572551133
121724044
227280859
203781762
89758135
497720850
956826381
169053086
414642340
655460016
486545460
621384787
855121779
907401967
415181449
455776487
2094579
589153935
105149123
136029506
573782934
42675343
684513656
739689698
505438573
532241973
270341208
185612839
649793013
966737218
111532697
190204614
78843051
788289606
223585692
344092928
656731753
590325189
559209514
571307304
984197392
59369894
738240590
19245771
450707904
679684560
584345801
254407822
491408463
903033513
896503330
612913372
970754875
210577301
109411017
191745314
812458973
351828819
877499210
606382883
870098951
710278830
475378338
231810200
173019066
500743686
589412096
204862454
598541581
348495570
725588219
112953715
647230581
626963068
104357751
362558526
316028589
346673148
535465916
433202705
547687275
144173552
406018603
248139667
223468027
403578803
77209133
162495742
572445054
944592531
566561014
244476210
811312345
366930870
852265619
440455893
237584454
52339583
242211533
255613477
23341513
788588637
521386950
788389014
378699542
710722976
897989143
495351253
642542461
378251460
328919643
247690988
572803415
643220395
339732187
915337174
338248551
778513251
15838639
924039703
217002733
516158556
828636576
115423879
978707231
121570992
131271569
55567176
8081123
193332315
298168703
519694058
151088679
98650697
608734673
620133080
86581753
331075189
956682614
573460918
320315009
31155503
695378063
85980382
461733786
851459998
695225769
307824010
874256269
225051877
282996933
696776044
243586200
571377608
591017044
785708583
710660221
547700872
867033406
842834506
696300709
826926399
501546994
90564304
186765921
321761691
746505549
666699262
199069735
840654157
772670973
498372289
514934869
457033996
686090725
493167542
310504649
855090306
489885840
55870471
623850954
101568151
337353867
571046996
339965709
536375087
807099926
474730811
803675659
40113599
201216754
165105596
730176632
331607622
49693702
642406424
367368790
367850942
236775475
843359135
319859897
7178358
629017519
168610622
504633775
67615375
830263826
203711505
524416415
273347421
254582827
980203127
577190587
354921438
493822789
523558971
56419662
304141473
687945590
317643192
859079499
417417419
31947591
290544513
624831813
90562620
400372034
442392907
71722537
60854742
808881031
698704493
431440986
947889061
913261850
955606416
416818599
566685965
457009476
837573691
53314427
863116004
235967222
829581746
725573839
526370157
866725674
260847919
289100343
623371076
95388131
220737673
571137342
139777516
974457476
333596096
841504247
722376961
397296777
250248668
285783125
283285655
322021979
768768672
415439269
33772891
831042374
578178020
405805236
401971680
237855966
655433454
971337385
268107538
884248575
262422901
330888920
325158155
296277303
245270359
124165943
30877759
45044845
649638921
684384209
657557525
523720272
191290941
720746760
478210970
223065873
638234642
174060222
30467722
608824790
862532914
669875000
767681484
570889316
397222882
593780859
471961201
97153370
352427684
525819550
302569405
961649235
657572161
726360434
107655688
686979427
111898946
142743156
151805763
96899867
331192776
467444696
904738934
223792671
897145115
820218388
156200883
306954823
653563392
475034396
744099911
950753042
41983203
258234798
350013831
753511530
47033870
77856788
279906362
713217442
339448244
756633798
515695902
254023991
138487102
816887049
766802378
725435481
962736298
80983825
308210730
59037571
643583665
689873401
369647351
240304688
352155615
641240762
786019921
574495286
93295121
671031170
924031487
761681008
789260405
151583396
662921581
544545972
174894614
65261165
802938379
446487533
862939714
489027387
15095865
454720537
311769154
789183503
473329007
459638977
923387703
976787861
589355947
161240424
912223421
696325069
303662721
673746041
317836352
390400974
860530614
468135123
483965388
892284260
19749554
755368619
21596173
466655353
293970975
620403745
392101805
386835322
485828539
827458725
320676249
302675214
443141872
913006583
549013501
339304388
388277150
269986679
567532007
822360616
374549406
536771534
153867426
541470482
569575165
171873581
881471251
771627279
116217032
53270750
765872743
934235801
471629997
405068947
688212144
901397361
782072724
861523137
400555181
19612867
80524556
363922466
25788513
734835711
862159250
783461541
190505677
252426850
536330395
464053462
974011538
522041206
608031934
515292859
556209219
428702507
852336887
469992495
647422233
29568636
968713213
655953162
258144446
804535254
118676228
607970480
506571908
221657421
774210093
34305053
436519588
120347513
687612473
480379955
411578467
623023040
444417278
175225409
500931871
221946276
94313660
296128405
930072593
277057340
906191987
206674731
539858787
284321395
457068817
578113965
80654072
21486178
566058936
179759685
266806954
202946547
495423947
940435237
62121608
535238254
909698387
90796776
127844106
662324278
959301641
502030528
722695693
605491500
636818968
357559295
826931861
674820300
816644249
275353699
415121719
66837075
981061069
384026171
369420262
953682002
921152836
480233365
570028798
462385140
344885464
788389014
111321296
380672567
82185663
227010196
456452946
529456108
713455908
579133623
70525450
157385119
13684219
857391953
877951895
787465770
965737763
410849569
206478374
934124719
47747655
137821058
1863921
73486416
622737850
817247378
259706031
425211258
109803458
333891909
181000916
447562386
795466465
809897394
636994687
244134200
744199008
282110804
702805717
857287621
319686053
852149346
258493497
109796101
553070427
833421045
86856869
541249458
817930748
954496588
148230652
808909930
377285419
459655384
446629183
905662442
897743382
34079534
340787641
7321903
69991885
949126269
971926577
452335641
878965050
610530173
464276873
206921807
510704716
429173480
966799014
773074536
637405826
148118753
329379558
225896147
176490927
656649461
443499355
48280397
911737982
72535291
717438686
835966171
421535582
210427847
920587607
564126084
848859796
146038970
614328398
590723306
572622538
951128315
455026110
741897174
958491096
253482459
135537972
525835323
477176665
460060227
849442171
111402547
166389748
919190423
516690147
927216465
329670199
483870350
578255089
585293683
873052791
164906487
411915387
112586291
322363892
610118184
939181156
427646438
342472859
79357904
354117180
841966474
668339292
31390963
115407007
933911258
540822694
80276023
737128133
392984110
795698510
297946833
844156126
266603753
931125961
689262693
911741085
838987432
66474999
454306728
834931018
752599373
344458190
343613771
66955322
605024927
85182110
968849223
220781380
777016648
847863383
313977097
571047925
578663492
69119286
273050367
890197666
689843882
6361892
107851169
952716567
751137420
481510321
693704245
668462075
495810498
693787843
779590453
200383020
274150569
196066455
981141230
983535174
43102437
921856888
783972477
243256386
11481602
711342957
472836299
807614122
659300800
977140290
742438505
800418466
212168407
311025588
102012302
510487783
839094138
610321820
121888231
679959371
97810943
343633151
27241779
12295752
82766995
974555837
259068385
615807886
367950075
976529534
351413744
423133700
982784684
281385467
134161151
156386981
558971759
24210794
228595922
262422901
75607904
898983901
968162877
867443567
439141042
373646949
923263688
722497230
96989888
721197368
127579224
644750549
674349206
129864795
779612502
495967245
717722430
688760193
673208345
715551755
227112268
510857226
970369477
6266111
519416794
576385582
276877611
606788760
678907290
879742130
266713971
813055724
711179876
641965712
113444707
64836725
121928498
756776914
465950556
796600424
678117787
54074745
604158791
679970793
14338016
907387674
149898607
82279657
694380592
594465253
392874502
877499210
824720912
415282562
652741560
656722326
96454714
186831631
461041329
762194532
632442677
730821459
573488526
864764662
825882016
171962571
540410713
28140337
944583289
770472342
826743647
519018742
662270342
940831979
300971538
617397256
236852102
803259807
956520192
330051025
870329830
952717085
876862236
644584821
219268455
697395390
526406026
807895099
269553703
819538766
143090630
315012246
566893793
675506913
714538987
582318729
12833108
65908234
897145115
33739179
575616551
829937071
304750523
563625453
279497374
223274163
643934172
721019369
401064420
142519211
229900524
872937936
773749806
610544040
791456890
902589997
376962813
854226384
500887414
154233984
894661160
688946958
407331811
226965475
970157320
279546121
968624106
467608126
385432191
654520385
396361845
413455451
477350452
29966397
19478237
60453962
255863046
706535689
596012347
242962751
99290626
28004256
32442988
512644799
531411028
778766739
218290680
430355543
806577597
20438840
16342330
599909774
679565364
608040938
161577207
132708155
649778684
974310528
395107912
817876831
753256223
537828033
701848599
419075778
758841421
143822352
847561529
559457996
631062996
821487871
468107974
436035965
910389514
90958358
869257795
350748658
805321101
783889365
961458751
969671144
338344732
538073533
965682554
715346621
861349115
115596900
782038237
779680198
299711228
730101877
528461795
345012107
691609782
405231748
845230836
830215272
893352567
438229973
720377165
644198604
132532
395258328
964611985
932654436
802359894
492792720
139889687
507871276
585631792
163647882
705037430
522939774
914666225
22056920
625972307
30314466
451770169
435799321
646641705
370308716
200990583
171202036
505899897
867046071
757911610
261804579
693664011
287666896
797512934
65278803
500931871
930787470
481050283
175586123
616754685
354789460
96942336
984117237
324393567
343727770
672317577
831832926
155203675
412134432
655066841
75985757
769027691
217002307
691256442
525791251
310765182
250947544
400534639
882841455
230650135
113285642
433596531
208348306
778986777
638327014
406362232
158188174
553366139
336785027
481027328
933496331
398269221
686994110
49343526
854522601
951911453
201449306
388985441
921822077
320140
205605928
464586275
486259737
924740949
357399242
307176165
269683938
94673380
739412077
733381467
123295751
562383221
586121848
436668854
797248490
348004706
791220312
383701703
420832294
748384569
834665427
484720283
406683575
82450544
933815521
901648006
349149730
249550531
197808918
394208765
115171250
59003040
523563121
23053425
574049780
2171763
399660731
861505831
194626595
64264603
209336884
880932664
595613986
331247008
91529362
581875809
50287312
260498241
409479399
400749116
215909068
387709463
683878330
179813561
227968359
256675796
102093147
811765121
428710699
745542902
817705994
943888292
410824530
784280214
786190530
311848780
341576597
122673555
384136883
276195831
215475738
200611980
592388306
906961155
828946985
197631701
251913657
464068863
379918111
306513112
236862385
319898057
380585524
206750188
817535265
308214317
358711810
438584946
681675127
926016505
138182860
612387629
895034828
525403975
105100345
697649960
342812282
936279001
234783999
371189666
657191290
69538828
28622489
286400677
110861438
319017330
422159379
615790102
285386387
838465198
349896009
52347295
508924025
632007665
272581452
195678715
421353670
541126111
130794022
942240897
41839232
614857826
968438171
657329684
854060004
943175774
292383384
627436805
968494438
208980527
721999623
853399839
975860557
12423893
37518391
90463080
454739244
228232672
895096672
576087411
662919545
186890979
832598544
567978571
653879856
490700996
146018647
194288699
168511734
224071608
744497130
841401546
419663245
84980367
293383232
420946097
707463149
551611472
529542948
532029655
786767452
453529645
614722556
813820460
926598961
485624932
146546216
790827553
340443148
398674397
434294859
151946890
837207188
394481225
905770852
123378164
397950854
764519727
88220178
922917526
2708378
30440779
962643666
526090834
897743382
690594746
533008544
501299855
233135479
31441361
752487623
166579720
767287753
565368330
608548236
135782320
868141584
456777715
939588702
599476975
541594841
139580281
635307213
31568371
862329514
961315384
621661960
121651312
62939393
114612200
926988450
771255050
136262326
614613289
763264724
735102441
771037062
684264687
121692499
564240593
417158943
815136590
645788162
886859545
896531986
913448406
1661979
38161259
629588842
388673062
289523174
873392494
125747343
116797868
904396686
73151344
299598029
514928440
160753988
571990524
318010104
386007095
383308482
961451395
973687806
402294709
811849879
53778372
5991866
710069511
251429005
544181302
164941742
448051662
206646980
342307617
521205905
5559700
449381917
130205217
224308283
294754578
688762185
468024726
592650074
372528052
799537308
420313285
651470091
657316636
957231008
695052363
11476712
762024852
562265224
626438810
553071937
786223903
850794341
22072844
26431823
139499273
252541021
671429071
129570300
935593167
507524395
64120926
319541683
662117979
585080434
244754065
370044778
195264412
302675214
865653611
126552827
694866981
104752631
710824309
495759901
309938620
160331109
217589234
384820053
563603179
524459364
237945996
800673636
131793032
165502634
92604751
480908647
750107387
517216862
165021348
43698710
615485669
536552070
956174391
804749358
740043263
179526370
560269577
837822990
325286688
530674588
556821135
514892135
833332677
197729648
652031466
571650271
442400534
577331298
706258103
131745193
83021612
449730011
928505316
155315049
512270949
49605208
207289563
72118574
199126574
291457585
974690707
928010974
55025434
356868322
230966464
734263586
635432516
665887821
30612760
174960780
194309947
272561141
279918975
931312550
949903415
33840222
5599961
75182339
739140926
167254025
356225737
584508018
874391998
506112625
131609877
696580901
798664277
6090255
100536931
334501684
84297992
815942757
976496214
665893231
107533277
654039470
728820743
314881345
551251517
840615783
423342305
270571237
746682301
599504953
294789337
671122025
204590407
745044728
613012005
524234809
314137927
28319861
645862957
668434133
978153992
259140855
708597649
342556199
464830157
259816827
249302426
473488516
617478476
540996972
500743686
943423900
541001211
320148180
145094523
346261038
466205552
101461795
131985745
920438434
853874340
238200906
941746588
678619324
368132559
70090142
181282685
939894486
366717058
239566875
139737811
817794549
290981693
265991143
674402683
384467906
981201329
333799976
900457025
879184395
589921360
636947976
793829069
30347369
350019581
739338939
814269443
857300865
292961821
279780028
171428777
83980498
985793319
870199953
427718832
571474064
981088824
126069610
304907299
223585692
811244029
715733453
62521528
517953617
698059936
754344665
34813256
401841210
395349172
819278745
82606070
67381325
409413472
706524939
761197674
151073920
280069043
934606354
306096725
17458090
649893496
16173297
941984198
602821262
845125476
251262832
281510354
244231879
903526532
157341730
671653576
894014499
6044616
193432007
434687896
793651590
459900205
570827299
364769942
310434307
582436019
686849380
733978544
109088839
268180193
481884027
364537583
815364611
833330673
155189652
487476000
144331322
404632399
54085450
153447211
151429103
961913400
280604623
368074543
242644324
203125859
282664112
754428916
734697250
946186982
435299013
931140585
434535769
855398944
446140409
433335816
658724401
367876113
279197437
981054311
866992420
221422009
278094701
849596690
329778340
2706557
33579186
30604041
693418959
501475834
194682541
743625463
671999707
499234284
61425039
511847027
585394663
799127475
447425942
275091077
187648209
374010600
840430345
180938243
444615114
40232751
158078451
464687457
309240695
161643096
520485636
705565402
84510969
123473558
697772805
630374759
174416521
465896753
624116626
656890159
213691917
601765047
367936282
156613182
113547849
589331284
596411324
482635333
504495026
554624754
853209171
582196921
263138775
152028964
781531144
725425082
277731546
944869058
547246611
186467630
412407007
873859540
121775605
235976954
107897121
774888953
768990078
688422242
749411825
558818016
248923887
348360645
626280821
309913040
314428086
653448628
801882541
429439440
291387442
552896373
977577683
811046294
94279004
416723634
796131293
753194382
209653336
712331989
832944929
809923642
270445198
338429815
243868865
91870717
918498070
171570450
848425123
751519999
146988818
359075661
551014786
453947937
396098085
653458252
465763892
42362848
620120047
962827979
24721509
282940352
559161090
492669463
553230010
652946306
103232096
449602572
114736643
244478131
715342129
820085740
939119631
75670681
354748290
158824099
204873613
146568569
143119456
457303459
932809175
457759780
88680902
545574798
324480890
527947995
408999630
541661565
475089529
924516905
259186748
149946748
89124508
961619490
982052147
209724975
933770828
11363527
267569220
13544254
327576152
395174224
629588842
128574699
250252263
586657342
868665178
64632568
442935055
852243700
543063337
508163559
555920414
981551764
8168979
289054790
926935608
197559681
528497578
663993910
914055470
810853955
613317157
903537924
39925758
503075401
161431424
530207129
463328294
254374117
213406727
775844800
183489717
288872837
269682601
220669143
407661825
854911556
262574855
890970898
862938250
895663361
720659584
913496085
196310438
19540520
480147505
706336516
615276298
849078991
973046054
329770546
405645837
609814403
64546979
633531970
647407552
218892669
251700561
504939996
389229934
207517424
733125389
138842752
44789925
101644204
653474781
44284084
840948924
763842312
203656890
479923380
856193742
786098719
499870720
893994375
774802174
158543765
769605846
953300197
948099946
512623053
454574734
971566440
185869599
445563139
388651545
363068970
291402481
713034495
634167740
785598134
697111156
373397558
96833120
778494917
362643218
455966804
562341465
456063792
838161391
375265671
800916968
831553919
611455701
140241360
296437753
873955910
922912419
489444625
740496012
776827567
99868331
556869980
948312147
438916336
587737926
174128406
108533623
710866570
365204274
373332722
519561626
350293492
227624138
902596248
472408306
54187089
716723010
115264234
52381455
318010104
494360234
686774415
260975777
207289563
697904552
360523976
182151080
469015134
545965678
824027407
45300127
366795479
423299193
790827553
300259630
465933412
883135853
575521933
423439769
231026457
841641446
818141414
296478063
262085583
5452057
670131169
409465014
626158954
873813552
169880149
673539171
257268626
574327199
607875135
223095228
890970606
882962216
934635663
340908775
104166425
734910460
14156515
556619960
812011151
307527500
19972040
47125375
311380301
196773078
519416794
717999731
791434344
888244462
88568040
824785920
949796714
688175001
192117795
418760522
780420823
697432170
381142655
801951837
586200167
697964747
161276219
531297627
109092163
429112978
55669923
377000594
466205552
471878618
282593506
558540991
19233799
280063132
915337285
885182682
388561505
881902153
381947858
491478653
70746630
127728912
216874303
441458457
77895867
86733803
506837144
949468879
434670530
264247612
82511099
505920057
838362895
450029845
431479007
107867767
644774863
893000104
237745309
128366010
979249214
166166007
954925756
929658889
604793663
185248152
45623264
273344158
76000683
498271689
577229532
697863316
678619324
432558174
84466266
138471534
948312147
455420698
167011359
408182740
649868352
759264009
811072833
947745607
274694386
820500707
673348460
768307356
658444994
374436774
424033388
662973095
958437517
546244711
517275198
466524788
507543911
240621121
73785140
154187212
12625556
764397072
66877608
413498273
972105633
952543159
172202428
845123951
762255928
530279325
890340906
894152521
886434126
443186863
876364931
904542767
664430185
569638428
381942054
9435566
884418643
405929428
958621816
370078669
284787272
259311653
156720078
229100344
126725718
487910790
559905896
762015404
636814082
239991112
587002485
595848250
806930557
308210730
175805864
46628843
877852775
878824045
121974948
33933692
663262786
387840637
773080487
337236788
138630944
415690573
649427972
313401093
851858200
870329830
850486112
493176268
621782319
493388552
971315220
558540991
655915763
211885591
502611470
332458273
608923630
338618636
512706300
409733008
96729974
144874676
618575271
255083711
235029053
178990877
753076985
639256952
186190340
799002091
761699437
509976362
514247305
631150618
662698298
20301556
404655182
244204700
931922402
204866382
382313665
881886496
926141735
742828932
480846689
588103481
68830272
191394638
627374046
14830879
906898856
221244553
29356691
861709426
353115419
541763555
808256974
73326848
870344722
630039016
464978962
566730924
197500283
337869204
224416745
613183406
874126219
144171367
800018824
805568533
504377716
8944668
11474153
676326290
578541820
787569608
572046142
567475385
587390771
178136558
778583075
178087396
622547304
672225758
623337077
979205928
445524178
756170057
96833120
129389307
9727330
452770531
344513111
870502629
414896595
409962816
207870894
413704080
825968120
301157918
709240331
152028964
799819581
65785347
960477376
24957811
103540635
149519325
641770642
409272484
929183427
857963771
350527826
473073173
216235245
595867240
816944447
93362019
985322419
0
288243647
920469417
281077399
902512376
737066345
348251178
77301979
156954219
283676398
656626545
40200535
725242864
123344413
370038065
471861764
106754792
164787744
961091611
824965246
110826131
458175375
135838921
267905283
797331457
563414779
444099461
641113814
17317464
863205434
42089028
16669426
49520467
887752341
190664791
44114838
194131710
457806711
498930464
731852465
728682004
970924915
816803508
186989653
18304730
597371635
907458067
33221038
418453215
885017016
732310472
688329222
550603571
216038449
745205138
799108621
636417767
504455405
30742550
403596600
122370578
18913218
458032474
211670288
80840395
948632802
926924811
500136960
17301982
194110789
459995784
608395643
849832288
964389016
247596666
183346885
468991524
536162304
203111489
341808130
536570538
605833475
239760953
401091911
183568331
137129434
518793812
776328585
117333948
505451616
573832175
842403528
199837684
636502340
638963628
602321205
552078316
186974025
25650354
746556962
454119788
811880502
673412638
316028589
928730035
723004560
251027031
381475118
850855208
201756583
457636978
554587129
194626595
35304253
442031681
895790166
74276459
508405018
845266474
591918787
123290344
600513760
750432466
412030992
743210397
400555181
618831248
452261588
425665836
187770137
188369510
641662891
691323427
243001376
518688836
37953715
438271356
584788722
765019055
865287997
221991392
690216415
859658938
232541047
924972977
51027181
67011546
735594773
411729095
795528083
833029694
136306252
874530103
850451226
528846359
48239705
68778384
380512725
131468324
271235639
175861681
542108911
514361995
944092912
110809900
148880522
530585315
570540024
467254558
126555327
436129831
340953742
266413030
148500340
158448562
939674484
463289373
539861250
392272806
226996454
271797443
325112530
3768733
301466127
707944688
29554605
1828759
537424230
91444040
381969169
748849780
168173843
499973900
521454162
583471988
967481310
169698000
515083750
310438629
947315029
56963185
4771289
280069043
106471516
466660945
479052304
528077515
459672088
798163093
624148982
295857919
150373255
460539126
736829905
111019539
560959755
466387563
136000184
526752823
638700799
406701109
140762755
145010928
29232075
896220535
169350521
569750674
170782191
288769205
587514888
499847679
398539653
575994242
841513462
386274837
52217785
386564008
853964675
124787086
634119122
742442642
716608764
906850503
913541473
277854537
454685946
824766543
603837381
372615606
131729044
136787571
870135862
934726356
720449159
941122347
809616385
283696681
69194223
451232472
368825022
918075941
408892750
278606568
123994287
532533210
876714730
195932662
59533477
10671416
704972408
648548872
143954156
44982954
605250485
166016966
663408284
229130274
395416976
585827159
449727815
324452021
443295335
154446638
491535065
180566450
57430
400379607
300833477
807137033
118975456
438916336
96045541
651536015
109447650
908855714
845719527
613941355
203174712
880172340
597895195
70598167
843887112
222971656
882355673
869457812
310480130
751388731
148926348
678582126
318764570
504307343
481716379
961174374
684439500
500670284
365060671
52168952
267379497
961596734
437365510
243701592
522512010
155811483
300713459
958621658
571508112
499747942
751384933
981399599
839303092
148052483
416377460
405670195
870048080
229711904
260835885
144410316
280446639
30153533
134111816
935721843
556490477
312165416
399391026
494075173
163609193
710227095
587483727
568222169
404250963
538423670
576555309
952508473
333675963
157206988
930834209
296093643
523327246
642840401
393564900
764338026
984811899
984029713
809694491
74498279
399288069
851966087
391289031
941984198
119118319
148308393
912080858
227195422
405249658
572957758
429022032
99332981
3204969
644510914
32068951
201174868
140005855
782205516
803624188
721459413
260022288
868463545
893302352
627402954
39579794
605757680
218144354
751041395
878537614
68129830
761698507
839457771
332431349
699508044
534781929
819991142
942128341
853321232
838455726
500821193
193559688
543748503
733851348
979391735
636417767
322495718
27453681
141020819
110203396
357376494
192284226
936738115
920650625
674336876
586008524
757978836
308296486
8946062
509655388
520360890
62136913
562505098
88040944
816964696
297606573
640728260
203578965
239819687
717823784
152682005
395110860
626240710
627115557
454581322
637960136
863003769
303382330
6260822
526216355
429729917
149369273
144862624
411458513
654749143
104378573
233055694
669959932
970415686
711562083
456388786
732207450
374039981
123649076
354765746
636947976
949333100
802488641
106307685
386741840
152160433
91617076
396541756
253390021
93660256
450880319
664491245
679656510
960842451
799273633
321730773
893132989
980028128
730800079
294668155
880456277
764933776
864564892
640760807
797690197
111418481
885448261
923529017
88198212
383453899
971253858
666495348
75625917
948377727
309685014
279456702
184021990
639567669
926779152
906423841
904378160
313796451
365432094
25602518
934170594
162737564
136784322
970508797
410613042
123402585
329041366
723647239
943641767
879742130
19101012
826936861
731547290
804539116
274250837
835270335
101537955
401339859
934638891
27867592
650721135
314105271
88502973
798745509
186890979
119563163
520965636
374025425
382849244
70219450
822784579
285089793
58059954
218510238
712524374
385981489
847171127
125730742
125793488
189818388
928100368
824216535
713670042
504288633
956244786
192144088
538913826
807069593
21486178
763396905
110361370
568923560
179971820
631868058
436390273
556988068
155200701
566667347
240146709
697699288
45897850
960103377
982183751
932709082
428105313
324848699
932987116
712388202
823822534
768332345
396231609
288872390
827439577
21787545
32512859
897430941
153308072
407536525
242382120
52910426
849425473
718943953
804606977
280778166
473646152
657013728
476840396
856766908
737783165
510551427
525498933
588766069
544727624
239811434
592691302
937448459
816944447
726162079
483102327
76368411
552094170
887619954
656323277
52802759
962736298
283592823
696795802
184623651
207482281
41266519
28047598
68838081
342509723
267896333
507776769
685949688
6703566
492314452
173016024
117989106
713728702
363952334
773832970
634860847
857269030
360191042
125328580
222466981
802326538
627675865
482693342
505684909
937614293
216261899
73472079
734395410
152642216
392936827
829650540
101765664
445292110
466686105
398105514
618606635
770881203
499413853
575198401
553049389
198238267
314659223
748575498
957120276
215924185
317582820
41983203
426834241
346597226
228555846
836183505
614158122
130641131
60345211
985677826
933023254
101481932
415023204
602337654
857970558
536857067
442167738
291858482
831745829
53270750
610877026
846917555
191745314
975370078
401045542
625320120
511562493
806930378
765818445
872926605
957757840
476970510
33300728
224506987
178980357
589217865
103260420
202053519
936158755
825345501
593285117
47580268
474446080
332922916
817157502
607986398
477350452
38439856
432971729
326225837
535962793
285732384
793479622
80092176
460205517
323926658
80960871
57461449
517216862
91191647
497720850
261821312
154336338
53175201
938875302
358373550
792722946
374503867
120188997
981397852
250278404
726529486
530372584
889532049
915356652
423787832
398321953
292417230
593470815
92403084
99190443
245788887
47275322
756800757
458409607
576212885
457587156
345528969
676742556
421333668
571046996
339508590
277393671
73574535
85005154
496456670
16997868
726342471
480379955
136439528
731838007
337010267
729079613
263039669
858666781
458984998
137182862
600053210
652086287
680878827
257764228
140331986
268114117
883968333
711134466
425366018
395495675
712025740
724266256
330491641
133419753
162253346
285925601
10113321
837161910
147297102
702234043
215584160
435709944
614536061
130894918
161907744
870573554
738687798
5340214
43939946
661293276
659230198
45350906
955841902
963126537
13755262
549478349
286617447
305174169
184844772
705102170
162253346
768164693
628751981
113614527
350396143
371664066
400921810
333769680
246174661
346805233
768177257
790519186
627650222
286288470
10027408
497838827
508690931
508762522
868214731
933911258
363104131
365051011
752934739
265423571
759289803
177947769
764239640
969900791
249157231
327584537
38046897
519515507
781394360
778155034
835778451
907920404
837646099
758542807
299255472
916826154
508466104
228104535
32190446
129219729
931392210
830587679
916983837
850517631
378139070
691610394
400341412
432048789
412323321
852103641
914782987
628691834
187548059
363280069
385121466
536363656
253176389
641924904
245570786
419062374
609655597
616416892
975137677
952470744
528435894
187329206
361553216
317546260
59759853
544888201
439592044
103248355
759734552
638788604
912837542
946382095
381306248
670498365
312111027
439743522
962783256
322511334
922250872
568793926
669343687
129795436
777405488
77671839
214200063
964143600
798695052
912365233
681655780
931547088
373343262
458430389
357585084
126254259
650927026
70151528
189381882
206471323
545189859
275996209
521973189
794463450
459978070
382499700
624740715
920744756
544888201
961523898
307193813
796545982
535716927
633956277
196612979
113255450
414884000
665480971
722736701
367835180
900455736
771543834
467420057
871417678
114852669
459417322
684670892
97952908
211367131
978550927
710069511
188732276
814903431
466516203
22416837
608109783
580338498
415321584
798492149
81645820
378900343
744726034
969886152
280790972
736664156
161498291
943708626
725702499
631520688
680505822
538598708
508131740
95985391
29852059
770900079
982787671
973436557
608165825
891453503
678524559
515631405
524404190
128706483
611754645
962226433
684150925
521502964
599217278
330807159
852073570
876850045
425285685
975335830
126178027
766208958
579425964
971030719
198491241
591033962
534356568
231996682
680698772
938148478
3951492
335969379
488052319
648835474
634210777
826715030
668624639
236775475
318312707
847809393
887108579
774083362
4719450
106615415
344154077
355265418
504377716
357134028
369572474
820355522
749338533
668484533
162049604
69207056
831090472
541452406
119673844
361553216
296795753
19793106
859158708
555953592
2251233
474883348
150148859
751526363
661596218
710255762
518991195
589858770
324879669
6375405
440380392
409094758
896270882
255317809
352636262
181949788
235062858
206922867
425155899
968293027
4090584
587644952
287078315
184805506
542163212
45402773
711669792
119266808
2890305
721488265
707587704
486451499
147455733
369999323
985230172
76906332
911462144
719995084
640685967
569443388
726544176
646326706
303277854
483932448
555964187
942252371
517455721
309538387
630780229
373366964
205712310
941864888
547897112
630563328
711074526
553158038
246474427
237617895
767432716
613115054
391548646
491647979
535209956
132202575
352187207
188559468
784284049
365904827
460253527
82972182
425977141
592072739
78871132
453730871
257360708
37830096
672586757
428375085
895045289
710507780
90336893
87854092
342827235
976062955
74281417
20386444
435362324
228641880
936107802
118132291
932619792
974402804
68809957
128916512
580572305
61471032
435709944
129700151
658842475
745542902
99335433
118242134
190578453
156779975
748930659
660716366
344596813
920432200
945150002
904520681
252718268
562932695
844493671
78611316
425671156
737204249
145952601
519987287
836121496
487930415
408133610
404656245
1588480
986187464
654104822
272481881
188244140
254003613
273347764
434191690
101462862
675076659
770460863
204200811
939706629
811904014
866665442
363523077
718116116
394008767
254952473
806405884
604793663
631968249
890734168
571480934
470270935
486200896
569394598
517349757
756715348
169354922
40471850
892466284
221176660
383923677
881167179
360546941
213484723
314889869
827310860
74317208
604124298
705179872
417238999
177284638
759722344
457972577
535446905
5457991
884700529
458032474
116076348
471414514
44155784
835033601
645746398
120147168
711063798
931063746
152588534
68778384
884796593
553786441
409818483
34251788
425252253
66548304
71089242
563312236
418050473
862866334
306514385
730176698
504349677
925523269
806783381
461269104
193990741
852254392
45352331
865825177
157569079
30618671
885129875
437721847
109780052
308317866
5043816
736536303
114891632
70854502
291858011
159087281
117828804
9783987
385756563
967794001
213404905
592832681
344933375
789886461
43920668
228695141
806920243
416010802
923618996
215223116
831831999
21817801
570357119
37626760
666598054
444428566
749990096
410126564
948307874
556081880
861317539
316116749
15850371
201657073
245802389
815008885
13799535
483379088
808691299
465350621
785662079
10344769
926644219
100061084
712640741
968269945
872928030
938011701
242761887
132680246
884789467
901249375
732850876
15761144
246598822
586981425
697453255
742466545
405931204
488442125
153875979
937825804
240683512
767560547
661921955
506710548
228024082
691027959
67619378
219014428
379096672
318594369
906978341
780626191
220280176
769211347
475903116
373429008
899370096
516566891
71597328
64638711
117099237
305102217
696792667
17173058
488972442
897432914
916612592
340976229
420511263
708105065
290756454
476234936
720232742
243887057
973685565
68370352
293365177
41613456
738275190
365228614
963704717
547557792
419629452
984222323
364923815
435407477
447177457
793749898
301169171
917015419
327675001
373285541
687954667
909124958
712586332
747496003
890340906
154721281
152722125
196780402
550430186
764870329
366247637
588642886
512995555
72052960
367234006
814872355
847917768
742560110
551121848
950215756
797690197
363847083
586080948
839040263
173955823
862669295
48655105
871956613
294619568
726433675
167900062
918943887
628691834
224658836
372106595
247440095
95505041
271554672
351190398
662475703
299642381
627511463
616467683
409752437
72412335
145044483
191875306
759013886
332300046
846754459
568790853
223740505
566739655
84853077
308103975
610049226
907658044
504333437
22072844
122137636
827012745
377500326
424210900
486162028
290805420
766798265
478639867
237695564
562684217
27692120
111850503
260725010
482407033
46376452
684888062
20199452
234358899
709731115
217127217
49025315
351249941
806615587
563589750
974862700
310323916
319069956
732565467
64113800
579449752
558434148
764514814
416216992
206098872
347464890
895447939
359529287
304113383
187744205
376762820
554686977
426112355
488113067
857873838
275006749
179621625
368664504
768754491
73034259
985467472
413673179
927476769
626702801
162623887
441330783
607504804
454221611
583952958
510033934
314060665
697099352
337641959
164364636
241303920
577903434
111833654
939674484
165961346
596879769
342977548
978153992
103542812
937446320
263442577
166228668
528152153
309619678
692629633
842966122
981709310
926598961
380102147
439564088
212404931
484453324
62438355
198687771
405802066
664036615
275683876
501735879
266729452
222024106
556903547
820728294
364101367
971261611
930907838
437119625
392299156
188847086
539726193
78557717
488846786
499205526
539732494
29097431
142006631
100018508
929638317
48698666
215240960
949161573
860140532
943637030
741344029
488624416
94090979
49431133
954507941
396291286
494194444
418491019
29777262
129993067
471933795
679050127
849565339
666713799
171591146
208827603
915935862
984082237
247428448
483966961
628640122
530861249
448317573
304612782
436407098
486988058
445089080
192645518
906367955
936445883
399922430
436727173
197276889
223052245
968274462
941144045
586080948
940772126
180933819
51024675
175411434
360191042
641540046
147453478
511506424
863029600
12049448
550832917
784667237
221696673
373402609
443790438
1559151
259464161
396399034
821682374
753511530
412698758
637135928
659072543
549683475
798531096
475764236
444409345
368628098
775316492
520668539
938245396
550657029
951774095
474872833
421599248
832494727
66378675
585712213
632186253
191645013
476545837
786189223
514772065
242446208
179120852
734559993
620338574
882618203
727816821
841463288
124729590
839506165
346058949
243324726
677942860
48396421
56251074
666536617
65975681
172169346
307874507
414869670
878546386
970210271
55833795
482488550
516964765
588958385
858493090
61382682
864974516
155252739
765466114
364300140
402946027
34674000
878116021
854171962
784411721
526752823
643733592
813566515
264891263
851370582
660830795
514874498
679150090
304334774
223989214
374368987
213718358
894014863
799406349
32744677
875864418
819538766
342450756
973386722
859876166
498815286
751477323
697205439
441588525
55865703
967584920
704181982
216858902
2094836
446093044
337756809
325910472
393637611
953198635
901191651
200741079
582092923
550369329
831656263
529925450
758447216
766938699
967086798
669049664
357684799
390207914
734472231
199900386
950726741
949192210
90877546
34295192
912948609
808513715
869166948
249254331
598373291
306925727
46951227
306913726
512544583
460461529
91512858
925702121
473802884
390903100
817074787
316878178
770883909
718879847
849201797
181083627
491535065
411816721
939591148
19472811
49352539
730914025
689665557
68603834
615925537
2795936
497531945
820584973
247247306
687483567
386018102
793086298
416086259
894481394
142366021
243118920
548554758
633073524
263979709
96329984
471249734
819538583
146038970
622147779
434687896
362023492
670883004
205103689
384387945
635344642
467073755
4928454
506938196
926924811
77842190
755376618
181506984
209994290
266911573
50618041
858402281
762749359
197232010
756977019
233646362
145190125
835280344
697772805
539198958
315372506
524968151
447597845
336158746
100432596
369819419
833491012
142874237
865975932
469971518
457768992
307048096
407936317
649868352
589055106
522592922
316928479
624361320
818280954
881341185
920546352
411613996
255306940
420756652
521187182
34064725
160428402
667070778
830128373
364487734
417439011
930707839
391379369
756931013
819525377
437009744
923762258
593555850
712232234
524201005
102672156
236064110
640502567
314370498
37262137
783507353
597356399
445581496
280598133
302910522
461468474
681565067
71798384
16531294
904513953
509287118
181742997
467191981
983197345
706820718
984271220
98493957
649500912
163915634
499718686
786784743
236330684
593229996
790858594
475113426
722734425
538120593
133373846
830586086
46549135
530288814
73363263
101791402
736549988
662822884
878441375
802590954
538284007
231203528
743025848
202860460
472588414
830816510
346868108
230786580
401138292
546727072
500370280
121532352
409043886
686235339
969407005
521782086
495534415
755969360
343560666
5798676
495252055
254201618
326521340
86545111
679563061
104684056
568586238
322355614
536147453
889060390
773956002
337452269
102315698
357217159
497049897
904473469
644533317
629662055
816380169
900054402
778735263
580617615
595472828
309082410
563303014
354037305
727884376
110968290
833356992
389879987
931378218
740421299
744337030
312518653
85871720
29416055
453597392
221758256
863497637
18304730
663956645
774199167
918827280
25059479
558804259
195334188
938325328
512001182
719383850
157094017
526216355
698483439
364957871
357251252
572440474
436856297
803624188
138595410
8870639
67383422
561132577
560843367
872119712
467556257
283324537
16026319
943371616
653060588
519937003
911509711
554471229
879826946
432514213
672242218
177167988
881134791
538598708
723612266
916085525
758177376
936279001
686661461
343234501
751835521
74144216
108998654
904041580
136725239
937098951
955915670
516760301
688690331
802948627
565266931
753539037
433596531
536771534
821262016
653906189
937060149
937856905
161180432
855365412
633794052
133541722
432297879
862243258
566130053
288031765
532501575
290121679
231041396
670227680
580286311
773321245
57941810
108435851
786479770
744821645
203174712
958762478
926663501
46575919
650038713
733501286
600383693
594462127
240332151
817362491
644651710
140861578
104268138
819657729
768435940
147781480
151200250
800933408
274150569
792434172
424739501
595848250
42901209
571990901
745361571
653723632
182408355
540256604
896138546
79838929
755456578
968217103
588654691
386319362
294941811
292109671
270553897
539172457
892845802
252015383
457325569
522572
77220074
68083711
827127515
281200030
912852529
528777537
61238318
894298505
428347229
829327183
368779916
629670637
380789856
834531188
784281534
499846754
59422115
959301641
954928911
763506300
662377047
521641084
151561422
485647643
641633341
385512399
567043727
440455893
869285174
269498024
917977492
285481338
11808859
639372121
21918216
472442341
587163067
197540569
843733758
669763709
497326649
122294146
243263276
60405795
61917800
613353873
216235245
872789918
150357531
391118591
93193038
750070373
163348365
968624106
27790132
838362895
665269451
706511073
316675
911222578
270935170
613076477
50862552
24944522
512791746
383669706
431823191
362165777
918258383
941801103
104386893
505484934
101744804
262952080
347116607
277063967
63534080
507842412
237559571
690755460
978658886
237855966
73799470
17840308
955825865
417476305
11791706
493372215
874301701
917856389
343228413
179566509
718341651
904002603
442792381
579033260
74782277
52035028
102599203
97887178
899133548
224184221
577183154
630895926
55646179
830904207
287722576
815549435
188513400
282462099
650040499
320477479
146877738
205606939
922135088
211250323
961047078
758662487
809781573
94792970
615485669
460375318
640487523
119213363
364885208
42682370
413502292
613619194
240268606
204630239
834873169
957036393
110172745
55866799
959139751
763051283
209366075
708950320
732865064
240268606
287094216
636312214
488870437
767405131
839303092
408884252
955661426
324750427
18270313
23697585
928703214
357542306
44420571
413764331
933532964
864040538
656938537
808506109
670249619
333408594
259367495
634912335
638113998
200943844
338756238
169386488
726081741
184598718
827359767
268337733
475221481
893833928
841556673
228702791
86359701
296222581
596343325
766334345
737935667
384826888
657412322
55395557
497838827
319189838
677101858
975082899
456891411
637854089
187812244
605789047
767447030
128544108
821219281
88747336
846648511
80860021
671957445
453231688
599819953
783734226
74281417
597101266
259326455
622339785
42702865
903492622
341391974
288477146
179343641
284740926
110841429
418491019
422653276
235893499
95422961
562482865
963726803
819312212
923986625
954517867
630761561
376778717
961571190
534111063
621342299
626438600
917615522
299922886
47492043
917328979
899112347
505000854
257324706
285361898
553784960
433893005
412355970
381127040
517111582
28042882
232862530
481600786
158883745
812502536
649490893
49225167
775821911
57045014
73711802
716435098
667461227
980894830
721946171
230093178
182186526
418498644
228961162
633381802
486889456
780868659
74853874
577158881
975240839
382749477
279563077
358944291
856851751
639779167
704745097
323410960
979575554
194389480
591298018
730707018
612031723
550603571
109132105
49929921
273226376
771336534
151687071
372236689
278372905
197203857
387840637
133665923
807955908
193085598
913326144
671765522
843500792
165129260
425646227
376146606
370491997
668206623
15792282
792204346
186446555
74728940
106276914
195965567
617479360
441086735
107914236
199501778
236394654
31433303
737546578
976611367
435169278
473474024
984323169
366026468
815721599
471810844
674352586
190870076
57426350
215295893
402053169
256412772
764240489
618092829
316074630
466063112
574713345
176479664
696644754
516130426
874289852
146167408
851395398
659542642
758243370
919578602
215187453
168038317
388279245
531883257
842131536
960469305
981648027
528523903
671958131
294868514
871500998
303231898
352329227
470368933
439354861
797741504
965278330
59165991
349920761
791389549
952102635
36204041
416203191
955900017
213484723
283592823
815930599
881440502
274562117
47229034
171665520
923939294
756964436
792267031
208270443
821445822
363139476
817781189
635750091
311568588
629598508
902978788
922342025
585252318
387240062
805805649
303987235
285951070
347829109
704158847
15410658
815930599
358818635
531068544
403980129
465736281
604300754
214393799
329477213
298400894
45422439
329708383
810286823
217226110
409470276
597362622
235924149
508519305
197412170
825453269
419104296
14078862
122433153
870903866
829707390
109639375
353682715
522592922
528301202
949650514
288139054
864678468
432718766
621277549
417328087
359847333
260895052
49536440
742381423
131439659
13462020
129752763
892922125
339050522
454399231
124457616
863775465
390076177
954654910
396620651
938240844
479031953
90710432
511821194
899517998
930200700
802830078
190496454
584398501
166331628
509287118
609482677
254701850
556904051
209489025
743686300
844942868
411996290
439516480
582847
983648817
361165291
74183540
381069352
16414929
226024170
842808480
597356399
346920994
96626225
90681370
570216679
877658787
372090864
483791186
459445161
291974512
21999219
508890352
469151004
48899947
230264372
832041958
169948923
195918359
407592277
279569327
961507760
959756997
643223493
923871293
516434649
815684047
316654009
507847105
794273564
496820588
25408489
284506764
162080258
985360046
638688607
405249658
566636858
898211876
157096536
102950744
791854841
209954064
910383521
472331204
601154560
606922315
662910810
831745829
690544871
634742878
347556409
339699829
213718358
834354589
711063798
73761973
409345835
753521217
664377609
52347295
650051531
455821036
357807688
135360804
92711841
958080197
26444283
138987727
142592370
707436684
293226751
246008120
241947320
638222304
560269577
268672987
460572511
923784590
942072617
529495231
534952602
847853335
979280135
676807694
161980059
95877267
77540688
782579673
891607614
749046350
964984692
246566170
203604704
8827082
241193000
243118920
53523388
498893241
212404931
861672180
930314680
731509635
163311256
94245909
341157544
387092898
676311396
310566655
912229408
747557201
192252981
662102174
480172223
43527216
572011981
7650100
331203922
393536189
772497895
441322912
964296363
188756211
844010519
408999630
887260435
878002195
380888046
888886094
477291657
502532667
814327919
717225864
497529518
653786102
651667752
934528275
324637787
229628729
234482123
90336893
535194427
64710495
805147697
769815584
390355616
638582988
836313658
165053041
164197395
432048789
434294859
585258451
569941297
966529141
409427626
483708771
546166964
233130511
292169031
505782031
332681714
623350862
172383152
596075549
762607762
549761176
110096990
619802156
649462726
484253287
884018236
375894261
749690175
403207173
568349681
893165086
23109631
771929788
405983924
799263563
879071417
250163090
567566655
259612957
851136355
548589994
96680967
809035002
924938920
805111485
401007827
900576672
404964430
300581955
70358560
9575282
526537057
516692433
434406743
827312023
915719899
941472074
968152446
586724347
160499869
386580037
613759281
752864859
447155112
334785211
706485351
447105160
535512240
264178614
55060527
473886290
314215718
531141518
917615522
694329968
120824126
503786185
699015910
533444771
444857043
572060951
79227720
408632242
225884591
973195996
511367080
852567107
649497040
156507435
383479234
227083192
390523838
267682854
206215434
86926760
828170148
571046996
25346737
529782007
734521305
605086515
251730430
389902663
321256412
768119857
944619453
459478364
213161404
146749209
115839563
560094151
281176331
695543440
327956507
229796215
821099162
825204605
952467322
531366059
20409416
43295989
415630940
38374767
706978136
633118130
406328624
409331782
957185518
564855887
525294967
53630835
821025790
519080543
837863903
407804946
532441655
856681230
250919835
134511603
975860557
386213729
941272190
921198059
361785790
722366042
863980021
637243557
639991952
379766920
58728615
522309569
241537528
910882321
310713278
939228155
323776139
907186371
642507237
564843850
222539087
317194656
891104434
811948821
799632745
252034043
535640971
296514652
125714040
793694953
958883349
363207437
359136637
460987878
896360775
936902167
599067930
484111245
233234896
396873306
190188609
303105318
980759037
773280011
569762688
230443623
583031284
925128896
14380115
415706820
575639599
22876076
272191684
24169181
249418169
35784949
312063925
461461777
284533663
97125127
258622787
467251572
532430109
470824902
346294145
986297124
221452015
304862267
679850547
211746889
765818445
439552903
121095967
609642698
438916336
360096277
910226145
502659103
472658431
858595032
255647063
628399700
129075558
650068262
547551164
604531419
192442920
956218410
207361987
166372536
562104788
533995824
642485720
204296110
468115322
748711356
428012579
971187507
715603953
695724436
184282730
213266592
519035349
169481097
147662468
377859782
936845747
382096952
58728615
477241273
807895099
69207056
748804238
369572497
124020671
780266749
787706584
461828713
544048347
177828421
731161497
665793879
436143311
2627209
211441500
5227897
3809400
865389435
312175995
615243404
124467617
52157219
97682403
800143838
110185289
370947022
409077901
351330637
628072765
449338786
268563367
739451131
658820868
349363206
682967523
148230652
973464273
538511775
300933551
453419572
654455422
859416330
718415538
293251685
215128270
611486375
847171127
353915432
531075676
253394152
465237371
288698778
931489877
435644210
931223036
482747726
18421711
161407767
362165777
390903100
588614602
793347765
874052425
210646565
429110216
375342270
709902233
864598422
984972172
904504628
397492344
158128640
312143933
47078407
501093992
747496003
753940976
635674877
670190771
670232861
549268110
190321631
466289759
724763408
81117628
872002685
877474867
678582126
607617657
423910348
678152864
32825788
646226309
224087531
285947037
371189666
824079723
622475961
656356933
82931072
795544560
11093484
479540503
177673088
854224366
73497364
690510606
80805978
490784035
849539829
868518249
291578660
297748448
505019284
969238057
412278216
174857172
550503222
456127023
109727421
421855205
642128348
449924940
727534932
255192736
909046469
180151497
3861076
478591495
830263826
587395104
947552062
22209993
771802831
463734928
146701125
383041859
649125978
906244301
4129159
17801019
809263835
887832657
281162560
377512895
332681714
530624059
621308410
925247930
133020734
386890849
511177967
868122782
787345006
371499092
188547791
547622759
613610266
556818128
446047757
731352872
206194042
894790284
603847312
429753757
201739176
542452562
158335354
613662661
568393733
160923698
610974023
273436665
875664928
75053555
566130053
865899255
551786397
725979345
708307571
533549179
979032378
94509281
481817440
169142485
627374791
373934191
840810580
519729982
507402755
737705343
845347251
31405352
34984553
557969878
196490544
836983585
9461663
571377608
907681816
702303191
554006363
554903116
297894999
218314202
332532619
543493322
839225347
267211350
449489666
371918722
550022899
110890503
654874835
294068572
133496791
664458417
949471799
763705870
494909858
411023256
286084555
675285574
819664347
491930271
966161540
550603571
686120521
320172580
330847506
948906737
569334863
425742037
871666187
411780304
816074735
746708469
927936833
73127625
433781305
276195831
162963700
958200353
832945356
575258400
6623332
236706615
403092382
644691832
206237624
916709723
860323027
32237742
571782099
720485135
176714020
579549603
293144237
947550789
643130033
347186251
682968264
264727044
45490031
429073058
675568771
933076740
918058084
981566065
454146022
620071560
249564773
896284674
950863437
742559087
155547334
502287626
47285419
915245265
465877790
647072486
939335103
406694418
905023457
629834388
179438823
388668242
713043080
580060814
238952301
374283917
776382161
913062648
303447152
371285184
413879142
273949539
803383932
347306959
790949846
701492509
537862124
941447558
39057035
915165610
793254043
269155022
491153295
574876301
883600863
434968064
908242396
180450203
17238968
756936290
192515535
343895574
357217452
352152076
923275283
316835390
746781268
242711816
570002515
328507072
910321738
481959199
252841781
798682494
874056040
201944421
803890235
150851042
87335770
319471848
661082755
921111864
194753479
856246475
231433656
678787249
187126423
580459693
274836965
711233042
296697500
905409487
873838280
586168364
610499572
923872474
239622515
449222303
32207673
88568040
922943948
668083721
591478709
806696614
894041544
532002442
355343078
725332679
814782199
876471225
18053503
70241104
899063761
675622274
736303752
234079466
638769641
427843801
721858657
624625545
31390963
127613449
729226332
917503552
983665487
540218251
239736607
135869418
318373454
186957251
819488937
133283789
72841363
284297109
420967760
435819046
20699328
166308907
764240489
602860252
423896499
950726741
75573000
264369493
522728537
717892149
971781889
314010693
439354861
439412748
845719527
123473558
289369204
435135479
840595164
301143224
895559467
656437913
262970593
277204975
311380301
18430693
970314886
671454708
368684457
251126609
420437852
819827432
638682036
501708038
252313607
934742141
76625218
110266992
857240632
396591984
61684727
558835022
217823593
448739550
309204341
757045635
648807607
7215539
135761537
341805407
658519785
312480828
61709979
199032207
169814354
323948430
258021478
718420629
737950751
230566243
387996913
330422574
481959199
264134339
626426504
668102541
361645627
661293276
258079271
508358331
46376452
829474230
68129480
586496351
199032207
532667303
178352959
902273369
528523903
506779529
659267845
686734072
975385705
874769857
339311952
229760917
47384037
256813068
626786510
207298694
219958695
513240945
521610574
8787812
824677656
766194566
784729943
978242578
543966088
799524373
29004452
216983571
42462226
178380158
642064400
470140052
203604704
561088514
787380941
572921450
189750855
187207538
643876004
496011450
77505346
64001112
474829370
195074169
68571816
313176392
99457620
176333262
383080907
231262496
740669345
658362596
235562679
876576966
88136064
797903574
396915428
949862498
408733137
669881744
593562071
390014638
90397122
749997845
422208634
726356849
708766629
602080294
945350763
314327948
528373852
46342748
739410339
478621889
824780284
976363174
793069092
517755219
302163489
89135310
724573817
693954536
162131529
612766434
935294234
275321899
786613901
817037969
540186654
694429822
458517256
683644503
466280160
728293997
529038576
790911532
474740749
209902643
633606293
697604875
171591146
211970953
754715395
91783314
827310860
223468923
355121854
978055388
208399820
269717512
185398094
177041859
203178259
381715573
631417696
23788402
88241965
660489788
484791952
348251178
742053747
722036107
294837045
273042977
916236169
962275193
919851859
548217227
423602649
81577337
71647150
213811213
702290301
587159267
113614527
162375169
520208054
298832885
427100164
132321343
287765675
572579173
514752034
334416539
688603259
814261952
241742745
751172226
674758118
150015454
433964863
948395052
291831991
168085546
206143395
275300080
947088663
16984387
160877409
6821557
565368330
506863047
595373232
933693421
552277529
129021105
22002595
518212166
651888168
622918485
682645194
121600586
277811923
697475576
912948609
631216197
927917171
608407785
756647126
763793495
254359649
169350521
386996354
26893466
890118414
760115510
449322064
499651437
484410755
878329164
299091186
60492727
75793709
538105557
384160136
673126852
280587013
420311473
586754193
746434599
746695982
553936486
43390025
804861542
557537995
391583464
652031466
691608532
441319588
688320227
717892149
629629401
75303551
562011268
814023110
913245282
157838256
953601233
210646565
546894071
471118964
328919643
13684219
93983646
897160752
303055457
911939339
816240677
766194566
723966129
973009503
224845127
451007396
750718453
149618810
93149180
924840565
428080752
589587525
430235260
708823809
923003356
849626864
790896785
774453900
484041226
387662810
231794869
395872673
651718462
532642164
478165051
437355164
329870928
385387269
122412643
142390084
695754089
650770267
348021233
962019714
265062499
146532282
682623421
436647361
270095295
962174109
583254926
740034318
638550695
893299615
621963989
622053125
264722607
568866712
850426509
334138307
258777052
962999031
261734574
232113308
902731799
728227275
41859037
475712597
179070623
546059021
553352738
782697608
252087605
280907693
496640656
758396488
9463344
591409533
284907762
667143575
118453249
825046714
352961257
2765667
412678445
605757680
660261076
895440761
318551603
792796946
739719255
512565140
20950673
362604887
274555033
269702245
378664954
124585959
707426830
358088391
287144851
324068965
334805870
123907999
8673581
819171985
104537179
182557674
141863452
687423028
286946758
606468595
299922886
62833834
599143863
805296241
498834172
397254247
547765659
443041983
236427541
821171894
337354369
639622762
970621522
894171920
235056472
413205072
897063048
16334039
981055044
522373591
978916638
196133135
432052813
307344980
195412206
866003290
701988618
785130553
903033513
607288373
281385467
355014601
188643811
67355546
235116115
944533436
881150337
882686322
314856014
744679628
162080258
16505386
315499087
786025835
205412540
7624298
679251922
538195268
54072787
124830091
323586047
657115996
201207081
734815542
481720865
363065248
629642659
786776676
650068262
24417082
824603537
498978270
249080246
754426714
59873875
325112530
334117679
896849919
431264583
547855194
88032985
370078669
230578931
937288318
574049780
868475540
711481076
202653308
922670261
374209930
546244711
41822539
337994468
609463847
162495742
59037571
458408445
541161581
922728068
623528238
519592047
503312056
346976928
31265932
19384826
462512435
872806775
234132495
822448576
494551791
913186353
236144108
703372935
680854818
309701141
936831663
196514320
418092738
125211191
18036885
125369494
97831858
138987727
687071302
149905080
753052470
611403247
495810498
911722853
277845395
738726583
776366914
771143980
217034531
339738309
87986094
979158316
775705036
582356991
746785844
698318154
721838738
21643754
622201131
495059172
348553294
41000079
623911796
654343187
775452265
928824090
514295567
456882234
921975925
485211996
787615382
532079351
731521723
437120696
553943979
365928397
779192576
865417072
269502600
387925488
457391453
139580281
238658255
251899474
660009098
920675727
528316084
673921565
739511160
822385209
218948064
733125103
545115594
606793349
707762926
498874779
172884980
105968209
876448172
5140078
76724471
181919056
454116492
588499566
362768784
767902343
630708636
650218184
380717619
516805240
50568954
791067679
125378511
807377100
873496028
639632133
698470710
292396131
931526605
300613936
864711524
193075461
484621981
791271266
21890592
24762608
242206845
945754822
661266116
745283076
798051465
319955814
779134596
136873025
920708400
673056422
921352278
772671564
875747633
946588263
918804861
488157526
282924440
307324052
829488986
933418097
939680316
673981689
288762641
341055667
672800584
185916316
133010273
493310296
957220612
967733977
774323984
516929742
465560982
916919897
972324216
569194090
77574303
440593209
302191439
92028639
744503106
233646362
143216477
375918174
858597472
800359659
564101828
841576459
42619125
213116814
526767381
860023095
289144176
298808793
26141842
793239114
356431486
476263628
166277863
14812671
491307633
788618542
92841441
925728039
165081521
213469817
122975646
713177273
739634699
125341347
680560260
367046072
943398898
647497812
872163825
287734874
185676507
598689106
346607449
110087279
633521147
815679396
325418689
425824766
480779190
291411389
127579224
192791449
163808461
423716556
878667037
598652926
87735585
712687433
154920310
834736344
770091197
226386676
293226751
144389190
499987927
740301386
466490994
258864295
431762868
90636423
409125142
814339264
445379076
928490496
422196059
711134466
832723766
449335471
245567969
819422613
723904623
434963616
505875250
376015017
42482366
729674054
300618260
331492038
822790552
964445436
962356099
544802124
475691653
509531593
177197190
485313076
522939774
131301249
186597838
434229028
449435021
667462362
301355247
603983349
543784008
390455195
593130984
374902497
182499802
775862423
199812197
626284889
977302221
651010080
620389290
417502401
132402918
636384209
288939153
949869745
428347229
397142612
542767202
34674000
220999825
312491412
623529320
471829292
661445357
499846754
319705302
353342494
349531554
833106609
726746276
945940992
452023764
326059885
552336845
612505477
248568967
327715124
893445975
662663245
282739561
117307888
484204338
299230226
846850531
251866784
937614293
282092729
701682049
713821375
147662468
334138307
120108048
66256130
359434392
385549946
121974948
963918099
871976577
19917819
519336153
612370571
858668023
64264603
293342513
654780612
347014538
383802404
11232812
158614187
295351490
42954586
748367086
83215055
502030528
2077370
600047863
275113922
2189326
669358365
328282672
256675796
181246598
233508258
898551745
868043278
488230410
378104610
657154532
793086298
180076781
672148923
32517819
498261800
589568032
189209353
90198815
917019402
823211706
246554347
419555828
573908955
679905221
414042251
530692823
198969645
17458090
571137342
367576137
564948097
600425264
489379032
232389725
835637030
635024230
308593831
686698578
645580228
351790176
140267335
413821983
793173644
346859658
365999905
913094175
60998016
431601820
136915908
613012005
631417696
49830296
453384584
643145641
348835256
763454664
415229258
343228413
82277841
202453947
354516502
662435060
850105777
311191538
144862624
15798508
758992120
174012076
493466200
924246997
155504684
317538438
850233010
19338669
729037169
475378472
901183667
312410603
141545453
495436649
96902498
236384555
581971862
187646687
623643415
100856355
321820810
929518655
681759410
789733011
894171920
595031381
192117795
225270688
842515533
630206863
789489518
266966159
231229314
461123245
938371615
192442920
818426257
593916512
552123675
671454708
776602457
193129387
711916979
234887825
23662320
134108599
263677398
840285207
465855690
420243281
909651060
31271427
576052406
389244450
773478166
590250664
981220142
51898841
580554068
150410567
763185821
186820212
615400643
576249813
347598209
924929614
714812326
326524037
11512487
935666368
350048124
116246007
933083114
892322350
861802305
166730672
930460818
179080241
239403030
54354890
496887320
423672362
285095462
8533835
445296702
721086069
256146127
739561243
581381667
494205032
703976301
563207830
60425478
268827885
432516628
939594944
173690949
45471360
902150206
840595164
424850673
841958119
204272628
485071036
718676777
970972326
362277169
813037239
926918803
555873148
844201697
327592686
569494765
88873785
954952666
203993858
351487453
247588368
441981333
674169625
742821399
122558774
575225174
294668155
150591722
110190332
477234331
413089711
629636022
837194652
919692992
861726890
620780049
76763948
470421059
133031750
410965333
479721300
148372407
492346462
541281272
121532352
453315115
433372967
281266737
8222839
808378300
257746427
386855969
66905112
489194453
856220231
96152880
896217451
523961047
219422147
382849244
916110037
605557171
697629052
174325825
218235966
563775478
754513259
26763540
489396349
456018594
517048104
201207081
600511159
918733963
541426267
258493497
966014595
119936233
757214759
8959331
736964944
362525277
848829586
55007175
405146573
257237040
415759385
799931941
867270236
967973609
409771882
343241845
309938620
329708383
291098310
88078382
385798810
32825788
652054781
272707372
77222625
734885447
936425195
111670076
537547736
389577666
770331742
512410524
242291344
119495212
887073992
143216477
710902369
62547650
751517538
633883748
179985484
728479787
278434123
666290879
619072385
611845717
304475955
361681174
17519498
629385485
117949523
68726387
923529017
198541932
301762606
565733897
618675066
972653186
439403100
706310495
836799356
137292784
898842647
661706378
936759188
756782998
399958135
741316209
179591482
702714899
671958131
279039328
569375927
588250715
940203229
436354440
598571635
573278310
337682251
160339584
289454448
647462604
830592467
111480121
602883478
150129984
737619982
865692541
923095981
199312741
521744857
922135088
975977025
168601619
151268153
557917022
176678935
595031381
537467012
732245847
490067621
559856142
87990175
706421067
184997725
450999405
817096584
406493752
160231898
288872837
463129813
747087038
90112852
745328432
197558735
911228973
583510935
323190339
504030260
878408870
762261931
418050473
708302853
279951650
9518172
876140673
922027204
451234714
579316428
647943031
247317784
904665354
518961474
692827124
337223469
613838100
59418114
821451588
832204900
738614463
435078234
611403247
54705745
325589906
547068082
562891962
96931096
9964507
822006804
936681110
616222622
264950897
683550405
961068306
767939010
320506995
339834424
408158283
608638877
731734046
486441508
294574896
430151977
963941961
641560291
418301542
655552014
837421699
368011738
344339070
641464401
878101634
33772891
429237877
625998813
827390602
744772703
666746282
183894558
869751935
434813468
719980093
93811672
325892398
83287596
129019049
159599437
275044649
874658954
529249418
15086792
825618677
674937851
846995722
473313996
122870672
401669440
322314060
90550352
20533273
886686996
442346410
700382769
92527503
947315029
16685332
473673542
876116505
254152639
264286618
930702329
332154755
272861384
10889997
711386507
422174802
384525005
576374028
763652893
304978118
874877698
875544238
99337183
42964950
687909173
598154806
189881100
45001773
324637787
354913931
260590303
188656929
796056087
566326435
836577436
45640352
777896541
161276219
562382821
536232634
612575809
818280954
584197184
645317301
6633973
157285558
683399813
544302006
531438030
27854327
824167054
925511724
499267704
776009619
474222723
451551777
790784361
120722938
405817584
638598424
950489714
463479043
559224607
975311841
245289676
193438963
730299389
566394062
541301937
260974556
278513539
863775465
74588556
132402918
53572074
800359659
366977432
564424193
227058099
699959702
486544005
836931489
186086984
21112599
602095595
493441457
135984695
12886672
807918764
918319519
152263597
506179962
363982637
117496396
245315628
512140028
621479808
700933858
243151881
548178607
368321935
677061029
388131120
710035964
351836098
962953
970524697
308013860
62805588
66651619
204253870
706655923
168265019
198782136
353108113
553669966
96935218
13841214
167900062
73431041
918124527
401035823
447154055
711369997
166414624
391816563
140178670
907687968
660355534
37592215
746847199
897872081
657513342
297264441
544329048
798570926
453658537
832945356
758795496
822807536
48328683
355607497
192192395
610751867
237095893
432076849
537254357
303692269
292946044
471933795
307507967
201575014
792903345
831674976
974888518
41260876
412741070
169307333
680264023
11970642
58666513
31155503
448928806
473077211
210741987
930834209
90282543
832231857
571990901
479298636
240160752
137285420
411666840
328129551
722146746
973336888
889012928
896366811
391738284
487778055
23805975
589793022
385119556
267604827
39607656
586655973
421901956
135980524
959228569
922188134
308725690
604210996
178450972
654104822
9216523
278203587
237298958
951993016
490820970
304012405
852158441
453218474
825896647
209541491
324418873
627915443
727355149
207123250
985833370
902944935
952043414
947783805
627213853
533224556
837017808
452957890
915118682
273119901
558450309
930004133
188161309
816911100
651667752
235082667
319810865
108597660
815520196
9691589
935641737
903543594
351609400
849203871
518466278
25271334
757936339
831110137
804169397
338280163
466363135
119690957
729941229
782206304
480893116
851188217
514001654
642690493
852112911
206674170
957292497
976238833
625785138
757798472
226186031
836966224
832922604
495910473
123473558
783757793
523391159
519458753
755873783
206002814
642632783
200665314
872865409
193538495
778401742
591359455
111515152
409465014
810406773
938240844
838061064
41582610
148996848
904669535
48519715
245708440
839799043
282092729
514985518
574027222
177104899
483084621
91177357
486467609
78390485
955747021
797379305
293532366
241316850
834617012
520386740
835686409
283845400
632350678
75727898
219958695
297061744
677913974
245357781
565131271
251110534
935728911
619482067
80805978
563603179
664463880
419542960
856343691
141486999
289762351
952580416
54220106
674856755
303354296
354748290
504372291
270009998
136580509
931886410
306989780
713792999
166414624
951075971
53407800
13094066
847576874
617246351
410262715
939591148
346494911
188246920
474874755
801735162
773086786
62843281
588442291
510223458
406280919
508152233
146516329
610877026
64260446
609353289
915325481
240347786
203796379
890581488
282083589
893192935
124336461
827320237
139499951
819275086
124464399
365349054
92162149
270051326
96214404
41591359
123597532
188244140
623470025
99114509
167452338
475944461
30505880
668083721
259358936
323843623
453327401
948884887
409771882
628958310
190098718
924402847
196136825
343091201
474565196
43328425
248029794
411527470
647813354
144488481
324042243
795129465
548816172
298410980
133856765
951325757
918807432
48631869
98421387
465877790
286715550
810195375
476362585
434466051
185329724
192127689
585931393
0
553343621
859102148
47430037
760977494
532774737
531560293
505091236
903375482
325900404
622120484
705984198
137532118
324041273
509971078
120663114
865801221
715205354
479476681
155429279
714035145
276569308
204242462
379862419
467675718
909757898
436435151
687681102
822435974
109639375
963534351
743478140
191887412
284713490
603102443
296399887
339036317
969491887
699202027
512439767
966529141
320688771
38060324
610813482
977959422
834307217
177984054
392782336
719173656
681608532
120733299
97789012
224656597
91274288
391161405
540899283
787945992
772037487
613408080
853132467
413266282
157146576
801411739
53088875
359824827
465373275
756953048
103723885
250019328
174209484
647608098
438210183
657286898
770597490
695439988
837822990
418092738
904210798
284301046
463361882
145524225
21912906
54354890
45537418
678910314
607166476
637024157
244623547
61226414
246684290
554584759
746049569
653926745
374025425
663121065
264459757
946175735
193855680
610254672
264202305
162926055
863267424
763296594
260348223
360167534
476301805
765681618
429534462
503528192
441892525
319499166
568781365
766752185
305631723
271020853
3812733
985980743
256035850
364400097
578811472
417066785
508199203
875997508
506797683
383701703
235719037
782083404
40673777
946886863
154905025
93516841
791707080
697837730
136293759
802778949
338791320
667496016
928642670
400420188
110717171
609342458
36835714
830425162
46550810
535814420
957490092
511668451
584261405
11586626
615812828
396868720
334117679
158328541
925530566
25334298
855484068
710458255
876299314
538973134
820094390
589185466
350351794
166956890
377331060
854043332
67965965
132238899
911832861
237632945
984096264
383882491
799272622
275518839
235777039
406844597
178661737
260427232
388118827
180515877
480714426
955743233
464013041
507427460
477919690
378778839
441173444
372476370
827843158
797854646
411920292
501047449
610049226
620383076
669831063
740034318
938746778
415618361
284104151
581631456
110941832
126357381
507372661
616909461
214997602
515806129
765301259
781351202
125553579
563442286
730707018
381762385
711170973
360734957
862099001
131855015
229434536
517795253
638721220
664430185
102776279
435916093
823982685
137822262
700392563
255433631
302920583
896000259
801845393
182763500
21775706
644463977
520936368
76582832
223085588
484526592
239052413
240165050
445344090
62399530
420013552
937927900
516623919
75765202
205525386
58075016
386073544
98157533
766873923
2223527
858483583
3009309
376071869
62374306
674493114
954518012
288995670
906388190
572649398
966455763
720704814
511367080
213468453
216688767
692930289
509025659
922299695
632048300
216361375
561475633
902282300
741934520
128556584
648841895
540901200
577432313
353104393
6452444
520668539
355737759
763932353
522527881
975860557
355362043
380540016
718468138
833106609
547832392
496169930
316495316
53821729
149618810
778639479
582077106
531743623
576872538
778381372
114644171
595359547
886611122
629963934
984096264
651121248
557020413
431684529
285350485
486816768
28744639
370757115
342048457
359904669
771037943
107992521
961215505
264442475
86603475
677960602
318551603
627646247
476619821
789763284
588694331
161808642
86249106
326843130
186182617
763218494
582090019
673686583
584292954
586191538
945257521
771336534
435752695
350254414
111103661
586523071
921822077
976507747
81561421
162501456
954896167
548019719
403030855
947028960
976066845
924581647
183036121
557312522
91106076
238455236
309738495
576096498
210715157
683381822
670786942
728152967
394966675
913131293
208801562
323120821
779008991
275833165
252410933
608270813
898810618
496757137
123328669
701871107
771256000
790712750
529827602
751376585
380049697
400681310
832994304
934591386
154738033
524207442
695486693
940779130
660266926
548681184
254844540
664766181
91163317
498246964
165859969
23280812
961228933
42571490
631520688
174289907
620869794
841870635
942375195
817730059
571304556
745692016
297606573
788613573
933257543
232559739
662663245
958862469
637163436
933774821
178711109
20756310
580445148
633873793
349896009
723580617
100766683
479493969
590600224
810590870
467628533
123445868
976323357
882962216
597617465
828369828
462731036
735077074
7498374
554098959
125918715
875753432
442542269
724997712
577642988
771354001
470606925
866391247
18126282
938881978
392169259
373399933
30995117
824200575
11324039
566670289
230145030
766340692
423896499
911763620
330643551
527505015
525545269
391258666
593801417
65852223
705844118
754914402
959560421
549443434
958302457
965434412
690078261
81439393
131640298
184997725
143253202
911924817
493194415
849065191
704389002
738619601
273771748
85182110
807205939
859003534
293265735
520452165
307147282
117413821
99043439
21534028
30523550
195023602
833142694
178235710
369497384
782951902
972261744
151209092
726095031
433335816
603234085
196620933
539834479
882734407
291362694
114715869
487187508
774963069
878000938
222275897
418959855
595889858
471321830
489278201
249871766
673883602
528027123
577354287
816793021
941939374
460913823
24925682
281502697
190431892
23787622
727911903
619460743
921983565
162733660
587828864
107810378
455011101
507413926
336156506
823948332
254898214
241341101
759264009
766471403
87180514
926481183
481236254
867265327
642921238
323758286
929664781
505552461
483401090
116360737
934786956
794273564
869117270
613803585
380322305
773545146
226025417
273370164
126942656
