259322222
777948164
529821755
985465186
410352128
298878761
227083192
935495487
201905608
758447504
369489781
353512512
523516955
7319765
32825788
778766739
534464006
109154363
668788073
545538366
517355689
161988048
239412840
206922867
363374787
237795372
806913642
816069700
474389084
660862557
718036874
700592436
310589831
643098867
786911681
222624979
622483251
279618138
942133666
581145786
167710921
392319428
458740672
787716269
421647023
982167855
336586774
507615749
472543706
268993465
121698506
925334684
173212447
211259520
275087556
49177517
900137605
110515172
749546997
717873083
354047197
419699852
885280016
422697299
441587351
715462430
621782319
717960514
824269252
48215301
732470734
105630785
858585238
474168080
487171822
257705118
232811889
241649563
370947022
178169610
48539577
155817703
919012806
981199344
550872913
613076477
768607577
277823446
609342458
686349094
886420401
58096221
28127587
770818848
458553288
11460445
403092382
861382160
443936848
690094270
117097468
112015112
516929742
176072119
512344163
605024927
361630264
940047751
468280811
59197535
166058937
852112911
266017336
480907161
191660246
533214611
232520331
598092506
883966148
677942860
739151851
751376585
836374617
35148093
977488825
237626983
396812860
25329622
944823614
251371834
42697741
569173691
529087449
501183261
838336518
337649126
117496396
257967585
930920265
42442961
30167745
537080031
803801870
794164000
905553107
601562463
172930682
78593537
458152060
493176268
293666188
737178072
802272689
691876189
438033583
497465153
445296702
209529618
923575978
784152439
605826090
840575321
474332040
440756857
962032372
144314797
737345484
405733415
90282543
434181895
107496276
620780049
690258421
853179694
308768658
105247185
265018529
487936855
674460170
93473899
804079513
466723796
526466174
652221235
977605276
407447942
627737046
804868452
4570535
864166530
181298617
971692865
138473260
369224236
7775416
249010161
771020327
483638212
197828465
691073518
368675647
179657712
286511993
733177366
944685070
632394867
836812744
469736613
573552072
875602543
889117445
858483583
633097654
302731257
20512343
128378920
96643790
677947908
898134098
222089475
198936297
92276263
726881529
24793374
338756238
45633509
66962159
416423128
792502795
155475285
622339785
583737674
495111505
641380529
286655824
906102006
569300969
160548505
775608994
443458338
57324975
870344722
981325876
115939112
908250875
699980452
456126728
528316946
446801250
810167541
877642125
315783025
555297274
42975715
40358354
433751877
948460769
663408284
123966017
313864158
708686013
970511625
402369271
348824527
435585447
660650745
286926052
516704396
946175735
643923814
939913570
34273438
656761613
613067198
498960904
669358365
591941253
240553883
277251448
510577484
562291337
622143429
789326566
768419931
609265732
923830178
31486664
416003446
330944483
980
18434538
238241083
717379805
378773765
304874118
835757125
541974826
69219960
122370578
29725102
310607658
65112123
351374858
811998254
931140585
12722846
349233943
644539059
933170191
579354527
670098120
879094234
916336179
437304481
516612357
127494881
627855739
239793693
538307133
744099911
957993138
361165291
831831999
673149449
840899062
753751350
420946097
190496888
11999
660538378
380313084
753945614
108295039
939174967
514536101
221914290
952962576
514763623
613657956
43071801
299109821
253444922
357838097
975447644
185967421
97251492
253441081
622596
325158155
689472852
636483718
654194437
904160184
48773717
770022106
83158806
883148992
254419378
261792904
367812222
870744322
471387177
182599794
69394268
964054091
503433410
423969096
948696351
584741751
699758297
902381502
828647286
557851485
171652709
115861965
57377511
541056220
298573641
599759349
393693147
501571685
688916876
953896490
882841455
428467196
509986388
101596415
67381325
979584149
808872888
324795567
401856770
721473702
358818635
687483567
334347030
615572877
560017298
815232630
187800991
158020540
9550229
357569556
81025562
549666900
916168297
626306061
520944033
904973981
89416733
659041921
618631134
99997728
939502207
86871431
288031765
933084408
185398094
789418854
147879873
791951273
343616898
394875607
640257891
294217070
548131363
331192776
460698498
215124073
98415335
878819495
382238515
972071473
500802510
679748053
96643790
94067926
750487636
150333902
14936560
965584851
586203751
853840664
201131589
961130508
827269896
829937071
415244035
611455701
744859176
2518917
799967669
165711190
457768992
596956590
808052225
304045244
271647655
409032096
301845533
501354831
951229118
928919385
729576640
293099692
592045132
393160084
622218060
45402773
239043228
733381467
161748440
928483173
372846126
926920623
294949692
658830278
138158385
851910549
71652581
60667554
637215059
135178752
633831948
174107358
294217070
397492344
42460072
266854699
815639883
358819722
578194890
458965986
7091381
747665497
551786397
458839987
86733803
286613899
677079248
290127449
318879866
970498601
218788115
764532570
358717063
256161034
301938073
805680230
289368659
241132516
124559140
154350235
603662037
915683968
470841696
780711841
216614338
590903410
342617830
949691839
981224890
324464641
586860285
102521381
286270323
711311402
693602760
665499682
268703533
519588695
71272020
627864815
473120018
299850867
322490483
568889879
474413829
521276692
432983737
521034938
335083706
924383761
132877367
61085878
965103552
635714619
36286347
479213395
163737998
288138559
580701349
251029952
289013696
887161603
528305092
464054761
585282264
383272058
560323152
19554350
160499869
542436574
219747268
904172906
357015691
624717444
384749261
31746485
359635156
641705268
340687844
73251782
354899100
444166085
120181334
929468690
586003912
290116433
80068212
338884153
814520985
713786272
584377221
298573641
801796706
213654305
499919476
397614919
192002066
70753558
44130460
787817791
649576505
456363454
938439838
333193312
755304173
836798471
445312704
64836725
187230330
38674526
342324009
117458229
47077105
647451459
57461449
87854092
465639675
233938935
590903410
365292635
912770226
505892500
203993858
774555273
191707155
19080143
61553207
557578001
381623136
974472402
250561973
451364338
764264882
235992265
171228673
814326638
884167590
286398312
777966547
553626619
243208282
957491990
537952866
75985757
808077117
611176880
43571336
773738191
403457259
489613673
505886103
294947045
446107869
389101372
969606139
931541274
877337147
250983772
47846075
118899423
926015377
767791473
182611325
740716833
382596217
149110001
703775340
480686120
144004620
985432729
837196958
249418169
921862684
77505346
332802634
425891954
827979761
764632021
90509751
23849012
859688490
64055244
38427536
26843937
522572
790995891
510116357
868001001
700299659
170950912
228178640
28768400
846112807
884283975
600099652
156184939
246425405
728825788
352374866
526502105
810141293
13229381
39599748
485921760
248396738
32022328
681885263
92128258
198687771
949369614
190203266
338194303
474324072
60202000
620012080
66048419
371369794
286908886
324657282
423949471
941613682
401089151
837439881
814327919
781037062
233845991
237082932
590039680
894298841
14320108
122810382
610042300
789812797
750160376
843497192
478794756
931210794
673994775
518535530
710857990
525294967
664593592
782407556
588442291
557058771
331223665
780528093
948058634
302720418
976462799
861748040
344131332
517454754
279054004
470368933
104518448
471027193
309183902
465950556
333334277
457142075
675142101
349896009
959973095
552866612
494350509
340953760
865759769
613232657
27668659
670249619
763705870
667633214
563198740
329780801
563549215
239613299
768393856
470758356
925588255
238583547
481884027
487034111
258049576
216579159
838605831
728819600
966091432
881248133
364773787
446629183
627618891
59479593
92107775
110317765
856697213
409309879
417386177
802201141
451590024
459953964
890118414
240841159
733795416
267364518
64638711
435454702
761500137
876005906
699070935
802383688
237282036
937569998
418102438
634718028
71745250
742664322
679238457
248263336
443630150
8639783
973784391
657416538
936718111
98896603
105785857
588635608
554111746
223468027
810901843
213045734
117719946
294785455
373565053
350248420
619787550
856127321
147484517
967481310
870282005
454737544
484817949
814269443
795405283
330900040
503602719
122299104
956242638
822197099
267134132
8335491
188369510
881133725
125140886
103271170
325433929
659472072
156433688
393951883
569136099
757598297
658322903
490662708
419260397
151950213
651269339
493374845
481280585
687590499
483255992
363499427
764540164
401223019
574540638
738643335
743739454
79838929
125943812
61548457
64798601
127767298
595207076
762736069
372132154
273601857
142993641
76097238
160038840
346673148
156411701
595927120
580332058
861498193
143650019
196740507
169456062
38544874
411211492
906204099
817423797
324631963
783544168
123290344
551782826
561834122
951664197
500506006
282142165
728588886
23697585
373746206
501406682
306392941
124430390
166857770
855572764
547832280
541009225
928882169
882360903
901060971
687954667
373208417
213825278
753174558
586281471
205588724
600089407
187054486
181757905
180073155
892495331
603226356
833782883
829730108
865418700
48814152
451365766
719168518
596981170
460623829
855161079
901859169
622086947
255548851
9339084
532674223
540266504
263731813
979744663
795889332
180746473
717502005
19612867
465992074
405802066
645301278
591307050
333193312
535639560
137182862
446759735
954441956
201657073
4544536
707991125
608417714
591964461
252026474
202957313
111018686
637163436
567293400
288240587
54255156
138595410
212138784
593801417
205876604
507615749
205574965
637648335
561447817
757045635
113811720
333879174
767287753
713846729
809664409
375857544
571420819
823260793
545391694
515920724
503919637
323674768
133496791
200850510
848107602
784687528
960345077
164233025
956299162
544967407
986279343
690544871
507623148
527284505
725343157
842291623
144601966
175461643
395465306
294744638
421153980
687937293
944962926
81700698
947214381
709708738
169402197
941605595
462946171
449813011
213484723
923788223
681755483
182530129
887217687
684932488
207606400
566465179
953622364
842427715
497363052
254425997
38108293
76097238
730183532
600170254
672002669
118932695
191905278
463568028
139456077
310362258
292465982
803932097
638127946
802938379
136306252
664957421
842507776
484135748
815300824
342270410
14062045
320367170
126147732
664581024
885344175
717903741
500940203
870600653
878029733
48000831
865828042
642783467
684417809
78282482
140025415
684888062
162142791
751794016
669555919
111251721
244384637
247913644
165905142
552034925
151777198
709226563
929941516
532724889
528290558
980820156
567990164
575192889
60900090
64003405
446186147
314685655
226360396
606657642
817781189
214870844
359432050
574584248
182658590
321994914
405727843
845781176
857587774
402247529
151450858
103421729
566091617
564969806
924681069
821070341
660792128
401295017
304113383
28319861
760124142
383013789
412220767
297157529
866692599
839000635
397770929
506938196
776287235
143989122
954920551
644379687
101688889
904848194
710866570
724325822
773348597
773409600
240958888
50301574
365177802
485968299
939634738
864779139
769580118
616746555
774083362
653663367
781602485
745792358
332328197
577163666
293832749
520683090
474111543
843634172
63766885
46137271
361408334
150304041
138143549
775451839
269534305
158369821
624826617
740532333
575446808
116362371
318798298
553432093
45318661
913389017
239052413
357376494
772688349
243349419
126725718
688452288
478278001
55504295
584793460
176670779
69727340
280446639
372826848
903386965
705480886
902102311
661596218
850847126
786558952
956717550
918190905
627341323
488793232
499556765
132012223
60857361
246595982
78325774
871837952
950661036
417680867
316165484
483708771
321858844
159975207
687157476
284455517
682467787
299334534
887073992
108706313
316561608
118791147
422600276
852245278
498698739
441195159
8085070
526296751
779277480
339989609
386514508
279611949
2867535
484668836
691405824
264442475
120663114
338048433
701889660
496036183
671301111
516703244
368593876
413255557
418533138
579747083
445394458
60390301
414111123
696879232
562902753
889371466
827936184
41413972
721858657
946058354
522888648
37907774
560471918
197699148
28142510
656922983
722608866
660731377
205351323
538269307
865785569
345575289
416656504
877176946
37321183
134275324
118286276
826688128
104185251
778492943
302475517
38674526
915573102
326346497
252428362
425770263
631844992
320603110
168609015
794772422
843720900
58684900
786080643
589612721
655460016
255059853
340522653
570457070
19205294
73643594
695306272
443850709
908731010
812422412
786784743
456416133
330137007
435362324
784550050
260022505
931908967
6717635
850229868
160949655
733631779
143419928
314105271
694188522
287768717
648947386
803675659
806177086
620445411
503066733
406347399
938727512
358847844
43892140
666821724
307444752
701543826
678381797
114917075
582156373
882882246
480462496
475684419
711445354
364761194
719784983
874998961
611662609
636858900
607500052
940705823
699593964
88489632
870500497
359642618
143927616
935539109
456805896
721054509
306393915
728054754
458788606
346321854
684098552
652409914
291974512
252034043
3175081
876068531
587253157
298435688
442377578
937025196
331157266
508861107
776009619
185058854
617045183
755279895
481496134
234060417
858402281
146021154
520073645
521606975
922866481
880116321
436247136
433195514
111019539
812378097
10669095
899652088
384488569
74945203
706028128
449296035
818135462
983607404
185712208
799866691
762335031
304440449
582208773
534154967
35838500
174215284
342255870
126888554
277199755
582545036
89788063
185925838
115460468
393470650
201143793
877933739
887995477
580201302
404893810
837765421
761978644
394616611
166308907
690305398
479018312
563730047
219742856
324031255
612513009
891447697
816896331
1793177
838919282
824750221
845156906
198704206
353220665
60547268
358475498
680552457
607838677
753863938
892706545
740046239
666290398
36835714
954959247
88460163
922188134
161791440
341028301
705919377
948032292
1258674
17152949
850486112
620389290
414653056
233522851
723073351
400830173
207181828
244134200
205327140
796480508
710368152
609041203
533987951
387832905
811358113
249620949
230650135
67848738
225971375
223722557
706473431
282095733
771479805
819304859
347886901
485982881
2345880
969274423
804353957
781848784
405607946
188071607
982174963
481691078
76770357
500755809
129650401
779075480
821262016
663643631
867298015
546455227
833055255
702215929
119603969
894084805
583434884
886039527
915155531
802555179
930737930
340326453
234828643
643294325
74945203
193432007
100217764
538884222
822240594
207357297
472575671
100196047
163935913
233109128
355705644
461876377
937288253
799211417
736500699
523554097
792350771
382977267
580099848
724533757
698699456
202770088
569762688
498775766
282856484
201589469
986297124
214987182
319786012
683550405
763118590
542308416
243416410
41260876
206821535
463436330
659335000
777749508
870744322
329183462
100754597
316031323
807057106
45402773
780688667
281200030
335292182
581182939
488142530
173212447
895096672
781529273
629525060
83630652
366425861
448954789
611574642
25294586
660425113
575008710
365276077
97726649
360220376
832424299
813325120
67219880
611453100
504544460
315448798
126716033
233370750
449047718
511736237
747910788
889748712
242768605
876545933
415978976
47463593
23249959
337998630
861902078
561434561
93195656
531656102
146272986
534515326
313638882
780666074
938706563
209816752
909767946
449828026
720726420
114239127
947783776
580327633
645931236
922430871
297775264
702498894
404363225
407847930
96450308
708073076
313385715
8737855
850239755
484935180
802394083
631677768
431016510
524356062
488793232
40010023
697212259
753114572
52106225
103937738
325833641
31068052
780890398
536458501
962633147
792313410
708327662
972456184
263799656
938440724
356870425
741253263
798040105
971030719
610330149
532937661
106166231
478591495
308872451
495937413
244020532
562850527
912945534
523015111
111273194
511397645
462456221
679208059
898653231
160754240
444243623
984278884
71520178
607288373
935209512
729701405
306386843
744992773
764803632
379928961
385121332
26567546
852710306
368011606
336512733
479053481
967321555
528126418
115001105
15838639
836196526
223790741
868544123
663991319
777875547
512526001
318113538
310588595
745702683
728267161
551496135
310957527
439166788
41159083
42900882
372275473
186320872
649576505
554320890
80201427
718191209
978580099
868268801
443334889
224255163
732458384
662841710
669143511
301491302
307412409
884540434
235113574
815244216
512042337
510521076
815217460
871940182
96450308
669049664
802359894
197408605
65206824
711665201
551617494
973983144
88697773
371085801
727585497
417391136
193283203
533527445
405665935
505779941
20679776
481805973
386339654
833356992
383114010
55430168
870600341
479247089
408205136
963421508
952047709
70082803
890036052
77066467
663060783
367713382
627778580
753677979
495424349
502297741
394664271
552689681
328222980
64817022
494044488
160337593
876574272
113908712
874367967
299711228
332062557
345600425
129472222
518026657
784843033
778484832
120733299
959560421
169374398
799108621
776605513
866949422
704181982
722288439
307815105
317822123
155412423
513262003
154508024
459559317
770923647
766456879
925051262
205854357
879879002
968800086
111204891
741506972
852434057
119775288
241220286
861847199
300322072
348673692
28014884
655644668
579705136
260658011
772280846
872898538
159096760
624717444
546345111
692822236
707948522
693940359
766850939
836259611
862038109
868205918
162489377
500670284
621423894
359793736
570557214
170800023
448260980
317044195
684894723
641924904
985221667
814543379
804147279
314112055
681605403
600952724
253978883
485275011
6349109
288535488
313500557
455034179
440750472
294318536
540263459
336219759
194292639
959733754
859986469
567702557
501939227
796300924
306810358
886243263
985986422
962597840
318203678
67115443
536984065
122445506
133234793
903123123
208830527
246408424
384476728
342292219
187125164
519880620
861273872
108750053
681135310
535664396
507084843
924802785
888072808
202088734
682102949
692052724
859777218
639471922
649252344
892792340
711916979
337162216
457638772
877562079
894575789
401236195
410357666
658701232
348722494
255284162
739265867
201151523
152099673
143822352
785597388
244047227
983087128
775821911
788660848
52573894
776602457
981141230
667054453
22876076
113370389
494892819
41184480
765579391
837651840
155642093
419629452
787093399
770561983
710006268
416818599
396988701
404661453
264369233
738150225
478056148
898699102
525554335
935647190
673407832
702956951
749477755
746766660
367549548
529754509
707587704
746973580
122066654
947815346
337192875
14218756
605024927
975106326
33518858
578488350
83891997
927470583
267579405
263295886
903073451
788317808
432333407
186031886
54269286
241999357
690510606
125101911
854188221
475378338
285061287
702952235
945095767
169053086
557931581
169645592
64232180
397121823
696945774
706372023
668206623
960441160
767672148
508984215
780134887
672946568
785874846
541721906
45589192
441661299
34418974
669033853
418354091
213811213
576752266
136423518
111579531
395398925
87528660
208207652
659225153
137258644
83675530
468522241
821190367
355849296
463346117
664144912
165904023
152560366
8278295
689472852
64945954
976654096
75476244
423070471
204434549
211617349
329952291
101706649
975385937
76544662
442618356
930910868
887619954
363383288
515487019
771161152
49982275
33777192
633803792
146871343
801407776
697811926
867443567
145753186
547068082
397379986
530006150
401138292
815636687
712764635
504217833
391254629
359384299
827823801
447167028
107625294
114971887
184401200
13565251
882752538
206038636
953423896
97779176
673318346
113494378
169801450
75380731
856531374
386580037
980916080
849995189
179512335
771336534
200296401
150884470
8686972
733592435
693288351
44464928
475595813
103744564
584236063
696976224
339351541
934925025
568728985
311271582
278008246
736319832
601502842
673835631
678929636
793704937
457533741
585283797
194086227
538334368
660101211
162729261
526238652
161485591
720525082
433942504
749477142
307429355
566238785
441385614
182557674
354652737
879652663
74398205
408091794
168119019
323394206
617486917
430143597
893353092
182033298
9760681
63185487
125336769
121048825
853314148
70036160
454883903
521049316
946049768
980481830
219472877
613183406
723980395
526260000
179342618
506608163
952467322
333174410
74445627
723805584
617115307
913094175
694131918
701010917
738845744
347679690
402917362
646837093
226542438
652221235
44982954
81571716
909449832
310665167
979477085
34653051
514142537
178380158
776328585
307896882
605159164
918584407
229163202
801909296
819762895
920232057
243148735
695583662
710248146
683021641
49675016
807192579
337998630
151946890
716702594
1534764
983952624
125524469
243666161
135809285
754398386
709897870
341838867
99513957
885842849
559172284
183276592
824411419
307055966
948665862
365204274
732301554
358373299
42619125
347725956
684153548
889293246
654732412
331560681
550769639
830507768
918507521
258399435
356607883
106399025
395416976
528454158
596807352
179526370
267222107
383263681
635532919
405105064
661949136
224574460
820170846
557707128
116661599
5559700
64738458
578811218
398235910
254299664
150382146
725531745
373085845
640531319
493083471
658713975
656081982
163699688
323613258
198581427
398781739
22877733
517468491
921705208
902650214
830184493
702234043
741594867
20718367
687651786
160087330
666713799
273347421
727143157
671556874
525498933
521181491
409554372
120726712
456457586
787821560
885691568
483964350
862455464
170496152
592201679
931040452
298791098
30574434
275823148
674746752
732345233
454597594
970025310
153215863
144025188
837834020
400118071
47002881
138871535
952186599
685340975
383546406
929876134
417110957
614256687
843681134
44367078
385363885
915002193
66963926
971696731
457636317
401460707
127705309
217125764
969886152
816005263
657494160
870264135
122445506
830614506
821703344
83886906
131745193
79239172
24515472
433063900
312242551
947963535
390664207
210915425
260520678
780025595
130033249
286659241
253562865
890524533
967561736
50696461
564298206
81385506
522939774
669049664
44873379
636657468
815375148
115647613
314400991
788669913
853874340
932925474
27247449
981326558
340447678
562200458
913005797
160753988
872687936
171584029
903692059
605826090
139972155
652238036
853321232
561486671
572060951
673892653
931821245
548423909
390296255
902141722
303147909
153980379
83462166
83204578
686821822
865509392
665174600
327527066
206194042
425932663
542051142
100356159
758039286
135568187
152620617
882261740
121775605
638046573
654552621
65091567
469417505
822835629
820218883
712977501
672159512
77507688
615912434
471289971
961596734
469201009
814285700
947176222
563881852
252184419
575321402
938588345
104374332
580730196
280942488
1337923
726506900
92635210
335835263
538253356
928134376
963845721
426552629
644814276
535625061
110100408
133239302
669921235
779978488
430044526
685020277
842138720
432718766
669876335
224341736
61971032
171803449
647883031
971323596
209910743
2205712
94021758
319189838
317848204
971593413
324367281
780780302
633265562
830570053
888769702
367234006
775325556
307106999
189913375
152331084
198854057
731549050
269474156
450921652
107287509
750637185
904824088
354333838
173431285
868609218
287094216
771032706
236926895
944631106
795944340
876898665
753990110
533948619
54657051
257634632
319357043
394717527
539230881
789654648
217645937
98164679
533641622
795193328
234184609
332280141
600247592
674237072
263799656
736519342
662889424
622147779
251421477
808057860
982483946
758398311
33110853
475970693
247269812
942001898
658385595
776060760
628691834
393650121
649032501
969970027
586003474
41766866
219153205
420600141
124652925
850843092
373089318
786337522
978658886
458175375
739783080
83158142
10260945
692795603
185604260
532320271
788158817
70746630
608756778
558223375
449335471
638297350
425192624
271149650
258380878
786869335
520125124
314807577
829677949
744544445
764191146
446579205
885624756
576707308
304909610
889117445
792790370
863801968
909019312
945257521
468433753
275695062
713764536
675453980
340059378
353531533
757413930
206283846
446598212
470217143
475915053
408972075
769262210
921983201
816558975
341529870
158117526
682713015
248602809
293224573
461361985
291631150
81238950
442031049
403660849
817575400
627864815
703994521
452546681
532683296
109548882
984506286
484194110
457615635
208979472
572383282
812417577
514433403
442667156
801826130
771540507
873600875
962970742
187482842
848785630
63101923
420967760
435993857
858043401
699066768
92677164
769108010
764338026
289001724
512015569
787358741
215855394
284913006
244319748
137021142
99107257
204725983
623910823
238348066
824572441
74746164
959948277
981152737
742315616
635674028
347192576
801802902
884486459
798728834
519496477
719658298
746243277
453492361
664523405
147101712
624694130
697655566
309829207
539388147
344622864
672427119
687156252
654082992
453711045
357485844
503008076
879187211
588209814
216913517
200361253
201905608
273912399
285446515
959617882
127077723
942538183
784374256
764282892
520881393
563376333
217578024
739344170
98493957
702057954
385838725
953057230
589540646
118784529
659296087
886285050
13312282
495005089
337223469
302138132
193325897
859531236
837139851
56943280
849375102
105562810
489234214
27774755
896898790
807592030
599372631
201539052
181568451
748367086
608734673
727235416
815092053
705561977
656922983
528418784
129446382
638381616
78471944
175479169
541771399
335696990
652589563
224351340
219968077
553331848
719975693
685676730
459634066
431293544
737584275
936544050
324231466
88460747
228374378
191208833
306248308
235976954
747192626
328796366
663060783
189878470
470352207
195096657
821013527
359197345
492462718
301472927
956447944
503602719
450046523
434312255
985980743
369220301
535027009
775997246
800039037
474730811
384048769
463358128
960858250
244725247
435883219
504620284
205282784
110203396
489365001
179923867
825135309
671770711
476393661
753304081
289408658
111450347
799438677
254007734
554098959
653457609
288334038
437528509
404964430
502297741
76443164
56477073
942165312
678713510
212331938
198133923
454350902
565289458
786876085
148736791
420855200
857312111
17360732
531284977
622570345
86098072
735114940
511918332
729955141
605376934
934525218
937060149
363937952
717370672
114715869
767654998
207758993
595624257
227028061
913706536
875071330
852126690
465832435
107663008
123362650
955450041
852500086
236570457
913706536
478890344
459500346
330034622
77152553
426035591
10659524
477575709
322155440
718191209
47619288
519080543
553052176
783734226
820193793
751419130
249192979
213395511
736323224
313155447
238964663
699855716
598506165
449515603
460959264
140770320
929163863
696105747
633297382
222264307
237446663
51337586
404311267
284104151
738653075
173740016
356070412
430800522
947812779
639567669
986133904
864885318
852265619
707145893
979424304
81577337
133265147
257153749
310588595
19257031
944665853
623097616
158448031
282088926
10919822
583085664
7467464
288461573
275075683
826603210
924514077
825165795
29725102
56457216
130060959
216165376
670966140
347419934
85182110
624008094
727697065
579058294
342226030
535639560
712470266
13094066
75199843
430073564
786190530
622208931
306179417
734815542
915963607
694260636
233727900
191025693
694398261
785304322
587790758
426558956
752071614
429708698
719382849
282928202
355702014
157161325
791774406
41561402
747882999
486600971
774338849
79791929
678365125
706822648
286285170
512664878
885554953
963726803
379806120
434556978
279156879
617115307
545991577
585468650
709654916
890953788
342020318
380167839
148637931
310222085
768754491
291501882
822998171
921146608
331365426
94747371
54218924
731311860
634677694
918482460
936774156
721898151
154732198
692821511
431598295
107515805
347226114
743478140
185375466
694051370
149913439
23028217
545274672
353220665
265200921
910946757
957191227
361511480
129700151
695052363
272831044
564556709
193587956
691454350
391620368
904680622
466205552
71528573
538884222
890769942
409422652
43897238
805544315
307659287
514608929
541231542
178255274
252325471
449977815
415234185
168073019
596425723
150483354
41926485
133801019
56305485
406694418
799002091
102695258
587235112
832521949
204496807
409660258
626555678
626640734
368011738
459546030
639924497
70746630
569751895
67358697
161186843
193358820
718227396
422454060
46113569
140162620
295166710
812596980
853928192
872707730
402874679
561651328
3575083
538773347
914953321
541861334
538561500
321893024
55113762
331268580
884508143
665257614
384205137
686979427
567004761
847036176
869938550
726592595
291996790
895142662
647601642
299334534
597369312
238825247
85663868
124765386
207138321
916492654
176670473
960077693
370262617
409722430
656790994
825134997
689513153
132711434
723091455
632912132
77402392
628824380
167343645
748044884
515876837
90717203
535667613
913228173
498036864
32508545
721160787
634882990
627498645
886091487
571650271
122811583
970886620
707655761
751120980
958810467
336302315
265485133
493574526
406472032
322687635
893932011
589761996
66197707
827989562
25193590
387638843
157385119
292245173
66687870
479791695
416423128
501304949
980620883
641897339
402770718
899251948
101422109
853538966
382223368
37020987
929664781
972536624
516038588
906133755
605048198
533711678
867578583
533484005
662057639
244434525
584321607
436883614
517841457
487057330
406449227
230939026
277069735
873893792
98650697
124430390
502965207
211523185
914426439
951075971
614744043
535802972
311027740
394163264
627402954
177956918
67219880
361335026
785758379
794633947
457840760
90922832
34368167
907205599
906518087
321249270
881380077
967645469
403420784
693528985
681041834
629491175
891416309
171918432
685709645
539708958
109220510
976736223
604673193
910338538
670854878
508163559
946404896
56010936
39494563
2319141
969886603
568147488
859750198
872381174
614713649
429502778
409818483
433562894
840083697
686249959
327990538
597538772
223927501
246114081
73477214
877593770
91226326
44966856
95980942
572373445
564350654
43940596
314653566
681614546
589208250
341194168
72776874
223669060
101858896
772777585
462028107
549928984
545847996
687181655
884658723
515829544
712476580
22986298
654025511
654056497
425581867
309578379
590656690
59654606
378398919
709468380
972357265
958934162
477350452
975940698
827589695
382643349
816803508
325286688
958721201
364101367
500023741
594177169
732821269
732553882
289354478
940201833
670127142
251867523
225401900
109470859
906822367
130009023
669386164
413060752
24957811
203062245
180852696
46923911
127557445
409427626
554917740
16130686
272592853
118260625
849755597
972158170
184598718
534731842
925859217
458272558
191033272
781747615
807599900
114447371
623476700
117881023
114612200
180522338
792491985
13775308
934893183
288761416
753335761
662841710
476263628
930067840
595907718
365168179
916612592
798549186
677955938
622158264
115996729
950880675
543444571
569716142
709762436
501406682
390220656
319724643
819276433
125402301
793656177
67745457
757798460
343440171
425581867
793433129
615120422
321994914
399399114
575951560
337679127
858998251
601959846
528240323
949126269
351906495
719968113
512287274
513161603
166016966
434175533
189318601
728227275
664077314
430948010
494909858
402912275
82273228
578547388
287373431
590803162
388347839
128813837
472275389
564940990
878210787
389563061
462067434
75715471
925650897
65338893
19835931
238020318
152130649
390496123
647157592
363847083
535004607
527431788
286267487
13827585
737686776
306475461
630759503
98653890
22193145
184059105
217407858
481729078
2652093
241179249
676670697
549248924
369708319
827012745
382731418
38769996
379918834
247482752
765636643
505780520
379194802
780763801
15299560
746320204
881608101
358671058
43373439
418522313
723259335
15695592
561588264
391927737
591187375
924582735
168375862
980410830
686938815
356670495
330871865
486593667
895390767
383784476
985667641
786379445
363836242
61179730
384962297
439331189
351474629
276515116
574272240
288138559
14338016
800386291
928739575
679451482
916891647
102906895
105392457
44134513
494709105
259326455
713808560
772183756
903227742
627699263
825556787
830915287
221758256
834179375
177658770
476102895
393764569
690416679
641939959
928343352
58469967
15086792
803801870
59750341
674268090
76770357
740679296
296779361
676883568
347860644
522448699
896420973
112972975
923784733
50919092
180353468
819756969
86148078
320408482
708037327
540899283
197076422
962160826
271637030
307230867
428012579
463593383
752114812
220555183
847939031
554514358
219839269
730212687
493935631
208923687
185712208
132963122
511142614
287170536
147758295
948307874
975885448
928842220
614523760
163737998
885230828
877818457
928967413
968416817
474689078
64373290
615531260
220111449
657733918
910964483
717225864
92370268
513219940
690933298
228631885
358232607
522424055
60148371
634562809
3579359
188128262
947759305
129757292
167163314
547873795
888526545
378445537
483041299
763185821
665413050
913520267
803843177
960925482
300737004
224351340
123191978
356605239
576978643
854226384
338479560
111371417
589332870
534731842
422391545
400520549
145104675
247188689
670454217
200224332
638217358
398610359
197346522
294817786
478079410
160342251
799028264
130284219
627374791
350271249
24763912
932557800
544342621
341290072
290397108
921822077
674349206
946675336
428746402
489891545
248884412
982183613
814032585
480924646
27091104
564380228
624033088
51822586
767440464
342766633
308480812
157469279
463048550
670498365
842328179
124464399
619781340
856350163
943188825
415069400
265202577
208667902
366801381
817794549
243308025
526822143
771479805
283499820
760869399
640706566
983266331
522974031
777703021
690268968
390756388
910624252
836510432
378213381
39925758
40534197
369153943
725113032
83698005
465977477
372106595
220150545
597840259
369999323
884884491
395227071
19279105
892947909
411278390
328705939
568726293
710054261
914023406
194766937
978931496
282996933
801131809
410115863
470394970
476196480
716319166
648172574
384065471
535083436
576707308
516177333
634632330
102663744
416813191
629635702
607403747
916352031
378445537
531007417
236583949
303962011
646968291
243671586
110598348
378338906
617522760
275663586
884249778
442031910
205574965
515802757
223638409
706603406
214838194
200713427
536744462
964035256
475706802
96259478
569093975
405273085
718644778
581695749
509303447
319724643
891252415
72581369
573573476
946124711
667049137
886310279
105858443
751096716
70538231
811247289
572866406
659077214
81784099
54870525
556081880
85971236
308534386
212676902
247482752
530200751
434741281
656618152
948152379
305901294
583244971
128679951
872381174
730558031
4639567
224246593
567045080
234584103
750256586
796255426
792656429
623443883
156256779
249172510
814182740
53621296
607689930
458749684
520054930
437324239
600770946
36281666
249788095
857119248
179938626
202669872
258653715
98630280
922581044
279951650
446918926
238217547
468330541
44862069
715055534
9584574
867991996
697666898
196864877
332865938
266503740
290805420
495687525
133617124
975897892
587562608
313747527
968815785
623334231
312163545
707528536
581643649
491244293
456574819
978471140
759105923
178858601
74144216
391090069
599476975
635613465
766217143
496307032
532341166
361567737
699143031
395149160
255759186
983546130
263682404
719426396
666780014
146701125
68495318
240342230
48053572
432077614
53034802
176102079
555390793
485751085
745821121
697426292
877207495
483239884
86077900
891488059
427445886
51330720
68156088
287612265
885583373
117404098
827589695
56349958
882913820
872882682
390299866
287220325
483966961
76884838
110807816
121945652
325868992
210011258
744543305
171658481
740554396
135204112
196619421
11033721
314860742
657971578
423839201
789260405
2585389
588870384
438128001
969867604
809305062
506014889
358638672
14055666
622086947
444176821
800695258
672293226
244450317
842662568
337223475
223973125
695332437
696842462
335764537
493152914
925069853
429907564
890376127
178304325
574175237
24663191
659332665
465853771
25385872
414457074
686321997
190006071
282681315
675900681
42900882
685882947
506438455
789183503
670463347
96864708
203121506
892851221
974284888
558806284
41104375
11172047
372767296
238785651
755293531
663215682
882716591
677043608
109346171
627176476
979371317
205606939
752312054
261170235
189448977
667570806
475595813
947690319
423599482
130235822
314060303
692375075
897137415
369409559
767773805
194627027
923784733
725843375
382205139
937409316
68726387
285783125
250016989
762412896
785216149
609633994
714954220
634969903
587789001
55815273
496219203
83813639
882529053
359921353
76377558
655909064
574327199
974980260
612319893
775316492
894975195
151080245
88857790
912444225
53821729
862613587
16301403
638682036
583361597
346885838
653165980
889084333
39330449
264128875
518026657
881179159
718171143
562794042
897546855
8533835
575109320
865481429
243167840
585888274
530790688
116766613
70219107
209516779
771640249
386666752
841990366
480843755
346974483
375352226
986234233
465729289
947070395
60492727
756843980
907718702
237661045
673318169
257647012
186957847
551341936
224071608
959405906
962160826
576249813
679434337
923430621
919420281
703974215
348658221
667570285
378627866
329159125
463846516
689528459
194363678
672951807
192253544
434191404
514486537
889612581
114086730
806134308
702879557
913016588
381344154
923632020
311258348
740822595
397065870
169268480
21272988
729220024
62384163
640563460
738380642
524968151
966880246
955810464
504377455
387941493
174123699
281446613
326130832
756804769
485169869
331268580
695532675
162495742
978417621
370858480
816128521
201345940
80960527
953773731
309781036
26141842
909167987
760154885
727006405
746136696
718443838
304045244
47738769
426114793
438581374
5964901
498657972
713518807
212759920
702527929
108918583
583356294
436805006
185785870
337679127
914312083
261417635
282571335
56466342
619625317
587071612
388535241
789904184
977944770
14421360
232387359
241787670
723104110
71292949
915165610
77811534
563111393
823889008
569198116
440107014
846754459
870502629
542042848
402142959
191293698
857211807
956211462
249716931
943565724
348529439
314039040
471295639
103030236
365928397
413002918
617493831
359351334
133715583
338669421
737584839
516704396
476541639
596981351
663133349
354826103
298568732
611306289
867545760
797379305
742631183
958706560
247184808
139226619
410159576
257253199
887741504
442655369
524329518
482032903
949393570
640432463
135036657
552578499
941494403
37837426
438043987
911479568
367487743
406009817
57343793
970202831
311555137
389171600
809283354
684956672
428741600
443314232
323127955
822594025
680739056
63722646
417183897
197444439
452730666
396321039
261965766
61578004
675405497
613840939
189448977
193554591
680087293
556046984
283082462
64001112
135579840
795689674
75668570
873782994
184977368
707864762
536487933
139984624
794907291
159874434
104575297
593289164
935352314
706609197
559002803
467600623
815112761
597412482
719621211
755368619
189866080
370191050
711559539
901932715
640586653
435707412
43205114
226732154
900455736
721854105
347349064
888463077
803175779
65737743
130385195
525812120
345082253
443061282
721999623
221876719
834321315
700250017
771037062
622977295
788390416
45490031
36526505
49959635
269670194
636564735
626438474
604546622
259232986
83472270
981206768
776812315
287645365
374773909
15364111
330167411
11407360
594948638
748401826
191214946
366604120
772425278
419528408
935196427
830439195
92450714
597391195
150262045
490124866
551786397
670127142
36663707
731494735
436910937
37410313
245770364
739140926
517441822
780094097
67625883
948568187
909786996
597754053
959316804
752309822
933216456
768607577
798277110
891928899
749033106
619750605
764397072
574887950
402501888
885951334
268201030
99947868
493498255
653563392
676944917
470924156
300185659
113900589
208634292
521686861
182223434
292967393
25746716
970017527
504709288
803801870
759744493
149791656
411597107
267912147
531190090
616673511
870344722
397851947
112720899
60868929
656890159
738357646
232724832
131433629
727877115
74187133
735349998
364503205
773250890
439564088
64260446
711587905
25878935
376614119
933888889
550769639
881997182
981925270
900742195
409292145
839642828
899710831
605308713
348021233
406452644
456817614
2181870
370770494
29187487
624681876
815425242
488986745
838849249
199117493
760265938
200871898
76620993
547970908
113970422
488116101
950741443
256311511
114005973
38719547
667557707
139116732
33659976
246636118
202252099
303858249
341425755
915021290
694814179
379829463
289881498
634588264
153621339
366650535
334649973
66938641
224195121
53386998
657939740
75665514
105293155
624015374
481349093
652289958
426288659
205394346
38097327
132484952
67686179
792421876
769902946
128102443
778034724
555536808
535209956
268697623
310911052
10994600
948164592
376243686
851150092
676035688
287081845
28596596
402460108
581518426
473073173
480924646
623734693
398781739
504837377
429744923
280718514
724533757
614877519
851325712
472502459
102759143
774148416
821436434
273183718
225280709
403603161
919327022
924581647
806529758
507599744
12430090
869870718
6145153
697100829
564644611
358394557
931515513
957087569
598696500
113946031
671009665
820187771
879080775
16130686
953601233
679024077
883145072
961130508
347768342
948074010
959260264
968955058
517033219
455442001
471861764
259551508
711401581
927754387
581701816
958437517
629647037
577190587
576249813
593493343
767581112
895231712
284555554
765137094
576327891
341302652
683940998
770194030
598310134
579360106
932759239
144552209
315953726
986203873
380526730
609712667
391673288
232783346
717257111
352168593
450319898
104300929
948264424
826433868
459369792
896308625
621782319
49265022
468565191
402514330
245063262
689365583
436542748
726202378
300742626
865941006
917939266
113900589
51948291
706892537
445430252
141835397
865165164
366243117
574109324
733673849
669959932
873775112
490769520
211634235
59037571
376262237
26593163
254701850
781208980
751384933
569570014
737292008
451829489
685378675
484204338
776901070
163981542
647504871
91529362
384614286
170995249
394770207
563730047
172161630
713842949
846085174
363860925
261354004
199856164
529316780
773221005
466297850
300971538
735601744
304587839
249148178
786521590
444684629
362622858
259232986
490405682
690757049
262506317
938914133
292950391
950748560
739153380
811511124
937585658
691313786
673688943
327807209
860905371
73007490
207166163
800634174
271678787
259377672
593160191
750160795
741400558
654552621
118325041
919012806
418999699
196484340
18126282
319450265
770923647
340258746
367064294
550254690
560672252
614035780
881471251
961456075
731021813
20305915
45712613
127754634
275621711
397231582
412265361
666083072
402029867
87299613
658064357
208666281
67489853
447758458
386767507
896486401
654496879
262422901
492717033
604034430
87894987
62040404
817412637
388363586
182791488
180938243
431620914
425770263
313912287
177104357
448804307
767287753
203396528
158401702
242915169
985737331
88940006
632782339
597254967
230578931
232532270
344920894
903657235
414972021
717271084
583667589
170508822
301109759
190434441
965252118
608761141
66869718
59587949
245851277
217192596
977534535
546614136
5246825
880069342
697800139
64681258
632391795
136484281
866302895
912696527
854341122
526002881
27623176
785366454
922436541
228076800
84853142
71871010
296859511
226710120
575408291
816240677
272590774
458096313
586790718
413889836
259778023
472775966
309761664
404273786
181661651
491197406
81080668
229250146
207081616
313178389
786579142
388239690
737144813
632573540
974221113
16831645
900905651
144600199
481733327
878003526
679303025
400008896
797186048
287644091
407807264
41266519
129490910
193029340
861629429
353771966
250011241
378338906
341213950
49200002
384950832
664370135
646856320
541721906
235116115
463116488
256806451
425642536
6869596
516838317
849970331
788581578
308184529
888258685
721834728
622396280
526291107
73196904
677824887
182180602
388642000
396708063
44213910
468852843
430219747
695301951
45087525
81532591
973440997
154905025
918218427
351379888
541965490
592691302
671483478
107390010
337328709
961870333
73007490
85933573
494910624
202262053
67640952
391262683
152151132
833562652
286100699
674826790
478130750
632394867
918898637
484943634
604410811
584474921
59170394
49749250
529495231
649576505
142687876
909441038
933387771
547990539
505345838
968814115
323948430
524788542
48797730
28515399
557973042
13827585
735242984
42295352
612634017
419321242
617252501
27846734
534057317
566859392
135072222
344559417
499556765
223863472
631932808
505552159
265690615
146568569
567109763
524247362
451058330
580304307
918890867
782900673
220111017
688034860
536688812
460888640
539077855
613425677
613067198
962338366
812898057
22494258
225586837
469512179
553139198
186035308
258021478
34928748
946954308
697309279
140667554
788200901
671273379
624724806
24922389
412553556
199911988
626948157
500375243
524173259
721125946
614765911
380392312
597297842
208552573
471904313
755197271
654506426
538616188
539484454
222624979
389368995
971647340
127093334
58700789
922342066
237101756
900617841
241974945
729525713
557578001
778279496
101927522
629203715
123756373
765103637
676656520
827902965
829420110
114218018
686447287
270583429
697305834
41941957
406701109
482146692
728073015
727172222
111456562
691871863
270745639
734521305
398752193
306772888
559117936
275536593
580589133
135520077
709794640
530188551
324492730
525635219
958443988
188087959
542774249
481609865
425571731
27884480
950726741
456545723
611905131
972105633
935688581
396211004
414124534
414405945
421237766
3201637
447425942
268865103
288900264
91011041
476142370
479889052
247245731
253841773
101763236
863946662
106754791
175459693
707529849
480175497
392367263
483904209
593352478
42887309
547351221
765144331
221148078
84312258
32289663
410909648
431312992
286035893
929876134
27091104
291402481
784142561
117828804
510723607
320997980
65904395
800642116
960584761
968013341
726323177
612319893
324688553
432398164
204076896
633819527
693664011
103001931
839040263
810441405
212987909
511608188
575303911
415559330
244067121
503607708
850445942
381719856
221137197
613001316
458018671
898267857
177021800
781215923
264101170
464001686
668925508
170729805
903347584
832873215
519354905
522772719
882686322
927192389
332497597
638700799
850229868
505658224
661374171
444856639
488836791
693309203
255445081
401832364
454896015
340524850
209332058
62201405
824097434
835145266
391269308
750576795
357626070
647761645
681251377
408117745
29217905
316270196
314653566
118676228
822031737
693070468
560016268
862029514
206922867
112971154
103611382
750216406
695810562
896578859
666389606
683827450
807264385
520077171
373730001
758909924
737398491
63522504
194875532
827936184
658513690
729037169
296971387
884246445
156906201
574926256
947236174
116280871
290784320
920804909
666866879
391709265
659702767
291094185
271158153
902598994
839623029
415650764
553090324
825434385
718946113
958702239
38097327
5232599
744593368
157883411
158484355
67670589
213677386
623946070
225449952
155279937
6361892
909757898
919663733
478498274
724266851
128028901
545991818
298796156
147925105
828931404
369486254
853021523
295829508
783577838
836931489
799870053
365738250
619987957
67178182
511541738
879768432
946404896
340838754
29097431
630009967
357585084
606158605
180286056
162304169
414871302
490612661
74937298
169943167
886324447
63432155
695005407
35290235
701536709
872208152
585394663
308569475
617045183
65894768
954033555
721289820
342451109
377475040
185776452
129454613
935372534
695724436
676452699
94067926
754386460
936564399
675335569
35148093
866255500
85451664
564695234
185201280
292826459
935803454
470406259
849869457
212901335
128486206
410651669
314463255
595314570
790519186
70507400
86057696
780534416
469764927
304458246
475000320
869780661
640356826
203499250
211004814
152151132
69294471
883520940
698875861
33538659
405274106
60001481
234084902
736686990
207764331
376770754
182547669
58850878
269190263
831910323
296635732
701038102
829569063
264101170
914173659
501188071
198251530
642736646
345723739
98250953
699316119
464999744
861595906
893004342
114736643
109241964
483747746
913908715
138208910
475500592
190111656
386739213
163868055
713184461
233905464
886891990
831553919
393291999
316776430
154401544
275271554
829538674
326843130
409332599
37385027
393680224
959861984
931821245
596973273
555531055
710706127
43888713
168528336
181710304
300259630
697345353
741584145
737213767
416166661
954925437
212085232
12073342
455503980
444247151
374375747
102589714
468770111
628424719
801832672
746433489
526019689
567219304
886545675
575626513
382102281
737604484
140499723
873496028
934234449
95490656
87341392
414275069
831769602
787655863
904969094
948036875
650181897
554471906
700993313
372106595
863733893
278265
977488825
533711678
344391284
316790909
158298053
26087752
827195073
181045044
598683060
177475450
196612979
381994112
397648301
823822534
118434384
754803828
831300386
791082957
434109458
135143944
640314955
152283500
193811601
460382022
546500986
897446656
126229950
939979910
601485655
668018450
881451580
631707215
580658241
876570211
40569546
411406294
143090630
303634378
708806719
155685033
310653448
884541232
251180453
452023764
329631621
559601524
98259348
206856564
611483226
597511649
280217450
969790550
838959872
602700710
323441845
32517819
428455203
299621777
324418873
377285419
816294237
128174294
274172420
109422384
645834614
548870511
933077423
518848769
978242578
578488731
564062027
159476180
659972872
755503088
846142154
952360067
627507095
615647431
730183532
413365788
52752806
640356826
485483166
610400687
444385213
606787578
727126399
943924582
806268022
269242459
924938920
308534386
804754661
635849103
573205834
272892469
945643696
25293537
71254890
298729552
168073019
467460259
734395410
704252604
72134742
197604923
534998940
84616370
770950657
634054816
735480965
654574223
115596900
7406374
589914743
922690722
670498059
395400247
765860274
457687672
571601857
737283862
145097457
125849304
255020320
32183779
919554270
374048320
641952869
230137332
230972571
708327662
705291486
155403173
724439909
747271097
221108371
946860643
585781635
4536456
589355947
44023738
704389002
842251014
59923445
488735795
284576731
432437450
240617768
292995225
479097366
40205416
945190741
185520953
853589844
283482866
454024327
690084507
778892885
900633364
624065911
742633731
289113855
246114081
827127515
96402062
400279797
144338151
300165728
513048741
455071821
47849166
252962693
396346586
709265903
861074776
451232472
303979412
791815951
543473622
689262831
793917258
51620576
836259930
921845685
512042337
762255928
173153891
428105313
552091290
726006501
131443918
230598061
832621110
801436630
435282454
425134679
166698824
182033298
694398764
985391873
454287105
543430333
950557090
911168167
50361193
410840917
949586721
941504842
429262763
775862423
841818441
166767748
823623118
348955650
557178926
302568541
186973082
195066942
751085258
46113569
226872666
876020150
435986189
972439020
95081471
298495814
426964562
191099945
221696045
799254265
968897896
474304431
84714792
112496915
765684084
618458159
42871466
44934837
485996059
49412172
353551053
549006982
175081665
22031129
709850471
497849431
549080829
956218410
230390650
825148979
183568331
11579415
248696681
833491012
41876185
877533313
775638553
283778662
403125512
549787218
713094238
6541662
879996365
789723929
979371317
277069735
238243920
982975113
212378985
935803454
178484248
940145349
358159849
364898426
961068306
932502565
961825711
88216581
152526012
288138559
360978434
358844021
687278647
35739834
736272763
406750966
245788887
742814043
740515249
691559397
667096608
688554118
204288475
116040436
954827460
426828886
165235266
263607592
590317534
229314261
366353219
668431438
813515151
317643192
453113819
171097768
900654802
93377050
321559657
691727666
301936768
695294145
680560260
534075320
529581925
197412170
385245387
150462478
648550833
866767357
387832905
601696012
125524469
640931876
783380762
318236698
677731727
339282535
717932626
681846906
240814849
492544526
293262471
115025265
371784994
436417262
921237181
259619783
167071401
846648511
225256827
460835717
854534223
225446890
222377172
41413972
970989593
484135748
408266566
270206292
268865103
12570827
886491284
608572174
840217844
924157251
793555931
83371830
302418705
96840889
342363386
498960904
971798022
333553220
368581408
707660127
761681008
287530792
321761691
110192009
460835717
436486031
952631673
586843137
390207914
910523451
325327696
124544830
291944278
56200388
561271320
64232180
912852529
201775824
185204152
976199213
971644584
310242653
835885143
103285164
348529439
228972045
241696840
640514775
91510545
336245382
324848699
81558954
221264345
944163165
432674064
783287627
265999064
985467472
679598642
163487641
100893312
673699112
583124076
747356175
906335352
869928260
881518807
763545782
857503220
747640244
260776764
39599748
41457556
197631701
393266836
533938523
141101426
826100302
200777305
29612909
683955309
972957780
718109910
732268330
380291848
355911699
829342553
55803917
762024852
500293860
952815277
739418748
941462469
288679
392875500
30679390
414962695
889552304
297843218
352050255
580589133
692858765
740269947
259627134
324387362
182572868
707803202
234241361
263310395
178375410
834736344
61311459
935688581
4240591
970136868
210113870
808074695
699663151
258622787
502532816
437056840
678762669
458223092
313891205
279063109
318470867
20298135
306928601
243513977
149905015
952215939
11481850
400627846
201757347
197617525
310511282
857287621
922372557
436427817
879641326
48774873
338204437
543307884
818760059
26216321
648759630
338126858
400213132
820952335
426406816
151366169
214430253
306842646
339181263
257734209
729482754
876297924
975910191
567662658
915356652
138654574
486727595
415464867
661018300
282176229
816887700
638954267
388460842
75813054
637243557
585832610
568170514
891440758
264034840
100340019
559363775
639094752
455532982
127844106
716254116
147781453
553648266
861707975
230423577
855185584
53034802
380024275
392101805
190271715
458269205
114443831
883834650
444594577
871201258
914313691
282940352
537914421
961299716
141521386
474232261
58987105
891006763
970397835
841280104
838819888
154007140
939931858
537467050
63365937
538112444
102308333
751467455
123911590
635762112
546624601
49693702
189672916
568923560
873139513
434041903
514408508
434530781
575885410
570036579
492209800
234609648
972896435
749071461
963875789
369999323
549953039
550944917
131841866
121373348
476842611
671891599
271114173
883965505
282571335
91163317
649901817
684099325
76017260
985674019
860658383
259464161
667807677
471414514
206473846
679202121
314656251
394991551
36851872
622934197
193864794
835225873
806493820
99268231
361826603
910103115
92738469
160232456
130268288
903126942
336458237
479012498
277505056
752607766
422443218
319317229
411875490
59524077
328796366
207093480
873928092
764834817
156507435
395967058
620134493
481890858
310658030
934157675
590025179
270955745
563555935
743788087
735503833
617300359
643860220
910131563
260398464
318764570
593540022
807233088
599450856
271389257
769418611
272410659
252525121
13248739
278945965
817664411
479301491
533616927
432813795
109255635
788282919
822089875
226536173
584639811
311744811
23458327
487778055
931922402
389902663
478050973
756728888
857424828
818919985
166685751
707426830
32892127
943817474
956076385
717459583
578672303
6481535
168980023
785528024
53747270
648841895
723402510
485275011
372775009
869670215
976506578
497599114
59096325
771134348
951953525
210202680
143277108
791261787
616500132
501952448
610817342
460461529
378530742
742303262
818034888
608869892
401037007
639192521
504332119
985301276
355219741
957022124
557917022
503565989
826653566
951346672
955022359
696795802
262192049
140436332
842924078
383758387
590125232
611382185
662071343
307141363
960130881
12363732
964268106
222643854
159634147
747921367
520965636
747217624
583610805
244891646
642474511
370233282
150588586
47267023
177995212
622630631
158983645
848037486
713436523
510225201
914653012
821505294
873334346
108601426
787045156
820225507
769815584
749997845
183626074
306117571
574952771
244700605
512819365
303540372
454511597
951768691
174167755
644309196
656356933
63147970
379146375
468494438
441458457
786004849
171992955
494194444
774452732
220343627
734493969
679130704
961160410
279700078
850107630
610188654
519345983
262511855
272032876
145701891
687806639
601518497
268276896
402229806
350130094
925849238
75813054
711369997
591346022
884691071
918466108
701963015
378900343
561587721
951798898
144975133
78977619
397942905
293779609
485834403
449345151
673857329
112772535
523410322
500302280
85905233
326225093
419143290
252429314
975166597
672159512
840821929
764792862
440246217
920580814
727061836
941853458
549372553
6619930
530044845
592445039
296675668
547351221
783172980
954469743
140261117
845201794
147210021
935057025
515569293
149057995
190701716
715985990
107568342
867503030
143288532
751469056
692900486
875051474
28308533
580575436
188888938
369823329
763051283
128540786
330755428
181071587
57821204
947516983
841856180
187213307
724802379
253860734
663012410
719138782
339267903
368176241
42400192
241341101
729593027
580752627
203553398
947552062
54642386
13094066
34456325
916667490
162777054
311091813
888661111
524377598
508840759
968366928
519284443
339261309
630534611
191558632
868951097
822686303
41942177
519355984
78356922
712752462
731793736
963941961
887283479
371284360
907327754
318686932
646968291
257027432
329898058
274794348
941858777
161901351
65427551
213818209
527812845
535639560
339267903
305380628
507376513
291013200
770483989
351251619
547713523
24722378
441981333
878329164
738359501
420614756
171247514
233668517
236639570
895490762
547577270
434821051
211837297
900265793
757326211
155890497
7219627
184898865
844231992
117719946
594514012
194500086
518321621
512348393
630986797
223927501
816982561
910744310
872474231
763090806
451164878
18228622
336766118
300618260
862386543
615352872
66113869
808713866
818421882
826147867
50934221
886512155
30690445
477364212
426163168
351153378
432516628
898916847
477295571
705432936
1914648
470878744
486978748
862169392
966284316
28398171
262795837
891212979
388311008
443545906
745713511
705508955
135112323
758146240
574974576
279647634
928746667
830695671
154281675
644533317
385512399
358694693
624008094
459758332
348192351
931449596
210173392
910131208
239073021
126515127
40707091
1927971
575329264
490777194
177689216
769083066
548966962
137998012
74369649
22494258
781635984
147367485
416944111
190923318
318066895
836577436
541655318
90811858
716868044
223790741
648016383
675712629
930040807
827562005
220197379
895311597
169307333
765446228
70596402
797970953
449296035
483084621
934431037
549080829
757827142
925051262
681660451
302422344
301088908
114203292
692249894
840795674
251808415
340031740
297862182
630318502
791774406
393181421
714582359
784160916
936831663
697914207
274373842
675506913
127775673
768298546
342858228
616909461
304591151
379779720
706258103
859865717
574324987
873673248
363779223
783886886
379959392
507299609
187740830
616499063
137598754
295318576
73482160
483934387
238200906
429732225
696933469
291094185
245093006
180933819
79692706
371237287
674963493
64937275
353280433
875266453
84521999
607078732
75476244
397660080
542786664
586080948
963509703
384951449
886688038
870036271
148606013
875894178
716027722
286322799
44744782
902305537
358717063
67175955
459884158
20566374
120663114
143055019
466652744
869594641
201250550
709730686
555394761
348852562
182787426
513361633
241572190
354748290
581099313
152090072
728297474
272307553
426401858
486727595
165846602
926398074
20222937
185916316
937598099
456256634
877337147
587651700
550569809
282442821
591462990
536408542
730682907
62738908
220880483
202126539
107228034
349414483
881333987
138193075
608507401
767330419
745484613
11123795
39145986
259058086
697550809
355612008
122294146
293920647
320679390
454932549
423910348
377219147
851695291
682821345
623698549
393147218
740357130
960750875
314312366
105275439
329934972
554367131
173313611
399232360
707584377
593575562
282462099
508867148
622648262
649901817
304715517
947756901
146546216
908509428
496549819
352471122
635930737
748347398
961045102
2490600
132579821
391412176
587651700
366336221
835946631
154457055
615807886
806177086
907723804
424446861
730134688
313965999
780263715
371369794
388070022
555936960
872640865
363198991
812160835
464272383
915749880
330560392
891095010
964754693
143326366
110110415
194395457
46028971
842109506
654520385
721354626
148363583
130894918
236926895
690165375
29647182
564947232
371375334
943460461
421359901
871668059
8085070
701897041
509422382
603571058
72665836
685709645
100352668
210011258
966340280
550944917
134349563
696334583
690757049
285924203
370694480
70219450
335061775
715285822
634185896
832936497
644162094
279262260
411365993
613773055
289673660
357423136
300373063
940830152
495818912
676508029
338777204
32286961
537363247
29416055
938881978
844720996
456126728
695225769
505403378
127743622
133282120
356552443
378931002
622458066
523904102
565266931
365172216
277705073
310807217
170811716
680674236
733381467
368704659
35496308
664556724
815300824
957002108
905023457
610118184
904991632
1997718
932112412
37891602
58527506
89370080
927176111
380717619
774963887
241787670
766485522
518848769
555732277
972471016
387709463
866718552
448754149
198928160
81985642
630898071
669419482
901456122
524889270
770194030
684894723
549508593
537208319
783739128
820816634
257222538
520245266
722453794
755198958
729482754
739450314
577548410
293836192
31114979
229099892
672002669
503971801
809679065
587713842
614637824
633253951
859534872
515900736
175383607
541381802
399215416
268501439
498815286
55504295
913354960
439443017
89060214
165724455
820989609
124015636
429036610
623405174
674237072
32237742
864302321
59191856
556620653
614735062
909348748
154007140
745702683
834517711
107897121
227874133
588433173
605364000
865384772
961604487
967368515
806696614
240910523
515806129
203766008
310202642
120647848
530136734
944265832
752252592
611052828
13279135
386004121
70685302
322687635
75318554
814811805
854960486
248632637
162304169
12222379
96680967
720497668
570070481
984758897
61174344
738689952
773441776
148094209
631339517
961174374
901840947
535725725
354102517
586826813
382207542
614795413
253264075
871075969
885968134
119269752
460220467
311229594
952047709
158290327
92591147
534125331
961825711
553968996
372645371
804375029
670256533
923986625
148087760
119270976
952512810
903797882
290062314
89995367
375971110
181533714
557086480
971521710
260554560
698944845
654861551
50986063
452707526
213469817
935641737
719136498
495366368
852264554
162351923
896631804
552675916
359578251
836397170
450497117
638332585
237212105
235878710
687328420
482677522
648272781
108759321
660272306
550296534
579020629
537467050
423612490
700250459
717999731
166153981
396786217
498003882
568700658
863233195
530372584
191645013
332111525
915703450
204979327
133460274
691146870
241181455
90056571
859997800
100408198
716357377
700958654
143608876
323120821
364931941
956928442
707071025
476724196
370143514
613933505
535416863
293781239
149259726
592641008
921243046
139143757
834706078
35807010
65894768
691649477
186020931
882047477
951643355
153996502
499549512
433942547
854720565
903692059
515321543
170035016
407852679
307540092
441277054
731799698
26967424
226212456
430895572
890992382
711999913
149206155
43406658
950807566
737398491
836451430
842347561
192277192
786358318
571409367
468280811
344292600
391258666
242238981
273852414
900234873
602107220
473073173
210901293
23032630
38612895
656971522
685406131
807076903
788251931
398893312
84220034
875699830
443186863
332987727
184002869
64288551
877359186
483701339
80960871
49335082
504963636
534580088
638274579
175625793
141020819
260137952
605542561
731525674
157000990
494405076
313773419
408288406
78368380
571474064
934439556
473078804
449302778
334537789
161268329
71249432
258172814
305455758
908835780
417179186
848887229
25535010
657525545
636279745
366915821
950980221
355603001
238362403
981000741
339015786
366298823
846472184
195040206
862257316
927326853
660463703
313995219
867833299
341649151
580894819
944474408
322020883
897914562
886431016
202649111
157634549
538616188
675934679
656355083
339050522
85597201
728415687
94510440
357718069
368916190
646294886
887073992
58850878
855897208
509238519
711401581
591028260
507838348
875208913
871546143
608927541
725890417
436909537
75182339
913106455
721618384
68266819
131106251
778972269
136321286
223072714
2686699
484365262
177017155
34778493
755639239
539054797
69045374
535667613
586595903
456817614
327750849
783998475
930712067
906641383
386685141
642128348
857683598
538902754
630256236
784375816
707694457
794729722
590903410
28064242
103421729
58469456
644717088
632896875
234973219
198555521
910311200
352561277
768203635
784736375
764712022
204684818
22344459
245840281
81475243
169743903
497531945
51906641
107100867
231457406
186560037
279567380
564323784
68086361
277845395
952269996
770301078
616585165
281510261
69119286
248675520
635106371
489838219
891992689
821080770
374903666
799465157
738359501
634682555
916591086
189518176
634860847
96322018
1363610
389157078
201809789
324148033
641380529
209255936
391684819
359662993
894411799
836022324
393647682
589420177
652938687
224870833
453739122
90860
277590352
741370379
189542498
48519715
13908000
789111989
36637760
931696824
634882990
693789683
842515533
68957739
668624639
79140513
787724052
452961800
882393036
272891697
229100602
131214691
379420043
440565621
345274677
525403975
417573473
159374931
302191439
415759385
232520331
368052385
180933819
420636794
125497292
859357986
304654643
35620693
465602796
554961954
861707975
344883984
320688771
955447813
107348052
206595837
858442036
721377369
846607019
229358339
829641812
452682592
428475532
451787246
510777846
782628296
862225657
548905710
660455196
256311511
390490699
107068881
939950300
278412882
783889365
574490116
506753933
754792069
449834221
893159007
783055211
408188369
501072096
958837362
454848365
854341122
710074055
217310820
328222980
788999946
356174330
894044185
304744848
444118391
476801887
782215498
674311387
949713279
91580908
216243105
389153204
613776046
968107042
964566202
436181094
329527948
194350420
336246586
949602223
201944421
548961384
145480913
607225643
428324555
662362961
849573233
329488405
349313263
581067488
474831566
934216254
543101342
454699181
81592332
451908127
11889055
287697297
370561266
573475386
185757316
200611980
103999502
107961331
692394911
724047718
611168295
233444843
396620651
531369440
167913790
778639479
797330524
518833816
982414739
801864456
663288725
75633375
287765675
967723109
623532658
689727511
762086093
264035643
879818439
224074950
733850814
869609389
63996388
535027009
279208267
572169718
438581374
541263666
397282785
682963300
413424302
550824511
772783112
766774280
568037886
507687032
398386322
872552820
828801595
437307322
935688581
612810133
683486836
143608876
126301416
795214499
674915392
816787162
259824305
434188170
418893663
755519896
324011066
805294252
632616353
588589238
481916695
806575649
822694304
487463368
357050280
196815277
903126942
817745830
830948402
169890158
50451306
788228198
679051437
4440940
951941656
147538381
782469951
698059936
895675333
95956390
645022069
903443488
767124202
408875079
510227249
59918402
503549993
100129820
222011422
462659123
692493720
374134351
515648817
25494063
727183769
147716114
591650685
952032411
787855724
23180446
522663463
771598798
646031217
833308464
310708982
151416221
834607282
909441038
400800569
157157671
454874252
215862287
612186268
193318148
473120018
32043398
482962108
297946833
602817358
278556944
757690348
659103
341062441
494840186
737755339
25536295
556031405
632127477
593441207
544531885
956905446
965908343
816429596
167152630
920232057
123500966
247256807
416764858
978540358
396098085
283988666
801975153
38391305
950480256
188217429
107625294
308184529
202187471
947724698
87821438
945999816
571366305
928701377
303922112
97799973
936274537
173294061
831609901
965916930
453467191
591532673
703994521
569093975
669143511
895641274
564250834
390496123
331550438
729537924
226184416
185446705
864678468
704256142
825490024
673406941
792889230
614562493
86271209
946794911
6462324
674905042
289526448
433195514
12833108
979698193
898265777
172617220
642644708
718691650
277454940
648947386
114554307
760596727
477893651
629450156
465950556
65666961
772549288
969654267
450346340
903889696
329477213
790896036
776619245
46485994
755503088
421438464
461156182
534622608
809035002
185445366
553230010
761819464
835369463
797706004
689452094
433891
542774249
911194963
729947238
973304526
324776229
63974504
853193605
531155643
853307283
16236196
6097349
353551053
771571215
252727125
567045080
180567351
75038757
499866206
28308533
82081687
700382769
824965246
685645121
591359455
100447747
906842660
473744738
451813775
688340311
334912391
472089470
928910559
278934444
605746314
348381897
579493130
2650821
295887050
474874755
51013490
784420579
162189555
187044167
358519101
740579250
724802557
278008246
196549374
765822199
810141293
273148397
905430920
730958096
652985906
702566541
258320607
552192733
216494862
853795262
880802518
609955546
622657922
922961790
24057818
709730686
856984375
464282440
45254636
593761752
214480784
766449259
410993409
846098729
778362439
389480144
23983662
348381897
261607861
28464025
679252130
977941927
387324521
636609900
347186251
750256586
703002683
349482409
665498814
598773570
703239462
230755192
932142474
304907299
823912113
132295896
747599085
509858382
18245219
706113329
315496983
42462226
786131835
920585560
386758922
776810733
746505549
891979465
515964678
922850521
972653186
44114838
929638317
98811593
228511664
605789047
687166653
96508459
865825177
23140497
944794820
322891542
515054414
197718691
5980016
687590499
578635612
452730666
483899560
487820824
904172906
470580583
9422696
665706163
455837125
63853283
639608883
790978793
863615331
904824088
794419021
109976933
313826471
732894278
327402817
512868269
459713815
879812881
522681806
158035532
862006174
775290220
966725999
976045881
676824524
29735179
384690741
431281505
585102649
530019325
846587430
957783691
101822171
967250140
572598870
432621916
192660678
559807148
930846273
801973467
583120006
777896541
885491267
148243943
507304426
525605293
211589211
912900583
222525651
237864585
705775237
513664628
432337552
709502809
369409559
808142381
73488378
852287785
631320920
943773108
299750422
138317144
663465808
392367263
571600824
940066848
535095393
808901374
251197750
189880502
234512272
90441770
263912746
229137742
286046270
533857257
930840407
472433777
695466259
544806661
7695187
717095673
231751403
536309214
787592986
83104577
267636339
116681733
899652088
482072332
596399569
771141925
350367632
311555137
7756755
531997568
222381140
333827054
687156252
955141541
800148710
58260743
485245374
14325339
52166591
155819592
420057265
683522150
551572462
578636515
120183961
968129963
64528299
912945534
745626488
849503251
460565475
30742550
708075476
905026445
240613746
415618361
416974885
601015325
929779702
574273053
59533477
80869664
192716455
90939289
250295874
489334350
722266265
258533832
558404714
500554270
386776609
815672687
158369821
507133254
225144387
876400251
627556401
168983252
446215144
752028514
421652827
166678503
226096082
946749161
784843033
694638941
775092806
937301229
57101525
584441901
480533131
718443838
370233282
90217743
236862385
965749562
53191272
40852331
52910426
362947736
54699098
291190955
337432609
827120035
537677652
841695910
712439878
8305749
886386543
790388373
172504482
19982183
795975756
835447199
315192629
574127799
835145266
391819032
189007222
713734167
764431400
985667641
248473706
290021995
193325897
188821413
671558391
456763186
414750969
245563421
139297547
328222980
284342842
505552159
684670892
455961194
443638828
201818637
401243657
562733454
32780859
303520693
714278642
670256533
654861551
165783854
453685050
922554292
906241162
550251393
130594761
66954748
670979327
755081466
959575246
848681345
696043366
77856788
520791998
856916683
816271371
842015593
79602242
386758922
796240220
48706750
177527142
769797029
575831268
590347975
631743847
4240721
113459835
954517867
369768873
132664480
555023695
104374332
428658462
551541777
804120242
813933928
292774266
956576677
859373268
274441322
29025633
454306728
78477172
326157034
291358548
924486722
555023695
708539593
841770730
514934869
24592162
20520903
362429424
502048846
148618210
408808428
502136814
448269666
35863112
727886834
506233640
805277537
854426840
950804972
984197392
385710882
234642546
508796332
43880143
772707280
727871261
51034918
740182998
946389189
978616177
683821560
500921381
117413821
708014524
600784713
206276443
832313506
185633039
978718891
254790256
350203431
222662445
33933369
681317170
550610916
800571679
46113569
746794224
702424501
456794424
575109320
947604776
569750674
371189666
623476700
278598187
128136223
152215124
745547290
880420311
247280036
163609193
22325532
617011610
385783114
298360996
55617957
820257692
431327170
119491319
634926155
405802066
692536264
291567747
361506832
373837887
237735445
469015134
799293329
826442053
514293013
893056509
607504804
836029536
162040304
188424882
106118237
146160845
69335471
6507152
4719450
289604571
293262471
319755117
781105686
843828451
502328938
881921693
812941713
523416032
280435594
823209791
597895195
563330023
329957160
774641045
390126868
485202323
773392699
644124020
335043835
852636440
488104101
160420463
842507776
558045334
26763540
118086584
641895444
925809261
846169818
480280135
986418966
975766878
662546890
243874453
480250520
686757576
676508029
281120468
120959876
939119631
108257920
664698281
526435481
857000486
419004551
677965350
171112908
957142068
982822246
216881366
767143121
728154478
886386543
353015024
913147570
160802387
336945593
624419431
964011905
593618480
231996682
146731612
264710929
378995316
805235772
560586688
966627326
765349777
477690722
641192655
883537520
483754748
212085800
963338161
222029882
865163886
771543924
93519107
14168127
158950759
617760204
659849950
861839912
31595921
311333783
797379305
728608049
697654773
191394638
85440507
481226736
56193954
909459678
36494694
474874755
931886410
181788513
923213045
944592531
74429744
660756588
575338496
914975299
105100345
653481619
481093117
589568032
658117294
423602649
871201259
264105964
431801714
619111875
957604326
406564129
412250002
303791237
108586710
517264967
694139002
160754240
801975153
668037943
443450418
264950897
696365535
378238917
714643067
116710224
318899922
681629162
410016160
369077871
546614136
675647186
326527084
167037692
830479961
48026355
940686472
325342447
47619288
122651897
177197190
694416889
582759931
829715855
890953788
626738134
200075153
299769748
984510016
368399562
936717467
954668026
171454388
490188501
3450111
74498279
144314797
434254479
406947323
799389669
688554118
802648356
681317170
980704418
3732432
913323978
515215918
517514273
783066942
794418678
397318413
820264044
509016586
566996075
330618100
16484544
22860457
664857243
451372922
868495073
193948450
92528889
786558952
463048550
18126768
232597936
510765886
560753721
571474064
436427817
751794294
429436711
593042507
21903550
889606259
484470205
390220656
8307053
700361285
881748515
737545752
537677652
243889090
984019274
254407822
965665146
434351631
696776044
707388841
973632467
834835329
785593308
687847650
430250969
98717639
343793574
696463536
62384064
696450818
198133923
152079691
379225774
898620949
558953342
811086084
973944799
791434626
441278126
418575327
526073473
748411338
17526460
526543257
811046294
828801115
652524218
248844689
586524965
221183553
844562734
393916376
983050225
915112300
392536454
466294444
807639498
617540205
345711021
79227720
331949178
898812835
983293374
76377558
463382558
605482650
124230650
762432048
540082085
753677979
644124020
275113922
209415580
853226702
308649071
286398312
852057329
24824723
279212687
975860557
396396397
491208840
175903881
977111908
155780075
288247445
675386990
462462052
756728888
277705073
84359832
526124632
629144076
406723372
916637295
836204915
767977355
970060586
660335178
385937463
789395038
182223434
914666225
161276219
462764214
848897043
931547088
18823493
935786783
260348223
628052589
902243638
415934482
651278960
620306596
286847902
779471481
755958201
518432261
610714818
230975147
373901564
388551897
822633253
623730182
590860264
783748688
256764300
568728985
722854566
453450032
944904678
482408663
284974011
63440213
934694105
168980023
752607766
24917718
447715384
934925025
142180010
695834814
839457771
776810733
178221018
942856041
215299624
707458680
597929718
90508590
195264412
924291356
505079340
899923320
181529557
300940695
385937463
619294575
416205103
685001048
294668155
600241620
763384424
483539993
509267052
146783394
317308190
288597278
726466534
600091436
505240386
375223454
506608163
68288603
20211417
737064285
501093992
525340700
901867686
504239727
569396205
493310296
560619246
805719379
491865408
411620299
940435515
230247085
282176172
2650821
170347583
867740119
229358339
306386843
413879142
772280846
603098995
363953271
42464107
648210038
942025037
681659866
695257780
18837933
151466604
613922642
294289952
86822766
443080657
945001093
117880799
127595633
433087861
836019319
96736537
91392623
832199730
117574273
117971635
291465267
25372726
936200812
714896645
341199513
551030514
592936940
920954303
310860330
158974830
122991671
574155667
142453131
3768733
12391867
241534443
470448157
224829784
593536377
597617465
556645721
184110799
923311453
378309390
74198260
588209814
26483879
573540323
267689792
119090628
863970108
259882976
321573643
5646630
972916584
142423562
636994687
433316068
915446665
297233826
798110529
22374647
504138674
542155855
432516628
92538148
643457223
39040569
264936099
346795281
357331890
148729102
822784579
517283736
828170148
501285304
474336754
163753542
635332756
371456592
630236293
580296240
474588826
676157834
104935848
800533982
263667429
177483398
913160639
828570467
68083711
92604751
17935067
157846710
577369197
529096265
204660960
438321717
631587441
132708155
686774415
201574392
715020909
368697871
189538734
21596173
452615029
634789976
319991894
669728880
751209
812297512
648736105
2149509
781300787
535443876
93684763
231640728
845221045
416700510
830682647
555336682
721054975
150916677
788023499
210288886
895290660
494810807
753990110
589256425
7383935
830123294
933173626
600066318
494709105
227258841
49982275
353015024
126515127
808102348
490575639
672370277
913719209
902085335
624256664
721156785
647075903
667049137
822343086
217838748
139147793
698531831
147491420
146207127
392924878
556212728
633113459
975270164
504287706
401460707
4599159
412553556
688340311
115797434
316393019
625998813
737522263
697309279
252554607
183703145
745873485
721021418
504239727
77335133
964297964
889330499
120562762
527934034
867833299
562518736
734883231
706073696
306723015
128700185
74096534
622289763
304246827
675980617
829320363
543741539
679656510
217022026
619594397
583031284
767898701
970989593
611041887
50946581
119402401
906155370
515802757
912746799
162935184
522113553
787709617
507524315
868214731
878034173
250278404
310288385
16145707
309458814
805277537
62467044
892473666
573592515
750683962
438528103
280161847
811266908
116329579
147555491
589192851
817541486
264722607
137861816
124674102
473161361
780677272
86148078
290784320
477459881
801463179
374467552
10718814
573520709
9953584
399483093
975902675
715315097
323799978
818707283
391783246
427757462
33277482
381623319
800186191
300246370
244047227
702290301
841275248
640403666
57332887
175979192
164702860
467762390
208307998
112571209
923231631
562733454
111670076
360063886
695116655
410158756
513653276
926939529
132836677
804169831
220153016
327234302
659590296
841974810
672595179
957906539
71722537
891050349
78559395
126605919
816152406
35273596
729248497
180667187
956576408
125984156
154924448
6348557
809572737
426606483
81475873
302081089
460226244
380512725
405915343
126952009
783656473
447597845
950620108
218948064
272752890
598356171
588493478
569784196
978956700
268109435
312924141
39077951
828796090
444388482
25650354
224772587
631326592
769020836
755345217
198283395
245107852
789697356
783044316
784931868
65206019
119720121
211264317
795289245
632644357
559386891
858804880
182365304
546118245
115544521
627437542
584975074
712598769
63745266
742675576
822282628
446531111
833361504
675232422
285009935
701995975
261022427
181213175
939672587
782576719
37296135
92172485
421098423
890970360
751005779
863439067
733978544
541771399
534453585
800695258
370531612
119311005
501174908
190496454
710913790
446709949
97233966
752114812
402241963
628854897
930846273
136042697
686938815
780204078
475706802
40432391
808881031
73486416
613523137
900455736
713764536
496867314
210256310
631948716
57026083
907838386
553928706
870668947
630904517
208630324
432468742
875997404
807638930
446161529
587790758
905137983
514128399
532101208
845339981
932206256
779124347
816435228
964602323
300157469
757798460
432745583
460495692
137478068
428480468
678884157
483041299
494811528
4422062
200296401
347702658
828510255
284309052
949695540
615243404
656663283
328979078
917677098
925530996
172662155
281077430
141675457
904396686
301114290
68456750
675285574
517039636
764377077
328969936
782628296
366871207
177030503
331950973
331560681
447203647
481769134
180121448
221642596
454944878
478840522
221452015
465950556
559699145
840262258
56679400
469767457
443764866
84435979
601273775
915411242
764557444
868318230
291048843
253645068
95098934
214950644
529000856
607169760
936654686
954692000
758772652
742496497
597690895
468522241
41254268
156406581
361774782
573632135
528430705
353707799
315582722
397998188
115367044
805406817
401717584
839933952
939160507
412239585
625333444
167768272
576145286
188247071
132895993
608495269
372960815
644389187
506327685
720459246
684098552
238241083
392522819
271626420
384192261
232579267
958261717
500798347
680250778
136000184
605853475
281095023
386250706
108698529
722647799
812365768
91274288
247775184
214775213
582613280
938245396
503238659
930072371
463953986
790468786
462364295
430047030
699985174
643072057
27668993
342747938
784374794
645713739
701354600
14838975
241207682
34511878
378696607
308032820
569253213
300961874
344211559
1407513
98450565
311713249
455614513
592889057
204679798
668789391
351671568
807327882
918858457
441661299
199289113
513417258
774453900
699840466
93086981
34653051
693169536
732920709
57761
234251425
119436710
386942728
368883514
103260420
813294695
410319921
356210799
871473069
636395847
146716244
738923922
603807492
603919131
415229258
279237719
142189672
621640308
221861321
2753323
172884980
587524404
95046219
47896825
675519516
587629769
191519728
671008119
931307556
852866217
496084210
362264612
817197212
636869094
106248855
274373544
577163666
735052228
130319044
11810176
617851865
526931416
51620576
761863129
902658949
735259541
476557638
285446515
942101119
313990028
233033158
852639686
665621543
667175443
1634994
98599766
786311101
875537562
724411901
871497049
767764338
975593696
34041533
458945003
89273287
442867235
368780076
512900576
911540975
628512573
106186593
255328417
168627817
207130804
454624619
562711136
555693867
63396280
218907216
316666038
637215059
485489591
144831532
709001418
981133642
775183033
294315741
531296339
724010289
903043181
966752717
699597755
287106716
600066318
608259998
245417292
814538591
790014402
256311511
864971454
477169752
615172944
676745387
864513568
328585054
541300417
783289368
278001852
33473360
177557868
805105274
597101266
265054865
393041250
394291409
774603442
939009102
56251074
67619378
540828539
763682312
574335089
161486675
635332756
8349973
455474869
339510002
961130950
303297210
866286139
641255434
73354898
890566898
158892106
744064941
962302950
720927523
700953620
516624045
255781606
84486302
557647504
16782829
333689388
529732176
723151314
575198401
204824860
605155048
420013552
498329320
166389203
149825294
594407882
786710560
96942336
326910819
347051076
370790951
409166983
882804015
47358052
462887111
719034256
842429672
975227830
791015971
183638402
386276150
879080148
534490833
260370034
622617290
962691913
583096125
364665657
794267911
435787991
87528660
949185582
452015033
966655991
802155237
112202212
349695293
187229370
778362439
871976577
671902959
70703188
788618542
98469494
108786480
3896568
179720529
742868475
267428534
607023857
420033647
227448075
879104185
604947919
921983565
648306201
422169319
319991894
548361041
443450418
704290493
387690471
672549939
474768169
499276527
314674411
495991294
294776483
218429063
28055245
53042162
6619930
563275258
960130881
758178560
803235989
949152924
18135877
447689364
679434337
243206972
690670640
173400526
268221904
157067720
325623139
370702066
231488742
743216318
695433868
632012280
836510432
696697303
557643378
326284944
548680144
92845947
764191146
897573067
529984256
428014466
68064606
485184382
742382443
363931681
473370454
840015675
652377982
658878696
551954347
268345895
547873795
281636897
514705908
380560143
906141843
927038384
451823324
545287386
605376934
597027485
516843825
723034232
964969844
393557590
606600045
585218205
671735406
641673757
674491185
210652657
381770969
211837297
566437021
441034130
588812611
479880029
775680864
327541534
266911573
278336066
245708440
650980161
200741079
467998030
217063441
875893999
832236440
873435174
856462346
804169831
394576110
22267693
130836580
904224048
298754371
891035097
830479961
121303813
631854685
209704293
770301078
946976599
523986159
486522706
141627884
141923236
188380770
282465656
786776676
31947811
738589359
119154216
461855135
264812228
315582722
447575776
880430507
287308290
25386526
195817035
716892984
607401573
414997801
450673773
658059057
242837937
741985679
951605634
296697500
869555328
154605353
602821262
805406314
709416946
982324026
634352125
519694058
78724645
681280571
10344769
127426455
862376653
554475777
693063809
565882066
476527686
927057654
254844540
494062493
567158358
133722119
660860912
10821950
196273620
261931945
689931905
730796670
595142291
537036114
533224556
920257945
885340404
438531995
916374813
427064511
384438536
314629259
817593820
845808669
912611040
379817038
10820550
313219769
336833355
106037969
530877776
536452675
527923746
204287605
923203513
329412009
584628303
115209297
654133575
48552785
475985414
543206550
41944828
51938
925530566
288123059
273772669
424873160
458266656
895810820
550548464
818344625
1605626
496583131
608841800
785604477
679303025
826507645
129233813
693599304
706350844
380331087
275377729
173557130
698478736
455235804
301889291
273666206
834917562
895282384
398307436
110139671
163421241
227149789
875983892
482136618
284298622
483932448
176468335
854262479
760154885
778470573
632573540
171592056
345833320
639266129
9279602
353386319
311297869
121775605
688202068
639692631
92078558
117209833
916809602
937307961
210427847
254898214
602690408
452664969
307539587
313650726
691727666
383860655
894810646
471066158
260273242
458172424
746963882
548961384
918422534
220033428
490936492
622947264
513664628
385626123
952805488
287424974
835756292
196026362
858493090
636221580
434264350
811266908
65317912
341811244
759288691
889389
200142183
207121425
239811434
538307133
979606993
792129747
645746871
437469545
199846764
438602122
700278850
288994223
429029473
801794831
461925544
596977961
850152165
540156614
49750728
701479787
452094517
902282300
425770263
99696860
939449113
536984065
711999913
717695161
481435510
120778192
113403219
788454154
3974387
955828952
272035207
677100703
474885141
542771607
821747597
148779970
811095257
869780661
139278378
47469747
874769857
200147715
725982065
466868473
955239917
532055743
870048080
138428933
174060222
719098399
259689645
480720669
857202592
697795238
4576606
429744923
703038974
754019456
425462742
948696351
816107488
772326233
726419936
123400955
943126553
903443488
623324012
257980353
543891393
749977831
916683413
669555919
441641577
463361882
727253413
782972048
701679391
759699950
779890661
641673757
325013098
659015101
605559997
719288369
367006724
509019394
31446272
469290937
982500491
102364203
379759788
223449970
763761456
343204703
336033298
11275790
90956514
542264378
194110789
372106595
460220467
809673888
947284731
318470867
466973005
513824552
887381814
90696285
235205165
324647194
534621626
126135153
349034627
229900524
722022814
344833130
821631719
494580499
413621973
156779975
776231668
149894971
69772275
109406081
670198649
117575837
695725088
508526951
398417766
378590901
480133981
856257079
536006418
314060665
452757366
139820898
533917284
302485678
383998001
265998636
369468833
41369143
776777517
723113850
53521834
313693051
233528375
117698947
526706253
13
46923911
949869745
10587521
465820351
583974399
655375768
784111372
576663967
429531364
894660250
229137627
756183557
207569715
811224123
843472347
354803824
774396351
254299664
440798569
56582064
329809075
597886081
755873783
596297218
949997360
143767065
63873076
779185649
760977494
643457223
782172793
444893783
899517153
336799517
825754265
723133346
215124759
798902840
755822556
268827885
949525515
934627765
165031132
800267098
695654904
357331890
651332295
262767545
597889505
240397788
631215616
389187940
598310134
324532514
322222278
749164555
808412303
184368413
722989781
76097238
88078382
507347157
149369273
451138653
167303099
526566095
228543864
390978154
574211662
174026441
127800136
518496064
549869993
948568187
584420010
438269108
497209496
319297066
205675536
55489157
125341347
541151206
668165008
41944828
34531447
666389606
623639051
444139825
202458839
357553455
518968801
911462144
470688516
831094110
368856214
116074257
619892044
747248503
252862009
743818067
518396452
397658986
770707835
532676223
479751138
468280811
151933448
366425861
925129092
571712694
190902269
355980744
828307348
47463593
38161259
635748824
639130823
84354446
630522605
66637039
353754877
413971485
428973376
811715832
542739169
217690537
87014237
718386232
250919835
443295335
438313630
332786879
329439235
667216297
505488606
901849378
910444720
630638075
653664424
206162857
884540434
435928478
502390821
986203873
171652709
766509506
84728
627041629
238132711
76589698
369497384
362270687
654769284
649126934
93234960
81910517
39281224
383923677
886285050
603283979
669807163
438138606
57461449
313274129
887677431
1803132
396040464
113978215
2549832
680990175
94403785
399169472
271233625
322882088
571972836
866111297
907612361
348417320
134394293
267569220
958491096
606428619
533801218
962684884
222320658
670370548
360758156
804411324
592100972
207599497
437056840
3441701
874989837
670686337
975166597
776060760
852668082
713928557
754422318
332177843
201731612
498978270
699234005
32123693
584289896
820858424
159331193
575436895
634407694
576751323
437090142
277147122
395189659
400508430
134203021
873123376
416624136
414117865
640283771
824766117
351754628
490435580
976893080
73424603
523912936
160502365
572529321
834736039
123344413
646444431
168866935
643786782
189538734
352348415
726970863
456338995
746428750
795592826
456737504
925494896
426721039
666598054
949525515
568956112
832225395
177742834
340547690
554802913
602196210
402717223
518988946
181137997
898188062
164766778
324046003
904362070
46694910
113703196
279304399
942096659
757720562
37247906
9198871
357553455
761950057
449175817
337630506
395802481
510938778
26824180
349476018
891201983
604142527
640438422
125416495
62662666
619181888
422652196
835651274
563755689
174960780
253462876
660367178
653375325
632887564
367541970
557207326
59223030
192369559
920804909
18129432
156068449
955004041
789824951
527655110
403578803
485908159
577190587
77774431
875384228
707145893
54245941
239736607
848472034
977583327
792982352
476043561
221370104
353456960
201785080
248979194
101776038
85358549
749980678
159703480
75074676
375010132
538066445
521514443
920791468
176072119
229214020
459150896
817717429
504880541
795231709
236341619
666172726
57442437
825356766
560334318
220230170
527590240
703576851
364537583
83082907
285800188
274493537
794793637
68830272
722453983
160671504
338020523
786809784
841600897
803625176
795891656
728227275
158217348
924584590
181876681
738170772
627961533
81025562
214997602
823463777
289523174
317836352
308768938
481560610
907013683
895808645
905869106
70063705
261637911
234608153
556099437
838324072
576570917
438880983
619211965
560158357
901056688
560772303
297831621
285843561
266540976
862650511
284879236
885968134
773200393
936974399
243024123
538157877
130773971
818743910
763664810
305688693
198491241
241814721
863518096
303468984
982455557
504618143
489961334
264819297
55424643
462038825
513361633
122821244
913798405
2482536
783283368
389563061
696365535
62530507
596616983
754885571
500407875
248372607
429212180
162223472
480213103
658873208
30047975
602468001
852243700
222728082
678810780
896898790
665674655
688275613
396283635
650534198
607369975
491395338
914226593
716129910
415450440
862185395
891170156
974555837
488916948
670297366
927062800
966091432
903123123
553049389
246636118
577432313
200412429
318686932
370673336
456895103
552576558
356774327
787049235
122548034
411519284
943336276
731799771
685579095
362953661
913005797
384049574
788282919
797060045
310323916
634231898
275188380
392169259
901955649
225167793
196366552
9822404
969338078
410100393
511166992
677618551
133460274
117483510
124008051
731817567
748767343
842663013
854031349
810942779
819989113
18245219
576699794
623851211
982438155
928450769
91372230
746140234
22072844
751137420
656938537
492233212
177017155
396978550
531203090
566558040
317461878
359083022
771929788
333174410
696307763
440415313
338528435
243671586
645041480
961825711
466460562
210220682
511164521
575321402
224062746
792883844
219671867
944250842
53174696
489334350
477692132
164130733
166988646
70490753
868822297
516055427
760358574
75483499
140772295
505943992
126058730
869101989
233356333
724556812
520202299
68805847
134833254
41170396
829641812
956912743
410573760
224574460
718171143
409622294
802474343
614562493
202088734
668462075
77053424
272191684
559123004
748643867
920954303
272561141
640191176
192532046
300820280
771336534
303647921
582318729
746434599
147242064
541850814
620986613
113876938
315250756
891785319
138141390
167194930
274150569
136327603
694710307
429112978
563716765
257798348
591946194
621128661
612530157
834454986
327692783
607188910
789534942
742923059
600420443
65106777
499584283
644572910
26304756
470946269
460672219
633171411
642485720
396283635
763443118
279080289
105943040
755660335
175249300
553190817
114451955
133343743
900740447
87708227
590951762
685020277
698757997
710700355
201532373
650980161
891328541
418097712
540832206
823042939
602468001
700250459
515840740
748485498
95144530
60405795
370630565
732767659
340326453
568214522
373513589
80974724
75699296
140958525
760358574
271055057
187933747
278562773
188932643
724371350
832714133
634911218
923573545
622228857
191041793
852266438
874025734
248549304
524301490
146559488
816128521
779471481
782951902
624186050
12210075
647419270
919373279
667807677
823363087
92859070
843828451
941462469
15267378
919924554
376824029
809947091
399289698
12486619
116766613
54020803
632436860
509400901
330007001
636022496
581715912
649490893
413052139
339405968
255230034
944763890
113819635
658830032
751505508
839045423
221944373
824525789
300210844
396865974
318438824
539230881
386027240
583539293
29050680
866604526
607288373
723662918
526265203
12158317
947882178
70002197
422425611
486022955
8847786
496367276
751793134
536309214
342569176
959628887
480891541
27373588
945030420
249904141
238168856
675435854
75269066
443431797
150989083
857870294
52157922
521055956
424014620
604034430
851260372
198047236
509363613
602342165
730752120
43705661
508234923
392864552
550799820
123956858
821810260
904573066
609303995
413308162
786665107
127884708
82128932
106118237
85470608
839848128
180259679
910677848
468824326
102592704
99457620
222831313
103260420
6097349
6034125
865829839
548738677
483533458
663272947
743080623
94469461
98011734
933364263
201056229
293734069
928701377
711118261
414792732
862114899
525791251
529741088
838266551
174280519
471669699
968925527
411149278
292835165
370093212
466639630
41678774
498198932
860073819
710465938
123339922
567952356
706563072
876297924
320115061
349531554
98413125
789913075
497437711
748303157
495396475
234974234
38060324
437518186
378388522
769189469
801464664
66598946
552862561
107122950
272090113
701037306
754490011
864543879
182003469
46664779
784125553
296552666
904357019
58416430
443192636
675397378
678102290
273061394
503607708
33786494
963854203
385133525
284550712
463946082
97670108
746487156
536917784
245874443
893898752
306360196
135869418
514164136
625678179
682391817
154522074
306128873
753252572
181929275
944168207
2663
295290003
238648285
755693322
38823296
22711518
624033088
86492974
341887515
530051451
642840401
564394832
652114481
880071586
300305916
455687384
691568663
573572211
953728313
353531533
31224104
234660229
785708583
898661745
525554335
905234800
81074976
731279539
811118393
134842737
352686462
881471251
315806337
942750833
408188369
817197530
592071204
455711491
750936433
521744857
670873673
113899505
33303905
742735663
71106808
487498813
276515116
669528908
50022395
100447747
230449276
233024491
786025835
505109508
46666812
637968919
866140181
63934013
20274724
391583464
280929977
624569993
256219868
460599190
335949598
218140736
21292964
23280812
291795117
350605242
163377265
167627145
454220255
484260334
415505702
474292482
671902959
84042437
604843303
886731709
165710592
393879438
428071304
180348196
663133349
778906845
849032118
851501007
254605182
557643378
234003506
106052144
785263474
868321677
932569308
65666961
393257802
765837406
541056220
408182740
534634991
654168216
261991078
691317986
650482642
409839158
562938136
240603657
423499594
448833143
654666590
787943538
926747982
29386189
38674526
201539052
365432094
944163165
761215362
675442859
147758295
831388034
620925533
164416627
806479520
587506069
673394673
956405481
856493866
504664509
