423839874
331878768
156934540
343616898
489649255
494631313
229970763
485275011
180810988
3707454
14119837
659593381
276892778
645748676
631932808
341825307
550458069
130318080
299354688
710459374
462421914
930018418
969338078
445304561
715445130
75643362
336719243
604673193
695717014
481752384
112595110
224804605
579752304
659873025
879318457
839449199
444801972
186814993
44448423
858369836
848570830
798163093
812924848
558614422
366267264
426188248
700496703
732051360
490400762
910660556
503165042
772121675
131609877
610199367
983801311
719288369
699646798
5452057
65795066
566091617
379096672
525631875
89292016
721127753
976814015
671902959
287274841
484459751
489027387
175050044
203396528
543121514
68281113
748399346
400084859
581145786
963942242
601652603
568297148
554587129
509810729
834531188
906273620
70521316
482365013
801699344
410680935
338583285
612018377
347890269
862618805
899664457
620425168
323300788
493790235
167620022
968753331
754975293
171776762
565477211
168820706
156813427
169386488
274840557
391548646
112640649
54354890
27330093
437835211
551774508
388344936
421974899
384171575
573993196
419736681
684258981
516079546
207570261
487072848
147405280
52197755
836292640
587664337
939685599
484041226
715462430
382407103
923275283
265245770
527407552
595896844
75625917
918807432
718103707
732098293
911031613
41004389
711401581
23945778
851150092
748449138
41191551
155498228
600667992
636807228
713852322
476660255
488868645
205586822
206084558
881960599
668280551
454530339
823121189
298262347
260233275
129649027
634688935
971903341
214104368
9478448
535743085
815137213
494220473
611290179
128931231
452952069
939160507
340717435
204125335
556212728
54363780
413196222
550697083
304068844
834980025
721477277
127728912
821451588
454715469
423357243
649015139
391262683
679861280
758772652
683166776
197434329
634407660
710255762
99294862
485660128
192324364
617045183
583012304
221657421
415978976
981551764
33286874
188698117
870166294
221874600
12737468
933023254
655460016
938897463
244213509
524279729
863815415
356745503
692052724
729980612
525835323
302228070
500370280
403830215
841640869
867744137
343895299
370909444
301538047
836829410
21906584
954054554
211297070
341907458
1394426
276190752
397701437
678381348
553575511
65427551
513222957
8089757
743726143
889587025
166277863
749924395
291944278
105016672
131837629
900091589
823541949
100356159
576091421
395973426
782381465
431598295
878101634
153630447
218746279
569450871
460067684
891469528
615598219
199734717
409626295
399330746
805587717
983570440
916236169
150591722
981206768
67498004
583483247
37591702
681016994
96829811
440353680
388060402
383398836
923341897
847976143
546624601
12542890
550769546
83630652
946904105
420243281
642524294
105291016
316900024
847183767
12121801
675980617
337299588
456255233
135204112
57986282
661596218
343172878
62022457
837901698
56943280
984992208
273524525
809567485
730621675
723076357
615875575
121888231
921428367
416291580
66132723
427355264
379295486
962931425
38976389
814038085
229390772
659207840
18233526
8840124
778362439
229851435
94415024
196554349
254875147
176290857
853886905
201094188
779075480
745582289
389788799
244007552
375436907
207361987
289408207
729240705
672296034
734400144
651332295
444247151
564487453
982913601
20796138
230071806
233135479
947841853
96700331
390903100
662561127
916357378
231496673
806895119
817226047
812199132
710202206
553934621
31850181
457638772
840246563
99290626
54603907
507714562
744881187
870017274
550556089
186086984
383697670
815721599
837979682
433372967
133173278
131056238
105155919
217136794
780842293
598134682
4624133
588812611
400017835
113912463
87372198
163577361
692500160
57765648
263533122
71416513
220236270
679970793
903392831
534599723
487869096
210288886
826502218
842282530
143780083
575639599
836838218
46885208
520691397
21890592
414088849
309084051
568285998
307495256
395762569
222855223
232589543
559502617
985178374
959301641
400849466
344773724
900672929
788677414
475896252
715752278
70806800
249391696
760265938
164368799
856076040
654708356
403755175
546118245
947550789
739192159
384048769
341529870
861743226
682664525
232099127
370270753
244384637
187839180
805235772
979706587
635407309
509986388
377500326
362478805
227751340
860529596
137255563
945526711
234503777
616972757
926824953
901463522
370973008
875704019
262939441
5510944
487936855
308872451
258648331
871925660
439025207
766230955
314105271
345147729
774325542
137757883
169015425
487409842
564408246
669576720
430050543
71990085
389198185
257263982
510710833
9790468
950343925
365553618
32183854
530434796
312984743
745399969
270585977
100689186
112827280
904824088
315021011
618698070
16357774
697550809
610753704
522023705
433583839
463061373
627833620
532490029
951360542
829650540
524644923
25231075
174860562
279156879
332898283
745866025
281003111
560371430
775325556
207673373
878110255
730374733
215659697
842501875
588457199
985557810
79732203
811149562
516648297
127094716
143855060
84589622
949135731
897363793
229912885
281619136
898703720
962687821
973195996
7494389
243001376
652511449
928181409
506112625
346321854
163447339
654855203
100740869
597083042
692249894
316052799
929979874
699855716
766230955
152784097
801832672
655208858
669290202
501715624
134842737
500286333
353380682
363499427
522829779
670891435
47452708
827673498
724054120
431817373
429753757
332437070
174488851
254701850
174960780
979437532
263269965
159259442
366243117
752126946
662215295
303322162
632573540
586350136
170782191
736221717
890014334
452023764
547957303
481944337
690826947
16103622
723662918
179650852
248315958
679241700
644379687
400115697
799967669
364714255
942767694
65975681
185446705
200874002
954518072
171584029
505217783
895151143
387092054
872865409
624740715
543966088
871181549
411148963
334055523
698398714
821277592
195431840
866297760
325109200
903078136
237362764
684800882
377287979
291979413
422241422
965250207
430898464
448754149
430845359
152251554
959235501
942953594
25635073
151245925
579217844
233776685
348696102
602210468
833201617
50608399
461911213
758146240
78205692
289001724
232517456
200805258
905726209
380598319
364092397
27170017
309834635
436903757
123956858
156507435
970211952
936738115
683379300
182286804
771559257
200147715
72581369
985372147
905994963
13652504
71635885
184725570
925615224
813965282
487461758
140750638
453346633
778584838
681218906
671224420
980000472
216278030
913995796
447826141
111392462
891425322
969577496
480635779
577557384
645770816
535914637
17867654
25231095
763664810
889394433
879908193
63233322
324798759
282952491
370156129
641770642
23848445
187054486
203847159
210196607
103232096
672671704
26012991
322201645
383080907
510777846
353421883
691609782
756931013
977236384
312032035
788024314
587471756
932013689
867119587
651632946
314002393
51569269
562781598
984330961
113525669
28868053
390265462
476410403
591255311
855245948
950533479
95044393
156372491
292109671
566454289
220153016
720747108
871581165
489913424
147453478
463507456
929754777
673995809
702285141
631048801
407551102
186163987
839299875
216881366
30633369
867075761
890348652
479234077
21298299
83980498
486254791
232440673
763935810
518526216
80189239
454879379
210766469
512947593
30424740
306963408
26929307
985110662
302579339
692151182
721091614
533421910
775383804
159840815
330676956
979590871
43972054
35711662
448419437
632559254
679019804
917613923
318587383
365618798
915473939
459253666
70474009
19496674
178484248
722395283
308732678
585196778
148384319
421723937
123828374
369207349
459900205
859343524
936718111
420484423
150670109
156341245
588558587
626867399
357761177
970543788
129019049
570076043
446718618
113148376
448739550
325795859
345151668
484368015
762850889
956099382
975123016
517807558
306603514
649777873
715219077
554295593
714538987
443726011
261370382
353094303
433212274
673212097
260617981
626493416
367844324
312939889
952945331
460539126
487936855
64243673
466619296
28042882
925850654
850211476
113958838
404658286
433259454
842668658
531883257
890581488
324879669
844367515
430127350
264449356
917613333
222475793
166267008
491815939
223454198
578201090
562504722
781215923
270341208
193558239
982242401
4860974
451770169
44190313
28768400
301454452
826431124
926301386
345311744
281095023
369692243
345522686
944583289
925219873
563415133
502691804
817177643
312887379
149373204
240148583
858904404
164685433
216875737
895796966
353074349
899274589
672998809
807120811
361617187
913162595
351188740
355470051
7396950
565521727
863875459
982851343
213012764
260022505
261397270
333174410
789723929
485846227
423700994
234914696
692087785
704525652
54897644
841324226
205600777
476174905
219507620
27658860
493374845
400908420
11119875
379580645
133571111
480213103
288277061
115025265
40234323
26763540
67457770
800860133
431537320
978944556
178450972
437080694
26235859
611725994
256917184
709383609
828733524
266100468
454178819
124879670
449380962
830614506
193990741
813303565
799002091
729884
524279729
210501606
470394970
715346621
838347388
625080165
181307361
141944728
854613832
254790256
494256463
950253517
661507515
61179730
673541566
154221712
505684911
869333722
10
214987182
658841183
438676394
591013333
558411524
479298636
765636643
228543864
371488160
675542292
571382857
272735885
390432653
6855857
416660893
830069543
677702124
522232050
769103712
439371312
590982906
853520538
613278047
24428163
713928557
167096604
503198710
769568581
953821698
155941419
777745742
463340845
62058170
345156259
304907299
106210409
471527593
496892627
388900830
752208561
291013200
283593198
33038709
326107307
184801065
304654643
79533414
719927772
443183358
840218706
152764387
481114883
355702747
338528435
920778522
89758135
516199791
108782254
810101683
139657361
492581491
658693745
916638277
722362997
239073021
870966868
442346410
832225395
538349313
820353780
723530844
173997488
377984520
8787812
340472839
286804790
776063786
587990837
880451016
409326204
672939179
536066709
69523730
487002416
844267246
495059057
551650990
329938547
687697750
561888634
981905152
612580171
939514074
434827133
398634965
929416657
853795262
292747016
486022955
330847506
358494370
982406973
880677308
763529811
682826667
576863954
537028382
564114760
857729187
975227830
807733565
577992087
950152779
454102375
69572091
744503106
737173327
25193731
108344518
467656261
949133541
929913942
379302699
330644961
43689476
532241973
153469763
807094341
844956569
641895444
457586521
274289239
512780408
847710159
674905042
913406789
546222163
910611334
441617647
456256872
867892788
471756379
593687480
920552791
751347404
904431952
167898810
230390650
210039595
71375952
534075320
782215498
195249940
732026276
283983524
29599470
583671594
11093484
264481539
264118620
110281489
286107632
610978323
233789555
254425997
21912906
555818381
706014078
845866455
34037533
428382359
8164941
562309895
571599989
837160629
187744205
871212735
941126798
561267984
357807688
788581578
118121863
161563621
339177719
641628955
466205552
388985441
306471438
869867200
627254289
80736333
157998602
263442775
330671837
193947647
904210798
506599841
71344884
852650011
695040709
530462915
647626274
690165375
16979422
516679110
44721645
684020584
582303679
1793177
984815871
93461815
3058292
612398554
343647487
652741560
655756479
166055969
230157305
73712434
765452239
196773078
796426213
213529673
804603555
193558239
363971306
873570227
686904983
48492185
246839108
544863174
473453390
590184560
257802678
502533264
786600710
608706971
826030831
503800300
314969986
629740413
606070398
831303246
327859085
343285382
438229973
613076477
332826514
414325321
942252371
33557145
554766061
266142169
952512810
913384435
105016672
969491887
228439731
104537179
273905440
700530303
205787228
403895931
937069297
139548778
583004626
95759058
80422944
104256650
444615098
711724604
552192733
372611962
102586037
28555794
274573028
860073085
967042806
715767801
293366610
17844507
340805196
51275087
144635159
963056967
594189532
471112627
952931658
401750678
712077854
115839563
21009996
737522263
434403193
91116062
508858565
152759510
124600256
302515632
486509441
740721740
693465802
534125331
445541649
620450768
500609721
35512554
152930162
344231967
571878709
340850964
859401963
762481573
968650139
654738624
888897649
970621522
869938550
328829934
466865003
233272398
517178206
308547534
444851722
96497705
99908692
411370451
187548059
163158064
801878928
42731920
55539886
84346171
123402585
311762183
73972716
784338263
497745768
629495619
540281055
329898058
702832917
600961711
238825247
978283451
547700872
517212820
212402715
857398214
916936619
479460398
647488505
267507048
523304987
532430109
827284689
561669414
232746788
14119837
371450662
293775014
514948340
79308310
827284534
624573532
753076985
644492176
887108579
322487171
297823831
702290301
251759446
149485334
66941733
580332033
932625250
241782024
229591128
202491057
365189834
85440336
96393634
282309858
809826851
598668360
466250276
779885726
308093256
50986063
725995132
60658275
395246207
540338490
888897649
466612418
878058349
3376598
431923678
550832917
702194783
864758398
283593198
591362757
658264921
594295381
751195039
262915059
241111018
800955851
336158746
859790903
926901433
107874595
640092098
898342333
579082320
290829584
962867778
170432466
669559863
426112355
702058357
248979194
489365001
512485062
67011546
335485162
867669734
888466616
913369844
902256151
662270342
98470651
591417811
349792818
946175167
336577527
488182517
381470058
168800685
176564791
679405853
431569873
707386290
776535237
527451270
14820335
753534803
155890497
147365341
365189834
66802729
84740334
893106416
53521834
180359452
49151530
29852059
673310376
588293346
918075941
792764784
41339195
934677623
864339820
536143509
318587383
140316418
689050244
95046219
122445506
171995025
364510910
148069447
69538828
923820779
433582163
145784925
53042793
30946546
673892653
111456562
428174324
658777414
705480886
645306971
381475118
131109878
827243642
837392748
738029372
19587076
303989301
617205338
817664411
410573760
526543257
29612909
825854661
212529349
799659531
734546124
696945774
67991493
291094185
388551897
508054604
833101562
669143511
735105004
531305756
469420831
275217705
524279729
420967760
67848738
24084864
980820156
168984743
542220417
110209694
974648232
831656723
39634876
121928498
952934885
196729589
504444637
353455222
698747126
82356713
127094716
929242795
867288408
275254227
314793477
499919476
230181972
703111224
782311832
423283873
258021478
220232223
884055215
268975538
828838272
47900724
661525634
522003657
983239304
921392219
361272627
479683210
548009573
848832634
546143189
180288850
789308425
3541950
368856214
450827572
282856484
871105704
985796241
879001374
313912287
11444451
483484718
359859526
940062749
82650375
249550531
648272781
104378573
717672386
820835559
200503565
347268823
440668040
595706531
622290680
355014601
752126946
824785920
651667752
751532553
681016716
186820212
280566012
7362900
77587653
556126831
334769466
641568313
984809938
44420571
853502957
248495246
566522855
136243727
159321471
848208089
726269502
41609625
703684866
255130797
454948929
572019212
574324987
228664525
706960330
743788087
19540520
365335531
98388832
86461235
81026213
667199155
805051007
122787211
549739972
321249270
164787744
867757857
825401312
610991195
255663052
191328837
281446613
920989284
311558399
455497814
54880923
543902477
307305607
836998614
635345409
442083735
277481582
375044737
659479812
282045927
464983833
16145707
189745974
443570145
386240139
930122351
676329981
825001732
220033428
355140807
58749425
286488021
543361903
909561344
558540991
648326811
296819225
363641169
730746610
736717859
550988420
111890315
767007726
764466298
13755262
11540266
897298005
142500371
348767240
664152969
640092098
701682464
800673636
840654157
558146913
820820886
503800300
426265213
618747344
501984732
698753949
185003898
916313877
584655534
209408945
985133245
640588862
390419317
559847442
312239228
429824098
119979431
793259651
2224726
17646875
418005492
368261298
44808309
895375309
153088466
419938066
167379738
694062796
154187212
734750787
475360181
81058442
804747795
270990483
556485288
946463674
350393724
57426350
657474384
284297109
526543257
148282046
165492903
514812965
207376711
737842053
35128651
922690722
137454731
415659719
593339111
464119533
194551658
736346914
142021924
872910068
377545559
173862030
843223165
103055999
1
980056862
317566990
68167007
273694296
9205199
584020324
944627969
559829728
674300585
276799648
258512488
160499869
937831335
99698881
12299973
934528275
758219069
500488978
435187410
947690319
306963408
610314780
374562936
498165981
752994124
304458246
539077855
36282613
884753293
187281851
772319003
885076639
317194656
645388408
976565969
486960476
74281417
933629041
146867173
806381645
695486693
755015
524059231
313134165
543107141
514992357
917889268
451415282
706310495
46390705
648886186
562200458
403438826
113494378
199664294
924039703
53423375
96024563
555742190
567697169
563694307
715469412
879763122
675976186
278562773
669033853
114848634
445195256
86359701
302402345
968591914
248568967
646648649
665772304
770331742
169053086
478591495
130260260
910946757
60390301
847616792
660756952
233894196
584265161
359662993
212501626
109422384
699202027
513387642
692236036
647290539
60419439
594318037
301071720
774151670
300520922
40170795
392091538
778529306
630761561
271807059
17152949
453457369
619220724
805827691
493686730
16548667
518420214
884412706
807925806
466625016
295588511
370044778
206446490
67710270
431287504
258659873
301696076
311086619
821882142
211004814
951275496
671414868
705839810
406861645
600454889
437509615
384136851
648128614
739418748
701516191
712137236
364573485
127637779
708120213
279000168
784095346
497827879
922405711
913435887
443787673
331821059
201027710
905617032
9275742
287109594
726243601
81665998
669445867
282766621
393413095
699035460
961049173
500449508
400372034
858376205
270571237
601561954
698804237
569988218
324202643
65316219
384045558
295807222
2490600
214700913
147491420
419004551
379183950
882672069
769218765
862807872
455169334
558758267
783289368
719447922
807663413
563716765
905586538
75214911
886491284
874622883
688340311
838217141
668743393
542175834
740073258
631290754
911599344
481716379
756164949
485451640
893614507
178281062
397787505
7690649
229100602
971337385
610722762
458552065
166292555
148274440
833969151
184670252
353988845
726418884
189511254
454523965
527311869
665698885
840436436
399721493
812378097
473146770
288835034
394449090
285974208
553765792
661981238
275817901
328035922
698855839
254374117
343884580
350748658
58260743
779526581
64460454
337922776
199113034
685119390
441793778
283491631
822311550
754428916
640840685
684986303
444524173
151478063
127683559
809810980
882079418
60667554
13887195
34251414
599838674
958188082
74429744
142749912
937870389
97153370
311229594
932112412
139354430
157179167
920114250
176486990
497216101
648497872
148269263
924847270
809920792
397542306
331569909
42378405
138248246
548554758
72841363
903146655
423146862
897053379
575751163
547246611
576096498
77115394
757117925
805277537
86958027
752702816
745186760
490425672
141046086
610708429
913299582
844218316
830516632
660261076
88167808
648865489
221964358
736500699
908549471
375319097
954558755
547605297
101663323
981224890
688180292
443545906
170729805
323008610
373746206
436312712
309935072
365204274
886874424
37428880
366049
895189492
182557674
544020189
295872181
918537155
603147153
197746739
693584603
180102341
738718002
835504562
854960486
978343804
94000347
256064878
182416663
667973347
933418097
97975122
723616045
564298892
913910586
46120639
815396214
639573555
616190145
411130795
275409302
83074721
751696175
860478040
493311675
171925266
266912910
190204614
521129962
795355984
566049764
23151104
786763675
677853473
979747174
402372273
857870294
273057741
886438663
202337489
381623319
663473324
354359160
603562415
468708807
184703222
117097468
566491241
743214542
494281079
979879818
819937287
804313611
631425348
14819476
589793022
702956951
253900741
886526359
782999403
442655369
608471745
576331001
733029553
162973820
636903879
32473967
486509441
631802295
203230675
219302433
449302819
502794687
213788680
481756619
425642464
413853995
144800996
474164882
891034777
234568036
830297029
298451932
554941946
792838351
729349526
382273854
140879711
721492648
562492696
109356556
95497166
170159017
650057732
251216783
281956126
351413744
45759045
664485559
465180996
44464928
233145472
525025780
378737330
53726295
494909858
438888864
275288646
881968423
496549819
233508258
333799976
597089099
24666054
294935836
765905958
434968064
629599893
232356645
740515249
412134432
428525495
555278616
341292616
586808734
952731930
36026198
900654802
230666276
392722843
6301072
255445081
756770059
753364831
161810488
524490981
171890386
279175181
499870717
679491668
385447610
719869834
751254740
127025218
692107105
553852650
547980631
905001820
80388825
491072299
361807071
665870899
228980525
527310216
759219950
850184647
418881252
122325054
807168122
217926205
775608994
486368382
911547735
729697667
409359964
562395417
736495254
339980909
522044214
351136737
441361429
654612891
833308464
828205278
144103851
633860343
376962813
56228832
772083784
539821680
564324720
770707835
690481960
280655276
977231120
973999536
769854260
584035122
778221858
820992662
855398944
591724661
709966195
544415715
611677800
599934149
473295055
756770059
448063950
833454670
239992912
577492368
694628313
86077900
828924564
168836276
753000908
455235804
935437049
19607251
709502809
90792268
869166948
545274672
212055282
96923579
367501923
275954751
625111906
676960308
288597278
771816196
481817066
258691329
812957748
560845744
783380762
125860065
40612498
459323503
208777865
432333407
722893
576640594
375319097
101537955
179905148
51350740
306504685
78310668
690857035
351190398
825248345
868603229
919849928
40094817
763115199
195144330
512249332
628759198
454737544
521396953
161967113
206428670
627489059
906666140
929092537
4263479
269115193
618413205
324414785
626191479
594170301
956053082
908983196
534039106
100356159
455891483
865287997
573548182
715228295
511342222
655469899
56613828
864918889
73355846
834531188
564017689
46137271
175775373
166560382
116533893
692821511
621303562
202402390
939587133
536652580
720726420
984399963
571296195
818269380
480866866
8827082
595908537
8533835
542767202
418999699
398105514
505875250
574675476
657205181
206539297
50919092
422515135
747577432
353936143
292187377
317787795
706645683
316666038
692208807
379984334
864024056
778389887
487752954
298104830
95286938
770518433
283337751
594295381
868226865
763600859
164308046
540364329
422190554
168705661
283594979
721838738
428285198
935633228
773299247
270009998
512041943
106980683
948672954
11365615
468370622
492322846
943246809
288598766
66764279
639779167
227898234
277274925
917003723
848757002
980312179
87671314
338859533
379096672
43763440
457365033
875839392
218777848
290594537
302373350
365331516
246351969
56134129
658142077
489634084
54161927
283052767
974108944
366794959
827009635
959491643
451832679
48694547
271149650
705740624
194804423
174487942
304217778
365837962
199238714
544342621
797411595
836486886
529443080
583051688
388399698
111515152
537756946
312984593
973971277
590317721
601780618
180364349
657648292
973383159
131875435
843501824
173237726
711445354
260383584
700384618
901577470
121834288
541160841
980992791
380789856
930846273
499652037
937446320
685378675
158909823
581228877
594675889
543785216
377293045
341643096
68818201
815485017
598345531
258960017
745056196
160906998
840996361
667287232
25346737
294776483
953277528
442031910
274306893
410254902
770950657
855921441
969592390
480478964
290942472
21858807
192816608
221861321
89029593
616324109
862134784
610320031
789892232
750735739
298952109
181311637
942753830
467870204
710202206
377689397
594514012
868822297
703285044
758932718
432589006
151414500
418451803
285197290
702680667
323176652
614916700
695225769
48239950
130619395
880513096
105204803
6265504
394915498
559918069
265485133
937569998
965278181
143355310
983352705
369403801
649275788
103898922
357399242
106512091
866294908
105802929
223552084
587035951
644119219
309070202
497294611
750886267
752632710
917163927
942174895
487851552
525428277
154994623
397374950
375731020
310341632
906086846
564267940
529955339
60715216
982331244
366546761
744117916
316309607
330474750
640938561
645033995
784120769
248243610
811082566
826724920
371959050
623549709
230650135
797516299
688147434
785400334
508052364
385926212
808873084
711690342
310324092
5340897
141605202
610714818
574852622
440475892
712479085
500023829
717070317
680361668
693664184
962436619
690006977
414875312
977526111
438226602
657896981
344965944
643914180
579543698
242731036
73947074
22636927
755519896
2521771
836829410
336421108
440798569
148207419
483432438
254923127
431578461
745361571
812657594
514874498
779914473
924957081
68782639
444075333
298157958
45057118
783156174
124274145
705929954
711642253
477311179
906763048
196310438
815346860
10296386
820743530
739634699
150915377
979395526
661949136
896070759
39609356
66923594
556620671
824077502
421098423
920575540
544943712
16956660
347701069
496428644
338253335
908106829
649500912
713510888
499736794
524427200
373814922
176072323
481752384
421350176
690786197
518833816
246433955
709966195
159412890
329221001
152997644
931051289
195144330
369153943
589153935
167468005
145099885
670127142
61709979
947321235
974160021
582351617
658688320
674795975
243148735
120846192
267203747
121371762
580239070
701693113
705243162
326157034
931125961
806693097
911745081
105023816
52517316
485463358
695868210
248212647
594189532
789149356
925334684
103542812
270583429
506125166
582613280
88075283
549109747
216460243
5519334
467803720
80583973
282737432
841040683
359823181
676821955
86077900
526702256
738437726
894630615
148560606
773578202
644409437
679869042
946179769
937693143
580926338
139951554
892995012
96682330
484710733
331389551
507560864
728551054
920626364
77774431
438624408
868141584
850547814
341808130
906962075
834014351
684447134
778591489
663351654
193767767
337835637
411694647
550047740
882191349
67324033
333148168
817510408
54247318
342001234
402097356
447707646
428746402
567793047
266433448
544124809
64989150
465310890
483343686
322021979
882191349
530200751
405861900
302584755
99805304
738141271
475690533
895824529
445058564
599504953
279278882
469160933
896807142
584049136
629797737
252784906
167981406
675657994
503021597
831986208
607403747
304420427
422690958
489242600
453853335
593673729
294188953
84220034
591434940
886780001
138483182
695654904
19149038
384862284
755431560
718277578
353378342
685579095
807255418
213454744
479986002
913435703
809805939
70773428
973383159
90197550
399665077
878097545
926945801
133331096
243516745
379897071
330390975
839933018
789804569
662827497
361567737
597151957
807140456
258239881
151179614
588654691
752754753
925942327
335997082
589219921
493703191
86715230
57627034
94791100
351809094
432339107
470002270
930004133
124004031
715286836
21141825
264403348
331931396
786270110
767421334
33393852
82268018
960475803
546603481
837653890
908035578
923071201
190825003
361725988
639935993
206505638
767672148
227217748
953601233
14812671
145101020
273242791
171240480
56466036
316549764
361785790
11123795
48941769
208966788
521376109
81026213
438138606
733195145
189786461
271634318
525599353
314849031
340878027
406304400
592267370
776565379
688180292
644825736
400897069
310658030
572622538
262705188
776077775
592832681
323594623
159568254
206002814
276764036
378241088
74120925
547352848
454007182
613441392
378941094
599980126
777329538
59287978
27613385
374257841
964998329
868005435
525699980
27368588
702247480
842948258
29612909
86868227
821483748
861128601
371375334
117097468
662064040
296445588
255810162
661424667
172486096
484160373
238217547
450245535
664741411
513719720
707024793
827042999
362304520
602301561
26583766
598780926
776274009
898685667
841216939
153476848
465343115
642840401
776422065
840872858
406340638
922271735
185130641
148230652
691592517
207262661
255968921
259689645
344131332
31265932
891668713
484135748
349191014
782841497
289608402
96899867
165151662
732923953
569382388
362983038
826683623
760023945
233033158
32699213
941918827
218792723
407082034
278606568
90699053
103174921
247019596
328475075
496712813
498815286
257698169
555883542
596879769
767847648
809409829
417066785
225324584
789417020
611639914
285769624
951680740
567534033
718468138
325221706
88040944
661397235
355915611
672499817
760642509
318899922
827316990
610813482
612215172
713779405
22730505
730682907
532144885
23379378
867675481
584938042
663866289
888038255
297167668
829488986
384160745
489694048
699441761
302910522
942291187
774133686
766175182
876111717
387838509
860140532
833058011
951884590
255378783
114082141
729240705
896018814
782853829
99162974
207720929
314105271
491553063
480941819
307507967
475595813
749477142
843406452
388344936
341426993
455235804
71740307
216579159
978899794
686804750
424745335
809952914
94750931
514396549
22389619
225519551
89900150
686842733
370760590
539894588
480546126
217690537
142889263
970414142
50404912
262022315
243714207
678619324
463460059
601656377
119563163
163487641
545152957
253488297
434679729
640560981
527689551
906204049
247196660
774470384
533173560
74787269
586600319
909931207
159847202
933161043
442007238
477177999
849841278
261413667
227564854
338520036
426541008
580701349
10692549
146272986
815102452
427728462
58416430
830624048
166335183
650666697
699551301
167638808
721391296
799283959
495313511
146716244
224975860
414750244
601571214
270479925
524858963
88460747
562709927
599763238
566648695
394598592
804419359
573764239
713115709
279013459
673124209
756607481
370573876
803681623
560008147
200432640
122908858
130119243
799992264
526079825
329868478
14114778
618786193
62853672
184161578
487174488
717050463
307874507
231834339
850770508
800916968
857700641
389074379
762306848
432513289
338862208
97499454
622770186
52640243
901937538
917019402
807152232
372285553
479926605
206250524
22654788
283006011
230135854
605428470
655311812
369581271
874877698
706816512
38674526
616260375
149220622
188900927
950343925
216268831
539348790
371482084
271235639
413020538
922631064
923563849
350122956
747271097
100237446
629871241
314807577
424431502
556658020
431438096
959973055
867757857
284942630
653238635
604270790
776568366
758863259
822360616
907970118
702163509
356618448
851896627
773678499
338115769
128018498
708029363
163500949
164732844
633584119
73761973
108759321
866726140
25341337
842837850
346597226
110968290
742047909
59621006
809754639
76770917
264384592
511164521
905586538
557864530
971315220
590954561
507937404
589554873
177978912
89743458
920580814
560646512
170738767
378151060
650829942
632598467
416731982
507828164
487022500
593022508
954217212
521257325
349448572
585578196
776072239
348937203
41158392
474217735
125402367
242869804
568443748
185404687
961137743
705820937
801734811
84221438
734270180
942241323
554176892
200100507
502714709
781459904
833800525
863003769
546253838
282922302
323399849
267604827
557814899
114462813
325592079
546899886
161370038
639693517
817626495
634997080
39739846
424986788
903375482
538416440
691968975
228540112
723018135
317433954
509128087
794907291
213646606
394143608
908690523
450208890
641198544
16501955
492270511
314842852
456201026
45871679
125805447
280090729
416813191
406844597
224609476
531884936
21437280
6756462
131015567
791149625
294326496
757608548
891423536
304650738
400633622
695833108
24605243
126785495
493366000
22800110
307703641
32465096
333193312
357049249
188513400
446053354
207907015
403393699
788411863
183194682
551234669
936638618
421343984
609929494
936741273
168362787
161229003
659230198
491825576
204714236
941494403
217888893
310128463
200822248
89433840
909096529
603388256
904669535
67989072
139895823
294150234
454822767
863571286
164556886
865342972
32926564
696902437
524458125
35824958
449580517
378388522
140631036
400316281
647635494
390085017
444243623
57347229
707660127
197327988
287740650
402184977
450284297
788551474
71970327
229628821
37087640
498839421
962220120
51200334
626687211
920542856
257416701
10615551
46822479
252917199
900166456
389498122
849537449
649374902
64638711
768939450
390051182
80589845
643364511
338956955
985984339
259202906
499595276
570211885
332687283
546059021
40602654
291338386
291576453
559701489
90336893
742723159
99789675
421535582
479476681
85208858
975910191
694329968
755137978
434106434
401758672
11026557
777694550
521865296
960581335
259854932
639654823
96703716
800378801
370490174
745821121
387709463
149767471
978823995
53732756
402372273
111945602
73348791
521857460
919472365
43121349
315995039
338126858
939681352
853437758
877594332
409029458
851048641
554435605
348287696
101741820
718619908
233207887
442683256
707529849
915030314
40746757
709600559
874109063
809810980
72656926
451633240
257234032
461417326
704607132
905755238
968416817
626014299
977111908
550988918
240053299
860922779
731856577
679303025
694114577
603958892
38524261
397798751
697040676
545994085
387559972
122198199
783372121
43849675
163227743
50127204
949852644
962931425
854827696
746278587
825792820
956393064
501079935
636305147
383400808
950659287
984524457
546416930
400159373
146472657
658742278
440321855
559930120
187800991
307135322
884023499
179188290
937434622
829420110
365171537
716129910
720810811
244202410
632026367
615639425
968715014
737657129
626662133
409734331
921451912
672760336
49155666
106030879
78561748
724295311
149804444
863102828
235580920
839673541
132999289
461876676
175644815
127732938
416944111
17890690
865165164
538050437
933911258
314842852
750531337
49713976
726947632
193554591
421306374
432098031
375450834
747655035
885624756
28868053
294334091
142754783
729769284
525861043
52157219
639242678
652511449
36282613
263662717
881155404
916661279
398618719
794335419
853314148
670686337
194875532
578038375
522784611
643545665
936718111
428546634
941004401
837067271
383182892
244554801
129721748
620384582
686093169
881987177
829635856
773409600
110992838
573884717
622717335
752777953
342975871
447622725
347051181
756182336
40120403
83603066
49307854
476839843
932768212
698692051
512287274
532640995
656626545
203469984
856622009
848570830
578663492
404536707
255433631
871885651
438494826
46103721
698941365
612360356
357577029
483655762
131102750
553139198
215100337
674665495
750682995
253571644
334954680
184507481
734101493
611290179
382393914
588457199
831610814
210838824
11791706
831129568
633173081
978701806
660182950
376673204
897914959
485978658
2552637
387297491
551425170
913496085
859544033
862437575
546455227
461990594
857424828
539468435
800745712
329797491
798970197
643616812
131106251
362215004
138480672
272831044
43328425
334107009
913061618
449497093
776075579
265642628
617308663
702274691
961398917
719664558
509213974
664198836
453702972
524374122
897002656
562850527
750605420
368388449
251833349
419433813
448647430
780901452
916469262
440460954
172213049
809533930
985925208
581400139
104713858
36385487
301479511
21684933
817255859
51024675
657394466
269136767
83477795
433212274
403589048
953110051
758373508
678606928
30251177
740249546
213245538
827157271
762338542
984089858
584377221
20301556
129075558
223792671
746521036
39816141
876029056
115338670
199593762
712021028
937855324
586507747
558807326
743459325
821880337
302743803
797763410
689289635
74228189
767146276
208552791
960800377
681675127
647566639
371435052
917892392
808551007
756424938
61506973
447701227
884830917
629903303
750463793
901425948
372044060
840571121
376425009
985877514
166016966
538082842
420283710
383221789
943088942
748419420
285668792
669595846
476687605
484253287
834463776
96644541
895500399
64151593
244891646
200025080
334537590
862761249
825401312
847876937
4814414
200432640
731799771
214875885
187281851
848081977
567033675
396393581
749822075
611112399
100438465
93207380
76904438
485740743
366640991
885331187
642669240
634275141
422420444
388215112
478529541
767899604
331995502
343567621
82733293
175047966
571210543
578193388
840338516
160487912
189887638
96165780
970642830
258558952
611169134
912609032
665451892
864026040
5540556
770574637
625439888
874165985
278562773
832951969
852782141
359823181
710208676
431811516
32344181
510416405
771964357
44402726
825148979
748823775
109602973
0
364931941
735927888
713436523
22469707
489786933
813539837
701650968
302106040
253517982
253498077
346689699
497715696
717672386
589208250
778725979
72944621
924832217
676870577
453086962
526578504
237974047
298952109
755657789
662822884
669842806
632713160
346976076
65236339
544888201
550479646
328406949
57288880
167552985
258809570
529245418
616786570
846584224
591918787
663371661
99104043
416748353
122294146
204467620
524294011
622964548
75546686
722695693
189167553
600080782
13181016
411105585
522113553
703404594
828658321
845036278
888695563
195066942
111450347
343283836
901183667
533937922
80092176
225483492
227794066
530501311
274440992
796426213
969925439
368099937
636081391
218792723
420633649
157067252
828373912
305901294
626368261
466699397
365100181
588796351
889962005
502166159
292069931
766456879
433212274
536256026
621896771
126148698
593285117
935011532
843305820
288171845
614744043
411875519
127490480
983293038
403723956
762508262
532627014
67779939
505716027
833023114
499995257
26980489
425609484
714189276
458093921
355682457
786021311
433991190
902575167
633408898
801016608
160325956
241111018
905646852
928878614
834752510
32997800
799632745
317666253
308013703
614924461
452183871
597119472
141486999
449924940
420584386
611041887
475303496
492792720
501345024
458740672
116153584
716411348
278203587
764333664
922718470
713515934
861185482
565162696
658842475
830284394
305455758
898703720
734322017
924957081
45759045
464013041
594340799
302429243
777638088
263762887
858106532
70180525
472920088
453878302
468413337
153567145
12507678
854053951
815684047
33219146
606209413
168369328
321818061
501167888
823122364
693368107
488916948
917257127
961091611
548686556
867669734
778704511
546595369
810093297
945098565
618684690
454162721
192904753
465644984
221523903
564513360
62040404
732850876
969867604
151359342
643194287
311458740
944592531
279410866
250891095
209581667
159730778
35581577
909071700
949203317
42006055
17905185
608188122
416422831
577893596
218186979
560966869
626284629
21562283
383668789
666083072
454979786
37373154
924199908
218186979
357248395
611486375
381597974
226948508
224906808
748804238
545880890
280436381
580455411
182557674
916419854
186925879
711132359
780890398
538395950
24605243
189249527
289100343
171428777
549013501
460482717
479351024
316732700
541627585
294333213
542488462
508690931
237626983
804484223
210113870
424478822
28326263
559949742
380164922
589364390
897241761
391950093
386794458
12441926
933770828
56890764
852902481
711816076
692724627
135384175
529732176
310807217
799702168
953673628
142875056
764466298
478857522
964381833
874056040
203003582
679328081
77320378
6947052
142651312
886149339
220860981
27203387
556631010
123272381
386956825
203972939
298554622
487386712
199837684
63271882
63037755
927174582
784702968
165633036
758597164
720147937
388808336
38046897
726231746
372204563
884023499
506686057
172977425
814091238
426863696
951076742
169611618
483237008
937789683
587922783
182781231
722369647
274373544
98164679
603274964
968976046
622918450
423236893
70407591
29187487
495910473
893029036
134779662
328624103
660297517
508752124
382026017
959301386
477021812
360697539
132532
279404079
788708764
231058653
794505799
45407941
170516634
282858012
600743155
867288408
454279019
41246675
258172814
791149625
552943111
741929487
631337138
260353816
984431724
806623612
615953209
982950509
788627282
869427627
875436751
21787545
259358936
595901588
16929746
712792289
35071723
101763236
590025179
772014452
88075283
137182862
585002626
541624867
841289182
844759775
149082579
598254627
98450565
915703450
864872220
398985008
796013376
370262617
729196646
122821244
918461201
622243159
7953631
452859990
228631885
951605634
922405711
902844339
372775009
637858710
547566631
969280783
421535582
209486813
660983842
231002244
773827798
898283298
673815680
218907216
347637479
867570776
952986036
369304347
894152521
569260462
384160745
619731454
732530540
681166903
881785936
737036857
932505247
629840186
109727421
791434344
533527445
169417362
796862330
194062584
240742218
543444571
681441686
351374858
979733970
253005167
158117526
920626364
199321969
512596343
371499092
68700970
27707513
747025972
91376402
390323969
514024705
855394475
654506426
211533904
611137735
438676394
104357751
451254084
174217770
954022117
972140208
297410065
927804333
522888648
179066948
839093813
442958938
474525946
202067207
74228189
209489025
107595933
721579198
18806062
391850777
59611129
321090799
586621600
969241079
412698758
668365910
50044890
407827366
748841656
99066628
183686455
538381467
420313285
205335847
145148813
878716756
922738695
783547894
403125512
388269258
236384555
349539959
763986206
463526941
727634663
745569135
111751087
797331457
328017173
898004220
480147505
733125014
72272207
61111479
719168518
757720562
248393643
666742312
951443242
54364172
223072714
223065873
20324233
925451024
190762087
76279585
363836242
356409024
864207784
332581436
400560143
620714237
387664434
165145071
805714998
737703226
703759868
418400397
236083932
155402705
538767852
142283532
601078448
828647286
861149944
705927047
985843697
783233816
220425549
377690338
293144237
350802914
96864708
653129058
398610359
799590904
416624136
129557159
294851816
241341101
28311986
901981693
817716642
125086919
959071023
790184043
250164019
257234032
848678413
611958915
747421803
330491874
394304500
708758846
746049569
758396488
460890059
919808991
372339449
256820636
717829228
466053271
367532545
554041665
930012583
671597920
982563987
443183358
591851930
54485538
256917184
171873581
943695686
251269085
934255912
695309807
497804441
120093796
946986048
564250834
323857101
659648358
826794140
761595214
513757148
601908695
513006254
23410410
890372450
641199552
977602980
771037943
601441626
854234871
679615461
585970620
104655482
852716075
853527896
212010430
561960008
388245252
960584761
159662342
949580180
644296518
668881994
452859990
757108315
253063866
73712434
273370164
622244463
435078234
865260279
159069278
341621695
718879603
653255761
406579964
218556925
337432609
954217212
806669264
656954770
382683811
219153205
807957713
765784758
901846090
450835550
34302363
716774438
538082842
388733414
437183169
707719219
916667490
270792231
569035214
409465014
579196
878128546
238195881
624705035
846584224
501658735
727723086
635110594
491787708
275216310
279160595
840759707
318912683
829801102
950154053
207914392
863511099
122126621
632834003
801184841
223949774
299378124
863500401
523514132
690191310
517668846
741343510
932991537
224618351
430779103
506208204
109803458
525835323
739897839
346736051
757083417
440656315
633960962
901577470
66093953
923311879
757827142
969506933
487892349
868163833
442549066
495947198
96664187
483572453
429062
671874204
797257797
100025948
298400894
419801195
169938615
649929034
905615446
595937921
873550427
59690645
546949525
434185895
844034451
268398479
865125509
765510572
82824851
443183358
369507041
596337338
441484232
787795156
59186263
900935293
665294613
185445366
978724611
520119675
131123819
416748353
62844757
171744394
25334298
660355534
650355909
388180140
616680755
305177175
95759058
324510306
504086008
21596173
755639239
664964410
582318729
795582039
135178752
308092672
258512488
526752823
310023195
892859800
387416330
89431058
303055457
177456003
525683474
204383179
674642346
93516562
871560328
560094151
378378026
773969220
99908592
335856071
860550135
635836717
201892197
114612200
209371062
657541301
164183740
125747343
859531236
978071727
629017519
322892657
844576990
774139767
176438096
179210221
509517616
877222132
432844453
190102386
430444781
306603514
304300889
325158155
907950864
536675358
624026981
196726846
17710144
942436597
523912936
779465892
74198260
186510220
925859217
938926084
467242570
647072486
914998917
589242387
795149328
949227511
445778448
477839549
838405943
735291163
9647175
378125946
770751950
853527896
182094118
647998660
23519661
977781660
615300772
899730049
27976868
779304334
597371635
161579564
173862030
775383804
622795765
629877630
904285082
205342779
125909588
518496064
621341675
50452044
503669379
174663957
50280405
614601980
959812617
173460996
223085588
607919805
4342467
449295494
160410582
898165697
207262661
9582259
760218342
277524108
441697958
555531055
300401117
737545752
620838716
440623490
854232167
776583011
672159512
370103675
510521495
865789539
454436157
549406303
679597661
722421005
425784451
659218305
332911395
811904014
593599471
731430956
67365148
261211643
677558795
610491670
39634876
668939220
813110382
817640618
378389751
183987244
471872606
481937666
318917739
350283738
767143121
660434286
909348748
388848480
597098027
810773623
546894071
102779468
522958283
610048270
579621986
234909288
183456577
562595226
244713721
380308974
687122815
155067501
456404865
857238811
275001529
474413829
256231800
357484785
675287273
149804444
871560328
933826681
208048977
421173378
434150465
152236945
70921783
892333701
167801572
872962273
86381992
890394090
236073182
223126926
826671025
135311073
771650829
957321864
924418735
500727835
478639973
924054732
593056725
304458246
425280025
289608402
352498105
184949232
951527045
553673625
307309828
711132359
171002193
702879557
51938
298435688
205844732
438485664
582624289
671856537
975063567
888668543
436688469
748317898
101875924
272975926
817745830
203946986
677538873
856353971
681016994
49155666
22535669
143355310
218685257
279278882
413020538
452682592
447597845
155096234
430439947
932211073
512344163
636204726
656833273
909124958
967242433
788760564
853362371
453118588
798016517
564881371
607536447
357134028
737535803
908074483
460650401
785293502
121645535
816069700
384234093
947316319
550063857
210314170
188550244
402462262
649547683
400966505
932149369
774427488
536066709
755250718
196610938
511397645
919474519
88747336
800819736
969974453
798777591
251777958
515198777
816909343
237626983
393470650
72665836
477096330
360697539
904454866
330337790
583775661
587389119
534213005
775551915
673995809
367905276
309381964
868518249
729760773
700012642
947504186
873334346
244798019
752507610
788117529
275213093
656528704
624705794
867168869
368768929
321376978
722497230
878811487
907538658
699004085
944483505
323253196
772319003
822868375
950982292
409466867
94791100
109601963
354888756
54480272
205894832
590574327
529925450
303569676
897298005
149105094
773214653
474320961
332335790
773478166
879501874
591602985
386934324
984431724
139744284
913445587
57925264
135195146
278255282
765681618
149844521
761702834
540855812
529245418
498698739
634990192
394938956
235705916
882975141
15364111
913706536
402543328
796895392
218899113
795952581
564365952
649374902
38374767
745367479
794004950
417985958
881390873
402770718
745172772
377551340
855423352
702517299
464836260
27623176
210526845
371859182
237448620
660113488
310207038
302346580
795183483
402909060
305684709
59759853
769157959
284309842
722360326
550371849
167414768
185406412
399904661
272375454
599399262
132551981
622965423
944508235
870159538
123798356
660242656
38798204
268703533
249625568
120411734
193318148
102483064
224840881
152955324
768896339
971617209
524801447
91199528
856179908
505875250
350494683
768142612
718586785
167116735
150884470
836323261
596905919
703610747
311769154
876111717
832450089
529269317
516637462
795412090
788023499
444369657
29404761
541367148
253812647
244980610
164973809
179258916
856673916
433299438
15364111
325262623
406844597
98073684
275561564
197413103
494154114
815315729
865481429
541661565
345082253
127948354
677108446
573402722
473639455
517047373
864971454
591650685
472588109
608037875
629380994
507117576
104245243
578811218
523709630
498530943
666421718
747812691
148643372
981800902
33975182
120811972
707010966
896513097
277639142
510293122
961418038
574127799
505943992
465518714
969246317
456032959
136585369
485722576
223928110
454640094
945140995
934151974
673829438
343713464
603937510
37703282
903695195
811432309
80319651
776283648
104364927
86166026
980033662
553784960
518273232
41944828
959908926
51988098
459734249
161997492
860090621
738954776
540798954
36161925
875208913
642066920
768055881
65789129
497637639
907386165
859796722
231986468
585028349
417183897
169890158
83953214
726264579
214938195
886523972
28695210
640437743
600425264
167914184
774385104
689120479
797756169
808975693
82972182
891105812
715603953
85311848
748485498
634860847
378162266
240148583
738912179
585486764
27589911
409026001
916038063
12253753
788551474
358624534
40405428
2830656
186925368
270745639
750533690
251528034
98343906
147710145
394057146
640840685
478921872
54781807
532094911
419059286
598427375
309761664
362516286
392272806
709135190
260427232
142061552
604337291
432431169
607676642
97384166
344795012
536162304
474420850
925333682
464004052
247621644
771027658
512832252
382651452
746803333
627103898
864506923
318195368
182485456
239561472
778401742
450835550
521847497
961384698
161933251
519654517
287984469
615529932
48508592
804133333
946860643
334596397
472628642
17607096
919975283
62738908
643969389
563930226
212189926
468087371
302568541
646145877
616622372
711057076
433162514
340764402
924039703
603783137
923763621
909651060
578837248
652255988
539570
976506578
313841154
891895572
118856927
417288335
928967413
915886107
815003563
906568115
813019231
89933404
325661020
668173065
931482429
143297637
333073335
473295055
90174429
728152967
747981831
234914641
879480951
26286413
404242081
694062796
337223475
33978386
486707068
396153411
310440631
38982037
158171334
634632330
931673117
199878720
320455758
619111875
829581746
693405371
329464048
598636446
950230352
67424851
312422995
41481963
8599392
422736537
520897970
980312179
798714762
598243084
852169994
74454991
838819888
463269612
262511212
748317898
190946790
411258217
302949279
294287992
221656105
981539222
384063486
131834945
800933408
689189905
543576144
468945719
17458090
968630669
265954228
386081876
344883984
569668293
154475271
320966556
10821950
696065727
7110267
734373465
859184548
641600240
825229241
720927523
711419053
935526985
504988211
325721872
75835939
804897149
879986982
398766002
135359254
522655632
578663492
204592129
3812733
919478428
615912434
856076040
767669073
492660089
950709548
854005749
699352838
12179598
195382609
397542306
586557093
585677993
369403801
887019895
644492176
134287401
614298803
869558777
351330637
844609931
939048474
804513076
447747726
562089800
592439582
632719830
471967708
765144331
965203839
974706989
503023819
665231528
236380893
42622113
446416288
336437161
626610247
664253860
117634090
454279019
2224726
137601189
967723109
16609864
81363648
861735334
10339
767226187
673476737
211318847
498795651
246931580
510220403
927936833
680933292
938381421
133510465
895627425
124561481
765998556
435292923
470824902
168700814
621650054
95591657
695517201
574430708
507791976
971748579
398235910
420709027
592678132
651476076
898809967
100577513
726231746
530685860
985154892
104994243
671439725
875436751
25769428
17945210
247096612
496193805
824443494
218817399
505122626
608507401
826474459
423259582
33739179
132653821
6703566
672919032
808701115
899574385
753598047
646141934
320144848
228362941
320952920
668605243
331268580
532754176
914762547
529602846
373960806
7080695
495686859
954977681
426455915
397837079
631789823
716966994
186482387
45507346
691688344
116153584
583520939
416382502
912673000
883364917
438891347
461040742
616909461
101247435
357988250
403030855
796406149
163419762
126509102
443935328
854170601
421127251
273708815
675551073
818359952
374411120
613206131
144522343
562104788
15684611
306471438
159666274
138196097
59417337
11662296
912609032
216401758
42942581
270357983
135869418
829570323
416656504
725313486
336547682
506290627
873679203
684384209
215864966
190246310
326400727
780890398
74886916
555979943
112794443
459419306
187044303
436149591
834546038
238348066
822269170
244434525
476982226
528903328
535720603
80070308
510577484
140005855
643523827
237330562
534832011
512865228
400178575
491240689
892859800
562841925
127683559
383223651
939672587
388640050
116134011
69891224
273203273
61155680
168288453
563312236
199757479
290548235
735032321
404881474
146201082
392647328
371450662
757017486
760815016
590569957
985525772
503077537
253136937
760009180
440991892
16849998
77738677
748401826
144268829
953821698
397716048
288952932
476842611
930848233
791261787
623907302
865648064
31033906
500459301
184282730
801233861
584156371
225537920
833454670
728126631
798549854
348650615
96500081
422637333
450712651
287734874
518772782
189070768
229608760
459074767
148731343
544434498
181650584
626306061
108674811
953667628
498259084
508237442
495102466
609411049
6241168
121112814
954293175
592889057
783066942
598696500
90832191
527050472
816145425
396278785
250798285
529821755
662585070
46734130
227411955
272101155
802269620
587558929
185051398
204493234
820082671
539219974
709239221
461718258
827310860
93415581
48901265
352734208
217136794
927917171
857178710
588366820
575932666
615247862
621266353
379918834
161910953
955583260
492669463
642867545
932383458
311406365
482453014
676147930
298071576
252675175
31800506
196926025
418517564
243857133
862228147
838862868
428045623
483978327
19136955
485886088
459603661
733130542
646386919
793929818
615597357
608011957
83783254
532756999
86383575
208494647
478265916
684071999
436994066
176171077
66668490
267757939
887161603
485523155
414978134
189524460
854085931
637938901
131571129
338545017
697232141
755417048
769431579
706020630
224829784
73343459
486939125
450128209
384191766
831237640
493083471
679924355
124857422
273436665
368581408
618811599
642616185
192253544
463929157
850359940
848542597
251085404
644958166
44431089
268197228
700325901
229749185
512727076
920043952
437528509
49919856
811287201
693897154
702666117
185076187
338325651
49286300
586916683
922308716
522667892
359064712
387199900
983652755
646560040
771141925
148880522
903461836
949175406
775459088
469187608
4139130
740040549
976611367
360763039
766502148
420102260
519880620
937060149
383057461
710863932
9537874
652908000
101709458
517621080
947387278
609162483
851690605
71210378
446705903
338832985
484459751
4570535
53874601
3054867
6593639
495204967
414182849
874925947
52573894
466520329
5646630
21617239
75048932
90174429
728073015
87528660
151529163
778018003
197808918
928408014
358512044
462221174
106288988
359507058
958357856
979590871
505782031
741897174
468770111
218752928
35739834
78939442
463755245
712427712
500315186
752696357
60998016
231991931
858209797
651156771
858073998
641952869
509512464
723076357
495479782
674352586
944168207
926769578
424478981
262238180
7973664
498036864
764123097
704199242
330575459
585019539
971484790
461239370
11337028
274546488
707587704
949282010
791886026
662016443
416063874
238381141
959880933
809854881
307147282
115872341
869741010
397296777
90282802
115942917
384464884
333042957
711861744
185205685
575205246
600629701
444302453
460730790
960509943
576277651
152194506
459670203
647590565
195229834
813668154
974795078
112202212
439880481
146749209
332352862
667932672
827320237
191214946
902434506
506970186
925890333
675877709
361371367
394587943
550450794
194139749
265562873
501777439
115498025
151950213
174237549
323480875
759897347
901600103
531265622
937025196
401748156
640356826
848266040
527145748
363068970
197117906
720378978
565556797
201322692
978090636
508152233
220706390
869122822
561434561
955825865
955590170
773250890
440688658
402648157
893586320
822807536
751092851
551620740
503469898
10952585
562498066
358614273
179119962
347576932
853520538
822945603
890031260
258648331
68973704
933774821
235633981
502965207
362592489
820158755
591434940
643294325
506400232
749691803
357515776
49352698
286404290
40569546
148109790
657881327
232882775
766335958
415069400
161011444
715586374
394938956
215847651
680783419
186389806
622046189
774347074
49694966
280446639
724972810
523485527
275181167
427830575
181485243
343895299
483640508
416906574
609633994
886807219
293061773
82084242
57442437
848774303
709595300
152886676
938182756
613395910
622934197
528363366
560573286
274278792
417877769
901249375
309098679
16666226
823749366
498839421
482450465
163808461
274533489
365226484
804484029
822654287
17519498
982105931
8584227
180364349
223893023
410357666
221397874
887579862
477801698
27339913
312901662
821747597
557374101
193283260
668667496
155789541
743385319
874664700
960573762
191733822
461417326
427257652
260487347
566526567
895623606
717590500
297668233
959921847
485181823
791193562
246003880
822857755
217415379
562538353
620477322
270792231
300772415
976462799
747575500
782381465
789883721
728568733
785966469
618173078
804079513
506786608
713177273
166730672
885545683
436542165
943910827
763613773
370561266
640673223
220571303
226668713
580858103
4071275
61916938
961174374
783350223
459322426
971315220
975123016
590521153
157620454
33933369
558837717
557120687
177385294
113650291
268798215
773738034
342078988
348425155
625360994
326533689
975634141
937598099
540474029
173168386
422418119
263442577
254153534
570843017
669881744
782249913
908506109
24824723
638901479
515066616
173369736
705532948
488060029
763296594
312823249
653741907
123328091
859341615
838898561
630499302
273240690
88460747
246513511
719734204
878116021
203627591
186925879
803765547
457846093
284655235
571207936
97854672
334596397
52904725
434911075
605929362
138315429
605518726
371345762
470208158
833332677
540312327
14586241
927983024
354995697
835461238
845895802
451647695
36385487
293933459
78116963
419902801
338956955
808856337
532396917
53975666
811754675
219713114
63584102
658385595
147888758
856067402
298410980
111026029
191762301
603445221
779808789
223244483
298422922
923587579
390443882
356732152
550086246
834620856
158919844
457507513
249388962
256772613
706626427
10952585
299456148
187583824
32105448
92078558
661677363
969627941
325694693
253098582
259869286
526963674
888054026
333817711
862316165
798007832
842435793
549580039
288230231
114556841
206194042
312708771
94016511
573964992
245444731
665147677
22798388
509517616
754277380
661677363
11830113
920542856
869471848
329818550
406684188
883275313
933324438
675527286
912977067
2100388
913162595
214223707
550071265
564048010
450921652
318163248
490612661
331968487
704274577
723768081
120546273
637648335
287173650
465133801
611176880
414903414
165719655
720667933
491229413
674356178
965846046
498864971
819157235
341959249
558420232
710507780
34839194
251421477
121719268
320992597
739930632
452957890
4566893
444801972
399565771
519702720
870381192
953510569
48694547
702684892
256390674
516177333
72535291
15738295
217151605
177119838
733634031
570229820
422813312
23440929
947126937
626493416
725472292
761033558
617246351
822807536
54674685
856915349
26216321
930605577
887243912
464492471
215223116
849967085
417591792
306226475
235082667
582034535
52338213
444176821
222216379
144439047
599217278
470430214
278698213
235922612
135235644
658280064
452661910
582303679
667480151
696883659
28981488
734052126
902788169
162502387
487161351
46885208
236597244
275912808
479271103
717714681
361578345
952462286
596223630
540266504
533696529
936249648
584335327
878110364
545399770
264118620
66938641
817805219
414860564
713879696
466498040
452688466
280523382
12485225
471968048
692846317
480332904
122066654
343148222
683660573
821928814
479630432
508121705
389265364
116653894
191736489
962951566
866697386
759067909
117650836
387715969
870724154
473146770
414702521
831766860
374464400
649047937
40873190
475130114
547095781
880917866
261453131
143603028
510577484
559601524
424986788
72656926
662919545
822857755
831529632
980513279
282571262
713250788
645513720
518218953
920196101
120583629
34737567
462283775
536903628
858597472
618765890
976632200
507427460
848887229
468696000
24011601
42983469
171925266
862185405
281508048
725425082
401388654
178214233
636311122
515341760
634457822
699782367
347786603
729934481
706978136
568675460
670957502
1997718
739589191
468195755
728120183
332344894
341743160
343689218
277066407
834931018
75516143
740043263
231215375
206215434
850907392
363358013
397038406
437307322
120505772
849305725
566897035
339406788
708630285
35856159
498830126
888926355
61146588
704412667
228785265
893177983
717783477
505254960
530407965
771928189
494062493
200142183
243510573
385468486
573488526
443555551
339908301
206804943
81385506
497853068
149069367
763580155
579298713
902381502
505890006
793323545
714152670
925008883
582837977
962149539
417766102
688996038
30943102
348491757
405607946
273734669
426541008
385119556
756394170
324795567
970534970
724411901
341887515
830701137
255859143
209857962
391916218
321239442
296377009
901880612
315131359
768658434
662483355
611662609
448904150
9046822
655066841
580340533
918358314
158035532
952093964
243256386
111148341
934343317
304217778
720238948
610921574
849442470
338089819
787351390
434782953
570766900
192277192
929068092
591584043
810511990
932875204
189709498
838086481
452723545
981505368
708837585
836897608
120726061
103540635
982950394
476186650
710589658
663351654
244072804
419321242
862731478
712370227
412134432
74515497
551733938
448170322
785680664
771598798
636539180
877104379
802210920
4554514
734466008
956954228
75873660
200161492
43763440
278085511
690084507
228855219
391954460
591237202
765015930
968558869
301762606
939741281
294020876
580022356
119212634
386524472
789178210
52279686
196310438
825001732
124063467
877295642
80784956
388317311
589217865
834707148
503334905
174801691
140205553
117623664
619303610
483904209
161169529
402674531
908536941
321237159
148109790
625458289
179258916
434637597
183494989
439419410
762169767
141883833
303720927
526592862
82797671
745357932
984411183
820687957
857240632
5752426
636334513
682664525
361567737
424020316
748839856
299800963
227898234
438888864
398437433
637401243
915496002
447603799
180567351
660523440
127775673
822686303
116139784
869755775
313399816
78893215
120882029
179051887
29230994
271528565
332922916
322605737
454495727
715858371
886126337
617883053
663454416
334972758
977577683
383768840
562012549
737160617
690590193
524657600
619997026
512780408
812842289
275833165
517038108
811312345
78062141
562615950
830053969
24666054
169004559
617815745
22522411
510324524
488360257
455442001
622752828
879741332
635614508
310650324
129650401
219965053
935968606
487378278
765257979
250838458
580858103
133544132
306603514
630009967
573258904
608259998
446614062
928100368
551573394
700496703
573552072
205554241
567705292
408637504
363776303
710195561
644652224
704027923
958810419
30690445
515366019
447154055
878808979
840436436
330249338
174910283
635750091
275663586
479460398
83215055
844956569
294947045
355443239
154101688
869741010
708716125
785302673
718358651
727777020
100094647
160967332
440291801
565039705
331094033
586796675
506232889
665106678
34597948
863205434
552420616
287616998
38982037
483237008
867275422
517718192
235176349
304612782
972678942
44831686
772304118
103589790
296552666
546420092
279588899
531907467
770084018
51988098
964706109
458175375
210314170
415900380
613784838
891754126
134650184
23402336
345915946
150040905
953708445
404964430
562498066
930076190
709730686
678582126
417791645
17051096
377223860
697086804
648835474
932086826
526543257
623207858
480891541
34839194
729674054
77338303
673686956
763277135
805851709
158192975
460887389
219946592
337679127
895361090
627103898
43136074
834781238
695167910
502254424
551798346
475712092
388082850
418096693
217589234
277313584
565779694
431445258
6855857
426180878
382223368
653129058
380927099
228468054
553527519
863676283
237018393
414111123
582306313
84535640
769862666
755030238
966577907
754327977
393410500
450673773
840363480
955475266
16526547
730746610
761482804
34952282
322453206
21009996
469590614
750082973
131626166
159155998
728415687
508512127
848266040
487308460
23760100
204836434
567922682
432256728
383398836
963481063
250251073
859626294
675835708
912176302
935066367
806930378
310324092
803390590
231262496
209994290
638297350
772183784
173377937
307248567
872197907
394375888
784420579
34064725
407864028
846607019
811558655
975549760
965278181
487703104
422208634
834456801
527168856
931487967
673964088
551903010
897699208
232130355
61553207
628893157
38371338
330390975
451350614
309528345
504372291
605929362
441139311
77160358
607759003
911924817
650912569
945476458
496616372
423685689
626267950
470394970
496615117
194022422
324805756
974284778
647072486
26046143
29519701
854143455
365171537
240347786
297418103
340764402
137859707
410584078
6265504
750082973
498198932
385582438
806866848
166389748
815769551
819157235
598965104
367205738
361240152
837110303
174641775
804342369
406246437
321883368
824958450
230753029
81204738
127579224
688640951
778149128
332248567
143970975
874317744
271266911
831324142
305271235
85631514
280942488
630987361
633692764
233335148
640283771
467741570
63979589
479974523
942445795
727232173
331950973
960965020
472831570
165356185
927470583
528682751
762234502
36987599
4174386
795654007
448893998
504436190
199925724
682435658
852082021
957266426
228961162
512706551
900364045
537875107
274089768
467073755
627353679
230059447
484492750
51159438
312872322
265042987
347038788
312361166
915683413
613803484
8089757
656363588
680152860
362999220
716906808
428447017
608326022
482968978
352636262
636478484
874991059
415632933
191208833
638297350
531536036
247247306
711260137
481857408
790696124
224829619
571377608
497094831
494605818
684171253
122274009
863801968
950121213
799931941
64627566
663473324
577492368
339162186
882279475
896641060
616622372
225145791
798355139
34081506
518998606
931171710
740788828
748767343
390207914
559691132
710903144
273581130
416818599
274935041
819010277
702009410
20682145
676272
967738087
786336685
469173863
879447359
732865064
626702801
564519973
958734636
782062381
784624881
600756944
359398172
86057696
655756479
346757716
405628887
763515096
527627623
782861487
743776179
824269252
563930226
165744818
621115891
741963642
73073880
399557723
303848410
542108911
475303496
625111906
485071036
919775152
636652476
180074472
806055292
577369197
349590828
771640249
290209027
525313139
121632368
970638202
853279335
839595602
63867654
803529089
370103675
824534025
873106602
485100436
171188399
874301701
944760178
54245941
113650291
71210378
706493893
803135560
83388816
150915647
650798328
615700279
85287036
544874032
934124199
726134499
445723054
798026437
924031487
38161259
177436547
652170084
75103356
109338235
144246099
105375725
312241732
52279686
98657467
565790416
961047078
28377345
592165251
662782041
796131293
676942009
145684065
297762939
971253858
893760455
554435605
454414020
424446861
620137629
408869094
563363524
511030458
739922235
23393326
376099131
580701349
504486504
441173444
626271158
39703424
146018647
786884104
30574434
474245158
610877026
91783419
980864876
331931396
761197674
540571179
391531675
816644249
195465349
223251264
613131884
755081466
779655328
9948660
273746350
698643085
431309542
379928947
573373469
82960419
203979316
736574719
372570899
328035922
658828598
300772415
803604199
558128126
506921393
618547176
287094216
517178206
759715398
25334298
567566655
472817734
486451499
825792820
223893023
223739110
888645083
506442417
592432921
701354600
249352523
842267590
645767075
419030836
414524057
349827454
20119053
727730429
951607343
326376327
622511469
519355984
413463546
232303145
282133125
76218654
679850547
42692285
432404488
918473727
839333931
4541119
840157955
472628642
605356114
79602242
786283781
734699343
230838494
512832252
615400643
429127506
795999686
377359260
616543838
916700275
534040945
910446831
507599744
516692433
478786152
951573761
531297627
343825699
207298694
106041310
196869012
717892149
599106046
734001784
832873215
650829784
883967692
274770845
840711707
526334595
76545299
369041439
855018776
265357167
827839013
951632268
250983772
444082467
578672303
622684272
259358936
921269443
70063705
350851694
588393588
195074169
74692131
688457479
579017676
481672013
413255557
27772063
389523062
450252290
980661763
499812988
551144815
285660134
834324956
659849624
231975152
235833100
373054100
731799771
48637169
604512849
541878906
893029036
271807059
721197368
630320289
835137047
775088696
161011444
578038375
264844912
212153920
193948444
472262374
579914030
21682126
553352038
311896954
346627352
187898796
851405139
277879987
90696285
779307958
347049132
375939157
92696513
351972448
623097616
274491389
158950759
824853828
984005614
264173495
484204338
160337593
381770969
942294278
930226382
979564232
579605162
857203885
910848851
515811342
215100337
484368015
594511784
453261031
646098331
127536813
727888249
532481608
749263341
935906774
699084611
770915556
215843045
124288431
883911148
774691265
870893909
446591021
446579205
655404483
119483635
228555846
730795515
288971093
700883431
149673294
920042633
971350928
170873243
500670284
597525553
784142561
595504735
561645442
767819919
100536931
965598318
87316902
653166152
67766603
974676083
835778451
765467098
208502931
215862287
883834650
18307446
747715405
511750061
827125154
575124356
590199598
791886026
15147167
687859548
334978376
163228662
820764247
830035409
872280327
956613553
811149562
8085070
691202417
326239202
215746694
884261179
914653012
957292497
388012123
687624091
280786969
304333571
396330671
361334488
253649836
203366084
429588095
851307225
401042911
232517456
442549066
691335380
245426356
119212634
871075969
238952301
761284809
213925075
195098362
676883568
863220885
85028894
691701398
873600875
491363732
50618041
495428574
158983645
526235936
159197194
221944373
20771929
394587943
427637052
323977918
271710044
127806978
933473856
5043816
11123795
431524087
449278315
665534674
848046325
658070825
372204563
895420223
550944917
632810400
699781348
310765182
150786210
806727791
972083578
603663174
470114749
510551427
284665382
472440687
269954336
414571712
42456009
703297376
983168860
319204014
117634090
799284509
654847024
616786570
428622055
902434506
484213035
623639051
331977930
146897664
280787836
810590870
742911330
971680665
673835631
589840859
273847690
716815028
776061067
232883813
863456796
643207514
833344255
141534457
448833143
380782213
533037631
899307979
288541870
734373465
336235344
470919987
291013200
149365858
18429207
769066277
775705036
803984830
9582259
507969246
171825542
877309308
859534872
645353141
271582453
606644734
834765137
157995438
791530324
752257940
625642965
676347519
220880483
25401588
482386736
296021912
316505073
614221898
530462915
39922266
7091381
364364900
466599531
664246714
125157829
738380642
292971667
264173495
469220773
901262662
106980683
279208267
192660678
315509965
452948879
880079860
337651867
827303254
232620061
66902741
836345155
735965976
843486639
188209646
904296316
254405719
244705914
79969221
709135190
387874891
102251911
771276784
230163811
67581234
855800017
780890398
775410074
292808413
529308882
926663501
663868271
858809390
263295886
416700510
580825918
797384972
306495580
716371046
51335129
526473891
959405906
347375505
776582758
403909807
416291580
227001727
62059084
856953145
604371224
555297274
786776676
700657573
376303187
612257379
970130351
381719856
510965991
545102904
74851593
388196707
597371635
365529425
632719830
251404474
336770323
430168518
2552637
658142077
398155849
637591359
901992931
452688466
252900853
76770917
441028302
309929887
524726606
161717610
317457562
429043853
541028168
608802319
813787039
864958147
477026149
720377165
89059645
802404480
858150091
904918903
416216992
638733848
182223434
684894723
298185886
900773752
449333107
473120018
250011241
214637631
677055019
672964856
858042988
144217650
477155273
704861633
539198958
529235113
306338949
700877957
924040321
934496267
48554855
973682171
901327570
802790612
627835051
933006193
969615551
143288532
881157149
74709537
893450978
878444177
17840308
596815319
419161981
206879563
57377511
43705661
61939577
959335914
171259063
209828070
640840685
403967703
223928110
424127205
923807079
394390668
744864197
548224160
200503565
340187470
929145315
582383097
393992206
332460358
906399000
600770946
85221151
960497047
312872322
907779859
302797235
408918071
10587521
19590991
789886461
2082881
473488516
90828097
452925835
234334911
495979140
71416513
146206257
13389778
52745622
848241930
187828069
696644754
6390708
956842950
575136174
805212445
946098508
668194225
825767409
790123171
882040810
609562167
259190632
732553882
384853156
490030659
954827460
291208396
277702196
962220120
171222977
326304604
439803730
120151430
836345155
99418952
916826154
749534501
47137516
592940003
867999104
470393801
612210164
454710768
341434061
225446890
744772703
978214869
203592890
12158317
781322567
572057373
912486432
169374398
172486096
521480129
699977250
897393970
92063076
861169478
49749250
144206913
474839584
307736239
653680873
711896518
175536033
913739802
420946097
762635425
369643080
549211793
918698359
935838280
235518455
858819801
233776685
984082237
377840432
280436381
699067140
197450474
856343691
428368064
783738574
139335600
76721472
94245909
599438487
352760361
553329951
475183604
365011593
137804763
716702594
92751172
850160983
353849621
284438599
263274854
803390590
373814482
278238982
843596148
403980129
349896009
782546392
465877790
395871040
950266738
684633895
488891260
201250550
675551073
108083399
769862666
204205113
237189775
150812335
894132945
638127946
599897013
280370290
561070472
680056004
697454911
183689939
806900041
580257820
483237008
828132164
638380677
291795117
713852322
196773078
494944698
659225153
626615207
909312531
429989202
902815818
325529368
29593660
859476123
260253260
795077679
18028214
388491877
975686221
769102421
167382295
822118273
511874708
357538358
955005607
173237726
756786315
689029802
762868776
772323138
442660615
566618716
305484571
286046693
713532715
548202476
457735949
711454416
133796056
130631127
535446905
791609900
477922524
200458337
343616898
841576459
213677386
750082973
406929808
86592286
918691100
138217956
348748191
922554634
106030879
2890305
851821073
564644611
647575700
290330017
962643666
292232872
541367148
40272885
622243159
795398889
286617657
623137738
211724351
731208070
26824180
704462529
412464549
504896158
529274920
740376661
127843696
726095031
740320562
611771269
283778662
411855704
11087404
930427989
10309651
828552813
370973008
826692140
864665798
899517998
558294628
914088062
567224234
913908715
471207980
207315093
51097936
820272547
321231535
25738567
259590972
102377864
399315576
922939762
384639661
319972268
658855533
436488472
252541021
139794109
111883576
763856766
124440599
726133944
961137743
762194532
291507475
168825426
598356171
625111906
312505768
144439047
857259110
515576881
605056245
379392517
159513244
529898543
807779014
568150682
447972748
183626074
737814625
594731304
884412706
467760169
459889056
963786533
41965743
234914641
41486447
440492136
425607277
275595697
128098672
77836550
480827887
395221793
137018226
55700760
278134317
257153749
726711194
281672251
378745096
732970567
33385199
226687929
540019738
708122630
158254644
606955481
319017330
493778220
863733893
93149180
538204953
243431151
598609659
554176892
526079825
571662542
346971916
396835726
100469156
60838063
131626510
471519927
644305669
239719340
845938456
228076800
65339336
305789921
498413767
649638921
191216974
240863463
417750701
391640815
549117621
575969588
220633042
40673777
272975926
435282454
392843403
210597967
670957502
367549548
738639090
617410237
469333895
63481266
802203890
659852423
463061373
774981356
201539052
13287269
380043936
503165042
637335323
583435839
600200876
866725674
832264654
77964912
943088942
591359455
289200842
728391992
721427324
121507612
5752426
913186353
70085077
58441072
260208538
717894845
905501408
50404912
774894778
49200002
326980187
510163377
837781478
918698359
634407694
936344608
761272362
20510540
956414886
434968064
930460818
498313092
603895696
168173843
690259496
542595719
700103031
410818768
530863502
222377172
110492386
369581108
926788558
907597959
41777392
818928896
934627765
666484807
763579519
211529197
337154681
617373995
283505674
596087269
662618957
813325120
134405598
339544479
464247807
921945079
39874003
967645469
330575607
25738567
851280082
840418942
651019821
381034181
556690071
153657138
373191292
258890096
552901918
126178027
130151231
282858012
529003421
644538411
843113849
674599827
137369701
675844669
386956825
918819748
229622754
943188825
264705792
141944728
836539159
705037430
688386982
833281241
397013446
382683811
432971729
28018416
215746596
99805304
509536390
587651534
400941532
793454658
601656377
675698040
622694112
821717775
672068623
50853253
831553919
900406781
144831532
797000899
896858215
283464917
567725298
659041921
735349998
48901520
618810732
284278185
812937452
693348479
501137664
182180602
151313285
599143863
153882632
647015985
119188773
93519107
488870437
600106778
868503622
415489225
342569176
571725755
548587484
431618476
425788833
679208059
816778361
728154478
165744818
62662666
462421914
439531733
821429051
975894822
790477522
114804465
534179415
393530863
903882258
605035149
480280135
164886835
945660600
845311292
953671222
49360909
842294222
76061264
478897782
70026473
794105651
198853600
363244997
350520515
26444283
849745502
430671005
124438068
95230026
846949713
970534970
590530218
754019456
123047226
868342801
402480372
540968440
855850326
668150569
303682527
807574199
919851859
173484454
32442988
13180320
774387255
196699882
188424882
488239182
363305383
863010637
955936339
936837213
123744659
266540976
504315664
825558607
150916677
670370548
275300080
64989490
590280844
673361489
491457025
118884617
217926205
400927665
526837236
770518433
800828071
371695419
378459100
33514840
803452875
11304018
890141441
830425162
792956087
685788669
554471229
378857335
324647194
608734673
369783178
742789680
71786690
203062245
311140128
661085009
188332346
961707106
901425948
591852471
586155598
927275321
694102666
747965951
374962019
207235337
825683496
286602852
942610424
621869299
922728068
148310360
172638202
292345184
82799117
21141825
148308458
602836153
33319173
938880114
762272058
358373550
823988701
142343327
882675395
355234378
578726282
11093484
469109560
193133573
249754153
912945534
117557108
201763243
832219716
912194841
398105514
52788707
135025433
385582438
951455000
308872451
280672569
61264408
221533601
122433153
841873441
745357932
375990491
543430333
326165683
562342368
896849919
474166660
663642193
903194788
386004121
671342518
923377904
309761664
787093399
396978550
240454679
897196899
726475126
639192521
133496791
751384933
625678179
6501927
742053747
708616679
777003114
598373291
593780859
533668564
509617968
358959841
120583629
596465682
323091339
616260375
96581341
581293759
148094209
110705776
224574460
959723563
105211716
227601700
180061125
65224070
533458914
706960330
437654570
812446865
980992648
398073991
339351541
468270318
168148889
255453257
638774456
590660209
689697633
648054291
897339750
876715652
742260831
856070721
864120623
730505125
142061552
478814147
766315848
9797016
314105271
17093304
177305586
739819938
7415369
610491670
700384618
29700258
977504887
81850168
986147377
36094222
590660209
829428789
415550738
564562251
870080175
176079340
887722146
680152860
56270939
708069644
716027722
274935041
952583741
89201986
957783691
442291892
612180725
902596248
383955165
717616160
774885424
423716556
249788095
757327191
255317809
190317665
946476120
893726482
943423278
165322919
74283699
686556387
463863612
819657729
342047353
258793284
394377114
836835071
676091230
163868656
469451331
959090794
181929275
370003766
663642193
426828886
950152779
630923867
195789594
394014044
927694961
722343477
771225766
980493446
183068124
842579447
629745028
248581884
290693555
839224114
169289574
951006261
698855839
316549764
377434137
448068103
291645601
180600582
657513342
274965356
874182777
354285387
62085496
77825150
504850809
654928960
540418078
632311188
475636894
307692525
140005855
195919770
307507967
466799793
323263000
5821978
824951664
450354395
73893821
345732870
113092969
819517004
188732276
351983723
765516157
436037613
386240139
686459976
738923922
486724983
399421025
679779231
332499852
810359932
552498035
600562103
514029578
145104675
418215213
920042633
915086761
330249338
931255305
275185617
375069436
949544990
2638407
303527003
730971030
100432596
936718111
261356596
31253152
400578840
682781922
66513643
554233761
281077430
850228655
635958954
557377702
143221885
565477211
369660811
853797581
640862110
561915886
760239488
839094138
636657468
660434286
518961474
282450625
242889510
842837850
186887864
592058664
956613553
362011150
501146136
559847442
597259700
546111999
141675457
716013395
25795046
442392907
443061282
779192537
476109488
231734228
207196364
827284689
691568663
794273564
715148081
249118198
609172390
803045896
99090495
133453259
675178180
435928478
870191578
435307300
89758135
471967708
848254943
670657161
750148361
711537170
171810475
155789541
150116441
791281563
506036207
349866874
973944799
892728371
820307271
44955118
48376739
776666457
603147153
56567983
933006193
814479389
19496674
272221903
20707945
914316700
393266836
71089242
230925114
544415715
766774280
586350136
127998566
232977531
292680374
861114252
900655676
707584377
814183974
61713266
768703210
936638618
854960486
472102810
422213750
285084397
705058317
867270236
499228547
500635759
220956999
925143704
204076896
633692764
673815680
920432200
56264160
294374212
980062686
394915498
122237366
917418941
505460023
7083294
476791146
983168860
690403684
169827678
504472520
738343053
429972860
609655597
233150412
468991524
547767122
522488908
448125898
587253157
106323420
848887229
779307958
911722853
975226077
946283212
85188148
181950493
556036660
69877687
423681934
945779133
857970558
285551324
636224042
184512272
595206452
244828870
162304505
592832681
815140622
597903032
908035578
487936855
34079413
249389111
954865453
781973368
682053286
555841916
66463029
718089997
808029652
169417362
341700132
112035766
895790166
883163262
778301818
234863509
833750912
240683512
50492144
487674002
454656634
137601189
786357450
154136599
496604222
616190145
684156282
958097074
638233406
13815983
752094780
286810735
222348584
727867411
440107014
161043531
472920088
445304561
748182171
494850004
616590865
856120711
152164548
507577153
593371529
922947049
543981216
420832294
947502230
968619792
114430035
39911734
193958712
977400091
808547578
579331843
974715194
324539863
812876849
368649546
6400694
546345111
372352502
124433361
598430885
824929904
761480464
467579384
272815326
319991894
818928896
655650523
794613896
738215653
309608084
448777121
932810759
660650745
150471762
848141665
624191829
331452252
373934191
476102895
62903609
470892532
571210543
830797685
843385403
442385537
573634991
915708628
178255667
610009621
318064806
544531571
560667136
350895274
898375143
591478553
728586170
673443332
947419275
712331989
130578849
191116267
678489668
290695363
817881974
868106918
911143676
72412335
159417139
941971212
484776507
484418932
861200711
849855567
640257891
76415388
571255837
943852651
974396749
940315762
713597827
502338507
863612662
659296710
554223936
612984746
833624487
3732432
457033996
893259913
775291316
473864263
895730827
501984732
114317778
983168860
784280483
259163804
646277938
178136558
302402345
869396989
284831551
900913625
940831979
421916096
691504534
603417003
24678672
701875352
414265955
689891182
880071586
633171411
231926341
450060944
901955649
438888864
507621536
482255172
27142851
980797536
378696859
397284764
542262191
309738495
15530747
827968942
635340677
735295751
302655768
193702336
68816929
327592686
852553991
9953105
808247869
205134078
800209437
581707184
344065968
557177183
33636664
578469146
255636597
279476145
869655784
781316011
40673777
660523440
356820928
644064291
278978762
774898145
560233661
698473888
93021440
711014399
489277173
26477716
393009015
457142075
759035132
944592531
428447017
677403562
767514500
193348370
309786214
23884152
288872837
256327551
800745712
765998556
180168258
632263415
172786033
539330165
472452620
401218154
44809075
956725120
340157684
391932965
531244940
961215505
678606928
775551915
124879670
381955155
289132748
663980511
160646207
22635258
141132828
55010707
812422412
770923647
337994468
11960407
254419378
284577482
49025315
897769037
928665904
273733607
110423682
109587451
77182337
715994944
104034956
754277380
758765644
630320289
743331726
236144108
757356967
547378483
506707824
476369652
874182777
903084770
859476123
799448480
342450756
194504350
231049396
606787578
519749187
481496134
57544713
900217396
823843190
555121054
470368933
595178357
476970510
484420895
897355918
197576976
910288155
930100739
683700862
17365079
157664689
747954427
317144515
542108911
213218041
908395561
949133541
745848955
772588555
538491667
456134043
582099894
291411389
418463985
602480084
625696906
441186099
788551474
239052413
537823157
451045055
903463471
499843718
166502050
419075778
743299263
811754675
470699035
931431018
441693896
846190845
830695671
311678325
914407013
313049376
206294955
968814115
904296126
16726693
28042882
97789012
173804910
670873673
613131884
253549525
25201692
715870331
153350558
171873581
22065651
181307361
639654823
32213202
87788653
617406911
901066451
98236764
420662483
781595763
790834428
180545645
306612474
210715157
671466058
608919853
414589555
755998165
671528019
619447362
380808490
225258331
157986329
393600674
938189682
725705261
913323978
752864859
166267982
442604272
968976615
354652737
35118592
386357970
566558040
503226165
544870726
870353841
732655123
44902053
267579405
154101688
619266383
195716800
163647882
151856893
454259178
875135350
779348543
741928826
703440823
357012125
526235040
728326548
547765659
439812890
929614944
333477674
489798391
484518669
373343262
185916316
967508784
510293122
879961359
967813036
736296123
86963013
217063441
197885901
178679376
520791998
436974265
467217497
706560709
367423504
484077054
262980530
296514652
974980260
472224729
866744708
42951442
425940446
950384618
718415538
313912287
166764427
187396746
535512240
677268731
275533787
402421947
359180333
81457490
852577012
241302239
154136599
68740500
187906006
481923608
811190352
703213086
488239182
396120760
320600608
67073353
944583289
418815989
829826233
902305537
221258299
241631868
259828325
917204681
898872236
448937185
566126530
513321398
564366290
363065248
528840157
28868060
515009197
193947647
709371267
14493040
813912569
256685647
560517073
729841860
293631407
215659697
459995784
903698911
522339772
324631963
844842622
64681258
620581405
937927900
1368826
735315850
627238649
821915094
388921500
408480765
224658836
434344970
646761206
491865408
507450325
168605663
450881024
564344602
129577150
783238123
207576804
423342901
900315439
252070187
565289458
682745842
835225700
403670551
657780591
346971916
286685114
318163248
344366603
1215641
339641474
42257084
41567925
365924376
798531096
807639498
141873907
343929636
303369808
555095831
948058634
486439844
597916495
282808634
347786603
262939441
251454131
305951070
279906362
576585027
814434124
869980970
279358329
140112902
420013552
801201402
433628798
598075182
45271812
643579270
424136854
475712597
435928478
279546121
386091412
406028015
84868472
44486586
170749770
742508635
407806680
359083022
737758425
454495727
823667032
777315099
645180851
394706361
308572499
880826850
836000873
465079832
130465369
807779014
199531197
563868506
590982906
182180602
466317613
984809938
654627186
634634400
863205434
55599098
589510775
205067386
52878556
372974794
290330017
281105279
301304901
285571924
928654849
142743156
797829392
825792820
194553817
331995991
419433813
541594841
351828819
419250622
144800996
105149123
170405122
211746889
985556457
805077513
695951008
814193089
27241739
676078702
18837933
17563996
32614772
424136854
196750059
759539448
160082224
477228729
36687097
91204904
23355334
377293045
169898159
305972637
190417646
187154648
357619296
634813335
808600497
516044792
632607034
313178389
967132154
20729961
403481135
128588806
231191771
11763208
273689366
325368988
365403272
535972888
531217770
193325897
141845532
938862050
34128849
146207127
363776303
167740597
806130987
306190278
958934162
52573894
933145668
603351225
856269854
649554763
10601565
171240480
433910166
96251186
968162877
694459113
336243770
936471527
850152165
221447494
543077970
594722089
759013886
281944845
316863940
760699168
954469743
573548182
133389813
118055201
329176905
342785402
47504037
107958581
457107738
297897974
328732695
701670270
189542498
451045865
808077117
752555429
120923791
312612108
909767946
508335580
1854357
808581280
143285584
367230935
129443176
554941946
572823272
149037395
809826851
291831991
836719848
202088734
286671017
983321896
416507853
671799939
17689089
706749780
123248315
692202066
672424704
874945334
208574253
708808535
42622113
479341639
455983222
44192271
968305131
132191965
522237102
425516612
863733893
872647306
786620774
221598531
136298426
600349548
153996502
14440151
909861651
275711281
335373227
882338519
949213332
926462490
136602797
393803268
826683623
209791920
610930870
897751527
144488481
139931259
877304612
90550352
23341513
513240945
731581436
345575289
450398862
869471848
192462207
61384985
859225844
237922393
270172588
268710516
455983222
611544542
183568331
897180696
235584945
748817080
107848605
729593027
560560865
599696992
484194110
880744537
176405630
637756246
779508001
394200423
889474008
760023945
295218756
368437113
771225766
427801274
631587441
805172635
290297809
583104786
526587130
562835763
500114354
702720444
73547913
559949742
209823880
984431724
688212144
442083735
577609776
227067514
356583791
5138658
786407000
903386965
632233508
895032500
890036052
448735559
893919638
489188909
584420010
442232301
306790655
734378389
19849525
929035400
554329113
832873215
246928212
844444867
310268456
202796221
658221921
350534925
308855513
602243965
513621051
712325766
5142756
408438221
526622483
39423454
246867637
520920702
795853198
798460436
868311295
102148018
314613778
533946467
16110166
512832252
661707928
793457676
80285491
981568582
741455685
608705085
294826517
564552373
262022315
613784838
66344141
44809075
559535684
19405521
682309845
611754217
313343588
207531788
429983144
845215826
416944111
339050522
444454480
161431424
353408018
808223193
980145459
891542421
368074543
57544713
703119489
910614074
138463799
412388848
747440496
545263202
504307343
407991265
946952154
166016966
566188740
812117266
897336209
858012411
251749890
443507149
268798215
261227800
216907441
189276291
33925294
780859436
196273620
533291145
267813591
332696928
432513289
567566655
327675001
891895572
228421421
771540507
388245252
585810323
494202660
961340061
682102949
231191771
906273620
47718458
643194287
858037129
611544542
745778188
416282303
231229314
5130908
35148232
846386863
556170457
633530457
573632135
480379955
919077976
595684572
328278545
936811988
747638651
247475239
798506418
209893055
857213301
621812462
851512178
15439565
507714562
978938083
200643
529143045
164120380
876601623
120201597
86008225
177272973
786556195
440229636
462261583
355305571
766567238
536489960
479306437
212700921
770117623
579337885
507599744
132450977
65676026
723233901
62384163
635786752
892220404
73711802
310413040
80672010
325221706
367169975
428741600
740357130
442542269
374309215
198763508
514867727
192716455
177119838
901109829
808300517
637999150
105298212
243635809
412801902
485313076
498557431
440380392
551565965
166008867
866208958
802359894
837064917
397766827
388191134
833800525
506320896
364020622
226572562
456311838
183638402
653654105
809933331
717733315
636048443
203796379
453231688
566166618
798243924
700619219
646114247
222317325
766431227
736347616
89060214
628142788
838978612
738478262
434345712
966305179
956212162
54032238
21462647
419062374
340294235
819991142
773213085
732372380
419542960
295132558
798624250
927991343
505506387
133089452
968972601
816050146
680683615
286505345
316881456
750683962
964139405
149310664
401663285
65863277
403028228
773213085
332865938
935968606
694421400
435809680
386135067
746847199
546345288
485517128
547605236
736256733
36204041
174327578
653448628
259843585
686774415
607554062
775234132
693856508
249388962
97183281
900832662
258104683
967998853
195819245
489197611
265708925
521943538
926769578
969559878
173383641
138595410
489779006
249827705
119979431
647065698
288939153
284743313
358862980
273743160
89620710
848311644
111334621
460698498
679986871
179897084
692849081
268608635
188888938
104300929
287747746
919077976
895481831
865100556
361623551
129520947
178636677
829531156
985066088
624826617
85010893
762718561
618208423
376681192
786678515
10546066
84299084
939022681
701963015
685180609
916683413
552259626
539084446
288419204
800053415
660206311
433548569
980087391
420360310
50136669
470369861
790388373
103641450
948460769
415991128
377750515
775316492
285030912
870600341
681785598
969904720
298714924
877246954
376034227
73705888
98426513
572396812
840973879
97810943
343638152
974687284
852590433
135642022
251083505
275006749
773810294
157995438
16609464
521504092
282823830
223244969
253394152
929321931
615734481
390761345
397965850
105509540
315322872
807592001
320221328
487313946
347064199
336538223
687041552
89743458
424699396
837841410
903347584
619266771
900927103
727232173
416175943
507241322
921744896
413437615
133571111
320189768
617008639
644150300
27105562
361047026
134275324
274002057
4186510
148892872
465564747
37626760
51307083
499549512
457557982
943106098
167468005
20048170
669183673
438492211
30793074
207815218
592481138
148643372
313198710
18434538
77427780
73861961
27204294
316495316
564820533
572057373
414861571
120726061
273217267
722854566
118294953
862134784
322320481
732470734
564519973
842429672
113442934
546644277
832303959
372570899
421335884
761374419
559176966
34786853
690115711
81268256
105629473
877207495
923573545
313096607
226862537
950533479
898429304
980892660
136408523
53605533
233668517
764655083
950250776
859013248
917213040
564346844
141534457
686116965
581918188
471739462
529400928
224845127
366688644
482104557
385985427
928701377
60557817
42947936
960990923
143159570
542027811
97821772
174907851
297697430
188408534
764509478
886780001
188997942
707762064
703233762
754905899
188200456
327933110
349544503
960297740
118037588
440321855
684443961
200428886
851449497
118586832
219348224
648080436
53393847
77254668
17155861
98986718
810359932
376433560
840711724
224705135
551305005
851690605
170683883
571239655
883471277
335423185
921026954
465502535
406392961
732785517
626121008
182873314
215864966
425196757
593822002
585028990
715416791
597987327
763896669
288031765
774096103
749250803
78241410
749515078
73790761
323069733
391744782
354422995
160342251
248164050
222381140
449019234
490617216
978804059
607820362
547926880
915662300
872041784
815280118
708351601
188563509
80561215
816496475
887832657
341111712
698926180
870611389
813515151
588614602
660489788
246440964
5452057
968013341
243544427
803930763
535044631
80655269
61886773
88766741
457139002
706552052
674526315
113307419
232155167
864949932
875126022
238677598
822089875
93097512
11199032
929041542
950152779
582270418
376071060
91783314
668179941
622226466
498217822
810406773
156978467
750075377
622435594
400279797
626740350
865260279
439982955
902844339
81189717
48026355
881008001
878820212
654473957
26650499
672717478
139498020
475303466
501047751
845756649
845751437
396447386
363096169
310338726
76633146
310905883
594641004
340575884
220775766
134663374
977231120
138094386
243256386
624001783
430626102
288913780
564298892
567823510
387941493
58527506
696684994
404421393
255174383
646535058
430898464
560239838
843908187
480824832
593830518
757997780
965037867
863703913
639057423
727782453
872513609
132094391
351343242
306810358
213484723
855597939
958780488
273708815
742311049
929662252
820063195
251107749
308725690
918147910
234080741
755131052
937301229
279569327
122534218
171584029
814520985
450749417
499150676
397772954
702198479
456411392
327614101
886509333
260997433
931399623
611625190
698322801
279708523
468895038
503165042
240172340
935057025
734467758
911194963
687029715
11476712
202137621
227423844
276298714
340453281
788262487
896209759
423930447
149394267
869396989
218880366
372386649
482294391
200988666
764693732
604476104
597748469
377847096
111450347
726710810
533609819
386346294
372261349
976588658
413153944
550487429
79924022
617486917
650776221
500831809
212385545
560258855
716236517
433033400
708758846
954327930
145419242
914971955
413671276
925240918
165682839
321518519
311425783
195947103
150905119
515341760
408712273
140739969
727243806
509575621
572185710
587841499
476520502
653786102
650063975
898429304
208667902
113452109
11468531
974650903
532343322
670707019
658701232
672946568
438639956
409708836
685384791
68300670
204698619
115254584
566398261
518497961
257243269
327774264
853525091
150307057
120694401
698635327
617527581
291533971
29416055
272378724
550266433
17313922
633752920
472234662
949754564
522485504
302402345
680054555
343172878
300187341
240675508
3814897
762718561
814019054
280814387
731279539
151245925
836829410
347679690
618868076
530692823
733433077
975385705
287145180
770154704
827439577
383429798
789913075
939268966
474917218
798977615
88873785
654238229
114643879
516048742
382851723
535197215
631596421
110941832
305549948
550153569
63481266
161935910
957984740
979364574
40707091
959180624
689610611
194194950
33393852
833106609
86248730
714144744
869396989
673591445
980221610
820352577
670190771
495111505
153343415
336409816
16765839
258622787
936781226
939891411
153876763
354173482
384154827
272208507
645624584
975997372
767409361
180515877
710924077
97682716
128566723
763545782
209091241
339834424
110968290
326911871
45756483
96492696
359054412
500310154
825639786
248116511
45712613
404297807
51924230
902760060
905481717
38612895
493498255
853062807
444071718
899421149
532921430
38621712
319069956
644150300
97167710
699434609
93533826
339627421
660983842
