874998961
626314494
513626882
445932101
755783287
243973365
66496068
882326287
835137047
630529947
564295442
67887615
187044167
306702345
849836816
245795651
217593325
198010620
836362511
72881911
164995141
158078451
589628453
284309878
76415388
646256341
145425861
37592215
473146770
232576140
199186520
379806120
758772652
260542306
593781108
129130051
798977365
330330651
493106112
344018918
655756479
805296241
435119812
277637272
750683962
850760385
393027172
896631804
659310303
768376003
816125831
323120821
354025232
811086084
175441982
339935852
234273692
301429141
496485728
151450858
41191551
165442828
220378930
580653170
350622529
976990364
564028888
515645418
359606125
195382609
724446479
414937046
612789345
960599028
203959415
774456233
498677011
460043073
225896029
137258644
915797367
574464788
427523418
846168179
489779006
827523153
288765673
922774730
614281791
476385244
924418735
231457406
640828949
378388522
619522662
90545017
450353449
506542832
525999667
290219931
392874502
127764190
28376989
805172635
406906266
97879266
711369997
493796431
619358346
655107828
898809967
400508430
118237381
781848784
211762428
485214911
46395344
509858382
66869718
451746585
890543743
52561419
240126036
916031627
638598424
679241700
297135791
578527690
251170621
88697773
291457585
619296426
240837298
968691406
269242459
932796495
112595110
968313063
205246793
228436297
912779636
520452095
553352038
981113060
160209003
403393699
364503205
42487061
460658362
45997895
469186781
625925727
701476381
585984166
926924811
522962639
615968605
50657645
906024964
217823593
736319832
859521124
104549896
395091163
545208206
11713870
962120719
327501333
367128657
977383500
979018459
240049099
849539829
578252336
150307057
664430185
466558484
426438347
476799442
121239051
684888062
327359512
776313120
974396749
696916619
257853011
797060045
871135687
290012770
105509540
741928826
756680539
614245892
855311666
536489960
231122344
310905883
78480388
39141213
670423241
760132220
24234928
862681577
166283615
913961441
457033996
903804331
287178887
136514087
951588723
783935106
804104408
813019049
449296035
98408544
402648157
86148078
502532816
355140807
568100765
268710516
345469973
14169316
37410313
99698881
353104393
92028639
378309390
745494437
408032119
625599477
419555828
501093992
609162483
640048114
760005821
838943360
516692433
859401963
426369464
196758958
777395138
41844109
276332093
125943812
547700872
640619154
68380357
724189714
463436330
829715855
274481286
36073255
473822542
451900957
937925003
691831445
443538394
840996361
560796204
218550190
888463077
332763029
600195093
985880415
103208109
503191658
256452657
759538240
589568032
489894010
475854156
33361702
482088782
864425134
448681881
826142309
436003353
529956810
383114010
33424189
25444657
96152880
560094151
493128247
291245128
38463545
195038899
793259651
750075377
239333614
18901613
487015698
771417531
792275706
51418523
929779667
818636789
800514995
14921647
859500688
370672763
893721101
438744550
620721655
937831335
482024583
808873084
582951870
163608479
567158358
874001394
182801792
480198825
691246424
727340186
137704242
809966829
230755192
312612108
634413152
282297581
101462862
866718552
813201657
578117203
792121316
398073530
292789427
912754184
495729712
837186038
72140152
776652779
417016100
234110996
809947091
695306272
40359856
585810323
266273117
556777623
370730635
667622852
406347399
974055676
762283944
225537920
241150464
356618448
455255925
365109244
802383448
338048433
901849378
608112654
145456834
772497895
947174538
821084444
167942793
368347106
169744855
446407132
776231668
274585917
416364555
783585428
944823614
843245264
495467244
613417608
441439889
174237549
826152839
962679544
184386317
869252487
51724388
654986163
581150402
371450662
757693770
213469817
582156373
547593825
4096769
129574878
318191226
579354527
91333059
782153464
796070630
967733977
410965333
898154449
828310785
159694052
460282416
301938073
391682199
141290996
640230655
90650017
537160012
430143597
313379500
422746737
358518290
754434030
827483506
254717684
680869628
972155880
987435
639575226
424133
303320685
207882231
746006817
868005082
208580509
747284750
814611966
973229824
969491161
255647063
18311380
299645719
423466751
647744947
915913587
92597667
889962005
323667816
881748515
576497505
546603481
700890904
285800188
485001969
108257920
730334940
425114156
451319656
203922616
921973341
601225712
276515116
504469670
56890764
829797795
256724164
17173058
106754791
632683630
947828076
592394094
680591443
112109362
154687266
143613023
485184382
84426531
414528151
498297694
318373454
909062931
669093215
487364234
233335148
283285655
150916677
98589877
957522931
243510573
850517631
56444717
501393052
961733603
697086804
326855073
211876974
333123442
709308932
549372553
500366477
945037546
131241663
759105923
579562135
610118371
655743197
482091112
600459903
937448459
307683047
961141227
122313502
224131937
575268903
49669015
403605732
4541119
374309215
530722549
655717049
567793047
760503178
217160723
722563463
755249019
316057115
293715657
851611836
282083589
329795450
125585749
771802831
360720166
562482865
67498004
754306740
752078610
216815814
655492369
165390165
245166697
889962005
523092966
38036094
506380770
747421803
855380835
212342013
303641056
18311380
428560350
828805772
418498644
658878696
582752626
716887380
681317170
541817542
495721840
555920414
863380973
292416826
602354255
411316503
311182531
339335625
45460649
181949788
481716379
533319543
413840049
932246741
269474156
909340172
910611334
839703116
390387202
657329684
237766138
176002025
228620221
376765508
675622274
564519973
584876252
560845744
891328541
219837718
79604709
599849140
75852696
22244905
844434481
583832025
496178824
287136265
801971460
958970450
833925081
3981559
690566013
41260876
144965297
85636921
521847497
142632020
944533436
136661628
402247529
763926929
832115340
928665904
596014337
969097662
607102917
306786756
926087544
964297964
122657611
357585084
490748013
706655997
528497578
94764244
669703268
145184515
586450219
396245351
966197605
32561994
211338077
705083958
433770736
586754193
959477461
27881557
294974735
946879548
335396458
456997178
776324794
774452732
327656426
93293071
633956277
13755262
624740715
229777767
351260558
657249600
890305413
822820702
223149136
514273027
566003285
640593561
484720283
335969379
861709426
671912709
779017293
116056694
544857010
619876185
661445357
948592297
495810498
688452288
5649515
316577538
449960719
379674373
34060120
627628473
584197184
169233202
721842918
13174448
706655923
729692295
494021320
837222702
241227263
141482583
691192171
11289034
477734371
727480099
183255034
38163100
345052770
884985307
735363484
833384535
225577596
7451374
505716027
563869595
236167715
502287626
65939131
345643035
985419302
359751796
911745081
931865462
956551994
547577270
521377015
167898931
592654385
954217212
113880130
94804036
945615883
633260327
243148735
840462747
63457333
269056896
920700657
608863426
219439533
220197379
946322727
639087929
670202941
710201814
247546826
810495760
898133226
318587383
179690606
530544552
333943918
319795679
452948879
182268465
450827572
762950174
814830819
92896564
632192727
942739227
592543690
188723879
591298018
218042041
528128102
732239938
638456007
898134098
316495316
598853652
936062286
354037305
897430941
270540733
525156601
757655840
308224552
240126036
794931165
797384972
161193367
233783246
337462619
340687844
165322919
126407977
910608847
523027959
165076904
740465677
905646852
443552180
894995366
189538734
904012836
548838762
17905185
531791956
683691846
835803265
792383993
361735566
652046991
915996726
883164074
339118131
173313611
936986056
468944458
929919458
644716770
531844373
930012583
858452762
244760396
473295055
927476769
526987914
357294278
967584920
95046219
746350781
909441038
210648090
176479664
11763174
668624639
106916863
300157469
353588781
192150848
367337232
795831897
910009701
386362023
356431486
856255241
440806186
669875000
791172755
838806444
607018297
265882513
406893089
851072049
525695566
928429725
476448835
47674247
540524902
258659873
711439752
605590528
99275512
481284138
623443883
223879435
844821895
51684327
199090585
708214283
87490105
258793284
266263851
56472639
135351953
763829894
652255988
135036657
298714924
920812370
414520028
367576721
811892701
77066467
264414345
918350911
176290857
855394475
865828042
143740505
209853257
147700525
641895444
159286291
961983920
785662079
563057229
907854498
40372218
221874600
877190873
624612007
236144108
651718991
239481642
645484973
254556287
551411694
703027512
799652668
288861044
59526020
500821193
779526581
807076903
170052864
395026896
416764210
885331187
75699296
6667
105406354
338863182
921856888
365228614
255097989
391645083
497231843
367224633
901078836
688544254
817162280
518645634
260328057
849201797
562835763
805974202
361260206
144388983
632273955
941055186
927107375
517213451
386026456
52171077
651680071
933693214
559847442
985744595
360062910
345891952
41583080
962025319
40506588
207791791
53741514
312517314
458648205
22811971
409778351
20104493
975405389
294623027
637789709
737145529
737119691
590222685
938880114
456246508
327587443
179503884
373574951
520103583
392272806
897772947
196918684
177513998
980806361
555436026
364294016
279553594
771494260
403297132
496817580
23454049
35666062
454896015
971903341
949869745
674386895
102776279
544943712
386412451
689865097
330904113
747593432
79504432
160553062
164440448
180579088
737156683
697070538
178380158
756114896
287683009
879076909
981233367
189977754
28705044
583974399
696644754
440504686
864776602
296437753
687381949
674334094
235828375
39739846
490438367
279862052
152152676
13841214
401856770
598959063
355343078
107815238
183190515
7463323
648676657
637366862
16342330
333174410
681608532
257068000
69991885
15487285
337588532
972978008
736321778
665977968
285769624
688407784
658815446
771056396
690428067
28744639
396000956
364293214
117466554
214022453
7454422
827277751
890306334
434963616
594276852
950049872
402515915
828575949
37610888
814142454
333827054
938902532
259891658
61011662
591724661
499191241
197276725
811783474
405516313
461685259
413497238
278264580
169115471
671031170
537446757
381005910
944362172
320637035
874009441
617493831
863612662
25653801
452286693
660689786
634095078
316920032
533637700
2946999
734211574
361698652
331560681
564593863
689990482
530544552
951911453
121140893
670370380
179424866
62865130
194428168
859220856
10159633
609303995
642252111
295180237
582014080
900593847
102826070
13769798
452465463
578271559
429972860
439710458
543333371
400800569
564101828
402078087
493845925
264581439
321761691
304698361
194529838
150565821
14473732
165356185
195947103
422420444
795528083
898571863
766802378
475393980
906849172
674352586
137414086
569082059
377400599
380693378
277075564
309228726
858916627
74949841
13251831
831086772
304837723
361146390
804911355
190498090
88491092
107040477
734060759
126791168
518693008
528435816
933161043
646445031
769721614
361312546
820500707
783643605
438659367
401409210
449213211
794366637
441038779
826621277
445628376
584235016
305809319
116074257
181550125
69519900
132191965
23491413
502948629
117458229
591172562
749488950
359119534
984431724
494483942
166804961
809378932
187764852
964289917
667309199
898375143
556739942
17703611
447545778
968494533
233822694
726330139
44952531
296106315
484260057
922153009
878600517
619437298
953821698
912066404
457216663
786678336
852245278
223739110
569198116
356409024
427777858
443664161
735491930
616795591
640882913
629615205
150225381
127944587
111401746
717626593
307333599
689865097
723076357
518451336
684096825
824657573
670959253
495818912
227582985
486587791
817197212
75501651
117748691
831799587
361567737
431077209
662064040
780460445
589843593
423466751
437611378
929667758
397439485
117097468
544203750
175803390
823260793
956055689
509432188
521892325
270485757
877189131
102292935
852259604
708653596
852699514
353748081
537026332
581701498
487946979
645834614
105149123
584946300
945325978
115596900
61036447
679945442
604573552
943569622
306954823
796965527
508542713
430050543
93922549
942870972
112622548
454812060
401508778
210611039
594034791
530630360
132506905
383221723
836699254
620882252
882392551
460767237
205393097
239127765
678771326
113946031
504214238
652278303
128648982
526469847
477311179
491928056
555964187
138038471
226687929
792956087
952479226
762659697
973464800
404102589
681835292
512333318
944335507
533460050
7344726
64352767
674890308
497002437
544851785
9767422
500940203
965037867
960305867
947321235
365738250
251405701
234577795
933236114
506772634
487686504
575115455
913378083
717370672
836100271
524279201
526235040
801051849
409430628
891928899
307736239
196980709
760239488
17844507
198368865
937130078
613984755
793662074
916638277
763545782
975794188
869213929
720736913
257741228
673126852
141127853
933145668
464379226
237974047
146893562
828269865
408215912
287606553
312480828
453658537
822290146
615807886
353340206
385582438
735928695
414978134
686893388
346055186
679850547
957321864
750211484
451111096
430143597
133361564
239792688
736612573
896004155
16609464
7600359
286199570
785798774
322335282
91247979
323401504
363298510
392989719
308569475
259828325
510324524
498193934
763961114
506921393
244700605
541624867
810071602
171876301
970574360
38028630
931210794
65440139
66937298
96412754
833330673
119322845
553556566
366998549
719194162
501345024
397231582
381889827
759422735
108129914
2627209
174442368
785366454
20771929
735077074
188337397
450835312
846501855
453070416
316878178
138099998
162375169
679635745
357118317
789183503
227330473
149560408
561572
257668541
250710776
499987927
163558364
318123199
157753566
259318954
960971730
484041226
836806079
412911488
340953760
106210409
576839330
769690252
590001763
299621777
917823983
45545358
333008409
511850403
509447860
973593905
519030099
519080543
446998153
424781335
268747896
865445334
200428886
581518426
648449142
738899685
21178401
375971110
44736387
962930702
443228792
851823962
167119718
111952248
107025962
830614506
137812818
677109702
210715157
280640829
730560349
440257392
511422836
202544580
840338516
863047861
658070825
295129110
147670700
60547268
172705752
315131359
870340677
821190367
390478040
375738009
330450149
310121833
553928706
970313351
676858541
312009254
730237770
225531405
956649474
953448363
975227830
159197194
564881371
576040312
763778296
972105633
294215321
358806127
744657171
954139522
614679076
961665066
380981914
462085327
290146785
141230446
577903434
802313792
691592517
409272484
188202708
546499393
315414554
501960092
8899980
495045886
647421871
946675336
64258191
604021772
827042999
673374873
96902498
765681618
449784843
375117445
242889510
36228335
77351549
429218810
419645650
548965427
985085215
797953956
565566489
136341876
649137781
352323129
167537010
403676629
208827603
548162694
205124048
595126726
290083587
828026855
232162600
36221656
253461607
759538240
716373948
234603442
864918889
658640733
71917554
739488115
46832232
472482872
14448672
16173824
568700658
352506360
277807240
94016511
363737832
944618433
384741564
557750015
400427742
144904182
55567176
446566504
268710516
525588656
525766422
283233348
417476305
286488021
519729982
521980141
542038515
720015080
85400144
855743386
36671860
92005085
896422279
517610851
925588255
593575562
63162298
662117979
731790698
914625882
158804995
210611039
671592021
944554388
855921441
681607357
155275211
243581915
156681680
575142346
204455234
860259640
206656406
456778221
551144815
467081708
360977602
494015441
533954390
827269896
207374433
719108088
787358741
776763872
476766682
570467878
495498021
73073880
382635982
358549799
770574637
6340353
51866912
905229676
839731959
611348558
602968227
53586193
232193599
692152536
51789940
178918925
532320271
45057118
698530587
978578224
328829462
456389748
917567331
551339142
643936776
216913517
699139942
417035771
605658589
542697280
100888135
677857100
525599353
241931566
538093481
859069784
425642474
776652779
664374545
276190752
117001545
128575012
210626013
40127449
170484765
234354536
79258445
285783125
432379449
352460994
326614908
223261309
592165251
374519291
911573549
788534015
850239755
168984743
653825780
735965976
92028639
314312366
427214593
100849845
631062996
471586540
334110248
765559766
572191095
440120874
209155100
318587383
428174324
629871241
261029211
229711904
233932540
929238410
806569870
298609748
490567832
277532368
149621314
786467741
285679826
786357450
622733327
489618658
639996487
566447755
496621009
494556992
4155630
150285798
565317087
222754268
985342115
193481300
741985679
961517936
561359747
183194682
930258645
497849431
728244049
687071302
168336957
610714818
719284157
175586123
807573679
738771450
844956763
153867426
782198328
442799758
454675330
979018459
255119277
296985646
284219434
114367092
205574965
288189107
843353305
627986649
895820534
22971302
573628019
56986043
509630675
498372289
862186785
75370011
249063644
505207542
234152771
952152858
930100739
954166650
402550222
202088734
233027483
830454312
916661279
755625783
772423935
593918660
209241386
314060303
158255277
874664744
41584526
342589625
474003160
555536808
852842103
767622801
624307737
705470831
755028509
121510471
435405797
801074901
611754645
906596257
645496544
888821560
307417655
17458090
611041066
647590565
789050557
908062190
896284674
509019021
380649472
739238599
577384265
498246964
745873485
782232945
979003239
597877838
374464400
165356797
790677333
768698375
940852039
678810780
191044569
209155100
287813551
575764433
467428800
95538345
147719539
651015939
547024281
180248693
594226412
571647088
660266926
104386893
464281833
702445773
544982483
721946573
873339988
785400334
6025109
654206271
799159754
64681258
214530717
165502597
111262354
970313351
423617220
62596912
848519353
661189333
577873182
283482866
90197550
15748845
17152949
850270252
26446325
401640910
749133218
586726406
306386843
477816191
647575700
875051474
442754518
133784551
449322064
952325107
205844363
394203527
693584603
688390504
253462876
948908000
475101881
46407207
142046475
68666846
10516536
941775150
713455098
881987177
90562620
63014617
568443748
896299726
967884636
797540874
513567525
809460711
72841363
918075941
213529673
95388131
244476210
509761893
217160723
179912994
709689105
35273596
119017431
761246633
68928106
787614086
576322898
47197284
8960426
962620194
959430456
803851199
842512014
982741492
513756693
733088688
611200569
29260304
179951378
221629656
585730109
23409105
554435605
209160686
501715812
224948355
928642670
92724233
51292386
209694171
370950685
259833050
426638965
238418736
13031181
641628955
137598754
275185617
971159977
352700653
223740505
796255426
615688818
851569281
226565384
466238706
347423114
883520940
706626427
784768399
49148114
134417523
848763538
247356661
581516044
636679397
484958704
666924173
241540456
147479605
593781108
63534080
639408272
977010984
710722976
780746297
521606771
551703890
63900234
541031998
27372707
202690697
316878178
32700869
255437030
722343477
116736584
296491065
481691078
586278665
542885758
569362693
431824130
703416728
799524373
619521283
16013738
872218827
114428157
399723037
479135608
50041771
488906943
762024852
278822113
254084231
926715339
81504912
540458678
23409105
307659287
559905896
787867891
864971454
803135560
340353322
98262426
796429998
949282010
803648194
964998329
736938034
774961283
370952615
209313163
890989086
522721238
381275323
342870081
14325339
364446375
116603635
410932656
162078845
884698995
958236401
555158391
616132317
44078216
588621689
313483737
622816698
584261405
413196222
917856389
441342732
699015910
367783400
78896016
557851485
742873947
259734792
339982777
140765784
506933183
37520495
769140800
881578266
699288780
618786193
149611548
79626188
679241700
432354700
502287626
536328788
951427866
10187263
749553615
503077537
564839739
630522605
20706234
807605336
142754783
88841444
569222772
66498251
150286032
526723967
981613490
478107672
740394723
311022009
7872678
273217267
73815941
739168057
714511793
588495871
879752547
76017260
747861887
323005550
115598888
432763106
15859851
914426439
447888522
258332802
78062141
863118475
842808480
337744142
818741200
451787246
639114739
571270445
27627005
674073464
220147978
682552903
88747336
291816195
108583975
589364390
471435684
362947736
705583958
796886732
188547791
29599470
920891241
243349419
817524166
648947169
55130950
219223768
776544896
758534052
28983294
496087728
895663361
231679683
551364580
757723391
688422242
850860938
304554295
496640656
32512859
899090160
59417337
795689674
603847312
551496135
104779388
96535195
289315394
592253029
799142243
597371635
803662730
247184808
436839829
353691142
887031416
364773787
548232124
530126154
358806127
596623867
355069076
886630001
153225553
324247755
246973280
161596688
146860638
425651324
26241369
703140117
696451378
651837526
363242483
914149309
879805702
391278709
193457935
453218474
7889184
579930491
368150562
499846754
875841708
410637564
706655923
746540540
446572632
311516071
518824905
856381615
257329309
804342369
40090127
804077090
119620787
926301386
914161895
467374514
681479993
879105167
746745718
639775899
910007475
432715472
849840303
587031860
380013355
696325069
778381372
98189308
612303237
268486708
258033271
423642486
917928552
48047130
169801634
901880612
168237549
453463877
197666953
145762033
924576922
29593660
339376483
225123350
747740594
615585956
649074443
414448683
2345880
278336066
84860502
928046618
356516404
479067995
368290366
29294713
915754669
779239554
830100702
364152622
216036002
700676041
945471975
866606061
958273204
244298603
684555233
85968177
624474590
839833059
371374298
584249499
968059515
783064991
30682625
970858201
140738209
732681757
793482777
629747585
935013874
99009172
483932448
737213808
676232294
793479622
939913570
155580297
314793477
935909138
198251530
341529870
957598107
508163559
72665836
69294471
28310422
501650456
447167028
191840452
836017353
571869586
870724885
858928010
685250956
163197129
880333756
513161603
767791965
891722047
357472754
947387664
86574792
420452919
267941891
242869804
42675343
884248575
126555327
511726212
246629061
479460427
584068209
830084621
417813555
110448489
481959199
437067052
839623029
913923980
736890286
377693635
281776793
643595697
234911138
947784042
716236517
913961441
668409415
201258720
175331678
470958458
237127613
1589878
971484790
654107343
978322231
839241978
400635788
825698634
22692237
378296874
667560968
507364784
207922003
978209500
346805233
563129875
320678245
882270598
958513331
639533406
634370263
406579964
310068439
74751101
489593347
80071731
55279933
903711962
373629699
466209925
43121349
904012836
457221333
557720967
724533757
152165549
357666030
82931072
603283979
377191248
300620480
406849441
331341128
938373884
598528461
640945452
952047826
371056940
452682592
799490324
971694070
309314709
268201030
879986982
379405717
734614309
703167993
735235907
388489366
366791009
597861290
696934426
784624881
754401327
547437687
327031786
247840647
706845535
778672674
163941618
753908884
539396052
534636127
162800582
200100507
609882257
810216932
984396290
677732750
861759983
13225178
812332701
642226444
624888519
898661745
323860929
411487455
397603866
496887320
360050470
354765746
115783830
697976600
779054649
139797607
130683029
742442642
323641088
207576804
336635417
358494370
285880343
654378703
863938672
87755517
966843295
675622274
424861965
356896806
587395812
766802378
490192609
625998813
201575014
585080434
817454332
924740949
108923372
64901721
68167007
148704619
340515114
781538327
99162974
250780952
35105126
948165199
893901053
84096662
113188361
804637478
453690659
708653596
395495675
720126389
487022500
210611039
151815973
713498947
601674342
80897851
867587772
268201030
426001912
275113922
761916684
674282861
845444781
913299582
938426209
96214404
752309822
834678053
598672895
50798078
241072884
541763555
570316143
508225129
227781798
553984570
20771929
358886724
845712267
419444284
975374124
267111504
605965697
935263081
46672318
947550789
436593151
565477211
461987392
820910201
812635550
704023804
406280919
51292386
268346749
976949956
844977647
251351027
18037118
553662388
218897070
87434085
72494499
903300220
343910608
648484389
794899233
72148571
82972182
259
732026276
905451524
806748796
493388552
714812326
826573645
815503305
915196585
727328055
537729722
106210153
801074901
593197130
578117203
105375703
445014112
128209443
889429354
677869477
292822400
177489529
921586477
492464257
418522313
308023163
940066848
610722762
406685134
421048041
356039835
29627152
768355763
39235804
502312462
88310046
35524054
489336546
864872220
609814403
143858080
880501331
253749501
712086718
385926212
24448227
38659833
192821619
703974215
696853951
101503156
977772678
732530322
319993065
826671025
863406933
140762755
183386808
783134699
682044058
821085601
710069511
352683623
699636512
658203252
30828527
700285214
745033041
891423536
312291562
301355247
62902104
222129848
10296386
478115109
169639455
284340383
178918925
754006207
907250819
638950937
580342985
380086492
96989888
777101085
605425685
938584012
816890445
409135913
577903434
981679954
372352502
27613385
434977874
766267457
770196998
400934788
374549406
282739561
582575591
953173062
88857790
865743846
125976586
28948238
354285387
503792988
325621668
30867317
758125483
881207119
214530717
728914994
806783381
91392623
74662620
830701137
162474169
550958728
642536841
38848605
32554865
490180597
439090621
240619289
18944015
21682126
58437446
88136064
504896158
581780180
368370040
3922147
375857544
965375263
373513589
303055457
803765547
768977566
964773145
679252130
776287235
249893474
546747187
853199297
450473056
560788069
733793067
428819576
148840132
347043512
513271418
534557238
608923630
468600134
305177175
584377221
72461531
674562663
493152914
134779662
35012433
276172042
234269859
233370750
267424954
694950342
59
583478899
534276647
518643182
119751113
980940891
204242462
915433047
251777958
10653931
286377722
198072089
558753231
572026072
676357231
112225776
563694307
612359585
148643372
675913618
594008614
845704960
389568343
15433807
745033041
812283557
464051025
179019357
876147812
64452860
566805315
60818672
26824180
90434999
667778791
952325107
462946171
246433296
934290077
980163296
756982767
7157243
496456875
968013341
780217708
324776229
135440528
3916592
404816777
9029244
769714358
424431502
456395294
806479520
139777516
420324072
63142989
336577527
364561270
318089935
52814506
264598656
457068817
279006797
778015715
834977048
290012770
324700614
249564773
161251488
239106364
601829956
719549663
794576391
391819032
175861681
322619896
161748440
472089470
262950686
101822171
21461841
927909255
752629339
307376479
938565677
878129415
338195222
74782766
307450209
285332882
391161405
279563077
781715811
858904404
24504977
559440760
253259111
477154280
486029955
728227275
915165610
918425784
706816512
278572607
674015390
872251468
747193952
4643268
911702027
520116352
608354527
685949688
831164093
298504341
292766166
335328807
648653758
933532964
76622995
774066969
204199193
577384699
891014068
940906958
485260759
265926936
313399816
225254968
492290006
894575789
572019212
633752920
680783419
387418936
905962395
496615117
646034103
340812057
582116077
927990476
312063925
462579832
649500912
892593194
652424554
402786673
687764429
595710173
885545683
485517128
498603505
675397378
4028490
416832388
55985955
457577107
289582039
845444781
770483989
50799305
148118753
488131247
856015910
641753626
209705786
344773724
533987951
507483862
262970593
576757123
792101457
789803093
413260811
176171077
106442831
694329611
542484899
593562071
895764505
770400164
538201496
137939089
525878783
608229936
746189174
635636213
110203337
245851277
538551654
10849820
185994230
380369002
543107141
223590929
132438518
207479470
23414488
891212979
43046797
360430991
703075889
953824242
757520399
720467211
54423819
316858400
642064400
700993313
962895019
430305079
545182813
451232021
356210799
224378525
733130542
649317912
638274579
178636677
337067993
922326474
218092905
241324274
815383807
479303636
7708039
663686042
635550466
647875099
524363176
329868478
452266253
632884532
837052482
125344324
272411819
721579198
652132886
125857324
839658611
437997495
199062072
437932345
899023032
843497192
238515616
789175886
674129803
93516562
697800139
728624939
848396824
616909461
927345070
580019452
460291353
456518090
87596524
67640952
832148483
50919092
864027988
392155786
690944621
318944425
362525277
30804519
814269443
187841381
608863426
637180793
746934400
249713899
716691103
326216372
149856801
324286950
944876757
807691054
136318468
921547730
967141858
45851685
322608813
416894936
423654249
230778553
545173413
397901648
601445889
749785665
198238442
569877631
231824739
100043960
444695046
845311292
510846984
346682598
548178607
168980023
512677687
5546755
948164592
877194996
758178560
800868646
627341323
735557127
963357645
778906845
153215863
799944180
282924296
815787019
91204904
53997170
130376621
162502984
760988358
804441780
139091980
447668945
752312054
533565215
105676852
453401668
225483492
862279361
929518655
121778491
98094808
459090835
93149180
934635663
760564533
97196072
479471324
922312115
933280792
835549304
50261005
478130750
896274295
760358574
532533210
316790176
871201259
147575122
421749098
730262030
247440095
891818627
198936297
558823329
374287974
703454928
1554305
492236987
152784097
976496214
865279001
703644339
953670812
342747938
274741952
59302898
915232341
128167582
916193641
27051867
538884222
279913239
589208250
581662797
859675283
345997945
9824336
503165042
905404248
890276554
548383536
252015383
400515523
840363480
40857612
123473558
485116885
302165837
460444657
184152843
106236261
6349109
514993108
403799812
920380170
489592041
674411607
488131247
408900441
243309388
23414488
258381385
50009155
121834217
956943217
763104124
785624708
59041422
561231907
707104121
203469984
184888379
358561437
133626017
782651248
581182939
763391991
768951170
607136450
236330684
436365945
290105879
580355856
359835432
70002197
429772876
363665862
253934490
759804316
901734169
302736519
817637134
24820855
478557209
719255312
944430873
48396421
383453899
340512529
509536390
610843155
776605513
899500050
503008076
197400192
801965165
110074318
44464928
409295921
117404098
414339476
413172071
958396995
823122364
760305997
477225721
107482980
35161981
461876377
672093813
117393502
938311527
256687939
907387674
482305377
504177683
630972597
366731945
111579531
485483166
234577795
687580076
828347726
455733882
778282126
826728479
49042075
932070423
181320029
817649161
588891400
680841113
296106315
446819009
263735906
24156151
579583366
985877514
106200203
638415655
58253500
650266908
528363366
673963063
894152521
676180379
509617968
223162182
783666039
910365970
562891962
642869809
958097074
822544258
672998809
569155369
497430662
104870286
965029717
584335327
310511282
180353468
34052804
389108979
496844563
526502105
311329341
454360515
745205138
82161839
951152487
456413985
159777386
619787550
342780340
697891835
265651180
109757599
802383448
773989813
733967773
82128932
841416619
378019906
895954455
254324125
531141518
44540340
551753340
322363892
721139213
910184164
82940162
789770978
197668913
301593508
726048661
375893175
715533754
963084482
274316640
302883381
272804660
536857067
934650564
793299473
370898235
703759868
375352226
533291145
37693121
239390933
239566875
857425126
886969111
819312212
467579384
224131937
427624907
854723958
421901956
395211880
572689104
282113570
550999829
15852162
562154390
854585419
317624620
94747371
343516825
701351352
207744942
27208717
903299168
26304756
612118599
779232857
38716908
880140179
274794348
614318790
352734208
11469216
970731976
546853715
730299389
367113829
306392941
346689699
381362832
381495558
408892750
900166919
636253397
331821059
785533887
864830682
716411348
705285849
970720124
803355986
566996075
773989813
912750231
359136637
338967999
675024346
282130522
123270434
177456003
134455504
60481237
881099925
688817761
786710560
781590966
414124534
417024874
985317432
613090659
101643521
909046469
210309360
96729974
263511762
885421185
642468105
454116492
312794640
150872323
543051438
567219304
279553594
827483506
672946568
10158567
443431797
743353233
765784758
873476441
950049794
653134332
399372809
643636603
198425354
441277054
459638977
712370227
748752547
780138472
494220473
768555319
306418104
857470109
93226880
468928203
438722834
939601446
953650388
201405330
88766741
207747832
706258103
836931489
764248899
594511784
906572566
895912849
909449832
75387067
403254908
773861544
941291742
39052908
227289990
678713510
821827498
697468972
138084834
787045156
578488350
360608117
830682647
713602012
882040810
539033698
730212687
581400749
8009378
230265966
196428787
466387563
750322848
224184221
854143455
352760361
192465657
710069511
677697212
763805335
106829009
597525553
450252290
15850371
888897649
371393110
256178044
540832206
610722762
697811926
899465835
933077423
651015939
247320987
6278388
459559317
93451429
130738194
531444556
930178246
812160835
87947346
111243239
406815368
151084417
652524218
765290034
139215324
387939743
157024828
146510821
309709345
118411111
242349716
553784960
291944278
869758298
804538401
548512535
862066059
392058781
353560007
590802461
654130218
400520549
844372821
404627530
598310134
721528868
461165712
582092923
727333341
779504709
61754547
410818768
778717305
214143871
222855223
545302917
800505458
749673127
539763579
358313575
851030160
123248315
498830126
919228759
540908166
433376613
674491185
698926180
938158181
416508173
866288881
549477431
55382690
967939023
96259478
618347233
59165991
509630675
448945445
823239924
166153692
854232167
834707148
768378600
498198932
449491733
378590901
662228797
959257721
956520192
781351202
372645371
212576576
332975624
516199791
441672446
459790617
768076787
227781798
161238002
636903879
134842850
723856985
952788946
171188399
262483217
462364295
307141363
597593319
501639098
363706835
357718792
819989113
965970629
504583909
642935888
515416530
646488464
979009340
940368065
431312992
824076269
723959460
603779586
141682457
944527185
64288551
767889396
478639867
356967206
54940760
195502786
535640971
877402526
920245165
223718940
706225697
569245158
397739155
344073083
840371269
611049857
629182621
226766303
263677398
632937323
207570261
903711962
951746209
246961028
135526753
84443493
962566744
859299993
709897870
429027391
874986229
762182252
849869158
391783246
92316743
19388242
242892765
906660779
187054169
548936889
112109362
553918063
756453050
981804113
538511775
821446163
161195580
705604864
697683019
690737093
879015618
549181560
647606316
627268913
413853995
302655768
903549129
231076832
136284337
576555309
342944996
174241750
325012276
779039199
259128715
305297513
387402581
673903073
387051566
311607202
110992838
955257633
58952175
946456307
388719108
913061618
233976705
482355104
337056411
309228726
743451999
44913705
337760742
187762090
652289627
741661922
562733454
437106620
353455222
119743493
418014012
217632629
251925355
949650514
394708308
670351439
538627244
272090113
344596813
817362491
62483053
101974910
73781324
7983633
555716275
313702321
834598689
342020318
236583949
585280834
637366862
719616647
86078747
860569604
614945957
283626268
376503646
915381773
303152662
213419201
550627085
960238409
934439556
116106563
984164705
165562826
775202594
8904243
748752112
13181016
578248214
713660510
543463905
925051262
757375374
171053755
94600190
763793495
937050900
867047585
793454512
426406816
443483111
540668430
36947799
895032500
776385653
239036173
482521936
354133339
87603642
638950937
663991319
240454679
304714020
928181409
377475040
560588670
374773909
2954637
108401594
373513589
346228437
889378119
732798474
678221568
871087751
706328435
311129676
337647046
967141852
373513589
104035132
627262220
596962555
441596820
235062858
25673085
46646624
655405487
331143623
655888649
26141842
807504872
160699870
841289182
494787892
598129163
373366964
877309308
893956869
914313691
70294304
644117109
354275422
120019335
244482756
838405943
704362237
904837083
604573615
455306127
950620108
293756797
268364501
207732189
243857133
642128348
65361457
364509513
357538358
476476646
456139895
283102162
619042339
871666187
113716776
503594098
663999754
722252784
37004732
760634336
79260342
264251366
24083695
387979715
94792970
980317569
521072938
962023761
604342416
385853815
395227071
448303390
894545050
280924787
729471258
330486863
750148361
882093281
410554260
107390010
284448738
937448459
373332722
91557950
97130898
415471672
734572203
708069644
618993648
194400157
711356538
806129302
91416998
356732152
944230133
306471438
33782071
895730827
297905224
213401911
153516014
457740918
326059885
8335491
408117923
146988818
482488550
625778475
801977619
70854502
681717929
259573132
761983572
839873313
134965445
344131332
486724983
742806399
505408781
939618317
481227309
637300638
166873714
817277251
879630502
101599946
58563237
492659348
122975646
226700034
135096268
974818102
418312533
574968610
11223186
778791887
340927658
211533904
956779654
47846075
807756201
834065074
233795818
468895038
611327864
441099167
636334513
973265017
282853400
116474527
303634378
788648905
616031456
737999786
11907478
368883514
528817929
25231095
529380486
588209814
370003766
303922112
770331742
579196
338704363
260577145
449718273
667536695
862265610
293224573
615510829
113592467
378983951
867337689
144862624
718322710
587511465
407604220
976227144
593228248
244179966
190747401
293226751
583482913
795574712
465118054
383013789
553100270
367010364
430271813
417268703
756807938
913275253
873570227
559750006
343234501
983318639
369082944
944594538
596106493
799140015
152784097
133983703
15452147
534356568
624256664
271096503
811828912
697563505
620960245
9942360
181788513
381093231
105873471
317370534
300376010
920716617
919849928
364745175
932112412
221807552
282045927
63974504
61179730
174967151
179325877
63831627
6937848
767780253
426791531
453266846
687062394
401508778
468010086
86805703
934124719
148118753
559601524
663366677
76123873
417137778
264865018
401995768
212682587
760622105
911824676
21632961
699889910
509075215
319911807
680688724
133696143
512995555
220885312
426606483
390737703
943398898
854031349
178129151
551331526
872268751
911346410
80805978
978899794
392323045
560094151
556375313
413196222
735597388
155129607
19484665
105359225
924414421
980807629
817460914
482633565
591384167
669528908
500009810
945643696
413671276
204068731
7498374
59062878
323365939
547593825
6804820
639443642
891820472
290272094
384946890
187926831
503931876
506131884
627489246
511602502
208372981
25938985
289281901
587943935
10869531
615585956
905971604
257749739
35421527
363298510
270559875
794537553
600443133
369503989
953510569
692087785
448928806
869755775
140711210
443450418
682391817
906576121
492691011
9765639
835622680
439576862
311302242
307231278
45906436
526829803
216983177
61226414
613206131
165704130
387124378
948875033
207268942
63943638
545315394
744455464
136408523
700890180
600080782
818845521
329176905
178438035
268144059
955936339
95739143
320168329
304217778
653194205
51822586
61765530
176758810
63745218
283003521
166258695
807329829
768545354
911331964
920716617
866726140
306471438
499846754
481691078
637365443
432316004
391559100
502204144
321013264
172496841
913541473
297298670
485387632
837375826
435681600
773749806
581183978
772428083
632469538
211994186
254766870
397222882
67247047
781321650
963882484
663657271
345376740
840595164
220633042
397317569
233920760
445798055
737213767
221452015
782289719
645678722
287951453
696201103
808247869
840571121
818008442
787517767
671135595
700132492
390189357
206807834
828293775
858116910
366783738
475552092
294287992
298088293
23185468
586450219
533326632
431956566
622573543
101688889
847635275
46867991
705432936
749224030
668156317
707537212
365645067
632467554
816229704
425295900
724625404
758436173
314627105
839703116
754875533
537146636
722834318
863029600
769580118
140565769
731135891
408158283
400951173
698855839
609092924
739733864
472837759
120037782
228726175
348491757
729240705
813075530
131628132
732783324
35290134
553055592
241360685
175461643
745866025
264758821
275259389
346421133
907612361
56158505
118482169
764386648
288171845
931156786
39790077
920656256
319876315
634677694
827951237
691349143
556556713
117634090
692739679
37029580
427388690
827308703
846449950
418509106
820027929
983118321
314215718
633349040
798006809
941653946
714598167
208546462
154237432
810188048
953267045
61493833
529948669
311125856
461041329
248393669
763090806
580459693
658393749
113034031
961713010
791769981
288892585
165724552
942081863
238952301
103166014
666598054
44566240
341576597
676521267
807233088
96664187
878820212
909599474
33518858
187520843
220119590
396781295
285332882
630374759
180407667
817649161
221657421
805111485
745494437
503021597
911547735
876012107
469201009
587507356
689101244
850832927
732785517
702498894
56607028
533538521
337056411
655698217
839336956
769211347
422515135
920518061
954252355
406617310
916378724
384288368
274373544
11116770
737119691
845311292
566086484
597647188
609055074
200588754
250798285
240545793
945325978
893459614
259190632
383786260
811922755
904848194
978404839
438566928
751936074
807083346
787136892
874028474
389922966
604419810
490290828
250325028
99497724
913009839
863980021
319666784
981548580
769047529
52517316
819304859
224302067
194395457
625434231
432763106
477836669
17583134
639057423
764932694
476379423
593285117
40855239
760512220
646641705
372829046
14164227
632012280
38819856
511746368
415418761
459499931
288652952
581134323
367029099
510336228
357559295
395304438
31551876
291659164
433268807
175066802
731288070
21775706
529322320
357050280
757059868
914291262
923005457
44189220
118382354
97860601
164183740
679529497
801535205
837382774
21048653
518744553
794772422
863614770
862807872
479259229
867751639
634622278
193538495
873813552
922342066
769189469
871666187
918698359
978698641
839595602
404745837
428546634
211004814
321633825
264920383
674305927
231810200
963132710
471739462
488629028
356820771
42400192
309492159
527882767
177520256
574220256
441661873
917132201
278809938
888326640
218764981
938897463
808029652
417758165
621661960
153189185
207922003
480988446
389463360
927235627
811432309
879778087
60390301
332967205
428777204
636578825
427790634
691443436
547453070
437202430
434940280
630950804
216032698
747106715
394939011
757102634
969941823
720232742
365696167
444532710
350240923
756517286
960039631
465553400
125338394
846142154
568837629
536487933
639471922
977187525
24133123
295912997
980163478
62547544
24829582
568956112
256811199
804421290
313879813
673162755
870916348
830696634
663341600
875234040
400148028
529536060
291181474
842979050
202252099
920716617
562684217
578471531
869929357
285540460
582693625
969890567
50049653
735676486
149244236
314238953
233093730
580698070
365795725
797763410
66962159
807257161
73363263
209285174
223362214
644795146
284506764
600113339
624184280
791841605
94102117
81254422
705700641
369455958
336251771
296291765
784517393
764755777
907205599
333263496
32469837
208431326
730416399
51474895
368052582
740788828
350501510
398995250
473184172
918188116
834463776
176282785
971576255
165370759
261629988
901840947
880116321
768073935
484952709
174857172
903078136
128692443
830696634
100874259
829258279
837646099
775390213
67457770
924804344
608548236
422842340
275144562
251099460
475137278
585272459
383786260
143989122
115639416
833562652
261578383
657168998
599900154
15626583
278002223
109322698
326597558
864148444
947270576
578517165
77714411
178381878
359993351
863497637
898883769
114575227
834463776
674368814
562505098
422188452
588804874
841226997
792491985
259536193
69519900
477334246
378696607
322472966
503480835
0
66835386
245729
508119014
759539448
656722326
956218410
902391963
840130613
213646606
250972080
372920074
310869723
933967894
99714189
678907290
597748469
450245535
265245770
514293013
488487607
577739642
563555935
110219880
645580228
575713317
191660246
425824766
150439882
413464408
787592986
104093171
825833143
456163106
934439556
844853733
54031725
115338043
769491035
666362571
436640675
493295485
83615093
130812460
741725814
22636927
826451270
921034341
241227263
93195656
107204905
681280571
898211876
340184069
31155503
416714542
799039888
892712802
740496012
451415282
347637479
379140748
437059678
397770929
925757960
953827969
393943553
497804623
908353250
764302523
716691103
411373953
247005958
707252840
279702417
145103999
680505549
330134644
701852713
470018183
586212041
830624048
493583804
235107272
625150126
740979274
532754176
123473910
215240960
307376479
388821531
634755098
677085664
635579425
903908363
648865489
854578610
515408338
23065921
402956487
651989526
725472292
52070567
315998732
75467312
396038776
725890637
808224586
386979294
220378930
295944601
148049051
384253039
16588123
358207556
258377025
129241599
898229494
954188608
787351084
811082566
694730916
770883909
32207673
1927971
4124023
262277060
54032238
333715772
547964617
210192020
551031325
841974810
273869808
807871070
54247318
535165210
394304500
303647921
153621339
283237596
934415415
937494882
493378664
269638977
352506360
197668913
359243750
817797212
853222277
430089772
704290493
423101833
215240960
484817949
74945203
67245323
507133254
366717058
333536701
454325660
587828864
669086030
303569676
302010379
71533480
366193028
19405521
980239356
105692508
576237137
769900672
192234328
440633348
34604701
224378525
165013371
477692132
86271209
489786933
522123733
766502148
612532885
145893470
803653681
747366551
308649071
17558427
357066933
978840234
104428830
792135440
493467774
644117109
619555196
830853980
274878355
207973775
359451339
387972690
344833130
808454033
739450314
285039928
792642621
692846317
378376527
805949769
100676173
945074970
315875166
670963338
687757113
236292820
716626179
491457025
199752444
974301265
582092923
61063115
596084321
314613778
696580901
457860711
392078130
939588702
404674140
340582629
621898308
819304859
758144967
808695703
440120874
360370614
104870286
264004016
782249122
881580694
31854483
521145969
812205068
633430307
777552949
409818483
876434563
568611704
110541264
871666187
693169536
719034840
337299588
909893401
494190928
65908234
851942839
658317407
867587772
332643150
768496574
459947856
357875043
534754393
147648016
143613023
916763707
98408544
579904718
542488462
297740908
733941127
52854689
375395625
93308139
946847477
258830596
417207930
747800672
651225099
618225797
741140611
57501271
791261787
770397435
858551802
250832928
261438696
600425264
375750528
893459614
149842047
641221504
964731628
282350539
301538047
118586832
574749909
719749238
319795679
182362064
25517377
310076525
279476145
13279135
195023602
83698005
670657161
703684866
107499257
706655997
357015691
653812327
618747344
961068306
625104934
405733584
16256983
269986679
812576416
964351070
721999623
65557946
397551367
562523488
464243974
598115042
682467787
922388461
608478303
918827280
868463545
287826670
42444992
190313144
69407570
856469096
449840180
550500038
901148672
672823924
586872532
826518655
237361636
144439047
414194315
208580509
479274842
621969604
491081666
604129771
180377791
248087062
367470343
376293061
52150738
236414717
868045153
117276463
600710730
595907718
210173392
786864308
831990733
277130180
242674607
968538123
333287640
655856221
890989086
462341570
342339125
890331994
747183891
724292915
693842103
47123482
680182739
884246445
710248146
899664727
148109790
215484834
703721470
561954086
803149395
55856324
309578379
313963890
521739055
134114151
372570899
788196394
57966588
208149382
863277987
633946470
711342957
125206785
720152304
550769546
49151965
783739128
703322268
892867972
66437273
659358683
917292919
245528418
243618543
456898817
458810407
366391408
271806314
315698133
724325822
554006506
655483351
753521217
946883024
599900154
532817219
77975074
103723885
348425155
386661725
40162291
916709723
558802027
282853400
918815281
258603098
327337245
164038176
149825294
689970845
414404066
174237549
329107260
629647037
854969934
591540033
225587732
700496703
872904160
764173553
264152942
294823988
388131120
963290628
88380312
33902402
58189257
563758831
734614309
197017279
811172960
151313676
12683030
109088839
331560681
607689930
863856448
691478813
488916948
233253278
807557647
476428598
44505938
78757888
974633819
443935328
296437753
526533698
72368233
957799272
301343135
529157475
85251385
332352862
758152935
16334039
109468385
162382163
647626274
292315071
190260642
938822852
441226746
245938567
67583015
506985255
261165106
422982802
794397338
684096825
293163403
287719785
939283669
150471762
496757137
546318779
425666637
516929742
124043343
813362398
171665520
232116009
468015520
275311992
857526733
739806167
406801639
368466813
220932609
839859598
365390121
20363633
529022337
422832190
408733137
507117576
183494989
120264171
698530587
425722238
690876425
250131769
477212895
153572493
723316205
397128713
308350432
628219438
829401428
608706971
450999405
401536035
613638394
366486417
395455476
720317893
540312327
144004620
244204700
180722858
268050596
188511853
662902626
304217879
845398908
973944799
49352539
579066460
654130218
315321488
866583608
228364733
112473530
412656847
22374647
422169319
876325898
980410830
541099814
835721982
2100918
763943454
199434486
254628902
708748450
645920702
60123749
339448244
210577301
319170585
834607282
811244029
410035302
201818637
379674373
822647598
112816811
832951969
34273438
749488950
680621015
404760936
169295874
444584289
539546453
579591676
604477312
368011738
655996833
12387402
151753922
42784052
184892319
546719311
483764479
600572036
182567175
127983179
973463030
750034999
976773196
3267435
675551073
37363233
344801926
627772853
9406239
458716540
582556406
711342957
744859176
907390274
203993858
407409689
711273692
84110496
95596489
196259844
506803782
258123333
147672552
888838457
362533193
929810978
418517564
164891250
856323145
638415655
31486664
601701141
474730811
307444752
518693008
225586837
63461336
833782883
443039213
196275963
443295335
163647882
405577461
98157533
976071350
386081876
167116735
511771310
552188507
397550166
606133036
634407660
838498500
585620593
648708710
332692313
785009616
797945167
387019805
432514213
280982486
312339488
674236703
118122266
358114528
951130475
244265665
545765502
714701646
861504593
853757991
164512013
970144004
320752047
484260057
621966150
143794556
847921257
924703409
554006363
706511073
983535174
525403975
280167667
940136932
743080623
261806079
507360730
711551280
288031525
770900079
316519335
868605669
454846429
485624932
816941804
227201889
896748540
80738452
299657332
61644036
497971981
685989398
706470507
154592943
52561051
776967912
656406233
288944687
660063066
68284293
963691225
196026362
894393361
958659231
50187539
401236195
565432751
393607956
332458273
272204058
675185839
261521288
53256661
775092806
77534878
936111617
484731268
354140376
733960882
187401944
190050628
843908187
646531848
60856299
643833804
882351835
91976562
540286642
15200690
134517993
190980870
832922604
493083471
296803256
660261076
71162864
918647133
853332673
398466471
24852926
347995503
546763253
722719194
198723811
537088149
330874221
865426002
309399651
92738469
582903724
248076632
412090026
556904051
870664561
625939263
620716811
960484194
769027691
147508649
777823532
602356880
761721129
423508626
380579728
639821793
744117916
915436440
523904102
425692918
919472365
940671970
119017431
478897782
565242029
565296079
361047026
935372534
772452323
411780304
213725261
583520939
499968243
168844493
456922846
870354143
58075016
759416080
975270164
255613477
980982555
939659365
177956918
699003096
967767723
897339750
938399363
799002091
980892660
97125247
79467145
891889629
326006279
822868375
726762352
764928125
200790713
535117369
188364224
732783385
394532055
728892563
832041958
708081829
590285416
426980812
960841620
82987482
329602244
720364136
67489853
423681934
473120018
918015260
716319166
54603907
251243487
842028926
544840319
132963122
249910257
329282266
709606959
214606880
207829632
329500908
254280309
746369657
378088873
505779941
479268714
886243263
248844689
376180715
106980683
547990539
636818194
512995555
368001912
196946076
960305867
553813770
629777006
793661355
758738233
326495068
795295733
922917526
178662065
732530540
815684047
2795936
193457935
226512010
829337581
34928748
232094134
967068511
831184186
686994110
458493511
80092176
249254331
875850155
716608764
980620883
336259393
310607658
874176161
491016782
633430307
362417086
866606061
540256604
87591555
1945054
250443607
861434769
251913657
59628526
925552897
841588180
31914775
363096169
517772730
195515310
454667639
312654726
657355366
754306740
104684056
546839575
90281229
979537308
441309346
634857298
200031663
733177366
17885226
986250526
544891844
594890856
22280128
72309923
130926965
742181665
84616370
109613735
298573641
291465267
230174023
831814076
613887571
27081986
579742810
898229494
709743937
163927674
862618805
10891070
734270180
174318186
432333407
105127942
848596945
898020037
180938243
848989278
151852612
738376280
326697033
833859188
764240489
275001529
676784216
963312540
618012706
240155232
522609246
436974237
979395526
287740650
983355427
748967471
766462276
884013712
16548667
746140234
703812226
863783457
260253260
62935490
623656515
768703210
635332756
862592451
25386526
571088016
442037845
239760953
811715832
700209930
354000103
140626540
179650852
492730502
47329672
775852005
944943153
847133077
897111292
536984065
35706947
614283776
886780001
650439580
853317019
824503357
642698719
533705317
77856562
754975187
94828168
944645847
306471438
614735062
123448306
699143031
506179962
875704019
705088014
473003249
854733742
104781472
938666922
173678460
467628533
461941625
660906151
877041808
246927976
45997895
472590977
630961090
4622089
284555554
978556008
240243571
362264337
752443184
483638212
243166339
508758271
564442652
746556962
737851074
709959640
394111955
825189763
143014810
985833370
403783676
217549624
514843814
657279146
646431752
168593624
727980608
499812988
846339285
1114856
917130589
575185271
105932929
369420262
651680071
382108539
571594368
972006889
926270982
931210794
519483679
4919014
764047925
232261804
155008719
486676608
344831524
554329113
133652838
119090628
241331117
424494407
623879764
864666944
939267604
849035671
946423771
644825736
335997368
591584043
810627229
338877305
453210916
325588122
438880983
537454701
837845067
830568416
409777004
461819867
314856014
333901575
567517280
937675564
777156324
314325851
880707447
660403478
655581960
580063051
392541234
232003923
915719436
395334659
445524178
900531803
169311503
327110414
951774095
874045097
364709585
676474379
857623089
46679611
289378917
162963300
608761141
902720705
444656321
590327295
523329287
739667185
532290390
826479004
330167411
276204796
341055667
471249734
182095118
763115199
171257392
207090350
101994488
124165943
525880627
327420420
636022496
565882066
539101747
117665041
427670789
209699364
94748534
631904083
202010944
89416733
519160097
508776910
300000857
217790847
740494848
957185518
178967608
462344618
873673248
661082755
755625783
88271024
637180793
524004034
660026206
806754893
638862578
444082467
370112791
469956286
791353787
916336179
298094745
666172726
619536583
983083686
429621079
907480045
198638113
16866439
846138429
630311696
923592282
191214946
777045407
176949964
598316388
497843073
187044167
352327088
188424882
597603864
38374767
953918319
107156713
385001466
782595972
97937621
716357377
343196485
976098365
800695258
761654146
711395157
958440642
123914606
144896202
482407435
540838606
351582395
784300329
385552127
515503688
810869666
851856457
302944594
684291981
238418736
474306289
625944945
117663339
968619792
176578562
313655400
904955924
686479593
648172574
586139095
255742247
644062903
872208152
263714367
239573904
976664822
28003392
365642055
2268984
372208486
16369171
591621727
861802305
446910361
497531945
89298986
164065105
699234005
105194354
859740199
556407993
844114875
663408284
134111816
562758818
774360434
764386648
239412840
525686729
367290344
586915455
950661036
524687166
644232479
100043960
44244500
411373010
975336943
796680620
633574113
123919537
87696680
924331023
351271958
255731457
640064295
184726906
948208935
524244527
324359712
703463086
956875333
67908693
789208687
568597111
887050491
566875796
420732477
206266133
289368659
121113582
530849130
794258988
718386232
441790956
506753933
9017773
380485375
707555797
527851314
84820387
411406294
197540569
699272517
866292246
913406789
678787249
147491420
538157877
770162808
694039779
47580268
907152174
827905134
359438049
380764424
238168856
638772879
180990132
689423149
426287353
584870255
519907700
339965709
626700945
617440487
249641986
374140950
395165815
970369477
218483121
44464928
832841439
377845372
698371111
147195276
783755907
241358065
90877546
47900724
819657729
622722850
56986043
680762934
826974848
815594461
685403776
698994192
760879420
319905929
914842302
253674053
852922380
842834506
544806661
837575185
284665382
23401757
17365079
442712768
450827572
545555252
445189523
564519973
873350065
435299013
252026474
424328152
205562678
13993313
532971570
119497512
17164169
691592517
434804637
860090621
125962422
891287398
660222825
926747982
777853810
977583327
934182062
630334220
619994920
24722378
319541683
652576137
871975706
187710356
365954348
825882016
694260636
12080729
1661979
454747301
506354798
756187092
420373194
820815666
14104905
5531390
869343303
767681484
907723804
433942504
259334565
434492462
751566845
133239302
305080707
711226932
862225657
613596057
795882610
441303209
237019654
959609764
638908805
909377848
783782147
77149492
702684892
791471481
205636901
910007475
231054453
747181724
62085496
168825426
475896252
655552014
790536114
59226140
918807432
535816723
844113426
91500505
773378632
128949655
224021680
466639630
188766865
968972601
454413863
176709533
497838827
180624814
356618448
686816375
458749684
466801793
819049045
576392416
320736751
55931615
578635612
940723601
324803860
419075778
597187249
546535429
690053506
403354003
2585389
661964253
353408018
134842737
269767979
584708603
106210153
762611327
305474427
74554777
830816510
199975362
510035347
544347720
904008431
640800858
728551054
763461503
226186031
892211940
315800390
730550854
751866415
821892968
523554097
792481196
225123350
863520129
227330473
843600884
137671342
257318845
704274577
262195320
596522557
360353050
200035500
702527929
479015890
90832191
74436468
696640950
949739820
147438387
732987403
565129470
534474975
902350545
144407953
192012674
528298147
874110292
729196646
342438960
417897049
972515702
676263889
976297166
57780463
214913305
545208252
134275324
161658347
930840407
831952814
376625766
179080241
209281686
930247492
47069574
242324374
513590951
914584730
931547088
833006162
233566015
115517461
365751572
871479325
178560167
623222375
562769906
911666342
75235605
422403903
232001611
636173938
547600159
28377345
551694967
499847679
694625645
27339913
819991142
189275397
209542982
985140378
218290680
801421786
973591887
852336887
82111909
879887914
568033944
903537924
90197550
356984141
469460151
329621575
382205139
862351045
674836290
654115202
221240376
145424447
572185710
640324594
136318468
876116505
589412096
656626545
980894830
766734036
807762077
307352172
883303025
397971070
564855111
435808421
779075480
671449105
537537418
560619246
756194675
36282613
179407892
349702997
465086240
393750554
861139919
277577660
601393798
671342518
448392870
419462568
107808827
292600337
358836897
192367489
613419916
535743085
688400356
397121801
852500086
104332651
570465963
437469545
770798572
195132456
532981592
54218924
93128883
88460163
515215918
786784743
632793122
775042690
503008076
670439776
161082183
394171636
801761310
125805447
487432753
624955688
106118237
665371321
935978268
391412176
769479228
836048426
268144059
505399276
466836655
207826914
985822998
224627143
221552070
623675177
119270976
266315292
527310216
51476103
667461227
784305905
719274637
963608707
266942606
665164131
342949838
176121266
281914403
661797066
277637999
612276773
229240224
190821053
913740465
294837045
621474595
44518502
38780090
424446861
334091651
824672316
347049132
299298776
729577477
61610670
865287997
723612266
372148416
293112415
91392623
56564729
644463977
807638930
558663708
454158388
879812881
984961281
380245858
446711990
710589658
153522315
914196213
872789918
749401637
582318729
137063667
466317613
793433129
173212447
157067252
980810896
774137558
486545460
22325532
336429007
50297793
315448798
263973403
835651274
640658527
96643790
981865799
313651129
980268589
439743363
476886281
562492696
666674709
433791357
498698739
373941679
339351541
507650341
151202893
204153840
557750015
41004389
23244750
970075909
29823034
842782764
583974399
65862600
271528565
352374866
338877305
15867423
660855118
474405656
862444812
658438486
656105153
142513535
32043398
477566282
183442616
917892392
538544472
566996075
609655597
703750196
569941297
171428777
1795832
134307335
872112211
499135423
403438826
308480812
554388594
760837009
247019596
764240489
478079410
880331506
110956625
410016160
468359882
25738567
921392578
61398522
955287417
779028842
931449596
556922591
689398243
530655464
443581912
665024108
923616647
558450309
836504320
122104638
114049386
112653107
387402581
208552791
496428644
450528292
985905988
503917482
718912918
981408860
634095078
546336143
454162721
597220997
72272808
800096143
80908973
560255855
609564626
98450565
55226012
733125389
598609659
851695291
712325766
556964699
686704643
1314
489085863
532396917
498535556
563485038
375981552
327750849
579792704
433033400
100731090
480702715
298094745
817618157
220570070
350601070
433930055
347556409
416086259
724725866
969577496
92196329
40896595
200101973
724387046
655862978
713808560
451733347
160982514
40533306
341454951
913394718
796218579
644533317
47348196
878348461
788001761
486416818
279951650
621725422
980239356
693418959
693394725
213529673
474883348
375435405
556798783
595900390
174583216
463166674
952312689
210741987
788672562
68037831
423764085
845494117
508815451
207159709
428656231
441994905
20916979
817781189
642556400
141116015
784968724
778906845
449630889
800446822
927054610
242479648
764386648
876838540
168445723
24756662
383221789
836280523
272035207
734835711
268486708
354723020
932706058
94166751
592650074
221101880
177475450
529969656
103442992
374549406
331813045
614139634
829937071
940326839
784063072
248982974
246433296
57181237
56550579
533326632
372918284
229100344
357850504
761090706
748850538
634718153
147925820
78239561
499223693
599376957
282082765
86692549
138044126
426302701
736500699
708057109
728682004
937441029
600247592
911493429
699088266
925688243
430734014
410360087
29593660
214606880
729220024
535071848
938118471
555693867
32730111
275488182
76582832
834665427
333359137
581830066
911271987
684934516
138595410
667367069
19612140
437959998
714162892
934124719
155840109
432172077
541051611
951738209
632147473
545701775
941462469
727600778
974324597
548905710
699999996
4129159
88481954
319666176
674952643
623334231
183399674
47182018
345769465
758447216
918034684
568033944
49245330
588845189
843337523
52171077
383477584
885549380
558835022
495320756
871885651
881921771
716887380
939774180
114938189
11958626
519610582
531435402
512208516
342772614
370233282
510223458
244789688
283845400
524458125
831831999
516623919
384286368
832704151
808058078
257962386
863227904
875612982
561037653
166613558
114908518
367883338
861505196
699261171
757290262
893981963
823510792
984972172
360348985
855163043
25821439
251099460
284309052
494435368
76840778
115828005
353741594
1625839
629820993
841843556
710877046
704530066
85946359
251174551
286375612
434139083
903392831
814349193
576154537
552485254
493054698
144136029
46832232
304126759
964369646
912647124
626129865
674237072
430276549
122867953
229408622
815687701
621032724
612036756
414197050
589355947
818879260
190640474
564948097
217196675
570727140
354250247
250594433
763834567
633587376
608360058
186515401
519031613
886466185
799537308
397814830
762635425
46885208
31130675
33772891
15195712
739719255
387941493
562928939
710458255
81730038
540264846
215680153
103263312
880744537
216437479
859658938
622942238
112042173
506786608
513250619
357829514
287354458
742283765
108597660
444035021
86380954
523593740
233857657
282959394
636869094
466482336
310319970
759784328
794860814
801578286
476239445
40203911
780936082
358222129
58368458
626210619
489027387
540693665
115639416
887830690
883779482
938662059
976023861
172169346
486099489
772037487
755290244
793838806
811968929
356592196
409701012
444349339
370531612
974301265
233620698
937876564
811258951
668248590
638027900
583986466
362750036
681755483
783728744
846760233
225256827
234684845
560646512
452502005
354037305
102113345
381930702
332871739
898223522
46746932
959621478
347952313
665273645
415783053
813252484
263889240
689415186
236201322
768545354
409891185
797764636
403810560
737156683
76465645
572183097
167348746
72870751
266433643
747496003
587871001
773441776
727782453
289144176
608627491
841750166
959738613
182033298
705668801
2685381
873485008
6923523
202032664
854389978
624960382
972677260
84346171
265245770
398839585
636229692
273847690
675968122
132694012
672938442
866314773
99735798
568414166
286375612
362357595
610076210
422403903
516679110
597726391
617252501
321325462
807918764
887603527
56582064
180348196
509381602
874025795
584089210
540758166
761033558
795006890
201946067
112904721
873246042
491739793
664078480
724556812
240276045
107216454
924007399
83724044
81457490
486414167
317873849
188766865
571818150
424725610
811510041
662561127
679740675
167283354
475817734
130762030
482481380
866985017
4054630
274806004
815636687
622243159
203959415
516693787
838086481
655650523
275721563
745120401
213529673
876527645
810181416
904452637
349191014
373170641
54701386
613939487
498273103
524915414
502258606
725577030
952313415
281765177
631904083
529316780
73644065
239492255
463849723
684450852
970197577
65316219
460599190
26686422
792614417
134275324
257402557
625124081
869117660
834183139
465992074
184002869
931896824
20768559
803600863
436129831
354796680
759444120
949643908
284047761
282681315
482365013
954156740
341670402
835515987
588433173
217690537
804433975
238425466
980145459
400225820
246637674
918673784
327366233
249914912
118423354
363545827
244771387
836022324
847476224
900265283
524664060
48051344
686734072
319124411
843196717
737119691
243349419
441309432
89758135
871592327
21467372
719633703
894263663
594282025
894014863
977534535
962073328
936286939
214326714
70525450
513664628
601959846
615790102
482579257
971058849
942739227
808485171
417556353
209705786
979074367
321347545
207879794
806058280
675934679
65789129
42901209
144818076
780626191
558434148
459825255
535206908
354102517
344231967
985556457
684291981
844942868
179366207
508234923
501953717
752724727
824456614
414962695
860651455
530505709
807333817
465004236
868141584
848510008
540147225
141841947
801796706
687257437
103166014
136067399
209704203
385512399
352304457
426878480
594305804
130631127
272707372
968691406
289799912
622435205
409738770
269474156
838961786
669613950
293687758
969448167
76541729
784380504
528930596
313608697
48382110
728568733
345024463
127318559
215589251
892549418
550799820
423444990
332869964
706919972
546499393
767231542
194307365
931422643
234466133
45984455
817640618
830552634
735680704
208086617
226948508
33393852
511539787
464190392
888479282
470492347
198238442
917857711
391371088
155887557
515751625
25268490
784375816
37945222
197276889
966560735
163699688
643232515
466256917
223575613
61578004
858615679
374283917
265119829
211812955
384407873
827611684
414353060
28255756
118608337
14221598
265562873
500755809
856953145
388740360
707762064
933418097
205128256
923616647
306790655
724456659
557479667
911127822
522322811
284346000
523514132
958621658
438253612
398995250
96204730
420962250
112742161
585608620
970437809
903373344
48554855
936589555
500114354
909046469
843846042
775301990
216140188
718199371
781523429
967642249
148207419
77115394
470710574
178467201
953622364
691582757
840104774
585218205
128448969
680634994
760268950
743117026
818451265
812585126
929068092
980940891
836259930
855484068
776605513
452655406
36494694
308547534
387809923
63082316
363971306
352230607
344220840
107763943
866477036
286656795
154645903
474662652
622073850
468010086
683021641
206423898
781513647
961132239
374700993
891118590
54596960
110160165
417581485
875884211
234633340
573572211
288491234
391844887
37795028
181752603
414524057
882749153
563376564
559582494
7109133
699959702
155666966
403796594
636767197
943162818
700899494
438377838
563198740
291076477
343234501
631425348
11172047
335896155
485813303
254007734
531297627
585651365
155294592
317526728
975621170
803325196
641215111
483432438
282766621
441463709
499470762
842043717
418005492
785260313
408480765
794418678
365424767
141883833
314649491
218833486
703060307
291624453
805949769
194395457
64896508
790920437
664548121
222197097
777631934
667570806
737999786
881952962
344883984
337056411
291619329
501125956
779580236
598253137
779403366
73253208
373522980
868725625
598689106
890968958
448419437
633323620
127093334
678130289
948264424
375628059
352116344
798075491
930258645
373303116
891440758
61193967
302586056
804097332
889897405
979180354
439733308
146794063
156170394
140667554
920778522
642787784
469125047
762678884
134454359
93415581
807793220
781602485
576091421
903056891
179051887
815012221
404217648
13558529
872865409
303345997
396205535
913985096
785985768
884662532
529245418
237791370
321699466
103457315
662663245
547042014
560191794
93961269
676100327
824618196
75643362
707679436
336573328
366965848
953749381
687337501
289418355
270038123
748562989
190176332
307636254
622147779
649654519
244605546
984613868
8951313
817096584
402053169
756964436
868755602
963575375
367007674
925405057
468419813
270357983
61179730
342023392
511657217
208923687
338209727
484817949
30599181
269208016
313407589
593197130
697512985
926412397
383490488
146988818
108150671
249359592
711098570
14332055
324375310
902107438
867587772
413868891
165995005
343318883
13775308
689072176
391816563
712959565
89433840
662091154
288056981
25635960
395010103
372663424
370191050
948630937
977327032
256675796
787817791
243151881
407399928
91652363
917213040
411270177
846487431
308380337
916419854
629146049
237980477
99734577
303644656
825389269
358232607
274002057
185689173
66452241
228452605
453602161
508297494
756720400
401901850
20616230
183430261
124433361
845719527
873905409
164387918
769690252
121651312
649638921
118759146
925089447
826573255
851091211
811346268
699782367
633965713
200359997
595472828
263735906
287882434
765330624
848109192
705700641
965737763
409987580
394245585
445205627
897437114
268881104
977257117
246595982
94245909
126178027
751519999
646986816
902051377
464469987
148786969
850903307
940066848
588139406
928919385
527934034
883855405
775383804
378452464
501108710
860257517
851150092
636609900
980435258
756692276
360430991
109536733
650083443
840959728
924136401
553020211
590025179
831042374
832041958
857761687
11123795
698941365
54127122
194062584
472560184
696605155
685633676
97682716
927043773
193178370
643632250
189414296
221206538
529955339
966777291
162926055
547526940
395691981
124457616
909953162
977594002
828388413
709730686
620043128
834360931
634167740
359678291
740068754
906244301
618972299
61548457
497295125
236937360
678702569
16280487
441592249
601480264
849951182
86073559
817380454
232239773
642468105
659172653
5510944
93454259
825644547
220549914
282769302
901730759
613447814
743018185
864929364
944763890
677732750
802790612
373106214
696945774
715286836
456324250
134658245
942666436
623549709
97726649
855365412
670891435
599021559
482951486
14317521
590725218
643772447
734464406
250521619
155709497
302787530
878103125
579461361
319932782
597439923
588654691
961299716
265212733
934743277
148880522
465672866
924446802
625150126
760748310
297532784
661061120
91191647
526747219
199312741
164837686
621475076
844458461
559117936
124259041
651390648
594126890
306513112
930907838
327034798
223388581
142534645
921629839
193542932
289325445
978956700
642840401
735697380
375487070
456581915
63295474
325209741
484996949
120334903
906295690
529181570
238772864
397660080
286926052
374921563
424717192
263141678
56655112
798414662
880318802
745020494
900315439
407136234
15949205
357956456
596616983
976914488
267565802
938399363
478557209
331574388
332826514
797854646
493532345
755728478
51436771
212130104
647690061
235116115
337513647
655837427
328908243
409135913
981356104
928526357
144925138
970075909
312518653
203003582
557887167
188141447
317525112
108435851
538902754
401149207
320688771
755693322
59333548
699562669
720683884
37368410
455463165
62148163
493787346
587361603
786924339
554329113
52640243
470183695
514787414
943175774
218454602
46454173
274574727
788311083
425361985
308006930
791596126
713908063
237682072
888997607
876102956
20756942
440633348
636903879
627915443
858483583
30265858
458223092
549250504
853091366
546807590
698704493
398731042
484213377
811229361
547266581
54676967
473498008
954491279
902974237
338912662
241095402
137018226
708772066
922554292
180819829
888894011
149244776
879302345
689289635
768909199
979354718
193073402
551603026
625024139
608490023
89788063
365051011
167669938
693137408
511746368
93308139
432673987
96459091
63056111
172579999
840654157
951746209
216289518
820270017
208247217
811808582
22635258
132764320
339511358
559166157
685515677
382644778
551234669
930452091
402543328
300134338
190248201
224300158
241341101
884344297
853068428
650555318
443685780
827843158
123756534
935666368
468370622
655358778
321966439
602321205
292480881
963804235
581473391
797512934
308572499
601138160
363604897
581001363
193554591
398257718
91516406
801535205
182255442
805518814
316067546
369224236
277451316
445103078
463685232
58952175
275331720
695306272
525163784
159735934
212093106
73251782
680739721
53997170
201157491
108010583
915587782
507117576
636097784
446571294
5108304
692846317
297308450
488793232
97734233
779946947
645299324
766987830
732387091
558181501
119188848
833839938
493038195
896987350
376503625
3663363
893765272
745169497
535224834
141132828
486328496
77368042
253884228
551858099
1087498
684937181
688539954
851974002
983778501
553052176
665402402
637049664
521585688
790951089
827370098
38382078
105726229
382769168
373901564
463487444
818717006
886292976
603896887
454268268
438676394
730895239
196037228
939233591
220781380
875986640
625279683
857424828
427269960
323641088
682753063
945441399
282449024
488157526
192762178
371019685
59429854
347353888
155008719
366640991
795966512
455255925
863178051
314570995
703504830
763302243
797060045
32914857
366998549
125014903
928455637
244891733
314682101
578200942
466629048
910124972
113900589
453349615
448303390
530114344
237059730
744660539
388149096
315352473
777305596
674840073
692025150
314958360
209241386
465769935
338466135
708943023
47417107
386546202
5993821
915320713
670821574
318373842
893681336
305042590
592788774
722366042
175810689
765298269
788672562
382731418
902125554
316920032
504377455
616624843
760036306
191840452
150510254
705352956
918265301
194682541
835280618
199900386
413197574
327936283
534297947
683088790
272789611
174167755
973304337
633097654
181487307
497216735
838634170
291076477
931256505
854313605
956970687
369685732
131345844
852290995
623868974
196612979
677731727
28869361
260803311
558661302
196536926
285783125
499135423
521218616
309390525
425516612
809200434
224816311
85589965
458493511
418451803
712137236
635880518
498372289
800446822
112042173
123883630
119878442
53108951
430462576
634633203
135871647
539147389
450642674
822820702
818076919
170249056
287571645
661612228
364854261
293076026
906666140
443209878
778528840
582351617
64120926
9599348
394288175
635769890
379096672
347686237
537785206
8122768
649658511
813965282
80784956
986305714
554475777
487338126
378773765
932449655
525537207
285427055
574625615
924486722
755657789
421623158
454571636
798314055
371695419
442007290
46051136
827483506
708040401
522685867
825556787
530097104
634857298
57483036
570557214
924329429
752934739
550592647
564545965
448375386
645862957
146780782
845303852
200327496
662178492
226646976
968756071
682435658
3098927
429322657
177534435
595908975
386723299
17152501
768125133
152028964
916113912
549104070
794613896
389460885
483640508
378171135
281385467
791356581
154931470
129110511
14078502
452619322
752013756
943560709
487214908
734125909
394958438
461779589
579490267
771785098
39436467
506461537
497216735
156353494
368417854
206522296
813720621
64304957
622885297
367728927
694950342
356205420
510865331
270707211
591028260
854733742
397253939
695309807
950171514
532269885
925045227
466449500
301434305
205894832
321619658
221148078
983657591
850101363
528798499
592599086
30311307
210410979
702058357
15554866
916651306
664079158
559103035
558641117
764397072
977962054
724955796
259816827
915662300
449045332
98381006
811686172
932692540
383346061
696847221
894236001
460186211
749632200
615511900
925500955
841032433
428005086
638789037
624703403
615228737
723301038
664855086
185425555
519310452
362807741
370947022
529274920
287424974
342033909
461376689
174007852
32148514
408446015
297228746
245838685
87015197
655101170
830718407
269713998
547687275
708840624
463849723
342114166
500966274
165783854
147592447
522553223
109222034
100858768
187900773
750136702
233916322
898812774
52961847
316858939
794928153
309608084
713543417
564365952
788127236
578117203
87973392
60608156
578837248
714449308
237980477
358491396
52412579
907256566
466516203
667537974
5010761
3201637
225896029
460924942
326925819
751121984
49536440
730334940
977781660
467976490
786189223
310081283
230761706
871486992
164437307
941801103
341568997
211705851
139309102
869650095
418400397
606793349
404681263
9461663
873248512
444376179
353741594
500539606
857720170
97670108
65609735
511164521
246476875
523755303
123604719
745133553
946113433
434041903
35579306
691073518
786789844
826521188
78075192
875704019
735732847
36281666
66463029
491469611
882675395
968407869
269918147
818139366
861242852
643666261
436181094
40821362
814261952
193389338
740729214
934191247
336759754
867947451
757622699
359509075
79988248
206723751
498730481
384368455
135537972
576643674
599021559
670380059
858562361
428013872
307349646
714162892
818519735
692387664
528077515
702392313
145446961
434549816
131404129
53874601
36968734
623211438
536115214
708447795
345082253
937569998
625080165
961596734
210758283
875787415
822236409
785530953
573661012
579817471
571650271
765542010
783492351
796326427
311531673
460288273
444301662
309626211
845724969
677857100
484002131
258132110
460887389
477644917
792313410
781024598
834590164
762026319
486808648
214513995
431774928
246877588
656263186
41965743
799030342
194468870
442640425
81238950
424922991
752094780
456063792
51024675
772907717
155224742
80413464
244450317
456384026
140967569
255624607
962019714
366785321
298541502
792245654
71189514
454279019
19819537
465198812
967184575
670755625
973834408
508466104
99118815
561100797
228810657
400394115
292575282
99510473
113432440
641380529
858365119
214650511
606165834
977212172
875923998
203737276
254231294
784702968
586336007
733634441
524814999
686874986
708120213
444035021
681387541
520565007
166258695
223740505
958100032
72694155
739170665
359619157
510336228
806026025
339999939
699070935
493340752
796378617
469417505
584236208
977975627
975370078
916141245
359845180
677714276
512473713
354752096
172298743
577394208
129924497
95771129
336374038
342372614
823541949
584017400
608763310
170280867
162489377
673834992
33868819
770272262
901078836
721459413
673652111
504941717
234354536
579017676
826160381
843113849
641877439
757393843
33706950
346004761
213695140
347049132
425693975
397517744
934314338
915690875
549750121
945314114
554115440
72158780
966954513
698944845
661670200
259816827
5102516
224584664
972678942
597820719
136321286
47178874
719805905
468107974
603274964
224315659
122659372
623137738
135980452
432333407
514935827
644492176
640402793
610428226
547703784
299970408
934591386
658909156
390443882
843448843
816501865
487402250
388651545
158484355
797137786
444664777
45445360
27613385
206194343
15861837
302350685
807552621
647793299
61169783
529741088
545574798
770518433
473073173
486374384
839449199
655547980
342503518
676269685
528430705
240195554
538491667
69863922
313490362
89140270
951868284
382546884
234035128
789069366
408056860
26650499
591028260
108084383
698855839
577492368
662016443
798016517
307106110
826831639
258833777
125555816
50576089
382941122
713808560
55909377
921026954
228511664
968466702
270892668
635452166
15506595
779239704
720090346
898079483
711024532
674462038
725605341
321994914
529975973
727355149
382576010
755543234
796282845
468047968
347676884
229972879
523702021
535308119
717733315
77513538
80071731
969029331
263142321
324069297
695040709
123597532
38681493
149661445
979510534
287526688
852250137
330051025
154006107
372426651
694881887
441431039
552480721
737836251
286285170
899550909
939857859
173659530
137292784
691073518
611049857
440380392
605024927
926015377
775268440
705532328
580459693
789208687
631396740
7645687
46485994
863818144
395427490
647065698
438473216
855188740
223679802
815963362
286669258
853134060
580338498
586796675
126229950
850820213
210628813
584946300
514423466
730194101
170128384
715767801
810090312
146241498
692394911
726043110
591433861
976798505
537098732
844944268
560007501
612359585
576945401
795944340
53159505
832906007
245166697
820894497
816145425
586996486
770272262
635744098
516624045
699375277
30823339
240781972
657557525
693457318
836022368
394076774
6857152
401545336
612363109
104247570
807152771
488565812
636652476
578469146
137169834
140212077
48488961
943595798
528433792
44448423
105125381
380716317
580313428
525392654
404059890
261563311
590083366
345323363
326990242
719442317
688097988
423949808
968018100
538913826
521585688
598728481
942436597
190516559
109346171
22730505
581567412
563485169
376813097
408869094
981325876
45087525
310275604
639630728
414111064
415355622
763652173
764280074
706645683
758844348
582357382
576872538
291659164
260305503
484365262
309751479
172383152
161521919
475917517
169268480
382731418
393992206
59207086
249795309
482088782
938170658
347622495
511592115
18988373
664163129
949796714
305758955
568040233
243528227
391950093
865395249
587469746
440709811
779348543
554631822
576187205
200741079
669386164
606124866
64548545
572693161
784624881
212499793
558060693
681883912
958606127
257194964
248844689
205071724
501024012
390756388
286398312
460582531
933501039
771783652
967897733
306612474
104228726
414967016
882595693
889909561
282450025
29107501
217115863
489404263
308349011
334515095
163941618
373339858
859158708
230390690
184570020
180306836
964518722
939423613
389111450
585080060
491229413
528368160
134725559
265942627
77454893
506424762
433268807
782153464
682822351
396324173
564344602
726351474
24643110
639991952
939172211
378696607
270976175
406387731
468024726
619880046
33557145
315032993
495366239
187000771
552520291
186377374
957799272
313702321
272479738
865426002
561447817
696640950
670570116
764264882
526899372
982595380
454639956
529847927
158020540
874708016
780383868
395911978
718403519
543784008
437733681
278404338
92859070
612180725
408133610
713073211
924402847
83082907
545248523
879133168
56441452
415120471
365916251
982873942
870300621
535523244
409038888
828560107
836699254
660185346
267646817
162973820
377287979
562615950
227339365
204162699
47618115
137454731
713068627
880922922
856353971
269502600
324227234
177456003
468905855
703974215
102308333
586337004
563414779
830439195
524834153
889912727
446848407
764693732
898112527
87644153
895500399
293961075
69538828
443533221
265600248
805064419
661217543
581518426
961640841
86901831
509310206
252106427
116247912
807094341
533637700
432977131
929664781
576040312
874102128
622359847
378730179
518165310
391910376
625626127
508890352
232782219
116509801
867251270
368326821
543841596
319307635
25512573
733449023
976800783
175430050
920927427
907617687
825644547
184997725
780205605
191436812
295405721
143289598
380447155
848774303
939929551
759098820
385612073
591878813
238348066
904824088
564298206
313176392
213218041
600594063
275721563
805981725
307896882
823329970
229333514
53990103
453492361
447618769
955287417
586524965
432077614
507472114
806930557
643333117
45308969
50795197
581701816
795574712
977400091
865828042
254366055
235916560
737054209
756504951
91806742
135765772
246430002
299166660
182229868
508895449
582581785
48246072
612118599
236427614
398410739
728267161
559609934
39235804
280878874
44528303
520919961
181304384
203111489
916336179
429732225
756633798
98813785
44955118
355550958
598299165
335626267
820272547
488740889
760157472
643545665
801832672
871251461
543197046
162325569
807329829
456252551
95332139
708716125
281105279
597538928
969144789
843138600
291245585
444520275
419932507
608407785
614097434
180235170
665441678
879369366
635524262
255094450
558473595
913455493
562781598
943042799
528494707
294326496
610499572
977575881
254985967
768393856
509971078
965495874
868953153
831656723
833791760
837453682
764191146
148732117
249179998
246261488
371622094
446183872
286046693
696711656
55646179
894411799
41785001
930496126
499017507
768909199
5425776
852555284
155418182
363198991
156820778
465056997
309626211
142189672
952139259
638499
185585415
557018482
673994775
3924138
408628025
365645508
142242802
820669877
84867032
185394136
235902026
451513794
394057146
841201799
502183392
190726437
97463047
537617338
79910955
579944606
812576011
782571430
383192004
718109910
593703718
323488471
729934481
572960686
298157958
493388552
320557748
232541047
269348717
695905361
702848839
429112978
958679500
892322350
452583382
19201164
548515957
54897644
566049764
124821048
475455101
242353259
577685377
437481261
538315109
220320181
717672386
393009015
127800853
476757127
706258103
368290366
377650156
657865383
862642605
531844373
207827125
933532964
781772043
792820674
437569510
844351774
453853335
326325709
957713207
639345834
136132800
243525077
568666241
695524537
813568380
914594233
580099107
401020326
582066688
792252241
349162657
845237885
263137213
20768405
957799272
901281981
202796221
701996848
198162886
235205165
540711455
258934762
329500908
104804725
527912304
240810628
110211988
673831353
481349093
49359787
636400349
321090799
179532056
668150569
817257927
438494826
732783385
643923814
448754149
575638480
933418097
254417256
637999150
575446808
240553883
667807677
543447966
617681678
655997427
349331744
627296478
701046874
970924915
412656847
857866199
85032507
616682827
40645254
586557093
531560293
391738284
815598813
552620456
81985642
89779672
469814046
247260814
519592047
976982531
226785612
76808651
410689001
806134308
909062931
687641955
626454045
585827159
920656256
27923433
956511349
406984084
426316436
63250092
419155667
818945326
980000472
649793013
752777953
603368999
893817484
8316374
79633844
941489393
930907838
7451018
106118237
650687668
603741194
579033260
257068000
310807217
911260388
925192832
465133801
775920777
34305053
888826423
403143341
609055074
202871518
616184518
817119507
123
313965999
40612498
520761245
863469087
808414594
52003522
876898665
587481831
317411634
829156911
27510553
125793488
220621455
525835323
33777192
127966698
16961697
820435381
313538098
214218391
961596734
90648128
317457562
144588420
8278295
381648721
216591575
925066958
569936214
394784306
527912304
370115427
516683434
669086030
141167672
244210493
162028508
716489556
532569458
157269735
504127129
258662109
566032074
654911605
232081249
434041903
684730647
180871185
846303777
740376661
273203273
356526242
542447831
272831044
619303610
565347932
540963766
697512985
717357008
115877051
896248853
87912189
130101447
447575776
842808480
455935979
852404081
916470952
438880983
151073939
836613791
787614086
83642791
616415694
206588547
964055678
401970729
806366787
24146752
739168057
472060067
747242355
685376950
530005075
11460445
257125912
626550882
584110807
928827114
630259525
903443488
340436522
806922132
96535195
690670640
922675272
135481971
296767665
58120665
540472193
418903755
493822789
250295874
981044579
334138307
212910431
33389185
54130281
894545050
917003723
606428619
922912435
610984936
791281718
961861704
233976705
806411769
437366116
491016782
877402526
479493969
755659780
913228173
408732450
579360106
387092054
393729595
215584160
234334911
581473391
365904827
264272571
486467609
181933222
429753757
531459000
596156751
910226145
230071806
660434286
488583423
1196592
694862491
5546755
654511841
393932438
845216177
758841421
28127587
859184548
533037631
83251771
643596488
142363740
465015275
936128795
251956210
918075941
495811716
658713975
881471251
495575453
5883810
22522411
338756238
613607849
112337112
220945629
367598719
271755045
767780253
937141983
32094196
244566423
252313607
874989837
778825304
723402510
612077622
302515632
775301990
48873239
576606297
689264184
567748962
35130255
694201085
592850781
100529383
121257175
783603937
854043332
296428808
52752806
983231408
794629200
920552791
677939062
305102217
409332599
956268138
935882002
235777039
821810260
306612474
85663215
982914918
63186648
19478237
511397645
188447120
476448835
487402250
384693070
804963001
497026739
812924848
90844193
734815542
903043181
489978012
126515499
422443218
875785300
207829632
487218088
426265213
272652023
216308239
322601246
669807163
530347956
617323361
896461537
54255156
542771607
704650323
770879312
376878802
914495823
473474024
60903395
661275925
410647712
268987000
720726420
601480264
94748534
918733963
483754748
529662532
533534107
922774730
283594979
143608950
127683559
865948944
363230172
961130950
83021747
176282710
313425174
413733516
251068807
97887178
367111215
904530916
300264493
90586200
327541534
570894193
975699199
392875500
831417114
430668182
341454951
862257316
319297066
637209893
45922520
814325621
968713213
676858541
582494416
571307304
611544542
217636378
397566821
803070284
757622030
639015493
349695293
729534572
458548200
791609900
693204495
224097568
306786756
781139231
634475618
396654365
458965986
570112978
822375552
558674534
647447028
778583075
163941618
662057943
502691804
54305287
874009441
119692148
371509331
362264612
384063486
933941441
351343242
686297374
422109019
747965951
110861438
56422212
863896652
124467617
667507291
436886241
923275283
211271532
407215515
428055470
248844689
288893452
571834863
80071731
743478140
459150896
645153497
828136864
339834424
472996127
596156751
819047404
891597072
319225565
312468691
681608879
895447939
808180021
376785134
92403084
210501606
80140858
784111372
257399122
829775846
812150127
875507764
155307008
833988679
533741577
950863437
266330996
18044956
256636878
452770531
641876500
500272533
490402011
620065445
529157038
601313110
411958231
588602887
99418952
482215999
931922402
883237854
602480084
627851692
759722344
799465157
441378533
617274241
859343524
779508001
213821284
902243638
816775296
481867295
513387642
431440986
890769942
111349485
709902233
430151977
851402880
774567557
222994815
834179375
540571179
291048843
126785495
869905029
789179110
81074976
183255034
784559753
618347233
491003602
911981893
333408594
927865548
528027123
456794424
663492545
261911356
514905456
436345351
210741223
439293610
101081630
181950493
685305905
334140725
687574359
104365650
76884683
140120692
357181884
100821433
117881023
364317592
139984624
196859981
702566541
692264152
262970593
206821535
868598110
233901034
595564046
84146783
907524695
581643649
312452083
298896917
790834366
89032848
911630006
145044620
156870750
430779103
87002145
7032365
66632874
833624487
977594002
143912260
872676341
859123520
544327004
434229028
790019680
11970642
39333086
309439364
789069366
644379687
434605541
291362694
219324676
492138667
181320029
95485732
65338893
53490333
432389517
304511437
378893935
658994233
153920673
717502005
130859013
74588700
413332902
297516397
692961796
621750888
193302909
139671668
919849928
687951493
605805376
354102517
62675761
42887309
952425202
514430535
933540140
286926052
575046832
777909238
740187999
47452708
11475634
955222437
277932001
354146460
769431579
435875409
46380728
721354626
619279250
724964992
118975456
905182890
565974542
370775163
199186520
829901166
681102469
887260435
121065662
156353494
808766304
693719538
429394410
837979682
20737246
776287235
272438860
272285703
196767132
927481352
891794805
600196408
139297547
762950174
105445861
204556720
406844597
200403300
766987830
426537564
891419205
921875380
536187510
543944890
826443413
886121807
282858878
97787395
402049066
747904716
406344627
746708469
374503867
336910448
928642670
230578931
594767196
78898192
159332095
449019234
402471645
94027409
209529618
82556610
640345794
726202378
603566445
630761561
454724569
850229868
714258710
87798059
615688712
454306728
737575558
239715368
762297204
166615514
486811361
279013459
37099179
150112396
952316318
268935323
859590999
1136166
247900165
304971882
849841278
378606405
736912067
395724530
722310054
900660738
744199008
81074976
167365629
654343187
827331324
233841248
210359905
391262683
223165227
590600224
139457007
369819419
940721469
78995454
258828769
605499381
778497795
423879516
124346462
194812404
18659964
107848605
556339407
638831696
522962639
918416573
398191335
957225188
314659223
97726649
354440826
958984224
232759884
368704659
764519727
218535857
901937538
803625176
298796156
257108208
181307295
343418252
472728270
547980631
280566012
761500137
797121126
39919101
362453425
349531554
230745143
589355947
859027119
965578923
375830641
545141257
723018135
5138658
570747004
706037758
880982563
766906576
705351112
383960600
862977985
378338906
650715979
398257718
883364917
554329113
557163701
185757316
339510002
400627846
109692330
535821234
454846429
485849887
650253686
550310830
723034232
574584248
868962362
217798198
418174403
68880942
240155232
376681192
604776652
492707531
35956547
189166390
12431551
745020494
282924440
407514713
835934838
179002017
887355560
184046141
952101006
254307250
407661825
213529983
649084996
982361388
71932418
386250706
169880149
976507747
541324020
763926929
595659756
20104493
719995084
780300166
578882147
643207514
770456107
670829879
526963674
769211347
94610949
939283669
785195770
2649177
76121121
195965567
529095345
726323177
271192742
125014903
615001805
779131796
464276873
646034103
951455000
38952694
506320896
469109558
406009817
693084543
84505420
16961697
563620274
34191428
381285239
279568857
340206455
630531925
410173190
330034622
761480464
666488947
105194354
908629040
496724843
953154505
394353376
565240305
851030160
582847
188638669
621982350
911540975
117466554
555607316
428012579
974029943
524615260
880762674
301304901
454162721
560038280
863419753
476020856
164841877
168574515
122673555
936197928
129707828
562120592
34952282
291947197
130344855
30309243
573782934
956307881
258052120
258263924
102532897
23246221
883086572
344835490
751361042
719448459
86506836
281014976
351153378
793955284
838266551
763514958
176738888
58641887
213693335
728464106
147871446
636652602
436136932
355737759
367605965
631339126
136572541
183742892
476421200
833055255
981679954
837069803
588547569
915719436
701521206
120218555
861851608
155429279
289608402
496947097
372632240
15140990
409082377
488113067
434326715
869969796
151975585
289295655
164973809
852470035
731920606
578145374
921536624
777553194
518148870
101759993
235922612
552034057
865864130
62044688
266620146
601074805
292871418
721492648
145419242
322685421
802590954
337432609
25361960
797736129
867503030
645317301
403701761
47650600
126967378
732801650
611001033
381762385
49352698
594340799
717502005
250029010
374605680
790730338
820437117
719850089
517454970
801016608
511925013
276723352
508128417
876754539
167974059
35031267
828988944
599399262
579890118
864046923
569106979
605024927
427660633
282105452
92245976
705083958
208580509
834392440
744392354
651826027
423555535
913487811
931721158
608420036
938187575
312063925
428512210
671301111
94264235
68924796
400853845
414869670
655358778
296909080
111212257
206084558
296779361
705293647
487723386
708299472
486676608
494556992
462284449
612788829
648548872
706011562
348425155
876341487
342255870
777305596
131875435
496451238
247840647
409166983
705604864
780842293
219621729
9575282
522679050
957179801
377293045
867935652
437240254
562914387
601225712
733737896
479922241
494039027
755125521
921923419
532529069
12354865
43698710
569334863
588134674
641263049
363158295
734842048
354483648
822475125
582510579
541371264
499973900
77385903
904606960
51026237
54485538
268894218
149247195
100560973
63176829
644651710
13517064
878730559
50012965
187842909
929526082
281301492
173324624
423927545
387638200
484720283
524663916
407413733
110890503
810069941
981854953
668885777
173016024
59456438
35421000
602547660
625609658
462462052
648355035
403660849
482747726
418292901
977594002
341471916
610881233
758152935
570980215
740809205
381793219
489529110
561994253
43142221
780875545
504302369
801841465
372287953
818427897
982787671
682467528
5509
565347031
648650016
556297187
394610672
773956002
827028175
320643304
864665798
907031559
358188496
839642828
273869808
766485522
612914159
642139163
309319466
342472859
926988450
547095781
147272338
491820
873956525
774338249
19626763
903043326
159874434
456895103
527431788
64258191
243817469
256530420
51188049
437137352
675024346
123600112
511501730
227955567
789886461
456194247
162326317
875507764
114238680
17428748
513180915
548217227
416723634
774051123
770422350
855379149
334999129
476568235
612924588
606232218
404816777
303021448
71086273
940624965
820027929
906651172
255028240
855792902
12299973
459992190
509761893
203318011
490494106
73032882
980707867
40800693
527782697
967808104
167801572
92609402
13413400
166143095
61039628
741928826
556074612
500459301
283024456
274391368
324414785
192821619
680568689
887159018
411578467
218050943
33043394
635390920
534040945
903954509
815636687
290146785
546318779
113730598
