291758131
87920774
495443881
425642464
367271895
42270138
959628887
393586627
934784378
820616091
288816667
469284206
107674522
679019804
773532760
271807059
513816626
878003526
868962657
817062366
310650324
393095083
89629258
149402756
756164949
853803889
584901178
640283771
835478308
805041602
952780456
80900423
363395855
839833059
520965636
852158441
397770929
793577219
844458461
25995638
464796029
674998083
187764852
823812056
233558305
518786886
963525322
124430390
956393064
783032678
847727495
881609590
520556792
673318346
406941156
803937015
228714115
5216835
731285748
424418659
865395249
840842771
444925308
131123819
539054895
572605815
518441511
186347283
186925879
298262347
852436977
672720561
473215552
276631808
918124527
610161085
240194644
334268200
607919805
971944034
971748579
911547735
960584761
528085810
227814204
911666342
848450577
644062903
141505304
482926539
808911808
848077297
854534223
233180554
228511664
279428073
524840843
438468682
195729559
561047932
557215484
801761310
884042103
395831280
327750849
542914239
231794869
318899922
674169625
829507126
804916722
82180285
866294908
401187703
791925458
538612027
412446934
719162047
633058167
199287384
564545965
76511942
947851332
893004342
345349260
483764479
947662707
453766258
108001662
201824976
808506109
766782163
710081949
126785495
539894588
660830795
980337400
316265424
852434057
946134300
453353283
886785407
744643318
341825307
770698446
918976913
10485503
180003946
519819302
757658684
817903185
840035807
256161034
329043740
69811752
901869797
640797494
775383804
805899148
691205166
620241419
36315502
216363882
40855239
511147648
521187182
307507967
142708004
40746757
339628179
256760447
391850777
242451508
261911356
840156010
146238504
73229552
253176389
247918004
913261850
526364349
70374185
802500911
889529211
167924902
83287596
449840180
904419360
53328670
165808811
941515760
818692785
355265418
853456144
111312808
3644924
518238147
60123749
923820779
357484785
605428470
370518318
169090505
389866257
119890974
136327603
907538658
485633394
28981866
244008817
772880369
938311527
278281695
591107106
241187115
106615415
186833248
650035524
975187817
730134688
569625222
20768559
248858306
794633947
950291352
88051993
517212820
368796926
692117461
279472057
355107176
302428120
862351045
359458667
252931541
543261832
779307958
672312137
499470762
303380527
292835165
727328055
309632909
622435205
318678972
479031953
788824345
886143835
538144388
984117237
151028189
204723864
770828525
257290864
204288264
224097568
635849103
831049364
506266972
205393097
301255533
420662483
594391439
36693740
279428073
328441762
681644202
243362451
481026716
9550229
365958879
513868009
168607970
836077592
126268389
922234798
713684517
763051283
574758289
664376208
813833582
32700411
848266040
452121122
700275555
564513360
159211998
883360053
228015847
925288648
218037750
347020935
967437628
326446648
589587525
560913411
754535459
828373912
976718890
670335153
741242900
90397122
761388446
395234043
234241361
536771534
450277155
773502593
740797166
515730720
868352991
385798647
855314229
81719456
315972218
859813701
417511615
786878346
112267462
197203857
123730431
196214351
21516367
552107725
53778372
985698797
708081829
551802939
430734014
426499561
217860723
887493643
386739213
438551408
973839942
548527807
282436414
749980678
865861142
946770042
326304604
975133182
405477986
673334541
194309947
617522715
416104828
596891308
366781855
44873379
839449199
804265605
922961790
868293550
331747533
582777570
84346171
301928160
696125772
608863426
384485538
948389824
321274976
512298162
608133883
298088293
590802461
94764244
986187464
943371616
84853077
163896165
848510859
791707080
343330161
416206605
391269308
933440092
541557309
778704511
495424349
454160592
700655079
654732412
961466983
924063589
170159017
25385872
686887929
326551491
259627134
631648929
888173945
402241963
777638088
592832681
41339753
622690998
121764299
985343104
263666602
535985767
576250507
573515048
814786260
854043332
53454217
948164592
667612896
465331267
836340037
75699296
646381959
615194229
396521972
109255737
923530866
503704156
16479933
449932293
796493487
380996949
444025531
795149328
454462295
789447802
630699495
320025464
795528083
468585687
124676447
771881221
239568559
64135486
804469826
963691225
197885901
33022656
512832252
216358792
955557467
647926100
438928821
665371599
973176770
443535490
533497328
91191647
156674131
526837236
255985001
44144414
962793515
405757913
562684217
815092053
844987079
811501951
826442053
21486178
511228430
154393163
286398312
876850045
234391868
394708308
313782729
182451945
507577652
198829324
233841248
225826391
401611074
422000976
64681258
416338789
479351024
276218674
166331628
33974770
543985236
563057229
491258741
182180602
180829365
258987489
9710608
134511603
293383232
437365510
445925905
341440085
321893024
2102477
648741855
734670891
684977113
317377688
226770645
91342270
384288368
462585554
17063267
607921990
766298366
283614933
36538012
298719978
399915515
602676464
703709221
955329564
341008877
748522494
563253626
84456562
531791956
10879858
460672219
229358339
576667545
409559879
828097576
62022457
561046852
125043584
972790947
426613804
364189884
148251852
259377672
964042937
20330413
726707286
37260302
498329320
782141814
5062658
242009367
193432007
218392259
13279135
521902348
547525849
644309196
36126928
863010637
512900576
190155804
352014092
768754491
853021523
193389338
615154035
784414882
888984154
967172128
813076172
957200665
410607469
406028015
354273308
263210068
892813637
562200458
778160524
876898665
674582054
63745218
907615333
404482857
882542749
619922736
403916927
828924564
127637779
721354626
602735235
394353376
808254088
133696143
639608562
427926125
440113938
699888235
508267239
721104987
384953465
597311081
115025265
160082224
362241587
639622762
418365358
122757571
31446272
976238833
957366675
940560813
623656515
479915372
667367069
719489390
340541304
75387067
156416689
807756201
606461536
744781254
688118216
227149446
744802507
159891803
836290361
237904374
727177711
530200751
251429005
267896333
432375373
321950828
195342029
24112044
410262715
652428273
392259292
375492103
702842524
729158419
180046087
167611387
196859981
766938699
164440448
761788891
497067759
791175589
665853088
65852223
396899006
330618100
311297869
644188574
262726102
715557234
781351202
536679160
879409048
402372273
581619182
810445394
612944610
575221311
190271715
844700333
202359028
870910717
486480059
568836260
459947856
254717684
256465676
249904141
268614014
347226114
294837045
31947811
616500132
597481624
338153290
742510174
517283736
336119969
924249541
452412859
95446108
183554971
735801587
742675576
174107358
533150002
843033764
906185765
26248733
181805960
750268260
120378385
75900735
724955796
664251740
527529116
221598531
125832485
520612300
392101805
205349383
984533844
74287997
274002057
4686126
109587451
985525772
752394366
366852834
266622326
404169327
707884576
924556908
50760499
230423577
552091290
890014334
488677685
759338929
804511828
481177977
359678291
19338669
50261005
459025659
173979092
700013295
464006705
70598167
155749584
575918266
801514440
783585428
585201086
371019685
415978976
266433448
58263398
613434708
607255635
194338040
679443573
347272441
220775151
738243438
416507853
398733798
956714162
585252318
367936524
334559307
828553238
782000819
170211626
283285408
670387263
612810133
814019054
891754126
56505972
47579845
352832630
738827661
178245411
968274462
803325196
434446563
911033519
819079846
498273103
383485539
643701071
303295511
881498154
146277283
414524057
669446740
389284253
851762714
573199303
892670703
646546644
128406276
265797966
302302701
927770823
41590827
278260629
452948879
563461915
951123726
26153087
721183874
520241217
356618448
553944252
898571863
388271784
123911590
398585586
306871825
480198825
508352819
423257296
381475118
668138221
727143157
627675865
973347692
227775886
867631593
204824860
510640698
502965207
526297214
161072500
382108539
101319630
752301902
803047959
827936184
219363531
829014927
71740307
16961514
158916399
238090813
614550826
797060045
872159319
249316729
106982285
27589911
181071587
163243824
818359705
886969111
914747931
376044522
691485212
41393488
295275446
867251270
18073688
48757862
89611822
315352473
558767793
945940406
953670812
790847092
430780087
777071693
937598099
984330961
694628313
545152957
170159017
805089726
560910611
902220464
352196981
111251721
28255756
115943248
333207253
165410655
537577200
745825981
805899410
763021319
358185572
177869347
38374767
204076054
637302945
855105111
225366769
475691653
958188082
849201797
540458678
394880873
562291337
699511440
288035097
588547569
107915519
611052828
579949738
270916223
481253541
938293745
787716269
247507582
642644708
417556353
810742846
558335074
184612034
325832611
653281408
506127929
958431042
161748440
373400140
799009713
891104434
341390339
792314454
876313917
17645872
725355812
186957251
153264295
108001662
879318457
45702536
327184708
326475514
603960849
563538372
979424304
327605108
38833463
58368458
47469747
720506676
452859990
351004155
662728127
508466104
872919915
93210275
140669783
855867759
886512155
929505504
168593624
514381158
446974408
261637911
215124073
146813016
486635875
589075797
889286889
903378999
371176011
585269532
358222129
693670505
462283775
926278024
499848118
133507051
545385759
780629561
56614567
837207188
177831605
398204378
794225635
468078959
241845694
477156404
707529849
743112736
859184548
809682353
744593368
677043608
859777218
688603259
488131080
797736129
904825645
148052483
403275668
221223774
475595887
375477008
273591518
815282457
824216535
785614937
325158155
600385416
807599900
409430036
974521861
650051002
329227952
217030264
291619329
180259679
153315609
211575991
839261755
367666176
272411819
841085593
245418082
903621919
282598920
595622805
563169917
47189758
655547980
783380762
193340898
289417708
56567983
109421874
973628872
957712528
122810382
49311980
818941887
395822058
631044341
898207282
613613873
641516220
299769748
567899451
898989578
755693241
412248286
64726469
299441919
295405721
435811040
17763378
506125328
425646227
706328435
358819722
363298510
329621620
670182322
428357234
675630080
270150907
93461815
743737894
24133123
452809873
79783741
100446534
28461619
768658434
911029363
78843307
549056323
951884590
949158459
33635822
845979150
57288880
464146377
956687439
651511376
348304213
590631210
879527409
54213371
72672002
411130795
379096672
139737811
314188698
230937699
764086652
639779167
347493077
370559219
545194125
132191965
810974364
803272579
410389293
678306772
222377172
98718952
739008968
763682312
234911138
217578024
303447152
764398287
251107749
613396878
36882173
496583131
554622158
594177169
603297766
368001912
871976577
452261588
147155119
849817580
548557501
846601031
597130811
221108371
593325245
50576089
221183553
57281314
790136151
477898868
372144294
254747874
660716366
64770172
506743347
610742601
319991894
603075962
7194846
689920165
568393901
118608337
863202206
314964148
416477955
725332679
382819356
219860856
272090113
191733822
864339690
419124863
603234085
221658881
580926530
330944483
248569565
730733941
115517461
122867953
236376837
425134679
668424403
587707822
575437017
801173412
572778096
821773041
827117104
150844155
897897085
9478448
59673448
250222180
618651398
5376568
918473727
513816626
902631019
769790417
151582371
688328256
473639455
480737491
572297748
144217650
567572892
167384732
331110983
296517192
887722146
272868395
104647395
306055382
854082442
650496025
342611600
113650291
15684611
222720736
840948924
97125127
122458652
233043389
485102832
487105370
246172381
233776685
205382625
392037392
309950344
804375029
896284674
354765746
6991865
730364580
647080334
549211793
223590929
885341045
428055470
932091311
74996841
423861726
358658167
961555729
925192832
22374647
366604120
719382849
284858642
425134679
219313881
867202352
127536813
806458879
635002451
742735663
640256342
413502292
394215759
320455758
415520389
100331210
885314669
100119887
446579205
695486737
23787622
546872615
423607502
345465121
14421360
752503318
415321339
675469019
441393838
480576513
657474384
309798620
107080809
387326716
490575639
840371269
40181714
758791080
944725367
337643979
633217980
952697545
502134942
888717290
208399820
608706971
932549313
33641171
970202831
490748013
717379805
929664491
359226150
565851036
654194437
216736489
13640055
663494401
868343455
327362371
564371074
206002814
800027073
927949020
801040402
340447678
137021142
142500371
129520947
799211417
646251581
616605027
704527459
514666156
899923320
39747418
202525511
441592628
472166983
859013248
879184395
832914788
684171253
285974208
828098623
496665586
10339768
382499700
217632629
233522851
266622326
189184767
438247647
247005958
827125154
308039369
254681320
556619960
854811484
256958361
617059664
96437419
380782213
467911348
514247305
220465506
687064775
696192182
941410018
387286142
637753271
301086220
657822408
391118591
781092903
176503837
51074624
923311453
186467630
13749355
921065248
721685201
873259145
327990538
3408148
634684767
379448288
935824685
114154275
697604875
670883004
566218486
641113814
33178897
641709007
904111900
896271148
747106715
810084864
235875839
635185737
653057363
585832610
592923170
610629063
735601744
539154225
323285752
118140511
657897325
862384092
567962718
78368380
756574120
980778904
480020418
371176011
430115848
83910879
949608555
648326195
315414312
768393856
898620949
166318880
378781766
48066986
919077976
846312799
906793963
546644277
866271744
583122351
554666386
221548228
67512567
985155934
357940210
87073844
297083842
204325731
865955343
863850371
418667995
730237770
277050109
173076461
582067927
560537098
463929157
844434481
325252800
797400890
122657611
401688616
230181972
434266548
871029792
238470302
251762525
948846990
826603949
442864029
539396052
108401594
59526020
550988420
662679337
410965333
570463941
263498572
221711439
915518369
263953909
409018047
36213931
954817327
973625466
703029834
719493464
659542642
741406927
588804874
783599900
111522258
411058402
789113153
777743037
522049702
644949365
379096672
158110972
765124878
324728032
842251014
759289803
55931615
472838299
540560114
75907394
544444014
608882254
201818637
729581279
595564046
467162392
801832672
698530587
312726270
525322047
532736670
729941229
57587725
370736319
263135906
34984553
476527686
157039009
915433047
906901211
323668850
861642712
362577353
490087289
860529596
41266519
693492297
951179071
253212822
47171458
365971068
83307592
760161092
63382022
917236879
633794052
841876433
584625892
522597116
729240705
494666786
64901721
280801155
775837640
715207673
34128849
143139156
792956087
275296653
305647172
524889270
552420616
299361445
6145153
985432729
717331424
291659164
608377847
870392091
622885297
633558065
869182537
177704257
392912895
108937878
508838499
367576721
157197259
541486447
45892712
105558515
1571693
119747627
970400480
550362784
976982531
313732952
749401637
334769466
251943837
936286939
496379418
25821036
888304632
316419114
201129682
817453550
147592447
33465427
872159147
17715995
710951172
122241633
985951005
714875211
873147172
590317721
335953390
803264854
847476224
216874303
709297469
417665393
458553288
307715336
97306196
756574120
31746485
286388691
342569176
981573868
498297694
318147127
725606264
39827798
791767117
98635240
209847152
115942917
731443566
410554260
867740298
200163751
422174802
974251673
591581535
515620175
363207437
674915392
235227745
584135676
975549760
313289503
566130053
730059718
297083842
529305426
558741312
702974492
189448977
576126322
817542845
258777052
228585404
79988248
524413118
185801929
317955807
659676108
411519284
309240695
422945094
823239924
978701806
944021784
958081368
687940552
629612282
650558796
415214394
898154449
81074976
157157671
227087276
938907021
259367495
432824826
589628453
232242760
187281851
294935836
253259111
681781011
871516753
231118641
475170820
484213377
386546124
413798292
352464239
52542159
176348628
191452326
696962553
133010273
504623348
665019770
538612027
551954347
95241763
916619759
549981147
410933284
322029620
683500867
949665443
310905883
60416129
409332599
924182647
166947359
427214593
289243742
600459334
815140622
149069367
952512810
505240386
180853345
133928301
640175896
834671280
547575638
755345217
76622995
23053425
280808596
657352688
86603475
182282158
462030319
664741411
974745072
101994488
358373299
489335064
599106046
646114247
495850924
465896753
209188826
489321435
918743406
584793460
167554049
681634825
739645037
805406314
441710320
608576052
696279654
395400247
232003923
151080245
785936769
755211756
123226588
256685647
488542802
30375976
270577583
174954003
827195458
98365538
920073086
57655211
718386713
195373510
976763971
353269400
26395068
71210378
397413375
662502323
105324766
672369958
679861280
81850821
187643052
616726364
843302898
237059730
845938456
602153286
627436805
356039835
244158074
908135030
109976933
151478063
820989609
546687470
777528258
981099290
749120852
1246667
566624252
425042118
941162745
948377727
772459280
755632820
129632550
480062261
671764265
896400822
809285677
177305586
124346462
410637777
568408473
613973666
746136696
304919256
130965180
563563647
246172381
515177821
828400619
383680110
508984215
103030236
981141230
976914488
401995768
96431012
80246840
273061394
442556838
290062314
103272673
370038065
789480252
911236536
770663308
548156996
177731035
553468876
525401968
544440882
319898057
450720841
469064201
780383868
801746979
732081716
339411877
323163866
42482366
146124794
872806775
481496134
833165195
224747764
450248648
774691265
647566639
348491757
821717775
489571377
130260260
808473980
795082635
591459300
930705903
552252680
707436684
951798898
230776067
357239676
938293745
784601187
399958135
679518795
303938549
390059953
586112401
28388080
731657761
3922147
316878178
824677656
342159806
654193561
55856324
492403174
661727321
533246671
310440631
436555862
246566170
253035632
377095446
308362828
462417630
540894918
703763270
315543471
207934134
410319921
239685976
882672069
613792803
734322017
334002958
985360046
986250794
283988666
403755175
366334573
347556664
112079741
953198635
106943826
581252358
882079418
482386736
419040544
921922511
585028990
118676228
28314982
392285658
789149356
975751366
959100671
375500255
738882306
746766660
499651437
20211417
747065635
839224114
194923982
116078819
98635240
372897025
354752096
165390165
906890288
771839353
678484623
826175531
508542713
558806284
718017675
438146157
404482857
621661960
843018629
928614720
551650990
363392325
437921367
447446500
835531146
870805641
494390889
616943851
186031886
965779093
115498025
964852870
223175181
197412430
635765250
291839581
552389352
782900673
357559295
31808844
416925495
871592327
762977667
227486726
658906469
813019231
527310216
276665441
646383765
714066872
761149509
657352688
131257020
220660336
729196646
951244834
201345940
476696474
652384710
621137283
694188522
103937738
717656508
889907211
103421729
200827322
660527214
62012446
658563506
184598718
628155714
979280135
481729078
930458910
941162745
66204237
479567855
774835453
832450089
275131712
413334310
588535176
165678064
517931001
295304712
799073095
619713624
508750621
837117806
467470446
306128873
674008522
785500361
688212144
341024862
336590626
550167928
567631750
415616955
705785797
93669254
210597967
661082755
292715448
771462148
406808478
764223803
398417766
3986421
164840884
310070733
963056967
9344052
280942488
836570989
427801274
143747915
304960700
970421307
316505073
627103898
806177086
297033312
149560408
270792231
312939889
29493979
45049209
429516930
335626267
933146612
371583002
793367316
821184572
283953055
541480387
713846729
702595857
199788383
795807978
575041617
187860871
494186329
498732600
717873083
624256806
105230170
156184939
259999994
497980432
82084242
71970327
228929184
781424611
732070755
566407853
655506111
864934870
575713317
714302446
536371916
731136692
544773748
764086652
947928490
944533436
727663651
360763351
156411701
108759321
840015675
365661195
741542847
243324726
658415467
86644132
851021654
660476067
425462742
865785569
106787332
622208931
234429125
459388253
49431133
634975985
848711691
24912586
694420276
795594630
786326296
204830270
508750621
192557859
597059939
422183359
548092265
737233376
287365350
330948038
368672157
47488784
310894938
508855182
373772328
584964254
953641498
697693713
777305596
559671513
856679267
515840740
839449891
749260569
747512032
910284821
620565823
377723091
169335899
263135906
237514344
350013831
919623356
497287341
329379558
190003150
827889272
163183964
6126628
484041639
725585831
615402765
667313807
608495269
913237143
963882484
37610888
697132097
293786589
958081368
191097519
176002025
380635143
168920578
152302741
203095075
36835714
25001403
356774327
775551915
888466616
548643259
446998153
665382170
127732938
831307296
172236145
256324820
416764858
147272338
342372614
409344382
504401645
280069043
267356896
543430333
627499699
650558796
931156786
961523898
566996075
129454613
68194941
310708859
944839844
403661525
186481588
790995891
731430956
601652603
668165008
895068792
487161351
277932001
515964319
232078417
62189652
745569135
452313632
693538660
276942239
561851169
508870388
986108036
775412185
357061565
141845532
551251517
719734204
290905062
291247087
631572239
193948444
536271816
863029600
101776038
303322162
962275193
130539662
981224890
88439655
706810551
621521179
407408215
415759385
934442815
960509943
89444120
78238619
839019043
161596688
582804447
101318365
613465845
519357736
525900590
411491983
981591580
10689106
243541351
630525900
879681749
213529673
899703775
388363586
223324374
339311952
898446802
673208345
245788887
436144366
166999232
659332665
533948619
689175043
623473658
472831570
639192521
710255762
475944287
394875607
88216581
795768240
157269735
270847578
268541904
188862533
423294184
892670703
580355856
359287993
277577660
952457423
54353456
962656370
165337188
534254339
943115868
894910722
148980783
832178947
333544252
214455203
845711953
642000006
923263688
768909199
10027408
79371847
891575305
641600240
759288691
814310669
108921798
816568519
356074991
279262260
840795674
391548646
291638760
3579359
529316780
597492323
678606627
584946300
99311847
569108243
789763284
797903574
648600995
762948243
363290044
74222571
897306223
156824008
946850132
903802378
711725546
963750351
48451589
1
197500283
776546772
579238968
862265610
614298803
959100671
537171330
687278647
1625839
5452057
743215289
780976752
582575591
112729188
559708515
210088019
475001755
515215918
934442815
870515712
633570822
67527861
405092876
617378842
12997753
211343809
111511279
474659710
199047648
372570899
100874259
838849249
163431700
429621079
863496104
326376327
259139906
524335199
39577293
826680252
111432451
168615248
476801839
222624979
282969703
76061264
881791038
490907511
475721426
482529399
651322419
488331556
566931991
661695822
174527448
863032933
293850932
320289664
285435865
304103008
694292835
675877709
568520431
749118573
341886352
648103874
333536701
460582848
530005075
237082932
951137385
685888601
711024532
685250956
142951195
693549015
858928010
604893285
964575839
463289373
430462576
804633367
40067268
223454198
612479927
8533835
327750849
800571679
303643278
546116156
892473666
634200054
499638978
43976551
746380834
897205764
601717149
984010284
961622928
831820447
499596410
642858873
17666567
786311101
119090628
225519551
937007215
828170148
560341902
604769382
950880675
5531390
324450149
617308663
558404714
948387129
832199730
253334101
675480053
734378389
926859707
590521153
643223493
430750125
476064157
758917018
818045249
225401900
329868478
179735233
907205599
265015855
651184732
807521554
244190160
782628101
267582757
430605197
861163265
793069092
330861003
295166710
236711027
599461268
954891542
917909654
290805420
55948654
412295113
21001069
542767202
124237977
628060818
76495816
152465662
133979334
548361041
613913568
581501101
776941794
721835554
345600425
814183974
608927541
363466700
318203678
497002437
122816616
472831570
110245925
438533367
325214420
985230172
857620206
603052000
892552309
386285272
292435037
32338946
102377864
186394749
334681959
298952109
402581171
828916248
40618475
713062850
291631150
101663323
127479146
749391898
63481266
244502546
428782729
787363563
565147947
98518679
163076481
408662147
1482236
92841441
689262831
118706001
521740432
573628019
889566952
104744302
858229401
907738763
114874909
727235416
803420037
404655182
268924677
358159849
625286215
952101006
411670386
985281699
505567675
687580076
419346541
710857990
859776444
722567667
149211041
401011003
206933198
426163168
842759067
155966400
865708859
279067986
29720513
628387511
439253510
481477177
79910955
906961369
894180260
553648266
364388832
264974814
6421265
78241374
594226412
244271946
323704830
901056624
774081896
181975803
388247497
63766885
738674341
898582263
352050628
79504432
555627852
406623964
891978991
903367926
406328624
96282989
423396232
447155755
588635608
727697065
585345944
812776453
635757682
143534723
391643841
213228059
664865315
579449752
918355631
790896785
366026468
877583175
271561157
464684147
817859228
41528277
41620514
742097738
604734157
983904295
371027708
414016054
604476104
622955459
590317534
773483375
457340387
778630752
77925398
400168396
183757432
960787990
259898325
624458632
710161852
21492589
476667958
840430345
651468666
228695141
886770115
954332357
50857147
52729397
63382022
735680777
686499492
660100776
658873208
377238702
368052582
294117998
124215240
227918430
702676108
97343635
243228113
307762962
848823515
324355019
384485538
172467960
775265207
362641887
830426092
276919933
514764422
771196493
368388449
478265916
587361603
449014749
834617012
693904078
872283385
876826448
259464161
166095981
913706536
97662692
671923542
279918975
441463709
495949817
400213132
911741085
529782007
697597483
213406727
313901282
617971779
495732184
889069084
955679091
818141414
379862419
378213381
622450163
710866570
621661960
438485664
581669325
553276246
172905057
525845938
544138321
226862537
310684280
706806658
820132413
646538830
735001978
771552087
938746778
390059165
500721903
937887327
578917930
494186329
329649587
376175730
114715869
598430885
658934375
352961257
610721008
713532715
437115828
583161354
776605513
389604269
960688282
70286439
270745639
859705017
301973055
686816375
45851598
624474590
220969834
154687266
420323415
670396948
846037706
821095896
500370280
564424193
734079032
807574199
975329325
336000040
78309111
896018814
532481608
510917229
694606553
75669420
282708494
287328754
799569969
230307574
265995173
622885297
150565821
866294908
286388691
7644067
582151986
836851810
823883547
191781680
615585956
807614122
187954987
37891602
799159754
751326851
751569215
390443882
210113870
430342316
31476578
260348223
694922985
951075971
418097712
706920686
876593292
273578124
959164196
534621350
862939714
922970932
372960815
561665835
85229073
833094331
813533539
600089407
58254099
555769882
855546258
141676179
6260924
657733918
354258141
549580039
311474705
904357019
446305020
102308333
858107522
83724044
874042393
369643080
404337273
726134499
602966918
670240223
78884878
832944929
961121768
768977566
383546406
176385664
487913709
221219950
841750166
862185405
897063048
356868322
613837456
495909084
83158806
880420311
312468691
769580118
936548252
970181968
424446861
471363755
172638202
854287356
945484050
549013501
841796556
745821121
416115842
578471531
877337147
752864859
91011041
738786114
165758298
414916358
871900349
320997980
671665838
165905142
768990078
255889225
933324438
484041639
126022461
351593527
873315909
756372008
531794418
972035679
467858593
654229179
265020189
955315735
688934138
501977345
441634192
287920110
486301560
962687821
932942224
865531593
800406010
247666881
103052218
790565602
861835333
654939366
601159543
760329709
353078532
382832803
113970981
617540857
102831995
968080958
460561371
863939413
200361253
940830152
467556257
560017298
9727330
515645418
181550125
913923980
822343086
116129507
574968610
230979615
283415805
926016074
216363882
366533171
6443265
837353278
321653389
77368042
295503915
810779756
124858844
758072631
586122018
433910166
196904635
675962131
542108911
763048650
811537375
626121008
687003624
953080511
248569565
299105707
900072049
604021772
73488378
393486327
752741291
306554340
151848599
724802379
787512000
353328676
631397886
89448609
856610010
681614546
916991357
717537661
731221938
75318554
852922380
849873029
865901115
873259145
440582457
4499036
476970510
214071436
285551324
871529387
504377716
96437419
515468652
746798545
584728116
46342748
603783137
36274825
449897330
802165556
324286950
48992218
787380941
422991651
112989573
806552022
777594587
257634632
648619259
813456821
35353683
250919835
573702492
32043398
131648559
497804623
177013646
695995429
71786690
741891747
565790416
672517242
850880629
798006809
552866612
179064303
49265022
249112134
711407605
3906387
360825354
59429854
10
741266830
555917300
898020037
792801029
826139572
167393239
620581405
483800639
900315439
442542269
94000347
651718991
154779682
782489385
945119486
605224265
238718533
717626593
639630728
367936524
249852610
737842053
566778627
493893786
342060607
166530480
739678279
126878035
704983850
356498635
848077297
876584015
669483658
816005263
77686142
771313679
757378435
485886088
639192521
954865453
933176184
910095989
78292036
607459318
87297058
38500665
367649020
441278126
752257940
80001258
228848087
230778553
644153700
781529273
790994372
194468870
53521834
279782308
203975705
936271047
498434643
938688608
617638717
184445123
88311712
518744553
284533663
758227812
667895032
347787561
507528162
80974724
152079691
53669794
819697533
706505524
400577189
527990231
829335966
510913568
755543234
856439679
420614756
297677624
826871296
934343513
820768255
314143214
546807492
513403266
223019953
688980917
896970325
836249876
507372661
625080165
540937910
315333390
179424866
35737984
152828100
961354992
354140376
303322162
305028518
714145952
777745742
602625583
121113582
10615551
757997780
149057196
13518421
900331724
898276076
193264935
942269240
171592056
105742411
750075469
642840401
490461682
484984593
83540671
589921360
289295655
519564972
369582821
426621001
923762258
771101300
744635140
515130649
556658020
949293375
143090630
143136312
611010425
785304322
521902348
503008076
635930737
248632637
275817901
532343322
946049768
160884983
974146669
908657701
854807448
426474271
654574223
503469898
452709935
353104393
471869427
592267370
886995636
417451902
234568036
31068052
590157496
963876109
840802866
385559165
861349115
398073530
82453620
212930813
839833059
494603787
532824866
886688038
511164521
719108088
39960951
508131740
290137508
138654423
799893370
504083856
319786012
611041887
563485169
649551215
951604307
425819267
100011202
238489511
409529463
154620324
151852612
122604608
616222622
556063842
735492103
779914473
202801255
437214999
856224735
558404714
774190227
25517377
258709555
604793663
443431797
660120220
586200167
245477578
537300584
806783381
109104272
223644676
983796980
376452658
364112987
610105893
679905221
230845979
835381728
261778771
68185201
652056859
935088461
172213049
282585733
587517268
931009906
50199386
434367980
531438030
684025456
97125247
115828005
253228076
542493827
813350057
384693070
199418685
365188840
211792853
32700411
461990594
892851221
925942327
207944592
956164848
501656045
851693273
750182871
28255756
207342861
755934318
11021400
795025798
146897664
289191865
691608532
33333867
883966148
646538830
150281438
164865183
522023705
875846162
889310275
285500466
633956277
253441756
895857602
860658383
52729397
769108010
359789976
717257111
483259169
100447747
714954220
717271084
599051759
33933692
896523670
975074027
71918048
495423947
600066318
126133918
515784787
222478622
153128103
714887967
409972706
780351979
438516168
353633313
867275422
406347399
103001892
610289273
699889910
738596758
372467642
977193693
251450023
481236254
25821439
956229970
470245273
80897851
955538053
557377702
823556997
942018985
867740119
946546139
311558399
316248118
426695325
889789299
587010280
102710107
805807315
613803484
776957757
761272362
328143550
209408945
805068936
554388594
137757883
401507611
879105167
252034043
981156574
779972931
547713523
282559773
441463709
448003435
102483064
578226661
321871196
838590630
571438825
217293107
152492355
360546941
657416538
16074365
978343804
267901883
417730057
355237389
717779346
61107292
668870852
259746172
253571644
606222789
560938651
802830078
475817734
791854841
436950694
32988258
571296195
781655810
923788223
198182604
134237458
351990858
871594440
648429383
439023100
425778182
159666274
883360053
571438825
823771576
188202708
855675302
975810718
52162071
313432999
882078192
931872985
407227881
540978659
586121848
372185626
648999377
128603610
543891393
11468531
97438278
401995768
208688143
293653444
295290003
283094778
440246026
900620833
933240149
902013918
105802929
104221497
691539866
441330685
964157883
342212758
700132492
672037755
850107630
648550833
469187608
439118422
208634292
265486584
890867094
483572453
771272340
367230935
449597661
13518421
807345151
809003723
603526344
907480045
492004539
85527666
899432691
983642120
629503410
382495156
130009023
532396917
162945113
81190665
209489025
747772529
693169536
687840161
455170665
135275711
410840917
285500466
161901351
954436999
876602694
247733655
929266285
357084733
630132748
558983249
117701484
138871535
495458624
715007066
103132925
865591262
154281675
252497592
563461915
846386863
65609735
784462537
464524700
365353087
869213929
898673277
822306789
170749770
85440336
665509774
628184473
219302433
69394268
502146771
931421429
777101085
606701151
231294995
238658255
292315071
607823975
527608872
66367113
891423536
706073696
455448471
308362828
20001202
460361559
813007877
532683296
868609218
564823140
675482512
732970567
720364136
873828449
494256463
975896514
611677800
60658275
812545781
832828816
387417486
443438953
212956785
875846162
33902402
89871704
517946721
969678540
759475352
22449984
630986797
403506067
884508143
661916424
423994745
636022496
283139750
193544302
333901575
975802704
288541870
953300197
432513289
801921161
133784551
805321472
25726665
968470838
952469117
891425322
901148672
109601963
357940210
11579415
851722294
931821323
845194053
469460151
532012313
149586615
865759769
519080543
707010966
234003506
895282384
347370230
154101688
561954086
175416656
535937287
607620456
364388526
116291079
647497812
59069404
596302462
378900343
331998518
915669431
294439338
128536839
271233625
530505709
891210245
965584851
812056224
63162298
218870750
409337909
169589952
410342472
680054555
193290550
255772469
9036286
111401746
45735952
346881414
743818067
904802961
418517564
154898285
407927229
444793610
280059280
191631079
49527703
585984166
56614567
224197350
59491488
546368059
483882081
846097676
91342270
778459620
97880980
621728120
893642614
231457406
554380947
981568582
188068136
113452213
321606289
3812733
148308458
577022178
588694331
25889448
253461607
663346382
208600878
971477315
620503858
376218771
521166380
813350057
821502344
720683884
565426862
356531662
953188580
22842368
68268588
138179390
832219716
15433106
625665501
135648033
617610419
677944714
707714472
453911846
702215929
601955097
526706253
888135990
687928499
154532293
122066654
548940021
810853955
484712418
804705343
432953980
907028026
413707149
172786033
910318347
407540104
933146612
62040404
181506984
249910257
133773528
625973846
322733155
492303185
882744770
640967413
244080125
887773336
645388408
150394979
884486459
842759067
489188378
385741153
709164919
240669645
795082635
709059236
361646435
971042009
359896445
743385319
773378632
738926665
869669520
455503980
820159145
542175834
852972247
21596173
691191335
536495257
586435811
697195136
7494389
35400756
97760241
181058208
479111084
882722086
42153906
931485594
510450426
979741724
86613411
493498255
39825707
141983052
215014812
159797251
364449601
961419485
115598888
543444571
938622791
949960310
793753361
477978364
93364449
577883783
889828072
761595214
613838100
458545701
934189286
39989530
471961201
104374332
794559293
113819635
557967758
979080606
125736067
255880548
383353036
618631134
980142299
174621432
633377082
96196227
666654566
722406089
903311190
583254926
230824836
822219103
904149975
207995301
204684818
530136734
97769415
918416573
217549624
701400322
715445130
723932117
381841336
422637488
480737491
835686404
608882254
923614313
555705253
563469970
91831017
77635179
605057967
810232179
957051264
305502488
228577424
661502957
172884980
814183974
898586149
974955073
414534828
648835474
875942711
4299107
104034956
147367485
54305287
364834854
674460170
619294575
969225041
572890237
353988845
910321738
493152914
771839315
437835211
644198604
16074365
608490968
583435839
800779025
838473546
424408260
122185470
693348479
252738616
805258607
324024128
79308310
689029802
370811211
294930997
107482980
851974002
212130104
146355400
498677011
529547416
941858777
8168979
32746877
19381774
705508955
731430956
923871293
920438434
559671513
32699213
771037062
510455411
45610856
10027408
702361754
304650738
885921508
362630737
915232704
697563505
63108233
37698322
730101877
347715954
908353250
965769256
935043132
612257379
823712802
128136223
984341468
306594089
762188525
248490015
474611428
536248922
488358578
215484834
724063885
18028214
89201986
881997182
677568669
15688585
922572542
396868720
26593163
117333948
786379445
196651793
452235621
853193605
289295655
277946840
489563538
562382821
452661910
760468884
152194506
222529746
823219747
621782319
371056940
783461541
968812199
136799513
717430893
982534171
127513346
24012005
161195580
445189523
327605108
700695027
832843195
842515533
766571473
835778451
429173480
746803333
781760223
870160716
332460358
678713510
922380449
865427116
401166320
70364706
767357298
576212885
313650726
99337183
908340307
590551274
223957862
643579270
331123865
464261591
812436577
435135479
273648389
491554581
165813038
667325634
624847543
263282610
342780340
780590075
890031260
905474353
589628453
368321935
760358574
827968942
488487607
374463813
320903654
511457083
606595456
298858405
869277672
750936433
432244480
732783385
947882178
575074075
668431438
114429983
178226489
131404129
28705044
846584224
892712802
941800987
45359604
2652093
35647128
491229413
250972080
365837962
608732378
841196101
880420311
786123868
182342703
642657365
558799994
39252399
395165642
77160358
628060818
112044836
826727023
58390240
694718755
414653056
861533434
319617563
293240464
5476027
642698719
976558526
840759707
840157955
744679628
883691951
1048630
158909823
475606723
157865989
277637211
218817399
363158295
369763635
493777370
262506317
409884441
271517416
399169472
185712308
778084073
270590610
58488954
220932609
669726921
654766045
42702865
36793163
426828886
616190145
546111999
16849998
857957496
957604326
23161194
480206758
831549567
929028510
937079322
880688621
716874738
334337212
260542306
941939374
156452993
207269105
955286507
741278539
771409675
520213141
351684660
708648370
800505458
579736160
916849314
715119128
833281241
647493274
466053271
783666039
375428793
430820014
567990164
167627145
754002097
75504569
185925838
84147959
976664954
162078845
802061241
951870327
226443622
88380312
801578286
542671284
928490496
180146978
131462779
710462984
932366935
312223401
833839938
255043815
467803720
231725858
309458814
180248693
766277914
425900278
658878696
746376218
835934838
561943757
332861767
560787846
662634610
472141780
877315263
323075530
271626420
896519855
152215124
808689105
631965723
720927523
704745097
963706344
972790947
49253719
71684359
352700653
510035347
439100389
609511465
169677854
287190053
468312423
887619954
716260842
236427614
595176054
365862618
464904379
298157958
250012132
438911638
692365322
867112872
536623192
513397218
814327067
762849883
786189223
498978270
841772850
659015199
250710776
813146272
784119072
361055681
395400247
128028901
633661741
244921
156140198
850373085
133349539
542647413
136596629
342977548
446084873
814158478
786045007
227293516
391105129
879763122
846242144
250027875
518148870
647504871
925825892
86554265
105113698
628219438
919578602
751566845
222589356
854524113
581643431
421495536
321552963
385441
634560896
618282517
108884568
829991309
783851534
115254584
685949688
368684457
954518012
344192162
366282449
207880374
678187966
644062903
972521467
90522066
121825428
12673356
872159319
115877051
122908858
524459282
521829308
591172562
549035871
150989847
681427366
794613896
947918491
905259429
526514824
511850403
648901979
937106510
474436600
666314057
472128666
622596
941801103
739431926
179328915
955565540
342785402
769525691
979180354
30833910
186106285
708122630
794931165
77327655
788389014
829581746
120483610
85820130
831400490
882975988
200079558
546854623
231288882
437456812
162737564
945119486
741929487
607527517
351188740
186949359
307133174
637828980
283528545
139103813
312009254
510599505
33465427
861143448
294338716
546420092
675480053
526216355
70026473
863250604
353082304
500533938
825776503
162312221
875529213
909651060
915114014
861588925
51558985
771770814
899063761
535163204
16997868
238365249
396542683
263295886
309579212
527904354
516307814
776500533
176318407
680792961
514408508
433027426
126624270
207366446
611674993
849161591
974690707
355476979
416115842
377238702
394610672
703952113
693233217
942055987
506318364
204288799
333327669
396090179
561121132
177115057
512347604
951229118
215002098
216323688
34944464
804419359
600053210
347561149
556645721
779603454
944100284
658996071
477127220
25455331
375893618
220236270
288461573
194763780
72512166
938247363
440552000
711756241
45414256
232576140
10905753
124313499
925043618
605962768
386440597
848510008
879641326
719100434
208966788
895321040
262793509
713928557
863202206
484076592
540458678
33933369
384171575
895303642
751936074
185351218
970857109
512265488
673995809
85032507
358638672
233923187
112020666
846501855
678291526
611028102
27846057
265406931
206817553
443037883
878824045
454944878
448809742
570932857
114876861
187975458
572543140
905168797
755504051
565866609
354101218
574055701
984323169
397663016
826191691
4342467
713663940
831609901
416539970
858452762
542021401
674305927
217088664
857526733
112571209
160612914
846655680
274694386
307230397
305926544
486460902
595055339
259999994
666255704
114527378
671484856
100577513
568077756
954293175
328328191
748775804
619553806
667807677
724780659
282866865
739554570
783217875
115164138
509193663
76770357
913360267
712062133
349245199
541229127
489009014
734464406
965904686
145010928
163062438
677660477
233574990
903954509
66662546
902381502
342785402
819440443
704638956
829577821
488157526
887099109
239811434
821010498
826713811
957874820
388724172
353799045
898020037
147758295
221587544
836048426
727302761
344988235
541229127
885733629
752123791
886341682
744079069
90696285
524404190
855508186
477972781
676431945
401189992
589198797
411058402
909933277
684840559
604957642
834458569
182530129
489798391
887722146
860622888
430779199
457189941
818480823
16956660
201763243
443188310
25536295
450346340
382418388
969621958
206522296
876915508
930702329
403711940
517312036
795844757
233506011
16366016
894012372
156184939
737117783
717283867
799866691
800418466
929608013
849566284
327981394
797136214
390751717
621402649
852287807
790896036
713509788
65395088
852113382
808791090
161601127
230063443
338482076
784297542
742338588
786024459
6667
218235125
279150345
185739910
933570468
106512091
612188016
694261543
66048419
984278884
338477927
392827847
980992648
327402817
841901600
668153443
782097467
8661660
537457154
734109177
415340712
411854852
636557984
724327052
834328569
260554560
515220860
454760934
395978308
46822479
508278107
117496396
416489256
294583053
596876943
892322350
230778553
82984337
12821304
973804522
237791370
318073913
449026925
734493969
576663967
791409444
499395329
51949602
520125124
967767723
288477146
30874839
774447463
625925727
696605155
628140349
635662866
916891647
484781240
341801410
963565714
503288027
241772011
422668720
58782677
267431191
19553780
365313395
81254422
229217819
76480566
493296604
796765103
86526863
688643347
622202750
980163478
533948619
3
896488184
586178359
897339750
882841455
328722386
204397987
124138350
33739179
236089666
134203021
483457594
660739243
712598769
307349646
947064486
842347561
926196409
341992043
360215194
24922389
491040388
554013349
486022955
141482583
9463344
475535484
660182950
707290269
471308481
465600071
867757086
789447802
39910601
506232889
136447006
721228657
123191978
669515065
102148018
956477831
649518916
582073296
898229494
676431945
395802481
672291101
693842103
757326211
322647163
399500925
757608548
480105266
688872696
595728482
415471672
607898530
633249137
1909618
81703904
939651255
589183455
406808478
807316077
871417678
37410313
595713443
257153749
827714488
692836788
789780841
455306127
360097540
599476511
61709979
926901433
578488350
109511842
870159538
412533405
577369197
869929357
564380228
431445258
45359604
927339309
419161981
274993135
65812278
16701889
596934654
252409346
329379558
373332722
960600036
388404892
498524348
841322337
67424851
439166788
781765137
721253863
85848175
338089819
515198777
984569087
881869404
913623004
634102987
597130811
36099290
962303796
512026971
757855653
788093612
633086230
911020108
891090680
225896029
841510208
594728291
374309215
584285106
105155919
750350193
545447815
681032916
763379501
587506069
680078430
560667136
712388202
341008877
282773818
499205526
398029411
662387623
162386877
411766392
661522254
77327655
576241318
704435992
92615342
695142764
458353352
247482752
370531612
292826459
624721786
134604163
145893470
791471481
36164637
838217141
196160560
423508626
279497374
259524283
431039070
61373524
649642983
316539769
664272741
283403298
627864815
631342779
364661735
134586875
191810007
914313691
194924151
618721588
101855944
174031239
907990626
28417571
381093231
649289191
313706522
790275674
902872752
870354143
181710304
648128614
102448587
10294871
813811620
225755162
507536956
542308416
769225708
107496276
769839235
965003449
355553937
134017967
661469158
681492111
964054091
4822067
748839856
975321048
930703753
114609287
954975092
633615694
488471024
714278642
972451580
363604897
435307300
153447211
759173014
910624252
692382004
898003228
859577602
891575305
825243708
91002091
483051868
823363087
886839782
692365322
703322598
232489921
418959855
429065678
756078177
692733255
781760223
808804834
145726125
686715708
665372169
978593563
964125396
623673057
125341347
212078886
799159754
192118308
136914233
484958700
343139420
150353800
577229532
71970469
694882350
484195897
845149720
859997800
264851963
92556232
661017915
238272699
176835351
899286330
330067033
42911446
923377904
829475628
424605590
163609193
796742163
614781581
732987403
255152044
804097332
122821244
73705888
755921534
45507174
191605647
159743469
339935852
229970763
210113870
671913163
85971236
855018776
245426356
138143549
47171458
982595380
104857671
401662142
795841481
336113871
96853394
253549525
123759068
661706378
94102117
510771440
838251937
388118827
693185521
407540104
443626921
79783297
553432093
627262220
894687817
148637931
570540024
874705459
149825294
831669884
922429418
687562063
627675865
354331559
804158728
160325860
399446814
699487455
356139549
20104493
775778190
523429843
55328080
171428777
529573343
830184493
213693335
893317495
299914588
98124900
4871653
362961513
426964562
223669060
439516480
368797080
328706869
13931644
826328583
116247032
228540112
31451415
884162669
205342779
12391867
16484544
840104774
703664094
20211417
274806004
723664070
824457658
751572570
841980031
683956274
934677623
839577431
710287313
127722837
287666896
603095452
756768186
476627938
614660815
672823924
201791649
341028301
16421715
190547242
30877020
410883137
363176298
934635488
444397063
312887379
960781971
598940804
920091419
256233308
415464867
954842882
397121823
938212370
17607096
181923901
620425168
624754271
855861062
480254787
477603712
726890674
92176843
637146080
657447125
262506317
313732952
383955165
76718890
319955814
498165981
384023451
738357646
65908234
104713858
607385560
657474384
631310856
134182405
27250222
471713184
978823995
190496454
162412937
855121779
55324439
932448710
370347355
909867120
422770364
834781704
245477578
837901698
370709553
55328080
824097434
67608903
66438265
976889210
632166310
310242653
299898061
622120484
682511160
636224042
435928478
750810831
248982974
550450794
636173938
939587133
909696112
237212105
582270418
267203747
796621704
681682561
911271987
24657619
318776067
400279797
16531294
745346788
794772422
192557859
339511358
578488350
657513342
410035302
622961497
930012583
770097974
970858201
866498203
916336179
109875509
148308393
277229799
605884406
176009695
722608866
541771399
276441194
119497512
433021589
353015024
192012674
649084996
377723091
598541581
369751391
265961431
485751085
522044214
338429815
278586935
270980392
233577700
667217170
974310528
306117571
425693975
476644416
475430246
419295102
55599098
282510349
48492185
94614710
456827101
950055122
784968724
705561977
929664491
797764636
773299247
15713786
234863509
370858480
27821718
437067052
797383142
909699610
737935667
826357087
736124214
812581522
374596094
733028531
548764834
152465662
263951316
159120278
986321530
916346407
281885134
467446368
210424026
322355614
384690741
596733848
151080245
597293006
507402755
396819207
23246221
659687792
697431100
103910366
45478151
356458290
748921637
296270182
869741010
739347755
437750819
969196428
394340951
311218661
770442165
688175001
43046797
162502984
598660009
558002535
203604704
282773818
196380653
965682554
137721140
498285574
142453315
716110625
326551491
757290430
464054761
935060228
432673987
779885726
768706747
425072045
167012291
325341229
437480625
876597281
717722430
915913587
260444608
904679599
124685296
189106723
301845533
317133456
67365450
27846057
21883327
492043888
439686588
329232552
821096990
233362016
375321014
263310395
765452239
229651961
630085355
54195412
214987182
129205763
731567859
265499499
337258829
391531675
655301416
696505809
29051859
287992077
659702767
416063874
963704717
849864477
177036918
485308157
26923580
302932537
525071971
95934178
180566450
598571635
781432410
623365788
648378657
126515499
531127192
244231879
214913305
928216285
51086398
135764350
614804220
702577364
768119516
690822333
828358655
468280811
257468121
34869212
367273839
136310911
13225178
402639454
450549468
830872125
121940041
717370803
354716978
719734204
589319028
917909654
921489100
524849385
983326485
501683846
370518318
411567755
349954533
814269443
610223550
220328830
919701672
567566655
258132110
158116826
886292976
8769986
233924916
771272340
512630899
862185395
196536926
428045623
645962303
251173154
329490320
469290937
447707646
843067032
240427098
430676487
89298986
62547544
901859169
826683623
155547334
933888889
743818067
688640951
159943842
2638407
571409367
900166456
905962395
933391602
310583094
639423583
186578330
719375705
575638480
60698030
693976485
591089506
485599155
580597944
658830278
4746665
23165229
217196675
17840308
861692095
889264800
440602667
916374813
575396724
329892997
765130523
545641000
786046018
506290627
201905608
385421701
494930207
551360363
751519999
82180285
205067386
77925398
290624094
950796898
972407572
383407708
506985255
896641060
4994696
952093964
322297393
303520691
392479175
832725130
662429871
394610672
60283488
673186443
565347932
268398479
193161086
506774763
224371027
768059332
377545559
338248551
102200580
390355616
648759630
770730140
447403864
765318377
955686702
431624960
398327736
365060671
495671380
630373553
578422359
445901257
466053271
766217143
413424302
358163691
442284799
146559488
346881414
86106958
839928198
110747318
945063128
975730891
982667917
863336160
930228207
19929787
896631804
518264177
407908369
478546533
718199371
763319114
743098739
368370040
485740743
84708723
440873742
291094185
165390165
348381897
105558515
537952866
535639560
675816255
386759530
915682645
850359940
687181655
248382933
443698813
523558971
8926770
288031525
276514670
12177050
666410589
961026071
669213224
711014399
736651287
716068881
772588555
388617280
951941656
956604575
143870950
258830596
17666567
625987720
846860774
259895653
674402683
977690974
782334246
153315609
518637102
700657573
534040176
233730734
280003631
821825966
794208842
566860775
495424349
301340410
82560617
980864876
379671770
418517564
701543826
983546130
414686574
305703960
961174374
825134997
221635323
522512010
458018671
911644268
141026481
839254386
964238665
84220034
12121801
602683342
934890963
623866743
496245709
233754237
29627152
898267857
76368411
546557665
236864224
121665475
137159407
66846750
81558954
256315222
450559366
306167217
150859405
197350475
236915624
714896645
169385360
662038688
574231768
406899959
134847567
218657476
355145661
221402706
275224157
523284089
475764236
622226466
45454560
297242735
380211536
397798751
457491770
618810732
942445795
504393989
745581686
606305947
719928313
911890047
900404489
769378576
768572696
211670288
161324354
430254569
173298718
894936754
188605862
175857972
353702380
599683827
265630485
245305766
726947632
367273839
313693051
199032207
186942836
117606545
287274841
410232037
186725010
756574120
655071090
595541660
849855567
848947977
317934821
493703191
905994963
827823801
448954789
486635875
841974810
84003244
451353963
677228984
87894987
23151104
421438464
788964142
928160967
353551053
84860502
25512573
507394630
263593788
241800363
828473716
453118588
236579963
269534305
869414562
281015440
44930333
128813837
658688320
615511900
829635856
385160972
776351177
750773947
743018185
69194223
650923323
388902152
410930018
696795802
773522716
554257833
975240212
507350078
351876607
250844225
751388731
317567280
622602577
389322666
298543637
887159018
381841336
320549773
942291187
225537920
514704219
472996127
738734018
268835276
544020189
522482722
673981689
986321530
152425392
524335199
777079835
96999000
22454729
851522883
764839967
589457533
229390772
767146276
906562828
381903156
343409581
171247514
326625577
589246377
925051262
652289958
619272970
728073015
922275854
732851060
104947733
746358116
482435477
526911177
968735745
605673889
649015139
598981241
738345264
524876849
945098565
361457484
113459835
644655676
223261309
168836276
241610449
565527118
299121039
604734157
351378664
611975685
527053324
725611979
86404348
548831747
484027408
44407226
565432751
872466681
117345996
851512178
190544291
498315612
642752110
211259520
461978891
871052869
705083510
766335958
49307854
467456399
508512127
108937878
138654423
14156515
32514587
794258411
77419347
699994081
732081716
353618180
167595338
760682226
158715946
165859969
252554607
636835692
860469301
846737374
714123420
265648858
930178189
655997427
665870899
502115059
745328432
449331644
214530717
207235337
789175886
523985316
677520659
701798135
2552637
60827388
127908283
148732117
730571471
583748667
645844146
16961697
832303959
470461809
667923601
528083109
148389323
400099527
237362764
54247318
25976760
981463772
750446106
532971570
95271741
658669501
595848250
793694953
141116015
895343229
329074352
220320181
112795949
319087010
549190705
205269085
286617267
106035836
815520196
900230715
616726364
6755661
265998636
701038102
674237994
347686237
727980608
318064806
92618465
501929092
340304511
112827280
238669185
498775766
248720832
637024157
294947143
492972401
403799988
441130967
41361753
926945801
896595116
145797574
594760002
900230715
297781925
829775846
767773805
87983762
852296219
628398521
569538415
929436703
363710365
336805108
868832371
664317486
164440448
64450309
945574543
729931298
149720963
466347504
309738052
508478504
283003521
55010707
22292744
944645847
597633103
324069297
913882156
572373445
834977048
650449175
273949539
433027426
904008431
224460022
305297513
644153700
461090498
373667207
128388271
792886448
10349521
807069593
222148343
714278642
794521432
554223936
763302243
669274197
113312244
646198954
458785172
932796495
228106708
187646687
79604709
927470583
870745258
87912189
307688781
505240386
547265690
680276368
422159379
909441038
899647591
970593060
545346343
440180674
169744855
436058644
740187999
679784338
577070509
790994372
269380929
159599437
219888246
499025610
365022705
817089708
137748547
238264617
880934058
238425282
408313649
798662717
234887825
217345723
199058773
744928094
12679011
817135621
230686732
501953717
602927413
216032698
162223472
757520399
353455085
546949525
379742308
652238036
712129168
636769961
494117831
927481352
612436449
525052981
753828198
466690536
475562032
911763620
555979943
481635977
232559739
826443955
4541119
677124434
686894003
922204319
285540460
260289689
813019049
979065683
664690541
430643514
481867295
476369889
519550682
214732629
582702493
743699456
2490600
363545827
123191978
43668623
64269402
779709584
454268268
643029154
518988231
916346407
896070759
918627208
261317312
470140052
224160564
456517060
878002195
861685284
404440073
194022422
472920088
897751527
483174756
934549533
720683914
636400349
705537025
286908544
440654007
67690625
862747450
632955797
252265275
915030314
737160019
915525769
707803202
745564084
336680541
210843261
948064566
698641362
349074179
603741194
46214699
975940698
704183202
486254473
392091538
207563171
576040312
33717581
211632531
249388962
277449015
317643192
520077171
981141230
636679397
543841596
571226689
342866232
317848204
105522829
374957530
388229585
729934481
561651328
574328923
496887320
813234831
89130680
525584680
924849186
478952138
407551102
272479738
493793530
518332982
531162416
628154139
934441265
827762893
858919909
897380874
550986140
168636904
113653368
279494046
168685668
209736746
407908369
613781510
228135614
131960924
740991132
493441457
670350775
57205947
390126868
96558386
977257117
128018498
9820012
511389944
860026824
617859007
55567626
800838573
194961675
594671572
926779152
218358478
320295164
388453684
521098383
811352348
579262612
364830932
608247493
444419369
23791161
848244701
138871535
249721127
446107869
787226066
792883844
656735537
931312550
17441767
690506633
342023392
687767212
64871015
598133793
136754438
21486178
378452464
762558968
962625218
53572074
524914685
854234871
360056511
439354861
967697553
662038688
603423539
179224834
338060304
355549771
702949042
879250228
272159641
81475873
43455944
224308283
375097429
655708038
428422457
572185710
767301963
910131563
910667760
810087175
622450163
332132371
305549948
887924976
787522760
161814498
206427379
939891411
826926399
512190647
124440599
827364762
155740358
310458171
603319439
864636526
685676730
656297750
170262985
99735798
404355949
730830459
545320073
69017337
814261952
925216438
120483610
774963887
514857234
903123123
135815024
781208980
177151309
480253736
303778514
967137129
722756058
783908133
163558442
551331526
564366290
117174437
129284361
910612256
120716100
656567543
165569417
906727641
741985679
723664070
390442756
563632354
681205814
237695564
423001010
361725988
189192947
166459238
546535429
571241439
794613896
518847128
230546227
981774136
518526216
181535478
589071968
672583352
608006800
19136955
879817788
431265415
787517767
36114230
31518905
451563319
451908127
500310154
966954513
781215923
649145742
904669535
224087531
703981261
812371563
491731380
146154552
324089459
391092223
434266242
664079158
515784787
407517151
413609155
366717058
249458856
193448157
985605422
428519322
45215372
380584702
874877698
101299915
477933045
339352367
658142077
933077990
393767974
966729277
117484185
744658299
954307786
491752570
528593068
122294146
722264090
243143014
271787456
583053386
207880374
410686560
222216379
957958318
643457223
286052686
104204716
899286330
623698549
390249378
105726229
517953617
553460299
549869993
397332272
385990846
984000107
929916401
107848605
717590500
800056967
365495285
350253124
259573132
651715586
352532733
274289239
160197280
570296354
857955518
581441134
635782061
54629856
255594301
594295381
879899841
516623919
579262985
845781176
420410081
494706991
102628725
342230207
292109671
366863493
587432393
779612389
562291337
851366320
355460504
961937663
370764883
492261709
178267109
933532671
128556584
337402418
592508570
919570982
263073864
397121823
714450936
630484482
59775720
314912190
15555759
430813821
243791619
597908542
27025320
791356581
699352838
189311164
763852289
786791818
595927120
626738134
488052319
785773086
693475462
793361552
814038085
670249619
304724196
639779167
473921805
840911906
284907762
331192776
437959998
273400789
409171900
295771555
608851957
172844184
367649020
354419632
840615783
679230237
404893810
73061285
221244553
128353028
366362696
791728325
574061213
838405943
962625218
672370277
405264355
338343609
932617239
658264921
232346987
91007706
707633035
209893261
522667892
251808415
459192476
878667925
605635761
505920057
130284219
215128270
419498491
316449079
310415220
358163691
222408432
274864820
130039114
613121276
360279806
144556043
602737965
140005855
124063467
54074745
913435703
118608337
974628022
481729078
625522520
531296339
432953980
598345531
817257927
528126418
521268997
115797434
197076422
343435832
739412077
47271767
80172368
560304748
318764570
87746631
950121213
93165633
216532544
631520688
201305284
647278858
166008867
2338201
444655815
15433807
405757932
264067996
897363793
552508299
198541932
405264355
381475470
73453807
535117369
872268890
237282036
521065116
975902675
252429314
971146603
562341465
872654157
394472379
321391716
507463563
164120380
649047937
548375786
779709584
310270756
881346267
227078343
791172755
969196428
662902626
289368659
440779132
91247979
951632268
368558873
860319628
962416808
232623166
51024675
867622047
176518289
897545416
284907762
670559051
444035021
48244106
379762647
870499045
970369477
727308602
931741478
969241079
539650685
791929348
617486917
527466072
928425650
712407297
795882748
773605406
319317229
432707318
220382297
581288953
237496294
783738574
446708222
891359604
301910081
934548079
723612266
515877411
591831077
17563996
754002097
417439011
123597532
329397400
871751543
648642984
591056792
511694694
803669586
939734499
796070630
560560865
278260472
368418796
530722417
817231012
270917076
180515877
450274014
330671837
860917574
198922582
677724797
663130130
671693542
614328398
891754126
79653910
489885840
388101723
769445770
708772066
311894967
316025752
130539662
466654779
724813801
476132572
70767985
567968202
557973042
8930837
699425607
817333536
612924588
664925381
51558985
500624535
776328585
407055071
54674685
497936636
282681315
313313857
153102709
627870367
599569199
251429005
837219474
83374719
644851839
688284073
479923380
736558958
319692089
851810041
169880149
190006071
334978376
904034130
919012806
657256041
884246763
174980984
33518858
933216456
705549359
610283864
838446076
868495073
538654933
456188080
106052144
585196778
165766871
206674170
559754089
680315845
396542683
59611129
673407832
217232596
182384692
6044616
79590836
13532320
448392870
753995935
922167948
801535205
150439882
746810497
285800188
857032957
663426205
788572999
482916561
97682716
426613804
772385085
210078535
677942487
406361414
83380814
400034767
692821295
403830215
150145654
117584697
474868964
394143608
798472596
519400081
67989072
883605525
458683630
109325551
911702532
846111858
374676958
967997704
436390273
649289191
914658806
50484105
306070604
68639058
931236880
837841410
227914904
520770727
860089916
798746636
295252204
520066399
979442542
214759513
114430982
386118514
7690649
469611101
500924117
219493210
668431103
745252087
220111449
343543144
137322974
50782609
423357243
388229585
952467322
821782865
653654105
129490910
936286939
61886773
450661915
541557309
315825086
137264767
434107498
104935848
145503350
73946611
679373754
193323749
448269666
291280802
69654421
754700957
773806156
78864965
914584730
117358806
254875147
246962182
343713464
606277268
115384776
771598798
59517857
318236698
879501874
416821925
702498894
127722837
349270600
458093921
230181864
571972836
831953047
182903742
73466987
84003244
128663221
403603161
950486234
715586374
595908975
391620368
721658417
722362997
550848826
627772853
280772245
779718887
386087795
75663088
122104638
893709793
184696391
445776536
28893748
794779440
338800376
581170956
413480060
408972075
345147729
728244049
855867759
283237596
413005055
69605614
598252383
127676458
221858057
359886098
535309879
849151643
753687622
772681294
843600884
172633819
595070521
474222723
614916700
328718045
120491117
457049954
314307690
340953742
454160592
890196044
626711007
854511481
245692500
917398066
613614849
101340454
829177554
269713998
570141852
580327633
912825853
407908395
30265858
706764806
610161085
802587875
965003449
828388413
854720565
346253006
690594847
198777872
790388373
884042103
607435683
668922810
117949523
708075476
407583308
506943587
517479992
268427148
767132296
47452708
755030238
91376402
951765213
294207961
476132572
35031267
642234277
475183604
459055827
932617239
557267530
716966994
142180010
957874820
384525005
914784635
753299302
327402817
44505938
792129747
756096769
42267240
580752627
417945512
826204931
146472657
518661300
426795107
204004109
177326308
666974654
723109235
191124317
444082467
775930460
454509614
400394115
913925856
942139409
605056245
9665647
26153087
71740307
67732991
953180395
61846894
749275170
926087544
8089757
394086939
782249913
333464004
529681886
867698771
688010805
934070023
157149273
938011701
925500955
94841248
40358354
444711709
178484248
929833482
73568965
626796181
66927539
63782178
205876604
602356880
237342858
694774514
678524238
316887989
934513182
611169134
809805939
643505285
683827450
487723386
204227658
454173809
805568533
698262490
564920732
169307333
476485204
659041921
615747384
548708570
127616691
770016841
652890342
840842771
437957876
410100393
858376205
879826946
587664337
773578202
772302477
32699213
646265200
845704858
299769748
925404369
883237854
886486551
428928842
354037305
509617968
843362090
738072839
908056227
228135614
973834408
946986048
62015573
193067152
774802174
876147812
763538070
408637504
216112309
306989780
154475271
200100507
559671513
411591935
85420654
665426935
579454707
981206768
508488472
797136214
747359304
738401869
224315659
406251943
48376739
973464171
405030044
666290879
363212929
525120035
643133792
709265903
935259873
706655923
443319776
153272424
160378672
881031394
832313506
835695395
730746610
454791431
161324354
46983191
513662502
68328174
391748457
577518146
845779022
775147303
192065500
491715902
335052879
908588348
822343086
80878560
669037506
760977494
535523244
727662875
323091339
446478581
466442890
834983749
548019719
317457562
601490135
781989839
184451509
20970685
481209311
572643140
320582768
780460445
52527580
980056329
3299193
77845857
930173807
746350781
823667032
102444094
905001820
210564512
73744224
140765784
332644420
808718735
182384692
156314806
33914076
196425389
40344694
877397521
391356056
894952969
450398172
721289820
689823856
780711841
786375909
727985670
297842902
93210275
698400319
233964089
542488454
957783691
667894407
535640971
918368898
124751000
305090532
576091421
480857278
106320664
625388072
403506067
762719855
558218791
465820351
728391992
154500484
56967313
893370455
18558801
836799356
241358065
737522263
500788408
776624156
962073328
922738695
67435887
545859071
464489309
162720600
106974016
674977295
680869628
256235177
597000570
862595866
209147362
362209040
780090066
720430279
16013738
305282828
232546247
20208345
575666802
513226143
364020622
762509567
907028026
809588612
884929870
611771269
552254160
846098729
19405521
574211662
58959878
418324913
624822422
851626739
967086798
21416222
277234616
945262208
257516018
672071214
332622146
744099911
600650398
24763912
749659553
412831977
275290606
241179249
452
952639254
47189147
626210619
362204755
285009935
864116593
434191404
885554953
355059665
964035256
985154892
34462173
807437682
816568519
545138642
270976175
801565314
562595226
966845167
251197750
457205203
470343312
196259844
519433190
672927774
310920847
835277993
280983520
410930018
68156088
318686932
300654692
153774282
466460562
422442652
647495501
471975864
314592771
349304281
552737985
50996401
869702119
938822852
293200335
975082899
236155020
290018463
87142260
83333833
725586350
803932097
956576677
240814849
112464045
633243419
157094017
424014620
112719010
413365788
325525306
664368781
575626513
217192596
642736646
588634929
8
739431926
866950012
850481153
487678828
234064785
832841439
28597274
507771746
421189058
19257031
10349521
865130783
15695592
218393368
541814532
513777224
953057230
45546613
54534354
101299259
421723937
321255694
864803206
411597453
323017617
354700580
434191404
958046212
598205983
943514606
721613426
334002958
693541797
196980709
396211004
19411152
754090534
441710320
207117799
395400247
830949812
1065052
447966014
219824763
426367777
128174294
84535640
12291705
372595419
722512450
148725503
795689674
579196
869929357
157955075
105273798
693602511
437090142
180443063
663494401
355951102
465909861
956774255
580701349
113800516
253257185
510971331
576237137
413607842
530207297
355550958
707643610
889519955
350851694
101518166
49431133
271587577
183372132
537362930
42901209
485116885
40896595
766527696
376994271
487171822
879442678
411822874
574444063
802497521
287173650
587174727
710877046
94234343
238584216
840092046
230939026
743800845
775099952
82482038
292835165
170824994
484107964
761346363
675025528
737691741
866080974
655997427
353475771
621110059
190496454
916936619
814019054
276665441
143381515
737817406
239793693
408727048
643232515
580136435
728411469
552737985
844691296
306167217
865445334
48239705
530462915
249932482
78292036
359824989
181537261
69937485
508840759
265535791
791371503
784991355
436748526
27166347
194086227
45851598
673476737
959180624
752141848
167613793
889445263
733967773
102093147
968649721
106035836
233263041
696934426
830849318
749260569
622261864
540504657
694710307
78390485
190892824
262362827
371287531
33925294
981709310
136003704
596122819
979164386
763180699
315012246
210220682
975275859
90174429
814806893
538201496
27089729
141037180
594543117
234227949
78587269
489027387
15969232
42392761
894661160
479247089
643612647
677942860
476989510
599569199
420654625
489571377
823239924
369832108
435518883
12299973
230092619
464755901
824951664
191707155
269260357
865653611
775992544
55580526
56111474
410651669
423294184
658217592
777395138
228094355
436760564
700352916
239481642
124433577
57735895
449711915
99570897
935201621
480076402
577910081
684345569
124787086
323667816
723706320
404661453
164411597
917149146
254203075
291463716
597826748
5919713
884608431
528494707
810818954
279994126
875161763
427204854
296552666
980288740
814406582
393678177
488868645
98035334
862114899
146305178
834656976
514741825
150225381
611805055
276542834
158110972
962830986
413868964
693913715
529123595
45922520
429073058
801699344
57045014
508199203
37425697
171748907
983566801
666635012
290905062
918216946
82946623
254324125
588802972
400279708
115329188
112569815
369694331
626836633
120629522
570419253
52841044
672499294
460606995
658858976
939376957
507847105
166318880
837161910
473210443
68820268
201809789
21141825
712319574
58844478
360097540
759928890
890157735
788547102
11123795
430676487
949131100
705182637
956211462
24944522
228421421
484742204
359662427
776191660
283436602
498078407
645153497
309798620
545642746
681177488
828801595
293933960
814977465
649275788
237261583
325623139
90696285
637408398
151413944
897717879
71520178
126357381
615506358
719385430
975350425
208353016
43972054
880525249
829677949
565121390
936974399
85601244
576331001
443850709
946986048
785604924
733916538
222754268
382481318
616042086
148637931
984197392
789766646
952457423
506442417
484509545
666182796
252738616
943720677
679251922
906052952
687697750
382561893
265650426
116217032
474422055
324310628
778308510
516683434
451867062
732234552
297862182
366650535
982816828
946986048
647926100
646141934
468770111
541001211
413870497
771823970
200383020
141230446
308080345
102148853
436980705
184340505
939940165
948848985
656396444
903392831
96703716
765076109
613206131
6978601
35033906
566522618
187435912
657758735
951911453
893853984
216097075
538416440
606095095
604792922
166683660
947582087
888386900
31441361
297588395
546881245
195244182
170233077
717576902
803383932
807972991
388404892
951710090
186925879
925962722
208630324
735388551
870180654
944876757
706150056
900869688
304724196
729593027
671364703
925069853
227244725
781595763
934291410
360678957
547180940
540637112
485674903
268790745
591854698
105714152
721160110
236937360
732801650
736495254
423927545
585064383
55984062
421081488
727692512
647565508
615690595
913487811
652591193
255412621
761272362
737305165
252274586
386776609
851966087
874189660
813904717
28515399
893255708
25329622
891488059
209150836
759897347
758992120
252428362
518000146
938088069
975751366
250561973
437835211
259645699
380366348
871816169
589510775
517440400
693854569
390126868
2278185
614343827
181568451
976787861
768979999
524661636
216733059
36835714
560008147
47535499
242867691
92522162
845948641
423727045
57283865
936834957
474420850
430305079
371957931
222170118
150586667
740480558
572744156
910365970
43920668
655245217
266857220
706694976
343928423
525676497
362277169
292396131
422915244
558294628
24125810
165087019
674196437
544050537
828512462
881744129
593254016
537213924
276190752
280716056
187008682
176872284
137999788
570932857
879083929
341995764
954700701
261990518
616231188
877194996
281510261
827333290
210106176
473313996
646145877
310306509
654056497
455932829
551166335
437721847
269524522
760115510
369751391
356618448
855593306
333961188
174292495
223768462
135451888
165244225
275695062
871181549
343221610
776743515
790897400
122931933
314570995
625998813
926297734
748775804
360377000
977401407
36161925
98657467
345289915
552778458
27648986
783172980
76728539
73947074
336158746
50946581
905127469
197770512
230495515
577992087
151073920
526158736
60857361
795214499
978916638
188312541
616943851
327238681
979575554
461387313
553643429
903378999
113092969
534192183
153774282
953667628
679273075
522667892
641965712
303147909
526372820
132817070
301399184
385896321
238168856
284391462
442188968
439975539
591180589
50919092
601674342
5915394
970107901
149934363
534424346
129718038
968018100
983566801
713275642
367010364
426613804
363342244
505978636
15343254
343217630
894152521
347370230
780770516
804133333
334138307
112640328
647873560
223101202
37959617
796240220
796493487
848542597
637220756
816109210
230745143
533890358
468692386
317194656
14320108
483400673
134269016
415616955
456357201
737142740
544327004
815598813
123344413
690539911
506216965
134307335
766710483
791015971
792203951
8803067
364537583
334171454
53586193
99419924
718789326
733554452
614546833
266252423
974537732
860658383
174215284
449251640
356646439
704638956
560007501
280069043
517275198
919852215
37485155
970314886
20324233
907926092
939776092
209978562
212404931
636571187
374209767
347050973
701620215
119589736
107851169
369783178
835637355
833697176
708896480
390026806
198295581
809426284
821621631
595354299
976949079
575396189
59429854
162312221
425348232
454914848
236436520
86082042
602542169
364705306
507949786
748216516
487913593
159931048
364939928
273925552
921390903
614997972
960600036
98470651
842267590
923592282
431265415
675972728
713846729
556068840
869825958
872284002
754529719
406622355
985741742
686679582
366783738
541046969
400195057
746169768
927454381
4341246
477566282
560458425
828499875
643430398
895641274
186030243
453607467
165003314
83600087
855380835
468970264
7383935
328035922
234175385
830510809
275111814
675025528
438494826
906880110
366026468
416893538
527622789
399782581
220201271
530261084
895623606
246114081
978751479
338482889
677853473
929319164
270975906
349792818
897339750
977571184
931485594
45610856
288952932
841346887
724899690
569614347
885672724
477644961
704607132
327093601
108558004
367487743
569936214
289281901
100483734
52709620
281672251
778419111
343672420
779426109
704162497
198867849
321699466
43804078
391744782
630058210
882544863
785680664
393836797
659296710
940624965
552889378
973440997
969280783
207482281
75907394
390664207
43932998
639785415
326027843
556732995
808335777
490209808
56820111
63101923
312844973
672159512
737551568
659873025
217854356
884599412
815006668
23169355
350062121
615361514
681608532
687041552
331302887
895808645
167638808
834835329
169124202
17583134
975606627
3142643
738694279
97952746
389688744
119674086
165710592
344447067
343189941
638954267
685148647
348683608
857173630
670864527
957002108
940147510
139578811
159087281
177658770
862194720
569158719
611574642
801911243
279319612
387329254
709973854
4957396
436292820
485313076
582510579
623224824
246219701
807395373
570036579
897536537
230068618
11810176
291758131
194871631
942594740
579103507
440626000
103398891
402326145
924832217
16014763
206879563
708608256
286856165
958273207
482382515
314991232
458780686
8081123
788669913
769884362
630022967
294853014
377846446
292576257
443278649
935786037
742548217
856370695
490660923
980833982
521638535
492286780
365789546
337693912
697878026
269399848
924039703
268135429
183197256
880172340
246425405
730557892
633606228
781544647
300808179
518274389
857729187
829075648
808288210
910389514
590860264
888542362
579082320
546719311
257432989
128824335
342015786
77785520
32038154
426877834
926386840
941864888
7467464
717485833
422738624
458096313
394200423
533051456
337244136
663799853
55470495
816803508
492589102
185223842
302163489
706810551
386237500
680683615
641611298
297114898
294119191
159096760
292814079
790347362
33331039
550263115
157457107
808901374
23482359
901260181
383668789
540832206
563021172
106754791
711273692
264727044
878744941
555665955
565477211
922589996
665621543
1356884
378389751
609139006
141034280
126509102
122816616
285419662
367576721
252283796
954518012
525063620
129448395
283259917
598824164
479932798
314793477
33758373
935339231
541927488
229777767
884736685
866314773
365801872
726592595
805212445
695677330
255350391
471108803
463358128
552445770
564711609
158008028
583492311
417331302
426474271
146792520
599718402
868755602
816534144
182282158
585002626
662549060
573832175
813989978
939528047
464566163
762849883
191394638
868054459
627437542
37907774
529845686
898756409
271664523
658444994
492763187
245934531
9406239
565109179
862706141
337279932
722421005
2310594
899506741
331157266
185829275
866697386
183769762
774006293
836077592
408892750
839859598
88484874
709708738
598237862
364709585
247520368
158408306
344808460
120505772
165442828
671023244
6625488
103850944
898620949
809754639
705352956
604948760
665727061
976664484
438744550
921394830
883163262
728873226
835504562
96416013
241729284
249214444
182903742
775414250
664330103
548631686
724541008
769262210
107603021
503650414
314629259
935869327
128106249
115146591
244789688
456201026
416136537
366659666
611403247
75090920
332626760
984617131
907926092
291104344
271669873
16342330
331813045
636564735
421159814
96989888
766013186
328313147
732234552
638096760
785985768
441713843
904910849
707949147
817883399
694182439
531317319
706216524
204064376
77421195
358301663
954817327
405931204
298991615
863010637
541151206
206294955
419104296
34668206
258890096
310561186
550174750
289368659
885822736
444856934
657097149
503421256
682727453
39880365
376808584
262197630
91096377
441710320
829538674
917879358
528848807
733504994
114864978
471586540
508404945
111178393
763021319
206080239
756715348
726544176
11670242
900832662
759046489
900280667
654738624
983089407
643772447
290965126
32123693
631312795
358396104
734736756
950594218
282380426
639527019
322130373
497691033
232387412
935126502
784375816
106721240
402810532
472232109
531141518
908873795
930122351
198819805
734322017
792487313
116248306
223863472
47263953
153101867
484888964
592963081
916445660
3450111
289766291
706822648
118676915
270635522
550212814
261914932
954925437
932577468
613414314
185026817
851718427
518238147
249191025
631790458
488836791
854170601
76712526
204455234
722581574
177104357
167194930
298308331
273061394
251174551
853872214
30862270
209113896
718482370
309022163
286379771
765301259
31074807
981556764
214143871
645977620
966725999
290126783
16505386
96569873
745179352
860983618
449757102
1922982
592363131
676531276
484368015
252070187
910827738
288142762
37953580
167029299
538112444
166803434
593459211
102444094
668600326
275912808
149367222
737999801
87434085
148989721
699855716
45811795
49174973
335696990
912948609
698483439
370023907
396540264
818856491
808064716
241572190
704650323
233353348
263282610
711346947
785183854
481805973
453995746
117481260
887375278
174807918
484269784
270206292
267428534
432217226
784729943
465120454
229900524
487002416
451688733
802474343
711031401
855687448
380374332
430239748
933234633
86082042
678095016
207995301
565296079
44870325
642668918
726243601
946283212
981055044
604228152
74864360
479351024
465157492
451798176
707858268
555410586
309052421
840923546
909046692
59759853
862114899
202603583
371203394
45340543
666147723
387689371
227117849
611576639
542475073
446781982
491660771
372853766
541374655
632985409
63871369
941081953
573843263
260140649
657590644
721477277
384464884
641410427
793457139
938212370
467593223
956121302
178604033
783383675
644648128
462952877
584189616
926707084
436095892
715994944
832200415
255034514
423348626
882338519
274555687
220425549
226542438
577903434
22280128
628302150
971914945
733585941
150262045
657822408
34079534
287415324
602356880
566146168
293604868
206821535
316986591
318014101
389144746
984689412
239736607
599070450
840332683
11810176
897394707
585106710
168152957
264074735
741948711
631889064
770371141
324848699
628484349
852625484
338691127
807284774
420756652
952945331
507034085
328706869
884018236
126141920
900633364
248726267
694593289
727161044
600028382
478928230
640515345
98472092
951162595
569106979
805873196
575135318
640291806
213356673
881748515
265435841
273119901
79065355
684888062
204227658
315032993
632186253
199878720
226029724
376785134
259068385
437020897
127675181
117160716
372570899
428907811
856916683
289454616
240210706
632166952
124907332
633210188
545843174
980820156
959316408
77439789
549192635
303095532
80736333
528922367
848712704
40113599
12398548
736829905
459322426
549776770
104212644
851695291
461272858
451353963
426302701
99698881
100533871
362133594
248982974
883303025
648028583
326876822
930956372
532017076
443626921
722383462
781881183
738343053
599181091
112464045
556031405
944883110
63761775
460043073
176684695
577645631
140969524
477378935
569362693
159975207
599651810
734052126
828575478
934442815
443166377
222857638
855128085
612328850
166313468
408771421
917013249
741611461
263187281
247480314
40540571
379313289
56193954
290944300
190973945
811324744
732603454
76876240
697649960
600200876
333233533
603013797
166698824
145623159
815375148
202137621
23848445
182362064
430429446
549604717
231404027
15000292
944195066
745952654
954700701
318302564
50624454
929389926
951076352
515599661
971394107
378885536
156870750
418379770
961517936
829715855
16726693
330299684
311762183
258017880
364512925
472189579
418522313
912250219
124433243
533072637
588539459
707785606
16602603
240523368
804342369
941853458
155274612
562752540
432848276
597903032
854287356
524440893
99275512
409738770
650459326
816558975
670683442
197994151
789041943
193870351
327359512
189880502
664441975
95490656
272386545
1914648
603329910
329102780
764834817
845369189
43674123
22393741
738220192
305684709
420487867
410008726
139770333
2048324
893642614
573018194
563816308
655941652
808198782
356110667
824838411
40950463
685816059
250788967
239467116
665373253
728189071
180933819
217394336
221926944
371375334
898551745
206075657
548536407
73343459
596445840
288180660
803562807
928878614
454107025
1344927
541974826
803404722
973885757
172189627
459473442
631144938
364895548
975571577
547700872
230093178
582760280
660739243
708440593
11087404
527250993
230163811
329117439
130143599
431039070
450098370
316409543
445731533
527201233
110625242
500502864
431954734
308071983
367936524
623591604
603417003
829700928
674300585
441019606
253394563
369694331
105764695
314176362
525158326
867631593
983513885
159901745
121974948
213811213
69532495
941323860
163288655
14473732
300423794
223261309
148373694
570833371
493613071
528911113
616570472
720799486
820529496
337864373
750179659
27098799
588650968
939267604
733585941
651995831
162326317
887229724
139120788
707655761
899627853
918946936
349478827
925278509
162452502
103297538
904845462
90383197
246961028
902537939
321706484
387666841
942082005
664206774
501174908
99379005
222170118
774022801
607759003
783055211
169481097
877123986
973079305
467374514
272557589
382577423
272905729
174894614
77785520
930130815
731506950
251988858
250655550
148269263
933694568
293365177
308092672
612720410
472996127
904409815
737351276
903577680
231312806
791609900
234003506
667393456
542627393
660591570
834828541
336547682
705315035
420986350
61141095
204296110
484958700
204152049
786713180
108090913
264368898
156667363
580179823
472956201
547605236
811224123
129721748
320744294
796882960
355880111
20222937
331669533
154349161
438492211
839090237
177477849
803681623
750605420
932246741
54220106
115079924
680495793
22416837
698641362
304591187
235199361
839892832
50187539
526533698
563872715
286829247
764803632
903000364
165689262
916683413
883491948
129577150
920317118
22265916
100103397
717265920
212312476
695147861
271323894
155749584
437005296
4244250
823623118
727934915
486816768
79357773
504301790
407452229
104379212
884599412
299630099
718381803
472502459
330948038
531516892
223505350
878210787
974284778
286669258
490461682
451481693
862977985
759794436
191968440
977400091
637948604
287736869
77152553
48839194
296277303
266345261
750905710
726028182
464917453
666808584
68129830
687764429
117128457
451475902
502965207
258062148
775410074
841463288
169526920
260998384
313743574
861193790
372978254
293167266
691202417
4775631
5024684
608222250
43121349
340172433
968925527
459816310
505198030
483013635
318594369
545642746
578726282
656297750
906830973
491105668
641705268
446819457
248373804
748921637
705189805
875893999
835901708
621405201
518775670
699508044
133334819
415880261
314328526
746049569
293984756
398706715
233444843
906641383
259032680
483400673
534931339
569614347
790834428
315721570
21209740
973304526
294868514
788824345
382577423
610644939
343647487
778791887
459558517
720152304
801535205
104378573
609803763
153882632
488671811
660120220
464686745
948395052
961332373
277802585
46209754
850105777
119140358
406893161
128949655
529443080
415978275
386250706
589909441
78210963
961707106
450098370
856555126
263227294
713267289
924681069
830284394
12683030
623224824
822594025
445563139
544028029
916891647
810087175
325592079
838403182
262797515
141844182
393010198
654574223
845103132
376785134
19147381
961243472
30654664
964706109
580151345
363270319
40142671
489238411
777012815
589459568
979730198
357934460
389048514
291645601
882047477
480078300
938881978
11172047
385941154
205266877
308032820
780149943
724964992
111850503
427117513
332861767
325664598
53732756
306565160
653221278
876816646
437672979
317873849
237204889
340608730
598129163
559022506
459752285
868054459
8364057
624905131
232098367
530207297
554016107
562011268
639058870
518627742
251730430
643701071
800886743
456452946
427980879
338479560
527923746
250434710
842512014
418368928
597929718
690115711
95255868
394368700
622109518
790601837
358419871
834997036
551650990
699851406
287611858
726466534
142553755
600706150
821084444
829544535
441672446
16414929
708545504
633249137
266037148
402917362
637180415
202942913
982893860
968470838
531157661
291362694
981325876
583051688
898276076
206196414
675630080
947690308
275812417
460672219
769218119
553893348
171010601
918584407
371369794
723856985
901888833
833454670
732533070
533326632
52540394
945422818
813517824
315628937
186119839
223268264
890118414
194131710
616392552
347643381
647807810
224658316
662841710
19793106
717728366
426717308
670370380
688094882
440961264
610705191
335346995
797719009
872071288
549104070
288921780
35031267
822197099
567968202
239168520
115184024
229183899
348730308
334133921
459377996
974634666
476429978
127433328
58692897
985218278
526084301
53546363
137146226
981187127
839372591
333193312
56239283
569394598
103898922
613447814
965031123
624619219
148363583
293970975
323435628
114228310
373230984
246594770
692448115
210680649
654056497
5956781
683720136
19590991
188883078
721312135
110530254
544296760
654056497
879197471
698400319
656626545
455507339
414950290
557058771
147343342
6755661
266039626
111017827
823621046
568052278
211259520
94645932
182939474
346169586
914495823
400407616
923844123
656270169
384135739
957742559
879784180
926953065
550477719
170824994
586743104
851036071
201658100
527778403
204544948
114876861
262566834
918544876
980067363
933538685
285091281
196916258
926420806
476671536
752922082
600459903
907681816
682725341
56820111
807614122
73145033
755450779
751096716
818539793
675285574
33221038
790590307
237388190
609624323
661507515
346261038
972422148
503543885
442031681
884490085
418822993
664317486
428688780
743865458
566730924
80285491
970400480
416203191
686271801
684138110
485740743
850082759
365228614
260820528
61134459
66938641
709870410
857300865
298275566
143822352
71851075
858809390
254513764
59818085
478278001
342027411
458068246
49319789
679513326
140967569
748323794
39888339
321201818
674186032
426789611
770881097
924331023
499640654
887455828
186070847
869780661
730237770
944645847
512351235
625455532
640760807
881952962
35264248
96999000
802404480
819827432
886988448
878921211
161508260
590280844
943201341
72375287
275185617
74782682
862099001
161162968
165575502
270206292
415783053
502390821
28774209
531852178
786190530
323127955
210860297
51180142
710151935
374025425
195965567
416995818
41863734
785953670
93291766
648728529
792790370
259627134
652409914
149110001
651714016
30455365
593664789
791175589
847096898
673665690
93459258
899685186
769086391
947928490
928111606
36568095
631523942
334537590
82476721
446819009
410402336
156890849
138829895
246513511
71419994
944663674
330105235
803561586
704355581
538534476
585844302
131394629
710874872
290043741
746556962
8335491
493756839
280458399
68149200
700835499
624851406
745049704
527590503
355954820
28311986
229249307
841065016
198777872
492427217
233754237
931312550
483701339
398794954
250562046
580752627
124907332
175444439
181550125
970400480
92245976
255028240
981859182
123907999
558804259
133173278
7001858
404356973
307361744
417970716
835901708
247260814
160087330
854313605
25249436
804076305
759264365
428702507
770091197
796566276
406449227
922427189
668293921
98295469
398204378
298161458
843795017
720202764
513053268
187812244
452266253
386524472
635058264
859790903
583483247
259958983
448893998
571633592
358396104
966940155
430271813
730414483
252908188
188247071
469417505
362453425
636048443
448380045
468015520
152291255
498715475
708125772
913429691
479123521
420151656
31551876
949611132
408215912
722446134
636662885
30679390
534188997
546247526
485778269
528981540
72512166
340142420
586860285
788782371
486615492
856211736
264067996
235029053
113988070
169070986
658454855
799936750
651468666
592992170
859889265
338030871
294941811
820529496
262405703
44686778
547407702
568728985
133446615
236046750
799931941
479543711
74454991
409427626
197178295
242909297
675015401
609071753
261189919
730729159
677982093
667574887
467471049
390478040
983951438
906816489
844828009
667536695
84126049
653924012
70364706
665459483
46106337
37693121
256809811
662016443
15337413
361621682
339566239
715116424
521257325
282571262
400576509
11657215
133626017
916769054
554631822
836617774
271787456
415855938
12800739
450369944
925407035
696933469
2589773
185406412
503480835
157194734
604776652
712912037
117374495
912223421
840285207
984506286
648860989
704813913
737351336
805553760
595880146
574854228
605155048
538598708
337223469
659206075
517807558
104332346
448954789
271323894
367064294
636229692
23355334
674268090
223311945
53098587
497516126
618140296
203722477
41061027
489035810
72012489
460695416
449251640
948165199
30069912
515161008
366247637
621858795
241724620
290193182
878030110
578281793
233814304
357626070
594990273
365693554
537471681
86274330
472775966
920804909
950045141
714144744
507411720
69519900
100533871
127460071
302138132
93816405
390768485
682573949
884410680
232464122
39064521
372236689
64836725
98769498
981709641
206595837
107109353
819734805
542209250
298118578
774705879
725890417
360865293
580136435
356056122
404881474
144635296
289240462
619206401
95421061
401901850
814903431
735029742
460073919
649868443
158892106
466257204
440991892
879870529
899710831
756170165
514962017
617301461
639632133
294272083
822579995
245659981
345703302
657784001
379762647
362303968
489019458
736549988
622965423
879419327
544295338
326910819
787651368
958735314
125101911
346004761
897205764
322293875
848266040
632559254
30804519
365646767
230224110
300808179
731427901
35711662
393634641
506774763
56426886
502175361
585196778
619869853
764910124
664613550
311001969
483122416
245305766
329621575
261990518
482662522
171240480
816295971
403755175
779583144
550574322
908990866
216613657
384147699
182387478
432431169
167611387
324820780
131597144
974108944
393036019
680190006
371027708
41644942
18595126
51
793651590
59907078
398336699
150670109
898739113
6271805
869702119
473003804
961557330
278247322
327163585
36675732
712062133
175805864
225337180
287094657
903789513
348011770
387690471
119402401
212685336
401812676
862284317
859986469
797379305
469391047
478014052
426840501
288171845
261029211
946175167
851120906
896119658
414598297
815769551
551544382
489278201
483214189
545208665
233027483
978653550
860343499
415934482
300264493
782551607
590594456
383428054
406361414
398279081
246408424
272561141
166105389
499470762
696325069
737160617
822654287
287876227
532441655
794568326
406527750
796662136
381786680
186468874
877767406
400793350
816427174
349162657
302422344
193574318
261911356
207159709
896517092
406684188
358836897
113217751
734019490
876601623
428752155
1087498
607921990
194611076
752934739
688603259
239527896
261763352
96682330
828716797
488912506
895034798
588366820
782289719
893177983
844821895
53523388
177132171
964138443
496738464
276358798
709297469
820792544
934291410
623698549
299113815
808484662
759046489
400850990
641896267
428766783
353066968
446582307
920042633
397378779
314964148
487432753
307366711
336615044
68156088
785009616
388740494
593822002
162543368
200713427
828555583
120723029
525062157
342975871
784855220
623643551
616499063
562069560
220932609
922670506
465353540
364868979
481721471
903908363
913831885
977858676
630708636
126557802
77714411
478621889
206061165
3073786
417490665
236864224
439318050
630374759
302440659
849951182
656356933
460184727
46753525
930775998
382643349
104655482
725998650
641296822
330140891
243499476
186652578
295082594
621728120
781073353
932427277
924157251
315250756
262915059
257624452
598486989
105885263
775217872
476399635
32614772
638113998
597040260
273684946
858615679
450730503
367723476
857503220
814562302
181803490
786004687
441661299
684345569
630465504
803530757
712258791
251864813
71695534
817745830
689589412
605635761
985951005
263953909
165808811
778790273
340152898
326980187
484426616
75812620
97810943
928184166
982618185
182497424
261778771
112015733
563155811
255130797
367598719
302684815
719126473
244713721
890724679
466387563
933565998
66905112
96492696
698935032
543576144
7870854
473997269
267582757
901109829
61846894
310076525
703285044
26430628
707555797
168188017
312958989
254605182
678187966
513161603
758932718
937310243
787757901
825345501
215137786
376388844
579217844
545395480
175803390
526158736
236852102
202137621
494599973
162259217
477212895
565171195
324848699
71210378
711725546
37025016
374645333
438402218
571878709
771461029
766230955
367576721
930295818
443256957
519487343
490496847
78940419
890348652
374234032
495433482
909375271
162289314
607898530
840436436
466177417
449295494
504850809
530505709
653342947
430728815
832236440
640841566
515292859
635118383
550909719
405170554
241729284
754914402
131579356
6090255
441342732
21287652
444979543
918671612
474668953
36173488
341471883
89516943
716754502
253214905
249641350
417362194
866908602
220201154
567224234
435890275
705377170
379684205
581701498
710812221
106617658
952787007
568421345
101073255
178627006
309834635
57532997
898541557
257779627
319520547
238649151
939726308
485999615
905608212
820061301
205246793
904969094
858575990
255889225
338151294
13476321
206067494
723580617
612479927
674186032
597717103
333477674
141058386
133571111
839336956
101664087
942576548
807135088
789480252
758844348
411579714
978172541
776378082
581258300
140821402
52412579
314188698
131904084
501393052
377371692
543741539
721835554
324202662
526533698
983068118
141546967
359438049
491802192
727874034
449834221
610400687
286016513
512648233
555936960
836953717
405645837
347702658
183626074
289529953
357875401
362525277
768298546
591147165
83039849
146746843
496604222
10294871
406573244
807762077
206554998
762872953
690361278
192878855
368875615
833576659
284438599
50029599
696577382
214436388
190181129
219742856
98935946
428711618
134225166
661429850
927898651
357226569
384205137
113675586
114472248
710255762
976071350
884111574
973668624
406018603
268703533
795077679
682924841
137821058
660689786
881346267
93293071
202534433
112672757
598084560
319932782
29349501
494133503
457860234
515920724
218696018
769745146
570045948
850973786
21871320
908106829
460205517
566862891
468389880
789361721
837052411
347116607
248125897
433991190
523706954
676821955
885256888
616726364
729479907
323127955
84466266
691314139
755968278
119285282
243642069
397898728
319582998
444388482
810725887
511821194
73530717
308214317
269311918
407380358
746358339
555436026
473215552
74851593
105406354
211137914
443244888
800339729
42437609
180184452
61174344
121239051
276737636
137255563
831303246
117483510
725105584
709101505
817996876
979774223
780534260
3
24317506
962940596
946883024
450274014
