829581746
273910377
816380386
981613490
39739846
177475675
763514958
367047651
364724663
124952557
654861551
565347932
217578024
316886212
580063051
124053142
523088331
119322845
950257822
363015861
182431840
218088872
513180915
623408353
863456796
407335724
749766893
394158732
879681749
867853806
169004559
10159633
295728662
295427418
33222809
264785916
504086008
722834318
629830405
731920606
470490410
235654528
974980260
899798384
738114353
117790911
776872346
85440336
544268260
556717429
471216688
623942570
239571853
142021924
371499179
721149434
472996127
871821346
495593492
177919761
614713649
440333051
226965475
284974011
965975145
736074922
393040460
302951593
17509871
537823420
372144294
776172098
195382609
454237554
95437020
107001370
39730028
843934298
518955396
195722438
792101457
407051276
759019664
74317208
666746282
958862469
463057087
613803585
441497283
483277949
843196717
298130654
134912026
863227447
84004733
649328655
279019119
933329327
868822297
101364942
478506500
80878560
662215295
648890468
499135423
912754184
568969751
122084589
637828980
16366016
209653336
872160495
16929746
677913974
230135854
986305714
694532735
648759630
144732644
108082318
671522034
850684616
898539492
73937377
491715902
88599112
440446609
418800486
9953584
437351263
925615224
540256604
306495580
764143071
875071330
858469517
1314
388724172
804468563
241165256
495061722
405153782
304535271
539184293
134833254
748070423
626014299
866080974
387529855
495059172
745242375
279571246
557267530
243879451
956571357
314787220
685403749
73348791
780590075
934786956
439429220
833568465
351188740
508287048
5303959
164838483
619802156
266857636
483934387
768669100
156633939
47492043
743591671
55093536
82636489
625142891
777958436
333477674
444397063
468586884
104603719
250373446
94092474
139354430
647695276
874068773
77635179
320755337
392479175
682848685
532971570
339511358
606595456
820103671
505516775
97812495
897197166
29193429
904160184
593777063
255623231
37029580
225313745
857995093
124750691
605597285
669933843
183058956
547542109
205758939
27840555
46420821
547352848
898874065
117358806
633233384
921362684
230617515
483277949
32746877
497437711
376027050
93541086
606748944
514085743
315698133
573628019
978471140
291303270
570766900
837052411
374340782
746369657
848145412
125524469
419934057
308092672
385582438
566721003
926545778
76218654
260692668
602792165
55329264
87821438
956638183
670370764
807946755
531459000
291245585
895282881
37
844919347
311154309
160267288
212691509
870664561
335895163
302186301
244627451
238718533
976978829
469207079
160498271
164437307
191840452
423727045
558799994
562711136
856573533
600625126
809952914
626284629
950045141
480385719
455169334
641671579
356070412
767773805
472838299
48698666
863387765
643379902
106308602
977080230
286107632
536652580
804539116
824478330
600443133
424537671
633243419
634234708
788567691
842072390
686249959
704476852
167777410
477100785
643294325
977298013
551903010
737733226
734322017
459940084
458114179
256108870
298117209
82972182
328781567
549190705
280169328
902598994
932443647
708125772
813967037
519416794
23983662
874467563
847678315
872640865
817684672
825754265
793912359
159286291
234524774
717852658
394915498
196611147
875507764
134987762
593197130
590903410
494164835
167419977
225361421
552107725
204615
356076032
663410506
837705978
133522947
68020226
921804434
651608766
718381803
632887564
962773491
521119941
904969094
171962571
120491117
24110012
203430960
37387411
580426427
788585869
803234509
419142163
380328348
602321205
939343164
918330162
216227272
69025404
752122058
803526211
103166014
354748290
747798049
44963849
324068965
8712963
432471292
914594233
846303777
849642184
413860456
293240464
70538231
499002274
252070187
982660269
123538171
781881183
938607101
892044674
937556535
907689549
347276918
240545793
191391269
518557433
32168377
861149944
370078669
635550466
200308292
984008663
283554432
375194816
586657342
859357986
758553295
529741088
985477231
978797488
777659085
931397693
566138993
628759198
450921652
340078749
46646624
810400751
114430982
828933543
956607562
98297841
788021011
540435731
673476737
18732116
696504196
710284867
967561736
355254582
416644330
356552443
719709041
59463948
351112879
729697667
614435932
103798438
542810991
690428067
715551755
504330873
215353787
636334632
905477890
29751260
231002244
37260326
901148672
133615133
116476884
157146576
943042799
117217538
910249214
722381228
976506578
980661763
472617029
421308567
206433341
308976009
143954156
386173882
606362840
825550948
260027698
428678282
212385887
770024360
676452571
681634825
147866204
499554450
606261802
211187732
940345068
214177193
908509091
115460468
222954112
134275324
601211618
122299104
160449141
382576010
223090936
799965494
429017872
221898530
409317531
432843699
851402880
422652196
24657619
454937957
63477315
458006971
58614053
674599827
459603661
832936497
820193617
502230699
370621422
264939891
770828525
247915182
864958147
601525762
77385903
907662888
256820636
562914387
77327655
956960345
489256523
426386302
250503957
467517129
956712412
121692804
399215416
773532760
750576795
976984559
119690957
888818413
883163866
313276693
235227745
836121496
938662059
696958545
431618476
905662442
463647466
22325532
174683148
411694647
531541043
351876607
902236960
530445056
494909858
330151696
920938776
789770978
659534947
856076040
786480596
510344187
870890800
525404814
246877588
3066047
638700799
841299498
618972299
895231712
71722537
28622489
959213419
983179604
696979841
897437114
338967999
783726494
562117326
942436597
224182004
250879245
32465096
927752407
774641045
838405943
318312707
229846685
77222625
835925597
316155013
939514074
623097616
161885372
186831631
622937416
512819365
758125483
514067214
19532874
69714213
134698216
773331955
381996196
721658417
496863900
378445570
694493995
439253510
484653102
591237202
639821793
386240139
593673729
90650017
743950560
646681291
956892044
349191014
916336179
426230327
74901344
539861250
244204700
738354476
221533601
387851419
449322064
631313636
868318230
884663559
332101152
322222278
904848194
655644668
268824297
885341045
49858049
166289427
976707493
787840039
793299026
642064400
544683305
562711136
346369751
297129954
786336685
8164941
221240376
500607265
358364958
538105557
974396749
586011635
844010519
791015971
12045458
853493954
741594867
960337818
951798898
911737982
7178358
688182542
133734493
908455281
103921098
343264076
727468821
810090312
161997492
94342683
635380627
289200032
74692131
110209694
817996876
51074624
765541598
922690722
784923530
964754693
28948238
196816885
930846273
827124770
846891309
13270927
460105936
735890936
206220682
635969678
434749960
11703324
897743382
722395283
700723003
495850924
275044649
188670189
637215279
62337576
627874062
621054033
540756118
885852266
406251943
672242218
593952881
5108304
651667752
448647430
15803526
550447548
138001009
510343008
510223458
881116358
686849380
966839273
970161572
835734411
179224742
648860989
542717792
364446269
391995806
786125615
315591212
34078165
533269836
70351391
626640734
936718111
667595213
863062438
921657685
617479360
83646142
693813562
59037571
502115605
38833463
627646247
557856468
196525166
70806800
46209754
405175961
31114979
203121506
454220255
869280980
747594968
670166885
982975113
632814641
750077661
373534231
772582729
905448599
437611378
142821911
407136234
120263682
241193000
439692978
436009476
882388315
530722549
971442709
249641986
36823095
648835474
394313413
723233901
658555513
159518738
531007417
665373253
531127192
158401702
696883659
32780859
741261409
217960683
718148263
321132282
378298549
513200926
487103285
965660028
129935396
641673757
208441828
729697764
245874443
708122630
880116321
497024724
79634022
798277110
434351631
555651104
519030099
911947659
329788560
154645903
383013789
695905929
408632242
301479511
657920717
821277592
350878746
900406781
851610161
818844182
276703667
469466975
763657037
646648649
33389185
597119033
516805240
750424269
837064917
815627743
686821822
752301401
220633042
331747533
879759750
517956755
308872451
328718045
308313329
794928153
610392642
148840132
32584712
373014343
526124632
338126858
896351130
550242590
7459766
472089926
142180010
928129183
288814781
817485160
67525600
384950832
215187453
930046012
86643754
576466380
516224834
746870236
543981216
3974387
87885222
261170235
633963138
587524404
716411348
484496503
429174830
50506279
603960849
582853545
95421886
280907693
483334749
694182439
871951886
378924230
564408078
253445026
770117623
81558954
74996841
830816510
831553919
39348680
226770645
962597840
742868475
897310609
792284077
860023095
881791038
961640841
597027485
607420261
319666784
691698683
573661012
774401699
344513111
274566006
330049712
849797733
600146387
399905958
836065989
663868271
823981091
490809604
96251186
98470651
46679611
206696720
261438696
45407941
109887971
175732734
976857962
676521267
484426616
727939285
478481090
522344395
901522627
748619179
531369440
792250333
573421963
95196179
534614603
220770627
694484903
856127321
636460092
620364862
896681495
768438048
458289085
168176747
586415384
547703784
93473899
937799724
281685115
425521545
574754833
373739239
157781000
928670687
367337232
583435839
768640597
867469964
919529509
864711524
33557145
848328313
538510452
573347424
274533489
863772708
370730635
212320685
977400091
901937538
893440605
416489878
440460954
834648098
202837678
686918536
929238410
597888643
22893195
295233564
434264350
788509573
235205165
958613154
859796722
107228034
644807750
500539606
136572541
14218642
517844743
912707743
423787832
418301542
160267288
514345572
946794911
257441452
562848020
93532754
705700641
822311550
491167966
966872679
633752382
361894878
173133462
203329425
708028865
171428777
764665900
40373682
562411593
291247087
805147697
826116031
509722679
431323595
532774737
563477638
512081447
179342618
946228130
875401412
123388570
277908102
93621325
957366675
774959881
67408058
912176302
304126759
141581977
217998696
499561854
629493181
16171374
679646161
22779959
618561201
946954308
262483217
187660636
146296088
972957780
493076045
942227359
212495458
485001969
598316388
809335383
329870928
461911213
505793135
138463799
981549718
405679374
834607282
610049226
64022088
334999129
533641622
30285948
977008452
562200458
653219255
970748041
8032673
883888185
806900041
422505224
495750330
140759992
718279768
362895517
768376003
194111834
287152632
968495383
35317793
824499208
124652925
293210626
687003624
752309822
201532373
555139574
242168280
768015016
621343543
695804020
969103463
279745729
259638682
229636411
304166038
455497458
879187211
619279250
354101218
423041862
619220724
907990626
83039849
292814079
290756454
100874259
959040097
231982998
662278074
769005304
576863954
824535092
137306037
439531733
954332357
682821345
889566952
546853715
728267161
678176457
54454786
434273743
817575400
634718028
468280811
677749001
215034142
837013831
102270978
790924862
773200393
582077106
3847908
628171898
369142220
443347200
160325860
111101116
437103893
207279851
507539004
730729159
375436907
310559145
101974910
183024264
360840387
242514635
907316780
713543417
419713147
500554270
383786260
398410380
685053853
860569604
912848456
985714653
1625839
476352287
413016993
773803566
536677752
273542265
201912205
584788722
127098602
476519497
147491542
687847650
845813505
56043586
882093281
575074075
806233787
759410906
237261772
794211103
578987278
703395875
974706989
950045141
411211492
820776041
327587443
651271725
470079560
923530866
877190873
778641511
151687071
806331032
787956866
35838500
829813400
617447054
591750718
167900062
260796134
786123868
23884152
121122553
16196009
354101218
198219900
50486117
90873144
840801451
233792163
827687226
52625471
884956091
376452658
488656842
481150776
151852612
27544574
845751437
131894412
679905221
680634994
193067152
303369808
724266256
502532667
940583270
539626891
669831063
855675302
232451570
36030492
979753906
190246310
336826875
608712949
45494949
160252493
502634568
298330375
854566407
205606939
523869621
692884273
17518565
260348223
904259138
182943293
971400141
593711518
424014620
553248186
47492043
77254668
581288953
592599086
928129183
888604274
449045332
668785925
451238945
322685421
145732620
579890118
629144076
544470012
535623973
659593381
383702754
234609648
121921328
366895926
983619597
560607711
61174344
900923828
670631768
646114247
525880627
308977402
781417076
566941255
5509
192580190
625599477
819449683
218977770
465383113
473934330
494605818
737758858
918976122
198323261
240332151
709024610
355443239
911486467
725050164
833310268
821260888
135042827
284921626
836799356
609273269
379316538
481256709
487434466
886243263
206807834
574936864
340627665
691698683
282105452
694606553
97952908
534598302
897831243
81311910
939412612
640438422
839932712
617267708
620271197
470378149
296437753
759910611
922299695
344292600
278500840
515408338
897481871
528047254
818649348
477177999
659358683
970534970
254419378
610111268
48398109
115786840
268585821
197434329
612456109
322053509
746273230
555742190
314474757
423357243
464281833
912384024
270485757
946461494
100454416
52370993
28388080
941020737
632768671
83687078
736829905
399682983
838945250
174292495
117868663
881956810
257163872
940124578
886426951
592301003
123332021
463922263
28173504
781377574
600633914
934431037
126637473
871816169
789248321
308013886
671122025
392034275
95503906
739966335
380796227
373618689
834781704
716278623
939514074
536408542
242324374
739608176
679252130
589681387
843430492
526297214
682727453
550958728
65205784
658583056
699813875
224249854
142078160
216025342
118065878
43849675
648378104
674190475
748231047
530989179
374581856
984559586
706694976
893809627
930413457
571495229
333334277
158753256
93559751
884582409
6943838
634231898
690813014
142113181
148892872
635481255
170035016
795528083
926380993
353108113
410817738
499814486
63564991
867567146
44435736
849504300
814824322
743699456
942753830
612351048
247175174
78843131
655590581
454571636
358732943
180323733
594385980
771385637
122942469
809682353
902212096
980056329
604371224
945322055
452421576
206038636
13488948
151753922
727884376
574859463
559507341
883551496
56053675
26594655
967997704
932383458
1793177
630039016
408918071
904764670
458024019
746581932
113780055
647149792
399042554
12795823
22344447
349149730
185331038
247914453
725369649
985343104
312354085
16615684
107043555
129718038
316519335
373692916
197017279
113988070
169386488
324218944
61039628
167833609
207764331
982487266
178934574
748930659
269524522
274553434
245778632
782072724
904011659
712342576
46113456
819304859
883503622
568380146
634549386
444239430
255660713
417813555
248116511
229240224
125431182
275744779
549684545
45803855
336277111
959628713
635939751
337213977
512119267
291094185
341825307
159646727
35148093
833322421
866819815
149373204
523222763
843751393
741871329
277879987
160308923
403603161
380555320
222216379
980992791
141388626
517115103
25517377
317040850
61130430
797700702
88747336
246721330
774113315
476141037
386858955
607169760
645002374
575616551
934635488
835925597
800933408
653049587
203500198
586546072
458431688
731105362
780656628
419718044
808593944
922917526
237745309
454178819
836534481
201912205
221926944
557776766
754394142
637768425
393463405
586595903
795677247
814327919
545880890
759410906
142189672
335299231
211120387
511539787
281005619
395293424
883600863
135585580
16415593
62879223
549326867
946715015
353115419
862279361
284417589
287645365
899249790
937288253
544302018
694004186
674995036
977052331
73946611
609162483
808982496
765467098
61886773
657557525
770371141
54781807
399152337
467758630
148389323
554686977
364446375
207880374
123473910
480941819
617926906
133541722
763730486
232956147
695754089
676474379
364443748
249179998
194111834
680652341
21918216
829937071
698150434
472486297
389523062
642234277
682781922
232447030
112742504
926922588
780128609
33393852
300972536
32699213
714232821
730991529
763935810
634077967
242626036
146809303
324103485
723301038
864046923
523422869
791280733
950648732
741309351
14104905
707020266
894132945
620617437
972471016
597717103
550270724
181068086
531369440
698704704
67974766
731165111
820027929
269867635
29746833
166667292
495671380
399598862
699959702
53191272
830682647
823912113
112639469
308584345
427317850
814645523
80388825
888647377
408857846
428538928
659072543
176318407
392943325
487910790
418050473
78902956
706822648
653939204
689398243
532131585
555853842
838713437
885037663
300967157
200285655
800877661
526205911
71740307
6033470
665737993
234690980
829987962
751793134
250772158
976611367
583854969
30437691
885549380
784374794
984635168
813535596
256698807
628640122
533025549
156948164
922607698
644139458
258833777
782153464
413502292
760373153
701977243
922460058
938908558
472836299
20330413
821445822
71871010
541452406
533857257
179407892
919130912
520304838
67027583
840332683
395051482
323554147
256164044
820029192
609624323
794242707
277313584
823219747
927352305
649877760
447861311
261659227
883781459
464566984
858869331
886025686
596221511
946860643
629904973
121086056
950480256
657494160
612958997
39334191
581567022
568088131
452946014
11513265
546519009
640531319
107593994
283415805
137331750
239127765
413427354
522209504
926945801
429542979
828351774
871308681
498951501
326910819
16108180
50760499
982534171
246197262
664437585
779304334
473798940
933719594
807557647
387690471
52866768
28280439
108708476
686679582
631638261
610628281
395293424
965682554
581567412
874765753
45407941
83597065
526084301
268221904
827876475
568690790
507019665
733303546
770472342
666455535
946175735
397284764
293224573
719456322
946006629
641628955
12893781
408869094
617157552
200606084
625560680
593792448
69014836
506327685
481805973
886420401
89835779
438698887
959762474
236632716
337760742
253434709
96102911
175788890
35559675
235833698
534731923
504963636
151202893
606526444
71391937
727719088
517312036
196815161
153784671
281425159
278562773
304971882
34251414
69572091
423764085
152886676
740788828
31441361
136260440
632834003
683887343
104268138
601019753
450756022
532012313
974457476
647462857
614523760
363220073
802203890
298502911
541665563
549211793
162638620
861253793
681916740
833029694
307041160
344176741
67912315
234902980
358892656
349243811
918698359
367926476
338329280
962931425
670939070
437623203
26286413
681426389
472089470
679615461
920049515
399511529
528831027
282579035
437361289
908887539
824672316
985738891
31230599
217837352
625024139
366649439
768177613
44566240
168984743
253098582
483002539
840156010
765130523
242323171
26926745
567750337
831814076
154110527
871811163
186887864
407742698
11808859
2800463
150648743
824097434
339036317
793491882
250552869
349388501
522826532
92976759
10547842
560484273
257441452
700890904
573549584
346795281
21008551
742414882
822633253
945325978
912746799
618551688
231640728
2610752
111148341
301849736
227201645
838455726
5798676
67247047
100493598
901070923
770164005
708210228
786558952
94653946
863511099
727340186
250252263
234073489
507402755
51097908
639242678
860791291
851695291
661189333
349233943
741934520
503135110
787651368
365549472
387809923
632186253
266939477
855684053
379766920
414081205
721159698
784708381
172894028
767713702
700208367
803323059
218336528
861800629
249648682
428618233
181266395
663065580
243013151
172474547
109613735
891509198
1675716
635390920
521581682
378104610
523244326
594875065
620203137
452078136
260577145
174088709
372515926
222367805
949133541
593762178
194550987
600116220
909062931
530234115
615812103
493466200
794907291
86979036
790698726
161808642
590561426
174910283
60755980
96817684
712444154
913719209
891992689
318373454
802278452
146973733
582894447
514813528
35543295
574887711
553055592
365576521
454724569
856246475
440613127
654056497
895423262
192150848
391738284
970017527
957390359
643744131
403191643
705604864
76622995
121012104
673843992
560239838
672458640
89460739
125858648
131101175
111425111
946283212
857866199
376282164
463750825
971032618
856076040
811892701
304926708
631968249
957191227
592439582
694400633
78918420
205036914
981573868
336290394
661610822
120340718
102784710
13248739
128028901
35581577
903417510
191351405
158994578
871951886
148954598
263907191
306047176
360887154
900494992
927043773
120583629
559602173
694834083
273581130
284713490
245691938
786040780
716703950
949921635
340157684
10113321
161169529
419902801
938673998
344545667
513756693
931069152
71419994
608446034
665503353
776785395
609127390
449296035
293653444
473329007
159599437
764709982
417646796
744543305
127143330
494013455
285505722
16719456
724356758
905474353
383429798
251029952
369229692
607402377
146718223
399721493
933992996
701693113
541014821
677684869
906859567
491734047
319935007
201822009
821260888
354480767
149310664
939879998
353371417
794459530
390869847
535509289
639630728
189894410
568480887
599670287
325341229
587002485
376614390
560094151
822108371
656626545
526679955
465909861
749487556
223196824
154117864
547793758
591434940
969261394
739950998
237855121
31333422
368347106
691840992
888893922
816355429
416272002
169507762
558450309
981587126
594008614
144249341
2796700
772987808
660609476
863119997
230535299
514693347
801909296
613792803
874109063
647306646
170718119
426050546
97775776
725780669
667061373
494580499
68491314
746652279
67489853
762587081
692961796
849442171
461978891
809717809
309052421
535165210
567382782
103263312
279553594
698398714
967890294
261354004
238470302
77053424
423265517
947139747
120430457
979753906
840957674
564346844
937479429
739925068
122185470
871201259
319297106
858915499
293980285
247404711
608222270
259734792
849388715
183769762
591175996
465993079
618140296
155474670
455184448
733070880
96864612
459469029
636742883
229801898
552605826
585931393
509404173
320952920
351267934
139777516
957993138
537323697
576444720
77892847
633613473
480175497
665727061
518993194
20544303
541237838
456057519
482635333
244073102
587471880
44023738
801074901
458006971
516434649
680991778
121371762
895963361
47916435
961344776
860460653
80877160
79227720
528429929
353691142
280069043
716574084
851322135
200978711
609163448
313274129
949544990
156909933
916651306
476654159
370573876
889389
500235025
848678413
803544984
519749187
10159633
654473957
751807890
224171834
4090584
101709458
900706171
969506933
275908450
813201657
418691531
922430871
179025849
843340425
822375552
653380193
457806711
289462314
376962813
35445917
925986277
644117909
460105936
411781713
212334220
297697430
658044928
654928960
955141541
63411661
92623533
454581322
145619942
578888581
785302673
651155821
663980511
854082442
543107141
90337454
927248432
593916973
171792802
278646010
481612187
234426753
680361668
694903225
375492103
321118867
366199
488316450
124673223
55201142
314682101
687417255
737546578
462678761
357516394
46679611
880113314
538801265
164168951
457354984
907035497
827411631
457625907
117650836
515951768
897310609
852553991
102407240
711439752
545842512
398968903
179215399
294576077
324148033
865712590
80172368
753370477
534244884
815799211
870361681
289240462
824503357
13749355
618734407
454756526
264598656
336986400
277006639
563787205
437509615
85603838
756322524
631948716
362750036
20330578
136327603
756720400
934391447
955936339
356984141
61425039
256108870
271149650
549848764
873724317
190410235
59872822
961861704
388005241
208357219
130931033
523367411
938381421
67608903
357569556
644995642
61275594
440602667
773041376
879104185
717852482
804633367
331569909
417417419
26824180
688426473
673208554
407645905
857108265
299931678
6087128
407707626
433781305
642231753
429772876
357015691
847570277
924234956
516676243
675013381
379024107
465553400
199722514
956960345
635782061
399372809
883163262
544112770
697683019
409326204
241227263
148736791
173168386
752742561
681128696
389460885
289785960
135782320
926995925
66557793
792203951
714214121
244553215
801999562
562703591
254280309
163311256
961469090
937808052
608370890
747513662
420871260
886339604
399408851
986234233
934725611
678810780
680361668
578888581
175825338
33518858
814166666
12391867
556545316
12222379
122926882
932427277
298317957
352050255
598922929
447429409
268197228
492723218
961354992
509531709
229947805
369491716
316155013
503528192
211292853
655139720
965846046
268104903
674471922
768671765
156680878
838800150
215353787
100345158
757086452
819098636
927142950
602860252
657329134
962633147
306021882
368779206
969660125
195099755
80579996
969369067
466686105
80679303
976714824
410932656
575158346
474306289
611637020
915086761
264564303
927398686
549218257
352610971
328278545
463335238
391258666
724997712
128725627
477972781
800986855
261002564
492707531
169272786
334515095
175510032
664345351
436143311
126022461
355012497
388161846
736536303
339299667
32614772
934124719
629031092
490581872
493335355
116079035
869867200
891349830
620729128
291631763
746956818
800186191
948954579
104713858
549117953
783064991
572465386
41799654
754700957
701054786
854082442
841947765
281176331
740426091
427240177
146052731
144439047
744068008
618329999
382979698
294974566
886657956
192834685
296377009
815932745
6558506
743737894
710505700
301889291
4550368
894291278
433596531
188068136
875375541
73611089
307193813
122636744
954883252
14078502
476410403
450252290
535224834
233180554
113876938
944579737
431620914
517532260
590059700
65939131
406009817
476590193
573782934
816392709
560843367
66846750
844768937
334128030
836345155
414690208
920317118
888717290
545060788
862747450
164832244
771415326
153079027
411304450
819474232
358671058
877176946
359065816
869898211
221231071
726986406
302743803
840810580
175644815
908855714
606926513
578469146
474446080
452744202
204753160
326176765
727183769
929880425
856755714
375527609
499651437
479619567
985843697
526190500
604746663
392030892
832828816
192482661
938561525
822508678
623639051
329117439
785500361
117842166
757375374
686887929
938773289
100277920
1661979
733829470
674959263
592327134
10404910
74709537
674615886
603963841
907254488
695005407
331636835
874989837
950070116
122294146
78843649
561369049
439271593
969886603
828450610
232746788
429352790
194257151
42983145
11324039
807436127
815321824
193673488
825854661
77635179
787619608
566058936
556545316
627833620
812957748
591602985
599617277
912611040
6340353
509772372
587038760
546588737
241240547
985720347
812682178
800317982
487878191
841125914
748849780
120664668
210021078
737522263
976914488
926935608
249788675
109518282
323005717
2586852
69025404
387288818
937069297
918623452
748540323
273506528
341302652
832115340
650832223
218144354
787198321
224159312
326027843
151162145
802231086
259560542
822006804
623350862
950049794
275939800
84512899
459445161
169385360
341591636
852500086
531297627
954654910
81636532
157517274
47940624
335420845
193302909
977279238
364306291
149919693
480342112
499376834
962242703
367169975
368541996
685720813
358396104
51779688
6260924
396098085
456783064
741930024
579317932
828358655
737304158
850943989
696976224
228439731
23355334
656936468
866950012
563130080
880456277
765816946
822835629
705604864
499750963
464743996
814777678
51352113
599451346
872687936
806058280
387763493
656752092
540301699
499470762
58265134
266911573
64917031
478251051
492691011
426451633
557799316
587170330
205525867
829320363
322655232
89541131
947963535
767204320
104245243
881380077
4294564
425651616
67134783
554006363
441431165
927352305
579605162
499707852
808979441
504086008
622339785
850907392
126552827
41260876
979621221
529847927
7032365
916221592
590039680
250838458
10754384
272922600
713849491
944889033
639520271
824076269
438639956
486330990
17668840
898649796
48797730
484269784
791193562
139820898
927343718
480843755
153945281
697300675
500047917
597120258
822094541
384192261
222024106
964229875
587790758
166678503
579183611
935437049
442031910
848415387
3506928
541931611
361622092
698400319
631150637
807437682
361467645
99734577
194350420
291542296
261792904
247690988
137385019
937789683
438624254
35928722
789113153
377280304
710331413
441587351
363706835
193323749
101287866
958927340
386967900
111192505
802958173
345349260
93897358
358188496
525699980
29294696
799772066
971696731
189483078
976800783
981279978
888437672
201383818
933392401
692406663
92390894
504864051
494583512
533326632
182120808
202653308
896438477
700284053
716892984
304492750
94313412
168431317
382365971
79602242
596530499
82636489
859647191
974955073
663021101
556400387
553918063
602626904
146124794
109411017
773969220
600425264
701596722
225184598
779869698
909562075
48519715
518643182
893208416
921279349
270553897
76866167
77326543
95152574
294391149
764332134
340706846
490724798
737842053
129696958
477871489
316720179
244476210
610041545
682826993
264785916
968629115
409466867
911089345
779631017
710617561
2094579
254871591
59159826
525601708
785195770
85149760
245895670
299827192
795129465
532595785
368052385
811118393
279588899
396173163
950755262
945794134
401409210
666122974
337931688
537171330
951075971
372090864
200098938
394610672
578070523
817231012
242168280
682826993
537537418
436003353
682309845
881028970
845198942
350302874
357850504
498001987
955032959
130059471
342190363
205762712
120093796
683244671
49872296
964620330
844385053
771450841
51423642
970035709
246918759
765358178
117623664
4107557
633010870
604673193
120313423
346448282
737008989
247400087
884691071
400893965
302165837
774290950
293999172
391384983
723616045
757567155
37262137
383779934
312532466
72879405
169233202
510168460
601584584
946058354
4071275
152425392
249172031
468043860
97685539
624069133
949695540
838018152
566545905
87204009
667393456
22133129
283911785
638742865
765019055
247596666
691161097
221327923
884548775
641540046
809140608
647798337
416925495
422454060
818856491
247944585
250195269
591017044
638285016
242298747
598107329
873437347
775113316
572932266
195515310
754006207
626240710
50261005
398766002
911745081
948416850
592243736
185891966
922153009
136709312
484041639
689452094
588860319
742681058
979917461
731790698
166258695
27589911
427637052
676035688
869670215
867890422
845849320
659837957
711737043
845266474
131892957
193302909
827589695
19529588
613933505
205729900
936047806
899090160
573961205
846386863
596753726
638058696
607047582
784854706
317857724
565974542
534057317
761012887
184581926
277991335
299014756
252381135
949643908
284555317
730156000
27895135
190923318
768199504
707388841
179682858
204434549
54421662
746465432
487723386
449780754
116661599
821884351
784903414
671192963
591956222
928255465
226948508
456809013
356670495
578373313
658535972
663222864
717626593
760266452
859392664
297894999
559820593
46443270
201902786
750182871
113419814
687954667
548375786
788672562
137021142
159751674
80951763
877295642
929578678
464503528
689443719
713870472
931075910
699324285
692097976
275536593
56613828
143040256
660991867
819827432
586128510
877301450
457599130
35445917
456564955
269143911
861726890
453739122
150838672
726707286
859445761
409330639
711326304
876228145
865260213
150570412
513806876
826005597
643974968
706544623
504939996
32508345
207888694
156531271
612438805
335856071
952583741
715342129
723880132
875135350
585984166
740506585
353235725
769917553
461273390
116139784
195943921
923195782
504436190
918460464
610427049
461553953
385691294
502672942
451045055
871977093
400520322
676720638
906660779
69278366
664690541
884985307
705088014
510544795
704312380
447633624
486795829
710951172
870600341
840923546
433410429
419383680
870516207
149127656
521323121
299273475
349448572
474292482
368672157
351379888
439564088
666775603
440881071
732723267
408359724
296815837
832231857
517127881
432335117
108708476
94645932
198493470
955149350
943175774
485828628
534254339
261983316
303987235
102589714
424360651
122624352
74070452
881691701
327656426
203027538
89835943
832902992
351554701
34942319
594807244
43456036
767937202
927990476
294908797
687148225
472947045
737174327
197825357
530044689
690397738
263159665
621496969
325300911
701915073
76721472
850583407
643318124
282593506
847138841
638233406
745555489
657400483
11012630
340764402
440231578
490578552
722376961
559543905
500365201
621684469
632571328
664198836
56414195
674995036
55307646
506594474
94751993
968572988
805981725
865503854
165150805
472640175
92738469
17643625
359065816
471402673
118608337
676521267
19065773
967468847
62467044
925825892
368801878
519996556
764280074
824576521
519588695
342883537
198671012
819937287
727586946
340152898
1020
975296865
696472082
819049045
121845080
461553953
592559329
35698065
175233302
956607562
538672151
275551834
200646409
782231323
333117035
738822856
496665586
193457935
696052967
567043727
508473328
808052225
265559940
906651172
358168967
429265674
211077635
365084557
554961954
162935184
84899940
6153268
871975706
970096034
630638075
697008679
457870610
495444464
481884027
156633939
447105160
477386465
806696614
930178246
389143692
582890380
54386757
665711139
648938958
5915394
324367281
460658362
224087531
17047284
273217267
881099925
89972250
503755006
644305669
621812462
53159505
191496618
750020780
454291210
125555816
537100805
245570786
605559997
428572571
930274165
324132843
979352344
434956603
734049916
682552903
905826829
533029069
770747929
442120968
418379770
168300950
413332902
62040404
99151735
859590999
96854085
35033906
866302895
918498070
126301416
223578841
16708995
811948821
330811646
459458600
3
2822789
371032163
456256634
707306771
560646512
407706499
657638498
285660134
813620001
488060029
282389326
226862537
417591792
264067996
195843400
111451643
528208814
238756280
428125168
102592178
236020852
967461834
258777052
19201164
722512450
112107338
690566013
108872169
359847333
634071639
771816196
26593163
262724954
578255089
508092330
349266871
979352344
337869204
375519289
501683846
4250075
981165422
891063781
937572622
848254943
738220192
652559246
63295474
767193218
537143459
838407388
880022079
333422482
853794786
548764834
540253995
864789754
924042821
316595238
352348415
42442961
6260924
161186843
805124604
272840990
389924603
577535923
25925194
179512335
665911227
103001892
305631723
329210390
796598654
301938073
244946637
26344270
951229118
771240762
625141094
662679337
301459911
322527212
168607970
920248915
647497812
275527580
457768992
766053259
760838919
377690338
514431316
449744573
232239042
770084018
438584946
423642486
529000856
132942174
660335178
728050165
699237861
705549359
918169953
158448477
831504782
23454049
78112549
310413040
328971356
641202690
891447697
910203411
1337923
100217764
346047399
148243943
745692016
387090455
547023972
38716908
972179401
670891958
945136832
466814918
909651060
571997074
223973125
447244464
405170554
960090375
764572755
969753680
155403173
311859071
231294995
724959093
246519537
826964816
622615566
640175896
886339604
653879856
84346171
24084864
32344181
884571855
658878696
457997934
204684818
230733384
489081409
575252814
660120220
456134043
782336665
574540638
790834428
895112920
544870726
274397766
694380592
926297734
445896525
496685168
514636919
37703625
810084864
254203075
662577662
452412859
789904184
120093796
866209150
633794052
935751849
661374171
198312433
625439888
268935323
799822255
472442341
157781000
628510059
359665438
396330671
716236517
44862069
836553199
866696857
576212885
919416962
977275038
309114072
262042240
635786161
587442475
723065015
207521029
502273445
159568254
98118816
442652009
388286120
884168980
463922263
818921443
983979395
581400749
369153943
751996837
652031466
181960688
504340149
724830018
617344835
759307448
951023307
689990482
454290838
772371213
632285720
485403375
387092054
271323894
24733661
741897174
966729277
984057880
437103893
430895572
294791015
22982816
74256264
930005939
827762893
360207773
281877210
913058258
481169366
534731842
66458549
962295584
139065430
531505581
463335238
133495912
156571893
858946134
522655632
438841608
124512604
618662805
209982835
521454162
637624753
385783114
212848918
822593789
730571471
821561624
827320237
308828193
444615114
337953692
101783601
777680186
380266399
245185337
3783562
774171052
541663924
296609629
172681547
109349649
402089871
53990103
761284809
787817791
292345184
679024077
464917453
793457139
816982561
739539857
253035632
211792853
489505108
138245870
134161151
589610377
757371069
852629777
915628160
62662666
559387802
565278691
307147282
388131120
585070451
361527353
85580537
494207846
333879842
124600256
46617709
517191181
770643011
318140254
30467722
164551222
172474547
391559100
964881696
578187227
912647124
553643429
221137197
283147461
57091508
672897138
223072714
22389096
513806876
650335568
576930348
85
684071999
697869507
785598134
326024763
173041386
600030160
763853444
742524493
4045660
381988370
454067168
717465129
813167585
108999342
408182740
921744896
57528882
978458473
820119650
47006766
179503884
147601955
710864671
780345551
74404211
203634381
320557748
442059878
146718223
301116333
281615328
205048178
983377162
855591040
11243203
718894715
301762606
665373253
857596579
99386532
866271744
373203845
384062109
69786059
874530103
174505836
826109875
325056857
322158752
667338681
227918430
666645374
691554621
953511938
519592047
268646254
401662142
371131446
267776902
61916938
558174010
667461227
959555604
395357009
741395873
295054170
808434461
318373842
813547767
177598280
303271439
387763493
711407605
364745175
610049226
614298803
428945348
610722762
320966556
578764729
87795193
636458157
556847304
930413457
32452313
396708063
708029363
984951813
761268810
124104562
871740293
592826705
506569606
153350558
480604306
543217764
899063761
948592297
102445669
762587081
269388553
62729709
829656010
229608760
768419931
968630669
810415710
283593198
163730895
292496296
711057076
662546890
255839886
468991524
528092448
591558910
776941794
260356059
409043886
38836738
225059194
346805233
807918764
675712629
241331117
160139230
378251460
41422588
36137148
920426063
701875352
759491786
649999351
118751523
400951173
691505442
421350176
463593383
353414656
795804405
458785172
769477926
91372230
254003613
755657789
32344181
946175167
817535265
379720747
127330594
182896852
182543924
689513153
59320619
703457690
207662812
302921035
822387332
240844131
217380803
527254325
342780340
101422109
421068400
67686179
741406927
225442564
895309142
769825946
896735492
940995552
485729498
834135260
586121848
177385294
131342294
202534433
947125519
266100468
709240331
567045080
429849962
905409487
711226932
933532671
328278545
18121529
277253673
432843699
862433066
325900404
208930957
435257241
781538327
939678821
683821560
437073502
97209833
839333470
188408534
732522105
772260382
787440710
219404055
662561127
528798499
944592531
426287353
784667237
220001122
345349260
454067168
541325089
567837286
161865824
878210787
266570097
419458933
366785321
133031750
597330044
930304158
53732756
277593936
926717608
204153840
841843556
540828539
713364370
434404748
909220567
585615271
303153434
644269624
616038674
282593506
605430780
137132191
604793663
409602322
114854478
612950825
509617968
51074624
541978509
418050473
312969477
130641131
671558391
31160396
856693545
758844348
672595179
120739584
18783151
711998354
344965944
570375053
845149720
902720705
394424082
502767420
766277914
817021683
94393634
413260811
589364390
0
77503255
378730179
313096607
578211668
746358116
307402996
787051974
571878709
719653897
64972051
763461503
520761167
838788271
594722089
20038012
496169930
838623652
968521764
591750718
461576041
649015139
91356179
976322028
34079413
467204854
207840993
461156182
76377558
153526559
794518057
777016648
181802463
212557351
80509570
702689082
528983771
340287079
604573552
292575282
479926605
673744231
740179638
915337285
497002437
913798405
687806639
378885536
114864978
368061123
892322350
348994895
644294327
264865018
441827145
916826154
963747746
679869042
381854213
183117679
442059481
561225488
563330023
58722489
501455041
570463941
672071214
876018365
913061618
121532352
261614332
780936082
875369041
419321242
917097643
511755674
674665495
253649095
155176946
142341374
64548545
641856483
604151278
878468965
54603907
935968606
641684919
29489681
412377532
753552917
624642262
146783394
144206913
255636597
802061241
829075648
565339401
644479887
316902004
712370764
169124202
67989072
345775999
44114838
82630980
924410425
669913378
888386900
87666585
423265517
552498035
926087544
829235663
515156760
326455944
143534723
697699288
639326748
453658537
552508299
558478141
26770614
190204614
578187227
291181474
244181902
150317537
944234076
373146835
22918984
69675238
813234831
717823784
215862287
861071053
429824098
950253517
983377162
645110269
359535263
221040709
589425379
881608101
228924854
75993994
227548281
215584160
233335148
418312533
804441780
759411257
879641326
406151599
60812273
964125396
265872412
393648133
140205553
371288339
532646257
179119962
833165195
531215541
118654276
45057118
176661468
318134774
199002138
12363732
822108371
762355891
512028437
746705097
581105604
145485412
173331158
978116938
282910263
220230170
503565989
614810444
210592241
752363143
431293544
54195412
28361551
702517299
406571340
311983456
370775163
879908193
101706649
77635380
764143854
84925001
518032894
249904141
105383857
562327538
868598110
742923059
654455422
303848410
113912463
742559087
749338533
840154042
952102635
742181665
589967779
120898689
969338078
39413692
366654381
820087638
581801515
75542215
358847844
92347742
397339624
817261457
372469643
591478709
551966543
476132572
83205618
342870081
267666367
536994395
686176807
788567691
347049132
981156574
390419317
642050788
793347765
592327134
872041784
110361370
128648982
505408781
954025784
283172971
797958095
133644754
423876363
498246040
182293239
49675016
902971790
424659129
814770751
822834395
717897278
221552070
665215019
475721426
929175830
690543420
819224413
739806167
391179844
847853335
61193967
757855653
275996209
353639158
52085762
658558757
429907564
144471954
340192729
827953609
306954823
241941164
518945459
918091974
206985357
734966306
49520213
114264876
749477142
532774737
871479325
167414768
578930601
822282628
199062072
29717431
683409680
627489246
664957421
591271877
142483930
389368995
99418338
742720782
198704206
629955523
951709222
360274637
146510821
496219203
576595078
846303777
699067140
327576152
232794886
920610381
62483053
559103035
860949136
211160697
423259582
943802639
836019319
737213767
96616109
344608328
104537179
528049263
272375454
426316436
262430635
189070768
910552040
351413744
814230869
943342358
778963948
165410655
738688234
953673628
860381537
175020017
380308974
357509259
64646313
303153434
802383448
880289075
47601388
907410020
50235499
597000570
613447814
720598652
727886834
756875408
666086603
656105153
152002031
665887149
534600009
578967271
90586200
836274736
507019665
200943844
528433792
959123946
816803508
468384060
463335238
226096082
396978550
825538919
564382322
130894918
480737491
381994112
640417379
175438560
265212733
60981384
528605085
46551806
457870610
199812197
553049389
810615082
410993409
53174696
30199701
727233242
949739820
730729159
789858515
396124938
541407144
557476416
487556157
571226689
430029612
424351603
693418959
125556222
454218630
434782562
658842475
84820387
923784590
739719255
48304658
620133080
577494162
612544392
51292386
105297967
812117266
577992087
459055827
104935848
747183891
368132559
506290627
357647435
724971463
674555813
805851709
489194453
565347932
494490017
370947022
61238318
243557647
617348894
670354930
543631946
401236195
838615608
134818591
429212180
410327766
158504316
534053654
365883107
310504649
605518726
307333599
284309878
632782339
866985017
958388423
47006766
482119046
93833117
443438953
57574481
153447211
734967793
721492648
937434622
620687283
920812370
643084581
730879960
594378983
626001089
366635218
756456161
32512859
283228816
223904423
235855101
314215718
601845050
499191241
338913664
142875056
583705722
445104693
858716834
517201772
712016292
663458506
560374918
727189165
524644923
854393201
901548399
633085972
106961745
344474342
25939770
528840157
477692132
11803625
420102260
86526354
222170118
179530583
857300801
240289404
863899238
65139060
796757832
979510534
22065651
51008686
594729487
493194415
88949789
569108243
321200820
676357231
396368332
833186962
19080143
216913517
956904318
58807712
454640094
133357315
842328179
237403483
438891347
43880143
320221328
710100478
738139197
363399360
23805975
564442652
611354146
902564204
921983565
155788332
41778515
885587198
109757599
167809295
412090026
208552291
221387986
441182415
645638975
672760336
611451274
756815219
62547544
771141470
69394268
643303510
74120925
439982955
438219239
239263470
195789594
595226168
477558707
837805608
255130797
697666898
23119455
472502459
538491667
501200730
43142221
901060971
787855442
129700151
783512393
79931469
914786865
597027485
45712613
167777410
746682301
9298137
763518239
512190647
686679582
114935411
12430090
738231643
93454259
458034282
179368555
434232617
103719979
401508778
801202802
972357265
620150699
579217844
348623899
340787641
946770835
591255311
45218145
550171383
236970415
408266566
861846398
726824098
50608399
562943737
561100797
615058289
737545752
749071461
341147530
158824099
263246896
151262991
239263470
894291278
888515132
714457809
264414345
291631763
367630810
21966031
321030626
75835939
135910468
122870672
86082042
411258217
453853335
738401869
89087633
694012488
844720996
611169134
39143576
450029845
273436665
791566474
458716540
287034731
197276725
403209960
357699806
804408500
370770494
77505346
473488516
240907560
335997368
238825247
687674322
809745813
257108208
763682564
40001777
76876877
873876093
978398250
674463761
654282634
497843073
886707800
148109790
809854881
231261497
577910081
444793610
31405352
409226119
347576932
765446228
70596402
658652551
867270236
469220773
890237376
368975407
186510220
333116455
385980997
877190873
268276896
781208980
49118758
827370098
60484981
443850709
919180056
652133169
107405941
35182344
502181287
621405201
963509703
830540897
421304229
516676243
114103981
577070509
833536372
406160359
216951336
950648732
793006950
159901745
717797178
822784579
600440425
543841596
711671786
674859677
869735048
205562678
648506644
446157446
811138870
286264951
635128906
277919348
219782446
523284089
113959198
861847199
97524622
123879320
332757812
930184367
779124347
223165227
128792649
678102290
643077946
60345211
3912885
491584510
102667546
235712650
571088016
557010886
302165837
835756292
938907021
575252814
943924582
204325731
507062245
952047826
535306230
908036845
74360852
688118216
336463200
741321071
592262189
786636403
293949660
879769099
630615022
242291344
835089538
84346171
680683615
408430974
731196318
543783556
93461815
856394557
35706947
177911819
816558975
731734046
396541756
143801699
496467221
640515345
448174053
91204904
243894840
483181999
722823351
419062374
230686687
432244480
16540665
66797923
909611713
112720899
762718561
814340305
816109210
205266877
217854356
898032930
665974628
909931207
781935978
721143112
188732276
737036857
636246680
28317437
60113739
127536813
109387030
785528024
958679500
893850372
79110825
102931190
626438600
399130662
866534954
15969232
546490094
273199522
611495086
173291555
553614753
117877985
544898335
497995906
774246195
885392112
158235358
69207056
881469564
639735007
558106617
769491035
592207207
480463390
825644547
965687632
480198825
765466114
764151847
610400687
964548235
214909365
107626153
847100861
400279797
889828072
594385980
444714156
364931941
27569845
960669517
583040764
937610607
241207682
753788479
743625463
749977831
720138248
832140839
631520688
928747227
890724679
618705743
549707498
368271567
113434851
646294886
150368399
516177333
321159955
521739055
830696634
332871739
720459249
161897836
349667680
612324670
542964441
6547578
571451977
979437532
395955116
473313996
322025725
619836850
891266487
289462314
857506529
376469053
216380845
502965207
228714115
41844109
174289907
695301951
705351112
98426513
476545837
471308481
644555482
219709640
99630559
972160369
142202550
349317596
35754740
481253541
504361004
934511531
78871132
261775912
369486254
195775884
221368843
434782562
894291278
673751733
673932082
74429744
91243753
730554582
617397256
788832803
345253137
704355581
941122347
229100344
573853872
339767495
850860938
111896022
123272381
577529778
478051388
907615333
432076849
533559199
310653448
492814449
600539161
750148361
244946637
264202305
973685565
264891263
480172223
322091458
349344155
957501673
796013376
511810106
81184511
253327398
91783314
353850261
437654570
69853090
416723634
588511050
749997845
210011467
544270419
263906989
284665382
907250819
962160826
296671957
788983356
588941608
1914648
492550598
724334016
179887421
6002784
514045922
388325755
10122975
365478566
756562749
209218120
365862618
784165111
268981659
367169975
173247210
862257372
135435501
283911785
339429832
887830690
88500145
165053041
466506818
151359342
979947017
393591990
419546509
745494437
872926605
827028175
722294774
462003416
364724663
403143341
948387129
843448843
17342636
816963470
224482539
862662259
81227114
667413815
903908363
329232552
106236261
89773248
337998630
521943538
752702816
967229164
550482472
881047520
479961745
656072786
48770576
805253739
70026473
507092094
739539857
868822297
208372981
831015907
163187545
834765137
340078749
376243686
546784776
64871015
936654686
867631593
545555252
104947733
38538488
764559066
964091538
309503759
332826514
478171076
672296034
801796706
359946340
437356523
403980129
410352128
817135621
716489556
574189171
844920363
506020947
387598517
80092176
984835381
110826131
782951902
601027048
275672275
931605409
853840664
710033511
265999064
917016613
108090913
459516556
264368898
674406384
696560587
751361042
10175978
540193223
531162416
51517749
125943812
99348687
378459100
978397824
853780524
958025055
521581682
365444002
90558602
934936917
159662342
592508570
817433331
886559291
934235801
93173185
773262462
321761691
407707626
578682532
801040402
551786397
308985190
543121514
294939767
888444524
943126553
824929904
379832144
793923875
493553902
499883754
152500568
472224729
446582307
195261950
598959063
400735117
642759842
423342901
673596331
558799994
863676283
192762178
838407388
321888409
394200423
658640733
202796221
45407437
386483724
873033951
888466616
261084243
328722386
885319314
36321027
18455925
736938034
896248853
516355999
495216745
657457771
966627326
719953740
563363524
6418005
84373373
349969198
907458067
636539180
97518124
821880337
856188474
477285144
224623840
389688744
949203317
618324519
567725298
754006207
560159331
98297841
858452762
344538351
884736685
679945442
816501865
409063766
701977243
113615906
498285574
307697798
369823329
461613981
309580894
671558391
478692360
115083357
244926908
251429005
133932826
759067909
654229179
967000389
662200626
555953592
358349227
280370290
961619490
243981716
206292375
878030110
252839108
384629181
8702372
478356591
957731773
198412630
466293895
457578203
705214428
641056288
890305413
179837002
512689765
708073076
416003446
170728679
635636213
469814046
867667495
980400843
185351218
288477146
250521619
402968307
809375876
589421732
820061301
505875250
874028474
448586912
762128153
903954509
470208158
304926708
105265945
237496294
785616467
127393742
596604544
414902416
237770231
600633914
340078749
22131
439865504
259627134
354878954
937760159
419463159
713628531
952182762
704256142
66746867
917257127
831012570
500145411
355443239
46682607
616324109
921629839
534896402
711247316
826871296
828590917
897655058
787510151
240234016
103263312
886488170
114145396
285699872
404418759
399499316
826793689
141175474
752487623
710479720
767312539
878348478
967355218
318800500
895309142
236008994
929120265
211318847
881608101
936382506
743851152
596048966
675903344
171758028
132711434
202649111
963084482
229980960
652445154
287170536
110861438
343850111
786189223
970385188
302755207
694450697
706576135
664253860
711386507
556903547
970843849
878667925
566320383
899550909
151084417
968922819
240427098
645879124
305651120
819010277
117584697
268747896
951911453
852727651
49431133
728455835
834046610
552870788
551751823
33047335
321239442
127276608
590672662
837935050
585028349
342384621
249228265
526822143
88857790
62231326
32550530
514892135
479759372
25635073
103702326
506944191
109349649
951911026
515930186
388351760
828629162
264113975
53524115
362134981
515299878
474719354
172523425
70773428
838945250
540355939
72694155
950880675
651468666
964845388
133167176
495111505
197606841
423842688
12679011
316549764
201905608
224611330
264812228
441210902
403213252
132093665
404706844
791886026
238489511
356757299
784442032
599399262
433027426
458277457
748885155
82979145
374140950
431699934
700903587
424133
765343722
37907774
822375552
562117326
567517280
511545232
116823289
901525195
218867603
91447027
737173327
46137271
460835717
602683342
470507325
164556886
132632345
392979218
270590610
546133189
169374398
831814076
856437370
965373145
91392623
307384997
609909619
427402278
13821965
505806459
366056461
710660221
187926831
40283016
467073755
861372507
630576627
982661807
135871647
337731682
583563573
860423817
256685647
981315313
981694085
571451977
103566780
325166197
132402918
629871241
307452390
154981016
507347554
421806906
751164728
586257761
534829095
709628353
831171818
156762071
33277482
551573394
886526359
869392878
733125103
585465103
94957331
224132299
49497292
75351260
669720294
801360024
860890304
686557046
170593832
87413005
683379300
907256566
306248308
340608730
124751000
240210706
825727550
970561939
807677582
341627545
697352919
370418125
920580814
535109331
415464867
873743495
311315828
83597065
202053519
777484109
269208016
594996958
656764249
582575591
286617267
659615974
447563664
7645687
883566040
555563132
105205130
772794327
174980984
240841159
507847105
751836890
252956462
477558707
872791517
124004031
399483093
295827842
258769003
389363216
656073369
761681008
384049574
942101119
340059378
120340718
108999342
614522757
139814379
63464485
555656841
302625862
608576052
741253263
41567971
265345540
944430873
840425353
160377475
439166788
641111359
135989069
913488408
736001722
983537526
568036387
787625168
62559084
200194081
578367577
404741655
40757606
73970344
583452542
854031349
45633509
570221808
576287309
599090411
895579992
214838194
485633394
192716455
122908858
948208935
509314431
93284293
92896564
749260569
384913136
902036007
822809450
348548039
405391045
569720692
377840432
784410437
23409105
363340558
499847679
875208913
85251385
671078949
35094364
626662133
261211643
454247078
695698849
672862683
374309215
607530970
15738295
946209968
422505224
203394991
265577336
306594089
592058664
431411501
951458407
228436297
537143459
797756099
631275062
909568130
314312366
916849481
776901070
259359313
846757160
506921393
548708570
441182415
794695171
246973280
676452699
717966341
78292036
653812327
625546131
814138533
229350811
507842412
793835601
747271097
580011516
45318661
641516220
820669877
826724920
253054292
851237354
288668955
531482782
96742300
690216171
224249854
717253926
776362447
823883547
644829512
312341987
764969258
320086484
837755462
846309426
397814830
283436602
362204755
764824349
45471360
243660798
271442119
660262610
759765043
424922991
112015112
850229868
550720764
414818524
607263888
574983336
633363678
395426762
195919770
343189941
697037868
482182259
387749837
953773731
76544662
177030503
163400965
977922878
588845189
604424174
799847000
545556965
2094579
11243203
306466942
836183505
526187248
605428470
465991947
689072176
140396615
207732189
727183769
228094355
758178560
542786664
738284984
515862081
660013682
626816183
349327641
777179039
225854547
58064632
163271187
513471856
369685732
247029278
126716033
508758271
417766102
938381421
561267984
549508593
388188042
843707957
408648169
558169300
720126389
960187927
904605990
477364212
73110447
130619395
807314058
109248209
886620200
924959065
365617689
436009453
168732757
362729315
516169353
878440947
588970021
915337174
664027807
914971955
287178887
350595450
303177290
140407930
797206608
221518447
630826909
55526483
726028182
625329044
751927975
84418220
911260388
490438367
370436424
822714003
865298053
635667198
684593620
531521997
643583665
765148397
590157496
707211886
277018119
223115539
600913758
55541471
272892469
860323027
36512742
321535285
233967804
42418797
841431371
36285790
298360996
454624619
779161227
109548882
715229124
408052647
457359637
119188848
97945235
502254424
970421307
522829779
287373431
839799043
888692005
479843202
218907216
98924740
266103321
669459937
828931404
281821862
323136338
706251770
170320249
286810735
122642559
631376240
653935442
47535499
798472596
748324088
394610672
359619157
227955567
871594440
496742582
939181156
138937254
606904741
906273620
699540353
707094658
504963636
949636161
895730827
501905903
803765547
378088873
47738769
728136063
54326923
179002017
916085525
27976868
291542296
409906958
893994375
358614273
379359495
664964410
819604125
398893312
852682174
29647182
238383268
933364263
128949655
694719854
51008686
891014068
716489556
689899334
868065319
453463877
870574505
254425997
827245667
769175636
160671504
30937040
328167224
436736397
321653389
723004560
436817009
660751037
503191658
535004607
819827432
405391045
719709041
170915670
721611473
227608465
245851277
103392742
548631686
129915743
571116472
669758443
731481553
678745156
924080403
711942113
121940041
410337307
534284637
748045457
782457565
248490015
184076141
869755153
402941721
415583087
493553749
371354316
87528660
500352265
639288785
705620609
365700697
227456303
553132146
843596148
318671781
977725243
15165016
857391953
750936433
545079137
249522762
476654159
204553774
652922390
409259624
597916495
562781598
68975535
282424019
470824902
330931079
362947736
767977355
883907513
661427248
74096116
905111747
722067658
201283140
923017277
920419445
779054649
364864410
264758821
271938445
640975580
599734270
156790582
728980413
905652843
310272482
967721891
182924376
505535326
202653308
339429832
56986043
617353522
918218427
376395390
918218427
818139366
26706001
592183357
82502328
978094588
479797095
306786756
774139767
392843403
867298015
638144595
385003812
24707957
837074875
692357880
751085258
471066158
318147127
142432476
541887200
970551755
22522411
470668538
542027811
19484665
936930518
691191335
823823722
96492696
2973666
601522005
430346171
864128641
481253541
600957252
33221038
964056427
685386704
270482807
411224004
930072593
736502345
519377993
332687283
255230034
131152307
868965540
724955796
511012202
106020620
12793190
842857856
624015374
48579281
56130918
551738493
110361370
836264342
331632671
612593523
955734922
902974237
137478068
520565007
65012651
602790046
940245378
47711170
850105777
205600777
73235246
831209357
964515861
99311847
294947045
780940909
236825528
606643270
624440894
45610856
463755245
942025037
561281085
721289820
316057115
458152060
142743156
434951242
127754634
401232252
364510910
799717112
241724620
160457618
21562283
491815939
725611979
822998171
3056610
372426651
431578461
128406276
765784758
630699495
885587198
439687533
437689122
686748615
314073224
298711911
566207767
624240784
38982546
953110051
516838317
575666802
173376277
927106632
757354198
949360378
124992100
441661873
694654226
97726063
608993415
633430307
17279622
542627393
646431752
50054435
28661644
142980044
62833834
508358331
383192004
922554634
408359724
191081167
575384379
5815684
483870350
967016210
610921574
68854571
620493029
533496084
98011734
456617494
469485529
602702424
561567575
837697975
911665446
62559084
550944917
172522565
210185037
918460464
777733653
896488184
637829996
162891553
65863277
501174908
278632688
645846761
408875079
102253285
257705118
461820488
524234809
685579095
209581667
263793225
474272955
986155538
197842978
454812060
838661432
188247071
628726100
934383380
401750678
789437293
378773765
171530831
821437786
305926544
747939368
891336726
231550238
7600359
222223401
176503837
892322350
515482264
800109491
945257521
37464135
339483189
76536689
552638703
4045660
758956363
39151486
398099538
77053424
906185765
303072699
688166795
499652037
96738241
260029336
533966201
732031442
63457355
398466471
722446134
710793161
155115180
598092506
17801019
33717581
887516985
586336007
598504266
848796654
335756631
424085800
941515760
336805376
464999744
768443202
948039858
410450283
422741052
691968975
220932609
2265780
303618170
327210829
852851808
203265380
548396957
407946427
836559549
674599827
620383076
389563061
498249222
902208351
495204967
377364575
887029187
684309440
395189659
822537123
728746167
684986303
34456325
577953871
462870554
776652779
168854929
96754874
94364396
326446648
470919987
179293853
718227396
316669692
197715560
489863498
567920851
332934716
898703720
909512317
875894178
143947230
711263978
228512392
407415540
382735409
800682153
666645374
320113910
442393683
139878690
862265610
131628132
303295511
620092815
122757571
534276647
847976143
928452430
132238899
484283452
666147720
486736765
686282540
807752147
98343906
211127728
985342115
579203782
324039867
636217622
175341027
972671620
488629028
129710465
827315807
225558644
366243117
951455000
921446584
37262137
88095437
454360515
609936890
112000656
578595837
666246328
565489131
760115510
37296135
261507126
849793032
760173105
388617280
359886098
112207673
560078686
64905825
414203689
764803632
93833117
397332272
948013503
723034232
944240528
348407921
284907762
484392557
859813701
833157629
64208734
228104535
811118393
974221113
395107912
46306512
119775288
311191538
232517456
310765182
690667605
254475780
593192575
341055667
215899991
505634732
922961790
397381532
815136590
420614756
851719427
303758218
973360075
398099538
446921688
723859811
533913992
327188457
238007595
807314214
108504956
65854752
194627027
543902477
282357498
858142418
535220391
491423966
242136148
403181990
122934820
906031205
461227575
927142950
163915634
422960388
177475450
68758066
500831809
606643270
50555641
578144335
263442577
579178996
665231528
775945530
427064002
529741233
131628132
719100434
732426152
757214759
239361809
269726074
61111479
946045026
849725625
383429798
56739741
253274122
108348082
579767869
358019323
952580416
872381174
175341527
857526733
734602105
576212885
385345520
296128405
978071727
98650697
598696500
718075256
748045457
782515966
419433813
9266174
734546124
341089081
970130351
363260604
391129792
973041628
298479132
281685115
784608736
434460378
511847027
626520950
626711007
548568402
284743313
184507481
580257820
894171920
229142356
499862234
264252419
877933739
253394152
747740594
469085917
306507276
324597248
534731842
246874844
939386800
832499722
493931680
65240806
212957878
444136942
501630934
820894497
259314274
719668713
799014715
781994037
206423898
648378657
225252998
226096082
373814922
679162577
892748872
399639670
357217159
809169458
35824958
775638352
477665639
924836794
688175001
646552314
888095376
518212166
728023000
516609585
17157504
41216802
706810551
682166642
539567877
144990166
369626974
179530583
176734600
915352987
259958983
724718459
880525249
555627852
880265020
985525772
130684550
532565716
437529827
406877769
711665201
823771576
379714409
678713510
960477376
823749366
544315077
151644598
198913052
682077441
877533313
258258147
355995520
233905464
185754474
927751375
335292182
584211570
690504433
834750942
809588612
27589911
698400319
249932482
515487019
532646257
310413040
119257457
467762390
624569993
186110772
934743277
167367078
736319832
513226143
215222205
507673941
286304272
47580268
280599547
198368865
626548679
576344759
961870333
48873239
322029620
221170064
620341994
692279716
630480918
675551073
827364762
180259679
533092955
894987151
684439500
69853090
779699501
55482315
513231704
603663174
530722417
93086981
903550045
553943979
919275579
393932438
151478063
645353141
157990271
476883085
442059889
184451509
954615994
619892044
804265605
491884164
648491743
163227743
495782602
379087812
91925821
202563006
706028128
359152239
979586127
667704077
673047718
396396554
178858601
493393999
8856348
115904086
657329684
304772107
469651514
911236536
316549764
134269016
120661203
983318639
415898468
162464681
362417086
148237636
386715815
68608436
598252383
355874449
523989491
330390975
91003953
788947380
502298791
869755775
212797684
153576745
413260811
332441821
740187999
474222723
551541777
915694758
649500912
329062401
474831566
224511636
424649252
150112396
778854374
839658611
143486091
760815016
587798497
289454616
528848807
867112872
833080761
291613256
197660691
601588636
87204009
571480934
888755851
562833318
355891881
423607502
427670789
181373991
663171873
27274096
885235076
698804237
320187641
102483064
249893474
504859452
38716908
489015437
731525674
271601461
738469693
332258460
924418735
782469951
258934762
318312707
844935469
32497028
170266699
687062394
42252763
881939164
65836925
150312696
217345723
273581130
321179944
966525036
326521340
187536104
497466212
349225980
727228079
864290869
445541649
609122346
837064917
194645662
239657474
884105290
342212758
425138952
727588245
169898159
949792366
403479228
80076158
537599613
697778173
680459042
713073211
920449707
338368093
854960486
708098667
315989679
32497028
484682045
922356835
442683256
601138160
514709149
68268588
918691100
551796933
839183112
398028114
438381455
898207282
349667680
299680016
729165974
860071402
96852813
722893
979764141
729742131
318798298
928847128
831610814
777743037
368725201
648210038
309381964
314952042
948861039
525920449
365432094
953403196
883464277
524201005
52780416
825550948
375477008
611725994
461576041
712350090
356339766
417820518
340850964
447285281
67732991
443729819
365553618
461799596
62760969
185869599
150005483
429212180
171313191
50912051
977257117
899517153
247572172
215299624
365553618
357428009
97576278
280924787
132653821
259958983
492017195
173672777
15695592
918551740
892188035
219709640
893919638
526987914
358373550
588923811
441330685
138103771
748582876
499585308
841346887
141486999
462563549
117361771
636384209
210611039
260509887
949306814
449228655
659218305
410574538
188247071
751517538
255863046
244951960
875841708
876623453
195819245
227078343
130619395
751234857
421333668
475430246
59683440
152759510
870427127
760328528
679596962
479171373
218833486
205242032
967156979
665274646
444176160
52802759
628052589
670380059
46983191
598624971
943088942
640417379
234902980
574446944
732179981
696958545
279672975
512410524
522164743
940686472
341028301
216034010
9236941
574277541
180567351
297644101
778613120
382418388
349896009
869117270
583906242
200643
188700647
5163399
928984799
470892532
63584102
836029536
98388832
398269221
607416104
727480099
35033619
302951593
223029880
403777869
421569093
423257296
258125139
241899994
976239872
948013503
79816160
310096432
96742300
848519353
535044631
941705780
816125831
667997964
546692810
401007827
244554801
116528648
325649150
775393615
285000900
895764505
605376934
56614567
583678466
664134331
558105870
44884776
522973987
809783005
34873437
492314452
94248459
670411155
980972708
284269602
905679095
512811699
233145472
910084639
438911992
342977548
876639953
284278185
121834288
275695062
584870255
707359066
401042911
166628079
801586605
448807490
659873025
667143575
963575375
604625518
846614471
830681223
815114217
853199297
256483253
494995466
713498947
252077189
112286668
659494763
502005685
732410747
486328496
917977492
628759198
228543864
259068385
767256337
584649641
788219105
971461065
534694255
876652479
170490479
463568028
26016978
526934745
707426830
433583839
333334277
315340698
897281893
425522892
599940163
6990201
969602023
801819104
494869010
514174474
947783805
597708255
239481642
547700872
22198142
236167715
950280896
575169449
619911167
204556720
130394956
91529362
835861180
755972254
512190647
789373130
84713023
845592180
477871489
667412410
559837805
153215863
3239768
461831776
123702873
229194871
653165980
415334271
16906210
769219325
159130683
196380653
801868865
543368949
934511531
103001892
201174868
236210498
903427906
328698091
80072105
620092815
465977477
565692147
655659013
272170225
95421886
549707498
563776722
810423769
923005457
260184404
601561954
378664954
438247647
51302321
662420514
473152370
956158635
280772245
15629012
786098719
507055275
451969395
984005614
837697975
654081687
986250794
233845991
715111529
865186385
767384378
321198341
924972977
233696369
133979334
519592047
265754124
4025109
971903341
624635218
908657701
636473590
406714775
135208780
942499110
52287906
641469811
467985943
291003370
109338257
432621916
680361668
123339922
244921
35341487
851776231
603147153
862174037
421838450
94393634
511919959
515930186
404440073
424097470
442614502
576175742
643400346
768068340
632429151
469956286
24651549
311970178
751409583
865165164
929518655
566384129
535474528
754226657
686715708
707507016
664420970
586225219
760990805
421927373
933532671
471669699
98688654
306626758
106916863
464727682
95046219
20512343
317127441
39073860
584823296
982366404
583394404
748850538
616108376
454581322
51517177
44371340
830069543
198936297
275216310
623374357
590354648
68149200
838661432
715760634
128864935
940686472
593186198
307512981
519987287
95505041
112345814
34560962
859387055
985360046
892953938
652114481
756680539
56329424
174009111
106970925
764536459
75156275
621122523
501503987
453864852
955384781
118899423
626777237
577258084
232312910
77505346
247596666
967598668
633265562
836613791
469887861
201524980
571241439
319480900
328667287
558679257
690235555
395658512
279304399
763048650
212691509
313381707
982505819
799263563
275213093
115828005
400951173
207132408
751566374
267505260
541850814
363732270
652278303
490887973
347287372
228620221
686673578
872962273
739414052
741553156
272273678
818856878
42444373
117373652
172721162
851771118
358422653
581695749
18044956
818271862
553310607
609393725
99261888
496935962
249118198
359003873
396025269
299825329
137454731
385317411
470198346
498246040
923604696
306124967
633969669
534600009
145424447
360123217
840207349
959626841
803135560
211670288
737584275
33536115
305102217
310036336
346180900
516199791
10746698
480292988
353691142
156388092
513462793
951941656
573347424
80951763
463537061
718279768
356605239
156493334
272656082
146516329
75752210
899664457
723859811
479210495
224973311
535914637
524308946
564259631
502029170
895634420
552647422
148704619
244862406
848542239
962694809
337997143
142713340
199718535
366193028
193331412
25204742
232312910
921237181
726006501
845302323
656936468
341387266
521581682
283592823
221914290
755420511
752080537
728120183
583982813
147390917
20913348
560940336
574327199
735620548
707725166
674585046
308045522
894593401
376196497
313450033
831610814
879630502
323860929
268812698
618811599
551030514
472089926
618902730
274240304
23896030
707991125
141883833
472338723
54255156
814253811
473498008
63050927
347539355
346061591
933019557
316845908
919430346
403980129
544296760
333853658
253839857
448451307
259377672
637828980
367224633
35290134
110190027
839642181
821436434
616881114
329210390
570557214
459601525
150368399
230966464
119851695
188215439
830035409
31405352
847319705
284340383
290209027
864425134
768338264
426349191
579742810
913520814
110492386
75467312
689452094
368350253
601611271
82899776
795740597
271114173
444656321
432431169
269135681
37016274
536366320
923226157
762207706
867198008
777909238
374975959
18143780
360047768
879872515
903614089
949143181
48175881
94342683
797841312
749224030
120272155
685848365
437288972
951455000
442931116
141132828
786636403
648877057
605364000
850517499
87205149
973591887
868553392
946344255
223475632
589425379
279625839
110209694
97309737
33309259
369821106
719168518
930100739
314244228
969867604
11468531
400115697
80182462
764466298
310911052
50608399
673348460
50001266
423410446
482908583
591056792
857078620
840019131
904991632
755657924
355522461
315192629
610794178
803390590
22469707
772183756
3201637
322380525
786910693
648877057
507636689
380631669
513779624
427327917
510865331
416894936
409906958
224574460
490567832
6929725
197203857
531901801
809106845
148125261
254203075
947745607
876111717
542415279
616841055
953336989
358098653
866344910
368768929
458164187
918609379
101702043
391559100
55717596
142522977
135384175
905145206
165835219
63036787
614335883
771196493
367007674
40487147
787339110
895375309
80608164
63707462
141486999
811968929
963009576
449497093
336340519
767464024
646286770
204684818
945673996
165888176
454178508
282527292
94929752
217108782
696724618
703735085
969909849
12423893
848742449
797705216
395026896
233119088
850007090
760347666
517701913
64920358
571357128
885624756
724310552
95863086
711957442
384387945
826751216
451111096
572635152
322510327
163400965
572465386
157846710
247298662
505508961
589914743
384223231
568764552
896595116
905575287
288971093
66048419
905755238
850233010
118663711
686849380
94170934
687286751
806554345
370760590
561951934
263907191
406684188
911666342
369915928
208801562
421149251
422877632
413239192
897338014
677958484
896523670
523815044
766025264
918898637
658264921
393530040
543473622
56225481
975227830
385565978
748044884
243513977
949102186
499973900
712325766
776605513
556675052
748634312
219174973
596465682
166417673
910144801
610453030
2075560
61548457
804031760
428972455
159466089
568954339
969407005
371587353
934606186
170740690
299808838
491345147
375893175
170699678
178999254
440004858
480457220
402142959
446188149
218284205
846866525
857129081
34668206
886282240
26843937
907524695
255839886
234909288
525469762
808785182
889242410
113710201
214566920
49963709
634755098
598350796
58253500
541814162
913985096
885262289
574588126
708089524
535189519
746428750
620913730
383444945
224132299
98718161
58842143
55504295
10686652
914782987
660831201
809443576
206554998
571474064
869614359
780700518
842663013
518497961
120108048
226214835
63406264
337243956
555174462
779239704
433628798
625320120
225167793
188249473
786837757
274744742
156571893
677731872
53682159
7541399
227578705
151360261
130068341
338502984
977571184
902188282
549054775
824323952
212760411
738643335
526782023
942997782
77856562
924584590
42444992
707575848
553675550
731239715
860089916
78116963
710268877
122181603
564323784
645099331
418221694
727161044
528441239
312175995
101783450
896018814
715870331
922395710
841889789
273214519
141505304
526659753
433964863
938208025
584114236
564843850
36026661
35512554
426537564
187054486
697953903
119311005
39235804
703592922
438247647
467073755
776580429
857642409
312517314
280357424
488116899
101792682
51938
240603657
763857307
424145936
957022124
431438096
335036625
657733918
163159593
96196227
726880553
663021101
373408915
196816885
293786547
615486860
189192947
778515915
606406635
105368903
694539294
891257083
338756238
744015657
125754846
204358974
137806387
504760851
303616744
920049515
63493392
549178634
125754846
382393914
744104070
277811923
408733137
99481688
408091794
696792667
246408424
443790438
780528093
116752497
669234713
673455109
370006772
796674229
585846253
241111018
937288253
746256492
201575014
513719720
323410960
336751056
250788967
47123482
293536029
949691968
242149615
535876513
95225025
891306304
185604260
710100478
332865938
514029578
752154875
636502340
910823142
172298137
238270318
720485135
498434643
28326263
215137646
295166710
44119788
17558427
146378196
165250226
441303209
860670772
467242570
363931681
365574299
237084535
386357970
233668517
412489554
695117347
318334737
188209646
357647435
129019049
482693342
750478581
141353326
630334220
702285141
971883512
604129771
298161691
325496164
635930737
862436945
878375859
734378389
418173307
539463244
827951237
273436665
964583968
635262571
4834825
239591899
754508510
95596489
817484695
567893815
318800500
167254025
341995764
815678917
533497328
908850792
376123740
231031551
963248713
502855345
533394019
270559875
283024456
761033558
262557950
276829636
891820472
134827547
215475738
931077949
508690931
495759901
154019742
887260435
796965527
918091974
308780990
49042075
547687275
801651480
960469305
838181021
308093256
654168216
235470044
980684596
188447120
551620740
518333903
823982685
671770711
514753933
224902629
856453236
425351581
298883237
631150618
861422304
766970661
7459766
672093813
475455101
411224004
50127204
657278355
126409952
463481535
966257948
620729128
3193377
441207828
476109488
416072156
170644180
328238886
907815691
607769679
53513348
841032433
223095228
591918787
388101723
831527755
503528192
539567877
576322898
871888137
302428120
815383807
794613896
108398498
760714272
947859216
268409541
256697746
331977930
457597751
507289264
467524019
78977619
735736694
82200444
1020
520245266
213960745
114836710
176294081
289535979
6865350
650071589
870967337
118423354
264284354
236384555
440565561
288477146
909257006
696307763
652210886
598506165
669806184
78831089
280942488
399289698
365054695
16672130
495721840
518643182
656270169
636154524
360207773
326439428
938594845
424582236
850264943
779560056
224184221
885463335
564948097
666403691
931914769
698939436
312291562
200190504
394340951
389045797
622351644
809877144
969900791
392646790
193767767
141005321
653238635
279901010
205876604
871851786
204034025
950152779
58048815
217672052
757480018
742096169
315896538
905590676
951076352
331908479
124259041
973253313
383471548
969950064
193389338
478079410
816964696
12541955
449450835
365276077
785078845
476982226
205828489
420519804
42609613
863205279
829177554
624884084
706493893
56659251
485813303
846068221
832221973
83948844
926663501
486960476
700947804
400181566
815962882
905679095
382495156
811047970
101348400
298118578
40358354
235189443
522911786
861801522
630009967
309082410
641342280
513602310
70988229
896177991
671912709
771255050
679810916
383718591
465015275
184401200
715154867
202466558
18346026
930200700
560852851
492233212
899242550
102628725
140729603
191078317
822603538
889454158
11763174
270482807
48586014
650496025
504850809
110515172
486575086
218829275
442712768
242113114
622243159
838086481
722266534
544050537
202770088
179438900
96616109
562943737
210770271
464613665
56432730
975385705
25355021
441498429
107876559
360377000
614493210
95690681
458984998
867751639
238264617
691866027
294896258
869823746
714744754
186110772
982183613
411859315
71785364
373513589
797748014
109255635
330570146
636048443
875176016
381577461
274095433
344965944
405817584
497684328
537467050
496723214
277590352
450880319
410360087
653375325
432844453
924390385
387646900
654943185
805292913
499549512
198922582
716962083
47146729
721039983
612970816
85239843
874025795
328017173
876955016
196012409
292657525
940245378
788087803
912442398
728301477
643643939
197105771
368966414
109353068
30505880
413266282
313354264
146792372
167537010
771079960
67247047
855090306
720612659
33933692
774139767
585303815
787619608
703994521
699959702
943239793
311672634
797580981
548617731
553432093
724456659
51538073
508758271
197242132
909062931
242479648
495810498
963005246
382789270
108580695
517950341
362264337
907764349
893928696
924415421
233923187
731698447
41839232
4499036
289785960
347049132
749632200
395400247
31433303
753076985
328979078
830614506
298958573
339118131
1407513
86936933
783757793
527774226
95138336
381573103
757909340
204573340
39122392
228810657
270577583
673917996
475607739
481537055
316119582
978089609
902363770
623161039
365013148
245477578
96553589
554475777
281478805
376576173
935044968
770024360
597151957
133826185
565474368
727980608
935202057
484418932
663991319
787093399
795427168
748850538
303072699
813469774
578882763
947724698
712077854
517148459
967321555
564408078
293933960
83592203
489300124
152634288
32237742
540758166
530477062
902102311
78144286
123400955
411766392
910614074
861428429
826363851
263442577
512900576
876570448
852233320
854911556
798243924
95803954
114367092
349667680
975123016
28749204
254699297
437304481
168572155
110361569
625984752
756782998
668898991
871487750
803801870
5142756
551270958
854053951
344392521
355681839
780938578
939022681
603283979
153784671
902623569
395189659
956712412
134269016
379872537
450730503
932330283
928151759
609274036
22401109
622587143
654130218
588433173
824036476
786098719
919686036
947028960
315989679
541990472
476842611
241892959
578888581
68392326
452661910
859794286
254201618
383930594
322250685
474071444
503288027
159280151
867820750
44435736
472009387
584249499
676471396
57182857
166827440
298002070
631441489
591270518
385798810
870574505
79428811
19338669
717757756
915886107
830448478
8016712
703178650
40344694
883458180
239052413
779587413
448392870
735480875
137182862
944038916
902760060
888326640
136408523
521829308
679892729
211842113
870036088
529156918
367853063
151080245
232447030
650923323
467965596
830872125
737505205
944430873
167595338
301955596
861033177
947828076
283738493
439865504
194210816
492231091
140499723
880791987
709730686
926279647
580338498
752150279
14448672
267356896
543613048
964188066
376056817
101374188
122170267
772920923
47331936
449644456
898649796
932532177
900356958
35825957
801016608
529267526
343159578
545509579
736588283
702595857
531901801
278085511
979298763
405235633
886126337
740305460
19147381
919379304
749033106
906850174
747242355
879879002
515964319
28792759
83642791
580057804
387840637
579938857
729261689
154931470
725050164
540219614
272334364
338539816
129752763
972257069
109028927
575945471
444520275
624569993
861862872
740657806
876146492
650194859
499987927
538911529
250250758
322752650
83148709
509393099
451770169
807977716
705182637
248315958
538473558
853297786
2518917
77383002
724435189
532338659
20696793
635679424
2187960
711634944
67670589
122964052
666611588
581918188
92403084
737979402
259032680
128219673
271730520
392875500
485726804
510486637
128706483
481050283
92724233
985190532
63223982
914524461
945101136
168774480
626555678
544212691
235580920
227134860
319782564
969979328
157843927
592246579
862185395
253888947
209632182
959951242
16782037
918544876
461643621
670131169
222517179
981121804
797955169
783958964
663676100
39989530
194726815
773998024
283094778
148163197
627588566
960800377
284340383
596001002
848470445
846085174
549953039
332258460
978956700
887581583
217068747
885271923
732345233
425718900
780383868
579944606
293253674
599620249
351496735
68740500
963561279
348748191
835100640
896257195
820099715
268993465
548557501
981418480
373340230
823239924
941628647
733342484
906229117
522241349
242869804
754975187
956242638
654233170
511622219
359259728
649126934
42951442
632024550
339118131
136652540
190111656
867565783
341238273
163500315
140846396
391259286
172147089
315471857
327489380
671923542
827860227
745402190
323277430
677120095
278564051
17132375
354893735
77963633
240934491
124858844
570557214
974610531
369115815
350853776
950266738
109222798
809833352
575338496
430343560
851949636
823610596
781395063
723316205
727975832
258691329
85420654
426660966
137478068
5163399
882595693
505595482
535157078
107851169
919529509
565039705
430671005
796882960
874991059
364306291
770883909
916325663
203212330
590402132
726050858
515410106
712332573
527961656
455966804
918844955
685737554
202855638
700761259
232977531
293452161
229593341
62521528
652445154
507687032
259516700
282865873
660248852
940786835
316666038
275409302
195729559
805982026
764824349
286853975
292814079
116530763
863101399
381955155
849442171
420614756
209026086
824226992
113876938
482136618
930712067
211876974
658574311
861498193
710074055
373359617
895311597
464160558
354789460
660262610
873876093
427926125
811765121
56414195
159746592
959731034
908731010
900600187
161037502
316676519
266959695
475430246
89933404
554404071
769464176
873066050
123923909
661576976
813923888
398976922
100910586
170484765
849978275
410238501
804077090
787945992
63477315
393811005
151413944
911555039
584639811
735150557
73063463
825639786
744131046
7580825
819286083
170484765
157387529
244084448
492581491
766027842
902247640
925192832
424957717
625152930
489798391
424177210
824802576
718628735
13264325
70854502
11304018
320812
399782581
449537340
128131646
927036839
676885165
342464720
114809781
701018817
849797733
542470090
838183189
519310452
222408432
238150608
42142118
133031750
552724343
583704419
241540456
13769798
116682102
790914060
817771039
837572273
415550738
118070028
669624854
481169366
111804112
638788604
515403605
804897149
946463618
8164941
682627321
519458753
531256332
23069224
579890118
517455721
94415024
82841346
143381515
38086648
293298225
607401573
517038108
44674822
456617494
686673578
337466858
900438315
54831530
320752047
443775522
862228147
714855058
75907658
792838351
862662259
803586421
171727636
375923009
547970908
456898817
262487136
636571187
357516074
917247784
763076515
9339084
48239705
558642982
590070296
628737860
217673693
372183945
54363780
952061626
141132828
130205217
717163426
85422477
780934778
892637986
249761758
676326290
75633560
807787027
606236904
637132899
386634194
828734248
254895191
963758428
509397759
746245946
412641315
885344175
166613558
579251565
368825022
191584051
443209878
641895444
331908641
353463375
401750678
33739179
573373469
762615325
245768223
840104774
314793477
905275369
716968642
774263423
62530507
114891632
687940552
306932555
158616183
224393349
787356421
673425526
528363366
640828949
704610
520389993
521065116
99497724
695707906
480811018
443007951
974892257
51558985
3542575
926720223
195789594
423343419
861545175
405175961
887677431
333925789
921701200
209581667
137721140
769714358
522772719
159732968
721942539
267118735
477584764
782411459
827839013
882620686
840821929
483909539
115938730
106829009
341621695
865055173
382320007
965738782
388033826
2223527
91812529
514993108
268124248
477378935
854224366
129671819
904586986
542844831
583465722
852292123
367926476
145727300
579817471
942128655
751835521
363506493
92364030
965875271
397898728
266210896
339650476
749120852
685288171
519987287
574728943
118942630
29107501
649638921
899425195
749666431
73815941
386715815
76943563
708105065
847698673
71684975
493083471
746110931
647149792
373576694
428299991
399152337
333422482
984411183
364569583
293640835
241424837
721388443
899283083
630745280
876068531
595259552
466293895
966600825
286379771
504778969
764086652
8960426
483536722
713915132
535109331
809460711
234000234
449984358
360741195
546716384
681759410
566765617
262902785
288989953
170052864
113328891
419040544
77599470
945777179
744781254
57471365
276204796
753550656
816239943
324358926
296382153
383891221
135914033
6033470
977264629
553057202
755266963
867922078
122942469
438431179
890543743
958863873
518945459
502627496
327092754
53191272
912469231
933077990
936271047
544302018
93338102
26893466
191351405
594543117
943266507
321912548
173247210
885071679
682745842
83371830
87316902
2007437
225854547
779307958
963875789
754782262
539388147
165856163
493871610
504708932
319905929
207517424
683660573
80422944
283592823
828540055
617378842
98586591
448493538
620557366
423685689
248160427
667026061
699781348
765382383
354997214
253841773
310375700
349959011
814343886
568182582
124945486
351150967
169901234
472617029
845652221
199422511
92609402
89883888
782813066
592678132
962931425
762737460
700246890
928688146
695228622
12795823
694131918
364001515
264581439
710707211
430080231
35773484
606382883
807793220
862386933
527837352
110458817
182919108
165029912
632901079
30793074
814770751
483963555
475101881
444827318
918355631
421812440
905649202
632048300
768544183
968313063
306021882
557955396
120811972
192734193
847170648
741848251
486452784
4554514
954353959
870578613
433202705
22522411
854143455
706920686
59821997
143923116
248822668
344782374
514528222
595344025
881425076
409989186
674869909
48773717
929134588
656808502
567922682
930314680
365011593
657186670
212987999
178304325
177798155
447740262
797725888
131117679
711433764
145893470
801137757
581917968
135208780
326006279
450319898
739634699
711419053
704706827
933000751
332768232
358373299
269041278
73326848
716675641
353380682
630206863
223180280
49941522
249885938
794860814
54363780
293262471
294817786
582789196
93226880
234152771
274452675
725345417
786177047
734683898
214455203
539342296
64681258
101225347
41785001
466148700
444670728
940405186
778221858
263315209
177530230
25455331
674362357
297441927
667026061
579261616
24169181
461779589
450277155
670370764
910025357
696374276
444588661
310639373
183686455
676101912
601264104
524503552
25331619
950594218
821574079
488639058
596451856
506933183
882750407
807638930
404555681
205071724
676720638
922029695
818421882
954153602
383127413
972695707
1914648
686994110
421068400
206821535
797257797
632026367
75256355
711652832
128353028
537145886
766194566
326417700
417316888
757608548
946698514
141851898
156501007
409855822
962397016
230474976
228341822
214344293
727291996
819713567
304824107
580828823
771491150
545878172
249836409
683146382
567962733
561281085
570367017
667044507
38862424
492138667
920656256
763925332
165716987
3497271
528497578
63975627
518390220
646663787
304824107
148269263
751437246
83540671
481129784
306574720
77714411
946886863
150996743
931449596
265874898
958984224
150565821
102806706
427104524
630516766
237459570
854969934
586808734
127916574
14968022
360553829
497516126
82511099
447185516
457577107
424861965
509761893
895634420
674665495
206473846
715449155
754265537
786479770
902564204
673751733
774555273
476687605
284644473
365353087
198982922
370518089
586003474
931896824
170035016
968410277
260747290
677476244
643871964
409884441
912527003
620137629
104448948
875346574
793310858
333964433
287826670
224097568
278843783
235273995
532441655
279420848
775291316
654769284
396447386
769797029
427030601
373211415
40378157
844577793
424562928
387995114
895918175
848510859
677715941
509673943
953300197
373203845
230507587
552020124
375830641
20729961
501668815
267099735
279637034
820529496
385756563
85535719
338176929
284321395
356737279
375672556
255490344
188202708
725611979
262724954
306186825
891730150
244180804
49335082
888652642
851829456
343918246
27051449
981573868
366964927
826304274
879556483
787049235
770799629
900130351
250250758
10886385
624777257
307697798
863406933
296671957
232464122
632007665
684791659
432406790
482344722
225238728
763853444
669876335
432728356
527643237
774096103
738930334
854811484
359063339
823041486
315552652
559507341
312517314
513271418
822868375
955825865
940359815
693940359
959973055
245528544
526243146
560751434
895885745
719281408
301451530
856784933
114292652
307507967
573884717
349828459
689843882
876102956
78593537
190200547
123501083
466269076
878110255
291952711
57710927
622615566
231318997
246937672
977719157
338427113
557821618
606848626
325900404
63049088
546872615
673903073
144808411
938584012
333464004
122668531
964030920
78918420
644949365
407215515
742634230
787512000
942294278
8941416
574085229
511539787
535625061
594295381
125043584
985889515
909917267
557663677
280786969
708630285
271402177
483638212
912945534
413020538
857001235
624826617
641310410
224358731
604315876
99279201
154575629
146537189
206656406
514704219
405617736
32048606
788311083
970369477
690259155
842664871
539172203
238132711
518466278
196651793
963704717
570638209
675551073
832850904
601813770
530528096
580846749
696893913
273226376
421057881
618274443
777486110
328158632
423295117
418893663
797748014
107674329
128517571
689476057
663685635
165390165
536397689
202781906
508552234
704462529
388229585
468307012
38443854
56238710
577443084
624069133
305549948
728689474
544268260
121477024
359383196
834437397
605557171
55279933
317039101
233055694
957200665
344604898
658488167
102031867
287643996
608188122
837688398
542412852
826793689
786372250
175979192
755420511
830294516
431479007
831795730
557399198
834759613
711622500
959257721
917503552
238876200
316549764
3291060
910338538
858106532
960800377
954025784
3
14166382
931742730
32148514
67581234
399133018
852352273
160339806
245107852
632639914
423681934
639743717
324170489
236376837
352274079
438591254
987435
421855205
668133854
756800757
94570827
165761057
918989425
389079135
632037328
235073814
222073443
34968538
446971940
92370824
194815076
821446163
490809604
184687353
732021090
36141237
757997780
262972399
334402296
714216001
465198812
881533783
353267172
218864768
70703188
657394466
237342858
505567675
143899575
190957787
916709723
506609249
513240945
125553579
910108206
379582324
9406239
593179931
602741588
809554794
11012630
261481946
423133700
513590951
179813561
237765436
686734072
262298782
974146669
412030992
211884976
77755663
831769602
361968655
591558910
671912709
653255761
625717386
312952942
378862582
309240695
419458933
179438823
491259393
457727092
902276640
346630100
506148568
704449289
947130843
963876109
320432816
388460842
862436945
462606600
171257392
931397693
824411565
791002896
475578161
62547544
354716978
120887977
728705797
85872561
175879341
309395129
179912994
779680198
71704296
400826158
416535721
573714648
260383584
460105936
141175474
226668713
286511993
506948707
164480725
928701377
542583266
55307646
696842462
420777926
222938905
258777052
969225041
835930891
44808309
483742414
163166426
843061442
956717550
465392009
413480060
643612647
78475748
440171238
841679371
694698039
114891632
496615117
150006243
539567877
954142265
460880531
257045235
312647014
951430482
590710497
64352767
115146591
348385910
90056571
882655748
736028278
171259063
568037886
441729812
779699501
953749381
14396833
599926630
491802001
131109878
698483439
176218475
493796431
660658086
519021127
510013485
610544040
714536990
764466298
191513657
628958310
749988389
873090935
794105651
24944522
25635960
684747870
447678564
473919960
476696474
402097356
458634017
756060296
64359373
415464867
318899922
308967753
360758156
841125914
634789976
358764184
557842547
111018686
661045691
593792448
223537781
21883860
139578811
587790758
403995505
972407572
115982478
878513367
298161691
109108249
470665598
320513315
781057458
471523599
291567747
414492848
648653758
241597188
240140954
483392284
712353000
112639469
504334293
282176172
181122288
61846894
393811251
450277155
595126726
464013041
705038906
916337092
291858011
79783297
545555252
247402998
862731478
192367489
89541131
27414865
550766212
979620933
775364884
790924862
857560905
393647682
231122344
686556387
308584345
145797574
27247449
507367320
747655035
873350065
46753525
775923895
738838586
164941742
898618836
438624408
68392326
95667617
6087128
243914376
954891542
159374931
556356496
954072156
251550864
397453215
45848333
317091128
330003822
438068836
114472248
743025848
211016916
602625583
65470129
1914648
848125103
338564238
409337909
345034314
895610746
336812018
286656795
217053222
172252986
421369744
89445974
982250153
172375511
25746716
463750825
36838381
572105818
287014287
834895510
613779334
854342782
929276873
643815792
37479017
394088400
200706786
85527666
971032618
97902057
212130104
726506900
962894442
433914466
365553618
499407032
140135377
786923733
645907097
188698077
935967803
162474169
635453444
165869368
745928917
23458327
792101457
449225179
478130750
54420734
908543
197443265
704598249
625157765
887802834
562715183
171139044
952352466
504859452
158971068
453237898
42964950
75873660
73051326
520801296
403949154
668266673
234684845
676422521
559710618
30139591
702956951
242675641
796662136
831015907
603569583
645610942
119936233
639145314
489722261
492152471
877115139
823463777
408884252
535888883
397284794
719995084
795975616
737764615
40950463
617917745
782393432
574248190
301209444
7001858
76061264
893335471
338477927
840711707
280038322
587148574
340141332
157311234
359946340
821682374
21883860
209123100
194135475
269311918
238007595
306554340
428242645
242791014
846639903
167319695
916002704
28983294
615688712
599461268
362299170
814459603
805973414
798577563
447619252
160216796
852664974
18130332
125415982
793216273
218842774
6375405
217346713
660827077
681130483
58616646
670350775
574926256
779526581
599953454
681871632
448392870
730031887
975896514
481150776
459650456
150278101
218656736
423681934
584260142
928819153
183513964
767193218
532490029
784497644
411085978
489891545
814057095
974983302
376941958
42022844
20999762
973653811
526537057
306460
975688555
305951070
382249703
756807938
894790284
216459343
394291409
773194436
761702834
370093212
124015636
908062190
980707867
377238702
728143672
748213785
511441335
408771421
422075043
874613909
707394638
165258705
19810133
311209159
391701259
594363003
516403639
16060892
978899794
119174983
665853088
811537375
329183462
2205712
417646796
526187248
587945978
559387802
394313413
714456453
789677268
353935556
487935283
304130510
310705036
878535083
748849780
605542561
630580404
11481850
531984416
664079158
801909296
704902334
68086361
803279736
137121238
856557864
690361278
461963747
567899451
239622515
614314642
944265832
424136854
646242192
626284629
42866706
223735197
345052770
789267771
724997712
614536061
542738095
922356613
337644155
300461799
877480415
839269805
222408432
15554866
180784015
176050475
424739501
153404733
85431863
864779139
836160723
325071058
219284284
917418941
430071652
654238229
800643461
776652779
434670530
665188358
73574535
327304801
687181655
935539109
640145945
709364934
52279686
68083711
662822884
24425828
341471916
71189514
333182045
752296916
451433886
218829303
156256779
239595387
757490548
881900667
664248344
937105834
118997121
348495570
288816667
832919403
155402705
857953799
853886905
577518146
436831088
49178738
741610231
915541044
773254352
480721970
592326269
660990747
642759842
850930834
960925482
438857524
141037180
37592215
236904518
679970793
17073221
176234938
42942581
884845314
6857152
592258578
169890158
494749177
785412551
221964358
297730952
541161581
769600393
164284050
895151143
701521206
493917117
397035090
489565051
196214351
767401772
186358132
357159404
650687272
243894564
906560734
430648087
788572999
694201085
661677363
864231113
319206560
877439284
574420500
259684962
394076774
896858215
14033267
428877599
387053567
92479173
944592531
419444284
515914489
120160216
956950150
657407694
74233445
142556390
721312135
306454062
360381023
20527490
473569437
533377575
630242556
448954789
321237159
246973280
555996760
325587884
291129671
410260785
534694255
441098739
219394679
567881201
336190751
818191706
370518318
431774907
118876997
712115833
766502422
393040460
818269380
886434126
441996766
899991159
494655787
417527933
818359952
242096402
99505890
277251448
