797756099
509719120
672979677
762026244
213419201
275287484
574810783
187634281
605805376
255813317
849161591
843321671
950090501
904053033
673855715
808924042
680455986
124544830
760242414
680869628
303542493
416944111
688528647
656270169
505240386
64523380
404482857
634234708
420732477
321559657
138998065
883145072
222643854
370909444
410450283
178721792
493548523
99893302
512865228
434229028
168300950
838403182
310239067
786353115
314905889
841768485
973625466
648210038
898342333
1909618
591852471
116823289
737889601
618547337
420437852
177115057
491951936
287611858
519651961
537678183
812273409
582476289
65462474
679491668
364217481
148166328
103583536
488007841
416166661
83603066
404632399
254948055
642883291
625455532
656073369
264844912
845037750
765244643
716266850
74360852
330676956
307670840
552485254
693169536
320027707
767464024
30136419
904244807
19103755
444396104
521492152
240155232
215223116
344460321
762706463
339628179
560639646
525446273
146640206
308349011
264223587
705291486
173214069
539054895
423328063
659724777
409525464
902200027
669595846
578935185
409996397
791599767
363964098
213914394
289689826
735928695
875529213
378617505
356057587
789361721
168116568
91806742
525791251
734273948
8364057
531789841
419463159
690375450
260828466
425042884
700850808
650470479
664317486
928778925
670892835
868005082
490395422
539971345
488111214
657400483
463911030
923361280
898429304
698008855
943875859
504756293
894279889
696052967
820450625
58369164
156372491
930333598
372738151
952961203
826573603
929578660
446455679
602889421
168119019
142534645
649642983
147700525
785798774
470743784
378862582
191318219
968136544
777313705
723930786
186243335
557776766
906842660
387058008
358926952
63291732
134259462
968248309
19612140
619272970
433021589
833800525
642796921
99698881
412090026
481587635
75907658
109975386
252992984
773478166
620378164
618606635
984996557
236976656
538041895
506127929
85847400
5216835
76000683
787705204
854389978
961353555
187710356
542774249
683498396
905985612
641204542
210741987
646325434
46390705
693940359
589777532
842131536
528158980
498880793
172579999
354037305
291784742
974422470
798920762
757336501
74082711
705090238
686766013
23369396
288872837
824226992
119890974
484213377
309929887
495910473
621216542
618429772
359835432
120594197
614435932
264024090
819216352
579768352
297762939
228452605
354231619
747359304
240607935
497531945
631965723
311129676
561121132
130539662
917333336
812150127
396025269
627233811
80974724
170879848
197558735
436927900
516636098
677846371
66487669
747325623
974284888
343129324
464978962
214566920
724308320
114228310
846009075
355171119
570417554
381475470
860564180
433087861
691701398
470712636
942096659
662101434
390059165
401689013
684309440
334231879
709399957
348748191
737054209
358373299
450924859
906229117
480779190
645160065
551650990
193587956
798315892
491171310
167367078
315552922
937360995
45137979
531404715
919056929
493466200
781880180
900483786
652358077
759173014
476978999
948702385
573532265
144751401
522956142
13094066
434507619
173298718
886024763
338325651
659852423
742550774
320779142
416461868
586121848
533637700
784200408
247359618
395189659
673374873
675162924
181856575
672002669
420633649
189485574
563414779
548965427
934528275
759365162
881354887
858702747
181071587
245840281
359630834
845895802
762270284
663130130
70503445
341526782
109849144
334133921
717141203
87671314
163216174
55599098
792284077
307141363
665561507
210486601
77160358
782407556
641294452
881469564
253364388
161623978
445379076
568382691
330941257
352373745
79969221
64939813
599651810
447972748
798844427
644020013
729482754
134987762
195546008
838403182
653474781
551409154
974590487
617942888
182268465
853118933
903461836
460352046
154317991
510470420
323188589
982414739
935414069
443192636
507650341
255407216
972627688
222348584
98191967
677618551
128439538
866080974
391129792
302656042
142799713
186047029
919706147
111313538
437304481
666974654
708808535
514379952
423943538
915719195
170066672
277069735
720612659
59800491
339406788
681433515
837196958
628355502
282689657
373083751
467751527
328128445
24793374
849565339
629110588
901873264
396205535
351809094
727634663
848592842
239192489
123362650
695439988
32001882
711861744
986224082
964055678
603830922
264496818
233553425
405750487
548423909
350299373
428078885
953669409
598832691
680226455
69604845
584441901
210606734
817336083
702527929
433562894
691560224
609929494
629740413
169040114
811138870
696560587
667049137
199220569
356125288
635096364
874009441
409239831
653221278
846382846
94359400
847917768
676942009
828170148
284913006
592647311
808496865
962030185
941538575
193012543
979539533
372160739
966932949
516355999
761590546
64232180
321406386
12507096
493388552
422183359
107684258
949792366
4129159
722029823
897699208
407580657
834608825
341811244
549869993
488240672
13671299
121831897
741711167
844082722
962918069
498795651
439592044
183656662
981088824
504214238
607144659
808306375
985584940
647078290
662057639
364714255
30251177
932978958
435038197
659873025
256402193
750424269
282327996
406040842
934513182
245938567
336121161
477794049
843448843
731165111
864506923
722756058
268613488
642230637
578428371
152184597
50933605
256219868
866500246
227548281
309956820
91806742
543723386
854270447
827269896
169070986
255034744
219363531
83580795
762749359
483570494
475830170
784768399
135992066
42975715
441428223
892953938
37387411
634150949
656285250
266820109
14317521
735300781
18595126
928730035
142534645
296272779
507324857
733673849
555095831
414497559
783032678
877114956
646410393
896205854
826286897
505567675
10686652
112401087
528049263
201330529
628484349
5509
341886352
758362634
464835178
559002803
962783256
668014431
177583824
756182336
913406789
576277651
208031225
158892106
678176457
290702554
57143482
441861818
394532055
755898295
518158493
957390359
87596524
957180277
778986777
284064291
640840685
666255704
495769306
466294444
659206075
35956547
360763351
419260397
164752495
183263716
924039703
646536546
788832803
400427742
242558436
652906771
83642791
865887511
391129792
113632164
624569993
51013490
502248656
614359388
224246902
719996075
768858501
241227263
169115471
231527684
806483837
630206863
765446228
679474474
746956818
246566170
509920919
100340019
221600994
920426063
592647311
353915432
222830699
240837298
408998037
697086804
799819581
738674341
944033159
320095539
929321931
960039631
985643603
533173560
77513923
404502989
182465587
734400144
928878614
942139409
63406264
30424740
82305600
889644387
585821002
121746082
616879654
561712944
786791818
260828466
75727898
882547302
425335880
876623453
589956908
937569998
572781850
142299323
560600135
14332055
739265867
769815584
577037265
855394475
519134649
693770646
329440073
207973775
207521029
191391269
629130386
553343621
47896825
24425828
178347455
142141341
903414700
856784933
102586037
476102895
874989837
755753155
813037239
925684387
549649674
529741088
173168386
686949363
546948392
640016973
875709194
888712686
112970548
455481288
158128640
649658511
896519855
155674755
113092969
83204578
148163197
205341521
670712515
665023797
822114199
952284415
193594257
948178730
418097712
883096480
180602206
478127748
891928899
697132097
627179012
351474791
361169705
592889057
552724343
63826753
123858689
164168951
338504938
788311083
451832679
549252265
328624594
65470129
199002138
400279708
217731556
40432391
472374558
387320211
773956002
526707790
268886521
951930478
729769284
351251619
650715979
471402673
546727072
516130426
924701801
880772963
854117628
83380814
474545648
920355994
611041066
570141852
200850510
429580170
475511575
572057373
535027009
780852716
57632688
806529758
403992689
107568342
207645857
660830795
331975379
380490934
727189165
388578778
569227268
327982214
897909671
362525277
668870852
533966201
640771840
367046072
72986430
144314797
398965999
226489565
854091411
833570494
117830894
182223434
254616904
628510059
745070326
808180021
647504606
515907209
225699263
235633981
354496629
353548186
846757160
192118308
837732763
527254325
250221950
64546979
918537155
728376209
440333051
521211583
93797877
369783178
221598531
758076169
457846093
106961
751572570
360741195
647635494
462946171
731764039
156998370
72944621
652922390
957292453
602836153
918647133
644101306
525337552
924246997
22402148
331933128
673377052
362023492
644851839
220033072
110530254
351343242
523828204
400635788
402863639
170935758
693032647
478356591
25113442
542251531
305561843
755099998
261806079
816366655
853399839
588861917
474292482
940340617
491865408
359604789
172189627
553132146
921856888
920043952
984559586
970314886
461724952
416189677
890014334
354231619
109220475
74531464
204715087
207401454
617292451
739407396
472846449
623381500
350727081
697395390
306718103
706655923
847717652
475552092
697778173
609562167
545320073
424625662
116381846
510616990
625024139
172633819
922454786
109279427
731799698
692836788
380485375
92724233
516680047
243701592
577927228
246964290
600170254
260457343
193373233
930350053
475777757
744735259
765516157
776261283
864017426
700530303
330007001
182732208
730243184
121370326
871212735
778473289
699088266
640588675
115996729
918815608
644795146
372646663
582647334
204119274
415776198
564562251
852226803
878116021
393324448
616259575
983390901
809840092
600265352
538913826
196375131
392002970
801131809
645028791
137601189
438531753
64304957
854415258
517839427
168408952
735300781
398038447
275308860
853226702
524788542
773086786
785265440
567748962
694882350
265194761
792656429
811973107
168800685
752959962
845765633
263447056
838018152
14114778
712914714
363924688
234391575
717816219
558904945
709927179
681130483
511323409
762411144
500370280
99987685
367366370
692821511
778515915
226614417
433374016
752864859
886636075
485245374
589242387
500533938
730364580
541249458
157058354
786876085
54020803
779655328
850748354
507707446
238362403
686479593
627870367
740465677
24393179
185026817
539172203
712479085
975125032
16929920
190441581
216036002
594086282
360679734
837781478
421081698
918733963
642406424
513006254
388699248
811287201
931886410
426249602
979621221
373332722
482681211
126785495
925128896
387529855
382886667
96891142
101644782
419348585
72776822
524427200
15343254
11763174
891979465
167393239
373106214
449602572
916661279
191611780
107645544
477499870
136347571
590250664
568599380
237067141
627489059
118874344
494607468
830596583
579904718
451455301
148996848
507117576
737584275
1922982
445379076
632311188
592100972
676422521
14838975
356076032
435138675
577229532
526375667
554986084
24073727
602080294
162389477
343928423
113806845
682946360
439331189
258052120
369746276
784729943
80263739
796476886
643625006
821184572
293404028
114161566
371938055
358886724
985019061
733241494
956725081
362527988
745799738
582885533
149146329
208979472
181661651
970058533
234354536
171783276
833270803
377699454
457586521
646841285
607047582
579909501
146036064
16334039
186476902
258025396
310639373
631678819
947690308
269208016
80809214
301938073
692961796
721714617
347353888
314842852
806748796
927365094
656731753
181096524
495759901
317257253
384413352
976984559
320320379
586507747
852290995
542470090
664412482
246239176
154575629
343260235
615399388
755431560
435309160
301795
397403944
973041508
254843704
155096234
422454060
231827535
298080719
823248305
119269752
60507112
472838299
739608176
76884683
108628003
272868395
687764429
923939423
96616109
745217787
103898922
838359706
778149128
623137738
190516559
226314733
602069627
640403666
944188567
379175691
62884723
810513096
565147947
521382578
87708227
668870852
650250783
767631751
981555744
828170148
980268589
212093106
114653605
541620837
651602549
738519834
623549709
907718702
186510220
641952869
959555604
764518949
213654305
111085927
224816311
231640728
411130795
706292410
514752034
950060730
716706273
481079388
653563392
79140513
738845744
185869768
5149920
771392850
116826619
865616193
544420683
394641259
94634954
21002953
388808336
690997373
190321631
789179110
531539991
118516040
949629103
737311284
188602569
740357130
635604529
752087945
254153534
916730845
171188399
250983772
31588008
227800495
826502218
556490477
954827460
413455451
249565095
738726583
588393588
489926476
758795496
651837080
601648719
55482315
64920358
533696540
808473980
739678279
119872991
418685632
900616495
840711724
561959367
840369718
24316410
443630150
427955632
417386177
375488674
327936283
700836943
102695258
309274374
479039150
312612108
1571693
79214213
672068057
70455997
207291607
188888938
571220237
116439487
793835601
85251385
153319102
326348865
172570980
577609776
435644210
124879670
42053805
910027933
517408934
708570408
287697297
125706096
123914606
186104005
217754477
12891522
751927975
241262835
487913593
192694313
666268410
452185897
135418393
56263637
757290430
618785815
145630799
522044214
740108540
425718039
455481288
647761645
12665806
755197271
423925319
222264307
866391247
315017913
530477062
762786579
241947320
654373978
348713844
775821911
587440236
90302936
142432476
318844354
304750523
170740690
26210169
357699806
831300386
458810407
446718618
536679160
306047176
663524329
443325299
708210228
312186898
102599203
602567049
428324555
757720562
398968983
579792704
62844757
696472082
433027426
346369751
931861910
708279036
757901783
280910884
202801255
819571659
661810800
214715128
738052189
523045087
749429760
154171585
182676980
91905307
465950556
260750873
345880338
474320961
359431815
732761778
640085303
265212733
482037799
823265525
513089747
134868192
358057288
791206814
303313286
424957717
428089240
431601820
248373804
139899678
976914488
692917012
577093411
113319444
155875475
712467705
748643867
336070988
938201570
678365125
286874299
260022505
25821036
498297694
341067082
9746558
673591445
140344518
581652200
727941227
900672929
505890006
258787637
421052095
193425634
621032724
85800540
623141662
307055966
428525495
349873067
123919537
51024675
432896503
673412638
849686614
628759198
58488954
658744729
23341513
182885803
807087722
591307050
63127449
258659873
510821944
607317980
485778269
47861757
334112155
211517755
209313163
555964187
621202470
869150194
103619480
621982350
462038825
927247076
10
417316888
7451018
627772853
456364394
55442199
4554514
731680971
40618475
774113315
400578840
132719798
577585462
356005448
763626017
412381783
644024029
277292287
754863446
874285427
905755238
583905008
166389203
943511164
361630264
269765492
120321692
149905015
531780146
584420010
490653458
210178801
374957530
131792543
309913040
370418125
230359838
645776400
4732710
957872143
218853121
824457658
375995894
691485212
670202941
866628887
642607505
571457493
983540206
706063092
439253510
541237838
534134001
822387332
357929073
520436434
908884752
329951623
809729848
754914982
689262693
910946757
724725866
457557982
426230327
254681031
79428811
392676456
842221780
461941625
774263423
429062
454059392
408982617
711074526
718586785
810853955
869870718
45208494
361253648
191745314
872040469
273581130
800186191
836224454
481007362
250365409
136605159
528741379
675397948
357509259
952772451
412242619
969472431
417499337
687356195
229587304
197718691
937569998
366863493
652591193
741973238
431923678
487232329
944038916
301096359
886526359
923116284
290839173
33903218
239657474
200978711
677333021
645986818
794351356
746692952
140565769
601351684
977781660
395335318
904032782
190979696
541980378
212691221
66610437
775930460
414053702
526661789
123744659
546541256
651278960
733941127
400682622
844944268
106541750
741270771
982754190
276484917
715229124
603047681
696325069
721459413
143899575
706645683
211842888
354040369
429157465
68603834
453911846
33148865
683088790
27166347
628926480
639608883
852259604
118784529
343633151
428018378
533871655
786331065
649224708
806055292
884048352
782644552
106096389
952464146
936625032
943315712
2716361
713515934
22968376
212335552
5159718
346269089
208335959
853589844
566220298
951971357
631036599
819474232
726360434
50301574
106595833
356516404
617447054
263666602
202267706
587945978
239561472
60033165
221884307
499309799
728828263
576616530
554917740
384152110
367359708
585028990
640362358
675648013
932933784
504324889
476465503
479493969
920397302
8899980
776652779
935901138
105149123
893266750
492316244
670958262
922877455
705469462
588116253
505207542
752363143
591132971
681515691
595944769
306983368
696121230
862532914
500388834
130465369
175337479
364053216
854756853
842637530
377191248
582556406
934489548
311499680
160082224
273141795
690719470
402786673
259536193
954054706
570734387
48985637
533705317
21749523
74945336
233532067
903882258
740254577
555918050
147210021
447885110
813379732
739608176
859075109
385383330
958718567
335208584
207576804
216460243
421030676
859716290
870962181
865009412
169610275
505779941
746526443
828821442
890543743
713879696
880047188
134429190
944921952
351260558
154475271
30823339
421237766
78225402
895423262
344885376
324535034
300654692
631932808
634640121
575408291
562211914
882620686
646326706
376146606
298711911
200115560
594631187
452744202
964389016
284907762
654531828
418800486
774555273
172082827
194876745
232372434
697230512
533607466
374464400
409077566
114891632
416894936
258846776
973920234
127231621
157200932
508173106
590357984
332096641
598350796
636473590
781716356
972889097
350733362
630615022
125336769
512865228
865591005
84693189
155175972
90564304
859876166
782000819
467428800
84454704
722239428
895034828
891201983
789649055
680568689
670631768
948178730
316839681
278822113
663371661
850235039
28442567
445119787
385319244
380454178
580088995
694638941
319317229
516636098
191584051
706920686
742586072
919420281
113328891
562023895
515829544
672810319
658628308
196588320
809460711
362985754
312271494
734883231
572823272
978233053
201330529
860658383
930310063
450970357
39323161
967645469
166319328
133167176
75483499
544943712
346268403
377095446
712425520
400307412
506318364
293607932
215054531
825727550
769175636
542209250
51538073
520077171
807076903
972010496
732530540
107663008
765974468
361051526
808441056
488777351
587562608
407662202
155885744
78241410
77402392
803527468
924836498
884607546
373610551
154348679
588866336
357718792
948848985
25578093
849273997
181695938
224308283
406218202
170098048
777948164
763031456
492550598
336698564
533948619
410909648
312714984
184549959
229535021
314493168
394572155
688894886
705351112
111909049
684719045
740566023
253505286
589909441
943641767
848712704
438402218
95771129
93086981
906527809
443192636
265485133
954932612
741270771
214988060
144268829
183619213
897897085
450398862
978090636
814830819
965875271
422143510
49817173
979621221
416726762
678130289
767835966
982661807
589813971
336251771
806381645
758411432
702296969
669613950
93097512
233737488
309538387
135359254
720710291
780629561
903367926
6518645
810647677
564267940
32699213
163699688
743353233
15796269
78086534
269880595
361279222
120544516
462130691
51086398
163047568
512140028
712494509
165410655
948908000
566860635
347791193
159730778
16356831
984117237
25331619
972006889
28255756
413089711
78241374
438911638
169268480
844130629
877072967
469466975
865165164
275879147
250518508
811818523
795193328
408158283
118664928
441404612
612036756
808412303
103641450
394966675
703322693
286856165
439166788
222128730
490080015
298262347
332190357
6850980
746334508
247507582
470403569
674491185
184611448
981121804
279252054
583525984
415471227
635930737
472766991
83102103
536623192
638323924
29284163
770765471
121373348
820279939
921758483
424435899
155294592
722022814
121330636
188071607
927826415
979337649
32756581
984064202
436727173
526725196
733070880
481147513
973175663
970442200
742303262
709812904
536744126
478115109
836998614
800695258
150588586
358211645
588958385
647075903
939267604
541878906
285505722
627489059
769211347
124237977
34786853
279576790
413498273
24011601
966986199
268981659
69614681
467423696
468841373
65842624
120544516
517213451
199925724
830624048
115420024
778557945
738892695
245183176
863818144
124606648
957002108
915002193
913623004
339699829
243358780
845221045
112109362
180019083
908969562
557887167
480616473
70346
273772669
384368455
5919713
199289113
81752687
452812892
235959790
873435174
272994828
979249214
913389017
439881557
681433515
242873041
565145883
35902041
705524810
885035372
585028990
574129956
442923869
922246375
190441581
602904867
370541507
590594456
678093166
80932498
902513037
815383807
139354430
923530017
401971680
495744451
575273573
307098457
71874593
118644167
148606013
824573065
135568187
578670883
434273743
482951486
753915127
222201352
2820725
738653075
219958695
474170614
97125127
52561419
819312212
278336066
861200711
528946537
915433047
590843780
804433975
417024874
111402547
500388834
20207514
292613501
44809075
632896875
958407053
920488076
67601410
137532826
327750849
728221485
939295825
875346574
196672500
423439769
47875271
927481352
647390656
403967703
401896292
567702557
465909861
471773806
600585247
750714743
55226012
249713899
884101393
16173297
7600359
708214283
134604163
493128247
978216207
906796848
707104121
411142906
747271097
456127023
658830278
559172284
340157684
42910896
764143854
79029780
280248773
319297106
949468879
117877985
284340383
254717684
758758120
242180379
545802176
244134200
187646687
623185567
148022599
451214841
595694456
455961194
568520431
731221938
431323595
656185600
625024139
152722125
598754341
731173326
669143511
15263311
548178607
171975524
454731598
139770333
776009619
801921161
640540504
954920551
342963266
904738934
606679246
243239501
223161501
266687307
717779632
154920310
343767402
564695234
247304566
532441655
906890288
779587413
14639560
380308974
279888544
742821399
693541797
402956487
606406635
607775658
677942487
590672662
527413146
67690625
891236340
535618445
71175186
677101305
489933297
265926936
739441310
571673194
351582395
890372450
738821497
892220404
215140385
912848456
613973666
301204688
311125856
895747885
105648799
530812308
210410979
920700657
846903728
932218982
540192309
331022245
291858011
439033463
104034956
550251393
848742449
718286379
119561095
981979654
108010583
119902910
647588656
526243146
670657161
763077103
486099489
593493343
47650600
716114557
978931496
544879188
434266548
826805783
431778302
318438824
919560411
791491141
180486718
438372662
798315458
841002360
411859315
179503884
379674373
457597751
524331912
950980221
174366422
593821821
727585497
78606366
55411133
153048048
85418573
765579391
601074805
268608635
510828349
876325898
527021721
798460436
745778188
235913740
887867439
81303585
754062024
971400141
410573760
553934621
230890068
357015691
915386516
422188452
89179809
866494987
321748639
383221789
927673893
690195042
773453048
624826617
815820767
48066986
174018849
646936465
535416863
579331843
234000234
196773078
701673292
358603618
502520047
470002270
409806480
286725091
510917229
806657011
812365768
748579154
827411872
155279937
360624056
101927522
578200942
817423797
568611704
383545133
495708134
283410749
248160427
184887335
90800814
560600135
146227033
660591734
713987982
302939285
448636929
790847092
353938789
291247087
190013520
555483473
652409914
811594477
623528238
780534260
899274589
482365013
54421662
154230916
680073906
243634218
283324537
876182875
896861682
890757496
738934153
811511809
474164882
717166981
321090799
955286507
574859463
731481553
931682336
982179948
708597649
242889510
115443398
446741622
25097482
602927413
962736298
517355689
92316743
120040647
746798545
523244326
985154892
450936555
909908061
659169538
786358318
346314924
178967608
61765530
531440155
124467617
735637544
379854410
533616927
101744804
36823095
940124578
151583396
242136148
901846750
905501408
794371527
623879764
821826417
55432489
393427014
330861926
196499117
309385652
404502989
977754073
86958027
557158107
195932662
38086648
849285094
521276692
52580263
616901369
739966335
780134887
649032501
667019620
922188134
758297780
917831425
140711210
857587774
625242252
211719702
704286331
924576922
766025264
232387412
379829848
520989482
359529287
835686782
75793709
64411022
218777848
986050652
414492848
202946547
949282491
167068472
775452265
815012221
86187531
131894412
110087279
189740798
462800046
497734629
943947857
216268831
651615407
466801793
653741907
376834908
282334914
747993804
282910263
458740672
694139002
26805207
150050117
805236993
911222578
292926145
507289264
765137094
654847024
230967028
540937218
77547979
141147314
469466975
920518061
772588555
40272885
10836587
40004669
858365119
22
494983456
4186510
563207891
938588345
467444696
645862957
374225096
226767186
325438535
916168297
33635822
838183189
703812226
85696388
109623323
752789432
864711524
980076610
149247077
537424230
630469580
15471381
870805641
972978008
96301577
294272083
135980524
842895978
874710629
195334188
55032492
781086403
876440104
74404211
74228189
528159441
645317301
870478058
449599570
985500037
386237500
83477795
452590774
63934013
520915259
106020620
714449308
223126926
284576731
679970793
836323261
80908973
822375552
268101374
868350398
351593527
269631311
177518885
348265717
669574884
668635816
223119654
702445773
922816000
928693304
334140725
464695030
117481873
820216414
305656074
102525178
865151318
943705077
435819046
710081949
89191210
83357872
566848916
661429850
42394197
842183348
782813066
962767750
232239042
961233542
243642069
14193162
322801350
99148687
677276811
886289257
625212195
830152495
621737717
907585827
663492545
413498273
783481358
246138402
561651328
781091413
92926775
461773586
739452322
499094961
781092903
240529357
875208913
235371545
646507166
512544583
668099532
304017436
414884000
311067477
905971604
75585413
793605444
598281366
316848639
453331617
461371557
480822731
142875056
337056411
198928160
445541649
538612027
286853975
915247890
243324726
708779641
727792342
119547985
960933765
814143371
192471792
737535054
494672819
936738115
889597946
298952109
548145163
700284053
879095073
3686616
211234513
742789680
355135479
155536434
671466058
343260235
92383594
726183760
585671944
275259389
663316590
561430638
571972836
282422382
141851898
885256888
975336943
233109128
789733011
279888544
695429020
674402683
519535580
313159378
559176966
315813039
301328168
851322135
856183604
83139384
546750320
851719021
866775324
91925821
529561616
671772142
478529541
957891120
658444994
904939572
334537789
798277110
349540479
75477449
637125388
75967475
45318661
486917560
683487908
163327740
38524261
576094760
486374384
387133555
525062157
714572102
197080696
977401407
466524788
348004706
543853357
752599373
637366869
101462862
684934516
4860974
757059868
791205400
32706725
774437097
111178393
783865805
543101342
524293173
566049764
414332784
250258163
98735815
839669581
775452265
778221858
309287603
538712278
76818531
686994110
221856793
628302150
976138842
126785495
251777958
303345997
404394282
49687282
576187313
356583791
504193962
964518722
395304345
739561216
784237758
921629839
497026739
345052770
604021772
33178897
322143749
276092253
190863129
261836778
115369683
976718890
946461494
394525633
105509540
338115769
167797581
686704643
589420177
695309807
223719616
612351048
449589619
771037943
312887005
416943934
590212474
537445541
443664161
632387027
864985051
226748331
894171920
219888246
740874787
428299991
757936339
492730502
532642164
80716878
250295874
697512985
764431400
658555513
381939397
656735537
153980379
263611465
649410862
825538919
56890764
262800729
885116923
562601269
931459404
90282802
30823339
278920480
670959253
305083368
661713218
836887555
135984695
232977531
596012347
695739418
472128666
13079143
218088872
868965540
23788402
83380814
41942177
649793013
223943600
656280774
882882246
499191241
945294134
598316388
147736119
271755045
373191292
191025693
612180725
131224793
855753131
787465770
306128873
400849466
86098072
487408213
929690372
388101723
109104272
720387846
518584733
788117529
320477479
169015425
810252317
893928696
243308025
579713211
813051514
516894736
73790761
792192146
154981016
208666281
116079035
331860062
725062149
236977483
962793515
381899816
527291058
628021088
58881020
414528151
211367131
837841410
516623919
914504705
937904966
337744142
316165484
516750930
964972295
188346080
397603866
431824130
69995012
728334260
778231018
698541658
79028613
131212871
788551474
464875083
57765648
101822171
678884157
646870063
452812892
667648342
94021758
361733219
890747771
5130908
655856673
240621121
931507511
499870720
35273596
895343229
166094460
30232622
319724643
314649491
970760657
104752631
102071313
229249307
190155804
788920254
68037711
482926539
743737894
425334241
689029802
915949777
913995796
403655832
598668360
186425827
980142299
547970908
257741228
487342476
468565191
980377421
541206303
416943934
808154131
49265022
784523664
740420559
896703111
154475271
811846700
188337397
900650818
6222367
504287706
121106457
936271047
228997507
695316035
720334702
7029631
645278941
446516038
790758091
351916071
860242940
659842625
207294623
297085522
499191241
302939285
872041784
947790434
43290345
851599470
488111214
308080345
19587076
243666161
903392831
915573242
837729962
715335823
706505524
785936769
123600112
120723029
336264974
64737800
759289803
449304304
40447728
984426950
979606993
808168749
223072714
779259274
481496134
604721908
658820868
547518837
715300083
563758831
198171226
83380814
353245488
757997780
646303592
532416595
795594630
114441750
145923177
935967803
107856076
236635277
379523528
493777370
745443020
198412630
689923360
97714925
307670840
295827842
702727478
979575554
337466858
12541955
278449771
206723751
925757960
23408082
501254554
211812955
63802702
687811205
901706769
326393004
943525536
122673555
474217735
113732433
713597827
237622452
87856028
70653303
577213554
369783178
943426279
955232068
314935072
638700799
620468565
742417319
472838299
881466048
935043132
889789299
953188580
508985219
520224009
454420102
503930498
890399210
479751138
780852716
409301376
515487019
757200284
623107605
85470608
793347765
774086039
533484005
978945751
534781929
360993859
715335823
35838500
377331060
61099765
669483803
645900511
968807768
580926530
421963406
931696824
631220622
282579035
779944531
455173066
803801870
582510579
607403747
449229265
692884273
169863045
497599114
832906007
973064505
490387779
699272517
554223936
157000990
546557665
971322742
208693834
508297494
482962108
132297300
314957818
160379251
599651702
525837650
487285115
170546633
893192935
604482146
930333598
341199513
933941441
617540205
637475031
732783385
121674063
564644611
270707211
894630615
729285133
294678643
119151713
423257296
574324987
176734600
343100963
899183888
350785339
625814900
386979294
107499257
557377702
957933279
946004854
343139420
181710304
881517643
802202292
820082671
43892140
764332134
795077679
284533663
244210493
248373804
580426427
946803172
158504316
798258797
290723740
127712473
493340752
342776782
836510432
674058033
595207076
61155680
774137558
719714935
848711691
519207288
479751138
907452528
412533405
72091399
602936884
591469038
337114420
445868914
938158181
513345649
7391012
475219659
251197750
820853450
403255463
127636391
181138459
897897023
965015552
752770215
402078087
381513568
709308932
693418959
21682126
256156062
390189357
454791431
430080231
292902906
788062635
533771745
443325299
457848403
348497433
549657650
495729712
574211662
357283264
606643270
209147362
173324624
175383607
50198640
504574856
92721583
821882142
446157446
177984054
518991195
183467601
5130908
45418235
618847645
191028597
936764573
961596734
954156740
631635472
256452657
730221988
512788883
660721553
410573760
587170330
93482624
74306077
246721330
6242761
881493103
481506533
965373145
986418966
349266871
691866955
970858201
142586003
715165678
321573643
980435258
710564375
963407604
595647870
252288203
338520036
412090026
779239554
67480648
409077901
127393166
183686455
402160894
761547779
226222175
403213252
648877057
719850089
965907439
823541949
511154315
113675586
674758118
334013837
551362909
370894040
830681223
586898294
219223768
822544258
495424349
171289663
4342467
289144176
17033086
628547504
444979543
883012666
896400822
892495837
393647682
187732660
643498656
424232387
622466621
649658511
618747344
711998681
245623443
519694058
207458724
555023695
624681876
341522710
351188740
851522883
980087391
214035605
546384842
310275604
321480164
673056422
361527353
615688712
286142476
275296653
912909619
821476575
622205407
886221134
271730520
178885434
778583075
270635522
544667511
965015552
948275014
749515078
175198039
874647981
466093052
652935910
905981249
913520267
255019250
335438286
760194941
393470650
92173941
775364884
306989780
408133610
114775218
335112224
917247784
524244527
134847567
431016510
87216801
874945334
64151593
397926113
267774506
21516367
146748596
194774452
784281534
427814967
212760411
183619213
93511975
946576500
583563573
595285964
15735242
627874062
384111722
556375313
497853068
648000576
135115720
402303541
60717904
256011673
413691311
634096142
893639747
380824293
191378222
842808480
622086947
268860588
969456061
695208869
521762010
936693757
777963730
626550882
443535490
550708795
146716244
655002151
162949197
21516367
317505297
581194306
48066986
114854478
794931165
421657546
571356715
98633240
365372896
911721928
473391546
288167389
251452878
221975389
742868475
552701658
353266752
670195895
173659530
910025357
242853050
126301416
627986649
100959712
693976485
251110534
551774508
852292123
657241240
281200030
494549865
262566834
933554235
874289852
730951336
545868574
216243105
979074367
579742810
677463790
763450483
316164609
881167179
745713511
103018415
761950045
315995039
368418796
875540349
642607505
646563714
22692237
813579584
659732560
748595028
788127236
738137859
36213931
806090042
803625176
711359136
931795491
555716275
610427049
477961519
378296874
710065069
626740350
615385656
438876436
313096607
210151613
913949167
526514824
122028256
446894664
376123740
282773818
77963751
275192757
166827440
262870412
243662689
475378338
200525693
710051258
285695077
340515114
131015567
86148078
433800200
90252900
90990064
489404263
608869892
768858501
779028842
421838810
171489148
242662690
462103585
382034319
273359085
245938567
938532489
48631869
100119887
803794988
194875532
805296241
946404896
666899784
179566509
87790517
44399041
18762239
700351902
186923462
345895166
416717426
886213077
139357634
344729114
700352916
338477927
84383435
190874686
920817053
333128725
23463768
541206303
378376527
841974810
822240594
33385199
375070048
432437450
114161566
310911411
434648923
305483948
758176800
700306878
844449640
41259916
462364295
779471481
61134459
178629485
973989715
540182491
850128215
693295654
610320031
850481153
849696349
364112987
682048002
864084564
940736888
643924163
316986591
712077854
244202410
893681195
639242360
694131918
761591406
902001663
930686072
382715162
428174324
181783619
632233508
182211645
197080696
288998118
587524404
345587641
256173548
75812620
182608600
571633592
508722176
129454613
68758066
142889263
416915366
257324706
658555513
839225347
777179039
984579413
317296692
635579425
648499057
297649585
309381964
808591363
265010869
21890592
108830940
376099131
454932549
904573066
418015345
961344776
924329429
769634993
743800845
781588052
933727131
390620376
863520129
197729648
107958581
759577915
56111299
833101562
550273972
89353484
21953992
511874708
270442538
133306655
557973042
275181167
386918329
923530017
120181772
618810770
331550438
296795753
608159941
865118766
565556797
399935540
239571853
502568556
888545086
357769083
203959085
921098373
406387731
309751479
168265019
211589211
260994764
99324466
679931409
379095578
681675127
979973714
959335914
211842113
370065497
871740293
801352147
596573029
493340752
596573761
369673770
701225091
483817590
381222352
553020211
604377312
261111339
921572170
714511793
663822522
486678144
532341166
754327977
306370334
154004013
723483786
939594944
860667378
941003355
6265504
477821941
505516775
93195656
198881410
476499713
280233747
985256341
762267801
172161630
400893965
440709811
955753360
685892723
753317284
970031822
307452390
905459837
236471575
781369558
451353963
838266551
590212474
961767029
249914912
698041987
536147453
433963729
25282316
98825916
569530923
339464798
703735085
741140611
256178044
653640729
406684188
366216259
117509694
493311675
55843272
564513360
150900942
843497192
198255989
984996557
708597649
192367903
115174072
599940932
502948629
627864815
550750437
901456122
196809488
346607449
453896718
325333842
382851723
908657701
956174391
837239086
707306771
275999084
42619125
297894999
567815402
462282955
660100776
357066933
264840463
179380914
746110993
381362832
760059723
542453470
227320943
626285989
774177569
587668664
969654267
356772899
71763526
726625457
841761393
713111395
82658356
546760571
692843112
976403073
171289062
533035937
676100327
205088481
2181870
858928010
38382078
457597751
656528704
182783855
839800113
166058937
547593825
666936399
962254054
306705953
326717384
733851348
653359511
62402718
624015374
186394749
899466119
404502989
240161749
751326851
459369792
449675097
794420312
946476120
395374047
197912969
426180878
827081370
893108944
203138070
604124298
314039040
141891081
380447155
718053003
504469670
137786483
717357008
969201394
485726804
88460163
931392210
56623263
256636878
380454178
2187960
863227904
168085546
774470384
556759623
706421123
236453663
473078804
113895875
702303191
478514390
803440670
290137508
36727819
473569437
272290616
633175844
923364493
753598047
728751078
448336553
818191706
851821073
608572174
632810400
72272808
9481744
481050283
373950012
768110301
68660743
146195982
802128313
511164521
890900317
797055666
743373050
205168765
581832063
120975411
843261868
814616577
146167408
488111214
649877057
82606070
20963394
96680967
116834378
428985975
216038449
424877726
389627650
272285703
479923380
551673751
866638744
933023254
680266088
529986413
797841312
74145754
876188244
318558933
635969678
220633042
654618773
574974576
525699980
862866334
965818474
141353326
915683968
960599028
265817573
886046561
397491982
379392517
460212948
212085800
811606995
42142217
518803126
434175533
752122058
723073351
338603860
671679178
424605590
121719268
98586591
664973839
63396279
618331105
48328683
48967062
878269992
894985242
103847866
761033558
284740926
584197184
605192748
646641705
466191088
865384772
795868913
880104540
730265228
145505570
137567288
206448941
512270949
406527750
809174195
549776770
201757347
905229676
263690805
298410980
281082494
790371878
86600059
101299259
168445723
513964558
612743111
841958119
509719120
849161591
794453366
263322956
546279396
700132492
311380301
909953162
122821244
848592842
285249867
284211347
679740675
850577995
350302874
389322666
843969482
709364934
902908130
605166990
344910280
178547315
69014836
380353049
272433017
60036098
473125157
774395366
743443274
436494947
947130843
971570821
250466295
500021362
617677787
236976656
394721382
981587126
683250328
982950394
161543942
53975666
764205577
23169355
397480607
857506895
443191354
481169366
867075761
870500497
645033995
291839581
354752096
105776172
476428598
234783999
99457620
418097712
979510534
14164227
302513958
957623528
375062383
692428926
344257343
694329611
113751667
102816214
425728988
27203387
448174053
502861766
966193134
204449102
4627741
797763410
246369515
469523510
221452015
848105623
393453796
981498205
917722207
796300924
544982483
430613921
234073489
537160012
265708925
468585045
786093231
639693517
35751722
284391462
53600792
910976069
13544254
377823467
94114611
126543314
387486276
195465349
213914394
819286083
201553885
350468974
120167378
164865183
546192878
220649761
755543234
269114658
781091413
418379770
313369358
738137859
163216174
886908149
760347666
188513400
536984065
99261888
690822333
438217940
806127461
621192849
567682912
230985998
127285789
527451270
476979788
69509731
199289113
378008405
27194950
634755098
589056710
144862624
369746276
810523104
448777121
228577424
680319159
529022337
41061027
37296135
719289437
271389257
855572764
328891152
233180554
166319328
681826042
851776298
644958166
266672258
483899560
22535669
93236747
636767197
384467906
600223052
264070844
648734138
476322754
326376327
319760798
609196084
628171898
845813505
932569308
665451892
434649529
296331617
876102956
298714924
540756118
135114061
286619236
407551102
236926895
432366524
286847902
525683474
161967113
76987482
298564329
547542109
837572273
761706393
372208486
309098679
534226397
863419753
88001289
827599121
33798841
943637030
810725887
57710927
829577821
126429682
388993428
427045058
875896751
455528010
814434124
947315029
851054019
165367274
307660699
425819970
13956161
5468883
350299373
208757201
438219239
516727643
163013088
105548995
239073021
791590423
743950560
649628808
112020666
187900773
705621017
154401544
856673916
407227881
470507325
243683821
695558565
74751101
86057696
881748515
165555887
461982033
695590509
71957230
680783419
726970863
481417766
393027172
164416627
778128271
894673316
398191335
617638717
422285522
530877776
31160396
332458355
289454448
667911632
616981026
473714968
663956645
94599188
673361489
879015618
193627024
396786217
834046610
981525414
28789113
694450697
164130733
871516753
153404733
588206528
231963461
129928235
865983427
18019681
18135877
608572174
265926936
288625265
507543911
17952566
364294016
983931236
441592628
255594301
247893813
314959790
550229500
979764141
203979316
828575949
152151132
459790617
689071559
357423136
867112872
329207952
299748746
248720832
320187641
977950693
848542239
518294232
274794348
493943903
434229028
938208025
603889890
1902822
945779133
408480765
614298803
4361649
140554544
290007946
44435736
900404489
609642698
577033748
115446306
406202877
432674064
64726469
342569176
255119277
326610104
703843300
532620444
548318207
284665382
263510173
782551607
213381148
500533938
496485728
435162513
358549799
887146395
508997525
798693763
862920779
705990671
901066451
41977909
500749636
68900306
834454986
839270037
118325041
92986017
852727651
300967157
385853815
668690405
639159163
363326033
22198142
793520835
451660940
117634090
681177488
18657255
81903286
305930255
455270532
634997080
100217003
744156542
270745639
119436710
870099487
982830344
918647133
633381802
15410658
110281489
771313679
631523942
459846334
4779842
283466252
713455098
48912825
138368405
606657642
854225290
141545453
413424302
862199398
367911926
430605197
212269656
552675916
139889687
78482934
597486557
219946592
718181694
498198932
939680316
223669060
645834614
19624217
939685599
169715533
736698471
221207649
345366390
708139961
633623534
937410923
809738031
781590966
107499257
863880675
536190944
707209642
978407649
164288288
138044126
5373230
661143674
547646916
662728127
244915175
795772117
306810358
216165376
480635779
362666471
878334143
20001202
313660893
431654506
28003392
503792988
767899604
217209703
941165872
125325173
559837342
985816181
725529696
509677433
512430
199019205
48918116
882500354
902005610
218620063
917029192
763077103
71
350501510
914186543
758376947
957959096
929374616
385432302
229729845
127764190
51260135
47843769
20600046
393811251
219860856
828681515
572011981
939174967
558223409
233737488
552252680
535446905
479259229
157986329
334285111
4299107
918671612
83592203
731161497
474108384
284394494
343543144
729479907
454146022
817713589
895500399
4508790
56693600
358700724
588870384
510913568
696979841
58271893
962250380
543944890
579298713
834656976
454221611
194984387
103359992
975668688
151985836
118706001
24425828
697300675
126327537
934077180
737535803
848164712
428734914
783134699
719126473
594892632
596093573
730376192
49928484
72412335
219837718
671694038
312422995
477271410
414791854
412049898
756164949
745411604
688118216
870080175
785854339
221264345
844001314
548009573
455572857
708507397
55093536
391709265
389063204
943595798
539396052
168984743
559837342
622893065
976664954
661525634
177802149
1793177
207294623
967764825
378617505
819047404
334786423
466271296
980774677
379183950
820606575
609463847
432172077
80954078
794940429
99320214
492478459
931755975
222367805
409673136
642759842
656437913
849537449
921362684
449515603
701354169
833760702
90434999
33840222
650155926
864451877
58396958
162513950
190211393
351872483
946868505
951512835
83632212
73970344
920675727
571907379
614945957
128102443
741406927
52540394
50452970
922322526
702215929
835841902
625141094
896018814
483033335
707306771
106478378
110219880
115498025
373303116
292109671
633661741
542717792
951573280
195244182
196774072
744121541
945615883
620240553
545181303
686949363
822311550
37126386
798305931
722112043
779131796
364446269
452018687
124922942
90337454
137598754
818344625
742626340
904837083
731311860
927973018
954228704
331615319
278402307
172022098
499993392
162512042
91783419
243406133
127998566
315414554
646870063
295504749
870199953
164854564
356915040
102999531
486878864
822593789
463788083
439732851
980239356
913579422
705038906
857995093
370752294
243662689
9275742
723777861
550487582
383983956
727657451
146882614
907766479
467818375
702467376
970577386
125341347
194383390
697352919
421510019
559172284
59215785
233938935
961610689
116024512
22325532
556756553
527366250
728357640
190870076
702577364
656061953
430438859
54248800
105445109
488624416
227157251
965872520
801794831
968815785
814183974
894810646
969602023
713660510
820158755
719980093
481045346
459173854
128988002
354674077
688390504
535165210
440691341
594854771
227244725
597356399
922322526
105180230
587471756
810918561
785662079
519515507
956647601
726028182
26686422
976704050
181462889
589457533
235943799
187396746
309579212
317822123
744657171
681205814
493308946
409602322
247010915
260348223
340621894
893120173
4749632
660830795
270940177
524503552
745117740
925405057
920114250
882547302
383114010
157613503
442402831
398047678
730031887
728682004
490281606
118037588
62760969
424033388
140474343
325217609
53932543
461733786
98708972
488157526
147405280
886066764
822710681
832632733
439297039
670892835
679991823
227456303
587440236
345289915
463722233
485599155
160216796
854543504
346885838
91669413
509575621
821483748
721143112
308681818
380631669
531497733
352427684
744679628
357314488
163808461
87108033
984244649
273333558
743451999
631304298
489505108
265924685
488793232
431479007
863571286
736808817
439757122
286361842
124107861
258659873
55465610
981648027
549248924
444608453
298808726
190609643
225144387
692747117
858101724
910750824
309957711
299209225
856439679
691648928
469573211
497294611
787706584
404249769
271787456
582526662
888076246
211837297
912201513
819470169
290829584
5912511
362961513
63599506
343633151
327933110
395304438
714450936
874582393
758586961
325837688
2841143
400046169
93922549
840332683
544051554
519400081
939828788
438715222
26967424
114399379
777120342
738899685
921390903
539323526
307573635
723431837
328017173
366426812
681217082
265652556
514857234
55444714
904752266
230535299
713217442
556259819
86197760
889897405
685430553
693649726
422183359
161810488
573199068
449828026
887137848
318147127
196765943
386981620
574231768
257333638
529946531
456898817
463346117
531742926
859565404
463958729
164817614
794020267
778492943
605086515
364939928
104357751
638380677
945299947
477755788
886318993
288797410
290133934
320221328
689050244
713635785
936623831
852198066
164619162
799637123
289931617
59096325
873592426
877411424
239892475
731606458
93823976
670199194
426230223
772280846
230776067
224254347
234750118
21775706
668266673
866209150
407062278
823239924
949846452
744726034
933324438
263032751
864762389
613323014
891909410
124945486
710248146
34128849
753100802
768703210
485726804
793952086
677108446
506831828
758442360
152796169
827691264
388642000
647323799
157174608
780796986
701204193
238027101
851676961
288352170
779101151
243531220
919852215
813234831
657494160
67365450
430429446
708929159
929390979
350527826
828149737
340764402
675025528
512036844
639242678
614221898
805551034
775767034
296932295
300287653
653147348
759926712
664363003
171975524
81558954
276779185
122399554
38036094
876541003
270064694
302801931
185330901
829494253
235787358
963213833
985889515
853459760
446084873
746781268
367748882
885248600
966671189
446089442
323255844
441693896
736507046
270625982
377946159
758690340
770318592
12108573
472141780
530563854
673652475
132094391
141175868
375391351
449162868
281313314
139147793
458277457
84146783
75256355
51862629
692264152
196274270
514409570
927098374
100096535
113716776
943426279
875785300
740112519
240683512
203990284
223268264
451721065
230423577
368799392
281008069
259898325
921345765
756807938
200891946
283233348
628035664
178639373
274965356
396000956
893132989
448490889
363096911
808695703
789260405
631968249
417456147
519345983
932444438
382769168
342827235
259163804
108586710
126725718
178472855
107915519
265924685
14114778
129939606
24108830
725890637
583704419
434041903
137365999
364687498
71635885
551030514
48026355
144407953
746745718
67710270
5358957
426367777
419699852
534634991
461557065
106394743
96942336
113675161
322020883
329809075
542275007
894790284
727228079
717648653
216204786
882939304
851439396
150082845
37782341
566784153
69335471
507923926
411597453
391656511
7498374
89850623
872280327
566522618
885796833
520054945
629944294
504031048
745904184
64896508
799962294
909441038
478191091
193544302
367926476
952850638
355861768
775268440
449296361
246085043
879357182
202402390
700055293
255334219
180640814
904568524
47078407
920488076
719734204
930920265
223475632
922850521
333117035
542452562
904160184
819212240
238823848
162131529
521020294
291208396
933815242
612257379
342617830
807635091
830694608
475087187
37126386
826871296
374233712
814824322
918647133
665451892
659732560
669049664
865581882
133826185
968827815
5649515
178135978
782215498
232162600
25175223
164944290
954780805
406984084
622961497
195382609
353988845
598092506
270201149
896697864
963750351
134181925
481975375
223362214
168685668
92665948
275527580
814800896
215124759
207166163
576341899
224042655
980972708
351378664
691191335
476660255
246497136
809947091
878348461
139744284
741661922
355470051
730059718
125668045
779603454
48912825
151080245
666172726
303105318
143581398
814521815
159840815
133470655
691871863
575072994
196767132
903920461
491016733
264202305
368801878
95205838
34695321
779885726
780751444
154736674
907617687
128575291
239513415
831741072
17928908
91002091
142006631
15430
860328107
739272066
533622655
107109353
34273438
778856468
733578766
9861271
401812676
333943918
787655863
866726140
865509227
186190340
353380682
285447321
974610531
740073258
473919960
196576600
21626659
598078905
349162657
462187065
596742021
111451932
652308147
104713858
376910059
33428533
508468419
312814836
332453636
17152501
66380209
540264846
938739291
569323150
127143330
766335958
212628242
271235012
414404066
963904411
935818576
219965675
148606013
176881401
865509227
151119808
81571716
842028926
618319797
193481300
26918590
318997085
526145034
253578635
191750565
778205044
101364942
40203911
611090431
888647377
663813653
813234831
672946568
579262612
915797367
844296034
239016550
670827397
436009476
254170955
11783223
476750709
902212096
103937738
941242333
867922078
889865910
939590595
352738086
489399210
816864396
494867945
522631174
245715510
636204726
736548951
360047768
550296534
818690206
114015503
373429008
413062988
498795651
193308703
705150506
202726587
298275566
240529357
968055901
99893302
12865091
605166990
298369207
60679101
354181928
511746368
839333470
824480335
640570741
323488471
768951170
689071559
349313263
300264493
53711693
798786587
453486305
442377578
460444657
271808017
564503260
365620968
46682607
127490480
167012291
785249588
924479944
180545645
48774873
267163775
469771004
296021912
631916420
725931529
20242165
840297376
501523790
141101222
658628308
146038970
518622303
80523501
773200393
7670773
545759501
524294011
827580774
249550531
794068272
597029101
237121355
717118916
888888243
846312886
545152957
603274964
961418038
812446865
340788190
191813821
762468395
730339240
26802715
696027523
566636858
492723218
755969360
584228486
807779014
467254558
495059172
618996718
123191978
121346076
651979477
693767000
509545839
949992037
218513291
883691951
979442542
946186982
863054713
540928316
792590048
132762874
945660600
235189443
177211341
282807244
167942793
102667546
619820390
52866768
212763379
28247248
359824827
895885745
629511552
979947017
307715336
655815783
183919595
352049151
77976384
970215238
610042300
113529230
758322098
943730120
341309636
510913568
313665205
605942635
625037219
864024056
664248344
9277122
371277570
178255274
278970247
64507980
491259393
627759579
444670728
672225802
179896328
895326017
782629078
19279105
665772304
638058696
582777570
449706480
829569063
729082687
184319769
394483764
897478855
793107551
191391269
531877274
315425453
186943321
493461902
355140807
748173946
188380770
826100302
263034871
492089646
659949557
638058696
758765644
611169134
181283915
258079271
356327667
401431268
824216535
512272310
158788075
951283005
381648721
156200883
805466156
963132710
254585017
35602752
634804235
180852696
581652200
103359992
402962931
281332621
967461834
342526631
474389084
34048305
976763971
201201580
134196518
736131689
738238680
957114194
394572155
882841455
523755303
715994944
58844478
279077825
862113135
426824058
535540430
883096480
112061578
115284893
979606993
648631959
218585561
567463284
736686990
881116358
369692243
757354198
324949248
947812779
660991867
752158959
975447644
247382711
568767679
868544123
276010425
838605831
658828598
109411017
30444610
851675640
139393216
646185505
47417107
935044968
514666631
513696884
976558526
938381421
65139168
428538928
209740009
780217708
626378259
607212291
499595276
349431616
552038925
496485728
698510145
187057253
252283796
267339317
613425677
675122608
852233320
479351024
246430002
619980864
749934967
899550909
523429843
799521790
608228097
724959093
161276219
979444828
120694401
824312765
720317893
321967118
395026896
312901662
514354752
73181816
949636161
865861142
558542624
612041369
305813470
367713382
606513107
719544266
234309487
736926109
208546462
10938686
7650100
802221377
650218184
683734408
754485033
637448131
203553398
645444966
733737896
964433291
52668905
197754849
409131750
218330339
198764674
442931116
8639783
568770883
604483633
428460760
562382821
181658760
468280811
143384429
352369154
395426762
741111614
406106031
330948038
393594989
963535503
983359638
479067995
769566122
560714617
32887381
793753361
154779682
155153376
860441893
117484963
708539356
665152928
542671284
959587610
249216114
521268997
304230300
197499791
38538628
907152174
816214002
893614507
152436645
487553535
583962082
572932266
979753906
457359637
630780229
447585023
439794971
853494178
189450626
32693714
339130961
577883783
492152471
642752110
10123952
836218259
121391965
635744098
109406081
560959755
274172420
302402345
941984198
23061083
877576592
651191257
16475001
356326710
734072182
940524948
171828271
304458246
372593923
7889184
879884517
34869212
582864705
898081959
233253278
572956281
778335994
588011468
130781945
551611472
233467516
682958422
316595238
374921563
682903539
828730336
636081391
194871631
206646980
556841970
753476863
190552769
949323472
979678119
797466472
576751323
390934168
222748531
809567485
452925835
81907131
740034109
371288339
364687498
827315807
96214404
538220057
662305358
822118273
544795289
498535556
859987066
811808582
50110417
168885707
913228173
371583002
431977456
149048257
673815680
67320730
592726670
793100348
856076040
35613116
912066404
132664480
166367831
342776782
491273941
47615284
75387067
719164093
441617647
683471824
318508978
762868776
727792342
155176946
82556610
350895274
734306854
425718039
451867062
316720179
589217865
54305287
739819938
919193214
877818457
39279821
213238308
216401758
771240762
932092304
77254668
277229799
789422472
625157765
394741253
904784141
854578610
58616646
36872122
464727682
42731920
160503091
451007396
641516220
335092393
160643550
759322541
508752124
359789976
818717006
69714213
141353326
415450440
313062914
680131283
376625766
67912315
617760204
635469813
796600424
981122290
588614602
978471140
941337237
104511965
354998745
35130255
555297274
858927616
923364493
706292410
453118588
689899334
546871301
375437639
444856934
277528389
965614144
131841866
741891747
146218
61806318
379523528
448804307
472881074
169184016
593452612
293604868
357850504
618380356
136953722
343918246
806575649
659186007
172969239
140341355
896947987
878334143
777823532
525294967
907079629
970854586
968494438
190467753
546797829
232589543
841980031
898081959
980727559
746556962
581583677
229183899
405249658
898810618
277155229
292458638
913360267
99332981
192026814
730289945
746320204
739210129
268881104
198982296
950138916
768304701
980207659
935126502
597288891
62325023
722500541
869182861
527643237
869802940
687077556
740108540
399315576
610400963
521187182
353475771
575821665
885927486
349225980
185718048
430403594
956076385
17365079
60557959
706135127
632896875
899608607
54841311
579716160
326439428
857369439
424986788
363392325
778538468
507350078
336264974
706251770
816152406
891836380
536336986
985741742
836931489
678464707
105113698
26241369
982324026
479524248
469896830
427718832
632309728
622351644
509432540
143613023
694495863
101308576
809572737
156728954
340541304
373986733
268114117
316732700
412408230
565854116
892806967
151540472
778205044
830403021
580829586
321179944
758270601
108872169
152239340
688501700
815642869
506440479
812446865
821773041
60822986
735052228
944592531
87299613
206902809
764824349
405947003
357006571
604321971
609139006
707112012
774396351
661445659
186492043
329788560
634352125
548831747
741579959
436692791
97810943
257776445
641830775
26016978
709982182
828780377
360825354
259719887
670786942
734870776
734999966
758690529
825771565
386027240
223261309
24925682
713704504
687611495
396731551
811619684
608114424
343689218
227339365
447684834
50287312
819449683
434273743
137331750
912336905
748921637
403926609
587668664
324024128
704367000
841216939
314674411
779885726
811948821
236292820
153010657
166165024
773989813
138714426
644463977
51008686
441729812
607624208
518382522
492392886
159604680
239749984
764431400
184670252
352317962
144527440
828946985
637090907
583158576
61107292
282095733
294611592
146021154
395114756
532971570
546554889
494382976
112337112
365141493
189209353
161814498
94153871
597404174
946770835
173194668
295132558
244158074
575384379
128949655
136293759
45338277
695366342
181032797
138103771
753425840
88146051
87434085
64025199
950128738
408614171
200822248
657897325
853874340
55532959
526058890
786269114
60507112
436292820
819872619
870781116
14338016
700381700
441008529
829707390
470580583
781989839
466851658
179494968
615825716
30861985
977298437
110190332
361681174
778582858
283147461
318895357
89690529
196750059
888500157
537684830
608194245
16344232
936693757
390059165
390445335
730924102
328722386
956501872
662101434
213529983
919247415
31298196
887795861
665152928
264939891
388934960
258963772
208870838
895610746
35128294
756052874
325621668
866483331
711929099
703002683
931530134
737468186
51026861
713034495
526738900
359847333
145330635
979193693
481874992
978997744
653342947
178267109
812585126
75671155
4550368
327835517
158675254
169212335
610074681
507539004
723530844
588133308
123328091
542743419
55299936
583610805
187469177
339255190
724707101
273847690
539609439
964381833
692117461
338429815
4611707
40381472
636285255
388843478
632392545
727228079
941747940
461409021
222959326
551305005
139512062
585258451
89245201
330812000
401243657
216089348
703122475
967859615
954917773
120405598
650317673
730843655
716357377
389879987
825806830
969867604
288761416
36161925
570070597
82711501
797803993
225531405
99630559
761377818
122821244
963182542
148403784
286725091
861839912
935100741
750797156
110861438
312654726
193545545
83371830
74070452
343264076
209123100
540193223
748046423
724231212
352534907
159130683
149485334
466931939
102300088
472840502
528843306
840416072
657927133
236893952
199496837
279553594
74996841
104906386
25001403
859802682
514128399
526963674
460695416
297129954
903414700
394770207
694623866
349767746
950743883
800684206
700351902
406347399
916496944
960156135
218842774
426001912
482401821
107674522
860713762
274591127
560240328
486522024
508152233
67423168
805321101
700836943
575354156
918064343
35706947
203350172
99322724
440936465
10339768
334537789
948852926
507053629
805406817
435343103
168910664
366650535
251173154
378151060
35773484
758390555
399665077
245838416
359978887
83380814
788782371
220465506
811059132
778335994
794513734
809207423
982906697
34804749
863398191
764553186
222510812
812545781
896807142
435282454
214590208
195261950
469958485
649985386
91368464
804147279
398037369
219904409
193044077
960764447
451664055
69205674
831602445
20330578
494617676
190006071
391137550
71800272
924703409
437329360
791452613
585781635
547793758
134417523
7867891
260279834
547556797
444588661
920812370
3861076
611879047
126331004
128160889
574876301
128092438
750531337
174031239
871105704
764632021
834354589
1258674
781906860
729920482
845674270
567363829
978673431
476267068
290043741
970394232
118676228
327359512
876246452
665651613
874367967
233894196
166090656
613067198
838363984
182530129
781966398
123332021
715343823
963635489
140842426
549192635
315244100
675900681
298714924
187933747
833750912
872969796
667609738
362947736
982886770
18837933
334140725
958296363
523304987
458471726
10926135
563477638
321256412
978436639
736549988
732446228
246877588
13664768
377769543
660242656
588677702
41266519
172263118
664900856
830637542
652168209
902104560
614509189
81227114
425137515
213395511
311769154
940831979
803390590
831704323
810590870
510967217
633960962
702303191
965818474
848893356
241240547
644101306
3541950
697468972
691104749
523225704
310260705
353702380
203669497
7083545
663017548
779403366
706618128
835447199
414686574
761043316
937856905
933427436
899927436
126791168
85892798
755727434
449597661
324170489
309390525
623591604
455932829
506223999
589056275
284580671
33798841
671548595
288427083
720744342
695332437
341218031
712129168
579817302
56622681
714453207
854398630
720427824
63493392
807756201
393291999
449660404
40283016
171267130
756715348
735291163
963368275
279017002
565129681
5358957
187044167
427343329
986279343
81117628
398522203
99769243
75174336
37491444
261084243
391759174
32883583
965846046
144959965
57283865
706655923
819118584
105293155
933538685
764824349
515424784
179923867
880754733
648378104
801819104
634275141
35421000
521740432
890897084
887987896
463496822
436003353
329549823
576643674
820311637
496036183
655483351
933568204
502254424
893817484
607341501
96631974
225000295
246702524
417066785
811653873
622551132
954507941
568147488
752674616
966998535
222073443
407409689
842015593
799284509
282079300
746243277
631578016
393123580
607759003
861594021
866905656
156978467
20527490
875269075
51250047
633780647
71249432
511827424
457615635
945304269
289408658
945384318
338791320
706073696
63139046
195334188
928440477
620378164
20502815
307029218
892706545
641294452
90522066
622755394
149247077
146124794
964238665
929950570
384910726
260646137
57181237
323263000
19278352
348417320
644347716
633096427
548009573
732251327
279571246
682391817
960782476
791854841
132299984
256683532
21775706
936172618
424888094
808496865
292164854
531423764
721289820
136423518
47452708
552520291
323323374
521857460
205103689
793955284
135975832
636903879
885852266
896070759
778086178
828373857
310583094
287415324
577856115
32517819
852484801
718053003
872384630
296211156
939181156
54875845
600706150
66923594
829277426
194162
633323620
27453807
372872505
230071806
329341017
860343499
503919637
64963240
20520903
279197437
436247136
42460072
922430871
156411701
273644161
254191331
933435845
164387738
919246684
713602012
310036336
802060226
504709288
490400762
54745818
649147239
160241379
396521972
849089762
239168520
980709400
70151528
193649038
623320720
818746330
460987878
289400023
753425840
584179897
236388470
671537892
722581574
800150345
597895195
619267467
93293071
873246042
707858268
397550166
978675062
803586421
809706807
978861614
163431700
904520681
98657467
817510408
284713490
365920493
758765644
802320253
208634590
91368464
238348066
858731777
669881744
407804946
440878685
563363524
417016100
237559571
874485504
673717885
850486112
982661807
135640476
961092273
588547569
543785216
901183667
27330093
683021956
922877455
421159814
468107974
537537418
815383807
50618041
672481017
858732973
204714236
493113449
861802305
113592467
593916973
671772142
22
802587875
812824634
45633509
415550738
116234017
546449378
362011150
352049151
138282987
898564761
557250942
963459527
787094733
378730179
580099848
131777321
388491877
167166430
672498917
160917054
297786198
2082881
378352046
106193799
732098293
710860885
844463423
26123850
18903326
886715908
12891522
330870241
492972401
398573320
444979543
288653637
632311188
592819147
435773420
296585821
512033546
395107912
218585561
774961283
634926155
613090659
553288575
581971862
10510115
291239084
600958123
388643308
674386895
913431705
693137408
628025423
970050097
468696000
817433331
440541346
609506932
114848634
443775522
546747187
947745247
342977548
775931188
778842542
697475576
835531146
335095050
836931489
195049748
881835386
286805710
644584821
863615331
542928122
386524472
778216124
622921665
588589238
292871418
177041859
474906021
693650092
727228079
758307957
304837723
192441132
311266505
13544254
7321903
96742300
122668531
440291801
521744857
655837427
396399034
935696480
105100345
428067363
526885424
840185593
931399623
613792803
937985114
600128237
275533787
688848370
895500399
598205983
541189390
667700136
753936622
587567253
641362614
105830305
859427221
796726505
431323595
624181884
766049545
312422995
586910269
940156844
732446228
445932101
622450791
619552083
63572355
179929491
424408260
852625484
934580698
346004761
905111747
955528831
231834339
599120467
155453308
194162617
134269016
370950685
772121675
816507646
704312380
86142628
401841210
657780591
458446588
893994375
395293424
377693635
622522307
184364343
801588207
967461834
538343589
274583372
593792448
44721645
738468540
40016755
939022681
650449175
35134332
51275087
521601595
154620324
546022435
836259930
673717885
885860581
681128696
167091849
498270516
353455085
553325144
281884909
891447697
746140234
773545146
908965476
952458833
208966788
829258279
891488059
387552507
448617049
99835424
946336856
279708523
387028563
541814532
16255638
687982600
391126003
267232753
560639646
112585638
742416055
200698787
136426627
558658606
505227669
852510974
109992197
201949437
186318048
705548078
697300675
329697357
449422156
289418355
40746757
952102635
255660713
126039050
810359932
151106943
814520985
441861818
820307271
556620671
753717622
421127251
813517824
730242553
647200268
799438677
362972404
703828946
733592435
950643477
648653758
760292212
965385146
909986259
800407758
615058289
105536945
873365342
980805349
698753949
116153191
578211668
7138867
540145840
524814999
9046822
302191439
508881991
14783810
267360083
383405261
40486635
193044077
395992849
522470386
400635788
471116616
968589190
763805335
522084449
851260372
930886367
423396232
155547334
553928706
123666057
132135677
260762376
145314449
894328343
485589294
729130211
671423923
646325434
504340149
296308216
521098383
237806714
466449237
911703020
182801792
90217743
593801417
487697810
596929485
882618203
231834339
771027658
713543417
13186985
821450251
472838299
571457493
832647596
435764629
327238681
658906469
582742634
736924106
158650528
824457658
764939524
543000347
90861484
751234857
735209383
262952080
4611707
336794001
642284901
388381790
163377265
952284415
773086786
124255741
259361392
760624167
619272970
870914180
367230935
19819537
580002199
705775237
894810646
726544176
483013635
464983833
619206401
147855177
618285592
535192641
409430628
70774403
196946076
698855839
171991790
896849919
934234943
185105899
683857867
898571863
581268466
465877790
75703202
324137438
756562749
566086484
553352738
126785495
884246763
142875056
212576576
902992964
708473493
234482123
562678159
424745335
448534823
105482217
78757888
347862289
197828465
740354737
11808859
289938562
355296100
969900791
836029536
672225758
730941450
108039782
934255912
118663711
559415987
688544254
727243806
604786143
444247151
785662079
812168608
135760968
321573643
627496398
972536624
64113800
501571685
238383268
459490490
658751090
964900460
944483505
262518071
77425317
292178390
98180736
526934745
630302379
269780681
592031725
462187065
708356617
907730303
495059057
639232463
859443023
945008765
630580404
416458991
506424273
4643706
188732276
704461257
508838499
464262913
353951681
929301857
706609197
94509281
285591557
534213005
548723336
334013837
196173551
7194846
409529463
284879236
424986788
429174830
102495103
282853400
845941990
204333602
562039692
872428974
952458833
739478645
60293432
675142101
528777537
298791098
679869042
761418908
577548410
392283551
818614852
471576353
801514440
916345619
113034031
857409635
488639058
869330508
478416139
670335153
761547779
108398498
280150025
268757465
832148483
684071999
421723937
575536654
212987999
198251530
746056879
194070110
151106943
411215010
541322201
636395847
507367320
120147921
460005639
382153364
265104871
818519735
693670505
820816634
411365993
285783125
255859143
34786853
476234936
277252838
731446942
897430109
477232823
271033556
138317144
860569604
476369889
536570538
174123699
668893127
425671156
908989766
9621357
738107545
637948604
314787220
681492111
688275613
124313499
369724968
924584590
972053281
77895867
960584761
676452699
481129784
805404946
36213931
82273228
507969246
630888518
76465645
34027927
213825278
64411022
521049316
566312053
744643318
440333051
36461287
470807322
334437167
582270418
707887821
794324416
602889168
790675033
347109812
796512414
730707018
501254554
777599553
509548427
538801265
339406788
643039077
89448609
899045244
276420572
777528258
213691917
649055763
4883196
611754217
11763174
932942224
98469494
299750422
303644656
729590377
75562959
387874891
318203678
897536537
121217304
540828539
636957960
103829590
258413718
529524171
12865091
297220389
692739679
326524037
649252344
955388204
292114420
923203110
369325486
607323182
271441753
620240553
721296976
161193367
417927687
931598910
553288575
607399285
51008686
96853394
925859217
477431150
448080574
889912727
446921688
660579665
8859519
40232751
109587451
58514654
652103874
329440073
756607481
656356933
41393488
665733311
589510775
370801466
653664424
364112987
410126564
442059889
571047925
548092265
532529069
835284011
442400534
834179375
428766783
556356496
937313474
876018365
254036188
110826131
473019094
118122266
878630061
560721950
34041533
671429071
755155889
582034535
771272340
123473558
87979283
659213343
49431133
755693322
785769547
220415759
320078280
117904503
385957523
509967852
129935396
541839303
262518071
180073155
923223074
177356233
371135109
898620012
656285250
686615126
148931317
168685668
381271313
641472352
57866171
617318145
954139522
336264974
805277537
152688578
30599181
401662142
600396457
485625969
267424954
479682784
790673104
379832144
379008575
23896030
1196334
443638828
284263046
940047751
468554718
704682354
752309822
124922942
962918069
466317613
339724842
754589978
212610065
94876117
844697705
670570116
964011685
293173522
911222578
728054754
219302433
755293531
725472292
978851665
564920732
762148170
521377814
806479520
209954064
257902697
203704597
323758286
34547387
442734124
216407971
202267706
912449852
329210390
698150434
882051444
479341639
751085258
80608164
298420423
286033864
805869976
933942664
602735235
298270641
747641447
789163404
331254108
860073085
829327183
369420262
550263115
761374419
956477831
16773302
403282099
971962097
458517256
576237137
754497793
756412912
93209326
30952496
668014431
597259700
491197406
896876938
546461938
522237102
9822335
679080609
260716277
494721928
552078316
52540394
614735062
107181621
954518072
958396995
113254716
905087799
157024828
88734169
392936827
358836897
291816195
952639254
185425555
340933228
971323596
76808651
662681444
495708282
707098202
497535442
205126594
845829856
947870288
60411345
229183899
449175817
868444148
154348679
502291791
238362403
907074076
608462989
201449306
853494178
394665247
328940626
300086252
194984387
163844984
815383807
720208340
465133801
270476580
2627209
617257044
320582768
715841229
376946382
585470208
140564467
721942539
789392733
655108921
387715969
600958123
668099532
17033086
939861592
776602457
417766102
61382127
87591555
108689233
361733219
16342788
66795260
339335625
393747458
170211891
38446103
331882624
841109254
635100194
904973981
382917617
844979261
265320587
920973904
558837717
32862695
224618351
559669562
919945980
808513715
670216921
883537520
593774548
953728313
750886267
486323100
532971570
865828421
653926745
325587884
477961519
341309636
516946456
919736222
204725983
962566744
685378675
99120140
607630556
239832275
104410320
82208223
319955814
557505924
962416808
240194644
411724185
528577044
44885996
622533011
389942116
58797170
4834825
657013728
950699084
796545982
843611253
9566575
264284354
700633984
164100757
219577775
907738763
842782764
13558529
326024763
281520736
701382576
55299936
866665442
46051136
686113767
502694785
428752155
640314955
465820351
83642791
951573280
676742556
283676398
587629769
819925009
402190754
75445243
566980095
359063339
96643790
660579665
942746882
625138042
96631974
639066373
544537289
705090238
620065445
769634993
771134348
152688404
691473002
984973091
714437042
924021770
342190363
368825022
901078836
691568663
950804972
589510775
351080492
10510115
712506072
239559915
834863555
296671957
885392112
238952301
479476681
901044180
4732710
351267934
208307998
230100466
603779586
838606462
587644952
697402284
384665794
41588467
750315661
135648033
351609514
567962718
12694936
914710706
967468847
871920273
758970768
183849069
333685004
27589911
287645365
86106958
102448587
667911632
416818599
286988902
290007946
68132596
323704830
755463488
593801417
850567123
377981814
327546419
267774506
463333470
418029541
690115711
379918834
28460659
62044688
895290660
975668688
413497238
765358178
267682854
346389035
966815925
522753156
55897394
122137636
256766449
580828823
59333548
268585821
54724274
95485732
674111950
313961985
705744973
694085926
67466206
366486417
663465808
760988358
84168401
374257841
519907700
265119829
481253541
747531370
506326090
10952585
427571239
804342369
644117909
980675003
60998016
53002603
379175035
627737046
797939778
139820898
746993860
326439428
71419994
484820472
7345627
448762660
681433515
891509198
712834219
206061165
438489223
958451338
324031255
705756955
602631638
469485529
956950150
503556251
869980970
978880039
481226736
410754524
698470710
313237250
785773086
831171818
181435791
833570494
272557589
561391144
805624103
179837002
968753331
638039462
530563854
415566267
359054412
636657254
93255580
889900668
730475795
50799305
79655776
510450426
363937611
250252263
49680607
959104918
563651879
55504295
452121122
754002097
507394630
831795730
624145596
930775998
922718470
938678898
59175119
592058664
631150637
538416440
378008405
140738209
228354835
424763321
534259879
264704484
939634738
946308081
328724659
163262024
918898637
715640053
368697871
713532715
145446961
909340172
527384819
913009839
951391511
469302419
912051407
25746716
58369164
12738980
870656528
70346
245299156
231076832
550766212
272170225
10573106
492209679
106617658
605635761
237632945
764510667
470343312
25818469
562948327
462835562
38977294
636221580
906307550
946939572
531059674
648452989
945190741
844082722
761681008
933992996
744790311
427257652
938662059
63943638
417220303
957125114
643924163
864567527
438918261
322453206
252665812
477734371
668354245
55209698
634560896
363641169
527622789
631171546
575969588
516404920
123817389
520213141
6526098
456256872
441005007
703333543
148308393
509545839
119402401
480456718
665257614
437003028
188068136
455891483
561231907
162794045
187469177
114848634
560910611
146423309
588267978
189381091
949882706
469296363
490475671
856881351
681408056
448375386
501428119
369915928
728884554
195003768
559052985
285974208
226050959
613280106
687951493
364854261
613067198
408869094
387713706
592819147
108921798
480143910
305028518
500505803
657241240
580296240
395715535
319189838
354440826
9861271
822067556
106675085
580404633
696976224
536689950
134131269
529929018
699359604
423146862
800359659
527699927
315040975
21008551
869741010
421438464
784625164
374233712
767928951
121113582
261904475
130414399
38846748
126058730
576663967
637692023
680591443
591558910
703404594
332097027
288893452
757708183
962189422
613419916
258181088
309578379
916236169
804484223
327184708
438161877
763087231
331823321
147888758
569423550
507245190
507347157
53257375
561121132
319876315
705744973
924418735
361457484
448051662
659514942
854585419
458164187
431592366
763670237
59954817
933774821
50400356
259464499
14114881
89420308
426342065
373534231
790371878
871093324
461047265
221690103
282914681
57955204
50557849
667637299
580572305
40617811
558153961
315813039
880501331
223088334
749534501
681111070
841695910
533913992
769096002
388808336
726360434
34942319
247440095
144556043
270038123
836930685
543063337
935978268
179080241
825968120
968163222
250919835
127990274
71215097
677965350
445502760
439331189
523082288
186340152
959071023
42256446
396915428
964182624
879419327
714999861
933762427
242889510
149247077
68700970
371488160
341670402
839033065
13225178
717467842
622440272
831990733
420319178
327362371
701354169
746341886
677355316
403967703
136570028
399125675
173237726
855311666
698936521
599476511
630166985
856847058
682727453
245471036
673406941
54269286
92816540
79936402
626867399
176002025
2150394
201954112
698568937
624569993
707364554
185585415
927119541
625413476
824800130
492763187
582476289
687830327
542312900
577879281
244966094
742586072
548466861
356036844
842015593
103615763
185451099
507055275
471756766
26948705
975742254
506127929
621626086
659648358
868553392
165974014
553222430
517839785
30257449
113432440
484791952
531559729
649142507
886410427
740532333
464492471
867935652
373741102
952079710
520865473
699023537
452105227
958081368
401136097
484820472
182283284
968591914
158448562
816427303
35647128
288243647
385133525
463544662
494141171
321559657
722923416
929834273
370347355
539600590
319625463
983433451
459080664
445606855
944631106
896861682
232489921
947601739
938541476
566454289
533176105
653481619
293021997
138871535
252349634
289281901
427204854
131701681
340436522
674349206
238005783
916122618
812509264
231996682
982534171
689378849
170159017
881150337
272904906
676784216
233646362
50947919
923524021
755495137
863047861
928174373
142991588
206644452
287984469
567832362
658583056
850838591
707083299
706953417
792883844
817380454
487197722
8584227
22719821
194013080
554708464
419458933
674952643
665019770
535051353
393123580
678381348
814032982
773176641
397566821
808695703
931886410
366434017
827562005
497268619
341623838
168119019
545859071
986321530
37004732
912336905
898237836
583775661
426251838
904738934
538120593
187040618
279013459
670498059
563485169
846193945
217518879
197337424
94313660
79689245
590250664
453070416
603392420
487703104
784991355
121507612
486960476
212987999
606884393
252274586
312939889
370221508
562212559
756607481
12685913
535051353
500488978
845194053
954558755
931366436
425462742
23891769
788252006
740175812
146238504
568728985
530097104
21407020
36976084
681717929
627449749
774452732
663138629
963691225
480342112
960321603
242517816
168046045
686750191
723207603
340208939
314523095
643171804
904071774
611673859
337236788
562741431
35711662
625925727
300337832
536409894
529380486
81247778
865915800
597000570
745502587
634102987
890900317
509100425
311034943
744593368
798563458
422308129
711264077
105788454
602936884
191041793
500370280
677732750
693719538
301268127
594872179
235654528
124544830
209724975
875384228
914161895
955685214
57627034
266019182
906004996
956290822
271669873
547029357
568003217
856370695
685891047
74062409
927804333
317630555
792982352
939514074
824576521
973430015
393932438
198432922
875269075
469420831
133460340
593239019
97401059
73355846
819617256
204866382
977534535
610171621
767226187
778557945
173505320
159286291
967772068
121252901
949611570
576154537
711724604
7307134
45893772
447964387
200665314
872696036
524363176
744992773
671009665
586726406
385176595
255005816
369819419
452647901
164626949
28825121
246433296
32606204
878022203
113819635
811118393
434109458
402142959
217380803
982822246
782853829
704236333
697796288
402770718
19637788
436379637
249230898
42702865
882906686
64443623
211520923
886426951
529224019
621683105
135791320
210526845
812199132
77686142
61871577
850643393
766866439
754473311
802851584
485729498
813267621
741577710
277155229
408158283
291457585
421769718
623698549
109796101
723904623
951207333
100086614
672485396
242241526
950804972
961265374
10821010
292069931
651680071
518496064
585953418
746556962
284644473
532846496
515930186
55382690
444222811
448150038
206473846
617205338
764797214
976043519
546199203
714147240
705150506
423564513
422443218
767487684
134332653
226805193
952986036
798245513
501571685
53778372
309188879
451590024
201859266
528946537
851894766
341471883
719749238
264705465
953650388
681835292
279261918
953138075
563676786
545991577
221944373
166331628
477871489
945063128
632372846
588870384
964035256
40195558
128892189
125962422
5043816
913061618
414528151
976886011
503969490
190211393
631470232
509063312
255660713
751379071
817454332
356190688
624440317
101761411
883750848
779848081
355681167
491188477
680505822
64798601
751041395
302073569
436865220
432977131
522733037
966725999
536652580
722146746
726629912
795231709
400610970
526659753
323016230
985288756
601485655
438054782
549874872
970210271
936718663
822647598
113732433
806026025
687764429
521372000
212334220
768735990
17285352
882790232
125867792
518989961
368485471
858941827
940174805
253707145
617677787
777256780
127330594
150312696
601154560
534113825
399397430
88981619
619723858
768530979
145257416
587302501
907723804
816787162
601819869
741893921
720238948
721151977
20211417
734640848
71917554
868226865
405645837
10601565
672714780
692637939
529178439
211842113
2950274
200665314
695619388
129649027
423314007
323194273
161486675
471027193
304068844
204553774
863003769
590285416
478546533
606987024
617344725
774984897
54620775
156066395
643485068
623224824
120898689
357515776
76513109
128168125
794695171
922947049
223489157
200639540
835610420
612766434
198355582
376003272
902821876
721528868
568037886
538544472
457839874
346072642
502030528
973508202
211929428
929493435
596747765
844612786
142713340
370233282
372875131
127705309
511360121
82899776
648452989
561167475
698390920
37425857
323914733
480373888
426112355
614338088
31265932
962242703
622584942
329951623
727652521
848766741
868553392
491242747
659185268
111909049
142513535
252283796
350201536
450029845
297704533
47667434
297216402
646847241
497827879
7845728
918448724
337931688
569443388
157834182
31298196
124451207
487396915
241558424
919715547
90282365
898375143
257062569
436390273
57540655
14566555
276172042
275833165
788127236
482072332
586415384
242867691
460679519
938381421
774660060
743478140
544233220
851569281
299941147
757010940
300960631
664253860
560938651
527714908
480078300
525537207
629843422
949580180
252550263
774406913
525110209
472166983
190203266
35304253
759210542
552901820
304744848
289260650
102549325
685543629
429365287
522659302
257253199
947516686
554856590
251270392
872536207
567251623
163466322
103583536
598604702
71785364
680452143
584228486
734072182
446766164
543197046
838267263
692534105
305874945
537160012
409182343
634622278
639775899
968217103
436365945
927241022
248055527
157157671
926016074
937990417
879184395
601611271
521276692
665887149
75504569
31160396
556099437
476703154
121651970
935663332
817192355
307055966
980221610
936902167
173231995
475113426
910807422
976798148
569509556
34309895
189842432
886548239
587440236
135112323
56826098
722025125
808300517
146701125
328979078
554218605
979018459
327811588
967976946
79398249
644177422
518661300
289610204
505403378
479111084
427830575
87624958
590725218
902965758
58488954
589389727
682180387
438673545
84297992
300259630
680064698
553944252
127844106
926644219
914765811
894987151
926380993
628793108
537839702
720351803
670892835
667186016
827147282
913520814
228176336
326400727
865599257
296222581
645521768
465180996
593511698
685257923
296854655
117584697
185754474
523471604
454609565
449380962
177658770
540442270
697309279
558802027
393536189
60484981
324310628
174807918
415690573
504372291
532449106
847862078
439100389
29928403
241316850
713650157
750371584
1789594
166575001
657416538
625320120
836259930
750970845
103398891
301809634
644652922
111480121
159646727
268222563
527329633
799508130
133419753
906196080
175788890
110625242
807782403
951573761
948861039
754434030
400054771
227140784
81370403
957114194
601611271
122335442
622880127
208216237
714824813
180509834
21178401
100011202
742260831
398720787
573782934
683520739
36156046
59273295
457244615
343098793
316675
920973904
184372327
665371599
86383575
958200353
239027791
937632875
130929254
421332230
932549313
234783999
245811818
847076208
41413972
602711040
307622937
575124356
904738934
5793522
636578825
82658356
597708255
968649721
201799493
232440673
633664098
873496028
708125772
533801218
227918430
706781767
261397270
498218817
450730503
77552527
201946067
902971790
726880553
320168329
329500908
841870635
158504316
582613280
458299789
53811035
900391254
718381803
107746659
832828816
816106133
665651613
2048324
167486819
252839108
92711841
426504919
844979261
234722581
581218018
641939959
251270392
610628281
806793972
344617616
436114680
682312020
743686300
946058354
739645037
297073081
834206421
483357081
338956955
1803132
896861682
652582955
880945634
386514508
689050244
528069411
564823140
560845744
872251468
742096169
900706171
832410066
44952531
927522900
476277129
452335641
785263474
62965722
595659756
693266669
594619934
983951438
345156259
356820928
230239010
805719379
76209407
545502712
472306792
35581577
732533070
923361280
710315144
98413125
770707835
76787317
153308072
679563061
547351221
210078535
172259085
808300517
433914466
820094390
658488167
187310120
523103914
631417696
510771246
327774264
807395373
683363325
247029278
531007417
85239843
262777710
844082722
138215667
409430591
8267026
354536379
374007294
555400189
605833475
240658832
517212820
88372393
463333470
705654789
396066327
146124794
798729104
405838531
184830112
886546039
105016672
333064751
702163509
778093436
893266750
438891347
145588000
707883759
719621211
217293107
639666049
698398714
267222107
201539052
157393106
867265327
83332650
849016166
627673532
88040944
239991112
196980709
656363588
843426077
494816423
493143083
32362233
899183888
64003405
147337401
437003028
821458044
94114611
703167993
880917866
901281981
812898057
219507620
757332754
887061990
504377716
667226937
457149983
716236517
74429936
801026959
297393081
167942793
304587839
652168209
851057077
292383384
571647088
55646179
275006749
703767770
817859228
199911988
201383818
959555604
59368246
864143840
82208223
60122131
258776477
135674856
845811822
46172774
528932623
682671264
232597936
7670773
263796694
134103800
112816811
143207718
123941614
591434984
867578726
845856095
448570630
327933110
64272352
162289314
560772303
103114534
181299088
424945604
144556043
43668623
480213103
536903628
859272048
860921092
326239202
965584851
396521972
406622355
700070247
845237885
610813482
608712949
550371849
35017856
249755102
930274165
431824130
103107483
736361873
898673277
468015520
359404514
505516775
814872355
407946427
305656074
29362891
808638745
901191651
35698065
803561586
309228726
343105214
937610607
414265955
200101973
399682983
967093380
97125247
334285111
58680307
245770364
19936800
104926371
676824524
277950772
35273596
216662366
427934788
579713211
470665598
843501824
212775537
619802156
387124378
973885757
663371661
253136937
537300584
328945020
41158392
371374298
726506900
384368455
160276910
377331060
797055054
838438619
187748836
868106918
464613720
656547424
149209824
209541491
274045194
155674101
384069591
107799551
633430307
374086999
672370277
384690741
160308923
623107605
883458180
410283607
913520814
827222197
212173096
144331107
343351646
369041700
315526782
417222735
403726405
369915928
374953140
62022457
253649095
674810358
230423577
305478473
378590901
614376008
174783769
16588123
574220256
213395082
559829728
349344155
818871673
49151530
374589546
179002017
780351979
869657184
155307008
596095902
2650587
486736765
38681493
345289915
370790951
475578161
312599884
221977518
457068817
962931425
48051344
437569510
513526213
745099734
889077395
273347764
210564512
54262599
86592286
751665234
747753655
625184448
764063916
194383390
49092377
944036084
110087279
870273162
893302663
354718708
205049557
552810407
267682854
519293018
596780204
274573028
365549472
880480504
839669943
21467372
478954316
456126728
449014749
395709756
598631281
555904102
542771607
912591175
910716736
386741840
913245331
316032238
910517672
680190006
805703562
102448587
477831091
168774480
921536624
845941990
506318364
343285382
353297361
97289097
313049376
80732616
651156771
203148258
697426292
78471944
91444040
762194532
502803659
366962693
244891646
874705459
757654222
954353959
46260737
85773950
301702562
26893466
352317962
572921450
578935185
653935442
946675336
945325978
723931412
444350557
515636367
815549435
778067052
645484973
711512622
374267071
132986503
651985907
159568254
514874498
547178763
82128932
808473980
404895179
58731840
837074875
269000655
893004342
291678026
197129314
216089348
386723299
844296034
741666960
862761249
328087706
292848060
911772859
931869299
575483305
918819748
311975416
498270112
368502257
879432816
223388581
891237134
495910473
358333627
601138160
783841059
528903328
491514561
873090935
540693665
527017451
719749238
466656357
219782446
290629834
758899040
758786471
783044316
572622538
567033675
21265193
440654007
371203394
578527690
447746053
773713177
49245330
186515401
441064894
929035400
59873875
484492750
57810122
836812744
51517749
297106705
667637299
953821698
173164192
252145116
285408827
532595785
233646362
139297547
229628729
334829334
45997895
247019596
80908973
441207828
350625575
82277422
848796654
933538685
7281903
524333353
235705916
784152439
319186943
149247077
356548524
825955013
426638965
655581960
539858787
24078543
549928984
766517276
946134300
728454094
638152268
583429505
218436154
165888176
115649479
490626062
61063115
80393975
250023863
379404772
958875784
264369233
268860588
512001182
398105514
608311790
353216947
209704203
264865018
455821036
105607804
373266494
356199012
914894898
263282610
682077441
672293226
57430
9298137
559103035
421867106
959611409
472698131
541857901
485930018
663012410
466350171
713203184
138725809
505074588
835757125
461828713
763319114
825229241
309827879
384687395
927174582
731221577
750114943
215353787
285120647
8930837
272770789
16173297
28151870
512478553
626280821
471553760
840262258
193178370
12073342
455755532
451908127
167898810
194626595
670648696
968682112
508473328
712912037
725998650
197408605
501439149
435432800
362133594
982183613
88104400
111392462
96321715
569227268
828555583
746109090
918700177
799284509
571275715
175775373
54676062
652056859
716315684
726234273
337432609
413853995
80763729
824312765
863205141
689843882
412464549
870664561
399399114
30998512
57389615
806895119
483379088
889665063
763565327
599817137
971432854
925899130
222622337
723090621
525270658
682816796
952093964
485772654
94950107
551050011
915518369
123067423
366915821
692930289
707382605
641464401
457176239
443581912
100533871
757375374
690135426
759829659
767829416
454523965
609506932
525551640
112015112
907612361
982230881
807168122
491241799
319666176
424625246
429065678
534111063
387432757
20594629
243384877
403707740
183093831
607188910
179494968
158217348
624684309
403886753
196844300
97167710
624625545
431722335
871308681
683002197
879104185
501047449
30574434
79258445
282327996
179912760
559691132
358852149
466702204
516637462
627420380
745136588
36461287
758176800
950748560
262902785
738694279
408200393
816944447
538824984
65633051
56349994
811907599
882711724
127494881
293145936
798896682
577419405
748098621
595418943
483457594
256760447
128366010
397439485
86581753
68689174
983982717
228468054
705549359
971962097
359823181
710030342
985643603
905575287
280411673
984812273
192921345
195219591
60818672
56043586
514663504
186725010
300300310
357842872
673236262
644117909
914973352
938335959
147207337
192816608
338686444
769005304
403323868
662698298
312032035
337432609
517762219
523417185
121642259
89401233
188862533
645879124
550944917
407745573
446727220
649901817
776008067
417035771
306913726
775178579
16929920
371032163
841503101
880695613
931487967
188141447
280826936
373067530
797000899
606748944
7120505
747800038
190434441
893709793
859008372
420633649
430363004
378814434
400633622
24599070
591828100
340853121
17529102
300618260
852841816
608734673
67265094
94009695
786055320
982782621
393027172
609606066
751164728
980292669
887078713
939594944
829544535
380049902
849932055
454737544
677001783
626438474
403783676
215362991
178170961
931673117
457491770
437664583
686496983
890581488
186216208
889789299
304750523
678662275
845711953
287144509
496527933
644087864
384913136
378241088
388005241
851547493
436624853
882748228
589212109
902512376
440257392
515645418
550447548
827245667
53572074
123272381
734455888
450689576
686774415
923169857
701682464
2503828
606460819
799642521
953064122
394424082
600572036
607255635
665152928
64373290
404217648
464283934
718485799
118751523
346560362
811972307
941126798
943315712
750216406
432896503
812310078
410262715
847380832
678002464
811244029
36314334
397493636
456737504
616820740
300620480
26663960
104603719
128540786
960772829
409292145
582014080
471578252
258648331
555410586
805133897
655633541
188704488
658555513
780700518
181029858
884246445
699889910
667778791
208963643
622475961
475283862
236384555
694775828
815683708
512001257
415741840
551166335
487072848
27683071
768044798
952593983
68818201
665893231
83440761
626034250
552338170
310344287
377022863
490148755
974226036
429301221
130371805
932091311
517048104
585539030
663956645
901755557
50506279
397901648
127743622
133671138
139878690
734455888
181417984
832709953
403095043
413416592
658609661
822257030
199250418
413868964
138895240
382283853
644232479
204723864
545470010
231527684
491345147
88912591
356076032
155580297
703038974
251956210
952352466
221244553
379582324
523388693
747665497
953708445
274015950
416500968
140292764
910827738
778686868
842282530
886135576
942753830
372462363
464054761
862613587
206809218
107663008
944265832
663722372
190102386
711998354
603470872
610592211
803586421
701847439
323977918
907204832
848542239
888258685
967508784
148135185
306702345
105016672
464004052
262952080
614536061
466347504
85716602
453309312
799772066
299137982
808804834
119207740
383702754
623371076
206215434
555394761
979249214
514388650
809785353
822338755
179438823
612833419
36798000
562943737
249118198
875257090
419321242
488060029
633873793
908052804
483708771
635262571
75671155
352196981
41000079
323120821
258902620
410243529
676665238
16500921
654943185
308096701
109301326
527250993
438313630
657824187
925173512
790160700
879159592
643213173
310480130
138771361
928450769
104989704
465508920
433582163
438060087
550458069
535117369
476519497
670249619
414902416
707944688
210153627
70798574
87912189
940667376
376433560
896270882
697232141
385783114
930834209
87194297
325760571
83440761
614722556
373170641
135277925
330490970
764354615
162720600
546853715
297196473
378650900
836249876
535716927
551409154
141353326
523416032
798977365
290012770
622158264
277866052
567265668
48249382
739441310
813669527
433202705
207032144
546807590
635504983
218193562
229760917
876325898
185537273
902005610
348611676
573468732
462336030
465993079
715020909
295887050
35620693
638950937
950675095
232724832
508092330
957292497
358944291
39730028
738780598
17152949
172400903
144900198
681419444
123989870
417098881
974432257
633661741
293933960
16060892
627772853
873365342
398752193
723251347
131597144
628824380
125714040
37962327
725573839
790405535
445103078
980941666
606215921
130376621
518400819
911462144
921730112
838940956
925243440
898342333
919637058
839241978
497418966
307133174
149661445
40857612
175082984
591878813
151582371
457216663
397337865
56167405
183250511
286481897
32699213
948064566
41158392
400897069
408687577
580589133
753863938
666986946
705508955
324418873
178135978
541263666
253334101
654082992
297588395
128862671
702089333
206276443
336754780
827953609
797580981
685992992
519355984
648327378
669728880
695559323
147438387
482344722
902971790
413200901
315552922
38524261
443585249
706216524
634588264
488240672
984853553
219182394
428868161
371016087
72094905
186973082
308528907
472899147
131123819
712914714
178520759
339732187
370249008
489295255
896519855
230265966
771704641
112000656
784237758
711942113
968293027
31492904
265015855
786866627
656567543
14394094
177534435
723932117
373931897
428005219
487766248
169336232
513662502
34066676
868962362
10063838
265149606
433770736
828400037
405273085
814782199
541047861
842465070
775290220
163699688
379720747
484710733
957022124
246440964
438748126
986202403
97518124
16363252
128316045
18407590
3175081
139265910
984271220
373399933
466269076
244921
465639675
610924842
679474474
305487862
968297528
504239727
560240328
825854661
277147122
232532270
896631804
167486819
120618694
490938996
437862656
828921916
332571833
433130765
548708570
941504842
802894119
975227830
304141473
75519826
623687428
618774173
781316011
336913101
478639867
581501101
237059730
958256544
175115861
105205130
382731418
673747691
178558720
85820130
571210543
881248791
299825329
878441375
977193693
360969147
606261802
955168899
23401757
119154216
814193089
692949361
324359712
446712544
353024775
256245481
771415811
672931201
824334220
581566227
5304300
396378041
454885046
226767186
639608883
223575613
882338519
710914482
182669611
168849320
887181462
793662074
