664766181
85149760
155219148
144021468
455755532
833165195
804749358
618955639
334391084
231921604
28847157
715630324
376665539
751755137
22346399
561302516
465157492
158117526
488769573
307119782
493728804
118676228
682201068
947259342
263141678
555937553
106340700
967814580
260285276
639632133
395165642
54880923
643670266
550474830
841463288
23249959
208677659
43243258
68472360
566536071
740354737
498273103
266017336
89502571
112622548
39073860
457491770
867892788
24129545
221642596
787320196
4028490
913160639
329818550
414907873
722494350
315833145
537037917
19134257
505426850
709171278
270346258
425189672
404297807
816354152
805406314
338665391
54987331
847189144
759539448
923788223
543631946
63092884
789939151
603740640
783127893
821861076
329210390
823823722
710054261
3991816
899043920
71520178
65008093
383479234
759915438
363296641
309958135
796765103
879143998
594363797
122166774
1356884
845494117
300246370
488583423
416957477
241653293
484450341
256355167
293532366
403587826
122198199
36325389
757978836
836589882
801131809
259837305
250426984
40488390
32614772
750818109
119385673
968221707
918231406
974297784
563549215
530234115
242558436
752881844
953584090
85149322
802155237
451650867
622458066
72272808
415173390
735927888
478090631
213470004
602093422
386444375
259108262
45735952
6943838
934151974
639575226
734998642
888138392
534276647
255028240
92447494
538724659
883968333
770047684
760584202
199796757
5696836
737119691
648825
30199701
314777256
825973473
702290301
973034468
385926212
143369938
155279937
244937123
75414355
49155666
171228673
59331803
736702341
931131388
875257090
795493994
179530583
162390942
287530792
278843783
503800300
638304592
375117445
525110209
311607202
846952867
387500135
259871462
423131308
643505285
115750757
69407321
858649030
983231408
359054412
256245481
946006629
576699794
265853289
762429181
21255825
295771555
984835663
495424349
38800932
43472192
350180870
898564761
276292174
576982080
543395498
94022832
877882254
700657162
189511254
255309391
492669463
27204294
897310609
504509262
264360499
775992544
657734624
726323177
405672122
660591734
568757939
351057132
967656869
793621430
388399698
57821204
757655840
920973904
40970254
249256429
401080143
444588661
646837093
139744284
15695592
328128445
520979251
508335580
278698213
208306420
832632733
16421715
768376003
929535730
72879405
279428073
884658723
280362880
672942904
575109838
336970995
420283710
920954303
173331158
753959725
627797224
62107657
629877630
61902026
757356967
196216739
770456107
73236602
361785790
507053629
871561554
269148558
472543706
792203951
84613244
658631249
539103086
286452796
617493831
967973609
209541491
158335354
316449079
983379053
309898896
102628725
593918660
838993978
516679110
426102850
702106036
598115042
526314317
598761802
574127799
939931858
113978215
364487734
691073518
454571636
646498989
572161040
377804866
170835352
528846359
187841381
475089529
479460398
728489385
692486756
712394348
704108979
576187205
156256779
746540589
563123799
93451429
470529949
906576121
779039199
347506995
20696811
860890304
432181752
389454689
807677582
338126858
365444002
611164635
871201259
469706524
939612537
544347720
10732929
600913758
218911649
126874529
674582054
843261868
569686898
885118940
814183974
304068844
511168260
285427055
450354395
340621894
981729954
839959156
14164227
174946860
705068674
48985637
81163875
307397930
303277854
54187089
797390451
488656842
791113836
209853257
303105318
836362511
839003651
620104488
278646010
572778096
107080809
316863940
911421395
406815368
732420536
81715778
649954722
302298670
298118578
438225815
867093137
508163559
824800130
681387541
182844219
647690061
91717853
952512810
725341609
369507041
620384582
30778449
485278362
302736519
656107655
252908188
201347772
982950509
781930525
913275253
175231690
497294611
610684899
712569376
212916268
694459113
192252981
454737544
587517268
32508345
694556369
731414149
826442053
506396558
142513535
738137859
565289458
649074335
245768223
560527562
466350171
307305607
142120530
968293027
12
540583149
844920754
894302201
718002658
926484070
121642259
705182637
500346541
970031822
638769641
294826517
863102828
696945774
754914402
844113426
533871655
660523440
527250290
29349501
72101756
484526592
609473810
865391359
349225980
695040709
259681581
908052804
391137550
426342065
301169171
610171621
116079035
427071543
606987024
481537055
622596
205876604
814063309
924661048
873711269
773194436
366649439
70598167
262980530
55204111
68378090
561994253
179278806
281189154
888034610
709164919
406328624
229749185
317064485
141883833
484742204
536057782
196399035
716691103
53647193
578517165
829677949
978550927
547980631
237626983
324058810
474272955
335253680
561393766
552107725
64710495
27241739
138762428
697395390
822537123
541162453
757214759
113025247
478130750
146701125
794650049
779560056
335856071
507005116
156110591
562684814
602321205
29624939
166389748
750815293
59191856
293262471
390432653
893049508
247160092
117665041
434446563
26016978
934548079
11803717
700306878
708595942
636173938
120734014
252123366
649442350
405406129
683857867
28596596
228997507
336374038
930607935
37795028
198133923
649365041
96680967
717892149
835277993
244007552
52640243
357761177
760977494
783444179
845775880
265021805
46451606
237019654
282823830
136482342
335973429
476384775
405607946
319666784
223537781
763233188
129385664
100528423
772715310
355086975
475221481
951430482
75984110
113057484
173324928
822728937
322061057
361506832
351860714
493523806
939283669
972103848
305435761
744379847
710685146
507949786
358026066
516913069
245413720
33978386
602790046
580139120
271020853
781965882
357752228
368856214
442864507
658153517
441994905
37018477
467927846
394449090
678807720
149037395
67285297
544302006
665459483
488358578
439373069
278798664
509287118
720278010
744524495
257237040
357842872
96543234
397142612
796523812
497165739
870677787
971695979
284779372
661488677
56238710
549164048
537145886
133205432
189618197
915436440
965278330
965983510
894995366
383802404
496616372
466558484
702058357
29321755
790305091
746956181
857837653
784342086
836063454
262487136
238455236
206002814
762509567
401597201
490067621
170051149
230063443
216323688
244287506
917289119
861523137
703215764
328452713
620581405
163868055
671693542
101488206
711443477
308424249
411370451
436593151
204686941
266413030
176353606
162654141
797132942
93786697
734612383
360969147
416990102
876850045
88316706
631028591
619272970
716702594
623855477
912080858
621920943
598600524
359152239
46843663
583878736
938245396
636312192
90720247
748954114
922690722
10819409
830568416
276174475
868321677
310951698
881569454
10893067
360928965
699689625
440329487
238515616
745056196
194383390
912178850
973944799
977962054
395967058
955232068
88136064
741455685
696300709
710208676
307344980
435451585
424020316
248753761
214650511
482386736
3663363
41684944
576757123
76763948
933668546
666560902
776355189
404482395
877441439
712601513
922374148
177272973
223719616
801811858
905127469
666115462
411816721
298554622
535662447
903437348
853134060
924246997
791396506
856164328
696051889
622073850
547227014
94153871
191831991
864665798
336680541
671558391
470403569
640263310
187975458
117757441
882722086
298242952
242099554
541086143
21626659
620710559
371239231
642669240
888886920
96133805
476264229
134010102
325694693
433227528
207646345
587015958
705524810
29928403
953300197
463382558
712370764
210564512
448928806
896351130
167189032
45545358
121113582
980805349
250811671
234175385
558106617
811619684
618285592
826880726
554565488
180819829
836819702
283469703
414385797
134765205
14639923
159930407
650662410
363298510
596759411
652358077
262767545
158815396
561460151
5662429
624955688
844577793
698531831
13718308
572440474
800533982
409956757
298024586
781286656
109188713
524889270
120108048
3579359
318902846
53586193
936774156
375799312
944528001
362646230
860905371
432513289
674512151
541616544
256642810
392988402
283594979
818344625
137902701
449450835
962814175
747557201
216097075
162325569
579649893
563275258
543000347
524812134
285666112
412855005
195040206
932875204
247900397
540453079
538712038
142799713
114523269
324480890
351004155
363854501
74945336
587002485
571600824
170824994
346169586
708647881
799847000
958488719
5972659
137292784
980049037
596751180
803851270
563881852
415931236
33219146
321658917
400778680
655916026
793787908
444369657
765484500
394706361
774385104
945560411
782951902
885191350
178934574
624474590
87696680
674758118
94634954
950118128
544982483
728152967
415934482
140739969
543985354
472050886
8951313
225256827
697778173
272922600
88734169
463855784
673366073
38952694
283592823
689031841
436805006
358333627
795567
971269810
528664144
136447006
373629699
84921546
750558390
214606902
622466621
898020037
941605595
865395249
7969606
87300109
517484913
705654789
356328504
943695686
553311856
528777537
852073570
772744793
675203360
46951227
612344657
236214092
53711693
189511254
386434869
864115368
358349227
937539165
876228145
616348022
553914126
416818599
669903510
251808415
517329468
276091668
226247027
951003066
366426812
816502678
976664822
334891501
849089762
888326640
206642548
353832973
27458636
267357662
98408544
805406817
899465835
158543765
428373721
824890266
732143918
283147461
576096498
408215912
164349351
681479993
305844948
340575884
538250879
3554360
100196047
111192505
919975283
100766683
933019557
115083357
25341337
131892957
54831530
424232387
519309316
507117576
273148397
366623085
444670728
443545906
638591953
162680247
453711045
276172042
443812734
222475793
524279201
147925105
727600778
954688336
147094841
295215401
318236698
845909582
553936486
9760681
245546612
24707957
949629103
209091241
571310692
574563839
805466156
451324091
65598849
689970845
326844941
335328807
911604193
98735815
745873485
152679743
915628160
515201264
394368700
765510572
650717845
49527703
244585090
675435854
819680966
562711136
676056376
541374655
930834209
731549050
451455301
955565540
934170594
412455380
504349677
1404890
207357297
663561477
75665514
447285281
198704206
63224960
393291999
778128271
435916093
507536956
613486943
648070588
136060007
976654096
886310279
233841248
319096079
707252840
40010023
789267771
410357666
145541656
925334684
314176362
588403764
947236174
757403501
136408523
236210498
89611822
307384113
534050358
874433038
521423548
400663255
304324196
788346560
561669414
388065466
575339172
755625783
53822354
194062584
679505024
540596476
75463435
290981693
767681484
481923608
534192183
672037755
786911681
780134887
745100440
95059698
593324328
542174903
234415949
601813770
363340558
408836450
704277183
680591782
655208858
22280128
779124347
828019229
243263276
642616185
524247362
7417319
700890180
596014337
744754534
567962733
104107588
588457199
388848480
914568850
806268022
243894840
758227812
56827989
440633348
822360367
641635853
838324056
542697280
23331303
657278355
573205834
948798868
733585941
166105389
460242154
680190006
837845067
565974542
434403193
623374357
512865228
131241663
633175844
65112123
479640162
75516143
981666484
612574308
926707084
158675254
530200751
522424055
653390083
370545996
682645194
840615783
316666038
465896753
602997441
957366675
220916824
572029518
66973678
247440095
77975074
937789683
306200464
557020413
313420036
598486989
486724983
385992547
727652521
406898049
427071543
645638975
325112530
604158791
88103829
138487102
392285658
425560158
893141995
459559317
529381682
934253136
550556089
244375578
314215718
17301982
671414868
647590565
625655476
849690313
435354159
20314231
313134165
35264248
41582610
533637700
911258350
715270571
341557307
173377937
683821560
207637513
617008639
778308510
782231323
918974711
855167398
648854233
136000184
324310628
550562993
473419167
48244106
709502809
540474029
509150021
710974281
569625222
548936889
772920716
944422436
739414052
367619310
176997467
738137859
507402755
193028497
538773347
903043181
870191578
675405497
500642762
646845397
28219655
608112654
163936815
581717038
679741769
236046750
4643706
78382393
299547362
26398605
9824336
169015425
747003451
24504977
247304566
566897570
554084160
114472248
848424366
745260860
744709173
217232596
864885318
515862081
587629769
553837352
865009412
677697212
1
707388841
155299698
778974817
184002869
467927846
71697153
213840011
26930157
924280930
392367263
584292954
255152044
625814900
546595369
359921353
113598800
394368700
790744652
838590630
672577743
482407033
715165678
855334132
415344229
256811199
955904023
50287312
875161763
169916641
890237376
464331774
872777356
236597244
660455196
908250875
239268752
568349681
90717203
352473065
952512810
699678925
746973580
673908139
366654381
879836215
417250533
423346830
288123059
896849919
15778601
31734531
307728328
255733641
334978376
579666967
138328233
404146971
304333571
787227932
871001116
247361606
272208507
942264015
587745158
208358886
975504612
685593602
182283284
869414562
890633529
522962639
676357231
635836717
305076375
842664871
85010893
439033463
457578203
604016482
561361225
561191788
800418466
220033072
655079550
735753247
562703948
185925838
865368783
419903634
176709533
261904475
122185470
52412579
139888466
734469416
687940552
736486659
774413776
820101219
790917353
832768389
475198488
496307032
873083592
570417554
746540589
983652755
609936890
593352478
2800463
755519896
817480383
776336710
528831027
503930498
36644720
608228097
59463948
702401203
288352170
62560440
278260472
320187641
957623528
859986469
511736237
601648719
561434561
238280551
970593060
387238632
935518850
968710375
679646161
845567880
275399626
98332715
47492043
608993415
406920595
214775213
812378097
623405174
748262637
946006629
395573571
977814137
312410603
210964864
688257580
532774994
859802682
130838987
881031394
609874356
618226610
186243335
620341994
396417478
449738082
840528555
207599497
666268410
389649561
395336597
566612495
438536467
760837009
202587190
921660574
656382756
542453470
558515026
309929887
685520897
469345610
371486182
646922051
980056329
370932916
364886424
332441821
98633240
221354574
704668402
748679723
569253213
168825426
101568151
454476519
174894614
134846554
843385403
671008119
531789841
247549507
385723205
832966088
366794959
308273234
276631808
416685486
533137353
954891542
806194957
809729848
503075401
119995090
714189276
859491371
549418865
535972888
775190863
373331389
557842547
972261744
748317898
28445455
751728365
594008614
948320177
624455131
130246011
383923677
822357437
824503357
35643362
969941823
897452665
791925458
570419253
30987649
256068899
368225899
676736846
859626294
877946196
843430492
596757379
371594274
241673269
841745159
630974181
934383380
313134165
158658054
679902042
363523077
408404846
652562421
719688158
723219967
201153508
793216273
62939393
80071731
589682934
180046087
620344612
327614101
173769268
723616045
71695534
150262045
486578394
177658770
451481693
937510942
364761716
189275397
511694694
84555233
230092619
76786955
439166788
233506011
418984020
356430879
751883779
66891016
717789858
784596166
309579212
400849466
661413199
649759415
333334277
420961267
502565362
492316244
554548249
315726408
118140511
238013240
614920472
702527929
221887992
756760076
83282310
53328670
950900850
365928397
856492014
900280667
782469951
163243824
640871082
311258348
684119947
28442747
204287605
792390491
112794443
579679161
217293107
775920777
941122347
73066538
214438045
640822448
760634336
638155042
670685554
438253612
608471745
657097149
158290327
767970038
919838385
139498020
714574702
878580762
505814604
707097514
403224810
561439942
774944986
20512343
126357381
747910788
256452657
526084301
844996884
455420698
353043426
358694693
134458557
608278603
816049848
685716246
712192398
806127461
738345264
127993998
431011060
951076742
68840392
227078343
705367246
156884281
122104638
234083624
890524533
499866206
767977355
813362398
33433669
461887214
296859025
260328057
218789292
136878806
124830091
449657297
98455454
883600863
167740597
292721474
701622830
876341487
702303191
39547667
3809400
172123797
282891501
160252493
389922966
965665146
124165943
558815939
685386704
352135769
488972442
224315659
791073777
408218253
604793663
832906007
259190632
50486117
730194101
127766630
884663559
463986124
889117445
722695693
84302510
630898071
598995568
461777208
732964455
450980252
532872434
562498066
479932798
158974830
319340269
959100671
332312092
421769718
860434924
891061175
494015441
352498105
44681518
123298402
807329045
911143676
46434062
163421241
54127122
565457925
964747988
179650852
654455422
516597779
185660029
130376621
146605181
716892984
852727651
985154892
326745307
689385937
82984337
369507041
618398996
597439417
961982343
551360363
593025634
973944681
856167600
628230844
926986005
613353873
553039568
502611470
864725629
151088679
22798388
19810133
954865453
276612087
101974910
543487945
135630212
280233747
647422233
282924440
235712650
914294653
638499
120108048
809745813
716626758
529948669
26594655
815608029
687157476
649374902
476557638
951123726
421237766
786311101
951380333
577817931
723966129
492306203
560619246
902350545
235470044
687767212
18571167
42218331
464379226
477871489
659709360
970442200
139519738
136009908
787054331
53355598
653422777
155677194
407413733
469804538
676101912
22493
306248308
562709927
352102120
211812955
882616527
480924646
515130649
851072049
137338287
585048999
907647989
843522787
441692006
890320051
903746485
264252419
812871862
307147282
590038167
685376950
389072639
899703775
964268106
773508550
477839549
25836486
479426682
499833524
825905435
952182762
746660495
61493833
588769976
490180597
199747017
169361944
533214611
421564123
328969936
382313665
97913046
839505775
558693095
645848233
867747590
149048257
362561596
921983201
712834219
475087187
902992964
110605609
579747083
76239272
720959157
585286895
272467269
655997427
131498013
388605415
903951578
793992035
336929431
235420846
141230446
451829489
176438096
946576500
323273629
976773196
799465157
907419317
862747076
850716495
183128707
900072049
424132116
682958422
891736553
383649028
361894878
428658462
194956771
886190165
6034125
95286938
520460709
407963334
288682014
15852162
184887728
88502973
456403354
735890936
502030528
119563163
125442153
967657119
80736333
668690405
227955567
929736999
827635356
225008500
188883078
379979876
3568681
235776217
212950761
725997457
986313749
777486110
121825428
168607772
871532798
212421973
792567339
925960531
243817469
746603340
329708383
437473344
853774325
664975134
607630556
652210886
164702860
36663707
23458327
784297542
190891175
112571209
21393089
135025433
124692735
615228737
671023244
655644668
203578965
99306535
860911144
402090236
405672122
125867792
473960754
304715517
490653458
237059730
336812018
918200539
617760204
405092876
835629120
717095673
554050969
871977093
827589695
614170487
516929742
234003506
902952978
411458513
446759735
979158316
416974885
124896310
520460714
638926484
899063761
234890351
4216861
909931207
696920470
653657596
127526052
547873795
208022966
305623746
26594655
574133978
420466549
480463390
575616551
514236145
85773950
634096142
291076477
752035876
386953793
805253739
653580556
154130236
608370890
622258959
148954598
441319588
787705204
374693313
86525982
717074429
613131884
602094403
131605113
645521768
470559251
255636597
813956719
44540340
33047335
172457987
529969656
487946979
933077423
584529199
268104903
856446142
96893445
367397312
952986036
537454701
821281202
365700697
203074452
821111879
668983693
972866215
861847199
626815325
706150056
136067399
930892486
637767600
890190966
113855244
798684585
40208252
547980631
671799939
461777208
692264152
79835286
451176098
440418112
128144711
398321953
61684727
170810442
351188740
761052051
483343686
353386319
316109231
744726034
125943812
675990096
255005816
324011066
876082622
2094836
881049190
192002066
127143330
1503787
155474670
561191788
119936233
895786064
310503703
604482146
86289320
430869959
887057519
207880374
885344175
574779640
72094905
731576968
345270543
224705135
654939366
570233898
666699262
247277675
11275790
239677645
733177366
192321804
804860992
596084321
511360121
929596746
322711966
442392907
653855051
901998005
720427824
291818060
287570700
624822422
124165943
583859221
824766117
625972307
302743803
644084317
879551196
51655014
34085213
646538830
295826624
251029952
621538717
524968151
411859315
293858875
574371016
52640243
501582017
618022425
40645254
791073063
285335781
221527238
86274330
320903654
220545820
617805202
661949136
618575271
696125772
277532949
78309111
982472078
959626841
97463047
522956142
538220057
549923128
169351159
444439432
273524244
242418947
182334548
68319275
842663013
425119612
484735698
301255533
634478699
700558717
261563311
343330161
94547532
622407781
333122132
125424924
276484917
235073814
217593325
743098739
930887981
252839108
131409666
442535833
389342799
233330867
928452430
630236293
550758455
199498887
699689625
321274976
800695258
387996913
347464890
769582026
268107538
698013025
230939026
408601093
369503989
976703843
957868685
532310491
686587542
852668082
708924241
129045810
83380814
57471365
580658241
677947908
195546008
251371834
266633153
919379304
206663350
734273948
131640298
537809346
45858651
228810657
454346088
354146460
774705879
924849186
919881956
753915127
135195146
8267026
520982437
877882254
942445795
70806800
510343008
121065662
369436338
515920724
852854264
122965644
18783449
601445889
63092884
87783034
395320303
683782951
338604915
192605489
463897951
769083066
974278614
648292010
542471665
125497292
39143576
38836738
528430705
54161927
502034939
431312992
27976191
949921635
415069400
54387704
592746316
126409952
471321203
869063453
489593347
896807142
99602162
271627256
649929034
688390504
104098244
43364951
257125912
550211517
591668475
582066688
553653052
244462892
357928836
257462972
31253152
701628494
564366290
775034048
505484934
9948660
368799392
697775519
618698070
581441134
27976191
752094780
270559875
745528430
446089442
855998899
777552949
390442756
602821262
819940460
796493487
439271593
711652208
835016369
406085176
231229314
745839760
655722613
616768456
223126926
615807886
55201142
577056386
396173163
710208676
411816721
196422717
451350614
615921187
417288335
416498842
860529596
97945235
554084160
750313725
802182430
593027631
622120484
629385485
277908102
837375826
78309111
220571303
571701776
718644778
790897400
48008851
693670505
103121962
632400382
685148647
578596944
655405487
732296792
291858011
430047030
150591722
117393502
180664042
570367017
585750994
614637642
658669501
610737922
258769003
922407478
222666715
726433385
159475009
44399041
86526354
255160191
435681600
494706991
706646254
489418916
498625453
933815521
827320237
541470482
365875778
739561669
511194221
586496351
312505768
884023499
551753340
885256888
260739469
286092899
268331593
864678468
742032079
839928381
693138983
849267122
655374195
632387027
800886743
240711416
887493643
849539829
662057943
21592627
323319600
729058082
21010629
148747346
935209512
132895993
717889538
817001377
23272820
208568812
38091511
388247497
934496267
653939204
79816160
939678821
822597985
870146509
238812220
417456147
507367320
271634318
846977506
428727018
597013718
80319651
338797038
29217905
206471323
122788924
803176623
840157955
356057587
477794049
73257572
511850403
638222304
354037488
82464064
874289852
401072229
829177554
205847817
456194247
81382160
28981488
397624455
262507114
665382170
666573201
447707646
642468105
626690031
807504872
132438518
767149842
549647989
91423561
896271148
667637299
531996914
325269732
352187207
42599013
919246684
762261931
797411595
247269812
756500995
657574390
849932055
556514603
706470507
724242288
963539897
942459565
52085762
299704327
567663298
131729044
379075822
478811778
892188035
786794435
8278295
509063312
583596693
364745175
469590614
772428083
686044933
900066467
531883257
914461204
902429271
211077635
291107024
487723386
904071774
611958915
391128926
952425202
332300046
242136148
879324895
742510174
888910810
449625863
131910967
698855839
10302040
778118502
737283862
848151096
857683598
82059950
722604288
247840647
664835995
501079595
515029206
982759293
567743535
433942504
247404711
979444828
306507276
968334388
454921411
347637479
895321040
15809771
413673179
185537273
191158971
634564797
327163585
190593066
187435912
862939714
563750582
765941150
113459835
727975832
43674123
674840073
120634449
178170961
331574388
551305005
33977744
162729261
105324766
894975195
896248853
294315064
312518653
315778425
750724175
563651879
534896402
177641026
731303662
964731628
851568697
113500861
430080231
220549914
592688283
460650401
661251812
855507115
238007595
890540142
562881241
21327083
596230629
85311848
524812134
719295268
775190863
284740926
77402392
776746014
717163426
612720410
396393581
947783776
250032904
371185479
403707740
441497283
826724920
257294978
737817406
621276688
729692295
249914912
701038102
334394504
481021139
757016348
494556992
497465153
811095257
559708515
37491444
133018075
393747458
394708308
911349664
389902663
172169346
130723359
726349637
82684972
34014178
280370346
588816318
910379695
549114609
378655885
301304901
708834179
951007571
835447199
686002890
69197108
890900317
452399173
155354678
103106963
469109558
827222197
25821439
804265605
244007552
888684869
96566520
979003239
386509685
960599028
683267046
822253670
508858565
323554147
395690378
926545778
61709979
490509348
224195121
713551912
591267038
697869507
937876564
718191209
381239909
553602265
428382359
708997403
274083863
930414158
757354198
277234616
772816750
549178634
651299324
587511465
399935540
719688158
15433106
216710791
326145954
500315988
227947709
288141748
853527896
262870412
4178876
235189443
748399346
307041160
931482429
294082268
649142507
585106710
814193089
314247780
564028888
686434126
303320685
943744360
471321830
345323363
538884222
4422062
65812278
297897974
461941625
99381585
947174538
944921952
115192829
16688195
338466135
5683637
345587641
465621192
440257392
74495464
713510888
325721872
794613896
787428624
162935184
415805960
928654532
694013990
849442470
747277290
530119333
178375410
283067089
792883844
130723359
458152060
204288264
95739086
934341292
99948067
884541232
557969878
444656321
206017175
336119969
694013990
233018572
709537719
814244533
592803090
73363263
647495501
763579519
37926228
418939560
169916641
377434137
214861153
262109365
141844404
799108621
885677140
402618204
917857711
282817016
234660229
713852322
185003898
688690331
122480590
916334602
190664791
877128295
172579999
253152152
237073611
66256130
774156251
404563648
721427324
823260793
328419552
202742480
19819537
793976406
12821304
23279077
883551496
469173863
685317463
615382578
782215498
259627134
170715128
217318736
871964253
710206660
698635327
980377421
756800757
910508645
256530420
495537900
149220622
535914637
460987878
899286330
159943842
891786804
651995831
102377864
754290066
490505874
857238811
429547327
257832914
956789684
196570494
496699338
693787843
394362892
415618361
279780028
658875333
86540556
244281685
457840760
227076483
8016712
191534666
475568788
526752823
165796458
875839392
581258300
222111040
737050506
760708884
449918576
264209861
754885571
741608424
234838048
925029348
931312550
20950673
900531218
937187191
366115459
741934520
713768573
126526278
62622306
167494811
143297637
322053152
362303968
480379955
16366016
566196186
476393661
453994740
410962028
364898426
739719255
197142548
73170499
700229100
177557868
880945634
196651793
164308046
616435351
765692768
187047639
279025600
111030575
822306796
213914394
55382690
247596666
147384714
798577563
582847
305631723
271266911
768376003
353094303
857108265
666656600
777452280
614803448
319357043
922527712
516250289
256687939
361192194
756034001
734079032
366635218
591412394
863406933
336437161
448270887
97662692
326456560
636305147
818789030
49200002
729590377
762561020
624416378
434264350
93511975
284591372
326379909
89130680
727019314
377821437
712842754
390080199
611992827
172298137
632985409
786125017
813303565
833658358
117333948
651995831
373399933
910827738
599067930
288277061
345274677
133326627
449541832
813267621
877359186
277251448
394363702
545189859
76465645
360869585
87580878
835278806
658693745
845130356
709743937
11830113
592691302
386565436
617045183
229760917
838047180
105764695
858996884
450300362
958756405
929612436
862433066
923587579
796759089
284931890
803984830
584008688
453947937
320369707
340684590
7953631
697086804
24210794
328718045
822728937
591576759
534338143
134765205
15165016
307429355
318568752
53491866
901867686
461093597
856555647
595927120
737521719
570557214
778872960
564820533
808545712
698753949
838683472
180478667
403169290
50451306
164619162
214950644
289604571
857003667
934936917
253355774
317144515
788001801
245413720
719498862
590838181
546044330
238348066
93898232
966463882
336798535
168336957
348128933
128487427
769464176
945476458
904409815
425394219
158588665
135935778
691831445
254082501
190980870
202094940
20685149
588322909
454710768
906816489
534998940
768503284
404902792
955154083
707458680
47352182
459558517
22692237
939681352
874025734
407946427
638384411
507053629
492723854
224263122
773267858
572286002
563500702
578672303
74360852
360642116
770944811
323441845
492209800
403707740
704181982
339267903
498615618
892473666
276537906
985547340
294974735
166335183
93898232
281826991
521384103
894673316
548554758
560573286
684702095
142189672
462703930
238944453
822321972
148295250
108781048
507849955
178547315
301938073
675360820
417970716
424387244
564350654
81903286
646870063
156623157
493308946
374003894
430376189
649237229
629584351
403755175
796523812
487840503
793367316
800505458
370191050
222352843
95591657
755888525
578837248
886091487
858043401
746535012
839642181
713684517
489203817
421129202
562573845
696650444
754353721
442841215
645353141
198238267
31271427
13723451
380598319
735702117
339511358
970459366
273311039
245659981
710228193
99043439
342033909
505254960
850270252
630374882
25346737
17905185
289144176
439447350
134287401
181950493
449335471
248088685
337682251
915521890
947893096
377759411
892466475
215481256
658878696
795592826
733311887
92297484
907028026
708710825
664463880
870099487
851136355
195412206
505782031
873152126
477644917
268945498
960965020
860089916
923939281
597167647
267905283
695147861
409972706
151852612
721842918
553589467
454948929
151639386
608167434
966280227
829420110
922464930
16508709
101337519
199718535
898955650
874042393
332111525
290105879
651902351
52166591
213695140
39484405
104418175
555661323
706552052
71175186
452663372
691415453
859865717
218777848
829650540
742366870
762188151
799272622
436427817
881244803
115512401
597593319
146605181
254324125
914173659
566875796
489754417
4622089
175517061
487111301
850235039
887773336
123592078
851085475
493756839
345803513
722608866
920355994
760838919
816902421
219348224
398766002
403976010
424666716
642637789
574351936
398236661
140400034
137050108
234152771
805321612
442614502
395009335
632009503
596359828
319250432
455062410
733549968
392522819
395609982
816069700
713441984
879174628
500421170
737375186
296517192
377406114
174318186
706552052
43674375
531068662
595472828
941636811
47407943
125854328
873971093
297946833
392943325
449222303
177356233
96416013
691314612
894445682
300828596
677376260
184100465
108781048
881133725
708351601
203986153
557750015
497418966
90252900
708085754
408359724
798892128
467608126
729758942
963726803
745260860
486656462
3861076
393600674
505257154
642921238
806696614
546263876
300669851
923864532
85967546
717995691
781935978
25385872
536248922
3491364
230145030
668523918
835647804
265448591
970497209
353463375
81121242
955447813
276345795
743591671
10339768
170459211
206220682
42142118
290470432
647419270
6842143
952343043
943852651
58046501
127945838
483742414
353548186
425607277
755693322
89933404
219816380
948646775
483819641
231572733
443585249
824984634
950645844
873964755
484681598
552778736
850446644
281313314
954033555
130937645
450497117
547832392
13956161
614637642
491660771
90636423
829635856
430346171
938607101
748554812
266599571
509395150
219581084
500422148
917195474
916964988
58699660
192026814
211250323
653697060
661764321
676157834
69033888
463526941
422262184
96301577
38031191
520881393
74006317
916517416
659267845
577928781
896641060
15140990
45777901
35479929
423555535
157664689
578324183
785249588
377500326
250521619
11907478
72134742
421081488
68740500
95374047
486635875
24098296
656876417
818008442
36385487
464727682
220451857
782411459
48983011
28173504
869472403
369422530
709959640
9481744
314112055
273271958
500721903
338482889
129191118
300721274
315221239
944188567
706083458
313399816
918844955
543077970
737991831
741985679
252859592
962936682
411635330
789063144
808414594
554379241
212691509
850191493
257698169
745501562
30053833
297697430
933532964
466785
343279875
458299789
426288659
161779937
347937599
673196969
548991314
553928706
191908665
824290793
336945593
524801447
886285284
685436233
575169449
181550125
512749190
214606880
791073063
954977681
685403749
28805940
105204803
157719344
250902013
765279013
218045413
822769920
594990273
288939153
472496215
83388816
23393326
388640050
532106487
934524252
414275069
152360303
110464051
9765639
464684147
827243642
42006023
848109192
854578610
785994864
111683687
455235804
196871765
529038576
823322824
9198505
756982767
679024077
911961135
648860989
252034043
825251862
779008991
69394268
162312221
466249864
24156151
212055282
180938243
306070604
851611836
402049066
3717425
688762185
108771643
986313749
388277150
198010620
619129777
225184598
365517929
671356047
786027065
675663404
113235032
865599257
193090446
714437042
779374027
509630675
397723929
273644161
5227897
925173512
34869212
929388383
772194037
865165164
956121302
927098374
659873025
641256049
84586314
83205618
188869495
214838194
976914488
9421253
681781011
905096346
663228598
277593936
351112879
622165965
75244735
953821698
429849962
695754089
862965892
522805914
359119534
358886724
166283615
686994110
454102375
326182260
784374794
266253487
357314488
715551755
396283635
796449819
426980812
712810829
277133545
567492254
249979070
805864756
261998417
772816750
617249827
199217851
692711891
213638031
909000033
796666105
582116077
868005082
673717885
55580535
951221533
298808726
234139810
511897055
163063572
576440932
724373216
632499363
66610437
486889456
766417404
270170707
393637611
615412113
532508333
335659653
868475540
538902754
137704242
876545933
57900804
817174354
313407589
796346762
620241419
676127274
746246548
109666659
982563987
251463159
948395052
225892618
60113739
624535554
189381091
738215653
71957230
289270479
161092559
287551924
806458879
635571995
234894550
510687833
498009595
406571340
176035436
413879142
284309842
28460659
915035774
364388832
681676141
821483748
59954672
135537972
733831845
166386267
542175834
750606772
27784111
496724843
554961954
79227246
517953617
378775897
272831044
108998654
133072047
440602000
983293038
5016123
597932295
563073487
360969556
369678230
533943080
872428974
353266752
473571883
774567557
830407728
14838975
531635538
229777767
55226012
686249959
17518565
227243629
449977815
716435098
740631894
409166983
964229117
696192757
389621687
7054869
267163775
413584014
120673751
958200353
18028214
576914995
947409046
912280363
134103800
269502600
127077723
505122626
723067194
366533171
933500286
111313538
163359960
163674782
49311980
654708356
859461656
247480314
887061990
630898071
303468984
652424554
3
621343543
309098679
633736689
408676335
910318347
190203332
464891716
91146291
488793232
599352955
544770188
24050318
618208423
218765681
368001912
844759775
681781011
488542802
13333436
723580617
365403272
194611076
459638977
870724885
963654524
432217226
159777386
215059684
433063996
506066923
687821707
522709895
164817614
61986364
739347755
297426174
446910361
723170284
153567145
320616384
514029578
852158441
342102086
47452708
500419778
600629701
257416701
101458002
448625224
870916348
253264075
234184609
132939873
654666590
666714723
512585481
377063955
79029780
913541473
941277348
259139906
864098315
713813111
243714207
478557209
646292493
851073338
303125948
627496398
845704960
280362880
108875417
874126219
67408058
976978829
6857152
318330269
755495137
237682072
245998390
958025055
144217650
558406758
525158326
131686220
214326714
324996986
461531401
117099529
297730952
199187744
122198199
239905227
490731187
339965709
333422482
456545723
225699263
658820868
915694758
496723214
893709793
719453812
305930255
149618810
45494949
294712154
822784579
459172659
33777192
483332022
984323169
672159512
224371027
207882231
427445168
231058653
771881221
562473385
636578825
629662055
476660255
906212016
971883512
332116605
836354570
47912340
883022845
181213175
961410018
210397001
162588297
636334513
646326706
964717394
266540976
448954789
85149322
691192171
80092176
886192816
855359590
820193793
203350172
203027538
509400901
891736553
430807464
778221858
886069613
201902786
679905221
569200908
281769705
613207657
836313658
503191658
366886170
591017044
563776722
769811429
136464696
133665923
186481465
340512529
755972254
86901831
146973733
347679690
663622089
444243623
860319628
43899987
142124040
291373755
279319175
822834395
561862397
607341501
860034567
675962883
459900205
522597116
105785208
740729214
756922560
26686422
549192987
510225706
63722646
815256057
413840049
671592021
77484052
700004231
336113871
757051746
470046190
384913136
773658511
192365202
886461623
169053086
343683590
142799713
558739849
463318639
685340975
45702536
528448717
522113553
495078398
550819896
281082494
12954396
161316494
782972048
646031217
49169503
167543781
314869649
881029984
956477472
866121902
755131052
832919403
493529417
111017827
54032238
392319428
475113426
440995273
747515677
862153389
686421159
261505213
27658860
353741594
143481322
414339476
886579870
801146610
872917675
783958964
41457556
748588305
455005915
801184841
985097340
769437944
87710250
46832232
6715406
855361215
189887638
835622680
714896645
960477376
457557982
668227041
272971835
164054522
595647870
976955144
619691664
647422233
76017260
413196222
713689824
568151702
560217464
133363030
540264846
540077965
920954303
884548775
650481731
467751527
871201789
82059950
41856919
127512617
382084405
981905152
577051272
71414245
812902469
254681320
279587922
510723607
494580499
71990085
495919608
274305184
459183247
201131589
476943232
211850518
352014092
562064242
944000686
760292212
528233074
264414345
894017817
648376266
497287341
772425278
249989227
696979841
16256983
871135687
874066704
147479605
900308674
458186210
91033486
911472708
145210321
480373888
98196566
942025037
337652502
79839152
410613042
807255333
56963185
747190602
297770270
870374380
385990846
95413700
781973227
199734717
223462103
878029733
294142721
825316116
207934134
176486990
659732560
856465460
64627566
668072411
726759496
908965476
531798980
239657474
966305179
453080842
688476331
110317765
645138761
174289907
400323856
499384941
400778680
507987159
616611640
416074943
722823351
32404156
815639883
497010186
906924655
262804472
528605085
557887167
50853253
152002031
185757316
247257916
834046610
633118130
480342112
383545133
218892669
531423764
40076559
930226382
476840396
264785916
34041533
800221504
50054435
75436406
52762458
542938691
754965548
865887511
827127515
125018619
433692969
228814442
632456368
920049515
269473849
776408424
623734693
106997310
48470166
731208070
588156944
547980631
788835569
920042633
604625518
400054771
256108870
508119014
329197729
499870717
160378672
505771489
450091696
218336528
360045342
797939778
862662259
866984456
614849418
838299042
526738900
263147125
188274102
414997801
881921693
555389635
301454452
411072279
406040842
934189286
152806391
352471122
642346036
246784303
829277426
487383473
808247869
243458204
340192729
203578965
316259989
956950150
196399035
621892687
634622278
639146361
911180458
977975627
106348849
625138042
413450623
811172960
109418963
704836352
93546022
981873213
697382274
839658611
439141042
601695170
599670287
272601117
56897984
803765547
518111292
769094731
346152660
541980378
484453324
981804113
848472034
581258300
508987664
195389276
323770455
810773623
790524669
796271304
756114896
405995346
335643866
301973055
111940370
759538240
435038197
29700258
18044956
229651961
880289075
693940359
661106507
21500017
838543734
980037315
592729543
770663263
190248201
601478386
49619578
191216974
605948353
303771726
224829619
221977518
909757898
809207265
751755995
355246192
254121391
91664173
775489788
341732816
484720283
35838500
472956201
880687726
855311666
600952724
727719088
81571716
247005958
131777321
713217442
781966398
632910925
14796048
972471016
252956462
230939026
491478653
506569606
135753009
122777306
971593413
245715510
572169718
29593660
439747115
731636047
804484223
645444966
952815277
571227040
437905585
510599505
456063792
127775673
593222700
341019749
824036476
667345884
652103874
640175896
759915438
464001686
435731933
94751993
733578766
730356230
269041278
342905705
804018822
752087945
659225153
154336338
127675181
713245458
40950463
143650019
875508709
105488278
875435085
928483173
931981896
127703647
858641858
634077967
663283683
637883321
676326290
854060004
435916093
423814839
277433479
133132132
438065304
809760987
7794472
747640244
476077510
931255305
1705907
26802715
462395097
384910726
408404846
476909950
785400334
961517936
799717112
784124470
157019905
597541501
562498066
581813112
820225507
7323934
266461162
622226466
346920994
85519121
452261588
84126049
982975113
596284330
733554452
104410320
786253827
383308482
365553618
22065651
294644403
304909610
276446909
501946839
407088887
746341886
577213554
766485522
570604389
215047622
254463401
379779720
818741200
802394083
361962191
591475813
593338052
161808642
351004155
658976384
258706429
105648799
831768188
697666898
246554347
94956141
883638816
107897121
567219304
673361489
595359547
56078216
80299672
307394856
451832679
623855477
179491088
580459693
292004403
334548408
98986718
961384698
865426002
293779609
314685655
183689939
411597453
519349813
166873714
22416837
682822351
765673624
918150419
295081475
506125166
145353548
499081562
208062346
341390339
137815254
841469366
850832927
768125133
689382699
514709149
578526973
300788937
603255441
523304987
893800031
558404714
834705173
133507051
14906339
691703559
240428049
310172519
671439725
691228317
0
558904945
318436506
956100942
297264441
533038024
344050878
980317569
603653402
684251967
68975535
628461864
762481573
383701470
15430
853803889
449657824
441330685
782874968
115055322
609655597
400627846
119553110
776581874
545062577
567949281
865801221
454178819
446215144
762965617
634755098
740301386
448928806
105785857
2189326
770022106
169350521
436351804
648103874
347768342
952815277
37891602
275833165
762026319
319928476
207235337
815598813
544206968
75663088
502136814
637366862
61644036
536249966
327049478
485116885
52668905
214177193
41584526
268798215
493028225
247937328
787362886
828560107
977567840
194956771
180990132
131642056
351754628
306786756
453215176
368675647
570316143
633946470
752094780
575367984
868463545
315833145
324367281
969064794
500539606
274830924
773890524
709468380
131609877
248390248
66938641
543107141
823141566
807057106
860605039
973509567
277312304
374440287
536716368
215157822
566238785
53215600
510710833
928541668
696879232
848395813
78368380
140889181
666197564
165001123
581188366
495396453
218261870
127751182
179685392
834360931
298939961
123883630
858402281
446464239
614298803
562741431
765816946
939172211
846212087
706494108
148166445
627745177
825698634
175032527
746109090
634001034
117038342
253327398
52168952
614314642
176309300
361733219
978587493
604721908
675622274
426342065
173208812
315095582
219575239
612743111
833296116
39604295
413437615
97117292
103259340
159833408
580455411
161193367
486526723
204904334
803851199
260890515
814650682
381577461
278646010
685716246
606881605
493793530
159155998
128963377
317377688
101373766
213470004
165562826
591433861
281114242
233522851
848519353
723904623
374549406
291924994
429772876
6090255
91694112
202441245
980213719
918448724
147866204
822321972
981548580
209155100
377815578
146780782
40965020
778582858
862384092
622865549
372142632
318330269
122959767
466950644
412533405
610596638
536066709
22887292
206819005
736924106
909786996
345585616
355842066
621610848
500244964
68132596
562733454
27368588
588816318
915413772
598364939
689291286
923618996
349866874
774900660
311129676
479351024
8533835
832066090
563563647
623146839
637516885
143870950
83477795
345112679
262022315
71684359
582461206
976814015
636091091
447167028
536705283
118932695
593254016
810232179
184977368
364569583
579951466
754231204
384177107
927531128
788234211
902971790
63894724
96322018
749118573
105488278
471194534
431265415
1503787
836048426
830695656
184152843
833624487
165331912
494205032
740509851
516648297
527434976
244309532
523755303
417061534
915379160
199798916
906816489
540147225
404720313
985230172
279625839
659846065
653983990
962250380
283961640
304104164
936876538
788087803
421319545
556208929
88051993
604293898
503602719
217112189
162519909
620493029
475707321
873231854
903695195
38126374
248174974
438233378
981418480
579231687
734400144
968385747
875655837
461773586
884418643
939445092
802531696
643701071
318678972
706328435
637233931
261492118
496036183
667167760
635757682
635614508
181435791
507117576
315244100
273436665
597187249
957959096
953355823
643855692
450252424
118453249
636510610
62960262
325900404
465345138
466558484
807638930
70590703
652409914
230666276
672443513
424478981
317134947
352498105
168152957
275527580
842282530
898685667
118654276
914457587
534075320
500921381
478557209
255059853
135235644
457049954
171637458
290944300
524812134
924567348
290410151
297843218
38036094
191898909
417362194
706876373
296803256
250163090
602972952
899274589
581662797
721103409
303271439
970794266
600396457
109201598
776404261
739210129
757434783
488208463
670686337
680041387
455159997
789654648
341238273
527204737
802210920
5662429
710962466
359904414
372410202
507524395
111940370
342450756
935056269
421993634
263203895
675931021
826479004
368677904
680107725
30437691
135059630
74317208
811594477
750179659
252497592
466177417
617410237
190181129
74287997
140821402
188760854
85251385
842857856
490264502
338837541
97171548
467162392
819374915
11223186
659849624
303938549
975504612
83603066
296399887
664610019
494062493
192096661
928752799
242062472
652031466
966465211
27976868
171257392
106466953
953682002
665070454
570976652
178661451
462500664
697090697
976982531
93451429
472486297
665024519
253218549
471553760
678117787
673903073
553049389
415759385
28255756
165634324
657881327
576437584
854415258
91342270
707211886
677704746
291190955
159075730
401007827
192277192
485071036
551038622
838212802
693940359
741343510
919193214
982568439
805175644
939894486
10063838
880693205
624535554
725577030
863612662
639935993
674840073
819697533
789892232
675913618
21072768
125699695
348730308
785258279
89735481
371629380
277807240
399905958
970750843
393658570
834656976
16615684
957550733
506608163
642308233
110465465
770663308
95421886
36835714
760845273
777032067
663065580
543977309
123290344
246991260
197253202
755420511
122956194
5227897
620341994
816890445
26686422
428324555
888869210
692637939
264435445
242813092
292496296
601273775
659183983
409818483
825971
345903247
161433702
953266528
695208469
858240381
252976390
889501977
903357485
205280035
599763238
551723319
705005342
23350591
599817137
865151636
866221150
84879270
636502340
562327538
767114281
653375325
261637911
826491097
745228634
915864743
654548721
710902369
653654105
163609193
423839201
825157661
975522643
327605108
633377082
776582758
345605788
867669734
318191226
109142579
701628494
245418082
357484785
794576391
971069268
77964912
964138443
822435974
438485664
394770207
113576533
668534158
950987043
821949234
147390917
42807075
289418932
349767746
774368455
804102058
338791320
56419662
779587413
306871825
7921633
784380504
1213019
64726469
642468105
408215912
943067545
57899957
620770821
962189422
565477211
400069427
870546737
789804569
490724798
654351103
247404711
586736094
273654764
631256093
86289320
366895926
373907675
47348196
624307737
57540655
771445597
9298137
749411825
907382655
100895397
236864554
141026481
55911426
502809316
717467842
712479281
185900298
785353425
844231992
482783936
928515778
323601931
431620914
147648016
361253648
837732763
182350171
938607101
224182004
748540323
550686886
455303463
169642223
20729961
933568204
372645371
133050734
731549050
667824638
329282266
369783178
734165217
126105462
709453320
22982816
250400053
115311057
805899148
777659085
483800639
780852716
980805349
533176105
295829508
332494313
534244884
892044674
192234328
417222735
402459412
114203292
41166372
215124759
427245461
168217658
12138154
63271882
976363174
871951886
512298162
223457059
973443066
725242864
99190443
577877626
525025780
704461257
654470998
574876301
396211004
744821645
45254636
338863182
697772805
965942113
527925206
173672777
6857152
754428916
706818502
48700024
189456516
126855449
186956056
205562935
727480099
269735524
632193598
98046914
570070640
206522296
840363480
259006074
331145647
332764285
464613720
12084244
277577660
710331521
400034767
77551654
360047768
298597688
115221990
120218555
684025456
135935778
220386967
163960105
547622759
393646486
265705219
9824336
27194950
202499844
260847410
260140649
357077646
734966306
499043890
271264565
798110529
932574233
670470940
432715472
66846750
706037758
716833960
851800025
583063015
662057639
436344636
599051759
358373550
791530324
840126515
819571659
772635255
117210994
584180401
113800516
482003635
686555418
186809303
465583244
330140891
904657768
209583800
259202906
327351176
326145954
488698469
127593952
877411424
90197550
830695656
811095257
647575700
12486619
935423089
49527703
891095010
312574537
942610424
353115419
834321315
77484052
931140585
62649096
706820718
46120639
77507688
634594530
661976961
426030492
76209407
269534305
486032001
959301386
720926807
171097768
640433524
644294327
24405236
455916556
386546124
731208070
617214964
777853810
145779385
171991790
262257252
188550244
76337659
779356414
141960496
683011253
522762884
9279602
630563328
40146677
717589279
99030336
12551463
484682045
752741291
316642910
17710144
463946082
281433946
7775416
682664525
979744663
127240929
207880374
894935394
117650836
140316418
499150676
355705644
76266416
692117461
535640971
598540633
597889505
963758428
193425634
653654105
210741223
543211542
909767946
692876449
803776400
556244609
857506895
185069176
401812676
820584973
658576163
557158107
571485102
835901708
891170156
236970415
522706342
718341651
434782953
136906331
666495348
30139591
98388832
261578383
227079978
141257187
782198328
4233884
715342129
769477926
681675127
638078983
262006702
242168666
503084199
498476263
422241309
945999816
910094801
885331187
241187115
751936074
803653681
507480632
579317932
466585385
894302201
426964562
888821380
312291562
953267045
673963063
42295352
394215759
204745852
655374195
91410874
305882728
984992208
422806944
541271037
334294994
354440826
504486504
909502021
111604476
673652111
852922380
473676785
507599744
665106678
683011253
875264790
864024056
940560813
10638495
611086867
659146034
138636202
456922846
226247027
53600010
516683434
602741588
920426063
270241490
152631427
704181982
704199396
608377847
749422591
886759132
549713014
543397739
944335507
274628244
314222658
763076515
785715062
383057461
845979150
171188399
928490496
688390504
378845200
754214670
300126943
426822678
760194941
509421603
607167847
774479000
621869299
167194930
889159987
705775237
46658079
76904438
123858689
953896490
350573655
383852302
645977620
666391213
140162620
93578812
239891447
577535923
18228622
795621489
777486110
517024594
617883053
905870981
451045055
714231730
865864130
965907439
719734303
592850781
569155369
129352912
329966171
29463958
800027073
895730827
941130711
233932540
436129831
943088942
144149505
894263663
91392623
579767869
129963050
219223768
167015057
366546761
977577683
791546686
279795101
598364939
421838450
233077741
633349040
440329487
535618445
293099692
483357081
190262047
400515523
432983737
979564232
864733199
837822990
436569074
395051482
356119744
579033260
630529947
367369972
651476076
940736888
29449606
747600009
875237872
853705466
528848807
980992648
914971955
785994864
512127706
218042041
261836778
825649529
168705661
220860981
463922263
175907550
243272354
335340091
526406026
710589781
822311550
479139302
87108033
534981143
536623192
295263467
867320438
747545155
37703282
983239304
375070048
275933068
489937676
784487298
79062750
409922552
462395097
83287544
250655550
56251074
350627370
231110854
254551877
851144554
130595224
792476991
311121070
765661393
611290179
535092667
196403804
753364831
336463200
524663645
522443583
287141122
325818944
372106595
554218605
706792612
609908417
871529387
599958434
514455873
360453089
35512554
450673773
244628704
706919972
508128417
668293921
419062374
725808047
705058317
25346737
476801887
145018381
728132412
680568689
665088388
822253670
34462173
471136424
636564735
512430
193494924
114556841
806930557
958466407
174071235
102270978
158721293
233776685
947363917
447715384
133636028
816295971
984202823
675551073
66735021
426606483
335997082
810908133
844821895
819571659
269403197
778149128
913852139
912612194
52157219
125553579
444439432
495044149
328087706
190262047
269311918
268812698
169040114
150040905
313747527
456556465
358419871
59628526
153741711
549252265
887541134
251416621
157000990
63808581
229135284
797079386
53491866
222227875
312186898
588418414
901082621
870149120
813539892
316539769
361473566
137948549
45589192
797137786
932829531
856328582
19553780
78896016
581188366
894171920
700935611
922308716
678419465
49799075
354826103
381610873
136740421
564202864
474689078
750018830
849978275
98901546
190431703
497363052
331821059
736361873
74939617
170935803
929623964
260486485
275224157
584424744
18135877
149718017
163434440
718982324
873580312
165851888
107595933
967141852
301304901
477759780
279913239
728415687
71851075
269399848
194729325
934223408
867469336
720228373
450835550
757102634
435809680
813478618
535759232
816380169
758436173
256772613
710315144
690227424
396038776
926270982
685403749
263322956
43796968
844720996
792492393
514381158
713332908
386325232
564519973
28695210
176644979
373089318
762267801
310658030
425770263
204358974
523593740
107663008
63382022
117650836
787051974
876369027
56837458
903951578
777659085
404484988
472089470
828917452
943143724
829014927
602760806
174009111
574118265
44982954
919077976
186578330
143799391
596181312
418006466
547068082
889352748
611169134
924681069
93578812
371482084
256999278
473919960
469417505
983702827
727308602
105726229
33319173
536303375
226603564
173505320
576752266
514928440
746437322
454856474
786864308
411722333
534896402
82766995
597013718
408999630
207526302
909599474
949369614
904455501
837064917
469706524
68899723
304798931
169053086
724424242
338875578
13785342
257470530
512190647
568222169
79924449
149858136
699324285
210501606
378524174
383516593
375971110
296517192
57761
746189174
358491396
576314815
614722556
650912569
292883271
729697764
294391149
687483567
409436597
396819207
729572656
385293819
62669417
303401695
432276841
380494471
501189988
94750931
419295102
648648514
926279647
971644441
213677386
721999623
587865373
152194506
967628270
852144257
211316261
128092438
779108590
361807071
195678715
31265932
757911610
502154726
811606995
363439319
975094655
970554977
95098934
861169478
7762347
773605406
101161570
535848446
449175817
708748450
26241369
103829590
657241240
901077508
150767098
370644852
68534197
476839843
347806970
891359604
463076316
826495693
858503796
18683528
356005448
161112294
255540314
218819552
64710495
819488937
541102822
464822785
356210799
190248201
420600141
731161497
112464045
783109072
291247087
113226555
515986116
6991865
88380312
766969171
930130815
681626503
954835739
890399210
728573296
635263412
57605358
329818550
480076402
954021036
24666054
819872619
526103552
141263245
162142791
532529069
13404559
420614756
469220773
774246195
552578499
419274861
702949042
349393569
656061953
270810219
896697864
663681943
817206703
391249549
553266329
375519289
923502251
12486619
56820111
767829416
288491234
661128630
600091885
461956108
973983144
656702255
27074603
389244450
887729078
917097643
552701658
394111955
157998602
908862166
926141735
163288655
73952378
453353283
848831771
712025740
977275038
717995691
568100765
528705723
542210871
567899451
382356459
885017016
511422836
932427167
972158170
908639958
950962181
337910129
870098951
523471604
328481352
198288311
382609511
256698807
314627105
525603447
573964992
583033135
739699590
310258791
304068844
872917675
716706273
960750875
68534197
569530923
858106532
321393617
177806846
540637112
734270180
322490483
125106829
495252055
634117566
900576672
764676881
336246586
619447362
226024170
583704419
475792548
302485678
824214131
141863452
611889781
479067995
346253006
10661613
147491542
564770947
833101562
320848559
292575282
310017014
314783137
640256342
243510573
809567485
796934735
124664109
184587709
841588180
795217296
823812056
368779916
57710927
418491019
129574878
716815028
64359373
893108944
571255837
277449015
298791098
828590917
247356661
449047718
388673062
892593194
51302321
978587493
813965282
704162497
573199303
77442919
232001611
514653968
433130765
382223368
660384270
163466322
52208688
597593319
20222937
67073353
303401695
50557849
571493480
611177977
322255718
15695592
174718319
649435744
844321869
885748100
154230916
148751987
643404273
496724843
828347726
130414399
690094270
439347522
722606226
757086452
468584795
96569873
528523903
606209413
314860742
865499921
846754459
388673062
108923372
744503106
621420097
526811924
302656042
907410020
926467766
663228598
454249024
806060886
236046111
508335580
747600009
223019953
82208223
674073464
922589996
39518816
954072156
560721950
852226803
116217032
938245396
301114290
477212895
784792926
288893452
922407478
742720782
796626627
779108590
253355774
763233647
682753063
83332650
161140615
100542075
930055256
807957713
968710375
857504798
792129747
896000259
29188917
744015657
459192476
780345551
803843177
156813427
782579673
637671956
495251923
809115309
31797927
409219415
443496059
578050879
752600138
206251831
47108792
681835292
631743847
282807244
45340543
820820886
503931876
101229462
214761355
958273207
774126290
380073289
21110626
759923229
531127192
219179162
324630510
624740715
126751079
400069427
30929271
764519727
510324524
244972458
862587379
877207495
426406816
425394219
182434185
816896331
548630778
219860856
111334621
138480672
405516313
563998689
47912160
838662918
318195368
984559586
943115868
458032474
961469090
36026661
968444518
887362040
633860343
228997507
423372712
642524294
1909618
986321530
360616684
751883779
155941419
797516299
802016340
345827722
538888696
564257856
113968737
755693241
974690707
711829120
140042194
192921345
307450209
430671005
49155666
76647258
805851709
596337338
751172226
479923380
293099692
984815871
253649836
395489793
61871577
418625596
334998512
668656410
566897570
147825266
951832911
428435802
457416615
916434364
630615022
902363770
757290430
814448270
948897986
557723417
110968290
948702385
954530634
363361815
535937287
87565782
857199434
900667552
200777305
816909108
586160340
779898448
847138841
145727300
714147240
781588052
6292691
93953980
828434813
92403084
912342462
627073564
565306765
584946300
408637504
631916420
423701856
71255314
461557065
325502266
46113456
241947320
922356835
816347919
761223371
468991524
343254139
522721238
192192395
511683588
745172772
443431797
905090189
665194636
956773233
104326391
175176196
398073530
695117347
914207889
376071060
528911113
405326113
650927026
239819687
494909858
48225265
708336368
397439485
141147314
308732678
228176336
294997871
20648740
818636789
419324817
182736091
40170795
664491245
80579996
6432809
707948522
438083115
790914060
26583766
86008225
212978472
760149225
636229692
15694035
367630810
617590526
710268877
5246825
509432188
736454038
694710307
503050690
285690021
975385937
387995114
58900798
900531218
683258829
737935667
121328105
818191706
355563804
128378920
312032035
267991945
499973900
219361338
220823850
786046018
781973227
203666389
83682607
151245925
577265651
825316116
711682248
455726372
515493485
201363373
23185468
477644917
363158295
104655482
110647603
625717386
887795861
868065319
532981592
173723680
365396507
882142079
712914714
730183532
512208516
779153392
627103898
972140208
114933167
788677414
242674607
622666
816340635
503283009
88075283
354899100
78756591
113970422
961983920
766355231
136915908
393693147
980203127
880456277
133500542
456256634
722292545
40069675
494015441
356714196
23265183
692836788
443402066
856676292
808924042
875628370
937725240
58699660
559930120
170718119
263186742
850445942
423364230
213113855
206674170
306117151
620133080
640540504
836019319
614950657
58390240
184002869
448945445
499787003
61846894
432734454
790036092
851053364
714152670
80608164
87735585
182485456
965989233
624817914
449422156
660335178
154380544
875205165
32460653
349828459
505613400
341838867
88935209
222381140
139264501
410930018
455503980
149330986
732503011
329266259
370730635
885860581
864289478
980916080
9783987
229622754
401446479
766850939
449340170
470529949
599461268
533092955
381567330
975015334
642690493
69609227
160082224
652133169
827312023
444166085
471611270
866480360
624922118
797379305
826794140
925494896
481937666
616315345
287722576
68901716
818648743
661106507
460063165
853168740
360488941
199757479
833839938
915594014
374946140
569941297
777032067
463675673
876116505
523815044
412265361
115904086
50156312
671799939
806895119
420901130
361285154
342324009
253462876
461227575
540147225
826817819
244776106
862433066
887541134
448392870
680264023
68036375
901846090
204139782
582056489
704979710
303474859
871900349
59017444
222860820
793025248
471027193
735077074
844351774
978580099
258033271
408014327
719785195
501460104
591649259
231229314
857700641
908455281
60685761
843828451
833201617
201201580
705677055
795608021
182416663
150905119
236597244
555841916
503580146
603297766
400389592
738845744
373907675
951006261
795853198
636395847
148166328
145210321
659296710
106185060
252749534
586121848
514293013
211238856
162304505
148762493
19384826
937441029
508287048
345441924
316233616
749701551
393634641
134161151
584236208
290058242
87708227
74965385
529311292
629591730
495837742
939634738
737945867
156122160
130684550
615089982
873600875
813076172
1663440
877123986
974108944
532579619
609487673
887924976
851599470
846169818
108435851
789123440
61398522
415023204
941984198
805172635
324814458
373287264
630708636
29004452
678470672
832450089
115305957
300187341
728326548
868471404
587562608
886935170
497730750
423430121
431785746
25600
570833371
220465506
596481258
703167993
467460259
617198546
962019714
666775603
214174148
15052583
482255172
284309052
339015786
948697225
478554645
765469352
418685632
595694456
232078417
49265022
205791184
450098370
897160752
578001236
840228928
532615161
493949607
834850432
411008874
618551688
21467372
900869688
214548814
627250791
750293831
840973879
393012010
298561164
884105290
517771921
455687384
16584176
848425123
61912218
344559355
588048252
63110913
160857585
626284889
3889
265020189
258846776
478248758
263210068
389577666
893898752
100858768
933731943
7483455
409422652
902221831
752012084
727434425
32232091
477179383
753256223
846212087
545845643
792982352
777552949
778728638
827767137
256178044
393916350
472102810
619181888
980727559
818475068
524657600
417451902
910157014
161643096
202312362
956325445
267713647
168252608
113247026
708706595
177534435
774246195
783585428
609273269
856766908
667684371
502803659
929068092
426474271
70085526
168800685
137700358
817716642
260427232
968800086
699202027
696787310
60636824
178746665
928739575
939119194
847157887
176539972
879159592
247666881
522592922
903378999
611113001
22494258
986108036
43313889
24504977
608014369
902085335
8349973
471282985
42784052
164886835
95848719
174505836
208552791
675657994
698875861
264954069
739344170
357331890
381093231
122900329
768412613
654455422
111896022
776946829
398409806
807680264
978022768
720665713
655079550
585201086
476485204
728840345
21437280
608167434
654911317
785602129
956447944
354414480
550362784
190155804
186681497
498259084
337211301
366325207
465977477
493553749
148403784
734072182
424717192
476687605
83380814
763218494
422842340
469296363
264367788
517621080
643923814
770765471
187548059
233467516
765872743
929740797
263187281
526911177
308571986
413931185
967971630
298380646
225051877
778591489
178679376
511030458
186336026
795007672
730256468
347791193
618699302
43796968
523808719
860227596
639355491
937194221
98011734
836175535
52752806
404225798
92538148
506127929
901752424
928642670
665147677
159662342
936425195
586942801
33550491
116291079
578316313
884985307
764514814
94804036
148093027
979435411
396662137
976162105
248661102
607325977
911689784
326597558
164124930
228379155
271283399
159820527
97821772
853731750
964372453
686743725
241150149
853075987
64503703
901251932
913274697
664028336
301924351
290248385
445040237
154515395
308967753
876214141
533622655
505079340
433212274
822871201
858385322
574859463
164854564
108839714
690094270
888404542
895500399
419716206
228248258
182599794
648355035
679646161
256281066
879630502
93173185
339450669
884985307
665911227
462456221
684932488
922356835
431654506
799787502
789719984
594619934
418729925
216983177
97821772
332335790
635407309
730554582
732971714
745117740
372095252
457597751
947353602
840160950
428683887
763514958
8946062
418053229
658385595
466289759
381807528
453210916
112349931
50798078
841750166
224341736
143297637
384852395
110914491
556717429
536765013
74287997
838212802
726809950
581636071
652906771
201201580
981141230
864302321
499285680
21912906
194210816
537862124
571782099
244627451
515930186
891730150
179224834
906961369
562319211
711957670
965584851
127728912
897914959
761594648
250902013
191707155
413480060
294754578
469451331
230163811
357251252
574045710
33749602
617856169
591656471
131498013
453801461
322755800
21416222
598623876
302350685
274172420
978032587
191767784
724435189
96496707
378530742
311229594
610161085
755958201
884261179
350527826
58220886
832725130
13652504
3267435
242857827
646604566
720126389
795258088
935057025
619851148
960297740
301332960
927539150
507483042
364561270
726183760
785009616
350046550
408133610
851695291
126133106
248087062
532667303
302448724
881744129
388808336
540019738
707386290
230774666
383718591
781538327
102931190
239036173
922308716
346971916
294754578
341615775
980395569
978404839
900099727
447660604
4914524
81178458
83649216
94264235
984259351
830570053
568836260
547990539
217108782
928746667
974993787
139354430
503754382
436494083
931872985
117099529
571081266
247915182
839333931
56078216
816090718
309692022
702383371
756096769
18036885
964575839
976138842
141841947
405861900
982741492
181661651
546554889
590317721
125555816
164364636
19344799
782892976
300820280
476399635
568422781
925031967
275386343
534938945
638550695
886351874
509019021
982822012
380392312
219599666
614298803
858666781
606926513
198024015
812657594
284724421
156633939
615172944
17666567
565171195
50191629
446558336
893056056
860242940
394532055
756692276
59733005
935593167
749747445
416272002
483332022
653355442
628591759
650335568
45766522
587592278
744189310
279019119
517275198
387271265
746487156
877246954
752988458
297114898
571650271
888545086
805724743
492717033
143912260
163047568
804471229
558649842
411365993
716962083
304714020
473336078
629838732
344559417
587146718
148308393
291619329
96102911
512478553
643263855
388012123
60608156
411283176
457627493
579649893
627949173
219649356
299122919
282260383
549420343
657401690
573468732
906141843
685869753
559172284
337875300
975125032
433930055
929834273
519264895
812393644
312242551
498476263
52460640
207268942
565821744
17285352
777665086
592715221
654357168
820670650
568856328
576606297
133661721
922322526
926044259
716266850
300613936
946883024
866344910
9422696
819715144
342821256
340788190
650815513
308725690
552270911
222352843
326446648
782629078
179752757
922070915
954128269
31745708
980415976
249359592
878730559
814253715
488360257
863948203
93226880
568211165
597597627
552778458
147781453
903892524
479460398
5964901
434549816
759410906
459730272
53732756
621494315
647149792
515103472
348687482
75044777
576529453
44902053
832598544
784344735
594875065
201574392
622435594
242644324
611510269
703978565
893029036
534217362
406296429
962058131
270705104
247096612
561679640
28004256
700697884
503662255
769689209
761654146
357159404
986250794
442420594
536255351
945677168
330164200
594498534
859427221
24169181
250086896
231883820
750295404
219676628
743291527
928142196
633621461
133636028
475606703
804169397
87979283
232452813
773508550
165286136
657256041
557467543
862888102
631635472
767387052
481949531
467921829
932942224
138626676
827889272
742615886
938279474
130192170
262557950
605370717
502250529
51786981
662972105
386179350
113970422
589909441
105855341
513757148
692821511
673455109
793555136
790712750
918691100
409738770
642869809
985178374
476667958
558106617
210875269
653916239
503433410
642064400
682573949
767143121
704236333
809426284
128438632
465907735
979627609
117880799
601556312
481100854
426261004
366604120
124043343
27604322
460658362
34041533
362357595
359065816
494304386
805988679
40001777
127806978
924581647
663021101
967250140
524968151
447670991
855467255
92275389
51350740
741542847
828061190
414834928
651615407
384026171
53147172
520208054
100044964
413551352
503607708
721957425
846648511
845381914
586039436
190825003
711407605
844792663
977635586
129963050
481730245
474170614
423295117
812777144
554041665
928530451
576838241
630334366
876188244
27081986
304591151
800659468
522339772
196409068
543902477
762481573
335178587
150373255
903698911
199537760
254646580
434351631
351671568
245977964
923263688
803467
17292473
700246890
292458638
51514201
253307014
758939132
600445950
766466985
568316253
929780550
904606960
543211804
284069096
724972810
427104524
26548048
647495501
132438518
248661102
120618694
625560680
577877626
512347604
859544033
686113767
323971664
383923677
328732695
400179914
683743624
32583383
824857885
838361292
6015589
557647504
696279654
481281129
42262465
825605868
438552263
866425037
489159673
869252487
971269810
383778052
859831915
450248648
557761230
549684545
639266129
46078544
767468294
342226030
634589230
288698039
948377727
858513562
324418873
816050146
122317586
573278283
908606830
815136590
697232141
958080197
938088069
655019193
489593347
482407033
761380159
709697144
350595450
779898448
780497730
810359932
275329732
749709929
363089650
493340752
263061709
387598517
367117469
307636254
865887511
165081521
31451415
338089819
826069667
552675916
207357297
130717173
632910925
648156014
9862382
795258088
153437945
963215251
760977494
528290558
197286776
210177564
643333117
476410403
869597570
16998183
451590024
327718377
425784451
197865647
190669472
382255570
453571670
373719181
340475037
35231710
311749461
575115455
199179884
429218810
804419359
414111064
811606995
133684124
758322098
958734636
661488677
714047507
608031934
514379952
398493694
776785395
9011173
452691081
17558427
515666280
792284077
6518645
689109336
518968801
959611409
746695982
641294452
387324521
218871500
308114975
217527064
22131
463142404
453264410
432558174
812205068
191033272
47905631
808441056
225537920
859997800
959021542
117393502
125646267
772794327
627723261
12299973
191550666
696605155
984961281
279394997
200075153
16342788
884720502
691013721
342102086
107799551
328238886
272035207
205355281
652741560
1279642
602889168
367368790
400713635
435871404
454228021
660266926
626489727
515189066
368061123
713008866
767140188
600146387
919570982
577739642
172622790
389063204
465621192
257470530
666384635
237410311
956477831
126526278
462462052
122642559
273231733
188205825
622511469
852198066
892188035
937130078
965920952
63949998
320164531
568393901
469764927
935688581
510874243
5938242
717744793
361826603
166122460
532343322
563500702
574840533
673047718
731427901
121252901
119127081
599253929
629199402
160425840
904224048
507432415
457033996
301724809
36461287
182631848
957463817
759735752
479471324
449976242
2890305
507908241
364726411
270916223
308296486
160231898
259854932
297393081
528070624
885118940
493498255
273050367
576383374
948944122
412355791
627489246
11897287
230576376
165477634
776535237
862251270
249134997
440091613
813269714
38251246
544874032
563616643
807762077
771839315
439297039
370103675
127583755
440492136
849805346
934496267
264247592
824989112
136158047
582009872
970642830
456841372
273558834
10291354
973183046
183036734
231457406
813515151
8372459
771409675
629454547
295275446
860890304
651989526
166468941
770505915
336340519
710883655
580744636
857885310
577645631
104256650
514142537
444524173
937614293
807961459
896578859
834437397
657768743
334786423
227379869
453384584
620838716
287796248
334272944
762244159
534598302
940858201
543000347
882939304
605155048
132666190
446464239
109043166
980523171
754474491
408055196
711152566
442291892
285039928
451543632
583504333
980982555
841374810
938335959
216416718
801514440
54269286
85967546
271656391
890204990
972402288
478688755
446939446
293210626
147899086
56134129
380640367
37933008
825918073
959951242
476569478
68975535
3729841
621626086
159096760
345302728
242241526
452812892
855361215
305703960
223088334
278238982
364885208
716626758
632400382
586080948
212676902
471773806
10159633
835007575
586595903
378008405
15763486
639058870
96750325
658221921
343825699
447086079
505920057
571088016
756978218
437715218
30926750
221397874
927400315
588103481
537208319
129649027
636154524
473325919
215222205
402786673
558067958
122126621
683379300
394598592
809524299
528404119
905023457
332764285
408727048
585173380
336237789
520145003
883836200
489649848
108192719
415632933
949143181
745542102
858131676
171690711
863295133
476369652
352117861
383490488
87060125
272975926
793992035
481949531
257244766
880762674
244020532
599806222
509705350
697574975
48003775
102589714
602167515
617135804
588519654
923592282
968438171
562371014
851821073
353751416
135648033
157589904
397275853
252798361
168854929
148426833
958471320
222320658
452325894
595819284
812436577
127861276
666893485
335659653
230999967
286988902
222205000
176035436
103392742
774406913
363202171
170935758
202871518
698574859
591056792
418390462
239892475
646669217
479015890
776581874
174032354
482635333
35341494
50339093
631854685
662939552
279865838
523367411
222055642
858940422
50695553
256820636
910508645
365928397
131229545
256188664
502248656
447403864
13287269
692375075
937825804
600633914
303987235
173486723
622752828
811864795
538032807
180443063
828251306
352781997
33777964
945297616
363305383
364864410
25372726
838826295
527310216
887455828
854211088
695834814
280786969
891488059
379742308
434549816
283738493
279812861
605430607
398047678
824069574
124685296
169386488
509699277
957180277
915493423
236233361
254914763
344971743
249294639
20999762
536994765
91118386
548162608
238076636
902526457
85732465
211884976
216659410
140025415
447678564
257318845
337379698
189274168
772121675
790827553
268544905
727970639
378378026
613506031
767405131
774963887
433325812
94155215
110968290
664441975
858809390
889131851
387749837
890769942
797055054
792560286
760584202
558724278
899823608
427790634
581473391
236455537
204068731
797618325
779485628
701054786
141504166
656835472
508678489
707545247
23272820
333746890
840759707
168237549
692724627
973784391
440352381
683490124
374740840
771491507
803890235
677064251
980076610
497326649
713519106
571457493
354702548
426671770
262722400
758662487
780528093
480105266
10395404
960477376
758863259
255663052
568886470
192462095
11365615
746278587
876012107
577609776
139443257
833877162
192449362
466564202
405092876
570112978
459980155
359997342
269427097
896231869
121775605
514218692
583172429
361617187
348856781
770883909
225892618
922535515
984811899
938371615
832256636
905259429
814608975
5373230
747659158
320025464
179051887
567915904
311762183
117240628
926663501
564471843
168511734
273190456
625124081
23652799
264272571
369182533
475113426
524459364
89813121
26918590
326687529
437351263
193321694
68840392
869736492
581266759
565821744
974146669
485834403
610991195
653961326
272481881
828636576
120314305
899425195
819079846
922372557
809443576
579918769
510377432
324766181
471108803
109142579
943947857
51645960
340443148
376962813
597617465
389621687
749164555
665674655
531788558
551723615
955129710
182873314
406684188
837822990
806130987
527336305
842446944
754589978
684096825
584701837
249179998
737433638
795485623
122302448
786400149
658563506
223590929
741460751
859833267
495458624
359243750
253571644
848681345
166266191
811765121
165761057
507828164
466177417
140916795
982184803
283172971
98717639
656072786
764968430
736074922
129378009
945080079
449497093
592330724
193205047
478554645
438516168
301928160
956354147
321169334
331995991
677151144
247026266
667054453
863497637
371675834
149385762
113188361
39279821
169677854
101919134
610458676
779940201
924418735
613984755
34079534
687926262
155917868
499862234
547926880
813933928
859378905
904936722
719438701
851823962
209089929
855850326
740430142
635939751
164626949
672293375
526004854
978209500
377821437
393747458
543519272
216659410
944328343
191028597
7183032
568182582
561047932
559209514
975751366
744280976
879395363
389498122
497294611
731331597
1441613
284189869
326876822
530520664
374101215
940705823
426369464
732353484
92980347
800637254
863295133
132533430
3896568
361621687
281989131
644651710
184832470
203433703
822769920
544423107
611542876
245270359
53175201
434254479
519561626
821213079
11763174
679635745
302475517
324998895
966777291
772979055
873248512
916325663
845724969
332327006
603830922
70317271
112690451
344608328
583775661
191881904
318432732
950168577
817626495
127948013
59463948
247026266
572108889
616673511
854043332
794793637
373303116
550296534
956773233
867048531
855821798
794088527
839449891
541345662
346626615
49693702
836242950
473161361
620581405
80140858
41158392
155113111
968452298
202215841
470320831
657249600
367917202
436994755
942264272
319204014
954092083
389876309
120583629
811260603
711074526
853749506
830403021
404964430
493921234
771365832
323392528
324202643
206015551
469992495
813300394
192580527
63867654
147365341
660756588
966845167
672862683
223019953
511622219
19810133
171873581
605376431
271119536
192667
612319893
490600058
620382212
765130523
187870470
38500665
381271313
119286470
918386408
201826239
122694504
916132504
279098010
142021924
209123100
891684405
177262456
919701005
573018194
912293933
727177711
117601187
594105774
515964678
923407193
535575705
527604694
458081292
929862214
896486401
291979413
373289242
222971656
127593952
833058011
765343722
71193869
980071309
240769242
500915673
619498126
12671580
884813236
457615635
737817406
435890275
403847279
465133801
296382153
870255819
1114856
730176632
140423494
526002881
177013646
357362736
524991742
31253152
323960049
68928106
847413689
469339940
966986199
186989653
938335959
547250700
267428534
374573189
953295896
480404291
796131293
985221667
48204164
889012928
97799973
637504548
642632783
118664928
134516164
500452730
508464634
657101128
977966988
649589831
773834590
657065368
559680051
488845726
113054420
1439825
481867745
127240929
463507456
616570472
261637934
326225093
836425333
876816646
4544536
583040764
804853601
686072970
578099855
721289798
474704176
133373846
595997300
694698039
515666280
207825650
858732973
565821744
882618203
961250273
642921238
837219474
844919347
293933960
590005672
922405711
967132154
415221861
632912132
403914162
912598730
491815939
39989530
850212369
648642984
985986422
268981659
12511024
638058696
339767495
625458289
36693740
458856686
405915343
537455687
756424938
718953824
513824552
959379442
587790758
266290930
904111900
601559564
629199402
441720101
705290811
788872423
684937181
22918984
77964912
65751907
145503350
456063792
188932643
365115143
504400601
211724351
486835253
247069343
505508961
830001780
358151433
979915330
166894477
8085070
188429081
530243643
438305968
518637102
438189773
652358077
939095350
808025522
188821413
359201753
409331782
47623485
417766102
345082253
775190863
576838241
571013794
848116377
815800837
663657271
101741820
76464746
415432746
653736199
838695331
849716702
25976760
116752497
70090142
818076919
721437760
985154892
155145261
302801931
146510821
929876134
500727835
527125701
800745712
140774801
547369766
954959247
459321
106275078
836640710
357178893
721296976
372557673
735508279
614909987
938347857
934051809
864106862
486878864
842568319
432896503
157024828
253766722
474714461
587514888
191605647
252464705
397787505
502273445
593281218
371959050
176385664
743336302
368290366
647565508
584773452
787615382
316309607
420319178
473270094
346385505
301924895
374397173
767681947
943641767
679905221
107025810
795129465
180478667
37260326
512819365
364098129
270354898
966455763
786102287
557803541
23107116
222589356
608969669
567523551
105630785
885349154
708356617
203394991
731838007
73705888
754899243
113034031
353713581
327304801
952079710
749690175
155057338
755118124
826402076
613067198
340541304
970790144
273925552
205894832
405423936
417066785
329083002
497197612
851021654
901463522
542191496
486534094
534789395
331403341
217731556
268201030
305474427
539011768
886051777
11105944
346421133
183093831
106086102
807927614
591356938
227494063
85274609
642282254
534050358
677101305
783646394
170961230
524858963
123956858
251926990
822266162
16222615
109976933
388619546
710141089
747195448
198922582
432621916
208753959
683049410
174241750
232239773
185633039
47535499
13758542
421524749
229240224
658272934
790949846
765027857
375382046
837603401
352050628
180425936
786337522
657154532
781603030
430219747
410573760
633185093
659687792
846605132
984341468
553207331
238014846
125501811
361297545
122726515
557413933
461881668
228106708
30556594
514857428
821451588
18970933
836730276
232452813
394436399
144744458
60667554
469992495
323616875
856679267
778872960
265423571
626348785
123923909
599624206
546279396
942538183
24168610
908144759
501947510
939461980
417680867
716236517
544919101
17668840
701543826
851057679
398968903
266262476
463161188
317934821
512119267
906418600
340208939
626738134
228683096
102364203
594378983
552870788
366056461
493310296
748381535
490475671
356458290
758029917
190762087
608446034
350059010
371165232
475562032
711063798
780266749
689783656
637648335
21366084
130926965
966284316
819328816
832936497
500399632
302425926
600808511
893562004
933006676
932549313
764479537
501905903
254045021
784901719
534832011
198704206
624186050
409219415
305131897
765998556
182211645
953594737
442556838
609055074
49771516
16501955
920820095
393022576
807417884
960351712
317144515
934784352
49868790
279039328
339547251
492306367
817493985
367184129
642796921
150120034
99002736
32460653
597016913
195459731
699237861
891523174
117998463
582075903
106595833
751234857
794793637
553454156
306928601
540148479
225449952
534166370
535165210
620203137
652132886
758144967
393183206
352196981
54154342
302675214
801819104
454413863
787855724
844354292
111629369
403067830
623141662
803776400
272285703
416377460
24050550
826285077
513109303
451234714
954817327
519515507
163681564
891257990
266290930
391701259
45333228
224656597
757841749
718308500
856015910
331744265
589041718
275735718
244309532
135871647
68768988
41457556
514257511
196315363
734606925
421732572
776546772
900931116
970754875
430133738
267350446
509287118
52589071
786574887
230753029
901548399
685378675
615311939
428538928
847994739
591540033
240160648
62687344
106466953
886091487
763980105
958683098
116129507
771489408
125416495
626325437
320752047
891257083
295771555
685078096
358232607
255742247
692821295
107181039
574085229
208979472
626438600
364285914
40090127
955606416
785528024
679850547
524972615
329934972
668266673
272728034
748723623
543966088
608728929
822597985
476660255
389788799
938881978
252995218
447472125
74144216
972160369
928171425
92890349
777274483
402674531
710507780
934666017
280981010
815549063
296616328
984761464
833307667
699646798
665668516
903524129
372145032
820050301
350248420
321764332
630320289
689319097
962953
77385903
648777216
867387722
501658735
7586217
120483610
510521076
968682112
874419115
357626070
319783420
706493893
287616998
230761706
925240918
967888166
931312550
538616188
43796968
279278882
413153944
124992100
417316888
128353028
933941441
66199130
174683148
681217082
353456960
692064598
231787108
300474102
942459565
45893772
918815608
742442642
944261625
382205139
443679482
397660080
159974770
666479411
754309335
739450314
165719655
514142537
596564288
849951182
976035910
897481871
343260235
373719181
857312111
500399632
529681886
102085664
513999550
230778553
932863538
65728543
184364343
13094066
619553806
313789429
69877687
977008452
133398840
934255912
851675640
152596706
688329222
180446161
229183899
520217446
721946171
546438752
819189294
237429261
919701672
919637058
638113998
836799356
45507174
350951484
435299013
921146608
253666483
646728412
421867106
741932499
623324012
693366464
683379300
68608436
266820109
513341422
925128896
298400894
57735895
42253963
649145742
418390462
613798753
235355973
220877518
851762714
312961113
290938566
543708500
68319275
35825957
216395434
848859796
857003667
398204378
172727089
228997507
305136393
293752072
723483786
321849904
40645254
788547102
426966401
975226077
149105094
407487016
634633203
175249300
822370218
251579321
219014428
153784671
346682598
300322072
711854700
502287626
223498137
439732851
187520843
977327032
830637542
203265970
324375310
774199167
125863080
147534327
213867860
297269439
173862030
315813039
399215416
329938547
429708698
509600621
278255282
207496414
963005246
493761213
253859196
172982631
828535752
115356344
698710979
782999403
703157787
346100851
288679
47987504
650695890
104410320
355995520
584092777
158892106
263168378
526504780
764309122
114575227
627286644
199032207
269765492
752933943
514379952
312717194
854759853
688573925
478973401
231019824
937207810
749338533
435432800
927147441
316449079
279571246
828647286
455823904
306418104
846949713
826926399
693549015
581715823
383423165
30790699
607756696
175115861
231041396
281216989
527301865
674826790
556093371
811205896
97682716
728720538
908242396
921243046
378445570
29312480
920397302
181712160
173655078
401234073
823481413
109536733
905184686
449335471
52157219
255005816
315099573
445271074
323857101
694329611
911961135
308071983
114553895
423117701
805066277
850519431
701311486
299416487
926019724
44996488
726362575
265062499
666400184
301491302
679926669
191605647
869026741
165145487
905111747
270976175
872280327
100931264
950425203
115938730
821631719
114891632
786303921
782841497
699439853
697604875
476989510
957180277
13632286
461718258
390241056
787264972
932679142
763793495
63125885
60608156
667939550
650607596
763786426
466651755
789780841
716411348
840369718
23309821
316295752
340109068
934341292
82648932
982779133
509531593
450116483
340848607
100132903
47069574
651155821
192815524
619368106
437005296
120041072
772541375
27250222
661143674
108493999
253753614
51938
553852650
238090813
889330499
531473399
877767406
114695950
446513029
696644754
183703145
551633950
919379304
764676881
432333407
554035540
412878605
672002669
432084415
724802379
254895180
602185388
237735445
738150225
502338507
285358757
730434387
641022331
165956900
824480335
166613558
747740594
138871535
896231869
376845990
574142857
826683623
954139522
212550028
336458237
771052474
547126024
218752928
483701586
286839276
468389880
970324732
510486637
592207207
699066768
71292949
68048270
695779707
232253265
923872474
183757432
279865838
725890417
36747002
108398498
571782099
18079599
687053629
761149509
581722425
92370824
176072323
519433190
210359905
798355139
600572036
709868764
367873815
913016588
332464285
497501756
839966880
259232986
83372544
953138075
115384776
212357707
297157529
633210188
587471880
800285022
697795238
519030099
650542823
150317371
939949321
929901404
721296976
197817962
502252704
27241779
105247185
577928781
833075687
36830073
205067386
7624298
776527683
212893628
794823668
461557065
288814781
552724343
824779113
469109558
565349929
451787246
449744573
263409212
944698752
501146136
424669012
768378600
618140296
886339604
110890503
844594437
657065368
359387550
715229124
195076620
772385085
634594530
51862629
804324174
809588612
625455532
985281699
239361809
555705253
540815985
856255241
156824008
338686444
836513992
358131442
103723885
822476559
887795861
522517514
217115863
464421603
305823566
415032713
877277604
713106290
387416330
62171887
82466060
851259516
888135990
684027109
388578778
580672904
385612073
269155022
840332683
263034871
347937599
811659755
709730686
456357201
670354930
27131790
414353060
240151289
5076146
513231704
407982644
666653866
583982813
79312520
805615258
408432133
564371074
984829520
323674768
248095716
237978448
205498162
329204383
767146276
271797443
211292853
505466008
803112843
868350398
755714707
478973401
63374682
656605483
964762135
941800987
765613135
395411335
770840293
59343278
35401064
762432048
591412394
756757316
489571377
214344293
46666812
272669152
672717478
596100352
174599623
703955106
368664504
327718377
72406890
944168207
602397374
254280309
410607469
693787843
314689296
868553392
308421765
359114750
298996049
27543067
922308716
719140027
674905608
301355247
51906641
964977131
506608163
287765675
377141046
199762264
517482550
847330080
902944935
211697084
467471049
940772126
957802982
841507956
77063065
813893284
845779022
355108766
690751931
672662024
979779977
618012706
775178579
240523368
779465892
135736094
713115709
719188313
126022461
198723811
493441457
345761758
39073860
552020124
953291515
981099290
528705723
431836826
334660538
201659824
337760742
468414178
388993428
129205763
43978124
354359160
830718407
296854655
766778586
262379698
620503858
421453623
743206229
19449303
484229926
10159633
319849532
684447134
892085593
101245737
747192626
741608424
586754193
648650016
328829934
792101457
843159453
837151547
656355442
203592890
128207402
519377993
889789299
964157883
126191633
725997457
425134679
717695151
319993065
19624217
242137468
910116080
47002046
282598920
745205138
964138443
191557936
875986640
779587413
466093052
489863498
443295335
838898124
532338659
853424042
481417766
13296553
169485915
262124098
586122867
686679582
631216197
46658079
232604415
23280812
669913378
560900418
564985242
825556787
623107605
890031260
259778023
720298760
162101917
764191146
231696024
545843174
844700039
588348795
736001722
368418796
381132733
648210038
120579353
543988220
428435802
504230664
357559295
578248214
589412096
729565289
95523700
834517711
149244236
125669827
767784260
792628859
108104779
523104418
574722659
361645627
371027708
410623846
329656767
468523016
427438584
738343053
564556709
747545155
742510903
776366914
383398836
881049190
591750718
45507346
76097238
750082973
752296916
72172524
485116885
703750196
377088539
33990453
376673204
42066198
344617616
856679267
595647870
425937930
495436649
633243419
335756631
805321101
713543417
403125512
309250222
43099289
675740897
632273955
903043326
126147732
344675699
930786629
534981047
972949935
145749141
925160206
329062401
733492375
401136097
147855177
377769543
114443149
42704045
725343157
459074767
629716609
664834415
659849950
331362367
467921829
79219133
925773663
643457223
339351541
881620003
501977345
955422084
692846317
399085361
294668155
856680165
92316743
513541470
678308504
412220767
534175024
883966148
258533832
103001931
886324447
807625390
878468965
349010701
265119829
893049508
388247497
871708779
903931473
72694553
200425921
57129490
354258141
981224890
859387055
492314452
841745159
766057212
567407593
658147404
622880127
252516417
583012304
615688712
85451664
456357201
911349664
928440477
602625583
681885263
128540786
70594297
896400822
95236729
829428789
343567621
815383807
331268562
618561201
110515172
523147624
394424082
271961722
493310296
298275566
896706715
512135862
144959965
93816405
749709929
235354210
57281314
342563924
215354604
733851348
824672316
32286961
559815341
620933367
974684819
661596218
458785172
727429795
91414267
563763902
956152003
758076169
843178672
759715398
392155786
39145986
510225201
416086259
37312216
419663245
300933551
496151178
186653301
631186413
535029890
616847275
504756293
199821849
14568780
36331317
265642628
28489687
683049410
764742579
12295752
983702827
880888833
960916223
977032598
864953577
338746665
891118014
359180333
887603527
746273230
552395834
637622844
961982343
315131359
830568416
785235225
963327077
746374936
459150896
624831813
360050470
809567868
724373216
980797536
772048086
883875704
466619296
449990988
543012473
1053617
597075483
269208016
240500249
286287445
704638956
548079447
511442530
29119246
628344088
363971306
769530135
734653740
849520707
129649027
172968741
518309734
639372121
770369118
337154681
158028918
850486112
327592686
765573655
840338516
936057915
340627665
924734249
201574392
291594932
590967000
857787131
591918787
582034535
845378439
647076876
871486992
85732465
773195794
22402148
285924203
687028437
823812056
333356982
42638954
211243691
230729187
389627650
605042880
966038313
668297245
125585749
617388791
950804972
688147434
61709979
79428811
63943638
102364203
30619484
535848446
264819297
304839468
269308875
30306856
753995935
126515499
984029713
407335724
670559051
106052144
532106487
822705520
573057041
774953892
970031822
7272905
253688914
693032647
893553742
162354793
487111301
244623547
807691054
721942329
182033298
877277604
26263525
249388962
375319097
254117991
736466259
489868773
738420025
769445770
641861460
490575639
894673316
108830940
773644382
378355864
238649151
101791402
730471089
340475037
123383316
387416330
17155861
832645536
674421894
708319987
489941391
422991651
802091430
9862382
555818381
14448672
246261488
890854261
184805506
139797607
487652031
778160524
162124448
257263982
522706342
933948725
618675066
825604229
747515677
292590937
875049902
871488389
210088019
700496703
354652737
584068209
971593413
24099263
657329684
195040206
27672645
259496162
956056148
741847330
292028874
196026362
329621575
6452444
370621422
770091197
915356652
481436095
652741560
654902142
737783165
685891047
181405823
636520551
731549050
794157742
982100290
485238189
57765648
757671615
368865866
830052684
917613923
101791402
705155606
56826098
489762859
833732998
366312194
910027933
603566445
594189532
517103412
41369143
560619246
468980512
539570
541637856
55482315
286270934
575366196
106275078
729742131
853795262
269041278
14871994
694493517
789437293
314958360
161593783
389614697
765301251
322869853
115111957
86917180
217002733
203946986
462344618
871144249
543910118
906894174
882393036
602069627
738787529
374240441
695668701
579944606
775680864
706113329
611975685
469018644
940830152
168252608
138987727
308124187
380537007
816049848
614493210
964717394
184028787
950557090
678762669
409131750
257620151
127804955
925405057
873743495
121239514
883022845
524459364
139184517
536330395
257407138
430363004
470369861
578115861
356937746
200886515
898696370
467387305
651010080
834023399
324375310
247160092
644379687
697800139
32226122
331560681
313748789
384784080
209677574
367549548
481412804
890747771
580020702
330799900
966465211
466699397
974958296
907677995
572191095
163419762
390430683
512544583
424177210
943391543
283593509
92028639
562132897
212047020
55470495
11999
342905864
130975536
146052731
193807953
779985624
465736281
568100765
736074922
42462226
8316374
411851949
739210129
515749965
749666431
111291661
244566423
467302880
851015483
355942832
66517541
768070886
119713809
27895135
727126399
234398878
526297214
311273339
2388279
753131315
976704050
835586042
456457586
617792664
317189744
182886879
450245535
59488706
656938537
491081666
971337385
855921441
767757021
448568629
704600187
316376776
59323703
588250715
314152407
721834728
618872762
226959001
249011051
127526052
353682715
568025551
297706703
947198278
80386208
221548228
166468941
741616030
199256239
947604776
875508709
268697623
4764010
654797199
530585315
321658917
326614908
883491948
678308504
405538296
303692269
302656042
952152858
624284278
788418619
701204193
668454901
963715090
660266926
901066451
322190217
69194223
581130550
315274024
67128305
637641258
561860077
292590937
868352991
963804249
201157491
54421662
340264862
900616495
43888713
45851598
793454658
301355247
583528470
638479646
835756292
4997780
666745987
188559468
608802319
50990622
640531319
351867021
920086019
892466284
386091412
85967546
912696527
307250480
800386291
961714586
526795236
143581398
796662136
27668993
852290995
29097431
828463805
532096832
84281689
346253006
383013789
217734371
192357201
894180260
423591441
952563327
184046141
347890269
265279814
402372273
112977267
796460608
839334985
62309442
569245158
632793122
317127441
783958964
480866866
150006542
34619547
147390917
606223287
1571693
289046978
596666232
297775264
150510254
833800525
542771607
278404338
164387738
863254175
891785319
558904945
700347972
83891997
654107343
254747874
55870471
918448724
364746391
865151318
356710167
218804131
140205553
597903032
492337620
536248922
442329515
298952109
99805304
911132838
826442053
578807636
841896667
657101128
267747551
115938730
233901034
303204564
183742892
973195996
2055167
186482387
187740830
79533414
929838155
646535058
96854085
113028060
479961745
409989186
529311292
795020352
523702021
620716811
379636918
774051123
777171836
487383473
502338507
465796220
362893818
367731116
246927976
413260811
492346462
694329968
740040549
421652827
922204319
728511804
87708227
209724975
887182380
824756188
405068947
490080015
495059057
279150345
165367274
296235102
30467722
396330671
741853287
260233275
758553295
430276549
974278614
596322564
627115557
698084434
805973414
575303147
245
77439789
285162869
673377052
