574077525
919836973
822387332
674560390
759961013
508815451
784545376
213650503
618705743
884377430
970488485
16060892
46609381
615925537
137408808
930909620
977598003
138179390
882075441
576433527
126147732
86665483
468807747
678135608
470446683
929092917
679474474
375117445
521581682
330871865
854117628
117484963
357229020
853118933
118037588
186086984
172694208
892828140
982893860
584741751
78943227
301702562
421346438
443690972
342766633
148840132
241262835
706113329
534053654
913623004
879236776
278985436
770047684
942442658
95980942
210564512
984295732
785822252
933762427
321865212
820257692
726890674
773701906
639232463
440246217
842417875
937025196
175716056
712752462
460767815
771839315
709966195
282664112
119385673
477232823
316946002
97251492
8085070
791100586
5305405
941272190
494850004
319471848
242137468
639339986
130999820
175198039
546192878
339282535
940671970
359438049
669574884
564678249
779901250
109609253
362643218
592445283
124715771
703416728
596815319
752503318
891722047
521475786
682826993
37674960
458684216
545141257
289679746
656031258
50253758
493007281
901249375
835841902
753182592
291631150
393981051
198436620
610329828
485902493
437518186
24722378
78477172
504455405
332722986
603555261
451343353
880333756
241595953
47329672
596762839
211634235
108918583
844772214
325158155
612904603
520473387
388006821
148989721
186133211
12893781
194553817
608420036
296093643
1513585
340915459
571290467
811082566
636539180
933076740
883010871
921892369
552703160
863619413
509287118
194360969
386807911
321820810
214035605
127722837
926717608
537146636
622717335
146730219
512041943
882088314
863012227
205750851
61875524
5662429
189542498
679518795
950594218
810513096
98729808
35118592
885421185
244450317
766502422
470969979
82229641
204358159
461231475
145623159
617348894
602836153
260078763
737546578
242291344
336725554
375457192
370644852
410784941
690397738
422370462
257368359
943708626
894545050
146052731
446089442
241220286
596249040
247280036
375740580
400179914
468058003
442255768
836577436
500348667
984559586
50760499
312073182
413446773
894926934
875664928
510799965
182885803
848859796
159806097
764049924
388561505
367213113
218655244
915232704
428056945
812584112
881916234
535071227
391118591
46746932
864949159
697646896
196316428
842948258
66791344
378338906
882442707
311701049
297730952
279186803
525120035
358396104
78475748
430047433
226298734
137998012
696191220
84860502
284212052
315526782
407927229
728606026
529041564
654991961
717537661
124934280
775894801
448270887
405105064
612530157
427646438
818649348
11530675
798126541
601242856
498839421
17365079
408642617
749988389
72256779
674152012
779808789
547687275
203988432
392367263
882299042
611879047
356076032
442679897
269474466
399397430
455192706
4919014
346760494
148210374
242361101
211665094
467399186
345270543
305271235
144862624
792590048
213560287
922707307
18786848
753511530
861743226
930100739
52412579
688474720
871246156
721151977
638467102
887870146
439841820
150209662
824779113
760085026
951261426
770525770
734870776
372804915
307188081
165929058
798023512
234281108
182095118
155885744
764960366
15765239
853118139
129144613
384875437
799041788
442392907
898251965
615004897
494971098
23174464
861071053
545697421
369593469
368773725
855185584
573287284
787522760
297823831
620008090
733571913
348835256
430807464
239793693
818095377
548617731
509677433
675962131
84860502
650113067
495780464
662064040
205170154
820158755
481339199
31264184
212888882
477759780
477295571
130318080
717821064
799156949
257055706
265882513
776565379
378589422
805696661
315021011
65223484
752789432
654396419
331030254
152123108
595613986
491244293
745821121
611869181
928747227
617008639
43439250
53915337
121458347
516295071
444166085
819304859
367853063
616796482
966284316
697862327
107512437
249495243
886896003
526592862
524693176
416489878
867149294
261084243
641609140
109755982
287327046
420311473
461376689
561037653
345540803
659077214
738215653
749061428
664134331
810628944
456545723
755450779
428480468
197865647
173723680
774338849
321274976
279394997
353405122
770456107
931993492
735409646
970573530
653580556
619232788
640931876
117333948
425728988
881691701
771841137
255407216
65578535
616543838
156615483
509314431
92347742
516692433
389229934
429212180
77714411
50912051
83626284
37753083
919402467
743650632
81649889
395166210
535848446
42164629
345289915
651818008
616943851
232956147
597029101
256642810
951976550
100025948
64817022
844434481
595106903
470919987
952701521
157161325
319810865
979444828
642231753
521638535
398409806
23849012
738114353
623473658
284878757
215736819
696640950
377461615
83176174
648964057
733450450
803452742
376903444
69429623
954835739
564250834
106943826
38976389
843497192
706850886
796460608
797958095
663171873
101792682
16130686
12814266
479922241
879784180
803045896
291533971
152688404
526592862
160267288
497216101
586168364
103829590
199770880
345756472
874705240
679931409
73644065
732026276
403949154
59263157
319625463
163808461
167875943
609929494
699994081
692472776
715207673
67285297
211221136
192982841
834706078
234335238
914312083
394057146
527434976
432157919
246637674
864665798
796512414
744821645
64711413
610161085
17552446
782628296
85923448
136873025
351201845
56572045
251344018
857437349
34942319
541202495
95759058
351554290
391254629
727657451
53546363
822385004
325596613
686286358
683395148
935882002
473864263
592327134
837339193
874582393
265406931
243055372
976516055
376074858
574723990
920927427
497968074
144424727
135923034
797700702
750313666
672951807
287037944
254746354
860569604
606277268
261211643
119245578
312717194
887132327
530203990
890777789
310639373
819098636
868226865
875205165
713073211
486421059
67608903
368321935
181372094
546882110
912977067
103818389
717094003
40628045
405577461
204850683
157838256
788843229
961870333
361963654
78368380
702424501
205019028
376381947
932569308
541620837
140267335
623866743
719668713
435299013
767869351
206819005
703850989
173189899
721149434
396330671
815783693
428570062
620933367
877767406
904657768
497322569
741837457
259850143
958837362
982782621
946692264
476757127
565974542
888604274
482783936
670202941
163402513
244972458
762037011
222431762
66795260
92609402
494062493
372875131
56986043
622821899
232876587
340192729
744957263
927192389
605602673
464917453
493310296
435875409
47011414
750868940
286256563
896916155
659775055
126036865
579716160
762508262
75235605
927098374
496169930
201872296
119858112
56130918
417709049
125657590
624557359
584401505
133265147
478410907
881583897
54154342
821806917
879921606
213395511
926196409
110192009
755625783
527301865
371583002
136234210
459952268
564560867
13264325
120604130
505365524
454624619
586546072
489855189
763605936
383393165
541313757
706655997
768572696
808441122
321791374
718120520
899802649
827195458
504754059
331406087
380211536
739819938
545271870
719421960
840172335
734019868
126191633
761708581
815679396
378900343
762306848
160548505
399477504
584946300
416651149
562841925
476428598
391871980
129322948
819866712
702075673
274628244
651135931
823576463
774290950
788692795
976914488
594498534
826473419
588370289
194327791
33956632
521902348
261354004
620403745
776860173
686555418
397648301
568036387
454403580
431601820
163981542
591540033
185266946
589192851
35421000
664733161
486394690
857631473
847210955
117459684
233974131
217030264
489720828
885504413
787154460
365204274
62006215
717821064
501829340
116291079
394741253
252725026
515145369
759322541
981309610
530119333
102348773
33978386
326683431
405918160
114384856
381239909
372960815
450274014
172982631
674915392
173479970
444670728
4785047
608802319
303125948
305781206
600793821
659218305
446106023
756170165
340351837
651740423
902276640
513240945
818985929
442094212
8032673
474570304
296517192
509016586
526837236
370991899
489937676
795889332
732577920
964731628
726727156
192638946
718029362
628099651
78086534
718982324
603740640
980218726
740308096
26962873
700055293
440831536
212093106
726809950
634923672
972261744
120347513
337437657
985556457
805068936
827762893
272868395
26241369
797748014
143110813
222128730
973464171
164660951
829177554
552712674
243107174
165145071
364463130
365751572
927804333
91557950
798906621
947024709
48573683
568611704
780982203
821043852
310036336
609983330
512174447
955226285
73089335
876597281
592183357
450689576
568299191
282856484
710036161
421673020
962669349
22811971
20600046
714123420
68876797
184279927
198034756
919851859
391252461
169677854
111532697
2268984
230224110
135096268
622823856
106916863
507117576
843634172
909382000
176050475
880022079
257180693
662474441
53572074
360656602
466868473
226303807
964423831
140522384
641560291
342129159
706810551
670182322
822136277
764803416
336232338
834759613
352683623
454944878
161092559
556126831
282527292
167068472
964995076
634407694
876254593
799893370
75765202
160955803
558385086
920587607
277252838
138967315
394185309
219944484
41678774
712514567
472956201
759674167
758164112
102300088
865648064
21953992
380593971
40488390
587383444
197412170
496965573
298168509
455183082
448380045
13595393
672498917
451770169
524311737
339352367
369182533
547371414
131056238
322619896
86525982
281944845
836513992
34183929
982352808
45254636
482088782
200503565
923530017
429016261
919887343
413766034
704647315
224622914
804313611
399330746
702952235
984835381
84280734
409639066
546807492
740834630
292993780
595031381
348553294
264285854
507241607
800317982
421902726
801486332
142951195
60656857
143765999
31298196
973265017
891148670
740040549
948548415
63745218
287429101
984364065
913882536
579238508
150915377
435203472
952148726
48165823
202328714
764803632
200221162
87027108
145701891
481733514
354716978
761950045
666375111
279304399
947815610
161489144
288606729
221518447
172082827
737128133
598075182
774076830
779256311
149660853
605925922
630085355
678393303
540165994
372536583
261659227
39948450
854619868
397566821
68601635
398024417
372991775
644262362
764456726
188681265
118791147
551038622
267211350
673927767
950580968
333334277
255086224
656668680
491867697
266682176
20125759
976529534
930786629
15297335
203160969
985698797
710794960
455062410
867469964
523092966
497531945
140084680
732111695
509213974
909017005
347676884
454656634
506985255
589098434
133732526
416535721
801030308
274562117
698804237
645028791
708327662
590354648
208216237
97289097
125263942
852753945
802632270
70921755
73711036
709308932
273217267
182899398
629877630
287730449
644958166
218336528
360691980
486453837
518547523
31486664
649237229
435779760
345034314
403914162
968516005
285860429
282105452
672181322
653690278
330674930
550363875
723959460
336839616
237766138
639335379
579583366
964056201
883968333
512344036
399932245
323704830
430948010
212047020
596481258
259445249
486137264
178559301
960600036
97711859
488241732
722736701
112110789
267033020
729590377
169865747
690259496
742821399
47100289
759923229
586278665
312225495
536143509
622295945
99189475
197412430
29002037
976798505
864918889
430750125
285800188
34295192
751517538
656921292
652086287
525403975
99630559
218547187
535308119
733449023
402648157
91888062
726351474
374773909
828825763
844759775
585651365
769437944
862099001
75633375
35341487
899432691
279160595
955661426
786521590
625785138
324051996
95046057
147452348
953188421
927025291
905649202
739344170
610321820
886196886
100931264
231794869
633752920
948672954
744455464
530203990
159336804
798079321
656015953
698100500
223194141
335208584
491275722
39599748
604442656
191631079
462376527
768607577
411996290
376633169
762148170
682217361
524311737
631650224
235095844
450631279
628072765
294974566
111672048
867443567
119250701
236274689
211746889
358015669
353512512
601138160
455659944
748317898
612099753
284942630
462417630
201405330
648886186
660276974
345769465
842419072
748711356
805864756
671078949
107160633
787517767
721103409
761983572
957606601
3299193
308400944
890225129
566558040
414088849
670979327
193148123
250780952
592031725
673147092
808168749
624128881
840802866
459128414
831679229
201932005
665210503
804705343
779709584
307636254
32550530
508364890
450661915
129261969
773250890
681105374
186346262
34078165
668534225
522571284
528363366
187537503
664290150
675623491
292109671
306360196
725425082
522210176
916352031
250947544
346932262
32583383
691228317
616590865
368181791
650717845
807663413
445882174
189891591
901932715
859796722
680788242
864339690
712752462
183969246
971884524
473548605
575501307
297823831
368416193
352540141
47146729
517621080
950425203
125857324
890208877
982906697
694837960
702896015
723580617
801514440
909108471
979193693
927399037
858365473
169948923
376319114
500539606
608769665
495428574
24678672
224535661
388551897
826376065
274884285
686247847
937925003
217741638
314176362
214143871
595713443
769954353
2139945
713111395
49352698
425335880
82476721
178617883
928255465
388565217
770900079
542844831
63529053
457215742
350367632
980992791
819047404
560843367
886770115
584092584
449828026
574190706
862595866
412355791
553222430
848272259
815088457
286398312
922670506
576012229
492337620
572052994
596322564
731331597
706943257
412295113
232029824
803234509
92049876
377371692
59775720
43094904
721261422
870910717
979018459
667461227
647053490
709333529
475706802
117989106
234152771
470300494
426878480
251085404
200293119
681733325
64542148
393047209
984197392
474436600
788547102
223175181
38589946
534694255
621266737
411440302
330941257
351593527
166613558
338265603
821450251
297726478
133334819
681426389
513374516
216336655
787358741
424198232
510521076
881387043
254681031
242674607
78016028
432077614
382561893
758469548
365574299
416136537
140889181
924582735
309805245
456640627
210766469
618902730
868342801
36043047
759923229
946803172
760154885
885860581
12625556
317666253
936564399
825134997
102931190
627143995
863469087
350597629
24099263
401234073
496451238
287683009
221856793
115164138
35937141
82946623
796674229
327494121
597167647
622893065
221858057
876211403
874045097
622458182
53457714
769211347
401238356
25260533
821505294
496699338
488565812
673596331
244760396
738726583
419295102
264865018
832528178
219248449
403481135
53726295
763862542
316393019
674826790
907078098
844697705
472482872
354806281
59587988
69429623
543101342
898134098
594318037
833817655
507797546
668066893
664766181
914971955
983068118
43990343
977619456
480345484
238356145
547095781
155674755
977084630
838181021
394135134
499973900
176079340
903526532
611455701
947815610
873669237
58048815
666986946
657758735
638742865
933942664
604130827
916220734
32303522
744996861
97831858
509592011
548837240
867615646
968649721
247451398
658435259
941056461
696279654
874165985
980522695
861918608
135235644
968293027
781930525
757336501
7362900
705785797
864929364
544124809
149262568
565692147
426211893
950699084
574027222
611090431
946971216
203230675
649932711
520897970
710617561
459212096
265531122
398409806
152860548
586806602
789160715
659146034
393291999
370023907
838181021
548063182
374995052
562467549
82084242
891909410
234570972
61689195
734606925
461122402
217946284
274970981
625462459
253488297
467921829
131686220
149423253
954436999
251637619
108905214
854232167
970211952
712266416
654738624
879818439
737342934
395166210
103018415
741848251
518170642
605939368
61907437
774039279
246874844
406893089
925720823
767900063
704047049
889454158
508518680
961622928
740771408
450468553
159155998
367936282
812824634
199747017
734842048
38439856
381451944
77602500
722294774
426504919
733226795
331977930
156003026
55032492
495443881
358402994
941055186
324058810
608786170
513006254
4787289
59854802
469169738
274416426
561121132
760905236
279569327
74330751
407707626
701847439
13841214
552123675
644450601
883750848
351251619
944021784
486259737
790994372
514813528
305933388
212331938
206143395
627262220
317382939
798563458
762024852
443790438
539708958
99977782
335722060
543256716
944869058
799169659
374101215
533458914
645678722
440175503
637106800
926986005
622584942
441028302
519496477
778086178
567219304
229992036
143207718
669255995
717733315
394384850
291678026
710368152
454688413
591182990
968055901
172705752
575303911
400939543
961750218
817486065
506145888
86580731
141534457
701018817
760073526
366801381
790014402
659185268
794244348
24295589
270354898
827483506
32706725
4732710
932330283
325269732
332687283
679959371
308768658
558818016
204836434
152165549
426813587
3056610
52287906
919063497
693177858
624544537
103166014
649658511
481496134
797137786
78482934
441588525
401872550
884089204
40534197
726880553
9198871
326325709
299347117
550310830
968807768
372185626
342023392
903698911
656355083
348581281
166764427
46672318
342595730
465104497
461461777
476799442
971350928
523327246
485505348
980810896
784280483
634549386
457440266
429467372
445039772
730283413
737743508
603769197
942291187
297649585
133031750
639657380
197109618
282823830
530097104
383346061
68899723
593186198
297073081
127433328
738150225
4860974
546455227
41678774
394852006
364306291
786474819
592045132
766058752
942281365
860108361
223231318
787569608
921641483
822616669
470665598
697142581
980440755
894298841
839799043
424045485
120778192
844792663
546996710
802272689
101759993
896257195
365188840
652982737
698679754
88935209
912871058
663991319
866454934
754589978
955900017
694188522
279198884
419498491
24317506
567263328
844001314
641876514
725641928
183689939
664080489
734411243
67365148
313706522
224408145
907585827
156200883
647943031
358222129
917019402
956875333
649759415
166292555
646410393
610843155
952352466
447086079
178990877
876878554
692107105
961714586
454822767
985796241
257387577
6842143
318917739
961315384
961730191
505000854
662237937
564078127
855554842
53328670
74683311
367728927
566893793
279054004
878065169
812871862
2518917
343105214
479157845
234354536
593025634
249641350
215137786
735209383
481560610
113419814
192442920
294939767
570098582
563872715
809346275
871812715
754519944
822067685
634395006
463346117
213240691
533691937
417945512
148310360
727586946
709966195
413308162
725355812
168528336
137567288
397236161
594391439
403452753
770021849
756574806
280248773
215014812
449811696
304978118
291271235
460701754
316165484
679991368
368875615
234914525
495991839
706233182
371488160
469339940
34619547
518441511
591384167
405802768
1458464
456756608
12413867
754569954
918448724
936832482
385383330
165940188
536705934
728559752
589208250
940569797
432596184
198995340
417953923
498603505
921701200
122359452
662146021
859187148
339964705
417021242
33929325
255306940
428467196
340627665
113958838
53791119
131339172
801651480
684119947
959031431
858365473
735492103
587383444
63406264
915086761
956805312
619945855
414902416
393511638
434644988
825754265
936681110
530157478
970937782
176632541
830748014
260062423
93461815
107674522
865651425
627090136
512787782
976736223
868163833
797137786
898955650
569521609
589056275
277532949
767386136
945580187
343870965
760239488
807638930
228753902
163552847
325217609
975162960
556690071
290624094
592282371
105895146
156411701
435809680
686099485
253749501
931840525
833848129
621610848
26567546
641365487
587567253
872298972
646303592
282095733
448147991
349544503
928878614
200978711
126942656
717379805
353907299
928408014
961240038
603329910
694698039
402505203
321633825
255420832
358992671
551798346
590076307
895309142
331810324
631216197
212758308
933029145
264950897
253333364
550447548
252839108
833889300
465587665
434556679
194327791
85908673
33110853
557717823
358131442
451900957
171967283
551585876
729581279
896181247
637753271
233932540
426105820
116821651
396368332
458564229
222473957
240639175
345000994
740101106
42756628
910508645
546614136
768503284
517204968
940858201
689610611
125585749
353220665
403997755
417086420
47849166
401576207
795831897
314073224
449718273
535848446
17089
825136980
305933388
817438557
156954219
636154524
620304111
164352728
212676902
368350253
27569845
664548121
713267289
850283320
782670402
612036756
839241978
831804444
541162453
758249067
178611537
312207605
348425155
744001868
736502345
170621333
636482444
113899086
433583839
266025654
666330086
609955546
430779199
793490377
922554292
336512733
172622790
315295400
536675358
419161981
18429207
305467755
286270323
715286836
820668965
908690523
219179162
396273730
127207710
568150682
933435845
460116983
856127321
687268096
456809013
769320396
480610716
936332875
508855182
854634696
787303894
723042159
295218756
329702332
44818675
893257697
448162929
712358320
799992264
497734629
280466673
13186985
118841178
942353036
770091197
49211337
304216878
378298549
668898991
270008799
823630638
790681571
630923867
134565084
484804216
478639973
573628019
884813236
209973700
788160269
405517729
836264725
563056159
590225000
273771748
911331964
574711762
503223517
710752299
579201945
211250323
528791469
779612502
433407441
682713015
645299324
844697705
664376208
439794971
910311200
441596820
981373858
126135153
751234857
973176770
146640206
921629839
671414868
503917482
756843980
641600240
906140052
679565364
811229361
269767979
181304384
455213526
328919643
220443754
254023991
124433243
815008885
810926140
282450625
919373279
74183540
49669015
190118844
26627985
485978658
349916929
208827603
886420401
308219209
277854537
173862030
44873713
106246708
12205579
778914812
198425354
815437618
131626510
247468022
572284701
246408424
213988304
897872081
88271945
391950093
985677037
618653852
164261867
599492579
922027204
650687668
116280871
426980812
372183945
666089021
823337809
765479530
720334702
730018228
428847169
237204889
340192729
566945342
946749161
414896595
737836251
497987762
661275925
254231294
716422648
57666757
504086008
404681263
204253870
406801639
893934167
444684629
182259469
173659530
936935915
927021405
120536859
211697084
618801083
320616384
461206473
318059087
620731042
455676935
876155732
181782782
575303147
679563061
804844064
515347619
665923954
434670530
459025659
738141271
531297285
542881983
775489788
716723010
189717777
47033870
396521972
654705775
968129963
968827815
911228973
766017849
49830296
258240859
878411015
78557717
262298782
420970156
469956286
730176632
525281687
272631872
957200665
285954225
680621015
513816626
843337523
412678445
834407950
107848605
584741751
689319097
836790018
772497895
111450347
517024594
642632783
252841781
540654587
951718325
788824345
591743269
459183247
603147153
394880873
673201952
631790458
219361338
767780253
713073211
53791119
513052554
403452753
270553897
699210665
515029206
943175774
649551215
441472759
248923887
177098168
951683653
639560339
649235240
378802245
126855449
353235725
711464523
873571869
904036828
502454543
465904231
448269666
17033086
245790756
259618399
491699112
700953620
330674930
898908941
840092046
300105862
758586961
459846334
720959044
643876004
80869664
161247171
63432155
844792323
905993027
705705216
461294306
951626861
256445979
807552621
968466771
654738624
622228857
785001994
633870884
909685872
331813045
326439428
409806480
432366524
639339986
825709061
859857430
108925763
20756310
157447788
963056967
142468527
62740764
712977501
506542832
494590327
278413979
140268276
128160889
45407437
936235448
747825061
463703813
949240370
359977047
104386893
45340543
601507648
729572656
962372690
54363780
202700983
495671380
461982033
610076210
425770263
406509532
458643142
480811018
27059804
446276876
110172745
733977620
413798292
86582821
398327736
259516700
218235966
654491621
641204542
221825253
88104400
493354701
225755805
547613797
625455532
910608847
814230869
819107761
463460059
925216438
449780754
92275389
34078165
714457809
252532934
891575305
980377421
798163093
666936399
398321953
648506644
661488677
709586471
376522038
811247145
869665644
400666363
673334288
136260440
53791119
534021600
171978348
886512155
708653596
63050350
849334453
271283399
83597065
828575478
344150598
122777306
731331597
250356530
137819305
762314322
76808651
110190332
358603618
500921381
591750718
96322018
373469221
808280000
734699343
524374122
428242645
531305756
817524166
810090312
125747343
387851419
249216114
509404173
835074572
262215068
591412394
928761174
732225855
87299613
838470342
462960982
936991568
872622012
204830335
130909077
615878857
902952978
902965758
309390525
604371224
277702196
833080761
89788063
760330176
780128609
16178889
654103463
804265605
625785138
853058521
886438663
982928115
394149140
611477636
318962955
541470482
496472669
95137301
600105136
702714899
985557810
841374810
195946526
410078305
915683413
719664558
260208036
329106475
474119239
313933517
83307592
165502597
414528151
766567238
361331371
694224249
689131146
414405945
944231545
785858324
687348705
774210093
885037663
121719268
751096716
582494416
74588556
136843396
908015406
923787946
661851537
275999084
15140990
574045710
342812282
505595482
239792688
193015033
113961123
108100580
70507400
223790741
980941666
4997780
716607441
765290034
951076352
711445354
985141242
203598210
435707412
66098905
510663391
665887149
576344759
768199504
683011253
721391296
300613936
339351541
650829784
635334228
605317249
889953047
869333722
361050742
492718584
332786879
884030608
840239359
217088664
615029475
292721474
669183673
279192520
221522856
639146361
675647186
148331074
96899867
233140940
219488265
452812892
715311818
396324173
252674703
117904503
138257640
83649216
749691803
646014917
954252355
224506987
864776602
922554292
54485538
274172420
935511665
799009713
541322692
405516313
454249024
626808831
196809488
587442475
458499835
690899183
233985796
514354752
53328670
122956194
221513040
961458679
609127390
284292550
293536029
978209500
612516894
232024911
352152076
305699366
683856450
360977602
485483166
315813039
736296123
708597649
497753413
131619259
17801019
832902992
177015594
107413913
566980095
727663651
377053624
46198409
493194415
711407605
615400643
582048747
461297158
769582699
633486153
979337649
17766057
607775658
784089940
862455464
245795651
770016841
437721847
984688191
1441613
380049697
4265764
517748747
179526370
605056245
59046697
618706485
561320693
777534437
353707799
307231278
750256586
897380874
361725988
174019415
217136794
186628582
477180094
655996715
369321690
57430
980820156
74773221
111629980
192449362
308911984
162868182
462946171
537757201
345180801
689576611
589364390
71652581
722266265
399330746
405175961
472641441
809923642
33977744
640975580
691610394
459377996
565717205
917422369
458839987
55041247
665559397
595384263
851307225
86439874
21193082
390615183
144875626
304255848
274433200
891554711
373211415
52625471
625626127
475510640
66973678
180638125
784618317
863500401
35304253
230781559
158335354
16501955
149402756
701227915
698822119
496169930
681575291
74662620
870354143
845216177
479922241
950863215
50755503
800482054
760189395
111896022
682467787
573205620
584741751
393257802
632440772
479067733
844109536
183255034
425927445
646944911
931886410
701476205
25282316
414226491
85280675
541144375
466368005
284940105
911320386
874544565
826978441
57101525
412855005
613724550
217852154
451746585
518332982
977959422
386918329
679162577
955562658
350237141
721029572
882906686
243710660
943683195
125699695
179429886
498923646
771403582
857199434
658117294
444588661
51906641
870537826
155474670
169938615
863559682
732470734
449014749
119151713
533121106
226976375
384999266
855163352
15838639
633384063
879442678
938773289
832598544
134259462
493611362
508267239
43668623
709024610
685028664
720700500
314244228
368189348
918092410
799211417
872647306
176616299
587253157
937288318
304475955
801550340
138626676
860307528
704393224
751279291
374693313
475113426
75745447
135059630
944848931
393047209
70452102
964566202
322685421
406328624
464917453
304715517
967480576
513930058
914284751
724973979
543197046
614722556
627028897
528036328
487553535
679581560
487313946
36660544
932987116
185712208
81843040
41260876
40179716
228810657
150591722
283614933
614536061
955601060
582605117
669574884
332992776
352295774
93149180
143765999
102816214
388902152
393298019
401896292
231984779
437183169
444090701
137292784
470209959
905675082
330674930
371070957
901077508
46260737
375830641
475378338
21505529
261799795
655650523
600116220
477603712
197912969
352135769
498880793
586450219
93193038
423283873
14006681
441309432
787401249
934482615
802958173
649638921
311287556
466289759
139145351
935511665
377816574
355107176
486941998
526799269
860159199
909502021
654612891
838993978
183197256
342034927
270481567
6317381
256636878
353771966
746226518
48983011
536489960
551331526
19748440
273288419
711531700
14639560
27283754
48912825
921267498
553942534
46402857
548355753
892495837
822647598
939228155
291465267
750683962
782558501
85149322
746189174
278684506
763792829
979298763
303214622
144217650
136698460
830588743
814066947
823190660
310211544
869471848
349225980
729100711
441889212
328419513
379398961
436035965
904118217
226699308
366193028
760143004
867650755
337192875
671537892
220676259
879369366
527766547
914747931
136137226
398093509
106166231
111291661
358956690
326348865
858355244
497804441
325623139
18159473
17126629
662681444
397103785
963080056
829650540
471628323
897338014
217856092
282551185
880891925
278443130
209740009
719140027
979170932
658348808
680087293
128648982
480599958
409309879
940062749
753945614
965069812
411753196
301096267
378251460
130396020
435257241
888986254
927241022
484764557
985889515
662146021
76545299
601571214
72726037
211586529
458024019
308824381
564366290
544065596
766486847
440602000
923791010
461563439
230902854
957352851
612970816
783300256
553602265
718962060
127426198
374093255
261792904
130385195
521119941
739441310
603085846
194497624
255547207
873213367
218108804
851678006
164941742
258653715
359236500
918032169
775377627
366652792
803973395
744519085
343668903
564775722
962416808
836790018
249899288
350013831
356914773
643923765
400372034
699035460
506774763
953990814
117484185
787227932
711132359
158512103
172050065
640586653
502390821
395320303
424922991
474570304
681419444
670958262
242867691
136000184
898172742
618561201
829544535
560852851
23491413
507842412
789395038
652922390
68436690
655498594
945384318
934871404
381623319
899798384
306504685
192815524
651021340
250027875
621474595
373618689
69278366
626356907
255020320
377331060
625473074
910920874
662295164
369915928
34597948
368875615
451232021
668881994
151561422
636679135
119709659
767758966
842221780
887202273
234064785
686235339
584581813
67424851
783265934
189284973
580314256
887181462
432513289
282654228
501488502
763529811
758436173
54420734
501457815
152482919
560341902
126878035
905993027
695321148
828806854
232356645
174910283
572608134
71727687
233738516
666255704
46926005
489961334
784351045
1851218
427064511
719489390
402142959
114430982
347561149
675844669
490490182
213988304
360985897
559219857
324042243
70026473
685339789
196205168
774420523
533036116
705480886
849863528
838336518
753888655
663138005
198010620
369325486
11033721
961340061
708985520
859102148
513052554
614415661
907028026
588783724
932092304
254790256
546588737
323603507
546631617
420587030
851188217
511360121
261277792
639743717
767157204
767114281
412792163
906859567
633175844
591255311
164261867
836827190
510343008
842342282
357084733
565717205
459558517
815503305
66262683
382218551
831529632
481612187
404760936
466420968
340059378
355362043
43364951
953248222
169898159
590846855
15490725
352471122
641624991
217636378
249172510
264844987
416698126
592810356
629838732
234863681
691273943
108583975
315322872
54607854
838650204
180602206
11256
631932808
860090621
467517129
147899086
931754174
971484790
272789611
92450714
228540112
744099911
268107538
645258127
497209496
377919152
831642683
519156350
423910348
343239459
51540991
723336395
974953379
378528935
745866025
521376109
808703625
563110490
759212417
249998727
641568313
222055642
761950057
215272802
497094831
937301229
740034318
739489377
884436760
232365127
695474633
701889660
866391247
837155583
185105899
277431021
236368386
976162105
588694331
440504686
356203277
423299193
243384877
947121063
450128209
803977451
191243379
961144255
341318280
63037755
892851221
665067334
490537996
401969460
323285752
773508550
671856537
171247514
366604120
674963493
133636028
630480918
794299854
511602502
10945379
931378218
237086817
729335717
940626719
302117086
605202785
878375859
413172071
2187960
386440597
188909597
190592714
547126024
808545712
973464273
951710090
792628239
577817931
318365238
590005672
345226265
460105936
786865694
633621461
546166964
730375838
884268245
400653511
20222937
79398249
504583909
33739179
856462346
90650017
644807750
628376426
659615974
133684124
207298694
255578325
367169975
648070588
410573760
935963179
160457618
840441928
669842806
451688733
869929357
887664075
85287036
647875099
763235899
49155666
328282672
806366787
292169031
166389203
145360952
733870710
57824036
354194502
115501513
251142159
826443413
804484223
716373948
380313084
568382893
653812327
890208877
736964944
268844845
255880548
417148677
330861926
54583885
756953048
584728116
149330986
11304018
937007215
293169170
360370614
796158269
667325634
116213595
764239640
561154697
756531912
934814778
738345264
394860831
867198008
432813795
81204738
854619868
359832320
152190960
153921674
924569708
358188496
124998134
627635214
279611949
735637544
86526354
83538094
12430090
822616669
515787613
544329048
567293400
378958583
853226702
478248758
607955446
22292744
764264882
856926363
946576500
308571986
719453812
220361353
649317912
458025490
189192947
977264629
907550783
275672275
121990680
678816569
748575498
439064320
717894845
489529110
713822996
140042194
666611588
11741805
851800025
303538455
353589466
389342799
728875691
2205712
423368976
497501756
138003549
318035648
928379554
225143355
566032074
802272689
286264951
217926205
728326548
768444517
37120017
276564445
439994957
694075317
426455915
576667545
194696996
870080175
60715216
702676108
415023204
681421528
915604458
274748883
605364000
693976485
239403030
124751000
861428429
805406817
331362367
265499499
177359058
692365322
187462100
335306115
891437524
637968919
864166530
316486701
678929636
936235448
22133129
409540270
965937922
891033427
230423577
149168293
282113570
163377265
46857143
872928030
343633399
371435052
626489727
6271805
727228079
733501286
965878801
38769996
640125465
718322710
352471122
742308774
314783137
449355802
768298546
261792904
830358283
714765405
731104613
573653078
983818488
632901079
643337850
121247442
133047758
177978912
66869718
859590999
432256728
664695459
254948055
186628582
182068143
911167682
903770073
879442678
923173814
246476875
975766878
715128225
599372631
217926205
975978012
233938089
902908130
271337091
99323700
297441927
321347545
406280919
912250219
64789512
829698876
259828325
448928806
982128251
735242984
910144801
300537586
75643362
492518655
168274007
789050557
865616193
58396958
240615588
712734401
438018226
907796965
341504804
563130080
793577219
477784824
819705556
657971578
256315222
592688283
290193182
129834464
269631311
117345996
426438347
392320212
673318346
18988373
297083842
578117203
193159352
692711989
560845744
204383179
627250791
473119330
306360196
586787553
354913931
590225000
424210900
576482265
308150579
332383077
446188149
661897538
194550987
15803526
447299710
969201394
863500401
937870389
177356233
445600362
495061722
726947632
942082005
59587949
880945634
981865799
252208880
896583329
632904280
112349931
604442656
440691341
675250399
379762647
256198114
48026355
575396724
96282989
44934837
161184667
144925138
140084680
521782086
203708514
375457192
265867548
276046049
94350666
815048824
767226187
40016755
715097915
367368790
780656628
446292976
231203528
716626758
658444994
532430109
209847152
539726193
199094309
372118525
628824380
485387632
842267590
411214501
263034871
705137160
154592943
285335781
952780456
32695596
374946140
298272551
981224890
792352493
257581368
393530863
536903628
167552985
555158161
539435607
112141612
251956210
697044124
536506416
534402401
627841471
177984054
226298734
130039114
62734300
105113698
419695386
637365443
499076211
72656926
892728371
229846685
649985386
37262137
709364934
306047176
306096725
536374340
87204009
221397874
104294171
190669472
115164138
813037239
970115
507791976
819562423
942238304
114908518
272815326
586415384
794351356
87372198
47078407
261084243
425123881
127094716
352885518
930854571
575876628
553784960
19279105
690963368
711013627
947223190
75815622
978552279
942264272
612184973
611845717
69622134
349393569
470421059
477239075
528126418
499640654
779475167
334816492
343357005
49687282
34064725
616624843
264442475
262286311
330902013
583737674
428687200
163419461
281821862
487778055
177284638
578144335
767681947
336603859
707448507
465588658
953621692
587798497
766354163
248368182
449216257
357684799
582978874
404555681
153315609
278556944
846420708
547980631
764699999
424401190
414053702
482633565
230359838
345880338
140982499
281433946
699581556
953896490
88104400
278449771
526794015
761090706
374140950
40731760
59639533
4611707
622274607
934661778
62622306
227134860
837052482
806666473
944240528
554551957
851743220
413437615
461069076
879763122
867740298
870573554
430403594
238861717
532757681
548074201
836601585
913354960
513757148
32894551
59369894
891266487
781208980
954469743
77503255
629599893
787943538
444445747
851487109
725435481
377095446
69727340
433812906
625277177
198661808
335373227
304757181
400850990
333117035
389460885
932116025
538621789
843522787
801909296
146419891
88673495
196223201
40001777
247525111
137532826
90919359
216577866
415755199
347829073
920630498
435191910
738726583
726502828
814782199
146865643
507599744
800533982
416291580
413707149
166267982
353915432
904244807
935526985
804754661
847748600
19201164
291532250
166698824
236774152
200850510
83717696
428359389
576606297
735830126
908022278
967721891
643916078
280436381
589761996
202312362
795841481
954156740
349920761
303059204
601335207
2753323
50491292
142713340
704236333
950863215
514029578
589840433
295825068
234126046
983179604
348004706
427368072
380918865
710857990
875186857
8222839
495850924
264418554
895149220
968136544
483181999
259552335
128970427
375450834
850930834
97691170
435993857
482921093
505217783
786924388
915935862
541605103
837361896
730733941
10
242676813
147592447
947259342
476823666
72776822
340294235
485314508
568767679
968619792
117276463
790712750
513222957
369041439
92623533
196611147
76464746
592641008
132945614
472698131
330137007
799017239
108340681
451563319
113922313
297021160
21133560
11563654
305282828
850953861
158638764
104166425
482908583
213644410
884796593
382288102
279077825
82979145
857506529
51553830
496615117
612779281
532660309
631186413
700196185
129650401
639654823
541281272
620120047
383546406
441150308
240777141
119547985
142500371
161997492
193252057
383050871
144747242
965989233
410183501
230773162
421473821
230972571
813540457
560901005
402303541
398452743
257194964
335438286
845721628
534924740
928658047
984617131
149400854
48931791
846457230
875864418
275954751
690751931
967433927
580404633
862153389
20512343
198102081
880726144
900099727
720377165
329318296
265020189
938399363
685844813
708122630
291003370
2890305
109705673
925131105
790524669
731817567
202781906
755431560
923530866
829401428
698390920
628737860
93482624
82665260
423955235
105895146
608769665
58437446
643442308
866286139
854313605
950648732
885331187
694700692
514361995
107383654
819538766
424328152
307831734
122242476
955882489
309129268
720521499
633736689
242630370
200927289
877222132
950094186
936235448
263153785
274240304
939648452
613523137
379653453
207888694
658136491
102315698
270368101
558106617
394481225
967016210
859521166
174228909
76951932
877848949
578488731
81303585
14055666
185058854
323895550
819630387
615598219
686224624
232039379
879407858
332154755
679024077
734606925
488811547
421081488
285256303
216659410
592267370
871919626
74773221
24012005
657400483
41159083
429919686
602860252
562053003
254014545
441155976
818436437
719544266
912757134
927339309
347014538
334055523
633533195
492337620
383837888
602836153
701448158
563415133
176872284
0
676775811
771365347
650177454
226748331
39143576
620385628
776659823
770743243
944767715
605258018
583492311
572622538
696462392
326165683
310713278
580002199
527808197
233994520
417499337
314656251
977327032
16363252
408484563
262042240
403297132
224090006
118282651
633255241
144588420
982787671
498722236
470572218
506020947
21209740
944000686
207645857
795295733
517369132
342020318
211157887
845614626
430271813
746956818
304978118
696776044
154237432
488542802
129960698
547301360
35264248
304815014
548708570
396912113
435390352
28310422
56569114
280362880
812846090
312984593
568342053
748752547
708744348
291115089
188761548
754252851
360191042
22968376
135485012
797506317
748188161
884055215
478079410
780086337
247914453
946124711
306336369
603147153
365085751
633584119
738614463
554836197
660137634
592100972
855380359
428201258
875831810
739140926
143947230
704098069
271235639
207361987
687840161
901706769
72309923
49963709
186093247
34128849
865955343
517229736
452948879
749597938
329282266
221215906
242833363
268835276
725967235
534226397
325076756
685841597
175118183
961435039
155145261
918258383
371695419
40809864
60772182
584044623
46380728
104976687
665274646
493378664
153526958
968840741
714118463
619129777
579017676
234079466
943106098
749711824
134193501
983083686
937437550
276942239
384111722
968355703
980766913
901587166
76375779
887995477
764824349
417287628
620382212
894985242
173755763
845037750
835163754
312772485
438271356
741859896
226902333
560852851
953092964
263762887
358837528
81311910
450880319
395544768
439100389
356486238
35831959
29966397
975593696
575433421
634882990
124165943
94934928
818141414
523511225
891006763
535725725
287291181
286294110
845712267
464695030
727777020
302655768
253394152
556759623
915114014
936279001
30754937
509128087
610163792
69011073
596221511
114554307
294444187
673591445
760759699
39547667
347559245
774944986
465133801
599646790
820665783
219803901
857211807
76377554
650590349
352534907
887877479
810392126
732530540
331123865
946883024
225308203
703504830
900576672
315480805
314783137
985476184
158138997
95230026
435642558
12384669
258934762
680910764
555161901
314964148
893450978
983168860
495059172
960497047
717459583
636835692
482435477
668048123
390101770
984426950
463003419
818377277
2139945
194645662
862833179
354331559
983904295
935144214
563868506
705919377
212404931
305822377
197699148
639288785
211837297
514085743
711879275
378857335
43101252
406106031
824022255
275248583
748173946
865462628
635017143
758493222
502870390
405039336
514200065
307106110
439829527
562881545
103630862
330299684
734085151
782142888
104410320
305422712
628486181
232261804
309228726
793025248
42979497
605518726
479097366
636957960
658563506
379953118
513089747
257865564
854714012
168383848
317727053
624568087
890557523
640402793
77463090
895273311
32606204
779885726
131406123
126878035
822306789
321255694
84061381
194428168
903947038
261399782
893919638
392091538
952934885
433891
442387014
960090375
802383448
211196869
148774445
654991961
632884402
416865911
561320693
57205947
698041987
713998872
162464681
284878757
802894119
554407271
848526984
913526988
590600224
868544993
563750582
252869193
33772891
42947461
426622488
363139476
916667490
384614286
726707286
853199297
312612108
475970693
566799899
801982058
558213620
785614937
394427729
657865383
723259335
461102569
662491455
896116860
588255731
796862330
302893422
502532667
250252263
250521619
596853274
934869257
518744553
565974542
725467154
410100393
562132897
526158736
843711164
97775776
89144770
768055881
866638744
385326768
463675673
763379501
501254554
755810421
949580180
512596343
209303591
306808536
331195755
198157952
382735409
655573791
574840533
733450450
974745072
722025125
504301790
511755674
104465057
891469528
239819687
667990495
526199569
424703425
779724171
192098850
180259679
275248583
915720359
727600778
386362023
585283797
287683009
361334488
822603538
496696371
584282390
90336893
438841608
141299479
364537583
580306954
734866541
266857220
695559323
902537939
150169862
210444199
13287269
68156088
684184881
852227451
86248730
234687921
272791449
702058357
309950344
936425195
151805763
984853553
482711926
973106771
399414005
90112852
743215289
782900673
802894119
94913456
461887214
402968307
402867349
287882434
419161981
666699262
449097482
577685377
877968705
642053407
266644458
227083192
706282423
708356617
669413807
732723267
692711891
912692069
267747551
256697746
172236145
482305377
9329917
225060325
731165111
482635333
872384630
91684678
313990028
761916684
597932295
102671772
111821595
687350339
449999892
762683688
321169334
152090072
576916064
894014499
455463165
878129415
388298876
629322762
252573841
564816291
924080403
91313710
851678006
370143514
173479970
362779145
162150892
36671860
665996556
585730109
188380770
3013101
284104151
70261926
117167369
779580236
933644997
382769168
782603166
43099670
802166502
415261020
563485038
734815542
961299716
851322135
156909933
372284057
936425195
457735949
104225914
794592525
8753107
416674177
828590917
301078214
333289767
573163866
966197605
80860021
749394658
520735294
460382022
737584839
296106315
88528181
855546258
128316045
781635984
825198167
537031395
850681279
351374858
257453565
364685421
474555415
346760494
759626736
397624455
4860974
321633825
285284656
576752266
217690537
664753560
204993956
70232660
229729845
688740784
24656685
787320196
251926990
374309215
874068773
454937957
854613832
446053354
119589736
182885803
199810345
71932418
214200063
483771635
948672954
527891573
351671568
124350664
417875957
683021641
587159243
898983901
648883654
530692823
481243701
980599009
799659531
325671564
81372285
13723451
720969636
117374495
218389260
330164200
41339195
383308482
761458558
827889272
439657934
630708636
843552130
798758588
575626513
868475540
931526605
105972108
958743920
182497424
980294734
597633103
427628419
947315029
487187508
77301979
607420261
888463077
476421200
733324708
149385762
704992522
651148185
834829015
669556904
633053916
26813924
978017305
486707068
808918519
689931905
804411324
187044167
359065816
756164949
571972836
410624505
148389323
370736319
512326750
40010023
188997942
422174802
170835352
35496591
891909410
493378664
752094780
532921430
484111245
383895210
268886521
685856878
866437703
814598963
98293804
187040618
936915499
361244596
480924646
156068449
712077854
339789239
558953342
212385545
6462324
423635347
588164276
284455517
555927741
780405279
581170956
359859363
675797689
429416060
149244236
76421262
710268877
118608337
578001236
440084111
694571379
161247171
866725674
559103035
980806361
670351439
391293527
336264974
461253394
956873090
590171880
68380357
973685565
367630810
707022172
203724310
706073696
916002704
408637463
552107725
66576146
465518714
729037169
228620221
271723242
34824021
352081671
952510536
236089666
764239640
926177945
481284138
777553194
537467050
486600971
642542461
623207858
701351352
416945022
679676600
453050405
916964988
388673062
252260816
552712674
737972522
627204389
923653588
83357872
612789345
939946901
427438584
807426537
419528408
162718
710331521
191404319
163216174
39143576
599620249
76028966
950661036
618486707
905646852
139889687
87330763
100345158
196133135
833939110
752122058
85691834
544245281
37787577
472224729
231963461
417204392
937133794
900280667
660894656
90174429
114430982
862595866
907480045
566437021
736991308
378814434
194626595
932450129
699156511
57986834
951768691
793829069
568003217
970532399
863801968
155341259
228760855
269348717
876541003
917019402
970234836
865975932
372148416
846970876
868201277
42221105
624015374
930846350
298541502
527576028
480280135
580136435
567293400
769152087
984506286
293112415
148920877
74760634
178581366
274469885
604741452
663993910
274015950
447241105
694633040
642668918
959893926
525683474
288243647
422143510
598758509
820193617
577856115
311229594
243234703
632755708
146877738
26248733
559352109
760218342
984996557
412252790
833793621
94313412
819824251
305403952
669806184
243625520
548092265
345011721
455916556
617917745
383668789
424717192
962149539
233795818
893809627
481079110
707489560
193926860
646031217
835610420
191625681
486587791
364446269
925650897
49064643
362258755
428572571
121397269
317433954
516065908
681589836
6932587
602042801
148522413
484821077
4240591
144975133
410613042
773976
813809904
631470232
419249392
87983762
769797029
124378041
314355915
914975299
107533277
976516055
782249913
408614171
67115443
260485562
441431039
456668368
191394638
436775608
177481735
435343103
1559596
889058101
213938501
967971630
750075377
878535083
370559219
440434439
819040560
234911138
523891753
435916093
657780591
65297492
188766865
225519551
592327134
756931013
591475813
445014112
110758183
18917799
1363610
505806459
469727334
538250879
585668269
873437347
78475748
791653237
42750227
631916420
48488961
720208340
362643218
163062438
466297850
222702227
351990858
153784671
49169503
253517982
221589281
315244100
481769134
527529116
613588286
797894068
837074875
864290869
482681211
529340131
579904718
870724154
944665853
637444909
421152260
588116253
843552130
137861816
343870965
21265193
406509532
537828033
4250067
50400008
870036271
949293375
39235804
478231396
41620514
134928682
850760385
126751079
610536441
957366675
258566249
862174037
115284893
369783178
87656137
177689216
238455236
960441160
894298505
650051531
288698039
896579603
241193000
143922976
974032304
98550647
47826437
771511814
912779636
342190363
129021105
427723624
525676497
324539863
911924817
351756089
947316319
444594577
845059096
191603602
31800506
43892140
486328496
765559766
974259400
550523881
351960339
566954207
298878761
207323269
153102709
518432165
432471292
726133944
373771707
939423613
815066077
140331986
232473562
645713739
908965476
807062057
452661910
296859511
608354527
177534435
975053283
817453550
803552181
375613844
641939959
760682226
859831915
95421886
182763500
307119782
761380159
935721843
390039146
289785960
822694304
727195365
528921559
25995638
79911777
800929976
960081656
902363770
530692823
117466554
245449829
193006280
268945356
491167966
682883370
921903706
121103817
211265742
212576576
96569873
676370898
150360484
755543234
8259049
496718247
894350267
236659899
212159714
820592441
96329984
719849763
212462075
450730503
67489853
9767422
548722214
379754179
795466465
409344382
5544687
179912760
106045374
461604563
71189514
813408073
814142454
773502593
330164200
968111389
99442157
493264195
983318639
50382053
802459481
630950804
516437203
923616647
229350811
583952958
176644979
915245265
246839108
146792372
785858324
542155855
107548025
738215653
206075657
2779120
916173367
368011606
949824994
383802404
529381682
175225409
131031418
689976981
607280622
820187771
281508048
282959394
373667333
795231709
53647193
612532885
626836633
699141261
27923433
405885409
828911311
413551352
433193520
380764424
382151603
26016978
537062032
159797251
803467
827320237
364349140
857266169
332312092
648777216
264487790
495687525
536450584
682745842
68300670
670939070
434605541
665024140
318627981
450091696
514760864
552440880
66973036
953622364
150483354
269522500
222029882
450353449
697649960
794776198
575673262
888921483
689319097
780859436
742794797
626777237
289610204
432276841
805466156
783865805
141147314
960057781
600402386
636064979
964762135
651715586
38524261
928483173
520241217
208086617
293752072
495811716
794208842
767193218
319686053
136023646
315401374
981418480
813110382
249754153
252916811
511091157
383182892
534694176
514196082
309709345
87341392
836218259
310231329
874999663
418039693
647897474
544434498
984705914
720511480
515225297
630058210
369647351
423328063
422266441
812431846
5817141
822610500
190891728
755279895
215256285
355246192
213646606
296675668
120887977
308768938
147575122
323776139
866628887
829409976
632472240
723081221
747123430
262765426
437240254
686460352
208552573
554985959
289744740
916110037
692849081
33929325
3557176
286046693
620137629
131462779
480721970
21327083
411875519
665559397
461613981
606679246
35264508
159646727
784608736
244585831
565779694
932330283
750432466
130060959
769140800
211784505
879826946
745502587
981222225
72134742
710883655
954756085
203964026
778160524
17492154
392536454
362014915
350823363
353741594
703763232
639015493
433914466
414921787
795398889
270975733
501418724
548373333
152806391
4642182
518154388
704228575
414226491
159280151
970857109
114715869
267033020
102483064
929225262
392541234
895357363
519349813
558904945
446160107
536688812
830904207
669555213
248321861
289454448
499995257
402304651
716315684
365999905
6749446
413153944
711356538
248095716
556184363
764240489
761090706
80763729
159087281
228056432
257776445
683676452
893642614
851057679
525249061
920449707
774834617
97760241
760005821
852639686
669720294
100438465
221219950
965904686
634530834
788942511
117601187
222669993
812176779
838987432
764924716
975567145
862555539
916936619
35543295
705346037
313775946
821184572
970765571
847319705
181805960
836340037
90299159
471236528
686175831
236914020
345233857
675015401
587297376
633171411
546467886
906031205
565222028
136262326
80058162
253394152
556821135
28789113
859675283
332696928
791440551
18571167
580554068
660261076
194763780
58277809
944314737
547246611
195193368
447545778
161247171
666433904
628635742
952360067
923872582
638415655
488542802
605833475
151195286
873781245
748381535
274864820
541189390
280790972
170000512
198595055
694834083
865609796
515096217
767301963
490411023
65235676
860245915
328722386
394769297
370621422
933774821
123400955
638780892
974251673
124467617
415340712
238020318
26843937
372204563
234585881
294439338
342451109
426660966
627618891
784305905
556759623
54218924
272366771
217912940
184831950
399446814
573653078
361963654
829739985
706238742
226946591
888076246
751041395
563872715
304141473
897685981
815644235
782227989
42262465
49693702
184386317
622690998
842313602
124054709
725861679
830123294
302883381
690813014
422969970
652591193
208974384
771124117
883967692
27692120
830948402
905225766
567033675
537424230
64051605
268672987
209789476
283003521
158037730
315219733
700850808
207720929
851695291
866905656
897681477
180591857
946216975
3974387
960187927
646144682
189866080
692486756
854109665
503196852
489334350
36823095
390478040
635958954
7708039
650555318
81629596
695493434
587055284
967973609
221856793
786600710
27553952
647761645
362299170
270479925
310771523
325529368
44464928
184611448
462571136
200075153
33022656
203798146
38733969
234568036
876938119
75699296
313743574
208270443
256233308
143650019
76397008
436542165
198922582
475755315
42232197
508447686
674562663
27414865
786678336
311916629
729885995
291627307
129632550
968334388
923858038
556018982
113051671
120734014
634975985
732410747
610363719
863422086
808365486
540312327
346410613
225236140
82979145
55442199
602042801
655847068
917709268
488587142
430655287
121122553
385798810
229900637
185105899
135934151
383465956
976703843
971914945
318726579
925043618
434649529
863074205
255225289
811511124
759437892
800039037
797540874
307133174
341311923
741316209
388642000
922575196
740359723
524313068
366585476
619731454
566545119
532490029
525877623
60972821
336538223
915356652
263841549
124438068
801464664
492209800
312165416
314105271
594794599
507133254
622684272
312591188
565242029
695014635
981356104
43653498
108872169
866615305
341907458
636381864
494995466
509858382
310231329
781973227
859741516
295261132
109643475
134740381
964907956
457375952
844987079
752369748
206539297
447627013
685305905
115311057
372919275
734559993
777648680
940156844
434813468
682366856
92986017
253482459
997780
889463079
916539278
394057146
600895275
292835165
22056920
765636643
699237861
592884188
285551324
248970029
803355986
303640062
53328670
490490182
323194273
406894413
358646074
819212240
971032618
125289303
918229645
281556428
483178500
863765683
933387771
290756454
792656429
411958231
915913587
264840463
623224824
782000819
52752806
345476106
379951262
404369787
359823181
210150757
84708723
247596666
366585476
96729974
395609982
212988840
390934168
93857405
370952615
764601064
322647163
814637815
191565500
733136239
654939366
669459937
171966121
587664337
380672567
550708233
905490456
640685967
736726061
112286668
847281169
583111226
27373588
920438434
650794102
899550909
361055681
38182920
971253858
700592436
211604417
188723879
621026591
289019124
161716936
636262800
664027807
776408424
552542512
213938501
685709645
606278758
293734632
741242900
639131591
717425308
323392528
391292278
553917094
263101466
13591264
376762820
789939151
960858250
488487607
563387482
971680665
381398029
864046923
46193431
878329164
815362760
695316035
47271767
160325860
884985307
815114217
782670402
646604566
748554812
25407397
983344685
935682067
915587782
460067684
152688664
13723451
97300519
680455986
426546276
238825247
963786533
40378157
38819856
544891844
747710154
209973700
551095913
907935279
50996401
240151289
715766778
781965882
698710979
867908587
155685033
453349615
470299717
658666888
447589114
400394115
743025848
151413944
530019325
22982816
383759161
669309052
571255837
434977874
532210805
834798762
399615034
535220391
752570668
899774221
756592598
55095784
135568187
198047236
610529545
947784042
90338748
243525077
663366677
121570992
229777767
449335471
134555513
600445950
932461667
351343242
886636075
950675095
847434219
403690003
978823995
892953938
340838754
510799965
347561149
335342822
291924994
815321824
233964089
307344980
924415421
689454433
4071275
621474595
535692631
153264295
749486570
664610019
180408314
56126596
633739920
667229828
412219516
514731472
916038063
311007618
790883982
877397089
829275949
201731612
1939172
693118433
747939368
570617824
355583378
463755245
89273287
582156373
66905112
46248702
530501311
530057487
146700346
89401233
112755815
320432816
136464696
394713565
87783034
173369736
819657729
734171851
603185757
427676977
709407427
975275859
626550882
807857500
884691071
523163168
199238714
286481897
802500911
291181474
5559700
422391545
823528138
158623381
807086919
446027299
367541970
56882936
971442709
51938
190836370
209823880
975447644
51535101
2149509
980279852
252037826
198314024
590951762
968989234
787465770
22721866
329049928
305803829
821184572
100122312
977814137
696002962
983208762
138118692
535194427
533377575
769536274
839299875
730678262
816507560
223115539
486394690
915379160
517916120
904362070
132450977
373331389
697381678
401091911
582378166
364365503
628108750
444281580
607435683
425334241
738595032
753335761
868995402
532396917
441587351
282088926
408716642
708903679
796449819
241479172
755125521
524374122
697070538
685659107
409166983
443570145
870391360
254811271
43142221
246197262
279827860
394532055
621284838
339196433
803811097
622666
649575361
483533458
277547244
261821312
826715030
331341128
886196886
354718708
616680755
837572273
336759754
260577145
771802831
477941158
32606204
690006977
498283570
814824322
385176595
312505768
435402648
925937292
39909262
597556522
525835323
726148728
299365360
883946506
345997945
455192176
5815684
240569695
980331434
374956146
126069610
597439923
107684258
234633340
449630889
116460538
93621325
36137148
638700799
393536189
208580509
512275564
901327570
330800374
136347571
781037062
771100938
406085176
938280807
645099331
102895083
812249310
959138805
708698925
402617358
482072283
792642493
863980021
69317465
540875777
631055962
526334595
147410158
490581872
133500542
868043278
578942739
238168856
197443265
813288389
354496629
363953271
244754065
835671266
509506783
403155284
143870950
336281885
978187882
859565404
368211385
377281210
235765239
597916495
469253143
834280150
356378541
957951511
159478328
317134947
767367458
386083792
204725983
619337761
303424328
812393156
96864708
498557431
713779405
41413972
135329915
784289846
86574792
917729077
110890503
155307008
520728751
775882375
460352046
297220389
513239185
336567919
746023715
71349237
381762385
599461268
518174561
537146636
413783223
516637462
811247334
15086792
353405122
48184628
213419201
472116824
862680218
332164425
901932715
164841877
908809955
760573704
930319304
876475573
200115560
184340505
366781855
567962733
646337372
299456148
149955526
524644923
743726143
358057288
54326923
254419378
692856459
528128102
976270508
914504705
905755238
461138895
735052228
957142068
54730402
678468508
891111691
521423548
43137034
767970038
378745096
652255988
25818469
421401259
731581436
904111900
256685647
120568173
52861219
961857811
251654803
503021597
196484340
640395909
256315222
753550656
364714255
486452784
427117513
874470116
268749088
770751950
742411090
747482966
860571023
181788513
2503828
676623520
804869641
517532260
164841877
216361375
850373085
805587717
972083338
642372941
776682649
705432936
870192833
428683693
517111582
928216285
789733011
801578286
506209149
580439027
362604887
822475125
796142438
824657573
498843723
145759713
190498090
218042041
311118011
188548742
640228581
225611400
63139046
912086338
470378149
690757049
801578221
486099489
271264565
37787577
409722430
608802319
761544605
976736223
333879842
642406424
184386317
675614251
88792176
171876301
516159198
953448080
538032807
119188848
395724530
409415357
112680351
22811971
875281357
175170978
205016438
100533871
546199203
641866420
955904023
709870410
852046255
719493464
827012745
556149196
219244725
481477177
585154555
275079988
287173650
519080543
706021610
420492606
142851986
526564819
951275785
628647254
750874385
176883824
809106845
646419835
713684517
112296462
526622483
107625294
190321631
379547171
407062278
115803677
289100343
902526457
477176665
720050283
240796715
741255707
536857067
294540594
689783656
388161846
534040945
490722104
365578197
832450089
134841052
792476991
90721358
860952267
692593495
525551640
857837653
940276624
267339317
475441035
872893188
170928236
613836308
397971070
625117447
696650444
233352021
263315209
299808838
767456645
573417898
820592441
457262334
244970583
743443274
929810978
863676283
81189717
515083750
245309542
259200540
379570758
945656186
290329913
479926605
404158238
391994499
805188554
416123678
96587786
899627853
451238945
855314229
127140191
23815280
289692421
180156816
456382618
16866439
694571379
543256716
877682441
965512677
360063886
672424704
838498500
74233445
505319257
838032482
254561917
689423149
814777439
849528806
678308504
2268984
397603866
460887389
469015134
797080680
218322524
477042899
164619162
858819801
754787192
381328351
73042122
158298053
47504037
765175154
601651579
52405339
968036596
122963479
427934788
648243257
11199032
752934739
495144708
488946494
86068560
217301213
807557647
423340966
153567145
392101805
859750198
863527130
756394170
680945223
282291579
686349094
125894121
348974043
939272667
263061709
231219456
456653687
669613950
372426651
341529870
119971304
611744134
521943538
131344695
720439707
684439500
689476057
390039146
8939308
462261583
689340087
627915443
651470091
502252704
705752692
7867891
430580558
97171548
969738451
252962693
357118317
115512401
317573903
379096672
824216535
309099555
358026066
376293061
719489390
568299191
322752650
766823721
793457139
690543420
923502251
230753029
305813470
805873196
646761206
434273743
858275178
136426627
193308703
714614718
211842888
492337620
10688803
351931003
68957739
901225591
12295752
520278242
553710205
876955016
804120242
232346987
846970876
438787255
385163381
508542713
620445411
673963063
633558065
261859777
11803625
742869000
836851810
468708807
884518363
840896095
523869621
258123333
590317721
256046098
156825544
384792627
185520953
770194030
679051437
151245925
763834567
191893604
257256466
502628524
117023038
234542122
233532067
325589906
455109254
237637478
159476180
605623851
796934735
28814022
983293038
620581405
948395052
239649794
31499438
197323578
567748962
764532570
624705035
883133096
64798601
870516207
795889332
808289777
388394944
469894221
270095295
515877411
250655584
480686120
336618780
813469774
746083570
884518363
656731753
586796675
763718299
365153768
312626457
280787836
212093106
776261283
342372614
67151724
894910722
364854261
467424156
939651255
190861163
852265619
151202893
638098755
649442350
577033748
794462151
259089975
305699366
855322325
494733127
164284050
3491364
379762521
345258400
886046561
231753185
453658537
675024346
667609738
287434453
403030855
269713998
388719108
871087381
495721840
399360953
716013395
434492462
550266433
502034939
670939070
15193773
165001123
308362828
26266567
506753933
85696388
526702256
230975147
498194216
148736791
123756534
86733803
151815973
956325445
333122132
338956955
21516367
21749158
366763689
212010430
774745565
71155910
458763121
731178722
744726034
243581915
330422574
704527459
701610837
18553648
780217708
241158799
947813744
414860564
281510354
293384406
36512742
210486601
758690340
76786955
11867799
109588951
871885651
181506984
656626545
417331302
643498656
595007656
239595387
215289327
658444994
385121466
162942253
678930669
410784941
767312768
447689155
536374340
426451633
911665446
616092662
18783151
915983726
398409804
913006583
710890985
658348808
599909774
759422735
908168407
606748944
209113896
874550217
975106326
864161721
764632021
976585765
541367148
77635380
954139522
675453980
675534448
899112347
823567030
735349998
80393975
605042880
34430137
376941958
69287377
683176416
941766514
621661960
783646394
549406303
134527350
171112908
424699396
462835562
606922315
202742480
380526730
168910664
811973107
740108540
153227254
323700358
598995568
271366
858597472
942281365
344538351
346494911
806259466
165936415
494207846
933967894
383825831
514934869
588923811
332722986
162464681
299694743
356047547
239792688
232720955
572866406
816214544
112970548
783265934
85771297
119709659
497165739
536744462
5662429
276420572
638332585
179258916
866985017
936778782
789903867
597101266
265652556
419295102
169354922
497831849
61825070
910203411
427622453
496169930
488060029
969177632
687268096
144535414
559691132
637243557
933492741
744099911
162389477
532646257
317566990
849686614
349607843
228569895
196816885
542470090
907413734
319410531
625434231
190860624
650335568
968995698
436864435
554961954
648016383
960933765
977953313
830100702
985419302
73235246
725472292
297532784
232594245
33912815
847976143
760905236
952015457
729130211
35118592
118005072
21458111
966873130
326641666
243634218
2627209
96282989
638954267
104256650
610722762
878348461
611756979
10259124
208753959
425819267
109165213
175732734
297519483
620918018
94170934
548837240
62844757
482783936
802037976
706113329
441436709
871105704
985836940
386091412
91224276
254023991
734472231
297135791
983818488
552445770
658471730
153514283
205351323
225537920
61916938
20756942
948317711
900275673
615921187
472009387
583236836
619522662
20305915
31796141
710793161
222984829
804676385
887534842
295638827
661128630
650499937
598589485
481467745
508119014
645482742
784651350
18290596
33178897
698692051
778591489
90302936
238020318
80189239
839833059
98450565
253645068
280599547
112522297
723521682
599756444
336751056
814578133
430800522
204162699
71492684
163359960
14119837
933215179
241148531
574211744
118608337
1114856
53524115
736500699
38264422
628154139
582017390
776698233
841067446
697195136
687909735
542251531
489418916
851797397
844351774
672071214
139278378
275296653
515482264
262777710
210256310
446161529
394954428
493224753
94681595
978416037
546690183
483687367
3450111
720598652
386310689
962338366
619851148
759151702
652562421
93703224
822871201
564342510
483260372
387032184
30306856
185712308
528727478
649871988
373610551
505901073
393542973
626011228
450098370
372804915
333422482
461361985
12821304
291924994
745367479
600243917
445298086
534453225
238814240
338429815
245449829
109635431
219577775
809745813
891027517
847479368
946389189
824005020
291970610
545302917
690672856
101319630
719438701
50187539
505567675
46800175
419161981
508352819
307205854
165961346
293858875
42408509
242684608
703322268
186478
215222205
192373413
92677164
763593064
870282005
934666017
780842293
667824638
970984109
532582370
214715128
891095010
410246964
511271677
496724843
96935218
148589993
230227195
969995598
900574757
47420362
350852570
926420806
681852658
307716906
409337909
174718319
952294579
751467455
661695822
116246007
948875033
917767086
182362064
868141584
212344584
485726804
979744663
159744233
12027967
845763795
983940455
309929887
218735535
760358574
467818375
222277311
937572622
799893370
955879651
339271177
673436419
14146330
199220569
681492111
4285892
889597946
363296641
575136174
850264943
160457618
344538351
435158399
381610873
555936960
593222700
314428086
867997857
371488160
304606956
624265085
766063702
49352698
310665167
252381135
879442678
239146351
391508668
639192521
131652276
623443883
411054123
661502957
68436690
151981810
622475961
810441405
615921187
960842451
981525414
835885143
880069342
958440642
409359964
866154458
739151851
788389014
784601187
366649439
314105271
497676085
198853600
935414069
479052304
328829462
343213698
131214691
270940177
276915097
781215923
728297474
28464025
62148233
738443494
90811858
261413667
422991651
725628996
119547985
200578834
941563791
943683195
345000994
962624482
77878082
198255989
314353656
801746979
840711724
406018603
376813097
611699356
755608988
333356982
734101493
376727766
532595785
48225210
456188080
568182582
713321304
18407590
360369004
910964483
401187703
46380728
131626166
230224110
614376008
106348849
293779609
767869351
85716602
303750013
547923070
803323059
791617698
429212180
189787177
81457490
826695082
49155666
813967037
687792163
780695093
808224906
237085682
181942348
460623829
48901265
635662866
802128313
806584764
465133801
550600901
247913644
526781964
579789929
198763508
649490893
365837962
514952338
375062383
248212647
18233816
345895166
64528299
375428793
310207038
552498035
793555931
107189417
822805466
189556910
43804078
532640995
444507587
227441657
90299159
794151615
787363310
543063337
789063144
311104820
929528384
334592706
737916040
722566950
981905152
583974399
381854213
369321690
772459280
423700994
687562063
673535222
460582848
598761802
127393742
406071593
10065054
466269076
37126386
831538266
822827059
297770270
968512791
133630109
72375287
129864795
85711236
463855784
710866570
485624611
500727835
936774156
920551637
180408314
912194841
381996196
944114096
614679076
155887557
387008013
595983505
228566921
308867955
680266088
208522463
382102525
663848583
124641881
848570830
123096581
139143757
150588586
9421253
139070769
654238191
827430755
365795725
58277809
888722702
259341412
854761923
753366298
334231879
826614473
822123724
732916604
952325107
332164425
859261956
626284889
834705173
975321048
397851788
867740119
650815513
350262322
982438155
279013459
215054531
891118590
3489705
618260797
184161578
300044743
640706566
804471229
691073518
888986254
795528083
819157235
518824905
138368405
502328938
508924025
881580694
576965006
811046294
694837960
367993252
428990188
813219332
562850527
493574526
630729766
514962017
390744738
398336699
55257187
259852974
421480576
151777198
451166707
272126545
216815814
543985236
397493636
278513539
313218602
174086491
210153627
880945634
741406927
375357873
522915489
849478155
470810954
51090331
345376740
495671380
964907956
2586852
122107803
292747016
125289303
577535923
194923982
612077622
692940633
863619413
898140226
125387780
732530322
641600240
35698065
838361292
478216948
695369568
878129415
687278647
432844453
708924241
918551740
22719821
364650816
726883616
279041143
787018736
263973403
258653715
963750351
959880933
10427686
830426092
254811271
983050225
346976928
814486162
162040304
202263675
347154161
856976978
605929362
741793972
902439688
632988277
644193328
760005821
443188025
36385487
641516220
26477716
499750963
829921053
920857404
267431191
627504786
496621009
720746760
427257652
359156139
524264150
806869164
671429071
595326655
658473084
706292410
984019274
437604245
688180292
139925869
54846258
791175589
415706820
427898542
94762222
752994124
357956456
415934482
888076246
943140999
207842832
684071999
784854706
811248107
922575196
318457026
537668078
938837228
916763707
553028906
901056688
827529345
820225507
284398108
832494727
568299191
168844493
557158107
131257020
970152767
584077566
273801473
831104036
825854661
474166660
7080695
574837674
951207333
713498947
395407256
284149206
783287627
79728124
942576548
234187585
764532570
934253136
428447017
693070468
299209225
408182469
178347455
949240632
965055167
238911412
280432326
876601623
506940557
275254227
267605041
402237062
346915500
796995030
454756526
473161361
411270177
274965356
394665247
948215804
29356691
526231383
869755940
493871610
202946547
269399848
252015383
835686782
381829338
228580767
532533076
107718791
423949471
596765451
963338161
452847287
776336710
856211736
824952631
606460819
388118827
452018833
693148659
864629091
512094268
363949394
272789611
389321132
912521146
289552655
786878346
150026509
455726372
827580774
11570117
817329736
743951086
790540128
629293831
100025948
713482262
217649345
612720410
584508018
37634051
99482324
450717948
157000990
381631671
429980403
141627114
189165812
564424193
953057230
842965290
843522787
736573836
862165880
484378701
324605558
204039739
651427620
454944878
956789684
824411443
177699351
425571731
980743246
268976777
754715395
559117936
192878855
633831948
525134317
216858902
785293502
347506995
450354395
957679444
90561049
155279937
233130511
685085881
912153168
537125901
903282942
978851665
132295896
875134488
682862915
81532591
400830173
889528342
100665690
436390273
302982299
422505224
835738777
602836153
129760380
757354198
921696784
410508583
679065641
275507866
502482752
741715687
344310886
617998541
64373290
132764320
588634929
755293531
285454655
83580795
702485296
438249286
526822143
819562423
191898909
628462488
45890245
902564204
859028495
64856256
205280035
859667477
298958573
599938085
894537420
80679303
986426513
42256446
229912885
688147434
255540314
106537591
748575498
335626267
257647012
824036476
344794440
186010344
575616551
523363300
728825788
785235225
587031860
568299191
346169586
806922132
691013751
846386863
92753088
967672669
775931188
158017838
138895240
364112987
667329625
376001177
361630610
455192706
180585054
948798868
456318499
219530957
61875524
984164705
427843801
818614852
216010309
685942953
916936619
507566043
477871489
899730049
956576408
8899980
648653758
33538659
425651616
211292853
905805365
292449038
978698641
331268562
401080143
793605444
174129716
303275275
326855073
590222685
68485458
461102569
584424744
252525121
334133921
235738189
303354296
582556406
491884164
675256865
371695419
646198954
257441452
95523700
76234436
923203110
767126611
129389307
199171052
173599874
469422651
146097567
659077214
855451410
522953641
706170333
142338373
193133573
417730057
378530742
176209084
258473561
402976606
91249241
784211645
97949938
487778055
187216673
373343262
128101658
923169857
596891308
571661747
934674087
413480060
92859070
496069383
566238785
554961954
813176375
735211710
224656597
881691701
584441901
485451640
829634907
956613553
677108446
434336485
780263715
926399632
775778190
801393900
433268807
380574153
832134038
493703191
813809904
551268311
78480388
526578504
647495501
980661763
335154748
970115
799569969
271517416
3896568
813487908
459568600
762989971
802202292
358333627
528460268
50869379
680078430
534981047
363475963
903320389
511562493
432220751
186106285
854752470
908697631
533691937
472224729
449630889
88680902
4627741
718482370
43970087
983098487
865531593
356056122
764572755
567927530
836570989
598075182
526314317
153350558
325621668
350595450
826615797
649896645
390355616
466654779
422637488
329848546
274748883
816266209
493553902
861262344
333408594
332116605
695690685
21710508
864565190
340621894
207645857
186422404
21817801
251083505
534474975
882322830
695617725
512456101
20737246
270836630
897655058
7541399
266103321
903353927
394628014
159806097
547407702
138248246
9418992
975191941
161092559
312894288
845871172
71859015
539332366
789851242
869431957
43674123
247260814
966805598
212691221
516648297
253798864
951003066
548079447
12852402
284683542
618713519
204660960
432668738
238090813
315322872
897724341
954654910
256198114
65236339
598506165
237298958
673752950
758208948
750683962
180193631
67262318
465015275
199287384
695270609
802474343
968313063
218804263
15284478
100616730
413707149
834829015
646185505
410686560
238669185
303069302
701536709
250019328
349667680
846917555
99698881
811118393
143767065
315448798
22719821
152710590
33772891
873679203
333284523
973281579
584094724
161568146
209994290
937117070
317223770
786525399
67848738
77554475
389604269
219493210
640058659
550999829
155294592
463750825
582972578
977577683
697382274
60122131
114428157
855790838
532285678
970577386
377477934
931365366
8382398
817266378
222473957
719784983
686704643
183399674
205349383
126725718
248576413
217136794
54278761
872707730
733123242
763614645
259112820
409839158
303527003
985453647
169884590
541001211
483002539
482521936
323621345
530888220
482962108
855780305
454068858
908015406
109279427
159474589
67498957
506594474
919637058
961957399
113054091
523473437
62171887
23753261
179905148
835934135
439388763
54368918
642376945
749939905
632166310
868106918
954307786
577331298
252965236
763235899
378802245
947387664
748530384
821111879
457214137
597501163
383471548
927157661
714450936
744861911
324035774
900616495
538157877
252070187
754045528
689384530
271309925
151179614
170824994
750075377
673318169
496205558
754426714
812144612
217991711
963534351
573515048
764401402
690510606
786556195
65106777
749641018
584539008
482579257
508173106
512623053
112286668
601955097
6977229
18771103
349229408
56010936
79357904
28417571
849234451
819439445
133588912
354414480
164094748
420472223
285084397
646663787
559701220
896531986
145762033
815404150
886679362
431778302
273332067
311315828
445896525
499883754
696763812
854462236
201575014
418961021
293383232
897430941
528156319
701104066
645546155
206283846
742120874
575354156
776746014
673279793
618486707
650239865
397851788
432095593
721377369
594066167
350597629
386442809
311474705
898076182
746353671
632205283
405092876
117877985
77053424
807677582
670648696
600576633
901044180
190605274
258142236
131985745
115793669
317133456
568040233
875973370
521345656
237791370
591255311
685376950
968807768
777025814
267059131
748303157
920035901
405893496
426438347
812937452
205554241
64560382
306777916
160139230
542038515
261904305
326024763
394377628
640175896
377162596
833201617
649275788
243013151
554836197
692846317
980037315
168607772
394966675
396413829
817880331
497094831
88277160
311846406
22434123
736495254
591828100
872359726
430992094
281891695
347116607
264128936
574915366
393992206
715108848
620358230
254049053
628171898
470448157
933801906
578187227
286829247
100758789
767421334
877752690
330889247
579752304
126077567
386124275
308528907
847853335
196633678
523516955
132116410
202837678
713182897
19307748
750179659
934341292
443034543
240071087
980069478
329896545
450730503
671401772
816502678
362983038
944229973
195325937
6607576
849453173
417451902
421030676
955840874
581473391
983231408
69219960
36141237
977853468
44125768
351014885
193348370
549443434
450091696
134434067
681341086
505563812
712123150
660991867
623850954
439516480
795361885
642252111
241106532
529945673
959861984
139339258
503582359
838945250
4822067
755456578
114086730
976978829
71684975
393181421
838438619
815114217
390039146
286142476
549181560
288653637
101537955
661596218
622796138
973685565
499870717
536303375
927417396
154180774
641256049
127100169
694903225
272662739
643759437
745512943
339767495
135764350
170085149
893092420
315989679
670854878
274842647
126318700
827016236
369486254
936158755
178135978
509421603
609487673
606428619
642762044
914710706
519349813
685723093
984657141
553669966
682847642
349767746
527019053
142189672
699799632
598571635
463096583
658619322
147868923
653919303
139354430
789521280
343793574
712640741
93839795
300933551
901583752
872736921
901548399
543107141
795677062
769530135
215192460
190821053
686421159
494042644
291831991
342060607
259207507
680256105
165835219
792787635
203959085
737433638
85872561
719707810
466404325
166025645
917909034
291970401
965385146
625785138
67355659
222984829
440582457
155279937
127808606
619498126
14639560
631445976
822998171
861505831
262238180
328017173
321681396
563563647
310045250
782853829
947409046
295276574
592810356
972439020
9685915
48651997
844750152
122170267
20796138
699636512
591298018
277731546
342625846
51862629
129482209
761043316
670648696
109421874
395304438
469805149
540364329
14440151
11062224
269954336
374003894
839800113
816890445
109208282
453161627
124012181
642698719
158500037
779447479
31869370
159324828
838713437
830696634
500436174
754975187
665023797
480457220
72446078
214838194
715767801
561961437
914161895
311913242
382368935
259140498
355648211
895393828
980982555
432256728
607816727
650232805
720147937
938373884
216184254
430970261
507117576
478115109
886348317
280233747
440107014
951325757
44244500
708808535
175759464
71352164
703002683
522424055
539172457
928658047
223180280
285578507
8372459
885513535
77738677
509019021
137338287
193015033
136293759
896807142
699202027
804844015
711737043
202796221
957292453
880917866
344192162
530722549
45254636
690953716
702566541
272998877
323960049
161485591
58189257
589642102
933668546
181738634
344339070
6742060
882962216
303147909
920954303
774670999
282527292
780719415
360697539
660455196
521031311
180479012
442846802
414036174
474292482
652424554
257629649
111085203
111451932
710368152
257462972
377551340
364537468
638304592
33389185
753267993
173192531
58980172
229137627
630638075
499076211
986133904
856673916
801761310
775920777
288872390
856336705
398437433
48535042
838826295
942998814
39145986
379762999
625987720
557178926
310338726
315682799
951676557
970561939
200874002
350133234
311970178
957022124
748530384
686615126
650317673
758537989
708539593
132533430
895361090
38194063
106512091
171992955
578930601
712090386
10395404
428687200
633803792
393750554
388006821
466293895
303021448
231842854
133615133
251886105
449504265
576003719
802435739
671957445
755657789
814538591
83846225
882558631
805722171
16140890
502691143
107496276
774396351
914584730
207737796
261521288
908075176
150317537
861434769
700697884
442037845
197666953
926467766
567990164
339251063
368768929
221641267
450549468
625444809
231275097
650038713
169801450
215034142
938201570
422145159
665931646
332581436
952680159
947813744
153308072
364665028
246299626
644995642
337437657
714437042
58629633
344176741
241822401
247449342
643194287
70316150
186236388
882975141
200503935
218314202
767330419
984262328
867314879
429937348
209685442
506755630
365312285
256173548
451111096
61689195
510577484
810701787
533007965
464796029
755015
921349527
163228662
706950881
584876252
212850132
144875626
272208507
137700358
48634958
748706825
120302743
68328537
753328952
123592078
211187732
293532366
769721614
783311749
8403896
738886737
394368700
495415118
506020947
933077990
497720850
875747633
530432703
140532759
756843980
653940244
252784906
800148710
787650166
396420504
187697315
67625883
965687632
101287866
874740711
158753256
634587255
485751085
730374733
522183935
694201085
788389014
926775054
531411028
985225688
520881393
880754733
554622158
712247377
493311675
74228189
352049151
342212758
598657686
257202707
303214622
299525057
248292372
966729277
130394956
969491887
733121038
574155667
520226817
643072057
900593847
820500707
816944447
113054091
610076210
666314057
100616730
830695671
765046014
531680894
393658178
597554159
941126798
924740949
529700908
855245948
48634958
231932324
524915414
367800289
912609032
488091309
182541298
80070308
487057330
771842098
324647194
977772678
229813461
317194656
237789785
391620368
874119933
20944773
158110972
807329045
806930557
880934058
654991961
383057461
293970975
486301560
874173128
798488492
686564381
843680586
859889265
473048607
882876076
564948097
391249549
715551755
491723127
70317271
968925527
475992979
799465157
215909068
643857791
452277932
118406779
504712261
607068979
68956440
108522829
810818954
97726063
239361809
196612433
956649474
924514077
958431042
373818188
617344835
226234758
480148403
809807574
657494160
548074201
328724659
854511481
656285250
830177448
93139519
928172912
69033888
307147189
253229416
134237458
102595327
263310395
157058354
859187148
713813111
874499204
327981394
273451005
918422534
34604097
54220106
899647591
370573876
852650011
58324337
475213647
795006890
398409804
615936888
926922588
920745262
924329429
733364056
117606545
143603028
802618380
486032001
161896062
88484874
47242815
556046984
59847335
564804757
108401594
239879074
699237861
303322162
341694508
855105111
487674002
30455365
251463159
360741195
118103523
558005807
284907762
978593563
129205763
266413030
527434976
969144789
9953105
816009931
552420616
743206229
502564610
510220403
34295192
549821181
876597281
110266992
122956194
917163927
610714818
840919621
635836717
637585066
222994815
135485012
930907838
558054788
749401637
446188149
655665501
234702334
975522643
556413208
740421299
72019217
92980347
468467069
673803626
368011738
537049502
287551924
877474867
578493024
771276784
805714998
192194868
562183963
939445092
727662875
123914606
696331746
386807911
490490182
317194656
924740949
633458031
529663091
164105280
832775974
767757021
577609776
50624454
918647133
105362916
645094934
875841708
673366073
814479389
216983571
338756238
141682457
794784947
316807088
522424055
421235666
764893822
883024851
849755597
18922838
289354236
58097102
922388461
526466174
214240511
60281536
683848339
90957498
706648957
151378831
86692549
870502629
263664016
868352991
512787782
90197550
395911978
512439767
742991716
865581882
528298147
772198768
133089452
855908269
696763812
636611967
900654802
737655383
290506090
416644330
489825688
714457809
198314024
673310376
520793092
122657611
247440095
325158155
275996209
803176623
136438958
634117566
204004109
864511631
655122542
440633348
494490017
805089726
74141128
348481220
290441605
501844627
173400526
291974512
249186830
294439338
985525772
889117445
40602654
915983726
710793161
463568028
399915515
168176747
882252030
759013886
783267795
685913768
235452651
19818599
327978195
327238649
975405389
441160250
401856770
438068836
654986163
921269443
765827061
583051688
977488825
791835420
310070733
651390648
972205485
900869688
410048555
299091186
563638599
859750198
490700996
735736694
372592586
874470116
100446534
179215399
223552084
781590966
740376661
274452675
538307133
782381895
867751639
842632375
56426886
104792228
414637782
718980657
903954509
798305931
50870062
939329026
187460641
977298013
196843218
559661925
378550676
276564445
85374600
201250550
204358159
509531593
554321236
200018562
313650726
529647374
899506741
31947811
215862287
402097356
781723056
72874895
39330449
870226205
923877390
809409829
909527416
689976981
549399984
69491148
629747585
372275473
560484273
888243583
964223263
110185289
171395025
428538928
309143905
200190504
897206283
304751264
241303920
150812335
965598318
716163568
294974566
852081327
82799117
129233813
984972172
681916740
419458933
393742616
952680159
602792165
52162071
529801020
92049876
514065627
703070274
967342984
683042249
982262150
405701354
37363233
617074310
766397329
128536839
825727550
457440266
15284478
770442165
652436091
903789513
234187585
1922982
382151603
385798810
66197707
196301133
347277487
650239865
360668325
486941998
500798347
490395422
740326755
641365487
263282610
174217770
802313792
875602543
3506928
689538420
629670637
347268823
681617462
621507086
331094033
116834378
151582371
75907658
298561164
653817510
961435039
549035871
529602846
181001958
360608117
261804579
180664042
750322848
841974810
333909966
453984055
596082767
888663209
58731840
726283189
181661651
350302874
686976397
284263046
13815983
232746788
146748596
49050380
822136277
452
821932595
902662565
452235621
725996996
890557523
753271540
247775184
870149120
104378573
193926860
660063066
779990562
250278404
971612858
579879148
240071087
73712434
793661355
709354346
296656649
3707454
400663255
105548995
144638447
18558801
200134977
696778292
152091322
770730140
336103367
892953938
982626580
775666590
782526315
344559417
847568012
823122364
19065773
846373157
589098434
862595866
652985906
817206703
310438629
378104610
95152574
493146966
504301790
790652970
144548884
366688644
411716635
359136637
564493006
231031551
902513037
666974654
357229020
217754477
697863316
865759769
836953717
186991901
776659823
848450577
589761996
92447536
30255088
914584730
138217956
888906945
168732757
283464917
212330739
798787600
552395834
343889595
217837811
461090498
835163754
129963050
68129830
931598910
407927229
789676026
331203421
861074776
808601379
94698939
804623082
747861887
599151928
453486305
940341713
542038515
437009744
86998235
272191684
575074075
618329999
657648292
951632268
459884158
388012123
127948354
499081562
568889879
164564487
824657573
341391974
9917111
42303730
163674782
476466865
312207605
970049462
438473216
787533090
336437161
191293698
188605862
399408851
836285894
844700039
445119787
985677037
553710205
528111267
913431705
395258328
835647804
113034031
560639646
382034319
979620933
43087511
340172433
543313949
151209092
309579212
312496565
959177258
405516313
154698808
580332058
832725130
429516930
157054989
975406119
981201329
324805756
190686556
749666431
827691264
385441
346284086
677276811
636291717
498315612
76876877
89779672
379406672
879958301
906519562
558649413
260847410
109447650
386173882
971831142
554548249
86715230
708539356
738519834
605881185
817996876
945940406
150777913
24274625
512131112
213529983
90717203
811505690
41609625
387690471
163858673
167809295
572529321
261607861
905962395
905985612
479097366
543598916
250685103
725105584
629740413
763289023
91888062
962226433
280150025
779239554
918743406
197276725
850010398
98189308
746465432
603570551
700530303
882551116
900274386
527183821
848712704
402326145
224567386
588796351
615745980
3
428460760
877222132
652308147
481612187
785302673
721945031
33303905
891542421
736775389
750971640
162150892
100163877
436523635
474485687
912342462
872730422
839798863
141130063
778492943
270647336
908588348
149038931
138262702
409080396
498625453
445304561
292869404
48175881
188656929
681245381
578547388
349409223
874602526
790701725
231199572
750066482
315404707
425996648
486793966
811488590
831129568
490479248
677055019
685001048
167740597
531635538
440120874
675736281
112640328
826285077
303402552
13413400
655106528
784111372
114554307
783265934
140982499
641204542
503800300
209583800
382207542
863938672
827902965
582605117
188818030
886285050
986133904
149694436
305741759
530912659
930854571
399216713
471869427
459626387
970401365
91224276
151209092
28126286
900633364
877104379
546467886
301976769
435390352
754291236
958443988
591172562
476671536
361420611
746136696
664079158
588589238
529495231
781881183
480172223
330560392
168636904
914894573
126876694
562132897
227244725
216448577
849970913
702933849
434336485
193002367
45422439
517789244
871546143
970617721
800868646
511323409
355915611
792425198
968111389
409337909
862386543
564475453
380073289
12091468
77427780
888765607
943067545
507347554
185754474
343260235
166417673
275095334
734171851
698150434
962242703
854807448
589217865
391258666
54269286
318460061
105332825
358700724
869803455
24432499
300126943
245499955
376673204
705352956
581323016
710465938
499076211
9584574
911758297
961016474
165305002
426230223
548131363
377690338
630256236
724556812
272815326
690385287
636460593
228497305
645353141
15867423
915386516
309183902
72776874
491163505
275672275
284366273
454495313
884048352
503594098
964976404
560607711
63440213
643232515
593687480
646968291
875846162
891212979
750738133
517201772
16685332
176378855
111924560
697397542
90282543
464013041
635001792
737305165
433447228
56622681
394616611
89692060
802133843
662921581
174012076
964598596
578757912
14667382
593210058
191710533
149336223
873315909
554471906
861229155
357940210
835586042
146867173
249713899
832424299
344617616
874658954
705351112
868318230
563414779
180638125
163271187
251811590
419143290
643969389
225755162
142951195
71652581
281776793
770518433
755776444
846952867
774347074
196349372
975137677
211604417
930496126
336945593
593615142
869182537
355553937
563129875
507875219
507411720
469619517
861846398
84042437
895355804
379140748
529821755
62760969
98175157
111321296
919560411
436211096
506308139
339980909
2094579
289295655
364923815
553675550
156820778
553454156
589568032
479476681
408875079
549713014
66667983
29997345
705700641
321159955
454609565
78606366
143514671
306939337
595226168
245851277
476369889
417646796
184995538
411527470
576451339
162591112
201131589
867908587
467113847
120661203
980872049
232193599
105383857
922405711
835629120
916370349
767149842
654887872
893159007
469333895
868339493
320693664
602934262
285703574
24762608
397327142
122558774
698704704
742137449
505977471
476970510
474272955
969606139
857195528
670846674
42160371
772014452
651140681
731331597
551050011
298504341
436484698
128915743
468280811
182406812
752298188
875384228
116153191
37099179
664420970
161072500
31160396
922655707
619891515
911132838
563764269
373350427
247155847
130578849
837774060
125325173
902381502
226828730
216112309
47623485
333553220
684582643
36658504
338756238
84640405
747106715
400735117
866604526
381899816
967093380
551448835
229056653
766334345
21008551
769175636
23249959
87783034
916614070
415261020
745252038
494558500
595867240
414900376
121651312
151450858
778381372
512174447
865260213
146682059
69347249
429436711
826965634
370855616
480720669
42964950
216416718
405177105
16505386
10395404
905485158
217068747
863074205
434181895
654252938
975418681
200822248
507372661
343918246
251762525
980836338
72786914
236336929
657278355
59062878
885035372
966529141
441588525
64740198
37410313
227306225
981325876
74374864
787401249
899846970
518111292
46376452
96045541
963289337
745952654
801360024
884283975
185547367
911961135
953198635
33902456
437529827
459947856
375600309
489435852
437005296
798909736
119563163
215819366
353832973
489242600
439672512
16357774
749798059
353235725
99769243
314783137
832199730
197617525
174060222
898812835
102906495
146718694
244725247
224584664
580063051
107979968
903657235
752661916
382618856
293440940
800053415
767681484
258234798
222755074
395407256
620358230
694332144
462919235
631537492
306310112
101767484
554848574
587265229
113632164
331908641
189581753
291839581
795249280
322907952
558099029
533534107
557856468
374240441
611574642
737584275
661731873
105943040
282083589
245895670
970760657
896270882
81529176
167644045
701719035
558329330
185689173
654958151
378983951
376765508
132364218
261029211
859007316
41484004
269541945
36937056
718644778
779724171
346803296
67355546
167613793
349756536
575849948
465086240
446591021
630563328
64092759
422056776
34619547
443325299
9746558
630945017
627248995
332190357
938908558
837863903
251247603
982950509
399446814
666775603
775680864
46014588
414571712
23564351
651717439
983979395
567413850
287173650
119266808
596608639
947284731
408032119
681717929
87580878
444764010
881339382
566005723
971695979
313792063
106980683
829488986
690416111
566816044
365924376
832256636
541624867
329157519
546615106
732179981
919187880
227411955
729325385
148166445
768119516
951360542
852292123
382005399
94645932
699015910
117916529
163737998
847921257
235705916
683743624
837982525
570557214
400520322
47601599
973593905
246594770
499584283
808168749
666714723
205574965
325502266
574045710
123828606
826286897
301956198
109796101
381836200
286288470
161658347
543473622
870724885
329043740
103542812
653741907
974633819
487197722
40575753
848774303
570616450
541714187
318641058
29928403
783726494
851531684
875281357
496307032
790896785
331362367
422009211
832775974
640058659
744524495
505062500
391709265
136740421
185604260
361506832
554013349
378420927
527284505
928092031
508757809
316641939
282823830
642131811
612490667
278917165
879946431
700723003
686812624
956053082
848244701
284879236
818335814
119212634
309070202
837575185
620971885
586589183
867874752
700925874
769634993
438325001
871601310
316971366
329147671
575316242
940066848
841322337
35341487
399315576
862706141
123798356
906519562
629747585
791082957
554590615
182255442
510971331
172283141
42964950
180493224
224341030
304217879
188148737
863406933
913498195
807752147
574732193
62231326
836451430
254995369
278350664
881471251
286078221
437905585
425047189
827310860
972047769
290460792
643759437
903870085
252839108
664079158
213714084
904172906
109999572
103583536
247402998
598167878
779255894
861588925
898265777
456831694
170824994
471216688
58416430
203847159
741644189
573040671
397317569
383557234
408461721
839928381
738765598
866288444
384160136
958046212
455823904
865531593
742032035
229992036
60
757108315
758909924
784687528
500802919
662782041
53703199
77785520
740359723
331389926
492965937
50506279
930333598
601695496
902102927
565527118
69792821
224609476
49830296
540366770
50554953
485726804
507923926
444369657
729653650
543335515
697432170
253283639
695856789
51
675630080
196963376
735736694
137655241
948848985
168885707
908314482
684354611
76949833
352116344
514293013
86692549
81190665
907022178
711707248
605925922
266919306
30265858
877257728
233935931
889767743
46739910
378550676
448570630
864040538
531532479
143899575
944163551
125106829
250263855
856492014
228094892
575775311
609660164
828733524
487692285
69335471
445524178
754803828
356091678
584092777
643223870
715111529
193435145
340198965
695780389
122166774
317582820
485524567
598239803
18732116
479511878
199019205
15751131
575366196
409350439
968619792
674463761
597362622
427563516
763390710
734998642
742244845
415630940
683630089
612328850
610705191
297441927
142037282
164817614
549036134
731525674
244725247
423294184
751101013
166308907
838470342
876861653
508909329
906420511
861504593
799170772
707719219
828373912
960688282
386546202
606526444
272520062
344729114
761418908
791977100
415594187
220649761
322363892
368150562
489752008
774263423
407088887
518326112
431811516
357204432
55599098
856143640
182408355
583539293
871812715
554901678
581567412
373146835
781655810
41621664
760343929
123828606
460317855
586121848
836224454
770369118
617205338
199375851
854999798
570727140
