19612867
26419894
300458522
239591899
351413744
870724154
767448446
635344642
620477322
568764129
125411358
616746555
903459058
625972307
225407505
884833990
643633790
889529211
404520273
938908931
230358282
690004597
306507276
489203817
636312192
640660135
144331322
320172580
140459609
139671668
165235266
686968225
240777141
915381773
889828072
336290394
343702400
672159512
341494929
403694465
773409600
110972057
669358365
458552065
194618961
416455779
936895477
984524457
858848450
546420092
289249634
730101877
640515345
37564793
801667392
603098995
502181287
309322338
614935895
238381141
4627741
702676108
230119003
202653308
641056288
16906210
226831438
910012410
921072497
510462465
719616647
267887170
90558602
47229034
924039703
225159364
87060125
546247526
905800942
608229936
896631804
847036176
177280869
904922263
776366914
267364518
554013877
147551693
763579519
36584367
796662136
798728834
271808274
544952576
169744855
705352956
932432836
277908102
693032647
393174502
527037963
801841465
63572355
279930610
337056411
672979677
803530757
555240688
888714844
327959782
379107963
804607765
908770431
595176054
726859306
532921430
264666649
228972045
729934481
187975458
176209084
393324448
634913463
378241088
428375085
368796926
971738813
983318639
138259658
915325917
803562807
279780028
692117461
546783541
562504722
743671323
842356856
297714565
481959199
689678848
951604307
281556428
325661020
950250776
178640791
388245252
402460108
230264372
7110267
918989425
717626593
840247697
648419686
95252346
164473554
667070778
793310858
353245488
161856808
483612022
276484917
384614286
889845507
49982275
401901850
685471810
776700738
213218041
711929099
133167176
169289574
339508590
946417038
893064700
807232795
286847902
476042305
552270911
337910129
305474427
17285352
251965613
123762164
626306061
293004790
323510695
149007112
694232671
273347421
251988858
688872696
169684598
979280250
715396404
343091201
547703784
383261100
775992544
787142869
967250140
373198046
811592858
517700688
727079616
366243117
1927971
716908696
47843769
865752436
213116814
168425793
481147513
863884638
877441439
317457520
503931876
722719194
80307018
831766860
562303518
630108709
604482146
250029010
693147493
209853257
637401243
339969907
546750320
699629059
446591021
82841346
923311879
83915974
712685533
789780841
248139667
378008269
410242791
623866743
286383168
143318769
755076576
394616611
100129820
373332722
598160141
826111125
343305604
575074075
473073173
835100640
260733689
662278074
158035523
810090312
25699952
806657011
83239910
723987010
10666599
938208025
813149632
307448957
847076208
634875331
791017744
227411955
196399035
655996852
732175427
541322692
391852926
272789611
42022844
364101367
844828009
238194271
2946999
848897043
967814580
284340383
947759305
901692927
616591245
121354670
985317432
294974735
125470068
45338277
613176324
442614502
938840889
888479282
898991102
601955097
907585827
587984812
176616299
586726406
563130080
508173106
749666431
808514375
786283781
438536467
976949956
245546612
617373995
12551463
896308625
786479770
932604623
747800038
369604445
869182537
750277118
78150453
629017519
34050343
358322055
184364343
338528435
114201217
871736178
78939442
855533968
98094808
873679203
903126942
560911518
53621296
614287144
721388443
423497753
644124020
217852154
174679492
835163879
942455666
125699695
625117447
813579584
858073998
308713016
335629766
73631528
217632629
667520434
8818128
937788631
509252446
958488719
937986127
822805466
883135853
373121918
290018463
219201615
507687032
687806639
951632268
45494949
414886940
453864852
567881201
285039928
243239501
779560056
287034731
157206988
738337918
690815136
136177913
750082973
963459527
196403804
641504653
150262045
42911446
163327740
51038822
228980525
179224834
144517323
797983322
266437805
654780612
934070023
677052439
262430635
588226050
61462890
479889052
555873148
836393093
12103396
770331742
458289085
235056472
760023945
775113316
39338707
822290146
271020853
663366677
674977295
350129527
36823095
459074767
803420037
525134317
124359607
142539752
598994091
866147543
314570995
134842850
510083604
556841970
293902737
939313681
357331890
864339820
87973392
655581960
358732943
479067733
969995598
154605353
880047188
361733219
56393355
519349813
5715810
518526216
188172462
554836197
255548851
448040474
395573571
494709296
472148747
58369164
441160250
926282471
175586123
237361636
100858768
290723740
425280025
202837678
61130430
161716936
630888518
881248118
339304388
317627707
984563032
607288373
41260876
835381728
6501927
704180078
117902667
970574360
949185582
110772064
656363588
788024314
967896878
99066628
314193820
339834424
291952711
97171548
765355617
700899494
956977103
125045707
13389778
598239803
858107522
802830078
455727656
769327116
689823856
396305473
518645634
235944377
412040251
454178508
297588395
226785612
413993062
146813016
33758373
104624369
477816191
828434813
839090237
262262327
343706711
721125946
299186670
744455464
503469898
984202823
865368783
893934167
201756583
602968227
611382185
645196064
25303979
379390446
786045007
338153290
168910664
405672122
526025184
29260304
161229003
637366862
860071402
522873608
496203899
293734632
568086387
223149136
514535445
743972563
13214766
199399520
63255988
660727661
64460454
635188012
894696296
622396280
512208516
902311472
681408056
231794869
543217764
195286197
718894715
220232223
389563061
217840359
622462320
50382053
894130060
779316558
174857172
730927978
182658590
721492648
985218278
515493485
459500346
541648015
75815622
558373791
149661007
855067575
143381515
358630422
617717201
512393183
394958438
288280787
261438696
269113441
880744537
811026222
904256404
932196111
520793073
476590193
715294073
512771789
856755714
822108371
935056269
640515345
915587782
316495316
866271744
87922605
511154846
799590904
272971835
808280000
259869286
927062800
750936433
33717581
575148703
223165227
936249648
873334346
969848395
203656890
103392742
359793736
856167600
981506058
400893965
468266731
368694950
844001314
208552791
920196101
128822077
757332754
47977695
721838085
478056148
472760335
924836498
927767660
87042388
960345077
775279490
471794159
125167132
73011250
267409953
87696680
722453983
780384547
411506800
478639973
605853475
961870333
758791562
211137914
645028791
688284073
832828816
927174582
153232234
799028264
38446103
528433792
501367845
4576606
6715406
235913740
229579843
185404687
814521815
665975364
660841195
511441335
690876425
77671839
240195554
815878271
152622116
925684387
76876877
155859427
709966195
287169053
431964031
670829879
255050327
807377100
937987441
206758482
602547660
240126036
655925997
394141514
451324091
886341682
715767801
274440992
124255741
978587493
562430923
515401042
571365007
142014549
698473888
821013527
817618157
184039437
34063401
551030514
983333224
549006982
361827344
179407892
255613477
456256872
421269765
513374516
319340269
828732092
124350740
484042806
64789512
130888626
68805847
778128271
875345985
592432921
922260209
521268997
332433637
453690659
391844887
485232199
181506984
563452402
658693745
189972656
665923954
131193936
636798796
245299156
655133708
639884088
67686179
430044526
857369439
596721395
219837718
923986625
167777410
83687078
475617445
673726144
336913101
569598595
617059664
82650375
774576467
771816196
546792796
299241568
196139209
822385209
307824010
612472466
263951316
138141390
865509227
971633800
135359254
140217839
39207207
141505304
945304269
334515095
853797581
650063975
149244776
655106528
878348461
88044728
838498500
571047925
664857243
159636925
695717014
71859015
738923922
526079825
637828980
129075558
962046834
300174577
176332009
737342934
704682354
434827133
66651619
138688741
364388832
408662147
331952592
605938057
672919032
38097327
332084931
574190706
421353670
969721768
578271559
232543905
33892590
777528258
784224989
654708356
839833059
70554220
516679110
367704925
499064157
661795453
192582542
869134471
328595337
917542185
217790847
930496126
462067434
34952282
344317973
317676555
84866600
706810551
192044872
707436684
380073289
796326427
83597065
353907299
548568402
197408605
656297750
913624633
32756581
186478
329934972
256235177
765661393
380313084
255903808
974021628
279955253
113034031
947353602
766063702
284533663
153576745
332596136
397480607
608133883
383114010
924414421
866985017
290965126
570692500
718628735
20696793
711936426
603392420
589183455
823260793
197259077
689398243
60482014
317873849
920827668
15193773
689920165
429297456
816551311
803706200
510603282
590096559
835695395
778557945
199055140
383650094
108998654
510942246
882914877
899574385
128106249
643249771
221906578
69021744
237212105
608993415
593025634
70364706
727553942
842659603
169272786
245528544
308911984
603329910
413707432
304978118
143801699
798080880
634238435
788637893
638297508
371020423
109470859
499932888
332786879
629421126
557250548
388404892
286501437
706781767
152622116
881517643
833201769
665164131
485517128
663799853
419664088
753165127
259314274
863469087
54262599
395955116
119561095
883503622
153818658
159901745
473742219
456018594
235916560
67358697
37871221
747366551
132817070
130143599
65993967
149859215
807787027
81726388
349385979
459603661
260890515
446801250
143858620
340254090
951774095
981024356
329780801
895309142
58441072
570963187
438582473
402160894
168176747
8025165
353100961
338248551
500190861
121065662
14252942
815300824
528990737
608851957
591103944
47125375
50576089
573786198
213401911
400054771
857238811
882734407
818191706
116533893
519144730
633171411
184875616
960351712
844113426
106721240
907256566
713849491
921983201
377823467
847119416
915245265
77396384
734454816
185379686
275188380
156501007
277839143
502254855
300654692
65676026
478425918
951961383
343468010
733425100
205382625
682479231
286774702
824097434
313219769
450642674
970211952
972653186
741561645
977564217
508552234
556690071
458269205
103166014
463166674
654057235
221272301
225442564
621895869
736486659
608165825
755504934
432707318
465133801
891142680
516676243
287145180
52082100
597914640
862036223
696767379
404925352
398073530
148774445
309525917
359904669
940560813
803452875
520979251
401536035
490653458
133718246
590199598
419004551
308005988
541086143
951718325
817423797
421029427
107498158
966998535
900284692
472374558
843309759
575387401
502134942
561049428
105548995
789210887
233272398
697140130
950118128
893335471
180286056
499257385
10788258
570932857
973253313
496721251
553848297
774096103
230474976
965779093
894454524
843497192
195817035
568599380
99505890
96931096
590424679
624777257
538253356
642564860
603405153
573417898
223052245
925240918
448336553
712077854
228421421
200152117
434446563
120188997
47331526
424725610
421987443
45979884
16414929
177772902
410737352
883888185
275331720
815008885
405733584
959757263
666625300
387032184
299850867
83021612
807733565
630868228
706107201
64120926
98718952
720665713
438054782
285692067
98421387
511663934
886351874
382166532
953621692
161791440
354093413
886814627
233353348
573573476
976466273
215659697
67324033
810260870
617252501
327366233
408900441
673699112
176794152
860034518
423558848
985797137
641939959
165678064
961947810
244807834
510652505
98593823
409722430
528150845
762965617
441099167
582902864
388069103
763943454
728682004
732761778
323089561
919701672
589960365
779797802
897989143
341290072
920637945
799642521
920857404
164826212
5613586
54642725
895393828
314347451
812467051
305136393
912086338
105785857
437454763
652455285
630868228
134555513
610186807
782469951
748098621
302349989
190181129
209704203
745502587
277199755
818475068
953511938
535575705
221917913
909046469
422391545
226024170
161623978
781000150
636084252
18313436
492152471
75727898
779950498
90650017
429903779
673686956
371532609
335291024
318551603
897160752
273347421
74436468
850486112
313044027
460093490
301209444
648491743
870261332
489404263
469222473
484378701
382034319
665627695
361553216
851174793
775547599
212394625
327092754
93209326
828473716
311786189
757287098
823503340
226138094
89611822
439025207
518863879
428519322
102672156
770707835
312647014
70936354
411283176
625656318
503238659
510917229
682816796
822338755
321966439
476361050
828499875
776785395
418509616
772319003
944919254
560667136
41859037
248263336
334411743
561088127
168528336
385495741
328936755
752990599
937179485
292416826
144635159
328711506
55948654
291265442
713043080
219684275
926918803
43796968
451433886
477169752
298573641
261295699
422637333
884833990
815513382
314664203
979240780
564804757
569553565
570316143
481243701
196173551
100043960
216112309
513200926
836425333
790054398
632571328
245987508
702039006
773503916
446764986
714216001
187040618
616271206
839095016
653448628
695684492
890466397
645242349
941796243
558904945
2652093
780729442
610596638
57461449
254191331
32894551
490279566
857866199
3610980
522685867
544188226
293144237
319724643
622295945
696979841
675335569
765047305
783066942
950060730
618823408
528069411
115498025
20211417
876787169
259140855
358491396
424363126
730209459
520125124
689585654
69691148
930304158
649589831
351475104
700850808
352333115
153516014
303277854
389460885
769066277
145148813
211523185
49791190
836022368
525337552
172253598
483710887
388460842
541047861
450645592
193991128
55750788
728415687
42911446
438305968
721139213
204333602
86191761
943720145
906273620
118282651
833859188
295132558
271031581
55226012
557969878
676422521
325369818
672815268
203174712
117466554
509923234
786125017
567758337
213907943
933901015
252108002
302163489
813967037
805981725
218880366
437313657
776158338
497216101
394628014
511912447
866372206
324539863
730505125
805974202
658688320
715219077
84505420
462588047
70407591
963509703
587265229
159069278
163071026
347220092
814811805
733449023
339131088
945259122
586191538
471321830
577049645
620581405
533711678
441186099
393486327
893726482
928855469
962887554
339935852
886969111
938158181
647188565
397851788
797510086
491664589
122514812
223553800
258287398
961458751
184801065
142711887
844792663
629797737
245666506
824121264
685546476
360683452
13279135
426671770
579976087
123849046
241787670
152465662
521377015
851136355
451232472
182585426
843870427
593599471
608627491
234496404
721999623
574195841
353456960
737657129
595235947
254518440
848208089
434139083
957438953
233646362
56349958
791002896
291974512
955944349
345112679
10463578
218322524
765264738
41926485
593046991
875279207
610283864
330062067
875894178
705470831
814077483
613506031
745205138
311437259
846646112
73946611
971884524
889897405
161431424
898582263
152425392
585821002
401080143
837729962
324724631
631041329
893927086
2652093
302909849
37385027
70525450
658961401
397998444
23369396
553673625
926707084
341097746
126637473
26852778
747937720
250163090
755822556
195431840
311027740
130670162
274397766
574732193
548554758
312044329
193323749
845299772
338704363
235597238
918015260
452335641
934786956
332975624
891050349
648643958
254082501
543931732
169643586
360977602
165457898
671074826
175483122
665653685
58271893
917856389
720378978
892495837
119457994
345366390
620721655
564335318
339908301
681614546
441393838
46682607
314370498
254201618
677403562
111262354
207315093
691205166
157127179
243541351
522049702
726356849
261990518
591047912
554610083
213560287
795260407
528871886
913455493
356894192
346612462
893185665
812431846
249316729
258142236
296517192
24218342
919275579
460640405
760391307
935803454
534731923
9422696
193559688
656406233
823988701
313725007
595900390
314682101
323285752
418959855
68348307
466858857
230449276
772393885
496820588
217301213
335856071
34050343
494490017
154108020
689072176
724532980
870191578
196216739
649924835
978474403
716643159
630904517
800830163
493931680
121598994
526384065
595146324
76436319
399662446
542225954
783507353
890619999
560240328
198928160
659253919
876816646
765651235
613588286
111671218
901456122
929780550
681492111
312032035
531256332
375436907
47770131
131635219
366245414
191436812
579066460
880128051
537378113
640283198
694102666
796429998
389153204
531438030
348955650
221975389
256315222
101247435
926561511
433290307
788219105
358583480
560516726
236339960
849305725
66474999
389380568
144638447
733449023
459173854
75605615
426163168
813324064
337198868
536452675
16773503
341777670
87671314
190596576
982263788
145797574
574118265
16369171
351794254
545880890
512517978
340184069
469042996
654706478
400195057
705470831
239613299
523622985
443188310
506907815
130143599
951815330
332132414
234358899
929779702
970031822
936837213
668558078
609511465
87118531
712342576
88044728
213695702
38800932
588091323
795682871
642607505
309685014
53234061
764397072
10027408
376146606
687375061
840713359
917615511
817175245
675256865
173208812
582323736
505437155
852536924
839225347
104744302
557821618
660434286
662679337
713551912
663562246
382365971
161508260
402514330
475511575
677322048
20944773
552934582
669624854
975335830
132438518
336798535
92388548
425302786
446106023
473052160
41582610
407907065
440656315
67408058
857885310
628932639
436097603
184245635
840781570
117830894
647174009
266252423
267507048
465644984
884771313
163419461
196815161
162252215
574876915
313746224
395800057
517644736
497853068
881902153
441918646
232597936
264128936
500635759
747181724
963587757
100032499
766175182
779603454
382596217
176535512
975860557
483978327
494044488
312726270
179366207
872297236
428105313
486117167
566394062
928379554
734142679
600383693
357602103
447885110
847697740
610774320
107684258
88843701
331017890
243758633
397998444
795869920
720747108
885689276
72293538
437733681
687306800
563111393
414750969
163766152
162926055
340838754
501119391
880501331
830624048
135873657
491171310
430841917
607018297
370752294
371593802
437299866
773503916
269427097
949739820
477828035
638415655
63365937
131468324
956055689
783462177
200927289
868054459
565289458
768015978
220886674
755314095
599316897
32985167
83115341
332281892
737521719
106248855
286659241
532676223
180465199
190211393
311437259
69975882
112057537
396852937
304919256
721313652
149858136
111480121
930892486
98844826
774323984
323914733
371245146
190820889
783851534
223973634
664253860
843934298
245366171
51260135
641199552
277524108
471265632
289260650
912172263
97313358
971060188
25294586
838359706
202262053
763046601
531440155
101488206
494143013
330473583
922834352
865678115
541313757
44536107
549848764
56586114
411458513
694493517
314787220
285852130
540156614
424351603
139777516
164157842
196139209
114805467
280058591
597769422
786311101
675185839
841896667
966393916
108782254
371048642
136209226
36420172
676376780
667778791
703576851
508121705
147064820
161772031
956510685
135791453
679557406
779080631
46064135
473358289
519830661
801838582
816784009
57501271
218656736
386580037
715351360
654972774
887512978
820815666
664766181
249216114
771341141
797171955
880289075
219581084
243666161
617074310
208979472
776941794
664690541
79258445
68167007
36643157
400144245
184161578
428678282
664216786
411313157
614679076
61644036
27895135
295986477
254747874
765141077
799322401
80900423
650470479
624455131
389075097
939940949
563376333
799140015
928654849
370103675
15838639
278372905
482481380
84798847
808696056
63291732
51097908
472450274
594968470
512001257
671202690
926386840
797830931
574926256
526586288
428158050
35451187
798875340
61264408
521181491
313775946
554662735
924147428
594607754
280435594
384749261
413971485
565170210
264939891
664077314
423794195
377764071
559820593
47916435
698398714
464287092
921975925
379405717
18677060
855675302
784280214
737999801
54220106
102919604
155463017
918448724
8686972
799999417
25346737
781723056
805490769
741952223
769477926
758493222
744497130
381762385
228176336
108786480
205779273
415261020
851942839
545991818
879502050
566815497
520213141
758765644
464066533
373513589
895786064
179523627
10158567
609109488
474521842
136140588
747545155
75668570
830718407
448150038
334857915
3746169
739133697
257027432
631376240
412855005
304815014
417715511
374051142
9155328
304402800
279906362
603982595
625560680
312452083
221975389
855780305
344801926
372106595
66093953
812273582
545865693
622584942
682848685
301565922
70633007
664497317
20180406
328732695
882551116
475037902
601459127
531901801
422080864
809285677
573872644
706563072
133228739
913339227
671541188
151049768
575821665
339834424
8289082
833112315
863612662
816366655
133500542
169402197
936987808
82576040
158883745
6718687
600992388
481916695
728929550
74183540
310271877
437454519
878504764
862186785
921406347
980849848
368002808
146423309
780880222
860073819
213372691
967517014
671122025
249192979
33802656
465855690
332238095
918355631
328019933
626948157
911632994
269909889
712820802
350869272
452925835
207202921
760358574
630157683
946952154
732118857
930040807
764567317
24265254
587514888
370672763
519595299
811059132
245711454
820443074
309772985
361733219
642206215
545502712
932920452
945030420
123849046
534405571
681826042
875081261
160238630
806844817
342655423
460495692
693649726
264692557
315726408
357619296
757017486
811904014
600770946
711014399
935978268
45735952
570120183
202263675
602080294
193002367
215680153
674493114
235633981
265054865
55399112
337498748
930427989
963357645
589843593
801220815
163063572
204660960
983995697
282384987
316986591
810590870
841974810
854047335
505684909
171584029
51862629
710821596
201652623
364112987
767132296
832219716
808256974
964297913
437959998
902821876
798492149
582151986
469716702
622422977
295944601
562104788
789240094
285669119
416072156
413020538
494382757
754110485
422164726
306871825
61846894
5686589
867168869
488446299
54311135
98334241
919196307
338797038
142636249
546663200
262889354
417001944
197251560
304750523
495913055
123295751
266603753
858150091
797316448
864965057
80869664
54676062
434466051
389788777
938908558
849606429
601908695
752740828
975437170
849375102
472837759
79313604
424922991
231591869
284460821
184279927
184319769
820170846
347287372
529847614
331607622
78477172
967169785
740494848
457215742
889913409
72781787
241814721
771256000
391995806
253461607
3073786
509287118
730553291
665231528
619980864
910614074
13799535
439812890
231457406
706113329
761817582
902575167
619869853
99595384
155547334
150922167
302228070
687909173
658209740
895824529
478338953
58241088
216165376
152662087
865708859
357423136
146021154
489242600
937725240
566780177
394353376
557761230
637782607
117949523
224554504
442171926
189524460
66846750
530722417
617214964
835637355
260458549
401388654
75918647
360064976
514857428
420916840
815272603
364948322
89130680
548156996
700520118
137821058
303640062
73542356
707064313
359904414
824534025
365197607
48586014
960329081
47845910
70317271
611177977
191174714
438602122
851683278
138271139
535937287
182000978
30967363
65872811
475130114
165917699
391714319
839333931
580404633
840246563
702577364
4305754
876601623
108493999
234982938
175341027
197842978
913579422
410450283
3073786
307344980
511285843
974795078
358433745
654991961
61709979
711671786
483509347
575135318
477808551
710400751
313020643
723981851
593246324
838506915
648619259
436864435
588164276
238431570
722168577
304332771
497684328
59302898
298774426
623514721
28893748
755898295
427548462
650755488
568599380
627403450
829711329
4618744
91442092
976199213
590357984
674743217
154682790
84708723
539101747
827705949
446455679
162150892
647422233
370736319
352366374
600385416
390355616
746353671
725745828
394143608
942998814
517816082
351328458
586450219
74676155
724294583
716808537
893925706
834161555
785858324
765095934
24417082
652995063
773213085
511746368
256401128
537516153
533857257
401152935
376015017
870725454
28753858
201791649
811619684
517024594
309950344
435922704
227289990
653919303
678323426
550824511
608670609
102592704
532269885
875893999
837161910
621405201
660266926
813275204
461348488
593335807
49853802
103847866
877048973
397534777
794463450
441845127
832458038
29075886
314899808
873673248
545382085
701543826
222754317
291576453
450029548
631904083
483754748
294508811
935696480
123966017
227607506
483747746
280983520
397445499
652058505
889912727
615226982
684520725
538325309
217407659
101573744
83389867
601651579
595032236
98718952
421129202
252351170
400818123
282105452
848057469
411049169
563123799
687328420
642637789
85280675
896461537
221956457
738486682
852259604
122975646
58385887
401872550
306128873
559908047
518720966
63240
617279341
555278616
81843040
724535083
800012659
287798005
688751176
178581366
726970863
135112323
633661741
216401758
671839846
129667505
74429744
431131711
716950697
355888636
701082973
29599470
178629485
702945893
763842312
421159814
14455233
519434114
419664088
960599028
602690408
42394197
217578024
353375515
578807636
517633570
263659156
709959640
751005779
329519066
151359342
870149120
785715062
43982517
648156014
683587308
906241162
136132800
404369787
978233053
241772011
14317521
410108595
227878260
202563006
186898700
671260440
617917745
909698387
806128400
711856996
984688191
911547735
822440941
459458600
205985407
414333773
244080125
73488870
19478237
809810980
721143112
230393633
611677800
430462576
571599989
789676026
909369641
585102649
687223448
368975407
719709041
11563654
612743111
442059889
869252487
626282957
428570062
544555262
256286509
878468965
361963654
313730946
717384639
554329113
6501927
388469641
894790284
370702066
226828730
186389806
798977365
532582370
798701885
518161421
225498877
30874839
816416902
346034964
693897154
308362828
84817152
48891033
707280578
721289798
915719195
811623843
554708464
741993039
654531828
614314642
953939997
22721866
657080298
300210156
508832012
723607402
839238785
464684147
868010683
484392557
129104150
463459335
98470651
778637798
574494278
62486147
975311841
178342249
898888956
914361887
943843082
24146752
41620514
291098310
825649529
172579999
675737413
176385664
463024531
507621536
904803409
513682879
781424611
326439428
727235416
694459113
415898468
424303009
10718814
214715128
76368411
171257392
315186450
224692595
217382780
697927844
689230999
781073353
433374016
726158365
924823286
696294585
71747172
982390958
541031998
771625354
236368386
346626615
318733600
414492848
778963948
335953390
172147089
206595837
219888246
898324347
985998675
746556962
553782774
247155747
608728929
747800038
37953580
850007090
628051232
8962351
592253029
927326853
720387846
640048114
231191771
726422756
286294110
877411424
83329095
491016782
656100016
563776722
41393488
70455997
652562421
637577241
782206304
903829453
302584755
887369709
480857278
432700466
632440772
473450498
545843174
809311649
661522254
36646009
639015493
523611472
986003282
199858412
85792007
543811201
1407513
767780253
99151735
97937621
538416440
541374655
606223287
702163509
547713523
198491241
737855851
342096022
786004849
173194668
305933388
564288408
681607357
314674411
400769188
222588764
241324274
187229370
107684258
534694255
148269263
568584
817664411
617249827
2900947
163431700
476703154
48931791
719549663
70117735
795869920
326376327
531536036
173755763
555297274
866725674
523370718
975171351
767889210
732021274
317040850
120147168
934742141
895521556
24448227
381606841
537446757
173690949
367228225
32392725
919477435
756334598
374946140
978944556
140023799
178381878
719138782
657896981
51086398
98995256
443039557
564855887
451166707
754513259
335043835
215034142
104949613
274411936
132533430
406564129
266016714
675623491
520226817
283778662
349008173
941146267
737773300
723251347
659085866
142974902
504574856
149416591
154401576
110580389
472766991
31745708
978283451
70847234
964054091
957499132
310920847
891895572
598093391
980317569
913321110
544827022
931546444
257747181
624640233
203286385
502007610
952834955
480907161
464607641
929873940
730745772
55364218
797756169
843285328
724955796
571475578
650648057
452827176
852073570
557312522
410327766
362729315
370235180
61121115
620241419
422308129
582613789
653447738
772609880
583435839
400372034
563414779
725332679
302485678
563129875
626240710
243950751
84096662
272467269
460681902
203553398
809357652
125542859
166386267
876679435
931040452
75552798
978956282
142875056
344176741
166575001
300967157
193321694
908035578
151213787
670979327
445898558
671679178
230896063
240639175
318800500
707993894
863254175
54807753
909893401
94547532
715102674
699454237
831052896
890073370
355476979
10767657
976322028
690268968
43470901
897432914
151179614
94403785
867757086
680092701
321013264
169168232
762270284
634773355
982611775
813912569
417343896
802326538
864017426
476839896
807638930
834276165
933440092
474829370
160391586
255762687
809947091
225256827
344604898
694730916
265867548
230227195
895634420
328796366
78062141
314849031
265396662
285512936
76543161
902908130
960842451
140855110
828510255
242662690
384937300
566130053
155685033
210185037
279192520
759046323
182319132
65767471
608714255
955450041
401816901
363583164
951023307
134797548
433781305
162452502
236862385
971914945
616666066
277524108
117584697
751137420
165956900
583962082
322335282
625149905
851057679
208966788
568150682
274587968
111670076
254585017
599933116
252108136
592258578
822809450
899710831
98187444
376156753
773086786
898079483
276572235
736005812
625583281
939177988
443936848
416029203
84820387
924414421
788425037
883012666
341006070
841299498
286805710
247491191
927142950
570487878
986163864
647007704
986434994
278319969
236336929
358131442
60148371
682854731
1835588
792560286
671842660
817716642
279745729
21749523
516703244
483134900
720366222
357684799
309503759
940787006
599712637
872438967
32188456
94327257
379653453
724991015
834828541
891979465
171002945
487313946
416364555
867149294
877286309
372426651
327592686
739806167
333553220
902825647
469727334
821227488
579931318
845109198
974521861
549953039
891737378
175979192
11363527
661810800
74787269
435752695
430133738
26524400
17949249
490662708
625462459
875188762
51097908
955287417
20600046
782249122
504709288
89850623
261916999
649628808
948960048
828081874
308273234
849863528
856597370
5332799
656752092
116710224
283953055
471824696
886285284
751696175
635742467
459699484
109356556
611725994
505694663
562395417
776745078
94415024
923828088
650496025
623107605
920682302
701628494
157479191
198374544
708123417
850643393
92245976
477670513
363410918
172390521
927248432
716373948
459240610
745217787
978872461
853346534
834273470
58867733
816370379
35290235
541878906
621898308
389651678
251573398
845803616
416930763
278822113
772841217
129650401
50870062
528705723
943315712
445855555
339989609
501977345
196465985
746745718
504177683
454720537
379294201
267409953
212524138
423861726
196026362
912153168
366667143
248771784
657513342
975668688
23491413
405153782
279186803
454980633
653940244
441064894
394014044
79816160
663021101
805066277
961758887
346803296
515198777
665464018
553648266
371918722
715079018
786021311
353935556
61428873
336127639
183979256
142283532
193348370
533534760
398733798
62843281
459150896
437202430
40142671
631994749
105522829
821446163
775852005
134262766
886969111
660739243
461828713
377750515
819177512
547525849
405170554
556200363
493932106
396153411
12080729
405733415
460661480
294324821
298796156
716808537
456617494
769689209
846193945
250772158
348696102
410673091
293076026
737163099
238663922
919472365
278929733
428382359
728227275
51247193
650662410
27241739
654972749
494281079
128949655
511367080
958875179
524075507
2048324
778015715
381854213
165851888
802468839
505694663
661999945
359682814
523912936
815992910
92425185
588312880
605250485
386515624
789601571
942072617
149330986
509287118
669213224
935696480
829544535
164941742
271045858
974284888
871845453
149247077
615990518
727708302
632573540
902545915
443309184
159332095
896561442
265104871
897394707
237361636
940524948
318971986
825453269
135791320
761446672
747910788
33706950
409956275
531305756
719267418
683901163
226566507
282858878
949088924
337722671
308013703
72986430
3678843
473498008
43692502
217854356
251429005
618689358
80655269
282222305
26286413
482157303
395573571
748767343
333553220
631339517
686349094
920552791
932925474
688111314
671322481
87792370
815232630
350271249
397629346
852567107
58884929
243722222
959481626
595153772
299591392
670963338
281505198
212173096
247937328
531252235
414709980
447758458
182268465
255350391
586168065
656375944
713048908
622147779
664835995
577492368
666049519
754283889
854263809
645543515
694333697
742732616
89835779
289938562
681217082
652058505
437440923
36385487
197443265
569227268
586647963
862036223
36497828
121697915
699632946
41621664
832140839
464281833
335969379
276843311
631932808
4763743
211659433
952845482
156179247
699855716
815404150
289837454
887493643
924054282
401243657
747456838
264727044
731031485
290723740
848126137
703002683
568793926
953670812
471794159
452655406
822784579
493264195
579133623
281120468
181552410
93961269
582885533
773392699
524663916
848272259
878058349
97789012
213049278
114323088
442255768
861349115
896958275
569797252
981256904
340979875
274830924
844594437
725890417
394377114
889286889
958513331
431637201
863268403
863306026
722356435
288314459
915152018
888295278
679202121
778529306
263606764
4576606
541665563
696318974
216736489
668198099
171423177
182307380
370952327
531252235
231926341
120037782
838919282
239835258
322320481
190482178
193560680
960297740
786637000
543333371
251068807
205828489
834939982
236108309
986053879
581761342
205282784
952079710
235633981
282109698
183839956
249641350
793556733
105011280
801911243
276345795
908657701
271606567
162199365
891413701
676885165
690506633
810481979
81370403
625793302
650398669
115994648
467184278
35148093
839962989
589192851
969913868
836340037
9298137
718381803
115338670
632884532
408158283
253505742
256766449
136080399
361894878
229900524
970617721
466387563
604215034
291465267
606657642
786326296
960329081
747450908
711724604
15514859
616854107
59429854
356820928
667997964
216139898
308848769
306842646
709101505
183554971
401446479
383800987
983426994
226247027
5149920
604117059
166615514
231375153
40645254
90282365
266224219
756627411
798126541
662102174
104792228
669997857
307703641
164854564
665733311
556074612
320034814
705243162
929612436
385421701
659185268
290949471
267424954
373535179
701622830
620541585
505429120
101524767
815963362
553352038
793694953
895939955
788289606
350122956
899734838
416700510
875208913
321583499
730927978
684956672
490236453
297012592
472964842
52157219
141958718
157141436
465977477
352789472
830459856
702974492
317546260
348429297
586621600
561320693
114609287
781565307
583085664
31253152
815140622
349607843
84777046
337279932
605962768
868809292
653784479
838267263
130514525
598254627
983703111
208948700
251762525
746246548
662951511
350948376
711756241
493613071
354072144
271856817
666246328
337835637
126147732
388934960
972053281
620433900
889069084
373986733
105303600
956879160
482529399
974983302
505122626
179229830
345212484
381141648
437467695
700877957
321928519
838181021
888054026
222588764
201944421
23092407
520791998
535117369
831110137
803234509
440291801
682826667
921062644
337641959
756953048
355121854
185462317
205813770
452546681
494062493
440113938
514624125
425295900
901499814
888243583
370093212
80511782
666124772
207880374
344128949
62935490
936778782
694795386
95503906
504214238
977526111
84693189
937410923
424401190
974367342
507786195
354160531
856953145
248550321
97711859
685305905
472060067
842328179
811352348
324113339
207263242
618628893
967172128
383281668
891074752
713275642
124578034
925364912
488972442
197977266
590903615
318558933
681214076
914422097
142697461
105536945
675913618
355945383
552252680
973175663
366977432
72258876
835137047
460913823
960800377
399483093
640290568
872670052
468128826
617045183
700344081
500564911
121106457
306200464
256642810
731161497
76234436
646930879
936210356
444409929
891541344
656072786
124512604
783288003
736486659
903550045
756014783
379404772
232604415
824079723
520341876
878546386
727553942
123270434
252059002
895764505
633969669
754130503
598924781
201322692
858601014
411920292
609716706
696219233
851062557
890543743
931328238
252784906
619423645
171552931
868962657
790677333
604716595
491040388
882716591
380585524
711949211
857538480
269041278
372919275
7794472
45851598
966284316
495366368
775183033
589960365
646488464
524203632
674810358
924208062
677731727
52600927
760365558
168849320
251186104
16334039
306963408
108090913
487766248
615399388
403575934
863775465
190836370
161748440
590903410
725998650
438253612
585809621
872893188
105641021
388180140
783738574
301924895
451411646
548383536
678485451
36687097
884508143
713184461
531729391
224511636
735620548
125971858
340519861
581231130
647566639
632887564
459790617
29051859
217788367
56349994
851151718
810615082
844034451
703297376
634882990
673824203
479067995
454846429
383955165
309390525
252828569
893833928
592104557
981022124
573373469
289100343
457508651
626520950
569232315
369761551
324202643
383398836
492236987
828307348
814849463
376797674
636217622
712734401
669459937
6607576
275126905
107810378
438928739
674402683
276211922
284038101
983390901
155279937
178746665
324013143
958080865
70063705
982975113
137235760
444176821
450926528
320951010
671777801
823547429
103114534
368773913
250811671
260285276
94350666
260946954
314454964
854744973
562200458
565778648
385404219
239595387
454213570
634982755
916327803
310503703
178226489
582693625
231350469
198323261
921845685
435644210
720726800
477810827
274806004
632019438
31167196
611028102
839090729
201131589
233505874
395110860
228997507
978550419
922388461
567484823
979074367
597556522
511168260
651225099
820435381
451234714
737922595
308150579
773744899
420633649
808074695
691080094
906527809
964011685
968572988
175118183
596221616
835939795
434940280
52150738
483002824
8031658
515482264
562891962
490490182
97711859
102306290
606215921
90441770
35128651
306974140
908770431
473310571
273131682
799941209
327058481
943334795
779256311
107249514
531215773
18505651
280640829
491204985
511647016
528946537
540968440
256017649
941431535
450758671
483899560
552184975
41222647
186316939
540978659
855245948
941787070
367649020
691737168
918330162
548379189
966577907
452465463
192012674
162926055
492564471
735503833
543430333
199935492
79213251
32614772
883779482
724488860
718562629
646488464
291003370
173529015
503312056
6145153
643936776
692428926
682854731
902311472
602393768
56824491
471611270
490399346
611845717
628399700
281520736
618049168
938588345
515300646
601459127
955895452
556818128
175759464
650815513
535575705
823040864
920523404
526533698
397085081
575483305
49929921
102024228
438552263
163327380
576979761
46186555
411801560
860651487
659258737
764601064
321041930
146400042
494706991
965878801
815047393
618190066
51542179
573908955
595259552
296308216
477176665
940124578
360624056
697512985
464282440
498843723
437715218
197635828
473633294
710030342
505227669
968884660
571818150
781935978
130039114
259451097
855780305
662889424
113337677
670979327
919820873
720969636
494220473
560371720
3783562
700868460
514928440
152919893
932796495
196465985
488972442
578493024
416894936
170824994
662972105
276764036
107321433
251545690
124598726
285631439
864825460
236020852
266620146
620986613
474829370
588163280
804880419
294619568
79113670
614007029
894965514
539894588
609196084
178411077
216097075
136337293
313293397
55004129
795629262
697090697
299983894
90147589
549680531
523184631
116823289
667287232
301114290
16014763
938989358
570367017
779307958
207357297
278562773
390839053
290193182
830152495
365696167
613836308
405291158
709226563
216437479
551038622
238832921
360123217
163447339
469619517
626490963
611605277
364885208
961607164
287835379
769721614
463146066
356607883
843836186
682555309
394674085
435203472
894445682
438444908
118103523
719034256
762128153
437144777
113464780
711386507
97787395
751494655
766517276
357769083
281011270
198616440
381573103
584089210
739820843
920716617
75852696
779590453
365576521
350367632
396670828
85024861
646265200
870189705
353463375
966845167
412533405
745059361
843501824
740108540
386018102
87821438
982893480
535192641
616768456
823219747
598922929
671135595
975191941
371166178
120218555
774282676
117584445
356409024
565732341
520360890
702252274
765143995
52539600
538767852
253951784
804433975
881179159
820894497
770154704
506290627
359619157
112538088
628171699
619012900
779901250
381152286
123328091
822136277
260589975
571102180
438226602
430869959
176564791
429133857
265817573
159760850
883779482
936274537
486779779
939119631
675469019
717797178
881781404
87837957
424969482
915573102
805292913
779239704
789361721
216494862
550832917
905675082
249389111
403851771
795010142
528954101
812892756
804421290
548202476
749477142
273028016
827936184
597288891
108387417
28742282
110128322
253152438
324039867
458648205
308221951
364256576
329322914
499025610
741827923
932064245
44526684
526543257
911422089
472442341
702566541
342348014
189691635
507020463
574420500
104448407
190482178
650829784
637828980
105445109
308224552
644064291
415702095
645444966
849978275
503066733
250295874
727340186
95230026
163377265
703395875
565717205
430970261
425845483
451821329
430800522
643790886
42667841
622821899
480857278
855423352
864598422
103272673
107751763
342134682
531296339
787049235
201951786
357685233
499407032
930230148
370950685
620503858
863944817
109513356
188337397
919472365
864969046
900616495
721427324
228569895
362893818
875537562
449990988
671135595
651842997
420013552
644309196
768332345
45803855
37953715
487152992
854609509
884382952
206238227
198323261
876915508
826443955
908062190
245895670
44982954
375066906
917195824
622046189
782546392
16110166
40533306
497151750
826502218
33777964
579133623
974062473
13404559
587651700
615863370
286291178
92711841
844034451
757179033
583642928
772302477
955562080
94653946
936471527
780851182
528184677
881997182
547832280
852553991
556709591
113672169
286946758
866180703
404799193
127485520
108344518
217416820
870977599
539609439
4887862
756412912
690594847
926545778
427955632
801971460
829275949
322891542
976703843
873838280
389454689
571275715
294287992
302297888
300933551
876094225
333685004
339627421
480090524
888404542
521384103
190272718
567748962
484342739
923377904
461417326
589293267
188602569
265245770
585070451
389303776
358756338
628484349
515220860
444166085
458039977
881049190
200310766
8540091
784874105
90956514
771225766
241896325
772014452
414647778
43455944
80807748
710479720
336805376
185451099
847921257
648378657
814023110
428422457
525083204
673815680
823122364
852629777
557864530
342033909
533565215
920610112
245270359
688690331
308296486
174488195
619457543
157200932
679638844
746716508
481867745
856557864
90217743
71927203
653736199
845237885
920580814
629491175
385404219
555656841
809030867
303848410
579317932
563123799
145505570
496159745
210526845
578334238
865555443
313828168
211441500
649977149
446894664
114203292
242630370
856472970
813362398
310036336
733737896
854723958
426499561
452185897
754916552
86492974
668198099
373350427
838299897
722112043
363475963
841324226
694493995
199289113
209002268
425781179
319222391
344460321
911167682
559669562
809426284
133973248
465383113
91870717
489863498
923274719
657797164
674111950
498557431
935666368
582545036
856875089
232003923
356516404
778175127
213650503
261192992
588941608
523912936
188027659
313957464
151815973
78995454
833180278
222243151
291280802
218948064
337322644
265320587
624186050
198995340
455878931
686949363
81372285
592126136
478231396
715788113
981854953
867270236
730746610
960477376
346494911
80932498
667684371
639573555
869825958
160518712
143159570
920929088
521642642
286856373
275551834
669221628
593399619
699977250
969462827
253176389
570738385
234608153
687909173
164041002
403028228
866628887
585394663
829901166
247269812
177689216
512032746
151073920
75504569
925015283
570981739
672770713
963393897
858142418
346410613
368979588
715154867
859225844
588115239
553348162
260975777
507483862
50451306
780497730
726879196
2075560
553112967
270975733
348548039
344795012
586149690
657983376
150006243
835803265
483379088
851949636
489820367
389179662
155788332
850684616
741579959
6868762
475078959
421527890
458024019
226766303
970760657
836346555
73194409
382108539
685155886
689175043
801832672
508473328
728136063
103018415
144323308
273311039
806333535
301753136
502838103
410002347
970035709
676140771
578726282
455891483
92478372
510223458
379762647
866692599
818109703
962895019
851072049
702039006
735295751
321069633
361785790
550135013
643262407
912172263
397542306
596666232
772111150
306226475
130260260
843887112
149804444
612530157
316025588
420855200
131605113
111522258
564948097
370221508
650555318
246513511
163608479
612897626
548936889
744099911
775905092
221926944
827157271
97183281
68284293
724736212
258258147
28317437
454756526
320672727
560783854
671558909
481477177
495303364
456308403
527291058
82799117
348287696
529157038
23182923
904824088
512670316
458590130
613207657
146207127
41104375
422403903
90434999
546085633
911796057
809263835
206015551
351741555
393591990
259128715
584135676
201791649
344505181
712253920
389922966
907839128
422393663
222860820
143466411
477295571
362294994
551071380
778610729
212661828
4265764
629662055
737292008
206978517
666387325
945366023
528710949
349756536
218436154
584179897
134287401
74499628
592406376
569668293
618675066
60596406
204698619
138990586
853165441
180465199
107752193
143659587
37739195
228015847
103216304
586655973
64288551
199404672
973944799
428242645
288913780
53630835
405235633
713267289
443775522
229529631
201129682
459417322
472775966
105785208
635846544
849690313
48376739
934894711
614916700
725606264
307173815
290381086
293779609
769068066
91717853
347829073
390239671
889128252
148230652
835225700
370545996
628903216
293715657
44064698
883853965
625329044
372373790
300581955
950121213
604371224
564711609
50696461
866201826
663426205
362646230
84297992
868045153
113525669
467898277
984996557
806577597
230359838
885248600
584938042
961571190
619325860
456865466
376003272
90509751
769192687
36675732
783116825
113182070
399071023
818771305
372729196
293349107
787522760
563639855
980704418
316547217
824780199
542739169
457599589
723384400
749597938
130033249
389173382
631937255
215591567
924016681
759918011
899802649
423146862
318568752
587648753
625111298
149419437
223921281
834392440
909880397
463788083
387906542
693562138
175411434
389749390
688386982
944962926
342938906
122668531
818705966
766786880
489868992
959031431
344399190
294962320
708337336
745136588
341540151
480373888
158020540
262950686
888243583
910012410
752674616
407490454
195099755
126317666
517816082
319547644
510232772
513854879
102483064
130151231
281410383
302720418
237617895
295807222
805967538
724695672
562498066
877114956
626968576
94158968
685529631
139339258
412553556
234206192
925831336
642935888
568150682
589716396
483964350
895997301
387501063
461422036
830077419
771808341
75477449
72407766
547765659
980397967
127948354
258830596
336235344
973034468
290829584
717955584
521205905
64151593
838945250
142556390
805444864
844742504
34060120
765516157
136947929
528077515
719959656
251965613
175524782
617566600
493885029
880693205
515615308
783624485
96301577
6397818
135764350
670423241
430276549
690667605
133389813
746109090
99148687
631534091
551031325
157206988
649511473
777703021
600943329
260398239
352374866
664556724
449784843
331616314
367850942
697142581
863010637
383852302
940083199
968538123
416764858
771933404
829275949
211929428
702180308
199722514
523176679
150670109
242964408
370405285
314957818
551804676
973079305
714015263
840297376
53811035
644825090
599651810
602677222
897430941
733449023
670140234
818968653
46193431
571438825
948164592
440936465
201383818
674615886
718420629
159743469
572505322
68456750
438582473
375265671
914171806
768735990
329892997
189680954
461361985
823122364
106030879
867048531
194618821
325195221
573057041
305131897
326524037
172307984
926779152
332987727
244107412
719453812
296117256
925375542
23244750
391090069
523410322
485387632
26800383
889117445
51538073
35643362
808425878
631862507
682391817
719045304
387824012
524568112
710883655
723616045
141841947
576374028
407090804
523791711
943749834
937582055
363499427
324430495
194763780
603009256
933019557
131640298
92447494
579949738
571382857
430378145
590181778
807782403
227058099
727351599
922421466
719668713
402942779
461060849
138771361
358852149
222510812
914361887
60608156
598115042
130838987
526364349
508084172
190122650
699426620
162251008
123378164
560328319
817458145
53605533
192065500
267774506
243857133
847910934
672056988
805807315
908444480
219101398
914894573
772133673
105155919
319666176
73326848
966193134
894962770
335169459
875699830
1196592
210401608
196196635
332807221
634677694
399305568
762057031
904599717
117413821
710706127
348287696
563485169
597254967
1648048
285505722
751335173
870602540
287551924
236739518
83597065
3137095
75038757
499584283
825251862
876313917
659225153
627173993
384147699
458462744
196259844
362290679
221818401
973360075
554821410
854044931
130999820
219507620
820237047
421068400
498636289
454581322
294024315
40800693
212402715
842267590
545385759
468770111
431212433
814320194
499595276
181096524
901849378
798664277
532502321
543211542
7116827
974021628
394664271
738838586
167875943
77340244
534694255
901251932
796753916
886688038
886129715
576606297
55833795
260487347
161433702
841002360
134868192
433852064
326239202
707575848
669033853
660731377
310271877
469814085
96497705
824778434
164459177
377946159
117033336
169115471
304451587
40997616
213529983
590185117
934548079
705620609
522915489
403107603
659667856
505091236
674998083
949973882
723301038
417490665
589957389
223268264
346169586
901204180
848179501
415550333
407215515
498275978
347559245
976935411
348095553
642066920
350605242
696847221
56827989
54363780
388776683
928842220
218945242
948672954
316717434
895853346
394572155
236947630
580838740
112298132
488360257
714603097
642422156
225587732
414589555
744079069
350396143
97300519
696065727
379617292
176883824
939379656
554985959
372211077
128862671
624825053
453050405
175481753
2
671121172
901846750
483237008
852972247
904976752
359434228
97854672
166318880
596910795
507828164
340575884
157894788
431778302
433476879
106037969
586496351
814142454
132295896
39817363
46734130
15490725
332101152
865648064
947396124
268710516
820652325
199058466
711940965
22797592
765015930
60857361
983513885
383582253
500145411
216411979
92677164
461660567
855743386
356710167
972407572
934784352
453690659
200805258
568040233
930846273
874126377
13404559
683956274
583854969
685257923
853840664
197327988
805827691
156557762
354472590
763652893
443483111
570375053
941971212
520073645
681617462
586355536
372090864
650771149
469651514
107674522
485625969
609692301
897027517
622450163
597995883
576292963
328125450
869325911
662012830
200101973
6311778
165869368
598167878
440475892
701382576
922970932
138730725
384394683
235404679
52475751
731797870
436598401
750432466
824077502
713821375
370275870
256198114
721685201
672504742
14755128
924136401
203055908
291115089
388344936
218532016
746847199
212324371
620961497
224739102
870483206
679339771
489234214
899700790
247944585
41216802
847479368
267428534
771628496
656971522
212244680
309098679
951866649
849201797
734835711
153775351
269659641
977400091
533114568
515489908
857866199
239106364
355025565
913228173
512026971
628052589
756964436
4516642
585732278
397081808
180591857
467921829
954397678
731320451
51183070
82081687
682312020
503602719
842930797
217196675
87073844
54333298
492074599
631722524
565854116
398960848
305080707
495433482
176949396
226173202
890225108
773278337
883834650
334943533
191243379
545502712
249713899
839859598
260427232
299589545
836998614
99335433
78086534
923430621
726349637
767758966
223768462
49605208
244467931
366199
985472696
272581452
441019606
642986919
527021721
528818479
148269263
714423447
464282440
960081656
439334021
102397180
704477940
688034860
962480473
845497520
674690264
938897463
343889595
807927614
667367069
483965388
244375578
90648128
395430884
123378164
787094733
973430015
704527459
135735280
452812892
487789368
493366135
30612760
125031353
394386029
120778192
900356958
910223937
451744949
554836197
802938873
528159441
176794152
390999405
893817717
624635218
96334835
237424672
265020189
708302853
401138292
59128959
284147097
762283944
611652047
365188840
843406452
841772850
774401699
513727198
681682561
701162801
743800967
419037295
850160983
759559609
720232742
372435708
544295338
654911317
415090194
251926990
247196660
293431705
856343691
495576837
113732433
349756536
489345020
777120342
789160715
397482310
983940455
793669249
41361753
713445882
676101912
605939368
962058131
381623136
342949838
714887967
834307217
963565714
601876597
805973414
627864815
37018477
194218751
860890304
894660250
394670063
83586885
355880111
384369829
677454190
191142754
638144595
593918660
191936621
121921328
839241978
410254902
35413665
64530699
814066947
814153798
650887561
345346495
199911988
669825982
893025945
529318299
355457247
240298819
222275897
534741193
395871040
323427800
157516088
383353036
705179872
242869804
890594984
526767381
566901038
148000971
218269027
618245874
751505508
117967876
689120479
479511878
504691670
226346390
382324405
129446382
591587128
514187157
45803855
171591146
231275097
985525772
947790434
910092532
936249648
169916641
626796181
188847086
137159407
679741769
659477625
860256265
42164629
670685554
740874787
438536467
4775631
142539752
558658606
465392009
467075274
412138091
590285416
664479560
521313917
805544315
279918975
740068754
389000062
365340996
539103086
746374936
359064712
304068844
944760178
862686554
558313090
701995975
982407960
703463086
523105383
21209740
299626512
927679594
79474331
467976490
678762669
697512985
750066482
518637102
981905152
240268606
260692668
29424347
579208544
598502943
897205764
401354934
675435854
597293006
908340307
11722357
478107672
372991775
833307667
279304399
858202778
201383818
229953977
137573445
369304347
120039474
918673784
294304814
623320720
902434506
584049136
597000570
14221598
610048270
139519738
748101762
327886286
87413142
564261126
119188848
45507346
934894711
514065627
664023006
607955446
394041336
814269443
899574385
170490479
353245488
812841190
501183069
574713345
204696720
665188358
529340131
656835472
284850732
770663263
324597248
591743269
158245277
898661745
389716883
977474523
32748934
11035198
461122402
44913705
852619316
898668504
468384726
278473861
380454178
230404643
914625258
617458933
917827043
188312541
750463793
531852178
129415595
773262462
677558795
637516885
488358578
153762594
17867654
897281893
454350902
445628376
605308713
626145626
28792759
243516745
284877848
717166981
330306215
378298549
87469339
903525622
359993351
587821466
963338161
19344799
146518524
23577368
182874505
886357714
61425039
546500986
421901956
408177453
73032882
778667310
165766871
27166347
103702326
115083357
146546216
558542624
687648773
862243258
657186670
675968122
177436547
879608955
265630485
390051182
310017014
583888475
345732870
591941253
753695262
374995052
397074513
500533938
706245060
87528660
699261171
792425198
559387802
390496123
302891775
695532675
237911760
60507112
809942769
303552495
504670170
513618736
255872589
464566163
960965020
30989982
524083195
649427972
395967058
396835726
348865289
842568319
477816191
208048977
938840889
721611473
616746555
532660309
577950810
394981509
74141128
444035021
468203244
738802748
607260940
441790956
942997782
9686304
135809285
593222700
38798204
772037487
597501163
280446639
984259351
1851218
525506409
302822205
767489905
774479000
314312366
1362529
186243335
211273081
985529174
864483535
390076177
589460226
416377460
984298295
361050742
581518426
564843850
499267704
376522038
701871107
716236517
773374255
251068807
238942561
713071231
139558576
859008372
680064698
111243199
414275069
321606289
43094904
752141848
650912569
508225129
986053879
72008689
473782571
680861239
812475774
591731891
548275832
774869922
84586314
630729766
285144941
26930157
69691244
602088837
822266210
22887292
233512957
820158755
486707068
684098552
229056653
130723359
963413009
672379393
625629976
548837240
941660883
550362784
933329327
49177517
32451845
900935293
33754458
457755381
218819552
380308974
154779682
356721266
854262479
721607942
314370498
145524225
693419138
489820367
209640016
65833329
921100391
912442398
78356922
400379067
483407556
431736400
786717155
170018466
633773316
916810985
455071821
902974237
877946196
356740225
508352819
85620736
413798292
881244803
539107306
920546352
66973036
133588912
231810200
345600425
427240177
59621006
208368641
69001250
402810532
505079340
656355442
984815871
6044616
334660538
691013751
346736051
413052139
149220622
924267785
704959725
669086030
505019284
796629776
526723967
54085450
27840555
557215484
428519322
66474999
718276203
340731042
460305002
729980612
851165085
586582123
742408215
165758298
13558529
174305711
403570667
583236836
820820886
699985174
87297058
75320844
828805772
976322028
652635785
510072730
930818061
75688915
826451270
267569220
524973313
269691960
282606325
156571893
582196921
259341412
323843623
277991335
778335994
151923347
215346667
644572910
31131803
433203058
600030160
819224413
292613501
42301903
387902244
108884568
693549015
743025848
401971680
406218202
763296594
324776229
499470762
733425100
458552065
532241973
315256521
284931890
411766392
965055167
337402418
709868764
290325049
728819600
30490573
436936607
850426509
219958695
412489554
976674974
404163943
284208016
550848826
165948428
244891733
944163551
841280521
279702417
943558829
958451338
204696720
166776078
54245941
94791100
192638946
435354159
494607468
927410000
22918984
452960136
366635218
633946470
307539587
599651810
301332960
411149278
207922003
646841285
985477231
465460853
270378629
170207056
284819819
888838457
450604476
807135088
786600710
519021127
393648696
523744860
691314612
47843769
881248791
947198278
82733293
75351260
595997300
249871766
313608697
884344297
369660811
20379119
731920606
345270543
131241663
632391795
644188574
596359828
110580389
183919595
11026557
968513457
564424193
391910376
935688581
226818004
265648889
550622811
922718470
739450314
439142190
896745300
52910426
777071693
177209110
166228668
921349527
875816660
215990788
950807566
271097675
421806906
641861460
427523418
35264636
651010080
785216149
644691832
411485149
501887356
165716987
598541581
358335234
352532733
633381802
2082881
53621296
860351507
237796307
188332346
172473010
848241930
7708039
522829779
865287997
496666494
40999540
96024563
677724797
50399835
919836973
476448835
80974724
773250890
774199167
968061584
799524373
153101867
173383641
713034495
427144215
970989593
735015629
783233816
659077214
897002656
436854364
454290838
7580825
478840522
826598189
658609661
629963934
774794470
52561419
760837009
394024806
951505604
18771103
886545675
688474720
766194566
874986229
829775846
720882063
807639498
319499166
653238635
775830469
91177357
385319244
949713279
613973666
348385910
631470232
645638975
929081211
497968074
908835780
408732450
564775722
705549359
182903742
646791059
302753001
704638956
391559100
596496284
848399319
132549679
393803268
911689784
875839392
397851788
962372690
631312795
585860176
334729909
822510165
427284488
914381541
293404028
374464400
182292537
838025851
183430261
631648929
434406743
475799117
237019654
607885939
183928729
646728412
664865315
932500370
444901470
876413694
888054026
715416791
23662320
390207914
942281365
357159404
129329459
832967256
82424869
789812797
288762641
692442245
757221036
17938252
193332315
636189672
923592282
771960672
462703930
788509790
942767694
295970518
890394090
45151087
316505073
971187572
849755597
964212938
322510327
815523546
889286889
739573000
945294134
66518296
567265668
871885651
453685050
562529778
674460370
658857216
342190363
33317017
984533844
318902846
464612604
389639344
261990518
57143482
304739518
729037169
433751877
662012830
99441987
138038471
357012460
236570457
877767406
651632946
156659346
337722671
716833960
941122347
421724333
582099894
572465386
954842882
626690031
789858515
601780618
15695592
839703116
57426350
160778232
432236390
321376978
59517857
393047209
68266819
712253920
841974810
22383292
226932768
909722419
676850637
675203360
713998872
946417038
182292537
322601246
768376003
411816721
80524556
588091323
903312771
595326655
598107329
943239793
365645508
19884477
425560158
84798847
214234842
148125261
432128505
763048650
524293173
334548408
184039437
591047912
59854802
359678291
97880980
190410235
207137190
760870463
879357182
317727053
213925075
458564229
187159238
205636901
435572979
833356992
673348460
345631935
130888626
469302419
735697380
865599257
474164882
280090729
865459193
273746350
415937686
23491413
526265203
159130683
264178614
713332908
16074365
928425650
926177945
753271540
813579584
139443257
180479012
835786929
350340130
150312696
980076610
78147639
500749636
630609254
252156591
936837023
816911100
585712213
627254289
62121608
268135429
146510821
321994914
524440893
417086420
645022069
435310385
863619413
63782178
392943325
522805914
371945932
429411879
610921574
932617239
316561608
496604222
531150546
196160560
41777392
213356673
295318576
5376568
969886603
984117237
309477308
964297913
412407526
501013140
772554975
275036520
204333602
793651590
547626307
666548507
806458879
674952643
512249332
800109491
615243404
181435791
254003613
400826158
410847092
488057706
96535195
654887872
976949079
890147348
769790417
347014538
958897914
254463401
310425437
44125768
723312305
597220997
691849977
205758939
422415582
55580526
592282371
767365108
182598823
623222375
137748547
175759464
900654802
775126841
702215929
762270284
876433992
830682647
974101650
270385977
423133700
165761057
542296936
20663959
564388933
911236536
961983920
929862214
825556787
307688781
515540689
889264800
790123171
357784376
507687032
249550976
537213924
953337572
205588168
316775618
304650738
212557351
759777311
868475540
947745607
737050506
851400655
555359283
970905968
445219801
836998614
532783827
107546165
398250708
183024264
125470068
607169760
170915670
431654506
878129415
89491061
742097738
961857811
459458600
829123404
483899560
189894410
287141122
496817580
452961800
862706141
359535263
666964598
902305537
180567351
796633164
975885953
118841782
749587958
128864935
222466981
541009225
974291285
628592609
960238409
902311472
218864768
708609487
149082579
762133882
530501311
611010425
589840433
195819245
932619792
769491035
861578776
160901451
693112129
962174109
722288439
948022753
507350078
945342181
926587406
754421095
958513331
484269784
329848546
832067586
100895397
169052331
173599874
7157243
419249392
13302805
239991112
19994952
342691963
726705239
205482073
803440670
869670215
329871808
900362478
725808047
671135595
242783934
962115741
386739213
836829410
497322569
10601565
922554634
909953162
233340859
777313705
712640741
481949531
342776782
142821911
237985207
268608635
232546247
906052952
160425840
948897986
123492502
256572957
412801902
342702816
318558933
898079483
575501307
497890065
726560778
734400144
352014419
818221620
442799758
291678026
441514607
374025425
24657619
768932054
638271308
77463090
717511180
45049209
341008877
750735739
656437913
912521146
700285214
44190313
382283853
769884362
270914672
367936282
899652088
176304086
942128341
372185626
92863734
605026281
242124259
445628376
159476180
542606136
18575631
604099233
402459412
325158440
689905903
144103851
877286309
75451106
873100420
586405469
949846452
236422114
503817910
663535046
243887057
855435981
65728543
282130522
598121680
47125375
876679435
371048642
709858971
273333558
333051562
103392742
469522390
224829619
863815415
730830384
171723682
357892932
729226332
104878191
401138292
502634568
470028409
423342901
946976599
519633480
102418238
560908166
836280523
11232812
34123919
317238697
719707810
587952511
585631792
348248456
616629688
595659756
32706725
8702372
470643216
553525398
446487533
951746209
16173824
655722613
529041564
754881399
215100337
979510000
420713484
860227596
429531364
481496134
198047236
234126046
934694105
808601379
847668423
384784080
426671518
629454547
331268562
883691951
426671518
23791161
441075877
764213382
38427536
362985754
2601083
327188457
145040743
453419572
256519673
372960815
65006224
713094238
191142754
263294805
71798384
870273489
519263577
778449708
54454786
226831438
282057756
960504357
473708518
506112625
106207767
737695406
852198066
900593847
91669413
774360434
494235740
476042305
577938952
497971981
313096607
159891803
299626512
947833496
795050726
570057496
34309895
5882678
413673179
870745258
314030166
749370109
675519516
543416286
943143724
507463563
738434604
652635785
428766783
452788855
353503127
431479007
544188226
465133801
730237770
409956757
653783037
163484021
97233305
763961114
284721486
836617190
985998675
261481946
879318457
527891573
13993313
688848370
121651312
194726815
788219105
377524093
398493694
574495508
785593308
417820518
872081128
324414785
868005082
13473565
531498845
944147517
546222163
511194518
304175849
177821629
156519726
930228207
597439923
542470090
4746665
565339401
136343688
663657271
645944096
709239221
361994416
662728127
447633624
802967065
797725888
831741072
428694664
51037949
792189789
646689417
148622429
975240212
924612697
640283198
606299204
695868210
134902684
707436684
181770176
377820266
943909345
607750794
671856537
479268714
175020017
451900957
134841052
369763635
318960995
974613275
481462267
625580701
74214886
694085567
724107302
723664070
727116930
849967085
619628013
918059588
535640971
515054414
984295732
253441081
667480151
495788927
98046914
452277932
944943153
832289925
226657132
231496673
901888833
509293037
209497111
357003333
581766987
441160250
523558971
916332743
262494545
458698154
97902057
273733450
115649479
112289412
779179041
660368365
669576720
971692865
677185883
401662142
282858012
212758308
497720850
431811516
317382939
266142169
818844182
127410937
414568772
163434440
983168860
645002374
416700510
618653852
218911649
971849112
87912189
667369657
480891541
26449783
1588480
426180878
737193125
708139961
467921829
293167266
274123355
583737674
230307574
476943232
947582087
119129892
245666506
328953166
263889240
573908941
401895413
812393156
563207891
363982445
978322231
248095716
336698564
267123022
258603098
750313666
206554998
605392339
433944967
506542832
259227211
146124794
156728954
707858268
811686172
644851839
721800647
135640476
669047028
907250819
552991124
359156139
52294308
716031349
63183363
1482236
45899769
54180355
725967235
196509897
197699148
245270359
559352109
197370028
429937348
382283128
787420910
539834479
74004433
933145668
4785047
407172234
365645067
299404780
632024550
511662546
462336030
250365409
202653308
62853672
609633994
223984815
189166390
371165232
522263910
345147729
926016074
224087531
128817049
660248852
706718899
494193129
264360499
866494987
561460151
690375450
46193431
572643140
13532320
702781785
974108944
214909365
208777865
705927047
521454162
253218549
647015985
126069610
750361792
87362855
840239359
391508668
491307633
273370164
39200967
946344263
984320442
667947210
227149446
181373991
122803487
523176679
361272627
737979402
673288130
6292691
58048815
807255418
329043740
683734408
391703423
553803330
341311923
458716540
568899761
1048630
774779548
856085608
855478224
244107412
76558828
463003419
820193793
604129771
472163784
831124794
638415655
428536723
155859427
117458229
410389293
78507821
801578221
862977985
669047028
439564088
907538658
511557669
37368410
117916529
657615464
77361382
174735915
759466842
548423909
648886186
601185659
676140771
949240632
161092559
256011673
285120647
348184773
977642496
194338040
846703549
252869193
951917037
425072045
485107613
702848839
657473117
871821346
953166554
768284133
155057550
550063857
555158161
54682362
167981406
369133849
957891120
294243868
445313052
139226619
170961230
200293119
448586912
554821410
78471944
822578893
575709410
920230215
464053462
445581496
946576500
179438900
308170039
439703488
310632999
221071161
674196437
85774933
677108446
779944531
746783629
270917076
686773563
280304301
3009667
984857680
844296034
602167608
586848467
605518726
711356538
255020320
569785917
370909444
163166426
323054226
689920165
83410830
584282390
728511804
251833349
644989971
882759240
272478948
961555729
169611618
870439655
891141461
573884717
327624214
982830344
464055110
114005973
250665804
54333298
568349681
560414736
115877051
429444332
165995005
392215041
132091478
696916619
163868656
207599497
614765911
324630510
112071224
884662532
592948429
460890059
697084632
697289079
260628172
547861999
944038916
869431957
81025562
647421871
300187341
32451845
353074349
428467196
178970209
103744564
549969603
846945701
740357068
719851173
683049410
898372261
830842370
411214501
946698514
455633153
423842688
553749047
472920088
158117526
877072967
145764253
495433482
682312020
288592753
289408658
444281580
680552457
651680071
495420453
726243601
199747017
437137352
450717948
308221951
526707790
314232729
150278101
904573066
691226615
779403366
552636839
571470703
61238318
715102674
609193291
786098719
459253666
940906958
829901166
660918066
532971570
504664509
528063811
150222223
190246310
687641955
800216681
383465956
641603958
736319832
476252339
104518448
611245779
41266519
95413700
256572957
659267845
698933554
240683512
548630778
609392178
826695082
898582263
3007590
90953690
755250718
848705986
509422382
107364396
368176241
615745980
821631636
763529811
813055724
644995642
913686145
894910722
25197787
476234936
227201889
559807148
232219575
417207930
171259063
61063115
291778167
784625164
692739679
632926005
719734303
546692810
502287626
386391401
227775886
496721251
279452280
114971887
185604260
88305027
397035090
379653453
934743277
156626718
66846750
673124209
393745970
88439655
196214351
84798847
431904792
155580297
703110125
484575507
378524174
582476289
278534035
973029719
362895517
427117513
826831639
114258982
629488482
865609796
467470446
637179919
573475386
10667988
368899673
105205130
599763238
542429834
131646935
922388461
836887555
549649674
818921443
49460602
638380677
616487964
654548721
157387529
93922549
15751131
111401746
384962297
197865647
535639560
155115180
749338533
483214189
878831073
796177871
748676071
949642009
389072639
311970178
368223166
9021823
901127983
825401312
196951383
643596488
105776172
569509556
973396741
392827958
559930120
420729029
362630737
483084621
314454964
125088059
848478230
461468474
662919545
337508227
928470166
536994395
44477779
268978175
273141795
844113426
619796683
666246328
167192290
51200334
948147823
955686702
509810729
574273053
295054170
717816219
6593639
303424328
701054786
732970567
776061067
534544137
862706141
963938076
44528303
544423107
913389017
553222409
632467554
366795479
300332086
213470004
692195255
13789641
481817440
913111624
210937642
938984730
785304322
716181016
445089080
910986548
479815151
170432466
629834388
25386526
275989057
49253719
657495378
77635380
487935283
56466036
400046169
310771523
171560216
315938359
692860256
554610083
100594784
484204338
545215958
47307645
237796307
967321904
519907700
389187940
890036052
535540430
411404955
642282254
346760494
202043813
579454707
792722946
140958525
920642662
506985255
185201280
114161566
940864965
755898295
822688164
560535183
139537238
976814015
856658801
208348306
467204854
406776379
236771082
252995218
176612667
503223517
343516825
533995824
45712613
584773452
557447641
151209092
324408714
207924815
171002193
202747342
467184278
360377000
477281688
922356613
728073015
636510610
643483743
483510286
345270543
43976551
132135677
312175995
187159238
204496807
898696370
686090725
392169259
375721328
76061264
454731598
785262138
490479248
617424460
32094196
170957758
938869694
98187444
149419437
130836580
38572804
167384732
440229636
485523155
229593341
188900927
28661644
1830
172968741
636064979
584337874
204862454
903770073
216367809
196620933
736453152
898140226
326348865
102667546
100579355
911020108
275093398
274072884
680683615
930703753
203318011
487277666
563330023
135329915
320326296
928701377
817730059
436288279
955058800
536489768
784625164
28460659
429547327
192284226
924383761
671934858
379225774
870664561
515096217
915864743
431645716
48470166
334627851
696318974
244072804
201757347
488846786
449844151
122185470
466442890
41422588
460658362
579752275
101870554
229362853
651979477
518526216
805172635
155175972
915662300
759734552
286946758
312969477
218377985
606275472
592869982
667201284
439253510
572185710
4305754
419560214
214234842
936477287
262109365
90159834
172082276
877533313
828636576
65361457
694391743
227076483
40736512
505506387
645986818
538534476
498823386
449630889
284625518
918466108
479524248
22370422
369685732
637365443
138610236
551144815
915337285
365353087
306370334
302920583
379897071
689413465
57288880
318059087
603653491
814309275
495913055
100122312
627286644
351554701
404240312
909402840
339095625
958312103
607620456
840615783
734493969
130039114
751061598
506232889
956970687
584586219
156372491
4914524
283982264
788392967
878819495
174121095
820652325
740979274
11374496
551617494
975385937
428373721
205104423
802030082
35856159
488364165
750797156
453131838
436695934
282003825
567468360
871629303
624740715
160675466
560698163
381901498
549684251
116381846
947918491
402053169
911346410
949294094
265690615
319786012
423131308
735235907
170292253
371018078
151340850
517017042
183442616
885426842
943875859
917742746
258380878
347973005
838819888
535873018
671937556
596530499
808979441
96561142
551572462
964445436
539894588
39790077
471435684
181783619
291758131
269407789
5305405
831067145
593399619
660189221
814095085
253934490
405274106
641684919
63529053
985568359
312004993
479177921
609092924
297106705
657897325
23265183
595710173
250780952
745805992
517866318
945119486
369681899
601604744
940624965
832365126
485887900
775070811
837966720
681875365
763766758
509531593
881047520
807753418
954176655
485624932
670966140
438586156
272561141
138949038
639256952
154575629
657710931
480635779
53523388
205606939
917111025
930055256
534952602
328094985
596936513
56604182
761590546
786600710
470080537
291478473
148217565
831141373
581355899
273404152
530722549
796368145
860273425
831910323
513109303
379398961
446188149
743776179
649722710
477096330
684859663
386757883
561434561
830516632
675663404
873835701
469590614
561271320
652382540
724537958
409018047
16758633
272221903
562426559
563211181
672388139
799962294
901070923
297677624
213524614
341700132
351374858
409479399
596221511
10546004
402142959
149057196
837935820
108585195
316233910
711311402
685676730
650815513
206061165
925783461
693343528
1100249
595896844
26537
974528813
525062157
417035771
955282521
721313652
197499791
166832620
516727643
331223665
527035636
538201496
895997301
293744190
407643515
333685004
597167647
739689698
261397270
926717608
851015483
309250222
546797498
316295752
195431840
82606070
190973945
776261283
124440599
406861645
580426427
668487273
630534611
875942711
332681714
764910124
744083417
507776769
23404577
536393518
290242977
942264015
854856545
81789020
731811391
11999
876106639
178226489
795690389
358892656
182608600
565854116
332663487
43472192
303962011
88608245
545535021
744083417
485169869
186943321
35317793
309084051
34183929
365619012
612575809
533092955
677939062
131834803
641151766
963744936
652031466
447589114
893029036
187646687
879518984
971598800
648070588
568675460
356620203
231502200
436440753
104935848
363706835
683956274
97827699
881916234
318603666
727877115
460253527
247507582
333689388
909908061
4969876
707655761
945212897
521268997
743112736
629663845
709708738
697563505
74900579
58254099
641662891
233093730
39579794
751061598
379928947
384749261
823239924
652933064
322510327
341067082
625360994
104537179
985529174
435518883
469539230
762718561
197381616
547375224
403092382
585821002
235828375
41365349
227258841
442161828
243299782
155315049
784199667
364371763
773444129
608706971
119936233
261165106
449660404
204039739
329885091
336719243
362697469
279098010
288056981
358204277
253498077
212085232
212078886
562449302
711942113
448168109
886770115
730450982
347967357
692113798
166070374
691298365
26524400
120629522
209418748
745873485
233532067
528990737
841665403
255077580
832621110
720959044
948186651
220931513
213646606
774086039
739431926
775190863
351582395
124544830
403532751
506753933
731490814
445932101
364105583
102071313
515270878
327656426
243625520
921451912
963481063
195229834
18434538
491647979
63139046
481937666
491554581
272433017
930886367
537412355
456805896
962967956
631320920
225492819
500802510
605236516
406312297
554150052
590967000
66837075
274463752
536917784
389111450
699084611
894119950
883520940
371622094
439925335
518264177
249458856
850152165
843385403
281919683
161623978
453958615
449278315
663262786
560787657
941232568
828716797
307198418
445325507
677884502
62327095
636295037
460220467
554941946
258258147
941747940
871516753
277505056
300520922
781208980
735032321
534580088
74594192
266263851
908588348
643815792
395477356
282585733
46467263
520676358
349959011
628151519
81178458
913001411
267505260
246784303
536982983
103087834
755081466
335968305
774021275
97583961
56604182
627262220
457009476
979651988
417552146
67265094
745049704
882270598
771754816
942767694
684531575
713813111
454883903
454195314
843680586
520452165
822451104
877499210
924173335
3132905
196651793
885118940
317676950
512552322
597593721
238418736
315256521
445563139
437995822
632121198
33749602
300658978
881451580
604390231
80388825
64678558
834456801
347559579
730237770
544016121
206866550
173528104
41822539
850394217
955188603
784903414
94099823
800886743
274533489
888424066
339547251
746934400
751131632
66973036
436660113
653460402
319069956
376319114
563376564
839095016
775821911
11850013
165105596
898102505
363952334
730299389
64051605
923614313
140846396
676784216
812283557
312207605
585364157
589107373
15426147
156557762
62047532
728376209
53896064
945656186
41958489
683940998
869669520
582011512
795654007
859675283
198777872
201250550
358587168
482386736
663260434
758939132
543988220
480292988
539974709
818421882
881844947
274318425
706421067
792502795
834833017
774545342
78230517
572383282
53783065
201861517
699156161
703322693
571137342
751927975
153578313
927062805
521396953
433299438
720150304
714744754
868318230
414997801
983156730
521072938
294484795
322198824
214838194
554941946
239499877
139253338
84867032
457459412
667876875
661714316
138182860
142991588
115872341
478246107
983904295
22162883
579203782
320841462
328514434
275716892
312344861
62596912
356091678
693388155
51097908
900905651
560867983
343100963
905726209
982779133
56251074
152245612
719996075
316295752
733677162
273242791
152631427
280466673
556063945
393511638
315991020
387092898
893927086
483629084
423587120
563776722
441912084
614667444
77532359
611177977
880456277
875028363
82476721
686388851
414792732
831766860
569227268
704412667
103588436
812182369
447888522
979295134
273347764
127966698
546199238
875266453
668722527
982500491
268415431
653783037
985990094
513276968
475104801
558329330
425362135
743064834
72412335
318120114
441080713
696172272
342747938
451324091
511441335
814903431
475744189
621266737
405446110
364767551
420738968
695117347
795868913
882831778
514772065
485456142
369746276
673289013
131648559
137408808
915594014
460640405
632988277
523492123
606904741
734019490
789240094
554610083
311001969
769811429
898539492
143650019
307762962
952580416
928515778
166492974
288100076
763218861
14062045
688531314
77209133
774387255
511441590
615243404
792982352
178074935
413379560
892712802
985512586
900166919
295036761
591852471
642840401
16280487
198312433
877128295
361506832
515347619
135072222
798896682
549443434
551666522
393658570
949862498
342747938
574118265
702467376
175483122
165151662
663557689
157257618
281014976
37703282
341959249
714278642
197381616
52035028
527990799
175483122
78292036
552508299
507394630
797094769
654496879
190527452
247228084
962690356
55032492
404792853
390662328
20916979
836160723
771782105
363982637
420313285
757733454
14812671
340078749
38109317
708660276
326521340
986010022
54537253
333705372
906004996
630480918
603740640
848679845
644269624
787323420
312073734
114441750
346055186
452807294
326304604
624087244
970937782
206218265
187678100
443496059
985677037
477643871
589183455
192150848
762653560
589681387
260485562
430475922
16078870
672499817
677275827
623023040
670387263
562426559
320140
424562928
574728943
431488927
372968516
753373119
876146492
689415186
279476145
694299279
42232197
949909384
123328091
733501286
659258737
614097434
562891748
45209866
745767471
264564303
972441734
193991128
948307874
562709927
650253686
976227144
73051326
370795393
51822586
85374600
430050543
865743846
843448843
251068807
41000079
835531146
730830384
741501468
883907513
372469643
73486416
905859849
904573066
546224562
669033853
534226397
702163509
170052864
36331317
367368790
632755708
285502145
807552621
240342230
321118867
463496822
491062991
822366118
567209220
660222825
775705036
514764422
580412977
637304552
718415538
278449771
319879101
68378090
772920716
626493416
774385104
327692783
530477062
795831897
576269743
837982525
914526985
186898700
456794424
821621631
622086947
826603210
830872125
798845958
961957399
687306886
866874668
267745183
172972839
804844064
699843465
886318993
430845359
748850538
662623597
858597472
442720121
377981814
354805820
711031401
406251943
622205407
925464262
569158719
97372614
484821077
125411358
925552897
973628872
854060004
836027290
101229462
505899897
929664491
150786210
217251138
464053462
237067141
641684919
954977681
688202068
879276696
248844689
387092636
775325556
886431016
878460641
885071679
778555715
829420110
793464574
757787744
945027441
493728804
358717063
206723751
241653293
25341337
684099325
16602603
551270958
562938136
259824305
252429314
268391681
192532046
57866171
152759510
721197368
730571471
96587786
531190090
863123542
321849904
958191737
14830209
579773745
418107481
960337818
941462469
222216379
729402363
585651365
277393671
774298702
778231018
660297517
87885222
426813587
193213897
694730916
461376689
919663733
47849166
848831762
311854226
482826005
468944458
590083366
377223860
31648779
896521929
129757292
46584368
530520664
275036520
50486117
734171851
523360349
421030676
854085931
963009576
750500098
726050858
369077871
751887830
974993787
409956757
525322047
560608057
300906871
912685092
620565823
540263459
392494957
176369736
802440623
435997413
191194403
640048114
975638643
170928236
371345762
908455281
743250990
734699032
820923889
268935323
575252814
238129235
504377716
464203606
392367263
454136314
128566723
838299042
179135051
182902398
651282204
40195558
774545342
565847298
112071224
537923931
783711509
251772060
60188802
755290244
513265534
486575668
700923505
107364396
578946125
350283738
500293860
406981369
2094579
80877160
578187227
689071559
600926757
939120518
550135013
269401585
114911301
286285170
652410227
250665804
109755982
488098080
49830296
664957383
806588844
195261950
616020281
369892489
771552087
68207835
633132029
968059515
259367495
248627599
17905185
675181276
113500861
122811583
438876436
591409533
529725743
360180571
630851989
770655774
98653890
536688812
847753354
9036286
456612680
305844948
208072136
739608176
560163969
178498690
903549129
295503737
176348628
968649721
788534015
525428277
551116256
78295098
761340507
903566343
355470051
751945633
843302898
491699112
28805940
452686237
109548882
376633169
303979412
883087888
207864164
180047513
779890661
728267161
330674930
405929428
623593840
985667641
657525545
13186985
14033267
578012643
465180996
362561596
670648696
958451338
538381467
635031245
876111717
860253976
331908641
930004133
956330191
405679374
943266507
281385467
823211706
13287269
160127084
959157170
660101211
671874204
708059189
734062605
742626340
363818283
804324174
504239727
257108208
14100470
362258755
888542362
921269443
279635411
427622453
250086896
628484349
816109210
821417893
301267547
103001892
613277280
792560286
535243243
378162266
237095893
393266836
167029299
657191290
875205165
308362828
278134317
497687957
591828100
192524198
254985967
834837399
485184382
275087556
794420312
285438470
192532052
889127311
312207605
141263245
821826417
317573903
808168749
95771129
790123171
477100785
813568380
207123250
641750314
729758942
138248246
520304838
456255233
738150225
512226294
718355833
439371312
622657922
833180278
780086337
673747691
877189131
205019028
904053033
829335966
14055666
919132594
949578319
328919643
373442355
643815792
187469177
135731595
781237610
252037826
646360493
640619154
631645821
577927228
643744131
307823358
651470091
837117806
979164386
793086298
147782961
958273207
346198991
669703268
364665657
818545147
675232422
880201628
402089871
126075318
104254891
818787283
886512155
718894692
63599506
840959728
868951097
556869980
273042977
468265608
604957642
718289794
839270037
741776614
873315909
132666190
613840939
331952592
759131143
42270138
112972975
56477073
361169705
823464064
181462889
941055186
321497488
300337832
51200334
645926687
971137520
225636339
830076285
83158806
512454386
506127929
260776764
385549946
524167053
83540671
190906815
111646627
459080336
409559879
261983316
755122636
806130987
961794469
772544611
66795260
443319776
466799793
595145962
799853713
944230133
554592929
101525106
189666760
558074932
476410403
908873795
810232179
25938985
772281012
399289698
74965385
598079915
416882599
101706649
200525693
498246964
589540646
77340244
882386791
461718258
286988902
555174462
356415697
502701992
929145315
788018954
353799045
786808364
957499132
895820534
388196707
171002193
873905409
158543765
549250504
446706308
459458600
652572741
441279438
483754748
939776609
55329264
435292923
428546634
548071617
151946890
806588844
228104433
457220609
60110905
169890158
126191633
558420232
416175943
663318235
487946979
404487242
634067935
697100829
294823988
881421272
478107672
878058349
470351188
598959063
20771929
442059878
5536995
31734531
602547660
834334721
668785925
675962131
852710306
910884126
725843375
771614244
165710592
101299259
434670530
219888246
703901666
262978424
196205168
687064775
802790612
688097988
147636074
257341087
198982922
4508790
96790303
309874547
212055282
853134060
724899690
700246890
351063313
436420840
272561141
65578535
596337338
460459896
661275925
424497909
688474720
719407430
187577865
81254422
848470445
207758993
270424221
399351641
794088527
247758482
950645844
393747458
895326017
36882173
108771643
538423670
315471857
352964885
724266851
566191715
457068817
466133785
864328011
157517274
800605870
371492167
918632545
237637478
636291717
844697705
344397333
454220255
800285022
258566249
932450129
886759132
85923448
462341570
495507093
196611147
822578893
891541344
194618821
216358792
234609648
245063262
597013718
19917584
856976978
221368843
486808401
33758373
769831497
558786664
672714780
494193129
60827388
688247035
865682332
578117203
517153168
607323182
799283959
735491930
814339264
640795709
15778601
46113569
789217345
277505056
513590951
572011981
736257742
100163877
421788625
318439350
582851347
682334564
162474169
918094367
686286358
287779933
248396738
549326867
741893921
164437307
585809621
820858424
400778680
291952711
573651784
361478103
743972563
763986206
105023816
847831788
21617239
422639065
838299897
689887318
544028029
43313889
749338533
536110157
968588750
550672271
788269975
293099692
417499337
99381585
645513720
581651111
580701349
450279072
680910764
481339199
236599478
448625224
946546139
648890468
234187585
379547171
185201280
127426455
678702569
252087605
409292145
211850518
982928115
846457230
320189228
807720736
602893010
525062157
29075886
740631894
195214779
27510553
94530533
433708133
340575884
415956844
424725610
589256425
404120802
755660335
223710072
621732088
698147095
679270725
973334335
724964673
198911518
68549634
556302195
640619154
62954571
716266850
92297484
616184518
601071505
814340305
788390416
806177086
569136099
402956487
487308460
123017251
244628704
974521861
29493979
820050844
687679576
190285068
887664075
532012313
558385086
531459000
254475780
193348370
477117336
682725341
874285427
588016043
672870907
790896036
767489905
872929089
738240590
35698065
828921916
3981559
653812327
718676777
74100946
352035948
140729603
735676486
594391439
938622791
542412852
515964319
487130093
413196222
231631917
889389
73066538
189894410
737305165
733960882
87708227
140586081
134269016
426287353
322605737
374957530
620137629
911139870
476102588
194422334
635380627
598567550
724295311
74725590
740979274
154049842
711949211
762077034
509089004
384827102
773791614
345226265
783972477
736548951
206061165
750066482
371277570
786267338
354285387
342563924
402462262
601351684
253152438
834736039
146860638
646877796
968248309
428078885
452911088
511194221
617555988
812509264
287291181
163431700
147551693
930431624
141605202
257581368
437276638
904071774
668156317
165796458
555818381
171966121
966113146
735032321
764386648
821825966
143216477
239892475
142341374
223244969
558146913
781880180
160502365
720959044
476393661
610596638
924836794
320189228
204753160
349010701
702274691
776982047
166199220
460043073
224902629
632472240
272520062
914747931
949629103
717247132
816262740
671694038
676311396
535557847
745033041
200284744
714875211
571990524
903462670
43071801
109548882
709135190
734052126
632078760
273581130
11116770
81613017
173433712
889429354
789675157
409226119
162942253
128898227
337644155
729325385
381398029
778963948
934051809
200790713
356592196
24108830
30141357
158522399
767581112
678524238
914784635
655711438
871251497
159599437
538891535
553222430
747295674
604573552
799589694
365529425
209241386
834437397
955590170
795804405
14699341
922167948
867747590
393979468
513462793
695995429
210646565
261568555
305699366
221994205
467424156
218899113
968107042
365488558
955150839
344531938
154180774
267134132
745257615
525499990
528316946
282109698
805714998
161935910
41686640
905490456
17938252
275331720
747939368
134797548
758243370
237166564
877693940
502737614
429127506
569394598
575749882
133283789
929374616
269498024
387888504
981113060
137657699
23109631
230063420
36212683
903526527
931721158
176670779
134517993
745904184
654233170
973183046
870515712
571990524
317582820
260583817
634562039
54236719
929578678
908015406
857398214
78086534
275393544
534600009
522077012
38900961
282389326
220545820
834598689
255097989
521065116
218535857
149913800
835586223
116689768
374179471
636285255
235095844
820728294
428877599
418748348
56601260
108923372
728720538
487978746
440613127
679713617
699663151
147888758
363949001
452807470
487878191
909220567
533565215
618689358
49832997
206015551
735388551
239595808
500370280
413200901
922436541
301895703
424020316
801699344
69194223
647360747
41166372
889482693
101520934
324203874
437361289
375030658
24274625
238460697
562577107
944869058
345101380
661921955
764063916
414928321
137726466
176282710
648712274
417287628
676807694
118482169
30062623
401354934
675142101
9029244
78374114
441912084
644652922
308013860
29284163
390442756
236947630
184612034
509493825
45507174
317144515
751010988
712764635
909377848
552703160
724973979
266570097
270020471
380376638
664023006
313401093
132094391
441025965
83082907
731506950
736618354
166467649
779471481
285606421
66093953
496640656
733713435
699994081
382407103
670902333
151845035
657481268
156314806
852668082
748411338
403393699
535038863
365517929
894910722
700413116
253274122
979432409
373534231
357093616
28310422
87025506
106466953
837582318
53240321
328497485
828450307
589019881
28151870
486254473
926289421
657115996
538111953
802128313
689067671
153548010
110758183
938440724
507194146
812556692
694654226
896858215
581652200
984853553
290370579
579908632
242298747
838347388
244181902
547897112
848399319
306124967
264872297
305422712
94062803
430133738
722003336
757747906
138003549
931131388
671219926
568954339
239410616
554821410
545079137
39919101
568264251
413005055
203797287
772206287
928046618
835845521
975774338
450631279
903667157
181032797
10615551
292590937
689803927
539463244
832680897
827965486
651278960
514624125
530722417
35700793
672388139
422505224
558420232
354093413
876624808
306248308
976356151
586790718
185757316
986250794
901981693
461820488
654082992
386443025
332248567
205296103
807437682
711587905
52171077
689246104
311398420
29700965
192277192
789649055
924243218
830053969
302429243
80503591
715128225
966921821
859491371
879961359
57149642
422653276
470270935
197699148
874167999
763046601
707587704
480737491
565732341
459025025
224378525
717884983
916141245
91914683
579944606
304824107
467460259
636869094
493553749
82254448
415512591
660463703
895023571
136447006
872126188
976664954
632372846
830139939
280655276
953355823
752094780
438676394
456063792
523120828
402241003
189414296
90357913
273451005
579605162
369768873
720634690
698423910
56111299
652938687
797318863
336509214
608863426
244700605
153128103
546839575
607741804
173192531
670662141
242115777
181824628
355842066
597259700
587055284
799500780
605250485
591175996
960328779
495436649
196770275
234187585
735209383
500564911
879115185
77738677
514555376
310511282
38527490
42942581
732767659
27668993
229333514
65666961
927248432
149618810
856233806
947249092
978851665
926270982
428683693
977941927
821620506
514636919
572161040
410362541
464591446
250919835
814038085
304045244
448336553
965156534
305422712
540928316
268617193
574140811
129448395
613375102
692858765
721955396
192716455
562948327
814650682
17858553
884847941
356774327
377281210
49638685
196588320
748317898
945668864
276992888
740254577
533394019
447193343
415234185
155475285
314899808
54421662
173368124
48757862
532482307
530556768
411816721
635344642
600633914
28219655
954925756
785661292
15947144
459816310
816347919
6242761
892660265
404497020
571420819
11059134
23410410
61193967
87746546
29002037
968494533
28555794
601525762
595472828
247175174
267309574
753819398
732568481
311558399
666455535
90147589
183356978
976949956
224315659
493944698
791113836
436435151
667648342
352333115
253951784
127676458
372462496
586668774
310665167
736319832
794273564
868072309
393298019
521871151
314959790
670631768
673829438
93811672
675976186
87795193
819007355
283592823
238336414
789267771
938529730
338618636
532310491
266942606
187786543
808516844
655122542
74393088
874844908
550758455
750647230
771392850
853362371
116572224
791064452
848244701
585890696
592282371
34918836
720721503
607288373
297426174
297823831
727884376
208930509
494194444
440270282
931156786
315833145
402514330
363647806
484378701
379199835
616901369
831049364
385432302
69194223
471387177
157657124
606278758
671947804
685462902
22711518
903566343
179120852
165370759
451678578
255787226
540019738
554223936
551673751
610074681
152263597
156300801
401758672
776625701
672770713
220621455
275744305
557647504
441309346
242514635
118574847
212493863
789824951
339137802
635662866
12679011
669817440
828796090
51352113
874052425
427646438
289354478
775830469
194956771
166266191
912528753
117249093
735697380
229900524
359904669
728326548
505567675
570747004
284850732
246008475
445089080
864636526
79257830
74276459
832598276
604577911
12542890
346198991
25039277
715311818
873813552
222720736
105230170
382030222
712359652
648499057
206723751
596411324
448928806
575994242
344258949
99337183
553222409
19278352
61425039
249606880
311474705
686704643
17583134
17518565
440691341
603570551
493932106
13769798
851719427
35148232
421343984
536162304
97773174
794366637
537146636
43156890
276641706
25271334
370644852
602936884
108405665
36644720
679150090
924199908
828987165
135670536
964433291
640116947
700676041
848057469
162949197
117765795
273311039
322734589
779846290
175441982
955475266
190825003
633642492
237212105
241148531
517807558
669875575
643317843
807961459
161162968
131609877
383536469
775032274
467921829
133684124
317144515
207531788
324137438
136177913
968111389
660476067
735254844
857765701
533460050
768119857
487907769
463863612
446741622
463855784
861642712
84777046
640433524
541887200
654025511
899183888
422960388
421153980
643505285
632467554
692539390
779985624
253333364
32808327
394628014
775943145
308534386
183470052
657734624
330067033
451829489
218210509
515347619
252995218
888073100
746246548
815140641
443889696
959723563
602393768
386515624
13774685
879357182
579298713
756760076
446664873
721854105
931721158
589404066
535867260
609159806
623942570
9764052
162969845
727397438
48971934
923575978
483130851
145330635
399232360
406963066
755495137
171139044
78940419
7454422
901172621
779148622
564264174
158416802
583198704
444797956
120562762
854017862
374914907
81614578
269498024
891306304
636522075
427698477
622880127
785140551
827611684
954161494
362133594
721695607
828359523
117307888
668282677
358485935
587830783
795077679
622730499
80262150
312647014
476943232
669807163
475522623
89057873
967837155
104332651
635662866
528290558
768669100
553296701
256764300
248315958
313368577
553279518
317546260
12551463
682217361
400484228
610400687
442542269
770914052
326495068
243223591
385363885
712129168
567663298
447836516
401011003
361774782
377804866
122010878
622208931
431736400
921845685
62438355
602991415
73073880
112953715
123762164
287037944
458186210
103248355
128353028
819997449
56466342
985744595
732410747
899652088
610447652
167808586
464492471
947724698
135143944
502048846
82658356
479263586
321030626
757708183
860920056
864987379
794453366
19344799
477734371
978160125
742966311
177869347
168953279
570894193
276420572
207315093
177209110
193075461
632652527
823822534
314793477
485828628
140499723
578187227
222129848
343204703
24756662
867757857
908250875
95424753
63538597
931485594
24657619
900809515
362961943
58728615
733242290
846860774
816374101
322891542
643196476
751755137
287526688
102883226
509920935
65812278
288762641
146154552
234699914
331403341
786724588
686887929
851626739
145749141
140039118
940435996
985154892
709155833
533696529
416461868
937693143
381132733
616622372
646294886
368675647
142636249
980661763
440321855
253264075
266930441
202493789
390751717
37235283
450091696
749587958
260897129
444218293
11683483
136140588
465621192
149812123
331615319
830914846
296675668
65795066
5062658
551559472
269892772
726182249
427445168
606513107
595709639
956884121
456737504
800541259
212765987
252213552
322630811
801845393
539348622
669483803
37693121
276303860
588207655
89298986
