8140600
4242
6378534
12393366
701402
26790
878460
2080080
8745
2835105
487275
3584
3358250
45030
408825
80560
62118
518908
266070
13515
7788
690004
195
3323936
14564200
2681
2578254
559780
5722908
96159
101808
9640450
1359270
361108
167256
2065
108800
754908
1584746
919996
1303016
266000
38216
30894
1864475
1740
2200
4571567
5402000
128470
1119144
2770
1029756
3632915
220
128700
3876950
5939375
29260
82
325850
10047596
61845
714
2604
3864
19624
20710
138635
7280
4031150
1655290
40425
186760
36715
2674440
1425839
1195
72149
3319960
332485
14668500
881790
3232040
4172
2395748
4804194
6439972
204624
2464490
183008
2006736
2268812
6117950
6476085
302100
1388583
567525
2264332
11549085
