4415885
2237280
1883616
1055496
2185
2374179
823916
13836080
990
51744
33800
4123548
302876
198900
357200
3351955
653653
57570
768417
13007148
1282880
2214000
502112
5341848
5684588
699314
590832
6006000
246015
3743784
728295
1500940
4299022
179800
2387344
198324
48672
899360
2503193
861315
9656856
4455
10065440
2015676
44320
204700
146566
2724
1868616
749892
5619375
714951
3227
11622688
1553300
419616
46550
156325
832480
4863050
5936
6658050
205803
44400
871956
81200
6664440
5719600
135065
35
32409
12842648
5535
959728
10095
434160
4160
1987065
2034284
594377
96
55
313432
272090
3846224
4545750
4253360
398684
2348808
1150500
619840
577163
2781408
21828
6287928
661045
427210
858784
1609245
7702719
