4747050
36879
7886268
700713
80
14281920
3480
2237620
1861126
6659926
29478
491568
5290296
3477549
1987441
23364
10007175
57840
901850
1157805
7556486
592900
719235
200310
699062
71610
18954
1313033
14025424
1939520
50160
90112
1059300
2749010
57470
35910
689852
424175
480852
1287052
370845
1061039
2684578
376185
2454400
192850
1465200
2385424
1446378
679776
1404150
970347
1750248
46
481390
2618136
62073
3099950
2283440
204240
8787366
2891590
169423
3936240
162396
138125
7193040
4036890
5796
213928
1356175
202230
11016621
1993420
25449
39168
1502205
99820
161777
6995133
1203360
50541
466089
340460
3984895
7704613
7545
13372590
4724160
98600
389
52500
77673
352408
1922382
3493490
103350
200690
6103620
4934875
