3114048
6468
10010910
1406050
1565380
95200
426580
9845
747250
405565
1930775
2150432
138425
8317596
308074
8505952
2437947
95565
3266120
2547679
64
12791003
14829360
238656
1092630
573185
770
1407
37700
14632200
151580
3196809
6874126
129108
4089280
4813560
1625
150962
10963550
428204
996682
1504608
5632
2293200
1273480
5288262
6410492
1371375
14960
879840
2249775
6758095
461396
2003540
140294
3231900
8292240
33320
15684900
717784
222885
801262
11913540
22672
5811255
2408645
2778570
182325
104690
4355740
6648480
1261825
9715200
1040
1044153
3886450
2583900
1445444
1281840
375472
254142
5098725
2380320
275520
536448
5822388
665805
1573775
1881145
770595
1162720
17358
2000596
622778
453134
6014355
257920
627690
4382805
2799720
