199346
617344
246636
703800
166672
401208
356475
20800
1259888
13724700
1599880
3319046
310200
6388676
21362
50295
8807960
6279900
1804320
558210
280830
397818
2175
2776445
21
11425050
394944
140415
3974880
3251052
8956696
286005
104234
4868288
1900444
727860
12084982
838390
50
3416200
5007275
1672836
592196
759278
1958138
1708875
11287379
38640
58854
26840
6804600
1444569
960
271392
5390
9705626
8070640
10539938
2142288
6158675
5843222
6412
7970400
57708
2058797
1329160
494340
5415505
898833
617008
2044042
1071818
634410
7382864
25300
453810
2883595
14938679
3420974
778728
4941568
1590680
950
2140
376
2238124
21420
25844
205998
3237050
356624
18040
169290
554400
130585
3670708
6879699
3388982
8844
2552040
