1399200
5833240
1088960
62
2959110
94878
10062780
187200
1319970
788692
4937695
8347559
46345
3358509
1517724
43300
2564100
409640
939925
10
5850040
32600
495008
331942
530663
311
1202325
2462628
616352
83916
1553397
1204372
4777550
5544
12220800
2970825
2702032
129920
124800
9177891
3611237
95703
283764
1523061
510156
2159000
104253
4905872
676989
358666
644917
564060
6925121
4815
3569830
107160
9100
4327440
4711560
684000
245520
6325150
46341
138950
439400
1866795
1884344
1785
804935
1032731
362043
4134400
198033
1915675
75021
43
3985212
2207190
43
616420
482460
39830
1479889
43516
865564
37030
4330478
1806493
247723
8206920
30905
878020
892242
1420
472688
8
580125
1485
105450
1124928
