283842
2100
2359944
133518
4816475
1035450
1079120
682111
6594136
2919704
1734902
3948
913836
1515136
5794050
120
66
1781535
1994468
233120
1900600
128375
501025
11340658
57970
49400
3637876
1848525
47022
23650
4424602
8658695
5194
7483749
5343610
801346
6203669
211508
1548690
298544
2900880
27545
1352154
40
608600
8429805
6649447
1468040
4217213
123926
1332850
4580900
2958375
828
1068080
71604
1189116
1202118
11752950
2695770
1267070
194565
4636240
90350
369495
5302500
76692
34510
1373866
759500
1018850
1238544
1324290
45087
4725350
1434290
227700
559680
1124890
7185860
2236080
100940
1506624
6312500
543456
13424400
4703534
2142855
428
41120
10201282
2065
403818
2174305
3427515
5375055
18904
11387024
10808252
644
