3692520
13854995
10229142
24360
2432925
2153844
18425
8403533
35000
24986
701402
3808645
22924
27066
1152008
2315040
39
259840
287264
30758
230880
45640
9179709
1490550
566580
140280
6260100
4891180
384896
6068600
190575
554680
3255
136367
1039640
32770
68058
833
4853520
3609795
21880
185640
319920
89
3011840
375360
1052280
3070438
452
914550
157388
2575160
182860
5966115
1765665
6024
49420
2212665
522810
11326718
151184
998412
24567
120270
6298953
6966564
12200
744940
613008
7156755
1425
936572
1151001
1200991
4001855
220400
398266
510232
594035
48055
797685
281300
4496508
5972088
6477100
1585892
2564772
6002892
12733875
10976370
1716575
3055856
52780
2471415
38120
61952
52360
220176
33579
916636
