345173
39200
38360
9564
140116
81780
2214135
155363
92974
2508326
1366760
12265
6905466
5646920
11626230
4455
968905
204
5966509
292040
6113325
14291040
181516
8391988
10920
2275
3975432
144
1137840
126225
5327536
2909270
96330
1251558
2883168
203580
962940
4136460
4511430
1671550
5346074
54425
8546040
4435042
46830
147420
7271883
6306300
3627624
10893212
218040
3754058
164703
1183014
218178
3905363
5354250
200550
287184
220248
298004
239072
3781692
142876
135525
100
726250
309225
7050
5596472
1080
1266694
414315
10545
1339890
796875
7572
3519510
166000
3733200
3885
2434608
2880800
63270
1931160
510510
12122240
2128900
3750920
411525
27417
166991
1566432
8489050
35394
31416
2842
29104
13090
13489984
