117220121
402211611
540850750
486956320
861201018
10322139
227344017
104156590
222089435
551637967
605767643
518349560
263547952
647600256
42011224
455880673
87634700
404729389
449682030
396298882
112611542
257557524
106027199
231160813
484346931
457800914
657423544
404599009
613752422
903185959
548791429
911009158
100257081
835886152
19730975
146043428
374673619
590787846
607475495
40781374
503843519
435114838
829837648
133925153
568646752
758926311
689201759
325832707
7811910
469083578
392218481
481616776
458676458
545593687
918990726
413018133
796817943
646637109
482378322
757369500
417428174
493248815
234284279
423722011
661892671
875505196
257550844
930100295
299362463
842566079
480285081
322234235
85447123
513752853
614442832
309387758
173313900
376311529
416249273
11438687
468114354
455670296
543150737
66536285
152388141
121790812
725977582
782487951
729276534
690032216
67362608
81502753
239149032
571993133
330873287
306413371
101762279
544321568
582502790
26120522
830714007
486766510
294241140
42868562
829880478
667951427
680024754
66724827
586895097
224426826
623740556
268076756
210904980
802967501
12066909
516377323
631168133
316621399
54485070
773505899
591239182
113225251
923944811
415362786
472029769
243529536
18964909
414389542
795471804
284811993
317073953
679195547
222568498
585391641
368170644
300005871
725791954
372365771
856622458
85556250
762050990
335280816
653923685
850738875
56731715
153506908
884886822
32778407
439299399
401765672
641420583
640017113
520693458
677186833
74690926
634781586
297882804
32581966
356158343
506600921
802100563
344927290
450187505
368737167
120290089
691677312
384786365
917118364
23338701
922079905
30668758
841378965
516145540
863913932
406917113
34772013
581934091
373878119
80995690
146590285
84867134
914833349
149854172
599333463
527734826
97087060
848404901
889994135
743344328
897093735
581984313
308987253
890486736
551997087
915618885
533294745
645529996
235350567
494627195
278591456
620908838
884492110
275185619
826754466
56931671
615825187
70744188
242308535
299451215
848535330
432684071
888921795
476647848
736609227
899758881
418707824
777930251
281382657
561903702
635178709
159570933
662672100
497138080
742959728
667283987
586047933
453482037
698093933
242444988
372631698
797323776
38694597
607430772
571733532
233633869
652346804
707161788
31796727
491398116
912348821
187087333
332966691
867072687
59375779
403280504
251950739
838620549
104318465
387944193
790507112
694542866
24571556
582820333
417141016
651831941
860050733
874767682
509589213
428174352
528421179
870100235
559430944
50052156
17003458
758336844
58430134
127027195
604318126
874203510
791739783
344976132
228790943
360634393
696715817
263553961
700902970
703974915
87479888
240664263
322740397
417954315
849171354
868981193
405563709
682714112
135704234
209888952
98043223
911512917
121371743
486519704
75040903
281882109
2364701
472286891
213774675
206505260
523101842
478457110
118787807
147867414
563692683
192681796
209350310
926433613
96580422
381087467
155782707
856844247
474399612
622096534
906841810
14842374
113915542
231656556
184703063
699456517
396884826
681546342
353645783
246846690
516912412
254793617
656685056
826000639
365833000
614699359
797631003
452874283
764773816
215950425
832329824
302354041
763421469
132846838
280773341
303418365
72204704
142182154
369813214
408424657
597608648
141437640
680111077
223669990
547429276
482293078
533560
458599818
647618728
26110217
798955467
379981511
736307423
216413443
90331628
689720101
437759463
54763931
7044881
87770950
12981521
240936496
143396016
236347940
781060733
208405697
406662658
875442059
640059147
914223415
426072861
602008624
921134313
548979844
295599946
685346973
744553431
500408463
255828848
60420609
399643263
850961592
890555068
701540969
365194241
629565978
10065617
396058995
771931205
312118305
791875772
755763969
534642816
563718124
787386463
858993429
613519293
645334739
652073643
554908689
597844338
118462649
712705824
255493423
618502152
46360732
297266038
629165726
692919428
341343317
139755687
44579484
102107068
358075471
256380797
931600663
750557512
929324530
263043730
437018884
239009645
287769497
925972646
53765869
745981794
887186845
75997194
519013764
38801505
305222794
664201510
561790014
6174279
482723813
467676663
215079434
341118218
770561312
731178434
216194733
441412789
600739846
451788608
89795600
924926709
329106341
138568904
293873823
282605543
378880941
432667502
463240922
746939051
881866101
247921628
867490056
696128062
398100071
917973636
336793983
495463229
498254194
589769737
247044250
419272187
546638078
542111452
165270210
857269365
237669511
635833071
2796568
488859270
560277972
541895672
649050862
564015119
415160423
377241541
251193199
807494161
213587655
770704972
459751489
879749736
164557496
255835715
480085420
117345627
260007780
358612062
769372713
575994963
663240143
153109697
705590321
488355639
872840425
339127870
199564190
345410317
535530189
768069957
838143232
157096886
45885475
409964120
150147275
802122331
798450167
247764117
264133138
267577289
665304632
664602257
392153384
738749878
220411704
93321750
634636847
181648978
255922111
878727392
300539709
694036369
925580724
493683804
510470033
114649574
635591151
596615884
653002582
190176120
345369507
890329692
311756161
8177328
768736314
29779469
160777176
1071128
801046873
855569358
183779621
301734802
160745126
379289392
702925695
507840756
716934230
520597237
709015166
886052617
436962462
534150786
882958505
726032012
81828602
488513166
292882642
737167675
469228826
916632275
813852682
376182327
602815681
443508246
538221512
288589704
838552000
891935094
281788787
566991632
842925676
138814248
223630935
913059807
120270477
578108066
550560265
63425563
516498431
469189608
908930084
275938839
312862708
837926447
860001058
852015075
427076039
895490161
458908062
247994800
332869876
305029290
69429660
675138486
35117353
288673578
487322384
810970723
781516029
388023230
893106439
648229415
249921902
730775601
892891310
175751728
181365912
895776981
384505506
882635129
70342212
335133915
154035867
925136951
647105717
784315605
222373043
124234506
664354863
390309580
54548858
40858024
410532462
606990665
382223726
142759311
300384290
336391621
98294864
545462970
179318607
625418944
640869222
215977806
168832280
597160003
416826408
87953588
708992287
164807043
29448307
810001629
232891416
855840316
346708630
81390579
911918378
525937152
63092340
739434776
893216208
126015907
335081213
771126936
298822665
265157478
290353884
776989016
38315736
837200854
668603152
633524139
102018139
487940280
548460048
796111459
77759580
557134055
635835890
859979615
684343898
108591130
447939488
509807651
813905427
836950531
839440424
547247013
173492266
460483474
720703506
165466100
279462765
608716733
914474386
523860556
104603165
660377271
667890625
586101940
380659965
866629426
333375225
240833542
711028080
212412982
272162541
932985573
531421213
102656045
797059413
597915107
781105776
737155739
249114337
100114049
214682809
387879672
394689337
418767072
582175027
792115917
348599583
113934263
292610920
378675378
342034044
405472650
29874804
268121980
564103492
620078007
29859111
796681392
733798829
494620086
458528361
561431942
927766123
903860508
662236056
88668694
443564349
108432250
346030134
585620085
832306916
584366535
598300581
690739613
506303393
213335847
875337127
467597732
564418271
549460395
663885531
382596949
163322599
854271204
826257899
559112013
652872371
600619092
390880795
800015510
479570558
828954258
240926696
139932209
659317330
752806710
227589928
142630683
261504183
706623782
482112594
379685525
770887301
122736295
440393931
223809748
784399215
528096499
886838643
441497969
631005237
429668149
755171889
627902702
307874724
171367975
794532925
541647302
283280610
232674777
284472905
214971361
409144464
95394837
352071712
351603087
869175260
305535530
895677453
844258733
132527611
48485424
432339651
858478031
533201278
635915597
183087329
55192017
2246380
796314010
15556203
178728187
473842970
574865301
853941920
179228233
673383567
844057265
628374398
38799433
496327649
165957597
654061872
422003145
771332230
429649878
358582260
187245050
231417274
486854353
873821989
160346156
897670672
398974559
724825043
27734111
144231755
657440339
104286697
372618498
359171968
471480772
301005778
485764411
724985667
923175663
107221175
263814755
309223425
509727475
319000347
842569253
920122629
923072684
403479734
228262824
515322799
583667984
310121499
203145789
408670857
115488860
507786680
801407536
556119536
142311165
841022714
216575414
417815071
880066754
82065591
266354977
410745220
719830212
815560574
53549502
566549099
803094361
847382523
23065305
599516625
449426846
464804055
284563359
814188469
865155145
368180217
745561652
373825446
671070566
873638109
81859417
746743218
207242130
773221714
826491561
807280297
307344800
286756140
717369034
156227564
842528700
27018149
238887801
2229884
839217111
803827389
321025014
914458670
110764930
110037709
72504680
346276238
421358155
222341845
492181753
742658970
892386812
884286666
519412291
164096862
583474169
797787356
79302890
460168764
65531317
321683091
650166997
491714742
863180247
815275268
927807870
404570081
316528011
293422609
289362953
284437533
750709284
726738217
96263085
877268157
182872586
525223941
718879859
579411276
603664546
866330930
643667290
607474975
417910997
927909330
583629900
736645924
559380900
875338311
458560233
226343274
136302825
224690508
291791344
2401413
45360489
320669874
819790167
263636178
524173816
224328487
886950655
747446779
471224490
749947379
226415822
435386832
87330715
484588422
201666395
227987023
539971326
388126104
514152402
890541075
820365260
452063395
585809512
327256414
594555890
6454397
709572218
921706432
313940952
435231046
552915682
137208774
760846593
55146065
182995992
494056363
640281548
76959716
566192212
148475609
582072465
493247768
78443154
389686349
282539969
590965874
831966039
400746253
672321447
741061029
318547556
365683918
695681651
603631152
869722616
121338956
451049658
898581128
931657132
855174595
905098847
521838757
363415356
372307860
263784186
426335303
219584440
761260500
750032738
221684296
595544449
673390900
286646457
507311153
308531331
699055314
742646882
306313284
263207727
747282796
7350915
783830342
838738789
711866706
821000631
575000899
599701631
321757351
673679724
926158472
398091640
385976744
306148313
237214689
798256800
257198325
874978591
349896150
29537087
501495358
359063343
438685584
521708208
337852391
50199334
773029473
209708647
373042534
520203748
530645888
199559744
771930075
71011634
288300765
239119521
429815121
600731602
350095608
840488637
35253345
784289638
846561878
511523058
671353407
501267278
372011603
839156155
199287148
789789736
857636014
712455631
312217193
412573970
314513466
705017070
801477609
865020239
585846805
83395424
11727962
99929226
278869425
723586795
191516880
927076801
121466547
256540393
920733385
222454408
321883220
165670596
161798506
864292507
487592859
507666098
428228753
92115300
146688406
342563191
477150718
303355095
831549716
838492019
697591615
702357828
260668570
347102669
550098507
449863246
164519893
253866443
443774795
769459853
649987617
52863667
230864900
529492790
794776677
648065041
126624658
907593567
403303309
694043649
236050109
570877312
306352668
569465
794061928
867015604
353594885
53984222
224010815
695109310
102051149
24306267
388458175
654764260
321844975
393765846
393246817
449303638
826536665
297074020
874699167
735948347
441366216
907803454
545873848
497109908
474003714
820951339
15823401
38155722
43384249
5259140
69695938
244675338
484614092
764532652
926486524
594536112
811386931
633568261
335173622
865169400
751315400
59360474
350763408
469387027
448319786
753806787
600148894
451669884
180882081
81902196
178531548
801024365
408996882
777567930
172140151
659722980
330676143
374938337
347133515
389526696
602623399
269057486
678604012
306176971
88259433
374802775
489122053
851693299
347816642
589128501
823132998
840468512
509650422
379700385
155578178
487070914
164171381
886740675
864492638
705229067
893773376
694290323
548301199
596488588
599189385
850201983
890674881
255213182
391313855
223991634
91818530
889074558
822832504
734879716
427056511
566974512
718377842
496906392
7636409
63919020
533173985
292321953
262339977
507825464
499101751
282480060
336956504
68351478
831984710
513841452
525410727
900343064
237044056
46374127
210552874
495877682
98667094
388726980
380775321
498300609
73891764
803591243
485558259
480490652
455558630
402691184
87810607
280869483
23798078
874149692
278087059
292315869
922144288
268245057
618003030
50552723
389219525
73957723
636790393
898530900
514846266
597839440
207026312
368604862
489750376
294944074
899230047
90350466
545242806
531659646
696226223
489711259
583555355
652787809
164322713
877316094
753420718
813650358
214791365
754031980
536068814
8066356
247264652
36510453
20914399
350449325
286187860
728829255
267369053
666776910
13112818
622898870
491530874
59609517
804587337
475596155
548947445
241923831
443474083
120034770
859792235
813266660
626612098
158631542
296419089
175675311
355235133
172630893
820035596
489195412
843530468
789788866
737181169
495376814
338950824
481082755
914237205
368904895
836002700
179648281
137292206
177435645
853823260
737314750
180058974
656004470
454377938
223964848
924114532
492135948
451574208
157047207
815637991
616345136
305475043
807065429
474911866
230726907
846658978
676414879
788103668
202239703
771984483
926810446
462560273
463180136
217492855
444756460
425200616
913650030
663756168
849893353
315636009
603415597
93023850
435394856
233352065
299128047
511642846
525974633
584493066
50061211
584706912
152294678
157459572
855931358
22613911
430268001
152765481
9295243
903373854
744418233
422534321
200589076
240352344
793141116
31147426
421707386
887341712
911092901
430435500
264264906
118186183
148922029
24251912
38351359
624187223
257421314
36112781
478799009
422856326
181305055
844308077
651229328
656183407
742053840
8087834
932474176
299157277
594942109
668417457
260894902
742539161
855477791
809389234
584474399
45993047
631474030
905505665
62871831
540282221
198329186
496134663
397079250
709535872
201097146
30312532
408855959
612459562
663236330
144746407
891525351
602777837
84373724
443000546
260663157
804820336
663188810
284006494
549572461
86685888
692533939
548101171
659996971
464071229
801084940
874108083
366675952
670704589
775539222
536752892
466630034
816310139
362075202
377244984
594675567
456370493
203736430
137198662
191291577
567790679
529499575
745354563
207315887
282329415
722671546
219654798
481618849
553467236
523166018
712628214
776332319
897798327
384171607
776149757
627563053
124230260
275524112
890861396
225374666
913689190
460314346
892603933
666021730
792701429
634666430
310514944
32475310
360434804
609349034
595165843
647096272
247513583
195612475
443030182
389740208
550057114
208272604
86757872
297742505
880387118
445955496
18588512
500257280
818417443
848828493
775222874
740277414
205324895
704483364
839164877
517028602
191635980
865260111
731605922
456812892
838128904
676383369
736314602
399297242
187980731
154815434
757387262
772267884
62874002
428598678
932361813
856115064
141088880
665904510
152785759
747205915
508598265
219168725
768657688
379073707
522775406
778543379
532186426
446489795
4635900
570394884
304905870
702667232
715101488
75157677
241777734
210875760
509749630
518719515
872649818
338835880
681088740
299565943
219464717
721293744
533064712
886660351
618231910
629705355
643173849
164747794
525162057
912139358
897316332
674611797
693717057
923865645
809369276
298909880
632548432
358623686
90941562
873414253
569011755
844708649
731195899
272317199
554720727
909148167
547834052
102839404
378976626
24842381
649309851
268182413
432233275
84394799
872515662
823727848
918128015
12909657
829741325
826610149
253543950
348504740
142493263
120590730
15958063
706196467
573265135
838444948
593360695
597211747
807339567
895448878
459908087
128842297
476190885
403341456
699369144
297135917
22310494
622418975
325986794
830404552
610060502
685717499
488849881
505754023
365514880
316838203
643376181
32130287
16362893
915018165
212130329
620179416
708594838
470891437
210359137
926695188
75897643
546487956
882756581
182038662
874910881
339088753
854455325
683485103
622645591
739084604
296507658
229455195
19044940
285563444
666588775
496213405
838877039
124858420
223670442
358564821
170905533
930931252
101388851
346884811
565582012
79725498
351141393
370379817
251425150
872612596
632012583
468205456
264576678
554227073
14092075
512039653
275743762
926293412
2459165
71889710
714883693
570479119
482121427
464384367
417978327
2526977
14305399
214435349
493727033
133168756
589393253
614976513
641411586
715840908
672487994
867326100
778496978
134528705
187619454
401038124
100078879
612357248
540117164
790494260
835542630
80799072
596845222
320238522
374119614
735789866
634508384
801294908
58541162
733427387
70409101
634445991
569434918
705855453
723467202
737940853
21742176
853255718
204411778
705639836
661540454
829567541
38001144
887246407
404232992
849513364
33502413
872216373
736680461
467107331
815723477
773088265
634573738
301166478
18820043
823815791
187725311
277768635
695628934
703957286
194898718
45926946
301150872
913024240
322993727
606092378
25310191
713935064
149297015
296256468
896033961
393238894
711523772
480988453
433584730
102895785
778041446
284529425
72409157
618911651
235386321
512123261
685238065
453544119
268721655
216248484
845779618
366383303
806218455
690504220
724940126
929089255
340703432
448166148
27332548
191553900
119798194
374693438
238270935
32397151
801593022
635019599
35639595
6295504
304814720
436927781
364955226
249727091
678991340
250029556
842542138
230907179
330542522
641366855
398070600
429398108
641662603
226905516
113884551
272354673
641669683
733779727
711699133
663494410
673689128
557556789
842633091
579053759
791684162
443176832
465717493
796108574
369061493
451560159
784135582
892241979
783456642
409606521
147351978
514580056
685621214
550747194
662811780
801933519
375442388
453747351
374902642
221094425
831882867
675381508
631090929
176513735
341029986
924903859
223156332
317032783
644166644
513971963
758862305
472816990
787031815
613070041
616606527
746507161
281962075
134385964
647112949
117933642
379069717
894473876
439304296
132385154
652338369
344014707
329355885
915076598
24534818
827520830
187245136
132377847
299964060
77682558
918467321
171312663
13025156
730660486
578457272
528614919
359719950
211405304
643087487
691669552
47222330
584724674
674527082
242908577
556388778
662941718
704312472
534339661
456623640
2791293
501458074
730090605
408849284
530699630
755838594
647509355
97070128
618255980
749836291
342555412
689601191
833109628
455759180
896689673
112875589
207912916
568168423
183031307
302562718
97604333
512121360
754307384
814756587
498533318
619458784
488039102
545219567
202020123
671841440
413187661
281916150
903834338
155865918
848327017
197255496
419596778
562828087
705365976
610566922
141583056
442303591
30075059
766288003
713332774
478048536
338584726
691179806
535607917
358498945
193055499
366522956
728865509
878351275
384461417
827097083
389902092
493481418
772668332
871136201
504792981
827427883
923701989
98746525
118611397
32455504
233305058
170272135
441016583
779150343
50466538
544471046
86343166
43385828
854646518
420184455
835266401
446408820
309538728
189983036
49397659
108334919
597229933
900481806
430320095
217237705
200321266
469478679
18880462
771356014
399028817
443983681
76186930
582041034
352324276
437388508
710330502
496540592
475856976
103151944
399951341
724821769
544657332
755033493
175567919
560492128
857289064
254253659
71109333
354142743
853498320
29029883
670874110
65435731
756509161
593582957
6646882
620467107
132128043
296787100
340138314
475321732
816969379
546865902
728801184
642344089
377323738
124683861
82908943
86075639
786705281
373774575
154071128
445299706
786325241
206030522
150840250
438355576
690324581
871883746
356884073
751232502
917298238
922440564
265711532
616712126
839473920
605576700
328866874
168832148
424492277
887272440
170901355
789067940
312288887
928782909
454837731
615872521
42232399
185824283
171680822
458492296
706761721
70839328
931370715
905539900
346639888
532286683
930886250
202032686
335030835
400266168
653763092
304020384
102143338
818128682
592324617
395991966
239018590
173390360
812690310
889080774
348951730
351839355
778348160
127270929
212174136
454387853
491620036
124392954
716121486
324394074
191182671
474406603
620045901
539618477
291966085
243086702
506654404
581543805
929418804
248452496
500318776
710305161
658686700
206824691
237559318
589237992
169928525
868267129
201632007
209789628
87292273
877912139
545948797
714068939
643915208
22525431
601182477
422870651
258140133
668198427
570920044
708914242
651238319
838270163
319118602
580078448
877483466
695655545
358827615
791016174
901348908
614610787
157300642
209226948
92945842
348604738
380598929
86753667
599598491
896558522
867600485
228189588
901656366
252340731
126443178
388717241
843266184
922566351
848314423
309240908
914765557
376039716
775521476
270255814
243736978
497428044
77817363
707542070
158729041
891958495
189419650
97275503
487520721
193976807
843427500
576440217
329409582
295542116
910917088
552334316
439118779
179330929
546134739
920993659
383400756
457040720
777885450
257129018
305798518
127590035
845044031
340991609
904814464
474473961
388175592
443780779
723681466
871562015
746765992
478773044
561485788
219127264
410002516
6226586
177704366
235936604
235617463
836005309
623202227
50611228
140268475
469790882
672075757
205632189
350968339
546733143
832326351
459504803
168323336
635251589
512255466
142165976
877181500
636217760
507062962
329408785
108128260
594081203
155241587
610571823
245842286
513404096
67894243
27788757
736580976
116823433
141129278
199499072
188529008
678073388
166059797
183841022
594001875
254030218
462772381
683438559
727748733
589095353
583401486
291828391
821017803
740881273
144786460
243250518
88897444
791263546
61689781
178353135
575080977
457445168
609203015
94746786
337759123
542714064
539695074
68260115
273367752
72704787
277349766
688588320
434067215
390917660
638778797
228253617
771007058
836058029
676172441
679937691
355259229
155113299
343311662
524990364
777000256
319035675
301483814
326398221
250618413
581194386
682383048
923022753
311511439
840265860
175049461
437407076
758627147
223906219
639243214
212687987
677640815
267222375
502830861
503291644
329255539
843366519
586423451
287509737
174712804
384708267
74473079
453570569
346139543
665411115
163124776
358624553
602907090
400124485
226276776
110049949
589551000
459519812
560974260
50893687
148557014
835987661
543824681
147417148
485162575
143076253
197500709
574261537
18617444
927713874
730765939
716048267
559693447
842777607
199377514
396137768
761789934
8689387
140611849
173858451
882362572
234486018
371014721
99121873
825821923
535773451
332191939
306806200
625018855
370538479
918376407
625351104
628484566
245851596
694923631
626856461
718956837
239253296
810468449
199422568
433516652
902341518
410172437
399600666
443772587
164786602
615698766
727190895
601786673
202387227
509905267
302158162
166086294
217532015
747520765
616749642
177093279
81601159
415738918
578524153
480754902
507585175
534715703
579041859
554417207
152208140
389064726
220065753
296098807
776372475
103826766
61185315
519154947
180195265
377764261
116746204
789650225
524616064
504804122
803209850
678296861
303052930
385059397
206028021
740542115
825603997
505780874
809436681
849323131
724355306
256181598
335296408
171577265
441533223
378190047
714322517
305130474
134002590
895498579
453833902
245648549
564785403
16064234
425866023
125538782
47005938
102862752
385251626
423339072
111815852
271241818
615180306
461603536
711451356
169391169
374958923
543084573
783273578
123423564
284348915
665079499
509831233
452162099
369575998
510034208
705106316
742270584
410266956
893286549
475167343
595731674
393818374
20499203
650330349
196904024
736720157
42132259
929168312
114399545
393085809
81279129
864888432
918068178
190096170
604026985
896987746
850749771
375895124
41978596
392538737
849535639
881311793
20443161
73771158
866586747
107717551
846034079
571572808
694297300
608966439
81260277
527952237
164177942
49853095
590008044
828732187
925462507
59036324
179716222
35920300
175425986
863325042
295920699
46059019
77622267
799579618
159908325
726872989
180786441
315650060
675145566
288823878
1838382
663975428
179852082
82214631
766972647
343079757
840044318
466491461
280949511
321268941
520655820
236329195
419131470
88166219
673976236
263059106
247478284
24445100
410478603
830852565
234861773
645918418
360690817
156054132
136999095
490041208
304691911
811032517
371491944
766195055
22407554
113194105
480522868
590267832
759877217
857147528
20769194
782802706
593949915
696501373
36647606
38835417
661110014
722187054
296775985
430006622
439589572
913098515
504172408
446527972
790825335
549651331
397063790
283928838
224007519
568147457
159206906
654315217
470541889
403356872
463597166
126468928
708805869
531973311
72230167
432673317
736666226
440457191
300675283
795095843
303759692
262867121
23599180
768553331
575309235
724879216
288147892
468915255
854552752
325487168
397837210
311521295
722756410
724933667
739619698
205696783
70739726
922720117
510518284
52890532
575286940
888334359
288176366
491417122
22414642
259032127
26765244
31327360
114607572
4678447
769719443
681156645
20869811
519349849
698383617
741315149
307135067
610362524
57216537
530147097
865451297
442267130
691986237
23251494
584180358
119186142
881307697
155429128
708584750
435030652
798376451
241224939
845459608
557487269
208800309
207398281
449691117
344016154
593093508
800886114
423168894
30234865
308050662
132447326
704704992
382526376
349336539
433387658
687704883
135996736
912659415
624316988
383027484
553323291
332523746
382944606
337714579
24960159
706688851
381160593
552331381
253992801
15083250
538767437
239496106
384781957
442454841
662599781
537000530
57612223
644851009
317283783
417627579
311631324
855667938
593453715
749814923
858447961
333808132
281808110
441691628
367315057
58454255
839704770
180962913
749164918
495490762
70100208
666534234
699974398
840706847
280607650
148219407
392769937
753348947
716548831
180738817
461450163
378401243
765837847
223104189
211012066
930265155
373294438
43048230
500578434
415007149
277027595
438078335
815778440
8405614
579204175
622041793
668103461
659689109
2910961
136939945
305919396
455414589
337874068
717528564
699083630
656114814
698206175
466861063
13959764
812214356
3956589
242382279
354701672
616944898
459470935
237901529
354909863
669783982
467282957
212039590
509527753
223163901
670654885
775655888
567989845
744387308
264874585
219544046
324847243
871351700
307608855
319836447
562825353
704193378
530187559
863233186
255741966
426836115
222937030
358809476
833845370
824933684
252957289
138756784
297557475
300323382
126866178
280126878
709632881
693404974
557849255
628046892
310195367
50197648
184405113
703681213
301234942
790214217
822126633
840108400
281982424
373378437
374442873
498331342
592856103
865922004
370376259
729712707
407153150
597938205
133931784
67925338
764682251
340253773
773816245
135433306
479331615
415605963
443233489
260699307
798850456
82256109
573369480
526873903
684650849
738435223
687385913
703567085
532577326
746232352
89714886
180069275
258341504
873371988
40457414
408349925
840481034
280733867
725987579
535182749
600612009
895830120
438559647
286659611
782693208
604963331
674662722
792798934
230436109
686137925
817460529
721522979
107842318
128060491
660553590
404052232
38856988
96285155
350197872
353477054
912346376
183869594
53065445
18733065
344455329
509246921
868495772
322149130
114249210
288298140
601791660
909103494
154428025
197055327
514170929
831049233
597080917
866131679
604070561
907650382
75864238
901799469
439186041
221666035
666918731
440258248
428538860
62385643
443262773
135164931
904137314
29934165
75946407
560714071
141942502
716299315
542057632
249145267
364256078
241973499
48820775
847696438
138696
913296473
77516145
611453456
536963187
108864202
903827267
6294056
280527311
325095079
209300754
705260338
139217914
482944121
337244186
907371824
625164702
108434821
829086488
301245112
408581134
879754542
888090640
295979700
712088012
33957624
529036096
696614459
301890847
581486915
199953303
51358160
789816655
735703299
631082939
351491604
124371092
514334700
579011861
313989378
557392953
215084540
920728752
140408455
27766021
602871811
811001015
879610132
85040127
234823963
837312026
889846524
671742114
689770872
71394498
193688286
110220933
56216337
130002215
624390604
861491328
668748270
718757534
812811669
686324860
241277056
586924161
427170336
866980633
91699239
403463293
817429888
128709001
310325313
860885703
462545612
607207866
207016569
416798803
256908084
146685315
278338931
922649489
893082725
440329233
749031672
438303517
778311483
87720544
192934140
626185664
63916605
882656499
654853132
574299128
821568871
612907061
796958324
639311811
596769134
307459846
687205930
406881237
502339401
892215998
660933625
303172913
752662062
259602290
818403043
18870296
724420970
802681832
318417159
891398895
916399900
165151901
552858808
511677525
826115626
875677626
31648282
773851386
710721016
767768440
145003056
228298120
808492900
56531767
892603197
822748926
404256491
436778355
599419838
810335390
429873611
355552601
453451309
204077189
399839686
396376845
850317725
504741402
198231000
760315998
428534000
923749050
365492581
564698205
330173249
40048577
218003584
753814393
349207415
758055953
351637665
881806661
715208761
33081283
725645940
105357568
168803481
602404279
270032500
145929474
458102668
752608658
737342024
427286748
802550466
341258710
784732524
16780807
693528081
369492599
837336045
159063152
539697627
433631518
255125872
886882498
171185434
181406017
846697568
902967446
286617383
109936960
404082211
283526760
886697525
479975360
741129876
571268966
539447248
798149310
680779575
283142756
96669625
519141473
750416463
187080765
912798382
128651356
927741703
606047138
772201617
392766251
259426540
34266235
658251949
672889245
194764883
101647097
684606577
575323080
304945256
783319667
146669672
454263533
112703019
660284092
323636582
819517384
386590781
881947985
328833063
463523055
623070108
96310503
542443454
151392782
914211689
514472111
922246557
791556464
702863218
666824718
296288964
349908524
668846483
758043000
493338752
645337081
933026931
221403833
315953639
856544735
466613789
291495816
431690712
380421689
437491560
198766103
684437578
167603836
521004923
487951006
410593738
888308771
281345007
893703286
510249209
920202063
779335221
878184855
152975870
670162044
261781651
523103916
505404425
820614082
777583092
819946188
98138343
134566015
773065145
720200911
424356825
538093882
728795903
93074806
44964334
92564694
432999941
887727174
769913915
65035428
719126118
457625867
791095251
673286105
767879405
457862057
566156869
318864376
740327641
399507552
681558004
297318372
834214820
675221587
495138905
84468871
373571346
848107879
152726953
514500606
532205356
584773326
222450241
308013667
570875051
607071480
558584436
611275424
836988201
177641124
559654071
507176299
325875667
847179722
131079230
524021873
424318424
382966338
742027730
634648874
179249586
96388504
341481712
457030290
358234911
766142638
43074430
301173051
496353421
649678739
529031338
119036870
438346543
13543876
641814243
241940964
356792929
712467740
888198768
511044063
556553897
86476731
877449219
164878103
861746709
883979511
731389203
34172325
255532405
651007931
301679801
671965666
742523794
170366533
209375494
701642556
341508997
638607855
454283989
718091623
503018713
921904591
824781142
659186858
543284142
15550362
222225554
581804052
303526595
731557608
249772458
310190168
390826944
930891121
881876991
541795741
321319940
313048761
49608889
660091978
456269978
820433900
441799064
518110445
336628285
18109018
556206823
398643392
276210549
148702962
3459554
667322785
187204517
630338653
312210429
868365559
42992680
199801876
822408511
456534488
680303845
485908103
839423015
928471145
888624854
32166211
784834856
357242473
516877411
36573763
200296742
595574389
469483603
215787421
383473471
405726756
338856195
337939110
852744902
334837683
270205724
118035464
160104017
174451524
621936954
64590477
717607112
533982468
612740466
37179860
871147545
516361494
292895902
125506473
921269432
436726420
106946382
231413172
901214789
756634694
19785747
699399891
25106253
490793270
458390094
777675455
464105310
754681811
315109721
854578329
407143343
193326472
918824406
658747321
301399924
694514757
556032084
753271875
46649228
352393611
146875932
273791793
912503288
338591210
115490365
183605194
800981704
901252062
528255348
214161628
40159377
827395078
55814883
803584231
96394251
349993499
180235522
92827772
14340402
513978185
524001251
445150123
594098056
195487699
169515719
683954159
461420090
19903560
786124697
779563963
928795007
608598340
324518849
875178697
605453168
97889871
293130184
603052163
599091693
863797865
397279678
778505768
94305368
670171009
549164315
741169428
579380406
304627541
203070258
615139811
753100676
394334198
594371947
815627800
67882808
258872588
913328785
236433939
730260843
14224909
36365604
791198537
720538374
391607174
718300070
479554522
240614402
817220698
865904
802436607
726945577
208339851
679437792
643306099
776547085
100585838
219686371
289260417
50650426
303722446
658788674
271880207
224014244
50271572
13857381
273847659
367120822
690052478
197268697
279490336
622661716
630154241
334425892
657370612
469545661
849823304
780232603
774993438
365148600
277645680
537091772
800186747
479316771
190401537
339239617
825188840
685858248
444038553
475166192
843193171
595735249
317640575
711018574
614378135
67190958
309502562
699575466
317207265
355605066
851408851
713448854
856907289
326797587
619015353
218270226
497035937
189785989
654357475
535798957
268812050
41295365
739896172
263355034
245412940
923219834
485570131
871128650
810254778
624547694
468713731
188590250
290500327
522198268
533711840
333880891
532337410
9419451
719321986
855597775
145023700
110451437
924722228
725193186
307803150
275199091
845024711
527346829
797158877
180544168
511902675
243405258
136045984
450572541
196157392
74619831
455707783
454144741
727575820
495550829
719635674
125279103
616051738
181130807
216164661
208363091
576621591
592241830
126718858
326203007
379103152
466790390
870312326
250005353
543847702
259853103
218149563
158668477
589192417
346872339
143666761
65437663
593780947
815242885
672809681
342495617
499654931
300347520
789029874
448854580
900805731
698960626
525745504
627568713
793318917
928716504
508985148
115301382
880434996
362657286
842098549
479589404
350968073
390698431
453737074
24269818
674443745
615905895
909382275
169153532
182729337
528934927
499420850
375499124
361159013
451269055
903374378
469903418
234579100
158506175
352640123
331713937
144023677
808863389
440318419
509662616
849220539
793393042
411289167
699618611
769994792
855246798
46763592
271779272
888425384
712527148
317102835
58082873
170138364
49445380
652774471
385229823
210971758
83859856
730572486
89896867
356267823
557320670
516697787
584077818
689310227
878759175
76565302
500022187
550404939
95926851
570471779
487666509
412405833
674844190
7631102
184354883
19176025
461127370
842501963
349323944
314520834
575063272
546507142
148610123
787440434
196606411
702898009
154486753
205824830
543567094
426391080
759473281
909393653
646866848
4550702
241805663
124203298
829560038
254645051
270970298
715187357
562265794
707956145
849951850
383254418
563706592
677036969
423666560
271778420
535043241
662573370
72609512
147218386
433611813
425659581
332756127
826252398
485334472
207495538
795371356
226038516
744588547
57863604
96801448
924575882
70248360
258594818
171349817
627637709
598917766
21644278
853921476
691508436
828034572
517177766
775798164
140456331
448594750
889977903
186373989
350295950
738691664
495934090
529272225
415024478
195890532
522066981
847569167
588949801
492188812
312522326
379509022
685157411
660883209
786420383
193305885
379961884
606441096
777325228
224485499
802815282
353329451
683480507
95407695
314040444
176094237
825020870
247155515
40380073
712603954
552171423
193892899
214688439
1810700
39068148
819194409
903676851
677337097
645167674
278831322
196283474
628462313
20060464
468941472
228776448
611113632
28550217
495850343
165774392
213613747
455104090
519499703
370132755
35093423
183844446
273547978
787861735
354631113
117276686
402531155
666849472
351156407
827081411
568354061
204073513
554337559
458254852
325244805
125749696
859865919
821873171
280615928
500414722
311144022
180935418
893701259
461011629
253778533
284273421
7661251
422279864
561107091
764884277
582653697
815465267
8694560
891446368
390673296
718752088
421414232
667255131
813797141
103661558
212389267
522718954
766708779
152038362
576586426
383300646
917054684
296898132
52934805
461566312
349475443
63226912
676351402
272196383
354723252
1824633
30556829
921456348
729463413
861636923
320767863
287439027
888988483
638305701
409932328
449322277
817549721
306731559
858823998
78129555
304425728
513620497
821841999
455767468
450179098
93467674
35386221
199898678
10946281
470934630
470181182
416685548
803500593
298604993
804013000
447607245
174272780
137748833
254810754
18525574
159754568
401085622
830035569
245855874
55092290
191936980
75389272
173321030
910526965
313826988
893334258
89631066
713879722
31407649
355919899
405196522
684914447
33300820
580475425
631852834
396852741
104575298
736128485
833006145
787303538
466202308
741412810
111430573
151133777
913513994
92024597
748024933
114585540
673828517
516907262
903293211
625310496
312443214
614113218
733286885
449530298
158063605
103136261
367312122
32545611
266650340
109954755
451955303
593677308
730613848
112001651
114248042
116819653
200950650
338912339
285266410
822431411
80644658
487744404
99244542
315524222
642212721
65214314
325859749
497274287
175906192
479527536
779584434
605239478
506243986
67426625
554534071
177875433
744120048
348481370
700411438
758440738
910104988
560284661
772112521
729240246
173680012
650120663
302515149
857995232
317265883
322940709
855026897
10442733
78940395
106962386
166300343
40053005
393706430
828109107
144885163
758694661
397233377
830666977
99492057
641737766
772866124
15837860
495453007
771949369
560162606
779636935
735500155
439506050
66136505
489497246
459347697
163719762
803070416
476680000
383535388
645519962
919952971
568865855
861996552
513105322
478009227
243326699
909129544
853494910
82517381
329571745
699465487
510463872
289013789
108012187
341236321
37561565
604985998
169862257
564826021
186894541
217861127
658391391
350233866
739465451
172959082
900619350
625479612
67702879
566745932
280694681
156402415
882474374
919554214
373415769
801925159
646728722
638930824
487483012
907284522
396219775
265319945
92744534
421864353
224374756
361654630
420861467
820328613
924341798
366630660
333267970
579046207
919159983
544310412
929556270
93600786
370332985
824890980
259035886
337531403
146194677
339254421
794941949
432483041
553082436
415033842
501901456
330482773
683548388
580235787
114872978
913609174
326210681
875881622
523870815
126228326
129808069
677664207
260587730
103862754
782380071
202885321
564498314
836410357
774242075
893920098
732662879
912765178
398341128
625170746
113554440
534253068
893883318
17896704
66049967
821922481
162249828
263567578
898279533
670223900
601730463
158791785
7374255
229700137
145815956
122178209
557484731
460934274
833187416
161764352
228929072
325791265
797383134
677784958
550764131
226316812
603925323
103401051
860903025
480587947
468986404
923047106
850973320
637058642
177488099
186007661
516737781
337089165
384908085
388970240
597168606
80302469
579749701
542393942
849591537
479825860
164197433
771568472
318516565
573299948
8220154
108798661
552199920
209463223
717328818
915091217
383680318
191820325
853034558
813856147
772054660
863868847
51243773
576921098
37130939
153546843
358422117
732484166
486675212
388513777
72389501
760577812
627012270
179097880
613683430
55396411
817877684
295780745
473828310
208543993
838164989
806290257
375299756
453565629
416775704
833930628
299060820
685413208
731234849
590856592
152599948
231707196
437940605
117407801
277101681
112879705
586597468
271039472
618843524
344476741
33042360
420301614
37110287
695777819
526250711
886616905
27844623
592013875
731719201
226895945
361586009
694268432
679217364
28855407
633335682
448809383
309714431
181807485
458556468
786842265
640380963
612878488
298465832
51652045
309667088
172945118
189428927
583695342
219816675
155249771
892143688
433451911
460428696
581696200
47979955
632486308
698740274
133590623
752662975
744593965
905140124
600284690
188555088
788995953
629975102
204534046
533189554
796826545
930166104
250537057
129820911
440088310
581525740
694394742
882886190
830516992
306685582
814651789
913472764
908420898
564778259
510524306
833768702
191713200
532085251
746199974
113460867
615906934
311095180
437451332
282053202
509980034
865886826
412878985
48463071
746378569
89783399
133672449
803961568
252513908
597852761
831498188
133704816
445779764
349698241
272614848
919894953
456933484
300611122
795625265
731132722
237958121
763224439
595230852
335552578
461733611
611631973
575394942
920004363
647550141
846567900
387577197
338808801
850970461
458830223
214522586
756003097
196982914
407678779
691786573
305478120
169136088
581093128
244871376
651763176
760970196
210441814
237110117
648338964
286457107
557649566
425662044
302099992
467404868
39737617
382102427
865733446
390664480
275361702
430312025
371836437
713207773
680349872
60491700
432134868
561302703
673851636
318881255
100478147
704165536
889128515
793992873
53886063
427567319
870952902
430206417
115718291
816610433
99640337
150066912
249660297
190529339
885559029
751274925
154611915
175699826
336867077
811129668
178369237
521960941
834663643
299150412
159960781
489001777
562455658
628931422
828814992
77446258
745531474
348069211
210207491
925800250
115960658
715530698
691897614
582406182
862244606
713851082
590448801
101182331
195578237
796299709
518819052
488551682
166323518
33560516
800824320
470999009
252742805
880757553
560739591
605810706
684436036
238980376
876180906
380189825
851569013
318391580
499624874
251103738
918435722
711086584
35734597
378417449
662240053
743910183
469240115
457780494
280187289
777213496
249942251
230120513
552551841
731254366
456367618
106129783
499779120
139230286
182801868
590917068
508071428
242704428
228910950
87120652
851348351
223622896
193094792
155748712
30085363
662302532
452415274
117695772
306978049
731584393
909828906
398221106
427387487
424885760
799345167
363689821
75573944
100132658
511094325
239951029
352807234
572972349
567693000
868821574
603169817
818210970
764304234
814488416
2429903
432289164
180762951
317935669
558439919
692005590
247291239
434409520
94527664
536070045
449564095
126130210
280195769
229053686
761028454
590660866
442059138
624303273
772213796
784702865
466771955
822678992
779675701
528719827
669876886
156034503
328541803
85486781
854472053
386366143
706513935
154590458
814260485
531176372
466644020
586853116
377625509
752472473
810247951
253348504
682400513
778585059
638138746
439447099
809637828
731022765
263944104
746053846
780961352
900754796
509716424
123085517
810219679
412812466
784820061
157510623
550304005
672934400
408257224
296388999
598434901
117168503
485281314
383033357
711655210
106797282
547181556
206607899
729899898
650957218
218835559
620534696
98365556
493409107
92916320
861151471
71221117
844859130
76054521
639148205
25747793
872378458
270151578
664412935
819514033
631504958
2010579
158263333
59544589
603010818
53201040
115676388
19408427
513190912
894892725
309760387
366056744
380149870
717281203
296994618
193568767
498003543
342766982
265718823
185580398
124889050
785467508
697422185
458874155
709741633
407769920
915679555
458897970
441227880
909452310
188155806
280887333
835901318
437097685
23412362
229634699
470346226
727039028
280393073
378325297
835989599
883618644
663223375
645010206
544670215
857304800
799857309
759458113
1850853
211581092
574619966
590370738
406756655
496510323
130424837
82842054
4772255
11476927
79582107
96592711
444347064
925817247
746257171
495800913
363478285
98915226
624341521
736264669
387772229
680382180
42775847
699853912
373094711
137895294
594696770
23026370
865787612
509086279
14127521
479376132
212485634
539087368
323853746
544391604
281289781
688233965
358398809
594172586
904080533
518195478
781330323
571298267
731581070
612333574
112899702
247777917
87002142
606038431
714871161
755934649
802076756
319975655
755718614
205086050
639174506
583941683
213369165
164603406
263126741
280834810
72434437
783595243
762685788
908342211
72084550
51137058
64618362
442267167
458482757
327558872
490668776
119661998
579473656
413254908
918011050
588022713
109621390
612869949
770081159
571779520
835562478
41584470
400616120
349168069
604454478
710874017
126777887
46228235
659545505
662183499
651644626
895887343
415094438
530866051
313326433
104519577
797794048
247102006
237414476
771167029
262786828
495732348
27208518
683960144
163758254
547154420
738371396
862836631
806241448
826956988
551650797
641057025
600347277
578066478
389063829
571723254
909764485
74268231
736965466
346619286
824648043
414392205
389043818
94466576
601288627
289683497
741643691
623740375
115783631
852834003
356932998
75252826
2848099
557042575
621047804
224348750
879296946
886232339
682441424
275490297
335362736
107274666
741280813
592003487
271890255
923374797
176529426
790070522
156510358
804690353
121928646
858456462
55051052
410611545
909759284
175661490
303881505
505799746
566154657
289508566
517417955
171593791
64670512
895883876
909686824
386383184
624224142
315480108
128668681
631130550
559045587
843015828
807214666
106209012
457209825
230190362
224263079
508511251
343902122
255265112
454221131
876098382
770141606
309165473
277342751
496477895
137700658
15012531
153243164
119628809
932113492
486250849
927932599
343759076
215577547
30468964
928408510
143540548
923053923
699451443
413332391
653028379
351038377
44470092
299762926
316074606
246023775
8844473
202725859
49435687
528555024
791371686
619721726
618185912
885709164
427967335
591501531
712697314
625972315
340206504
103359548
133908338
637859202
460275570
90912232
151544080
647881490
516523880
870416627
104468216
32420815
795981283
122820297
97196095
409699628
77260596
904651858
615891013
31828491
351432313
129796331
858744065
298078302
380732423
151010413
396558756
197423879
837525045
317156015
568907769
88291814
141154708
268277891
779442122
414712938
664341348
786787653
241732398
898860981
929759046
148948444
126662488
406298160
533724913
456097369
538041765
641997130
551032488
478660796
864751581
853454143
773648850
142232644
24309585
161400794
69385466
495575992
516995145
129294965
661628744
415924441
517261132
239095230
664346038
547782475
836844758
314245442
210407522
716746019
110292521
176521211
475799362
254890041
309491668
573240652
74231316
465463739
404877649
734894980
587463682
246198799
794769055
488110497
238902630
914783624
903188599
626826919
58611699
766759847
172819924
373469695
625754471
249271846
94063589
771438628
787128481
633833230
237911299
730800193
869348250
545138478
74098560
510314240
872223426
423942393
632680777
266097200
334474929
311578836
373535837
522817107
448944306
266330087
370671916
321985926
444500740
420378865
548975748
832700155
265267901
488129079
372373856
143896
178697843
476403589
821731046
436638534
282334342
369963709
341819252
266797158
898180940
220152221
773989967
571934267
629938613
53456633
106492109
794779638
576614636
129075891
696475506
336584756
205194053
802137353
79905517
621577804
655951572
533304438
34870697
381176460
931718013
380355039
771630782
162300254
610876770
603415879
493863633
358927524
67987013
160964633
659009525
372569728
505245809
845702220
831842183
799247224
646090588
439971687
245530076
487518652
700342654
152465505
102560311
400840263
5186038
702476548
453443341
889865192
318798594
447302764
150258692
888544354
132395106
182493630
451307769
635180679
634453916
799768317
858945499
18100044
37354576
872959674
117032458
575190066
787013820
28116083
456062644
603172929
243173061
558267033
658945054
593036446
58385301
618392054
921795892
26279073
125093467
693159618
417802542
851240984
443224109
807991283
24774319
144342184
452669942
489705331
408670918
769618850
544617634
172461966
725843550
83101102
138642923
773183024
392929420
668997156
771648422
506127099
149894640
760431063
95737899
169418093
104234012
260708585
257571635
911740177
37844141
869745580
340784527
788810861
588877110
726957132
639478374
88236288
41982459
702132794
863295395
704297059
647698408
623227666
589730063
395445589
354398191
678587075
253891330
229082810
551058939
645364320
659879312
517888124
283113316
535587994
826086037
782897738
931495732
590437175
626576031
622747355
682781235
858301308
568104852
175123870
888932648
601112543
392495193
762688585
81937844
838654969
254209410
193441531
889133791
652200852
410286386
51897722
329104941
882329221
634554668
813704997
311276751
720622007
881652151
228962725
450121040
519583282
356304737
356354451
338733064
911168339
907460383
520775704
727565741
295559468
792093007
164863748
921633510
499897929
478708595
911592513
257270737
117316257
84095531
194211544
93440833
676821761
500705740
264151014
220127967
704974502
106361997
516089705
816407810
387586629
203376857
630716761
473704102
527819842
200395343
231606467
446766903
844257059
257347660
455267388
95419327
87260532
174913229
490898004
760057104
808036664
408244604
558207393
781375053
295936162
776392318
14903956
327390955
594367694
356889951
385131979
719385896
439102475
165345777
159795360
148901675
379666377
19233429
220988566
724390056
333173160
663180456
182213495
722079478
505755173
910784412
874708058
345216102
244006219
186284307
609303269
444971176
742233982
762634
362439898
906987418
93871750
478191218
856921332
431872402
530705877
108466748
363644535
454148020
423304565
694753854
106971339
730220271
251201428
128437217
103546442
459968237
682833642
857416336
169897104
853358269
335117471
70903263
687871917
85039113
816652817
557488444
894298790
428610629
873702641
189415364
392636351
44905150
828852059
710123148
575800129
852109184
821485736
885179564
747993066
604450937
757712177
733999478
796976577
42245563
869451615
48189755
754054671
265042331
324465231
925659621
13651759
165111436
355214873
442100597
825528201
709903095
850593730
690147501
750337062
572738390
811425828
656579682
675511162
748526384
652585248
251958979
472919271
679497066
778897476
708278758
77040076
110365109
43502780
36805961
925203990
413951337
579767451
321812397
7644814
866047174
582971821
68733952
865190831
90336796
685717807
440734281
435361592
604948202
729883753
633644147
359565052
448910807
626480140
195167193
64484032
238456386
883940539
400418212
553196972
472227025
40665933
679255635
880566093
792383858
620821296
9105508
235535463
310300095
429839574
52762503
376761896
14310944
259467529
214895095
648815919
660186689
825482702
589844958
772347399
881142226
594088908
895862761
489027505
767605640
147052436
276494892
249429122
384179639
251909855
500596779
82596690
803849094
514641526
172242980
495277242
453919406
355158906
415283546
599969266
318074451
440095198
95476800
545339156
642058826
152061034
849407792
801965373
159727617
216408075
126897613
19477951
498688025
618773041
760580881
870434581
738017977
863827020
913498695
492131985
720738292
593383853
281016254
787406162
672304675
718987903
311504641
158134066
189578664
576148072
663897831
103912668
571215471
73943178
434775990
426917217
77391801
514661978
252834946
233533051
312843946
812591231
559274904
488977038
347274091
79345439
267011930
375965376
320512315
680377583
682303665
534942125
770429744
593324151
874478147
843089557
447680506
521262431
664402888
419059506
702115618
342026258
509533362
63353127
83055832
312895171
68643862
849826640
863284054
503464714
613777607
927901396
59321367
613112076
918038545
240378202
433793431
273688491
750529944
1152920
578829110
803270609
356031491
320299781
343096487
764704196
572426122
543259545
480586095
509253737
223596752
388510001
778530063
580278257
212507879
907610841
474853320
723897960
248949847
20678568
452121852
65964655
699170613
178538967
664143751
444656374
46372577
482643859
739936473
929743613
837812500
442739039
612839550
555900466
437125354
241489393
302277471
378518870
45288084
629368464
883588031
672173652
328464982
425317798
90397019
403418580
774068068
142512386
615486449
502284869
65911173
839052999
783150703
137615184
397573923
310739058
405740983
271424182
489228005
885347469
624185591
238665521
88978191
306783177
405756431
364790816
421263328
460985278
555681765
781627291
840440672
271063014
487565864
552762488
270300375
290157242
81124243
218748893
350146144
747718033
359391810
494619564
336723630
346684344
482991082
314154916
275619406
732370040
754942248
414172279
321569280
853953381
487164802
68218
356735710
832541673
912400139
2608006
845688421
185036066
619744166
197300686
228852331
16325380
18576642
576474631
918876430
109292601
201690100
420539879
162677783
743000980
281348088
815884250
443515195
435806616
853951710
516943793
714977922
658260027
259659318
811908873
854975498
597851622
203707458
487041324
385823782
555284008
912090528
706491256
108496449
740024009
726833469
864731776
378253447
853958688
685143105
782120724
662741478
718001526
164513497
858504761
578111737
354838187
386628485
807883949
193425813
885800125
14445103
470471730
765023793
279087527
130587061
784777445
753490436
266188774
697927427
169602109
136477255
276339534
233730658
526064648
855679947
175222586
170381804
255328732
711032252
872954795
258050822
129122264
120371623
762304661
554510846
14766757
626468417
666633508
719318081
443225707
311851602
212978931
828972123
857925636
129332527
553346425
866477964
11669234
241987341
266635309
98151537
481860447
257888677
318299785
772277359
917061871
726769240
77206209
494669884
383128898
174970975
863341437
3103783
363820121
869687335
313652922
291378223
298583699
3264389
860030777
168367651
531747470
142475121
3399461
456377583
454284709
253670221
56826180
759417675
918515781
37439529
493822308
697375708
317877579
509569878
42895404
308465626
268168544
737085843
280604899
272894059
388220713
767908911
529195007
185580304
636137744
536847915
669929370
599523986
321806321
348171482
332144904
632326837
818189420
267145309
882141626
475897761
906243340
235294999
458066247
315484755
237193663
294001510
549583947
696851344
490266800
823888914
881746488
299244707
203219666
874898629
731103275
861249967
695476246
121429645
132839184
130591038
544848406
249598001
210558601
797286950
379951196
648863824
906943757
176742582
291407158
589045071
118362517
96901172
424598332
482054967
271624592
378131133
924862967
467357368
29743372
209943879
599235247
600129349
12372482
314954584
621249948
717915056
277553775
279078547
763552059
604287243
754150412
748509844
629691395
601796621
579944097
622770473
911979591
310897064
674365907
112615163
494437269
690847728
850539401
435947935
126058606
99884956
647556828
518787308
437575646
465901234
578585267
392438642
751810837
114823395
283747831
96613177
159315888
922881981
147549044
714110663
440128569
670168003
821301631
105878252
408348402
520388516
172034409
669175978
660208263
787775942
589972148
834169239
155822777
27955217
533953955
307244984
432445826
556680754
65541934
777791153
231767937
890183427
601593408
469530493
561413004
234809353
5427856
313970690
462938379
523606999
741399505
315926634
915529432
437021661
761408753
118489046
483178926
496484886
928212455
247480171
920241289
48872374
422050009
23494053
584927226
495127373
696609332
562093516
372521247
925040722
578702755
780850104
291240857
126741987
45023235
323548338
175095325
794118623
605884979
908086327
138985606
859520077
368885856
834358890
837358809
548909072
530547451
40318382
615470322
443731793
748995407
23057493
871211274
3803351
117955367
641496217
223553663
748667857
552569119
740410639
274758332
908425527
740956413
89516154
215625519
244311594
127912796
17627906
638325493
292534149
768429153
611111342
55006918
709644980
812794686
574193027
179060553
794874299
689118361
374399016
369810438
390409994
292826781
604758767
116859365
95537752
847391582
700085155
353622214
55754530
224260688
11383390
406968516
897522357
630214753
721182855
422729580
503623099
807470740
857966173
410538992
638412449
624786772
570647903
229537504
271596249
767398041
639659742
115415212
537060994
442478807
449246479
718192446
70698724
104179517
528167755
377263493
855266608
365789020
488186793
40360755
252977490
866902051
778291360
363462981
841371660
646302905
361153239
388821429
277756718
745582931
202605579
565292683
183049858
340354745
524100607
600552504
517798798
428713511
608249379
104302679
704427193
312987443
757747889
249466779
286199369
788198231
84956291
747090773
497131122
629844329
130125510
7456930
465136306
257416753
839462541
396083739
156245231
433934032
406582422
736574624
205971713
465249060
279262279
716419227
504003525
276906962
329127410
313690866
823600982
187380601
810217502
717654691
78392950
494789061
372557475
229077811
823153420
649673892
605336324
558349888
503599515
117619154
555994710
373604194
227863651
222496445
772636763
720143327
731054791
249657082
635806822
175183382
106689185
546660743
443041189
554357975
806536707
18219979
820483007
646130083
268328293
23543866
24130471
893088654
318062166
838230808
548815112
406602380
482942453
611920253
561800487
254844729
754160379
201016161
136831836
370787031
267411548
376258045
732272760
80938179
754799750
99649696
641375780
285606322
190552322
803727957
210954233
338811052
476793763
346109246
446072022
54033800
75354933
741498617
325509286
860891586
531356452
589845955
9019631
63454203
849311301
887544336
696230025
897786254
333558819
428888893
105341387
416252814
689402052
879877582
890522718
407996149
565974269
513267857
436497605
624582482
146196370
64539314
484418967
368413717
553062307
186958708
281933830
496224836
300252706
733303581
477299048
127830187
13303473
563970554
897328751
932325862
323692794
886837731
504440207
228843165
663219113
359918090
460018029
759671053
892860090
244111738
125145152
484728805
28464703
654666292
708210210
31308264
216055271
746734800
316602831
747345093
609274981
760583272
308143819
634857615
637898029
368556215
904560828
469357030
654503353
523818112
718632394
28169244
752353282
513340900
593948087
762871782
461517401
401914626
424314322
171756542
516407243
478112739
827678852
351232184
360288980
318343532
855034450
494733101
487915802
186513737
618045937
561360378
790024256
842135816
119314676
749893607
400614476
122665450
662939758
525303783
439316541
369136258
842065839
353936906
749120381
769600113
33706930
874339088
452331153
228780248
581727872
464156382
63655432
423871431
433761602
256263504
362147535
485884300
477266541
719436727
817661657
655134225
211338342
497932730
901096060
774154352
67923142
577327510
221991574
929951208
895023617
700813499
532736531
615421493
494021485
361468568
688632090
329116816
567109188
756803843
784490230
226536942
627371468
106067291
271640984
296012773
520974273
480734505
184169647
380082143
22129400
563905850
55589631
859092500
682544413
459379815
915886189
813711922
869460348
363251661
721762557
167370990
779569972
688216241
547563254
691508863
378121242
418523212
470383747
838336380
474344932
197058719
364745027
794235502
217574431
88557668
101132590
597833649
438807295
185381468
121938055
567119508
60180422
533499979
72843208
462545417
364612280
776245612
545258115
883669588
639484706
411056087
590043988
726671221
499921065
588370446
237287009
149342385
105136624
19495731
266770981
365706672
122799764
592524458
746788953
650067041
143761374
432936041
574634178
455572480
611275565
397025108
912419926
256356524
653834143
825522719
691384487
183901748
396339856
247481952
613534548
417493247
822386896
860646435
159892035
261619103
124266179
468537809
74131784
863895065
420384170
890881419
645280413
231312104
475012662
416495325
192368625
918096322
50654099
592819604
191028307
696654205
243590254
683248055
643511367
900567804
278506762
919178208
73109605
14876594
234920867
551143620
656842746
279015368
463513386
532006794
33792229
19471690
338135807
206462114
319565316
479645671
442292259
12503663
451480134
350619851
315039391
786353359
200047354
405782824
531377490
929549393
866961933
156281620
424081574
739030258
138209835
857663187
198601436
181602838
111122330
677721252
321455282
883929172
746915104
907878469
216814385
841366257
891113292
531134130
819736310
534503230
821766761
75514426
679604986
780782421
542133318
76198729
80449384
58587304
826316033
53276009
899722542
637042580
297700025
643724907
677597671
124790134
311110926
536432515
158604358
869612822
329772839
311751829
110653730
337774898
190015600
617222778
364447588
582716313
122731749
549312
313601923
438873138
484423616
307312200
776388063
741777757
741647441
452434495
843226883
155709266
892186817
846183575
427108752
296163554
165627124
616594244
233232160
711785316
393736461
155293139
817736913
655167993
243538928
307059427
304067423
610533171
815740598
41258422
383957223
908093051
644747690
755603002
254995665
286731359
512504803
274294707
370226771
472045719
912102347
111960271
840084479
716591073
760688134
266230622
509354645
54635993
387973545
734951424
555737526
719107987
598698038
780141461
376805171
391680970
902417647
365514012
822917694
492840403
11852147
930377311
146931065
527797797
582967049
741073386
376781470
64394968
767993112
650320030
691589560
505898815
422608211
433365724
131138963
863396312
874873703
921253215
430472781
772977596
389588682
655518093
775155093
43123357
102476385
478124791
880222127
57089156
668907656
631936525
642139155
59480612
369316822
682536299
738920848
150446982
553358555
320565619
795169078
799198613
610946824
737473905
30586008
301745547
708831567
311737822
223364198
191283218
19664071
254206541
406799825
220080137
439361510
71217390
260129301
556696588
132415221
506341918
536062009
168246889
240223098
153528629
464705670
294917976
719819969
685983848
412333972
185333189
615168680
447828719
482498826
177217754
338832167
807247410
177558829
687278121
692479385
526540690
345768282
467708337
658188355
242924459
572837287
299326738
631024295
388952066
266838981
888293127
122412781
285410307
651720347
791448416
103692472
299005126
103137779
378655450
176603485
87502658
297713293
300482937
910807129
511249309
908860537
577632717
874310230
554137678
686510826
921877907
829845812
363866707
104346030
569444227
508724718
571508632
567729779
930298451
232353071
322353456
845432283
166374604
458156868
602998736
889052721
448282846
754109094
278010479
78695837
282812443
181099705
303913055
603292383
347320507
173100989
487108037
152135146
651393978
239293067
240523690
585132189
701222007
154082489
594400828
690547199
469089095
706300041
808610755
611720609
501828058
676735327
47605013
397735251
31611125
340591361
488595623
277698440
243296366
839939359
530455022
822909797
623946912
66588128
781856451
909737275
249410362
567906715
396185281
190762070
613375903
436682398
280245075
143653814
409792797
93291317
94594868
429007174
524781931
244713332
635696531
549378353
172804364
429525200
851354292
159426684
792264605
727919991
451493354
231681934
436110003
313093950
897621010
612946997
844419820
873363616
476870791
844480010
767979698
859854889
638338578
636591754
268634714
889153996
495039707
549991938
324322552
198613842
693318091
780377699
36706105
171072991
342031475
579987273
647996702
858173305
887290801
361201868
22092792
835534739
904027709
879015175
120869693
75505782
353640315
240479177
586834590
851509031
435844802
930890385
281291363
258354330
829880556
931761318
221000960
608372060
811584508
200477733
525406377
693431222
731988948
400632978
244304610
744763322
745112198
707909796
73458576
511754915
124718781
338901899
516738838
519366666
489724787
58567176
914132058
167439796
276463962
931751070
195430361
499649414
328646512
277982548
893291391
746279243
437800679
517568459
116220661
135961661
47456423
359282557
212860868
500778913
765709490
884987842
498087128
648300287
612225047
492492816
119666648
841514741
684454420
483681165
23675272
462117077
658460274
410308440
620819121
100369315
429139297
191623423
780713272
199208995
923079949
498322553
18582396
481507599
349584913
428166812
89054162
735338761
495194968
411513145
520116322
570289187
810342665
612600210
534943992
468519419
617779324
246312464
153568530
186003060
766613909
370099803
45716242
786434825
844299456
539329980
744133365
574503534
589601103
189315033
147923638
153044933
295495594
27258371
349119191
595686917
864659218
59656334
132313883
118686507
671427984
715457886
448341071
916765258
394646280
184080115
349499076
431993008
76196480
625769829
287059087
663784956
879911844
590075766
483415572
727918391
278031245
783383919
452513108
406276714
444328821
138989683
135142166
619720475
225318904
267389655
136542590
248736256
766991376
510879575
279218511
432809030
348946644
783866975
389630224
212146329
13570825
927413415
669735934
383611439
654154491
182866901
309226148
588642238
835548098
375386821
251931955
528509490
113170163
61565640
448261450
397876341
81311986
830765292
660135622
240529220
494611536
705448811
672606236
480134561
572721487
482928316
760945850
190877888
742288884
607593364
105888437
263212764
534328773
315009452
894770967
828380246
542358540
46155369
135463318
460265918
932075221
820651175
930037020
70104697
60349824
148254740
346777846
475328415
821058029
20423797
538592508
922733000
184042564
16235442
41573796
359957547
274966431
862152847
467116135
390734276
14950987
633690524
258208978
42839978
738070511
260344365
882832847
458598243
579686911
643995300
483595353
775282744
682464881
998892
287613027
41749255
887152376
287135863
169656215
194421924
258778965
262747201
865807953
48606564
496509320
382789283
294804910
612870181
338718291
857751137
822320376
112819158
769413170
888020241
457925988
415484801
328721137
593484900
731065690
532021458
524434310
650251656
765536323
368812801
861840764
622259256
280543857
689257572
394857146
310000759
133066055
881615635
60901204
432310435
925449509
209640369
660393911
281953515
598830867
326327082
382328699
346254007
463980160
820891510
841074153
209132359
676625732
132856804
731355295
283241074
810599380
15485841
98734833
155902785
322713331
626240788
679500671
351328521
635569832
841348671
558571890
226742768
217221260
763627878
263464441
61512273
880810533
242665940
742725030
70945647
412884161
135904933
234294006
512863161
382342323
420564050
816735941
441530424
718515979
537645905
333779204
163764278
361060270
382048175
332768099
311362027
613990548
532486933
220120120
566412560
261695770
547727536
416809885
584232748
679100479
290815032
284930650
74255241
14152267
712273096
726953276
156632905
231777014
411575296
804758780
89908087
608800273
498555084
84950367
923056211
538448422
827872745
187247929
390933610
130697744
853860759
61112799
724485887
594245626
46708949
15822986
63798910
214269146
72229582
806636437
256606934
725413186
474825717
770960503
479421451
347761064
16545611
675225338
419072578
916124836
351708084
901591881
447758161
495808407
432343873
278883642
739349863
760934912
336775152
601137565
422260445
754338852
572130491
552988881
582344549
479150974
378991196
779318876
411083967
857487398
832621395
528600822
418973541
724769856
404730782
880075597
729496911
516018690
856923228
472486257
570327657
794214572
858298237
900774944
60868940
527886699
561367654
769636588
430307353
258491979
78990677
555844287
542363004
176733282
662623196
615238192
434212693
504737243
271930347
35307218
415905044
101046205
518395477
6694602
555121149
307958073
333204443
8000674
710223251
760670414
9357837
391193568
690954689
279179624
455717584
662003474
12228131
661972235
416131802
16405722
588178400
178002752
105443517
347765466
848497950
746423871
323728484
820941943
914442590
219983463
244595560
676166084
192923360
664015502
6358398
754395399
485174123
730045088
422134099
890550420
830847337
126621631
748871447
413572132
474035773
521844401
13113245
794730545
644183687
342981144
713122092
854708981
899267429
323166252
437607683
299343994
850150787
169513857
507982364
582197150
884330442
486757027
665422434
733629180
717631247
380022502
94296994
39425634
242184540
214279400
713690668
732890595
274790934
449520112
234381740
744764842
736137664
767238528
140097965
468656770
85995884
436172168
587654037
31973646
812659457
147321301
466612558
775190035
102043025
295517836
459641055
263861754
743166353
920831293
804779463
452706562
254303107
176580434
717050264
689652746
739405302
630722683
600887102
902029502
502178004
113207027
346382821
754087830
622370008
910090831
230781132
772250573
619409724
167845071
275129487
814888145
279163958
107853111
582079641
449965103
554584990
509964659
345472015
113813804
651705270
232633291
508684897
459975604
338000714
904141177
297122448
61687810
373691185
145043261
843672526
593308360
35694311
555629397
292618685
136510750
712061151
129346238
131629540
722260098
469634511
403318421
323585129
53447102
764227628
434443378
613037886
549858275
485772462
889554261
481200797
698415774
888033310
175569572
655509985
639340092
759332585
646352374
887852152
235456017
795703099
450819570
24631592
316815790
785123646
831017825
873584792
800723814
656262719
238947117
140265895
350050537
460138255
659160342
529324741
434899503
528328698
877745751
447640382
921142989
490272030
842130514
394325921
134601170
209044918
795514924
337331029
885591816
684723459
150656609
12369760
856907119
311271122
760371293
479925500
910420372
674022109
771978532
295788043
120061518
857177721
302731237
303905690
821446640
655767707
476663763
219911224
702046699
42546988
562768268
135646504
822819123
562881004
136190586
773058284
450555368
875762728
676943590
521712543
766831746
930129500
806278046
160175530
14317355
105830867
42111925
548845484
28060956
774080592
863080725
264456169
298752461
144863469
133471856
659224685
213428834
781603676
698973384
812690546
398005266
674376028
614349199
781862123
132129032
495277799
405288563
249673802
414539562
459606019
408968309
575055363
666562274
853744026
319840273
836127084
587523188
26654192
431067914
411095753
185675393
851108327
343517911
712696590
869082782
658856558
12616998
51997283
692781578
867025739
257451859
755872341
758199265
612739546
580427762
434906752
604170629
755275703
299442194
741142481
508397400
802760835
83912910
682540869
691783593
523424225
436567460
534464391
815875385
144884760
11121926
406920143
895495611
67389634
406501349
556169382
341415264
80261866
603741847
878062721
352003270
309543176
105837847
434363113
808015346
864091500
343005549
900581419
311865421
563610435
115616058
631913050
205420048
83277967
392564965
904518569
505400241
691992714
195353805
138892097
29939291
300179328
403493252
333758901
796973840
677340269
155262261
249086272
820899367
650451401
595885036
225505109
76242635
409220124
94811389
490870857
502698163
142584368
194301136
448493515
382352982
607505488
160526067
871730719
576474406
477873996
397713736
860326578
681161807
260866763
161575219
650651670
785677465
696328876
298612467
839393326
238275609
707279260
873219445
88851174
480032471
485426493
805533129
248211074
209394100
564790316
23382
183222515
34657596
588593829
155216964
270357787
96666568
543770982
629682274
531332390
66301175
61169812
806019526
309463625
138258739
193988489
269760366
313218962
464157077
205559581
374729603
444697265
765296808
239938400
294713837
537043978
681285753
401510287
738348481
200346191
824866017
152541115
648578847
756792360
619490799
362663157
638216019
252688077
532490985
200456660
24016753
487298860
66699117
45187708
826229985
925348329
40631388
168911806
526237455
344633889
224417799
250559553
97439686
672796415
723360475
78717566
55824226
880433292
712555843
688896586
449115780
907924077
205037345
477840329
644612113
241208352
632428854
341887902
195279449
293499633
358497623
333700074
140599860
802383454
761440760
810605650
137518691
578052938
756949711
825445000
132573953
658809788
334044998
797521447
115218828
777161863
213041307
364740672
668072548
620264734
158507722
693982790
616594243
261048702
492034617
775377378
744878386
343129427
485602735
721838307
148170722
351282517
490316504
335663639
435883304
583258671
883817200
509164321
683716073
928258944
731972530
795663084
504649311
496531755
68089256
223135712
546914824
477351224
771367804
590940389
72777134
824641603
289989540
385267513
496102336
390481237
69775042
169398742
287397737
597735954
454059664
289253212
20801975
311830473
144717006
540561842
888603196
516118725
675367584
164087196
183253368
619256864
640887511
459728973
808750686
148006179
492047674
31071765
661043959
13394890
247333785
264408668
185019800
466087447
688226860
430684656
795548909
849065100
67928370
795445682
336677298
434009481
349502192
497631931
366204687
633489705
835203546
657428077
263621616
624645281
223486682
171592438
445546933
555300084
309385424
206975819
526898550
330498772
598498122
701568506
36248408
108738888
80368457
445142499
344306889
912522375
436090739
198415671
518744739
281809564
868589229
905346842
868222309
556887509
902364085
797748380
62598065
114100201
70896161
397078393
153113218
883216382
390097711
800426182
585972879
63823813
518142326
324579524
91337420
394607018
180234043
397180689
471922165
187909102
626016118
408860011
593592466
910261496
742143798
212465510
892386756
74756913
420688696
192362218
391616018
494707535
474386331
641114549
316847007
657037519
116199359
196437579
497484478
873855123
617273433
260837675
311030056
53655286
206371524
892343672
576705645
447600808
732334419
646686246
410652785
836520147
397835756
223194061
228878678
515449956
78922418
614116209
629376164
388096006
191560237
392974068
51727876
806564960
929092351
80591235
581874630
231416717
369358151
136958011
65527374
541853360
189723797
189897975
84475703
589051585
776341217
195872845
162447865
359478728
474770618
286160752
494207620
191715680
476278123
401588053
20047160
682229630
501065479
258422014
391577064
929810502
867259766
62200320
1868183
836236359
119676242
548313371
70322020
380107816
388613883
183193336
660064738
396813866
501642686
215921588
709614867
756872238
385641868
311657924
397850234
197294249
459824001
692730979
558835730
782130637
272447132
885943257
784971745
26016686
603082538
76069387
521649093
531155182
564519096
14698826
347818204
110099517
196202010
259823318
484564436
539764737
394151357
459291137
666109563
768772405
491760168
471948924
122495949
99837287
918068037
831723866
384176979
601925434
695269743
879081466
633274725
599319060
227012460
201603497
499248689
143715985
306855486
84139123
327145332
162896664
776603756
171221480
512453037
611673280
249666217
622501314
376112137
310784440
266195845
407647461
745191153
661104861
223232053
660369487
648308072
854615855
557458015
678329645
427012852
323794134
744298359
776527159
405510114
198161761
484081588
202529313
931640348
160125118
861069535
533996753
202521478
227100217
179140798
868330756
407175522
789574603
915437308
350663592
331283332
53463307
776579573
95667830
427604142
518446419
504776110
265491774
146002605
778247205
802001204
390169872
553375510
899311169
116642390
174511634
795644936
265181636
665332612
837268525
225088404
437554789
742671603
752641155
737563225
747723196
905413339
649073841
267819199
346397362
502118843
384947813
843883690
782545871
218104862
913279111
603845421
405973249
395244185
453960150
459916702
597625180
284036145
360442257
628325046
50930328
626884763
521206141
851800749
242416712
727187590
109989195
48739637
87967317
333798476
775367428
570188917
506822814
878799876
166369355
299510458
577563341
162337744
320882951
366340798
727896644
200333283
716684548
354532241
929722986
208656166
561874799
650366516
91678633
883740588
240518347
53822513
53699198
590727988
159067000
679954955
503678328
802114460
533778869
268522961
150980439
717317065
838252832
276905777
572378074
372013177
431220220
293775236
112515856
466856922
920028367
392411247
554312968
268421950
626348753
167591790
932728210
244207633
827918411
154715244
741844798
383477596
112292074
594501635
837122580
854028605
831618578
925218450
823293138
267737957
131443225
594786201
264175276
32805407
736985493
866482890
888664068
814893640
408294470
352727501
90244588
221287407
197948444
847988564
779739067
777457036
755059697
532394474
735674786
272634222
799568181
585321732
209152950
670027190
212420943
529574845
16599391
10844336
196334707
836419621
729887117
636708958
731147485
327193342
443031614
386010144
219240567
135066187
52951625
488364322
728790235
813445813
649684345
647205947
564223430
29859893
132588035
869810145
269703447
373614775
881576847
104750747
85091123
13942308
547502427
789658661
583052997
157217787
503329596
875963164
584771941
924539485
932047613
240871180
387211698
630477318
675745611
44046695
340451563
592034508
695537732
630482034
662284089
674991561
580195012
236846673
273693773
300350197
478708757
399593605
478427639
155047646
398657199
793873189
437619250
815998948
170964823
586168040
854616533
135004385
740686159
698884577
748560001
77143521
473988202
700177711
9670851
93427828
727495513
864259500
620379617
531907889
373118068
244401531
736872853
850788514
345647908
226367284
530636831
921239952
460591882
275242303
861631803
564053018
420138709
677056400
878242205
128702092
432858948
122630171
373295681
644028790
142449564
46054987
202300428
89486243
5738704
409752578
577267007
54977915
814594037
740907335
46038705
156743301
605653742
688805165
22467485
879591982
273127697
200200244
771468290
713594075
573323129
63361650
820364889
578183367
783502547
679294684
184966183
84585329
866473259
329028130
392197227
436088647
37118868
424765690
146222624
746980451
300558382
214196037
647900707
857526878
632509221
350783427
14210896
214447757
90651240
736814232
410843395
241903536
847036578
394861505
94511284
466656528
498931012
641954486
2543094
663994284
636549166
162141098
742290828
907352542
488998676
207519755
57687403
536296214
460978359
240551649
344611247
347660792
217312591
375339140
43313582
745469786
591942805
301790371
36129152
817935695
719387576
325342553
201677204
335028855
27881363
862171867
736755284
39825851
476312333
907927321
54098061
835294942
349587957
564022188
424614156
206990053
206739383
145604356
816434723
562778214
198913311
650198364
226156080
116869200
365649159
838119171
437640545
64530456
496480687
11424783
217720447
856188287
544898039
700044985
811107613
656249656
457362848
658577614
826073953
748569007
861052824
718318270
874334460
99456029
531530533
374266763
581242909
646906427
336553162
73262533
288336933
773144792
504377331
115358758
260249874
435056902
860648813
728330951
420283617
931725044
413052457
624079183
778564919
195563868
458647444
10554899
79654695
785797993
460012070
783964740
556783684
21821607
588690667
242597947
699074175
378730870
306796128
709638828
834650907
157669792
420953047
116215005
653807028
428302921
630501885
314595771
901582208
773600082
773819971
704284236
879735853
764992569
657644130
140554344
601641143
465205554
690732401
239785101
396676
659473739
308628217
712733348
865835708
761199209
31492618
274655131
163575453
916615428
128218526
412001157
286106583
911731182
404780499
399606492
281684217
889646286
576884761
471400483
923958679
567912583
767706083
583594717
488619762
213021228
324586659
498104563
521186303
540599023
684048899
85306657
137998929
647717256
470773754
650697771
454272305
39842381
183479981
853945021
228641591
177095575
403745318
686994816
55579500
674764218
84881141
371541493
887440777
197994865
319267397
83987779
842505458
704250456
624385339
888108151
888523241
155248949
834366229
818465968
360725342
473835864
817278410
151698357
350349409
617827930
331051181
127562077
548525827
645357974
678468967
336618349
578334432
498611108
577710807
855756357
234412182
315900246
770585134
817284453
100899959
357752392
546957927
891479908
714072557
644859613
599796377
519415478
475360230
901587586
446186909
559867554
579649486
363964630
673635300
328846756
791544623
521726383
818603980
686548399
386946061
603898249
121544127
298170988
416688768
700454393
628187879
247664799
926782492
60084885
242039751
700487830
873124598
596454137
369017628
220271066
527472227
560420422
123609235
565200294
47112109
18785848
319804604
806289236
630952096
839902271
911492479
581983472
242528683
143312306
373053395
254510751
261068145
145034821
791178506
521428262
917733580
754035144
232259678
484228356
53400724
297234936
674629944
580437323
678089402
628343498
726040156
267166950
698416771
280218419
416133102
377095438
735176578
596820261
347895425
888426555
230329225
819207396
679699502
210580228
244815963
371868844
229550383
675905865
702700452
380458566
478830665
655551549
91694441
562204207
711293985
233928690
504109719
581357485
18193217
321459074
777978312
464206511
889013511
468017056
552057435
429265516
850914619
348630491
801530988
553677411
870484747
711210693
826408673
448539269
273996402
639234254
740053932
922858677
586404542
667307706
501838365
777691298
818617118
64721644
459568522
650744516
389083147
832042815
857391734
572205079
555049855
612129571
568298569
29165004
810813261
592534220
250949565
749995933
406803944
266030492
892782503
114179702
33507876
572003363
494148100
717992787
358018462
830915789
177117640
776287090
721935994
554233808
843322878
64439880
72314361
739144241
709815408
513564279
712028018
548745833
501394302
251865130
914354587
792430880
459328349
44344156
331986771
98966820
805893698
849218232
918343353
559812941
515398920
3807122
359320775
649944524
315847748
830048877
248201544
71373612
262626229
645221671
268439968
359843474
685936613
174992364
894965686
533490182
247498290
617026196
507630440
504997075
513923355
220503834
61786528
190476198
445705609
457235502
665454472
881900827
752725620
896447878
62217900
751753041
828443013
870191439
432095413
227756013
828635644
717393202
452773205
12189427
713551123
582102588
193735841
199169478
14953231
25742746
406672188
704024863
352090760
40586151
616155421
664785766
686517436
519039188
575845559
675585717
835961289
682544761
843299111
317860898
807823510
144057631
35112326
241607000
122102282
193962150
137328525
449227001
443966212
743566799
733807390
916587485
132085272
804639046
352256529
841919646
380373306
734294188
678700694
435153872
305951796
655552307
752835397
277728702
280765313
519372251
409755082
176858451
847198217
409096529
204969687
771344705
522591559
646565053
309710126
734520751
268131649
155992061
793496663
861221441
500974394
91041639
503550592
702671162
361402185
249214209
591537683
225302253
408965266
338961158
745387718
11805541
821775620
755600711
318571938
293653425
664233330
548986425
706915900
364142552
639106976
315711653
490497860
533547475
378332550
254771200
282389103
550469108
882903681
110090434
193741528
96282238
493238568
85923568
228471025
756996438
339913064
449923912
193676395
255187142
93718801
180070842
25893014
271551622
216786848
2837702
694287426
473143752
890255853
407441499
35404402
657154024
526260077
162371127
710371517
249931509
895848562
687434536
927198389
399093006
396538015
807371090
122021502
845734688
382111363
580341620
651368971
899678043
366031200
116488662
281844626
887375743
538866325
733793667
560962313
752690581
689108076
194919874
929486166
656085506
429087326
531620786
337709875
620911702
893510827
642702965
575583915
498153348
120081875
456230275
743971367
463647339
460415409
374175159
612852991
735628612
606972016
420269919
491892950
902611914
255419818
481675012
397632382
688963487
81210573
908348030
139954787
80869913
855571178
299156034
715446792
533817679
375616021
458550255
641663477
208648780
883823838
278665102
840230354
390225045
360069393
406595947
749277794
658808128
778723412
226523827
54801840
439397318
643593818
19330737
656900312
443626891
578149950
839493871
787942128
882587656
916171331
691223209
215843525
707131496
228990262
461684305
401033856
797736149
312419260
493553094
457386941
61780609
816496767
269066627
28187128
725020622
197647433
434464920
641374610
915511013
192802050
846599837
395806447
188694938
674826030
15093046
874398832
312369861
372091734
438479501
873377699
215391703
446828643
722978873
604214661
798857489
360494675
486697424
180900402
817446258
924958319
834463990
159751803
321920184
841422741
201946485
697902351
127745430
413546636
195801799
925315600
793932627
465776018
881122699
602704258
494978008
861597491
700198669
815220131
772436953
847896943
660875846
625112911
384394466
580280104
409303785
30008341
527834849
910246550
378509517
760215855
681130261
872903001
578490838
249594791
629477974
544977667
687933997
780392468
863493600
633594046
148529304
51577093
273932946
812283770
206495872
543296829
80294545
849176973
30424010
610224374
529767799
284685746
643272953
6683205
26361259
430310220
888122506
743846332
818350970
552225868
634855123
618038171
454026389
565356646
199054109
61075050
261659643
360363694
564629412
158648508
644670379
205522163
446853904
859579745
239749162
362854095
332176474
361489634
806332057
187691939
507912326
89259098
27082956
462156398
378187226
503010525
709203260
368593023
853125260
748214603
883042583
247954425
13184931
503120559
110386305
356612779
139784110
78748338
318776784
60313900
233283620
290801550
746294031
787896475
120963840
115358095
866839974
84013972
441800674
153245688
730969695
489767527
738775653
111351737
340565426
521900451
203174919
446729378
883291082
570662854
269229769
772315525
705856127
8465684
304075251
6502194
887779726
378499171
35003678
459174113
16675445
547745928
871948280
641377083
299714082
631760526
409137784
274186741
924629141
832792028
226679769
864564770
609726145
58595744
470632936
401964314
666468768
80568760
328903368
589138432
837840286
477326613
469940860
686025205
217059562
328054982
781565267
626787549
759497958
574710885
603210030
666092584
56985333
346230554
121653527
369101876
93790127
71572080
427359996
15585962
382777838
473019213
827174747
15454632
633992736
39846202
712655939
167344430
824359446
301115891
895737260
749506256
617834140
92242703
447940824
576659217
410350169
20038813
194102772
716850483
188644884
313873374
387347751
682800222
641076914
595897519
916630567
183783690
157248085
262186866
525460500
436719909
681160398
134467051
699169794
39107333
187550919
232138665
610991916
255636227
598575097
776694556
558577729
931700312
396742533
718726672
203664568
897681262
305835263
448445465
606347924
587656227
267412949
270910434
223050770
499348108
117418787
751370311
351894226
231871005
4009179
313247741
482068696
59384696
626890797
785633343
146272121
731733667
833412201
86809286
802065177
63538527
122703430
317485002
384781035
569518758
642248995
929814536
138206417
883973060
497566775
439458801
615530678
106284959
768988640
727736732
308039516
509824303
2315350
14634232
838270574
778790792
117099680
917737106
88976724
658512329
528521472
539312445
516871555
519071805
170758856
760631157
429234517
686815861
9299423
763786906
876826118
233656605
719383071
733710396
329714719
480846445
501833374
507214057
909083105
22048649
356208436
188279338
871209259
13157675
535820566
567223967
98506389
261267786
374962246
330624225
574740164
624648334
631025003
272244450
685135803
641173075
548634284
922986208
624523792
295813501
529963465
117427516
52135303
35673772
301734326
916415941
99253286
278021116
310258362
756186488
287753778
547348519
215097681
503395949
247171651
462075134
234658235
489637454
169004572
99300516
209877826
316629925
206198745
751661739
226741237
288226131
41533441
448223877
628825610
383091872
931506887
854596713
66695510
103307508
96176330
782390801
521759136
566727178
385385091
910733484
548819194
847377928
505307201
809359221
361063197
75819546
883707637
462987787
24485322
851746101
150496764
483041357
512469730
183201243
418810737
77402771
481344592
783178686
865635737
517188813
432132507
450514132
693773574
98829347
380921936
833039757
4000350
738498974
158537405
590031003
103959700
579380860
153763095
140045783
772574796
856256728
685648378
170500784
824759531
472773932
29241990
824415623
317936138
859265316
221612399
137234451
490638804
191615336
31993153
773909756
774925752
96238666
264966803
786098687
555030990
463299063
591135168
561076447
246032761
243860612
231761839
215804515
131967373
297439705
745511892
42436338
542469491
857870717
197206750
402545321
69284658
751943206
587276535
374328616
430613696
779439170
114501096
621503807
131644783
635587880
454021769
698361427
1589823
376841394
540093869
64257123
704139106
416635618
241323654
215862966
640332808
347348146
125575234
632033396
376198395
391959143
358287788
360274860
645747345
294763582
678491943
450941583
365121313
477648036
773238195
253381637
921384371
465203990
579028171
598484467
148674758
284172166
362978470
362432394
532685229
240056947
80286866
277098910
120536781
475297230
693076230
801047067
54825617
497768739
33305072
448303675
42788193
481572557
282736650
698642824
357376593
834076169
771028766
232644679
927340388
48161492
106069330
139478840
582379481
427927229
645943966
316607699
130103373
567512238
114851435
242102277
135363486
715557225
454152426
776437813
163796798
184241622
176789717
25731562
360195371
480283690
567494992
785840521
410519896
361905035
747214105
590892509
530177789
575385917
669800582
481980064
666203423
462267043
803895415
93020996
200806896
161908365
262167572
372164517
725799342
886474972
137690044
774073058
814956523
127692271
250710352
808056238
511201268
220815760
779709831
930190517
204913453
905989012
153947225
863678200
189442947
924072033
13621529
798185600
350408543
832039804
316424279
77049042
593355015
275071905
550808834
712812505
590857820
653981580
689138692
683753403
927404910
397701435
318201493
773180205
921013323
531490615
838482464
180036115
308153505
203462061
572495780
511176064
401586883
734743557
505163229
557480356
122414212
473678152
91086867
845312305
547533157
766480036
640906457
853947615
858813579
499621833
285899710
893269628
98931441
658495177
290437282
790754286
699133604
199688228
849514236
493207989
670633791
386183141
264495236
89385283
99274340
372595402
156480597
17026985
549974761
55400263
748918607
891571491
511978062
447165141
185244224
563003306
61995661
446299531
433769917
311301143
679804322
621218300
450155451
564996514
515214330
695796601
506205360
327174318
165051791
343535524
607510450
342326897
600542808
189158382
334222177
550776199
454748659
781037944
261793970
780827876
227564053
910689193
925780831
867954612
662219951
99850639
151254412
459203598
35688561
236384436
613298153
137876470
871949927
161042039
101626372
119293294
907909218
407584398
599199418
184641099
542553667
875247871
449369153
28671507
705421995
9706124
52258060
882904735
81632631
880185636
158103508
330105595
674052218
803117200
513892925
125134339
899791467
663667086
54137059
488575526
923981127
343510948
278260771
108463135
924308236
656846533
330855690
28651384
670903666
527223073
604452517
56338908
346760507
5623609
532466570
871796916
36712261
885069729
870527181
210297308
68838230
205059464
92189333
418546808
148154533
549446668
598843547
573993552
415314353
439231959
909655631
75380734
489507927
10167852
161221049
335748771
899890387
325313508
244471744
61399281
89281779
891808600
761467821
264196303
291476135
442692535
412321285
792382587
145002715
676031372
433127663
772528300
509237434
253993241
334992230
766972282
607940773
388445949
895883481
717646799
278679057
340290003
142419515
868481517
15962042
453347408
298428375
629883897
505812451
346861683
505332367
28648633
203133501
71617621
423049217
284407093
447112648
280309544
203808963
507159085
707946785
160081540
904910510
190146948
536364329
305138752
518367487
440629209
385611748
587593853
577813843
564361798
238207961
759993458
758351195
739870229
908645447
218626962
104591654
669774680
547446715
296985969
724040172
359651204
409953790
101386895
864761042
548111598
192136304
817899738
680593589
867435669
599201366
281555710
40375707
404777032
2047218
239139085
164325880
436658263
91368716
471627093
602591059
693145589
278075635
186773066
721603128
911470815
326433255
613232655
350445124
510985798
322832386
501133302
780996103
445910373
368418839
480870894
921260928
320801937
577289909
906491854
125847399
304017551
286829160
830457314
424502350
635173527
255154478
396163078
531136989
101710094
55339070
635284
594843254
818029042
635943322
75778424
98389133
742484691
882486730
732897122
177005856
866231386
124369130
480156654
253677340
173792791
862691479
608366213
13408796
660658054
416175982
341824981
56420114
732519362
518617442
90168622
925243164
455340551
717606088
658211811
379567981
322406494
172303712
822550782
101716947
418162531
727414228
832013048
27011175
392696093
855061882
410576895
223678930
340113559
821010820
502697179
491906626
622745341
679467331
322645256
531233049
360288444
671898731
706692670
347371465
598636670
302793640
386801162
174841089
223391335
546456321
822975968
489847824
920981255
381931725
292677232
371632347
405068495
782793101
280940823
635933130
321140815
799565744
189325161
192976829
788351418
164859235
436882963
391795697
97616443
15343684
609511699
258263094
108086408
728981233
635891518
588438660
408429792
905923197
701986246
817090863
391196664
924589554
743148463
911706360
248442264
355168505
441659521
914014732
499197993
922132583
346405717
602308299
713571280
399417751
930188247
546663856
896103234
414438917
308654045
572754135
508893623
410827641
725344588
492686954
50122637
142013845
41138699
133029213
122667510
499285312
62796427
84858759
450559751
33964152
272908434
424934604
641146362
595137655
30016994
729087584
467822655
45427383
251847309
270017891
303928629
883322357
316158494
136080358
308530777
67762015
809724782
36945567
903063160
440868793
632595995
590631094
792277116
307986903
802115887
752337436
315323608
308735077
338015401
367857663
603251756
569802322
244883726
739649373
103210923
120598706
284562758
150067971
792053945
572865123
873387947
881568618
358574158
634465264
634255377
796214277
43661648
748884273
115789186
197511455
139445590
620693983
511855961
252083095
263716722
816478585
166681223
374348885
392145690
629584846
719204603
622352602
654820423
398789309
481309206
500270297
496460645
708362772
929367190
417177540
208947769
847390550
173601779
350962098
555587570
225650961
87538255
240433326
696993833
500965114
693079132
680784878
865824086
141260712
459271933
586028824
706763821
774853341
59612797
861274202
169407892
473778663
913918374
626840949
160848029
431500541
458786036
185714868
391304284
138482408
364800132
227222853
845392626
127460062
692429022
410046494
62216895
833585037
664890510
880445276
701801819
330789831
509238616
644687531
340757717
141793666
773457831
400666850
38642419
667485014
788453720
926457368
507345613
470525278
239753518
161242267
603157601
318850375
624239197
170777669
374185663
355052034
62219207
882983193
136956889
83148797
431734700
515547579
788080600
76448377
59634129
844125212
387052131
593455072
740624086
819955482
771265036
852916456
859671316
226576843
98419846
869266385
678167583
355946020
915693055
213880883
618027549
19972805
431321989
374361346
70938507
697045474
423942233
900119520
817188932
759148181
562748487
345460362
756135166
910622976
660397176
864721811
162791209
53019992
71214422
113060798
781908823
583158942
18277459
469934418
730039312
878169667
443714003
398996705
275961980
881638636
374240949
275066764
91323887
67068393
478539793
364006574
292955871
620863297
704468170
2441421
467581695
105622500
205103160
29754320
728868468
164819163
503529962
355306020
522539338
361555181
192581690
896477446
879259968
12603934
401454672
80288216
706043818
91984112
204100489
38676526
605403356
398942935
226719487
7952227
256196401
253530413
510091154
278109730
21177176
644323435
841095989
38272819
800311939
888155171
550258428
680523060
518419888
479602906
640612655
26624588
266862139
823732036
429052849
653933868
465895871
390407525
309664108
152992120
749162829
700011379
834664881
584180683
257385288
173091510
197673012
26072332
480252311
28826349
181158235
349616692
407918429
657623257
430531342
473277447
550096529
224618755
66313223
866241957
303230920
181484526
779631972
741281744
850745645
211667337
533420376
647845955
575991214
857508973
544906694
220063937
880588796
396499874
758164538
853877755
616953122
718423825
633837584
491790830
675328457
91602438
868460115
883697542
255695612
157452626
242392679
253563468
259479047
667418609
770905657
885812726
412412697
12551975
37525853
33485257
379171491
445459643
523399988
793960572
405688410
495553276
903630360
656849832
265661364
85989769
621588134
84893731
415960382
764758999
431795742
882678053
373225213
327806182
786265185
323026709
823401124
189317764
731960338
479758371
678974695
912391095
224918740
405553354
848028997
602035908
260184881
220001135
183245706
357569163
650079129
90714105
845246117
517439234
134860070
33670765
415481957
139352070
864959504
808421980
161641393
882478721
922011333
739839143
294648151
382204456
823505784
745479273
53933168
51768609
470675507
573362939
417810503
166464198
309356487
677462948
867411883
55319044
899923859
89729506
921449554
560438015
317987778
583809084
653012740
280890947
551008680
717901097
689154280
114084985
880527114
351467242
633139234
375445109
750589500
699206935
882491269
702467784
161477672
247400059
461746697
207086036
717227967
97328017
642184417
372104177
219272849
49074276
288920872
695795092
419487763
23481427
255531240
580714956
170306962
758517107
4652695
103067450
549230089
734153516
3841550
273220999
508415661
419616697
122626773
250290769
706440677
386315259
128317271
351507061
718182463
914292169
544553825
244445523
923511951
164377113
451998866
135346060
325479656
251324277
597815130
656476366
102633882
668815213
465797747
766539312
724584115
482626824
679380029
696863521
874482683
404250346
229776892
879519190
794909674
54608795
179141922
578394469
91947917
223766104
685124813
467392808
615176699
647787422
137608361
640884217
526141883
101559044
393819297
747818033
638096851
476857272
382847197
741076568
694826408
318177769
727201720
181522107
658503700
875108801
712019931
