90796517
814299334
195941369
511237778
815351817
253338454
502630998
143209027
428457679
310122406
65016428
110723462
211892634
747618577
494323779
786110863
652179918
389800420
256689938
101974781
712878338
207765424
717486909
605899642
132073200
189953557
648931023
576365153
375742021
576220431
587654313
582215887
877120333
661048126
677334708
911141757
928132984
926210033
920081535
202127641
15313961
135583641
553772610
861488620
856238288
571909332
164482015
719467670
270967660
156747517
864706620
745969982
111994740
126444503
715063306
173616561
272876036
779012035
845673527
443091547
643212112
114801201
95690125
31884596
705197813
681128990
300318545
35005084
538638370
269531397
666718642
642733289
98609683
730200490
774677500
420424187
178243528
779093187
161881363
416678804
267407062
459202952
4761400
884104192
508106955
118212758
63263279
914009599
824277887
84123074
234637488
8746674
322677978
482027615
40513238
125221736
354998331
592331358
864894879
878659635
465674010
168093291
277728115
191412394
544184024
152538890
297240046
716328919
7904658
429911494
69275227
610719094
731801207
773469930
859206719
86269092
214659234
516803722
460453515
9486684
100372229
520904855
582882970
353836009
617111489
589568281
102245133
196802396
467376247
656829274
240567314
656481675
681943382
386406567
386795659
312812606
495758683
604232510
755325920
924047585
135726265
814434813
631234358
149509001
498919607
929953106
784643040
896154638
715656018
915213771
742829084
192947783
318154351
743266885
698630201
872456184
183172001
31833919
412931787
932059525
653605602
176941325
234276259
276248091
45946216
576916850
78659816
747138104
726665199
369916232
14855495
268654014
602366086
162257469
603278868
269029975
651290326
356331728
777606672
874363389
549280991
134629169
161752231
242481526
408751810
473174449
620612706
726067214
734486895
489129994
455615501
187861028
546364862
533651287
573146463
21878044
83773210
186657430
872909161
403341040
252527107
218024951
179643523
718543818
166391680
874288696
172814704
807706314
755809761
757881539
681920200
373665991
615799041
129975903
672074289
119368796
881269344
545474498
170814101
389424613
786714299
803553213
894751832
488719282
705139008
664421523
916740099
481415960
418987285
192471282
388380368
456381900
212743053
216830584
785774758
262900556
573883159
614903147
20630367
823697982
539396488
561734825
432514931
56743663
185515585
255752322
360333859
100140298
275536951
290168898
756443578
402583689
661179875
526675800
200361387
16544588
212408213
583346949
863813607
322517552
6941939
614146209
747011966
568793383
240931414
175155932
422737518
728691119
887558598
36494821
395645664
427207863
619042534
601410706
195144578
784755453
518483371
834268684
568921149
280835438
278917934
686830682
860185663
734018671
902835147
433182526
550996896
426972646
471255128
904563250
860858080
695529123
559947072
45994993
342648761
828439725
407533589
523535138
149564613
287069527
790156863
603657764
295897637
880441826
696438003
775538811
866192493
627646383
254548417
544118731
625105658
628679831
671767166
689263378
447491793
441834689
362129031
417444841
734901841
888661157
386943096
464906340
435210493
142891736
450540621
404254807
833814553
112999041
568887010
915471984
728372040
263551873
637864663
854240610
665351918
119304825
392557222
771974363
551102942
926777564
14986612
695284020
926696523
153130791
222357752
239307129
835228173
429620311
566648369
716850384
737249375
407484246
472517535
44669825
870623280
864306985
176227364
325288568
103462910
165562796
95729876
392083205
400334977
320846359
211227636
618253497
913127035
34327014
172685002
529719125
9082389
274287335
628551295
282578522
688554780
135106671
629833894
433104565
10172421
100170881
203974672
832906504
893472102
133984382
669872811
679753695
884983613
190019872
85875877
502147356
175958574
932450083
159770346
826736423
910217259
887484478
284172569
722719201
587663608
216640461
382342730
920839154
163477030
1793673
321100888
55359511
222145723
204900566
151007713
820216246
119328838
911539452
559277606
472062929
652801306
648907407
897025310
476503142
855787626
824134995
212737487
840650558
133470080
106550591
506574774
566588683
491735676
808858324
91186841
856943015
680492854
127986308
515370485
495849926
752518145
265189140
762820103
489442100
519780261
910276687
564152196
742865919
375747748
530301348
441612727
591909213
677239827
866066622
366768115
704411445
373188422
250437826
863920896
681338821
16002438
532855421
700381820
250874803
600311357
50546885
586402857
622763325
773870842
905679771
628902933
221691061
138910600
827846051
558766465
656875078
724126596
860192731
383607979
435305150
646896881
793430233
10017939
437419383
787261379
846777316
641577529
172631751
143602677
193874931
666123995
663222589
12053775
705128100
578062919
123599086
480882105
865400914
496850876
696720836
905129725
363888371
740758222
224088895
835347789
765030170
204179648
567089646
441824112
563900046
223568984
365757323
346858638
696279008
507493816
252624382
623992579
847122291
509820301
515851327
206912308
623107468
163600605
286747773
600114923
404613647
528542575
829786755
680226966
214819364
718431138
729193915
602363589
439290799
29824859
114459427
320024475
888922995
548005974
860504184
468654933
812188771
542529531
296415966
61113426
50348943
236520092
479789862
375276171
717280320
254929892
674081470
448460471
522356574
710317898
643672340
532383191
138708961
927406724
898555806
92944933
193695253
570020447
446445504
308097386
797630572
33728030
498050159
372894543
742010524
647674080
814015453
719345478
459050237
619670078
344893823
929128874
111119183
1419640
430422236
524803121
845889524
534862218
454613786
272833092
57242500
549168192
95833608
875035272
148447963
920857331
130604013
493182844
113891210
212118520
733683319
337049315
18396510
419527566
88536268
741781122
147779225
337744326
755930054
587096272
374219612
284493753
167033429
752340280
415804955
427912775
418381605
630400300
365490468
296703701
24582581
681707349
502190009
401824831
708456526
25167602
845457790
840026936
319290756
674784798
625690321
858761660
905973833
233683362
294150063
714462422
746090369
580053772
374167340
863734498
867543286
637673838
795196354
898509370
196012386
755561468
590734472
715880664
70840635
357841229
807122309
927112182
99635513
380081253
210534591
292322468
25970854
647156498
752541850
348136206
513947753
863732876
193641289
564547127
713448714
179222721
308518235
170607951
926369429
470235234
158158662
536391038
67678170
301289197
883395881
217954614
617390365
88235619
627509828
778294827
572343556
676240942
382648624
171672396
286954888
235879274
304951029
452831524
562072377
721896017
775182371
778389935
885157811
127782501
785218016
816704536
584126592
725646812
572716340
108625363
88185201
179388791
592198568
443003077
174227941
873755671
769793256
635509918
400336029
45831886
861844925
207626370
153997963
840424556
345603014
282257110
364829111
676061987
91731921
521234889
616592599
708442520
552345875
117413953
801775717
914262775
733327307
501230236
304266525
680567119
501879323
63212109
432471359
787493569
710592187
400134953
688308988
275594845
200275563
203686857
545975800
23628425
680245012
340104558
713185431
159211859
619184850
661434034
405828866
27714777
927871683
3962239
194596988
719464712
286928579
284392925
473716851
201333334
228301005
836523684
34749333
89155551
438764020
374080739
552480153
903681317
116321033
18948091
788472210
317603247
726440708
541207111
3817437
469322031
170699237
272801959
441046309
906640895
354723783
281101446
352611876
315954179
37000646
471435624
100568936
715211849
348497217
287675187
373551857
189589033
272868285
907828155
135901184
169768115
111177235
275853644
255335761
337588597
585377861
344693819
175565409
177947863
374890862
332960146
654034391
755210730
374366682
189679401
87725881
917546743
865199562
857344843
456018934
206181572
931723604
539992460
42233869
841471547
595411532
77449453
26271759
533046968
608865786
190366493
154614982
335189289
56898777
641171048
824341785
871212477
797491316
447418088
623736945
628919390
485838256
597671878
733580953
562961733
49900672
770187505
409136628
631424548
810151844
192079039
394277445
76358839
630711371
658960128
730285945
446945593
600469090
471805323
248447702
639568204
18797604
366902687
110507195
220924152
222075904
152130566
445898090
35227161
855017482
560117072
315183634
777644050
737756156
663199663
587550567
711865776
415173284
431829617
929264351
377721558
355148177
688773945
385161734
342753572
735737775
786176907
498573772
9859223
328674657
662325099
212431409
509043173
579272578
67899140
1106593
683108058
345334254
330375679
163696025
522718634
590646764
625882694
726212202
397854128
486513559
872844867
242183699
501360674
117015582
742713860
914032334
772074592
289361880
831408140
330160369
678501186
645344860
59485685
3358723
288354631
465327019
1648718
180964538
741690104
657254435
349933321
285402156
189528403
567203579
82563783
434198556
177625955
402347527
44645436
844784700
216397868
440211796
876538943
70660132
697886069
410976035
149757229
288513821
508924346
722575102
274567249
591517614
253330655
516744184
914484492
623514809
174509479
888353703
188934951
799220242
297798005
782608605
434595549
265023510
335246745
223833394
388444187
194871925
70027231
375520675
420046359
715431112
903707638
891155594
784680148
789214708
619093053
273785971
615415491
8994921
748164537
665785324
425336841
427051384
46008510
767137915
812184430
439928295
786144743
869605921
254205328
454687244
454605351
302101140
746062688
113755338
871069778
287176974
355135874
401872255
283150985
890682450
125290065
5539350
403767803
717935517
196378191
611083348
418892936
517553078
504827468
606692360
842694693
715528603
582632322
147424079
703875773
855375473
809024511
319597496
429784610
722407339
561540388
686462303
805629730
768054750
417558734
732963031
231430301
597043124
220221383
291521419
367837279
579257516
618020282
99546239
928161162
671680441
578845024
894339695
68596156
10109576
348608754
863220756
197753354
520089938
787258981
916788256
297900816
798473003
81288806
803028727
298754283
615936202
843134133
798648464
7881892
673141658
762207986
776043145
525701031
603182019
97933884
754484749
317730435
330139854
708095456
842062912
320286883
725029697
509342195
80117966
835582628
254106541
374018685
517748809
262412723
418932984
217760136
9573352
170984258
862161412
356528349
343519858
691929087
515997774
756209007
821176655
7029507
426443524
482439182
830063978
72137487
367491227
92270911
271870898
546951406
338758537
47633901
498272705
783243501
592493496
145212694
208218374
571716506
868944489
479781219
235205478
461136116
443302858
693301364
552119244
84609795
169279730
881832835
90817344
259325041
178693625
529896071
628205245
693203117
768188914
516120791
692144435
717373458
931334587
225095262
436058660
24654736
831783316
159803400
775946237
868404830
779429282
547084163
481935243
26300231
717071586
508633348
241392637
120479373
293000486
293530182
216824171
600658021
128923393
457964166
429672010
693688405
790375944
68533981
910499555
785111100
122466010
248757148
545434158
239821435
198895404
571880236
306519648
661004388
549539864
283002259
220961703
630691891
113830790
780763965
708568254
306754883
614314357
477008324
377672794
242867495
375464264
814895786
457138021
650062019
89623903
474243344
502800915
72633132
141097857
603148918
601978967
723739937
154867911
100481917
795827586
355741825
285628631
522050962
106368856
477822494
187534742
419018657
435935676
862074747
30374057
879410706
788124493
124819022
385425809
27289848
508244072
613604063
218962750
419324147
439736744
789839161
6770698
503020391
734637737
232149778
162082254
105221998
43216386
647091341
187852428
400243089
436205618
448820702
478246073
73478341
501538132
501599971
882637164
636591745
340760711
887902992
452255855
871344890
915724783
657657213
28250195
571182098
553989964
396838393
489717047
746217018
55693000
55895172
785870677
10934432
96014671
444582023
916739327
467207823
299897136
806603396
472596725
64976394
538550673
338793988
260657561
651003860
876198402
255202786
913069950
203227510
145713131
190714843
322879238
341337123
37464498
328781326
29775090
171417031
531361537
286444548
901205262
255710588
366361682
529618878
433085678
823648367
439617925
368592459
495036444
551165645
505622206
125554013
607289721
755921208
925569043
192694212
145490918
320246460
268479997
615938951
333212029
600774639
699544441
703897931
211377888
725083457
465011181
121710303
778283482
29984196
460187031
669374731
195574425
248030914
207062182
873881212
762000501
758509801
30340524
452945538
479715231
885609045
800720855
729833724
624187298
861155443
344775546
630459872
338446621
612967916
702147205
21631396
836387678
807403340
90488256
673968150
526552278
453507985
716218367
897015441
121513273
554560684
590326326
389333945
909712737
664193299
408755847
36519938
192422837
481643814
143643372
821144178
288839751
623458910
312354154
755546486
828892178
277799477
552428294
105684378
11980520
711036081
24839790
462455572
664665631
749488897
865864274
125232933
471668620
322783544
630462894
538830844
900117647
639113119
655897264
361786083
744117532
802239879
411043699
367430566
561358323
929085518
795874010
88541628
52604711
40842261
764667725
123414077
233962441
666301713
479003942
375444955
454348493
796592065
652866359
15577758
876447459
214698406
718601100
81721905
789669476
10551464
394487909
505916770
573857558
120059625
249128693
636129775
590326112
774885574
118999588
282166624
808481450
819739890
428881931
539755862
611497029
745310820
699632747
796270006
743311152
154372303
817919040
404174468
148130164
755324141
476811801
46185069
830182421
405817263
664957281
156991265
261988462
303285028
559695097
236774512
431357402
676043244
283012918
574736108
658925376
683096528
704190588
833844541
897071042
136369772
753605204
742354744
924270718
748345541
17376510
722514892
377469172
983025
513372456
642394657
307481740
849209027
5525075
634081501
442497866
852172475
496841574
47626470
311005837
898522200
469105917
631586947
586122926
614064676
337646473
738164776
39115925
340070254
216002042
309380121
673593989
370542204
237760999
870748739
54552073
84569536
845041539
88816054
439503468
887420305
344276917
391034945
859099071
373212743
397688756
887436303
275933721
699882688
701268178
590132134
587171450
64455398
157070501
461585268
392257835
273059890
482940206
657121481
39754753
587008430
630668169
530939759
853824291
920478795
131636984
79186946
259384192
655929513
745985575
457868125
920765131
216001570
901837581
343955084
244394514
48357671
365700995
850506936
283931722
832511115
263978380
795424397
152329665
172932393
59718132
382464817
129838117
592177319
701282756
128825662
190518574
251397731
404382267
216596958
104731897
147696301
483615964
221859042
844009037
909875954
76469731
654137118
722120218
192566433
253847424
582296933
65309583
201252374
89472562
181297597
447443682
908621137
917173351
775370264
361562179
183217791
182487742
363186936
693059285
840035071
807851303
23393118
504307312
538985260
452209569
10649649
826071945
719947649
325986681
679861478
925238214
3398338
655647269
859490826
741779428
751231983
679244894
473435067
361269478
457127354
686275819
115597824
451656372
670465570
33785344
470715928
40455739
890870328
615816363
42074451
51546938
447832884
106160717
228545355
92469266
633194440
681639870
672324907
879371278
46145569
90020333
320636515
110448212
690652649
273489856
432287234
262347972
129822075
813900645
507129447
240110221
37515356
728806086
348185502
670221852
43936830
516258172
151894414
442703405
301929671
497856148
134059407
820394151
365206590
745017400
688774828
781312622
7226395
447181533
756684356
72194672
276668324
725053616
294979117
877480801
54862469
427334012
829731951
613440829
42080065
90524980
615767993
441867291
351095164
548407502
452707767
9049785
246095434
35490690
452484568
452213589
29571985
604266630
108632730
553814210
262657710
658636274
710418173
550099132
114343509
223549638
294396330
439342079
175612200
841057811
690025679
309582485
646724389
41079759
933037690
124774955
31806848
728728907
929933138
484185710
903167090
34659247
759879871
141706888
662899152
557644632
607446437
253826573
35969310
875313023
80731433
37230588
521598363
31719866
849263388
891093725
134910908
924584155
359820868
859047169
842460543
807776993
80209976
97720588
687043118
86811634
128822318
932966600
82261162
929963733
378638808
194594997
615324759
876581428
249609232
583371211
882994090
383089613
827807332
185557915
502283218
693822996
680429990
691433000
440250655
241358166
195661330
49793605
287097326
885771365
929905972
245592850
614129149
608953993
925443368
173912083
165994501
916130869
860859257
917911092
325793462
375299388
432284106
131638131
657973851
852950602
650713634
31865570
193925764
123867508
744408618
354330622
756873154
217361335
349308469
733316812
22701970
144170996
253384417
12086920
455771120
486369044
665606171
86828911
674069606
821669478
22258355
782457744
838801097
231104704
304591882
140400342
226351740
306955824
228854946
405372717
445248035
547627447
566046107
243727846
245059681
298012541
483913702
20645651
829920694
791559540
127007409
20825315
115633270
504973559
123148824
6844254
503593097
595321626
208198388
340106657
308895296
183590759
454075405
59953841
146304089
850049735
531441362
129472737
201118370
427226596
190012689
505297574
556580769
412131303
522125911
495825033
844717135
62415815
83156996
903044011
535308649
878300342
773757882
147554207
613682052
638431062
518990691
65020932
874810687
395830307
520254961
392362597
878380801
212638359
392030087
74596785
360383366
504716820
917817847
784319278
895926109
162097724
797475058
323396700
752915027
31391872
24819253
714806937
577987779
864871507
878960931
886757463
464751851
299826180
921479828
228423997
232509342
581258869
680770748
76004361
225421549
917589681
876895292
699118231
321307935
826459857
408929903
170023483
669087427
337226014
576600364
859676381
718240540
104367709
572938060
908520444
169184541
462308215
167289203
343717821
101613740
830053717
880307559
344340557
420864550
453252966
356121886
615296080
803897260
677185683
380419114
358934908
37005408
251342516
673853822
885472009
152757661
569369298
878838546
904759067
379716502
363401372
413476031
786944273
366365704
167985186
474687110
522899073
609036382
736276095
51826127
500165615
27238373
294045648
342583170
689443995
578719072
11175142
425357502
36327680
805353512
694780585
118703855
283650930
486191576
248613625
620653701
490061785
281747575
863482705
838529779
397799904
815204585
831988513
266383068
331128359
490124804
723382454
542132562
778273070
720738230
425986066
171746550
544246740
29137626
612963478
819116417
790730529
458474924
738899423
210483844
137001834
901096680
873629761
341850087
564439243
689126293
226395388
644993608
11936520
484257636
659788422
382618826
914858110
561924161
567917339
856009028
85818616
108101028
76126597
816539915
309251336
343148866
8067534
598998799
170064497
5353070
163045581
195293015
663807514
575481217
621578818
408171504
619188026
285061409
225303537
360018310
330114763
338194492
471682057
309036004
423748549
178465566
435040696
556566912
615578472
900644071
499421774
509209366
399945664
19328823
382891844
503677144
231097391
726271697
582315174
107900562
177371050
539564429
526652277
725010476
627224545
136910236
926430935
577366553
586161403
648210569
895550858
551891789
585608603
208537693
31734078
534306852
197345987
697273748
842120089
706836488
406563014
686377354
554357317
522301377
353319290
356566058
748105712
873569277
804453375
608315919
902803355
411022513
608936814
808983914
710931985
375551873
563015446
720264075
660145291
687675995
520725704
768796014
331721528
44100775
34901800
7002290
552250068
81057309
738247486
793966164
156989185
390773951
50590906
602529677
248225350
118011518
798867533
339479812
645410214
420904768
627753826
805353911
119930655
834164261
174569111
607379393
820945290
106169298
613801681
327069674
924050690
450050003
673221503
596381518
849032762
94544785
488029836
120431891
137441688
699345816
760629953
359254164
552436891
916582635
420924800
747161129
923936834
603096955
809459706
634536036
156485239
625669379
250684316
645799739
229050469
487751056
890917166
692354955
204117282
663692120
591308881
299282725
60724564
812982521
208654323
572899362
201998800
392477948
39804896
158942868
38383440
794236402
256085337
801456221
686719311
78224410
80016540
719139485
441188169
384460545
811078962
278236325
99309037
813856387
335002065
669229276
545716906
11704795
835050784
579488797
606725253
287864427
786960008
820504939
284045682
751772131
506028197
168576669
85147750
206391927
98925112
797161628
169327432
797716406
435745222
243460920
877997190
342711799
450305100
227234740
23684635
909413532
772227416
538113162
761819928
329139578
635335858
257134947
610664325
900207198
524082235
677569442
601853564
89172833
693352989
378597884
664254754
438784006
509710768
743196367
377089149
278288650
837737388
114427280
711372268
749099988
83229837
624171842
516140643
142740280
572618468
75401229
704509504
265605189
868039011
224263286
763209310
753032043
508397784
147366052
610412455
654421088
841067472
238396711
911708411
684126079
806005136
394479119
167757136
917049807
322117511
418283506
408213561
437978825
608030393
684246972
585506010
693111729
711585620
133894115
847874931
234830380
696865829
217123218
174210543
775645688
94074509
365900303
239444964
707417096
912246308
510468926
874694372
449361559
318929117
791192437
325127156
838523567
460258609
351342752
499540460
102282892
583733124
694215554
812275149
60912289
295500534
283256927
610972531
583990326
42791459
842119181
917291579
153273821
155953126
855529888
623887025
901650967
32569520
121007025
926680739
458671413
894151717
437604007
558600229
488438247
290662664
572219524
866553312
322588674
393683578
195659697
208993784
413408241
768043570
685507634
913723297
581666291
289986176
702799369
489296810
426988098
276834927
5135303
189982771
223516369
738793509
684906298
917619181
697453323
116775816
214631136
577896102
421426303
562365412
234234298
21148963
645241588
156597801
774463588
794422349
613620176
893897235
43256408
620970447
918620246
505250632
770634275
782848989
357639509
681437837
796361948
138522146
500207620
463370010
754581198
220376589
841458721
805460266
852668163
604101323
346905879
308308898
256148468
134978380
685821856
180508081
438752980
8308788
786361942
45696517
139034630
687409123
11007250
84841328
716337658
530980223
546965363
452912006
442683293
399720228
521804598
157507592
312662317
746166469
532851623
714590990
533001021
744338074
169372269
900428548
206530224
548267759
58057802
923628903
822796738
202531458
130382649
571191876
19562045
340379477
628894149
447521158
838425984
470018091
799455804
315834883
567513975
687075772
795145442
471822235
366373454
673186282
9961000
323995494
779972590
607424018
104945887
179282848
198304200
557129952
380771409
495654698
843112014
395181235
720213899
10248504
212063892
356130561
292882760
53524648
340884579
70079822
325059091
343925124
558097318
790925516
307681336
928027600
731033793
118984776
347399810
673137194
215153582
700307936
290179462
217271603
90653821
722064260
211592727
439379060
39845682
323907163
865324099
322035613
856529456
715677971
671772002
632136606
763732633
327720520
712726622
165352526
756560430
632760048
798374882
306329160
275555026
501901537
357016113
753848608
628720844
832033508
609955351
399743992
817962379
893274411
129946680
445235465
914235437
569858382
334785630
454847266
145023247
254417418
451016777
142070946
580203481
727859320
582051240
65427226
507439406
187543488
347328923
260415157
550664211
560719002
29835478
363329123
748041998
290990800
125820649
916940123
357091736
239714993
622831813
85163205
14060458
500760413
517267835
556758003
404224903
193683906
84768810
56979932
84215268
270578560
502233211
640712702
720362675
259036323
762407936
716426312
647668291
60855930
311652810
273237309
206120779
528663160
311536142
346612619
747716453
146517787
435868719
591906958
473214013
231740214
200139698
409890677
268630624
665411390
857398522
705891731
433299291
481462467
726010964
116637910
918037634
862828294
710119636
832737028
531825143
779327761
645134801
89570078
498819985
402354646
621839461
741485914
732855040
22912409
509633037
62070285
420315028
110349951
42383929
710802554
274212089
331021364
613000982
723296945
203452389
132807653
447039243
711760566
304100941
201856165
896014188
240938688
310869944
350825191
153932061
312123018
683240355
111129228
43936941
117884771
910701284
855411174
728532986
125843525
643605966
856780578
690043164
278825661
376399253
735402933
116532010
924605593
580763501
510448334
879178386
336634698
207676356
300167476
511202504
837996923
686834227
420759193
567872394
835925624
474524569
827072537
753834193
793196516
116861814
609274480
729089073
618387372
680115506
702858627
903054831
925926833
828073543
458876748
807806330
393455387
586172928
595481795
417077978
46051325
331331949
519840599
222112813
611544604
596944998
592837294
576554614
583673643
290637791
708609278
314249349
812504707
336973913
927850832
503149303
652397894
21768626
106275411
727040235
790213224
867741806
778005625
827013872
819519933
890903990
639223819
410123427
796063650
509764933
826597885
698460840
862512754
911007194
885566045
6998334
754529099
176847794
443289998
863230544
51381887
113975423
679501631
676602280
787831914
689092026
458884548
76830094
115545890
185442206
281311988
583781369
334802715
377884708
883660002
305731501
820952312
53646267
542124262
362462505
363545473
371876492
908893456
883013993
97586824
767855768
6068412
376694293
121265708
689322909
612722956
103138153
55298408
228001313
402210110
240821448
474442375
828294883
851427873
179403836
151006398
172209812
121270423
363974664
763380225
391801475
359826653
86517798
898409991
495150588
560666987
751777431
616502803
569194722
735044087
210241209
678529394
324559724
488303465
654614068
13358902
307535807
5073100
27543599
102169299
661615285
916986507
885888195
286594715
381123412
487901937
281873421
55910478
721415068
575568655
111291839
184599785
758485067
359950846
237371088
928240788
871544455
157489214
865372017
651337273
170629716
347202753
682058885
70309852
448160958
684708990
674816201
690114215
756238543
460603302
307833506
296145150
832057588
269174196
800516524
441762845
565939152
309745373
609150039
86345782
882830149
110605268
122402958
621395275
521244209
212929307
548529403
190806313
23605112
643906795
612119301
413006889
345441163
16202561
688120722
230855765
547080285
758180170
127298545
491941392
559164411
807905061
557314804
246644076
378938319
918951902
704116059
906154587
347383344
787304212
399192244
538021097
632690488
77521946
601446909
732208238
96285232
138458228
189023868
746914093
98445770
841960477
79256226
354629680
448117714
827913870
466923952
649185572
354863972
529809360
83450678
193727842
190794630
280196686
630259985
547497725
888940324
644175178
306830815
602577000
312548106
787168912
478714818
226285898
393898102
30167280
283907787
899026480
875309870
397909625
549377322
79657183
634032571
803094881
621377100
871065731
749918749
337291045
874030296
56019094
545684324
83552328
186567652
490620452
51754596
387432628
248286748
930625980
370210060
156367869
477739934
805167676
165374567
242151484
890090274
155874394
237463849
129472251
415618927
148455814
505872488
838654743
478635601
182732166
394300981
1029420
611455370
924099013
600496775
1268502
919866524
340462909
8476417
919157004
541847773
77931045
458946702
802211075
553345937
773168711
650601595
195019669
216831945
922987043
289453743
477399310
531348186
98668150
219738578
383191815
115340767
501431444
661393874
157808325
233436769
536084251
746363530
420101256
730743567
508996779
611032364
611264791
54897630
730369494
280131146
588905685
149827561
446941807
448688133
836297220
833440492
97178860
376612149
334419842
104445661
25351569
876173043
136412720
545792981
450998266
467078408
227803326
825028271
791115785
428063219
877725631
868564239
553464824
578022742
56668336
820133452
609483592
613988631
26911955
816800104
895368995
563516118
558968928
719526506
515249539
331447166
337467807
914727543
772842808
256695930
591617723
492314372
296742852
646269491
114004066
34671343
27702593
395519130
252679630
276963818
406174356
380854465
502639565
307762644
408113637
830691570
58349818
140201794
201055117
733256935
857735791
672835601
631063995
22589670
598798022
732149788
457911816
672814385
1671681
504903512
424263089
827108737
448252648
172405287
909907669
765150277
380641174
891276944
213380167
239623084
825172373
197379572
777233159
590942388
770843770
755699904
223070685
397581555
808553952
333996719
417745596
645966513
919321383
768959736
572184062
406369220
114053651
629679209
331297203
864869837
680589162
183491200
694659354
773654962
521121938
808874535
924696743
282177940
37705135
503145641
807805973
537465225
370661690
771111028
825116780
537669961
843385905
422933787
214587348
129860771
359523028
594157680
548551598
70159200
258098725
663269595
3703363
414096700
509694067
235607983
809829706
43718013
422755344
751557858
461368745
292867217
446667189
565697902
156929114
887885974
566599928
915177259
78992654
710099579
212910722
871657842
224260029
538852459
199074985
96425896
301416268
878020149
572958762
511189483
93156162
199717757
40988103
335234322
604889160
564056808
265576404
225786941
686542610
14669273
313695235
14917724
862845654
886062099
12658987
932899546
67269462
367435815
234156937
525387107
726035002
705987908
869131941
528071758
685951537
447532015
198662895
47740127
797049914
400629915
677900824
125098402
907852492
830106381
154274252
472748700
712215685
61731517
322809052
485551450
468685398
305854437
421961804
759889
903454665
159360690
695664423
410497902
807889403
780777034
2235624
404980974
798114537
21158397
448410318
211123173
423669759
64301182
343593940
369617360
49427190
94850295
110134956
898907060
16103914
781968093
620382208
70127912
315732515
123237800
183999521
640327973
626946531
644982136
543873164
405199162
590586683
490090605
201109898
86607455
339687997
862756600
185333812
753103069
812618272
537060019
332005962
692784121
433316103
300871400
602805162
549118421
779896516
177605950
269135368
653606961
374429832
745716275
48427899
101096303
391232065
281829565
176140296
904414269
31945837
143380659
864913880
309419478
490276140
540549767
698162488
918998891
52941539
310919249
142605207
396856907
248050534
888023533
917305950
735074435
793385551
770961581
266853935
235140198
352871264
326314543
812439743
75176882
136221201
70140296
333344001
148133328
271077867
691931055
817890260
259497665
137866518
45929182
357072529
351955872
759628363
585137907
123000860
762356960
836491655
149929293
304509242
75458360
504162709
848441457
696372075
646075786
58512769
254740179
546378972
796727641
879381433
669698409
900211239
399011763
347260275
694812043
867026326
301183559
623655715
135204168
359287267
382553476
313108208
415961787
904217655
932885794
852633748
453586030
335678132
650828439
580964617
836101786
517308837
206599492
459220505
895332978
250615512
315790748
721521494
524728909
43829666
540990079
498533237
187936563
692732434
890202436
801942440
394869863
279091132
319586481
17865233
900237891
514158064
325038686
479618266
113114332
767889559
263296645
119134252
330274000
794657962
212218910
383634443
655718775
136527827
360024581
832210090
685574733
862784386
482022239
435942592
882886072
713167079
259251411
869832294
681463538
425538959
760672048
458268939
254912354
806071999
377097520
571375394
210273083
919353397
3191707
583425666
698654324
775624722
685218444
493757988
633267172
390070942
795333618
40553841
343068968
600169403
469455379
214714555
744647448
544598545
423602801
550647425
926396969
201341813
707053708
812216650
829865639
511709528
242900476
284438685
588849363
293396868
425199345
35942855
684408365
767504300
638161518
100372532
872354902
527198443
98718834
783761989
146978293
830603734
886260781
201043863
265473902
389404370
100331368
191349183
204641882
893005828
177881489
443578941
715193371
795155126
119603127
283691587
282722297
581123549
338783824
782116579
247943287
736110896
834178692
899479675
35238190
510670300
898387364
652949030
634568327
579282945
197042599
349127134
555292055
371692191
465922686
732064001
894708629
563252866
775464422
207083477
773573890
61894121
500648320
19481237
119791007
508328421
407383207
900889988
609625838
265064175
844389226
213329535
619503433
924443029
104513565
718914454
496194556
17850541
353690377
77841203
796970003
501623298
726245772
740494607
561605286
842199854
353965901
241575369
369041512
183507188
626916025
389624789
903712274
366751913
915535089
106823133
339205041
529637462
292297729
222070322
638788632
490096439
69044856
113393964
493357818
343154208
368799897
121686077
863224450
638164191
320747641
196231817
69727909
790916437
650514905
258956125
257381876
343374118
131213481
674971052
518557635
712274112
583920101
325914409
738283115
701024899
495250263
652040600
77359638
930630677
140273030
438510719
522934566
217254795
412074757
522541958
82806536
84294408
837639826
341832635
598982789
785089878
271690451
272907731
510459102
124674690
648523324
301228859
743131054
138528617
377330443
744906192
322920396
572280574
87544306
50629457
171571465
750021804
784971788
398585594
723793097
457986003
728391190
752635112
267192450
363070450
100361427
626487355
591517083
167309962
80824685
536863793
532680510
456452177
749671408
398537524
896407614
195220921
470003090
578359702
1694851
488554287
816913348
617655574
450804361
875646338
199669632
72926008
92387281
341102317
826144996
929859952
661647780
880717192
179071780
420035600
690659519
852089908
926926320
832975131
61123195
266111316
789757670
758787759
253621309
402376660
257516743
865306910
135085895
529621698
842600988
290708149
612082908
818892711
353379942
606016304
38539012
481073017
428707850
270897950
80249352
567829054
877659885
145551710
155348283
665604840
744214736
163900668
142890763
156912421
324345803
671936127
404795712
416473481
604260113
686473616
932096462
173535989
468571891
151741290
625639043
437786370
921912668
782291637
650423000
915649390
853532583
7925546
512209276
495299258
281531735
114885479
9950530
644270496
17500357
533673942
545198411
656245973
604041402
724774731
916908885
679309362
663469675
262128704
159189443
452724382
532350801
128472653
490976945
846059863
613818832
856188218
869860340
648124296
615567899
575957180
291060016
37868792
840862923
18166396
354561445
427090729
146146624
576772244
220624460
208197917
458889522
600975650
223420940
449168922
800244597
449786476
358891948
136620113
180863965
67855771
381288688
716693446
355524649
376789772
528479129
767876213
590319362
356070712
879489397
871333031
204146013
833396970
38756291
685094136
843356109
379624588
900219408
513649003
687444314
759760834
149878715
899999990
92719090
882391456
715355861
742938489
13137529
769509842
801555677
725321390
427720577
908608130
282852786
40492443
76633508
565865983
569139442
862671536
594100185
26904611
83900261
812649175
401197131
857881263
149864789
663093135
156229506
59822917
772351006
689021547
791051814
761935603
98780247
280353459
894174838
539498563
613400813
237242854
243081400
272795465
72820409
754769931
247064360
117168996
827591596
196183591
501305050
685360173
875434704
791002329
700131726
628708226
187338969
253398482
582851998
360239562
723855777
342139988
87114658
545848751
360321175
202073410
849688806
571653701
151964849
188323706
877981974
443218854
812890113
705828997
893455389
15947689
220857185
889638076
601289284
735669183
589077545
560955413
697569754
166204541
823482424
586136608
631594682
55049739
354323406
462995426
784232540
443722106
338610312
70900498
121856971
819403969
491827304
534003644
345400707
244231715
855163681
100944061
878182123
318476658
724534754
867176605
246557868
912368687
150437135
818473100
668660842
31472714
291826205
730638781
31603926
450265223
49745473
338006913
553882013
240582409
731841830
100845480
374458601
309684293
809385137
828327577
544564460
317906085
652508863
198964970
534330553
354743442
234910397
645055846
578578405
920132125
868609291
586822679
513512828
415905025
27469715
811040499
403328251
347108676
300727041
107503722
466351383
170623190
44109468
362900807
928302851
408111428
843061624
687540850
267501035
308304045
260065757
246400998
579479110
767565822
233292509
521114754
663780933
208166864
325399500
176940286
406146363
55443455
867017653
653146229
274108737
833295687
774556555
105528719
277954417
342932891
474899225
217327827
268605799
155029427
857918261
527070225
861504065
268505673
207213996
126227648
283261030
174813052
748682201
232257779
274867749
646790543
212305253
808529197
562455222
87993993
364035999
678700397
674855415
449581141
716261382
288114835
572400633
110761190
359602801
369513944
471530442
506101171
622374545
828520647
37881531
310048048
437717757
159410609
852392015
154667403
218407262
3911011
89262852
820241108
927545178
393581140
831865034
114345594
369907534
438088377
656007501
330212554
780515862
388474062
304595571
785857725
671646171
7961261
861877785
380236289
174738223
657552600
497451032
820944915
468680408
223592352
306600592
338958594
137804430
698103583
187388522
484309854
468585779
29699159
814096498
714715841
678941282
54324331
483857692
134255299
530001892
893191841
226266858
378394979
592910994
387368748
3108954
441910064
860114758
619568705
371617979
896169081
453597994
895468697
163437433
737123397
92236856
156739515
78782421
498593375
100426864
381488773
112753560
68111145
143824455
166653085
397346083
488605970
494761698
837748344
181263782
452909214
467822099
865497871
240656692
621882014
873560270
277393312
104548047
355247011
898914812
852390485
173424309
571502699
573902679
221453120
467420279
26945170
554344505
743355618
150489695
770405614
264033861
812502589
826435842
72588093
788773708
644933616
818150190
541217241
923494103
707580666
37606218
485047488
346888157
885024396
91545397
632420321
306553052
579531917
595619319
357037842
189178781
311403842
891134539
912533678
153404879
857309221
927870102
610745339
869723476
734697734
612750903
805400326
470774664
790043047
719524251
191513865
746809976
256742279
776866050
116896368
836592782
134794872
360061668
499396138
173281248
786464761
317330453
2879567
279243404
291460637
791203203
875486945
412386419
413218815
680688802
631031608
328232728
539460062
107972158
597606017
491033232
410155230
18332357
26604207
134154879
769729860
333831655
325378512
548869972
370305664
578743286
149762779
873336738
877392955
201370864
241338002
31520465
44506772
865420997
22566898
459339285
621594728
705742969
21243904
140839937
684501972
184410398
491331722
78451084
737777468
549254078
84625564
737647402
69005656
897431717
507760749
445973088
542189146
99850000
141686505
331278366
139720414
123877052
183952821
635566744
334496807
304112306
516456428
224797050
930952955
377551631
529246660
742218683
153712482
326169469
805336449
327256027
785284614
244772886
919222772
127848579
717335297
64474223
177228106
746527822
639934077
205134840
359608168
456125227
784371305
906255709
836626520
479636787
295761869
879174066
19345809
359375789
652362091
696854741
340981430
488324075
672891152
923426419
34925472
549582538
448319751
237315802
853459940
606521515
529730654
886114902
101545568
320973598
636266465
105640608
308075964
575103701
834700754
822234999
355088448
454155400
515338834
592576182
822900811
17115321
239664187
874011317
477046825
221000379
652447398
426991900
161134425
6672150
335382442
494351833
558935807
288638929
748644478
581016550
793392729
259215633
594610064
691290164
599056142
134299110
268260534
892258245
114033115
121741145
544275670
338500336
550609219
557086991
266462672
703959533
305015006
88441266
868032294
881343978
369017254
349438143
553921133
226832443
506701791
577052533
58222310
511611314
524043352
236773450
370721451
145102352
876027597
370010997
700935442
443927168
744788643
110798542
318212983
326632714
340757
719124663
114295004
43339943
148370489
713972772
354565092
592961935
143203838
80153037
3986361
417953536
838882817
587118294
928756556
326398979
902286856
193298040
71120302
648272384
78701304
443388811
668426322
239612753
90726479
637495966
318164137
582795871
69978515
453113012
312479654
512922190
18310583
110369841
12532419
80894763
910837142
783011303
789915594
134052383
486255701
821961268
64772883
578505890
646642016
468819309
889761191
665152563
821730665
699367910
76836559
509650069
176131234
508561121
272846524
906641317
170632949
489893756
463619022
608422370
905248339
414772374
352414111
576656822
111666867
514548821
74976623
653497109
167545905
36231820
616174961
75419920
614792049
607702994
684300689
647952209
763058299
508646472
340561479
510263834
375430967
415238230
255352215
355911726
419602229
275449148
807671697
353469450
33385816
638100557
47609638
169567886
337534721
769360737
527548280
528247421
168510091
487330873
56774114
746325839
786614552
607734618
192097589
701786023
409959880
521038055
486784940
831923398
514732512
876296840
874988771
102425274
81329202
600958877
906487543
364050652
560487647
819535541
787402957
559582267
853670444
606789510
434576544
335533182
796512985
731384162
863424371
532783183
448766256
556657348
310760197
66664188
858680438
153537486
647264183
567096402
306272030
385022761
658632101
363244110
242759969
183611304
195765492
504505834
112620282
126351664
482041967
310986339
275308233
84094180
193714420
121713480
756835281
600402197
18615189
491135546
328309453
430639248
140260025
761338620
331847872
879890855
820159397
386257643
392057093
407844793
127626557
215253441
221240321
292671814
525513183
24521204
8041701
574548784
662194174
769306617
763323008
125134925
747603763
460590102
833035137
330237071
735521783
455043881
335538459
117201292
309804617
773586079
11758784
817356805
583409274
580730496
51350926
140889715
654958203
181197764
219410975
113917496
689641852
442618435
757589011
485258366
743462807
476265869
584460722
248849677
61480732
871985045
877288174
76053261
486312888
230645096
219694003
208741702
865309589
220387691
865106429
329087201
281662917
125515812
833479755
262605684
51610905
465936705
771835535
376664761
145014630
841242717
838660435
439893479
464964953
918334778
92638188
833716630
268840680
520652430
143367527
578948520
30039586
848901582
191427828
594820468
836732104
839066857
547577908
328229078
81867686
877738643
493643110
516994225
645832060
317540875
437568886
765836415
364425545
58117553
629671071
623543850
915455889
867728124
708091703
347869552
843203776
651542986
852121295
98918669
165393432
68655394
627098476
211552446
838720069
308481027
823273055
820122580
261418943
591322523
172732398
685931792
518638803
642219523
216556880
185857443
627201943
61055565
612493214
794614514
879845653
308598503
560288981
339175527
212869993
634159786
247162455
732911666
141374806
109420600
896087124
425151703
459456833
574883380
861381254
111148021
372814887
488606438
510179547
84146915
872785249
779384637
190529348
643404505
615186056
360410877
87353231
99988360
598704522
591387800
667573593
150628259
451955582
374469319
299153384
652050614
540333743
582032436
716766764
887867075
398255950
726494300
475835314
273705224
171083921
714147369
568428644
869642089
18634619
115834608
663591879
76151223
145046567
599176520
367826366
431112779
230322592
80052677
610665069
418296220
412695609
221735730
703220288
366499627
765526258
917564344
362930996
913751160
98791282
389334994
22046637
301828415
741297945
657488743
279014836
493244456
635061803
330166611
11110332
828263444
224683034
498897788
270926309
382688193
122521933
602021230
307484687
344403000
198940916
297204574
655796727
368751068
721028353
906379849
479005046
22489677
614592842
718272690
615670431
888994039
228773339
282042211
554720641
580485194
540780341
282017300
69332030
305046956
136877178
197481199
816627080
682464759
526574248
485550531
557558089
397966946
518469277
510392379
156194986
916140269
740822621
686510619
805473975
908751382
121051702
912496314
159656777
884214976
585054683
270069077
910848387
718641008
387752548
832475666
427870621
278805404
477363918
213048246
720181463
107664708
180218793
128365286
191271999
284435596
172685718
96284579
152547227
243405163
119269233
860994649
574749174
711333366
892033229
384120155
412456774
619354168
208654669
603607687
93185541
53812084
33910835
622849433
598602130
243365379
912908673
36597778
921040437
824459130
639435938
335470610
750689422
694212307
215145202
631005997
144214057
454913363
144174601
238261818
827891162
121490526
123569766
102829319
3737919
889888909
122395584
153754672
114465597
794175344
299617826
834610135
266753597
723078278
807653491
598613340
222730471
590342999
217630116
691003530
725082431
422475795
781990473
615436916
832724526
6535716
650785000
24002101
903322482
296299736
262480377
684942330
738937281
402382065
573872978
336636868
741146660
502759869
593946265
744611391
71816780
741325558
259756597
8775949
583966213
861258717
797982874
40545066
265384130
768493491
491167385
17080233
271431226
835313272
597201463
702991588
263123641
11514231
724648337
428267315
226905017
470389625
741432737
113040532
106388517
712562180
300055653
142200098
743197501
237031421
546319661
810138038
782642766
486005165
533511890
532256357
610866805
781912893
678380201
376297995
923063456
655394602
761900943
416768921
603575510
266454441
31884824
22110517
16065852
807851356
746485326
462921156
814376141
558901128
646892194
262867507
345260181
25894038
870472406
733013461
203496998
268356856
364141210
904527158
541775494
843904189
173906101
117609919
69536767
175434352
254395495
489397222
184300075
346670859
884682220
708631266
797764779
157650647
822542299
379022973
610167916
251464673
4463285
22823422
318870672
701127097
409371734
264832707
764499924
34113177
829406851
506437866
55855263
498575238
853919906
874420778
811345397
397747760
629079804
898473512
834653250
191319212
170467074
899464512
318388711
733808490
707465311
206688882
885339773
707200222
103983088
785883973
398817137
849598103
509375884
136849421
89028510
105084305
241672421
649737962
469099065
428635853
422379761
618709332
617166611
856235283
828098940
100019787
811886534
845826048
666515650
331179772
771189583
114758297
746550648
317017242
203908358
646466896
795768866
464203802
601462131
501291696
710754561
499488574
519224038
213562204
713343226
864952857
619688363
5565730
151887891
347892313
611303744
394105750
637250669
746929072
523917409
233804179
283190640
797556292
440483701
211983431
280367717
8940546
268928698
586799956
133751504
268284816
669661294
860853262
244995759
886665641
256007562
351943607
104329798
368713357
375684785
199786869
379345802
786623388
886742627
474297992
653933946
237572281
776047179
596768951
912737666
791956502
549987494
530541883
355705141
801498301
4067202
639672293
5993425
507609131
689159678
206708337
659903753
786656038
549294942
404877296
833719945
356341715
172815398
775190165
455298073
523830984
674440783
400260294
653904443
83588848
515185371
158485905
212331138
224893292
105255822
462900642
702528587
922268192
190886133
357265106
195490716
490190343
528248493
87860691
413497784
179837554
883216646
433275917
831080446
133494802
756673308
354965372
78006074
285696680
680534871
564810753
236784783
322563258
128547857
269653016
176682596
844780652
101683232
536264747
394436682
896605702
94365405
911398747
652375429
554001256
215687667
304937527
49170224
833418974
679898702
663583048
577365504
876865304
863613200
349762098
532579265
52780255
209554889
838627677
140765175
296126658
786738147
173552775
822607534
228911627
130028280
362621926
807209626
693913630
435748070
523043684
348911233
607817897
245057524
409612233
876449423
871891191
463081295
759529513
213237881
615063432
449104578
699953322
156496435
723206011
454877244
101632843
787799392
703240868
607372011
860327960
763303569
259391481
660867939
841499439
56820036
831746786
210427843
251459413
759313153
916631963
876447897
765262407
926470702
267397177
498056041
194609627
662260774
618607956
555756756
857160939
274322731
69879587
77588547
320018985
609041203
59206785
631352152
120983753
548306585
249650638
688604820
49008132
412567914
502127886
191653038
55274523
314682993
235036384
523422679
553833752
117424559
508684643
467000239
659380409
428780404
446238933
411282521
609622011
51535327
15634259
297556684
307650233
272398147
793353698
31112677
121177700
538905910
581144081
451575845
83438374
421131149
38344632
132558105
394059591
690252686
394286262
926908203
138691782
459812589
224791304
10852537
830222791
196948001
843409051
679669407
505734345
792517364
241682803
422010924
475733186
268635178
69487479
169864228
686828446
103930896
325161232
804345870
925668542
670141287
139394964
501082538
886462202
337663892
844249642
830982525
763893667
332500203
792413832
438746321
918682574
437012311
837989871
814852115
64137806
643043064
319431160
769622576
467637535
706640139
640257187
381783158
500459272
454575210
56327934
839048673
298792742
805996530
141428972
500627474
921075032
570054
329974347
314268146
739549391
906150740
398469261
591746353
645421286
123932107
452386539
742735406
17214207
244248270
437779444
815506059
553326919
921277774
819666063
742578748
440873613
78757558
650467583
894044154
897743228
591804268
594835012
85564655
466023651
397876688
726105888
814138510
789751784
538354253
847357855
849272364
4240675
316934798
520412332
292115455
627280465
548431232
898832068
85578591
430110474
86726983
295867969
516616836
595645054
110677657
469058860
867562918
659488442
304952167
51104240
389282490
652930773
172187981
102641240
242085910
346629988
211902959
286685426
837324501
268238811
285793762
659891842
431355450
486800576
207943549
36645069
289107557
722787073
861940164
716010521
608538650
587968646
3366979
806823593
248631007
793690442
653330399
835527225
853543750
607661752
605832871
580545102
687542911
35023416
160136684
324844760
866062253
756568370
440952915
308554532
568549444
831688194
866070968
423368575
399452311
865353717
64893573
489604970
174038110
270988942
542985292
676150447
233758117
667311495
711771437
275149576
375176871
22710274
103549804
9769024
443667997
874882670
77769608
487970627
830441268
835767371
244450822
773345290
465360660
640386631
567043764
364529587
289928362
748604259
202386318
305353771
160652713
537417382
197238388
889573727
749748148
492867911
733641320
94680806
752307974
725979538
610694245
874031224
134756122
93923632
664838920
49586731
873630668
608290334
287403760
302355316
695775067
665557567
186264301
841082502
591145137
866983966
653254145
244618367
862494032
77731831
340815933
379913421
358410141
471720210
424401366
664805300
165395082
43975200
194773542
673879773
475471959
84151588
480870079
276639524
607991227
45682512
892311624
247166820
13236765
105744173
457674351
483718271
357968242
235829437
294944745
917770059
381269844
540903098
289576439
354830362
158329180
183996688
601895451
111612867
888784374
930884402
667493866
912344381
193843318
633926279
514582517
600940422
311144053
82588568
506643249
766908745
930174686
269196795
404578807
377776605
514205950
607897249
508593781
351234157
730920671
889982591
148706700
442429329
915171837
231050169
864666014
583715614
411758985
289761122
393429638
65934509
780646563
70975530
539565847
709066434
769681889
130881900
135323949
485959810
793257375
749626318
390724104
732641780
68059014
783430960
290181019
805521896
659755771
6422503
122534791
860969088
105339128
507543817
889342203
84632655
765191592
582631022
377330350
899006438
175118182
37864048
697057992
714541637
402301932
325547734
603815290
77495455
587311531
267407344
588741192
228756160
410641875
693813872
5212012
150444246
352919755
644612250
165546511
831353464
449366496
212951785
131777876
28257473
319120138
677599279
20646897
575135207
140900973
498917737
730550825
516705926
133587645
593831411
30262867
486143609
485018764
577310822
44153006
706103605
677806990
370781827
746402032
189137105
916399435
838560640
110594810
83856742
885337508
432953145
377522739
81539606
874182488
882740619
176675054
240225361
298481687
363480311
259768859
473744607
576990128
374669299
277525114
300142196
85072361
891856221
931414451
67449740
823746222
860480497
241102690
477393425
832445520
102081547
726104380
262853962
623110888
307136057
612318545
324577177
547389462
127886377
566147736
642488712
814165832
685578132
457883272
591560552
246521381
933057381
642197174
303007871
816326524
254716670
68265019
552012003
604587371
135912258
705656192
642802872
103021868
653127702
332959092
688706350
864317585
350536502
900977814
917170452
411652682
530189715
348593992
747277414
771668131
189694854
656042582
163271199
53212155
127265293
607411306
412868623
850226600
233504685
838883808
393195675
188444235
335463149
434583845
293452617
780969371
173891864
30837780
744001892
55002434
67102917
602859827
365065730
302938381
428247284
914752969
534768842
830821453
812092015
4706420
266438383
234855734
487322007
412570444
417624373
655369078
349947064
299703887
371469932
378275256
707602977
8326847
322538876
538170835
857481110
853667251
707350870
474532879
711166318
351103820
418921665
120834142
110360892
901494869
608422917
429251889
771441078
912623331
285521647
563973726
460885163
860346466
5518298
366442770
164854011
819709347
780312787
399781497
502379216
62527159
617599808
89160422
789388513
859593519
678416435
517953196
33002139
500681321
324851595
890400526
874376959
692539671
774565156
667437625
363452575
34897562
640932545
661324021
375319480
212052391
427816837
271754390
186487004
384678873
32576048
918954510
714966667
356304468
906390395
770420794
37395296
679932226
57676456
447953250
256625903
205191071
816669801
81574647
521675770
302180594
736448503
687238754
170412209
453758113
646152081
254381327
499142808
782926582
445709438
335513194
495332853
231862713
824080857
148671189
653396730
553528037
659451428
831017118
315872009
773999814
109401707
731128142
389907543
303177671
812558936
381094201
18902709
590468773
200427790
243956954
252868612
479281434
272424730
888463365
27997631
105859543
457698302
5124347
315895181
765143952
55878365
221509054
862926067
123221051
594066119
870928373
840480503
783502995
648028771
330035194
473921986
653814225
800598096
526760848
710621222
6811244
41894375
501784073
42979040
434724527
564007833
359549009
159401058
489326734
198178968
514329586
271503896
841239861
695203721
817718720
306316717
163648065
904665039
786506455
841746388
232155906
456917797
213837320
814769387
880137450
94933652
735358623
25629456
585791531
804249450
182077366
312752346
881540080
154299437
127565097
148679423
546401035
715904773
300417839
445387185
540295871
565559466
664972816
177898984
840179514
105356968
751465924
536853291
600614018
765650702
650564028
846931133
632047428
765938721
522730135
132378156
389314960
184619282
39485566
682826020
216203705
500756597
545359219
932297004
748342431
636949811
503837513
355933379
511422858
590815817
646435338
437363072
782287437
537282882
898082323
14015498
642651219
823834255
859085704
257269752
455421572
800315126
137448138
495479286
368208259
70187725
669148653
222599156
384315211
499406186
408551000
198415690
595074606
222214115
917433498
560466209
906528548
50684527
289328382
932692861
331133785
805856089
123479680
347692368
117532568
390499072
220329478
456552612
589229987
666405007
319080299
575605410
634452015
391130361
252913244
915523029
683252540
629856615
186402531
586062387
564797275
119727071
260401639
689109655
338680803
19623696
825884051
198476742
544689694
890709576
646959127
276593723
137816295
534831600
234290497
412216881
570167298
238621920
397950224
741994091
665827688
890054370
816164841
158933445
306667064
461889981
865682267
304262569
901316595
271433018
834595413
319747127
186940889
334318780
174812913
463666783
853756056
876908008
518221607
789580411
555703847
389874887
851268215
394863800
439151612
766578648
42020100
349692751
760636978
653695754
543753085
240480530
447164594
269159223
444066665
265629285
127605450
516560383
182552745
22111209
693573436
153982803
130863365
33713007
90935751
45849020
307675503
330255939
626244970
871548524
427098078
930424404
189384019
653406935
718293894
368472982
476409186
881802563
688557486
410326618
213955742
289007998
416120345
789329281
297046172
693638924
251730039
454818144
682300022
403190249
864551471
829246183
868141187
562713485
415871576
298950929
377429851
82280921
830190
736471147
532548553
32871842
275456510
415822924
84275937
610076858
173684947
444192533
415539766
396386611
731667725
787417773
553847122
110180618
338854006
867063667
601578698
748242445
392516674
489963764
265282168
85650754
456397824
236782269
215551680
64979500
456415831
669742197
405410910
292490873
1526380
627948008
560814587
21105227
676524789
366967144
226409024
244757513
778650043
919443089
808197473
316562828
29114489
95438259
697767209
794926066
293002889
379576739
541751062
909346841
532023430
690138846
62654083
852338407
394563178
409710136
125424938
204877064
617745104
430819255
823180045
735650890
824925154
770095768
343008382
268560402
852864771
930028726
53757016
7923267
906420667
172892040
514176702
209455073
431955486
856150431
329450590
813653011
358951428
413115560
112838450
66461851
714164888
67888988
96286221
636794979
319500363
157523326
472302928
885541827
276054931
81436620
440253913
703305260
330588438
39469029
92390084
85089117
197275842
897126407
720935991
623737409
352814340
299319091
249401324
250398754
439953333
630245605
642333901
81805717
729325304
875756172
792835391
756344721
795081661
214075742
239401324
287994912
230860921
715246131
867481003
275776015
632379355
175501436
297504013
482660043
83188771
188838914
285703650
582492687
374181539
843564038
761169722
271435519
902276858
710526508
30900823
284948359
509029249
904611380
165378302
637833098
121741898
452754916
888632155
301560089
311068053
863872993
397777249
19952961
212911598
617199340
277451131
738292735
55443598
644610158
295730967
255225341
90003099
25596142
633762513
226532653
691431106
829290516
206374440
393040216
48267645
2185858
136326867
742932499
602151525
63508085
88136543
391754970
800306128
74795810
682310704
734793443
792779471
285392673
741137570
619109424
523171893
96056099
214380706
901990406
911389341
862524049
228230465
412083577
668814622
858941256
224863592
13344185
449949787
631061352
22917512
347938518
80145844
819924850
562630173
332830131
729245292
391082578
854029634
108383892
45886921
172825045
356244307
272876959
742996443
898917885
789618590
557392886
869548774
143330176
490158925
258186371
863529414
725071645
678825804
338296473
735767524
758571806
120871168
410077712
157139605
567569126
396381850
298155256
732594705
420448400
577607069
694652352
774264309
461173609
35297201
600944255
561257960
702926630
21337464
793844969
337383813
108757214
508606555
614039777
832091944
871311599
907128513
764765186
240764314
184005834
760803935
760607467
336214171
512126739
479732453
241561007
810523282
891223073
733155982
597001557
378067798
879040791
509387031
423836414
598641164
809365882
152160001
450586506
241388886
404137156
684955037
729996663
903050795
243284417
394839006
515012130
381015355
108352074
523196347
118816952
863394411
673554471
719988300
642388607
137139899
546405703
855412518
84480714
16928380
490837028
644439161
427212007
344412717
400464926
55569145
540089263
707324487
793493467
132842967
241380417
751520686
376825608
388779123
630891024
333898677
185130036
102310500
131908218
255757032
236880595
680194198
681069022
639774732
419324163
358502710
636159447
433428371
298908879
561389863
603085362
447119279
811387317
83424729
874620306
782248762
26068495
400442558
868836462
618133479
713396007
845680729
56709143
741323227
355313863
549161415
578102897
574113139
151605518
68711020
207413405
639479528
100743456
248013933
165411571
50844927
392725704
441818644
323328699
442833283
380186289
662215556
109755161
263355241
256800370
121018862
40028808
351361763
283426691
367796543
843173061
895189611
378415982
774676836
657829367
610101882
97792849
186242214
809639082
368631591
697921680
904207834
346748845
906989704
339862075
911593403
203544147
492485538
614391400
852617275
758770553
237983350
608088895
816642104
815796971
509231649
626925990
547638036
814365887
861712402
460862586
522056939
174638610
473189159
61844797
703850157
51910263
811187318
795657126
178662750
21456783
101564721
393454051
818681244
419422918
540763608
654956035
865099773
275580807
655341134
260330411
470400696
371807989
179456068
487458592
355868263
114465542
443725466
707373560
570384302
722570306
327148927
303712260
232054024
886713679
874500874
146627337
525513636
910255035
402592734
821764999
585404364
148110625
203894773
507735349
44505891
908464710
388258205
487623151
605038750
6691807
798994823
608388760
252812765
126286378
604571299
89330287
426521596
16433298
276580602
381807858
693947762
49898165
165958274
612001120
101064795
169733688
541938201
908762823
901647523
30629127
670952117
795434339
440357814
613411528
64418275
768054281
325227390
482062377
87377203
731673700
652492180
111827496
715460639
679447433
767790928
498942983
498279230
147537978
522656815
313064682
378799206
11556834
281056719
544964323
449965592
61082164
7680808
919552671
641351284
570101090
80221163
522131859
792606173
627155528
661736870
205246274
429662363
92390525
224584394
41709553
764776212
671463475
343012256
183757603
881310459
814794635
13647988
868299769
522044823
894973230
72803062
40047569
553469544
190294145
616485085
300394929
352834139
557701036
643930832
883161416
755945723
64995001
346656135
370520389
149444441
564181716
556732417
308366723
77454966
353209728
870531986
114660677
767361281
243213930
382846977
749884404
750055795
96663826
303593986
695376416
195004298
154256463
484745661
147394070
438833701
829549356
661256061
155867627
500042511
373220030
218191848
521087874
892194717
406990005
608230220
98660822
390766333
462589405
435091159
366015
175841239
857668476
33373064
771860195
175042194
843871533
316608444
208050446
785448869
188144842
33595673
333718378
836690433
329932938
465276097
661206746
281578621
565028834
150570928
130543555
610842902
6104761
584030502
393774193
912572398
464549354
31427502
582774695
321867523
834288373
629142282
348834058
792724536
419344859
901347653
754308426
844799171
387833441
243717494
261793364
664148019
866924618
570533240
698609537
297512056
814992730
502962204
871067991
25214910
912899039
8416202
395550565
68434122
285033689
466578597
130990309
852262977
74038505
556569371
879740046
794847155
895616923
129423943
870803886
145083857
912843799
337410171
719971699
687293853
244101618
560580678
812114287
192256650
770634630
820347512
387412481
670455145
930801277
661377110
478552946
285716037
58734396
764406539
172893870
105634165
741992185
746250923
544318136
9977987
43977868
548632715
737054877
439866565
873288346
244117173
301476673
763068172
377212667
360335128
815693060
741003998
666866771
301374087
603664317
439418663
116861423
187760329
615615389
671004262
84933614
460458948
202273982
738232996
688204284
138983922
874269504
539507252
591459292
211196819
753963657
501440791
191240510
858978919
719505245
125395230
347122570
332450588
123564699
537033325
238173708
375062649
108264972
696365067
338695501
188453925
422626606
272465482
95676357
89984969
910115524
395357615
627326145
171041417
875009872
573428469
760906486
773764829
452070283
84714413
510539407
651881500
623858577
37648611
567943087
864595844
479870127
812895505
10782103
164369093
713922921
852103658
644864527
98531075
234497572
842262140
110658496
261924700
100659372
544229543
598754636
256941001
816989885
867843557
726493737
299150497
575603510
223560327
574629359
334515830
416326606
494929988
321770034
38915025
772894370
510920593
319703747
306846292
515470583
298798010
589072273
424102777
600781826
415974050
275454629
822197971
604903060
258229741
116783325
713883097
833928847
352248081
172061828
223001248
608369747
270079132
578986762
378565552
465718874
827902587
880370449
607884619
433727114
864150000
554575676
838594481
495045867
99767447
168028187
868422368
623127648
24386862
577257540
679338760
629028215
294338086
664900785
699171589
90069229
279796434
730751958
135390708
296862401
273330390
777384833
204637766
747626464
778716280
465892141
690662099
361872648
493975354
187257195
51299922
237227558
447872443
69141539
41322561
833814463
309849692
904941505
619619152
757922715
620068946
911280371
532749935
179182710
373558172
529803870
195865940
568366857
631102134
492429785
178081155
66577334
886150736
394355463
60340103
116974355
143982056
203386204
122822655
271949842
345380647
170590765
284706068
80910768
453782188
52074424
387314872
689209778
43184562
805414803
542648392
212503483
756335666
903881107
690252766
530700153
4799601
325035130
619000413
322458541
816462869
404923481
475720539
347194789
90048878
709771955
105197695
156959607
640874565
598025813
325012601
42662729
249147409
761467066
408653389
840376099
337490962
122656497
302823998
714098587
2149284
739182115
651897080
639462577
736721198
717795353
128857190
799020927
919939947
433262685
372135663
554527669
240713751
129508361
868603736
815399415
824162592
112574862
855999048
10163421
685996037
116763763
582824739
694835674
596786109
927268511
526826060
923878052
68890821
10870631
258440036
128851871
849789546
37609397
535824242
214981723
290659351
250602253
144878659
743662301
862151077
27486559
381824790
359465557
498434236
917180617
561380040
822144881
77854093
600443255
399122708
853114090
489285670
553738993
88552374
553714338
189229692
97507852
416816825
837016752
630787599
237376924
219462487
460024988
582043113
387231067
83624285
793869102
910231204
37692619
826224392
876188628
794548631
610321132
733669686
791581601
492050944
891954187
544082388
328927867
670132157
223567240
836155342
3298088
312685999
702700244
563217513
34704474
274008677
790975317
209812978
431872506
217774687
757917762
21316280
262099204
531246855
611434622
285153903
472992212
106516948
773074310
822542005
800983295
105192897
87310782
881921630
654141369
343274119
99474280
408630156
633787431
559146953
764387140
620815464
480944503
638206662
281408037
194255201
509616304
344409564
484708299
707416601
617307976
385782125
505882132
527705432
473829080
175117228
889694463
431108325
360076538
3219645
757802319
876712744
94730231
932751959
62265867
4864027
282091014
517809409
582820403
192416532
861340689
457397322
495993873
772599462
339991482
212286524
495860034
755724786
509780186
761647381
712434894
879523434
624341617
771300678
631264768
856535224
767761758
173308659
491875197
474473200
679838940
654175338
628390637
904940132
777716440
53368726
548234021
811964408
101037937
333541731
751567653
932985329
603923440
452806478
690351632
463656257
710406138
389550101
411766500
887116188
16631873
223024111
856817849
728935931
463567547
911016322
57593214
403886153
14257435
312924656
804591261
678080017
542621148
655533275
510274735
216137996
647542675
279262609
60018618
544670672
639357408
4964481
281154407
185781873
604393292
319789773
714720471
97374792
365856661
211474325
626177935
173003922
226526483
25221747
600592219
396661092
583410026
678595727
926017697
801675303
155832240
320495558
835225118
647068129
176180723
75811983
621789315
670455044
779453980
18358752
716682571
815277112
628972922
91314786
496267456
503115817
147931333
332987648
18987382
131348029
793403159
673195764
114942723
155067567
498500120
286265148
430063906
475243743
779367535
728983072
602559987
385063766
212084794
611570543
140870455
637464947
786147902
713481061
51325309
807245561
580624625
133315269
730716378
799538887
721621551
64476753
4926179
244701208
98147849
499631140
857618599
394389018
479073313
188819784
766341063
666217016
850172931
115791619
722533183
794644698
135220577
927568676
770813939
155658380
14508105
293832431
766987241
623991030
229158270
168561975
589469211
220110049
807592254
511438975
870495831
87467099
643635178
758219982
341800530
382457773
487403819
392628085
625568659
290183260
344310768
135251873
345994893
233841568
20001700
774858651
372433531
902720040
367390413
319528126
152464931
31698472
837589952
478939657
428433942
711814717
200440852
671076812
194466907
405058894
447670461
312287115
930175710
899794637
294798749
795802129
516657457
423565620
670873873
676110277
205862046
476470630
496395697
173318645
369951091
806445833
868759577
527762444
647449748
506806872
930668690
768529758
16955278
421025420
565842807
787230400
251356039
586902585
387174348
662337441
738643411
69809761
408429762
595500406
106374696
488908745
117891679
793179467
48747332
49427116
777486992
66201872
784785472
685388920
725581647
19744237
594922537
904828738
393046831
542913690
779160352
380323489
261553616
692689389
109865579
645259962
202133269
182503997
872105094
575904740
19955508
27932116
225727482
617090523
384700144
866950565
550554743
666161427
364138507
518724504
765639271
33759431
877841399
194255
330659789
19689709
175796716
554193989
709060414
805656392
652381074
496926713
656455289
880708956
542122068
31221753
270010935
776436806
740616236
371633388
354333127
892431366
342204003
256454817
657391381
510157905
516522708
50728547
444438049
643857196
477879656
376630176
924090256
148473127
333041867
867900691
354160316
632440379
812935751
579170912
671495101
134939796
609324292
359609500
919136948
581021208
548536025
400645957
414369907
638712535
299646311
557026504
677694464
56050669
725785489
902224391
66523328
156854033
883206011
27487510
65770621
218221836
365549757
244905853
460173888
196239983
878309560
870608696
733871263
661532408
714169125
763207786
907168441
597800808
57483556
276210641
471870997
439483708
275540006
355460305
725415446
303869493
348131357
823013106
852182696
145184568
437361753
352596808
925341903
148613843
895842502
678392228
755272645
863304832
722792436
228794969
885238267
477628647
336001004
239532892
772542334
324005005
900455188
251200879
127890131
257488926
565752881
819543639
384024
381039238
788825105
623426936
90268570
295370025
172540968
799581823
701131603
142529157
254713691
753345621
34469525
406283684
105032988
633823240
502532766
146780501
407619696
153006431
890590466
664540024
715727865
146629873
360491635
377499686
121201927
714390134
797696146
316651211
805902417
895876223
907054265
832534959
706635238
427111785
96648830
258857395
895181120
399457154
782538741
736515107
833837572
167651831
753380618
102266035
816646648
291470208
635826209
599166027
178325595
871207767
791902107
37719943
135533655
530765426
445773060
548693917
798332429
553118816
244202450
189580933
810355192
871155863
475757450
869285541
908506108
101880028
809682571
914285773
122224521
339243031
280527386
455486018
719996624
656006206
356912664
536751346
10784998
139892907
227542063
927802556
90668697
300610097
909000347
463493192
633692909
266029115
905160351
33085913
703531408
256123848
307986955
322250868
432559483
444484684
542434562
468529151
483044187
215455817
785488606
224591990
420971555
476527656
845842632
483897939
408840406
63544908
700574226
866669225
182839193
85027626
200721114
839567261
854739557
97755607
667314024
414160456
290408720
779675314
369370475
68178880
155011785
691980071
791190182
165364273
555899977
158158121
428324262
717790972
722291184
365772725
70927301
353795515
443933825
890654213
59065647
888492643
128516766
707865490
325435097
475158567
342196205
552944771
346159935
721062705
86725262
701085712
191069191
214370403
552614202
563599768
336437678
238616625
749701463
409224022
714112473
503653857
470229796
325913720
549454790
4530293
283017957
344974197
376891595
695645008
599911053
147430681
109358311
130903681
193952625
399349055
212198410
429258642
201875308
381728353
774452115
414963253
128240566
425935273
285392594
356159703
271594915
597186770
671643518
699268062
283743561
733221570
5899670
179808178
822881076
714877370
773896541
513485132
515877570
85756465
580850064
501750809
481382510
125403788
276724695
595733822
48921150
413798191
573961937
709314148
547052661
716624655
75265135
111478253
888249419
741337257
241132502
22655072
350040851
737214926
848273210
116958845
280177415
541247380
771287879
465428365
486177565
384542722
681395971
343729407
654238220
222427760
331370461
484622742
215003707
351267134
441060010
595489786
211539222
709531570
28656745
50508742
220171413
117175544
853802572
261105634
905178559
500235329
530843393
901031283
535645771
396886075
620470606
861322503
301901172
854801790
30272136
268676425
111139415
149738916
558470734
253161049
570497732
662722039
596597448
75798440
231521839
636003061
799486181
789370538
522742193
781175982
798270446
26484636
214652840
688853746
568504954
649204709
420904844
693981539
494979275
610565236
640711279
820077127
912542468
321585772
723133387
276416101
824472958
256704716
657926572
832929359
146939677
639760929
717984925
807413189
462839384
791008236
251114014
156784906
375123837
444716586
261904988
760698768
294549009
362850967
891375995
254130696
79994700
634715987
870209482
157363005
363361632
700648308
829467220
705168468
28257930
40250246
366872389
423960612
890040937
570147460
720674054
780859178
906114869
417843295
555722535
105281701
378907768
400001376
820414544
617500625
194479235
67598837
369869223
161579690
590950544
296044995
780373110
95768204
703698350
508780816
631230436
858015725
631669225
356332752
143871532
636469759
171475087
369078826
906245915
504466849
426783696
283904573
20153561
87362271
586672957
630850172
104316219
570502992
811666088
202589439
559804499
931812629
149873997
506601881
440252123
502769128
137600727
318405472
788999160
679541073
763832502
826382162
544459037
305401561
386991248
180914084
453356519
114660325
234607291
528046573
37554736
626118731
514835395
30768272
426430695
147909448
41851476
799683597
769607803
726078550
373326837
799095402
124007386
857209970
393918473
292163665
677126921
91177207
875874018
268891823
794856003
454018871
541074863
777105336
371946800
256806306
188665666
157834538
107215241
455602389
715512555
4386831
205826321
26162680
405426733
270630902
68151457
243128916
745622612
426734656
517046766
86144770
908990756
668720078
371828175
869694326
908100722
648207573
189000635
469950603
469328226
382851115
656247418
267313742
579968603
317459380
622961286
121502826
450269950
377701299
224650133
445611778
11405691
214464035
406255188
490831055
165154127
381068236
17287379
830816811
11265435
731820207
494158347
791719407
293136336
647822738
651879072
178171498
195872093
541687766
249699905
291030299
308116381
583673277
852321403
76047346
411877952
63078990
811905479
244137825
740111238
477067019
470123338
774846463
684276220
804080535
50999391
286722215
728961021
301307654
184967065
42425
701780891
57585757
129430243
348661439
667287795
257487393
560343316
767356252
812881746
24766610
670768581
8196806
87255478
342130847
523775900
787566142
6854372
925527700
65793234
427050619
203491884
727776895
227689443
327830422
55041583
8449275
673309621
576202012
903623325
85579521
64718479
495461147
463487770
645153210
743490480
190898492
163339613
666053727
579932386
339034956
292975396
833136853
340053235
48192395
72594719
431205339
151023168
589426461
886397346
790557360
881130931
865358539
62223008
636953714
918249757
97607949
435938802
120592603
509295513
700144892
922760493
605327815
381792238
190887296
405470176
838172501
81314426
207999827
6340209
737221652
642604258
244532214
819961199
179111642
345623160
51856310
122584612
862849058
261317888
770300387
422610027
318785731
290455248
355752582
196472937
802654219
468473315
416191891
576264574
692126781
786352450
813865839
420621338
510628677
806259805
197604092
612821597
434729311
867277785
108125377
197550683
532189016
801025054
796751519
3348009
495076175
125697529
397848442
616061637
333504131
46310983
672191501
918591965
475079365
731144569
890058246
777512898
146468140
177671606
590714537
873280306
711765516
497508371
409817439
693250501
256396189
847673580
95639764
807010423
598386357
768698765
566157922
509834385
488843306
366821055
305232892
439717888
74492843
755194065
235681817
375608196
726716870
615499523
326033294
485811882
191884139
914834590
327278018
524371314
808762849
79240840
235328421
920767609
196998352
375006632
814886871
448348401
376479062
475805474
672322508
229706737
34761894
780881057
316991667
619071933
721970428
353048350
571025443
902484751
464570680
97077632
393798129
701281132
95754394
921660565
774274822
401155060
788637882
443360842
211289748
346174383
800143889
929017059
832529102
13416250
104780598
524751503
79566495
19059459
27606091
346614921
814672599
850415640
891841363
203687211
256764613
602126269
241426812
162046261
481311202
328626750
889917919
801422253
715149987
514583823
221657894
572401972
565951243
374162020
545766049
222523974
929823318
384511775
714386139
30621270
176807581
774622630
83976219
357279993
388958432
559618429
735917302
499076418
447863058
336970592
365990470
305578555
202754293
447210809
249737086
456731808
812216532
475424345
467803919
654571543
185943292
302682302
473327889
283861434
290069132
97786170
837918170
894616560
733329859
348253439
580424196
132001474
529775393
549936836
704574437
678280068
754915763
425416441
338441150
672479568
640057012
923621743
586967791
278110250
508211890
219282889
612779181
761529241
261896406
450462149
341318813
304535024
775324737
483983340
84102610
137508097
413046096
290185451
621803876
830616917
206413802
303139650
409755207
321157665
521471714
448974419
135133399
333304655
258500613
457269112
253980797
257700430
254775437
362134594
530536763
385095540
129494899
270407071
910801457
915293811
488074820
865760888
303329256
878235861
675108625
183480691
347329423
928261542
10533209
49323124
490888867
808969362
275509423
343810227
347962318
397971155
379762029
872612620
619969886
218335489
333507447
65169927
650897992
653777459
355697497
497394903
484061153
128561365
794543630
595452905
714411228
682628170
876706445
303826549
849093560
400854272
660519937
85020803
218809958
490411366
372019816
432565709
97088610
548911576
54617356
469684473
882436049
908468169
875283641
548998044
337253782
572949453
860457416
555174276
50177789
423434615
175006727
210017226
54084433
917214992
691494782
120756387
482233664
316274968
240914860
593886729
374317101
463556279
819163424
623261952
319536314
185407412
641125523
17186863
263096003
747607003
97821007
872612000
267586318
558197293
48580019
924466822
131893766
256392685
401740116
499309241
639329605
211542391
27526109
164808107
732224121
676784016
882718486
715720263
164119900
604458328
340001061
497496873
620630525
45740717
218081494
229227741
932406222
647153225
296710
593475983
257204688
839161147
848842268
586347110
104694826
470942444
789354979
817541066
8680144
432517848
756942365
836718598
514999608
269413379
602567467
46153003
901936719
614384684
503185333
108650220
856904831
379517837
530657907
468091025
897598037
181644266
582918973
462179603
491473409
381788571
132796829
208445683
24577076
521995022
312732063
905059929
526288673
243723455
258101605
60423810
292170033
128218919
775205108
833581102
649397786
203123184
434677649
747363259
350751607
670993766
328966557
355961039
645560302
690404292
285690737
352570775
684153399
740059668
921164360
769278097
95060848
684320327
891638537
129669129
645600487
390777948
314970043
384600750
807562725
609699629
230579708
368590018
295703575
505551616
666468447
735100565
692490982
443190336
99622405
128136349
151985935
672821415
714076568
172336799
64740680
310622843
692048215
730636028
22168743
232021893
258324357
237497981
780709822
796076775
661862639
281024611
96825130
29738018
572923482
410566435
708179324
740049161
810585806
79917001
890667560
842808961
446355026
149046344
328437841
426184821
144299666
421346753
600933206
204536182
91066225
307599927
406671910
788063520
520297752
560043853
838429843
511052272
687194387
286644311
561695923
668074247
398563086
306879712
585507495
931349686
15420542
838488245
881404639
246036312
600380583
718169078
88520302
428645373
166443158
601014035
104063537
674913749
734337213
399834146
687577058
143848927
322820282
617834581
693626174
862676482
517634826
355566347
47645447
383769188
688091710
661025221
585804706
822311247
170886215
271188575
511889362
852351880
57803690
299589293
627355096
113600369
875497094
140512484
136025522
460273082
39188390
502932458
500823771
381733193
369958249
22484550
199070454
495913844
329647360
123346974
298288587
125997645
76128129
916675041
378850688
641381604
928271549
41504601
821403391
281613818
394646446
804008032
435038921
738298389
26902814
183446124
415991489
708296202
362140304
410667600
716665576
247367843
820072378
624144515
85880787
363375692
471604362
96611976
236232581
738706928
793183623
309406511
338422766
90038952
697001869
154066672
323199184
176316425
46518117
290856856
407462683
202183365
467305748
469271385
170809773
184780454
838842942
704519125
853764309
926614144
68133102
792779056
496694261
829236071
620026911
576819499
129781461
428919075
530714900
395256730
498970483
582981095
89777616
103771582
674082045
443591471
115268163
173682210
682041744
297271101
361088692
234753290
788934246
542725290
710991465
666390467
402796953
78599952
672344179
194805466
23523496
82136593
546018354
692484377
107327565
449229721
650983789
824353755
871754556
629190421
270774021
627895855
87791139
861043711
773844788
459483845
493064918
376005943
622751734
631739588
74593328
547428371
374388613
399256209
185879973
349949040
228097371
90771662
586182821
626619844
202425085
681645215
807775407
487524214
869804393
23358346
470444488
458799370
661784939
670704278
213001092
84073311
541979504
898298763
926299824
655329384
23490282
298354107
909360523
63918189
907395652
64266436
412412998
304261924
26887748
573282218
829454436
795784743
117497734
904410153
84760998
472230940
43287386
29052845
364122804
325089779
349867977
122494882
392141110
77416988
455145509
598538122
79330345
586311865
385217423
104851673
174094697
288557510
845728278
873558902
24515417
432532688
487327355
79080253
383866443
772548784
274163039
190183395
872304965
311356848
594729355
482883478
429928774
805103991
465090412
736318330
498290369
694639382
236361450
795282223
517064612
611302526
897239049
200419147
257457035
893057611
792820193
648971207
153610367
507837622
278918928
95138314
400320215
278897516
196496393
727114017
832421175
570068469
904724361
793047247
888447764
95353061
482518312
535324301
790462933
779284378
556651896
633383243
282181499
106917685
522401716
197605099
176122977
721937995
584681687
860796184
758695868
212116226
244728328
887690263
386726090
831062010
447805363
655202734
117188314
804191989
704723856
204941502
26561619
697136023
241027532
549309513
742632244
599325543
584228654
768372363
755801675
421506062
541268340
640497515
668547595
462274109
701461660
175694231
343699118
383273015
710507463
371762406
625811429
559635838
922854678
179028425
630916027
366439991
362960290
294285395
358153690
23630628
188086558
896480839
688455635
423728256
904504127
451675906
74348380
32702426
797907717
754534178
844860432
28525755
403343129
751859461
250218353
775440767
627506054
860824765
299644837
810392373
72352298
99493804
907912062
899694620
22124546
926884282
373187838
169904281
512593601
343172233
465242720
174791303
854334973
257176524
205081802
234000987
932272335
396608082
886032741
566539542
138684267
239464973
276348824
340656469
477418684
572284816
105485794
605616810
811510495
847363619
323035331
818452640
123886868
62985345
134195283
390182077
17997005
586032967
814441598
761015721
411170211
673012163
839262901
362616109
470683203
767869870
150243113
219012807
203879294
224441578
10166094
204380633
94141719
829496953
794756823
710192866
722226166
813334860
260292645
631355331
206959491
709320979
646023971
291932121
211422759
51254162
432990785
659606444
690401521
551052619
778532337
567591806
761574721
531865827
931498473
440190432
480316823
711507818
486109534
616968272
471429309
603509612
867892095
288456274
19655355
229913243
848306536
127462951
416684687
23581818
291721606
455387158
120075731
30067960
441014559
822801632
581269856
462821267
161571933
41266477
733391563
79333189
589468719
706634004
94311124
443210637
787742913
449447042
616694804
450335242
77062433
856695833
195927067
581469508
37704709
739075312
672234696
148935331
643676549
309708617
556013588
932359631
210714797
3441760
325421398
220696467
808254360
711291554
91845713
263082009
552618245
456721676
808193627
207481958
774539392
508974760
55965096
594278330
475735919
423520063
222494817
651266947
150779567
716536423
498651873
902398166
826004294
616893860
176311524
455342180
241537086
194419179
147150309
351674836
558323633
174495605
932870800
488547462
122921041
659813657
710964382
820654510
350744999
154414963
754466198
282950782
660317172
678221842
217607867
103231117
567789389
575970526
521993812
803436419
385234209
435884314
846459786
131206345
733322811
443576162
598774399
570340247
397878570
85519017
776708580
342593266
560915922
589379746
797985483
581786731
236990363
301650227
688820734
775268230
350670350
503927336
84577139
425210636
21524738
49846859
45436529
18285833
726349219
116989301
138751804
805891057
562036563
141688756
375120413
840821539
380425791
674312470
203767439
903824108
509856337
813824125
104173009
856899147
366287221
580478194
158772858
216919431
765727233
239441173
695111769
6118358
587015946
516964709
36941792
575082893
112281228
850993074
575914811
22322491
598894573
436220862
122837659
231059539
601315325
742783526
891910720
572269978
844400585
296076507
865494463
786425720
690337421
667399780
803768810
618411419
29762089
751281128
20279690
284577535
775114130
545663304
895243435
535661380
79863167
600040279
19497538
241911402
585427867
582026333
554217804
889160898
244250408
524089309
465266418
298247754
547666489
750651318
277151756
716603086
647312381
598662020
486793611
347855188
515957358
347915839
303637058
698731246
790443270
94532872
596242333
849932354
898303470
501358880
308504029
518856973
578428623
863136536
361632564
93271644
486451881
340529975
729227108
906471683
389781508
743503462
186863285
669071224
256961054
508733352
825865247
663981795
661256808
793077606
295378543
162340582
695725792
730790386
224854455
87340274
467159060
277901854
463230995
308557898
77543277
577322899
120941215
877159699
767900317
369401546
268324705
130450088
782043458
600171969
79862711
577473298
781721728
669938707
637948275
137088473
837867638
355970407
65943595
759363298
624064696
253934332
931869161
598096584
426648202
209475203
174639487
573873657
851034648
434286614
899021076
796501657
899737050
809523100
314322254
536903883
298439388
204412730
99953785
516784659
66919421
654441568
119795898
339292486
127988895
531417927
826191923
570033051
595769507
264791964
232322186
718081325
769092094
194155248
601831676
358139127
242992529
228655390
912163757
243073980
768207444
115527739
313167802
813064667
834297610
852031001
657306464
44325351
764173887
885087575
712935575
926847380
659241283
616453179
155474380
416824904
445304365
736343605
122919756
240148053
560527967
735349522
439882096
576479580
623131603
111929780
697706357
741800682
258778496
181860433
797582706
81003133
616948800
645286814
400781773
491639595
714730931
178358146
630569783
97021668
745406298
240436073
585502430
241577074
700582200
491899767
597133853
78569720
411918003
547521252
423086707
448530477
160564106
231747792
472087543
523754938
739791020
569610051
374379338
419274170
159407805
339596888
101524829
720422356
801181427
722519751
743771076
587579707
911288212
33797896
792145255
49836231
487776947
94517229
150664901
506626285
311270336
260991231
473327051
786244021
899323075
236153687
369166985
671503500
171094048
524403438
612781592
567354570
608187063
630127409
878657696
360341889
55358062
181302378
225896805
461567445
491132832
126981088
34535157
189978553
531840801
488057978
396575703
33302916
92812085
30822807
429953516
197190266
362794640
55824524
388321533
298139510
328688630
485944723
546857849
464623501
277353556
97666097
509679013
247615266
822218518
477888338
646761849
121981261
24742218
711094107
578993651
431910775
887337595
369822745
271575078
730359745
107604260
2057376
387558646
573258793
870834920
234754303
890806952
507366860
211483479
679317573
714820605
604837958
626225593
485351301
522025863
48469323
845487805
588591599
497046650
867065363
505108871
246533075
618276102
558203650
496846258
263752966
407766519
288691266
285908773
162366001
490993980
723211755
133555433
235579603
594545343
696612098
396079267
100142947
914496550
660132563
3735683
234537858
137064127
673329635
89360118
533337858
547072553
653937592
274635125
459622430
93505134
811092233
449843387
209037989
23582131
745177309
897219497
700696534
36380579
308199814
675736287
821630959
827688598
919808674
919588120
491159646
879177874
413743488
411609880
809118044
334961337
334516821
182793188
638070772
367905109
354949525
801766861
237875986
117201898
790183193
238318198
118834252
688597478
44695778
229450174
215363494
275827710
857555147
46362706
655160181
206113626
434777977
740307092
345768560
643468004
388840126
709320232
101615660
347907750
62285713
357894685
494089534
278139561
740829360
445213000
509791359
186032457
698657719
858127718
905593560
928695943
175242396
25583524
860815624
303439075
192134072
635401167
405762242
842906523
492983533
591173474
854856920
164854021
107251739
842869721
640036318
609338514
22426202
804393423
700992535
736915666
251843931
847790263
904877172
757615730
730813549
187425151
602401441
822479854
742870610
617372540
473046680
462304942
239520432
293182754
638664471
328378482
363523225
644954139
93380739
408744948
894159034
364664403
513417697
383573794
362179684
597792371
873812198
887572892
262766055
281285614
417121086
522283498
339917147
13608308
793737578
212385776
183250087
456854627
129115387
743799636
244730836
817756253
782799080
678859294
772520875
37858679
250015215
30979678
381829263
729532051
264065100
27425322
246614159
802380501
234381897
382918413
818707237
251179749
626156569
821050012
342398083
63951450
4937972
876064026
661355224
132128676
381477835
169274113
641065488
823837253
117841298
341009681
706632930
29773602
120533565
85964265
676940418
566598916
727777620
589685582
424452539
844805945
168043286
767103380
15999985
206781172
407603572
358625590
777938769
462273812
392072236
716866763
881646100
602613220
213959788
578352755
240999026
641713606
44693539
773333691
91458252
853712576
487084308
629500201
653138835
697819485
47111310
383687764
97700320
436409323
681784193
698982425
278467960
324960454
730026856
143311338
848539979
436107316
430965573
578485042
600847554
895824080
191365608
59132706
72247650
22426515
704957140
844505766
872214820
73016893
119229124
769152000
520842338
438667695
802751817
621943474
40864380
511144387
762695556
127545193
398389421
54016215
212990241
172843126
525967934
683373875
823866950
720184765
525447444
900906055
171376000
1957852
374132212
548147225
770649015
49240394
869437254
188032055
662285142
417359874
411633634
298326647
223267260
193583504
353790326
916415505
480306855
535626554
371311271
842294908
349855958
824393815
810491541
103251761
194291827
48126156
489603243
25202623
778888672
451136092
250852833
34134715
483882874
361521260
342790642
663374710
924118066
287375784
101240253
404062318
34122473
207836159
24561175
165029215
312670162
564926330
158361049
372510936
263475777
257350173
221496019
615052522
747211573
271293041
293193091
689757284
322110943
923907256
754583687
929465514
785355087
176375636
807615635
641265654
147201843
121851419
903981398
191463102
285533712
403777504
787773980
487057685
57608920
762961141
795280239
217074780
166558680
878136205
113885958
911266338
96713303
488756168
395567697
413031949
848720264
906146681
783782734
320384147
330459374
113138020
15592070
890137445
355388752
725777823
807615213
495624784
552124772
190165771
684419170
698472403
905660379
162268434
308918986
669347078
189869143
583499775
868728750
855468416
571965265
476631420
83867858
407271892
373313349
276712025
562288823
241962929
750914487
463163914
393009143
262788821
543737948
85800737
608454773
194089384
448532176
714497209
699074047
898954993
90441102
410895303
769473479
720569586
278705591
40915365
351302406
145481758
97730601
167495095
605110477
281519556
607653245
859628596
837944452
290278242
533719358
477571399
135831511
643684027
74338913
729792141
870367328
89586801
864509090
26832241
646872604
624446020
923289668
731106860
263266848
597086977
717101159
20686784
803300616
119684455
19660715
439165755
283057092
762280288
764570160
546434700
836451281
159332316
910297081
13257047
820462965
698705170
218177295
53152875
915671191
741108433
32691613
839130781
479195016
646119838
417720828
287843036
785393150
865561670
311862229
819830596
620395368
872567852
825709283
323406313
294185345
441216514
348575661
825419575
878597463
275829950
914854291
772256140
616156912
89023842
671959683
66256707
649444603
739732961
3837187
578870969
794780245
432285080
224457876
26562576
554545630
119414004
230882504
294321598
236058405
619297738
443913082
913732087
752313186
690261200
431112099
78543645
800842336
779976811
593960984
257464828
774837719
631741929
24126794
553523401
578822421
312588862
385298415
26973374
622905057
657211891
637973353
410757078
699504337
246679288
391023994
435436367
395780653
454604842
654017266
878002373
193062645
418952634
699627398
429662306
518935862
717921643
564821919
837093742
613331401
27040402
164988527
361857384
468684070
668879825
136264186
683853119
908184825
531988536
828668648
779603430
333724654
380993794
560799301
912584378
639801870
501438067
685104923
247645868
508915629
739780757
398352034
584084278
830589003
92000163
208449076
674364491
836784453
12460416
323946969
768362856
641775766
807634740
589851095
276840976
121600101
203888357
409567035
815099126
211337371
918081409
742009358
38091117
920898873
280979837
900623876
628733083
502870007
633541651
492678834
671414420
712888097
276763816
222009363
791366213
756234212
297994766
206266900
668627523
109527756
188203672
916143368
232533532
99128060
524926503
824866327
275128493
529232751
397313725
899524291
326700844
273643286
132257102
767473109
139073251
742586678
807908678
162042458
817191387
924736891
616644112
309762774
236932811
511199548
300195201
353283418
427040541
642319641
468444712
559547081
621292916
654507960
259627344
193376656
833635934
362285506
188710704
523373423
821082425
329174770
795554217
192185769
506988434
29911850
301394673
94273757
305536159
306496975
541101821
853978006
896798390
159803822
283016505
732351996
456426788
552132200
215747874
305956206
57227560
493344614
341496062
174699427
351069953
347514749
867235410
893560345
146300943
882546695
372700069
666250662
838511946
434326594
768784377
290862633
826912334
132764585
763369914
506417894
41917954
395651267
400869007
576667677
891659214
261512915
528962200
89831191
332033324
14963826
764240917
827217791
24307710
175383753
499459099
639440556
775845939
582861406
596943127
98950404
81713850
282153038
585380644
575653474
850417491
846947722
835907944
276635780
825578364
458418713
588751127
375130732
348784793
50408238
98569976
892444026
799461744
118142517
209441797
475443226
190108856
848819895
31903384
518497536
898663454
643611729
354423668
859061801
628501669
238819413
687108371
706641865
113229729
462505750
417302260
39845518
808016746
432958665
804782658
382842937
240057514
298027090
216444282
472501448
419475091
767751889
464408262
597262191
119481534
86629135
579498456
91363799
162019963
33995575
617184335
335196967
167683219
455531721
176732484
432069617
905482897
264457786
883303904
807533641
561097797
138943388
72308659
302992725
866372451
149242197
5068263
322360961
47445354
853738704
367074682
98178519
212775743
644488834
698755485
263032181
808297780
674787593
785086821
711876350
440308822
274360456
606774031
249977100
869342162
779510925
794525770
858786983
304012560
236506875
74337099
563792792
209541493
131845289
479141726
890374626
391970452
127580213
899730597
873217921
384433368
621153384
349174811
641470052
361120337
112392731
499910594
803987307
110230471
551594416
621928462
797623143
399445919
40927975
912144632
268434282
578501002
790610310
2413305
39780744
220490412
903432955
258090118
16114251
653927593
709364401
104960240
490019093
414782275
96482089
187355151
919186439
581150573
932394485
294342374
595733978
874559281
103062293
850613191
467729667
2016280
807315118
341984786
681488572
109060312
20274458
677451277
303499446
214994644
318835309
274369998
499033472
445493926
73438915
735554127
360802160
352331594
916453176
578121465
747444280
567084455
517026262
831775153
781908638
420817074
54977666
809042020
271239335
910851254
406643374
123526507
697295523
413848764
768364887
92340742
195297178
890735063
446972718
273248579
684317325
98880869
778518309
752744831
248720386
382685241
567255966
127791690
58275352
284036748
23088838
544893606
727204772
650743754
41280431
655975058
480221664
17953791
755515106
523722223
297179850
658126128
485800376
874715842
479003593
536065964
294062104
540598107
668187424
516174636
114085113
582102311
375805424
639593145
264900323
199013978
523731689
394231366
161364810
202211379
497939046
111309511
266589356
919180684
37430833
668411296
699950854
122531581
205214562
386932986
764063664
565118675
546469454
623219104
355325113
814685354
473538638
350681392
46185071
616538472
390838912
602218214
429916828
545865800
21972619
740871119
26650711
492752776
470939509
196096980
634394946
1946274
70086438
592672400
645573918
870270404
211006495
12429167
747845729
675357803
868118205
46716970
110871855
349547141
297588485
288692402
435082972
723237380
931415404
171094322
115972220
304948427
173640229
395169386
906636191
870527961
594003365
249998167
278173127
95896554
183820749
643710386
255733895
923316610
663259106
351689682
733375889
887270959
263579556
705196557
870985780
333178008
365855093
36215969
677344713
900839386
416776186
683365708
506751763
68611186
530854101
504644990
120571175
49653489
64244383
469508335
13414244
145267194
750476944
140620418
806916774
437782959
467675331
95161202
