194155542
416098525
128072169
832071695
359750473
662833915
513030244
412306780
406767225
71229364
491599412
175494526
792328620
30376638
868807721
512607626
927547921
275647571
288058972
393940512
579482232
293959418
128711176
929412579
650167412
115545181
927437084
676474439
849909767
775785190
881262563
587423378
685606087
416817431
524538429
425546928
398495078
607722771
172061170
561966154
536139106
219836392
298743887
891383797
129450637
39521262
212920016
517383264
75691526
369632852
120473547
96353875
567845473
596649441
667939998
193519942
411038942
71249152
382510741
200921713
783643609
250512554
853025006
139503247
715294199
77435817
652480697
615120143
176804421
532041024
407310494
324220631
534640512
125452688
301550637
271845858
919888027
672610645
189632374
191979352
468749516
173452676
469916929
756036350
78847384
668213827
825362114
403173854
822590839
654287174
291980099
925646132
760162994
756957910
929893321
321326558
47261573
227992934
714546493
45244989
376044035
667628280
285760216
65350927
229427750
180371453
434448817
923044469
63388014
334849916
82683194
825251756
207599191
693451677
722034461
434401859
139520484
354922914
473666646
661993246
498733885
161624528
877426127
464745806
552492958
909791601
524419720
33024769
163123498
834647181
430628586
931119113
828248218
26373121
601806783
899306296
84949177
564567313
278015486
477320082
100147986
481623712
733763619
75889232
166349263
310967133
179961020
90085026
22587664
42874266
554263301
292541828
673584571
426493921
590643131
903924039
714283514
773106676
525925162
630734219
242380879
369018693
466146744
651544193
913514981
250773907
916441406
449411113
216424020
17155067
708709059
358973684
794869655
801489492
814729621
792596356
13092746
250693251
149320537
573723724
469366263
563951117
263215802
311778470
798971633
294675195
113861161
61354376
610364696
619577860
465842068
250467397
611725150
594982228
126606884
737676873
601728933
927422909
556706467
322165693
744023054
759010315
899594928
400814911
186779193
130296704
742503314
676641980
624556380
383000457
615650010
357735716
462630024
793802462
805408589
533445132
832019085
606231571
331256157
188261941
767898112
504419034
56438236
215891191
225664535
337012413
883317743
9438986
124913725
545475383
833091072
84567616
908692539
432900355
909971192
372354938
645850351
750180371
634110042
302383421
837042910
860230543
347149646
294806415
453739250
706921072
800425485
674765681
592239340
719648915
274378104
450085354
792701638
583488701
362692282
437273936
263663562
825282155
312115725
901783903
493599419
265385961
604715644
723659655
634999067
605671340
608232680
606314328
250960435
876772347
709599874
292706688
926921345
509660253
450164795
55987103
583005585
144438563
66530121
508769553
219511302
243581835
446381239
732853807
315538415
287114065
616113485
763062811
150843655
296487327
562963202
426912251
700921848
531070986
191226585
764050629
677274761
96470168
869919439
710230451
887726324
722671616
51756037
187800361
184863258
401503273
188973368
121999603
228919649
37721787
589819001
218334503
258384834
43131311
135679212
218027536
332561125
660459666
811919675
567107203
70547929
355703335
151116731
188599489
58248513
149552515
194471162
919342726
256546784
498683046
864999875
56068053
588332521
765384114
318153939
10543872
240229327
668007439
406131692
788916674
685915444
353248874
584323104
903221664
153411149
731149626
313491791
44664432
59429935
126149031
376060858
729983222
148152169
537412417
840120866
806636574
414675145
294420576
696307933
304750198
822832870
514131076
242712310
622785489
692614880
139381651
903268501
834773864
448019457
690961236
559366666
332045940
733210565
248065877
287306298
118620438
289697325
712804520
570637970
630646544
753766375
751841612
71414326
320907060
12374391
59675761
429480407
45303477
97985007
365006109
929175244
849379720
824151962
624928121
923699550
206683167
589631827
810234657
353093571
661189771
480584353
613425030
917651093
121637446
916868106
620457605
703154054
445629308
165854261
800411786
778576774
640163103
116538814
387929202
173855144
133317406
553980928
280378493
431373823
883116851
715760816
401288676
281682808
224016801
854262539
735576361
261340044
149361521
276523386
589823021
230569600
749808832
733844642
167233081
242727805
859473774
353232631
284276794
116800610
40613734
213551098
402904128
759403809
439219703
575698360
865930811
753962352
396980508
173324608
269433361
116158712
626049597
44237550
709073110
888959676
843469312
155977098
563284469
827005024
650669466
56795218
797359361
752434271
241647404
106650525
300789948
718200306
657928564
916773870
705324947
92231488
50785038
312218639
429200618
288767036
397487773
489488930
121913581
172903081
863034091
700947671
399967309
557341120
336231291
745677196
254277070
149172552
137995908
887196661
242894157
310896734
331219663
443535514
723369409
368239055
562655208
63503920
361496540
22280289
747402558
451706565
778644436
894389310
362480633
900437200
420058150
79657753
11474239
231018984
266648795
474975684
639460872
319688725
570355808
104463295
676288539
890397341
251616748
492500935
268994610
248359748
791237957
219967449
869555932
108497492
429034476
75353628
176549813
909659344
710587993
272062972
875136198
440605236
418791894
452230155
81970501
422448505
68144067
94985290
767135596
901045823
177453692
255850349
174886961
506289608
69510205
470867208
98472188
29716802
171103106
841324271
436367598
533931445
454702116
543206007
633329878
464511314
192583324
635921162
591297790
849147453
414917658
397035363
734748633
208972325
35675928
861409429
60725868
23771693
341969304
528134132
871528960
634872892
346481890
772521027
747689990
721939962
260118361
134791128
12278219
77416688
582314968
35177192
852394773
454315378
832762930
602589846
530734377
396601991
145352208
832973932
607892239
26193771
841881251
333404713
566016327
235742171
230666369
479925187
865027092
722703374
464498177
222864454
390129900
766844139
703334067
151971847
255294650
58286697
426112855
844060813
758990831
843168215
501532676
772598816
236790868
172397377
767192224
300995672
914237893
10328412
307670926
152604563
154593612
573889249
214749261
312608802
778889916
905683080
180398051
861684812
922371314
302326058
105644018
698191423
742949684
225055559
419367487
727137871
67389991
160291356
766586685
285068271
118279141
894358548
652339972
280173903
473780065
58865136
72097954
609245620
582282684
620912936
36088676
99884114
747414313
813488067
312815228
445364823
66616946
417330782
386654667
605016560
673682364
798320543
388570917
838469705
220859037
702177875
91477040
905822765
358822794
906532088
393107697
889414529
294808091
165027872
404474949
250573331
270532000
477201212
746022699
136985692
104781552
801751274
271262465
574862938
667140336
159628337
270853815
403870682
774985888
913320207
730074179
691513382
889371489
488763845
226110048
685466407
836336037
578767981
798234285
725101575
504887875
98143865
584874098
153765243
440284321
217563500
853441893
371251296
503223436
396905007
354290414
423966892
131204240
317707350
513260792
850545939
141174045
433964418
622383475
189238619
486125773
205049414
596929055
332929164
816674125
318840517
234769952
176548286
174812909
33715437
454161809
827560313
374445917
923707565
622472856
792252733
811428102
748800720
450643643
227229108
754135607
861330329
180563932
569239204
30569570
453894325
730523238
302036727
327167711
878709190
124480742
230176690
396206925
223684661
722664934
95389278
642563878
509782478
703338962
101709370
654745694
328680162
543362842
661261691
360446797
126307168
440505405
43092810
48616120
166288855
599372634
582107408
63663032
739220172
145702974
57946388
650816569
120653453
448798535
793586186
377106865
503463295
698894474
578075156
33451523
324751504
427094368
744681370
784537389
293745917
190025943
861247831
546263473
758499168
311735397
100665196
904747697
255833532
429301157
137252745
703591317
34829919
596621383
450982459
804146299
834070933
351698342
748417800
514105063
670117069
424500469
370212412
670872958
584768585
581507114
487220037
843063405
333753029
912072469
48888966
456059248
240680292
139578700
39159583
590465901
621081877
406068922
148732369
51798851
663014173
478879879
887467139
456508649
444069990
886066037
767772418
240230896
161898694
410423625
102580724
827577160
669538194
678024472
678662254
527489893
656343478
158788482
750898453
325119646
540191082
9933618
550843916
19962726
244835321
470896323
363888806
72577638
419859750
668318869
808131465
196339901
63067312
76121077
333767417
46169229
531555421
675500212
699078582
322939522
715526147
641570931
905520968
438205316
339847036
497717504
233721337
313079876
186596609
568828329
188966338
591257351
198356123
194481667
407971617
509039071
311167151
722382272
730385963
700831861
270971148
338917577
785640627
414414774
144531513
174303674
29953608
624587518
754476075
266866275
725271380
368455153
394964722
606998603
391328839
344075458
887864143
242691315
849777005
479878760
864289689
538099803
870782842
188113948
178551492
371377353
426199097
235723861
204737960
555882932
182161623
410965819
26935949
516563930
889070726
43348244
115633576
197521862
884980249
929512464
206103425
229924040
218802805
309336119
62557213
358673894
914101300
641408342
659975449
78513227
920827161
209981015
814296871
567830915
471929729
177448429
872253221
392761219
338538983
591132106
189544184
252872024
428177241
856269206
600968633
899499577
761975854
507898927
785729725
378794364
669289176
751966171
884393770
758471732
147459626
708733350
929154075
429715495
6217879
254582884
705920314
410270536
557885754
257907876
301733854
67911309
103149959
175953800
244546363
672796001
350374390
452593875
99753377
279250428
669764156
906510627
233101876
343663710
354609594
22581634
706529961
676047171
625622807
314737396
224286625
251672802
5373577
888682757
917451431
100601597
497549648
651037900
810110003
852177977
822642285
897589076
826154344
575334212
843702170
49292116
429588941
804732503
427439244
411589253
719332431
752010331
177646103
908463698
218757637
622361463
380760374
778112731
853076117
817465512
97793281
807915386
604121800
20488192
622713212
121962912
516924811
201577082
658495329
181222026
827520690
652612762
103948210
97923107
614902330
926251836
406403263
123859126
923122530
19927989
671588630
909731066
113574225
545785309
240998713
789726566
394571457
926033185
916632963
7578693
526322483
870845289
904639989
835790529
198530493
295565914
657423889
749479813
155928787
274392028
887634147
732599273
313671737
837465859
761143601
587349260
264700182
451674431
391599247
174049749
807259777
423076186
530583428
7954349
696892540
546533238
736089150
317306602
762294538
167055898
687323558
27403750
179578172
172104993
710036095
742982591
633756244
414915925
478103797
418135888
291828629
629431073
158405251
904934253
500959918
125092349
80354402
126003237
487634775
928086759
396391339
40501530
530456678
798313860
382735825
693438301
388594078
263964611
279112486
176634681
376665461
611145325
619447642
571650273
636443438
254707585
545796009
91223305
130840909
680402676
907925635
432130556
437721916
914696011
860411365
739207193
416306200
163068315
437700197
399168827
119676191
76176457
226270306
865858594
804866133
354638319
343705958
907513625
526564828
473678634
520539827
57170979
697874407
326100247
453628762
34365530
932452490
409983604
915594422
664800003
339832681
764021941
875902956
340662887
264483480
116010873
144839255
764171748
636438233
146719453
375483552
433221047
667730299
194067963
203656515
622374291
916291102
71894888
321985672
558500055
669027529
458293447
161446119
64108213
638240478
780310235
89700106
206052649
328637236
464603996
468782969
726954223
861431059
228270577
706516156
776612195
635442372
139113551
497045748
760032375
641698305
186237629
37257151
891480745
521930067
403210507
722774169
360136064
214037656
289273189
119102909
750005405
757237913
819618292
5414392
604274592
726911251
690487528
643716320
32918787
386313497
390484144
564855068
650887825
245273196
419442325
679347437
599443901
933100920
902967232
313669902
737794743
617170325
14349045
567797757
829237984
237150872
611726899
334040219
577214449
472935236
810829309
729998929
690466333
372900892
463551992
24417594
460261449
267528600
918177336
28756436
148679765
536423674
746707901
80988810
830425890
670322009
10398335
757611065
49128804
297496014
81132814
757113862
454798340
649822534
360151489
804556786
780883765
116724069
621675816
37725932
185008878
11498378
481540270
235962191
507780584
520813629
508180010
609097957
344862661
124247140
81518423
407860987
926372212
591991237
424523563
772634794
679122472
462228125
408101109
332918111
550378035
648148533
613503903
203521164
733107372
245633173
813509108
791918124
78660477
883635642
498281931
854170422
462698011
160786784
638273758
330497278
523874505
272591612
739973819
525931870
776528917
510871291
495028853
214101336
412771615
28666923
192349000
548422748
562166144
320291769
291731753
329349140
877144576
374193316
844162858
233276077
234077942
831443247
585558786
477291403
356773599
174596970
175587845
710154355
841502525
472356082
418217639
279900722
659039684
492247539
199608803
814228029
736237954
245593845
887484228
717912243
627657001
853759927
37101009
821954484
208483536
490047607
37506872
530398107
377054138
567720671
474922495
388877019
932777133
338292385
89672920
130557669
311601939
178859722
7224375
521310779
75849079
470842220
416560884
474515651
695939600
288530302
580811089
62514612
724143420
886298798
289191289
793770260
932496777
156829387
760187125
22106942
236000651
866470311
544885795
502126508
458345053
914709063
642972287
670898322
101424289
740252645
727500136
811114555
821641038
303159240
169412199
430503843
8494561
415801545
382642188
640180757
228608760
768644877
478412034
467482592
380291391
231975265
161493057
743065154
796897530
244681998
135287908
297773947
262627379
787826236
353754790
707788394
592558186
449034522
852910507
189877433
244242805
774374580
226667252
705876574
696901137
30506908
10766806
774037652
809228577
899592861
17551641
294699041
480889522
80399911
108019090
599507237
731017125
444743075
538677595
422872066
840512337
338574885
552385825
120740616
387884774
757568656
282041183
397901720
230694263
303156436
6798765
333177631
106602864
626722810
522655920
530262446
754526440
274958506
876744805
907383691
705136009
14367018
141448517
220591179
473463787
358687282
116140849
370963014
161225434
477476864
857174272
740958324
263882824
301967778
261136456
420237113
324825118
275071407
284066617
781790118
547949769
17622160
219299053
323152002
462571312
122525554
851290168
623790207
416212127
123414050
652759648
307929207
283271807
766724061
687424695
378355820
327380834
523965177
118895064
313069786
228719384
710929694
686079764
864282933
164140435
104892714
198293103
520511993
699603080
333908557
356544823
724587855
366106745
774978914
438572007
17832628
164144988
543434351
333627155
759027679
924584206
29160545
353855546
675260651
427343534
2032822
91888113
785586460
720756362
272805628
317346213
619638177
499385774
422183639
432090236
885135808
275119161
928521671
141750630
433356996
781205329
448164984
736957892
331213533
484228509
921712613
510647599
808004391
507029603
704728588
886605807
123886915
926768479
793426954
105640701
630495753
769406421
529817532
269188900
193331553
337350867
824876786
637674664
260282201
485217447
788530620
704082405
76409541
45780122
439281715
152673651
400924993
334543320
45778655
80728485
392857102
223288202
829844323
209087186
270069912
777928738
662085261
647166152
687034633
590829253
664988524
883654032
104775848
596895098
467167572
919660147
295298025
273248493
764154803
607395428
787896811
826655604
237629088
307094885
612145475
750785619
119918988
266598930
85332214
170879246
784776458
127965737
843126511
243446592
539896543
92080672
712230508
869594491
282142914
818772637
479302393
70212925
271542385
337779882
254951299
689353393
222340438
91134027
33670122
94786609
871948637
549875676
540400667
19250251
856783051
25889665
757076600
732622971
711528895
782868507
640670416
358851016
608170244
692447766
797087883
384179701
194971398
389979029
763516524
369866004
42911937
386825980
548078456
57520013
771152574
697634743
479738743
395537380
695792434
680815884
31166642
145800409
419812364
548997743
636001441
746467853
844904384
867985743
676344216
754153363
344842677
416890706
404891040
810624139
864699370
244754138
120911711
446303073
374516997
130370972
347524649
531837831
408772837
916207950
750811232
686273255
610170818
717098651
834858033
79736562
144429469
754028499
635695488
426091402
736676207
632444335
25714768
636137175
494288124
885706117
188417850
826249259
520122953
61194410
342096752
418151219
319101820
497860694
855636073
829439510
355814482
306411312
378838788
110078844
342957384
472648078
551304888
683000534
727329676
305472590
795270542
405560622
8106180
107406972
642266591
181359911
747772144
72961199
427449790
346004744
651996389
603987741
465855858
86003472
710702911
849128166
599369254
704042307
33188505
497054770
928537234
44772410
768098575
710632614
548717619
691652235
826497162
81013828
495867395
627338159
579085307
700203834
607091074
319998018
716477456
136109874
805990633
493648747
591484701
544939477
577362787
565553663
519571435
529215388
929292144
714474380
685336650
250239735
840107717
544979794
663002642
184640659
240795283
660519310
607285636
455787780
418159753
383173872
358764002
269906298
875695592
364219592
436088554
564175897
917483628
158529999
747096473
225115118
44940412
276905898
689188128
240882690
129395944
818935763
662102767
714495039
475392222
381857065
27694048
641340710
932973751
567967315
470816680
509889085
406457009
602842549
808893191
530311993
382380835
454738306
885692250
127393614
238646395
188020192
308843729
311663436
528076724
158390133
684156415
84878883
610494736
917776001
345046294
283558428
457427198
287116166
921455069
858005467
431686688
259429575
408173561
41678365
629237307
588273548
311387343
24249531
326290569
897682459
658363195
590295917
455933076
318069596
657835913
564485226
596659390
40345872
63903796
31368379
217535696
648515360
729238270
500397533
656110128
376686214
311846929
159569929
623660167
741454065
480420126
299402121
163621858
602131856
332582645
772547446
534699510
904460646
233218875
423838842
390782766
923091382
531496217
458909331
859533482
64927028
657758353
99380165
523159347
856501701
262909175
690602582
238418923
309272472
550785441
675112051
619020768
794800975
620786622
651996483
185387446
378059864
575094326
470944385
899366478
205013677
908315341
880241788
459690251
54686850
115015580
628312868
675468975
370389208
89322175
208219538
606114995
838922239
492366970
710975453
653444187
423909089
292562589
673508041
887038845
630299303
98029036
372725443
853902441
544646349
858773181
465532379
598794901
173002297
170128033
116974688
171234024
253866047
10789139
587586987
743491230
602144967
636775629
542422240
886995146
462286494
486133623
660581025
100669476
11139695
830002338
710972479
444046538
324439966
631868214
316943105
859044937
694538263
335728033
386168012
199598418
234725860
32146505
156538069
163244626
703921685
518445493
131012265
23386737
379973549
587498393
496063452
514515987
843596122
601747861
262050807
575857932
532507377
130845411
289934212
836659628
528395932
521099318
558051195
38969914
692553798
279627074
209097180
405676408
467889916
248124644
28792118
96310586
759783271
280461413
475753723
893400026
469973452
715342109
566286633
529737233
42581950
162839121
919954673
860991170
30926628
177580710
623342119
52313889
682667990
725279165
835949927
732272452
367613534
575799776
635851029
714268374
654371164
930930786
700447860
2698688
17668162
457300580
53757335
607548609
645799531
931173438
638438726
546046460
614460862
773831838
906586441
240520613
793968980
777117886
891854006
160730999
30390003
701215394
481858932
232104011
663487624
593800780
96299817
91107884
329997774
427402963
176677280
301489153
186086867
494107639
175792590
847484539
177676186
72537232
590906495
586687375
614404686
566153417
462900663
778430499
451566747
16939099
798871083
690594747
161119774
470256294
797164329
531251298
9298963
870291168
553327997
610042223
304587430
531767765
301456151
434354656
521955319
134956752
15749920
281107953
494965446
775251337
483926731
513043939
481761354
723900872
252147481
117553597
547201550
866910654
436542897
340849999
513697215
659672003
598490742
395420664
602245806
354666934
710177535
334670624
28995301
225732685
688763122
77497055
779212681
870818695
725614323
172736621
204017096
148663064
353888345
467406949
96593211
351465342
263201278
803042379
617094222
508738671
903190970
24228512
527827245
224182807
87049732
923863000
20028432
303745320
612641938
304630030
697076972
421284615
8975092
869646995
175999933
832063549
400392694
677581843
797927873
861433313
616833325
925776447
366180102
124693131
310255895
618192045
74502152
602534614
466977229
272359752
72655065
122869044
581482410
878300212
789853812
419078717
188671251
502311505
431729505
715840905
909672622
190464269
13055241
830510535
344332336
626117218
170042323
6478506
736894601
209218053
346365248
697302180
611261376
563656620
307978062
13595622
391427435
478678411
65986066
431542166
711309498
605315379
853221561
13618437
110951602
917419193
34703366
177219157
109485613
616437672
458540024
32462817
691233077
134044036
288583636
82295191
834833586
269337003
418931726
640936972
379194476
188339387
634078914
704734951
191429482
154731291
502687155
130442446
685623052
781852443
239637740
815644942
117400955
595540743
689312047
815527565
830955908
105772604
789902718
173886187
627978270
508243550
376122432
15187063
184758757
301129257
359325184
373077128
890582888
43833957
772430927
719771167
477341890
659271184
123918011
466200943
311676716
210852805
914245927
750424984
82362116
523013059
109585473
392740511
145018149
219470241
518127959
214862886
922027405
578990465
134892244
25498593
797908261
302965891
670140787
265721148
768137502
548512496
323176330
600186999
373283342
377542947
463669033
579382776
30582531
524164224
747100722
693829414
487267050
695965436
98435546
564630383
509925511
360560899
534390213
703423462
121345659
322543543
452740648
229323408
86644260
498214306
647231735
16430316
142518569
332752426
562679461
234384284
362748929
795575285
776669090
853018912
798207052
89066121
35559558
249995588
85967880
862613369
836703443
392958002
146231520
478655679
67129420
73225616
816294123
642215913
926533703
548920520
692695098
166586020
171547749
394098534
29038338
11228710
713172944
510812888
693195216
150570619
415902397
924791030
10345273
573011947
13790638
382385697
782943378
803261222
643544632
844150247
28117654
269773717
244673743
542096250
477354037
646692431
28280068
868455126
563590170
439810825
46842801
875970335
96709111
854187570
420209760
566216057
319459813
143852675
161976937
759438544
405616130
124871789
619772161
321247683
923224058
892524525
924037128
805124859
768407299
717449789
272624866
477696889
740733684
339888175
593771877
635450250
522786581
720063181
281792264
172878546
449302229
593488467
827304270
341608752
874334772
317104373
511644137
44132330
300115422
537317201
859305813
688159437
246530080
478889913
582254518
695631755
379569296
68180589
451890495
25835992
784629698
654804679
111039003
13984407
135754005
508819926
681468490
478684968
186001860
844266480
38915926
818837696
251257817
327852862
927219263
259306937
184438030
131697568
868897810
626366797
475161884
246206702
411618528
728780616
49823804
585665351
691390437
892216017
518807145
255625630
83818586
686642851
518582422
820793061
137358622
690145656
549235064
758564041
699561753
574451884
549873650
166173275
595929631
841432190
149848217
627952907
84994814
111740115
463988479
922982112
230823743
292056012
443420664
15322379
867626783
728184801
432843621
215664498
271935321
149736338
722927438
792266758
431892077
539562620
673025829
106456107
392076601
543806123
409927648
891686359
673003058
871654641
714981384
57490865
517987959
757069997
561550582
545903823
331225781
425490637
265658110
29358073
72114334
358565275
706302694
735111700
778030058
711185669
343818382
713169520
924834153
922191586
306034192
780197847
335230722
232764162
390002665
702794905
151189068
654723451
379950228
500594936
801541996
304127332
456853443
869204618
215213395
312106934
235384176
56393811
593042887
416127260
14311197
337801626
390375273
865835795
856810893
448402132
523245432
351998088
468664947
67771838
291708617
692372982
543876986
489749372
750017071
313120580
466406657
671254990
167230198
905417551
593686995
642618158
865285904
201701783
808304420
836100104
699678399
354804111
670782084
266748932
462450377
335038412
494519048
723073072
900871618
753166855
681357051
107270249
530751467
490783827
425938146
900603792
694368535
345346778
163463472
682595847
568425423
343063584
65667383
448503136
560499061
682763954
113480491
87104276
114611122
818042089
893139547
881431631
699149518
459282656
166916391
580786328
377424086
54069164
19621498
1517598
871192182
579356054
595277328
485195508
432030209
699595452
328855081
528897926
255317405
779319870
821725126
219219243
846974306
228729180
50492408
648626693
300047452
673481766
594092193
222022452
46460698
154857829
840207905
603432408
470161214
778800073
95635284
499040338
18394341
345833738
90588987
382501433
354275291
776741424
698363287
850874068
835819555
728032438
76343023
398822001
583354707
755460648
29090642
929857767
116777473
212967969
139828367
416971806
594323610
666084849
747282103
347304724
770797069
809601629
206991788
515955079
840160724
555576909
219625747
493429103
455203732
433113547
879235809
38464744
641475099
213445683
268353203
642682374
78188792
796201614
302681085
711654840
917277343
227431418
726544974
207204267
779838507
56234760
204636849
909753748
658400662
240493047
52733460
773655454
482090163
859322219
928754978
27364511
328261282
633735304
86987667
702553947
2601708
868866889
892778682
885858579
244273484
195533993
732645565
192969240
814280456
515913549
762801358
12366680
256048422
179213525
801333702
453231532
694991415
284197402
459239923
300799247
253628844
840589351
877769865
488491436
649580507
135532232
100239575
578540480
817380586
277864747
240469286
8212375
439418472
38302870
756955962
256367434
226915590
91385810
480487087
589992256
308462514
930945575
95841054
527594796
124447162
646503573
889201760
788737270
931454058
919858878
252746534
97902269
98867364
648221239
280126391
695205326
741678296
628743557
837107556
922264031
542352682
160950151
210285348
572172416
837202581
647286432
923929713
160406866
914274726
923835619
292177594
455739767
49883198
737135543
657277986
219968147
164889421
552583009
509439891
643366959
447456930
656146891
177405798
323945966
103167903
160091087
204515727
859561285
7030545
550505996
598614448
791194471
60518161
516072708
199559967
506368155
625588410
897542442
302882379
813537526
917584528
463123007
335175494
484811157
899457935
702807390
216655955
269509571
106162049
275289186
812081327
296383895
86492143
548251145
773383261
874983838
149508446
247713944
199499857
418555904
685822371
27688180
693244546
225287027
261447978
780822869
306313539
692619641
158441609
304324755
677769483
562102176
362815153
846986266
22690713
737508617
633209971
523300137
119671448
190220047
233082617
475904337
714648189
575166038
456134101
599331407
313615550
738938054
380861122
727626926
615042317
162184610
159984249
755016495
491153466
348018652
156673470
91727563
28732849
158246159
119356154
915086181
262839773
871471774
372244604
357057925
168943060
387185933
227140348
196347557
403409567
734763804
633988656
587732397
855725255
48923792
117842274
216632058
925095123
80819198
641559113
712004303
891005446
677843766
494235346
146627193
852794047
578130218
602257910
261938261
206932097
674076320
446584632
189661883
182363668
766205333
763011423
375989124
59293429
32532917
848687728
196698623
865069020
167100987
252315243
575656919
791305962
410276271
453718754
491246877
569249321
847937191
640439338
260356136
205274536
290501983
148496761
651845586
539990596
138955018
300318407
97084237
761404591
59444905
799534502
856266260
288434203
275997542
87602592
859919030
27117571
5348002
354277490
110228525
923513729
464167912
326279353
341279645
657853566
565784929
559507294
754957167
889340347
370003573
875266447
619835003
267422261
562024410
579887340
683576138
859391390
917207017
667493130
382545225
583655515
344200149
580784457
423622188
821841107
149836749
599024072
117937722
720448718
131026413
440252507
720470340
100631909
807904848
587791420
89203377
802625309
425989026
732624624
575516503
715279152
496430070
184584961
558189401
492790838
892075864
305453797
608095750
880353808
95499105
151531535
522024584
344420056
344182771
189119273
474511569
130286447
104117882
451279994
485367005
21196545
776675675
124608494
534175617
784471537
900279191
418167352
220684667
721373086
114060712
758887421
427562650
273149495
693961002
744870130
237930223
790238143
782659223
184697820
867459191
1949187
687883951
470280197
280998540
781368954
895379822
282415890
675491734
158390468
361409525
259748947
419547082
75498814
157634033
121109899
572363723
32757412
757726965
133089413
96558006
814303267
26414277
269339231
329384735
17930471
564596810
79823561
792394852
405264766
681997300
57763822
460014556
788402151
176863756
29714424
434650950
777991893
749824369
527987704
24618625
79435028
435142440
899316072
737695282
402337538
358387192
551284934
143168070
274901546
111426006
201086151
365375622
690429542
925732757
811167975
693548900
755501153
357820515
240885367
134353871
538153191
414039037
211160125
241195056
218346696
121585830
531246395
577133099
117738941
751554376
181227784
513998469
44221923
860945212
1913189
302252134
264105076
600285656
915444556
399689076
483792589
698140286
664505056
608964418
912707287
504444463
658804316
780130953
657321356
310760359
95246476
205645669
191617073
51483136
494144615
611159337
365717168
773337389
409209369
729840344
446523543
332507275
382613127
586099068
917997786
581705296
17486440
349415309
618596787
43003343
609411428
645355354
285123521
34624071
626875806
515655351
761756910
411793422
923855377
135996037
84793785
371122494
295071992
544564606
321404745
902866988
26211161
167327695
845288281
217469736
662364632
250023027
247380155
653086041
758072511
119116741
311386427
815046602
578088498
762622008
301827143
308544584
80419426
759904020
617495433
609861838
488374672
916802179
675376753
438039368
551890235
722086904
143484908
706321565
503103206
94912971
302845779
860550487
302342741
458770094
257891929
474252204
828771856
150446654
458669404
100989267
670612404
797391826
442226962
673009354
293829797
513387959
2920472
253668996
416359215
697550706
826326305
896540988
399460320
686316037
547098117
585281605
795371457
695299811
472501686
525520720
405291552
41111959
854647745
509358872
719961705
207119407
917625633
751575311
837244394
694382047
194355665
873101318
95963042
431442647
86857343
370107379
25025486
93873144
691333976
590758999
909562884
256896785
498673896
300081509
889584214
28844023
368872493
106973612
601811143
870683495
563422179
413576762
847547928
751694506
880081249
325218880
798912244
49847518
680024176
147678918
61403438
585317228
561711802
295192546
525823401
173281768
483869224
225165759
66213437
464495572
45582880
68085117
812881123
107405060
111040758
655848026
185115562
858099293
553881725
594615504
320255955
770167926
232020324
872143563
347826464
363018490
143699009
833205457
876577213
406036572
473897224
416287156
567064139
695099129
493271839
246435296
152433620
325785577
212688984
735843691
342404710
641585412
523400690
549610427
639737763
678636781
793892248
337320025
292089076
402409447
765291698
454935163
255613378
796346409
688755238
621459100
262783024
788480009
465889537
480024066
882144329
349903456
415400111
875297490
15496247
801322477
575171687
812774845
821252415
542804220
825600741
77105081
171027552
97847986
345413731
44676696
773860192
835213250
392099637
721002318
433976966
139192380
368295951
71657491
808149046
598285606
859081992
497983915
551254074
235954860
184165676
591949285
212629604
480973240
900791823
198677936
415048072
113849444
530570780
288402435
625648396
912871056
58912603
127081887
665459257
189861414
363662028
357783111
425998072
129568058
646374201
547059084
144205079
175003564
122681012
901496884
524680325
331980266
701498435
29499021
694110825
825068557
176520649
927466611
930383286
802585952
800954967
450836130
651844142
419517107
553226347
381526277
246334128
599271188
645226495
34061168
165625289
888670088
290941965
68551750
932499114
729716346
178280381
382831932
598704297
174509212
205124228
592158386
756774357
680938235
483557441
521534342
416287168
891698717
740918120
300341258
60670844
876645847
403609485
457908947
12500192
205050711
401115238
529458016
213272457
828949098
473845542
380493811
629260411
585913461
818898322
650403532
515111283
82834681
855621951
608103532
491546230
66713328
217210780
626789357
556621645
156385202
101552106
182403799
218753557
387053234
716053941
591134867
195681522
466673396
860671331
235513526
837958857
585783822
112998976
889312128
362593548
387621460
807718351
651816411
618201820
62038648
564803021
32194330
834700857
704697653
858351325
801360233
912421506
258251738
568759323
28887426
255423782
163590320
162238090
140430729
244960821
618450932
661865917
39570613
865923125
565015000
50049170
914124193
311440801
183933965
416942336
252849288
232915736
857595668
867277070
197788961
752416721
221860772
809959787
924414092
160858594
546183948
713592313
107673376
715090804
376752828
100829754
99046436
9935321
68316665
740072149
160676773
911444227
505298379
346967590
499227709
149510228
347617430
27136594
254061199
157415719
57055887
719082332
333446114
619439378
718008423
805762105
472786140
891304087
107982182
205970672
109564982
216443734
40932646
833006015
629878657
283068891
156629486
297917267
173542679
787869184
381330741
266624469
572764623
20157895
293398099
927618748
175459475
5898094
549548551
664687301
70800540
169853432
127878062
158808791
663739450
904978830
244635831
532317244
911780245
491591308
873462078
861163377
4773198
907700007
339200857
640891909
729159233
286970171
324324687
585927158
663562329
699944859
847376278
768246438
190960400
14413069
691948717
876086496
18350476
478948349
8049065
320565174
35613650
687790545
591356175
787076936
341511246
339681168
28288333
358120683
293703090
405021955
848066022
873642323
58196577
99971669
86534686
484841024
604970178
285679173
188957861
527346733
722917411
221184134
503709535
542140192
580190235
501454985
282262487
286651370
165744186
205305040
764382116
124782755
866256153
272332213
660311115
646259889
645111868
339517731
120417868
571800110
670334307
417621376
902623036
485875624
239184083
314365013
779547840
645534731
264305433
619855770
193025247
870317889
229320342
912467609
82102051
177182514
746090588
798094691
531011221
821370463
203797679
629868258
584408937
456699107
260534367
835955941
852099892
839552593
14230648
816398906
667314076
701574091
99874560
300942977
829582017
478873470
890934486
857007417
380243737
828710294
720398892
696499575
107181938
95919744
211015556
811157014
933620
306401150
803807272
701318218
699135659
838075722
432375100
295409869
256698219
580845518
150693551
300604768
489717233
879875893
609682023
433669586
249101070
683256059
561200081
650281473
745408010
818779914
469917329
61997490
377267236
190859428
903482389
402821058
109265555
18185048
245132188
237356313
231077603
122133817
794524009
897950482
461195826
897141998
156988799
367188495
222646721
383336614
210500118
285208913
204567528
367091312
562043206
577528043
709653419
835463396
385250859
533115133
822492639
887428978
77834276
453259159
896588551
237100890
817607219
437521266
597745962
576561837
108626260
548128740
547737520
591482974
450345896
389578443
598179262
504309634
113519032
542636577
811607369
418455343
200393030
18011900
851440437
265072843
438356768
335520211
883173826
58191533
597101149
192919416
740545463
257403506
871881253
869918295
43906799
560806650
662486932
552580189
910801639
428541093
700651936
793979326
745426318
241691553
127206933
392615879
322441706
648142462
691831922
78741043
644817233
715789947
589738998
856103610
608276024
67212240
299312852
751336120
432341252
384607935
753651169
849235469
200481295
562647227
910413475
850926743
650481682
544080133
479734625
458048525
195213089
840249164
870947782
502790615
458421696
27389627
648087682
281740188
194655231
630514258
239929675
110383157
338410740
866512682
486057771
19304044
235310162
327404524
820387839
886817936
200474695
20054266
13662562
759333956
590196374
714245560
165212037
834631841
765870187
486638509
425187345
634902347
62163733
593583143
530113029
218722215
898813418
760396347
847915813
596216669
631360062
326879059
586928317
498969461
728865724
1852153
318791492
822361919
612902607
351848429
634172041
641886839
865909251
928409719
839685648
280115540
511185051
399723112
277108736
885069823
544239030
765507272
898982609
56409030
222619967
420285919
218941379
291604178
259917795
305331706
708955364
793227711
821546702
406916184
555698667
715026678
246789728
176831241
105470067
5763644
62989193
752271634
539130149
353527948
738080341
134757310
86220841
518689286
911663324
142996040
821707770
711655648
178763978
855595150
82281490
837038507
615687479
461675385
28708294
436100835
546607696
486773418
42758384
210462111
699511954
457330074
42847019
280918949
637462745
119968829
68087834
925780660
718809186
91827249
436949146
838120306
890402049
399277716
225115414
190533691
643584656
617928549
424759192
29477967
460103018
767717177
908792070
588907720
20573011
819847096
371975524
531112070
525612651
173974116
303142764
832354229
782407669
192945159
272692142
643276315
812706632
247975650
192440955
824140720
124347281
516567360
559706604
574890801
563601285
39860187
857181115
135822994
922912666
345618729
374124423
731657087
180197521
370563189
487051901
843785318
27103221
45393616
478643568
29449017
251289900
923960904
457867263
813062767
418876184
655675229
429809163
923845143
322527080
584325240
784683537
106065760
351724768
566313429
204260916
10441248
714705919
673317566
778087439
887806199
523411639
273992651
665901171
550583870
816395094
924433030
296046652
206037022
760842388
615743767
332147072
143318790
125575721
449449027
643430364
218798626
23317128
830938533
191868774
385664787
6911574
641652333
752738679
27777594
237388908
620546496
238568071
348659564
166110656
22949750
155152716
334900606
767050494
142134768
820681185
63877258
876432114
650967808
471501860
923679904
382469983
843975783
922503249
622369912
917974928
518127532
667151082
33734621
755696130
422388513
434274356
358604179
869744010
597090969
92119385
220845317
795458026
80725192
732293276
260186711
93668044
206917486
907859212
538840521
44938171
411862861
225049440
52653075
265958337
379043242
106154883
616024091
544736852
433463492
126289703
139462061
51792453
741168792
819892892
667928211
308459641
392160215
286843009
21223902
323749323
26906758
216714895
108039450
781279396
540564437
391021039
177658333
187817984
871426826
530450312
270020690
381959207
795969427
918313516
908980958
520877631
735968456
295109671
796180586
84221629
619266518
592107444
481743737
830577157
343130167
555240845
123273050
450652440
391862730
380591413
609012162
451567301
880068935
887548770
579075652
820355578
6086307
402037366
331173789
151504110
876489305
147130052
444209931
575115793
772930538
672149793
804816108
215788211
143548815
870445920
368939759
781552433
96137687
527326009
119976181
340374954
696004453
396194518
652137101
590925795
858264881
401621981
280037348
370823365
432290155
750281623
595151968
526182505
902239612
469120628
803226609
790220975
397212412
331596909
709372099
218927230
505520593
318158359
487355640
683243253
561851259
165902254
290369579
145703703
914415443
51665141
800915651
657462657
189160101
403982976
841732537
610034291
36687161
730568413
642372626
58900019
501216482
392534789
853884220
51093848
238511904
800492537
910024454
784362197
911077646
371783617
90596900
684995254
286187577
395112282
329835123
681051784
15408538
549281134
362478170
403823927
406071687
398833107
189052159
335201761
174355555
425352824
337853512
54815207
358965701
817661087
798611604
908339293
864160383
197340941
336147942
5483207
594818374
901857711
352880812
608769142
658297951
620219425
724027164
186713414
798333849
810332051
316006416
779635440
889400564
828882749
173751489
756146488
207463889
449887657
157128787
451371951
93768511
88015696
793629487
631523225
908206127
815518739
308980390
842788576
535688971
226979248
318087876
786546471
206834193
142989481
932970060
768662647
662759177
745689977
121701573
861597257
713659282
394749908
4872950
40829959
62590842
601358979
693577880
552864688
261685192
745125291
32860397
179970216
683975764
590602039
528974500
616621406
603154395
2055014
500616496
171376082
818767406
166029935
423785399
772131024
98876186
342634225
867403074
691585266
893984780
394185944
819664788
2875238
241786577
659543527
375704378
640868753
404187981
366257817
675024092
317219440
862095738
510794695
721528740
148720160
120831038
53101657
330154289
621063663
519770111
234624755
871658735
608015219
134574765
573790942
500872018
566681548
177757404
78266211
449571750
140517278
204197710
366254746
920040706
883815807
460203518
313744773
25965393
799488495
312554682
850677145
339654358
323804165
435383350
572622511
674333734
222207212
707304669
601437298
303811138
180261411
468369509
158871780
48122459
374635587
69233919
869658725
146143376
788445856
894719957
338140095
432739067
21581830
337622710
4383975
519633159
184681393
870768164
652462988
356931545
39554162
849761528
386062237
222163943
96425957
844399438
482013820
768617705
687431792
440773613
29882154
397793401
815718668
18562944
420537812
717225629
339545811
274721407
294247443
118604014
758197148
198171873
513872397
465217073
751266968
78604883
911237145
250623613
901546730
45470387
414955779
833251351
287584682
133308528
602836923
241530063
653551763
747871790
622799703
406292552
128558327
223679125
584898566
730346778
256869689
36594748
516536308
778929922
90344972
572019765
69094516
123145298
649207718
138852867
633057750
726053322
139722328
644875516
389682477
536593942
626384060
394249115
363618407
870724772
50538413
477798709
51046701
296803286
697489909
544899230
66098975
147958594
86748700
836580336
788278148
676975351
476988756
197160174
301674329
370622720
101572071
86951299
419937435
149227684
194338165
177982063
917282604
645646305
48876243
271994990
355861887
930572690
793253320
696223763
673853581
513402215
901274188
870792988
566486224
465032519
714805289
109422159
381889844
596596781
921726953
63542897
741696366
447301237
283587174
704133020
829902722
627200420
476713880
724707312
692671673
455887969
287007915
794143668
889510929
814184683
282526782
251641180
598080305
541777396
681804095
21542012
72504558
341664414
563696440
745925792
144165547
819581874
859302738
46406746
106461498
279018496
622454357
235552091
235483137
897582966
489797058
432377546
101990061
346434442
509726642
191163064
29080358
377279699
461489459
640775712
49206982
856023850
520896887
50022998
894175394
668262294
140092727
682683143
931406557
119412151
480123872
498060744
81737956
122894794
563980865
792456350
784841483
365139204
919126199
381548122
225347285
650777818
906237186
506176576
907260951
269058956
520596449
521988464
4783159
122528944
464673005
904906455
71043070
889840654
874236647
296156072
6335484
32133763
319570048
165723169
851758645
814697044
687825275
525488039
734637304
927960349
117608900
76806122
625433583
422865487
622101452
443908327
309882646
249190598
414003657
249955841
903114410
58836534
476189381
638607152
11817382
890241622
331842206
569465560
211589337
489120247
199768586
654724760
585188747
161526667
161300573
136655182
374307436
906139861
154957294
216093965
752061087
677976660
403196131
764020794
329561931
712065753
881808712
871592410
287805847
664805747
816980993
384479424
174358571
756346331
742200724
449665329
75321028
226603857
20794475
740097299
340777290
603760092
545445144
719246825
448567397
516191184
869504927
913256725
230341935
164359338
134909533
804313652
562063827
723800370
877410079
664462181
155912127
593093884
507744455
841489706
315673404
372910871
451244888
133488089
729041240
327414340
834038887
863125243
887794218
133022223
797809585
608368529
250082836
25074880
702573923
460556814
134085082
916323613
344369936
753019091
512317936
731294730
102801082
362199285
473027764
511350368
617136325
66963940
474372296
296374478
80454339
641690208
356784512
512003838
35160653
643198462
315885283
479711317
48056959
276887690
679862476
404320844
489682173
820078704
209926288
444550059
817546335
620104278
129192461
492696455
130766396
529843114
161721132
206707459
820734710
833263706
835169229
118022865
588090132
422022885
447240160
24781731
495487080
435335131
601327583
878716039
723267122
419549836
732236728
928452977
19783928
11457125
438143506
274575074
145752582
440813550
761757948
840486593
164352799
66052171
654748822
762130248
508502478
676212895
5529653
876059766
12863418
122352426
588379381
614677673
649181948
175732636
189758165
157618079
627351532
437212729
888941933
106069736
218587697
712323939
692979815
595574421
361424184
16439903
810383453
277177740
225840955
520967753
705172571
754844661
108739136
45728522
670610903
450645496
360903872
684584514
91309037
440761464
571229937
95889328
924869448
753201124
711157396
574453396
687142411
273172875
916282153
32422935
688986980
847089430
137010465
890452695
19480230
575191159
498531444
339155649
578106848
408817578
526645260
907684309
124709584
372235326
814952392
787163660
789968021
812847832
168502407
7590773
303866759
36460166
615002167
15825918
43535228
89539190
726874618
187915007
534378511
586228962
32391021
251772149
448859745
508127988
741870135
247348354
114628640
852277157
446827387
616896145
725689993
40866323
835404616
632726783
391501673
736819422
678501306
199305810
702699548
155712409
494188839
727973352
301802884
247456385
280002243
439673077
719404654
825282647
473547518
112361648
506823080
310829764
568075619
550038889
771144531
578007495
74435148
450267091
304579412
404426824
25354369
915328804
56929784
610404112
149152972
533216723
266330767
519289274
479736830
576687992
890703753
194430663
71094437
619498964
783899099
53122205
653688410
40867990
134923038
30401498
67996264
3156655
429561471
653661137
386684679
302685778
556964636
663110840
542648648
749771099
224693227
925927746
615546537
477363544
98701261
196225744
615168114
499859711
246285434
674273691
828312377
275659156
634588151
859551656
904884581
429533042
884911176
525288390
213987882
386860387
312734959
425893773
486698068
67924013
482226015
716767514
99876479
531581971
390354357
778203607
875345346
591163740
591020840
698292661
385256570
417609875
47861618
629110586
179278500
678676323
550131590
559125897
174804627
911027111
383582404
211080890
70956136
720321090
296263989
57508662
402396031
857764996
913144180
591839213
696018825
420360726
457351847
466774382
824138870
572012293
363423521
619117741
581869411
710869525
23832118
657043658
538359815
826243955
431190953
352457188
527270305
452387361
56972269
869703606
82608271
292496705
813294655
416118835
818672305
364972936
113659772
476588760
796512163
759105172
542602764
459519138
562313331
59994538
726537448
58767681
411938174
271910605
408524703
515531660
671440956
400102273
485108306
641303623
429136373
843422739
746314721
895244300
278840169
568997281
476260388
529038179
367280601
844779166
359126064
755203
136542715
27566683
875183062
491165450
925203210
742402924
114993844
618067436
411706441
528402496
778733033
381066591
131679066
71775145
7678607
328891058
709316855
810209885
883662309
740074268
4090236
645685345
113678145
118322871
367416449
670773685
402656944
396589269
861094055
677718047
470310657
728370012
527313285
603098348
181004004
811118212
511099201
188639844
550625622
262653052
224790632
448730670
849915916
488073854
460542263
538297731
930891244
526669242
623653492
876480582
592268653
82473114
356909157
907148217
284797158
786644005
795083602
64373061
48905824
748584672
766692009
546129853
608208443
388061210
663392669
488147136
489348122
726162009
801706027
234258577
716997624
105262977
53279779
843648045
365311311
220559184
668273765
683081665
706143914
330784034
779224206
665835341
190359523
931607764
903240124
265277930
902512727
80073970
244542684
867161783
503800623
821358192
197624469
480616639
713381390
638879164
850036736
238845598
201923665
852979436
346565812
124498563
234522217
553971084
19129230
892215962
17136877
817260215
99229530
93758855
789915692
342324952
832846741
502551720
445185337
538773952
190303191
672150999
405925095
292559005
402689253
329361215
341038462
642547319
541795848
853248523
180375345
176225860
211768708
767484760
854292372
359907414
218462722
280744277
48047671
676196376
306329372
493035399
332689096
114026996
869993505
806980261
28063763
719672666
743170472
163413309
549729884
83283168
613556582
236509444
339332234
299849517
251078967
711940638
354275309
4289485
876808024
887726294
328852914
425701580
293367000
763973107
782801318
461469806
251732336
763297561
550353089
352294612
593718153
573659151
262860477
927434444
467763040
206871521
912067686
662321850
589437049
301590260
290090958
679627765
814496748
452951149
559638404
111478443
699762350
696336416
562364853
848033968
259402842
266770012
606884643
291647725
333419675
388082601
861340983
24571795
420953145
304724404
474000312
164896448
643462541
756731700
53267738
457517459
508202217
351794108
68799348
506116209
914381129
49840360
422104549
879925703
543298635
902940164
113420026
674008830
25215518
540881343
446213178
570698306
39824706
689330522
309026946
67315645
701444370
642213247
874030729
779173909
815990136
697235880
723092242
733626102
385425830
155925433
371084442
398753910
541104055
925614574
566428481
528544502
767952655
358479326
624998929
508712693
871816113
233237524
14061863
231064959
499158509
470693355
867583529
676189966
647029028
618136598
183225959
802357944
19804847
369557141
577149893
877381224
663134134
756088720
698666791
132322055
846854966
724856452
345263360
324562254
593234843
199200191
433331255
219833671
756761314
306782967
919906656
172271806
357566343
547185012
661818977
118610482
246722311
431865768
16306137
32220562
553405957
928067592
576230143
282423459
467893400
514227170
490776323
96660104
332781288
148668705
554334088
691679685
786682655
193496731
603897864
895971361
52492314
812932631
492995688
727422748
260983046
460838717
188264088
428884021
240668330
248216933
509671910
856689662
350701448
789184863
700387637
193367045
452675959
819952271
486882067
110303397
45991497
83775637
398073201
405372758
632583992
393997682
338303938
634354826
369565903
696258887
698022772
273857620
860412982
844345969
453237460
554966172
46972535
249876618
548904288
196917181
680081614
612520684
857806736
832503957
846602831
410113341
238035162
314477580
166949105
623622540
620356295
141709956
455901552
511695259
336487348
323321144
265814621
543827339
158483843
336543190
520118935
590787278
421910517
93524188
425580466
166644824
832928925
532643615
147242844
921106319
833837033
511148229
917240440
163068903
809120970
652963557
437491018
149164963
77870612
903054551
606234908
304212568
716983822
199704677
234008576
343731872
929462364
246857150
478229947
523857164
908469457
100563288
105898709
695944388
623513108
80320074
421077803
304948483
95898844
114456686
158032313
614445183
710020894
755301315
895693321
898622246
712439558
157905715
347340329
512326860
246320221
838473581
598176403
817075903
810948630
71659497
730843394
17358309
357105419
817370275
84152978
787917994
614140607
235241007
75670403
894064647
830480951
443885914
525321004
107548490
868118489
48916252
388192130
276166612
318863895
184867068
84050518
67634596
919631710
1758631
578505645
129616246
66251830
142848902
273609174
641299701
386410995
331424880
350918330
822453946
827828704
751882606
211519052
582990429
396170724
522437176
728521222
122697838
211822543
721148019
501770819
334963651
326576464
558055878
359397887
308356585
518272881
139983646
447930369
413081976
150135642
190754436
323451523
789867922
83420176
878555523
62618730
158323172
671740885
770543966
567424374
609138055
688181666
547538623
70052335
323754254
241635684
558742528
801863084
593406218
390607134
184635127
789561104
678151190
806922241
489223815
578003410
296243638
906141875
621765142
448648776
547918925
376798870
772207733
471939689
860899988
131027973
600157629
503392343
97975584
12766482
794721849
8570552
521147097
41682291
599791002
353555410
863258469
292019267
205715630
602463531
841693901
450913800
769543829
193990139
316826688
140864780
331105628
753337170
207475455
566741593
507567634
55846409
843522619
788794271
847946069
29323968
845056548
548708052
789338306
847537017
194332547
139229180
510439038
753932425
387436501
676271818
475183263
489227582
666830474
770592615
57966684
111914586
846529481
731730387
297551094
689983116
125176095
168190199
531131644
441989435
837377203
106376096
658352674
592783489
565440351
689366800
792045242
475773771
226053332
739662718
463220
618766233
141210284
194824234
746749166
607065118
845310202
862544177
899975407
435704308
590397611
329153943
346293546
696180982
566125002
501482365
55545686
265624982
215185874
86858679
869001270
85824697
678879497
110437580
705516688
654678847
816892932
61064576
918509807
663379651
435772177
609394618
232556759
407557225
39646428
837169259
389452001
872592071
790926576
517614412
109258873
702063899
391628515
6679641
343929493
360791294
136683247
412649292
770479741
696789132
315149184
55992798
906027418
923605275
659998751
834325191
785298152
919745420
300798109
615616765
300305319
461179407
58199179
51498001
616246797
668234255
743679258
245137019
22999726
324347022
72825972
347465718
339825712
499907109
488255619
65535144
66499370
252506104
904724926
459223119
563137437
728667303
293888058
731843428
204565920
104380421
608952938
164562974
600577749
806302601
344995816
584141932
915835920
780009064
29772640
627010304
703873622
398837849
819173137
825472072
169919424
248505551
739566031
534025207
375191301
158181106
376356874
351990911
543701688
804567722
871041859
629446615
230818555
653945033
54763940
328453437
339493883
322939053
823281284
910992348
625794467
495595831
266296988
316439581
119426479
747016804
802100625
838915657
772443403
322469983
329813013
541604859
458279267
147093392
215165446
896452925
630489645
489881783
123061987
227243441
811686141
295987879
239781701
461490678
436171536
839915431
706337979
730159946
915602452
503437038
394966148
366351659
85335297
241081594
492449816
788213826
402355057
215060655
516842638
145722028
414097587
492581924
867585672
583583281
448715145
778027576
865987103
630628557
407954226
243789310
847850079
33596096
147381439
58441722
911362493
232148176
19351889
409521603
848011538
168340996
193584551
709323177
259912882
127356933
516655038
898722211
901328720
257267727
352705336
897781541
249837620
489343320
815422712
477083769
719731561
474304086
404266153
557883563
324525572
120642311
156690051
238561141
356646997
40015115
472267486
721570664
484592144
617806387
713835901
690399389
83656522
546758249
144938751
415768984
755733525
692951510
375960750
457201609
872233715
804831310
105859971
750267592
569207787
803185870
909336924
283319493
654590483
261311559
791998249
802372335
57684376
325718685
681382960
328866556
647740964
869074665
70255902
94354118
287678694
492459082
719461708
118429087
132548847
624644531
805384969
280463594
35341980
294733372
411848458
264748114
171774313
195939076
920546964
725171189
361062720
164250388
49087995
228112135
654852381
428715936
163205928
317546370
145883025
904067609
96873310
76490610
399715408
476474347
682387515
399256569
230998699
526982829
72585234
527594761
698809240
895663356
834855324
383242819
733056340
117086567
107368629
170904788
106744097
264940090
225788413
906657267
596780972
393429399
898732575
266493301
272880583
428596883
508936388
912777050
85129565
192433136
466085035
869465112
611091071
345204887
801885405
457055259
569332955
106871668
480062062
297150756
626273151
451499923
131152814
598972200
8004701
901633456
357474253
686862262
906516747
730134619
453409112
863285724
928949978
77107656
882031716
295840868
473404841
517663863
195908643
67481899
40970877
725193137
692864389
474348609
608119505
591445380
657513433
863458237
130544273
490413666
471042603
645171278
53045670
899141740
90328657
210145219
763959692
631628395
486959905
760257987
181889242
709515008
338475899
310426369
339629741
840572108
582940321
569849584
599316239
727231886
31980750
369099103
493228108
128316731
283879195
171167583
798135832
224646295
221851627
291717626
86469846
923044603
419746967
351857889
388079736
660003148
523942112
766147008
151729943
389156522
405717351
855652717
847514960
899483219
53893896
253419538
422066488
399641946
170691387
399512805
194197160
154976264
488150461
736809121
693938100
608483893
736597407
834657520
379305343
750525171
591294498
471489701
385079427
30225100
104373724
295226137
215576745
904928683
848050599
447894634
923245943
758199246
217820347
699039503
580935319
891640427
493768554
830128130
461881395
98370517
751175453
264669171
282635820
728968425
105971978
314669962
282443683
439295601
827874090
590103461
58133519
482292797
274905181
675788402
288300818
678497990
835366065
436142906
135244171
654143066
609910142
241071704
222557868
535840685
437676750
593796424
544854020
776837081
308857047
283636102
865123680
513478061
584613733
89985317
143291772
718086053
507289075
246913459
597075175
185463464
485587992
278579946
160177422
420966048
793929450
309064259
390285159
652211905
408845214
208439471
261780016
704306350
653187744
925852981
157539325
293773102
363614133
754478828
503489852
922763113
308853428
426905066
697267721
314744162
530153940
303234240
132037113
450599846
99820840
596977837
375106413
796425961
452498966
207731756
146843413
41641454
493832647
793399648
248324599
20973404
61600420
192067828
771563832
190861955
362081118
20915164
843315381
353859140
185341264
337817836
812663188
363351973
106707249
677389989
266680864
814372370
272539320
263188490
809935508
313136923
700460909
279148629
615226981
374406958
392375933
155917007
326565045
836783471
169404647
696532089
373489043
742323323
716474211
80963077
274156116
387345282
744558699
512353470
761307429
523022839
675865404
654988290
239126416
801511667
860012629
97238721
826383979
194726836
861604267
802481756
503899078
137313238
566417283
491397000
350417829
753189302
619737286
564551330
413689555
668945012
392044801
131607268
919001406
853327208
932851456
529855112
603894288
490111731
627023874
360474253
676391822
22078442
334485505
926998414
407355488
346919215
627020293
36144332
303463561
191085964
814211280
844150808
455286776
907737883
92490482
57985750
177674854
915159299
14902508
657018494
775368255
614658310
406783265
555378089
681411470
50333600
879467557
901482122
58771541
221819868
753471095
578968727
117201074
78360570
584551226
184669453
211863775
355956561
880223371
651431405
195109094
576537883
715690416
177644436
533003648
752161287
803004830
203559711
696249198
738543314
213458190
687010547
523791071
515104982
205471842
350550352
596379899
789713753
520626661
61762120
328652449
774001032
840885804
399715181
795982958
110335300
473032384
57327
173600387
371548562
854887119
912337622
336907945
104444802
406503908
737660722
827966290
262262870
639044044
287878516
846036408
271345082
717261033
721648863
735585310
584257194
422407923
537571526
880635247
581205762
247900254
193497522
136939070
659402245
361286971
188016845
204216466
363062763
672851583
455506625
169011438
318191036
241748388
463791468
242721138
369105054
18990160
825594445
1949544
433213930
125611734
648132110
453965547
334452901
643558391
210523912
69260056
38189920
281030745
506914681
633855617
30693288
640368490
375046777
293004132
797629953
573525427
920391347
680283209
645254769
551093796
654063070
727441807
229364611
351636488
643428722
209767839
104979913
106617687
561949644
175422091
6909667
114551836
630699850
895364860
653841515
605493687
467055032
85767530
625027880
790360210
403916020
104959174
774620859
477525196
213298667
867502822
99582954
881800997
916630296
882179437
160098599
108127978
197114639
335470567
877444525
26144972
267287763
321882443
93493813
510112591
715758921
36952486
459053000
431519115
580986959
812618107
122733898
98758501
229502608
119735966
77731234
449233070
439610482
140714764
656169282
171383404
570536459
192828244
754353634
543401198
3276378
110314775
825353254
452105852
694395294
884724086
535709591
121007548
252113669
346892806
351452307
108496881
237526712
924102207
34066383
352077946
825230666
543557866
244067203
113944377
223651353
384283532
540190099
705658621
167825959
519848233
682397719
587006789
96783507
804303730
21436774
180360810
192335948
287742812
550447240
382532055
792019639
688933926
475323376
484490268
858764289
880878363
327307067
468299431
836427398
59761314
338853111
274105093
79463407
500058212
659915170
912695487
374732848
424368102
3269372
692244771
779759211
354769623
244578397
112239592
281437556
911489088
475797875
852955582
23741175
600380941
163513398
40696327
509132984
13930951
415406881
563312973
825437950
550687764
386867362
768079616
222054178
923836030
609067134
231536883
781599138
107658607
203573671
221911117
672490709
749909368
649649294
612251239
656902618
895866481
222033496
149489078
805647491
742673963
826396884
227161181
474124956
581058850
50288562
546954970
794352133
300816760
679899067
728784119
151740785
551300981
784160858
526291876
525795124
291734355
645695128
494405723
760575988
245258488
213264803
806279919
217942757
891758217
371672998
888794092
528843806
581402766
623128918
867445274
899498554
349166222
224635191
702896274
778175342
450119105
6218229
207245118
810278108
496367066
630438602
853741455
832798282
13426423
726676891
338946920
493882914
362798203
426138915
89263584
689038610
678530441
297686841
293395829
382743153
417062309
37853461
297153006
613172503
753041757
13380937
643398740
307910337
690764822
284946571
658515520
927423688
348091740
415285615
51772538
849553152
285557457
48986106
183986298
755786284
355377077
597519375
418439860
563499541
120277740
114843585
668769145
530801771
593518084
409435673
901994530
731576854
211614298
630172289
174671263
753698952
284483137
566401087
779546295
16388016
24971618
203092087
562450347
623583094
313265325
715872258
22571311
782046776
720974206
840287589
464828425
60811558
51629949
68522536
196092006
232692756
32345496
569169822
339352363
850773382
634224110
505635795
715488977
660388949
810487700
525651730
447075860
172838504
386193251
908827792
279723346
209319123
495717503
839742052
352447871
714769456
313740694
779598005
55688278
812261127
207505914
281543759
90003634
771919991
556703808
20365725
755613350
611280429
474912363
312048806
537438536
294997004
327748036
175626419
289998321
157517422
267252266
123938812
492756039
45093022
219404732
520823001
562695710
536896073
744614568
34012587
259729382
875916822
511918437
854855751
178060224
761568808
834841627
144045041
383685697
421957981
638310793
343107643
193889763
673347912
388145753
531991886
496621245
156566317
604241857
23992652
683957326
372959786
611320804
608350027
573269490
311243492
734513096
422260938
569051178
294640704
799147710
356562122
827755526
93952428
314280168
495916397
152814280
912565307
607720876
107414245
498748562
319236617
232011948
329378089
259073538
823079696
381381627
444161367
486947616
157704923
245403750
521665946
392366107
520176623
409627316
160352537
289099647
866792758
251228157
239314050
187208026
282664475
212658246
917795200
518912617
852952163
107601799
717524597
323010545
199621097
253968885
296816282
706169945
178864328
306252173
643578506
748533887
608139701
341389764
340247096
764202269
560134243
790080533
293527712
558787910
672478123
887387939
304260334
385526379
248282145
556535535
453234335
926034718
343601033
215635587
530865072
803852634
524180390
734756156
316084690
251847489
321929890
514296668
930736953
339522890
441746422
594595648
532032917
373710094
589812765
592038383
823185144
366470138
84346341
57230500
34802297
362114810
99530402
561497
833893255
851077776
872820045
74923676
593367669
815104221
364689824
102698777
325546560
529243894
713612298
800433215
792614605
776663300
46605703
210573055
221565474
281516125
174585421
382700023
917622040
265420397
577844396
701890368
399606541
655331255
47965708
22880956
352998621
350344208
279083185
82262297
357775950
428424827
128446350
629810911
710626749
238684151
61389338
321105128
424411381
153993572
765212803
615919771
208050617
367862017
775468115
36692582
126828142
286119039
846627482
561070801
668582132
703334425
747325652
8005178
408226519
43641934
440080974
707937857
590834863
643074018
4801569
821316263
472200402
868525368
512980301
834260365
576752135
346369835
469029642
929285752
14504652
68797243
48719685
722245288
128402533
564266305
675597794
21209829
181194620
577022900
670230370
481514442
226739887
761270490
729188557
3328659
604402184
324925573
223273990
845877987
734203240
670313139
635653986
486554581
153164051
890939031
243223685
317114068
328415688
522010066
260928052
299923981
111470299
630439504
292443115
713816698
228023397
328812136
281701848
395142388
176665278
917682302
524144081
199511823
540946902
356806699
743275428
749591643
493322743
146141417
85600670
592018724
879960736
470555815
299654218
303018570
197076357
640970991
310136814
466127585
684805299
472149879
366482213
743445947
82746508
520189630
137447867
62204427
176383264
756666021
530642416
461838206
413145182
669888259
279003797
925569400
527164100
109313633
515215391
414832144
931933453
691147407
838498345
741427351
529602808
631796730
752606893
783507373
496090275
755425684
448245196
108814907
99451172
503242625
435833103
114979759
582908522
352201139
672095804
884605204
522699383
885914348
448935616
555350873
39689753
172395283
251606943
460319901
167545577
649814989
882410536
120758142
172565933
514931157
296545514
174313125
168387540
520811271
757208193
506437654
858555294
735894602
727469163
415496678
331341452
260249930
142322075
879096
342192501
464441118
96538010
520415465
505730231
848808170
695379056
198916104
264799049
28742890
183852270
619500727
521736096
549777485
236208198
889363612
334157305
210576088
224331157
349309767
883138919
870605579
791232726
682134040
825189672
372297684
666132752
589407423
425554435
676001844
676779847
637619891
596660204
589997748
308036908
521702622
42952493
914314723
753996576
216024447
6746991
554048754
90148957
772525912
280028168
360559431
556175881
743681551
781512400
697861242
714152037
160623625
506034143
679387202
90355737
116865291
607060985
878211255
182176294
514649370
833905024
512869003
419620508
925173860
420662833
209824372
179597986
552336662
705862940
739314468
297575385
10685327
500460602
485239560
359514077
318588969
650015658
408335794
149563314
667343605
302146860
773679938
82264137
900307966
596287264
913780479
466515061
277521035
130866650
724251308
720634132
211823484
453844815
704575517
512125195
378608802
148042103
489674659
647930632
559373868
631644394
436227922
110359104
239041353
310711132
792593961
717273226
372764360
93263899
448259758
583599985
346233126
656841593
186879200
172460154
516813229
276150052
671646119
20974749
100567496
818020774
525145598
387458069
445809555
218184281
642015924
453268135
921502009
39920930
447153944
566652692
15625179
557075115
555826478
873443426
530040901
881059895
204462496
858160068
528505103
544587032
437810890
503769560
645366944
813444744
921412606
897876122
223891430
701396840
335335069
98042499
565565428
127064541
155966364
929820762
904303043
503459558
472484531
781050656
760723342
860385938
512747626
588755038
127787595
96017338
43812069
590930489
259688412
187753698
80308795
640356446
164915872
430901029
671438905
831308099
276426531
11280204
645753341
752521530
912512010
583475032
475004321
209086541
845524079
866771802
289650674
497110994
19758322
563586903
711873603
457805970
305458198
491499753
735349845
262268945
150975986
727991999
36842689
127129607
840467205
422359943
338867518
543801295
665577635
586357440
824511457
692740092
882155327
134354033
932797517
114616290
21401420
174343422
717032068
829115967
509643015
436177622
639318068
54519522
160958306
169265531
846603524
454228371
712083150
445568968
343663271
661550688
199768244
823125609
385701194
323398915
102942410
216326690
365511219
526082937
273753561
179407961
423609021
883594176
699270959
405336606
159753628
395569186
910349373
794059803
918143097
681997056
381405314
19996015
654624028
787972812
629677577
509990131
331901869
37426015
203604426
612372854
88219335
543783064
706645245
28498774
129515897
334368890
447501852
246113900
408856259
167470504
119629999
67920479
520977
67492045
713506332
925276078
637624737
843514337
292280041
791004754
693922010
896503883
820171502
48187274
84906665
105694070
907800403
164511660
789408778
916949252
819346534
368707657
684531025
17373524
343576901
134692348
384033753
714801960
717604940
198596567
506953878
828635123
575926405
393615920
350118634
353617032
581221307
924864194
490883096
331355623
780024129
168523967
931202411
334405480
409490768
727401641
53441019
728627527
843114048
517619831
645372793
547297098
299646915
677435208
306818958
184949942
340793322
514477841
255236381
308556151
265959831
367791049
235848336
454335069
212272927
889152482
45531156
577754620
389502726
847810846
783128179
105942129
887246869
115589602
650112886
178679575
238271052
118809569
796182168
158057963
794052199
631747100
31188333
874811690
233703132
716084101
232572829
688943466
507140743
780557814
883037149
701272299
129687351
273999107
95453487
201171334
195635042
553281434
654033682
297371731
639501040
808433525
278364396
361122041
379589172
109297063
362474303
757396788
38286014
375602038
694081323
402472279
148488071
475023515
816789671
556369321
798100780
893565106
89089109
821132707
190406357
681681987
34520945
850109835
246682115
140530289
493046090
291022332
606316397
608845432
865648757
108430834
390767812
283245365
838468202
481048008
763131527
702470453
459672218
250170876
544395989
202294304
147226344
654318172
315975270
568312553
756355336
914137395
764779666
562053191
333407266
187211017
521607392
124550074
711019276
226142191
309956267
236066804
591516597
676187770
530492612
847078095
694493161
289487264
191824269
61548683
774272465
6550373
359880161
740321538
92327071
510182664
883912012
661681453
558390153
791921964
780331946
51111989
522617668
825917588
314176182
617545303
394791133
30041185
932709097
170010988
841720747
757679049
84891088
787392546
383323021
624561602
673002005
589426578
126021890
263478007
163933446
616330642
200091709
12453930
561495757
116924313
457095859
749203319
788369413
539177823
315732290
220334229
423635590
88126554
918547155
2252647
274006708
557235192
330885272
257294648
391765667
386519659
392688552
73063046
804094226
767437173
371658908
94600815
126701911
767258746
870000993
53072532
669092934
325397841
353283489
794425322
851028380
370409818
177851338
288065029
908131842
149069419
838941248
7684195
675034981
478091234
361897143
772756542
46166819
782684860
208350264
797829578
776594047
94744637
764143269
820928565
921040684
280466945
523142558
359134688
823776424
904929410
930586489
478833946
201271135
248643364
354403502
800087549
669177138
723887768
793841171
523241923
372474486
750205873
682981010
246945997
334444928
726719858
104041933
25667943
19072245
597930564
568783245
720923536
153710144
914510682
148577605
651661915
187856006
866777363
928911574
523959389
626948877
855422838
248291397
606207727
885016557
702878465
487178558
458693088
803265748
296951178
117026928
764805361
684736272
809107467
898312965
39113364
773081340
323929714
680794178
648560469
292591174
11803121
390598223
487522826
646337327
678629504
139576824
565621455
425914250
573891880
153407749
191706401
245903636
346393769
207870852
433292741
777349048
502617978
848502528
883669883
409399826
420097134
313670384
883165232
22367760
191801009
477304025
34045216
872113266
372025953
547925049
704754524
48656037
320018981
534224382
861891505
517821369
626924816
864761707
209765027
626540789
351429246
38928808
137458345
81448037
308621615
531618935
662249203
499558945
890675016
129287570
289015382
906773244
656186984
929243136
727255452
258976572
706468519
474009297
510024542
350548088
422068454
24366898
202603632
740119253
145644015
893054741
877880557
397216210
815349268
465125751
303302710
295286481
463956783
8724344
670796038
764210954
225624726
44415687
250309200
486656256
677124162
312426553
830225237
775790616
352398232
707887743
592906477
719653906
374631221
261411769
447621186
186641001
827403328
787952888
539565883
745145750
383739946
281356519
366272134
697824846
232980817
840883347
211795881
904340663
45429137
133996295
467633762
769620273
337066204
676943172
783470485
647903230
35211823
824299885
74560730
686628346
642510124
814196754
266496056
310553200
232694218
20706836
517135482
71960899
913753995
770388254
385695267
669802017
627212563
175033647
598028824
129600279
639234917
869618032
829374330
364135811
94665733
812148436
905937867
787460746
629827996
87868148
49860528
364526915
828436924
703513989
382984858
210087164
868187685
520200232
58901719
919845355
766706545
441540738
764162398
925244670
273502342
274222107
309194898
187702030
517669450
343010495
152730179
908735653
748987825
132879899
265279465
649765897
476756542
23541982
109074588
756630627
501105974
44484464
332213166
146238618
640532564
676936596
333223275
594927329
344920376
24506859
672534138
678249114
68245544
493111359
230426113
708682382
350928181
12239143
692666828
379965190
568529611
623729109
108311568
847417173
51676512
327109356
414986810
140876795
44856778
794551937
71897410
203643615
725456624
717624658
324512840
7579337
282083974
479365480
602538373
524273800
807829820
833598835
601524575
550198630
818738042
56258317
471327264
315403345
818787045
796978378
879533644
11580804
222049396
503312233
170134813
435891951
30296919
422461719
602847454
875239491
533901352
264918761
268409443
654914310
444172980
863280571
655062840
454434777
873213014
856379474
670399960
737816619
511086263
717482981
410528001
527618186
215949332
681289607
771617928
813992646
554669982
230234721
870758225
128306089
595708322
860226380
635190699
620408931
879518589
689650370
171925746
373401831
14215967
590744147
542997550
835376619
633363691
601409003
114865436
786261121
552613163
787104113
594742763
365409288
172064145
657804681
98562803
692660058
558209802
599828476
510796790
385976733
434437164
516066448
521440422
136546520
647388660
592660317
143452858
150479356
627909398
443341429
51379150
48680537
665596724
570430933
549047749
366962176
875997442
449572386
174250037
316057061
215648682
344111565
895468043
431191799
602272948
572586377
820836586
38078378
141194789
260080191
606848007
540977464
26095778
648335259
529358809
144109130
298416556
176944909
446189868
273977087
737731065
853544938
178706243
761102871
328163545
870078899
76511409
892040170
683913768
927081687
605451664
678774757
33351061
834008401
198258385
776647138
30490631
268610811
862816855
117583926
131181190
774936582
53334530
561166105
701434526
932837563
911894959
176702761
734744501
348023575
53058722
706574121
529104717
618462224
570108812
496774251
643251677
170094683
456588498
351559572
730387065
244730374
523393833
137498792
403321731
382970251
372004635
534037697
32501041
124119551
428703602
510445505
592865023
893209288
196102369
910380415
506893613
640265970
584900500
609518643
431972343
660562159
399359905
642783490
675314196
240505132
360385621
256253201
910624583
839929197
148910091
35268696
414376083
293453996
766382149
578685656
480743466
657166424
212482903
183035431
873866861
140352743
696341888
116648547
511904353
65701006
837430815
420194841
797423954
228537130
530493545
581943975
244176210
287519402
5851658
531649070
482491566
297447894
4237318
98453629
797626711
161752088
235818028
778090790
588909593
499926818
460386053
499724681
649896795
739905259
291566235
661914803
480032514
561551757
207271420
260130545
207218977
502199171
436513777
556487794
179090034
812658286
5634871
816073021
873930442
738177179
212009213
931498405
696123375
77080775
829301146
329197262
448092984
665326044
712777932
412317548
473771646
585228614
458035401
223771833
259671370
10764703
603886377
895276834
271429636
870087946
351137138
633795905
802918287
576666440
307632412
468254137
792665276
921787019
740824921
305724716
89672065
371618541
230456640
806208524
608078265
10444900
622463805
810896107
277478489
525536386
428761293
271054589
537481962
318876573
487825910
177545628
63058388
170172754
646267859
211743433
351203512
326284877
103628683
834803347
789212959
121727603
527475839
110362198
106584650
617783661
205366395
615551084
914832453
142376788
51395040
889187413
529307706
881529954
503276169
345393374
285721807
537603654
259394818
632004269
848976424
300957031
24293394
922754484
536675287
126493757
69077706
33876392
3303106
752564598
462789204
690364475
310034884
551919904
499849043
688805169
79518322
661527519
844744824
701697317
273533570
664280870
730159275
613506478
522479295
378877476
477477
132452221
487703499
514152792
70814323
639649458
819772891
5640346
650279636
608448940
309118860
527044505
828776605
488915481
427366118
400075201
48127704
468908925
219478636
270085784
246958412
215106538
608226524
389352105
94546035
412580363
456847591
755086115
674935692
203351929
50565672
428220787
692409117
599357568
462676646
218575724
873439339
797658837
392185773
226309137
593628586
875080343
921693520
433340648
582735951
227984190
169354806
249529934
22859369
669178663
812567191
691707130
248453400
888568757
11018382
400102374
135761040
664719851
785718784
682999958
760120380
100465124
130553066
785701584
635048863
238301098
731370980
342626072
370196488
746568158
861900579
838015322
506451932
228971809
193462732
799870288
584625964
921266650
575181257
456832483
32934586
526341744
542562208
34705918
563340533
274348102
538458885
869189651
926596523
728511601
796575902
88363615
148327568
798858295
98593232
107836888
540464388
595703039
892564736
204578481
842162640
213355413
643940974
283743734
764400691
171679191
398099428
160818644
888193130
651420741
734417622
586329284
209042458
753515605
761054339
785822343
45036807
125005762
313198012
788714220
517741581
913770141
343722965
28956512
611383906
44245796
168044130
475771747
910690345
596050795
428602329
214077498
487679389
263588046
915479276
647230906
352748622
834635164
642305853
764478022
888365555
374114150
427600909
39592443
286677466
723584677
632857373
849275846
417311115
518266358
81200284
451758693
877007185
568489435
322758192
477981185
832070066
719343145
545039854
678650673
512007989
210286637
498347329
30297866
272693476
301890743
929589410
667870025
653831920
161620386
372630211
28594447
184939379
599989347
774641104
65884433
410162959
907081524
132588887
559227469
306194443
452239030
588564075
106721614
363105023
25130448
890895271
383661219
753502077
593030587
737408222
352796005
86943606
236900051
102564698
356470117
885878919
649916796
889611272
234723197
879853247
879853139
38758782
768188749
791788010
564759469
717017154
92313615
607658740
8948101
528881639
582030111
685869438
259457351
151708857
3889211
73014869
622916611
183929153
584784367
385143565
606191101
633301120
703260439
643216682
695658319
685663944
642318400
632880113
830636488
847303973
358960925
144459129
155023858
445358327
151604504
393547417
19221092
857537951
206253014
739100077
684512679
52637262
776897044
231103144
432575452
755615942
927424094
369154173
631084510
485196898
199982120
782021643
146738930
841187313
863773056
86457984
551881934
913615796
677031792
930876370
96994021
656809171
329483911
287301596
543889537
329896876
230976810
896879952
360762214
554962172
405960429
758650702
365155753
653627983
639150998
627284905
422734972
485497701
227672167
315794844
576774062
391004399
701582525
153346423
396363826
3759067
668752626
650203541
766142835
22877062
12411750
859863698
871512339
866810884
154812437
244487075
661221454
738907156
825823350
348664601
179749446
668988411
312248875
222885376
233061842
44071882
509295182
96563615
786977250
177147302
878570946
480467550
200574520
679347588
669322114
620970906
922245405
318920703
438720575
861783911
108829180
304881316
403897821
525493494
392365246
765864400
474732787
837105643
619702098
503062643
96900486
464096440
321373261
253261203
309199262
467586381
756788012
456861816
266814495
914830807
184785913
805857154
71980823
19967610
429071153
612881700
624520387
222839453
686444083
690690317
682936264
679518133
89506781
801570630
37413945
651114860
173035381
779150837
675066212
71126245
872667700
24782231
603639803
882973655
175691871
823623389
545305452
281593214
111156260
24309738
246556585
374026455
871918941
852478875
740902846
489346586
504138663
639499704
451995673
45497133
901243975
239250863
792040075
164132506
71766177
445707433
608038111
135109644
145121609
623728257
922372692
50805916
591113096
543917030
779117597
295429058
217401405
579851357
319560629
501802175
536485779
630855221
780258922
852653677
310615090
324870645
642994574
851327796
284124240
9705087
588972176
327015119
410408735
492748143
13473853
144678235
811359268
4983944
480221839
156403823
419819797
853586800
404237701
146470967
904651752
560129814
307890142
786620880
236939625
18738407
211231093
649492512
798343006
687235908
866371011
58666476
922398529
264907400
387269165
178773890
570535908
82763653
137709879
86528587
503057542
726120453
753882708
93807945
381083638
446211739
157359149
550734483
788960256
171313353
377612597
170289909
502054668
849101548
729957918
372407457
388361191
558147243
633986127
526355552
395787251
87162804
590013796
454369248
593211430
569542576
103948478
134566517
902912459
332449959
745605502
856256332
865645773
838788799
923046796
825342496
87552520
509927811
12718055
512771114
717737380
437047988
70434156
187777706
689161267
251227626
177008218
669923996
839415001
464127114
222188505
920291845
739866451
799882321
543222872
635251843
768530397
629270600
430915675
624015684
222688085
230623606
668990947
715274709
211449601
21188329
368034625
33713471
630674886
845550042
76285593
471162154
299275942
180120847
96326102
511845073
519804132
166792147
467537878
585587331
166683555
868452642
727057923
321478108
599281806
901597142
19844169
610514312
832067865
117038915
542217100
857433340
617033099
289404394
399226527
638484593
680151118
512936565
424541815
644207048
616082264
881295349
146193157
581458066
910859716
867122969
260812337
388019986
46157079
722125313
225521447
429850274
279148325
322157602
740925158
887211523
524017465
519985101
825606640
535314198
437841338
907873710
90179659
880799251
204554342
736401312
394224009
767546829
600760532
356503522
356907391
665834711
76802958
231142964
548493826
287906841
283942814
187424352
215931135
901062671
351028210
232576910
720682186
749015052
483067853
584065907
622342112
815280210
111661151
228696928
316350021
554540285
709005065
898397005
431356536
802468864
174706721
3570196
791058879
454915533
860943097
88770747
332016917
659341301
912322595
332648050
136952984
310333825
529665027
74080380
197929616
731668473
35057152
821950879
608141358
860483487
398254735
750409891
515046887
497594566
486708356
532890157
492401305
235640238
45122976
838749975
81749943
628040064
543591958
828771641
886085050
244564169
132773388
82312785
265871213
640704282
625764085
154358307
908061113
411251159
491060798
869296966
754750964
402137287
464368321
187454906
810659848
738433569
403959832
773658687
23332063
905493302
713260137
841653308
490512578
115104542
167297111
623392187
80432915
458862789
127034595
285101117
597064745
25432231
158479993
499233593
216651956
687582409
908539476
341733609
567521873
442014179
311152339
136860258
496663820
77958612
480256309
150721225
293790935
44534863
180353111
695861914
560085362
642076112
782969234
785709301
427737634
72278812
225940772
390785372
862764827
618869506
858522123
39877315
232033340
794523688
160572770
861311224
139412052
595758932
724574248
285602440
253967057
810465965
855835058
502202347
491876093
441870614
88531697
712903633
835513690
472955841
607136801
225198055
896124265
840196094
343423791
63295686
432329986
707996093
793383445
119314245
212466657
542251201
22663295
626086884
46909570
400386463
742317079
275544444
839810072
813946800
343094971
448057474
621671262
770153406
154058715
864701074
746123581
578398727
767789405
511770648
422636105
289199753
212422444
331381891
728264485
623913053
372903868
891778710
605444604
770767567
758263844
208886529
462782241
211414537
918040667
904825952
490354477
613159
316772180
277230558
555212389
177133009
390052551
670659018
307663860
615524179
465694746
925379118
869375357
647486248
702298518
155364358
702215904
102312076
601931099
310997893
919240318
448482051
771611283
25704442
343894646
319343593
548385977
659332772
315000645
547105319
438034759
380433137
114540405
17300185
8731083
312906886
878600966
627893566
668582370
721690532
60452859
266991757
154688838
402038828
660822945
583982506
761460144
487646500
797768201
385093560
603336256
514363302
748494251
97825505
262765334
701005512
509573115
545096590
60745296
543426674
785659984
222686659
129815313
886551937
398735372
428856479
186359059
608862048
606418855
291696362
193988311
878925440
915270204
157773621
346456967
714265755
255204203
528841042
738710595
448727958
503999214
445001710
285323337
88807305
879775813
331970496
366276334
592071811
414284229
242850197
752350991
656090218
280761507
638187341
296642069
513567785
816607693
515170340
693800664
842580885
78998292
871482705
14147920
923076661
161083688
27964442
764879872
719074701
471506241
663817646
429714288
243376738
769879112
47393154
304890687
33737502
145611913
245092142
349633238
110537116
493700834
120290450
84653700
898321722
74227538
322366503
428245815
546129067
809291614
131554571
309810582
670437131
501753857
784393907
490585410
540815917
921567345
87132912
84823283
665468960
42114502
134981379
129479285
558401334
823460365
342586656
564806881
229866506
224644639
800383179
369809043
789325675
683911371
200868825
908179778
382432375
425216925
708617186
492663987
808624913
109482310
37188810
262173460
644509771
708639572
157334165
689103215
755597516
684528474
744115429
236345759
865250481
26809752
744642740
617170051
633140072
826066453
39708569
270217068
629562673
154624682
402717658
696225389
43649657
709174979
98212243
583064790
397836547
543887725
245432624
644350214
871061438
686008636
506950222
302585108
389284949
419210377
3108215
494256030
340977660
379653797
784769901
60236720
185574960
604596285
224083995
216838189
495301685
643956554
165021030
785811199
508586335
630964125
396050351
117875040
436095108
780842576
162803608
805420018
682136973
439382547
390629106
555769831
471294134
94087989
868821464
789695606
790794719
162885354
229183021
434806517
674877984
630641518
570907069
321910065
492421051
926030130
329046913
95689704
513752859
610994413
824947248
555564897
783170881
118398437
750970527
526605657
510016831
801790812
618047716
53436094
79832842
923477219
337285966
121245854
711795780
144868936
412687883
877462099
289526761
347701526
801419218
137151337
269706184
562010702
556435760
558173778
449991785
914506654
85615068
712793726
115394592
756343085
655958094
744087239
399906485
151698163
860832680
918912109
493308024
688094926
521141829
403375690
94086391
737702802
302689007
853094850
616755121
367718763
82211125
667299327
462958844
11612816
763694335
435079976
303663063
665529977
306929871
122321916
827882526
154379870
341902796
2487657
216491286
445981794
19932434
314597865
54227901
564316153
379307360
903929704
498619319
885952803
483946034
514264012
72213106
277466115
163719453
530013259
848602878
617860744
62341943
328817370
406972093
788867185
850180682
286966936
635753323
363538739
418785471
151652618
118820131
643425779
528699709
380156371
704984647
364920355
650698129
411417149
686511576
658338390
252921621
290206995
487483259
823572715
317290677
678800194
161485156
690138928
107301800
40767594
160421668
194277877
363739088
853293700
165031596
161463825
569625790
577001295
925148368
40703099
614474768
389150875
39496530
701672684
655318204
651993595
270158343
324795461
182878378
64923172
734954279
295925285
13736679
461238276
479057298
779164366
493844554
653085359
904064206
921303902
673772885
465811523
51460017
188722999
493729343
925821050
591054225
563322652
275845203
294247407
308179374
210969695
566479965
581506370
627349193
236612207
888388224
34486075
536807986
901479300
454225526
737725673
67664210
777883561
354576650
805601398
846711837
677846892
556824416
403512744
331255214
507620166
848241082
348469938
730672161
496314020
814449187
189382743
536396194
153726097
692089526
547870045
757439785
110861073
928744105
407327105
611990810
846912487
430542275
682403942
456493758
106211256
376662443
892217923
286230821
58951837
932455158
924756141
241979413
638852844
671743059
436327546
100767794
704388121
162007877
242260956
426144829
104163087
573284747
895848900
177297372
115287931
924731972
325780528
809093301
806487155
52285826
547690583
917687333
177095631
123207957
340789717
341443012
598376350
618988199
611853868
454490852
375242342
18018294
270336617
382523814
186643190
816069442
773875826
297520000
369889150
303633444
853066358
919451563
15171215
259272477
195536183
87265711
742124816
889897743
459302709
296571107
904414492
242870265
824605143
719308284
869905302
557992042
753382957
81719292
854809086
613483904
866102175
469593020
266686248
752757995
903048590
911908019
13516512
296687898
289700295
68345892
650791290
763516191
767646219
28385681
393520322
621679987
374738468
202524078
488927526
242564440
125907072
616934457
727347001
180926093
432418777
1186363
120588885
67533563
741138145
309331397
860034863
123700864
859113040
261222631
630400707
478649739
352177110
49557316
439521325
494600013
138587276
215986573
66583084
104407445
520778800
151406989
18767445
841992972
305004288
683958787
1735177
139311579
924180344
894697898
529163385
801441403
22430031
754173982
789752009
605447734
93074271
714909025
460031782
400920397
76323138
342751927
547857610
791011426
542092390
337087541
188904614
593993998
452556190
655005105
709932635
501705092
399086638
600249984
872687954
87255756
608674839
852780832
120233669
125241337
467290353
737279291
402770944
39901608
159133781
749814197
898181808
853484708
20040108
894206392
555970707
2057353
201096051
130254799
685051786
590190758
319421801
78621047
721646954
260745596
442172690
56774470
917318981
264056387
302120455
780994324
24602836
472635008
900315391
397745030
251918058
292100788
679234717
853675074
228078674
390923840
537200056
198682578
702015031
81158293
154057340
2582622
603650000
459550909
732723442
281633739
628828149
467900357
656274902
437494299
81977476
401234605
253722577
239549228
283089016
636903733
593763424
762179233
316395320
672564273
483009816
394533938
126826562
899943754
100463899
702269709
485705315
352933722
495687033
833337722
868216581
900688585
414228065
62362494
301049053
869889936
684063763
667789928
69074807
430249238
254620470
748803372
174092272
237181756
341759117
290553467
874159140
806672174
832698063
821696862
415198306
34904988
229062758
525127736
160850394
487027502
200598485
82239628
547938906
96544090
816002285
590522911
287742446
648579456
519352166
464546753
658268381
246264177
844678209
101092954
914160365
722212413
808829457
491636825
347218464
723091995
357145627
726452379
658927553
932735242
638442242
769147233
206672055
104694074
854670903
431642002
64631359
325882852
796885654
70388167
427997798
217895723
355980554
829073311
377338401
510357010
595200655
679179077
765210812
62382325
812631216
785462703
247438700
271069074
482988408
761914387
108308399
581855842
157093570
511386085
628166772
506008693
926984111
164367382
417544011
405618799
217298463
71159870
920916172
193224011
668104700
231720888
125524477
53532141
18694902
717672910
567378943
759592646
544858110
569438526
320351433
489629727
186509182
679599062
636449714
656593808
534518384
504414621
827191226
152101946
554912749
624059941
449732167
915114935
478066177
293002234
270084479
661190601
537359541
831255673
734512468
867596486
12456566
405027301
206613792
135741759
514669980
738088880
341924380
20973690
699730626
4535413
752342594
248074638
541534031
862164188
21193142
727247427
455699200
633415849
512721055
873461725
583617505
230751678
103339587
448361388
192151812
233867723
142723123
764265357
149731757
664958802
381552820
324554326
693361470
613246775
426549876
119619376
11072409
669698664
761468347
22641637
467678351
310970579
600732019
833244563
254415089
438201662
289684624
255701762
597614058
226458625
601409860
489702063
605267770
473791431
728655013
875330737
632851228
130540314
410379867
368617494
49558676
497629696
733525225
407767554
548225804
884032886
751797965
665975808
666969883
742552798
514564759
656584260
294769192
117550254
198441224
707928326
232152131
836589206
801235909
229863732
812395656
34387380
356496272
689574483
696558930
848986144
151088276
714329657
431847166
911797274
642684394
271625232
711501067
485495265
380247997
920153949
708223020
512615753
865133382
415777991
184043327
821810798
323782111
58690010
58633562
102855104
749488352
674897449
51284073
30799936
644460803
678458497
468016468
353873617
471614769
798251671
451302534
281338785
593214123
100617505
274342925
750007906
321332128
470188415
595722817
708987954
282430784
207234657
873503807
860951552
12687070
529338334
730450992
720206977
788606867
625523069
27037840
362073724
184495400
165558535
162957491
550883038
336767160
847230001
341568238
509322073
619403541
25961984
688569758
283378247
779006552
658208515
568040902
15755096
558428934
644137675
52603568
367086022
409031656
179339787
843049790
667857008
259235186
762980491
210770007
877576106
52576265
346213852
201195860
544342812
101532235
894304679
574162992
355745147
856839978
421893432
407046159
323194702
556238260
643682353
448416377
874785370
385053170
668042297
765701543
280754700
580563127
501056804
484945444
335851384
211612882
419014703
485377124
456172335
485151941
822919931
320641124
143517147
128738757
760048383
245775822
801110601
708388558
324401398
118513889
453290745
69363103
254493171
700479450
897549738
821862572
17611490
596007198
161386052
660874993
280034244
887357066
585537266
890879692
349908220
607394754
679472080
795813511
784223802
391488914
406714852
590475942
818997056
213279299
170776747
301443402
701358064
893097819
618447469
53042879
970571
492312519
434673825
878589068
725702450
203480373
338463375
706007624
490456903
21551473
203351909
409927810
807234597
121070885
875913879
427383347
650937702
295041071
479464284
239833283
873571376
297017526
85650284
367402157
905944353
42489919
549308760
722494805
163296972
162028744
647129023
602473720
218288552
71894166
383133089
409891912
869457733
55989899
526744773
405333968
894978550
182364080
533136379
750175531
755149763
743612312
753933332
110082188
487225293
172057930
425366108
887109029
295186801
7737407
25364420
437315119
757132597
636362210
223313771
153379030
109313240
194043195
673500475
692326822
198763401
824078453
735917639
237519972
414113204
614346191
868881294
263505860
686794461
763636897
314276106
651486692
851874384
232821471
664539175
740146371
834604004
540292995
218664040
684733259
735683052
754785204
241272916
76228739
563015133
243409645
639383623
446543849
898228435
52989372
622328228
358447255
197414969
317455549
604199743
794358930
646843806
930359504
315107633
221640543
793723150
160683986
186139169
447671531
659742808
881774106
502721144
471966847
379096947
639129881
161651057
857302824
269122657
867671683
393318900
671046270
596711900
566105639
706790963
523154891
457444585
905548316
911385610
890090804
380978469
311192395
822713245
149480903
767145094
783445008
862125375
105170091
329809649
383191378
523612592
125723078
146746796
295930187
242935231
680362707
17060823
558278970
193695743
82648112
63122242
97584276
527654446
468590163
393729205
147981372
853858117
773433520
265041212
428626622
37203950
518278655
726052629
346948780
560659281
174425960
851335034
371143710
370108871
771697050
146651316
644037600
636422547
909878212
925958
114320659
758061146
638918105
117708157
421633473
858817208
617487555
145670624
348701102
548661690
920056683
324667557
181462474
349211930
729281932
719075478
109798898
112610445
835707544
399061550
196937237
167456577
671980728
269839079
866581782
249200541
752052068
427473402
172247684
869942167
785262831
199331754
26349668
277120809
538145919
875418642
650861901
7462054
540241899
501844048
730308390
15370324
322594000
551339013
144383657
362405443
102158429
180017000
463253415
456122651
879870066
238854770
306386811
751657299
44886014
853617599
837770015
186534984
100526218
368275459
110714021
851271992
206705071
837289202
721072875
320324796
886167266
125783777
97616050
606962135
597216685
103447963
128095459
553242634
352018573
425092197
657779170
569352753
665441152
332127159
625076082
594595021
150864382
132164888
553275039
693923498
384451822
266927384
870326766
908395805
472723983
880687724
74537902
42438309
113890800
482499363
124541491
276423775
116450102
127599151
27575687
622190666
690605351
404479034
269225940
766999799
872407764
342526908
706133077
514608470
574162442
170542464
829970845
312773689
255680409
610972603
81053105
16414409
118924631
280421708
388082688
645777588
277890061
469173920
665199877
405936691
563891485
805521215
342498002
470712648
795887374
340024404
519884995
659067851
736990246
67895354
250386822
430339610
775886200
236615298
705522899
282216817
769176437
127891036
126832247
262399316
879749694
796519568
920784263
428740053
887696662
242747100
848774876
491363308
685273738
385528776
36560542
525350223
473661940
139954820
463125665
835129987
322085829
914702328
660326222
205865197
320221991
1351712
545226241
886836441
181826200
269547639
889206518
527599793
286418053
