820307695
126690026
661081229
928955452
141376158
592257747
425458317
103237090
842601142
634958700
476186116
798691887
674226947
749798267
166861243
352397333
853528651
425209325
914193859
415305239
174958099
510710432
711794865
491132809
378239969
462205591
254870679
847228038
216168002
589657194
355687215
509194814
918764622
257557173
111472912
833192607
750893916
703185560
293657732
448422289
70159359
131142061
693114453
455792386
252300758
277557618
830684626
634316814
841492371
257979853
284030233
524901667
299675086
913463998
764935524
877408865
828768064
581441512
359129995
849888987
813010796
907509074
503210792
495609140
773410894
736768961
226577291
696613470
296863575
744891667
297867027
420271749
436403396
266162435
95525649
461055145
678906944
89159494
919690001
732135661
639879081
826445707
815873803
39533707
891242594
361099190
817722914
126351766
714339792
17123421
70549218
862948336
426260826
365635167
30150893
726697067
800029971
871202723
491386781
777361433
124759296
162259292
906964682
25703304
393053211
88979546
316055596
585497165
205506213
688094622
335549346
875585153
167947397
34671203
388736526
264328481
786433408
722933536
255672562
512554914
83318750
467463567
857437538
313909127
244313807
555728018
376372406
791821398
863929478
250832375
893881292
56032591
634754362
512907000
795945493
559737551
430104312
208889996
697250283
903915261
84579707
868698140
104938667
400214778
536338032
835310569
320248112
594514612
903560124
112315782
543210222
216344736
85469172
364342214
377972610
836103084
306143440
761775766
80814661
910570210
416906578
729224123
595399952
881130130
418724782
851375003
914246075
507451388
165331717
44106090
560411983
321866951
707880029
369436721
585018596
574972886
358553256
516171021
96147455
845704836
369787424
169615473
544204496
191761399
878677111
575171934
449824467
303149953
232565521
133130402
1435786
641733404
62959184
247570043
472711914
439200729
53387758
36343311
138013776
138852184
801179012
257677545
252186923
567806904
495013886
355052716
764503814
62853711
903857162
125974622
523909013
885125074
11337696
471940051
806405995
335277499
398413137
275633503
219406282
703511964
535909221
402347563
27777193
58983734
495597277
509220333
571046570
184626410
829096877
698670835
378367227
341739281
86572017
638484012
470645087
174661487
600476204
331616934
629903464
225448050
355207057
683302308
191392443
686683166
220589343
560860424
358793438
568189491
79785151
439525821
201905424
805645761
354466243
484643651
760630487
120716138
304538477
298350052
52755378
891627265
821522373
278563416
170250617
644465676
165670779
15714816
660023379
533145430
845224039
304819728
251692612
686362280
534863693
328281395
295979043
331355223
295041263
110358690
486264766
865873180
41500979
688915507
427772245
357164959
432532685
916314786
199066636
195650051
862402135
275759759
555958751
216997361
142075168
339038994
927219883
882847678
274330815
35289775
176585101
613330478
494983293
393088444
523791568
827614051
230017729
249875233
683250665
11874436
697241217
722916736
121685515
921106125
169883605
836203425
424603254
708100284
891700048
831385189
890671407
749510825
95594776
44915403
674871119
462841095
571850993
621457409
209556820
712246367
373550565
438632350
305582023
47198692
525694572
289206653
170671782
4119089
809603121
252566432
901871287
161821670
133146307
348119981
571764652
107621400
335849147
735120047
914005838
675469372
535794085
52434345
45843997
911212801
155837847
434093110
569864268
661302601
255990493
272580046
526197867
922175111
766325006
883791726
416960404
350577582
239077036
792119965
411000491
47823411
417142245
626359647
272756929
441001726
566824930
711368707
816286139
373606389
820144281
864602208
434507691
587181359
696021314
476157015
443843636
279593008
836270511
583040821
393854501
11313561
295942319
336781044
409083286
761293580
225721026
738189604
464724537
801801392
582351255
429989412
462656229
104868047
759577399
639428010
929019732
656760023
274455940
788838173
244307106
443208078
403218542
547224378
410234633
733655606
3247036
567174335
898816525
33017376
678922536
352096785
784664114
99246585
150983255
36113256
571990131
211553028
572085142
580416852
57502683
392640806
734061569
541982121
422502818
827677367
258760236
409916033
455995293
25377248
418212808
604211157
322158328
859638513
721892196
737313044
117702573
704076906
529219588
60867252
332278631
577431487
321449148
463527386
751924202
289083039
105727470
739463208
503867085
484698017
280070946
631500646
329508360
520598969
854004315
441474515
109992428
719215352
113257431
581677920
9260002
864363559
649580086
759638972
434198941
299072458
163210726
10598864
199833893
557727486
322770618
51088891
115492716
422221116
855891110
395281523
744944083
787729399
436441126
853273568
796578611
572506576
699323850
158354544
114797363
480578763
755518487
455878469
497174027
747191956
149593386
424714893
33616249
20271803
321556553
147306804
866667026
295371818
681019685
45705896
196698503
782893722
725906674
385134781
490456828
521221789
410846503
927068388
378949352
610007748
377775135
98497104
913235821
479358842
586103333
116651925
665297541
718797959
118322481
478918152
707125419
911855691
707792679
595148340
843764711
665090677
24908887
769130563
505425962
154710766
49350699
201666987
822242833
261096726
618646700
852293266
231541462
867580394
277411317
255799807
67979275
179180330
31529835
773374142
865418795
591761571
601391345
419773563
66062254
266797240
93487615
462298342
491643344
675967036
292258652
268289392
927392712
779036530
287183326
886411774
759955919
699757051
732408353
831409071
911746936
328293100
103006359
324993502
52231989
183819558
515708887
677134409
15698530
7702984
519039838
32025778
382577398
803271495
231984011
112967864
434337929
661109440
669019551
327777452
587394361
700513614
81178927
272628433
378507103
790020025
505069129
264701310
110182314
88558936
183702217
490346387
546695338
927998820
100268525
720696698
181330201
102228020
252193777
893129230
731349413
456628838
393709302
290544841
770412709
581006661
229620408
737119612
703173902
551731
224289850
127403655
917885870
1373922
443224045
430394836
299217615
218931883
288168403
692427836
509583644
657620364
287171029
58187384
654869395
339855166
132989163
151240631
601581558
718198336
265997561
503756983
898462857
901474327
434656084
154542930
462022816
494653667
475253953
472454107
391952659
114908374
585309802
881855646
384481755
549001729
494232552
417851477
530511672
907314097
634487063
240317030
719618557
225475276
515339299
19899996
565140255
522741247
782482738
528737956
205563119
356139412
264380666
27289734
589352807
716919703
236834262
884168266
475067490
525584677
632292623
452333280
661226240
239440813
437200051
264957908
376293280
368905971
219536083
346789043
499690170
745543666
702026803
109021910
224168492
438219275
23477386
629968056
211585714
53563639
796841621
415844823
549613683
588073422
673072839
3119347
740290906
575334119
788919272
154690480
766316078
694387324
372555172
406286209
207337589
763461825
593628523
359452930
612781603
538608728
616016587
886136574
912464615
432456095
504846919
899343178
108825601
397450198
604089834
423056234
268173833
832497819
316763492
129573172
264297689
557875556
601582778
798560404
306979115
726661747
27789423
423075593
681204889
372403173
599731014
237692873
455766828
232154308
636987275
622705151
130055994
24619825
725785505
558433224
538595154
716709531
832212267
448689286
299675526
807234399
500504827
467887589
57732078
479459748
27393357
43454770
228088255
928988276
105248923
707657010
900228203
643117984
406784390
50840549
6000307
785897649
842038063
510985408
58160924
20486259
471375292
219539946
624696816
353286399
877027182
50067864
251856842
542669609
400142118
33783827
176306408
821471524
395326965
488291794
322625693
611176054
808555361
730675782
834368244
143411967
577921991
505591666
414994651
57962059
96585405
393957211
142127086
92006396
594185811
802991178
924004526
280810659
533798670
370731061
497769566
475731567
899193763
338654912
665979724
791411873
151084165
819461472
726859971
280979190
616023474
497215064
143965095
361533872
209215292
22857191
921734627
244394228
14143884
301572793
409748259
7623996
586226466
341421239
129702213
151300062
116296220
828498055
7422626
261732956
401813392
138029804
729584062
588990930
358675760
241336546
572225066
205333451
433448221
748988396
91657692
513572930
629944992
783649987
653333687
865892641
662786207
197799251
898151194
728889215
777208287
898787501
813699265
320751281
66599672
736705828
583054765
521329192
407834236
905371222
739973501
630288243
101521694
294008335
248725203
865923960
132159222
505053847
361666584
373591828
301622386
798071673
284818888
502570578
397461573
330348331
265876647
230406361
515901041
858821786
105384758
920623911
160476322
545404981
739202917
241730093
607770518
399375108
684612336
212253319
776101453
369175470
599765728
151716862
776536041
834013968
474373341
580659482
28286720
649067284
172083048
493903265
189407804
369563133
513093923
271758034
500704578
917001595
557830891
449748263
1925745
626842367
631350589
397215073
644920699
226240857
170051077
83601284
18997446
51202427
766970008
736485416
272910733
868508593
468786161
112762387
817383996
561798034
428270900
517053841
592806552
13642732
907410745
672472363
391382473
275777803
892875464
381374538
474734547
402785332
353415727
553941350
20570250
157003615
320652201
728174412
470384237
116732856
612665724
169988922
880410256
317487339
295111417
800636942
437374734
542457287
646856883
342035402
768220055
870353254
144517548
124565283
506790003
636025856
638631359
616081459
599596087
853716949
203138066
63741617
680451005
526597744
601280203
889382550
289722295
66742533
36493051
316114771
477442975
240523008
220334407
904792173
169772316
11246485
57340451
51477419
82167659
669211475
904582381
703899799
320441287
449001559
602073458
146360422
823588814
733584154
722436994
193194237
890371907
556096288
770260542
293486104
176646365
51215763
148001131
83392276
905151660
740358202
478495724
317994073
443687100
729243425
413821045
38890992
424335753
15987089
218983668
190139394
490019557
648241043
402630479
225734649
608249988
797792644
467277092
99111407
299691137
410600440
641427266
804371274
519889186
368762362
846476776
752122622
730679311
369668445
470354923
551989154
633424652
439702471
409146049
401463558
338360315
725849281
126093716
130982230
519004350
922459073
413501941
855131762
31691347
368698741
514561748
24889345
602446177
487420530
918868865
620734680
498888938
443783670
650294909
450462838
571054000
31889769
857660258
899894228
618748748
823077978
76801461
71407765
608282319
895015032
61024610
777523081
811846218
258384808
38034911
330173154
233075272
683753578
625439245
842833516
903626127
302557302
210883962
261295862
664645073
338914852
446486279
481041672
487859268
782990858
808236555
758985555
283148839
856248558
661923766
413907578
294800267
892527122
625832863
324146220
296965527
487794265
290945025
631118703
23165084
105985033
14879147
95713233
887630937
67163940
640486963
381239283
356530076
199800717
57417827
105496443
155110007
196421604
922969857
578434474
596447279
253232195
879934855
922725008
436754943
400092731
276396379
841234808
724806441
712450085
844362375
86805752
337249979
352437919
215113290
67028359
577462694
611250917
17195018
881580992
691852842
318561727
815861672
49081635
127335455
16158365
436564650
169424551
877597560
895078322
197549906
304903068
186726678
358962279
752434417
573057639
294225606
383888665
374948234
80878457
755954421
102298605
577836451
394617530
491155997
35404799
547592070
204454035
227653735
572752943
871302664
351810651
824929913
46531163
922410129
233676165
126812007
546582765
580158682
358869172
107929896
848330911
872130068
165492083
294398489
126313376
278625540
250419472
833161712
62334471
737557439
814101516
155328771
333433495
530459198
193271979
702075174
235487399
825918853
245635768
541935194
844797095
723275791
512341165
83481692
805636252
617273712
532255650
770541815
435588610
677857819
40772640
911330594
806672103
389715943
819342175
526106753
874149239
333727411
508715745
51072361
875457684
493445620
776904589
104154480
677456265
917487892
277066180
99716897
47844474
233932611
127238620
12646973
113683731
868125004
626281151
352524601
28374899
365576320
926056301
467609586
81059919
128835570
117192180
829014864
557477183
660442059
495345616
208267604
199830672
215482640
587183282
509126511
53947275
289713633
925007579
341391388
540414306
849151614
738394232
116909594
495662080
608727217
826673288
532460741
224903778
554927475
248745544
523340224
1255431
302089968
191407957
746655596
448562040
895428692
528440074
547215352
74373472
493143072
283456793
592864013
701365130
578108331
281457325
539479645
758677683
672800349
404453861
419248487
829475801
172530816
802315598
843625452
421594906
489565445
776320892
602288870
645142793
388179930
409543381
846127287
306906604
397064204
341608860
602262611
18305893
3224058
315078820
124161065
736248736
588660045
393614637
19875309
377010610
808636695
552076820
695992937
168881139
426678954
552599875
697600340
693166211
815084465
23529777
763832073
528965422
910178287
867651440
698119495
228229328
737668008
490390549
901215821
373332299
182644809
98650057
848131008
661002689
916096863
386028724
908189014
401124625
315956307
782679949
519632328
925423654
71851249
224789142
41813334
128380390
605843896
148207010
454412210
206935945
84537097
766901934
577279120
757889419
308956999
100331501
855594244
741165657
501927079
68675321
568165165
382815140
672203440
19186835
288143560
258075436
615883835
806032087
750895458
611989675
540131844
432740375
173052472
367577028
359948140
589765298
268508178
340841319
707779303
559810551
70886950
263415791
577929280
197234444
644261354
809710032
853285030
509210333
919668127
34016381
797776877
904238770
519400197
76676854
323843566
112273529
187554655
545779051
392488710
367425728
898429057
781755986
757619463
826234627
681408614
68174537
58772876
877512785
178387012
498742469
539201091
706290106
523085694
128777670
641473528
32893121
926696598
118009612
708735021
310692742
72361423
930366182
3217376
825841079
295121046
821907839
677598463
500496148
639242180
679183209
663171393
76133055
876948037
310325102
642478259
222405678
793777817
782782655
42643305
357678374
725714237
798216807
668526917
747942931
456101454
807479694
794486847
539410507
810086739
18756135
930237603
736015382
290738757
903504791
656120263
893780872
430943245
474192476
525238137
75811844
51163252
359146130
168160068
700406806
71466760
463459126
299236417
458328867
805665187
565033608
771813860
179270088
351636543
61264407
13176155
571035199
281735921
417999235
893205055
916408807
527204533
304684601
151657402
716154763
803940430
246401055
82956107
634948526
284320697
543087924
668401157
249958524
630189142
147889716
678683842
215019001
60877202
829890399
233554775
556160660
447305499
150418550
680202407
776799853
698619023
736189271
643659115
676414754
333490901
413281190
498473952
73101029
768277419
729480587
443153428
117727908
203558306
332333006
487763610
851893728
270525420
16131309
107164769
403377444
912774995
139928406
527489305
111659588
405463516
334493516
810773915
498608147
141087119
222402860
242203316
91067753
866979296
113243430
36979552
753876208
281939194
177008977
150555025
461181687
837002966
676297489
512390391
822628817
452758807
574335096
560683090
923210958
141625309
6279164
527541654
178854023
905681972
328147195
132464517
547909346
203509540
240229033
168966463
215404542
915998597
15035916
881059585
98914947
684796088
815067696
892584558
274978246
88684552
547632562
759505478
536486031
740554811
738935903
281303123
387554303
516960982
724410694
247109173
649833472
777650682
228568839
437142014
865442808
435741988
560807286
17049284
280182090
338293389
838157128
530820368
49749382
153471603
533771
915365572
784019604
443875928
815411463
463154103
183599193
931496911
776411080
356672615
570340437
401829540
531060871
495027964
655477923
249698254
559804809
148538629
191753491
220979721
207008918
524294776
182152991
207918278
848107823
324927606
744804425
95452917
256262555
51657864
612748930
757430166
652308937
119243149
78572143
297206724
774429506
386417359
359215088
184068191
618536487
871657809
268960589
122844249
232588148
328693896
316334799
924009510
541798626
194929890
620423192
528446387
14588518
920697514
667795670
562106893
209899255
495436718
196699325
915379229
874013680
378090332
734236157
822037342
920174281
35690391
168589247
416210819
847212255
311010776
413596441
357607368
223435172
405200266
668949363
295183800
283138251
116138303
476984261
641181314
229205186
141866711
670230641
760495239
87114636
726976725
447879390
873273577
448987643
71438304
521715306
172550470
515884315
395681791
359468515
85225345
283733184
198116875
154638788
452269381
805493973
793248825
727661669
170697738
467715108
359538970
670655383
613148823
204654593
102549768
333797131
711584072
486869981
860411995
828711783
128960382
661668789
719864635
505852839
736104003
663292296
235816183
221688119
33952652
402039807
11778366
680414419
318679180
609333726
341556169
549369743
439024053
144110185
624909711
551219644
897268260
423337414
508535510
351082478
761772952
652013283
302816172
808142682
646016055
663631203
137234863
180528492
574760813
694181131
372326857
677975754
56512160
855388869
155017301
743913064
592774863
153235681
163581625
918699480
292574357
273809808
189759237
31917306
566736676
879364417
248173217
219924033
50817014
420145296
886758865
251318895
367134349
245639078
238294895
595690942
462157441
58492379
777661632
686194206
53204622
618099818
530728510
398975507
16817888
140443922
732918752
250889176
79244501
903758066
924270332
141509689
922720330
373562561
437935488
405807176
453545641
526463064
731463014
196360398
201372763
575924788
166415205
164896884
397669824
425543596
289191605
15069779
445988528
461808543
459106403
31956273
467341831
347560187
713157869
251201320
450700660
277302555
395418226
489600729
386668319
649610639
822868371
790260001
747152977
349431039
430294766
808738336
47087367
160067231
841058352
596742095
2358461
288423626
326477936
637427968
467768975
776119657
282792049
341456310
890729270
900390471
746689359
30595245
533211961
459336881
422435311
170523875
511010207
729416597
325574117
337719116
221051437
906804800
509600343
40142371
219013370
759339446
821566835
211451348
799665039
72879437
82662245
684596402
456820689
472865023
119677491
836883727
60097977
637447943
406730744
215963776
69059809
575584676
246687212
313253898
927178258
632389827
77880493
744910801
798737742
379914864
569769122
586645541
236627567
572496783
42740205
53003200
373155455
139224309
518579505
501617163
737954256
225156594
429535669
810966566
631938893
604988603
411630246
304039691
86315830
740500330
163866129
736251466
3957462
650605064
542239503
915196436
372424468
169082708
503935808
553135644
274527729
621818177
435524457
32264270
428077616
861524313
860130837
914192331
551201317
597597798
168821014
756524040
559092371
768281795
479282530
241539368
592439873
251044349
329427831
127476950
326818199
454107327
425582252
501070840
501620065
266919282
869906796
23092837
357925618
354910206
253307863
588114248
908310539
19449157
761055185
416679206
389988056
573629069
431152928
345525160
398925973
862448509
392250519
182407407
705127394
590688397
625851081
880394819
473619570
98035940
113367891
619879102
116603434
294377145
849166591
398668395
623298810
539330946
92160745
348927688
207813850
209275578
92934817
563188292
816518836
41539301
858591152
724039509
600063240
292903710
187379358
904824538
809834751
466493167
672535689
540579236
119488198
819747062
742880886
924914448
271201247
86517141
233824829
900882144
246994976
31408792
748737798
244025653
440553851
891969567
721958868
876021625
874396183
280795324
853510898
573680103
112804777
291027782
436241238
173719371
931916536
747542423
46054828
316214835
718129619
302064506
398285487
351995124
837354355
831578428
717368549
791822721
112551776
705022024
623838001
153831645
76498839
755753027
414107081
589372293
108984149
756983635
207127856
760638190
874320372
404870402
738474869
287067898
534220273
431788295
431171397
139690555
927216246
249404305
389565673
834649795
482215318
173938049
282398104
27696774
435340626
258340971
761274131
136043660
165688969
770841537
388200099
322336901
5928521
31739949
776875089
61626578
881634057
488290443
314119833
820837918
545543232
111207569
737149774
768610767
838011095
541130152
601664703
185980048
627989389
727722352
94762262
481836917
813402990
306779103
767777261
331471243
790894186
663960877
1432662
585001671
555733209
606086955
857668353
232260879
888178067
152441604
592371265
836157929
594697400
191433310
487562384
640825752
32952634
784844820
862869756
384361734
149711247
120231335
80360391
902658884
715429370
805634438
787485855
861266219
798825311
564676007
713664873
215728057
221429087
905366809
356493043
562282505
107415734
228817256
787034711
388377665
133554140
410917430
873898813
900448500
347860035
704221010
462402481
268741197
114429558
448902360
387744637
846574037
494471251
106067102
27400530
852982925
70324219
348031187
289492336
101545791
735533224
153581345
301873918
153679280
336644720
27725554
465339011
311485525
585870918
28170572
727151628
517102219
837581373
746097647
525274979
271460993
707885499
597583560
171413962
822039439
715675452
230137065
905248056
286516641
786627724
16026776
543908657
307572769
775543774
685544211
546670443
434705935
68327258
931958121
745633323
65057537
757182498
502098920
561913754
21104420
912237973
387411930
630567386
657003651
326852705
434393548
574596084
262743294
836555782
373230837
52610657
263501584
169723751
824465320
65497135
769386430
405856499
558541357
658436501
315814617
400106655
873667761
763763821
898857460
569380635
541133284
112763948
284267323
470248795
896675383
207518814
521198103
524916159
276283406
746006721
605143713
536077076
339270387
525159707
722330111
696845265
255334218
361519697
101891282
144950982
425890708
85324749
853392703
590913663
929589772
403041925
255256062
643241507
918743684
774537192
528682360
621227996
457546818
493581427
258702514
863758399
650874686
474201701
228602282
392617814
638278200
542932331
39012409
814734721
241812783
654486635
230766546
225148137
685192770
716216984
375653358
352598840
832718614
760651923
591994535
415521295
205307363
902903919
877369450
229300395
654405076
183051
912590398
395684274
753487033
428918104
559330597
829696807
715807018
748503401
777018847
718143959
774790379
420143080
515892822
759405406
391492277
303681481
634873314
82510382
869447414
488011929
338815203
697504815
625826124
674164382
671016928
234725505
873662112
4516471
326683844
75283258
601285725
377290130
798571143
734593827
656085854
792712755
483384665
725422614
87924285
925441175
389447574
283322430
753126267
433015829
200024957
887807683
517093051
505431590
603262054
328698735
652192669
43113141
662913506
458128331
306843742
81788701
600041010
464633108
704862580
514469922
665265242
355661093
105221643
31524363
47589114
56194127
706672300
634157661
521811120
450863940
772723387
578414362
905792465
7149434
524212375
695513966
444601429
429670353
250726141
54246494
766576766
291505867
300049213
717616806
64534370
119513649
530513328
156877703
730458776
235288659
722991849
903601007
332231623
212148406
238735242
454762552
20437901
633698620
693790697
375520070
436885243
32921092
827034282
39368343
445738658
366719734
452810819
387307835
455554283
96777244
931890790
420734397
640346239
62600258
417222871
420366515
203359600
179304879
664214738
330158768
654269785
868567933
880383842
311552773
117685884
451842481
829612742
205590467
149570372
56014824
688027502
350341038
322327249
831638466
309156655
721263982
892593068
851950914
58689623
181931488
347672491
141290700
313161700
18918661
601866495
389656066
862779859
204454876
705828316
866989590
889105583
471663513
530777969
756602357
579827698
690484655
855546669
23152214
836832410
284128545
23574403
742166753
80260761
534595225
434006346
439894221
893080609
532454578
890270935
318168692
523442557
399104842
439036326
307233963
837844921
195926485
444365805
395157101
475691342
370577893
693023540
355333004
533469945
242471363
705862891
602069590
620675249
426842541
807260119
297849143
735617761
573239322
516993030
457643097
881083076
869186219
361538922
860251310
70043378
897311672
7480095
726496649
426826912
190574358
733306769
663580950
586864501
297019462
138738121
129999089
811358970
686262823
613921854
642941313
642771340
167934002
119199052
894196315
246341974
52712808
301697316
494832247
443550048
859557198
140527529
60287970
529448204
452856241
626147488
230571283
739790327
179686337
157339001
521155856
627380933
252467358
429903257
277923334
105128173
113286743
666525784
193502989
259262177
387423730
209086770
461108102
363376429
399765969
201541849
579668604
475044880
246936548
662513387
748495668
475064268
853805734
534956814
176613338
25460991
898155257
479725624
635894460
74430580
96670995
234530945
777459472
241226309
621837219
19692096
800278228
4142962
353156614
382326017
360470579
510415868
594725182
446362068
795496726
774249999
652861799
733472799
800890661
696860923
509620092
823650224
696239631
562695229
172813904
559345782
128073158
22910923
444551799
122532516
91698464
468343267
542989137
663294578
923779926
770987583
142854066
202610832
325458755
771596835
921282961
922835312
532513979
360291597
419343576
712849906
846114374
344673056
790091875
185250144
745361621
170975427
758629867
748425703
686288749
64063243
821740788
193135840
14997062
450222914
13555797
793425749
399359016
556194663
650063737
421620959
821016585
203821092
186415208
35010859
599410385
46990468
210140660
450787346
602556502
648532661
393806650
432684864
565109269
225176786
788326321
229416363
452124392
490174756
2589336
378568034
10537268
482352993
101824880
347561219
521321905
469907922
752516303
434138584
493783554
546198833
926254036
332497156
367019218
721220839
849231277
581297872
623197998
20804717
453181139
223788692
576407669
249135169
240370043
290649124
139402078
356858447
877574388
388653550
899746618
238351833
811675796
452024433
666420817
318187175
323569724
368391636
919507363
671210628
906019918
537701702
619159358
437749801
289156912
315466351
795027639
487670795
529807611
408259852
848903716
495495293
908184510
109211704
360055350
635233598
722816897
273190627
317392127
550926262
690396381
620786885
256715310
140510641
278434353
654791684
397478394
662001984
430173593
315502777
184436812
206619604
68767102
704796427
221657739
503351972
609920555
138523126
851997342
458684783
676601375
827488930
730752558
216959401
619238625
662586544
23062362
551312269
193043829
578449491
56940626
387803619
476196590
630800419
830346336
639203996
846470564
521894594
812008825
561824324
196086522
663694452
191172092
339708588
371209832
463234400
771649463
870086641
568957870
772696873
846534777
488761023
490491287
505733910
333172456
34646730
282370115
226525577
705141145
625775080
926433168
234314034
204643851
887669646
125857788
860797193
54496073
747526112
651653107
680239066
354945460
601962098
861537900
660267255
271249855
164656018
422637456
684768439
818528646
44976379
87416119
354608828
857993664
186963160
274884083
515236813
546991440
574612825
366222910
572116143
44591625
218484091
920292579
210756205
858412780
520681391
912419117
917167453
668146725
555681193
60129527
149298647
726064945
560865343
596761961
223093626
89457607
883803757
517060626
472567642
807440222
352553233
688301929
338796240
465648666
521823976
295030414
850886575
444362343
496466887
27891560
600725425
605375905
659949480
641491748
414658996
231288825
272171303
889131046
186539780
603631629
474053732
791357925
571164117
568244599
317435455
117256767
443802100
525499154
565099897
496191548
171669479
704290123
703972452
125364534
204508442
678957316
59700302
830551605
753638859
559015577
559085138
584152233
693649723
381762747
463064192
490174992
667466372
533786505
910756153
556423050
568579539
541558977
570748731
485862836
828957295
439483521
350794571
658307520
519383115
772217193
890837380
621232006
281448596
361093726
692042362
211927017
931533024
329119115
729353913
923547874
140508967
234416501
214224277
210860092
897646381
155755580
858834853
416781031
413053468
429005012
567262818
701165694
373367358
244447442
196888197
730742416
895461702
645454430
64941764
879753602
566978937
495736361
839049694
171981319
600897765
576968600
248791279
778740116
601875861
178987561
805249903
188819590
577394955
424782087
465044981
370793837
344075293
847804283
548960283
604100611
664525746
320576892
231746600
355372387
796753253
312823024
409130714
298929737
843628582
582213267
782293411
202105461
820961787
113904176
387146756
799663141
154367945
451954088
769841194
416244783
28896509
676111631
342467513
699246164
586311270
270386723
91078960
324754016
24657200
79523985
290216199
249886460
528086906
51782638
204580908
369557174
722440757
813448635
751668892
861126714
505221475
447137632
432220202
190701108
409049921
312807538
206356267
876236553
619202544
841231657
360867948
436752300
215202940
303805711
329542133
386281093
801723025
847071801
186307075
321932443
605207734
564434233
404801233
101879506
801534577
817874522
531376074
370285738
746347641
720209874
796485035
891023493
404140180
837065988
869895535
121676900
237601901
424644787
46565423
685451569
768166106
89554181
166872428
506623950
695994034
72701108
285247524
509106452
485124333
93022510
308650516
368416330
396699975
807647872
507819861
2940844
409597109
49878008
717358996
40783950
379206121
193457667
791837654
166049592
70640711
365742926
807289086
548120802
319112801
504438263
665607168
544359012
649140060
436860291
812432196
263699111
757165964
740295071
808703522
357336139
403080989
310602751
728725817
324443089
641069523
683086631
483867100
803949845
820325406
541483
214407480
15683292
226234075
637866852
274529095
459171512
17351761
495097396
827337695
443933469
333335816
810792746
183571373
96174197
681330054
67352438
911585303
910281022
4014068
248987267
173493923
313580391
131831413
405014126
197929960
141866683
270002030
303743636
456824367
915345584
445860107
870769807
497898048
127883800
428132631
724262606
127067354
779146041
515340150
274220385
359103981
625305447
429781926
212791977
813324455
856667026
705685080
824601858
429380318
760976896
324551119
170355243
226569171
203392638
584193434
930680419
149076338
354882007
864162066
251745965
574446246
112429806
223800683
722124610
683477796
721137465
648050556
829361339
732110539
251076331
922824947
221527154
787703786
195128605
916049186
158503361
379956105
704996909
213355606
606747259
633478718
655221600
297170532
400189962
626168988
845171256
118793377
554009193
929601812
333858212
531069448
835779452
364252515
323650933
469376611
663972497
110043210
162345227
89929854
518187350
355157526
55565678
334607273
738852155
183198758
104251190
20386229
62789482
805399689
550410408
779791370
80839800
915623079
178277076
737987599
217020448
150172557
356726753
672878731
268011857
59151987
67503766
886859198
38954805
89125992
354932321
804867827
92084327
657402771
101069690
757153492
248735067
213254316
686349825
352312990
910947801
66503929
238484407
843302108
330054317
134031212
353179446
802448867
592482931
354073941
797228691
293210340
929456470
263157706
685750661
745807148
699274940
417618850
500246647
202304773
329499286
63498192
15751094
449707928
614678666
853636574
556268091
225069298
213818680
461007901
88450866
864824497
440768486
761269494
678431628
494792824
316608574
777325247
714944804
85751475
1269475
380602115
329510915
495047076
164287675
617451478
428372484
245959810
386914752
404586884
235844250
456704172
926895777
899823596
233542801
317257785
609243440
887706023
539762182
536217821
846612671
489084999
711208512
170043612
579688707
827553280
217305616
354333894
885884691
618087868
838536336
136662650
121979669
535254683
835443160
720361587
138655622
176831467
163498193
447544903
777138350
873656273
532281131
194178292
615109198
844992339
897984576
868661241
556204462
882064294
204661604
642370332
476597686
173389090
734378559
123717393
928551931
400507743
341715887
689251193
490660796
861996340
846924334
521965519
58797912
611526293
180867156
319304150
516501525
808222642
373790829
475382936
225559746
551581408
555306291
140495267
676047210
609310998
832673166
630885795
916245714
370430176
384588103
613603566
120236745
823721098
326285556
479037763
680962699
868744483
129966505
105841198
52674230
822851517
470511789
165690954
59772947
154659435
779846102
432530272
629661390
903022039
618507108
669051718
121163078
536151662
898806673
567028441
859308605
837800688
457995516
359010600
132026038
73357501
144849767
646057754
69815252
390644586
915060721
696747101
732045079
134652761
192395543
332530538
790128150
286802100
189365383
418606750
347280446
481885122
836175848
506956626
384428056
813019215
392773521
638001142
204116801
565773048
65462068
220176861
695053574
299049570
855455635
712803903
269627062
839078226
451479165
321766309
503178396
322744615
778399772
47902870
544085725
448391263
433005369
122556738
527890160
735688930
240019596
298812076
343848284
190719278
862743664
363869021
759219766
884567167
458017231
396919015
27193598
445892800
539449102
428821234
701254013
349718667
144334663
540785689
251966711
671463726
902880125
278966631
574353862
626673375
323043940
76338181
849686515
819493067
460537836
760495557
138568168
572850229
114941910
350335336
495685746
343832810
884766299
729764663
79582141
88843078
632442464
9995771
500106503
621063542
750508111
840143556
807475965
889965214
627990512
368379471
807733876
353299171
739362224
420003234
582945176
530316270
216216190
260895525
167460067
680609828
813658853
163773735
233623441
266582683
12760775
49309132
347336404
407631619
561689862
346976773
403848450
285700519
382988783
435196438
760115777
271529167
604950174
888542234
366244849
134380703
745141958
723190741
67608500
115443479
483698587
716718683
233579322
509939966
929424806
203011384
348981756
628885356
366263121
551992006
116270757
720635060
872430642
108815772
619492555
637634203
344722382
444993593
874874209
324271548
554838719
486493266
318522047
742309011
662049969
302898518
623230163
38346655
106022468
463801262
299203194
173136999
885451699
251428814
123026997
461632775
477629063
879997316
313789490
644564640
30162706
500363393
131447065
514860178
302454258
55331939
578618241
438710299
632437559
368185559
807891197
622322706
406813966
466425176
166524723
860343229
172660583
130998895
159657371
56049037
104008618
736664197
470362402
161311534
181526698
268851296
27574928
592911532
375701063
52681534
854319117
651560657
874826345
470635010
794638453
549382620
266607522
899937158
502776446
209160348
192320094
674266476
153937416
515167124
41115317
396096995
197427032
606546354
568009364
435017741
802342392
84630167
619064939
728430537
10757023
161009297
8301888
424482315
526731961
629861060
84070653
839265238
450883960
26856113
386963181
13342070
455923676
750147373
716306655
287974149
3588226
171735778
895681095
321707049
242428680
583178367
185487423
756225826
371702176
302359764
737529276
154377514
170893435
582828273
378522528
313354017
493315277
544628526
891829329
548477705
713937480
159510910
576535917
206191059
789758502
868230601
380440635
164043155
717140466
881512954
772957779
218766313
194806092
383547743
381439227
805614466
593796166
682465785
119292641
677883221
739808474
307929496
345136124
125101817
485743207
915708855
297217614
559485161
377393417
906738500
558002341
128843819
184374147
787012642
667324705
803643311
222870689
573050350
127357501
72384336
66253019
851588072
249378993
589181537
329335912
614661428
906069772
236798566
174615407
579362086
438560259
697944702
472069424
446024177
173492785
656151735
399994128
674123317
194460444
106345660
522738302
792458165
749544930
812809289
525461305
883084062
705290551
485640530
828287358
622759796
774106266
79347386
761678887
824742116
10527630
577396879
138841673
519942684
461878339
72108982
255763046
179996062
188916706
526246309
167830616
665408775
868227492
852807197
679362215
386680276
517441781
244389856
313903153
80697504
905989113
685071243
843297860
351827698
301691779
313804868
314212180
697439596
890693258
359566883
536823095
413576117
266183272
11497677
721419510
382739753
312925584
294665546
345854807
53177551
579241083
243703229
442212484
882405321
643360668
756100661
101557733
340673732
383327103
392205926
62192697
814905880
149812517
26993981
776775576
701293870
833500508
807079813
813969575
288624332
931943565
430823183
234689780
381256988
649730727
250923995
113119902
341469789
240149391
686245117
676153346
212209747
96965290
346314128
31887297
611494922
191400843
397959794
637054644
404818063
759227492
907039287
109717332
90595329
56424047
692326416
681632476
444870598
5149974
166997698
355492039
472255332
379970066
192226145
602157412
672164432
499887566
925869747
131037633
870843433
635901912
99814466
752808717
511291283
196946733
123525474
175138498
3988575
300882961
855550382
597946907
812130240
247036934
130269276
787603497
735083999
589004601
298519480
580637829
9563596
626976947
672136167
412875814
324557862
537698324
641975846
565447059
435690631
674206594
829330953
414016348
163044657
622972231
123955169
827439243
33852902
894395267
292791803
20952630
648459045
731784453
798540701
538497326
8828577
829856702
458666480
220078867
483480951
174742806
914153365
217511842
884427900
178412495
890294372
406401172
264996942
624947431
238518971
823541254
489249288
474246066
651971883
821926003
287453517
359659955
195336220
757591383
680316907
659802714
170472889
65955712
442031045
652037316
81517980
435329401
12752517
58657313
239131499
589504929
373941616
842652083
697781821
786686193
553525722
544053578
827697676
510821329
473909387
518006096
817310726
93894579
337971538
47380890
417559146
10171816
486646818
440979932
867749116
11381679
346449751
486336796
37439335
341283201
716472410
749210143
232509523
406320011
380587599
554361705
95521193
382578757
193429207
669365099
178229643
211166911
688748160
525296697
41651434
61874759
91715325
834696187
223499475
914069841
911669460
765498446
125735536
796244594
668416742
513631054
627111061
314674826
688201042
303061272
720519868
420868139
62025282
908128648
510342655
72790328
489316492
193619020
455940508
263029781
546313949
543721302
454466574
403492266
516675432
878104351
516639522
105197728
112529533
469850955
857703003
639363178
474848676
333854011
546663175
840585606
458998789
522917568
579414357
138698158
783239442
292558930
588594988
304127874
286775278
210197783
868789959
416645066
526356564
445842988
437860156
447805795
115990060
472579000
736340092
397378390
272728021
417757603
882853659
915811177
196974970
67345529
560520596
870237794
195905497
928994353
891562397
97874251
831879665
893336722
378345300
183829011
126988909
307108687
186991639
901127554
734338018
638887864
798830966
755449050
173628772
115023275
117664728
177440744
720944839
120916239
382419827
7736064
835528375
244780087
690002937
343217131
382947263
388904525
139194694
767643937
228893893
486737457
646464162
835509085
392694943
912620567
63833867
49011947
241638681
555949321
854261568
686162122
435534008
352456549
634343009
539417696
340901500
327839775
136666504
677236026
291796030
233064579
220372797
59353502
882791122
677190823
580120831
759007109
484143694
693567592
892349694
604275513
1283815
847043497
770465945
174195364
512978570
784470983
622515518
278036481
323747449
750337552
50369536
299203698
56393973
133577831
305123617
837611907
231227014
497966427
821770720
392144363
298727226
580257973
673882724
774357089
260429985
723147775
476096983
526378465
421015853
846832584
495464760
327600031
420728863
304968284
299442279
426194157
70388231
599060295
442925277
584033178
308242642
710912659
275865043
600375659
321089819
522215079
557929562
197003847
801291522
594131915
217048659
223156106
409052860
84125900
747646967
653598047
749197808
159202483
636257780
424861162
415616535
811288341
569916113
696441149
739565589
882259644
660848503
589548578
391793313
931206174
476888685
226902721
494405371
459697065
841918819
496120356
154731824
464642330
471684918
697932549
173868522
132374684
918233936
132402090
156938409
297156318
87230981
566682006
827213714
387554879
342185824
13724654
28202376
155746917
442876319
4294929
869248037
147598357
810257449
228895919
883874630
740106422
904354842
61631725
337922886
680870541
884091100
170341173
370352782
58651944
439145826
678624929
722434137
683047081
510440055
273376898
341540391
525178869
615589826
472042045
910747857
907239003
576267746
127821363
640167662
366866180
249214210
305324010
880003279
196541573
835938005
795370215
166470367
4984152
749681993
520117782
29497919
602858598
925974673
82861121
728634047
630150080
404630391
613637640
422954489
24887017
122135270
152574717
287652110
747112911
839769345
210539967
548141003
604886653
246087582
748779992
599158645
542605537
573255576
16603588
575078415
70724261
140787453
385898118
797795162
674289000
644804367
516728120
673531951
621000385
711749688
703803650
251349457
341214117
548602314
229101039
379336491
862497654
46428748
7799520
602726041
418636769
374071458
114947900
249453671
235507300
174365798
116617612
869659470
385607803
588297359
414508075
620202560
558963912
320649380
237984926
710607308
734180729
315339469
549051517
105621239
434321476
714967032
868213516
110586499
619816782
697351058
418741778
550304609
877334314
543246261
546183119
470942364
126564925
313312498
832024173
304404138
896980978
466740663
518389361
701919712
900050152
420769821
299736654
91189172
162537401
335336772
163704099
492729073
15496507
97250080
605009494
435822160
602327550
405750148
81367631
458344269
305658094
858207350
891715296
380794566
760225263
350625500
343078448
526009900
210097504
712661356
617797090
900217759
47355477
711207710
580047496
551539425
19790622
780260834
4888893
919431013
244494434
787047928
794990645
649532440
65722807
27080142
541220486
166560206
155462337
227749807
602102213
452322098
694631173
119090939
556134574
82714222
752338721
31369923
886374496
844230801
570406732
869263516
5109793
20446595
129635039
882486582
417958843
198968613
523141079
513394391
279406925
205635388
80189155
652204198
799448730
371484610
200196555
690561472
381199568
737955878
680533980
932867551
335856006
832759694
882691802
80348090
553041731
879237727
911087299
252835316
538771783
146403498
30998469
743219504
447637364
298217868
552652332
804873617
570413219
397226906
161853165
653436905
153591057
594652753
766750199
297212924
512238634
918753484
494481951
681924234
541241730
51606266
272616422
262609074
695599723
563565998
368135570
849319364
436906002
153880571
331466246
162072384
250234521
24882274
256262195
532199811
243367539
524150813
238688751
504420139
54027916
316343026
598621176
95837266
118841056
301313159
803875296
708486395
768013447
131115796
302861471
873361792
34436691
833100255
49609380
813540989
538375908
877904856
203293350
743081568
668989892
605960543
759357590
746289721
266368951
700750956
853040624
587762201
617957597
279156181
534521823
584500722
384184204
781071307
124886787
373372463
648931526
635577449
221222787
191749402
30870663
866801374
702438657
575771761
910833433
690325904
821360991
375291183
560962767
553524621
657265594
6670032
681578019
635989527
736741442
97836505
25608208
303801495
416487464
869739392
827002420
492069015
50619680
528832120
225718728
23008907
422573903
149375994
626217389
439342890
17079648
794956843
275244831
57549525
157580211
69791702
149533281
77535272
449863403
615816263
301699199
861873497
334170080
367879504
799108341
22565446
707420780
466216819
396437488
453076851
493113937
822681142
73039756
29098249
300928478
546638075
503925310
766523155
344659391
517409738
733233307
99144543
641704494
607348375
632459317
463437167
616685960
611734874
208771446
31090507
710392326
195603489
683796394
31046736
254107524
197369493
68177988
623648600
228470323
197382323
11423541
229215814
99015333
447791700
785952187
538138506
717435899
734494833
63584427
840632584
515070856
322803630
886953808
97248216
717699811
451656633
671413023
692837443
557964446
179500193
663478227
289973106
266561741
863300383
192363954
70989142
767986401
579408645
511713532
875245226
100520434
62286175
264423288
536020956
581058883
238545510
52069565
52638481
701809496
353765792
67594248
28648065
758990604
875571097
738280283
679202959
356608864
900749281
664430094
432166156
836899980
296552884
727031166
810809178
610565321
852727484
926246133
724077481
27299007
78900176
851005669
518157120
806486179
716621153
527721583
240784674
347819305
761745890
512851407
134664986
506563849
54037540
258569111
384828229
636058168
477136329
13519398
664992141
882178419
800008022
412431314
734315611
726411507
834013599
748587811
871054049
917808495
918282114
360118855
227681110
378157092
784289801
469703933
264359223
77309277
766969067
366732517
903893198
36819249
370588229
34233271
8368502
212630383
475472789
306801715
301772796
669456291
714046041
846424516
897030673
256591522
518343069
409456978
72606299
366045587
438789794
137952886
385480746
386526899
925672925
699237551
125508136
623979954
648423713
550085605
814643705
71282671
59957561
541523128
871303665
107743928
763256688
492702864
860461120
196041480
90364011
551309485
275796864
141488358
26213754
218752859
879462761
55272436
838545022
365923165
68825371
524476903
164793785
909223159
285181940
829063185
558670268
508664894
300088968
657283131
484866431
251088634
404272907
203037741
748890108
774064736
648475062
10150322
141082411
569157601
857385018
584101747
354423241
547221607
437812947
695440390
624697765
658264272
821170517
246451305
780206045
799016066
405939730
674374701
192741594
340441709
728320729
775361963
711602271
709433099
601654419
716360661
15008715
447276139
243891067
842012749
180689436
339742561
284971524
200155570
863807598
101078568
449054303
82283805
5669712
337387880
3273990
132277806
215696691
74009985
432782656
730274923
458729586
96322011
577084251
201078609
300270803
375033447
286819056
48016910
350091786
396083062
323808153
764940505
713964344
905536323
360651746
467169079
431678216
87975720
902230133
433323071
841332520
191927821
709561027
363556015
772528016
433990845
258575096
136044785
184244262
450151312
510588290
561310046
812378005
490600390
211497070
333060634
293109730
675298753
692343935
786429864
822870439
898589629
390005710
426448103
109313207
20675974
684344582
366803674
861494184
277361153
40916811
812648576
364344900
689219680
64346870
414886090
579357841
653288649
313683588
216117160
673971848
845328574
365979017
575921296
115909694
368584731
165936352
205890942
563261837
287157349
562563875
284753265
143217404
700126788
138405093
820800029
103360105
750477862
870385845
399755341
218800411
447310325
495955696
78237848
789389392
105285302
735911459
737056243
209194815
372002101
143840133
377847600
162369856
839822258
311110389
59932505
58165260
124395161
45109755
356273323
838582126
478797402
68352306
704027530
60571205
171117485
913357376
911573662
439308398
521342198
79182901
14809137
896349550
747075234
635105624
795509890
863686503
143263289
734048770
63201306
282841718
521737214
654097138
161799716
457167270
344184198
920517522
774910756
639091335
642279338
896640531
440471112
456211225
835418234
550172279
20707467
622817511
306032032
577966001
818559721
557968658
565422336
300697513
504941557
920993443
471839764
768931271
758997422
665074786
861523057
788898665
435460616
5729131
686896573
764366568
492123057
6729293
160391725
99333519
360359122
916801831
730538277
256942123
597429282
913080213
658552998
587189630
878434268
121514839
377675117
524676467
833705559
927337737
795677966
2436125
360534511
705234900
846430962
343255886
883994772
128792803
654526088
886141124
461574418
255224571
255207285
190016094
567880336
698881903
710913287
214080253
74393347
706053111
407272102
905487273
840001249
354482408
766156957
225245543
526792610
299795054
243017557
646247303
796598693
711889501
67666131
215811307
124754534
271790671
423265528
873915440
98691879
82732191
414430100
630458054
431725829
671172420
357994147
439310614
468630512
210834518
355590532
855328870
101316674
278611277
894258973
382671373
217128363
487553566
831717912
609715248
91914345
575044119
828870375
472305722
664011062
667273809
214775154
870613211
726948741
731727369
283828141
789125008
164261153
473009895
520693940
395465067
892886645
474322327
313220765
100681379
158978603
102197299
181781091
132333354
557842359
333400257
903876217
631227680
452898849
406091522
192986916
530056519
66070168
553678006
697646868
369760972
157434204
655327458
773898001
77656784
120458009
799565558
250186900
837280958
364017753
600145884
147498086
358449007
344300890
72230780
20900300
567501936
844014581
326114499
802833548
614588941
273638821
230967671
632529300
566157890
425488568
756512414
778538642
670141646
181593273
402856243
710690170
777349074
710892454
508720982
757476376
931701832
434232591
142308895
143808675
926837158
926263309
504544361
190004643
605077074
613655184
854894376
627656350
266629056
231191508
119788118
790591766
857721647
605616581
911903015
861540512
504291261
889093896
97758028
539115966
460913052
266151701
217314447
178056826
598083383
216970257
246334488
569569435
578596747
339613063
255182510
861494585
523482061
1024300
189853996
562448635
346041438
452637646
355930217
713672341
104344890
246001749
659492283
697448622
518983602
666475255
586625589
725989822
870371967
652428732
639016108
212965275
669824351
172186153
498858020
138687617
916264313
694284548
578874070
505360896
690248288
385904283
149207625
880314761
655569718
747726136
419591274
834346545
63950073
336750047
557883891
147114443
799728685
415541297
355845430
161152097
924329339
200048949
787599511
696393106
888956861
556905910
590820525
469927249
57013010
426974921
577649765
188484823
513607057
818638667
115703057
141035782
549029463
620092722
140457732
884930481
74946789
68969463
566911319
533498003
386715614
922087285
583284306
445416114
156229512
874381095
804884724
617350712
507088063
720225361
502723624
542914253
200796339
31232564
564904896
306405507
586820539
810209348
928479343
429834153
196000326
289389007
302035892
154857334
600539493
821730096
567618773
158590400
240465134
680925697
240182395
220318735
86621602
773734118
460860818
442598891
792395178
451678091
825251453
50909041
348830244
95389323
358467334
878318488
567951214
31100885
410260402
908253256
322885281
65722616
154716056
378645139
737919474
38837836
905895340
796533816
756840771
508070970
618080921
910201611
899093210
94854529
402890320
726878871
626094359
572341397
878797384
228076026
868345459
414717685
116847532
291144985
844041988
96206166
769356052
223725319
667601897
877703113
733985326
583494558
511416140
423343846
246438073
347226723
508493482
231566805
21768876
607000911
914174657
32890827
634778762
918419170
786019315
469857832
2955478
349226538
427232178
301274058
58512804
233954228
885511430
638798494
371805816
572446503
246133494
378262071
171310638
348996785
907078506
99565554
524645288
657291685
848667230
211984980
729218195
220219358
489766982
267611550
515465774
26618406
675076145
654353491
835049512
824636514
258363727
704767797
481891527
530271625
304029072
227856136
576895213
73641057
207353398
592696165
537447493
735333638
723304717
715771230
580526318
848840839
80690403
35900878
152536106
292073343
829053294
763104650
841993802
573487903
26386637
435693572
262019237
291889889
124938837
590785760
217292017
40861601
349270837
97912708
685452023
334668260
507697440
684512616
487911239
175524570
283859278
178143110
899445950
165088837
306855874
431281337
715465976
775535846
195250469
81498298
440084114
328696422
308056838
776318051
149869924
22179066
34125459
360238892
692529514
132535979
713401765
358618187
748942143
687179969
97298166
741270101
708708242
22611237
89636876
332755906
385772081
562104575
652177508
660926925
360679038
212073001
925353558
473368278
469584764
885338973
380891270
426179396
585829633
30548709
777645241
629546988
702839991
382626084
429278064
337778174
412572159
823703313
593665242
863637856
527763725
139598716
676482002
285532304
146106497
258709640
916819088
845159786
521188624
255512038
152780962
753413208
76074434
419090027
450749488
397651024
731824646
671537538
219698418
3834159
707425655
34813673
191441624
339445097
903083463
569334158
617983329
781467292
68575101
249034333
412420470
712587941
918951547
337118049
208147807
150838794
249313766
551323038
214650207
123200585
235310602
243895011
45932458
792262833
474506182
271109522
424355702
914576523
414589543
288162065
886307949
410010161
472011504
431676392
186764914
273648465
601368202
520076776
104446907
320811917
577262466
427541400
356031844
658060385
170855819
530983915
341972559
904733884
426110514
291200496
469919078
702050405
367685194
437375898
553429748
435757213
246669273
350318807
127612033
518545159
624560028
275737868
208510776
733575475
789905094
768713190
741181111
118215787
490865196
300567123
783788623
483657310
84034501
772250388
515432008
557297588
247236533
300754568
627548299
193305474
19375116
363859332
90798250
132753492
258642856
375829854
756362318
444900139
473878024
772363595
772075728
463810238
639146040
341811212
40711862
822684255
850018798
245259405
813345132
445425656
426723824
502618196
829802199
5726576
932228898
72560362
822751098
81610882
414554176
837369091
854938551
207544094
407800657
800899787
863370668
538102715
639319227
567311877
348131777
242871965
275363563
257312371
765361186
221520455
183306555
881656782
788913981
145578898
268703112
579755493
852596499
429375628
492444814
549175500
26735089
240252368
777310267
526293524
215619592
62144213
919609488
886390901
18244831
165614287
373991126
36729992
71965404
577550656
103301589
879495691
737244098
690999896
127623129
188910920
205801908
184373013
355907907
889841001
211046910
826375217
823696733
768194659
173507281
123641934
67872007
510653034
930508952
324817163
51521806
836710985
333096132
862101026
133371735
405271501
464985634
685096512
892782689
146103152
741539186
526071159
226854055
552098176
416432248
44313372
325475422
783336971
106575797
533202484
419243320
221024053
410460789
39008862
496580027
860454280
474991704
785352453
175216621
920271336
38232093
95228348
263353985
360905773
249756680
901013627
743522979
44777228
809943411
254030778
295155557
96678348
696741516
784665183
56424343
622089630
660448004
259845282
928658295
464267995
11650529
605070496
412806857
554538082
147957489
74368877
702495371
860598517
173239996
128071865
464163725
417400457
117650291
871037897
150219573
658154313
732798628
223379745
723799609
573089184
454201110
912718137
326938492
704268291
870902358
751531864
428158919
751540929
574198576
655570787
801672982
229290782
703938630
260316886
168360483
408210472
848790550
265695799
14880475
202333246
889405581
393200941
77655357
419475909
318611106
320148530
789772969
786376128
547533818
819529484
441361240
21227829
744276194
449633790
577074417
462478895
820322837
546667080
334864226
236692184
774504614
243651961
899797454
753541185
476075254
763127156
736881175
555578482
437427662
164757565
513978053
580065182
655388141
438649627
730818120
142089086
862735244
159702908
311297657
468522062
364653413
565495191
97958186
195141840
519805367
383955287
119311880
732757813
823995698
122060610
836559387
344257590
614557945
903287784
885708135
185033142
332170412
624611874
257838780
31246458
776062504
206430744
94767129
914041409
415675386
494410136
711801911
517332441
297013565
723269543
488554400
387658550
657495946
168485124
526278880
828522421
145847356
405484458
701407787
490538999
891823561
505564252
246428382
186876712
151639459
121957653
541951064
250874546
764314942
649129130
644061532
509909777
874491080
881918519
130171784
637246495
110068520
102033352
16975580
204032382
677397047
318827902
782402243
512818611
125198463
93345499
686774908
323570412
572494764
416084066
535316944
886601506
609287632
543226069
825507540
172115674
539496080
886980469
880431312
483321243
494906483
166106199
313092880
576997352
667570859
216742509
289852085
430893850
471993131
283752971
113900557
500488501
255018716
280811797
684460933
565711541
194791266
53586788
1267772
135391281
691166850
385840667
400391651
638323010
148428434
160252566
717167193
154876669
884312294
430822218
172511184
338854025
392402556
507095440
735573750
560867037
83446060
161683464
167992141
163929601
804385273
538020221
804762920
262716617
637632814
512639161
137139850
321025272
27067382
517818605
369123115
234357924
174014363
845499412
277605299
676473577
775978692
554052942
822971943
721252514
660288580
534034086
547985287
896514110
789182692
444690420
746502900
660080149
915810517
615327968
71651356
494627321
33422152
687707219
178023928
921745231
306388563
237707867
643129778
257297467
566943002
672362389
725547407
838248986
645004997
902832658
785651213
898252494
317595836
42133390
398542258
662694334
446060755
567739581
209309422
449779931
292000515
655062743
277669303
552606660
98825925
2756175
784803148
519723195
53789675
1785632
718751846
48006091
531691535
140778791
613616750
174290661
152061069
108564551
154346145
55890131
861525565
458908787
827802125
658957160
909226654
815489123
514541794
871521353
666844882
843088613
337361696
436199517
652392569
759353800
641328853
467970231
87515411
848977515
214042015
573809926
275728765
301184679
536021363
639394964
94431375
294328953
829948368
77459931
845672149
22974323
95920800
633390377
396095202
544898599
165958092
573067317
165987223
582430085
630036702
52382221
439474117
76838188
769457433
627980481
314483097
43155816
909797776
67101589
445620230
136982216
892109029
675682401
322725714
833940264
273969914
151655058
124428062
97143136
451115483
770347147
482763629
474527058
653696064
851342096
401030164
611841365
771573175
716935449
631338698
436200325
57095298
430404201
772759280
889653986
316636775
503803252
390123002
217625749
675209960
930319051
74431836
325200783
705955290
600495391
471939387
707716086
637215250
71704611
93204028
800212050
808121621
393478091
482168323
925747830
781864354
452904196
553432036
470149307
472192255
639622066
16187306
726048988
849103800
117882692
276328044
777030103
561014190
721723828
911063683
813764013
748141666
439177988
914337213
194401379
549840085
894704656
109758046
813977359
359956250
907422816
764496464
214114342
704371958
103006959
372030306
615682027
286295568
445946706
220788343
886596590
891095804
706814360
238536996
445924461
690395696
199704125
342389284
359665420
924643094
290341359
216448995
198365406
795219105
899725574
108551437
377530166
145401574
488857440
378906301
588066804
329803862
839811369
835991320
72243425
223167822
747864302
609487597
806394508
304128376
184837787
236566399
533201320
238787465
634326647
118137761
180054550
243208387
912429604
508891512
273493636
95237782
335238339
644267011
763057414
621255681
460167013
274249097
518639014
894207512
291085458
907189645
545076707
884712169
200160009
426420879
571273171
461621899
502115327
361823615
607889973
529058437
487789155
39117555
607986382
514490709
768561246
757114818
444658394
874209454
447988007
310113745
731394416
706308185
534351878
820256752
601845844
781364682
367163414
479207772
794114344
532603658
356948545
409714456
502548865
524423604
185610439
345311726
362443215
880294166
386588916
855679138
892119195
382972961
360727071
852665613
106429249
552819971
416843437
629771202
246554711
601694782
374856593
9280783
655236268
385389430
330974412
712867412
279371180
523655646
539718397
484022406
797598028
444757818
95959658
458265067
422087629
124774205
595382837
632945919
565837977
666248054
503182011
835273948
574022194
596113916
352820135
14444843
602842468
257380536
264213942
728911903
45271076
101118876
386879686
263924185
784233045
592284171
93960994
829173915
606142597
412406954
809972972
904154728
538704058
25454158
823082775
742670946
238995713
734343750
124605834
627747757
364642551
124965262
492040806
349788610
89598274
94384317
188093292
425621200
834305430
781756387
599324016
421199540
257791083
606935183
325946167
598359612
335296113
419319923
452893676
918333245
386770911
225350849
218194473
831789410
664772151
795653093
119075286
613266784
813130352
42600056
346668712
54126662
242947097
744721149
455999601
572286334
139849245
322448060
86322774
129344495
375352855
898891401
237043833
626435571
927693480
566004739
573385120
242735508
76645945
267293366
405379848
602670363
317860863
684833180
29147401
629590009
445363600
454569624
916554793
646142097
543208776
587155429
7601427
399946379
742444298
63506848
204392640
458555035
757508513
390886369
735230441
764255898
38135375
674195231
447706168
789975437
418038199
420692998
100508314
14774422
472744838
654502902
927121423
30678460
565627088
58007104
334412061
640636867
303258682
196311094
39659050
492827463
82113031
769990008
286132502
598155582
28041768
793944060
790554033
923818335
769795790
873631558
223770318
758607905
551666941
428877236
775147359
864521421
630802058
554106642
773958447
401305197
481213899
103315341
501755229
545132315
607600873
257433329
209804653
182502088
330300018
909111062
842589253
774901355
568669052
857450230
225578856
237523210
50266841
57379377
274418337
112413893
902867351
759859752
408680469
662644737
512545193
467953393
116048997
388296661
286841030
117627805
525512264
914403776
471114278
57557390
630344046
584638938
562399007
320049635
349935760
682849838
87896037
7163568
720019792
139222501
13701666
393786498
501300248
44483154
768923694
313880298
888285290
618367427
693927722
304774774
815384467
401838319
815846116
435498040
522344217
441164397
539088961
505731892
379627644
428469305
867202379
654605439
783969230
627909345
925697155
768284538
147493947
705957116
80634224
455538684
34053489
863872731
517107374
148371244
730708265
315893004
345064375
236485314
395347106
922550727
651313336
592206052
674011956
403024024
759453391
99589883
185154659
346480194
838769092
641882642
167427179
825707706
648052949
233356378
526345182
340431511
82342096
194808190
60377333
864281415
104142599
514980260
199520292
598380671
633817431
709990878
724592161
826557088
64205767
644054384
476061863
729691363
912347080
101652142
94960764
840785915
524415533
872862781
610869302
129852143
722046682
680443158
908970006
386713096
631056810
465326092
673972145
311071703
419179502
308057687
282564380
191645697
423853576
199409182
239845951
778412642
181480529
390018802
850401989
689743671
292969622
793841337
268808580
579927971
290644377
433667142
321860996
530276232
779977617
102053965
905037481
515097820
233392209
861046134
147670576
172329058
562288700
109937858
229153493
569920959
514833642
851648477
830970059
923708685
314807152
687862729
428854425
753573449
555608306
191581342
325558428
450158819
909502427
122468937
495956470
874312511
869157483
830647599
847600800
74067957
607926953
843690652
911551008
690069710
538025164
312167289
545528949
712143597
902872427
83173661
352590705
783623428
32528735
920796725
861514522
496139843
184949808
4696173
917770409
600804369
303561181
506324592
750432346
608564823
401424818
705612514
869951577
745535820
588024379
584039161
897777132
506094087
62949347
465157006
197944808
872582845
222554411
871342486
96363071
651942911
373828504
779938100
496107401
715356127
669899496
509077132
116880695
313407297
459130420
344902197
331642025
685484165
21045063
392574115
529257513
729815765
43366672
838725137
908711309
570152056
915182070
154772569
302054551
106868682
514216377
549385717
591111863
55726745
411516101
834905969
662301413
330162205
29742791
340810901
357232864
468632003
536168582
89310016
152036750
862528803
532596182
126060792
408982422
578525882
92224093
406456666
807948754
462303827
502823389
562602987
161661628
504266666
711756932
875644299
299439897
556965362
861704505
125623236
317426102
835261265
706560026
686415768
536912089
868548654
302983625
208259994
18977949
100497411
16576288
558875553
154489662
268728658
567024152
568810681
473989436
105573708
768854613
920830495
834887328
616857632
404150463
560364996
4469364
347391705
651566617
210429778
926526119
401854495
916092593
707555230
817429733
849863303
590325705
112361825
632965044
884525218
920284142
307252876
709061956
902773213
60325102
839125862
767738734
670659694
126745920
8172733
829179792
838058143
39284828
591652065
865432278
12484301
163908235
494951840
665104065
552876983
146497401
583501252
817622915
348149590
584348444
372060110
721372130
68278531
241530266
5151382
121350217
886859672
655148195
560296714
763707105
156079110
719867898
356977612
753375064
27493011
89999250
455346419
846467237
53372330
265400551
257752306
477343266
323809954
390350242
79636979
833907599
876255253
205252589
809139060
59621605
544663449
416336839
334875813
22924827
445206641
240959428
234820156
46024289
59174685
590223483
121650130
823695435
186217889
746369218
655997337
868814010
806763629
187864058
188324907
834018919
555515400
291581148
558708528
606829749
869974688
626587415
150228049
484134123
173462214
50782442
58418014
354580490
220439119
273662314
128365527
723247561
361121446
820538516
54710081
626926748
610429040
244045827
11718196
393591737
650590543
94421878
31097159
927729897
674741877
284381793
103208649
279893258
726150108
449403963
725671540
420020739
18919621
516186545
788947726
820397398
311600736
826219787
77362796
618938973
742710314
510515686
593793297
176745543
52076457
468418362
829350809
662129187
751183376
133867788
786683182
430410377
9609582
407270756
446819849
439643126
433706448
259126721
874072298
63508449
153629241
338747142
311759606
552362167
93699352
706543310
68192423
497761271
70406188
667207886
504774772
83118316
280439396
248365547
914700150
191275017
289481997
92998436
386062268
228495614
837620037
393774578
145459287
363126973
387458303
586548667
438475443
844855065
713715832
191234094
240074278
324646404
911853147
589834752
808933744
508268277
50339305
336703324
367035535
228100170
66213666
567325949
759068827
630512156
205369444
34791538
186450891
30240905
665832268
327789009
205779547
228400744
579369836
790103992
202783777
850678306
383298978
884896637
127351939
700236405
629221499
701650310
380049355
433386142
178210339
609652046
265263325
231002476
645816206
283022735
584815514
56417749
674781435
182793755
768322996
916840107
600220099
508304751
607575787
621789481
489882459
129703595
83222360
866732274
29330247
609933014
535870329
854640668
752989102
879397544
821445150
364761183
546767825
567969864
713191137
242891895
571868514
798010037
393859766
73927666
430300666
173785447
791729060
794461267
373066062
216522381
58461628
174214622
519192972
194568841
290504912
671561496
826654512
31553825
226390234
59778386
354294845
421623922
69569594
363145561
901366051
748847366
3490863
267830612
147675190
174055307
753136685
892900793
659503640
143687660
573984078
685178837
468343177
908624807
2044334
317983410
790016238
592073760
165733265
466030596
857194940
731580161
288032896
590133158
377039792
115387181
646183748
785630837
552395164
513194613
315748525
626207307
591460175
278761786
719295159
561272064
50090890
869626658
105390712
309479077
536491047
824023836
924565044
360787282
530801251
13543619
787518874
738834899
62108435
297343922
5843497
777857011
518881460
303235731
675753993
813264131
345659126
281013909
751451825
143413982
216809070
480117996
707749006
778960400
91554253
450685983
435277677
659266800
154035450
533610642
321331778
244816581
719141500
204317541
417102634
395965354
758135892
918450153
91528266
627429865
457180472
788755174
345791735
21395944
374120817
341585239
906011333
548368649
819224130
448644001
507255109
435760167
566945546
14250605
860973545
720468437
392889572
497168220
787080750
794981658
262423114
501113714
428289313
852723534
71858619
820905810
689785396
130120638
36881159
169997613
918410733
453209091
285458771
207844623
24444292
31104820
681827544
845665334
495587709
807985816
60380560
470070024
762816871
502589610
841104215
682686004
520552984
28901991
824165164
141704985
567526556
664439096
313711587
175074670
600341797
190621940
19745835
21798786
685415608
503080524
279247031
718654745
3240771
75102127
85837680
338370763
16848722
694789521
40270684
295394853
116751376
632550101
698330142
450804481
432289475
858872478
322460003
755085296
52051476
806729836
452250448
489029293
615771998
438481007
529258528
504491630
665423706
362197406
309509666
652938913
461701370
857857228
425035072
338115173
873354918
655526462
68431214
339722306
358332908
13191961
459475498
907616590
724651773
365629336
565801531
175337281
104406275
814493456
613397639
485871640
323096294
28832768
329170255
425210862
732121858
124710610
929594186
870676985
352586569
675155440
436009506
478886253
92898068
16223016
93444817
787194950
800224744
94091665
332281857
597762563
907549098
437949331
546806984
198532039
772886377
270255089
645417571
334683545
271478076
802051364
651117261
16308701
24284088
220652474
149223942
125611198
423662037
384968904
776438803
731410571
112667503
713311981
701601679
1639536
695134486
909719633
806170500
186274153
162834645
504862025
579910170
599269597
232707328
272472498
239079049
538521394
632184355
482444019
240267484
613868732
898918183
869738364
31059701
725867818
175764781
559012536
257626078
762913757
352306263
806742662
689443668
412881415
466376837
314380023
813033199
915675386
639370619
910175679
857010974
442332660
550961579
321282241
315526829
74311052
275364543
90243420
125384050
206549293
93872330
473585226
361292413
91178822
329322205
310326653
537530951
887471197
572129998
60985874
517595441
792379351
804017499
178427924
19238277
751446965
546322456
565910035
399877193
699161256
852954782
801686360
630193949
539121319
564665929
714610470
26120181
476199693
738806408
835431879
223207817
253637604
844318301
801105495
279912531
757087784
36354994
201915063
329653129
345615675
262882870
264980755
567793993
879171411
736867046
380908726
170665282
439813525
481862290
818260896
572581541
455621074
391255581
303948196
72666043
809598314
743882218
202888153
831402398
266074751
696100834
99701766
365664680
108654964
533929056
786680225
42650387
902491553
879025368
885462467
465594188
108059308
305171649
68574787
504194281
218089940
230907995
382156522
583655183
443774703
709514584
466148141
469425150
871055032
712001181
51013347
750931284
643794997
667404818
739758943
196737537
355408945
225737171
289171008
87717915
122396767
719194257
544576573
187786140
783492860
2045147
304829397
707029997
689943636
463362483
615293310
846831387
622166507
131311076
767613618
132035462
818771703
428805238
402623035
111724424
219620171
307548440
131423606
434948955
195973015
563287641
278583144
428399102
576612724
40535685
388817032
486936084
720843645
277852130
308166225
667487539
778613716
597977849
188376759
711455550
716414221
561860690
274392370
13456677
150547260
191310746
380432432
726065290
372668883
135097469
692893111
567569076
263271059
640280633
824869118
441499928
929641514
406162455
680874034
609790807
690097104
698485062
28525259
279500773
335301075
17767330
574888602
502914606
746338294
112370476
744671426
642863863
673440912
67978981
157505721
922313912
763005953
537456142
716326585
777593864
681508785
336947937
726489875
375649973
469903765
632858151
619426413
794667586
393800336
645263025
678285647
343372026
405669408
627070569
222809828
460025275
382357111
875676999
175569514
806370766
259000881
865497478
681476876
135743402
620773263
415054695
382502669
622055257
638859016
866795934
318665909
802749757
67202678
474866862
913233791
762909932
106687510
261129038
503399693
56696230
575734914
470762729
822657692
237443696
91693778
841901329
248661295
201926361
835969604
676658089
147297082
156431817
640838102
121277574
54519746
400606462
271475929
274211204
441923676
376107145
564744845
619982498
752014846
924059027
139234518
889545037
454221310
76360336
505390637
912394603
31870833
14264809
367624763
76009127
611764298
649518172
409592223
264119158
43983010
433379511
123797536
852089025
540871137
586340646
690327981
166185511
713380406
751667925
231943502
488671785
470734117
498282308
390174673
879955555
21798121
396039964
14747054
107524751
268769464
568897776
485596617
755561140
273262752
91092395
378867709
513124248
117930932
73637455
827233813
73847384
46188605
336905063
641149120
104326631
555668302
826736035
205929800
712462005
433097245
310914854
730137634
631302885
352148127
4994666
815623907
58218713
516604108
729086119
503450477
656277384
227582527
110892744
599509075
890346186
70369676
889462015
24067336
833958355
484951290
277086999
518335982
93337127
647107482
838255085
423700657
762584104
72566569
695503653
470338031
287617225
520730369
430305472
485907769
188835909
512937454
348267101
813312917
389742404
256955778
285806999
592931347
692902887
26971
915165175
439302981
39592473
797371638
66627421
462802711
831946311
982462
842054179
470733118
816942007
746460293
195395926
498501872
902139862
745754390
874415688
795443681
875773553
560864771
82203306
795956145
563920719
190532618
243804287
838193358
901467330
86950630
841447594
133212790
897486094
258877177
914676562
920487181
30892460
505065324
134464382
599167239
597609130
401544260
365222997
474196099
365409878
737063354
116287782
322876698
349856991
44852995
753188699
214792781
132304804
694140755
891334254
476416418
44301900
130697019
11000531
508597246
505713162
171621034
802696120
783857434
588891577
622459618
24150746
82123180
347740998
364827549
69211734
268018378
147099464
276001412
728920079
454611907
606914619
225207486
836903810
402974885
873688007
428025943
322966727
614436636
461395888
514897159
420268622
907348120
892121187
314080604
666046411
864827961
8713613
108927360
403524145
625145605
543724618
472082377
146445575
43808865
631225922
836426856
708707003
367798332
666910593
632446727
320555030
444394727
547011356
216111808
685452541
646744376
610322263
266926445
925503235
274582611
524947025
575911449
399968900
679958727
392790243
922645115
288649911
64097218
828161544
63070357
907412104
344186796
326594201
821771516
445640392
686307301
92990880
853267775
153990435
826026286
765863528
315399087
275997853
425350312
295014820
471193239
885039366
537673562
147892238
115056774
184054508
421150223
826835328
488670831
69036762
178187538
473105904
342659003
906486951
453220380
747982117
23224138
496311894
371641566
485542548
515255706
23755232
249777283
550661647
368107393
52892773
262352370
141944296
369490022
31565371
144639211
802687314
775043938
879533530
831389356
716469530
343915336
753634126
190696276
447683070
364759375
376332342
641966553
755688629
84606851
515907669
656646398
503671169
495562344
49110089
640743171
470241140
759789414
405603845
730445278
549201845
194114829
354357711
660095522
883965502
780080452
360518016
295227415
455493809
701622133
690616636
756656455
44883792
890487926
310721869
223115729
2999671
815165589
749890903
512999321
640186861
326530969
859426431
882701750
536367710
165885579
889370672
715541631
182402796
3928095
375793957
777841423
491618178
35182687
33015235
449235714
653660968
520937173
739376742
775476088
233087467
757690427
28767348
806817579
66506901
25142552
217783979
306039327
560110995
573182136
695816038
655117070
585265795
67600888
87451121
590945039
853102405
385108304
689297357
761668225
617292464
648389068
91181
147873886
134295143
556008433
785253333
133470988
609979609
791644640
448917227
704959593
718114140
107599532
766471478
540195904
145910651
859386543
236224391
282104872
802298631
627001584
186475251
146833850
37538644
504199011
76721322
455614569
185168261
428270333
670346356
890397790
596665516
663192743
22161562
714619025
32941756
819042781
350893004
720384265
815273702
271187965
458263318
110458138
163193724
929808143
327303990
888081308
889318792
95576061
509415806
71422699
96158892
732483917
717548445
169695305
377757814
603602089
744493958
654524473
349914889
650649301
913338759
890788032
661216795
223699405
570052593
798831876
639261360
199330155
557938717
729455524
292675774
159957765
455224292
324125093
759929153
348670207
866985231
865354028
343415443
304965398
580949068
191388153
823758308
672895036
929793899
824545674
869040824
560681185
354041670
364607132
474175121
73541701
790994888
195088232
709565603
856114663
810126746
184253193
137338071
331963884
733801258
458187579
238861008
531105475
87565914
508006716
652717695
197173960
338049724
389817278
456196002
783438137
729474951
206901287
848330979
668437199
474781406
789001725
650449142
563299372
625707582
278391955
398756138
138508036
136795577
237977011
408485406
793114955
333367279
218077392
757752550
310789588
18609529
543134906
299164048
391976370
227549288
121152606
100562133
206560866
383692315
810082588
352651271
837569862
207331451
895603097
411842661
60868453
830800573
1456342
695909911
344502745
713782596
826548886
37523856
15761947
914694007
581958595
745514248
33932948
336133707
151494995
553343179
86707091
116893555
252389366
257803467
802183336
758588714
600140969
324071880
205412774
700582495
517942033
547980976
248919252
30964707
250765615
155774758
782614070
849557764
636495254
869097037
270958072
303788323
198607348
721976951
39568278
876707924
6189297
533741958
920901166
43864994
292370241
595189151
562217086
379531763
20028121
312203206
253115621
760608955
339117842
469543802
750770411
561754380
210796388
486100328
306948366
287772683
655171861
528747170
732381116
835955016
644405758
92460236
518821683
531810889
265964673
205591129
652600645
708403601
861157530
448734137
148240816
640448521
376274747
744014592
522042860
494246866
85059103
767793217
37789989
803392332
548270643
717700550
481128983
763742649
814525577
484649024
931537959
613531826
362377124
332135796
306214112
402789132
518448085
394633085
174964490
335082981
397823955
416835799
326396118
600351905
790911554
304013062
262266737
740959806
137817991
715249651
550591917
117441531
717816649
464990888
77998453
111771639
210315710
319606058
394364197
276367612
92811493
379201745
174914962
711691518
1157720
119393221
351554773
249379987
827559076
929825404
262747707
714099920
797401253
807939262
774506505
703900291
383842019
860898811
910371619
321721288
727550877
27033376
357514732
616769268
891420474
865056227
448015349
689264748
264674916
338063251
729924102
427658970
352673649
410355543
754755916
63639084
821298511
233908445
160756928
923650642
518531824
683123921
122791869
701537570
605928550
214289340
931501928
735524832
931469068
623872191
573337298
851074366
710050067
814892469
543151644
364745106
125181237
540587303
610837190
443139981
635816298
564666370
805938791
331208879
94009975
753282310
342514235
89669397
670419925
474936250
429661284
928272716
388835967
628072405
648149206
78221706
554458511
386281382
68714753
783349808
410101
861217532
195757004
695064251
743838205
764983840
110304440
876675064
516549966
851696633
312326985
438024089
242197245
187014308
187663935
833848227
822492250
306609693
609390832
443545518
335663727
13871763
423675794
48896650
623967578
569077382
523303064
849997444
239825785
317367629
81419714
686170316
623331056
630810121
358959546
613758784
7594785
531914707
235493401
650725670
925538037
123209524
883409225
786347295
729088667
624072064
819646355
556098634
736139496
564003877
793446645
748954406
799774144
796447145
908761521
831172372
825021024
203077100
703137088
677298077
677781623
806855584
693954306
113741570
725447962
205617151
652394490
550577715
698098275
204507778
204435469
153636282
815300796
213518272
39018086
19237917
187111615
495922617
430406043
679926430
570556106
438077656
763883070
919350400
830897915
579703654
347338251
567886745
104693645
917856021
243604063
329067854
217146982
97952558
303766746
876935823
907595490
449070937
9542865
48248353
14307751
14039108
251245768
621554903
82291979
317843510
246254409
764079249
389176811
333267490
437948947
294033261
231426688
510290918
664497982
810166711
581346304
22107196
773012391
508698638
585523827
588251211
395966148
749660318
538733951
233432624
807864222
301400839
668657905
677856793
222892964
684205544
343905840
399536626
443983057
112414587
224453110
358580392
769928833
707128919
192171327
599933752
861175578
86998807
522634299
332459794
609236433
769387623
183595984
337254038
511413337
600733018
883663305
863972882
664089094
824819368
385939900
849547156
507040536
872746699
864119643
153640097
822120779
83292936
241848975
515998230
554754508
220098716
438616987
617929055
336284448
501743063
890336803
927275155
158557094
568970822
596690041
164651488
224214644
884416349
781479700
470618498
718688555
84859887
16438209
647469571
114388131
878976945
899587508
460164260
274411239
432301973
603606893
668002013
557534364
580118304
817150868
615163620
790683504
785939319
714397793
880335568
78386057
563357454
105180776
641671925
592895632
885154061
788077240
363818922
801059633
52980657
345905836
174091443
701861490
436771209
444418540
24849631
698113474
859241773
705992574
236204297
725682033
228414137
116770787
650639810
646929817
83668732
820984062
116599915
416322599
818614779
732181974
909142376
401073316
894782857
842496348
354367847
70066335
550856407
785208116
280680904
593129932
411256847
10373761
841440941
242458361
149250051
36365183
808150964
876029641
183736502
734907653
365259043
338645678
418622564
588235415
782915474
364753586
218515501
203393553
573530230
185376094
508499551
784614489
266593524
218690475
551414674
649020884
153702591
180997595
573783412
25321002
148094111
862882529
100871423
494724748
439840158
534122210
789982212
877879943
528860156
549353378
202370063
283764021
816271484
313539963
868437247
874784215
207803244
363105450
909186802
651704234
849970247
203409287
141082791
177518007
182933949
277085222
818436988
697039336
727102150
269279005
78582241
244396470
15660740
653017924
911524123
5541245
248454605
519077500
272042977
687133718
66028767
127825781
252130485
705041915
679848022
878513477
305149602
696977986
746811601
553917572
714431586
450104489
262960043
41006049
567478829
476430631
496525557
821969975
29478066
780012106
446707735
370705455
342703852
121740077
363917973
333339556
543138527
830352154
568539177
615114519
98544022
482201622
845383340
275695413
512020422
347882709
799601804
638226542
300682859
417806443
33815549
876053132
493159329
888541769
902951564
106296603
303733501
776849900
189089614
559119238
594304901
271755392
495283309
160612772
415367013
4030478
599373399
334167289
264212601
70402913
580866971
475353121
895531746
652117710
267633089
75525064
881265046
296740961
388562161
360476618
881326040
5923259
355180677
293191877
200208412
714108911
586703307
884809552
22874574
442120363
473283223
354083613
870044907
298385531
695316669
428582510
789435770
143115319
301451941
774849932
144164835
545605617
579840495
9382776
643135585
49239045
574513087
110003147
277049639
556125761
453084704
801558687
602604621
226504785
340360956
875873041
231760785
657909150
487371605
310529374
400379821
423153570
160412071
606038233
436446172
667605842
811338265
905057398
614547203
855015514
860341798
255300411
81427831
810550141
13173609
810725118
616134339
611665905
440809506
10485882
803431631
247951104
352525808
347611315
557618435
165724131
823530946
68389274
210389137
471339847
843978899
401753679
863681105
577726777
415919000
377562980
329856696
664050160
561120003
927529179
789571574
277785193
238295443
39375238
216599842
754138866
266994272
618627231
457671785
567564090
768961360
851911695
653581082
407237208
150693909
845794404
555617281
160364127
900246976
588458553
578042382
647203131
472954270
135686298
376977907
541326852
912917017
110157327
109895330
612320003
320434816
846317451
860788663
291414751
480734354
154689658
821365665
759366508
529420612
180350921
14761048
531609293
775511604
543252579
392893589
107625063
667311832
409911274
397891320
507730911
532059325
636534992
786035449
733594125
929361384
776840060
530321385
499542215
801894899
136242459
693500001
124227509
293528260
898098487
930193181
250782076
432692022
168241202
462300430
255593403
873655712
927236525
625722320
34595788
565193540
874916659
294952039
84178323
777104514
494479864
838459929
365272845
860993623
111495456
81487090
42785150
838852783
805072910
530801990
462738755
915866108
527315574
214900608
224758996
372846742
702248750
97948749
131434249
808381231
825915740
702566621
150152321
594898332
61774432
730573608
157998365
714088603
442587358
252022394
904389766
858458761
911886699
331687919
779033372
7852319
664705534
111022672
862188243
639347531
777865483
690102163
890775874
276022821
386874574
501037477
469240189
567274117
132614059
410413455
805017686
829141756
575853941
800561077
263616092
897346150
194212028
62257893
316641101
693091624
893154350
854961625
157913636
67233776
696530212
123807262
137735611
337774639
598776758
489533842
502360721
791035392
557719932
81480276
189661822
247258945
839588422
162750502
154788330
697667162
862128958
365224499
69757045
396936724
800264466
692338038
820332558
110954201
556134948
272437601
242008509
65618062
262061070
164232847
99211197
549900537
306310355
362330632
812172904
711640450
292572366
261014789
25155409
889465722
532651131
568317462
707037491
431960750
187371938
704452203
563828133
681243765
392006085
868110293
458608909
647797588
352774901
410582144
644908004
657378439
206524094
825295832
731847567
107935683
392630935
900818062
3266259
863147959
584993939
450632660
301762432
575948108
252593322
400810474
627966365
824246578
739103568
561076088
648454051
856876728
93441162
335525808
141958902
6518273
620448011
923709390
9598291
596672092
109381226
846399655
464400872
684953089
393741345
522663925
112968328
703413301
265593588
358174068
714757133
133797846
619383005
517168120
581693017
354802865
924852716
220126331
567417806
653927997
297675069
316047082
903760819
369985010
616531004
301127436
114832934
791868019
358572380
425004899
184135885
777466489
344014716
146081894
50172012
139904802
177371270
137559645
832336855
790188034
12989464
330978755
913474946
273075861
260940660
378394875
561307923
579180074
380195149
262394339
761516266
23664945
100329704
109857687
908560609
479742810
162408905
561187947
904030166
546930575
546555657
537541260
78521501
175325298
313737481
211713357
354314293
898983715
687271159
557822246
382806872
914451424
571620011
107968699
131647952
47214016
587979596
74718789
57202856
340170507
168267349
75469550
483417989
287399150
23796620
297670291
581390831
243797941
185393440
557317685
27279996
671215386
259498221
416313260
523461191
399198744
243706113
768864597
140769933
659077510
293929918
840744418
890669426
47370292
628849799
349254219
47927705
305874255
700497998
590368703
298319730
781661832
806662602
120302624
227955952
238372605
690554443
746644741
365081365
298044204
701624253
79058942
212575316
328746625
508204971
194418375
857149205
133053658
784987167
373467578
452418653
259599344
301128795
581470844
329831062
465211335
882995753
259041428
721524882
226235989
855855020
430805360
41823332
821704737
781935797
656822361
408995834
585927099
388729613
760852631
248474009
550965613
707498490
650127593
447496397
243114922
14096062
442470829
661801822
383787146
506240393
802810834
440475916
287263225
285190699
439364982
29408682
82780852
753241753
672850747
549647437
592156828
238857202
511419530
875587567
796059915
731300860
601263824
531494070
686417647
905274036
642593605
902380960
679208095
857095927
750210050
830857022
553671467
323088842
364637164
887614446
876330537
17642366
693421096
688686875
512746598
45546781
904605955
82328495
730813858
838693047
595970479
894255104
112910697
226438060
281037828
599216129
338839534
910678418
540966623
576785891
90824308
918585383
7401441
779340537
726028350
197073680
67018453
288315858
838162019
402742774
249816941
619206703
769568155
424940197
744291393
314022442
150813792
298786200
546753216
551420232
114539472
466970405
525062073
136365175
403566907
451451951
70637806
261830481
822539327
442735910
519090095
287846074
317208566
732242307
562140215
906268078
158261593
682752804
574621686
114288671
913166015
817208546
333129961
160556291
118786559
861913850
567567571
527525196
121179971
316372709
581937220
653939308
353039283
381642023
837838644
327848939
932446253
46738752
870286600
488549661
928597981
517762951
872088229
409955
157146525
98658108
307179982
192119637
325483195
844797960
798805849
538103442
808649027
532749331
663149448
537335504
2933308
222885473
334087456
153746816
520371170
88740399
406656540
842677822
751903438
697267665
8764214
496103225
510947051
869612869
185422089
617670116
132672621
512429763
796833600
620470808
302644080
505405467
793787479
585994045
77940807
12035586
611726334
326190012
6600553
902459659
130940070
880481064
252294609
718846011
169189952
385126834
307735307
46925139
254782941
650715519
157094531
426872658
930567426
542747599
590561491
880329355
547199430
765898993
10490028
15057097
478876967
459134302
878268367
629122076
509968161
851314284
160048395
325978588
114992645
811383237
287871186
554201787
762404868
368777800
135708104
744594541
373465482
550790985
247267247
402629941
866326851
821285967
521429525
770198870
163818891
282866492
296765335
297600111
930057813
908217066
446571828
433744175
141950539
563799434
659695836
806357801
747550456
579568956
848233648
97030453
784373026
541463177
512590360
26062005
150801493
146841495
289676673
183782611
465781107
211068082
153896629
489140578
695930076
5664228
77917434
596595522
240674234
8559258
121768422
103494931
528447899
593802152
86847777
262203606
482205242
61817489
659372511
380477405
92563115
670071863
358311896
702360096
2604211
220970812
708550429
29212491
909503905
912747818
878400123
914869709
53890244
196030970
784692403
61569544
702527833
523818045
394365546
683810835
361409515
435665424
639310629
384484445
467900363
11423793
598934840
431820732
541641900
245799255
791874405
360358020
514469459
843242958
903589767
821126659
811119852
184758192
782826408
277239020
742101671
83982004
36997560
71638547
574029
324099871
521042922
560438139
270043094
246192330
923025961
852212273
474890830
565998984
775645929
715190932
70326761
674921467
869388676
461925303
550465417
78569180
58116267
171838225
707898623
493834246
554717617
262307745
129424836
557493279
233951028
374945815
120231344
565178841
511713137
288591236
692775958
625201421
776680180
211191521
830413317
136039078
466502203
12380427
712788869
563016998
749321696
559992768
577977634
727658854
730718670
42056413
536058775
703623086
108617348
815234102
738112180
754758048
174462572
649289312
74913093
18235404
81058844
608423530
819638195
538340554
908256629
284865677
328353470
598519512
810178649
900455005
686845082
96597346
823902037
761355380
531177661
406903573
483083512
759951745
863390656
355904298
717785367
414950771
109346307
516379635
123212357
218245655
27719947
605478729
321189750
605588468
755097680
796113655
917443744
475086491
202234453
816864828
422087493
32345683
524167696
139592333
363803414
443787032
716348687
139576138
584891260
57402543
864692538
676374363
27713474
895434607
881165235
671616885
20770156
41028927
34830158
876550872
909682986
265342878
35737632
906053266
416983355
907093797
707404084
415733925
901493538
103380157
712277712
19069082
47633041
848053223
573709528
106619177
33981908
78480551
458055727
420917458
773601340
693089224
195066899
380497153
780258934
857506267
719200522
702921709
451840116
755859895
240842373
478159500
17690947
523742372
364295688
490779214
898387998
631188465
906042547
470981693
109116623
197843971
617298074
99039740
734650195
535492795
207330896
163679994
597630421
338407906
173941243
912040600
102005035
704407077
619203077
550758483
648557146
378456212
573139597
602391888
335193374
804885422
284444111
25131164
246861749
426385013
890969648
617006271
715462951
110880953
530012821
534343059
405292871
224369153
929615976
11919239
248543009
703275318
780486314
779707911
49076600
415330233
711188971
439553579
423076033
477922290
476604346
341975336
713104173
657256583
460257147
813215534
522890848
403249941
932522339
62905431
919856203
185232467
110585670
554932595
621578580
660431986
194648902
484351018
787739531
324243427
854891615
662811648
746620775
745862258
331017295
811576831
739546060
423341257
564256557
342055522
470161627
278026266
571246447
830787763
1609497
486737256
114188312
930989257
133546768
891775588
911226702
541638683
717783186
805685401
449097911
22539385
797380719
734769474
550738362
307457659
910400611
858062326
728565046
599622795
589257664
396799245
819875981
166238169
325016609
168429185
534740824
72194978
515094220
501493747
910572703
883162314
118237233
548887169
765151670
613757592
61582727
533791131
66300018
723249707
449194900
780002
309487960
217575725
910266276
165370029
730012511
285381485
126576317
581663426
796919268
903300814
264340882
279114275
693566067
597202587
72674457
509950130
674230374
858663061
868936962
181350494
440486190
143115125
17868163
836569445
786882218
51438746
465977646
407252367
437734036
550740470
341528040
410603729
568225487
584818975
665254910
675662436
326598513
479839430
700137986
486948090
212746925
755402215
879968984
581384834
445513546
262794901
220965461
228321158
233036065
659642115
482099573
183086552
444322723
883556646
743425487
799829601
743804230
292262986
520411574
827922971
89511451
582645809
266743721
65848740
276386646
606617089
688158509
22342004
841409939
175015474
47770637
140656890
761936776
410119038
605103648
495242524
91242910
594130614
170106892
914836976
169157181
37660895
450700867
537133214
925095408
471682287
362042060
65499284
635264622
649898218
456425973
314345412
797695286
787373731
821969597
611027617
743330406
815475550
649397069
315727946
585459529
875477316
384153826
150058854
348387882
461581642
355136796
805316779
131096981
818952510
482352623
685829795
809828540
785656744
449613584
218830700
114878072
602054745
927670722
852908927
175758712
850054770
183420430
146218576
850300379
684913877
572183359
928806224
17740856
832480750
846433994
805416596
492396471
804011070
676730619
127100089
877674769
4461008
667819431
463741419
76401748
775187124
161107430
468793170
498079316
155863656
798681969
913265822
458491844
883398278
382392428
762834216
18457131
146466110
640739303
428360936
665132537
812487299
545774197
20305518
122177530
271077824
169474334
484184228
380105214
877752988
118029123
175463446
595470756
414252571
464517138
143609545
481385490
909866162
410668622
474143542
471367733
931359900
366890780
871036513
668897252
544742863
530804136
540592215
524099405
879950459
22382099
394258221
113112723
169195497
5741014
763684572
896478525
206353719
598303871
117326541
220508685
248718584
548042762
181299210
661556348
930918811
414386501
666943642
608952812
387780443
578173840
876472802
163420215
746318607
82631270
490883942
558912374
683692606
107800429
380931753
911886589
629729328
456325707
97215391
673526814
871739045
85753667
628845938
463093510
473559070
928330987
755588332
55117760
96153507
705494869
459506475
617342905
601255177
157406028
253744415
596023216
180971832
642900159
422068869
389557374
447914419
26160479
522465217
677214519
41245244
206964963
616578792
857112084
709985616
460850927
526268507
135033887
775172649
695500926
833887518
327344721
53140045
372239028
577174403
140261744
827542326
393573134
498710444
723023059
705531482
528827489
464375463
703881079
907301415
571623595
205396482
22074909
435871706
557953856
347786254
201176888
331172136
407830436
219683460
5425742
762139200
751579768
426500961
379105463
151889455
827397316
742850809
772552314
476202087
672972356
106294921
61983485
384409629
595070221
439247930
174014903
274316734
125546472
519197286
747315205
85598342
290718874
99998723
76521690
33762467
654085629
582919374
744340264
136660723
931672911
30914775
326080320
418098515
333268303
364678001
668078361
442658110
673283446
926908776
709709903
300907608
62376769
653294303
9643760
254944799
553885886
734718677
584006533
919171002
329331343
843003281
422975921
57347889
97279061
601201964
349904460
235485165
897171027
318716629
468028475
923948933
548865224
216064978
57758963
530876015
518670991
456111492
42440831
111556391
708409796
144387949
504507345
755029455
81133797
592140023
578079921
19174322
860553726
508817634
565101314
657877496
539362589
121062627
472679450
380869564
351187829
602137281
763369881
932558965
284909107
696454194
773453473
498650635
534269775
766618626
567840648
55366084
758494790
402123713
617005055
548081088
643273402
118697652
724332182
236775824
660474254
641458339
202704772
44221132
696231632
5389454
250555958
461827427
858467161
679246595
629648915
816467075
479157011
150682175
92858983
869673820
537615752
32097582
541168210
157829347
40102663
177166727
491706068
869035002
557068043
136174040
826316703
10041359
209172058
172374657
697703008
287735089
135852707
660691136
747311689
761142029
349889673
460713678
313468575
655039232
223786830
768844070
48573778
741999592
540268321
323683059
325745820
56948131
85228629
497015768
476613360
118222317
622576090
264648554
272464966
273201347
636759552
252805370
361486763
740838778
737276481
125964423
465813450
507573529
786015883
720862225
871923514
626608799
804538782
31475930
271001583
645313666
253387389
535151420
320927660
87059612
824084295
921421839
735615885
518866925
625797016
109662506
620414416
633280356
901853635
365933345
862079144
204693935
94724655
256276532
2004042
331005589
285876245
162275305
379835214
275354916
637986730
61518693
584776993
406605278
379774307
562067732
911875730
20104216
105384200
777017795
626512316
226133284
89046845
307556860
149698080
132496150
844422247
863250998
572652197
381682843
336691263
631985210
82598816
552777672
525571466
496504155
305484775
577064260
472502357
63857473
395682985
142391298
228102370
202117563
60173230
426750066
826304134
186410205
738021657
849138885
884737502
645629413
601555543
84529688
501298811
167101830
211447411
318063421
193702002
656961470
137864356
9899375
257933896
75118594
650494253
497047483
264431731
666844799
390756288
418089976
264557549
383560822
266740419
615240550
159301382
143114540
762319721
827111710
846068573
476585236
810470072
757825561
217994918
595498300
212713429
737249878
598149433
496180875
872080504
85791548
783487691
