332228526
551582560
857171882
616428314
824691706
598821302
283444814
551443345
347290385
27856469
125361024
849396270
674333601
570878025
822944944
80795492
699331436
425333385
267817516
192661205
541893182
919105797
851187595
593433425
187296135
671721415
790249376
558511960
314610707
50449063
103503323
132615064
250562364
741833162
223090942
540722044
91317576
252196461
138695370
41151582
215577893
365162404
909805289
200846765
130364147
905499892
696411217
492495744
408972365
920241596
174653448
413017870
541191809
1763865
96853403
273993870
80463
554702088
749161871
28067109
95504550
791251006
395875509
243895044
364751792
556904000
783620903
427982440
558820263
439770917
866433976
211306005
169999891
305918128
895233523
382502867
378547084
467789112
295736357
471017089
632866242
874907392
333797384
179780735
895979370
423271536
782049308
461254527
202094560
544785437
133079782
159387217
385480070
783347534
641977867
412890973
550206549
13136375
248944627
228888701
857258689
626876325
622992465
763008977
269699548
177515323
704580837
78229074
131681543
544562843
838733278
48487683
744632533
307800589
352885571
251405540
927754223
678363752
100913382
197658352
841445904
421636624
211508563
402268450
367908555
818644075
753257111
463928025
351789002
728911811
477157144
422577944
693715530
523210906
804112355
472526796
49275931
330352799
362198064
35200130
882100734
462713305
730577589
811889277
926477418
740213896
68079319
149718765
117194443
534612722
486829451
228270174
192534024
268618774
125280601
445123596
31642637
256399705
745578478
807243871
555160404
396616727
15451745
674651473
817080337
720560111
182142602
914611730
122179813
858510687
481415279
160866704
679782380
113100918
415322757
206252883
348102285
567203922
291089317
180985404
850754076
409748045
98361188
703800672
164013044
806492002
492270659
500867232
600460701
209036554
541192830
847461731
166626059
463552976
771096675
561883908
730577299
300305604
440507936
854952750
734967747
97870825
873687979
328075420
906864288
586894561
425657657
313528618
376857420
266990881
570596914
140670289
249384053
29447903
752918935
331240775
77391392
122795471
609398440
70979147
870779146
554957339
759383001
911274833
227464474
850829570
791748276
284771327
401428093
84177799
527439192
837439599
422537500
710125406
321758650
698819857
665556056
867358922
226290521
764535470
29791196
309460591
104092908
161766485
76945697
464139400
502040467
507993240
160504314
368724827
103560787
279815887
736003873
913787493
788451678
667215586
229324317
684134736
74393968
395777606
681680182
870887978
533535457
879102391
103173923
67626418
612784403
778505550
160430788
710608802
499207994
762343070
423902135
101621634
222608909
106787221
683311257
188589043
882381458
385306614
841085012
531966886
393858977
667947560
816409626
436867723
769115133
251772068
155686933
384792290
689917929
442065235
153669117
758276541
932695031
273689384
509581069
712202133
699180352
102624301
73847180
77866607
493269168
352144545
829984454
747249654
426106873
620698533
894134565
31156550
99913280
264136951
573195239
666219308
929104509
184939075
34100733
602332660
451486506
626453846
186200614
216301590
617445945
913768443
160778715
587022203
387717718
827427671
757959793
217273156
181727128
408651962
372556762
448157191
898356657
690280360
744057247
514305181
291627941
56576924
294180444
429128880
78119452
326621589
614981633
787014481
437016348
491745418
143741216
652427465
622631085
798201124
507882635
607474798
437896627
868173072
888214246
125226993
94165706
265776318
817148998
778690927
320047336
836035067
599704335
496434563
229069737
519782963
71501249
502919258
760639585
166643686
507539872
910166696
582698539
192323510
435854246
515196577
742865309
767886311
405317442
710035616
891287869
741386310
669599663
590237478
367546349
636030903
683178783
852741584
848782498
196265781
297929793
544214955
823038306
750602849
566747776
898118790
363136053
636898848
713636798
420029446
307405563
614836472
15057284
844163744
676604507
498883478
430562861
419877539
13781521
699178161
825540276
597304270
29407704
70128423
617902588
242686350
285678017
631890535
331767850
85501908
840234362
468931283
515988737
437813711
362707394
420454513
169632544
694502480
508203416
200645482
274082863
355210224
27591155
352993638
407043706
144837449
481764550
143135009
620713554
611787658
237879806
337215444
78441132
497730784
782083445
826109421
139164235
231708549
363005405
182540804
537759916
326597607
782897347
721139011
395900043
77348950
9763535
722438938
457400798
880616167
920897265
805317150
234453529
519125130
364416859
496366865
7984966
16163482
211408812
227161699
418849766
733082343
91288392
757641173
410452500
745904324
554705620
477379266
788754041
313236047
598483771
532500442
868586695
340216629
129428665
424321062
640050457
345046529
302902493
572228423
900033684
463972835
664898077
748396169
891983099
124063135
862907101
523608018
881124498
146300195
804211421
570274602
68596238
690446993
171849389
291591213
43187106
137261393
162380076
684274108
716999652
212491646
328055312
608045481
223465598
805675126
652772599
215066425
337906946
854545453
301350915
419275113
391341612
657667381
682920900
556336380
294882012
858965582
620929566
235149237
101288904
300379613
609927138
898627829
743495497
507850812
372103278
243249576
741523573
461833748
783137847
462876879
399520447
129295268
123548103
784013695
598711491
37456308
552201349
378322368
61226092
207444891
177260878
404668558
51482866
310030645
920465574
426813331
903521710
651068056
292876491
494941258
916140924
690058408
282855341
157951563
489333156
273620907
454314783
818321967
433279062
916900091
560718691
189875367
875048797
403405391
510864733
247501595
887593541
659842700
929537198
761588779
139142864
557770944
656903305
59458882
434962528
877327694
253945469
310009642
767217216
241546790
406246921
449017003
358011191
473349253
927550916
397073042
253280621
177258191
819720333
560726066
254891293
107345632
454289756
348217622
128386346
839141597
552198132
37979965
75376407
452820011
908224180
736484886
436602248
725959981
744570573
712586534
787522447
909123142
390164514
85145325
806228716
237898630
160701550
558515205
48755139
442332507
460419227
252627087
144371058
920533100
893841070
73895612
851419426
648115053
929884623
921714456
807241438
113930456
620922958
101165048
370201497
125861713
301971093
810711010
356876933
323299658
5370842
559230596
719367067
240787425
270187002
393579455
247106314
485974822
274749322
893523354
390161261
893177203
582679523
650632000
807319551
917990972
581653857
727341931
168712806
581867756
625228878
181506054
109543776
860757987
171595790
420757611
918851512
441802405
629055378
259260070
8111002
598784956
600409121
605661032
765416430
54204387
906602399
352043601
735002819
918087603
504221272
388382870
355472106
869487204
433502468
542639140
47063074
480522108
277475192
597538871
725184254
215359047
549522010
112368212
456533077
248924739
14867646
500730127
223783254
219905073
901949045
309478351
515509270
232442208
749375994
293118469
865387310
185484762
380665695
113243311
924285020
43923218
142682502
769419968
731709297
575525561
885992656
130997753
655718322
894566005
603101944
900353508
3196773
904324668
617513168
416683901
193845693
94065479
232241592
918191804
358026554
339801384
588396334
601503452
616661703
463761239
843253238
918842179
517360937
400546412
858267875
262406827
54376714
2214351
465770372
813298351
594697801
926948604
274345901
531235390
351362311
278176127
482544999
558618940
662745972
666670767
94824593
60594798
341471224
911266827
238895851
527657994
258632513
200255996
520541436
831301596
173329529
868241348
832703701
515827208
332598502
864734878
692998057
609077138
918237702
93819672
445302873
599672075
423695474
486774585
883462627
353907222
680064496
877467428
126633821
321010569
82290392
588907740
56504061
642253091
1010684
119401179
579727274
8783360
913156943
729722187
195262976
148497177
435269096
537561146
684980415
187906570
701916777
223849244
221753963
464991236
13853388
821509954
109484388
914510216
916230877
208197857
583500011
846983045
767039990
359586664
903756906
880253914
197227807
416849773
307424747
623190492
502097530
297361673
153543577
750891382
274972091
488991804
210644743
872198869
334767754
258204216
538723388
517598245
688947253
743450534
205344101
350781285
38034444
155021204
650264157
589161379
583341702
209847674
81274889
488222308
589530870
69023560
324783307
338472708
585116996
218275356
171745153
723227120
157176033
588131792
871280413
369556394
396599495
674751782
557316207
275897277
225318041
198806407
632973789
381501852
118723079
761513833
27666575
398482331
577406632
2409695
751680727
391166356
106128294
147599590
767120243
663049036
602510419
476320855
641069084
880196031
761563390
713367735
472740857
509165115
377192026
42626701
563332134
205892641
439406542
286058865
615709034
701290503
820115506
212554301
439622326
651884162
319825798
912939048
708096488
333423589
712867350
809371255
539557904
516758861
273036323
94159101
923502436
407367277
830579158
900741327
218321151
292089926
439591459
478212906
779567585
454377081
244879561
729965905
30779834
737912843
102753444
203062111
864345273
853808732
44445923
94059248
85759606
732110439
184859493
200204645
509923959
313199034
835765812
813461901
423478215
513625442
685979082
409541381
690573234
795398829
803715994
224077264
593359751
21152685
726065362
406662563
164004044
138532767
444062971
850489399
14453892
259855516
639895930
621084421
424564678
586626385
805037241
250678919
236201590
486492169
617280311
480522690
477536123
701985278
510647061
772986095
507807942
200012180
91196435
222646417
469058550
749956701
258861727
334492790
604877205
789001549
568316198
188785960
843221159
90031672
407328324
154496506
523545467
452194416
232830807
486332801
438938229
889833450
611562922
440636899
859412727
812060776
447182582
894201538
594893604
856899278
494250816
876556215
475674562
501443160
762075403
591359384
176377970
900719194
601702164
613536452
273562780
35179059
63545508
474012529
170094963
28605102
462929316
366064111
306552655
196567448
205991019
809761070
615241006
889356271
430318171
751914782
511262805
166834982
202087995
589170856
242213200
44457046
299207865
314474688
496010566
881178781
868037593
239030192
698358508
216868249
181245437
770890323
692072185
636037321
112819660
718412424
279204801
532255728
396488571
843258933
43106123
701095642
167262042
313658740
769645422
175816761
167733071
206098594
717584473
891380644
413910998
447750590
418349031
868768898
462331634
20094949
615166328
81388481
646521277
598119660
846516847
263489245
556915782
64227133
118068267
655905937
478865222
866633350
370083048
240403668
890769588
13533946
70740064
97143871
799169244
375492932
927555959
12918552
806066432
367034524
859891567
656976689
572757838
507234214
13113737
39722904
842340607
326950977
374301994
739955164
880698519
152564819
854074155
140674985
692670937
857626485
806935358
62863907
926866402
484138341
224776510
763409848
180096742
489612936
412535135
184528306
929693758
464516623
915558614
145642793
24042533
692260338
269856533
625753063
342708145
555260059
396901091
764425392
209206602
279392704
775490772
244513187
710826066
573336352
440649019
569269371
1335309
381443951
931684307
751710091
340588909
277495
98930083
490131169
219588537
260875801
883437947
254004621
306761847
407859388
338865270
686428875
259722086
84351362
780931593
75457800
99312522
613861702
185683314
455693949
318117065
922568169
43439460
289242461
577188555
633379309
531317971
698350317
280446953
820113106
727927953
414659240
689580711
151474452
611932209
602728206
516026871
373290437
720915400
281156263
198860669
892776822
370820533
110643441
386462704
467418157
411328170
235655719
855899330
90272619
522018646
254713177
327180938
600630058
119970753
659847539
217128321
231741764
261715561
162382536
216294195
47322987
598168533
496954575
457070578
713812937
268483714
203438047
813136405
189836956
759540110
243692345
493182777
829338275
878647515
472543848
647987438
641121817
105893510
242552745
875165486
704792847
96353791
8201812
853992364
101805679
190143849
463510362
15504025
662216135
225348054
85176479
161272393
469230437
590804553
328056785
373922220
759347599
91182620
688567419
335252062
503560267
644707196
639844202
223240616
102906230
841091454
392667105
720685082
127112846
171450385
87215447
354055239
923357285
154679610
473366889
521996523
416164451
34090395
819034541
330616144
481105031
240264598
359082171
732701152
1376225
895360656
920567785
859069309
813183420
909210851
706917731
394574641
257045471
400836083
808096465
380465318
435156480
187951045
320925219
695525187
495260167
448653259
282129815
356775483
367444960
819286327
177005328
294018915
877899673
276136793
633780253
646864052
139538986
892730071
728177392
697296485
690258624
165230127
72487252
422622881
900162383
282778770
557148811
325239806
353551258
439300612
595095137
417063870
448623117
759827306
286368822
645136977
242942030
925786426
558263820
344385264
555360665
607925485
241641045
11662855
4815198
793585859
155762659
61190228
928692435
13447719
209129204
740874709
931404088
911721854
405898148
312357892
41371078
28688310
763019103
383448713
910350359
851598407
649574063
566335993
288660356
367410028
288280627
710853778
889020549
614528944
430928317
422964625
468468068
353777400
852693245
491302718
73697044
88318621
485924620
224739591
585382386
635900763
717574988
805117460
909214876
781100357
272656223
296778269
490502320
105793957
542800697
341859957
915886589
442154663
228469280
154507337
861621680
85512340
842963120
509052482
746904861
365481099
253115976
456149753
88683548
471253876
776882865
268606534
639389271
422389671
215059541
444410064
469943743
899374561
53556813
750804719
357158520
243442890
859212206
226514525
349242707
13042626
755485792
776785039
596995610
373626768
772199755
590752271
338488119
664283698
260365656
448766886
606352101
616660508
595554251
39611123
402892745
617371050
404583897
656516962
340814893
831187112
364623064
592622365
309744014
776459327
296717323
244179465
465079690
828937348
877540219
455023197
181647895
111392492
222279704
340517556
340596503
661567810
121308784
482089046
421930587
827002436
668657070
765031972
764075968
740156564
620279143
867315991
744086574
666794815
911486694
235205183
788099541
821867173
136013122
203202102
910544926
329167669
162697438
507839300
696101494
572472079
115531820
911775332
126717700
803406076
378806093
451390145
158202560
728626385
452866416
368038351
16527238
239928845
534757475
103904608
518424634
550799085
119112839
268326806
521987758
554626521
587488683
134898240
622200124
896804411
658496261
35411259
167516792
850626591
40202507
660385257
248272846
617488399
857235844
648318419
209322724
634711509
409226340
164685630
409894123
556997754
619309707
800941787
446137638
321305256
68887250
800280035
774704280
683734190
11346627
681258894
774691675
807230710
57215065
730559762
357122062
300782282
28885852
71752272
202578230
212792616
355330726
797224951
532780272
520966607
502299689
304348769
543433182
81570301
431989194
87500521
746521062
478635136
355099203
346279596
434094032
706904030
724865916
1999275
555545984
923808605
853673375
111496249
54655569
433432028
391305113
680253179
222102652
148512700
461439194
188131381
59422882
643347303
169878742
524566140
565049824
317079659
86641335
18021954
498407109
112995567
458531404
65865337
664660358
108109467
677952414
608143142
543704295
682358207
488474699
245587812
320025437
703665589
86064965
923871502
844191891
608120800
193003956
566339192
402937371
71219983
710698497
673736508
792313831
332342321
785830218
474442422
317640099
172339127
184432096
812548095
63714502
429188865
155465212
186819020
109892085
536321241
192197851
458504414
916562592
163557648
460890609
557368260
469721223
278657758
893169262
700204157
528419210
373974444
813382637
691449960
624558809
579057646
638863142
674782733
840674981
346660675
702581449
497523506
325766022
769694100
437041836
679575266
206202111
564662254
119259928
406625589
759783153
667519888
237046532
696827180
580162651
785311720
131453177
201176917
717752607
272708444
661521244
27287639
868648575
367889652
392580355
543049285
63154618
823710269
732102523
201215097
872229051
5156701
634655953
730860191
57550730
350385894
594623915
373357122
84077031
125448598
789741326
103450528
600258463
480036366
144319011
549794269
678370087
302389276
380520429
323223458
631078486
706065996
879347751
7298166
739056581
624032444
881213100
726518494
384895657
124726163
86923579
137978274
304181944
110836691
165991591
419564220
386722877
780319732
481528910
123564310
322986185
597348316
797600638
227431877
584282364
633366584
565825774
364935822
250298900
460867782
723050032
810091649
445725964
763135988
378839152
52195407
492190414
553121280
227147389
216838960
627145081
486477188
504681625
625210015
535703639
365814069
117040679
925157731
741075788
138131004
334871960
487155163
551086409
437326733
927225656
655161995
41376770
476810492
410621971
753030712
858995969
359084355
723801341
753684700
1009982
925423691
748922195
564688684
834643632
478355256
179624517
534652011
762364870
34155893
604376038
543774506
439767198
926347719
496574646
817043261
182875878
351507838
161132544
578723424
561087071
266393563
758705703
71246580
606013013
631229392
883810148
25455394
846009684
3169930
459754255
299634581
552297109
300722549
227467623
379741490
856225355
245632466
140066072
845921503
612187686
342058427
25801757
728801790
392659942
687702964
395561892
317348011
837791486
172604864
572913752
30234528
318766480
919769386
901129391
260820631
468771512
217781255
207015245
387351151
124323640
677510684
131574664
784826372
803646726
650052766
447072365
478476767
546227288
832618067
170285069
29213507
932684691
825936077
831606434
191613359
378177486
178611428
181314526
325938308
768219784
423156178
79336225
197176548
760171985
825655150
233701363
213502553
243103491
916805926
270850652
448446794
160484146
883480265
811052253
295622048
896179113
421866418
170910687
103663690
106346781
649302711
234434544
678296527
532968841
16184462
483060794
562656973
140933647
694401638
735654475
716130557
89973872
96632009
18154678
20712117
574647326
515728948
519853187
144528519
176671620
362251734
777042583
71339802
868813130
928809712
174830909
362477284
485357891
428504338
284828521
27768413
910588939
476068342
815587446
461619792
899229529
395961264
264979857
662233787
851791832
587789776
89648621
524132140
79857226
703698808
817826611
273244972
248179480
853562434
60158982
892730578
203018385
625638806
866362235
735276409
169298235
708654201
652506150
475309550
763923334
492454639
768225720
906668635
430040765
498163290
468668012
420227802
12557861
581062090
59273217
580572079
786419179
668053985
223311115
44869079
657842139
66080970
75033110
867578725
671775390
814451165
271374352
521824071
583777738
860553784
96716237
744796653
851242835
661269983
69389134
526149747
301594864
411127214
356250843
638987290
442024088
689857343
616110653
710297681
190694965
97530083
574314212
373719209
163368523
312084071
129431592
915258306
584418803
865125837
479996701
716263385
877282775
37806653
879279256
238981517
428500900
84141014
481610810
857695718
268386187
572656679
896617898
760854617
838476602
354541596
177058210
593447572
899737267
748712716
710820854
173778955
243788631
852590956
547947219
901013027
224815615
600165990
853752745
561457583
921218740
855922611
4077544
530778529
646979523
811528598
900941347
889056609
79194372
622614626
566734049
371908005
686457164
323727696
365418390
736936126
623273400
768663978
272875005
233945381
152367424
386855297
641023683
406916969
580447700
431058552
756097448
176724720
296123449
170616178
101017070
687122258
760668149
742976625
172503992
667374255
432607799
669086867
23639933
757292840
722692644
286904575
702105697
425381565
51810649
704257769
247581204
702455564
406740538
628840824
710154872
738752554
929999637
638057059
53571641
13250322
448898451
769407982
525257002
107770596
22019110
13435305
110586528
439916259
891014921
648711171
284145884
635214767
415499529
230899208
676334274
416447743
767663582
906647662
744348785
282790095
742146710
534950949
346860373
497783855
538281978
433257708
862341012
798265807
775755935
281468209
620884847
169393463
502014633
249170620
160405104
299196482
562851354
713262370
291972210
425810218
783520382
624051862
523414135
216643068
841238309
618790078
924439405
115485659
375495701
478787018
876038416
839697561
102428440
719146101
38404118
429021845
161115005
372399442
110750899
723082747
270625135
506284894
514898216
713550011
744075242
769005956
856799465
183004732
461620094
565650592
90761987
193374358
431739976
421661834
261040730
147853818
817384759
739352521
659511973
695787730
921904798
98655414
366515957
101457171
255101141
860756929
722433166
716545798
714055039
584283134
291733640
814350566
577709398
629344620
105694566
850998949
741521974
21831231
742499647
19886871
854491903
149892330
503057203
309249717
348825859
638389681
629079954
501856286
399165065
591315840
825030564
702413248
432370377
159914707
889771223
138762120
27228961
711433815
336859562
246161263
500042087
402144914
80547306
438475631
466253637
730650490
868042013
526650281
893418419
710483191
130295614
637294265
689155869
719671366
415468249
594356773
638323391
560742812
451867698
138598460
79906014
561982670
277719368
554500857
519761301
168234967
605515138
298359648
24022610
151349927
27327638
216781579
537295570
575259763
817368359
211054103
659726677
643716701
166229894
128426771
153997935
919052079
648852600
467701918
47674827
721398003
205654480
632596983
215774004
558203215
632407654
584093628
709686702
866315695
491248342
326572184
602050967
6788612
666577801
721490745
367979980
326401209
485447119
226243662
347579496
701118789
284141347
335850052
179578266
317862068
898033227
835928331
794367165
687673214
251261258
124323501
67111387
631792559
445692036
541219950
38155581
204671054
640082525
339506281
842155352
776211068
597391406
366368579
1345054
743479201
57753401
61807328
609775839
663356156
560758424
793174899
463500062
864782753
795901944
541528167
183544332
924072341
29736181
300054692
214649843
897026428
634284226
335166511
559168947
530717065
428315862
175600315
224799123
29037251
712290471
510924633
622068099
757352563
221712607
927511411
791190227
918416407
699138962
12902038
376403397
131322385
842877995
642324277
620789832
497990655
195681050
697490589
799639656
705394200
824380844
61407267
264076148
272812918
363551693
62670080
917004889
377206213
350442422
550807467
667397978
681262295
451864842
924385357
501306302
697924726
915209347
443450060
453859084
112530366
922040372
599671347
631763596
162642374
372762863
774203548
805819568
121236031
465195869
583413810
251487907
271525306
332726570
689157969
629672536
147742342
823643290
470109562
835735808
146886086
499423731
617652282
112182101
437654470
181625660
229353788
749814808
772756332
565134450
333720081
162351272
272301490
913552032
764102835
924433578
543560845
280445119
419243649
703384803
840143895
683004951
474962552
58499595
22282314
830456044
588892928
187448716
500669428
509913188
729270488
789095803
75600949
87656321
71950902
325504125
120761850
331210408
270471197
631191475
113448373
57145879
165085385
831960199
684186461
184086497
758237104
681127553
287925771
274742192
474279209
52748774
764581098
278941195
348439921
746685084
137114182
152088764
816141233
481114047
552842679
328984690
716384345
887893504
772470963
809391662
836667286
897832828
206831953
294503137
598087290
886668352
146621312
301135517
791882174
289050401
617581217
687421381
647513982
56640442
885117755
159425078
261957415
740914297
827042921
751083199
23468552
343240168
210280619
633774054
329239869
57462068
70633806
127997071
310188178
496159601
395604280
438793278
272890892
101908643
59482378
795289938
924957095
628372234
529462550
773222327
204352506
26419496
595521786
881061997
85013500
475584218
931947756
929714477
230250031
639831235
223371800
472122619
795484625
765983731
895349998
569026790
605816672
759433766
209636584
536239334
683464887
593137471
597794976
787688329
404984632
91195511
351383614
153029230
216533380
150581816
224260582
223543703
47356292
390603480
416632770
821991888
501256278
203853127
754511529
223009558
877412009
548428149
307205354
281036563
222502497
131779445
908752886
6606438
819105315
196086409
894082670
43435023
687049738
776042276
505259020
906873527
452081198
930139646
733543220
422407530
106182572
295245066
706429126
7187941
179531668
557939006
757310895
694912021
615275017
390454625
393571051
51819272
4963613
49857495
278626389
891615037
784009787
577854149
60909422
342422139
909202307
476839042
551543413
251451267
268922854
50333891
301797265
549955136
835860917
504890414
691761888
843596568
316084634
792444308
472459220
383081663
725675344
577846814
554114394
715472450
138112829
587964387
531439438
70977703
395975954
50804200
37952831
731217698
179000141
485888582
714548453
305089324
736203046
807270387
606109103
221500381
612045258
603723874
606239380
762671431
912429414
870762181
127167623
320795134
901233202
867251995
727292735
310032582
735935745
307580100
648942219
931838545
182989138
264088370
273066695
466370648
345202166
744803355
662960656
823759230
310015363
357406316
242388628
517121808
887700727
829836675
711635847
187890985
408320915
296044295
834103391
482306452
310303948
324045683
759164524
345624687
449496040
558017282
717876600
546361191
305145287
836242867
699577766
187240974
920010379
230686318
400241238
410973117
920147830
855564692
649592848
300169618
11649363
258690300
2114769
824058213
858536297
96520409
299394275
121601928
134247513
115957606
508690947
54292239
453694639
58324785
48549053
856905045
774329825
800482100
526524375
382906847
552159279
42512574
458087885
139875405
599900638
311481365
196231778
419866272
880811772
485607735
721191824
731331866
558600252
861094884
675219666
405160908
632077902
252919414
14265676
924667641
313739295
802123367
473888044
6560580
207709104
778774457
327494854
22458319
196682675
191776261
231495028
29998252
907613246
791059729
749471472
383541993
874066670
918392548
195705374
812854829
355926139
168726414
352166441
613663134
255525940
177637627
228833208
225494718
632511578
890818426
592947276
43891050
582739030
532772481
302081582
105861569
841751979
763737661
864573800
841205114
597431818
357685432
653370324
458019156
387107232
844807246
347945671
811747510
837916966
783786203
642891148
795883795
879520188
869574094
353710193
336571478
382863698
102750229
694844227
103736672
891849168
795640293
785617117
850611694
804322307
210523528
792069541
704181208
835118685
837621763
301575929
588826511
232092148
853203244
85542550
135219542
161572208
173903407
357325615
473686479
734852757
707657179
491873101
380269482
232483232
787495016
252563106
491783307
421817639
640278314
882968262
418751338
86301885
68997967
546879404
168078149
854850598
486729357
866980173
466920875
684904284
324733803
883160714
543795335
471089874
175780515
218578780
428009198
186982341
668792460
249598460
622197226
551873609
228373245
516834732
155304529
462828116
429216493
692785437
74383981
277945467
487614329
135907199
774274553
436204018
487213837
307824496
176536985
317713180
429316921
479918044
403623318
387858914
535219947
282524121
234184342
567612029
221529002
464701482
288320711
361854030
94988446
232309198
871742819
833080000
29801310
431601214
158998432
441186347
558162793
863216434
398556502
380768635
179391734
608329066
678363644
880822812
338218774
525393124
876272685
335084407
309909258
195772764
434841646
422340872
606768378
540556795
769419314
144391305
307362259
867129609
742073401
395832174
784028716
243441583
838816373
600182189
389144622
691682907
828914457
772643768
577030199
572090522
548259248
804364791
15729186
861398814
4984519
161000401
498730485
194247069
315162864
326363957
99252359
66519784
35873035
592747420
278793340
303161511
606824077
644851377
59431513
39140748
708907973
480531487
144485158
512940475
728839655
146484764
112773531
474010112
425826360
167060757
441593540
311918859
286669977
820479067
582206518
646554018
612333277
493736927
437357335
442624309
496004366
37546873
467835039
586281158
347485721
600439952
498293091
793886606
781082210
739597336
559744452
338938197
550166387
274448719
686075704
865479648
880558654
371670798
421053783
508245143
748551901
223810194
196727166
344575808
193829538
321410439
5504929
508411829
67410678
163147880
149344831
105068380
157030580
121639343
52636097
618537356
198527231
184828609
457218987
91820612
503056681
349902446
13392330
738785851
783763020
865254433
170551334
334242262
800945646
604557916
151304191
621051290
70676256
292055039
93632619
516057206
880870958
471005405
180691734
45734484
112339684
844276090
677262843
611646670
91244002
747374355
259515756
437913354
363723458
224931856
440608482
118775783
841407347
353025102
280614057
798892769
437678987
556133626
414512620
506720245
809260239
784017543
285412076
532782011
223058219
192804829
253766041
104561027
281952196
509870038
148868773
263977832
749584874
224453953
108586635
304698702
101911542
290107392
620659234
648930314
587775707
219296724
436617664
42847673
728872045
730591212
926676482
408362769
865145363
543136293
859767339
758562895
591365936
491268459
778324233
557391984
287789938
343770287
139653060
470118848
477007007
28532928
336947058
720578853
717828046
602106342
511066031
441249329
241457391
588126480
452979745
923224650
503640758
643294400
338484270
481448136
905009445
741261732
531582235
917569130
73493744
525028658
130621002
861564537
348949389
334092988
698081612
656814955
23506631
792292928
573908113
687816335
876304077
405800748
65676956
179232726
435266086
542552377
331948003
740167450
229877997
675203143
177401454
35059876
550017650
767659446
365354721
823489002
663297939
863789365
836047385
291050226
451684279
81037863
225274129
247977891
605405439
472534824
510963319
136828637
877790259
667680844
814749990
922755532
148649787
577242540
280617717
502219107
836967668
172872679
101175288
65771595
21684947
105239291
307078976
83493395
119106989
256000851
355407543
30235063
396803747
546163541
910126382
790544501
142299600
523019252
832261212
198831746
6636299
277290748
719965294
824087773
392720094
669325194
917369155
117820425
240889976
187195093
503522450
356887626
833346007
303479824
896622321
413340512
652342
806846595
217113206
742980007
63362612
32878578
765014757
93810918
6218685
838787272
662281238
827325185
771749657
218646729
110927209
752615689
590751196
879740483
836233306
361940474
563775468
776143964
669737884
878319472
760493386
683913883
110436202
258148650
369747134
715495083
510030168
559979785
177543346
677573951
127909478
14000546
531408384
785237910
837414030
250618772
838583961
219341821
322104884
423530311
745645604
591513968
804625740
872386214
642185256
870757758
15806922
611987226
604349393
613387345
338246300
37407806
736085221
699748596
377984964
571594697
319183655
62458605
31931586
166062045
371260649
50807551
887045905
39642517
242010270
618116915
796523357
602491127
397633992
725784424
911191595
387659766
783275603
908212601
257610336
80090041
451405955
500923918
414561069
431933890
578690986
47084214
794614105
722906684
432062429
71774507
378721225
707750597
779058245
26486207
522374500
892099788
96533711
61817756
368662754
302945447
131700235
499678788
635499787
598200083
191817303
662022176
151408140
252559840
580776325
361333894
97105419
157027478
19408655
641853350
325893487
269164085
19114964
689446755
326396792
749522095
131585193
699775599
83245667
676707232
885404652
410412879
198058191
113232359
654248976
275272622
399028152
866620895
802181283
666252721
850538719
503636083
273838059
57871176
597216343
457431899
169408811
179775072
821850236
535197889
382984291
217259553
661638447
837027331
807718242
609769178
274008705
254105435
105666115
148911404
773069873
815553982
674508064
928314609
343644179
62120938
412335879
589289831
152123213
766366161
118140485
591878917
689218936
309602255
369660990
811304128
893197584
656734396
816204201
893431437
304130758
352339610
634596247
720243174
912842319
546961470
83060163
506564217
252525872
443690791
558574775
626736112
497652968
603902997
645983223
150025158
596622233
303417517
693591724
746212139
147521070
205885936
689145286
122455150
577882936
292726943
412363707
335598372
484673897
294752201
355334386
430949884
367654270
390330757
28912066
548815214
29146618
402149454
274753389
885787411
718325246
543661191
806422682
805903329
875691496
432303953
124765293
478260266
400865090
668886147
856959688
412803971
555974190
12460619
188593746
56117
119958816
933074928
393711053
183071485
435146915
544123678
771848355
607620815
225604257
239573475
136020199
141707121
172383720
537082531
862716417
822005697
261962991
827853827
169510707
414446110
705083173
332539128
871811243
747054350
838604486
250232439
309090134
661874705
619571129
186642615
736341737
635527864
542137905
346725125
404518842
312479614
122808415
340006224
336525990
92296434
629054656
101979799
148834453
843996529
8558985
391931631
575793090
483230103
417427607
623564449
340526320
478526787
612212347
671599892
683334231
430860930
402781105
90750741
827828579
408127795
688524956
845984056
104098939
910713011
76974296
253699098
247322728
496388272
646716431
294600503
576814452
648475464
649126606
98391365
95980409
679852412
189865773
587219487
336486687
247684283
901437520
28665099
697906233
680933653
94109742
667097178
327664872
367657503
604913381
905148923
399665892
170329943
9655267
662870266
816872201
489676881
552803459
654987516
53330809
630401003
826539961
476535510
746518956
336376532
334733119
839013980
467282896
173381730
16857015
109828267
62591758
106987112
93108624
676805157
388627910
420085456
191314619
340614543
600242505
465825451
478259865
328215911
290872595
54676650
770873888
404796648
902962324
924226819
760502934
251346518
561504470
802051464
293983811
847329384
410384828
877751499
160870881
418380404
70958209
76654754
242598996
359183336
440166842
711681458
600147843
99323540
226785337
476538714
54882383
309203540
613123049
143486382
843087728
378237747
564309924
136030258
563838574
787614829
114426918
154736911
186583502
439843845
698146417
353091665
566106592
708176739
736057009
246958478
74571729
207568589
155694593
932242235
758617636
301322364
223472303
163606863
253621689
70693855
894752309
371403121
226248778
905516033
536716416
588268170
20939393
898128471
608893037
563320313
305720274
638622162
815306935
644134527
838666981
860672384
250698576
40661622
475220964
581733508
470520034
513283183
659927709
698440008
801086393
822390911
781515483
528109416
203476695
695781232
292994686
626595259
303132259
728412890
222053624
443343517
26547134
554626653
594891984
181033088
580025400
239375501
41041225
533483944
160940266
399997386
499631059
878347916
820104605
784391357
871298601
833235391
116071734
930189466
281475112
577660008
39631127
360370982
494931061
384081764
793587065
747046205
455081096
450198054
724155956
400996090
900326184
6094378
131713726
259512631
97132480
475121951
84252749
6367938
95672782
444058814
897346943
658997081
566417614
713166642
615792143
290554632
738448917
183377567
183971554
293282821
415429138
621146953
689547775
372720204
567043545
89337364
240707095
702342132
447761745
731219529
845447061
237523681
691407119
282138086
148738369
54152032
458660937
681497148
15957990
833969760
648080101
711076930
240719300
555374256
858961263
280606566
346644815
197868250
235261835
101057706
507169997
715154647
719969913
217313573
415301064
831656970
320223564
452280173
197377687
610321095
708437413
911689991
604198742
709309981
649247655
227665846
923032959
460456096
774058031
338187141
644857051
262216982
83940816
473374679
620752093
832955169
591225649
491465786
364573450
730556396
655740692
840371459
549517330
91586228
508437941
173120
688475107
789939156
134662114
799094145
307506091
38335445
753705623
347039429
761406136
527191897
454312301
635870822
29315245
575384679
876324008
692363838
30055390
642597817
919485731
491495572
903067055
561919772
14185484
682229042
617649068
931153959
324795515
389717192
300265409
123221444
741772944
62071380
860974388
243923286
461021167
267944020
115020445
693478636
554889477
220554211
336598171
876698586
225381851
278079898
824623941
659122798
496352403
620309251
208450934
665182438
756700724
804687059
173126608
555341214
345096260
910573507
312614854
929695621
385477594
106322426
652278053
406835681
728631450
366096219
514113079
580746631
493091149
261027151
209102305
329552131
185455792
546921365
168239648
361141358
497862898
708644566
756504847
719925211
62137242
505054727
701994192
565939444
480356580
378488525
703462315
851638772
54207174
765398446
427473228
660382603
32254213
555279464
128099451
650396699
139987985
844617580
921144092
423442216
696045743
479537669
389250648
591058636
683319111
476226436
722739441
637404110
401578283
416551642
77469936
244652842
38613168
69722432
467395628
592087837
41309275
379103016
656252487
764100964
817833389
660382900
79828145
607511686
860346348
743187584
673724232
648779554
6381227
68280843
483681825
60603762
362716535
723981150
864120802
213878945
776779630
828900661
318826099
529376223
63020482
57875911
646891873
327747521
375748134
731358482
756521377
558364068
498208419
33488352
429419422
730991946
366821633
40936611
580829722
307259077
608198887
55279726
769842848
882666843
560779508
256968435
55228940
227181700
865345999
653546949
858811780
776627883
319513464
68145669
161851122
772241512
259215922
928581272
329260357
927845314
547668339
237801991
363551847
915973194
114524454
691205525
539900416
359155167
212809095
834716541
709274155
134754594
534851285
666316696
403614725
535657661
412984282
167988032
704234576
639342413
641669187
896877431
13531616
549038169
829553548
126219641
211729485
495511195
454258220
401547531
752487764
440938893
317284595
293973314
252542441
275054055
707203195
330640680
609239727
122457876
47061454
181887576
932690622
690091711
809289207
67115417
787664451
108227282
641926402
639178857
891314782
575094976
461726044
325508965
764635977
876092663
273681195
574795935
683033603
842115228
865117683
837244796
690948349
792882611
377508573
120002671
23451298
568600442
226012803
503117985
243541670
672347202
553648982
850867311
759297794
909142930
743777313
644711994
898402700
451119925
446118763
631550010
849517468
839779741
892288236
76076380
190805246
674344090
418428816
267076146
786249707
809018136
603847092
246192862
432251992
424456671
266095365
263107359
88896062
565717443
464948198
754146653
390218714
570477874
30957021
164790835
825117672
817060992
542642252
416635463
38528087
187964407
533460906
60303698
209911314
552796636
573090520
747862974
103176172
13943427
486412361
219768313
708846631
252381072
866204611
70693987
364877449
812171338
837715376
199077426
513383705
271906267
795148776
202299295
777927223
45732955
251753540
328604149
925605576
257419395
410426851
348298284
303298966
174761028
714915594
34034519
421463292
308311947
379110844
119171399
919158901
171556496
457340797
540134243
356837026
95219084
560084145
578811693
713776387
852977058
681560462
250713516
660864573
83169237
874312236
855689157
388402450
439002318
367506948
870719448
510070255
613177853
891492463
358858859
194750963
590275900
563363197
384692681
359269909
284602486
836042444
848217871
398439003
428087758
469873918
781934077
390874611
428068842
619066457
836605947
694236385
871949806
298162611
112976402
363534615
842992402
513293139
723925406
82964010
585232987
435349287
114932295
614883674
303279297
397210688
918066859
335093688
799290
846325309
873950979
593884860
849312873
461566784
858051188
724465434
162051229
63602940
844598154
812195924
355012217
667051985
706701172
229483767
130219661
785459081
501019643
469988742
113074880
557241945
644001566
340721689
480501914
76491134
198540320
637737930
931014207
110935570
374296908
298512255
107081220
361014581
547121197
640020196
798343057
25365307
506879556
91481695
716511051
150517093
876855416
793850018
462837760
567072558
580180426
636961437
339390361
425585581
712738293
316809280
719754791
235572647
610319451
108270497
596061547
861678361
85305135
488046066
700389594
327698802
378247156
907814219
660784545
812440840
318552874
538270176
17042495
447086579
322121264
18882013
406664642
461181607
542598348
741959019
458965007
256407396
287398935
630234817
631144025
389665296
349668504
390631081
704645985
312770611
730186529
593067932
892807668
927326056
51145758
239154604
867284266
634997717
271454657
187885239
230149925
738059539
799699090
789327484
505128157
552516069
650716633
809994712
855305969
687244918
348324905
810152097
712868824
70194034
145463973
529575267
770928145
80133647
364887120
644295979
196378467
451255274
774225538
167863819
540319941
386687083
456729814
333678186
663780685
340732751
635086820
577703076
283731345
920324548
234238415
805012969
118650026
367200146
209791211
473499405
171720696
19079258
602046075
309218968
652089615
641749345
352398970
126138856
197857362
131037531
322130681
762996105
876722651
429808892
705856850
792807745
692292699
632638643
503384030
545828118
419946306
417082962
878189765
132899009
575428153
913057004
781274092
891691060
625431689
619204225
130643700
868609887
809497805
761613576
686089713
366707076
254167572
659856975
650812125
118346073
792118245
185883682
892489948
448730913
585020458
478789749
33194930
376740162
893362104
231338677
8569305
487252482
53148777
71066410
16668191
664004746
328310219
902481670
584087838
393981060
118933988
92275744
927571819
286510310
546015826
117083493
906017713
800996908
923597398
407967087
728100414
913661904
226207119
417770594
591295853
544297778
211198698
565438370
702768962
200153910
238685894
250960411
812181900
524193728
439170681
609678103
729193329
286754160
867094625
791042074
906404590
383712529
591527798
211187220
438253893
427352557
806418265
908381727
8539515
654114913
698821757
228919597
425525448
43592002
95484757
556686146
899214281
442803776
599135073
675036827
913578165
882875523
241597710
839893951
646784381
339590087
437828192
410218181
678952451
649790869
883886146
645253937
512182049
99259347
86964407
64552080
697335193
180226502
916685967
117382529
117053654
600643525
541937670
821354843
170507348
183836859
356140448
869346088
674626990
132717136
831028136
128138551
576946840
407215419
65986928
764120825
607397047
301485314
627701667
641454654
49043004
598399002
655796584
464821678
209593205
446645906
812158122
161060136
226657555
329489567
154481634
542330206
330465235
751538758
905188479
147282814
249321293
110481682
784249965
169004618
594984490
687479714
164383274
506300762
721757127
99051427
728872228
792387639
507980734
334186908
920482779
294675847
437314555
640296303
643898046
293524745
153723044
371404538
472744256
896243191
870409269
319829826
169312866
286804620
130844518
403705452
194338345
461472653
801616875
146621838
714962211
394812551
151320214
300059876
32372510
331249574
446046192
248034755
90886714
712026940
159200838
392384035
502972159
579666869
751231284
523849602
232025879
77993834
908112540
104447875
651876922
784469453
318367039
39315511
74623264
528280103
13698142
196884635
767853363
374083074
757710568
537551333
3290956
600340273
612406252
762025895
592369741
554029869
240298527
315737637
627559716
855362614
248861019
834876966
163435100
198690131
383309881
774072664
207800437
183710792
361628013
32828006
707150410
801083085
629108252
118542205
611154500
489741372
443597809
385828998
57715215
650286603
675128464
143558264
592049478
799583753
779938851
816324411
271319992
568601248
574792208
415302684
491626645
279054202
190716153
620470852
527794847
828446452
111229443
493918899
922243607
19771928
75221527
136740175
200389146
827407432
170110481
763820904
684070265
668578831
441680451
262375742
442954106
896876743
426875892
318734616
862404227
814480790
915111471
212003175
813708673
230422257
642888544
665873879
705868576
708193538
453143463
91160564
613136456
634556817
176960147
831269852
924111718
678939344
86763054
737308799
353307346
86208950
209119823
924612683
656670960
258381974
556618603
598885478
754196431
194278466
450872251
905484471
238526226
114064311
531890211
194443150
90096489
730489326
441350688
786206631
253076662
66796637
472842196
915107676
59725723
358180665
366567620
331349452
527280087
267404162
518444942
358129815
407904455
748511429
673413820
156644953
410845719
31283578
668296659
234447082
664922254
443128764
195577937
610590403
303178746
117795029
252611162
595843861
75964358
881182714
307488304
547218853
728557250
613312883
563855076
665647225
246687971
636900225
709658562
902960620
584962150
900218481
4426238
452426518
849247288
200168360
815025889
540090583
499759879
97194544
226572985
693839683
739590036
251141584
194897526
422297284
478788538
345953454
386058756
183756139
74386753
480075553
216247726
530613814
858366642
136095173
853111732
850906977
449227016
530715251
446569926
177977078
404816871
176676654
336778753
237482700
466892970
328636565
680391340
855148555
746283846
696492496
483957265
650492518
724466924
370339726
292254842
299450582
15406888
1656864
675632696
487651882
68590114
5487531
618207709
928918771
1219379
472679495
279096190
345622412
646874568
460821094
485281640
365412107
288347107
12129434
449282137
615123684
514871127
130834727
427561118
512026114
661125183
759473418
788282426
756675365
617644259
378467487
194447336
570027358
632051444
221934100
212520176
812909342
356709098
286531031
451452256
664525317
655341034
373232574
88374988
880554968
857551668
749724179
854697110
591709875
28816622
849271737
844663781
609452903
172549591
382831381
930889649
628646246
350414252
924945910
220284234
354933131
28879663
742925998
561685059
819203423
848512249
864207369
552619857
251817950
755282854
408254386
219992112
803172099
650150359
900406169
33490706
716984234
186574299
420925306
569564703
250117006
357763341
147665795
14996079
183092165
5732777
493411375
131582443
99555535
14714770
835764172
244741232
371438535
324762283
512721122
844368918
649256063
555029508
113891249
780629554
360927636
910364050
892957625
248235241
114086677
562347026
227009617
738426195
323927100
872515858
603047937
627542108
56429627
880865301
725478868
551509037
895075605
363764726
73090600
37853670
368869946
551830764
118998690
916619400
727502182
588764711
666997687
621186947
94643413
557205902
555918625
874290084
317501077
53319997
321599716
332876384
712750574
549853295
227850315
420697418
553534266
201388963
206924481
113718903
694682116
149161411
502258677
744025531
825229176
259069559
763044062
28244793
394006319
261684765
742387686
906708007
101919480
521093921
138357338
739394892
450938737
832422467
914983551
655086377
484879594
513701118
880998559
891643956
368555841
43240102
364609099
814010937
455860705
419456453
204050649
772316811
570791790
760367753
95602289
248126662
763416212
307494600
841178730
318363055
347057226
35470634
321657453
358320822
161546103
459269088
308921870
152139178
146314146
813768211
514836969
661939873
290836782
931605277
47030936
439998036
150352595
795306432
564778550
11526933
598494733
795884362
669681857
862830801
643012505
657807709
164581202
450130944
612727775
701079797
139754601
29943418
883897485
153574250
768538369
143414206
522813689
231577381
14983618
574403806
903030914
844178218
173951490
415408498
632308941
295361509
456089820
395315864
702535832
252836715
759895185
596020445
774712426
236196918
794421526
704232072
828015041
175295439
541699126
803842829
728741103
273337834
872165604
545962763
63221140
752856126
202217974
536781656
5821499
504193161
776675368
229138868
542478238
614308641
262111989
676614172
881319462
407657343
788590587
843011388
485862437
284484839
531281436
693223625
399375954
296014421
377980550
571730952
600343309
743887598
928979868
182276258
354633652
645098564
201770274
773265063
41493796
518441990
749188638
309874427
226218891
295967745
115793829
706676463
787822498
139903781
198801110
390231142
4030445
318410186
918571038
736954763
761230579
653666703
852912782
545249590
206049502
321777241
25989428
456470614
534386325
202441623
487398455
612180096
163435746
372044342
359296638
784881701
109735569
302582750
888270097
746746037
641091369
462235210
766172754
259072200
39359965
814501264
157099469
864342744
890294540
144278040
150319308
335567971
450280817
723199449
42119574
69456983
2283824
759101240
54094646
224595475
215308101
820659705
844420014
34654428
462767753
551718370
729267933
474477416
816360692
324784070
849974181
427198759
147524339
279109773
187605339
635210699
172610559
528655339
721575926
275933750
169556838
598362071
243468491
169865925
190252043
865143667
327997252
909238795
424402451
91195704
47167603
35041980
716052327
565950322
609135560
729414929
195034514
840543606
739882029
385362036
300310675
573579457
887360386
217216730
218421577
564955590
802352385
635797781
174163466
144785082
85152064
501949734
282351761
908375267
80763650
15917593
130679890
181482867
185662301
253333684
64723960
67717960
919956194
921952995
531494165
435316819
623678304
801987995
439164596
576566434
750785377
655600873
352456877
178566108
280241472
647031178
142292758
397009569
457164694
203520067
900123009
538975430
892314485
801005518
524290888
705910225
675821616
429968737
136717244
592903424
881112545
885578051
529273374
579539835
474549410
717498403
739201886
429022804
636383248
853432064
547090011
97726227
784318871
843254793
155893465
873045914
799950797
339672925
545560614
824466352
237043840
550733974
803561155
746097953
111340629
160942673
291239820
503817930
791180832
311433752
272822401
734158840
340782746
818959325
711936792
602568043
55869220
244724491
260417097
578272659
643910610
418752660
314100871
514379782
451412605
137913730
928977559
230662824
487090722
766601721
344628111
845080002
927230465
602546792
412303350
792499271
81387115
606006323
583794295
63389075
303110261
376732615
427930987
890862244
894913037
298244088
521875994
197819387
784531945
666184369
685779876
304022843
750422256
530170076
882961509
8668490
366236098
730030513
104314363
709238219
417676475
286716941
813986178
323115436
160262977
603331847
932568819
99680572
873571587
566547478
232896364
206164891
134998904
409586173
900782072
739893689
563791360
799959497
287467427
650324178
373751777
890833809
101530743
624072947
325454146
261760706
799854413
166127856
558165163
371947364
353257475
884036800
520804234
335204043
2034778
63394066
554932016
492139093
845756052
140442628
375494048
214324986
284786401
716884416
614864095
877617745
879526728
595402669
700461690
718402680
674120443
258647803
111124159
4934362
781616930
39632560
99182173
196284991
152756185
524313483
613726943
621042440
26852575
408292323
512290118
283490913
594041176
842117161
887218924
678152392
38981762
16690470
746640212
391883688
903626979
348906183
221442612
404282427
481953480
757367931
331375394
670908204
841965719
880175299
450867340
705629878
864886390
766069555
71773545
506722810
803441738
100105654
739600356
74905857
830508089
333755541
860566572
747858465
675874323
68674684
150511621
386384736
442704477
219954765
575284035
143560944
754299217
765551033
10224718
528719622
773853662
580446991
335093593
452265390
508226679
104243283
808418990
27048311
558700223
114958294
660286732
379137511
264291353
221710993
324760594
85977436
681708212
687828325
64959962
786249035
284709297
895391755
112154481
675304701
926033843
825763828
294216762
125667048
827767881
318368860
422426700
306522700
208611229
356320498
924029077
884978959
203033435
923867365
139759712
4290473
133227263
439421211
656846334
58327368
877494013
218843003
675951480
682202894
432392383
257946270
428667664
892161314
734984707
102271692
252010016
257488333
899326844
135394662
928220496
171326337
78929697
525046028
225873550
569952927
823734165
336856185
43641139
724527740
710448943
88084044
672408209
698055531
390770007
131568006
502102545
681098718
152396493
252510210
368407107
702017873
137270414
879446176
294803818
751451191
586475160
370137147
507832912
356318473
639884583
156409236
431872183
330431517
644598126
823032993
23875443
245179875
96827329
794899481
475249682
416930860
183833778
581744214
12923696
236498950
2606866
863625940
810494556
568644119
266157429
367142891
609466832
835080029
397409054
610029997
872995190
633698290
236308197
244332315
93859105
364345285
257565221
819830116
686102578
344246834
149837064
357675156
49454155
172274027
660738826
538421745
279985907
920934275
700957442
186729474
254130554
527467667
602272566
515307003
730863100
63496434
180971287
195833466
755990761
609246232
22038311
51238137
478693394
453961089
514857178
329481812
112959699
648218355
6653459
689022424
416673884
78888665
420072420
213238305
143708740
837083147
261476784
753514368
574055385
194223408
487087298
750812942
818490590
739873364
670380932
747217896
443159361
91365866
445668211
715997884
799798460
581103057
392536073
577169358
860610363
631317521
537865402
754063892
399237300
618260235
776689005
926539405
770334820
773893437
275182956
507964006
69652550
726362704
671820573
508057684
848252358
14743985
403255261
441469884
255925256
500845168
36870762
533817859
162354750
363661023
599262043
204306650
625293281
120010244
30406513
621912074
119607375
529911411
705132465
533253848
348953665
318054878
602560953
792744316
213802404
792817742
423830207
853312006
482703410
8607925
55000987
395475958
318135458
444728674
660035194
884933484
774256406
294973710
635305826
134652339
162788970
6222464
615571866
604402246
828881438
370575535
333701641
111736864
447646086
215996960
244486171
873866972
911089499
668045789
328001324
355313425
613937577
516400067
574045813
484743048
901903714
415791364
246595913
892824879
668056861
746018545
437674935
881875552
516980919
814283912
177534608
777052844
169368394
685304523
77052670
596902219
487555999
640859058
692987996
470459486
529606183
67450108
258323214
310862015
343558015
200345853
238988455
771662082
216739687
269337095
385891406
778287593
906346654
123155280
733143893
623347893
390090271
111769149
467938004
525363279
579996929
661288369
590071341
498620494
898033605
530311619
632473399
884334863
170059244
812523107
466076132
579982348
629642515
917375896
471894942
249557410
769273309
484047769
470719205
872606996
9821021
90470961
860867369
289961114
699360488
37160869
627824294
197390950
668653142
463906100
160410358
479174697
573944223
517366382
627621773
449916318
760920801
852585121
207502605
20305553
153500065
420955804
539506312
250668347
155754323
926429900
475038209
429345069
234703397
49786338
56227954
340272262
283599164
255475760
279781531
10284542
904924746
687281703
905909245
639125583
178037359
451520662
424119495
394929346
143506634
218312093
404605146
419131023
578399999
288336818
479456022
609267952
657180514
873964661
494132305
493977722
327400469
820397783
731583656
72696368
752604615
582740188
154267855
225024096
425806256
596393629
664685628
447382672
868139871
743856176
885702587
596175867
913112551
163882942
870085738
243361600
547706129
573126781
157828025
860804136
400593171
299739158
36496801
158663824
240177899
654963797
442862409
301475948
184870341
283356406
405656606
616761418
350847879
664246463
411863859
46460062
791238199
754431048
139534471
384218945
383245121
692532153
126899827
505607796
142271358
668239174
774334956
53253250
769973346
460216302
134044785
229775959
764946874
748630292
553494803
421347020
925867996
501923384
765160450
261458993
56292022
504356728
64002276
803498199
241234978
97394935
452130137
481141606
689207171
494682927
204131828
20292238
375437748
412453102
562653253
631339447
920965544
671464088
185215966
550758580
530420686
673275210
512111286
200943312
238117912
337862188
160567172
845536062
778543411
478281074
176069408
687971684
211221537
30431199
576470823
117746527
296910046
354988307
541622570
296087258
238624740
886168220
299205381
386501593
31673991
337395678
767084593
642183126
716389521
200820930
346386158
405964050
841380420
130859413
661388240
491562601
145280343
153402190
846802586
780120912
823467100
744998566
654245281
661890689
480003607
815256405
425621344
622507914
69789377
155917852
508848752
348508434
889895496
252100074
259598573
546901124
72111245
668384915
540984886
693772863
769902166
250399041
539827007
553842632
820867933
11808131
885516695
810699850
58843519
301290669
257643297
73579950
599934339
29386650
832650154
495289596
227646924
369090337
249395628
569464181
438773009
40262892
172704102
870875851
515579957
652598984
637488299
872752925
432203144
782328074
297241922
300733161
692943177
609779649
492168436
728156866
572025764
282459718
79427730
309382420
172658576
364180040
880205967
930774066
639637241
582137602
218347896
852121944
799794007
92085324
381515461
727018424
885677782
533945159
772951014
449878405
668171923
702893836
847593038
143355304
45566888
154394630
633947030
432348538
910266838
733866343
929468708
579505730
248582063
885201525
839134351
399959970
100280054
131856817
731868727
94711627
919893483
440386963
744741958
427614537
267298076
426953007
434035352
694687134
572302899
382526470
685259009
676948522
50718545
346431540
728047294
461168515
93092069
133290314
923023700
454730416
388087322
497606275
285851794
176576940
103199621
727342424
125948004
246085207
760569969
609026385
387787325
363796471
643316587
67568571
225922955
568310563
564535964
266000450
44137375
820823565
4151531
785538697
757296495
798871650
882218415
380144720
224962919
677733405
577483225
270724024
410172363
12398961
372382497
408699514
801190670
652961955
805475465
689427189
252112595
118787565
581776734
82806776
629693551
645432696
488815892
274782491
787925599
200031806
794445250
142196229
606753840
157082733
590388207
299894580
876571979
504069038
865544450
558106260
549332132
728977669
321132743
924584501
169566030
470490365
100454957
81548833
878941590
654993214
567521149
530141296
678248171
576193017
830118125
714711874
323605750
408344502
570280125
308765584
490168744
206054426
423093664
197323989
113529273
704696657
125102211
573433239
172428181
501867668
273582693
196748090
93849709
882236727
117967261
806651069
32909225
527126179
236596654
653302
399822917
819044297
785996691
308391962
66985647
675837496
158348201
263216496
88840033
742622748
857691809
501849600
139414482
833659443
205722359
402458852
549240339
251650222
499436553
539081264
405004530
417105010
489381102
364413217
327047864
606529806
644458412
740644175
719853530
347859071
865882278
915885494
670512114
438690061
912325278
700451108
735637536
517131248
867894684
353816873
457956685
328500535
171624452
924626684
843259602
3885583
356519586
500867050
747347286
451992119
575746035
372089365
494711793
286872991
298311908
741302502
421262044
356508429
61649062
372833674
535234912
473271017
862477151
290648850
583989615
270089836
928057709
418530929
879454792
727355352
615805497
775462152
202545344
20001429
429523792
209125886
702645462
79454617
84251832
608754939
852476082
868273682
290057634
501627752
147888688
697846336
729226202
315683055
862216191
72862379
840812655
568817128
665064736
192264335
253166842
487746828
72971294
267527320
780117689
892756916
845007938
65891782
280467527
229452220
144017392
544004760
176936046
138660651
35301893
637245544
645182432
574189444
703390857
858360929
673568330
38409560
701159727
444478641
571646740
683308994
407257229
917221452
23528338
193898123
849035375
133040317
28162117
846984212
674965110
440397032
303411758
379548292
514785924
5575864
358348319
916369150
736659687
640806427
172047112
853482975
897267886
179090826
631161017
669729035
610408732
209756993
883534794
714284666
500932205
289489875
803575526
177395962
94868474
301491874
138836399
769512055
519878617
404734379
150084002
465778329
383192110
132299125
94887421
249644376
87349218
423940009
30526069
760508108
266904979
661419876
763501300
129459942
17626100
419289915
813670661
486432208
268512787
867340287
389607323
519286267
196583270
260798658
809489607
738584482
488477258
34864315
647096726
708164082
621266550
541071470
559380046
598027902
383854811
422981742
750232918
135594877
463225996
775397653
819549743
356957701
68974501
107689754
506535183
256104059
527266265
667560830
213327097
386207674
917517431
811347324
483989649
31408001
875263484
236319096
250736648
717883826
692625611
549598017
801083048
672230990
803322927
622826021
445353452
605999414
385429372
8929602
907021000
512182852
130632714
459650354
730198806
127740642
122900339
200793970
603581466
115991921
693313615
330644082
898579824
72873145
401858183
194482406
125092808
474629771
863423630
447063290
691310334
627172975
920831492
480204923
879850451
95879860
439022797
308608863
633581329
287865946
470530793
643765468
589424931
823865453
38214004
115053477
646069343
672528672
59027942
666439928
519980340
368328796
197104466
325672255
634829037
369411210
146692261
180584371
421948745
671585343
56781536
87039804
643697492
274524974
420222347
395707339
755281428
248983374
656526137
29520086
621698729
602320574
705634008
517945050
397069061
493748249
511576682
638247883
400324827
91069371
689423312
458732550
719040067
228663560
276611424
689771344
624804502
594706813
545512214
539305613
926003420
907033023
592149060
10759867
852962400
437629026
280479415
203266747
721091603
3895136
900340877
16221879
755857947
52734781
871023823
908718275
776579871
932577727
428500268
197439333
678024805
465963438
895653561
829543984
556504250
12574005
715248646
65938971
18440862
54636161
668316396
618887343
826043309
327621129
63425245
352227268
468925281
839148720
253866506
6481246
931333290
14297466
51635710
722502875
533713520
317122472
711331531
281650424
455567321
897583039
138611154
359040640
753145724
440097542
516870668
172026711
402853585
424867065
352188532
519440082
711419786
296472639
582842047
452860771
844821754
804823508
761826790
191611334
233164906
37590575
95139179
21349068
727622416
309125714
254459006
432443255
584218157
472286486
648692869
712432492
97311394
525377420
172960071
270814512
545776052
294507623
139560266
918490987
255564116
911656240
639333259
168040396
534744741
696917470
560681512
441135119
799066669
752381466
673312153
336346612
480130115
556702341
333633132
151702696
678422008
814156411
729495657
452395077
759143216
675672318
912555444
199880112
127127432
742758479
500259100
506347601
290009457
415696664
274354396
460657339
364024363
191329804
660804856
237166628
213979239
785366749
92885345
582638779
650851592
566882756
776519043
738267915
345366642
149270186
451362006
220032235
452833880
420449718
296078165
262622991
666897414
858360177
141807623
621402773
481266947
820635762
726714479
519808531
105146002
675063888
103039750
469112287
786421081
603040869
20013609
167725351
710398256
54874636
887704069
29986748
282720327
544195008
810943870
892376635
209730977
147644099
624548071
634985827
925072659
888567556
914434826
776727894
790066258
918536547
703038348
759471563
171042059
853172391
777736446
586515601
503729466
658604180
44886036
397616460
126660820
603508660
739058747
379284222
600593845
373208337
11617529
566161243
98856683
778210029
445105638
1041213
811584052
40183213
372882844
332166843
748550299
21201229
678112872
385357062
362763900
522576100
181664893
551381209
901867195
609953383
472777328
257245041
774611208
580516434
557772104
267820667
793420835
692875533
373306603
186341693
846302380
97565539
337826991
674091409
56812737
730408785
788670196
232870575
180154951
168488943
202798024
684098571
726037454
761923853
517254209
791166590
193538113
114920001
583561138
363458080
704772727
745253569
800948612
38912428
722573848
836980041
350147597
672945712
810868295
925425258
335771759
120587491
552367650
880365458
282238514
231072917
421917195
892071161
830719120
880385409
208221842
380720820
923045954
500362337
903609205
261852664
686810965
724966433
617472280
85440520
294562108
287660478
424176766
93754772
628554697
774124325
128506247
403247128
670032939
600270681
670267685
877986003
409184826
228003446
12421143
817826493
17731555
803186700
238044307
173990516
768318665
350816588
844110981
606501377
623708948
335669841
78131590
628399209
795214017
280654488
780856526
23887838
411733550
49694115
362060615
477841804
664729723
565299
661498138
81551609
250884448
822910811
349479894
200728621
480672955
164168767
57702082
459021744
331476944
643168808
177774170
135014695
644294396
107097102
306333504
272315434
830550918
764053917
664576641
845726841
75019049
60716010
728387106
225287286
749569754
58005278
676009350
3942506
198302589
919671310
170293725
574321118
470034041
128948537
518186595
715090877
500736589
132438769
564624365
473936035
623467109
716460764
531534935
645844867
523841700
368778404
625774598
401899039
122800117
255981189
760245163
716199442
861023521
583125710
866374067
68436399
494492802
865011530
855077894
136500612
35191119
861007188
393833263
289647319
209640930
139716351
758964421
190912808
300943081
700367316
660151919
512954895
711786673
552592198
600034198
810559430
716438187
484805886
107736663
520232412
696611105
149361271
206333894
631786270
503188550
753615361
625747722
699306134
363943608
600239033
897503937
526938336
661318341
258570850
36521821
857765242
140939289
586173009
315444789
167524062
757513796
560175551
544890172
745103625
83162842
481141340
540246228
641193780
578840331
619545271
104282029
916053161
601347563
820040939
852173092
400025769
186011882
529852821
215302700
552999366
304366652
826910759
227822089
805309714
569685012
891483589
34093709
370067749
466153966
6257823
33743830
63406191
598495197
162312616
168472480
549611021
593931812
105864413
694758322
27938210
552421522
633325508
699914201
918209638
789289648
302518337
870850802
649903910
543047962
477599465
477627601
204720919
594920950
378207652
611214524
373468895
286384832
833868249
774448283
469062452
213804349
302770540
560602425
317729481
794100884
502960424
683486271
162047245
135763444
770792249
333312450
115106946
622684528
770947173
303571326
571507920
911555924
365643210
103869824
281230282
724889691
279047430
603688868
302998013
703327450
799387250
703123892
636863834
150457476
454094365
25814244
657765341
265200961
251571122
468426472
470631632
379773040
74818065
198180937
862482216
377082373
582284643
369518137
585075854
497017015
213544922
182028798
546633757
648987518
549237943
854658349
666934136
451881476
72656105
90368626
820485627
421358430
805133398
387262908
863943160
1423084
212691207
614634627
58589685
194941509
881981528
398119161
166116739
557419108
408966746
867889907
613424007
552705948
765639854
459319061
600366387
72318491
887123356
69522224
266009864
144969303
244353433
68766175
598930845
888094998
324928158
457389898
664687745
403464125
510821882
116065424
685825761
575382718
685000676
775625662
63486799
613711308
162518938
482555815
134716078
736696072
8580695
160719583
474934034
449465303
68356648
19403939
530410935
665536858
754244674
216575828
716142170
798478868
725324909
49358269
735090478
713790697
386739066
887400273
495227000
895656135
296707398
286541639
388455473
374372446
109869359
287277259
319549420
807449422
726390342
614832362
854851472
416580548
476235072
494940504
837951825
705910738
792623168
286953740
198812104
324673979
206069058
733164703
57781568
698266935
596286938
549121500
854917028
799753373
692985412
339357845
292210611
648767103
739939920
863305895
676795908
153111045
645562644
420194765
11938315
141623515
581514944
386134165
3644498
39132289
210062684
87801748
144529755
913590150
714932444
549670360
399712021
365177012
216815546
14135732
382716459
661771303
237256514
78391522
791054316
848040763
902877054
808768953
579810417
882402099
672910458
504818429
238458737
488768301
894994445
562402097
67582686
674373806
555726520
775159989
843854597
294811097
74977360
64300990
608056703
381332327
426592273
781157956
275369476
453733462
362478613
604802660
137904537
140649712
475666042
132629530
766937045
786100417
768639360
459544500
24428887
807636395
77750821
220565328
12759629
193448232
581923783
689751671
569984267
326433726
430145085
567855874
154628519
508524401
897611655
77903951
456623252
570040351
550147729
378645081
428607523
908771105
45139930
264883095
768088426
903720013
218707947
344575197
562223761
36429084
394046826
467082306
522861600
776462909
82372304
87548231
798829625
133048439
153489520
663213442
707035465
145899636
616886147
702008232
229313669
520445979
108296278
795631972
739116031
66912030
608302654
726688437
792459169
830215574
795274483
774567723
750568666
474193680
661552688
42097288
896816488
430024067
582750329
525599116
331052919
601435170
720921484
580297105
435728312
201175243
225887885
338050976
732655754
404583925
325899551
823527903
201183660
238206088
662819712
142888118
709068807
460839606
193459257
919519851
328325135
201387358
320353976
518426403
625051639
472933782
809696333
132072368
31756456
493664
425024567
659812816
912649880
471429990
243518579
867180970
686433773
840677566
657945897
862182471
367217527
593771362
700136824
284459814
192972373
773547201
357749921
695952234
511532112
636180125
129861797
72072393
177436405
185347486
570524269
302692359
331532221
191045650
262227154
34895794
218320322
542176486
623936795
144689170
808294778
109323813
322044819
200188537
135333968
150738396
540664797
581968024
363874909
22346711
738084589
904944231
507518731
32176908
88142455
209372138
836246022
193912431
378762074
147550354
850239201
839475548
495769019
610361944
25567343
544151629
664551760
645939693
139604934
881120553
554952191
607663260
437970136
789444225
240402122
193179346
308801487
326412292
849158235
904109122
151157011
809679805
449457120
314444007
244497332
91141463
159402822
124791157
691408823
238707640
299878986
282500459
410372625
485629881
879234495
12998241
921664877
685134302
175015533
311748126
404139267
606408497
630779950
495332006
587353533
357403325
728284481
723084816
909877147
831210232
561778809
727942364
704095014
328663988
122164547
889048966
684672036
193915370
416032091
175717482
784925008
262334413
683590989
226547150
640564200
872163730
696069724
714371765
916212932
874517440
898669265
907797035
128895357
330297496
480880619
658889419
280961736
349405803
769567390
547433471
483286603
661998341
789559911
556969385
114679033
480692836
137106720
228991049
220779399
440805174
886326452
866358790
426876307
84534364
164150934
303083141
329007686
362426048
351526128
531135263
628567640
432727578
635917073
287653076
193620818
1597823
826471219
506411081
97583883
769922203
235067644
653042228
762278436
669462448
878025769
164558404
715685514
818223133
919326514
646725697
740787972
267971332
112874222
271756975
528145860
842047063
685215374
890688070
571929886
422235791
565506180
810147052
638161809
545925360
823114572
486975285
418680815
732420355
667121398
206958192
448374992
653215768
692025303
454588700
380603575
320680809
455638083
408043166
476551634
241931730
101276500
502803758
492499611
322033407
485266978
728073555
68998061
904321690
284073599
600941473
217626413
621592943
782774482
220778140
118283617
696746836
626064625
286615357
760785870
543590671
64933418
135037049
362827843
201182642
119533055
594050203
753820279
439219162
432389133
470923721
433107087
315998660
478568846
464188520
555631868
602859071
785664097
36124547
865722057
880927785
904256261
434859893
454281237
91125273
265567722
905948871
852700588
745530887
774277155
151123157
692680474
333670405
682283596
315895406
550910549
576163744
27459245
574140947
821152172
534820500
219935451
32788751
96793988
383499693
102556746
218754813
820469525
74163023
607794584
92375483
821655406
577258713
500469050
877729072
523104990
720144278
473125696
714164746
760766045
430612233
612898126
877903625
642685645
486364024
824644483
663439897
237315927
668145043
879816643
883689097
825635142
139137054
848568074
299182608
787160387
337837979
731432637
65922373
557450010
177339656
783933698
905566405
671997507
13171237
305012795
900449185
205759244
477159414
433778538
402949316
508237159
727749274
135523845
135311413
742833976
808538792
260270576
302618080
395216628
422858380
165635272
205872395
304579956
167808853
259787558
184130818
884644601
803672331
290142214
333502178
897953081
682602009
348470885
574625778
546661395
752817560
246021036
346933751
629281511
481439590
283028084
212766803
56428629
369032327
76700678
640014710
549477425
512270409
196684483
862226964
93804506
174218402
639293354
666524947
829743842
675282484
595016170
466756088
347504547
904997036
810108944
429568810
516627298
166300797
884204522
352163678
821587868
409158453
74797928
261008782
911381060
505200061
622104848
151512601
573151759
255427710
757104056
531794426
408679852
418286885
151259469
279913515
8667598
556785853
175619176
586654464
645193075
1558385
77273018
478753300
185887857
417887020
870596618
798003304
803168182
215103039
593072804
805154736
36486689
146305060
252307724
619014876
611095258
832843048
92403597
102461492
615114567
489990649
400397883
97383722
435703806
709072735
412514294
758448680
176145525
295015874
62076062
771474018
706985186
921814201
227703805
848217143
324565146
60211331
817448406
464678067
659754451
242220649
720704753
247358945
591827969
681191234
726582771
122672925
229342944
841486471
93159364
589284052
82524022
309975397
6829471
526654384
143761756
114514445
880113103
470582342
175537949
581158768
172773715
258395768
820040543
576420440
422343544
696598281
789554260
646847298
128743541
107853651
746537852
149123732
579889896
919371149
394910495
758436314
358498716
694673847
147446298
788202366
770638817
782937245
658377855
534207345
554366173
887256902
889248150
414287720
384064344
39639481
23485092
256385285
611842268
718476172
462606552
295275366
468301383
371266888
656243957
775666867
880021937
577265735
174559553
522492682
868449811
61684541
534220305
843714402
746178547
568282311
52906416
727463390
825104206
187236412
817887153
402191072
619615106
932303414
366841267
836693819
280723708
200310423
645993942
65576533
281179421
580162476
284727875
282152335
869712317
759291972
496037200
298637037
492091385
847736665
865346161
664270756
880969157
175996938
394496421
204893740
916859087
649976694
884701519
231301341
353236828
441191749
520005857
625755855
91152175
437453572
646771567
105522646
835853588
543561
618543470
508678049
13521035
245474303
860197357
892845327
599932645
65145839
848721672
400151238
621761872
617600505
670575290
704021172
206670571
722899165
324092183
289994495
588368071
215251095
537464234
459294113
852766342
308913251
328465864
384000770
197904914
626095732
770239275
109050344
850590486
410093708
390413934
370719601
594378268
477645007
364182331
64675139
600190547
771393790
226601772
391389124
398483807
926141448
32761970
384583110
283488220
232030134
762149510
116969833
647583441
619804992
536612664
95035064
783080538
366454658
430542012
808440544
562958172
211017555
578054494
455940488
595009378
286231166
579807121
29340723
841681439
847419054
829354998
430762959
913592471
651042672
174681098
763344764
625524202
745647594
799783846
476181822
115233527
119892295
739728345
707016764
309820240
853716280
897565798
814276761
388626026
200049790
202355722
187228715
890205287
834143944
752040058
60843507
739981556
175991330
907908712
872432003
850513708
5003847
298900050
714731598
538699457
116559942
553818037
736604248
592490416
50985226
235635879
541507276
215847648
739862083
573833895
29363339
330542495
828825569
900293485
142720704
436105950
514415960
158552127
773594042
829273529
236862392
722247754
653682866
886254239
159333791
133580128
713301376
721777585
258885949
927002167
862883453
925790373
128551193
739423767
912060430
200991650
183369993
160871958
276812
370379458
129826169
257439814
757694499
429881057
106879850
632661988
676537381
584090094
818417206
877416631
456738419
23119384
27994378
45579878
673854625
764759314
776228594
579319065
404089345
889070397
325447284
504686503
126643715
454291186
640659103
743231342
798397133
277711590
422827712
642806940
219022618
558713250
449278874
196497929
676694315
772638606
194591137
874397030
488226359
124798121
408218687
126422875
349430808
80646238
513543335
349278814
594312575
99989589
916925140
716242714
808734057
612648409
745514609
312770532
700684344
435402425
668954161
513129324
794988226
889119822
492376917
730162252
578576971
29842911
912065037
659046456
673659396
708912327
801575534
88126510
132517808
490796775
566324025
234934792
782959176
116326875
345104949
223381813
627208523
69732837
684968688
482893006
428274428
213479746
7163299
393195522
889873036
48608775
30857629
851408632
220086102
556182068
302615964
661223132
363078308
335085649
116946925
234256753
109297305
215029207
719424851
334079690
421465141
808821284
741734011
34814407
271657429
869385528
431967906
478827837
438843145
790309740
891015701
845165668
374952731
260397900
310165394
528058041
546080680
821214057
654670337
424096906
194420399
775443268
890245062
160467264
235464194
608995867
791599938
619291697
489310298
818484944
795899254
253339152
730672878
60125886
192441444
850933916
209276850
466071215
623220836
83366823
388435931
818122319
369492543
233887294
348049225
794692535
312217141
803228221
301141703
276398313
442188416
732870624
698398449
616518607
648768664
533329438
69185133
132909677
762695681
827232600
759033885
232571214
865255319
678363864
156987735
752810736
128062861
218251455
651030424
863877679
217566761
782983020
242854177
570321623
565033338
334509557
220525873
729894546
578922854
20328849
685569108
851836036
397610615
869128880
581881926
692186460
112207455
709121731
352415083
478794839
856685811
188922769
220978041
785543015
110057416
606706915
875997079
393866653
401594448
165874240
743031215
39129902
884578037
888560464
736220130
910680298
52429546
519137375
559380279
486577997
480910991
448601119
119454613
555804808
534781634
2242873
606693357
501532915
559094609
312706726
443297490
700603862
41886669
593317092
897032409
541666093
285358497
98827746
432664175
869126489
66442983
154742499
851536640
421087299
486938321
723959025
891592953
852528222
60994689
718905116
895504092
28997110
317313102
155514201
309605353
162431693
682342195
140442319
57585012
442671167
171206810
440833330
752450365
773160105
400953724
58491686
195716935
202018426
255312611
440276605
547508561
13731523
546281518
832567443
481936083
792038773
14993635
133818827
119013340
73558596
94292132
108225533
538445826
208889395
339715149
639796578
146481731
269387824
809345661
920378372
506003106
586846459
3140898
732567953
416960382
668790939
539257538
613666662
150120962
427713870
78972214
81410251
219932413
649124510
69051432
347879759
922257221
39618896
69763788
225227883
755210095
235586896
914106208
783666479
84148846
113169870
313582672
88497107
851476261
54570631
688838052
504776044
765274579
286713382
531696799
547375952
500366249
663261924
75745736
379108801
494241176
143284683
724073001
56684669
571510920
807108230
483927767
472078736
57477672
811788166
922431196
770136303
507534859
109872916
339796292
236561246
96951732
533025955
365285171
733392921
468784689
347223147
891557444
732738495
531306075
383264410
517855580
822512599
553862930
422997728
286862314
705375172
621031698
738488725
504824870
850058427
900644829
789622552
586908058
814385690
375076895
686464029
550492220
205311398
926395449
626757381
777597281
55413218
600565884
241407075
746912958
59178734
43172454
431429092
86171379
841038238
877336114
305106480
911500285
97228974
825127166
465359253
361494497
286209253
493246694
165829775
457942121
843272
864771481
54253041
89303789
405659118
466006142
223529691
579448931
103441717
709542772
302734362
104978801
729049155
821821167
623641723
164672666
402820797
82681752
190017497
724597493
475394714
655172670
220613574
6570965
54100080
816903319
711809030
242141493
722502441
63100013
156725576
784234275
805967471
419270992
200440250
425774283
747298202
830178002
267487314
436542143
455814645
519779497
804746550
748171880
813639296
178643505
882668792
373877552
107421527
26075782
784648898
677039272
799658906
814586599
255034861
883238946
920777871
890449117
54341138
158416040
547391381
643153404
553666361
612004484
708978937
711127436
613788528
227859412
237476755
550960855
7909780
123094643
59430147
845138495
229227655
832578953
809237948
267954946
688811377
331349950
730981843
741357126
501215258
163256248
95871770
69883410
335777242
203592375
704230373
248279598
27743209
229875862
304145970
201449851
684241507
929065634
735802477
75877418
170461717
225882757
174775352
143621302
10327043
647410095
200445389
925805552
651973313
278345094
339267339
554172269
139569200
733098160
115481917
660989021
478286612
891857351
797879123
928698150
311628055
567807123
789886837
48275616
458964721
206478047
52269664
806606853
767480934
11764467
94516096
678040835
195265451
616332138
298940657
846572519
841423037
61974836
265496097
365238910
606604549
364426162
643273644
180908517
932599607
87237374
601103436
232294664
689853726
744058779
86198869
509747837
404176739
479089127
444457214
437657863
84127187
170888502
118109192
825044467
760600672
487987798
334295131
230335479
426062985
132912129
896282607
923333946
107037808
759124049
708995666
623206032
351919538
200438486
454194964
591701720
598812487
669789483
349710123
249030475
66791429
616173739
792619693
293770101
768355791
326129745
166216205
600444922
823424993
660969587
870249483
356618874
300525950
463015727
543303035
760269941
639643969
525538197
340366416
28601437
57481766
8529854
384995114
311304884
460285588
142202387
444773074
295828380
663078118
365456530
905874414
253842578
523300741
880302695
573208445
111684047
801321138
248084078
764546147
746852860
565563504
910489584
841525500
236467555
500879053
89910612
738145979
723743639
545184707
69397892
318875047
481338953
250064317
34917006
705913931
230181336
64505046
315860247
32733777
813879407
19574878
711522335
754665389
819059959
367651778
596761908
400472798
282688583
720471958
870312377
899268462
596861382
145884436
48669044
843132099
916380010
161480937
466030442
619279203
105471960
849639205
804704640
898226440
640788606
413413751
460921860
906958069
737883194
460310880
541315625
628439508
210563675
620862289
816368264
194171129
868240403
743484054
533175819
522587472
483244430
769857716
610825890
38009478
56999751
769636138
931323884
431565726
79456754
138297981
895649565
778833126
20084640
852215971
919363646
556589339
140247260
8940848
750976186
468541371
19071496
220478791
761508167
424389207
132362583
17755928
837483852
761979343
593676533
83458294
839200376
220998684
408561063
65946478
593056057
195203825
21558212
651456067
347752295
418213927
272796161
671014002
31035765
782085718
790093307
702745037
913163730
787528966
775738586
735856727
316615658
496471258
930283185
836147907
681528405
705708247
624040932
752888591
507775537
688528566
526212940
371782621
469072054
780177334
158890010
120941552
282947668
897135727
58159697
807295218
405242409
77235597
417289375
528755877
28057561
764506426
821254634
261365966
413551675
603093195
365631883
841186783
300899653
107267870
435598057
921712377
430300514
729927955
911687089
751244280
482743637
926507717
669934077
553363527
750373456
242106621
365583322
361716330
610480804
301809586
785264479
592916225
488519101
219442147
474260291
484221133
451183751
446057939
494793615
495192290
501795402
324426244
155717880
871429192
864764034
85891353
297555451
28446640
132182326
438411723
123771109
94187660
215994564
659409118
52506219
307346644
541766451
669453137
814276309
612647983
646727912
432708054
827984262
309913323
882061310
555208025
577205333
494926599
681529069
272674235
303795555
398933648
670976857
546204948
187095252
571014061
873558999
808194238
418179071
107034405
491586967
181574162
354638812
38440323
165485500
115453175
473023645
659502208
543630356
77346849
624449654
329864081
665487955
875938649
868593665
867735826
315406354
337159895
741050256
545894341
874001032
740511111
873466319
547127619
475152240
673548327
34570944
340919943
231621094
104529067
782818686
279505194
911354878
518125766
266633795
811503390
362933658
848786707
770481393
920347256
143425752
875806281
790671760
156474098
711953924
790175061
930418945
380800044
300986211
696855848
4501827
565123458
329932457
573448904
618055628
469950048
742043031
387943066
891519050
82452447
117657810
538418881
537661707
728916520
622969810
76688115
483342432
725669100
801684098
214135648
845846063
641649476
152887164
704915985
487244475
588285896
401933918
446094162
692197014
386540465
449288913
715848552
702430461
341748449
127816242
581744332
843265483
592029120
266882942
788831971
192283616
195453584
34333557
631087763
330277874
879190462
866442337
295358236
173855557
458488796
872609470
596211442
685628270
779169627
533124306
685378734
653602631
456140239
520482871
665681780
847144182
150879130
916699215
335458653
66178463
786676248
124704614
675171109
43437314
254367193
570229101
566888503
361994132
921715075
650152475
781297698
188181936
42129721
233455110
567441641
225049376
714901253
903502293
262356910
123380872
782287930
599460454
395037360
146000015
276167625
455013330
912532451
671423217
327324912
792166800
494793193
620440616
161684505
479652583
6911484
301845977
713838608
507716481
306219902
275660049
517720984
796574540
51163294
827864442
299161252
100109753
699132283
131680154
214781217
701603742
920877768
538113294
886209147
616294211
120416994
3344075
793748067
627028952
257735776
804507969
130627189
169616761
86680002
148069100
268710873
866374738
471294113
28897685
523358224
817012068
898003298
739435747
436512432
48581735
727398494
646361439
574111077
361868305
205221412
915271450
423162515
836780195
855325744
110376196
415697965
822265121
479355349
49870354
502660259
396139410
221030097
127526828
206073935
157379716
730942839
68241118
510372272
914148357
355489150
462647002
872736697
448265984
926583361
693659586
340961770
597401435
463119091
77215751
362038624
567422946
315769540
482980732
636971421
889904080
196268669
144980699
219835183
553984869
297534055
324020010
823871718
21643249
265153882
147853955
432732158
909536212
610864987
781004784
907216567
427646638
482301108
286610586
74017353
467926057
67425725
124304162
496718117
618277359
556773721
392843777
683870633
372859803
122117674
73582136
452934456
317940321
265274727
464312482
242433775
297731381
508022881
876903999
274525968
382604756
887817268
821322608
171636869
925860980
153553493
542404082
288420716
895851380
154242456
774702658
245560561
81191656
688402613
254087161
299019430
114688426
911949923
250151859
590097770
35440900
397970800
142322083
771969865
199183057
250728066
923900660
405627871
113265176
896396106
381631421
350772339
358177104
201480378
818252101
706116064
102596213
309244527
701343105
47782952
177006258
132327595
804193765
455518091
625328499
28950085
866633192
273064859
435876841
401466267
527369666
845401098
754022860
467537125
452497377
271719758
745037456
835844646
681790448
614097190
28258918
584008794
481378322
582526505
653018597
11651845
563347414
323407906
231143752
526512142
363297045
885037356
588564283
559649445
379223947
608740216
496242198
357953372
562785209
150816397
775092719
605589586
753268238
771727033
286854186
442302802
118398473
875482568
261183988
220759440
803544366
142137718
133951822
258583917
15601307
896290495
309134272
609333151
689886107
105482036
481283017
435835901
379573003
729150149
474997993
868792836
101892386
143751339
105057757
474660018
580785482
58174526
132357437
483071828
35332292
75454421
304871072
196443548
6787975
79978078
418645180
720479676
77072277
669685151
43149865
288730801
759047403
791028323
110866144
810958127
353294582
845038857
88185900
563654246
202850242
206633701
56591492
921925508
551316158
582507340
295258596
83903359
492220200
910322562
204280664
718644659
306815152
741890040
647164675
341083266
5713770
502785594
134105064
38061299
918656297
448075440
114736
23158389
849947486
590664024
788598817
931748090
11254336
758857226
79693564
151525631
851413468
842496200
410762465
750076480
176401349
398565651
225143081
743099458
524624871
370547644
226303494
863538536
447544710
652134685
772721311
93861078
515337618
790434634
99765284
130874815
632188622
679375269
341819402
502815580
911504309
346841394
489664780
357133176
175982832
413880120
391586551
434086778
300760988
214739490
156761854
325041
258594460
163515938
70763109
779068879
38925938
806300793
826867185
132878390
136055617
845671530
915844246
637622798
363052897
97176100
331038903
92112833
531444030
404212045
910081149
818446745
742264211
166178286
540435409
33911037
373865063
846714299
389119703
161021299
585345384
213428572
566799966
456350044
573101642
467332954
608061022
643370359
386199122
465909110
200110963
545544206
710104164
529590360
330192454
42977424
645652120
56094111
860930668
647764864
822031449
167851772
191402255
422260484
423728350
506650869
9962872
482116131
125685887
466843774
258408660
91511272
567798818
353252864
401152764
713310108
139291034
364316303
626966728
485119491
92402034
761668141
11752834
166456485
362973920
398535968
275396169
508177173
424394395
756820039
746374719
516983288
865999723
367356542
209714201
655802572
864267635
230211334
436613618
53291508
111411106
535989755
833921292
701913693
731750966
827260119
69520837
68336011
661464566
103566300
654633708
748289713
151869194
470500417
306057575
779542185
703859345
470716992
784461219
169083813
800516957
520878675
659065250
644528662
465144213
273391892
187776787
445517333
819061995
488288989
442439755
496044345
269190621
476267540
122966543
285989500
526730330
466074971
223679011
848126996
815799370
353434859
615807660
824172663
97277052
851738548
176936045
380216906
611685476
791070683
902471331
222194580
888870623
876856918
108686239
589847680
477790961
842511512
65878315
699239177
271879512
745316976
663711048
779337633
766152295
63582078
436891034
349834291
55143040
391859645
684718913
753750096
287213774
872581952
882471539
403736845
537910064
350126485
789898549
80796310
341620018
756039275
612744399
257987842
619668053
916283580
43880341
635101784
804945674
215924827
28731966
684628447
109351820
30539618
431503977
753996303
330447961
272377900
572970444
517287103
556574939
168397942
108639400
677208093
152169643
381253189
752237870
714107793
193088743
55251272
800101149
586235724
589829711
188267659
99347588
340214321
720289708
722079279
164228690
440186302
508270086
824933844
515708657
111070156
576197275
736659120
497669425
435254735
458934663
827166750
269463283
599255500
424751554
87503248
6420357
836096080
289514132
63892010
840812559
770797123
801291737
673278012
658248144
143903487
491699839
109971532
816277802
427808454
36866098
857017592
410989382
586852415
11888572
10878799
265848162
517844760
223628372
904837449
741551286
345547783
21139803
834015009
891255508
54216051
629326180
902747671
547407195
279950423
344412599
332841223
556435199
865007434
435598371
307311403
221688126
204593878
568527867
920656931
299978953
342517655
897621441
118316251
75547332
623170287
753111921
286941722
361443878
219130242
306580412
356374338
145555504
927665815
627351100
693730109
809567718
298223798
900649213
429157173
906823473
62835946
288450313
808833569
91437567
899090520
393146210
463821466
846756073
675624439
346808300
563764860
117516018
451778226
621276332
46551492
471482140
231078978
620044644
513582300
50141772
924629278
650466628
397572887
885302943
621801033
231225152
666275233
20230014
60582459
266248841
446012241
184481286
691630409
686935228
826659637
100754161
231326397
512477150
708641611
917022044
257518127
790062407
566945850
253828268
675135890
661695872
120891210
487793455
901730536
386296920
334650806
295869902
757459121
558842841
762363425
805992681
930177615
281757990
486627071
268122847
693298682
315873876
526665155
494081846
831192818
176255779
492256162
19542811
127471686
648661053
171713324
45662750
234642071
703145424
419494407
324027579
49023550
65859016
618167342
297473371
883488749
613608106
381472047
889163539
87279815
822730416
576776397
303945644
493337296
15694690
835390938
867263646
540460136
684673026
694130496
215837327
820524357
335743888
346196445
431692465
343017732
12892037
536425914
426450872
96144036
505288759
210584640
532776023
78739903
627338035
439197189
667857137
389211389
128146243
639060245
737756842
150893846
77804665
5344133
502483495
254785506
397456877
434917718
161146706
45910410
822455278
403699733
368804826
456548436
53060294
654628222
870343365
854265125
4296877
904366020
690696616
62342633
43677290
765763
65580223
873384198
190522420
275653947
344858812
680864949
790925602
854572341
448043760
422623238
830429489
47965261
61246754
240198298
754252492
749033734
788197614
863436842
385201105
215023447
651462257
32327380
628023673
75163176
143574409
578952608
230345454
758928871
1502983
271242461
620757841
455344196
634706797
217029369
693308153
512146193
102897496
451733839
18269865
71879466
493453572
183327709
199551424
199384556
470779625
567686941
333527733
278041186
872941250
472118766
418860960
611017558
285533880
889044652
628146002
589102929
358583202
845890928
490760730
365411607
793510323
576045480
863978700
260850365
89670552
901598797
593624326
214308191
465944944
536484263
451846207
869837398
94149613
517367107
40080602
798830618
137421232
378897337
155288213
17495759
606392698
896324673
66880812
647538114
102902610
63730606
429672353
40650211
794528314
801962577
15667273
905296711
549183372
542244029
649491625
835915451
717163106
25277428
758240491
211187793
371630497
312725844
535900447
293912609
557059642
342693118
198884131
32289948
872535676
758966658
110128167
192096749
828473113
695152738
64013710
661469602
372613937
385032718
129367781
553046995
876219974
443031579
924675184
705595110
836573208
695084736
401481159
293767150
161075744
502567611
13105359
756292644
614638693
562735340
226998377
115421584
702484653
462482251
565984099
607898028
685880149
772024951
764576020
449591136
462385651
801368060
658991368
557464416
613072535
153064622
703059653
136173193
398477594
728826707
143137005
486878521
8759980
907566566
896801939
746754091
889746323
345750595
805599393
756170044
581981033
130564168
320834697
509622999
703356040
857074810
785317344
488640973
620406401
149858424
334877664
245686745
931768368
17415180
647772987
437558346
165840201
22316321
375863346
530445213
313926183
8898300
534557791
357745485
650706190
865322875
370746392
144573755
11044907
889020423
561135039
333923376
777481803
773318518
458666499
482131377
476777505
40669027
862913997
772719202
507874872
142658473
829833265
484921554
196342250
557830272
374827506
209209308
868220382
823350935
215188512
159209446
750611435
862825953
550598204
118635089
200201350
93640474
531207079
23721214
443641941
661975485
822420196
469005627
576635332
602657813
648115517
889771527
463006558
382869425
729149744
251264653
440308637
417323888
911689410
361199442
784737824
675431692
747475876
524190564
197051183
921002280
34673300
641730722
114798507
904981680
257537732
252333794
653218
84170890
466574054
713687977
825627796
289952654
663437101
852442092
811646569
400810748
605633946
50873363
862151510
323639370
92498555
926912655
504454950
533166006
745786666
77906268
473153397
73408691
532114143
855273300
406699768
172321842
64683425
775694396
507580711
898572666
103387988
679663397
772779679
455464162
871358876
154802049
426718281
893745095
721342703
595053107
123441894
413421733
740914637
335616512
11654495
417182909
492423740
661023053
356866265
684410834
721056925
81330215
617702190
692958477
563783662
247702208
468157153
890759466
90524871
932130124
440512033
708508066
70112202
442262880
268918111
136400119
381494193
551284895
767966344
346819564
460603306
210263571
715997104
286879281
156393415
759365090
719196942
883090833
30049272
58315042
316555860
544011840
926664670
32171088
7291677
720668403
577408683
327463326
61913699
903902800
245455508
906769021
106858503
361404383
659841428
710821595
457078448
716034713
6639870
344549817
546647059
625288357
17961590
516518404
117219843
856556486
690941999
383946427
166331904
297337335
1620516
787952865
332067102
373527734
34400620
22833455
387958589
463571775
648907879
329212107
304042089
484708964
19832140
338116123
690912065
568746941
559003887
680685706
795006125
197332391
911644640
25601079
890846774
773913292
476838959
629337053
869544963
147274477
813250149
365418222
381204205
547712383
126585150
841447639
288247329
865887567
410444686
380091671
384870976
411688563
26086949
30999698
850126229
622680137
838686253
217701778
505485797
364660732
216283899
144844827
205742021
359741035
324505415
860200903
901536096
598592027
718281174
696404996
275092199
896046800
286051551
652450466
672770211
380212582
397564717
69331973
574175788
110242055
645364503
497833361
159885571
469304280
380839768
336602766
872704511
655133844
636867757
88147917
206760559
269051132
613706759
322561198
159595859
104998825
124466597
805460662
704815703
857616738
842025153
734438336
133748580
364313726
322051077
161113078
257900329
414784747
147746385
403250046
228541186
535995168
556292128
383382806
678925532
56941757
433108786
629452648
134998151
31599921
49278887
817164957
233710993
887136915
465975090
686737804
249829732
578273343
37380098
329401346
536447673
357158930
383409793
893836744
426065906
755723112
466266509
572335362
109383201
806807465
421785364
389563793
906423341
99947984
663602539
275658093
787664615
89698931
756768823
11152862
508194529
2569316
903990276
924837723
883005267
291492628
15490032
930577639
68310252
702014489
201407350
924810809
210890893
150772372
16152233
841883704
140670338
271630807
743502690
632074467
529558254
36096254
815769209
34364214
113450976
850617427
843941393
246702584
141556792
918036022
188008362
256594644
426914793
26651414
356818015
697019582
743927256
83433009
322033698
357841156
33045521
102330176
716776964
891798384
226192460
513269611
438255577
506652854
914161478
110110866
429800768
375806617
340022709
724212745
615740564
270944501
452660727
58256978
908304193
233993862
115272054
190398954
216538414
849972394
613913749
420732893
612283584
774089354
460983449
731794590
509284761
471542681
402721220
191341391
505640723
872328295
824495594
51642907
442475744
618588782
128633938
621907858
519582299
66639237
104551526
816233647
261078402
27066154
688438509
385522673
862141021
652573071
440671233
297627677
570748301
621146645
223545066
758426678
559233842
