287928045
850269035
175371794
179292208
38667126
13200906
342986757
782338181
422444066
232823777
683433197
96885152
569864593
478763536
652180791
53109203
536397129
421997705
277410759
541923106
163178749
709337187
245328021
883450055
40433191
29908375
77199395
777239115
540678236
622613852
713035447
624242856
132437525
461539072
27119542
783283676
803856947
373862551
863292225
70440074
440596925
673366460
365778338
687923615
626813379
117716225
24119854
455780625
590180829
220960399
493328006
280046500
202130895
385965250
894385296
603868846
98025287
76211620
253755738
110670110
839752145
52783653
713928763
44201688
24040561
395977983
276661071
831073875
796781138
766908064
88180848
527655439
391172468
206017716
466223901
619719273
377055185
525958592
483809362
627617928
849866070
587570182
607407509
911985123
361653920
512594391
852689608
374287885
149756778
28752389
823194157
566186482
369223671
886527979
5194980
233983332
254369603
346915093
661269479
186991787
861812227
264596637
759340471
419607633
170281957
243701981
490627250
915201359
218501767
843413062
181923143
725723594
882529626
715362264
316615686
504754433
527332190
644131876
310366300
768471496
840394413
42518503
563832074
193189645
874832428
763028195
31470269
606261728
409249473
707866342
619310263
890795658
298939122
494832138
267343359
430137269
27500336
685107361
47542555
483099105
154698175
184398566
578115579
466377758
784239551
813866745
588315857
894421062
668016582
664829388
318951181
703353988
393722680
138804652
54493567
320486678
483752368
294076689
764960100
427113286
699954951
47090293
635828982
298206088
397733529
547864293
75647404
661930852
255127603
536451026
103350651
717199748
273387534
517339111
538007606
104266769
84296821
38340864
183400921
652883685
370062560
898134819
247006145
307354273
601292372
399792771
612443055
860667840
441028586
873021769
477716409
488186209
445363432
815441006
281207249
610384852
181238488
285853494
347603056
879446870
35519456
542880660
770126798
392125145
812538223
245021928
677325396
255155632
67632327
219222067
505047034
206234460
539280026
72087312
492969924
8472197
255635798
290590800
86409694
893346956
1790303
800112248
591618153
244490916
110401770
642246384
4861512
593791202
638385963
568784279
114710417
807082221
488698920
125612284
438503446
900100303
205004209
238026570
742184020
701748792
359956184
733700633
268533205
359740976
111772781
234697048
304495253
470185644
16371197
704436861
528265604
3150554
144004070
410385072
425120722
631305196
130230624
214112454
323176328
333962275
865476461
326712014
455305666
394158601
729910226
417506029
514211344
324726701
385211270
896369679
456179670
401862615
629615584
400103559
700332064
320802910
864894828
464532425
224830264
792378911
763636114
279478014
449667850
205957732
463411665
873745295
467741962
194039165
46789346
284596333
803415032
412747422
405917537
841360262
613024540
35009346
669277538
240049047
363177570
244202923
401966240
692570792
159546132
811854584
37179713
235064222
721366750
533586198
712867947
633865036
587152097
554910212
812873292
921599572
843196110
55171325
770316233
415774710
603913683
139229323
728982205
328801674
400290355
691600282
483447333
91713807
369977852
529973096
614847416
763598899
267028206
927742486
471884273
427789350
805571196
130257647
638470627
812641919
913587240
770637662
378866299
607058044
861069379
28350804
134533045
371539788
115535554
450387651
219961711
105541258
826443323
105100332
430107733
814278211
639561289
748470864
703840457
358955978
576315295
485027645
161642460
816253622
560454504
830383594
579443749
877863053
773806289
601394843
472823040
617559304
255685336
789658646
905741072
631675374
198601012
101920449
594611735
528896970
561147749
540209590
705222356
104913222
920376647
329780529
318084400
266890279
917499774
380186450
791907555
57698370
471274073
643745275
4162276
32750055
221679940
96178543
510798516
298846538
267023272
922860458
250092711
219520041
573232249
697765699
80416693
362231021
799733424
149596298
252551562
839871214
288001258
466311072
670492438
208285340
478876838
117022993
446086977
810659048
415713648
722443686
55641930
388134092
499978365
897724980
744672801
65758062
568554094
78912499
497410586
233071130
833175920
206633595
84342931
44767586
448137062
136853010
307413071
602938459
471700293
429799495
507251088
568285409
315378558
32721347
560630048
829638817
397147535
514248626
241862516
564095376
629744207
99172993
701050282
124455423
374358164
341112168
486458742
77605579
871145126
252810353
886877173
894191083
602154206
916324706
708756128
16780073
426980606
291969188
221648311
511188596
297566123
806339140
263001032
244126371
919007085
639893773
390059580
815916075
124156022
1763060
583379825
740648817
286927991
151352080
917242901
577722808
94539788
447937804
573477563
376508887
581950810
527755714
478479945
170856896
340696008
895663412
456283672
928844434
254041717
386941390
473796618
373880560
762691931
245027491
372100616
35370133
240305088
512289028
168223370
207652808
391001681
488660795
531121586
709630450
580521403
316828136
818719668
244790925
5402179
234768783
271200164
5315533
619090489
323630079
593052431
480341490
692728705
490914198
680114416
655054703
693935558
273378483
507426820
453320871
575755340
786344090
744535407
88324652
576345576
49630044
69258807
642906700
545342133
913767884
353549928
919748029
622504629
182625417
108417481
218497785
779420912
485427419
225576020
88442867
706777687
5248780
447388406
7516787
312944895
472242563
427670447
498404739
596868020
599514297
352917815
584056394
436059956
759832740
458579679
478267136
90648185
716272052
47945263
97112454
318494519
147239287
566389442
795137756
596649557
749504906
898579645
625050448
197250773
826647959
682220723
202270113
66542961
890527653
128232611
151234140
812799014
788324920
898272594
777403580
216413474
526981384
468428961
683071116
926026779
191682956
711870034
476762383
430362104
695787372
771344706
27342536
172606427
404724711
290838967
85786953
417052114
698355851
637540056
327284151
13273457
863038643
222465954
722625885
552830540
327742091
161318916
604732621
851629785
436622938
778604288
12242336
392591138
735610727
671851720
354117265
700860830
309018698
63854363
929295985
771284261
118908524
542747493
573387031
345300885
197047855
433105045
651692944
618276853
725489983
85800161
327589719
38311703
932183791
561539502
195204011
668172961
218818325
319960191
300865831
365737186
424931544
59856757
282170127
319552876
159796296
795623248
237905405
528006431
365714595
522380393
379988651
466913720
845562813
247068476
925344333
899992221
298465498
437617268
478747803
204197858
300028259
692858402
42504974
453024525
384305323
653554639
276491876
557311353
199169879
520683355
434599916
714986770
327781750
596015162
265690340
206534952
493993025
260791742
805796245
392917840
283305996
895332522
332714374
607616488
552188233
674764380
119057333
103225937
778772116
587267706
253256735
455163797
126336025
818914045
173871337
702324287
478576766
79714472
295300416
799821755
588909525
768137114
147709714
495459920
327798444
530578738
859893382
709182830
695736910
192870740
103554551
293722358
517637123
783617307
493358051
460497183
615472904
430926581
790001136
641855170
44988100
110165789
834705141
388978141
459704715
294521189
63220615
573222412
621218418
477989724
535904472
417715173
376707460
519262690
473111689
373852678
697833006
568743248
156069899
554307372
447681440
327137721
514094328
319022104
392503088
52004860
660761598
223651330
156652241
75694702
616847552
484803689
520732333
642631260
739057282
319936020
255479656
169897727
526875062
62035915
406932463
33620519
427040375
806688590
540694001
111668611
524295597
762483146
809518662
395518162
739899254
739890342
528110498
37960582
728648082
215292982
234247481
601219382
397952806
779282480
229823287
60517406
619326012
818450273
924737304
191808103
663316932
616426357
874755830
464292508
342972725
669570279
10778271
864367502
167808040
237160892
671440631
903359007
353867197
29096734
100989404
169316518
414770799
266038390
828534429
879938086
113297138
577456530
136301997
212411000
881860368
359070831
735222820
451412594
379309202
233486243
500257285
110040057
342369897
261889278
491791292
236520089
378267861
713092106
156680340
91055903
210784745
532912742
320159554
832214580
694158608
610164441
407580943
634901385
611314838
359898032
734848652
44148053
501064777
329454945
153833583
344151084
459354064
561487949
391574401
4882460
650532650
487231972
70104329
382709223
585604773
753480367
7671651
147969372
771804242
748405096
203222313
235923645
277627035
481680341
368384749
596885766
459231371
622754950
739091991
80067584
580835480
713979746
842730830
128240308
476639245
168540266
582497554
192991821
74622186
390575380
908959532
267288976
372138814
664006207
322021190
701546216
348799061
331788702
431691855
11491386
226537528
461488451
515825478
928125619
774640289
546133997
869386496
154989975
621727878
31750382
48450347
429298151
534095094
64797627
380754785
667078176
558079165
541789781
552181659
219211780
377716302
813885186
484484709
96754649
556499713
738932710
774790981
177466368
95114635
139209450
812299213
11854950
295710307
348609969
922833125
890927279
414653221
83425561
150086040
174815980
610451472
565570115
282742892
543600072
806782773
880291972
528167502
591989972
712864787
852971412
547779810
323091662
669700150
847123900
240425230
740427863
197875082
760174468
287331154
139335202
123150682
545354362
527484300
837518875
627089528
793584616
192095255
276150402
769810680
514244026
891309037
657647629
116516011
476248774
64072021
15303205
261678901
687091511
573717725
121637730
401054992
821721595
604212748
518181824
385439947
694338539
179846771
794263492
710539261
209405101
212653169
290082063
765493774
869136883
537987043
841378067
593849206
878213911
785232926
832066568
602171243
64779018
502744623
296016595
381897765
691022645
92499807
419004878
177191805
512239845
807605356
736976776
394474661
545021427
767358453
722366508
332446676
182178216
692007938
648957479
321761644
852345143
128188503
629114628
365113720
151056821
7596851
209327057
322997557
493430492
104609828
295182523
673098281
288218208
706743349
284857819
610058279
781145060
727179664
274732280
703602051
809021533
830536335
565763276
550319076
685817849
117753853
504447789
429662978
690546169
132456538
836288342
498843660
608149744
168635919
601499510
419597897
754016205
843803511
445782167
697442364
897829370
24512190
643088377
881626652
315363470
765948427
616656125
598262415
357419085
231414920
655237593
744306322
637508005
582862342
8207798
139129268
206885017
897155410
333488663
742621467
194681610
637312572
711025073
747729268
469975828
607308781
200508080
268334718
84309488
559577041
157608935
515402822
874928144
370834038
198131222
74646452
96274421
224791722
520276655
269412962
784344564
484290515
782313158
15770888
740457319
666238338
640116768
792168685
835610183
243693087
546772642
155713242
706851102
664513291
536296507
141495611
130758516
808489602
775089144
575503946
494176286
819983210
542324114
270962351
807456819
484235464
134053338
177624639
212864241
397035666
625090088
473867143
668511888
181133825
620770083
153404995
392464188
67157834
278923256
226718040
64854682
701779193
11009440
823713720
576686735
506634809
342044883
922194710
9837856
327784164
333088289
589012364
406407694
557582909
431654923
166928053
824072253
584840495
545502233
433328470
599768486
667250662
381978970
383909495
63041790
302944356
453813099
767659200
579648371
190589
842458249
74030154
352811300
797212715
887442217
39763653
683018736
542441935
387558680
135497974
624821135
890158076
581492303
905374400
649162937
114759872
814242101
803076258
840121887
610026380
279136826
88686092
730968693
416448129
596508436
454630422
41585853
18283322
872384673
535076941
116917914
455086658
32968191
660275413
754105513
311198603
313976658
471408792
483006071
459740214
530110273
39777274
679954781
637373324
201045608
632905404
556837479
78053754
108537881
862308503
503320418
413282936
713975858
648715805
648961540
791447122
225408330
137939000
663654602
358805036
650159108
17276505
595428733
64721521
661382087
864584642
248369632
799229771
398384751
811625332
75521398
465694758
137034538
692998629
808065227
334482089
458485277
740442090
887174269
846879137
919567613
77121387
718225807
833843519
587844109
309514773
726011951
782152876
319436131
877914496
159060051
720231418
14010852
464324696
368968150
95639825
667115678
926898576
382064325
453008239
385162328
712634240
845249341
360971767
175830144
537021527
863005591
845378331
208385793
517787586
795220675
239056350
214903783
219678461
169435442
795477760
786970857
479807621
164358448
146411411
128909566
87253433
517157857
13031449
571072388
706229568
337121107
289855385
578607063
665526693
480181024
76093623
142053255
862080086
316928747
325736945
598381554
408138990
715439220
657203021
790322685
37616290
341952729
727099296
321684163
119488507
808651026
287933048
818071691
97623860
896651358
19938996
9998191
480357968
583434330
505479349
639061651
502510471
439886272
419992240
893556801
40960282
315084163
526782708
537927611
188758320
633260272
654964757
687798589
779282740
718474576
102745785
743473575
829858747
846754610
859845507
396650967
387009246
547166159
70227541
619940865
327513030
829091159
743635157
112535928
448514576
505591077
288135635
235993272
920219410
601952245
877958713
770354143
765911358
93147491
643473045
275961606
449498388
467242784
65571082
602663291
344076770
203717944
402393734
810212383
404696340
88255932
471515299
623626885
352627610
924652834
268332441
161673737
156746414
723759225
43887397
13987166
535267570
244273285
734783252
264327645
148143436
672563898
845554325
333424010
839774958
867564291
826730255
16872995
536189998
923975879
292926858
590222962
66858570
730319936
160592027
122982810
456693286
36720975
352323864
482322636
467564384
151202514
106127847
826933178
770581020
415695124
582114503
71417320
550258455
752505030
825680194
562346896
772578626
679407667
518846744
695302547
59550601
426498922
293434050
342346594
244917054
830185063
638712431
883156664
245492109
789540535
638969253
706153260
883443298
722697993
556864925
335719340
698217714
375011412
535441305
748457262
122518393
99656879
800265388
828678317
626820439
214258832
160875274
119563971
211009230
704218855
153675620
112635055
485739995
818075527
825262988
447473334
292387845
930059251
181872882
855364076
591057755
612263259
395222248
230036164
466756824
301807410
693167519
362247567
2889212
789803978
48918659
850001510
765633137
107459400
120548057
56122163
684406596
761683866
414939115
175718210
218924301
468251463
518229830
12855639
656158558
320278830
634618575
499098650
843118655
266292651
557101515
633921789
453657213
454159616
620602320
128531119
866454476
389221765
757932227
388511539
472523283
157456975
48031554
452049080
838321755
801738686
899666367
551480186
797719979
200381354
511556696
419184371
639300002
853782778
786382194
903465036
244284693
915155805
588916725
39915306
685679138
536162017
388081000
863948561
141834517
751196463
588063619
102038728
355163982
48045457
304240259
888338842
822889948
631725976
39921135
718675828
931110215
640093596
71554618
252574181
396878838
676592968
920007076
751086082
551208257
225459464
773454465
783467564
379793723
321631738
781785190
629666078
641611041
312046769
380284840
189524763
257530940
130899934
580891282
709337926
24448517
53947026
757307779
780919453
287073299
184956469
232190458
30898833
571289636
14754685
393141110
134348402
824528920
634807340
694959558
256254864
242679831
677443267
271659386
418602450
75069323
45824633
367391846
804633470
71141033
237063726
810226436
116143104
579616835
588635954
80686956
676511535
481262400
574928891
806518561
701205655
767021543
919464356
40280226
161750047
885327477
819271137
250127310
552241251
16588794
370423438
376630263
246452962
410547738
322244070
729850722
195604799
351822423
340872785
682151181
94312345
254570018
721090494
485659363
48115919
142788995
66314776
597804287
756445548
569570551
423230315
219706806
918579671
443795239
392141474
400397275
224376721
468497699
523631008
759423671
474215084
279188365
339518757
351369594
889317233
9426884
574792417
454421544
260501815
361789168
142841083
924990817
173366552
46719839
96786986
365282530
720905704
922126029
821527267
914046849
207009906
485098503
797381225
2822356
462743248
346151854
326402584
551656791
93992758
317883099
238662919
54233485
612120805
312190482
428175782
567947305
136129171
215371726
905111122
347040678
582557939
321269969
164030205
458406705
108502296
207079902
602070257
478528878
70135778
873840738
367368387
103103813
93058944
845844940
94106672
560034446
570980477
386765201
712337203
114632929
760917450
44776594
414092455
444523915
780957776
704329710
92036083
530901852
444383266
750362079
229588970
783730095
556740642
444083659
307405693
371538732
280698607
291916677
52533120
536333661
243851014
805754101
598750222
85399644
402007200
296621899
303840040
66093232
115580133
84862865
435015102
60425806
317704055
818694878
295832082
504220871
316886511
50293233
576565863
911013868
490156689
362900113
35536492
880212012
719402710
744810292
807390582
53412488
822880538
123636819
73930725
625093321
825334738
593441795
879307762
876966166
777380561
465451525
17753682
118346351
258688131
483004193
243226587
557565303
754157084
918464796
382437762
810122982
724253791
644416801
484724338
70790952
458230271
886834917
212709611
598722137
878541341
519623353
588260300
813048093
538167575
230108857
488265762
547622286
539417761
295718207
516646406
927486244
197560881
740236795
150271016
476306169
200926172
237190202
327600817
135545467
21196472
201349193
536510415
92986488
658953808
913749789
443597921
242010648
835761504
279115177
685881526
174747960
248486305
721045914
696671000
118424908
479578712
650286203
126036731
85903635
186120339
124921830
502944557
439108834
709988043
96351715
527981674
542966368
655531340
740110959
643668719
74649393
544810916
505061452
130668941
400016947
234593883
795357075
260130193
238056445
347644921
552709239
281403838
197701969
396085980
311045194
798993824
744005371
321104772
716254215
98795973
324985795
9698401
5861306
653177627
407616182
841727093
410435665
620850245
482953275
59195940
21436084
2692952
818195220
792958861
115329239
152568800
92889321
15484025
790268974
629626483
687373988
906358031
432760033
72717476
13627223
72939800
577257305
528209200
841016311
6944418
218364717
485632090
406900004
225445256
421306693
23331275
570902537
756816645
695082711
602625049
921763031
152938348
397140805
461923034
493814823
371001871
656422372
745531242
628946176
298455118
377682754
567593480
169753796
603469775
225394405
659067387
861109277
688433310
712944422
679081906
800632950
506222160
673147043
244728659
715255548
904377779
747513714
117770050
856416349
766328028
504632752
412036450
251555569
84696698
529077779
709520585
232711509
311257707
207101296
398383794
910173169
656618077
558210798
359549604
159176279
743605472
459428513
477996790
469216324
103046082
707579013
479382184
615066151
566995383
308691202
874826826
47900015
12055444
230796043
212819080
718965901
73643467
171702689
640208506
47591280
128925895
653645877
766718217
571814042
446068119
450812268
324520495
335497098
362731603
318965024
827936220
850203061
890225675
689932852
39855137
458570070
611713342
186296767
32971238
582590736
326306689
47749809
827105460
250368083
90602788
279707676
51340913
165224425
392981909
260064600
670354979
646106710
647979751
872339374
573813767
822418520
416194533
478075456
919427937
375727289
363461231
887458594
285285604
306173225
385855686
822588664
417664394
842230830
686915464
464205975
603574892
165990462
160194467
817160802
475010786
219526251
60716484
105835554
231281958
885710951
813467876
336513937
698128258
864604704
128327630
833876964
638577839
921840920
705527820
824739136
448300944
855124183
889903498
627278649
506479991
847791959
244478592
78437113
581694676
827741210
896807194
392799725
559008145
555174540
136098875
866593801
100848372
189703902
180959664
52916478
839440659
857071053
845699461
572216440
660038189
926472333
749934778
745661031
549494923
613958441
266400218
805703758
692376804
308897461
571328145
770228635
494361951
555111630
114071539
29149743
138025501
457576270
807850310
384207638
794107199
791080325
202987944
623713003
441168295
797115823
876420262
409265268
406138699
217665620
783664246
629645267
504239022
539984788
582498420
110563516
510366776
525278300
932934317
782563146
764251379
690018412
552639159
871964337
642819134
345479290
624495391
700897936
675356039
819070823
520097624
719377358
149299966
455570617
892800906
614426059
127674748
476307226
475001854
777059017
298732800
913139329
168855439
222353097
342676566
563659718
379016002
504310813
892335181
395053456
882089472
634682557
329066452
153465581
895610058
768413054
909937749
689336968
880228628
886512522
703966502
466437334
433118154
495564901
112324233
124861961
766657401
434793737
512068271
676388244
476224186
352733660
179578137
349035084
324540299
574598608
240311729
547389852
885455293
364777430
867847378
473464290
859789456
485882362
76798956
81561715
812191869
910762629
642305791
238453048
401968640
519849490
714863939
434965883
752696692
617923637
352888836
183861988
124984961
703290885
310937065
426671442
562686260
24124380
476859066
675318285
903305407
463049862
258300478
395088384
658660353
709319101
605407343
828639203
341011798
372862352
675511
436415637
159744018
595314566
683230404
527164475
45310373
623024358
510012303
464334089
805852921
297947646
175591872
552571884
863625708
758081673
929831790
207574433
555764663
163605804
758556240
603052923
915379267
685658293
344017449
197101360
462946828
687998651
230301468
850457875
363637077
360749383
629995270
111402257
899201730
473379715
743882996
102650736
301830259
475305689
712275375
650380922
365769136
143889303
647838647
919170664
184909157
264746781
553675976
797728991
577254453
719270018
532386165
13120459
493672348
155455425
16257405
121574605
128434051
406539119
66868567
281592161
217780279
346563010
605790866
665095445
167170210
845723120
103722823
567627407
928542950
8507165
658780896
626074802
290730351
349325579
72876838
455310416
521896192
779443139
440410509
231161823
854336691
175767949
701774531
788909779
121306292
787291080
904774914
90296204
374297425
278129462
457241013
516111926
928348620
573938859
590494460
502124404
140876979
322630732
151191542
194245316
410493742
197207084
686328409
421475581
534130222
91906842
485379921
50396936
573979071
206918361
721719057
500261172
696677191
536804770
460989639
864953083
835774373
18273396
638047597
424189453
323588143
538171556
90991020
676293089
536534517
312240521
904872965
250297278
268957487
607745987
375423796
42383591
739895917
622047840
168937058
922821732
891338898
646941147
235993288
116088266
683745909
636939353
281154639
535389369
102605302
20080196
363654507
492848099
699172077
62183849
219405173
134498742
477102436
783074663
106695541
217677964
290892717
117112613
904685
714671585
809362379
179921162
414295334
514395807
911716910
862508650
267869735
679785873
760472245
878008946
269236661
394017047
165192436
180296228
439292811
158819622
275747432
353957968
67528905
847333320
70974199
358898060
872890108
102041893
776186220
808568876
354840481
195143037
857190250
863355842
735562819
446008653
192121760
745021010
534641294
22821989
217907311
591942770
759400463
863819830
676774897
111862802
252652849
603448850
366907413
743895343
430053985
586586026
113882416
4383454
523666971
734537171
188838438
803744703
62436118
278997903
919806602
320858488
623810705
725140476
492484917
83336244
274045870
263555540
684331046
542816134
837697096
420517035
166119815
691744271
704407116
175361666
895483915
677050065
479912635
585346433
135962433
256547759
467604396
757362947
689741088
854672333
876231062
59453459
877721579
585132707
888618555
337696513
701325012
490955455
302371174
228969107
342286608
694982648
808703387
631371669
545403645
179589525
712469269
193049438
622025661
610646724
920067821
20295716
617737629
861649550
335759989
410685840
62912044
171071131
104367241
711055018
186410943
192126214
399359455
498720467
467622356
795980180
292538291
402978685
65251186
571647312
597129776
569716691
109776120
231476711
676402830
231549778
528926146
656873508
367953991
828470484
223087994
798105432
919187930
118219223
73598370
601918710
4632239
431365726
594844718
597688110
585422601
542486925
484132238
111561325
652306101
190902032
303352215
620205556
40454698
845755547
713618202
53449790
115700958
273917774
323266257
119806431
90295799
395712934
531933442
849210239
890795643
602271273
113522392
428542960
237125870
231175336
463046545
113829747
115044415
11962202
899336141
503055141
749937251
845970057
556769155
58658892
641509203
596271855
279168892
60993559
325326169
73692538
626243197
209375067
187206670
791941549
400151472
748547864
387393462
701601871
679114618
84033655
632823455
89849270
490352400
50486729
647499236
387326825
780691837
658447797
17960043
489245740
649934700
843026571
919290235
658816890
472964040
905927394
768189673
393888046
710869575
638039886
269850321
73585102
376318955
338303291
843263102
931566672
691031465
93095378
816797122
439994601
697810689
810737346
14651298
428966245
193816330
877687380
8008645
359765547
889933245
270499602
33589297
471322842
611854319
74168453
428829754
635609570
908177661
707750603
507575029
549267820
224640123
527585704
406006407
735519027
577030593
56136060
535025385
619061756
316279304
734837262
270144485
703205832
516918680
804163472
35523334
56627749
708849586
752593578
364205702
433564224
184555249
511689799
306007862
836162583
389947969
151795115
765247757
449847208
122188898
222703301
879807901
111963328
606605671
178869212
343737490
365097469
436074456
692650036
297518926
559874087
375250010
508868468
317732994
100506605
214231794
713006221
183603640
426983587
395379512
319453046
920748758
684379915
537915668
311081552
294768897
785352722
839818640
264503006
187127535
914872190
490573379
760983711
654138554
392609901
922575654
514828898
416368339
388838362
759833528
498408970
865986332
505095241
871882349
399047897
199078096
437778609
726405960
304486396
903921946
198458698
731357817
341142493
495150660
479329944
931912303
55262770
498965226
542236267
671822301
83777100
346548335
350140682
693920725
133633613
79280788
380102188
543455816
574683733
490895060
879279015
563859550
361327688
667817630
306484711
69871918
890148621
869156654
738032346
261753230
137454290
432338992
268513871
864247534
453550890
725045381
913658377
126792296
270629610
563923959
753573039
554262723
412787642
298354071
92757078
6359881
888243295
777487963
768005345
783242476
502000841
784652867
484299379
302687002
412647001
258586584
932365323
300921130
508797295
17800926
543448210
555365890
644402605
780240781
533109703
871563764
357975780
586989249
409306527
819551060
849881450
172420599
537300675
742437350
420350163
737000600
643605784
119761646
153115829
66518112
157350076
78553895
893066096
21630618
234409338
260106607
917358610
799413205
176168560
901586138
320884183
290020751
6799949
129839260
905931088
435903221
94872314
580313780
663759205
653842130
776806713
352502910
610039946
445198179
518858098
401475118
838620804
470566755
718308457
278129562
340349935
716004469
658322082
335567613
175171678
743492310
326122269
469616058
312980847
341999002
350655592
890004329
357480539
540346688
22012989
834024033
827367294
280377409
175698084
118250671
819813864
675555241
631237233
444360387
261147452
633188957
819351208
248200646
320710066
865765211
672690316
10924619
487393225
439634168
552881861
382555859
255387835
361493546
529197676
398941166
335265128
172938708
86104014
258282749
42447389
500211757
33515494
724971875
829347738
598204693
143657957
27711258
866682337
822629150
245788951
173733657
37817987
691298096
281854026
93293192
779909484
657664881
387678671
927989464
151783473
574591366
413490187
780598501
555156338
163607746
766423627
396054765
260097772
844753860
131459227
574406457
683682751
146370981
911873185
302027346
714533377
873710524
465174165
383291664
399657835
84107368
829436449
423690777
926681653
868603887
131853142
253268332
922870387
276647839
319886874
456852097
695525281
903496443
709580114
888693212
843132484
18192855
180306969
333808552
560001730
470383825
1439243
130274180
244632818
23929146
426125150
793337399
793944959
731537515
803318578
195962565
845534884
602404686
217466238
174028032
149446975
576451735
178501292
243157094
910363750
657337125
302407323
238800040
370996155
212911289
918497042
63673618
319246774
58494205
261445977
763607103
426170410
679723248
232737135
742260942
534265248
831663035
915178560
391065658
774468715
762305378
220616493
632616642
114388277
280907713
207024127
800260595
481541855
799314415
757656161
487450871
562575569
914494070
431357878
931886113
414798062
147622124
191935699
134247613
44129260
259986189
199365387
237669140
15619229
538548774
291345988
871356800
563392273
234699355
612911414
272547780
738350635
163678744
540956680
681582986
598602522
798410901
478635299
771351045
669998000
615500217
904795830
148574989
893161248
161887989
428187321
688189923
718016931
787600375
526537131
292511698
170295098
566747914
777441064
73287602
864587499
582622999
544546281
19898982
814584655
476221968
816537499
394281699
549471458
566554795
746156138
661827800
768055993
269517467
123644569
134271525
384517434
116210125
565360317
450311570
227423853
928133622
653147343
55964956
500191400
657492850
800936155
616931823
240095239
115060529
371616302
265036997
451136708
628935540
646884519
861495658
835116946
593102159
162139312
185897486
700355283
479737934
447166416
869707256
268846310
187586203
906358470
556124377
160706181
30823800
829938541
226411612
508075271
404108303
756690866
715882924
150280494
484810181
302016981
411684900
52281107
341950341
889253489
69038797
587646487
917713436
872337915
118526801
883080087
28146587
881135155
694560961
530442478
876673995
127358826
176432965
363978355
475378647
187047668
354473112
2889378
324817131
596730124
520604487
653032361
560719345
369389141
112574827
679379737
153715967
394282611
887133572
106407994
73344289
833482393
90764919
334946005
206285866
344300607
568090860
459672659
447056648
101225422
366027049
369004331
463113234
714843879
887825812
652512378
881347100
547970455
527833025
493092058
869546580
821059139
926946415
764087799
348261881
364941084
118890092
151232635
493244501
44806839
529291309
861519069
451393180
516535745
761640459
756202547
137663702
403570159
927595070
101246585
44430874
731831435
777566802
214744988
311726526
176277688
837639921
412071893
891624083
813302060
206105147
921714143
427315663
568049885
310024768
773831374
685961163
863386877
775572711
448489662
591847072
190543666
114564442
666644651
183185513
532157693
777395252
650953509
194496130
484033078
10966194
186819276
18063923
739298193
558164405
332902499
532139318
652282477
398877207
547456813
138702016
573853595
341915757
204063741
298448891
506990203
874708465
437318999
676725395
610777157
806547589
312311539
366919263
33094786
845046288
303053835
861559973
267145585
420712744
686175936
621508065
534646155
880005739
141700442
387440526
365620628
732723865
297327279
785842527
421346837
553110877
890602068
813410037
836900087
689416774
885158119
438829172
363688332
63993494
344499928
718981075
802984010
472023197
892530480
774440737
594054281
110738039
26817002
358141630
308672100
477143426
218433349
653561298
711419276
13658463
116340646
771306660
336671818
529316300
119452725
551431036
220286296
795488045
726647313
548968861
424615657
790779295
95735987
245687160
418170765
385886826
810170478
482618566
293622135
212093950
485943094
435601144
246722465
665127852
463132478
160902094
852741856
637112077
391789615
229767954
66902338
126019649
112797655
264056390
833543418
648548392
128287902
756767037
287899275
51162983
815899948
759590874
303238393
763881415
282678811
703825736
374820983
438033917
224513438
650729027
693327872
58897277
185130991
642015242
460307683
767733863
618350172
756065703
98216284
4262341
888247528
485170966
571406882
221527051
70366568
467460554
36284092
446122852
881505812
57883288
742658008
539949209
800480565
735451179
153631022
152600547
790975589
220968201
54709946
908183777
521822916
639813741
430439385
530907262
445008146
670006307
202975346
547677037
63450115
123105006
432313626
258152364
679478904
277494846
144739154
516209513
74288493
703816048
205874059
519428869
233148187
184435782
930727385
33212945
917836600
215543246
573130607
826744671
288410454
736038752
908276365
186461958
859936933
928668587
311934246
162266220
288956566
610368225
236282476
768227295
655658882
411615879
387190353
928789358
878471666
6353585
4625199
310180807
560991476
154704792
292807787
160810628
301230103
675336768
471970521
61529942
97189261
286547052
481289732
544605613
469098178
435787090
787480886
339311268
712356562
49073735
708096015
143126943
667866917
396584175
751366896
307964503
619807684
499915247
357850593
495917273
626018874
212348333
232675874
177792229
235414864
337409043
328589228
244448056
862736423
394791223
731514557
393752944
97624795
148296827
575883941
839763614
489939852
847565689
702786655
365760274
492537152
400080596
580004635
378176424
64767939
810886219
762012279
573449590
82603798
184397341
454762720
343395634
521384588
429978569
23142800
774838172
30737456
166001864
181197468
493239955
374217191
902208978
44048794
437648180
183829931
925862717
773043521
669624773
317680715
568159100
723681950
659158695
395932420
383793491
231137941
230372518
907059716
475312489
264963783
657473818
781682200
796688761
756499442
577421020
440094791
79018871
502842444
140133531
721988351
341283614
171216149
799551604
533544539
623574466
588303792
726812051
278368969
533740802
187307967
756259010
586352911
149529141
413561360
655560172
779341137
191840045
466482200
608875596
252265796
340969443
720763059
363148574
468286035
513750930
671734222
304632245
813474981
741004416
132719106
90937060
101704078
322817755
704462455
104474157
652025694
162895694
343340899
787827810
747187352
743423741
222508235
754977571
636765616
143896430
206126670
536621784
825915956
765192031
690726294
759972864
243920974
188902570
728996619
282932363
252885053
115560931
176833352
246936865
16671485
606294712
481628480
321525276
59555926
569405136
825881462
134880494
644416354
225570550
661537238
370887661
519501707
371107600
243605138
183438891
644875577
919776677
439594417
664496466
506436885
583778847
424648264
913343222
768338885
176154305
512182071
391018369
731238235
558268414
166164001
110287182
763879951
61119438
176939313
751962787
387079918
731657599
454373673
658422603
229128004
226246882
151086014
410508536
506957097
545694288
237165116
140223428
345230846
215563562
800288126
691994851
281704253
513929168
374223348
18882268
498030070
870745578
736874362
640495058
227704087
342293084
281626340
299229127
9763531
466548453
266368625
918421374
124228779
705402771
626107599
788645373
385393338
695833910
369718291
280585100
21872133
288506603
215773461
39661483
29939266
495061090
646543590
269958354
646018899
231959816
736620155
805100713
885931398
280959056
797569822
617262997
531894528
762167129
444343686
321168157
353466528
147109628
375663055
557125077
838208355
698936303
585323702
640907036
127678812
112520256
252426879
913706614
255830610
902804872
342392682
333314468
452114653
376309428
253420499
465808927
809232728
229978872
739749506
337599795
928689409
315111123
456751875
173534951
377198771
188264416
819844880
22081178
673818740
263358423
563030009
507928249
742954121
640042347
229732516
225256591
355327058
888414320
14953691
436555323
185966701
756586756
524938362
626114382
124665797
781634242
65242713
480700538
880050196
255135209
375330861
738045414
121110335
178586976
149984594
373821707
716290675
21195798
876583993
158650611
79463339
802906200
44271199
589862500
713700344
469653509
290286951
381938775
138609614
853417274
114453728
274625301
292065960
493789465
74567327
177548797
719446351
623761677
100207637
562528866
831908808
817883391
442623673
917391330
753818654
610901509
837504994
772043742
799013233
667359260
116710838
881929058
811666786
199303022
532267178
766652906
165390401
614578501
770693104
456638967
108667012
100263139
737406152
495921641
928991191
520654857
251803684
584892076
495914247
26104955
323209761
860435099
329225043
73645301
25271095
474788841
731092910
235338845
541099150
826548752
115215096
245143734
119324345
608711497
788557086
785102181
96927769
289309792
572182447
926310416
206409276
64902580
1291451
674719222
378411754
28012954
618668800
87216393
315064924
792555520
467612451
785065115
136709469
513753875
606800663
379145654
197825295
29441836
522231794
661784
686232718
110346202
512717295
692598447
194720621
732132614
6079922
851814563
869221037
833535410
419290248
274385806
366276205
721239676
490621217
14121028
868242105
597645093
774037818
801756985
151954785
398053685
356813763
749329488
413473865
540468767
160320420
732862998
567210633
40561840
160527123
752996756
597568475
445654852
820606660
479469450
597583785
321262131
20828410
584171178
603132131
115284847
889756253
631176845
781078167
1136023
132365264
632700481
168444095
41316631
136217300
368669100
291486374
876483628
705456165
68166895
190714081
513204199
928002802
630374985
421313035
731900585
199245848
465087218
629657427
810412107
731593400
563954673
95285394
884326643
579785938
485804326
747498969
389287792
851410952
786544943
355872107
219238333
740988729
112809372
875666796
810120879
924366008
732879688
293206424
728474423
651978938
740982676
428758750
741891432
695338260
334854641
73312011
758845808
608923649
319055755
300864377
330073455
317187187
695249143
468875624
342671723
31796695
421702757
449505145
893650370
174164919
834826294
107085336
617113809
231723155
819775502
167328494
316936501
509970754
201544007
71403412
273394777
51568431
651948771
839850865
769967214
653289905
346122339
326779848
124414368
446353102
521864234
716292173
768382754
234494364
19845148
644359954
681862323
879948133
830159514
29860102
488272174
927414522
906741011
772965598
201753737
751791337
750526182
166295660
423378096
252878473
335150672
249063712
311668851
728813302
406336201
732913603
363042943
871762503
426455691
824217285
486192454
701723720
674474683
168354716
481544867
355427325
63305721
875531909
397680248
274777687
549519827
788994444
413978136
226583792
571539124
686427198
515168334
106842988
767499755
919169037
180520987
108210238
383288210
134241355
107962997
233157237
125038614
59538085
815780586
391867785
84439676
13912072
436308081
482588347
706728970
417362973
165741198
362565578
19193962
557348764
698490137
205212289
3309947
797918453
675134165
566676400
755863230
668217172
888740245
836761166
872747814
242449356
329380044
329759610
875578401
170578076
24598084
382756335
35017024
352872746
611029800
541068247
15612101
853666311
709879323
828409557
279804006
836249897
694378444
750762818
244910103
696007022
573786857
861295705
195530210
349907056
644848586
651325315
105507741
53064588
307416782
460976964
126569738
672258409
667700617
325868444
131667445
364441728
917364103
128792682
435787961
106525126
534652996
489565769
695927430
133463031
641955244
39893968
426433013
539393234
278462173
717882996
266424466
559995131
909491504
591386283
721188376
550142699
202627894
189915523
511357305
317443233
392979103
731320663
540705352
824793037
851100387
105138635
223731114
170673224
712931126
122562804
364500122
802156101
271933315
889306616
664202839
475068687
59208074
193030756
654106131
436745743
650842864
786818404
826572917
595285867
411185427
741913761
304722605
822270587
855688474
668278169
214193575
534756582
786467474
290153538
128710050
17552065
676231198
679928807
813211116
147948804
909309045
514626580
723154642
204715712
717632238
165473544
452926465
883027849
772428086
575218012
408419765
403208159
540608392
117735385
113677463
666794228
206123280
90495160
227832944
46887900
824555662
880604488
503956139
5284811
492476274
85461808
156357055
315827267
110677231
893942766
731784422
156295971
526174495
318633565
657339362
804162521
359252283
838279085
47280109
218609136
74379383
644945769
183242197
137912737
142043311
814644444
390331129
640352892
517628009
734747292
714065455
185608812
284332757
481130520
123637469
295901642
157137737
499002965
851237318
457712610
551136439
33607471
330635167
709109623
678673012
285560735
163201266
782480758
816458593
628322985
806871577
508069391
320170673
345085673
810715617
427106411
190725999
674682989
108951110
176741785
904129953
850254109
846839713
453352730
432342502
513422100
463666417
657630624
743935061
928308627
440309150
91078082
576536761
408187994
862562777
432878316
893435300
580517942
127816870
231358280
142920716
738319739
20959371
918285617
263182565
422835077
142023300
213053296
688155962
456348949
850791060
391496838
370689022
448844328
239178910
353044417
615976703
825543418
663452939
810854059
569768649
278598757
773659813
155300667
794894164
858833200
307314041
194702721
548881982
134744446
75533989
682871306
847194016
57687088
803353028
300167321
351393980
701385588
128254356
537846129
88303894
365469260
369593208
190781146
247483660
722130866
809821648
418218208
115609823
867721689
814942971
311062522
338745032
527147299
774731507
308546768
914812524
863614714
886124461
794171787
908231421
135428432
169425175
363730184
77908816
551244607
654316016
407148642
707713208
120408346
111820631
389313102
228035304
875444233
286792853
807175268
217759595
543856032
125444606
297219246
296054150
315960400
113827240
686063542
524719248
900358206
488912150
810480079
608282701
501382534
844700590
472239509
553609690
262692206
37234619
875429839
601578733
391484082
319023396
584465888
708391111
795632998
210506738
596286112
189741138
351690229
678729673
372932121
432775414
535291793
638318890
566076285
579528732
671120480
786226193
865604004
178627147
73975851
802178379
593785629
371671160
647271916
577093
292894762
9939835
183401285
619854359
259595837
602468882
42826243
909060017
71165069
547835774
113734562
894040533
167874556
828384272
517345228
305611378
564245448
807134561
33251695
601494794
424061194
364209082
766619559
793613784
444604750
461493629
331183817
203699649
281355098
109492805
281339333
158809790
536299518
815832158
560831966
683399616
236848739
832562080
520226827
862412080
60692849
778561324
861782538
208051843
274927984
779008714
493032288
362503470
601496111
476806221
690845140
325340062
457463368
663344590
899786673
669379311
753015771
130936758
363328903
647925925
99023951
7628090
330309166
621265243
272421690
41721530
352971559
134502660
273446996
881594596
442884719
597763994
918698048
354117482
330484610
132486084
405612273
505214696
699016870
917087502
468565079
82411134
344419520
594136446
326559566
876839396
812872106
596061110
520534976
811373570
498874025
239738484
347615634
661679208
649867061
330916250
186137758
668318029
29803015
305890526
699388168
445874521
474518543
466366581
584493932
353856671
487878691
71312682
740908348
410486535
858955132
868291760
506226390
577519204
404114645
589844208
6870078
93758857
703971268
775091272
810665391
582273064
586417833
277831556
35379060
290323603
595715899
457648108
644474970
227096897
719552564
208001599
273979000
868033061
818043311
566534413
401382511
209880210
301936238
107410031
435469549
735891337
596665000
487818504
259218895
669145458
717983351
267404961
181555941
585701280
706860772
116008317
847403797
667498603
26799270
544978521
212459042
417329124
761660380
410897037
240720651
522330806
329241481
509864424
463182575
306574125
218283255
850438987
905693224
261188962
866805222
646879528
5644044
670434392
109525068
584552260
165973259
330611089
633825556
104766191
333927912
765060239
282804941
570093913
776543172
904164511
270902736
548437962
604928902
175811516
181201408
597757196
810586611
541888406
381651192
565329005
167194758
863204873
850073328
238346049
147075655
539252644
236117069
24834758
42337874
494291650
366686979
100510365
511844140
162459509
917667456
317322002
540186279
703806235
129092027
791310775
802263630
156170769
881704190
610807152
118540404
360852780
609196362
190683358
782722048
188467191
737068294
343497159
118497313
769386751
822974375
624044891
576909924
587089271
659875987
289117408
78723995
109364169
777689791
440768109
532620118
394522570
718238230
66949155
564889895
129785630
888466608
45065969
441070605
24824849
872196605
554856469
363852475
773943074
339708343
322609930
554732351
575904337
525717885
699226207
413753100
302176935
581715074
450827990
163220311
562098243
251708577
908466988
483961976
168288813
348948725
163848815
481148867
586900787
788290295
505096538
297062429
747268598
159798482
69025373
442083749
439479273
686307047
148435178
169821557
543213608
39351533
536037481
610055596
490128263
287260988
87786904
539818552
313414132
461192698
186492814
47769769
434460244
904685026
67756778
761561309
17638225
35636674
707361355
488424477
449820718
56002306
333094711
327500045
845294709
516417384
913496380
617922737
16088427
119810536
738038205
187020330
36294731
126608859
82279290
912901959
456664522
60367633
678014270
710910692
912510835
116615475
332104248
840656874
91545396
339315577
158803261
634374965
814001506
97175713
603357277
335562402
807307385
779901270
660175391
269021505
598379287
860987714
806194832
36438053
156526506
891473766
268132255
538474806
311020522
399004881
730674897
896762874
647509284
850632818
734864332
49937982
671774257
550867830
64524361
557167676
472627787
712298686
45091916
565927959
923081139
223384910
220851993
792909324
105222219
598704272
565468348
528649413
802391722
912950776
7824105
616255567
635845042
201426839
163811695
525617889
90471622
74616637
358872259
703016583
188654985
268381175
516570270
150063410
255062998
170401530
160017800
567750301
222717242
90532584
876155787
42841440
583048381
431178821
616246398
338970763
225428083
542498304
621482509
274991871
143377740
201545760
334264821
328230268
498013667
128363268
865139346
535114522
687379560
609127205
567468021
816792180
829530800
275110708
502328476
13970631
151459963
52408912
901654478
674205500
563988110
71587663
223605916
446918027
459093189
609197109
437690620
460139353
331081732
326643312
332900497
219714081
253646445
662702334
294804358
630413268
548921126
657083894
115179266
562279148
334736053
320086458
172629867
926848631
521556543
99698269
557351781
485119089
707763130
371790347
462338721
924102934
636306046
355529168
10164984
229803653
11220848
865203338
276754797
154478490
461799310
349416972
67742277
5841953
320712597
572569732
601512767
889033108
46294752
893322018
593750596
121818963
868584414
357102123
229385437
915750696
824135298
451537322
126080082
335732075
472717649
521658500
303999750
650615344
847051342
319996325
367084611
256959566
270475351
337723505
343951450
346374272
715722308
903237486
809365779
150268729
601707028
256739301
623193720
402598756
155781286
112577830
719471538
653038909
339187775
136912785
412889682
854405014
51174608
734020098
160233462
12058066
184548720
217474408
767493558
854987715
627542500
837635219
292839377
593539583
299942599
875840939
82858053
53752928
86655796
684070561
188014673
528316763
115821099
811274271
368912566
672555266
203336189
568621085
862508615
773614144
69381710
702939248
556636466
425175017
563094400
835939306
532041128
277794978
811443029
658287810
251066090
919387874
649397171
634547891
15516711
138535145
378875132
28611713
927380014
881428520
179050249
547146679
127961522
561474944
355626656
560799617
5321800
300747169
663564321
413346852
286987778
205439289
862264155
328092679
834254999
124545280
504611753
156586599
85576142
933091091
425176201
871086673
782590727
457837854
532051953
714909912
392100404
131059662
352603707
598056220
749874446
687853028
137524210
919462378
876879412
799876835
666911640
480721674
239420850
592452296
761879087
874524803
231319735
12259871
390720799
807172043
202739435
638035941
405502897
349708601
473629563
22570757
551357436
7580094
656489177
41594510
398885022
124349432
395478803
540665420
48726683
541272408
365262579
738178129
117734149
156483920
721826259
85609934
114076541
422955604
333362125
636245669
916077094
512893227
694510702
189581882
109360049
660969355
13956208
911396150
906123882
603788533
283532897
542611845
779884180
358639730
347932062
601624242
236410227
723047052
502877329
317043400
694631538
616321277
511204373
199788254
355540208
241036775
507925032
804154607
899094870
540921570
430743348
509187966
662093893
168202377
151825988
119102215
733377576
450026431
137147382
471396988
555371717
713826075
249590545
893297811
749762020
910301309
199697716
870915216
393625875
258709841
595905193
784797119
160627251
62663641
537508218
289653656
235094970
346506284
86571135
826587871
726901047
628153848
251472978
681569882
619676787
514611848
48469309
637176666
12953976
371000978
263717501
658539528
404698937
554991886
904799615
530564704
690266096
71263793
207867992
403600381
765387467
761118507
94341202
125927374
437170570
811985052
30010329
368235993
233643973
792617170
534555455
211931467
725515018
73495892
720104747
850205803
106734218
180539432
734828451
434663951
5136705
79589670
700427609
370158603
503011698
216604515
260300866
301327750
766666040
616698716
75024662
458486423
593838917
813274323
133405575
32499535
692636210
192370013
583439789
374036495
294642265
841036530
546215017
843643553
722073706
926064596
516362605
703727962
612554709
569825811
673483182
570116414
619823730
225673922
679234292
120781257
751221813
501597308
695606016
415113203
330828144
457886905
667743633
737046484
829150495
480161535
282036855
519112099
18519986
27779712
601588382
591147638
472702584
129664847
373314038
785068031
206363241
258604246
471760485
170941907
240007527
519639353
92104514
714893223
850859141
796244805
340907097
622613459
120757267
322030898
104485499
528558814
888804029
733706566
106344556
150458798
723417884
632122189
697911967
275348312
813977904
484158122
437801440
710049677
514290185
550208198
160909833
710495046
400723213
780794202
587632608
191566478
628650455
485549665
863878396
851932326
866004860
903504995
597780747
774652055
214143121
389623390
719244587
155547878
725673398
774243387
218726921
390931523
295601767
188448106
894606596
165992621
134256690
223308111
14034136
815770525
770906302
760799370
217875293
16171490
772808956
551512065
794615252
3632000
221140750
865760901
739629769
15434438
203992271
99615036
787060618
666293443
775626090
146822094
412353014
99057538
608065160
839168398
541424716
669943404
664755416
88982155
330027107
94354699
773639461
209021400
226227249
645052407
407694047
166983591
931858772
104221229
313618839
427342281
916335746
12888085
190510413
625902386
306600131
832099997
514044814
109074468
556487548
498996512
229646740
417491742
679041197
484553501
485742634
670676014
285576811
625604208
246422954
121960119
201778345
869248334
818316393
448111551
506785054
370400508
119247282
496497453
414648488
201640631
846139428
907506305
724718401
206977832
474804666
498481641
699884974
245090197
135339123
680208140
364347739
810669029
190298666
763521162
235975567
345934099
168695594
566602520
211794437
84635234
154903101
191335307
33960791
897660819
196179923
843818006
903745521
911991140
389782068
896165626
618062594
612010095
909656861
846183611
450970029
371919508
861317229
530364092
131338399
715567552
572716866
653889947
916695817
413586702
788627071
829125861
9874732
93347664
163637924
355491912
36099628
894126448
277325498
687988800
100254069
112109687
84289179
403348941
156675858
197198536
254498831
583940144
597542331
330522785
723266506
688728507
434731299
146202326
800128188
25695017
910285561
512339767
28244119
246403336
93989223
635265954
773789043
289659721
605024975
538010604
80995607
123932527
904592464
227783235
428938170
288560475
673109699
645111047
846578017
382726470
564953809
596517889
107387320
917376522
909626871
441810780
549162700
372557631
612599622
920283692
847092483
311939701
642131958
126242539
25262061
6546508
696362181
380459185
359231307
303921708
860005733
717619615
212842764
459256285
56129172
25977443
584964888
551825094
477536290
61022647
557331096
299264679
573305129
336208374
194645636
306231462
466411649
709065664
498389629
596267815
383252346
508818324
767942909
652231043
205507777
542349050
525596245
96152274
455275555
581046262
324418135
478527974
386036949
249323060
743943233
326705846
518824937
573087539
638186938
888710875
538036448
399563759
64412776
305434013
73581469
668932950
889837314
889576112
790380857
904064507
722899941
211847607
19221507
230047900
210370131
720538644
862339598
527162708
667463119
482681748
709900100
302439662
216662413
166840788
805298294
881913914
511932025
104204383
225752961
377525262
341442869
575033474
683061425
875857964
932537997
362912086
487600433
382867204
434721061
859421811
852107946
718607281
824674618
431375381
327885388
129999459
677602444
153473845
672419758
303662128
44800073
631719497
87607234
230454728
188739375
874174523
18379484
289866959
682251795
219279240
640379614
298555363
491394302
813060068
48216062
553101477
554439490
377170335
561369511
633614820
296686021
383519575
48862992
5470474
830161066
428076414
869331885
491936263
564863949
220225727
634072287
339776863
497384055
17238376
624405164
142783835
889630998
239054620
100303408
715697690
141095928
387134454
243983371
278489718
371151493
612011238
144315520
455902821
308087184
37011194
923353576
391475372
359844300
464013000
26833447
896799435
530553927
385370333
94856205
5557383
43376277
236812401
450750342
676731904
102732721
923951448
387889183
526789927
900876098
243470658
138686904
866851560
692525525
77492827
146517895
549299029
66598654
514168953
191098248
502836889
273666724
476982822
251748350
268044319
329339264
356657791
154358768
237808495
226662552
504365130
26783665
886692426
407719167
459011594
370633326
777352944
829963665
598857240
238351022
153055278
745757309
394503772
636055934
243341454
380228595
19552093
890068118
47598609
46787472
199440625
38421001
482965195
543414014
141999819
787547915
144163774
856586770
836140809
135071841
700550116
832712771
650438785
303755996
291836625
178467333
555441514
377805030
254758653
466311085
827761678
24026916
526248546
239052861
408381745
521543023
157224219
194348934
308024347
306504336
866305114
141683604
471521624
117509130
793354234
405091910
618718253
136151165
721803471
124770154
78412887
244254516
57338180
543789326
603961712
575450649
633401357
842870362
800914957
364747188
468570967
472506004
225748674
708611253
537657388
775825096
554329125
886284944
305367596
744952372
177263246
250169747
666393553
276388619
910054536
170115272
703428554
291315356
23242464
510016886
334108596
7989465
893265388
361386492
793307931
683872831
414217756
521945364
167851262
325799364
698044893
363580144
326563111
690974179
680405495
706427036
763815199
604399440
836773942
287286317
694863805
236974490
51798571
371851974
399119271
194766911
557297699
798639996
498337933
184259908
696436984
270243179
420854136
334964322
59736431
248039658
309300021
24605253
197616937
575332122
373454900
330565147
744947851
41790267
599424884
642861732
746237369
286000314
625961767
489680901
736677707
756346243
194991949
314903451
604525861
351391010
84824620
345162878
368827917
54579202
210120129
666819533
833644805
309643089
825859855
668661427
768168496
47800659
513122764
358545826
505412820
173961179
845096457
58093071
276538658
428861082
161613011
350447815
160860076
317978535
484228871
281281253
94024233
488041079
837410420
80036000
116665599
591906919
214106072
433698909
298670517
493057583
674385985
335042895
404462526
359367805
415595327
191610261
284162990
841923883
749529896
296171020
38509069
841885027
412897515
279067295
307347170
242110289
710296844
251968861
766417646
130223141
307424269
844717430
917004145
449159517
529457274
751901118
351378586
903650569
10185835
251650739
519315209
496182613
510361973
322968342
466190119
311482743
279140316
702890797
315112898
699981758
371855155
367801862
242813962
672808759
546591076
379174711
429512645
501344151
118655734
680387714
413263842
653273426
300262806
816990525
16846566
625764440
868748439
458314467
564081192
73469571
567231067
877896277
252473487
347213895
33794575
99820249
26434810
495267178
220582615
505514512
583443007
345585266
540503776
65646920
106122102
652804792
117472771
296071931
641239029
376412105
644374027
541334000
598230807
917194276
574011683
859713780
552213798
266174441
554281488
760112667
822933699
231443741
378598777
563522369
375279979
327506925
154306788
391802859
873256595
502908278
186174530
6798661
900786113
869332637
552648624
585955787
307191728
835614895
199522140
217537592
201762262
528983199
265737000
448105111
722105400
652572728
447468199
757970886
411948455
324489526
435668822
499390977
83332258
37810042
205027866
198823629
30857436
282621369
364200007
429275713
849368410
880025209
258202053
205865571
157483910
847522280
291795274
516204471
44534460
21251711
225673413
504642147
74757321
758652860
61783864
278077093
142361918
223135650
85288864
701668066
166719510
75428199
818588512
549678493
301971870
552297658
870642504
99130775
855196032
914259647
43804304
484789775
891057758
364317563
733424221
862326368
466466805
9818112
134289633
861818432
731457496
57988023
813975361
710991909
506010916
565023627
672203369
490931773
504953852
309135567
69055609
909868148
569207593
201161639
331482967
149506354
569781730
748304525
741134301
578001137
488718827
275670539
308629813
367027702
178762263
554099744
424674922
646377707
505130341
534319308
421676089
747263741
284807462
688422272
297789964
119879648
339775959
516575573
566897277
177037496
645062497
346412524
771909421
487928669
345402441
244179720
191862316
930557816
285084831
566629524
468723398
687901497
829736340
443926556
832788544
573935305
897214023
593783277
732878879
765833220
201085000
499803857
924807561
521629747
839969811
194519700
837564344
638229865
282722657
549384803
707020595
641698063
70856305
203067027
414649372
801421902
455293031
924710053
828844715
277355873
874051248
402253668
484012066
624909756
258454537
165330583
238982222
385932350
382930074
354711206
676170159
434947919
313788799
531385297
42460138
744370353
233176865
183674351
167211536
366953886
97568150
729248303
628803821
217289307
15025913
650189842
167446492
176041988
750824496
877792958
60344358
453903397
81897745
181513009
242536757
895738213
514847665
23635360
857846108
496010613
265342707
173030555
752802646
751826895
543042030
739266319
44589407
176667036
65473811
261197446
902481271
144711415
626692613
113990277
331487101
697694565
8761526
132683554
395988062
165361976
552526352
7796847
843745734
720434057
357295638
43710912
555306419
361128621
250733255
706761203
105730728
470947877
602138962
375297537
804095809
365485847
190246949
133599143
249853436
651647416
774662047
875052022
104488314
495930813
134609013
818923333
92444808
404081340
813006522
422580172
626147272
556843722
552698384
885832512
752692672
887769817
121420568
542429809
81203872
477956599
268711047
17416307
911832759
253959491
813038783
212381588
286189752
541223673
322470806
932974101
304613828
612776231
702549088
153416562
428093769
278525781
54736022
711811458
381178588
928435117
889649579
728176032
863514906
736700896
868758755
869188341
682481319
772272316
881166728
545286955
585147500
75112988
712758930
19627214
825870195
55477910
179414483
399822857
440994231
814337432
472399833
794371125
932680647
912263277
343610007
714100331
41703180
315699030
366708422
314545784
574064353
913292586
34929834
844638109
23830370
89496913
372793719
698913530
296161137
390817487
108026456
348562914
648683609
20306674
423043179
814197562
429895110
258783524
270001497
865875941
268190703
398645420
311661828
104508276
194950662
687595318
103678582
517813842
322683334
741339221
468037733
275283489
145633287
74486234
294173216
86129925
298900779
733856818
905158884
693255511
722889236
113538993
78837838
506926888
861640622
606450549
512721712
447668339
37723195
672953008
216722486
427296545
102930874
337999722
893522979
8367832
188599617
320964182
498977936
495287018
810272995
860574532
52708214
917489222
511368162
220512018
252310322
352575621
898632162
276331160
772725376
838999260
61793957
789466638
429652044
371245159
127321444
256871707
669857187
115431944
651043104
867338196
838988497
723024933
154824299
517364614
692325562
255822575
146334676
638546884
871532447
394331679
727557107
469555050
438718885
111752902
395595212
687269860
793532477
2695570
915573367
214284620
715966844
176953864
872187942
425775649
223250161
156149981
385309376
322823777
639880713
805966476
743643
105003649
452294234
17807734
774201048
294654789
10982131
726306043
547063653
521340219
550067092
389050105
403736585
494668800
426273485
828906554
379892163
407462034
208178782
816913769
130464795
425682380
811413700
721653498
201946396
877313916
391221853
284172111
739731498
219827788
663599063
666065069
325490986
708803043
281998155
629338188
839009053
182941492
830156139
368199973
548686451
446375906
752997950
93981787
766632227
894849048
318468959
608248557
859832896
37054785
509902615
84922103
705153681
150443150
150238669
292429504
327273158
441851069
678380121
23161398
704632774
652375823
28154828
145298254
759967250
125446806
219154270
440569715
764967397
624624364
881894965
767068496
234502483
135990586
26169012
659079829
809158790
759790076
645308212
49510509
760665205
126962449
666281638
654545901
776617469
563791946
743708748
614648085
167643617
778121164
907930652
233846156
7165442
462189413
357617893
264698266
589712609
459930151
152184810
59519736
796772849
98004317
307092054
226419452
358279780
229116563
420753630
627013238
26340890
779228971
144940321
472606044
274770074
172189830
628660165
378191683
700511281
353476388
291497970
744857618
737163722
91299066
137914092
166301504
726684511
712584021
775707605
505624003
654033189
719059566
121612928
493941387
319253293
488232360
55360968
363975844
278758284
855843532
416921180
704389110
309695810
727331030
32073659
735875845
887881517
912659019
307215568
609948436
342884687
364784497
343849699
754359743
836488786
319595066
506939926
779674045
385285935
235186158
2347869
5901533
375332290
536044433
717270250
180027640
376282546
369954795
53418827
140703189
186955029
139745985
812919260
489390358
683050248
884155149
660334732
418113030
626820723
613457789
2324238
353698595
316487326
267266363
628434684
315912766
160056018
272438921
543396476
510557506
931649020
511376653
372925948
682422525
194371231
355795889
385583261
550108254
761367294
719250688
506024112
641550885
373646684
624366416
64868533
163249056
166835444
97417326
169735909
713216353
928105749
119821785
316947735
555547806
41386902
664391532
862145174
388265997
495315827
274620351
140472870
152384057
349539168
193324168
567782393
119944762
568248393
931115562
453013208
198619991
183620976
107714504
23244778
43619229
616809364
263325494
889965179
320353251
229998790
501065257
160912757
159587328
594404487
637257850
215005747
817285230
80947175
119166986
861531502
876043061
384019654
698457081
72799220
746749757
318706703
245442631
248234555
406312344
235281957
503413363
5058528
718581032
561775701
416534324
368313469
416555675
31810422
500740985
488398933
453216748
485112219
140688824
700850753
238318887
182848227
355657460
85857400
567407826
614296987
483628277
65251749
105455723
40586163
352408267
380705725
38967313
771080180
706048139
741703116
571069345
904422304
445250218
759926705
32924808
464130415
558754816
23171705
579985211
618324318
387554200
51327030
605736958
568575880
496723223
758687536
199559657
33290375
174303558
164588637
756281618
869477411
136261367
607943667
345360508
185728376
194366305
112979200
537004700
159579179
632798297
76601245
860631404
670247848
793678741
906427860
20360930
252918853
441801393
319459749
107178701
265443281
164737895
715360322
716652992
125152111
628620651
806124374
289410494
640644027
674032231
398411735
592449453
124236587
688080528
455512512
205538644
42562653
889352556
288325311
123384462
817147845
892031260
877372682
64116403
231420847
522677081
399371401
412683209
390438016
240911075
6670434
408038705
326144472
262860730
586991738
540071320
477543234
483108850
148927298
230375234
458046537
311750174
528061703
364515764
786763766
538675755
210333167
873022628
637765401
241748590
363314953
494722408
917811052
852796288
810976687
255020702
13781473
67818148
641813732
141871688
122214371
201918568
340092633
834629825
286442016
376566692
215407881
851944770
170438787
738433206
713782441
618707097
276056566
709551281
650385036
480297085
847868385
476520481
457437676
90505362
755976552
64948816
426641402
757108469
527989635
797719009
349375355
818434284
257990202
671927963
354050117
607187932
505383987
408478123
589768953
621362808
775946414
805194398
49339076
575681993
451735466
303156342
850033298
721668631
633354932
63183236
43175698
854385145
676491724
504998611
550131126
819860191
262085485
394300580
188630123
546169260
552693558
662804452
423524872
467366350
86552594
875836987
372926258
930363715
281439702
674122521
819707006
98347447
224597279
909496714
395720466
712782766
465558691
114667928
893562786
64605426
753140940
618501714
259924625
143603268
749670192
231824316
879041684
875084685
121878651
105124192
263143543
833162962
381671740
108918050
568721568
78061321
165449012
557960652
696545064
285166430
873942516
547311546
587638535
639824065
12924124
358014923
36439369
391396779
428382493
424506294
309383844
852482573
199546921
847912994
273332614
766857852
675335014
294007840
88932284
314332636
2349052
280659960
372895688
635175296
627198723
361493280
853596023
155400672
854081736
296256981
272303773
363650138
472059167
187057708
303209980
616170977
385761245
719648845
7038368
779568943
605993756
139709156
219885717
748999207
869180432
292307235
484893714
542523733
162458234
858314161
503817355
907065847
707970753
663495320
493674240
491602441
209685037
333797907
671917680
375248125
63938585
431403760
871866609
447905880
741221789
605151101
141738925
614906697
769981423
29793734
383065510
444586320
643320602
37797255
799939379
573781155
334881608
420250219
36692818
251802400
703806389
863329103
229378289
428893737
323024724
520434593
129396353
774113720
833507688
802361963
777131862
209144851
684208248
299146399
23097313
317950587
205426131
561977332
271585695
721625155
163559545
854419697
59782764
906526405
69625067
311070160
413821420
52489864
324098316
650438699
452413600
414652926
503387845
886924812
502059173
503128519
256441192
171079485
807448739
273629546
349351178
505255209
362551797
902558169
771228189
446296508
810301747
556811773
763039256
311083642
346719234
572095316
591664034
328383562
160698233
238055872
59144936
427579894
661028466
785197489
117894373
611077481
20919219
703707004
464252045
274171577
423937998
292890667
791412655
51866856
369424504
189814894
127704476
338608868
397320887
458228838
289257239
681498783
805343650
503018066
411134854
10614082
321115260
641317971
215458321
689249317
408074728
264290378
683393049
749717444
351969329
257920606
426622119
392676887
93445257
80687851
710851526
699441359
775586885
198505244
836016818
238803740
327613568
168897096
649887558
516934412
456542364
673446859
575693304
831601404
52425563
218931232
199407917
209294155
392988854
169738853
553610883
369979361
270316974
22789757
162061166
558277907
787858091
84765526
762386170
851170819
740442852
600096877
262859085
144396440
717997349
415414714
879995172
830267557
630359481
33624047
576058251
576503105
471666388
490786093
647698922
564368527
167589508
308425585
448227381
649901919
135987443
732185302
177712117
225351317
534692667
85597004
72862998
854673303
317059243
728541835
920871039
256924606
423789697
449008658
644191175
360452048
778882690
231934057
673303201
568860315
201464461
801032282
36070693
605885971
676274849
797784736
121952508
327067034
838885349
429570363
193580764
352962093
168324160
433934530
603337592
890525898
453181952
530969032
138420378
611325606
689027551
539362020
96815708
36809108
299082600
593589528
323367242
617262427
306401533
924476132
781225405
297797108
639349843
765679531
687835536
734494939
307754449
738361461
721805453
302218473
898998288
367340025
159395833
31502100
887269779
655818538
575516114
267469029
341410039
869109295
811369955
233661441
190999736
521905597
173240113
186362446
123218605
728533765
824660867
424520340
513390492
822527247
541556693
486036006
822272629
457441344
13461881
452098788
444824912
680509826
772735364
214023012
87703258
224715384
759537366
217389978
211791238
515624590
144966151
228631955
190547389
923923342
361033039
593011365
583122419
779456855
706648511
262487067
851175131
34020486
231185772
51900188
519767632
16706765
645355799
825928593
494264286
583165593
735636803
202547761
80092024
547729606
28798881
913351668
171262014
592626708
894225642
114672282
364378738
928077479
179174977
78321418
792798483
686349488
516218095
99989187
640115671
571769992
192560020
478154742
170635953
456092928
321762680
129576444
765523385
214193334
496243996
4209822
138694678
813231997
440905644
263736456
455867416
385926369
80289530
691842279
17476609
58962230
774814405
476096897
635063382
487660145
922590689
869084495
485384840
33322095
844887689
108134738
539666115
890287839
653549734
818931936
83208761
877184434
131925178
34112622
495908219
367600352
355762302
149256496
735920334
871309092
397632580
547171746
382016441
462361151
154631249
901516192
501877782
743968763
442669671
28192434
469216896
408639893
368171385
106380672
309681356
885176671
616774386
485061538
520250462
652876822
517307833
236390954
630584359
840632908
289004750
745690206
484436038
801351062
672379598
192215118
679541674
268113047
567597356
51813591
207755075
671676524
845163942
43152661
538225714
242170653
882019172
812627845
275533528
779593198
205279810
40258070
85760528
234273351
118969368
871796065
907332422
902203765
163512121
54157241
230421921
81093879
88695951
38749664
515268410
522799390
761175060
380605817
832367435
664896371
38168154
640063629
146822271
671949266
177422542
562810130
28830000
627814960
536811962
704414688
844375063
191662642
891066668
619046060
239677144
751652733
819315725
133820826
310562685
549546193
681364099
519869318
189900795
4092023
257037223
927968770
5312464
698580977
214999707
362078801
637805615
26666737
898698244
428752127
921619913
535232112
537497159
263048303
64367180
360815476
64644239
352208993
878827955
818507168
713891909
598223586
414693893
279787690
107125021
488627629
118005836
879645781
209690514
329125939
343303582
299232290
52879359
124501324
679296787
805960363
832603026
671852509
891298117
124619597
817173604
475574902
322330151
814787950
810037570
905405058
781988633
181367444
373608309
849459155
638863377
216603982
37024907
668628906
134466902
321389587
670709502
512132399
772002955
206634353
710930740
116918855
731300094
689493385
495877345
247029513
519687832
638447620
158135622
66901674
495421953
143038446
350029526
827534140
350920361
776073162
270342062
570897815
782547136
531671300
194769933
797834672
631108593
795631309
786462772
576735052
553810213
715812350
845712636
415023473
763617121
723101313
34643213
355312688
923204615
737804639
361318350
508420830
489563868
11239524
10956147
703942471
1421794
439236434
316146893
760315951
636601496
739327970
267003722
746865893
263504718
254738273
647404755
247976546
159574601
588044738
839758833
453413408
637289108
429935723
433937824
505506332
66373954
466297059
281610357
922417524
691715574
287443537
227353889
563753184
677742177
274171584
37031684
693404294
702997078
814302561
556706181
628026407
506014974
385815528
276712153
780267818
99729880
498322505
581480251
144446512
435628111
401503648
480831272
759732735
438835690
360125206
595147248
255207519
836379971
740589667
857873991
306475954
778390521
116750138
863997137
676560214
387185620
537845829
139871703
781227014
326634668
262669265
686513596
640727525
69288944
433527196
611724259
716496047
111608951
931330709
723542148
602017959
308373020
9373182
705488300
627021440
229310809
767486497
295354000
788555007
635985063
16560454
95875174
360915657
432606295
267852218
658004383
669814103
62061027
239918555
8115053
859563689
698878803
269579923
540448868
93261510
670653147
116356491
470140159
215827274
778164281
869232570
331436919
243435991
907175227
752770960
49375378
728968835
833501535
829036512
149270498
385741519
200065190
783906836
730626319
794716174
218850406
39215428
530338497
705907438
755622395
710375082
321108669
919375351
593141598
823869933
929966596
652985197
567214977
776545594
827161842
519344592
435334038
667209592
817838272
97983972
640785158
155100064
571209650
668477722
493749689
238605507
703729433
146646400
286221247
439424880
566283808
218536748
450651568
563607673
237774649
187542779
429375137
71224227
542041238
821934914
427451253
908348879
304988462
754735397
358574900
476505186
289993351
896830600
189737938
689858128
94884550
765133463
239594639
699910727
383237632
501953128
910652585
799378025
143396848
34125729
683003636
665579604
625955794
618162450
765413333
158603972
601118197
681640625
757403962
281366669
222186263
134737182
848579084
777347292
590304171
870421036
321672394
836101632
819440840
52125862
872208299
144074328
71821288
353117736
246683157
670038632
407372397
828026730
107482157
337017919
855120990
632030470
900476649
470837795
929170555
157602867
123428433
294055912
654205694
580789051
640814765
278219982
689238814
412205739
354380488
732670070
467226828
475317300
90985553
731483607
650470514
330691436
26954147
881651018
508246733
650909026
402491081
414701463
577451577
376690242
641487170
329351580
474161761
341351875
443435300
341565865
74647470
102980640
687028213
582242571
96283753
872450072
598425237
481903060
154646926
85164340
233850560
375788604
695808252
601263178
336913175
770101661
91393950
743805318
309033909
364051251
342817530
340742110
217056757
536891352
208470371
588214045
913244608
685316931
779855871
331446887
206713885
877401421
549025734
170278034
763447405
895528634
15244155
280157097
139149609
913265059
3075774
71507192
521522651
428802189
18616833
736207143
639823763
205326814
144957032
425953915
482335830
87991701
556432891
292708261
754728351
460291236
250949103
920353759
549523411
641295958
472231772
146785841
834887108
49939144
80496752
390760363
64043728
510438453
723377746
464402223
533509556
266592539
619043760
10848997
380152819
9655104
815228742
40284264
346133938
282506759
721359681
829909460
100944020
313658755
836102297
82729687
930024928
111987360
509300987
930508084
908846158
27356777
177284937
616725345
467190934
159748778
677029968
771397512
427023219
618295566
810636119
714333677
35724194
334646148
96782326
27421967
150616662
283769109
80548271
117341041
516124098
460223684
494763747
710479722
606255954
393994551
22238763
56078038
393924106
263524282
152290854
267030669
51830844
898388562
855446773
265526135
355650863
164731420
684304280
330529041
251891
639241239
169866956
65935209
363595152
100908938
876645038
794584031
872096383
753337880
49448712
659677722
788285312
835644782
698131776
628052307
372664391
716527395
167645756
250284550
19099397
741416200
179965748
514397931
645179919
453193269
896712237
752207163
683983438
25549791
25180093
873828312
445945265
538435429
386166466
285878355
78425894
533901629
576264262
185835400
672705563
146178239
149222054
862764336
165432572
124677235
394124543
619226207
779764093
139837222
419891495
639267297
873885874
332418951
187663830
23898692
271350793
295849016
685225010
626403889
837612751
469385677
841843075
889572935
12068701
401826362
774838787
678047734
911942539
147007331
238251705
191836331
486809730
235207908
476921822
894785123
54947716
450340529
429337266
719141935
458991491
747184180
789984490
56555338
607877645
595958032
237956576
117907180
58004028
510551313
611872886
800660766
695057161
843123003
584220709
84487314
31474096
773372981
555099562
182582765
408813719
308998053
722180763
341734258
117046808
778594684
409085287
526583301
483558500
496441934
46777343
92296476
914312201
64316464
557426726
160223972
518482640
27627644
103686207
674436180
55609914
878188394
279419758
603205528
76887524
188905345
884628287
386910839
456456358
610394673
562812117
281616340
508371763
588231601
771114838
333839004
390609008
279629630
104413352
506645372
52423789
919361848
95804936
867880247
89342868
33634183
116432155
632927571
883058623
705835434
562982943
845828159
754635650
137057910
597325662
649652935
69813070
636965358
9925176
643351215
716852309
633101063
60641594
412775999
327724534
883452694
316543619
814293619
503793637
433083027
181515793
858556148
379352866
534701288
205807107
747896351
514598795
373868737
773141606
700153619
344207969
373222506
260501233
872959120
460781823
364900457
584840121
792827622
100109889
503692977
80847273
735477509
327051111
736654655
901402899
919780192
320936581
528972172
671021685
316766868
347340287
133996174
533594393
751434223
777620586
923750573
445056011
614650171
818439490
657443324
262025210
714455574
834108201
132909497
625617433
250419654
140754313
167028479
738435899
16679256
718529208
754688082
491372111
228969602
94392448
630810857
313838508
751187556
133528930
494667186
246855515
482474403
609362904
437367584
32798338
879437271
497254105
586734990
144478127
37600539
296482953
538822202
513683448
2572197
841802798
530896575
31400178
510614101
330673196
398825815
848457481
249176235
436421454
597730705
268165234
93872315
159750873
898654911
848878314
326676229
116452031
404632920
273389200
826837773
64806715
105620719
117887458
168816524
562861933
98667511
132646449
202262147
114199625
193821863
231088023
90167150
411832917
92132743
462207022
852861026
100924567
62484787
362051708
418285083
732426621
564600919
28648094
704669624
176531958
549182545
832024243
531087340
521885707
363038431
213743970
736853930
199877598
767761038
240629085
641756036
294389245
574328428
408184904
681550812
120604298
572454976
784445387
812699475
16567649
823911907
436267071
916645954
715105350
289249539
337916234
756067512
916436945
710941005
113063447
263499797
756818988
739277296
804075194
810884895
196304013
745988287
184131087
537067125
891835582
465782894
512965726
717479824
177798057
116313112
301573148
609467805
115999330
543428576
902991279
196788746
630631283
833963989
404776847
516466807
625611955
402374800
651078036
643604869
465008371
205331701
903748600
201466731
384010219
288420108
63385465
51805048
486693907
418567950
565933520
58102668
421917323
32724620
853997728
771107603
559469384
40278687
483020364
297762314
483395197
9365086
124079434
399162618
18875106
639440438
686396951
802867976
37521964
791154573
775190949
231907234
95193935
400059000
209398369
7126630
533482188
68053716
909929251
856014492
317437460
822092082
89314972
267390488
717719754
421999920
798427961
651250396
321007113
125421734
283619220
880542241
823510230
676506750
377556776
714192562
772951808
695460548
296272742
654797489
537251939
853030679
566531219
899651249
385046417
249482751
77001837
885844201
211408837
336411222
306072127
19368144
471094836
673906110
564317727
347200604
778022017
386651451
449981993
247170418
348384368
660495221
559159186
548121211
193657237
588336629
149084492
596084242
727425921
490965286
199632081
399277350
466501879
649328658
798576482
343890721
348315690
871211157
775742989
448335150
628719638
728945826
358109439
673606072
156368850
484717546
889829439
645729800
374141420
205783991
639633054
558496351
517635727
97702669
761485913
764803163
389564272
904603343
147269498
618431721
6574934
113278891
696176067
214935609
97464841
449279544
383384280
634628521
633906796
589536778
647152711
553070195
833223197
785555605
494838391
431233471
744704882
521737823
924387672
517071182
277758941
822736287
896422709
16594569
16968930
853272088
73710594
148920285
330275240
810193341
81615739
114197628
711976171
521084293
291749221
260194411
336877148
808766506
134511036
841780453
383162782
924711487
64176812
62082376
69376104
278092369
641976648
475276354
92200929
454565426
523426927
440727788
446730700
440566959
388896843
869822293
468219281
433116490
481024763
906921839
80794339
574060297
208822571
74844646
548623035
819455497
805593486
513910249
626222327
720652302
103102084
552751322
314620039
611494080
305253217
587782420
837731801
117119894
250414520
458183054
442434604
525504170
837044944
79564295
313345315
388197919
99814071
736156479
76163151
73327892
106019803
403608374
374521506
763908725
755815447
436935046
491669295
357187317
253843987
648457328
744822927
906623981
632942167
186732448
262775554
327903251
814234644
382214756
126536194
311874208
907886407
382298635
78501247
518373831
289049043
415996766
512660998
112830999
860220278
369552964
228503927
499818417
729643885
632314161
40403236
746615441
206867255
234042142
600119709
246851316
259286651
102799714
318789048
253667676
40688221
668301880
376172431
707538107
554807381
774242424
486688109
933049250
376206588
455424733
497476106
136556332
594647933
285203470
421422180
666538330
840461822
419382406
142981576
622856298
161406444
765529430
822163585
895917653
83173714
34484138
918475179
95834248
723155856
867229719
86072731
222879718
112996783
368526635
418298965
900296317
316924374
494847317
660677783
57380615
4748498
329329425
120798254
682972238
163631397
512180857
140067570
608277769
768034070
779144960
620987453
684282610
738933444
736233257
666702300
928439865
159476834
614020236
490868559
818308406
29016916
739537900
172291516
234557731
270857706
799670579
669257174
632790569
446711752
466052627
842642529
231430563
909577552
283603923
288000218
852488478
79936510
553150649
378404635
652533227
865765521
317975572
66775117
575503405
298888833
361667767
544519533
135523592
910937680
838911100
619353382
559180963
373070819
295772563
143893543
747725308
29872620
245729572
741560682
165643937
229487126
515499845
834444054
464443336
758655552
224129685
882588898
622141729
503985528
30092842
336417195
812646221
766880194
470540357
795616221
187172391
753706127
304356978
72503526
224680725
512199331
232031443
35005020
736985992
927432419
891548861
766394365
282695817
452474511
300200355
61092116
337405175
591716186
544860563
362694102
140978910
776599908
317984797
277280058
320305421
824063092
44359036
477828435
267901346
272576265
507378257
504511917
299469233
527566706
242132783
427612887
752405457
629133184
72410936
508958386
926175835
704624713
432304881
577449906
716053254
131849798
77539824
641495162
26643629
44157851
19293365
417368300
210898514
397975742
191583690
780200774
888035721
241690689
900524722
642135588
608100811
595571493
366572187
416936654
162666809
150412966
870510330
309746932
107883677
462776476
117807930
60257148
393500856
118139749
871899234
550689295
243926217
390960174
726112749
747690262
88696447
495542602
389857062
872431472
136965577
866445356
175677701
446912490
81920268
701525061
347676890
21895996
385502629
453093815
780131412
652455946
490123150
649686432
573621232
10399438
362875278
356841154
676174860
51378357
616520287
463353243
174461009
67973539
200628726
238291827
928814633
493768494
251457293
754236091
533537195
378607123
813543032
13028217
925979800
140422587
380225227
614500204
163475235
129625855
633957281
683876801
46063681
792534745
839559519
355310024
787840950
80965952
532919926
436275529
259160101
493330110
576266242
267917306
171857977
426432979
781135425
15383864
393225034
261623662
581913028
740778819
532688466
480720624
292867526
708102115
463304317
501959814
587740615
374503171
454080841
626845621
674549219
774318559
667678423
488315012
445879918
666778054
401594830
59427768
852833347
287676500
371434637
402455002
268730652
482684435
300067221
621983972
177219664
791889627
878752752
717982863
70308167
326147796
489116852
165330396
51923441
698378181
432432383
427273020
407727444
377239526
419235117
352157348
495892295
817270063
266004851
712113116
842462456
265300783
280589207
808171298
719160123
240842518
860394622
28832418
234059955
753722479
163092099
308166542
146218903
388068965
178850961
5474897
21407163
727354921
846660357
899218953
528769017
479204284
736087700
503792710
239615218
136831201
139089665
586808037
690569745
86273529
652770744
715635485
702427033
879185618
506174556
33867207
457029461
748273980
602000787
585790776
838966738
695136827
499390362
187563892
483363709
812313642
581815536
509072315
746514657
713773043
580988462
569463503
45500221
196875229
899777058
513508337
201101476
197401097
911995138
911495944
884625570
427395437
1215873
526295889
787178650
848169189
181377195
300707345
747354539
664264815
286303022
157513722
794985037
56893492
263981479
216872413
44735582
263794711
232019154
26519836
622380885
899097936
921729380
828950292
650788368
920837352
311387389
306649934
198234233
909429939
429159370
499813256
451784581
282669079
756645692
186470022
149965318
375407042
300230336
642141856
84964798
291850370
83104767
126283085
404163529
825746123
301921765
80887077
679461055
523944675
727669747
758305166
594153251
216859747
751654996
486500456
63724193
281366310
872370474
323284524
72308951
356846774
169834046
558686269
394959226
927264875
472535453
383343483
765679941
87163030
274827673
829418752
17936699
178446815
763997159
653660835
41686728
359496528
88700161
537639520
290546291
600615468
913414766
219483021
454371365
811314183
345538276
875301392
684838002
627907645
126256872
21054455
632293213
360408526
179800622
703586571
213809470
714517380
740449101
156720663
530156177
413604707
640054770
460230088
443977656
586854223
319602271
522122084
202406966
285703826
462459130
121379770
281481580
663520900
44748789
701414917
543261669
99717619
336484164
334929976
629707822
268723729
929249251
542804826
578949195
897264295
346506102
764095584
16397955
754775118
927436396
7302356
813005684
65446274
458857035
476763119
790339908
172963543
828249983
393634876
154667364
816957081
111720360
272470245
248119578
527421523
595215490
745876460
159968857
851805976
416265229
542405156
564281098
126332987
148443287
9873302
832710400
602137416
214069170
42404306
542802335
15181859
300482330
210941400
340132775
804655859
85254900
432100132
47783987
757535704
422226822
536037387
8901225
606922251
755445287
698197875
211950007
407089489
497394444
468373292
842708896
439471662
813375199
176537494
329199616
556278946
659199054
265359567
834519143
751400200
58576992
179976850
875274246
509361030
918673114
329049269
726193751
335905957
841298223
256976239
228662285
920273565
576266472
778797815
23786132
423933169
584282410
827923876
848164520
740940203
505588428
234750684
626765794
823624420
540799143
384697219
362591015
741423158
421868923
636674499
770364373
701832461
708518403
610354556
220730608
466951266
275835439
482948211
38734675
258972544
208154210
360306660
119869125
919712172
618709743
389970835
444223912
41125213
179804840
208939700
117311131
478148445
267182628
607418396
32625331
521877145
709947361
62159198
425255525
150072754
382367070
110934362
734292947
466786890
285932501
754660653
549553999
135137184
683706471
827063552
49613685
705520313
806495125
87559077
346621550
255060630
562913360
153984331
339557926
757592620
291028259
264517373
757126424
52557745
28998463
355543352
887171891
671999123
399014151
121399485
542074631
82512814
48266166
896325244
499375474
359216911
60113486
462197527
76922501
635713215
649300132
818867316
139573685
801302674
641995182
608477210
176129526
334087360
616825597
819757919
38927863
828535102
722345804
84563127
677274376
868352171
831781011
489586925
292904334
792053071
470673927
926160743
566545038
49174884
509293554
455337460
554392451
793668989
454691983
524153563
888684398
903129620
619612529
307984168
266429112
756199306
329030965
880239114
53963189
878112036
572234899
84174375
723685223
739793210
509075952
847551034
418421699
352067813
625935709
762984566
666526084
225085674
344341271
721505770
183317932
113797472
569774008
580382921
441036559
125809842
841462505
116815849
443487254
831365903
568713347
525951918
321919128
50445968
281372394
346045016
495445186
532989611
667175912
691671440
428339409
325141506
380421970
44693065
155600649
869748287
557706784
589730138
111651432
316029857
376136615
246712889
547216289
134385930
803491278
319598675
568773983
11520707
601741120
313429012
454317188
464804083
3798402
125816391
447570894
719806115
656065323
92717446
406021387
20373230
722445425
73998679
315003695
878803088
547833472
108257880
359200145
21127428
395496331
48589209
64930600
651450176
685092533
609925379
306218030
695797766
829631119
376189994
57523752
6679823
424095344
328960583
707492393
709552149
907030408
274586784
630383278
110192024
271465144
752625075
270635075
632973635
436806850
411529834
636899886
695224895
186812057
98346932
769537677
580071838
71349458
135604688
576370826
611770918
555981329
183730109
22091433
396334179
104123565
210132713
742501363
4375797
272275101
579805083
23217133
109366111
260428806
36036245
660301281
273563348
160577748
745886802
278299835
402179427
816420067
532131426
520466240
412911521
552430290
290669902
396411652
6729896
321234092
369903431
771583548
448625715
469559650
639771868
77838992
83626568
481908540
543421076
870755811
678140167
663942627
448934827
177883764
777338111
598069874
694525982
660779653
331658423
469937583
687457068
852504651
775250977
355612203
496401806
311756086
686297883
412867212
653129113
336116336
1525162
734635826
606334095
400022326
218104267
711192355
433031323
52702922
756153261
706462312
501691026
232822931
679620203
714298208
885928078
52372029
77512787
180287795
266255945
198352739
51581472
730850459
236620139
649502549
33454932
885896642
142584671
203683125
838943221
244845994
708183281
685232984
335893556
495927821
64523680
114787775
462878114
850503724
803619506
250197291
770637949
45284186
613087664
382856796
571749089
264562350
698424144
834870583
505580436
907671518
746548780
531747740
516375727
69088055
382789547
820137096
616301668
605319807
764226537
895392571
324766873
308027855
54437702
886076984
906200421
304261515
743865617
557290183
756607221
539120379
169174551
735629396
503134174
348890407
266148537
155384187
760146239
133153458
256426981
114720988
846917098
145095105
227820607
771547131
670773313
217098606
349951187
911733630
841954563
364134592
924904739
875470637
424510753
432560241
395981378
296277502
186252879
211409090
56511826
297662256
719118186
444336808
745939965
431314789
15291721
695412910
617846231
181297800
359597169
486083891
867537153
326558576
208405952
547396465
752587349
40247563
814965628
374233996
685609854
553965598
131117271
136635592
863013293
76621941
595009708
69518590
883934617
286885936
142479549
897013308
397579424
290480203
485399316
14117319
340694480
154689355
600445111
624653973
440259357
862843261
355678055
750169970
513263172
739776391
258269273
865829583
407050000
173319234
899845851
65088713
839685957
151410474
626676150
50703284
349122536
272130263
820236204
551654253
622330369
921674811
893663198
739016255
178110451
523723655
136672362
558412550
179423698
318992559
549369253
784406924
209008997
89533064
850235795
333416837
689217263
132668892
862106207
764320225
293143935
60510670
187556504
339382496
593976456
379932171
317455178
182627711
41654549
267774399
923126600
506593850
509589340
281689645
31232708
724564530
560089012
754676442
498459983
354402787
583954194
391762617
585676424
712396848
725730955
641104797
257106620
775437157
249587518
787107402
427803195
379644650
419533937
93397769
604230784
463852189
396874909
712488979
900369825
208776494
140395177
753444765
825885330
342924235
669283777
755216717
784747364
875925278
126763683
832241988
59458018
507838439
582929356
433031953
405327240
422139630
50101186
7958443
490925846
230873312
869625752
256738230
589796559
790587106
136659422
12684192
182340129
575180585
114704998
533300008
279412466
882202959
247461036
199037164
907030308
31916331
286501757
370252817
435547663
714376001
727878931
800387378
777803226
258715342
867092503
96282622
782009213
420414597
757814480
536321743
643890248
323369525
204043545
398727044
131044622
587356630
112854297
331393706
289295804
765521652
11676113
784637265
79284801
452379839
350136921
172987497
702827257
707587808
542993676
165818910
220746004
225746626
208518959
797224216
868621794
691912595
244622107
829764403
595918106
678671096
840224310
327276291
653920230
684534616
158865230
887243362
649698593
688064007
823991777
600043220
65840519
69699716
196422520
847399464
473553861
710350796
706714978
483092988
659853774
423286926
262327399
557675047
100592463
568992235
351280986
818540528
830334046
520073169
59767198
551976497
922070685
184072820
70091353
691077819
834572581
348615798
93776710
572529596
860662486
784569649
74154732
619085710
446178917
761705662
793725469
620565286
695504921
332665272
862270990
816157249
445772203
646416297
716760448
691211567
534293900
684991149
243224004
86422124
480069785
254906107
116609099
426942501
693547199
752145800
251983427
2724178
664798237
126935679
389325216
86829261
28846269
918492032
572587136
813989183
840563346
401156733
751137256
836168530
799822065
65756564
720077802
348475980
740220167
22520512
87693973
40118046
685603286
367436068
119553030
92738144
664725799
796650425
670026576
803023981
9063367
212068486
493083947
92097972
733373800
307789184
16130291
73126428
761259667
165840450
101371614
866959971
573526296
427584351
128268074
397465856
888489811
414257436
249530469
855531811
776108362
555778911
154943962
153728593
10577261
552229751
677172078
623776903
77345937
906672295
461427999
608395232
86373143
439279151
838250827
396501402
278021678
429678959
104493747
912289822
725807641
731004956
30846462
456562975
685643643
506815034
889455133
410521473
519021970
580121326
82348078
886593241
823681269
285322547
484541741
148162037
431564932
403993145
929319133
330521464
637454471
229345184
500534370
434900000
245941488
877062260
686481664
166875556
393522300
312453660
156815392
727851523
706589951
27172468
257251649
95847252
79271195
419295674
6910891
669137645
67688574
794050013
358229058
475622409
389584601
18311469
26146473
79041962
400988484
442635115
292547321
752496222
631921473
694016351
321144207
885620580
345406985
195722058
214991294
613069643
850076915
451802755
709085440
409541964
17521847
854091571
712597500
120989599
524286654
834873228
354527422
476761898
429669715
673462772
373839955
38785935
398839518
448882609
78560753
363891799
293777581
891410033
86960996
135736367
817261249
29203515
687815089
845147707
929135011
645906435
396232844
516583053
506284004
614897063
748553752
36383796
861717924
523374850
689996966
164087310
240973501
26279539
332842035
180968075
437858792
874127102
90528741
797019517
326506510
929361830
247298852
128122177
286223551
898204284
700653764
878372154
863910927
883212533
756811401
385669490
601035084
444499829
236548036
476557452
901733051
535801737
823750214
59356213
449271385
76436880
899123759
581525105
620506617
757230139
735546186
128485719
189363544
643996852
287152116
345428489
542762346
880396144
437587970
70370475
661030799
360225030
439141118
336012809
345563094
784280801
210030345
700229399
39109186
779313252
759341382
526778310
804008504
404187096
758040135
702028480
809378832
103189057
842727361
95555681
634081591
709259853
743738136
593279839
89811826
570711830
245067071
485062345
275075006
739747860
336941666
253864000
932946142
375368899
496743008
149444368
756803124
7112422
176100190
505391615
63939389
791602539
197837461
162011017
561407015
367459330
237800853
16750688
709721664
289669805
747051800
502899539
795023946
862861669
866053184
481816464
654653611
59500416
379564546
170749142
548920082
687819666
636125655
509298896
260606233
538214846
44305041
689455701
98445545
839485937
706781142
484136979
281350016
528788672
252582632
674662545
43859792
163576541
697732471
608938007
338261190
326442883
731018264
454467126
648154615
336677431
503132359
376217840
539864441
159301326
33872650
23490955
39156422
151050630
538686075
29416905
704023009
273431982
931709702
558336865
493468434
358536624
504625395
902609296
356123871
507158712
676027935
683165227
678984232
719357359
520333079
292250596
200833687
650644148
107422237
893015766
608382227
772075253
789674812
569620443
290392767
560178144
208412737
879348450
315746073
314877817
188024393
445605525
727841771
581093863
46216872
432911939
757734769
283618428
648252251
331688995
202598072
901303900
165189067
313489838
494508654
593989071
11994856
94007177
154776498
535629267
571792580
487588845
621690113
20066327
900621241
564900719
259664344
607853824
873094023
127595830
375949404
898322067
661764946
532390851
772587229
715813822
95314991
246926162
394016015
608044799
429099641
472502963
213846775
621762734
835595807
758200336
451982627
759039557
857437694
624038796
185453401
571589169
725744128
412029543
905387028
61478301
237409580
319081702
733241118
800809107
428055039
347931456
541604559
594577244
200669830
553732949
148029905
753448724
567319865
37474581
720558741
893573281
638102256
804842106
508359929
279070503
573961898
566523796
658535911
321572041
591013244
431515552
656556780
136584039
733373357
213810168
598450955
592099342
376853952
882310407
19834283
355752846
840246051
634126680
814967007
256741001
926072298
58979969
702915893
44215454
369729171
664755032
764941038
563248002
844076944
855040489
2737984
791676600
520746407
413444851
171115047
647986144
419018865
26740384
501564320
263607285
536128355
281357093
277219303
929050362
388740213
552448852
529484811
898174994
573789167
615767168
586862346
16473149
394417215
544386139
476068018
483235093
851753592
504711316
217447157
864550950
286488952
653386339
216845093
513057074
699167645
23805569
144569781
156503398
13887952
429545677
11490767
673273507
860711127
247929314
240782157
561353735
527817552
35426047
437638705
113130929
867171200
924480096
891659163
157038234
628375626
414174002
825326539
582802621
677325513
221899862
795892475
153845499
326171616
297065097
763652552
880417613
475193195
651690288
919168127
647136400
334094827
725143672
694461925
177239731
466183714
468885872
77849794
725108377
246808749
908961567
867763786
727443750
416098121
589392484
819619782
730063841
343811273
630273325
911374809
508671901
222432821
842124514
499412599
