333398843
260244313
495337257
237400869
914631436
869007218
530607774
316548994
716397024
543529756
515368126
599598052
20470904
690792758
159741933
737112616
929583586
51341572
216440532
715511539
68498199
85542987
592890553
576040271
671460090
927572369
605950346
499285026
675090341
192349014
148788374
254729615
531199944
518338391
506171519
246268274
888556974
81539166
579539085
226206482
570952464
27791573
499401636
407400074
538797152
209752090
210616446
107280236
82418978
422352115
69422646
797970904
381065726
153641425
861178667
670374459
663075008
366401167
592918477
216308846
185166470
413528120
756113337
767437815
699168862
722230929
564952039
425935593
244216578
485469589
193940592
357346617
462385411
820651526
419489599
493751064
92754989
308430645
115404715
213334653
514171166
731538826
562791556
3599453
644510965
259890747
547674627
903499158
725453963
923480415
750122451
787505310
523445314
406717121
777494897
791983485
21862851
440224976
154635652
595032420
709447721
493312708
273587803
5897555
333607074
746834646
251795386
577691552
656992488
593344196
173564521
195019513
548035419
899693613
175313238
329727551
100709209
666702867
723532951
520653555
260314733
110110091
129673364
449615455
65161886
400037375
524842707
751236937
312427611
461833237
92935732
899613866
325985790
768415830
263505624
805272412
210963935
12020720
916841031
285843804
720900583
26241476
365340685
131994904
521277726
21701138
461820014
399864110
902400955
389534486
119801145
8670821
238792457
340787939
3034120
713657675
544020361
523846117
813184498
734959679
380415507
7771373
324516748
770925230
10334767
375953772
398207638
659378588
327962080
447937769
243120563
739824570
148241446
451459038
620353593
656237170
615823110
464373517
257593352
58743039
346513345
759623347
225573473
398759431
664669057
467916438
39539457
65361258
752111194
43895348
631634907
555274274
683505739
332328487
870163569
469917479
70770189
140789395
385682792
768342768
560296350
860591199
187972104
773624129
847430691
178360898
765698893
584577728
245100610
535834100
905175832
646916443
216276159
60975069
637259468
453471322
463146690
569724325
339270619
328215923
569435629
833382571
71550014
751643802
546019545
657021060
206630218
228382685
665017703
338540532
779236
739270858
257605059
768730043
529852827
139912448
419910434
32951719
521331163
11346378
142911786
881090958
696223762
674527312
311540256
335390274
173455000
812298974
489092683
379587133
917463572
702373854
211449069
620047093
106419761
211354758
93825404
21572676
197829784
221166038
65422461
270626541
479308408
142006327
684823003
503006944
871571496
423281844
857839083
709844654
878448901
310954872
655711362
191639373
887852232
757193528
671743310
307449166
114072691
762911528
567627139
725220248
289078193
474232434
422625428
176766282
551204805
436601603
882036096
897988133
748522748
159107429
770801412
641602625
20824606
354095271
643397505
863979184
857273014
233741538
777349825
176720867
165428998
847213180
9184208
500561016
217567906
258789418
410101579
334848300
801216551
298902594
820801363
771461162
219210966
364087362
302546664
759376912
189494947
641781110
442883834
649021559
270296625
81447446
359815206
733440493
410604281
593536487
308669769
707404276
51558985
502223374
131866678
153208641
615766344
468881477
432838558
272928219
757920404
338534967
455017700
776141829
508612713
686507251
519591500
330382021
106989851
190907799
208786683
643697884
501907347
492471667
280770736
473885445
800721923
327955720
673672380
283125475
307838874
760384951
264139341
61374594
114655862
161128242
264895421
155481627
79677779
441165352
237168612
407022167
606824429
8062936
595357881
31881074
191658529
339755707
637245777
78898251
8135082
881521033
361249496
63892392
502631037
770501136
113173679
5179210
785251962
460359358
63471082
284244493
154413864
97708824
20664548
909504708
144772086
39285045
878434591
147082924
773261237
106352424
351540120
404249920
767535582
893189874
79437613
800592164
917384962
524931213
659317658
551966299
643762448
371252020
485293589
444941922
211638821
734272900
116328873
239122385
650921712
330180980
368263393
289131514
519949520
655155372
691969166
671456076
307773001
772998158
495695204
441974716
179716237
167774226
768406026
717882649
23416359
250562192
577865872
753909520
78373533
791429020
226538719
165682021
265972232
653708053
416882383
329208759
865448617
798624678
281500598
616247459
639022594
751531554
432402293
746834343
300054987
151342626
402173726
366989897
146188161
243051008
435424201
284474338
243100991
887084453
56479660
718564750
756901477
140064344
302353871
267632497
559521379
661269134
714014824
11366292
482143282
319781663
680231376
286873118
720951039
203003541
275788036
193544166
236172344
572110415
769020398
80764945
720103686
919046158
733131733
322004579
215490852
387586250
679254029
785861597
584095609
328619957
358458480
751325483
190881099
222200075
267457920
5627545
695395830
31751010
467094931
78797097
766744500
194130362
171399425
1322539
652510357
363423732
461165774
504061716
318514443
748605500
679812259
309951976
342665905
291301999
309913490
27297862
474991835
339139712
520033026
716055050
684162550
713131216
83963489
885906276
597953758
123523798
842112717
461185430
811918244
242790086
256861164
503307039
844038662
576163045
245541284
705915543
825824076
719889514
88053389
820591906
783275901
15499553
694393069
123725558
363238524
212996938
863138204
561700468
134434659
608694360
298754967
58174544
645866115
473290937
556606050
802632060
516027414
363422187
450511872
545172449
281110126
780754111
727295835
131681359
51037439
880445493
31954942
805235397
903706084
461907186
678063355
421601486
676927122
830042896
358746799
543813919
203285262
714926113
351672150
351643187
651514079
473240207
109580666
821541067
465611298
189851371
490869665
570034379
879516746
4338183
170863028
730830392
649369232
917304153
492863912
833063773
786293140
342494456
161961627
519710397
766202792
714002805
20211655
113580208
652709199
854464115
107323729
626344953
831601715
836935856
184806002
112238197
548443936
892187139
719940167
252108939
22832576
77333197
715420310
2626744
538962192
906204166
765292333
126388309
156199196
133967111
682481799
307056065
192523571
821330711
379960622
669029268
502184528
98023403
870087560
793338834
163867601
537759327
655238497
310343539
390915360
827298638
888634640
407961287
521062634
229041008
23760746
98055069
785412604
799796068
286384924
75927534
896990879
534817048
537683846
390451636
386892365
204164243
855464497
827932950
586453012
153560941
334463112
398702135
251512608
591884195
191220082
177409928
659232993
496064335
265644877
779997714
703019391
787404511
409741126
491803486
775370336
404095190
862710023
713163083
914550409
451616080
912297979
846115076
295019965
829547724
249942273
819123143
88509427
450575109
428522766
759747097
193478233
65542215
872827875
46932544
241111420
533334755
170630864
639210760
164869590
503643684
396372538
481161972
103818928
173301891
871817688
286875936
743076761
709398964
50361889
129914198
832284211
591422960
456926679
341856000
184834761
838971391
118673592
22645582
921438241
812092134
120679412
203151229
385270726
74578021
716275523
131187567
92786704
75338211
717739839
915858642
742380040
826373608
387443269
201897456
83719556
905125384
784737605
142366566
687261803
235334483
280459048
525076050
854766368
901879462
566058884
839179163
303718130
35187545
266419067
68705920
884897728
845997890
86474241
416427400
594967991
479728976
688914035
1987173
189024277
739073529
458434801
240802043
896223831
392748190
301628635
150841735
896372892
254750993
579681483
571559659
280525006
313009769
9598586
603723789
250187103
755782458
143286128
923082676
127424476
757306171
821459887
50707826
178121609
551835402
367804637
361085978
564505819
348701042
601098067
250724447
519053273
483878272
50506205
415600253
204134262
18642605
96461279
770138567
566865736
728051245
433720335
343396848
597057511
501947433
589832115
522707704
420511549
687903405
390325962
34806815
270121437
928275569
483856096
832685044
375230212
206337505
930982573
366475532
129066357
106035646
312896719
667909029
816030352
187217051
59912451
651830952
488411563
5324496
139050621
376227938
459983508
538672080
556737515
652894417
308482
171451803
92994274
94062331
641403251
706396835
910224767
416446959
822922445
59853817
363917063
898026890
588436497
9480522
798815397
788880199
311818113
480160840
587803893
275153380
527883945
126202066
647295242
214642564
531550575
494008319
494412640
238898323
336609465
423898696
731857436
772756381
442173625
677316906
385850172
142432065
351843861
668793021
68905896
418544202
91850180
133159780
587643256
842970512
254231792
42253482
264215415
450148211
267409278
206592697
316062909
370609441
863759490
450644764
43254818
722575953
766512047
667465809
762130800
197749394
428123519
193179233
22588302
276725898
554827217
100191189
620479027
647285
891951085
852419602
280404488
604957351
693434414
118822975
244702210
208621624
57884798
253473906
905782751
706910068
89749066
234943901
317697678
916670418
155057073
915682934
191255304
474120937
171473601
756077741
318526959
455734217
491983024
159980663
801365133
435886116
809799250
693806430
122757338
483931900
269590204
254372634
166145474
776664841
772717975
447567196
712129708
505147819
369333372
98430495
153649387
740614788
809632899
121944352
658628906
594338960
47909458
653386831
866853745
589321627
346516069
439941749
553126253
841525521
575377873
61900378
120530523
45408271
819596303
811787221
172499679
394988882
770503667
530603408
401939140
849422904
462791857
223698597
302451002
153820544
110546586
812448644
767514772
870233382
578208922
12817631
218659257
524193438
91364840
350564900
250696099
615736472
57775762
143122536
446143275
108459867
300037176
715012465
609628316
704957308
8935603
310464875
472432908
262870272
78792087
482741000
64901442
227017004
400883196
341912371
45953616
524011076
931369325
431634760
562934641
910257123
532400062
210157558
831902364
440325083
926724604
347205342
532393148
521784146
104381175
620086027
294223122
787742290
919266367
400273916
930784913
438341105
425215912
671744065
840397905
777964926
713575817
457457851
482365020
752095900
143831582
853399283
410438733
626332201
927664875
552249441
173103876
882221827
24780421
135540868
631740202
831691879
709387660
270690068
596110213
405543194
737617041
193239182
264231115
890986151
321808117
925452921
334733662
504993572
735804827
578883599
344809221
543686665
191408650
885130420
488994659
126629784
800746163
495167310
271833032
58713060
57208894
472201422
170992872
109775417
498658452
199600369
146317471
796018366
116735104
931191067
849245093
929763796
44733323
217393010
395525209
217808351
559201154
466457009
703030936
136002298
174071174
898644706
707718039
505739850
234730390
43582114
230933013
334430076
46842290
29261013
927902795
335359571
571276056
742093751
429047747
113428187
729930475
593139824
453491669
553660428
715353892
720856292
646960886
718127084
316991306
154712097
529873629
858684640
239863305
638841705
876029903
209042119
445125444
147578139
650200276
531635006
874660004
161364273
142181542
583104030
584641057
399909388
426971010
107093920
290629680
583289923
293701323
923685829
738472717
457123244
895164483
529352823
354665621
392595431
460210793
395267850
185946650
567664423
48910454
797544620
750311165
592845609
918932512
640871179
522685805
511941943
92877006
25550892
871864859
880833379
175130799
465283790
687644746
102125772
58353653
761273895
194096878
134405443
141555082
616138791
387800515
243964547
823708446
495528292
833011657
656081899
461717967
250095241
282716216
563581674
88044681
44455899
415147998
396036219
1444603
254730142
437631108
760630715
513860459
311673534
719386161
602168388
430219926
856661571
925104551
190342556
118397372
706772422
428794560
736043776
604672889
39177748
152357136
136618922
342584897
652647074
913797756
856788848
30710561
4664026
668060792
67595175
218401812
748956196
795227493
673472341
531348408
729364293
330993668
568461926
748549354
227900036
693034575
2338659
192145459
405956272
88051802
204891386
751658937
449937742
497939500
273536454
441824102
891428636
182435949
756673000
163561866
501098859
235888191
206618177
353218798
789874831
140953216
56918318
233342014
594578732
862670713
135977718
425613392
617992236
750941140
517649432
761367362
484103727
537619440
129843740
402455188
364130457
624260115
323954650
479093182
649223328
591380623
125708427
873294841
796618925
878532239
754828410
761542034
899780719
797704436
140634666
438099588
714418653
656269853
880712874
178750429
776581533
433427369
198065969
444228319
437724451
426135262
787503250
569557759
70515180
415022723
132709805
767334675
580827840
595800358
115129207
623744196
127332575
267714750
123187956
420536416
751996260
45243687
929193572
355326874
39090196
606510758
908797550
155448835
666956149
7150425
335209768
838215786
303213148
771808200
480177886
7996002
501574487
81558749
897909842
739859303
257076800
110725121
234083134
273190808
726804489
538002962
213497420
728462175
662861713
534921998
376600901
796719367
575404886
339723744
246464598
328417130
368395076
210208041
355398947
901290892
515635004
913270223
599391114
388613716
586002790
523306499
9691423
810882682
326629872
299688585
235575643
806100614
308822226
257756754
321608111
543359896
909832241
274052983
684674234
217269007
845244515
750022653
923007176
604922014
523815638
480586180
864634494
815152635
571915013
176234261
603856077
321489543
515885115
135442805
331070913
413799362
749930418
623592353
571628999
562968300
143648677
595167899
362396742
746738003
561067813
747693656
391472482
119462276
304864219
129263447
90397186
541643860
517628646
868776343
639910355
826376537
899265672
760832560
902672120
712090190
878279003
805965611
630354273
762356889
908253930
81835909
305772717
61040605
539213034
784897806
196251389
618578633
199818800
513470574
111154880
681866566
102445985
157242780
291859952
756606004
740387911
219886030
301848887
16755592
320321025
572190011
78728370
424571759
484773426
632863241
278206382
852278064
629976948
547637844
605250712
870943510
898251460
564424710
690901692
853214491
669279731
838072820
355296077
54737647
782151855
669173919
635247394
815433822
99243373
433950301
631394705
931300587
437265402
357881373
449312102
719224299
633886277
400438838
505958275
453610422
809216520
236307729
265955385
745646059
13338957
770610969
281267419
598305331
915370148
254222358
646367835
190606478
325329585
923372730
827794378
742280388
114204923
837596473
882255694
409852428
180575934
217340710
517642263
633811696
805922786
108184884
3778860
611115723
449865087
798380477
507616551
606229334
832619899
731839307
390220293
615088721
914010081
676309966
797113476
517252772
651299821
921369666
360804488
412755241
644588766
931608026
644847756
688656702
650790839
673887942
206522067
669347452
358835343
747367914
785901906
716152383
591864519
221293882
571012003
402918699
332200917
466803943
290730565
471348668
355207088
905524592
406889993
803308748
335032412
339750656
73553226
865578651
314486840
44083614
513379712
339856275
305535872
9166391
140832346
69113345
177175625
393070327
723379036
884549734
386512289
813416790
789282626
337065394
848926732
901414753
638580329
768486336
194401516
313954956
612078142
540382476
281274116
197651492
49958705
181436462
633536875
798936980
727904296
52595085
210266097
596495751
842620151
844038009
63565880
558689365
23073064
567129596
17748384
689674167
668400368
829706018
52586167
237145183
446218758
567433737
135571746
760697044
71169018
191680121
552719248
618825714
537733281
473009518
782235014
700943977
791694125
655358093
89796341
198592269
11669378
220856050
899105290
874910958
806215384
618741840
602642241
102746001
595301717
255681350
528037858
161648833
622152987
264689159
265887011
380008193
798319119
573607934
443106081
11663284
98317857
219659135
850109817
659657743
875195729
23194537
368805942
313972806
524769181
431155396
140176729
533327791
500283896
539524218
445145638
924661709
40476008
350962917
638972778
470476608
424137253
876447710
568763149
584173693
243587915
339245806
143487839
25233726
7112330
208405396
105803534
637014668
805800104
46414892
809129624
400233140
402466678
258655856
290222573
309318909
845710087
648064553
474425803
193947498
547469832
469775833
621932572
181139548
24765694
686978022
690405494
734518782
432574123
303996663
359066503
898836176
669847443
902880857
70950876
732037118
624385919
692371370
381562526
260734663
411991066
668354551
880383036
68974853
54690029
141013118
279646418
379870403
162196526
687828459
882413321
145216133
273941224
836961082
569654350
328035301
697188079
436881960
273454959
685407842
382695039
730517755
860084726
324079710
256926826
767048933
900002418
311775599
86726881
652373036
878313901
363224103
420567107
903299493
331520139
575570692
643105877
261413660
80979253
930145867
703687052
673552183
553340567
14977010
231963855
578612006
142363543
365679551
795821937
319061617
528559087
304197546
900887162
489964521
225789526
776727086
91066305
748162865
460823366
390908131
505635451
848917087
176250622
914734234
325284101
67227510
528882927
306201405
730486936
533174158
47239741
688133053
694366045
191239244
31323885
391724730
741723028
911825512
752326900
56622333
807616992
555774309
121406370
527527471
734711067
771362238
74180260
538260540
533055064
13658391
911592986
382645020
202459476
587347505
630300110
289920292
327696976
726880560
116779871
674728868
451509661
35709879
324336769
342266195
22650839
651243031
647393261
621522861
798650319
833031041
139034831
416141400
371813577
83678046
670462260
247897190
18544717
456512160
239761031
929255286
16984258
394928769
516657153
673931830
348544914
902201523
400574994
315596373
387032927
310742610
110793602
17794919
60848710
731750393
321734916
550902433
654982489
347002491
176715530
904155680
89437977
456731913
277334090
871232662
142453556
364059274
147967630
502946469
59858380
603663051
116572539
18841052
823330290
519009589
87532325
835264657
84699519
658626224
625620337
163452678
11257002
927915570
887382644
455594070
244233595
582300943
428541765
739343275
777482934
526851474
294447897
270632156
255253187
532437597
521863183
351811133
447882579
558829758
243183405
523268681
504290438
420361616
17315337
724873644
10318722
211960731
678976265
434652663
665978100
259683651
173801502
882834015
386191003
692980968
837211665
497880190
588023429
502443384
249121435
422064801
461905933
587815128
536673924
431301556
811448325
497036875
432996593
902999253
442785955
424395618
804853657
270019294
380710203
706168665
69890169
728723577
744866777
799129582
604221476
422268063
183355955
805255782
848752566
87937426
476087843
109978698
737971135
69866597
478067231
556188037
817336350
18225665
641970666
494904393
911580399
851871828
74730903
931993821
736964084
833973942
236331088
57061457
386720103
858103866
460331620
40247175
890498441
258871829
208640309
864115035
775845083
805261630
720657011
262632040
894753248
507508796
319890097
603870393
802107157
207198881
854107028
910457239
598523195
33496008
729843364
825062110
801170556
851375979
411925954
489818406
553438670
481600105
808416558
185561347
323844385
629256183
23226055
547065498
822744996
380878867
761148869
195925115
910409263
364354886
876152456
456570007
725206555
38374302
526097299
205596935
593999104
63227067
231138036
730327007
472327675
80792986
291381292
784614100
581444394
782517775
637469410
752239699
574934206
312291730
65963763
92246105
412505035
927823943
496514611
123149526
708054557
669199920
179038005
647017234
583612614
697527346
212111912
481238182
774261889
316814578
306790242
558828799
89784726
804293529
539263450
477894382
767126969
443640439
863575523
625539454
364890162
914533642
295588173
215567221
750131125
53211131
525007664
570293314
91399850
224596425
366807662
744778143
300173860
151958644
590934816
772283602
97024941
888553118
765303503
897127291
245712975
803248644
381690583
35447164
256595911
56699871
640406208
863929362
175944899
380492154
233061615
71859662
410783209
756662572
875411748
716097778
29903931
340183692
274507133
588860020
327963393
502612402
658791555
861339251
109310929
415434706
760074971
596974906
410783281
336271542
926595510
20906945
415147185
398166097
440076033
870374822
626567548
871110426
785160775
74156947
545125904
873925459
73863547
548965735
609637770
198725931
845841315
893456870
242344065
197623629
291097994
925112741
741724435
99627360
172036610
34624735
472548504
91576335
17084825
500684398
769590558
159376210
70784442
640967532
619800423
448532239
265861909
461263045
602652435
671467657
499291748
477620291
610752856
330218471
23712264
700197851
89410610
485338531
158920030
210521503
274360459
841401046
582743165
585452365
880184699
354313552
910131150
208080187
323890602
19574464
209332926
643444762
228169881
808034783
846575733
526650108
94921384
776153952
521177378
811877158
329910999
391714568
640403270
279548314
693909461
71433447
540142234
60992186
34872015
37543584
431798874
356625426
183424410
617875217
932213187
758703552
570099091
819634843
243292575
830476296
388533848
547348535
761004581
845807524
718563409
893013762
193331183
444466329
39644656
556734640
76236562
782734753
643976038
176542709
832146135
294355094
879517289
124856524
250791699
434679918
116188205
147178035
520931417
596062711
913596518
865853950
157246754
591434427
720889995
770054168
638747065
618141159
821799212
796888178
218840749
461479449
602302670
173546557
182389012
516999087
460318946
87044162
348685032
910789399
649339739
493613868
856355265
856462790
723853023
332398452
700697421
706913153
395099834
44920234
577617916
826272407
901401868
650013547
291552614
614828826
832771099
225457896
26644195
638477453
209877889
553938187
602992633
578479873
221393808
850079147
312218381
479869621
879256509
191109525
740238948
338046764
536029463
264748194
647810428
366453953
259540460
12320089
696262390
66144104
557266614
125336394
127888086
342011476
692229115
822114274
93302198
691751815
853942370
98357118
355616027
655863448
740308442
909081537
903288060
769286553
652330769
540162360
657722927
860068672
453380262
7633145
96074426
776145252
449277408
410840643
329266532
358586637
499963712
756722203
615453894
828718630
853389543
64355565
22697036
41220234
783082869
932098865
160389430
77053965
389517832
345320379
853521241
10935520
820833408
421119488
873288440
358448289
396765842
451449854
561469138
182725010
622882794
661733291
307494723
532686698
633569659
554496560
596575977
815929153
437473350
824738008
175647611
485807363
544463637
113340078
428000767
236227723
888833222
188048044
53092959
501577290
220784192
667693211
506418890
526602110
398736897
785345020
679718432
288160130
134506871
177409291
918789827
176876873
490315444
277991484
327327156
366142560
709129945
249946485
897298784
776844454
926998644
291958340
878836469
415751283
538044802
843504255
668852272
620521044
143857039
898366688
719982148
209075429
908407077
375826387
930460882
618114847
377089089
305506413
676597470
57151923
373797853
906815657
353744964
186972910
869548560
337792972
29185254
362608773
21483151
368240451
778407674
340384159
601595538
444138953
429223754
396438719
906632750
649391291
339219160
861615249
441504943
518362909
42350804
776855087
17913522
799719691
866041976
634757264
123871915
20381080
745678503
688221125
777624283
461629434
593522945
391512821
917370626
868310367
292163011
116332080
663906736
689705
23295154
876477240
445462834
669852608
142911719
607579336
36308256
526185457
803195961
664083736
73618239
84703010
375829114
266599056
531909710
214829747
448552195
56004411
633339022
335609403
269755855
5721101
661163852
441193149
370537181
201647820
451169913
508175964
432245477
735393031
316318329
564462774
910594059
496046707
7611258
558562562
161871688
869367170
286312750
502163995
67747535
286295994
650961734
460872002
136756768
845131722
770676291
593728187
907310457
322487820
416941984
821397962
149069036
679078228
855043991
152347224
869082740
125730156
455779925
450884742
49111702
825110313
338601561
804494265
855309688
821603618
684469163
840092655
551698101
648335935
839183009
241197460
56617892
61453124
195756594
899169598
561150081
928772887
926369114
468083606
391126668
598013202
518996388
849896251
736462108
136720136
554974181
153939161
254360054
624716705
753258034
872009695
773756704
624000460
571679683
879134171
317316985
117427360
55265930
128065208
412283506
63692727
925700725
455768967
43451477
702853680
317605486
918288180
365614518
755217890
839207196
136305451
73605826
841489178
367947053
524205393
61918347
434966403
782431472
133777536
620980728
206020800
726854796
740677590
169592731
488013424
646907993
768017567
201700597
321746978
374115428
368794478
127971055
730250363
653221375
683159112
513210136
910594941
628138427
800448079
579689557
634596122
149284386
608032054
119861489
474664839
124020519
59654245
295205794
452116421
74820567
393115161
775390141
261513633
330978111
56111938
803883347
149112118
150231344
311759413
141827061
368043861
581101192
384076696
495503571
449884900
701731908
455734900
87426286
655737112
180038245
301323097
793943453
318240993
352541040
775081292
458892909
166529556
745860673
408354823
192099157
15275345
925543347
812698025
879723895
285735978
16246253
426829229
296510495
13435782
255161264
586453790
352494606
509617381
293601075
192901165
778580587
535033557
448623457
80735866
594864417
649309118
587554094
48080879
635652385
406801839
825061394
718132435
443008776
931690358
510817968
112011699
819988617
523201305
705186353
222333469
29755779
205158382
767391923
641361282
431901439
762338895
584864346
690396357
261588235
351169370
285697200
509992233
216103747
774788128
153771181
396730320
848152701
27279597
802044996
727157430
403139067
420990505
654025832
578365971
113204193
894978337
824202778
893009079
1583021
291644220
568867796
814116436
192714741
731458633
494040321
449726233
360666710
320449304
463595417
654599835
893869412
796962329
335546922
402399799
541358192
443414459
811420386
592501191
558821841
85415335
130156623
824915650
798717026
777158439
421220092
890436725
354676723
143481797
121324895
1890370
101821023
441739738
249432033
182792514
564483460
846466022
610163084
223320320
854744758
181777660
701090256
311304400
294048428
104557362
253336492
134204280
101448042
565148669
200583401
228626936
507407759
405966035
605743100
505063078
396984693
365681137
876339508
492530505
425404123
887867824
568949739
606736016
882117309
219935645
659171949
877731642
474406771
456127920
305922480
156282047
522701752
507505300
23923422
130079929
38521202
150925164
404420600
263331927
262210011
802590600
841609085
237930435
217745484
23944278
528534625
275322770
705692080
195016910
569665900
917475061
327003381
489503427
518520051
638091673
517861058
102597154
517832124
21886811
841837591
61630958
748596425
213296571
307343159
89288516
896287744
373370986
612319937
450939775
137040259
638404224
645052536
756079493
234833744
280541287
473348476
501131416
898515347
802573808
419386047
815027068
42753681
735765784
407878163
585937299
19513232
345339138
219816336
642568509
653579178
63007916
386472535
774707367
300392355
234603993
509179603
257645185
750407658
408312143
76538118
468726506
477113434
492518395
17705606
406866693
523866177
612235066
751194114
211470483
512747253
353276785
91329990
882826505
322071754
494268376
410181184
356816506
339567812
463232248
925686893
75409790
186641187
145951441
911516141
40837066
904152761
222496893
506150082
612265616
772632763
518140265
804055527
765306721
212932172
848236615
412969754
547761776
933026391
551989892
340889785
63752529
73598114
685567397
541789889
137116753
103746341
669725349
434601345
512251134
76655912
61544169
590447287
553025753
503671388
761708451
930063173
898726626
215104942
409328024
891218399
78967759
884482110
339590157
74311907
128782211
759355111
766591433
886681544
898525369
328253752
31081906
220508774
343129159
592158704
355228501
144067346
676527298
828633640
170865894
794350129
597469603
39908618
150443126
350636411
562578642
447226258
824422699
893239350
86708196
385808527
177691469
265011678
834191664
136387132
23657056
104498618
754286489
574058774
297148022
920258073
719236033
879498721
447294795
28459682
840054792
932600155
210640419
277211657
292834908
519961306
384390565
235025098
52644924
692866074
39619144
821094662
931187324
838919638
455938046
823529024
838847682
896314407
316387262
833301750
334921179
106067570
437860120
570308690
28526839
453926043
398596165
181619219
894017850
235030959
910288276
235703702
498405886
729787027
489212017
808791412
821930477
434191586
269273993
140143162
293681740
872358264
813399810
774693610
829215091
525330378
892612532
42662474
435307906
874485164
624637292
80898127
337926347
755110265
357948012
288332985
802919813
693276486
284722010
265751223
137529826
402896374
117136098
256701534
635590837
247943265
697447474
908042099
551500731
707865838
59740050
572637741
561991674
246014840
179472218
411838038
695769241
154747839
51178262
396008114
621304687
709732347
318132252
378587173
579428368
658839933
347041694
76438755
261803491
801839516
442026628
349269285
182988403
443655334
673266213
888013817
25589852
878495012
57786783
264708004
706948488
214724201
920555172
291426705
47776399
139124971
26461230
664080592
650009668
920437176
195636388
594695229
25646244
185624058
661708577
821514695
261819460
449489691
844592070
55312144
457694282
687872436
651550442
27564359
495038111
171261668
227552473
361061750
855293912
62028723
70092426
687169051
400903553
536252785
880818249
243873998
851205435
234405600
364584055
632253526
648867240
338640257
495650335
227411653
68335669
545016780
332144717
422279937
602512025
211679329
186239279
107033079
879894297
177900301
920593603
749180041
392178949
64229057
412405040
66174264
554237443
904568921
134166226
302363837
65737836
741545702
823307608
579663812
494099126
759357899
693176392
919817958
573746528
190793440
581222133
750538327
188346780
196685315
283891317
834553482
265208906
420371567
544890259
385869095
762588824
669927175
157002457
183718634
154034008
337982385
718113019
688831537
601967194
826688462
23071058
441499612
856036355
61550292
420718629
758735276
92323935
132614857
607384602
681074272
866619326
3077992
97243762
295559751
12844581
762064518
918582051
282443655
642923712
799867211
754518425
163902118
637101825
102829054
397008473
188304236
582713888
582024588
259152318
840525095
265668834
490537548
714488375
876353358
804928153
37885382
27619069
99689469
662245795
450891793
569565430
539599959
848534026
234581938
24953729
679788078
433663477
878392658
577920570
33935467
64044398
671722701
426478958
681587165
201660493
347308531
33382059
648893412
433632809
161617549
252701828
618261742
455219386
350997396
618251711
439623977
239078753
144657824
796863844
592860419
759718218
824509263
217486077
46529576
914404993
823128866
259582049
423987019
646550995
485837506
95699977
159804919
434088113
405634819
436082781
778292508
193145813
575096156
403675123
548841842
116561489
547808388
598422948
109992395
209702223
72623185
882917083
232616915
880152005
444086227
102528823
319589526
549519594
28405990
746299608
602494839
847966910
389925372
337449573
486879376
482444783
735399484
218614672
89607786
418634032
7918712
719550602
571490314
435684241
204986739
656308273
688727870
497577461
880694873
908182944
258815790
771127275
617289111
879388583
163169966
609938669
846752409
887049423
541821568
865144031
159272896
493531842
281313757
501261917
132216572
812469838
655552522
610467866
922582149
508942944
614245024
765188475
560277453
343520139
902871120
233447240
558015516
90023760
749567539
1517430
52827381
493053171
824948333
147491567
783305369
57218932
858552184
103480221
473457183
657783819
288592055
56809613
692741872
917410498
755753110
728030201
766645550
437089576
562162666
135911098
18339121
801188393
715100939
572930793
360986100
167306181
344748087
179192364
784327814
51771498
214574351
831996340
175655894
377334017
4817991
677203445
606672295
794713175
895235843
483795550
245028633
92540941
467228405
255737558
670592451
423118715
52736862
783770112
704547371
228976119
667548657
714148814
295638410
603406006
87281490
315833538
448597913
739960953
615526817
710987209
897485550
593277738
797818924
594244149
920755729
855791323
82985150
651291831
114023713
52597934
770462966
194355072
826141229
814150002
609131687
27461565
268891593
702690179
446845747
748078713
19214679
759869939
58516353
539963499
845219087
413446567
314261594
507677030
539526290
441914831
271437733
490656670
381518024
286834592
251963158
433827216
414356475
198667434
853819486
730199535
441571302
735736187
477626216
633136961
624042415
420912003
175296744
799778081
932436490
265856656
252049337
238010620
637173739
522654572
880840134
874743862
842562360
483934713
694323209
579791090
441269365
37116309
443618976
627064151
206173804
658857201
592353549
400577896
282623519
489904247
291492837
792718045
190192040
851948300
51793504
929885508
620619165
875869286
725745507
448456001
872244060
304674017
134088728
882621712
857659565
504261426
887762253
347350145
569920900
99272720
414422752
290779518
883042673
833247690
616288630
290124600
453196430
200915803
599971936
352590302
132280722
564994622
200121591
185392538
382335962
690322945
405697769
592332001
32746594
221595261
584428812
32620746
451206330
801698356
315856623
258315903
269624111
533746309
511528488
607754353
315898043
429018535
602632469
21621468
144166100
489199683
573659213
844028721
440055200
506158502
505511438
174912608
331465052
79411487
780315772
318764841
122933196
444249734
396043464
672337272
712910546
893042356
860633486
927499248
748840275
616130066
46762550
269235448
341156308
683319813
578677925
782962504
772578536
764696535
414605187
234531605
850972063
174177773
456381907
101269237
856083954
594016964
445833047
478232066
442397557
783292459
655184958
913763163
7818366
694277014
586763829
335866380
454380299
544923734
867669160
15258056
6428529
211504960
805690182
778984556
342407932
212180063
324611656
820788434
898249074
124397609
202039200
761476360
107315228
206850217
256930411
200443636
801659694
628917386
118941302
499989935
567978855
283678047
114029192
912697350
762995102
354097930
325612662
507325421
923906315
761539811
342004542
693616390
191040453
117703820
342414958
666728241
784446020
742759448
734834789
784675151
252205016
381683212
395475932
480926547
171832903
717950761
172783927
589810618
905564795
492451064
30395914
590265503
190451800
285829919
740844
169674463
290574157
661341106
521894399
918975222
587292406
850414050
258392401
256055918
787944127
863255741
702671177
851435365
180768852
396102184
787544150
704763070
76628542
386135550
166992052
785232601
703874665
378878988
702554923
275727120
762338173
48689891
529242193
73063223
181485042
482706582
824127622
895872820
204056221
30399002
847630833
239108292
568278319
293488854
539420281
732881420
561665453
147573051
110189106
545553894
460105886
486417731
535638122
638468981
650463839
164017262
456789255
219276302
141387823
86490801
3373145
662768109
265713947
303069493
673942143
778990303
892180894
779905187
897490228
192737152
703386851
214154789
531324671
113483651
508052750
292871113
619327159
656868553
46588193
689128609
615534370
597816699
492934478
787056361
729243812
409358946
897003719
891178290
136401490
490435563
643608363
640416253
727806760
872418370
803153312
27204279
320210819
836726031
922212690
500691342
300374267
908339932
4673272
309391289
122916502
382117071
471444974
792988000
780225868
334138416
588444562
520624642
689788807
717841317
868512458
769576742
768131356
376349055
206858236
142123096
884139989
631026872
446802936
513752137
327836609
110977819
817998997
724666636
220595000
822976014
688216959
687271433
616130745
802002822
63155413
188301287
734646834
692761140
811301776
144740706
291963484
94841824
834633209
462698252
893157008
553706557
525857391
279218563
91088701
868838975
416632095
114014854
391317929
631650591
582975494
266779943
923890715
315448283
337649526
873085687
769196517
38934142
909103452
61511990
166189862
453896697
310678883
843644403
203270215
329733324
342288761
318682420
280468688
235890511
700130638
281503402
396432332
417130293
431736305
902515682
750461001
52098109
850713255
769437819
167171762
778667587
187228044
338437249
412277249
619889365
125737275
781391715
741362480
483284441
42037377
235063455
866096714
928115170
520789434
868280251
753424508
526551624
711770914
89613305
607588833
173640653
250497810
500407791
558568275
113901286
714645225
36990797
351659316
229347112
280440644
525177240
919993062
716779873
356142456
504090948
365061636
502016825
693854459
771916237
584844060
894856045
340032891
227710845
675232270
291132593
930532440
635142258
214949275
257143808
647339232
676942646
88480925
207942325
99556974
140435339
387210924
536679171
671501644
290015938
750810540
381215363
481729568
537685968
221054461
54817068
116583214
792909492
931794247
583101419
538101861
742929589
907606641
229483176
189753533
245327060
155758496
628027903
777937189
782274589
312690586
279228794
203029797
556785937
751069953
557373944
311008720
193184793
855287852
315095827
649891032
817223250
161404743
617413581
223899148
508220345
498882056
894967858
199458899
353565698
385563786
12863487
233268982
69247167
245171468
350457392
25297370
230244489
875695096
213526198
688365359
518928555
203517206
238106526
565735314
612163320
822411382
834143151
84919239
580854545
308544980
326896763
853253207
875593448
775269194
324543777
840038524
184406429
28075525
181442690
831813288
297731656
176215863
552435099
439913056
48137600
229408179
244709513
576562411
498328408
896877201
454220585
833988998
285372563
263923325
156122592
637807269
462374862
15085251
329777673
638064309
340122473
208427505
56182206
780646460
336135885
421997450
534347951
594490978
1750822
220766212
532615934
368524569
190607200
235149343
808066186
799797725
737943398
864605319
896989844
699833952
101537266
604216167
392554215
562892952
132140182
912144839
443611865
619934664
740006093
387809194
819324453
473041917
407496063
407645363
686852976
904943854
124115336
143506303
685042311
438551358
281426214
651066160
111491852
186302539
663692457
615248097
304987
133273603
356417244
704241971
191053229
681753641
658091994
676100058
692510278
85744837
240512187
216208956
524636245
491115907
322700688
497734768
381481161
348776102
780860378
80174977
390867811
400105319
618514255
332237395
121489888
349339233
421652339
903684524
706329471
253894124
95497829
284147076
400514563
865461733
779247537
541451649
238826242
260038876
472748033
678433323
187484511
824320785
129452402
325698496
550748102
199454017
383302584
805936415
701012777
145863958
858651
43459617
224449599
874957053
810534899
182249451
727192310
382959989
413499422
278801697
542554232
354615901
281632416
865547277
109989012
564608447
69135855
478883469
784198481
263618606
409908639
273051524
872384805
514666003
192007180
686614200
586018946
830746337
182535892
906782666
622861527
714046165
252786355
216505763
593609751
810639035
352419471
655142346
683913978
842738877
32071149
402622235
411708406
596081741
408484315
631486741
913990425
875405789
522881088
12163313
725125742
882114337
68845012
433345195
679493352
708388593
498095784
31799956
820143577
667420431
181252583
448912241
89040455
796133464
138076487
174869619
912053438
366410843
140871012
751024756
278833751
125153555
306113782
338561324
485273561
849890984
797137286
598097261
161682081
608841739
447376517
57173123
690538232
395945688
552980156
205278485
188291157
320957350
678603265
694085464
602660436
280398397
501019797
438567547
683167218
930237607
764993362
181123411
180532005
389055276
88330571
99253838
714857701
735027877
246403766
287335814
3502745
615496456
851175131
38534506
928314476
103544411
249389799
196219087
75234972
805058551
473683230
586718072
712701676
798022237
531736668
429609806
191828050
428116174
659029663
79482352
804722963
263522277
570924126
566508182
98989538
213858878
533904025
894176432
237033270
245409458
447935242
323752513
685118822
120742512
662338383
336641218
213275694
923385669
157286440
256845446
595493882
906939414
264120018
818741529
888351621
237271229
20890818
129990303
589850698
553974859
379857333
43065754
671786860
314542919
642681325
751797219
136800956
238018908
760479790
885291813
798244780
47328958
899178964
322463873
631869047
340624109
230320126
533551717
841289983
355976800
642258153
315315308
637818617
174042281
419974761
438072831
595286145
618125216
783760660
64142208
599411625
366189917
487867341
529117924
690272905
462155773
681654058
548500229
275266975
589050382
205500271
454354742
293078159
889903115
382186412
832992063
468616080
655800094
695937223
113963183
602128530
715079430
360875104
529294976
492202290
334769618
678474370
658479598
208793439
712150955
822485656
143345191
732619422
511022526
233386626
172031275
899411252
488722332
531188
51295390
643558701
287363623
504709142
623615414
387045749
308944585
326283821
851813943
635238240
577168695
825561986
551360313
544718399
793457642
682282432
794148922
444077667
570624977
59310661
597887300
140495718
875577226
174416413
111660997
560669097
427385070
451741
198218404
327780755
224845490
592688090
393922390
103127601
354470433
618093542
258952863
25167322
777611725
304998940
567329363
825770129
552266726
88370269
339194829
467296255
29156599
491330572
130479767
661625727
638072849
695787939
494676939
720830591
292306372
840989269
229672490
116312242
191651866
296319235
106922854
190569558
779157990
650899475
789573644
840549003
680901381
279735974
200245141
335467533
160618927
404560232
582857239
861182235
132664248
921927678
890484796
496437888
920935401
355360044
752552323
70814592
81192465
146940907
510037064
227803486
2996809
549278546
330231515
286349352
129761096
289406645
62863844
817867272
265671691
855502315
741825606
218041457
713682362
908183414
629886117
911557939
518908203
849784536
64823469
736729378
206492161
471987483
379265006
13741266
760752384
782895129
708111331
725067333
216363947
174781207
263255947
162948524
925092814
452854299
600813511
250750276
532730650
734475682
477368659
223223428
769625648
176983041
415690186
80771007
44792039
36736190
673819999
122469426
801207558
398599012
636067312
217259193
845564530
761996956
177186662
312076969
625659825
635848048
386151285
895726608
736259602
626552342
154055507
110928055
651641500
311081772
87811941
788757905
475791322
710658182
202305648
910997771
128443088
801793745
378288247
780281199
380481654
573995301
811653644
690545068
564288464
615737223
903746745
582643334
288612769
231750014
130706999
115186376
200798936
40879024
158935446
164776777
656376446
40985290
436598910
281426967
568048945
909983120
833577788
72265585
906799646
405368442
242683553
578636315
149195129
673135808
107344567
126007501
670505675
520095057
15351523
700622951
195920417
746420517
240789920
667017755
655709355
287457796
591470496
904552906
613642388
703810264
1125817
1784720
879982356
105520401
645668215
877101913
224481645
592099079
847534618
509651618
606016586
782175577
804846263
91997125
850609689
34443961
500511417
32956028
919083511
374510995
839710843
68406957
632946778
655261183
48471112
796310433
106522647
320813722
611808567
114949257
234447001
172577894
515186610
136451672
103309519
379747878
515142257
363554169
489902751
587993531
107757308
54466582
51731924
740424196
757087019
325786008
502373230
21624411
662697115
59923245
231573259
3477672
793675126
34277378
237525662
666368469
763961880
536018673
595230518
157420623
828766595
900835884
6099219
276595365
590749092
801746164
588817547
404468067
354767176
49303199
801058371
439375121
60287505
441382914
789935641
535348162
740584281
354667079
182997162
926327525
687233876
578913701
436895800
143188965
326741883
891537224
827041465
444059334
804036452
122603502
877371468
493602973
556042118
165056012
31203381
155459707
523015178
131484085
279163976
616102813
749680933
382857267
339488430
886448160
218709685
382028534
580144428
773611559
336816606
700276169
121319499
407445412
724546271
445187304
336359957
391624524
99380235
756932787
670943538
145747717
717239565
229110295
858713257
850262941
97486369
705554383
309502515
634062434
690502596
15696551
184151134
628049681
388028607
772019105
102841966
182166018
227596285
260346277
307025893
782850758
618887646
59496164
697229794
331941075
16266342
170279158
837522430
636564700
110047557
153988191
877518269
358859353
615151183
178250607
583218850
69210296
923484610
598835678
339473869
837828589
272247899
682406148
826133312
664664276
198731185
332371023
789128690
786914163
136484535
301050734
470349434
871788394
82940343
587029362
610932166
391894596
82210455
904225255
581991869
334173868
480731182
460037643
179062231
149061059
356894141
216190197
885082356
600034451
322195684
23081799
195326904
278397526
923198575
928385629
88465984
7260397
575558550
300622594
130912335
312136732
875815004
477144535
685939900
882481739
647909764
810439477
599867680
890038644
458737407
931606297
598874931
620091192
643722232
350387303
647659427
333830314
382129821
865414565
228191157
236312250
207402914
876358039
156182538
319729920
447614868
841364214
790656320
726754954
630872881
781337850
656841503
202387430
554905914
795046104
610555700
799439250
12810291
796586918
30519041
806496268
279872939
513334995
204295303
14021605
39117067
335081419
821433296
574612016
475273800
605471211
107937966
310949378
923432453
827066851
469761831
335910345
9394806
384997075
805030942
881393083
21318511
572502441
866818054
107018729
640562076
583617755
187784553
477468300
81312236
694535312
88623417
3365863
487162693
907580502
335750791
270086948
557379277
697426418
400093196
873293364
50532489
572349762
564806797
150229378
797253156
48944953
714002171
473976347
188166283
136229666
387982050
445831084
71866453
460266699
515220441
780541589
66721082
456982295
780674191
202192557
428660550
769482072
806676683
678234325
533500193
574176591
363482228
565447994
404737569
490148940
215058361
95589363
608611288
680205566
741624826
778445899
899159572
641441308
189315919
700198702
489685025
49346028
49532908
184844020
573913248
131314424
258785909
207571932
12777745
107016331
776061643
162847042
614816272
399722084
210485785
866394140
56934992
567181369
118328518
83250252
289048603
330586031
659173363
449035020
319372916
368922129
784017622
638630280
327679675
856485085
262375052
777674447
740554111
788505608
282326031
629655278
709017091
226274355
534987589
372094821
765846645
827399969
533765385
292996782
850519575
599617019
295169239
465543224
794019498
564369746
183762586
10182778
312731637
375309666
837393172
820595231
280021641
826995474
549687099
656079864
208152791
157386257
282153182
585651328
811651324
256321672
900380588
676381396
120804474
590102588
275185427
436473926
780453117
79432438
570419002
108624518
89722897
26198358
112333509
261954493
541439283
391212075
192147714
355395768
857063078
188210189
729647970
521436314
713365347
387604112
766004493
829433949
893778227
921267361
843315309
749146958
260393487
750371872
328391396
651336517
914889381
227402900
234764033
4250654
285136079
173931727
684411141
857766320
490391856
788138853
925641713
346317925
532516338
3012314
846306233
500728036
512698045
572705387
246558253
874684784
329878726
632633797
293435926
716521979
572165133
443958430
194224178
702655078
689320324
350880164
215932838
832308107
482711917
137243043
629504842
845303551
626205064
146998741
263675578
199944248
284852773
870923496
495791456
359047126
606048794
350898509
510176408
579978459
138597140
404149191
404069865
612374855
481892149
801814055
367753109
635888418
378129491
467489584
265976808
726448384
406198771
505571387
858247372
68553095
861136235
736631796
273656450
641989009
800434863
99558162
909286005
238137609
735985228
849420530
22668020
764758395
283947350
896513109
128973236
892462349
538968679
842084379
237827411
254366812
315766310
271010000
846327251
20054537
536509802
276216106
149712951
464821488
612454404
607363506
763456862
47585766
865584248
605204035
721126825
929735419
317840100
568083623
438755009
796577979
759072494
298806236
213779849
411383907
173323182
347743573
98104687
497530848
169900719
665106601
502528418
97249010
916483291
489815410
275673110
705037891
485837899
294654403
216634979
299064405
801759261
854794384
27509954
216546969
585644453
740099145
361180435
175327149
211825518
507499153
813893401
916759638
430997464
633863178
390769110
27740119
896528636
84462182
614640889
899032704
146101285
394915001
292873510
14484697
511531110
542874277
258277268
876582413
205128490
563373199
448330404
424259196
628397716
357918291
181970508
917288411
96378546
636757635
10650427
125499137
833226757
593353742
804136038
106538593
917934510
421289322
238917264
829648249
129917634
654501494
150598143
505269245
82923446
40940246
402862818
416549104
549142286
903971573
44806541
272740248
724048727
720472677
905647410
648894715
720032226
763237153
850958607
318011439
852166913
73323456
278104516
721959494
116399251
637361844
428884310
484805543
430818798
94707136
199785234
279706928
528560237
277491314
593990068
620796338
141239036
345088838
398127574
402309336
256634078
273853980
706016719
873800440
446901607
814865709
41047382
582058804
364200962
735415904
363754649
734622659
477197873
225295258
235101580
286452359
225603714
168223904
352604847
257546330
847474254
691283177
265440100
321263450
543780480
688280870
230625410
592925648
520826730
187205108
85768226
125670464
794898396
770938502
559710054
320602913
400229566
105524184
355192835
549342583
41232996
91803271
354702448
10894223
228764911
784599047
231448264
848757094
862414452
312976363
3685942
518665386
411004001
127693331
91845969
534473123
355199495
295104707
196078539
626799959
459987785
136038325
826849295
133244109
600187836
576798904
23069677
134077235
267737434
671042350
65074367
147408950
380710568
312348168
546212656
98162180
434228783
418227986
781287056
146697623
300487772
663496694
459691453
35787670
134762839
51476277
898001978
344673035
206324806
713421636
375637933
897096121
368205121
494627789
198877106
157722817
600565726
864699384
560697960
884559201
823709724
175520214
159842788
599303850
176642197
786311082
601657973
321152785
219844295
127949761
380611789
508237195
833329242
642558624
529854496
748924543
725048775
490729886
58574570
670753604
519703670
102127220
301531645
877116537
241053228
451267306
556921139
315507107
228521185
703546282
702941040
470209080
244490372
841625559
611270031
809333033
482879710
340357788
506014572
6205418
901293594
637756818
335876038
550780732
533168894
399040943
300991758
36664281
453675399
723685636
369724669
326019913
739648107
738920871
563430999
95062733
427803165
692659775
688541957
884794930
739365474
601349748
784613292
377912223
16105540
638060416
874284585
926588464
839384865
26146677
105151783
499661635
455309020
684634630
336950730
358480309
777528411
266354371
344110832
891149892
212557716
54282068
717997993
419710022
95294934
781824619
433571728
550806466
150311445
15799329
97384324
654036107
498950792
82979399
574463960
291358206
759625374
309518712
902760489
856267579
163081187
163856856
66764099
568075813
112243139
700433245
622222948
462917521
178341995
527899054
900477921
87783198
66870877
794036370
365235922
478130840
3535588
70115411
200678157
744660754
499341796
24086189
388355345
805648919
588134460
578291993
224302438
819317584
687428573
121361566
401971028
825388213
236953377
107328957
752912712
459923230
163621410
210986620
526268241
831789439
524241894
285936404
168588069
860973293
149772586
682522759
921014216
478398432
384541929
79800594
743530426
576718284
488812628
813389671
34854046
649300280
77074556
203956518
751138021
313443423
24471553
72578652
422873825
928187128
463867350
61796364
806009875
337419658
520350496
663617184
194955815
715744360
122733449
735508113
487850696
639563387
902108156
728462287
64132515
747734876
268724839
187877653
180964932
868615134
207048127
924744997
650429654
327185907
75569107
757604952
326686685
148091228
501267784
358279738
827927008
156282499
42457660
347392375
88638684
498336530
794114780
881410338
811861729
368192814
212830955
641409233
469616134
341115633
28139115
641268510
758777306
360680968
113759797
492633458
809019659
454310979
475037942
842337343
275888303
70705110
600769694
361020373
88039662
669193560
922626866
830047087
918270471
610037707
656490199
49190282
494133140
816546665
692872136
624453636
237387481
608287446
284486089
559234878
81230657
746979086
73292426
576050114
24516699
623367384
914060834
112733919
219850961
56858009
634850426
129935750
660598024
640741332
146979802
707105848
171414234
550419191
491011300
400112001
648979063
809583585
233537739
179099270
385018523
550929256
864839958
227472433
87065094
222178398
304275444
9607056
22649663
346499691
567275345
72398530
888813578
844165083
780782235
922184151
256972029
558293518
217362729
862575270
606576171
282604876
709735996
774918559
897067509
48428113
879937963
732469531
568171712
268892836
120370671
240851384
173629040
9885267
916926134
55327742
887912456
727802893
9463152
529476930
739383596
20926165
50912949
842069119
263528157
683640633
555780416
322892092
229992212
379975065
152592016
819705317
42738265
23136247
133552233
520820852
606342399
746249064
52285437
601371977
920784109
455240205
610941296
743865242
188832294
754919132
358941219
191433063
431274684
164754805
803966749
622442088
803048937
740927787
786185243
249136435
387618262
553924735
64081595
219668165
323091352
33099572
839156324
289338792
154879891
902960368
120634426
355332095
766916893
10386033
683033817
698879897
169799630
763402958
213615886
414898322
826578140
167796928
179561308
770741561
698259825
536592250
203553481
474951058
367609707
291702931
101879696
775956849
644363831
188355135
97395879
582850345
519717386
910449769
216787795
448518913
459100009
108310011
246108403
22111114
645565740
168571360
567375722
847827546
88274166
471572198
326372278
553719527
601157
105437332
739419387
674670591
350057054
204042965
540527980
451125367
567761142
340723881
417112878
598822115
483645435
634387283
627271092
314706776
827596128
109932256
634535035
150382740
106852017
908903460
584949770
632628255
54670602
271426302
257967536
495455288
773411137
132636607
907728942
122665589
880662137
2657745
446576842
887424284
927689227
490680730
833103823
787878146
724088011
428692363
703620992
419046664
527765363
425979216
514318452
366085177
104327706
110141692
326591996
11317573
285996043
363945754
36215831
319994983
832874803
720866437
864855125
702409709
931363320
53076841
69118935
83724728
418887757
152921821
893437078
172636566
287901859
287075495
164062728
918818414
337108679
439442475
68743554
858025684
8032430
24226679
401579119
691878845
92851452
282342867
566828857
854618064
324850084
928672507
143738444
715281781
832455824
884712560
671039159
507908070
195393471
847480300
162555044
111694082
365412742
36100768
618641450
617866734
108776950
555985186
202390898
395283907
534399455
827947736
13414919
33608669
135162834
148622961
530415131
342042175
233893784
604171807
155505985
624822477
390420513
533761138
637430894
803408857
62467785
433350090
275599041
180899303
145900889
571433721
266681514
597156737
33467098
241914484
463358420
223784989
612899955
449698575
825458099
408046095
216294334
740071306
434058526
437703320
186224027
615697424
470158477
600705659
931092729
512548921
31881152
908046482
480386801
454097375
650689537
815374835
267241958
317441603
268952960
464806404
841816074
18840267
360466178
73389303
501120071
66102207
167001391
626484485
648335449
633411118
7750423
294531227
495357685
781824405
231532915
32809607
256148864
619224509
787065588
141884491
661377809
225852774
8492721
23029973
822372450
863797108
170067805
60184055
927286241
785840453
790560100
591251721
292955654
269200889
884802749
698601159
208456342
450739014
283478803
174597086
198503545
607036350
686764349
436875385
420509148
925483640
524961101
663935009
242756965
117169814
517587288
869779214
584958780
676565728
896958626
734885602
440878147
297678407
822411160
816981920
206524004
545971862
101625593
720696058
430885295
218705573
41439962
389155576
811780948
304189173
572282256
76565635
362178425
645953049
517041608
602551424
628947912
711071204
680908437
450338211
163057859
932307650
851218349
57447661
884450326
159290233
107912758
862442516
760062216
1006862
106508636
713265694
534808794
820742850
111491317
572445358
322618806
835166827
28432834
174528962
341141428
681661176
878194202
764173529
337507886
714266872
169833588
732084406
834600847
854589069
422167590
561885608
480852289
450358419
243559726
65204163
515442319
154038659
874343254
281740194
282662553
562941022
611428857
271615083
29659416
543057329
844875231
725543572
845365379
456922740
471724835
382238197
499477071
303615663
30756060
189280504
742249605
751934150
869789866
180629127
75848733
64424989
23464600
70067662
488157272
595290977
438469393
737103472
895575603
345545036
613211293
484912410
382696270
774711141
656624303
161759682
573305597
273495135
322880600
804620158
524662478
49856306
747325735
490163343
209027994
636117836
731465158
312498744
262747268
306234234
746367161
35344775
478824073
874160754
604714728
607468439
217984806
534445049
340862722
568401088
75710566
273841687
168441717
578339396
531811510
115268794
458587164
235408477
727960955
544943307
489197666
269506771
535927686
497850103
772724400
645905411
92436374
34943045
669529612
715787637
895652212
434649642
376454440
364807006
542845932
344105762
445709727
332363448
784686485
541420042
251620061
417940546
405395754
532544203
721821991
680746102
766717350
42579687
391460876
81228033
518897883
700025870
573812547
274011870
154462719
373959396
737258965
387532231
569009087
153813196
260461967
10250962
925440031
675121482
590276305
539814296
551279575
477227151
414059009
72598912
120653818
398333944
620593760
912719687
466072855
491455786
229710098
835330909
551646388
705493069
54744866
927986214
138498585
102454766
31853871
793165009
525909878
869508099
56934874
416148433
527454479
652752635
669346399
753270655
246818837
657347136
896889832
460416689
111642655
646415631
273331999
196758455
751299918
724671323
333658737
698093685
523341466
449723608
140568554
794619464
522019180
341694312
332350386
93772785
171498708
549066015
879878282
256519541
791817955
619179186
623070402
152396657
2891286
327110760
211449239
844390332
195188312
520094093
356637273
20795309
679715166
57843363
803581791
68118868
556660149
269289806
472586858
810342503
427619483
881273787
454930481
672391968
132253922
649161252
451253604
145168959
874634565
332109010
536636785
192694959
133714683
905122236
809476767
96963485
579631005
175649626
805656361
218639528
891495430
384080376
549312220
734429270
823142339
75751405
132905
839407102
813354016
686183490
857993488
189741183
52638823
64579852
391616419
262461286
929748941
736163057
880246330
565944660
904922131
126250471
16620906
369171567
226690125
587228136
132073062
315149555
677376205
159300276
614785543
412795955
656070382
54453813
500862852
833701801
590818018
498082221
157042168
810100813
459592734
778398288
630434084
703667867
518101458
490505975
757995828
834986363
789964253
408467232
292574156
6005787
318355861
484378226
239462852
60556038
457967639
387367630
539141943
357508520
96538649
111342669
95870086
707120759
62965013
595772719
413402947
265331040
774601765
368648120
428961548
692609146
575576031
11005306
568368651
442693976
365267829
685654212
311502737
929203786
468373461
698112998
547670069
791708523
544734895
270509251
429139920
42212065
150862913
334211199
15959868
644047416
395848926
452722399
118501771
432227723
513732949
516842276
179302113
544959924
465275605
822930215
803284126
346039719
1036350
839229813
336341876
917348022
203331074
160428777
283825434
173115241
351574028
791318367
632685587
705915872
317123180
642947584
745246775
274233429
518332976
495476577
636360444
434215998
810618766
915796659
314649008
923180278
734662214
49234084
225492742
539736908
462157097
737497465
769084370
540761510
347323870
25330104
681526527
808960917
915914002
688131327
8773225
139498155
137754439
740511144
64851554
176047521
393954170
614089580
743135663
586398910
704082449
788068751
102614729
795551167
475850438
390953636
610135732
101380764
620780565
326409047
162771082
473051307
147205269
899589877
739598307
678078783
627295071
929486424
369472892
401897123
869426134
40417668
382204862
925266068
896770028
224106521
172515053
561002924
254891677
3075139
308860230
770665953
44017333
266425781
533159047
302839061
853875361
29412868
151016625
879393713
857786431
99703993
525878535
248169251
510627179
693552051
90887364
566009828
68198039
579553292
61670467
858962534
610146366
742231354
389452343
542286150
338527573
833312587
651014304
182724603
868724628
415321891
391781885
769094060
95665998
306276347
198026732
505497857
193081621
341667036
212489643
786288611
80859708
522196638
748506617
474233231
757301777
502414612
129081664
792766475
316136421
417257875
804160133
91479036
709123627
900453286
220367736
79318476
284587956
211232040
684694899
918070154
267252846
553705726
801902809
824211214
897950051
280442959
339487241
261968014
675728461
811636812
739816473
636081243
80439896
250966964
629133436
220287358
766247928
553148465
314425234
292399988
343534678
890531385
34230768
445284395
336526159
179624736
224465049
930277537
247224370
555615145
37303806
309072642
894161561
510185725
663315356
909510135
173517669
514790807
564393042
258245744
776047184
392053640
143141912
89142015
312274775
689048200
231403065
100348896
41784162
49884570
283399728
333550688
374542592
462040368
275199638
58440954
236035141
263917754
828243927
446894291
155392966
427696768
516072541
667019636
158410417
170792179
446242387
31818580
456110365
313289540
29995580
407775872
97853445
37198383
497134926
847132393
844234694
477185620
541909075
231088511
48495909
78171991
180690179
463518069
445278694
662343383
649209900
534012279
623767451
132106212
463086614
837976596
122877946
148960628
620257225
210281330
631614860
165979742
19726126
827802120
910916845
511547563
36154953
564430954
686139682
230032727
304813087
798832780
694641646
385525154
245849414
861250750
735417988
582433011
404330823
45464880
295871476
221258523
510489409
633966962
930398252
854003140
896164366
608569731
829376520
111445997
782137533
902502591
478578108
508492958
147282255
837459842
564040575
81757660
726912272
703052983
255809733
187755230
877086911
545301755
35243953
59978406
655152837
644326627
308202953
407413274
314131706
670883512
305994441
738156135
184085030
475681600
142060784
65266694
819174634
516689404
91996134
342140793
75395472
896410496
340246648
229201843
404553773
825908167
268285421
736750742
659542125
238626926
508364099
342534128
764552519
136635756
222560870
866704637
827510882
386272594
812745947
795171015
58203695
517941556
728602941
698399699
650774012
368031841
884720594
914296046
182222129
367846151
344767573
179823464
100830885
414967637
249678983
403746931
338717197
225749006
795688483
620520387
61467796
253395755
668389238
836544931
495046169
184578456
392820460
38742857
434849645
678099122
887696519
214772926
651589000
246726197
758697253
204010600
12181616
695200386
403065393
128583225
562960020
745433426
20059507
661032398
739925174
49659348
824390008
595340147
729824369
199508944
789756424
699030663
368640713
178719629
812843814
594085226
693814742
32730699
661863111
289837000
738833810
614026384
171132959
250613765
403207691
74189292
554346930
915973218
44115330
331138722
711609794
219854410
733760786
804359422
387546490
160695606
611818988
16839312
786664585
602068666
98127888
819165179
553722787
211148909
475549741
102230215
242336462
691125965
736453803
193307473
483922747
590961528
518691632
774069564
71093071
870368287
137253290
802188358
717693683
85959029
243140994
479834944
198424304
779512894
306222738
324048846
237291690
133728745
748740783
477531602
39143969
17779738
711701653
31867353
693938168
222161491
249102348
366388646
109628315
504970066
253323275
447248202
409424578
451978631
853957479
4862970
766120072
529258997
471353301
181433960
366883821
75429494
255582630
749935082
293654095
144687175
485172873
645972397
393747889
78374432
914810046
610295241
717960654
320269456
752322002
585152013
723249538
145530971
207239497
104461677
765326683
604589081
6578481
784301286
536705700
140881811
716749316
912092631
180141031
438900932
374239265
165016896
460729607
872539251
64723491
327142793
919373073
296128884
669501400
518229919
113592660
358207570
345650969
325598087
569853247
495394159
776277684
461054602
418607081
202644293
612229125
87155851
447524333
64477125
560913285
734073384
137795600
756317876
557278068
468678587
430746686
679954270
505099634
308033863
82576134
416283008
547389938
662289972
217177223
55961191
800124655
331126121
853706676
183661002
711829051
389128713
868762816
164633366
927001386
200896214
649706073
893426543
361944514
920225231
265217610
153433163
922696641
808091694
169589732
737051457
723409613
924864928
259598287
524872163
784618042
791423176
655034686
880721086
797582642
27602247
577072372
220091532
716208010
582690592
145724783
544035033
740787158
553248144
659573580
221011883
697037417
370595468
625958524
668504528
101693688
119995961
274328983
100857421
896351252
111657236
500550544
423370073
463048694
76825626
812700259
590947972
722369526
167810986
136363288
580424129
399746668
276571069
124478681
750401148
110037092
763525729
582967704
710208989
494422800
782917468
659469857
271908345
707828754
450611439
260328632
141407526
263099328
71654890
474355497
733135845
841087628
679837430
689750740
395531804
354216308
921671280
186613393
750553427
764841951
686949133
704943250
80982296
590228111
466370359
824553238
773987413
279703317
399430087
344632815
706053210
203124272
387830260
811877078
337273491
548565177
551568859
924776702
21615396
97495715
443714177
750719037
213624059
791208617
894876049
161756540
862298557
337718292
901886856
920494240
202840820
625508769
297432413
194064695
610415473
396221893
452575194
138151508
718778733
483477179
355184746
73868618
470910006
419347735
451253217
830949165
890137339
722651445
538107690
782956308
486023969
51539741
621735274
21712185
473757647
776595081
445605071
312209548
82197552
97440900
324512312
12493951
166339950
532182355
9264354
431653329
583720603
743052484
114304887
683088777
657810971
361824733
204512155
871508195
716519027
4045704
701373264
194460919
554126216
139894466
833595948
132948601
677177554
867459863
131232743
385934690
556195979
119287731
905899691
924900137
353046220
77673477
890043002
905522187
417045397
385392463
909633211
740397942
39831637
180373689
229533516
893182742
212254284
906010806
121461268
592853783
412231219
500389551
703977260
413675536
101339724
114878902
924207531
87604356
910708884
263537528
636639125
728704151
296616413
554682215
273423310
182286444
294489520
274991027
734390380
284171290
605203304
5047606
161811204
558434381
807245911
292399292
811735729
290740531
6082191
334685654
336149341
304782963
162707377
501738375
686212328
605806281
411093011
602065321
191022497
922828699
855733953
755579423
919055114
377752820
489390480
746422981
596922353
466523934
404605563
237107940
729869638
893825859
107566248
401219291
281864799
3726211
678373574
516393660
674009769
689334215
233015328
819691647
269022131
920402213
68032391
238089945
731808072
676143252
386835141
479968007
39907440
150346056
753026313
313013915
209483900
761725710
126035497
844848727
277972155
595608837
834882092
157288994
446853009
642444136
168456241
222813994
348229158
244644797
60332082
115165294
295453335
287682241
746487871
532142470
932452829
685062276
229010446
718376601
822585851
658399589
276027766
389993243
737962929
694939720
910998837
717165719
293491359
117295437
683804594
255386687
14181071
258300821
645391538
341644211
923914073
261703768
699098957
640162596
14604998
386368570
101979012
387683
150252498
244140829
820970029
61937045
494295355
248216947
77926929
772925965
291329
563866423
357961581
216761487
534756098
8845335
348784701
237036125
65275466
601457901
729513257
688951123
198528769
847756312
696690772
79504802
326538980
277107955
735192637
658280183
158264705
280021154
237159050
690730538
844119773
430808694
173313070
461659833
610156062
211524291
466197929
317804817
453518661
728170641
739986668
863531121
269478644
220831361
148309643
146010206
92871587
775817244
911377712
525994697
833640529
61916933
734360049
264813683
125412103
369462425
412478397
155030489
376668911
365178539
252648541
898583387
827468824
577417909
10785331
811483557
475248440
450548835
544043599
159635273
346137683
279648965
301271405
582986731
827342667
648294753
32914229
553626589
611932389
558673971
28398424
456089829
553757184
115248559
199216241
9541306
174113937
523365325
315507653
541262230
932138737
160928889
637222513
15720850
172286413
199288142
824851979
237436988
110575372
164395578
661966006
413868885
613849237
329471988
698669453
273602357
870092289
822553480
168199245
855580829
337432443
897802271
644874233
394307958
747001799
758028813
930281055
176979797
201458180
66245343
344088070
881410144
342924635
507998196
885608597
896339602
899118469
483086313
306796938
48919860
309635250
587955819
207370220
812923924
335855485
139741949
783686406
438360368
515467666
628868090
68824232
394911361
766283258
842598
428518919
220045395
440029272
604644999
273256643
709055398
842102885
923902164
672294675
629184662
704396091
539744359
500525077
383412824
842322703
1885207
389002572
353674102
493767819
292143686
767907189
481317922
710521928
634221806
863663563
514500043
620091335
401482627
239382797
797550558
456621305
82096390
291734635
432528857
820080731
285912542
252741276
356379196
194265196
64030428
850022737
87852014
35319083
390720031
424174892
567688573
434928831
565347239
232325695
74526824
906651999
627308651
376849257
318068708
322396579
630045205
642985716
497584039
592008472
886930199
327849820
416147847
48117225
586089403
600796126
5571204
860355823
628488318
468429395
930256980
382948299
375710399
620785526
288071984
472189492
919327252
294002970
335711978
37370337
796215977
385936645
891282377
37731727
777723651
883694667
563370499
136048906
203104187
294878311
102275147
893956197
802906207
398005033
202836879
464237300
2079000
55019268
627612609
28498784
672381341
298444585
858057525
53371254
886744389
44875372
931010838
180203639
19997850
255321429
215026338
865312554
932430691
526345378
249797735
396865517
630378091
700817338
264606333
192583971
364293503
438618203
821087402
364793387
31450201
649765737
415451982
470906004
131321753
589147066
754088581
872280356
601798583
808656252
289017750
774986534
399515329
119110878
925683387
816431363
259344361
239197262
491989603
24389685
271300103
734081560
30253356
815156408
359960861
124077797
445759390
880538420
547599893
160927889
711845259
900819993
712014938
246213114
505841868
65152405
294365019
860785
656069498
699492075
107232804
910061008
884797913
154150778
623728546
641816582
857323393
308059017
415287837
776291253
472122429
674215801
505033176
906840918
162893306
522791728
883241398
234939194
356913335
184175417
648615540
206475832
480244698
852994850
814213012
829654569
296575225
643263529
94192033
65177013
756795694
677730367
80203326
442424801
871196439
654486943
612297303
813206939
830957375
386896975
780126327
397407461
760510260
511786061
144184395
220243350
661249394
416167481
575020864
621799703
355241683
223278936
206755268
371725185
925541603
490362906
703421136
785261742
627106769
871060207
265210304
772092105
746795946
120920200
375654062
796096596
316045955
308959662
726046503
345694807
778922188
874946919
698006455
257411117
695275960
724805494
592946669
211713140
163757400
836903477
917042622
770308532
426656492
316695343
568630986
578315278
86905037
468010891
46836664
63799833
403269771
561266323
641308414
545532606
567852074
391100693
34151047
498099047
800290793
904714651
217235743
87595094
816240711
405728149
397642875
299340713
38891352
577652016
818419115
315224617
917239174
430557900
791812607
208617176
681030716
480160659
16548611
491043927
385957106
898872711
735286044
80147730
598590955
472689843
932704162
423703647
668096616
360177628
857787957
262592310
310955835
923457384
100013105
599311888
823313507
124483844
397112853
321419679
52875270
530711886
613317099
23753443
717272302
33426619
874134321
506721805
611635733
310513349
230623695
629220096
678240110
30798858
415567080
556567857
9235521
746368784
641313379
251358722
659751930
536257088
563065450
270481938
496403646
649672390
856619879
368879132
739692222
299108816
790491983
841920087
67957197
704752410
187222191
46112710
6310031
607118773
415411897
261785901
177923313
739692236
82149638
919939070
439010279
727720361
518675358
278677641
471669970
281619579
158790545
103523864
843427858
334831213
449997764
90176551
805800548
343239431
26159896
697480673
41542912
204331813
258054179
207181726
682367660
91979824
652629737
509034155
554067162
265919363
370197706
122569991
867786525
726924776
618802712
409515552
225829403
852071769
898099526
118292389
818798706
208532333
913733146
667608189
684349205
313920679
783876844
620329690
479046391
717893651
392628189
757155104
212857642
905458791
547926372
251572178
211668155
377122485
735903964
786935266
378406829
625104712
850181728
433600359
318154503
852791792
93155080
176230679
483825211
78475019
393241676
575243029
917116602
74950625
785193217
745439695
153125257
495603581
546451612
116191312
4138815
200967320
568902132
242046832
446717615
450891291
283716202
538644037
25816641
477469024
389266552
686332445
47346880
200609622
214093937
669506359
750858575
751154236
215330042
833488541
652915244
23362045
580817675
666813487
69013406
844517023
639706824
502893188
771832696
219854433
446925214
286451134
840116690
873731947
737421458
598777175
10702342
466584442
13936103
730913289
297908713
929513580
508468812
327005243
18610504
517222850
875390991
777649206
181919992
226020360
291917662
239718250
457341417
361955777
178427855
755053424
128688108
307321636
8937388
839871974
93110124
877645366
571423489
209349797
73110198
189987705
274988186
244719810
428268594
32397068
233349726
361113076
481714616
242805312
319430492
637562715
6684440
364894094
673978052
641193543
517002800
875259970
652033031
250589921
161423607
836468609
663920924
200562729
86565472
263367969
127849819
804795459
43170811
510708183
490180708
234996407
31096847
77868361
558256072
396962787
380249062
762070212
677228823
289347743
272041360
852554709
850627285
407639552
649205726
371058023
811358807
184264324
675309866
402974418
196742928
601430899
749763277
655886922
47773742
147806803
474168489
425569073
454624405
222995672
5033892
61413814
681053481
663468296
665352103
407982072
201248177
520639602
324658253
726840709
29400560
222332801
745579799
911950733
499651678
408730746
463273389
305052622
871751554
811641571
165622361
890438814
200867024
574480989
310317792
148486038
411075157
928144466
201001247
443051951
677166052
339228367
525916748
290850054
785510969
233892733
854899710
708711969
491264257
300330732
107863413
327678760
13725218
92884947
857357975
568078399
60650622
502171881
930161722
716551180
1296668
396980358
883023918
387950881
635973443
736929985
843736324
210622986
711244110
339603161
383922381
165141202
606721261
505247403
13109043
388246114
225747909
55250465
82660938
581988861
615209319
895248367
487293326
676481240
202503993
853511548
25195099
605271725
306418147
193382075
67106860
912795875
26825659
287404465
673555396
61681657
889082416
179117787
642667262
443511076
387975570
648312778
599097829
75400073
517724486
848280953
118744267
806208731
96842593
855330867
899553264
381185025
751549224
699757877
836690470
408618930
193221488
354477629
926238572
719390133
421465278
536512864
814488209
220373169
29174213
725741242
802858217
480622851
611381669
370812819
300845634
779885586
20348743
439619905
355168534
382420728
591865254
215934643
95597929
375868061
929894850
78273719
545082253
208846852
402243869
791381156
693312521
118164795
218732794
558882322
453821778
327081436
538717192
290775664
405458182
253680449
699963135
833682949
53487330
881213483
526361474
368712399
891455461
486895388
40750647
750460581
845684229
182260882
914733549
51401295
259957505
205687150
487330060
29260928
488178935
17859058
564833075
18580121
881980649
753440103
920423139
660670349
867840446
40810001
635845850
291025628
200390929
772058860
616696470
592200969
470846114
621318982
80280269
539218940
241670065
543519621
186662325
314708080
211228241
645999498
555839383
330385892
544995087
52175616
460343224
412358991
513603006
703851997
158311585
406833861
297124375
758646698
237332251
346096230
399704209
355140200
865027553
584962306
464418940
382033889
221013674
31863467
349264515
718565417
645586634
741072942
808116631
334234641
752316985
798244141
185728810
841448738
702605962
43055406
92102385
598483044
713592861
618067626
211691797
503799367
758099826
189207349
342368985
452756192
174589566
190662009
301068204
843092990
535347441
756067332
690773711
557505875
15234876
693626099
504337295
625990107
26319685
1757394
647438064
674507263
88742087
218750229
172168832
617055895
901053044
257555675
218101254
363674204
155824545
686651613
850384765
730703292
326444522
205952213
904555330
616668189
497388405
777917295
216726840
811653389
444378463
876356473
263261291
548357644
43074464
414515829
289595582
757295535
139271436
705185978
734484982
172127341
356087185
548370326
375675639
285735633
891620825
502675005
306967817
457581317
161309841
438691429
427390181
98773267
144630101
3708734
606374610
256445170
826875303
576138325
269840067
814560116
584328220
276148170
897340574
521033201
520550584
212682182
715132349
709568558
24299867
310325768
774142084
713401089
108452964
90217636
895528278
542806506
99407748
509503911
6758076
316665850
613002792
726001414
848774586
904260538
426455654
137873557
581606602
533561846
295264148
524271983
274905518
219692753
364014182
398400429
744256062
123454422
928232347
283014294
281552526
218362364
288591908
549148126
184366587
2986027
326542881
804717685
337361328
635236925
153614583
204668344
477594832
709094072
408850661
77730560
695624030
924567777
530087221
445499063
451034424
128365064
465720129
744545533
49947303
752412821
800703129
255554053
476140175
353573967
27083336
276662968
187735250
7415732
929114202
643211571
334254212
452295319
591271444
413858802
575133214
630457625
447916768
754933739
238558381
232558734
921320624
891203176
187639847
710128332
756547202
223231455
430265156
475297573
549205726
879349949
153908752
474176883
797763781
340615296
433823479
177068511
519475415
903192734
880030616
381407936
298781357
553825283
125332387
533283634
415012373
638154600
758198038
494839989
396125853
763715992
187384972
315243549
179517539
121599019
145732332
301868290
788393433
887215254
303333927
566953599
806906081
500734616
665858285
826537714
378623654
627729196
563498815
135126817
927981818
838565252
283330488
553893702
826068162
742679796
65116235
18765150
440864594
263086969
232576186
50517524
19858999
415843003
246417187
549395508
203377754
578336409
873368206
267907754
169289721
612048476
575241556
691015653
48817186
927297276
203582269
602168335
608933580
569703421
22349763
496356594
495185181
773574479
224088649
610746994
43293565
348491837
177988469
321935834
909056779
163000362
822744674
82925118
479670470
923317697
648495455
794654000
397131148
499999760
587746501
286405718
38552581
78115740
128176140
266909190
172331823
413735622
232688567
385526529
351359983
133762025
255796232
703730387
259603398
332964361
234828300
383596094
468444550
364329570
799863829
652537702
332769612
104110455
350505692
744953470
493857626
602727810
382402571
265397299
372343036
75532846
455487304
635768958
386020874
916789240
344759309
480530580
297941257
872629643
358043594
642266815
744067852
491500546
58736283
209548272
646695332
288242300
239454237
91790548
536759097
599983850
227923741
414479977
93053823
203080847
297481362
310430808
635797491
887023398
557089737
58254772
847826333
108787494
698676589
609319652
924526827
875226706
804559762
253726940
657165461
922481556
345061588
377687704
488696447
905887595
614924447
272233986
749282021
611978664
487581423
530957052
523645630
700373517
170781343
218259697
571064550
113795094
798570213
121108591
681803456
355977883
712845552
316601086
44817010
102400314
485856479
142989566
141315280
846547332
169207658
188097064
301970625
191762603
712621852
918421192
694708169
615052095
249135263
280599458
483243472
310020315
703274017
648357937
571682935
25634952
568839790
143179790
707185965
153421249
506850643
647424883
15115979
490394983
670993673
137136552
537881028
2572473
903101012
545966220
584039984
267612983
77113640
25612179
795213076
666248
50405832
235645446
199126833
407735836
434257002
316834260
158564407
204705856
738006981
105092978
474029658
736009477
596159041
252069487
678975790
478857308
334942022
912162320
637482862
51485708
893778509
73959116
737537122
520423530
231936992
162253680
762513764
252727090
928885450
370349735
98121988
112622651
87059759
630509502
629747791
211891218
610417867
827719276
313032727
375939352
101017271
441628647
53430810
709180043
162035629
562392371
620031503
476966890
322200161
191108597
408535782
538761296
233636168
526316464
420247334
890759081
806972281
363031493
487427904
733624338
399830490
733942334
89176467
688148659
762110730
362014667
667814768
526492507
916151705
565173129
746144954
712128497
505053299
249271169
517868727
639091963
595998156
662583116
482539104
66175340
686572820
58107986
327663772
214057548
578538133
226402909
538087836
705792096
842403280
507019223
763783745
741483110
74540972
691717752
444628216
387221293
295346274
12076125
353761466
91232135
163972017
494813882
788028029
671674726
329498970
532601435
35448441
491491834
458463582
461135691
919429039
760786383
142791562
425174056
800678895
441647855
606760936
449972997
605287816
694975275
450752814
394116414
292726372
518897785
787601766
235038629
519246503
226110002
190401512
137872721
783813156
703566635
119044500
742176967
135896286
449237414
175613304
632666562
690804837
26474755
217120717
725046471
578849607
13919938
862316326
537102618
549624088
720931818
112663141
901740315
203053627
124616927
825928951
60544470
475484007
669233092
40681887
915602809
854939936
569845311
653709054
634530595
197981517
628313310
217991697
16436961
6572893
240596510
888573038
231691496
379587796
309962305
68465749
545191525
706735615
707596549
793498708
8092774
757934755
513958937
608019130
197427894
442387377
65633987
782238133
444122109
329364656
847799721
753512036
218162691
372015098
673534761
594026824
741581391
394451956
515464461
375356503
355603047
772956909
517044080
512381782
705145871
470318866
807720684
47830822
473073846
682638082
858968158
322047929
683302401
122500928
423544146
461339135
74708965
818031805
505625356
777374446
525235515
414557110
158038170
188878334
919126843
285068184
402209036
363952219
660450877
705358512
144101305
84768974
536633117
11263806
797347884
16479586
640826178
508995082
695646240
77904005
229401225
481849798
528189109
331788859
766658741
216578963
880815429
329841209
779026969
720569622
874518494
885116463
358793572
900381139
173464544
205872818
859349747
338860250
353914739
519478243
859534941
220947420
849444501
681100671
590602908
508744258
436927743
531533425
126904544
506766777
426448943
538606470
857842459
489239354
268448868
251265099
339841698
754799237
739258905
873393014
86743713
8061263
69297352
102892994
448545440
124407307
761700390
389470613
83488076
86729935
597373190
572028629
617751584
767855091
190319309
41616264
621896028
376511757
241713668
795997308
643849076
195813788
865586167
781352945
672790340
630076246
342342398
726441437
806184149
717590563
137197538
815624562
795187776
317334592
33411942
307410134
212240263
503784946
395550330
898195148
131607279
90717858
49929806
573843878
33707459
913584823
389329575
30073115
536650295
153489699
661053553
531123241
244042787
654636733
254234372
462693015
863532272
890570784
573194934
22113361
859801532
600363926
457623297
396584708
909275690
148799169
227117824
706271345
797735917
839110167
772419091
268379053
130984691
327719521
115452541
480026441
666506868
47912096
557528810
89330006
325885320
862810881
238383307
606957534
291340035
271652481
356466039
207316735
92058456
242599937
326422851
428560230
157064808
825584730
478805195
418195021
112258037
470755346
612488926
7731367
832952927
828623983
359240816
770654879
48644112
902352745
223888575
363926113
551486470
517304800
61812835
541888965
575110925
520052021
83171051
422999947
154448232
848251530
113313517
241006129
180575210
863754687
76136696
296022360
654463363
531520168
330575017
630399380
675334401
619505986
196880438
702753317
513123426
387051708
246507401
267791713
663987982
774999836
393055003
833154322
485100533
381949514
540871443
310516040
601801264
296115992
487127864
874173198
189868968
747911633
690674634
243731041
341522586
549689120
611987808
160251780
621027642
422564821
405357723
372686442
606073040
616837955
602047256
129405581
409100679
598236852
195495297
99807818
534938955
59524357
235813779
56267469
53332972
125329069
732594136
222819610
791056742
339835428
242497260
356835680
194125519
365543182
518483178
373260269
748535154
911973797
392746175
563989120
775539329
329652193
532463771
617696473
658622857
851837913
772574505
342276182
704031470
37874444
333707682
361248220
595893159
378962739
654205994
686508664
423207329
21795731
51683013
103384538
478527936
819899230
517405576
330658520
701544453
644577466
421598849
717100813
808402596
676613204
487790760
102909378
127541607
97525785
29722888
778137447
467874943
838495695
53308564
120974518
670798246
215060015
854483897
84628290
324352854
285159975
355041181
709453845
496812377
462258718
324984218
599537027
349637371
756328508
860347535
342189032
542458174
584304230
431863098
861210247
257519692
140695021
889591346
689867706
247881222
472615337
359115734
749866206
581448702
162532004
735031832
127706099
267350663
353342211
233294979
147713512
58361060
375736263
631594734
867864586
263314225
1948412
637072767
361213034
489229630
551862250
380699637
905334226
518618242
320625703
704379285
896190580
578791616
679310379
832874965
314661012
120323095
238427019
838278999
78331568
823133861
509913364
613069012
65083528
82134750
134668474
564383688
484286422
585487401
813862038
205373304
288486853
686529072
389188117
331389858
206725920
236299073
783995471
236916740
782684024
853898070
913686025
327818049
604822870
818491827
411134276
674595855
490579505
796830117
888966677
49263789
567536914
578777395
215446832
687173838
727132641
843880879
70239926
66076362
189946693
882744760
64253134
890580790
468161470
823152845
586420521
101115458
739727329
766501623
300538432
262785560
913318717
147487159
351901993
254054794
435486695
464576225
851057390
144509293
245271380
45556766
150131249
564608941
79725840
231114516
552774389
686900540
676215813
466143087
528107649
589938590
887565399
194967465
10199778
501877538
68483946
494821973
549746330
658757544
571027405
339639835
658177094
856237895
739403876
608529986
234114083
863724616
829082916
267028370
701282633
753509402
267470157
236154605
622597440
94378598
479056070
355982008
95176073
268821134
715473107
613238871
862010806
77969655
297556098
60330108
751521538
402247296
511786695
614336514
607645407
280691081
333182137
602887643
375996585
526289484
480997570
409263981
740272555
803101466
388592503
757908557
301727076
723715226
149934698
175483265
344412787
801213744
563879262
512754398
541810602
610275972
532848466
493014673
738252294
291534762
688871033
780050911
256783542
610304992
167091275
215073701
132465617
653768650
823461934
797662399
908008021
767970113
499607301
908609386
431618191
403030132
402824473
703341451
229481741
791422233
549702449
303571953
344615100
461050183
844763020
246315148
809975848
837721356
488729250
188114404
842056568
803724899
32742934
927047957
700693823
333882179
502613443
608833462
280733207
80661048
63744247
89255431
416474148
751689403
441625261
77094426
281516045
555353650
666171207
426643448
761912891
905847536
764939556
375872521
754442004
128897218
22192291
699377262
428350374
188064518
599071132
929924202
772985327
728561392
759658765
533855913
131163508
815442463
331042985
897858358
715112400
839130276
586272875
611779244
893936129
353052234
321315713
746469514
115009887
902076577
482996091
293427040
711831188
627198746
712496484
780178411
815746746
621394808
64586732
168080528
431924581
553414755
107910293
211328846
466382936
746019832
884337233
155376057
33495214
673875337
120022695
17730067
325525214
465353913
446613445
299290783
817986080
752555242
86855746
310658492
480264259
107027729
644441773
559906113
497586661
271874988
72817544
654337356
109144920
877020075
652841344
887596347
523948870
796042735
813588925
824695076
89085234
587141814
221968051
783491626
111995364
559094401
473632489
347671594
814356911
820525108
420049869
311966356
560922429
904605576
437195375
716182634
555367673
99618485
613197185
484349384
172131253
673787199
43802605
556160601
877989868
252315181
708252976
567812157
102529892
672307226
890475693
932955714
39882116
880638778
281330045
854807174
124187120
433707743
329471994
729833529
61431433
87051158
873159737
678314026
594260444
106596330
381132994
211981408
391214073
356964340
745363384
194414167
879816841
144968129
137407799
46071264
710008451
508590969
36978854
363688330
294081383
371665106
95143746
932728787
471831305
116660539
192285559
493592208
809340590
41584943
885833234
103966076
260274259
728604176
452265878
646077687
429404375
731443363
866294912
708255818
155143907
255041325
184300779
92579840
420503751
477986287
873621618
214723450
400221410
302177945
507576444
729950438
113950251
721519114
187871245
767715737
569225262
208873980
350334773
266726878
302921686
858597257
258031729
374943327
607983408
842274851
539995079
899072068
430288909
730249784
245187599
371685631
321476390
864387228
519080998
308638551
490817763
658448702
352119733
66153118
193442422
38613094
908601167
913481161
437059222
529542853
619678270
476094307
67224728
116708111
681050151
249332313
128502380
213262709
444632979
407845712
694850635
619506720
195039245
289622745
639591209
618720525
213725345
813848050
462248048
746575820
187045721
598152752
381261566
921434521
100224300
74281582
175031360
514582252
702524945
369659264
676429467
102687845
95359122
593183388
505708267
614061244
766776712
460524580
203941342
707498123
554235462
614756324
104884708
597433347
457625767
875372092
273048134
403757416
311505247
655671531
635168201
676501964
270963296
5253184
382416527
549924119
70909012
441918574
858744198
579566146
910478811
408920028
423286111
210029409
423937010
36928670
271113602
921044677
509697785
866670438
885044863
847367572
415755165
409825003
835544377
426852533
324110195
36726850
482836808
457128867
512076610
560252542
194304014
456054801
472903619
910921893
232406338
744946500
13110255
523056741
701394037
234870985
579287842
701108528
611321298
8909722
126635848
389251054
861735422
241239669
38639197
337848626
773855503
739516916
69794472
158448843
907375451
747186455
129987244
909142018
794154839
317739091
37065156
258589306
464079342
191653331
247588166
1224700
625165596
430904810
890873453
564663090
293612638
233415051
537796529
147128484
535734612
35062352
747010423
502809095
229552759
161065161
327613081
432970569
256417510
44764970
514411611
348999360
74973175
400299093
224911663
505168909
797876546
17241469
760891241
417446766
178288847
139851156
809474662
692444729
39496434
194799629
6590422
298408200
557343136
587823468
705191837
780174811
758251613
500274282
651488202
911024491
919282521
454522639
336890903
846309328
689634155
706597068
256011256
76479808
520179601
485851516
378873688
284140510
457439511
872410989
816105662
682661319
83049678
359758276
26345900
579945
426670702
605838063
270325823
705423111
492865357
887395550
452605181
384393470
288506187
162352517
867333102
52065165
590928700
147615147
671769620
182630836
14792033
815474204
327011182
13616543
864002524
559842027
680545624
147134590
338810666
902838971
145621034
51996633
36338163
404159482
42610128
176884972
545568961
563689281
694389481
639874288
920926826
64526339
607961325
105223517
772966822
597108073
819032471
451566874
161423668
148736519
169672299
106410046
668615854
868459307
629156753
178564048
169901567
932023609
354338683
262661491
474529862
705510508
509870379
799639335
740349485
603930384
264778751
873982943
927639726
760455472
248255229
203016590
481650722
654683831
631127463
525748786
925728860
531663620
115255258
286393645
374185526
733428306
389022611
491160647
283779427
466113405
121230584
910098640
926918716
136024980
136677419
454818370
90085696
302309515
248868918
373957766
332267395
31884080
359205415
172826772
444257728
414519344
887229341
313799653
759064808
144592883
614582442
793981015
790204017
189591688
527254666
315881609
339632977
470652642
148436791
380575777
732763154
558496362
664613668
879400535
287988788
221110239
340388878
590189557
158601428
824999800
425435799
512419989
755326199
884551833
880890962
75766290
539582151
524051039
430100862
164479875
133396131
649599290
688192812
32028344
153016398
761820074
621543105
929514528
247538162
80311428
637581550
695763277
249899264
60284788
671295576
237410829
182868506
73673292
9993461
233357184
923793275
74903740
587536970
333907429
589903199
417828913
901793909
685842299
418890850
813554922
582006464
739104945
454731392
483034897
823061136
293996600
464672405
193041945
490775494
223679822
290286772
201886788
684033565
730086409
757267187
743250833
625459505
370271260
215426072
903083525
58615936
533830360
122092064
817258959
258752015
902475627
82677710
542795967
595838510
631689016
620838775
226911570
275044729
222213062
370167335
924550139
310163339
857854345
333027787
269582129
861990964
515790421
812763684
82345073
472055069
674929630
843862864
252963320
674559002
643871118
57159879
54906675
25462530
793049885
268842609
39114411
467982378
849680512
844201628
426512777
175257105
511037063
44610901
295317254
275057493
870384952
576797682
860325022
573148143
452532583
685212069
662729372
349327971
866147460
353174463
473145290
202427820
468655681
73499638
563744477
5236428
497896356
127182492
890136411
458775543
622584949
369517937
221694331
519379535
917527719
209140488
19365400
876025861
378594566
744199965
302798313
47147348
635082925
282216927
295475168
139278902
758319966
840613452
468008464
583374554
208663354
805317676
723559887
798817358
657779586
635081146
395303997
77526569
756286970
794020038
330497543
230250151
366358799
135391181
609320470
828983428
395323317
705011295
546534463
668201576
282101640
376678180
425510727
471985074
604760304
346104622
539676384
488024592
158223600
627204157
921184684
169115722
174927532
852346339
834838040
218334982
255110622
764979312
444065938
63843023
415070325
468663607
323617747
329901762
13440769
576149006
692820141
487205882
339360274
219083384
750106009
505416214
590043157
89530443
677131483
837140108
580376863
106798664
903556992
640474670
904674036
525869827
563786871
434038274
165031525
580009843
890385752
847125969
518475745
909458648
790143170
370506399
620376683
843565494
128577840
36737184
355227928
54980349
94984834
650856653
10242432
437538717
136992094
597708900
392669342
26432698
830789889
104966534
757172021
128153163
909182917
531045197
12161690
561564593
320953836
320441155
221321539
359367328
358324537
353049137
600831495
697729458
514024637
897949718
797741858
580184345
720843822
735452767
508478337
720144023
504550245
231163167
731617523
171691532
927304602
355680176
854395226
688864504
34655589
296427652
399637724
28360347
654728226
206453620
585008667
571031648
296058420
821006448
902371046
272015582
614087389
810478897
384110890
347587105
607501685
378913646
52783814
302224717
588210270
763970885
355175770
763667240
361592973
725602558
186694295
607193412
444297532
494341871
230077672
899736691
432994758
271498538
478979668
527368646
4304609
232469937
700823000
574873282
672782945
389335782
667949415
242337270
165506490
185462123
332576541
15341175
305412159
604883177
565026053
524367481
691279247
87794694
932306361
417238900
670795657
138010256
829183918
326471344
914487579
206362787
750294287
519733561
211360073
708018375
155082564
907445245
11974219
355466301
743895735
841775002
860903454
702074675
674698376
95732729
752572146
727106220
69736553
650470921
93369172
223748722
651545341
128534722
304785093
345521719
828040157
305503593
386988537
907368043
677963079
659931003
835920068
469938499
143528995
37372179
404391860
602572857
10951144
597084992
240989283
281744089
651822644
35888061
367477694
767803701
874646082
214983437
643224268
84644569
776517092
409605636
301325370
15333347
371416571
37397800
214617474
240325909
593019195
78151703
160912626
612095841
753092619
239301438
115852698
271346668
239628454
266857003
480597930
595498706
523679070
667843149
90327593
332025400
468136614
676573888
43138267
557814504
250804705
315380595
106126561
711620597
703603983
548873208
344137725
730254716
409860450
411603873
14635396
471927836
38299367
124638748
770414194
561008112
866919050
622016336
565282972
449519805
566953223
384670714
899533042
718290602
841670452
738870650
37089168
764343213
621499343
80984329
675353672
116127718
362653897
868614020
490875772
114978087
732737368
312737214
501738240
485799644
386826409
545856402
759636888
454786006
351822626
246749642
13219867
526315643
569048866
456944281
26341040
804338647
390080765
830418585
141038562
515899305
485334802
609390603
544755700
134215276
62553995
696355633
628096420
24770206
654871144
83446790
547664963
703517282
472904178
184016687
313388515
254485565
772377095
607212054
463008639
12308450
62442240
785772345
345121025
759792
592092476
823435565
699882145
726914633
471211988
744675509
548380170
483498087
104900431
565127407
55241762
624667021
893753678
286530666
505991271
212442615
215753827
180171158
50532487
466572680
692773379
233702958
29467609
281674891
647730114
415385226
688255914
300754246
