289148126
205171390
448431664
273559406
496760178
665615023
778575907
406701471
50002593
389895385
78648191
30671205
747213718
711539142
61892376
695785505
246322486
823049208
800408452
920385746
665204328
385734496
818060821
331826475
329644093
585119483
160615254
7611622
63122762
517405627
20354888
257497040
688415217
871494350
590650641
859013589
596535440
216688203
731085577
902934954
128421655
92037320
25840376
328021585
805711686
563435220
116129388
226949510
320757567
921077744
494662839
16421496
200326035
297970444
11297676
204063070
830646175
381885941
857214973
484488447
838574
229296195
830281627
230269007
251958237
356784143
296608035
244679089
66468201
553119120
356497434
647279263
722000475
528776762
158020922
447202553
867045212
808801062
190417027
405349161
86887994
124122543
269167676
260265270
117549881
100009154
504118926
108960824
884132999
913863578
243947258
38663009
853851843
41108767
248626956
527763550
812709180
407152897
694776631
271922639
529814221
16977695
477574502
844802767
560282626
587960288
86510521
678371673
319361600
695977177
547660136
664945438
474561983
482578868
57213339
444540426
42861054
922053292
12738627
98207840
587780313
170067708
916784381
283734728
842285026
212712188
867156390
933082964
525238272
377719385
485176761
75447975
266251042
561207620
725248516
284608730
150917000
921043860
805973739
108077269
898917835
682214627
764688410
363619269
451942593
60074458
29080856
97705269
426109572
141618072
563961564
139917225
435555851
161075654
100432786
399612781
647632028
612038973
134053086
241102290
391035978
64069841
288242377
154698622
745146669
176958702
453770201
266760257
204568008
676206004
156467672
253496193
327778680
205747601
408619326
496372692
775760724
247682080
504613819
135984030
122745177
320417042
177946902
750206504
880839977
391895240
86687629
871004617
46808639
387514017
319456572
84839474
161948197
512292503
372911762
854879312
545454827
97881401
852896083
594894289
643833801
289170696
355451431
487011395
916366298
377132720
44718087
180069030
742942610
204576948
485513521
96726762
140126867
930585066
688561419
749876885
694007811
703640077
761393329
461887535
131945362
747417393
114632323
55734652
223002
469368814
177571310
866071787
290760987
896797589
414122682
343599456
626238779
510424855
50234418
360273826
180620141
852692445
145723118
826550255
662721613
431663641
514525563
127462781
527418047
129718294
236791070
257419627
739726449
838105189
694114858
587043303
272110262
154197295
622107330
846457063
209523636
552308177
402952035
878155706
496541199
357574524
914968682
730204423
712255392
253536799
304144486
719913534
784796748
849355841
642909662
361421301
198239076
103989706
55425238
858349274
569097137
700346703
529586053
695826212
128543718
214222718
774582518
26291150
804755791
756940732
892650942
444320772
830665361
363074095
553023597
662873334
138190827
650848944
294696336
317155200
556903592
856687287
391292179
245111235
830410879
519588358
683710786
64776915
512217961
684494402
195984011
609518774
381616903
933090412
753591431
682722458
586161467
126977689
810227718
391301778
294492458
831595802
140564929
612484378
305962563
733843498
563768019
643021336
1612093
577232052
459044517
783582381
776460207
332888679
134383940
700629614
232971511
856688661
354529013
646358785
150212087
64424638
806580483
168379802
1870771
872919676
396934498
358983822
148638009
37675928
59370404
498662098
226704540
842347081
291499495
332137554
552007983
299912700
575184433
271700493
777658966
902740196
327285469
313827971
344965984
264005889
764518205
586742665
468728613
133448032
201284299
308078447
554671686
198428529
724409440
615629548
277561419
446021212
907167297
167344375
137423339
342232646
821727692
212807081
886407189
75484818
20469519
112939004
750379658
695326652
16579109
53878431
292094663
154346472
411239583
357231121
449647350
428565543
653367140
201508277
364032576
201531555
649941694
182039721
597011699
226069774
488791271
358086818
523771779
223479560
734877815
652365255
143691392
93216924
655821355
420193486
299876502
278771953
348990226
601944082
535140323
69872035
113739210
442350529
703671933
758375157
36687329
593165954
660588217
546398343
805262626
568875346
178378758
847992926
565256304
270424123
795318513
596878916
113024698
478417377
122383243
520093389
591339600
830178150
691916696
642861431
56112314
173692467
329959836
66219573
127711403
831106485
24504814
133122722
179221887
44869323
405477029
39229241
732012225
834505610
31619173
710098209
635811890
482506597
414775031
623345219
226179931
324457607
373967457
14066662
395616251
653825722
803322698
753792155
626132262
814433472
761145932
688798428
575579182
69929386
300988216
621994233
440308330
182480863
86874729
617895097
288771929
657491910
845459520
484938013
516820053
76091984
612830083
124579064
263292977
416175733
854212089
241993438
691018649
133336548
669777598
6508402
274123177
335427820
688332236
384015877
544956050
324309744
655948165
655443935
780132877
729206589
265872441
762915345
849568317
377599974
529728366
110207455
653753193
273307043
213940755
76630079
761088646
283290667
196368239
252127672
346226140
733950233
270941430
620756934
146011453
584266061
31924777
650845487
621786425
486698611
211634069
648429343
461376014
220431378
597108097
124244417
617896591
453818677
862364312
490544548
122746540
101352138
820489969
58389678
203639621
201815704
893005261
575787049
357778397
871468711
870098165
135684403
294979182
807657409
98513757
326053773
384805855
57961662
725558132
225332764
813513125
459227955
164636939
496836869
566181157
623621033
433761285
78611040
630729176
767789198
342824555
866494431
586433002
47141280
662664917
118631954
833551673
285716651
848636680
374204484
214987087
833166671
801398054
876463091
105901428
629250385
149450697
65131333
286601349
556495217
197976881
733073244
357786645
898955271
293049367
915106146
109903058
861923043
85736784
334842420
535219906
618548196
25887590
867398929
679213099
408014965
798709385
234838370
23746645
477475501
542546597
487041356
381210683
233576501
426580331
447054070
872266784
63918303
929954038
53445273
20253919
569803803
19015540
705009495
788312315
407390168
399137798
684945489
414574621
491469491
87609642
378289143
79358275
378220746
281912145
818555525
681450418
672713912
635159450
734331893
584594578
267836694
893275767
313804324
83877810
180076146
899717330
59956546
666514864
163002420
509630381
688874764
515178453
724561511
413076242
527695449
888185742
548045324
596481004
855250535
611100496
104656773
792515623
703242292
644824605
44841413
920015308
341443842
649702937
523086118
887579058
763735602
648370757
711778816
363090315
130094168
43903541
723420327
434281466
495847405
150752987
750877679
112633474
554054149
866781479
202940441
741083473
139794916
905092353
773019803
126215989
423804304
333852576
421529723
440221542
26887507
615129997
204197525
688663191
514906753
788744145
52203160
304195884
927835689
482444522
844294269
559534328
707871878
627315707
35814110
425509526
653481206
895001308
99620876
230741532
869611337
676238724
34247449
366674762
923609627
220406307
55466926
500962786
340636359
447610194
601850586
295979305
768199129
281155179
237118995
502107232
312013818
530252129
816049933
270040083
768647434
80471545
406927359
818147488
474628794
496454479
157582703
881965317
125192172
563532594
358960207
867743998
462329893
834656395
793568534
390174601
861443739
771520503
119826370
228841415
60717845
121772626
724391311
250742926
718959553
399078950
14878830
358784306
443503785
806642386
484492930
185095078
406523939
644342916
207778767
902516779
518614786
365284531
780176440
150072743
714220774
649450471
733985692
416965958
178673544
715616300
413656105
818453513
763459097
891841013
866827579
42662979
505586668
459521632
590411183
673583701
5893498
190557485
770958802
47959646
771037863
734625420
246856656
54307652
249230451
801567123
421380399
215873401
577353803
437969939
720177
64336873
165588210
123550485
399950211
923730043
15662308
605854060
362455850
467517194
74563752
287992578
13435716
74445493
725169542
227393337
118904493
291280208
186238334
533996317
790350897
76304763
7515847
805795622
524575635
420010984
427332622
919983008
547129178
124331667
590857261
397273658
100336803
763947466
791757996
120720537
701104602
675308111
131815106
123023637
636916559
188827022
595285022
591390892
855108519
836222559
759064944
832824321
774241532
250004841
255993676
436138060
139065807
734939925
217694215
671610188
803336684
764077243
320074247
862944741
254562485
777225004
193784182
829367723
837329304
635557052
363673511
885679418
472615149
451257108
633285705
413938669
631334606
53234189
300175722
111447524
848651213
805844380
424682794
23134408
771657047
684740470
375173205
862249205
488884911
24153515
520138409
674426543
503420368
206032746
171295474
918360001
477488851
340450276
113422089
705929058
15388968
897399907
767581786
699009477
131595463
162132764
834129188
399260095
27300985
841594549
209865792
219466712
744134479
699205912
294701667
559382228
285164179
394890043
189711218
332607437
784183526
603318548
142547885
79224919
41849587
817670385
893513675
588512974
228596148
593784982
811667525
658549696
577773922
53241439
63324511
727649946
695923387
179502518
111569878
684588372
422409696
99986820
436275301
887748326
61248565
559696319
740670550
297034795
340663301
179674488
486412585
683722652
415504577
649002517
718916833
180026651
33429395
853321819
825133082
766612035
72309081
65812219
416629489
232708845
850414866
236884172
507578256
308032891
488544392
169393997
740707560
407648054
476602383
885894922
561843119
638076798
309580520
272817619
509152539
77279771
42630463
381298088
394259370
293577732
649493150
303288779
227423549
111744200
910259636
487588074
761739862
256682771
482464744
140922754
833548238
775936039
734433269
457605504
78677419
476271119
215609805
446076519
273609611
100475096
420869419
889526623
555698954
450142887
367412877
484831326
585289163
504041932
155099397
559881091
20749825
127283809
435729993
664023960
569135046
814392933
535305932
371592937
434229894
324686932
296247991
39901422
98372283
180072465
151083260
653990344
870370976
419909821
779639194
497273337
96003532
48132321
579414072
603915273
733439078
691647514
611176518
821480713
536964098
722518695
77041823
352259787
472556794
153700857
790212388
155957395
222444433
91342607
474880329
659637190
413582490
48519046
628608204
241011920
373714333
882184687
861774411
295080967
531445396
540860777
796322639
677489632
119523974
563356714
243291202
117005872
5305963
192443161
272087558
445851026
666088396
909584364
715144447
661365681
661336560
177676917
930897656
808412816
669181093
548671748
155554053
644327697
780370798
241684832
414060063
137966998
871223945
110574496
397535044
314590942
760564448
3192068
16365223
371174169
99709256
171586821
432790355
158332346
159553266
350302052
377969493
508277480
176979060
698737075
132683732
279162075
27364146
241077128
578073767
170556444
256633885
386803609
270503680
659394041
124670681
388122414
890489395
785912433
635248097
713598564
905542978
170074166
775709308
636021551
138052139
190860360
461359805
903595153
381527138
61289085
307825710
491736562
82613843
551952119
366532443
561600895
595548544
758933533
201011583
273994133
309879365
161249647
885667646
767906773
462153147
441394258
178347295
201898938
193726108
99016405
672921281
580916310
785658310
714949683
167453213
522950633
617213454
94746555
229224091
312132792
574808168
310456673
565823481
900969944
125282445
242153960
710940748
393712959
462490624
108229775
105325048
534045885
560300010
765330977
347100453
926242714
71001914
679869449
522845029
468995119
192376052
400850141
169203251
836919111
229783097
257764443
832400693
582078089
270761964
405642811
700250318
922652303
460092146
271499380
673997167
875513613
704813684
873802928
311827145
723887871
230711498
224040598
497333836
771306350
697922364
659948995
891664830
798785510
670357415
573597162
354932883
224864755
188740179
661921380
453363823
559266381
5649632
255877348
274714438
61851294
928958718
193707986
871063417
356262609
9602147
929568717
456966399
605580570
720179060
270577262
887481760
361639523
622795747
681395450
511147265
411233058
817561106
806984338
202478898
262053642
567500833
556029906
720352515
782607884
167522614
870111918
645249759
384873912
159865595
230553388
240250169
831831604
547660531
451805876
545839201
884696080
109831828
226147610
915010251
731729634
179834210
830614499
461612507
329043730
552036991
652325269
587353136
865466551
681864551
125909853
221284594
838847648
466551361
259685920
893483485
183824514
763300053
789855562
24563140
426816533
26082521
617944351
837778617
106571060
26096970
308621473
835784644
727018187
423501542
627029086
162145632
907375354
822902117
798979948
260948662
873167394
179794041
216988660
137610454
560216815
15687464
213539269
635860074
99474637
520287257
893288592
585411048
470428737
233986963
783634108
104449685
899604852
22791944
237194714
857543103
844814778
845876516
725135571
251922783
794780526
387321523
357212252
841299877
784269304
681882914
439110673
602144324
354493557
456162370
192095236
371050773
140363688
375684495
756398296
589268177
518004256
359568154
108357929
515270825
222712510
698921107
649865460
862360122
668879262
620901476
433572582
247618707
138971840
555593946
566146887
157400273
437583950
327620721
490531283
107891326
727295653
690209035
27446018
287022716
908884555
31793448
232945343
757117311
574457595
301065593
830172708
328910969
744192301
439760820
336866631
537726419
471070775
493913261
581158120
102342687
1431381
837727783
917486648
480904002
594859788
186795895
925802889
510570039
592640831
364940904
311749004
638924910
535879871
384054522
726801847
930415178
816726700
597321993
37288237
752294632
123284810
70588292
451233265
571458386
271289476
138535015
717020925
772983458
150392199
35008429
533271429
412979581
202238840
787537855
410670334
519076893
902041456
230256816
646030257
819114862
157118326
343926095
564304742
521842345
64255105
256470398
436239160
840861195
809512773
10809583
351140567
650314951
290952707
745033522
271648528
708390346
567555270
563237947
342041797
192177193
71621392
753304323
557440700
112406934
798321028
544280902
640189701
899901350
437149325
221022490
570712379
779394773
349622639
203002649
325381602
778107693
564361444
667484796
85018744
184689261
139093392
758400350
712956666
406062754
753397613
781402334
2936638
795255302
218961553
686118124
194652565
429278956
860368736
468810216
817851860
926872882
553186787
191529360
829877209
134293679
721954222
696034442
649876945
676221527
727084450
579414865
695101604
79541721
434677608
265897914
837841775
445717395
880119968
834838665
666209086
620346639
643766751
626615429
602408334
458081092
52594273
742262373
363554684
189169763
31640458
637395246
457837182
135020579
892361488
152801709
739957983
664253663
182395374
696034527
903473176
796574795
749269520
485423309
61447709
349693170
730856032
145551477
51751845
201548583
823143514
150274920
415005627
703088094
409562702
412981273
228196082
652026136
473158849
588605956
210925647
710125358
464904095
172690649
612937959
330832699
513323007
124826222
600404247
220359316
530917710
479645054
123622338
475823166
56234441
246987166
192902501
718647954
361134350
407846691
577371617
341894231
639852524
711084460
106021455
81549407
922088080
752289511
561918282
905780712
741513870
253580411
120273016
124478979
598773424
775661630
470939884
796899915
768517783
294669893
461937554
543414490
811211735
130610002
615866432
485526995
78707103
696790120
705931552
74746437
678305855
794088844
36431732
538261981
451998958
689147643
235714594
588268829
53302983
140167883
743058771
289450002
326192764
558997577
689059079
207365044
497654272
796009464
468933792
323388343
702278792
309908746
297847837
859129367
553271773
29931017
173160940
570935276
649818663
11304732
331526752
621580754
853749563
467252210
545234943
716731360
254262656
919121743
667248381
486601446
627885920
406648351
428953003
593065552
261662902
733246055
252743800
825000805
543855407
473451466
452524844
597941100
420351009
604890001
228904128
216735760
893858337
412867738
173343863
773952715
228015136
721896664
711803675
739005603
425317029
535744951
1435593
132394287
500403427
436840514
446698753
562123513
640049845
291609107
752761974
870906444
260347675
460065643
562799776
452445054
94154022
470451843
2034127
524771688
382168147
667943360
639311785
724983339
688860351
913971651
146794322
355316413
427969742
512701349
183149320
770221699
862731978
557671869
840849599
688550984
89725938
426537292
397303553
514536868
233436840
273188892
807821376
655031028
368295266
350218817
252210975
920101982
52380695
66614044
476805282
298707988
454853221
359641228
320076331
278234816
165451904
785614823
584153249
930125507
484518941
840994668
507886716
420057306
512056232
639327346
47211718
775906337
663196431
849086246
158632605
658249487
509484701
236387067
448859843
916044512
244341489
588791928
497171667
588019983
132676873
530166595
322583677
712461323
98754955
716675410
431522214
246446683
856988536
259224216
807172158
351274747
885422717
184400677
445641830
699031872
353905805
651407327
642737396
210378725
351638789
791055475
804377556
923554199
653685586
465288321
17973133
125957614
863204201
703843602
838883146
759582887
162812601
4019693
748132012
165501431
680963419
887604062
316149708
275842541
226244715
918426395
315857809
880784798
211615722
895439114
30489994
646178672
532187156
396891894
491082600
888668579
130023924
336321235
23805578
195512015
128214387
633830845
129998299
192446113
918258242
217572455
333306259
516940381
35484896
69593428
350720453
645704267
631704824
584237434
356069347
262670886
249391252
390335066
914357012
647699674
712978179
554879486
730771931
736846953
230708162
404444048
564166973
255020722
888287099
235867422
619704872
728144556
312731289
219922551
214179459
177901258
517360122
98851944
767516940
298162486
87229094
30914815
575801949
212124441
75964656
96972196
465224872
433257379
898328935
894926751
373962191
191117915
833409589
723347649
193031369
140866472
318196391
735909098
150149838
52020515
473745103
300518596
854671342
840987666
266532348
264630331
460439921
302097766
355301471
169987692
55517714
545975626
755087645
847774921
212934586
255961831
719214151
909106037
740653730
725865861
888664570
311852754
698297228
654049205
749037300
164173953
110494246
531569766
46321755
486248071
829180506
226081839
776772747
791837481
314217970
623871313
115191469
348627699
148600216
532797910
50830163
686545777
197243954
412077861
242957427
476340461
632313785
457380256
615177169
123569019
638461768
350645354
765932290
819245088
752832907
73223077
476886625
785662273
274862677
708296835
783707813
52620016
455192886
98493870
505568749
294752001
448447016
287994219
36108199
661453851
374164597
784734803
108737185
70589446
97806047
700300396
931325729
19254172
847331047
434821951
729880473
690791528
553383558
406888277
621253311
796370425
103832644
218465346
405373116
635681278
649950073
259237838
243166618
715404639
733069791
413864993
879876218
642899154
780359906
908311832
727598470
25220558
806359935
25043736
606755784
258821107
575865051
635267107
868040720
373434733
102950874
323407327
897585456
898438579
888625539
26352297
198118784
871881735
785950271
4359219
704937093
40475194
632658298
489046973
869421932
792804644
322902028
584172229
828252887
240999127
52607143
670068529
382295593
664611995
855485166
800321290
533896979
312247320
614260069
364496154
222042410
691223823
150706323
435278261
772624931
172838900
745657305
469877786
438230874
713922564
862595756
444746076
733137578
627062131
825578812
237725050
273466674
489602989
818114688
249561332
634053855
501236223
415731888
128774869
874327985
26306419
903047727
209068029
322382544
151757457
206239413
929791312
615971187
468813697
236806950
351767459
898562074
887882777
221336954
502926826
304326983
862381705
52721862
183777439
927804562
207032214
219420067
782603240
516853724
503378152
697321780
749952810
910342266
380068367
373325456
445953692
351632250
659321031
301256276
468212624
679645900
123901130
622719553
44828943
64888986
566024399
398052632
753058719
877683589
532261521
567697350
362288184
632744158
755590697
69044427
862202702
911159369
340958041
325296962
119603809
631617678
753138654
705490275
666487750
540379560
470160075
721050948
86316554
804588020
26714369
718652687
272707724
894736974
745362029
692404476
328559113
741504030
752944576
898698964
759941312
147882292
850496532
4121068
634505366
98488571
187902166
68356227
58938294
628518092
359512422
535196167
260436856
533425477
416877417
135686042
192397573
558212959
879962602
472083024
487470557
704930251
693021635
789767376
569052228
707600384
275267982
418943963
538405348
27822792
99419549
84262934
647368997
208084085
560478825
449042769
491188644
182393941
257539438
701843554
171718675
138470305
337582169
574792500
220718061
441701215
929787011
28505503
767042870
430125265
361821797
554330204
9133016
821665436
243265020
758398571
67194714
152960767
422038443
824699071
445447737
692811180
622709791
295057666
686730067
228222870
404392994
338957387
280846579
66766787
155156629
340204511
321350727
591755371
29780854
45483653
928075228
13090816
429511140
343297881
463011551
597200530
126543472
832953683
274181730
378444164
708028252
370616173
778106084
894710745
500644915
558665406
159616702
125476070
19640285
474042677
72275798
447402442
226526611
490946851
293912339
229213116
166156668
719780697
496853488
630491446
756860986
478129223
118050032
187068780
580560439
839196517
594035701
573009154
299940457
84888651
268716564
579745349
907010515
358132399
681257362
18881573
33869420
413274298
307721135
201935231
911185361
417806739
308477579
367559879
695481122
42545189
379883037
269184226
704827838
76167321
8300354
698338464
208430128
923139208
924987495
566786649
224976359
337143305
740910247
927465055
93045247
70931235
101001867
600296081
709237250
535946013
243585011
638170375
461179223
256554407
915201653
386968320
447097794
420820457
733872013
777125035
574663043
836303810
919323116
157689259
330954204
367245333
661079181
671495906
422497609
262697524
418915407
819797343
293787206
20950065
426280448
234609967
141919981
534813152
878435239
679353546
766292667
372622742
110903968
737788108
605475801
187630205
282162543
740222169
369891195
257835651
97463511
771616243
82567119
59835078
878169323
335342703
573272889
380456637
401201115
751741531
124588782
484107629
666661687
586833855
187420983
437587814
563891611
396062591
397241841
4683395
858924459
80511399
118030446
373423040
757412374
149448868
646118822
64907310
415688295
460883268
871644283
698489016
8196825
248562752
905122200
650918705
915779405
74729605
219548135
37633263
929870049
571886108
313681845
606849818
330936745
560425442
536681616
782494573
277879915
730608326
526594110
534971634
244506629
686295328
35212278
668473575
578115052
464906992
299156590
619229901
870563238
364060397
788621577
822353041
364783921
476973722
619061854
486587666
261863137
272964908
14144315
623225666
238267183
145577713
459690540
79721526
540128918
908609632
859504608
787698976
680319171
309801987
660281489
900514302
719778356
172319248
481216333
111619396
715840092
278229872
318226684
902959919
229207426
196530022
597505986
895365124
385211785
290343623
84670313
529558851
728199263
434507020
411088202
338552765
441851721
160559802
361858919
568708101
707488668
63740362
500522780
868431374
449307274
48645911
927998074
324971840
53455970
108425161
376197759
303562442
218116676
722187093
166439199
809699726
801561838
799518245
61894766
438368191
98605714
61716214
305697664
427923119
327619878
339782944
61315111
296627891
265420380
436596047
419970219
28466533
756514360
114390122
362303357
715101470
579179491
456471347
99963014
281254961
875673401
196484938
560067866
447459315
850134620
406540630
659479795
161506782
760848981
36997427
877237249
640845411
279647238
220693345
828647408
461861999
909783020
444450213
169207652
679719795
404964462
685726739
24532440
283643289
409073807
8705627
105245843
372832194
749053248
427869247
481936749
551364928
881124624
45779374
418157633
623536756
325379256
84516895
43031643
143767834
846922666
4600419
849385804
927271326
233068394
701247270
344426238
183992989
635497356
535610269
775851542
809205699
27627941
451287022
904348401
679118550
114016050
573524233
353468604
1842479
211522921
107022682
572657599
900229633
189611276
259464377
632528651
393773835
471179570
817410888
814519217
927530311
584909087
99764118
167219574
555521894
920401221
70667023
829510427
900461478
438507076
698300320
665557405
703426777
769281772
58872049
507396383
641018745
874237368
522122564
527138108
200502486
926426480
456377505
723095967
561095986
490803801
345060368
208310192
705482644
59067083
752160307
265607151
38957234
547774196
618718381
740708628
699584821
294573584
286098782
801202206
154960555
586202174
658809948
49819599
811348634
400592015
170404364
593809770
472664584
325172041
523965484
328076561
519154648
726122817
755312388
909530231
327639000
240378868
77509972
731982842
720820023
727883701
123145113
638048797
741013875
210176726
113584600
383896616
515899395
577677121
744379449
665343803
410088441
384671767
546839065
250736836
417430504
579372675
1255917
691991636
809053408
462619210
254838924
898498459
574994314
470941088
364732554
150922273
417408196
173957442
455987354
78885947
929926060
109524978
25614162
580827423
674880655
12068491
689793370
753773960
799196517
93779325
855177495
805887209
883308689
1732669
407381782
837833275
529460816
771339803
94502449
906778629
78629672
568965390
435898566
298572433
104782613
696056604
932657453
287233183
545146678
553771405
820273507
890386415
497321226
571610509
189594149
492193705
643528266
854336777
382521701
871209256
778486679
398041139
876188172
783048605
522385665
897899185
223481014
789505730
499239376
692146775
617209792
830289153
674430035
421708603
897912227
761787442
796952218
342045371
837298785
414839976
425226472
477420370
314706123
486469278
384556748
540577886
19186233
3409622
163722008
95991259
28105154
71821588
923915800
167861968
627154755
226194447
46393830
356825672
321309809
347565092
891319853
515590497
565482178
681554444
729602610
508770232
232687803
223353088
634313893
314627241
810689863
44584532
181737191
365181398
310069013
617345470
117738386
591680288
383777740
687362801
650051749
107652947
72567403
599404299
72653331
69917971
624580168
868399764
302548150
263045344
373772052
400950497
812324454
241488021
294806460
701629268
233094780
107376592
173983361
749399188
551641909
539619657
434635601
642732405
170461617
515422173
441671597
17824717
199988963
264424509
552410955
340005041
514147835
328304637
13780583
455636603
837030939
8639185
97254906
115633652
477272053
695945413
255619037
584223720
109316082
251373625
633403266
845644165
561465652
307670647
260980914
850343521
929104507
178446308
784823408
60712128
192893039
200191318
714511939
114597993
371845376
603133175
588820595
135601595
593589519
582709214
525730841
873309799
505046399
811362677
616204530
441822417
658399942
683674571
547475939
796220155
765296078
76155918
89585974
505437356
896825104
351474996
189588388
234209873
559542441
49295044
674268587
865901504
141039125
124314040
203177569
804656025
570936870
515670678
74665973
194619515
888299802
662204055
142517424
521921761
95429019
69982010
168190905
402927217
161950518
789083340
415958737
263015821
167825792
908553728
184237464
481009664
576888079
698387147
925940504
48583690
505062344
219448030
513754287
774451728
845593479
606527689
44203815
793221771
819555723
712671397
594546722
327702061
649537943
698209544
257432833
125906256
419772423
740526296
600008021
537985634
688984650
841736692
878957013
866780226
766577469
211558466
245721829
467086870
603004592
637139024
383499225
700374790
194886706
734461857
715577175
461296958
557001203
440753030
267162460
186179934
884581281
739922847
624078864
490503098
698995436
366850494
692555911
468843948
780055396
232092199
235224306
796277728
784021286
864025029
556573935
69917047
270643774
897358383
802393337
639818200
228352870
730185555
221848403
151687913
180675140
923278357
922137234
613663722
825302012
665946548
537591977
551846058
842252080
610910830
592727896
771378890
36820966
522197378
213703604
772555381
2982586
382437210
357337395
459170768
499361649
621521634
690121486
33462572
548377741
577446737
602441777
512173984
758823373
6667759
98029805
383885030
600270904
440436787
477448777
464607984
96879035
488933339
428632111
313194225
665890326
440292155
30564135
295604900
759104784
514470725
536098654
922070687
539594777
890092933
468871850
33605722
179619366
840108056
914816283
369744476
824663273
330044435
72661136
824203064
629116881
710313760
448710288
100529007
875290702
888784245
198887903
689870677
821761929
879070703
868431246
705491718
462431298
521234182
99959747
662498307
260776495
102351894
232819184
610548465
135855556
311847170
54524100
917934336
12853825
607447084
493217884
676304443
701652948
664661237
518086236
137880206
887711594
162029650
635327946
580333085
340351162
680672414
401684917
39718438
847395815
602909919
820815334
64296598
117497846
851984387
483176115
673458685
902980464
345147454
410916237
23199285
897356990
379959216
714860523
628721755
198821035
347162159
663935108
888650892
227926253
926855970
72010788
387386917
446371236
175934885
486807532
35074337
547869296
522450929
187829388
922302739
415331674
422878693
105863131
142921495
259916207
862014719
555202481
929111792
74827231
120305142
297449225
46780657
590018006
700670812
491509579
610229280
677800985
513180194
137836749
572561726
718453985
524304137
30231591
895086073
831563999
932754124
761657998
622978892
772109475
38747038
710199320
897831015
247821543
319373309
702295539
687634029
440635974
482067440
271721311
295023960
672344738
623860746
600518402
420636282
764969216
65648076
141218642
92902549
842032646
432532659
11689072
266698701
797823076
40897156
479899411
696993937
876129744
307356341
430265694
380028156
46949306
382738682
67076437
379021150
166948008
600531790
378849168
604337101
148978573
819598836
58918401
504002179
493005040
106120245
437757382
3758217
656713286
848543599
215016152
273508651
303641985
529625782
918438310
468237706
126367637
758287650
664670048
591279697
220466207
821998913
785576846
769808235
1226278
55372812
134667978
657429923
275006090
425555121
358295507
498801989
790288114
324465000
79681396
819848
502614367
594533545
572849427
383263978
760033637
114083888
220462399
403241113
489122748
674698126
749464333
74209833
157645120
16784584
440464192
152414492
304930767
351577559
867076793
694364172
501169387
141983267
424383438
822540789
581977602
186896902
380490899
730259020
287008079
34707809
102645001
305970819
174352023
365878462
522323788
633020612
724567564
355139632
824276755
39222252
885150500
411993500
732424256
218684457
411479667
824211368
716654755
888320073
507040141
309391813
893213806
853662091
92074263
104716283
741038310
144858975
561080422
540589993
309627552
415086835
208664886
298221739
895745476
326834229
240030466
310416293
442229462
696115694
548144356
637220741
522590870
324687940
550092808
437787611
608158357
369161520
130350069
921326403
855366582
851992911
652044273
373482747
64700648
87309945
195115719
832485141
751709110
101791621
104802753
553120879
78198298
189043699
485873454
871387462
232673747
909709099
193972188
618851147
514611092
47798524
141808599
444477637
491862316
139259506
734769378
72369566
491403506
208631883
705366843
812126268
494718626
537099447
732277483
587231266
458715887
4942056
584958311
187306657
74381969
493927488
632362625
634325185
163549906
399759015
402714710
450762073
357944653
402551026
292151816
172340311
241809251
342157112
425238805
55717888
879028255
151760207
839544672
68470055
37881965
364251161
713265575
823441324
914944561
537785662
369855144
507587470
699848645
899097424
75022380
831571701
415226261
811016514
270594948
411354789
585147548
470425156
204618412
343624362
739474977
51826688
450689197
17802105
297780214
672435651
789410161
862391794
155287848
745439983
192748547
89207185
133405874
508294285
258756568
382922238
833764491
454642919
620743750
651294318
570511922
334110726
684724922
378136382
688207802
772516973
73934091
520946097
127368028
189414371
528717617
9132971
135817752
661013935
833622565
579124792
176851713
823252317
617831886
853380560
441041858
926178153
152730881
557895673
623057081
224859799
609133952
59642873
442840804
790554538
331398004
575949339
428283137
930990712
731573600
843357948
569217041
290797514
118633629
829582068
560625914
779806228
47141015
194905287
369905845
511671041
261619329
113978939
433111204
578853843
865277078
462208875
695576606
269607350
415739855
651903865
309214457
297059481
639525441
375384072
236474217
801581914
50792699
513777959
542673340
107621464
489886917
102288098
524844072
376137199
853055364
899153342
484602113
914440286
482118983
54441251
442874677
364058456
284540784
821098609
595452697
135153094
781531339
921099377
155930921
462944568
204138864
901319872
266465941
307502132
631639633
736954089
395141013
224980127
133528186
165969413
884235014
80937879
544421017
894847958
157170665
300919023
189487470
157719352
390918815
879424690
316132599
245699052
420269380
829373686
762508050
836812121
5853580
423819826
140415510
426742630
107894367
632084018
645094243
848787418
443854690
13137960
33234968
690181090
802583594
614126636
382736576
387255764
631343349
878345639
354414305
252609336
773316231
813978403
614783070
262496647
271974799
444374047
279842223
204676450
785524807
184121663
796139533
63928569
790266950
723154702
24531248
693424352
782587609
403339786
746601513
278128866
925426255
765334504
230335761
566557250
525097248
134931430
611974791
654392749
597812023
151788849
316408407
330032707
368350992
867954586
110997236
167427405
709516540
541773076
104260849
664542426
203338780
809754195
232710117
842929105
702442890
12992848
339923870
667198835
173565846
247724529
117675098
288270296
741525171
362235204
164574604
874640406
472683200
681947093
802837379
339039446
252544790
192631948
826969809
595230708
176297328
105753120
10662197
541542747
53138522
490818743
93716146
605659880
917903008
569157500
43986184
77459087
566193819
424185529
683978274
700428204
322644210
792056065
761010973
434746025
101755498
793146494
659594982
289245393
776522016
516475670
615368170
335583018
398200759
429756118
394830853
766361306
356919983
295091157
722951894
31643713
808901716
346961047
821221132
348629455
508089236
731845037
116209644
264057073
174603723
710496936
567454833
246068247
462844010
117349368
803789454
667902774
54813405
267056673
396807960
304141993
831209649
378722309
409784342
675548801
250009827
517625477
619695443
140016494
181559046
884963829
924130255
928317047
426337757
879268014
911618996
209528002
461793237
132321502
209835035
198253374
528252132
773528242
530493154
276256516
795055060
664905092
29909047
502490885
582224907
428851743
529268818
757459079
43986288
622928269
618304982
542952771
692587161
592291607
725083200
484788600
150271726
412767766
438971243
765555879
53414547
809982933
757548698
881808165
477162477
30203385
162209700
379763534
401653882
404543437
151166819
267677420
852781784
831871215
5551016
280620514
646238347
107935704
164596791
463397653
477639897
262217172
517468584
680940388
755883826
770125122
104851041
911919675
16674283
512209118
574091552
661392192
91502830
41475242
220533506
23033864
885652505
457454603
238322221
690320585
629368288
319237644
791562133
825847510
468723988
846754744
903171047
794430813
626037608
725646554
261124706
754514695
353634080
609402065
505671595
435847180
113796650
102168143
876885464
482094755
575751666
132114424
890854834
561319947
564897043
716935228
387336591
697061782
232295699
57185935
555422931
443514982
391436260
356453653
508822332
738250915
741303856
901242335
175276829
255770015
924959681
361859846
508976744
71874604
884915809
138983425
635377217
647671025
873942459
507735233
731246436
478875290
403290720
889252291
878887715
828000524
616522896
340177570
214769877
512989044
872799375
654928421
231010560
737304186
403117642
927165435
635881113
416326921
17967003
103700344
366435198
312309210
235300959
635338877
503605359
261635664
155422266
477783570
688363072
720529445
255818466
164031117
822940459
189401022
316478657
651519330
44772072
621968379
400108636
642653563
9344579
881055757
330006663
163760501
591144700
768895448
442209932
358020624
376487064
710266081
246287646
781099612
102977701
159757894
857216962
188552484
65838881
613910108
279667521
425404138
403699540
816013849
136593861
80396382
193884670
750674526
783892946
429646642
443434236
151348509
578565604
50681386
826443891
27816344
107202130
708811131
390440252
890421697
645662208
507240062
600215595
76013585
697219331
101212090
828752011
325108520
681286683
232512495
151236950
48809991
330898062
170403386
859384574
592314204
276232529
639155282
316427306
694494334
859585996
534434624
719263874
199556484
156207395
272521936
281252421
608999065
622447257
719276287
372351545
865274306
308054649
430346176
744316759
893755859
829517663
205004988
175685543
181763832
746906895
142327094
710820845
473564278
766795631
636377616
507759519
281370065
229729429
743565404
858417668
286445056
726102007
590976955
386526127
407571681
29956920
103864382
741736183
380161705
443663648
449093545
163047180
109773536
247792798
552595160
475343833
275218176
136992012
174545163
469768569
640879306
442263458
831230631
599868006
109735508
528239623
405513246
324812991
5809326
476641740
522851446
115522459
89310874
545827575
600049485
571920162
914160130
690512390
60324670
912004865
498467043
228052917
286503955
379464066
97660071
903870094
149990375
248925114
931250067
618244800
478146100
835573715
301804538
601015662
288698807
560342017
384660022
596071940
708859927
576948769
875176228
176464244
674046495
697887369
724648440
291399867
181905774
4253547
144908141
750169136
85916339
264248168
203368307
503081353
531807090
644459439
341131526
781655751
84355833
907145399
380508303
576823610
608629900
49086380
634647509
627299937
250501641
368909116
380384722
811277806
221689488
42829786
580718215
388469843
351463003
562940281
674286468
536849948
907347823
583791756
187278341
671020629
520288663
928600763
269194061
732344103
625832940
72543276
132041304
33058715
876629241
387690207
45604809
834852929
275705287
13277137
492053283
712820957
13071260
44130596
25166283
606402832
677013036
868627442
50209113
174454422
655857926
30053879
383075674
473339823
825254829
254335010
179165430
876448035
41257052
778971519
779416063
754110474
820824471
14889284
766911027
182756099
492374763
669147049
447384268
636754206
206237804
236579202
546040235
390779537
614240308
555896656
572984006
406570443
19782209
347534585
334870707
122583327
108507412
325264698
768054104
646225398
808926417
511396308
275024175
62805586
510606715
435670667
905837079
326944396
728843250
800222213
853895076
537304818
623354196
649321843
176217491
565600539
584176399
525946646
472782268
632107353
446696940
817780681
905353881
125583704
295210685
65876449
901179888
139091008
129069165
778874137
59352119
310084841
698055085
8267784
747363063
211206161
208100807
689308370
530520302
794945817
84696010
640426539
829930448
64387876
113138121
186065844
211263615
552726826
162528151
587786364
745224185
895649740
344350745
595700824
416892751
372588578
641255471
91933316
2682137
793656994
503956074
339431136
156520129
395638482
372850007
514150878
695502623
246409578
888166894
273258286
294673832
816871839
541946187
100595599
214250788
827322760
594381178
589858445
333689617
635262945
364928816
179403006
331122821
515459902
124809917
389356341
21142782
81483179
145255418
480527715
323407995
108668788
558773722
391573284
906558064
202209227
269322661
462908737
10608735
878377709
457634499
12942977
606697647
673401000
480241226
597347397
92226504
835869672
489491901
776265450
797708041
318340419
28140730
920270707
381278068
908051637
706302323
688265453
17569374
844137967
873946654
844397519
17236780
818499680
630078815
33266337
102248348
77451089
626679108
187393164
577033934
654182995
314525097
512937964
921801944
900872594
216614291
853310574
80685643
783016325
250808627
548224657
665700354
591767648
758255198
68127744
388520806
765574084
669596936
913043730
280122167
554353612
245075612
860131876
515567270
446721214
153852950
872285803
540081605
329734888
388000977
907407645
282824778
236146936
176643021
885955140
644851767
317223822
660155013
111614509
202186771
57114099
200028880
173813114
815417719
411951976
200276831
136773372
26389850
575549953
545382805
527026640
684368357
646999055
80754196
731255087
843805748
628312557
900664065
739859569
452239376
443111134
336746876
495787504
233568447
718016181
287698603
895290362
642438192
359057731
199142909
563835531
365805921
756787017
642672730
694271638
405973162
94863031
5783258
613551548
394108062
654108474
894281414
194849028
892766778
411113165
519495633
129459312
56711486
228429853
199725337
849579890
766633280
535467886
154967482
373862586
691935804
357297838
95394163
211353102
873340137
523167717
64855154
223382515
329699452
549457574
552398265
642495494
586134366
168783059
631754918
227179001
453900071
733492864
653128405
778632940
76055008
504322769
760172143
367777410
40735084
550850371
725200804
454688282
916765291
353567418
817447441
532027260
80142821
783363875
905575531
94805641
396896952
307394296
367057969
487702844
683544179
796102412
680584321
585269713
398995721
856786619
603108972
816011755
168143974
131873326
310062430
158603463
737452017
196456347
733272286
95786274
101475881
694749204
78730104
703054904
286776560
814681893
283946504
834955388
403225590
472925904
249735068
483238528
622354261
99101647
808673424
231581250
752192951
148009977
811476659
424984853
735585612
445603657
133370291
873185469
628279777
280084003
422875977
225246979
403103959
241775065
345837902
555902444
461389365
708392026
17311345
805775761
374817772
497041835
707577792
132259311
209679694
112201331
343317731
704338898
766877810
563027414
839312290
319903782
667366664
906257070
347191281
530722759
706657220
617972669
223291915
508480388
375230513
636283340
49297913
262541761
725832552
267825396
130672401
734348493
317065032
879918849
513912114
26658050
395510559
210998061
33567031
682926496
374191748
630058529
878305641
875625249
662529614
818567461
217947392
655015473
397039432
502742157
250719491
724131380
529765112
350731451
362971572
48687250
159644681
215308753
717964255
150236833
447857971
885557560
300465164
111297313
484983766
309129080
27568326
708086520
800902311
23190983
552134391
396768760
282509713
801048655
115566929
458719490
270222766
855351397
393086499
905067053
766846653
269066409
226869032
426141731
695353304
831748410
718891867
133506952
380647694
318502879
256623881
163652442
477911565
168376633
669935137
382534099
630587598
41882836
745571666
611019219
114612172
724578206
932889579
168902787
844724378
257479202
826758074
835596567
128702169
804191062
892089476
460617517
186839324
800033821
213992511
302692938
120494611
313237480
696025577
63920083
886062579
668080018
823939814
474283920
481478118
404234085
565921901
701870907
749071469
554641554
765246441
559519093
838821490
305880494
275755017
545470943
60522335
744807018
911995688
344838458
313417144
797567573
402262313
89982275
339360763
39925502
48480894
680574209
781028992
554372319
876297768
319383405
463745581
693820041
886512667
776362462
807041542
575523424
550458538
245746456
646348417
821656240
486357702
808275292
101724197
72139526
89824419
860492574
216637314
902492929
16433583
553001782
245453906
464354528
758298883
66712668
292324691
65889970
543777620
918845854
800461502
194782888
710615978
910832361
101239625
603754166
776933785
411243418
293786675
888476175
333984509
824287052
595302146
335056003
586826567
465969442
475304572
357491971
378808325
733724501
787345177
303639434
849455563
883324751
315948811
136396288
914259283
916313449
800214452
205203650
550450057
191180397
376577261
65909841
209763483
50120674
513129787
759664341
671153338
663860792
847628732
394579612
603915808
580416665
724098273
687163921
267009767
573239939
713264478
466707805
369799497
319804674
590788120
671278618
772986770
64056594
26723187
651683246
852804702
496535402
689859223
388229013
558875890
84145473
182210461
718947311
893163973
787101975
192514507
31113416
404856998
371836862
19036632
32668212
650691179
525711911
784627009
714981254
842319182
896571491
343712228
120916398
37019512
134804634
279026478
292164222
251463530
812804763
15010776
141734395
618495477
228021840
721778879
233708864
398908348
453723213
631629051
221146860
35907963
210975647
355255473
423466250
232125520
107414449
55718214
377678971
507799241
89177975
740492043
529843209
509291480
541434190
469514256
260167974
850677148
692107433
519577692
690660065
901699808
584096609
590085884
130143144
696842003
327054670
37381793
413859460
769192987
149280162
394158995
489908745
477210316
69642676
195682480
834572859
441308166
814352021
100854845
250183686
185683899
64761367
231748212
193287062
691381092
252418893
241081943
657919176
435082788
518837749
696430990
876717309
287873472
127720409
666889434
119869544
264550489
640243581
748018282
624766642
620987271
225286177
204615658
236652721
98530102
195256546
746441435
219226033
327107064
927027544
808751835
326437833
342172888
720853073
797516835
345908925
463814517
133703945
563521073
608034116
529828913
279275290
495674679
427732044
460888106
777255703
618729330
45562792
746076383
87126842
300531542
511643618
80501932
538932376
143908714
449594413
38230218
900241926
677256225
125428167
702759078
626785303
740941142
447759699
819967099
535870280
637184059
267025633
5314302
759347884
363725043
583122979
80150168
698793788
487799072
481531610
481147052
245954095
808958803
238247342
325468622
517900936
31732029
685578461
249697598
751380433
550848006
813998484
604040643
462813573
714340875
443751890
855590162
597729688
324853569
248258403
830922601
404738598
387878483
388946438
391065225
238202533
169674850
709710082
872449406
423703072
560646992
77130594
745371807
348923111
460850254
611853707
610603684
260590740
85938302
111515187
810536234
648593576
116008674
825038549
262332557
383490274
929338288
276455736
258323975
697166220
38816989
781408803
849103087
213491487
424024731
675657277
64125953
538129294
197555214
845743098
710616813
374177519
388977087
760988277
162298445
581377412
586014518
363437034
927632187
443841570
657285158
637085240
89243747
827745019
372530435
391208218
482581674
189717747
919345584
617518363
550496513
453455179
136719726
327462479
607119933
115227239
727495165
301121396
849639068
413364638
90544857
393977892
21911655
620057634
63023977
169184061
721721041
829741399
849364778
265121529
604363078
142071840
198924141
497945440
807867824
504713870
888682080
759223052
656850768
403149695
114835493
172628920
689285779
218080312
789676915
369620802
46166910
685385814
850881353
429252829
140822308
903989985
818249520
679712767
304949820
22960658
719230406
272383960
293679681
151474050
826952639
744779860
873953666
145923661
797274811
840730694
788875995
864319028
221393631
277537313
335597669
444583488
14465486
17487917
513329338
707808048
379161715
705673186
279099865
704516930
359345263
461400458
460518918
430762046
753913983
184034151
511469350
574794584
891335290
819541268
636194432
666968679
924070558
486236469
552380527
428808527
662755416
53152727
527265754
42651197
74575466
848711188
704838508
588364275
361763226
64275513
707601894
650126752
625273382
513303160
368921476
907021131
844760011
185076487
820160075
806541335
710099595
105925119
74878053
230223839
509815079
316849119
147972951
547310245
546537241
218463452
363949826
241457638
180532906
514325241
859725798
821624088
399009354
852167964
514781476
760677443
671576365
228141577
817005343
173912219
673874668
487279857
541680957
278065202
751926776
709075117
190821709
474565218
396222623
389492204
458255542
762993419
15411887
69610338
82517339
605497271
97427818
368771759
49213514
409914816
470794778
885607201
773753152
776679134
877510009
434450340
887780757
630285831
492513648
598929445
338674852
61452414
429728260
586048200
173130246
379170824
2305199
420442360
565491185
578745144
556524024
523678290
766548258
406110798
337335308
765534225
780662819
198028930
531538322
930488767
780864086
422786132
793155568
236595236
19179702
789796939
658481839
644007368
661956705
126622213
655125868
710991221
670578457
489411443
356847683
119147943
382983108
416025904
346226104
508992202
441911581
871103040
566574855
194035084
523435641
907709071
831885972
37374675
614869441
486703262
344524436
286815237
552044655
740426169
152026442
71179290
572991902
244576314
711552695
781251100
62850085
621318778
310109063
671103016
513734047
552841003
441700987
181995282
693999054
673884006
416147764
299192804
349798385
614046921
597980618
779711598
901445477
890984357
105573660
80318746
730117481
235115133
799630473
408564750
309477202
185426709
497774215
735188143
908405844
887560751
752955950
260011352
467276111
635892471
307202774
145101181
505009556
746094034
566770636
477360420
45005435
802525835
671764535
685394432
546614393
21283536
114458815
213260458
371253161
465684279
566820760
385181766
372206843
116959816
730863561
147401415
520790305
257852314
190193333
468231827
543877139
758745184
909260644
174915583
194728881
737978640
196428644
31850535
373977356
689495116
19239145
365062970
405341365
688097921
493116553
375194827
589392218
294185026
569046926
166745651
272160294
435336287
727238829
660410582
564793492
706102173
142623923
342838177
836122376
55555053
142335999
303661311
326593739
721270470
507766666
371136473
603026891
849974676
390462469
119685123
400943725
731605286
813945377
123525294
704329464
346706333
87063453
865225586
866404169
408075699
393080024
212214949
454126890
869571829
782648668
915059717
777539741
664242372
733796195
377333030
499529375
838366226
90713056
829109739
76736443
774469805
703801481
397498473
795078563
901390421
144622192
387760516
211980726
818013941
752074854
766430221
499866804
428047691
592654559
619152466
827450680
188546430
529364536
690855223
878110348
478901836
338057261
542967681
594255296
887261160
604715439
742634649
507919507
891855360
6939550
70559045
330127876
734522517
508402050
207244244
530891304
714311702
303408986
97194894
73233320
116455600
753259330
322464522
699757579
370468606
347206350
203451568
905117780
792478808
875414717
12101110
413553824
916650158
548655858
747509079
662625544
57214895
132303014
8397304
495350877
592161771
516790222
848964939
757241957
304007761
732808142
26594184
96749431
783583817
76403478
99674155
232991554
625637452
678811521
182470783
336274147
37769700
388493152
766223583
107265532
68951283
547229330
866008955
174579181
394446910
332027673
180778433
65923480
214418346
102235527
463731906
136775187
759260636
922095073
228004514
569649667
693167383
803949624
166572971
802719737
46178930
888731621
641161925
376419104
355077996
5341314
625332765
778233050
587489175
301462337
772366892
520928491
907099335
794398915
339345115
267373158
723997211
744030351
276563280
701782747
907191851
287091025
634827730
499642507
550811274
631880027
169825544
324538831
575350954
172513119
461057776
311211885
718084437
190421148
405219606
100783763
772889977
209566093
148900019
459875852
440606958
915031011
481151650
685427589
546971536
209943119
612551502
733061298
546481514
715529579
145306032
798340902
402730796
399013036
22994164
166249779
585057615
896733814
808191842
660620374
143189278
616873185
869082843
875236374
284973553
449306267
490850204
635633726
357444484
173253832
892463789
11644022
53332034
620834428
598534641
608298730
685180310
312896580
282559087
593182935
719618861
904203217
822018679
151799325
160459145
900528876
779222824
248056485
868678004
208675006
821736070
543550722
384876373
476264987
108048707
392976454
897552379
809196301
97605674
164246026
559298993
376056630
671260865
852722534
595066412
804532245
843213472
572868517
527188035
615125418
157508889
37207420
92369556
385812984
848711358
68167090
307166031
267592774
376069579
618625777
885018410
763071581
278189909
297725575
791785238
423324653
703486241
506850226
5501094
103899304
532280958
559219783
325658698
759849341
33315966
254374047
784510930
712792148
89746298
136211265
125006505
47533687
642580430
830119603
643596611
190982691
799409095
555649133
693039101
836006495
513876162
376514404
299102327
563201450
635098396
364846802
76143678
206274361
366354035
843760229
439784926
707471508
436003954
491379214
884234465
578622651
874509468
143785886
302010571
687361213
119936785
414128068
757246977
871580486
583002341
298452365
549676791
534112431
714501736
747601014
848979771
259493897
491018037
641880515
745205628
391490074
532886205
725053479
548976547
755486757
160595013
643933607
356516742
846476687
779407893
481930270
370800989
289169362
579422299
351691600
529057007
779777550
587476985
106391175
438671766
543191431
826925190
264384538
730562789
396859373
801081509
481457081
95754451
48875619
143269733
355573005
483400585
267283280
304587247
161512495
407073948
57925132
786175310
186447173
123165547
669719840
1731480
711683162
84737430
160434215
607885338
23748451
19942588
821156175
523508793
662352540
491418323
717076550
628435110
578602669
673258546
275318200
259891351
115621754
865842812
91456685
513805158
349974066
136487213
834145918
22151163
126456958
255622174
461616214
502177257
792298482
756303216
616060474
525082437
793426606
431341697
408903514
630744702
511695958
699014888
205723419
513991366
15442858
918355720
39441907
40175025
313148223
796023014
297758132
119112753
239578777
494385747
860825890
769326136
870879183
251880875
484850009
649650432
651775105
641535353
678417784
667824787
43770341
907120641
175960667
332839960
817621041
837691206
511278546
812153763
493660009
110434411
544524260
742232129
842631887
91101155
86113583
832534999
457163397
515890159
502089300
591363793
78467191
135907474
775401679
50347976
131167417
251032318
64734400
836223427
122570348
668530167
125622806
224653763
709382606
37904291
172504988
346022112
573020221
688350634
33259276
791141583
60965975
343623864
428458325
313952476
150125883
36058416
497786291
174299102
256731539
310207633
185284996
65052114
334608458
189291497
52758665
116777026
171536193
280904353
69335905
160334739
431767390
496912392
791469905
701474625
193301669
141010034
241215212
241270389
61138419
526872363
644920401
898341579
340964106
541646734
410846113
119314804
224759641
842966534
869495270
440347745
254525921
664203891
795422227
564942198
855644872
421900922
114048823
99167407
444229479
720460183
288185501
767460691
158760680
460858524
798011120
913797498
441244521
67963954
802290627
323000272
361872704
322503222
171344372
76713713
902744441
427034380
452938693
847500330
496118879
46183926
871288175
172436051
628415766
232810229
915037604
367799701
345602620
477316311
889354331
446982248
574106061
69031007
926387426
497068128
436799220
359746016
294655182
47229435
878794106
277359401
29918645
803395404
578601187
351604022
323581093
547485067
297676729
49076793
897131577
342298196
919670215
325924790
392216955
803442157
596508909
438915436
455524733
53249330
61668302
31589258
447165590
513434591
292454368
696210271
905365924
350422966
833312889
570520357
289994295
775209830
135578640
224133816
370610154
857590785
905312967
472035124
93717260
55642521
270121558
667351575
109561972
332548323
807558233
339414778
266554965
749873372
386160123
21228048
704122774
219600587
914802029
894396116
430787240
778304962
497266727
115244719
240710131
206149791
784322088
157236093
905721781
536239532
250572880
641006334
631516702
167550464
317128199
830476624
685575697
611705615
94639239
360921358
344914403
381819557
98247970
331495959
344599032
235054891
373145443
309296713
292201744
421656098
339563142
186642601
420385687
732002699
907604335
14420724
493852286
541254216
23112585
312585574
662370889
479241881
376509397
888349674
628719503
334235711
616465548
381726834
755218690
221150427
496172339
486284
702259609
211090819
283244020
545468997
546485669
447597991
573520859
406281990
674149484
717381300
112313375
311620474
782981907
230903358
482752533
688367094
87753618
908037766
751888889
78500100
320605073
463801498
770969650
211971758
731517174
687625930
834075314
717552879
429156514
439604314
755868821
632721851
299257898
162991628
154438392
557982948
45694983
300992770
387756254
684704078
210655467
481033120
630096414
821843514
31378188
909183065
556397974
569557328
293305607
10692013
222217035
227187140
67938192
837158362
60933491
21215509
832037672
120103763
48037645
900329222
456235195
441987840
713952223
563209407
327179047
278951670
321209446
593229087
706018595
246419503
842248120
886242856
401254550
19295750
243460432
454719743
685181741
397011626
345206330
929071454
29133926
754891630
595670164
144075123
138448305
500286253
416667281
425996814
678923487
882170739
184517152
95192439
603231169
256210680
367735032
218113414
739505728
314393479
411668413
702373682
540599292
36170202
833389966
661008075
488265953
521030855
528750831
916831795
873599335
884007532
32412209
682818177
796238007
461432151
56013810
181068972
751376997
745398262
226672056
168546861
429226969
930188832
267048090
432709924
478712938
147208512
468153213
631274315
279503784
587065879
298122792
173074960
267664951
297990613
529961701
668858530
196981321
149780415
234113418
454533848
345863880
557252607
372302543
921831672
724258700
48530838
330868057
281738409
328419842
396521483
446287521
113358884
577935131
55237563
817816042
873222624
347940504
856478904
90027234
355419557
307964759
456635291
262476055
307489329
134733939
311183796
251646990
815776009
352488309
361642885
472102276
278524178
180861858
17065303
377863820
428027453
326228969
606616788
103759033
905243709
377268215
581711437
875229697
722336914
406520628
528303985
769133344
39846831
82675362
761263059
832780185
219243084
198633943
395630110
723381956
435348471
129763598
578131500
533178035
324242513
422046820
860177163
169699143
604763866
255814868
8336972
432207950
505486156
393169189
110711885
64786881
565764590
887975621
101243201
35280257
180114564
26569470
8693905
598122456
403872803
430698165
656051713
20994938
604150949
713540802
445268929
893545181
440495426
300999762
849213860
220950814
647395789
824723605
857027722
394127142
641208090
407593971
917291794
470570280
475656413
872129124
862605104
247024849
818453293
702480830
397241887
323526998
669081060
265114785
533471912
347205474
236045403
677749405
687001336
212633218
204492036
279517734
880143406
614337567
345490880
875797263
287751095
125429474
447507961
878319504
272273003
607165950
266525193
533607526
400674555
540469971
521797218
322225214
254869961
904745770
18727254
179589473
435843790
220739866
215737026
148892344
822366066
10840694
588957295
584866068
796745594
528455231
175906474
530129703
33425129
743007617
531381989
331049718
429099660
623539003
489209870
785882244
573294715
802475888
615529178
613986166
172918952
248707191
627494163
260190336
903964598
637104440
915266655
747041119
736826020
542927359
164464908
873050925
680036813
634378196
257473033
3516669
573005940
219651085
82913599
160068972
906539224
126346751
111642567
435974973
608602090
491972302
206298726
701677296
590052272
463029390
693453200
925466819
796645451
737565973
382851713
108143412
483601855
446045745
168187348
899164637
199330844
261178880
317232270
608779700
69210562
681155811
577575096
913026727
389571887
372597223
122921726
751546251
131808056
888684993
393967176
658824529
379802275
19319018
655519299
127539794
439673172
880851761
92517656
143742620
927346576
137961703
161361112
397271969
696639117
87626158
745486018
354996208
883281553
882538276
677967509
214625146
742645550
130864220
188455188
535126713
548285017
563112983
834123493
569723790
912765676
376074054
410583876
824076324
496929898
491884695
817148435
734623532
725280350
923361997
109937925
611930327
721079015
12532304
576105170
520123092
920555792
655703628
99042271
181987970
3441425
385256387
829563030
539413456
426149668
146974610
170074245
585887324
191990667
204116712
22185288
72961727
854165769
295937798
340212450
878624123
894481446
67367467
267362115
540704899
672104986
237989230
641219412
67580383
805997917
7675309
82387717
43380625
900883651
176261751
339850619
381738524
799210053
916492929
8187417
264585979
528595163
347268351
909352497
104153869
818667003
36036537
692188407
367293005
393344109
9202584
224168864
748083121
870518511
338820344
327821922
380560575
800453974
777745673
99521403
138482087
247252317
630282514
398465312
839179604
433462243
595888044
153562096
723726630
708369158
815225366
56737630
441638699
821368632
846372647
847329329
294975139
259590650
641772506
169220316
602471454
920267259
864013782
173167345
589104831
928360430
212100754
844398724
480912788
535591765
625653618
641061208
447115580
259106519
207286089
366649078
578546015
76158170
506037296
48939984
191136506
528414768
320747303
740493870
268516134
497722973
482341086
777326128
825916853
208050768
463948316
440080452
534661501
203955679
557013744
923371217
735014463
573823222
606700271
764441115
923118770
214517508
807035166
357541118
35224301
125400343
725389323
590072419
579920348
770170436
314192458
169854842
460253304
9406570
446010329
674877362
591721693
390917309
856359153
758688519
187861452
831815235
78705169
362399849
594547779
808367525
85356217
819944970
24578057
280781057
868578491
346938319
816999593
127224110
585281788
476439279
495351952
848212723
380617818
905785307
609829207
616432056
564896746
149759463
142658005
702136454
799579658
917561370
700164618
84844680
232040502
448773078
733402783
702560028
584456454
316489241
530260264
55710090
759343372
607445419
833747837
395385835
163809441
866877022
81090131
358321694
2865136
296718550
813462602
273956247
682622097
675440686
872454111
668390157
263222693
332487324
475806899
723766397
133675325
717346373
801644560
895156899
795842819
932126055
906221570
525520038
6872733
753856978
787889010
191950033
60553736
672121798
600653224
166744428
502121306
711830686
155521437
115575260
506504098
545948459
199276915
678874394
478423852
135709865
290435044
652372677
318861947
545431724
518572618
311269413
817299450
693275318
126460954
164856630
153956316
680551695
550741424
188954030
410830234
615130470
449724108
66974003
712988206
320382491
598520127
696638532
568591504
633822686
562519681
317321123
838897636
761251653
40149059
246030706
657998183
373206713
896267477
15916186
195408096
739136505
218723761
757986450
849405930
575975337
246498483
602241071
164595341
766060585
712680201
915970613
591970150
355903368
709743558
12560023
184713875
107842481
669248231
563994791
448866099
757271508
884400031
220789504
377512727
436210028
670001435
667766525
666152618
409089152
440723717
462658663
299789562
69381913
522560778
760226678
93628284
831184117
476158369
149158028
347894326
646600435
638701278
769014732
582098807
635659167
742527485
308343200
188946638
67614071
190380911
197477060
390097706
639218175
835061936
645044170
320937365
42657905
684530875
50329600
534782632
234889659
532137263
229462681
268584488
8910562
704168980
512574083
356004090
728991042
254600591
795437541
922997405
883645286
449771626
708070173
854600365
297314497
71488813
358562314
578852380
273765481
4545254
322143756
666077928
607273710
532598593
542009804
52689727
772117065
382558662
840664712
140381497
597357025
31158160
29670864
741362917
497415145
512002585
210553181
407760455
37100910
302886628
27842447
53006829
929847342
94798147
450913939
773078448
169059907
829762383
533619486
117255524
536436052
78149378
353494109
148054292
858009987
812971220
321925574
407006455
722491044
59279704
233601737
457800007
332046484
519470878
354816310
181487668
292867072
854449020
121606443
383275576
62587995
295614366
764546991
746621436
526515877
34149685
921805622
592379495
693733101
654068182
816155392
318404171
185604739
611909234
811391059
885387081
792342172
561807378
382085688
210462127
799297229
311856752
714698029
133334488
382840769
16748103
558138195
814327419
282143559
672561912
255074623
765171665
502672701
97560469
918794731
589899226
354392129
588450980
399417005
907877669
520383002
343593758
576778844
626698974
531916051
571132291
68874412
488795759
708431793
110765328
550665443
781923591
155069433
499969215
917131326
110276275
589139940
313989959
167271948
64598341
427187111
259703606
474010446
245857003
886950406
279307270
901958469
643422944
736048013
817946320
910611789
556439468
132840183
301648563
777292302
586846496
671877991
324655886
195573570
202361558
386899222
654789480
76251505
737210148
599459800
758977321
658795652
55857379
627362446
245318297
358817110
316960868
116577647
350385875
217769383
4706003
6846235
586265220
889194741
565447683
264237242
568819397
606930371
665452342
372286788
13450385
491722842
294380892
729398874
609248868
111470685
412106953
50414902
290554954
89732331
193104027
199353850
780864976
151911522
876159570
484125293
156982528
870583904
60116199
455760350
708205483
355547353
360083984
471999126
568578243
530913061
196610675
371589811
76258559
244138562
422933970
587169679
586559547
843622121
479332999
732437404
186346655
639285079
148488848
835079848
162303190
558712560
429585726
520621548
18137711
264496415
865842071
640518984
25261745
334697766
150945
164119701
559229335
558646422
489660828
218719109
242712465
98864179
295223224
455613484
1611422
582977567
532869716
121925311
646458143
493572401
5416813
329524182
210349589
618465705
590708397
594705167
655078191
787312774
813478900
804185767
454470203
262289516
369437479
727643206
890433605
48982753
332637356
185136452
543949932
706692398
654508123
456411067
33257633
452967886
427913325
670654544
678316125
182678501
784652339
418287810
471286080
590044017
870968423
193049073
201315366
419702004
598048626
268425654
727322789
821607153
683304854
615641969
132957677
331713890
418773946
778618043
129765400
672946979
134200934
766223699
758041194
564898915
77803513
242578666
86037200
238263892
732035121
383852370
518996967
271808075
587530849
436061494
610043611
801846061
492698139
303236604
90026484
205613247
205312959
638600779
442337514
242893303
438040074
708008250
897171957
576514300
755619166
47810309
690680197
227954331
308740322
130363884
660588263
746678214
814846381
126823960
654558844
200131906
815142981
767053370
752472557
589403416
918464405
667198829
907565120
349142447
658189583
917958633
704244440
701553434
492395108
362754419
209819375
254384666
605009967
640008326
791198831
499160281
667616122
537865549
343336047
172050422
837925727
222573825
874124179
97378019
859241746
584005670
215907294
42194360
2583532
511911557
836157054
511858056
659335306
367786491
407929151
698785072
439411588
249835717
796448894
331406522
868671322
136728943
913554676
705321768
533906199
367584443
58498432
829527589
697442268
63447321
239843760
759285414
30449893
362930674
296875653
342943978
343062282
566571775
196699680
883780760
213948354
590240694
383495625
215906063
366705002
843100687
704868331
870730657
237721410
346682312
247129377
915419846
21581439
517817471
738954880
770299707
309129252
190732166
627771544
33089968
401128948
216626773
173851532
239035341
718346357
266356755
785464354
535510882
788078584
169365973
310103851
691489272
41070716
21003057
334902787
837428259
811987933
813957944
701254134
838381833
844420344
635272033
581088035
820512880
711881488
76846760
142723073
138206336
5302245
529079805
738222474
276185192
569179077
207634302
162663452
78528598
594655325
66220327
534562215
315215647
851587439
134842190
889733159
430863068
348325631
122235849
505929004
202219921
820329181
769629824
547979450
75236919
10993129
881726209
840534417
141413001
374155090
57622817
201648571
889214403
723122355
425405630
350901613
456268026
74709993
35000646
409099961
234606814
531904953
388338300
383684084
70382092
174025517
319688334
172780796
155090975
408447374
596246090
655307517
804908067
82185921
250749740
557571480
257470722
299906474
480551652
700000169
711347011
490607522
758395580
862047693
893961222
330982139
33565741
771980886
172580344
452951905
406337500
556355358
613722294
359218019
874342406
29549148
586504622
656565266
869305772
381260158
62448611
373715409
451035810
156578141
915974965
755398239
86428835
121805418
215839421
742446126
571237115
326346355
16318592
702611612
267495224
873796842
454389523
784166534
649455972
699408115
433645349
346108457
873175100
243348532
546218565
645410220
86654286
441799259
873025061
770438857
282215357
756942397
926016438
6996447
776760118
853301988
325910072
895273388
456615953
867287148
855859813
204844028
899902818
654442008
287718224
825254969
425243155
737153877
666033656
778909397
308009962
573232924
597403925
371916221
468186485
910400571
198261236
260463135
366126539
666701997
385190572
757676467
839256927
208674835
232591411
885685479
550628517
309867326
912888653
519422109
858762361
512575654
21676784
777460513
227094585
718678232
774138252
382423294
565927971
898313236
445467225
754390910
405335835
574998742
272987741
881185683
578718075
657931470
516489546
504422992
400866445
634465562
770245407
550441480
826278457
659879714
133271839
503064993
119589234
737219572
167776535
892310921
730392199
706045936
560492816
133786391
609236383
746808639
240157187
98299485
403670020
396167215
407830167
632813052
660716468
243592743
426195804
105098071
374530799
780674306
65007108
82639108
554813967
872117497
26151857
144184714
48864759
755524048
290485548
525615206
878210796
385517523
613972273
874891862
738693865
286143547
547148962
739264197
641188607
80597272
320740481
568119136
538989558
725828835
539938415
88414613
176814600
873868360
279406214
470001756
95409596
437273345
503253463
418473322
840452751
898941103
627035902
908433764
435667795
591525257
22943357
628157143
243256351
474771922
436243956
563517118
98158904
435170088
344519541
47710358
409455049
306885415
675703019
193420503
323048085
144813420
824970987
240788980
142958847
485598114
778471827
714921505
528258548
335730624
489625631
408659939
423217739
92605134
590520011
692766590
195857527
356229865
905954455
910182153
18322237
723490973
462145424
673270631
575953971
400886005
780581526
280072282
888980711
502346339
554808209
186133275
685392761
43692043
616990007
371856601
709795210
55046476
39771655
120178756
367632578
409392153
482427859
284874816
900067678
412696636
64112027
773856062
740097963
354357484
87625621
383689999
259779498
793951299
301267187
179259096
707004127
580506595
539601601
299645977
376601076
260535288
231536422
251987
900927631
341593566
526230466
123322360
617020798
290315926
500666678
127544764
653438375
270974703
712833848
617845749
101561544
305398361
892552544
61512558
263754074
48955601
441865294
240841795
925700621
855833101
442366163
58767452
22045519
445449070
913407475
1832775
719468998
755468994
500391639
818340106
706271132
356335802
815172104
599530180
245822266
778515238
391475188
120846558
663638585
202197999
19706166
263956202
156999494
635773558
844188223
588338710
188646724
805766770
844777135
123682214
680488354
514174572
470973529
567142308
399584297
318019551
339686891
352698122
23378798
580563165
573397117
833168803
561942196
193043987
242095891
556376382
419756742
564036658
692665783
610973031
110645231
315393260
467038377
511582052
487968640
637362250
847909624
38021896
487051504
392609273
640290949
97389570
340097060
882076449
56622990
703318695
768068419
547353123
829195033
913349162
120371304
510838878
122046086
614339225
745839444
451686902
141028940
867700653
884613281
333716548
895132350
694079183
415171898
661891276
87686252
504875195
708040932
388845473
154839752
229078480
530711776
467274058
773998996
652316315
116035890
545762349
140931361
623560215
683160747
699184104
673485798
864710641
489439829
869483268
924022918
209999574
716023196
43813099
859799828
889834821
868751510
152112280
577097208
441351445
892059921
276838657
197413889
258035544
362071069
514166634
600051299
66033689
708307508
818213033
185881528
166814687
219067837
186208466
704558663
491622329
486351692
880481707
632301977
329442982
606612164
315575348
789769833
926219552
522582628
124416342
26923817
729094479
766963374
662645597
142808649
80546784
582018843
768080421
145566779
754443073
404018012
54501747
289367184
749187934
932388012
345984206
695477858
107523399
106374469
418149027
280081021
454108718
219133818
197870921
596947831
543056201
362343036
726939
79366102
821481381
795819234
463980383
639238872
773862167
826338075
789906421
765584343
581832379
601011658
162204670
883021262
524701324
283013893
252765550
280439836
526441976
856299827
386176056
157416324
261657791
665854847
552826542
335107779
100289895
116320468
247114107
2770632
78509851
477493100
95854703
186872576
181808578
167887798
111955774
244646549
776567100
619566416
380276728
619821356
370596351
740087163
421030681
232896021
779016253
33126226
789130726
54976482
661416384
527120440
432132724
156641424
840329355
665547537
790422923
57480576
860538712
422326516
320092886
886598468
915094083
346148998
853965912
35996134
796290178
822057044
625724978
570713102
898697081
706963249
68054773
56311319
604323450
735812118
358287669
467799686
622154224
51891465
148674857
53563153
796298833
294233165
147586784
806432859
55380728
653954929
831589500
83383149
455535505
222358573
918318644
452746349
319350608
361487012
373132126
461695242
250767903
323607732
55656985
373648414
258210625
674103205
884676774
649175568
103401813
502654255
906747258
716361740
131643874
795441939
750786580
511180253
683634166
436540625
82526283
494016297
809494601
675800584
5212168
137898400
652105143
685699708
869983045
881436139
116522925
26496137
143445127
28239039
452797635
188855956
457227882
896509366
686062148
547384948
508841231
447778226
195105396
571264994
294726943
669526504
849220121
512154830
188844623
888231970
204775488
434151150
385186185
9312793
506211786
129262037
129398246
324412739
910872000
748005789
15791454
878476664
457361374
426151503
535717263
162858220
834536524
883664624
865799290
565204785
650387562
686761379
695070556
880874322
362356643
206718087
9717514
106956763
786751556
90224723
703031717
300708146
734148878
173564529
768558322
798909474
254488001
126124801
921542289
891544219
806220987
508835244
253136805
285870252
603011448
837449933
573925065
200756191
785836287
568947070
473278515
58249225
639530098
704771887
266639309
700422122
873066755
525195857
328713218
310689760
668162849
216107423
502563409
595676176
398085067
712854557
200436341
706088349
166566522
797924173
769636153
97388378
820025293
899483047
300693672
753784728
559194527
819779016
898001908
576686661
458658812
100323699
673962748
777374012
904000193
147377647
231930848
691299933
12105632
569869326
213374801
429745734
899804680
554305450
259301607
97193651
860974801
849703619
504300064
380093345
507508714
580403411
151296647
501908761
379199272
332256943
184012612
184748730
381980733
626988278
415971949
51881016
867431794
481830237
299266847
479083743
251461183
279504410
628032555
844478883
81601500
770480508
224228880
220570543
478544445
877480136
649672885
241443056
368012516
389602450
605880038
263194036
781397934
687056918
910581019
497196669
329961034
211568491
455303185
8624738
314888938
587011787
423945153
177764093
694973353
133987420
267727933
17355737
337852444
380753319
846112551
393064191
380619560
398466234
327106484
540047682
732078462
200632261
72535845
795183182
916358168
774303263
124353141
240825895
332439608
30203885
836971562
66800511
37071838
368244695
676595572
768425722
449176868
822413200
808772612
174468336
529060816
187201752
906622600
436192399
352281547
570921763
721514564
313469543
20286697
234501114
308476551
17221866
390221372
440461908
364341347
532911608
799477140
637494953
808989857
589273153
357729637
608518446
702487008
47767306
622441095
694721307
834356532
276552698
246085632
221154249
831616355
325618833
636840533
586642990
103152598
669311820
428437035
733614188
825855560
476154901
754927244
305064955
640650425
681066890
93023096
514210302
157620832
13472816
393825881
694577012
131300632
912337500
727672425
618559831
225031665
587621086
549207337
31642997
772005891
517488923
905543223
151398949
644424159
7042040
5187394
34111881
43710043
195374756
121963157
191425597
403816452
348796083
348388007
367031304
116257903
483698294
234908758
752329251
605508692
669741765
779664962
886435239
820050966
62266252
438602947
792112918
773377318
697542337
579384937
877841629
331597400
596202263
42229946
593065710
517604150
917216162
563540318
776123871
681271218
450215302
212305258
129492438
45404403
89907979
273421903
43218107
263447822
414909182
898504214
822998329
99542703
96374513
818188003
98341489
635596956
770825751
540767572
847483833
43716216
311631348
362680182
628384836
165215913
381505148
739380231
141174277
5943178
130766120
159047585
736709625
660593671
254511241
161433
692628296
673115566
189169743
705489097
770712259
93724265
865648613
577279789
561583224
320772598
778795442
793786884
202775413
378784604
294959088
467242211
47365377
458524989
300423559
341092363
49808589
255113941
722096792
689822816
547156514
100166127
791599631
483574936
855091473
97193020
472522264
92596667
167054056
564654901
595021474
562366977
450519180
606144386
9365085
170720027
851203614
351456008
25474392
732686182
179227353
65447950
253325720
692843024
627429665
510435154
770607729
793910673
893356951
600872698
355202730
280356667
529577628
93245217
223481455
379073439
860918382
678503365
334750437
445082418
112804125
274042706
281948825
344902711
502568118
792605625
823050453
537533214
752731116
746821853
539984718
240692734
528441250
692357162
409875767
320378813
131833399
477594066
273603446
275705114
637868220
712936931
218815259
180989470
704482925
890047606
28723319
571024227
649267526
639653155
127424390
617823023
603804219
160163450
442507624
556350753
649014228
773543877
202928432
199359592
746770242
304999766
895012658
193068404
261143243
790712674
566674069
169561958
707626660
378933775
907134284
29815768
932931821
800568740
812963328
250875362
765395750
861565760
233721666
37893588
74685407
634342541
718983879
521745707
554605454
311507922
351704387
576732750
879018786
370259464
370481551
593278501
276094940
320778286
748176045
372665449
520651557
61041984
78225325
147453026
420703991
88637670
882540308
565045851
118840993
308986124
904402828
227664291
562391315
486954008
468433433
76954968
145344108
484423019
412316601
184989954
248250272
68093991
700528850
556721046
750414008
673138465
386884747
649141378
64007266
624235177
713286478
21928718
246391674
115633207
549209319
349332156
496247666
777720520
14372042
425703015
207155132
262381832
436440985
856177803
495478156
898123677
820702174
447943428
338502827
739114621
12265322
615601517
854217443
533076495
514128490
503349484
378468910
110966429
121772299
503699392
499204776
208899813
79231950
225407018
840698508
559685261
334207160
524514264
508997011
928876554
721638696
737588893
719441918
87927888
2072075
61596339
867848167
308899100
874122556
370166622
524586376
520404824
634413766
871602245
888661601
830920886
167311112
573050504
403753399
230065160
513261728
655818346
672871506
394804577
664024852
97477770
152920339
651412593
928151298
80099876
666874557
342723973
324435715
927989172
207551624
339876325
601279053
602665165
105281926
185822507
293567648
543119337
888137216
820594436
401436574
318295084
809122434
444099469
839296047
119012825
479600494
530552629
207254866
798363373
643358485
291348459
402634228
120769555
169068028
59259893
238249488
674652742
296485540
342155811
390420097
700636201
653392407
909750148
643650036
701511768
585467673
441117624
295840560
730276506
722899814
264691238
846821907
932762055
65935467
718798042
595886174
448168376
892608010
604536608
48728925
82736745
15698734
736456712
201784379
157267172
534830545
584512304
572000129
605165686
303635927
38108796
494274414
627097661
272125347
541456540
430305653
709286890
740482176
690154036
263145969
22044063
462350188
465510118
35817220
315814019
6825926
622554230
387217580
577449429
635539310
762002100
59665452
124595143
918056247
135815916
349197470
74340566
478487184
117239543
570871785
593329477
605711266
858039899
290097768
894632240
648844518
812425455
22156711
579468769
927923038
723544987
767049618
71457098
786235673
712686201
578744097
497627736
121037069
14256085
650150403
892682390
166459237
786137458
339265197
176778844
724397205
312543027
684002838
67698969
205099721
580996360
732343951
824703210
804589429
661284589
887256602
25488660
565833840
865166516
900336360
219583792
109798723
652720368
463965576
487983805
651409232
91171619
917820989
302462445
561443570
481244881
400137369
595620112
729016881
354703863
271837360
575563292
395691448
641823745
318646940
739688130
900425724
372638493
537791699
918939034
646259151
442971578
751837678
618973213
693492285
165166540
480638648
297295191
596013054
781250813
157651159
34248254
504396598
150525941
46460971
501988860
667518539
292014051
157574823
47776264
566397477
830447092
88977420
305054969
522113304
103454548
607269472
283766087
122737039
546169843
104106449
422866004
148820325
537523949
28229661
655713790
355543349
750932012
911892702
634914560
688847017
426890546
103235958
903521949
114376838
919676421
602600487
370313846
646767672
285458632
741371108
904373383
378076630
352644985
677757756
499094721
359146074
575847934
185064450
671030230
926176371
125956225
506041621
730384371
386228450
760952300
652681957
367399845
735795094
655253858
177516636
499182535
524370671
931432097
804115537
76530354
70594090
347912130
228810675
725164327
505608506
493424473
422632311
571221795
84319038
13992190
709007033
425492490
664244259
832371582
478621527
854895475
386971433
528321187
474279896
717164118
115337998
501939984
620191403
164699221
471959369
500527452
592941508
62869305
683811439
471712168
924260563
748311727
298377493
534748254
823693032
678734677
461942963
353435786
625017846
326834411
606966692
182449439
21913636
232803059
342090118
639101297
261607024
653195558
705434521
429600736
525457855
377252620
584509580
82023644
379085067
571992906
510690614
196182154
97524579
103841257
777605381
328891688
156257282
114038965
695039968
26948154
301121693
148033432
437418620
476829724
12540278
681190706
723608924
256891835
310655259
932671330
807511863
844377767
562189124
714985119
765070432
89086483
427282331
540357081
876590507
358864843
601305477
774304066
301502973
701448302
17868087
411312759
896793103
799807601
540302899
491298625
570983229
811751870
499206650
749782196
790784312
631108739
275441760
425148554
911257628
587465824
209483402
48335294
76121723
481379577
699098564
638867897
405796243
336497073
534926683
742438434
634680348
607516929
25788119
910002141
334899693
215595204
350898762
698832337
769064068
292393759
91647647
380552806
533301171
364093770
212980966
73236605
543269562
261332253
306322715
931834055
513338797
252616827
502799354
375196256
804717311
782672106
929088657
18095063
644321921
795759476
691358515
467116347
194778986
830146315
813848735
538545470
334234840
294578652
67207974
297242862
63412402
345852656
817827776
370573806
486346825
288329945
502732563
746249023
132047237
206845527
535486355
926336957
695022418
420624218
239443084
800937220
414943119
573889394
634342815
322656057
53256230
706907225
143292956
646164239
456003138
283804903
89569557
902108666
564736832
563139326
697709992
803004203
292009754
661309941
646765651
78533263
101457439
261862619
351647656
739139320
134137503
775321029
315588840
927087397
809627722
738472934
873866185
542477701
126094303
598560745
751326027
513870072
522990742
363521433
105160174
511937900
483013628
636646676
557029997
279667695
618995235
416082633
792197119
390934925
884360751
20553491
630083285
91343162
324753341
15518374
207398889
750256487
578913904
313507964
833866013
507232175
468014677
784453571
62689634
221400965
516376232
803339415
7729288
842833682
267364752
591917140
448838386
482711721
859168796
631918983
528831286
148008693
679693910
261306119
59941878
753058914
502945344
125665713
869902817
154806631
573532222
205806799
312786841
777239052
502515009
164389760
40358737
268097677
807846152
177345973
502040079
198159078
616700097
910277199
332995333
477717232
572131457
922716620
257347616
911502100
770093182
472518655
335332924
195966231
694117095
806728499
514938892
821060328
700936595
719412055
641385415
534842909
832214745
277824591
358957669
140311634
177819646
448692194
170433362
863253700
600600696
99484314
612427126
656941491
513352934
76355856
181090563
47249570
433593208
140988691
249226040
617997543
446059768
743228896
644182580
890690181
314516912
68864862
453305842
792385648
302894139
564110315
596471210
444757422
111933724
435617474
64003500
477522252
894742134
207132695
487960853
261561853
858694488
41477054
646337325
13779362
180292060
736646277
566825190
570538873
398483457
237716414
62321775
815166209
453341469
564141193
775374836
832550287
703657508
200969450
754252135
139380254
95624590
194682404
398520642
78295478
100680989
913051023
496593930
319844028
9714582
343591012
552439603
160585134
701947156
633793931
379836467
283362393
211367586
877941005
152396937
816988738
902211258
511447671
101965312
610203496
616518762
479168943
594132890
486835415
389423673
929595316
697630431
922267146
916977743
930213624
898190563
169458809
768717981
489183358
222486081
902953790
485728372
726382202
560225315
769608798
35186257
133079212
284271908
54943660
554199442
450960778
241222950
446500294
441578478
607978337
722585644
710267718
610443612
628759841
602034845
614513058
130464037
393809624
136496549
191235300
503349166
601483981
318985402
861852727
902828576
450257727
435365699
127083832
842970557
396872918
214831406
518992434
354971255
740405254
662220140
408253011
92548224
442117396
847909048
832409348
859655022
906511876
897322073
772886100
808800957
683757124
151535625
743247734
632840377
104135829
124255346
349248953
1517292
540554171
226212781
31935210
904137177
848894420
627075569
853699509
907888238
762356507
648851103
497279705
623092317
404025909
889605115
39634855
642682367
572997418
391692070
338839642
203992225
837410077
72568388
528665104
505563884
289016541
350196414
153659951
836045417
545456964
65450952
557056141
573059166
514797774
94463557
27560848
857174288
569988172
318878220
12266788
751933835
763282272
71481450
411094885
8653860
364962929
356543226
166196346
810911370
211215097
631234599
384509307
873229361
57232513
570879604
629221011
531162049
653862811
615155617
613994913
346560192
102051790
185791410
803489172
7780494
864205240
720596658
488434488
625879521
367482913
765529858
156632268
913615578
527385384
38212297
401434563
840609248
362175411
559002691
677161706
529997106
622731741
351518402
764386318
624076571
307318015
40665356
510799575
287439018
437768574
884419580
221062037
371695362
269873580
594318900
137219010
331784996
837677787
682205759
516728589
591335776
862035927
778447738
516594698
881897076
57351070
341843142
901697839
791679804
38849829
469854505
239709795
403039995
650170432
785603176
228140543
125246457
166832901
429220636
20580759
383464837
711517445
377602955
28642743
429457327
408261185
67906787
537582609
550720815
474965635
717550448
392673885
360782
758567317
761729110
268975646
293295902
768846109
786307250
450339840
397689822
869621511
862721032
801106105
844591288
502203508
11894990
204518066
605837973
757458575
243799208
332311213
795994693
122235866
206225865
454757701
314591790
742235307
159125
163797340
110647063
350429992
291102873
543727031
598903662
140513646
313045177
355117948
182768394
828973248
807620294
386565658
747316347
423548712
26483260
278056707
311799283
94987897
379180182
611303130
754501730
97437751
284146784
681799006
631730537
43734320
370459871
430621105
482111134
789955361
398660072
525022414
640666295
412272269
202416698
709448460
867207241
352471377
285342387
292412343
267155869
319576430
373983964
741134705
895999539
702366779
446253701
460261828
238609382
677325751
51090909
121168953
868775267
816208089
299728043
179832393
787930583
673069239
39153333
707359496
17470384
596830689
617555020
251902031
162954217
350037692
743886228
765049210
198722958
151172477
817050007
328344565
833391301
749685774
798518002
810069886
763162933
420904857
573832830
297602712
163108239
623694780
852830831
919502236
686108336
693484861
637708790
23490114
663713014
894930944
177149026
695463859
776380719
751136901
334728718
194938198
720108870
805465483
581059459
895697374
216658872
234532742
127667091
336938939
857398402
822501528
290521669
246479989
791165977
886600113
705224803
397804272
655084470
275642893
829321189
529357699
135081800
327649523
15985738
48871926
311556575
825466952
656148608
665429037
762617028
435763139
339608579
218242185
496126328
215284895
680420722
596223318
261429769
885123913
262488035
281620456
640011607
165103945
564883635
83145790
324832200
522991611
80197425
667733931
206859008
523467303
303519557
305664727
375257805
879031086
814227731
303081388
666470128
825147656
351393993
99189349
794835693
712955274
684391967
809771152
170359961
915617392
363729649
714638138
41740966
476867437
663528442
752311994
150351540
427250415
793638445
234375114
183191333
76052970
118441909
745076473
922814917
9549088
920462138
473522840
363039998
738637297
378711239
466398884
73795540
204897413
512697495
345252779
503230242
347595850
637423929
328064755
698610692
18154686
275613423
253526423
3148477
577436682
29952592
373788259
885517856
583086805
312294237
197142501
762153935
33726240
722130999
794791414
250649304
436183390
822035124
495740124
737226117
345658193
652271208
662093160
819540890
368933981
559976746
589752516
840738845
600131715
834728484
377174684
655622972
110056421
769116764
558739750
688601400
522149011
466067523
775563547
731980237
838229480
697309236
500508801
229350498
30042562
781573572
206563218
558915481
903751278
638228830
55523957
535457306
357171330
363408899
234055339
852662086
261553845
771803066
232612499
723754791
347313739
10849748
508517000
539820613
726125418
465604714
314788779
887250054
362697707
326949426
349720268
876474296
44535928
122027813
837860456
536559531
535631671
34197345
190994596
393512824
215731713
50347001
515325819
374526541
170735218
420693538
31096630
556102050
713367372
534604398
596682854
210504367
28691558
653827429
361967749
805281344
53653482
709921840
285678580
583368426
10558730
806014983
410543476
5167489
263516379
451953807
827643853
252362933
822120653
753950315
286741549
590354784
703086000
445566239
328984665
206249669
383795527
308317167
276380366
455582992
678456181
493279211
913523133
704299174
88021083
246135507
234447634
683116817
406997119
858188154
591561064
638262394
591621718
369966951
769338541
416667736
572442282
163913183
662209928
691733842
457349643
701255326
528680788
618914455
563573173
454627117
929340854
471448517
27931958
392204272
480237762
638772208
406038395
844087384
114225900
16186251
249472052
308966618
857621040
638204549
563705896
401405314
123614299
506691014
832654275
673537095
897822983
543606443
451390498
697476159
714434291
853256932
349545221
284572066
757899630
898601134
746662899
787474921
405495390
3653004
485533880
426124578
638026114
500675144
876235203
192409230
591270376
727523186
807472608
103427339
610429651
566164119
835026035
734161604
640107794
789596239
259529917
192487711
523350912
380608169
723432032
932906962
495244246
614713353
253868169
918726721
891476319
568493833
372872802
159844295
510381409
274650170
430652558
190412027
430983289
24750320
771946406
362261571
733355901
346952445
42793320
786319973
224380323
364669836
72060475
442339109
811191823
652621931
766406157
37137686
333748440
289009582
686371320
514574995
475489679
439741195
189288819
296983882
524763538
108090271
261064296
787132727
123035868
323631546
811626999
307038874
530198746
176356915
520099347
207184911
59348674
813382936
807559262
277130856
846792694
860676153
726149296
452482841
391780471
685350831
492499044
571035230
16845335
431961368
495574424
617282513
431572144
793437455
451011600
50738222
189471344
474077593
573536066
497884694
798639332
672409337
699780011
812147020
258456742
324880782
325714132
314683934
524043753
802127098
313766342
341597503
720372528
544865141
685230618
124071068
718590012
144131246
304540368
759137605
452728518
461388281
111654073
726663190
299570914
44482743
648861321
99817472
896911812
66004243
443335960
240770918
42831890
103866301
473635163
714177497
569153400
152216355
804852832
160346673
921961312
342026064
674982274
770514209
469252713
505510665
488156983
174736736
473760980
362150785
644329688
151097308
802714519
291404067
238167014
715317908
453373528
700825278
843529960
583223209
478126426
758836869
415099327
640936929
288544243
738251899
438791517
303873992
821273228
887620947
244806440
750317737
488753880
927345887
854873265
149960643
126989261
313898918
568004255
357570505
893615408
19825277
670199536
310301762
721176514
81236756
906650411
780986100
799820360
585700464
221986949
847419487
86866220
904079475
654527213
25077833
554084384
429445193
596992479
282016251
749790571
417644398
176703080
777443819
856576341
835725729
163133048
474567508
725573222
840876961
328111484
601759707
776381094
344080788
534913656
756758199
931294516
847020778
354015477
853482396
380064298
673686
408200296
408683377
784872758
678356984
508471493
177335793
38660283
853354363
450522720
75839868
331105646
44188196
257078621
674440136
636913161
660645987
293062395
144458298
469914083
901151358
687141118
229112299
242242275
844018351
210088042
438371224
761284426
789392616
299584535
847288747
292429517
642198537
292568426
241482057
201562162
759659706
376175037
40588251
692447914
505203422
867585537
69001294
816550414
511702408
602249098
626052190
602305331
123797497
728212947
716052820
648549113
162894198
337306518
646110751
129021663
867436778
360198699
746846080
155552589
113209402
826965709
44357456
123027744
342708335
868159687
464569519
570836973
848230871
507640485
786676502
581352421
349000953
94438665
112089538
795010174
320741864
668269152
377024634
682602828
620511001
438871727
414237230
665329660
200132712
472461807
455383300
713396871
612417746
25683470
370021237
91548777
779088306
35991264
380488730
143801420
925750013
549932365
787937746
775350763
277699111
621767925
14832150
260143701
64775248
521331357
96283798
419454929
255003858
430423165
254060303
836677315
59009795
326095232
172606460
172318294
100003283
690259054
746299663
486922299
792311670
863714888
72706008
857697906
35274826
838394758
216639690
206624794
827394408
207226302
370603939
456657652
744509339
292738341
273383777
766955445
215254562
185217575
563804405
137082284
332659607
790971582
498601327
775378561
86712929
837419163
706055498
184564309
389489475
291051882
640860609
689454088
68729930
930589354
638723871
600068787
579424425
470429716
843726372
898164009
678397690
576352346
657109836
841874790
786442968
68847106
524749597
76734789
410988159
32792896
37750675
638751211
805138490
533019136
605961052
119225706
410131526
761973634
894323705
31225667
302568916
541167511
770331175
57597871
348325767
164244364
569552101
870296558
765484961
826813343
751306288
309259061
3981834
726387221
161628680
789231931
18002244
310952876
752436989
750893868
877803690
816309552
243342978
765861457
20381892
808502383
836312524
24059805
316087238
219512604
178211530
915894214
529461903
629063841
299296892
633941793
843246940
438376873
764363658
854350925
153316817
587327775
384080568
353601023
600251172
254614213
852260029
127781336
419198414
268378873
778085992
365873060
608362596
598293196
591588253
907189300
800126841
739045835
921168047
684423473
908389429
526565830
689931021
120699408
472786723
577673762
564953492
660522838
188528051
148288292
638269048
418852342
50173571
854132842
450412561
463578620
483586258
703433687
252859923
38987159
207292660
899587623
105258462
773983811
109992413
778366514
239253507
604862998
282039883
667271007
659757676
596317364
852343484
70034788
915445720
854548879
345530319
555026099
188560843
37197283
755056586
692061016
721177076
548253166
15958758
577357948
692022779
576226773
327580583
751403456
28302099
34432844
930159038
448880101
557573651
768316003
535530503
707776320
926405337
765738782
629961328
400113395
872175868
16168234
481115807
214485368
742546981
771350653
250889666
764105602
25555820
276043009
867744159
733434190
729341479
562406073
661106593
137169502
511743667
865388356
806356998
925658072
705583832
857206991
15190648
672557855
225341373
175103098
47548618
247110020
365544109
533554632
167419596
907469321
286499010
525399783
251970189
356201515
59900631
134399798
650186782
133635799
866750604
231860357
513705936
214272682
124587544
644198242
786265492
824020233
642160051
138003966
302747402
735380656
517799155
814583203
191040872
7634547
354081432
180604531
161253123
795095776
806606444
259751932
746820587
895092825
605174537
342352196
513125210
158258574
909296918
74187904
838916687
40271065
303790516
743338455
357237783
648906440
98183637
709376350
555887938
350795278
257681843
671379162
154196373
775113744
541222701
723533159
236750396
485873193
54273601
473683597
797722238
182835950
190978234
715080973
29495232
150272988
750351266
736191946
180392541
456831987
784380233
502332292
114919016
20164787
880871890
652501045
495515651
492877065
742400015
294518686
751883081
696367927
86264976
163607503
710915720
515027328
393861923
729945258
395247253
672076710
84728279
392000173
924247810
531630404
517353788
215798088
234720413
557804452
219535011
96829919
283611539
214560113
426526570
308584122
891425539
919361493
97890295
776295154
742995523
195869443
315877441
480594173
500336132
844824458
73155868
386768396
728471938
516894982
568308136
855102724
726430529
80230480
740188731
26316307
5755927
690176130
270728719
744943812
235283828
372420283
349665686
277459040
923527530
664324131
928646138
509449673
183715622
433894082
34654913
882749069
291060026
465670958
437273404
12462449
925740602
194390960
864037324
55075765
677280121
309463596
818708656
827567893
826222546
104103267
262892840
590833093
130338629
368654483
338708390
637802747
914919967
348315961
449323367
65600695
