137672575
494987414
116787002
629012267
309583869
405764105
292735220
773749396
450709129
733036190
552565578
459696250
498187975
801207068
222306478
146730101
84679299
799181507
915031821
755275494
175297114
565429481
602298898
320816253
560672968
639608509
525345882
283967366
112859103
420690876
354084614
583403441
152324434
696285936
857902273
629525613
833318127
453944083
854804822
790510004
745261585
743263242
162748443
893437118
574864521
150114145
378531412
528825899
855139508
889762998
431060764
143178298
260041108
95961134
187535637
334781159
184492773
264942063
645220573
290803082
458567979
82903919
802294019
493140055
460432569
522368687
715173310
581216751
270484126
314670347
632066136
437590648
898772935
833737057
865219317
247537689
924900065
246170323
684919106
541781494
47444321
426062069
25958178
396786897
133473434
218579215
847271815
833715201
273458747
31153600
116810817
647499548
334993948
485105753
299231633
57528880
437960733
119055050
535558697
204520856
810848264
22249506
152669517
663779798
622475056
661485194
36861103
547513854
814718168
668906434
761854443
606872674
897464831
558745935
573279968
623944639
538214691
574489187
163676968
327941936
472394559
573488672
744037409
104567643
93915834
238581100
524094934
738969697
243946549
409782905
254427899
477802474
45868287
782255898
2125706
520542762
797269790
703935664
876592666
516391624
771242523
419622541
1517355
870848998
587808220
457410410
728880369
700157485
82937075
466098341
333534509
637113893
115497655
572411092
785104259
477389276
13482220
202465216
742199012
403015658
21941700
52079352
563420075
278287000
203057652
684269504
140050332
397611477
16344336
633268555
725301408
28309010
730169142
286619754
63629198
604155774
318138257
396626276
614301195
367814233
193088712
116072364
215338169
623371480
851552991
523598855
112359227
665584737
584918404
473414949
631813080
893313663
912354283
827239171
777236576
579385386
269683723
932118318
258273083
606066896
747420046
579381970
626883705
342295902
363456595
141164671
836710259
927128174
618920898
214267235
774948028
458406060
718997983
128495861
387182813
757315771
254625061
459196131
502378882
538903024
430949698
257728998
239687405
527637343
9621948
453109437
703881025
754223771
877680880
107273821
802274154
794549244
599323900
398525965
132048366
119637860
7533925
743696529
353268557
31706404
854713147
332489667
629030859
374728333
207468570
25132885
404862790
903845421
374756701
759858375
817858520
759506782
432430850
779207617
790743130
925346897
301806523
822297024
905634034
333208397
467504942
317624287
222744570
492851892
648069281
326949111
558387239
854281311
64683913
897644411
96573099
323875718
595779011
517969623
921233892
229891952
468076679
787099200
7329951
436782069
225962336
661803563
556746780
913622034
34656825
26636954
63126151
761145473
391884349
788502658
273523463
790575582
865930149
871035383
565019196
81298712
809572706
382507946
48346302
892667605
527357350
42693200
314829514
118518383
741875929
811303869
926652120
327659409
131739421
917845543
105493957
152436589
564874389
826254571
508894632
547006245
928924508
154762428
335472132
382483239
20866749
34059880
194379148
435108617
136068874
446423767
267461694
669811791
562380501
220038502
375353382
771047839
852147261
669422717
250277428
454169062
133582197
825188961
897515059
2502710
733900374
911325386
505230665
787228838
467531495
685670434
802878879
309978346
757807053
175837929
62833613
890075515
111904552
290322948
198803674
77779336
796535170
926087832
638741026
93149749
519569427
648581926
293196275
675900052
670450347
428843713
489618891
808412698
208847209
801874559
523278025
797167120
204555099
828377743
398415384
876398632
529886307
763584238
112957149
409420367
309338083
132608099
410985168
343081863
457478296
693575434
764795493
894410541
667331013
889952130
522843521
896300585
243552647
619058411
308783818
385654993
597827610
316704358
724843990
413166483
601959622
858390989
12022986
482274260
497568866
817018541
128758825
711281664
599681851
574927760
174148917
91463586
298452244
553741490
268882159
493890215
200888927
659735682
764185551
157010129
715981430
622706027
366996263
309792041
330454574
175717041
209284225
390118870
654934731
686435846
284859234
181832867
354018308
9665439
910017672
53171544
255919601
10416598
273823964
815380980
345357796
176532621
684537788
868528685
35774858
304458418
17796832
903590441
797299369
660674587
413672675
93220488
321333643
515506468
177226732
72246774
621613981
373049088
890166849
189353665
127804936
99260855
851482625
560833721
923091605
535805048
474943345
851473266
584140954
368992474
35279204
385441890
922070675
137493764
224240693
344486897
671807157
303031632
415455662
41814214
181930229
631416708
1034240
571455485
94927468
740829151
131177223
466752330
833095513
511363266
829092484
475394137
749412793
928541103
269331749
318084161
898033271
831916252
15644539
640144560
734408184
705367995
788646137
457435294
240459471
644217677
316486205
260021516
396114286
451115305
292466676
752929663
205594442
691553895
59174822
792337109
608576066
560092050
901322057
282942315
562666418
871771447
551090190
73498989
591262461
855606405
571622234
580654941
553831204
548426563
589320891
227782933
183342957
566714607
81461696
288604821
648843083
921755262
98912377
129299559
489958883
548072169
230388017
544458581
501798478
350634055
619729143
273038672
351677009
716674267
365986035
381804246
781759439
70589616
7652857
240541405
4988669
123933789
488144043
230047032
431519480
197898923
324635028
222576893
586851284
360855285
811692567
858237867
352994438
861568406
714582964
598799245
475885405
705432804
698473281
915178057
660891831
266640042
253360918
543478399
910317499
424448619
326438015
807186055
71285970
673315583
315357902
534941951
457000518
385857634
228752885
87188994
234670229
461107629
519842666
924854585
245018898
36293345
413264521
133392294
461349151
402326154
185906056
916583711
561613582
94702946
267839319
473625983
581892537
36846909
370474766
657594563
375323554
144611109
377598233
391788590
364358603
360232017
123331869
671923934
378380471
577570109
698512782
330907564
596393908
454881007
776796545
809264294
753997663
795061678
490244760
243065247
524185955
467458381
829323335
752730946
431806987
425368530
94878509
647696680
792500753
314462753
775031459
137113501
4933434
386824745
380587602
221403380
262780042
133474811
323204256
739731700
385001440
371921700
620966679
149945712
590800245
196426070
530941413
756696852
906976159
74448671
613886345
848907328
639732085
6547338
849323484
401358463
585831160
696014225
562677375
386603341
69552644
102963768
430337622
158000283
22279753
119461457
899880339
581837641
334650403
510838246
662943973
294314898
236340704
113075782
603069615
809247996
620695298
559629152
560684446
694326761
119625368
598642663
654141328
816678882
713110608
718841463
653897988
28942710
305558927
140626786
246543245
323370938
465557814
915004923
731527572
510706732
340203560
490275096
671346233
335156666
429849800
748318640
472521683
792797791
486742156
664714668
319216493
866452915
487195915
759014177
241058386
428643292
433399107
22233320
198872174
200913893
903140177
40694184
706488014
871187704
858547956
284560407
522595566
548311370
920220123
87981422
329434896
541085397
157823215
640402187
635222477
469383124
498712391
514377558
753336231
155225235
4324514
170190944
431137522
495374533
349866964
737219062
147157181
743390928
786154220
604241943
605603026
867483110
897826416
137283321
742128627
5616444
48401618
173453074
38814614
845935757
574890754
821205721
882763260
717830611
126044163
521242909
287631094
146689359
530943840
458985217
567375565
407630917
733964225
907312623
841728674
41360504
403331933
513415810
266699991
751631195
850941020
791071007
93671889
469785356
837944684
576070989
915240645
574369524
50756715
844694343
719171740
87865219
352510692
635304690
516833996
668461410
570876258
351969250
714103797
536763784
195215687
447985121
919608189
113039288
690045885
682323784
227019046
199156583
11433552
578793240
875932923
207938643
43508851
113504109
57822873
226963471
66468795
10780091
764961337
901877976
749334399
729928951
819329048
80310529
142831147
728679778
374686390
357703773
214078091
542299347
365771339
505629149
657543071
686021066
2691927
695977937
755014126
471837887
709663490
43189650
547968507
447829650
263725590
489770082
800113181
523571611
585383117
482249830
636288049
232755443
650199881
439111760
286536983
230696658
123012756
271891345
760492040
117173841
619233894
150124745
144715215
691346028
331660475
382281746
368992335
635133033
545098218
732150942
794394442
357443781
9263453
631909462
55216092
179663797
282337332
85691761
205129057
385016502
785907533
515691416
468153730
458737684
819351339
498438869
732120633
705901090
335858864
494218120
387251836
696260253
377211749
730588114
761927164
511022467
698360106
110988837
807479616
332565390
921344132
591982551
178407153
888617109
95751933
436884483
170724321
2652969
15526354
729918686
798778429
482006273
153272947
79036894
157774181
782637755
423833085
139823798
506600474
342420494
655686464
441278408
84311029
907357943
537209638
621761044
398683498
665795069
36829709
4588133
612651888
781877376
460165370
429651790
113885168
43757892
60536876
858072293
446490756
409086377
131782007
206295538
135289223
517801412
597772706
168784188
774069430
155572052
647127072
374143728
128694641
730740729
505897832
875940419
375283279
101881061
16791048
565738872
697648443
757910307
370209849
106791788
658915009
172532314
760466685
850848193
468045479
779528577
222996718
288188284
395554270
853180266
426339676
790229905
343619853
534588546
273089536
880176722
838980159
524946280
837468504
850923778
717869002
746772837
596668550
836651412
20615948
222917407
393047402
406221478
775113082
79573869
780553076
713379363
687021723
338272691
484960739
575062345
56051410
581026628
781756749
813952283
851606121
221551239
46983855
738108181
399652969
107847212
459151483
178387392
725317946
627752225
345202061
809775207
601221065
79385024
131637180
516401457
790963267
696502190
862413569
262352821
455220351
187492976
816155413
511336587
495281338
45350608
865382834
195543439
626454712
165290618
697156432
836759399
774102233
790297036
765950758
461443080
133721146
124211827
874008603
35202148
453775120
11788968
729271982
622080171
21236689
154846651
416324026
403021790
281265011
913353714
307965165
426264708
358572893
795117945
854234303
408395329
337477584
533235016
393797192
784329946
168385655
596672601
855957100
524231387
228966640
6138607
7720150
83677948
803802467
43206044
710060252
452184036
639330129
304935758
624495540
98662211
892604965
579120410
421885523
778965769
288978777
244961324
865824398
668312960
375953435
474888957
202826209
601698101
79932078
750579084
401342895
844230432
459633629
697564267
388180239
884102577
89671314
931304146
897817799
487057851
274423467
108163014
207916513
60487232
423992849
863630415
654454480
408124974
121195238
744387555
333381630
639892643
55134699
234480583
452355116
84292079
707119991
569218800
558877668
409945156
741052856
473246532
439768724
485617099
442474746
827676437
766455266
587244195
697196219
563405341
185509985
681108480
927176009
144651625
155978056
628284324
480468774
931851453
189368936
580374475
182089792
814347268
741083651
675855514
618118799
460921979
784012755
461950290
112867908
135143502
643622796
427477594
118860765
459349402
919325729
739593806
422667191
797723714
143876166
662301611
836770607
467676417
900416570
671453336
350799639
355609164
411652020
825941774
643963742
875394632
277725404
16523946
637993081
2384335
578691286
704685793
640271625
536548867
599900379
799955977
783873827
95851964
321333879
308249915
310189619
220701102
77935779
312567846
661037719
51945567
540155637
134306508
783525340
174153913
912085651
260397867
470274413
743944320
891612806
458002464
479140587
281517720
387743086
704259241
634544470
511289779
481332366
437741683
310430855
140233485
400150418
362369001
65537283
709139812
915318559
874798748
608034414
495690334
862705319
321874012
585928550
818595677
325206055
803458233
701526574
511095719
828159437
747201506
828114085
717520740
636364779
390807511
444730706
466500292
464287121
884704783
655888204
211389861
34998318
539807235
590848602
568817327
460682258
379814147
906623203
226789424
69519578
902526381
86023204
107740674
259112341
907148004
475977937
364198949
383055981
632943160
113322638
715725459
398543084
812656813
50588464
345554460
641037865
680359313
594453094
880368989
377183309
850830790
254354297
645641487
642577961
116632701
122807284
741583605
541546917
163872515
683873000
281360284
822917068
669135648
689013977
627268760
312146363
869366622
4490660
369996311
5169470
581896500
31376673
826792066
44464044
284604023
599216989
829655412
193178499
398481331
375321552
882934788
726294074
648543762
814324647
245257367
339520510
147107810
122850011
34382031
688685729
105119883
653337226
552893529
800516142
29119901
520571669
158511217
512691126
853040740
324667138
150869318
24873461
610203812
350532911
870648978
820684655
590052484
5001937
530763068
688462715
812851493
706542496
797701900
446470120
539768256
820154043
118209849
423910071
453770673
763372795
697594891
114395210
697465258
267739631
331981682
767798259
340145922
518325249
400907165
211983323
60775692
767196697
338907772
227449874
482596621
362101514
23561477
715733681
769283669
687845777
157651787
437054178
862110643
442247663
403774979
824817738
411434406
509509557
184704322
2596614
809285861
54772400
757502807
17537246
332331240
118238588
645327656
469545552
874623430
296979306
104163359
734144340
749184213
518843126
9985514
670350705
10165618
291381247
240806537
503987010
113603669
441770259
46308312
646488143
241180709
430588405
288509220
20973882
595456679
103422903
35430887
596042961
452697909
772438792
55713982
54971046
876476412
673792907
564069420
30577643
669291572
180516596
735528028
389120500
409640921
675137705
355935765
913371974
698267534
483295559
716007867
853019045
491769841
239771859
246290642
367400302
681314884
463599643
536157090
508319426
719874856
499436411
764585903
322173714
822502483
29989783
120853119
485810555
898169224
338595900
629042249
899982983
874378078
771740678
553016718
896276732
841602771
715097621
896317702
603281624
316799335
96741217
767979155
732327560
559564706
104407530
99774644
622021669
68170903
282846754
113986758
265092397
846550935
723642060
431677089
659583985
694924127
209903780
797399829
244058223
558980322
377125066
858443669
721917806
223885942
337080120
186860651
190745280
492759616
330475355
247163066
8664627
36483490
714695783
837314821
66619702
23699519
186180633
919953814
163926864
161314834
213627504
10518530
781333145
509236327
286988438
799982331
284911073
197262428
251996463
507195409
122275124
451859246
186608354
642436867
644309819
872576558
763723343
157097979
96082749
533044507
67480100
738584132
672030667
310950142
603307074
865159180
454137138
436603815
563784153
256374825
605167612
346793871
623899968
409352169
272431918
350890129
558580792
352326342
395828808
840099560
215724656
640951864
141203705
124405756
708514629
181630963
832121673
453780081
892584648
825281163
389497096
564114492
154462330
831623850
468055843
300370403
162641524
293296291
194517008
291731167
248343736
504606914
868128830
324427701
774807946
452181182
183778777
367279360
76575022
88601149
114982493
717079035
536208202
549490691
755081960
488635373
694728368
225341411
16613461
373303290
593894070
185065605
909712359
538863473
169917227
922129083
307727691
514422572
874927180
704865470
626439493
307958458
380722644
149612150
811737923
182627502
223602977
555677568
875065199
147289927
216369953
551483667
213787021
712593965
912750471
868145633
373776813
829456256
833641453
103770912
311956513
622428348
925026269
715052899
719263635
154894496
656629288
923381280
583598121
316562363
139625823
407139025
291138875
298370311
402590554
93666943
743678717
719662350
634074348
643942165
485467658
347474655
707392759
713716618
98622307
748142180
304206782
859580429
239035481
635269567
350667590
44993978
227025415
68978974
323257538
83805576
768442873
658460209
15704958
391669998
331526612
777383310
375527905
711580533
507841948
924905500
77340484
878569498
807266097
165427628
157792388
189559356
709216799
552100502
355343609
717766546
148995606
644164977
703763493
438405645
880686265
260680684
911831900
505955491
248261124
592265011
813832092
385503455
877751275
756479914
286824382
241329054
844967890
553999822
549930986
238292691
650773021
312702052
278266249
36732507
294325758
66122236
529693243
869098241
582237667
709621374
146067563
694116234
557790712
3953085
453774648
289666199
425159194
921781984
873235992
297959033
703188479
384171322
842583955
308257674
552734146
546590679
49194073
155649740
654815146
300605790
644756043
586036575
512363383
130511791
353939665
798460921
762163041
199134239
892930681
810015056
240298664
300844268
486471380
682548677
884177959
71069980
907231521
158009037
894570645
141220974
421261408
12369957
170155150
782886326
116721716
428418692
500683754
683217444
62318181
774399547
124306328
92840564
733726731
383964572
498541732
623003346
926760651
367958329
506933753
711556985
922865757
5153538
84773329
591640515
498011091
675571845
651328658
778653178
697864899
272825678
404397149
909078508
696104392
608012998
80007428
315671806
111281294
326706693
641513349
208005141
54169925
665458462
728910441
316154878
117816346
316581703
14623826
33543683
593810820
91701020
262938004
441958039
858122150
740004778
112363552
171072664
231892613
78424083
377707739
869962285
523891010
238302222
640618928
816691576
114643073
334616341
257207309
465311541
23226199
162935023
494932313
170571255
791341307
634259069
771338380
171995205
447832316
493239436
645658936
24050167
384887926
594873867
259562799
916593714
473693445
579161425
534389690
610503069
652033928
721662098
263378199
322869171
486385757
709148798
831186238
39712441
914084732
527424129
638633832
427242861
917803484
363522363
193001959
104221650
354034762
184498992
892908117
656062717
755620250
67354324
519402126
208126396
270120937
49496952
522470547
708754239
451028541
413730648
768678390
927594644
116778185
355415737
557959168
629272650
679128861
910235106
676439584
278015020
729203654
515260473
735771439
216486613
598614045
978394
643297148
605132517
95065492
163669133
613809137
300041789
511655522
855314810
841760463
709331226
787154693
866451677
773735034
137397748
581977845
739954185
201897690
365540741
530524123
661704939
367407281
671803230
403047911
684838760
55093408
14026088
10873621
803422021
469465745
227227966
392209376
55262466
779188075
149961353
494805355
718882174
25256208
360317159
287472073
909608661
22299431
543596073
505392069
687882267
466355487
445324515
786322669
747245150
136533064
225703683
782800014
615051189
178042148
522638985
215678353
208583271
699405497
701774381
50287203
512824435
456124538
768390610
854218304
141326174
907492676
96500978
90391304
659946804
368848274
542031900
666465584
195193777
697471858
921251647
821284161
572019928
772221030
364311566
236190305
565060665
340219259
402899131
514228204
501917481
192809533
695021728
347492573
36699206
422223358
845997199
385711611
259509538
774677525
513695787
382310161
442104490
722168007
814265552
703133156
860282172
887352804
836680647
39968669
366375176
208607602
207145527
480650139
855359736
815324342
624154922
347329753
241878961
867172968
744811395
507775453
745390248
12588769
328445247
159564464
721404866
896121232
235056073
645990779
622972134
531488789
411257569
352505638
878430644
773269795
883962694
466389520
112609141
27146735
718154935
208707698
363793776
155473096
374435122
726284587
262778162
622394823
226082418
392960290
388508361
689097112
46040333
880089133
219455289
242832541
511073863
21734035
12988792
182722883
229755085
216455654
400524501
450670691
172587233
94158389
768027484
347408095
327680000
558786200
805531677
780688369
322417635
6044258
26037241
684533643
159375163
377033653
876542007
391472597
281013140
185140683
858638701
673133809
645947482
142656854
597839442
249629339
702403888
563624597
246729036
575010063
846159143
491991155
57745543
63745092
430976865
704847198
780837191
707488305
161750459
890178221
773735153
699888346
298372046
632229517
916509000
88632153
116098981
773672481
342232080
818927879
181311838
200940170
448217569
733637946
523778215
263880465
342241809
765249471
685365511
850939115
489801293
309670914
329202321
444784967
174995009
890647114
469391710
876016292
828987953
194231628
269194069
482085028
28656309
907295527
547939443
9120187
248959471
646030177
135078666
660060766
132394878
324073040
445581873
590715279
66997250
129628503
614820418
799553589
46184260
645004656
222257149
517632309
592499973
393582389
913756337
870497440
727025023
655573459
40075358
911687092
857198637
223609010
762312300
355287975
402330806
815185096
862802300
122217343
781994081
131514610
355623450
390051458
427288022
54126053
477317439
693607773
622023781
254585392
545682185
680383690
271358760
715108929
641507472
288141359
470119565
158025735
12856123
508592522
309909024
646511585
646904132
868816043
325597818
414362295
769418245
412609802
767111176
394336287
21377069
499091833
883744494
580137292
159666032
154152354
262740075
543489491
653351213
838521610
514639417
480903191
575299281
559337501
660341648
490084427
129119888
159355892
458106855
256961454
914787432
868774317
831268281
93790267
42023987
767052863
846933960
303173174
857741552
878734105
725413857
226305548
226158333
343999095
131304953
431725598
187115559
520000411
189681301
56757112
334581986
104401842
260136853
443974614
896674362
877252681
479989433
511998588
611049307
171791100
636855309
569866914
270041665
397874682
166784062
70142261
413334320
442390421
819081596
225935484
819426273
725700169
655724917
731690762
555807767
757665652
252701480
177505787
490725526
478014825
335176940
557414853
923092048
918934469
740351511
687596717
793646114
429245453
855432083
138376758
511130710
2552443
880067577
425625013
240553996
184254282
81028870
899035037
37555407
124939130
145731739
272732611
332487977
775485728
421146643
744843116
548652042
380255211
204079095
819409672
516981669
798535008
118539936
513704431
736884004
248567992
828217669
800723896
672340744
811951396
584610376
770067126
419827701
170836519
298385152
635751975
86233035
861253870
864210858
139746033
314929111
318101396
554069344
652940035
379503000
466298034
439353035
418347906
5599247
653864745
494486578
317444248
711328602
846711833
121064913
362411321
92106017
405978383
316761169
690713855
393121493
54476638
454543082
264346175
667258349
697647139
552070624
240942228
121378765
284332402
531084793
769644698
644660713
142378417
660239450
2892955
635602473
824691819
885018582
7995591
876615139
524446700
488755704
17177273
77228057
365891974
827679711
36185331
487217008
375988750
560716728
118779140
260085720
237683907
483519541
187165816
709904995
23054044
178063373
462761989
888078368
447032621
543644406
499799517
902139475
65807474
750444418
346473922
63267425
379877319
345601614
27637524
217973980
143748962
194112075
747195498
300134410
604139075
833070045
855388662
103604091
623408785
439991050
791148001
906020936
744093417
334388070
243797601
52933253
768028556
112577035
587460773
369227071
354531779
710396860
769563862
57845611
654825577
843861451
354359866
1455704
311132723
812304813
283305549
690824911
693440492
791739955
675234533
600417973
860525817
339023221
101741463
130612574
780221785
705099977
217977972
39260765
811315935
510560285
113484283
124201904
729874315
813584495
551458460
405776671
756067284
185678939
420724350
545411981
398009308
234492533
310332742
692333516
263337647
51714181
234542176
696730613
772013732
518783897
349913816
449377159
741585624
873843652
920638515
206652583
291445732
352687588
362385043
425711927
905172972
417253381
911655939
344440062
239048217
740899087
614622866
715917760
917617781
397872993
231924654
194984949
414604500
722653915
250000303
47350301
450644159
826313484
686971680
779862844
642780559
516896462
11366788
174177998
190842060
111796991
873941848
333775185
316087224
874076425
647833926
669488275
822785248
238946905
651065410
135762153
139800178
640617933
486948567
3009801
617106579
871365513
221653879
524132487
318044648
585453570
617325878
202704815
166981555
218451093
913948631
795760354
336489121
620602009
697561508
436953896
819352768
110503898
376206040
846409210
290710204
12034090
546487665
229466594
281206532
296845666
773903730
847326840
215317731
441949275
96206793
26612809
404219542
306359362
697073774
839843858
70700121
546378338
248910976
664711669
686363502
11044265
731594715
577026070
891105532
895945638
932870534
221615547
376686555
628688184
218748250
855692504
705633295
272153911
363491782
784828851
792762639
523794799
109019945
124751147
77832613
702624897
497591830
443749621
890026193
435291308
526253346
364692503
85063089
699664259
156614779
210341755
451404389
735129862
305253048
81176361
640540035
622586390
355004944
91575861
338123606
36938570
45765030
314509403
153093446
734525600
674918466
764858792
135977579
368017970
608630954
447510759
924530928
69696168
377559229
561942630
658791601
52360158
472075228
199031576
710938269
571710600
44093617
393661606
26392815
905271950
54768077
905743512
872702244
902187666
877735060
319454344
561944074
435660252
483354569
479302990
759883753
861196320
301997956
531411184
171081927
519248415
271190251
85892103
298319060
125352051
791278104
532867705
373433927
682224871
830570422
63527306
394623315
287308695
477648616
499567631
71536441
189640814
893052076
641294141
913603510
28327715
253564853
726989019
858030546
602538907
345922254
713528495
471936920
96548309
596145512
710919714
89233892
440516932
604226498
245056597
469101443
608775319
681927772
439026579
355227606
722085638
439645200
743214550
698787909
585278835
496854694
891479682
662177336
621468531
419524153
625952810
71315496
212076072
596075575
625525011
79978824
287754819
887233984
823990801
838402495
868626516
456135355
282848463
411434981
918510588
526686944
250954206
118427425
121133100
164216832
495481441
933071397
660862753
445323411
394686461
109335190
150432957
321429443
693861396
293204036
479150974
84644977
281698185
90834182
287482193
579460208
761959809
844676455
259101361
622273052
653485375
400505456
416225292
630509573
805479743
765199985
98033686
496013733
825997824
617640107
586515355
432370065
136578025
572497252
720621473
233853333
206094911
281302401
236667668
841221704
689652654
311721175
773377162
886224131
865675733
932402586
484427463
267738471
30511752
265922647
804507801
462648253
426290014
756527371
216669037
360466994
175649503
165531053
187006048
507504275
126282908
755093721
91809471
698862894
163677789
800164311
129519815
147085342
800214716
52152096
72148947
743824235
414006110
815434962
623756070
321353433
617284924
613871269
12884069
160172349
465939838
855067868
1077076
346325780
368925242
883511093
813776904
810308306
603906224
698011248
427404203
796698297
443967593
331690643
798466931
65372195
532462900
102108900
587185067
445017510
923323071
737597158
678864233
280534228
686082667
461731016
395646098
434043731
15736
901409848
529878391
576043378
703549762
413247942
366457173
252895616
767427810
870543046
825862170
313750177
915642138
333916655
718886371
112708610
36664264
276982160
589266245
456729710
364629255
431416729
716411661
520907334
544104041
632946072
239980280
444426027
421150812
405618499
170980746
878978188
235340642
485165891
411206302
807983268
322462808
726258789
540730328
399363828
742981729
765426357
480421412
674078051
609158981
884251093
255973670
6870170
131157455
635299483
555548783
767715863
455065580
52883687
900603631
614678864
820177171
45637406
783817572
799810832
629322537
518763989
6129623
404900277
579789156
352716533
848436937
682991964
175635830
27685543
362710588
704643354
803605903
154684622
308495991
354376799
211400655
419122885
260494476
640515151
685944508
675169012
464621394
101438601
200262486
84817028
804719736
477711989
675774040
494312402
568735535
812797399
111496100
503703568
888223740
652421004
334411532
748063568
111073008
926498665
210745603
120800848
510228948
555183029
684530689
650768069
688202219
661928075
738711807
928022042
704726143
857151699
424519702
65301916
240478024
357414010
744023183
886844569
73074069
581509973
153890492
242084226
174939620
756821072
345200927
124940207
109371225
312273595
736765731
762455329
320722099
182335194
229855655
328529261
48996492
616196246
384760351
24641535
219745069
824621311
111127907
645249036
283528559
261009203
596090245
548181160
130583582
180883617
25893929
232386540
508982686
393027695
624485456
440025590
295984386
398372282
735026171
387876037
438187646
387962099
852763148
264761418
472879724
138537399
256549159
394034123
661088508
3002327
165687652
880573905
619302591
799693742
912140464
390612420
24281884
910493210
172402395
873528724
268253679
600446721
670924240
240173497
658989101
907220106
72474041
483492582
283964837
755617737
298713368
772997795
137210891
512846068
545145230
829934224
66850359
420043564
172346060
234080864
839369040
729883332
40769118
862556250
588386614
637948301
920908579
712593170
12684031
475969610
717216202
736124494
144692457
712392868
505509862
299385452
38767488
391343283
871574255
69153328
152126808
922962047
508142948
647835829
384092595
808101640
822668275
569384023
274677548
847106768
851998061
747036635
421254306
127840915
812978577
204308573
641281130
407920976
770591719
749403064
671706886
859159259
239712228
811490602
488210093
195966168
234896542
250864920
38541620
573800365
675175041
810015162
316954789
637376122
455635494
891918992
259638426
813483126
914589036
773445675
802234940
814889726
291057883
702486421
608975877
786994655
17840831
922419041
243351572
145232828
384428157
57423389
673613957
283959076
739755813
854053416
539740927
641521203
336919112
813469517
487500918
486075958
210726356
746684843
447098832
808310182
667960751
480273241
359794961
906712896
335377998
752086840
25763571
498061122
662117094
465261306
800322016
611360651
366757134
419393882
241340737
47729492
672745836
159002529
898342708
504785616
31244317
40070998
345435428
493772484
82549084
765460274
742796894
694418315
499181361
790149778
462276301
388250061
205384611
288248026
769375461
817748736
549986640
516025681
192610005
730647900
23241557
520316416
707814779
907484528
665455019
767655031
79418551
119548283
782943439
156193644
131465458
49757420
552602185
593070598
695410817
24474094
879636073
928008228
571478120
839237502
348516792
502892551
794824497
898147769
539965811
764074963
919480798
766178308
507658997
763701343
820701680
714690528
47363557
717853906
33925606
857195041
816222387
100420560
534830737
465142578
237898142
701391489
14272568
22874975
653717706
560526916
903244174
333965264
316013666
472166627
321616663
225181538
79599784
16718641
901610045
915174761
895810171
160148155
587076694
376521664
195229585
929509777
408149132
344681435
611063328
556059321
615239418
846010449
267175117
563381230
581547422
265308370
572723099
74695351
259639337
712001663
477920628
882250429
468130214
327548148
453769401
15261121
322349499
516729266
750215365
242859388
68034282
116275092
208675547
250017083
687242465
251029923
570890762
799888042
718647894
561996163
392907576
386878727
831155913
201564553
315032867
394594634
821377606
390884261
60107625
196887521
287663304
162139957
244803854
330051202
434849677
52480720
150179941
45938770
56864577
743402711
237821963
53597701
362410298
139636684
852617268
425150207
754722598
651992461
196752008
195811775
101650672
915155977
448151511
651958496
85010615
390221067
779824620
318855894
830275685
870241183
29740346
537105730
731601646
559175086
786866034
227046179
451951069
541063736
632389610
206750188
789089101
163861401
486546672
662761488
424089163
250931288
239585739
410774694
754373694
368335889
274723076
745561780
769446206
51587309
255198201
31420212
714532889
904770272
753002526
908159013
123647945
316588384
193335133
296183075
77518252
401000659
427941292
283077258
720086919
319511661
100997355
488844024
512034297
131228879
923717957
182587877
860238034
880457967
407265673
253907403
425273696
649357537
415315982
24598321
179800809
3742352
635387491
113237355
358723715
353878823
32602055
329079681
474516572
687727166
911245131
492224732
544200975
269563454
855856552
754784788
525686841
121380963
860041567
548564322
346492067
854362565
532994557
178136487
202925596
562079355
488060950
233977852
86692512
267965095
364863177
299009809
27913322
664291604
384924485
584714397
162312947
384269032
424963939
716030969
537760372
918607972
603665143
68578608
809768110
900044698
297818066
331686483
562509353
806198755
386065407
305042152
120912297
591240527
784928575
721669074
295334777
384866947
463045781
849316316
755558630
438928936
560664
302185618
751925586
148852806
555906413
719883417
71259738
533215392
909235142
29628459
422011903
565334878
91416498
700448550
429474973
314589360
163025075
2275652
668077032
822964372
206979128
203761831
699285228
855753289
640398260
166298524
632805858
695209203
710134562
838419033
505931286
276029512
815530994
699561527
255316627
67743938
762860115
544412422
773974520
820569598
709301573
857399917
303453528
767558924
153348838
609250261
305631854
389703263
567877351
564528284
772151861
216569951
177625343
536980741
618524935
577613831
809849669
45809222
407304759
616126697
564976779
617126562
721459443
652054032
288925268
388140118
96298071
404477079
406565346
927905440
464443860
72536823
651551193
591881847
320169481
662392231
183324443
216652475
477094812
606407182
533095972
849808605
183872452
100735605
659928422
678283973
802842413
145938653
227078918
34449461
183409517
502124423
750082853
732589960
320852886
341410573
659504312
328529265
79637977
108518232
242502254
399202597
813285267
718487270
237134864
488823754
159252870
723098111
2188864
579400981
620844058
456488392
97880578
4234043
630614585
455892960
534813734
515532335
263207629
162088719
181576480
920269697
122767679
265406677
626107747
597386442
459348155
108994752
778589306
793334643
681714523
30675256
397201486
128636647
263224475
350965012
186318373
863348518
376071226
467445192
780596048
708645689
104691905
405908032
825236331
407337598
885038915
299276862
499864159
178440116
200230171
692805964
851243103
570742587
420953783
703030373
715234743
813759231
740841845
70032592
78131487
346223649
756936300
692313287
117171090
823983466
369018437
461818163
254121314
84484512
361881219
465571101
751889746
798678442
237883452
525634322
389405441
60865364
362281194
5456202
617607346
251323455
113214289
474804951
517916043
833446018
880234187
237843530
451872688
363835587
921376471
65468409
451978209
733788628
136225336
738820831
256692127
142404573
346273872
894926881
776595627
846953569
388883870
930320246
67392015
409869071
178902547
300749544
351490125
134880598
610699263
87959454
618104124
848079803
115926639
341466112
536856902
672441986
50033158
357315021
817945712
777753457
539646289
388283696
195413238
834177935
577622948
521847831
699929578
903370502
628650997
490624307
897567821
5641808
481256647
686744243
273538957
501382475
738547766
557314757
496359170
364950301
520963293
275773523
830443332
910014016
518565858
583399702
909826083
895315454
516258501
573148722
637265628
653860466
415168715
272322888
666294804
406025701
759512999
304469754
10293768
650347263
648838492
740597314
353632282
329455163
802900037
892854200
739598856
255224164
868468499
697248390
786739174
696097751
822822649
247400537
657499044
740379180
542069021
2617954
182768438
449422392
883223630
712252809
276936612
169374918
900867515
482407087
296840334
851287098
636059780
204920966
304869551
69044654
365485520
769534596
578713574
803830915
785608256
761908377
100167448
799657524
17542884
534528041
9952659
378956437
61288632
147726528
362952436
566275594
47340115
113408952
441636305
259259473
781738752
648552510
140068282
248350583
437769348
301277995
650427261
883268207
500452768
223156582
551011523
503090611
611502731
597965495
174546164
172709309
15726155
143131736
387070594
12812710
429125553
383722616
230215833
42134731
290745303
122459934
868374160
881589852
440842500
892579016
283095693
573529985
647358094
838791718
168891391
225735871
533740511
137769740
78296308
866155361
406238841
506624121
366873866
515991694
817236731
758623340
69455735
619386717
868800779
388950008
36275156
204016570
128164534
900538208
350086154
545537738
910413902
925718906
22044357
494524100
240843229
392313650
241247322
643173783
718281573
402214958
122043226
721456049
469018368
476768409
534103835
824223747
607881819
728570952
841553581
361126311
173669755
489869443
111007772
139251457
290974954
280761323
773420848
860763234
803678602
107992720
362043637
132201407
166560787
753989880
793369568
478358536
703626829
516900379
815404293
836087426
594711224
746390454
884258797
919678896
925576334
400821143
850491854
499475437
258762991
894534470
561875127
216557554
429621849
270845499
593345088
888297619
568919160
265043930
672033709
927833230
737291526
570726768
595935135
767968162
506978892
764412075
672770793
643862137
210804023
428721840
357208207
594798996
884715036
519838941
267145033
740512651
922653869
892153729
488113223
884430834
362604404
722067799
155451767
213721497
575044098
255139300
114585601
162395220
385046507
350379594
581439359
744736840
159223427
757002417
303896180
886392724
233342688
104806539
805835622
434440316
932611080
527122438
39792205
134900970
120427476
312738015
902548178
247171653
871236652
852055156
871794251
381925270
717317017
167756324
595887825
743178697
243445187
699867334
523793289
761393985
915488171
127723610
334621247
354949696
406607484
120925637
762760638
393059372
548899944
70456764
641301563
176172732
488585626
168743004
797325112
298749991
620154729
432946952
651635173
505366315
141432863
229244858
666860431
233780183
309919562
618086805
425933166
516324232
335063954
76449669
352795792
609385146
312758933
437019989
458848125
825308034
86503492
301060283
490628615
713063586
286650233
493620496
459213586
299952785
39256226
933043964
779167000
32522361
253167807
21094073
239400985
908669633
796808815
660185741
903634881
549985808
730800773
467224554
490400976
239652707
912630704
378328078
916648418
913265577
701083254
826713714
468580738
841897917
1705152
596586730
109373645
57344026
540567330
325610316
407856162
848684634
716802224
690246099
129003338
263351714
707499408
820147248
413433449
611731091
898116255
98332714
582292041
655737391
753019170
190943080
720512326
203977960
74263350
55341582
835726455
381235237
878246732
196771427
673839300
183899601
345771158
517359560
174158454
732675643
96250139
55319833
862261364
47731532
911805451
816448762
126496794
345586111
597208165
284283925
535740043
383305338
647875493
546013480
15583330
149621527
542592670
635575149
461268093
227468344
575723826
482585563
356292107
862828496
408447309
536690085
883714115
269100401
4282668
904439682
501820743
814891155
118695859
699854252
447819778
597883076
877817682
515322848
564101956
20826958
130120575
204503070
816810195
430277064
8358849
527663063
187928165
700266791
23997104
140023177
115187355
901821693
223427766
613269464
110645245
392510887
885997661
246473896
231554806
180983019
504201731
633928426
650581492
570421964
429486550
247565386
653041030
838643323
711638100
427235661
645600468
162998534
542129860
786149612
170597371
881670411
818676524
64878824
194651910
13345814
201411388
866649303
96975720
248139871
358599281
344939400
508127361
103052265
306414897
914052653
633383290
790606057
637981056
246464799
811876510
72844051
311092753
516367917
355705114
372385054
611785326
48274067
163946054
349272495
171999141
829128156
910427872
102310205
200697057
280749058
544149845
130726023
193311304
546324123
424014374
391982409
178546551
191620820
399814960
565869913
853425731
97008188
492972698
361755076
589981357
364304811
555737175
426788557
929082832
615260479
825310714
783883241
565432996
120715710
501563943
337270958
744025728
174642031
675081577
326073540
772330077
723862270
853632975
158593736
917055429
337184309
220778601
210250871
846291776
573177714
715799505
877269882
865083263
319448077
328811426
542089135
595666622
439015269
200060609
899543790
438401096
758897323
54373534
356626469
636490406
701923705
525089212
760711165
138859865
779355522
415949951
214496334
715635094
73170901
34963088
231883983
307796231
108806931
429824342
197571775
871426611
393550595
396290758
103934915
545032900
617099078
920683491
171400744
329980774
106043862
212117246
353933699
566077578
761094403
489349470
578881252
33810509
15967418
786909584
465735918
846812248
908139045
537481679
151461855
59927743
724365266
344590037
449446616
294496746
627246558
607901816
266476777
300615003
803480867
757882206
209225968
85130103
606011083
466380372
368234360
341088584
651691365
152761823
34996981
520939553
549692698
531183450
715421711
546087696
670681402
260992048
608112397
464651977
338011022
337879709
484691165
507336410
910538534
146720170
810791034
69073942
262002374
456519314
200376351
625099783
736560847
719918687
827066495
896791267
595901294
651015898
459596339
670742041
474685309
693768413
324895485
704555244
229780457
644755537
184306180
693555413
572584307
797608903
383965627
119743470
692558627
489008187
504040090
880351708
613353625
627132297
296132116
701271921
500229829
91571160
18932336
706692117
251221956
105570453
538571008
35384669
574105040
147992261
567551768
46228410
483234489
295164850
6838806
860146439
350949522
390860112
748923081
185441512
338274797
52266049
428262374
178713316
516325189
545855990
623885731
779288729
387336442
170456358
337133638
634335221
561432998
275514649
791874321
8302094
756538298
903157656
573909615
315174401
137887073
793341284
263844215
508529409
67108194
717912424
67820219
330430897
4505922
685383402
583536456
620979430
34305670
505037498
199090351
521825113
47829703
177731673
434505033
295849224
123779327
885874646
385824785
179960717
581924264
527221219
893848411
533381491
631111279
357487928
428638272
698311527
875317942
822863240
161712675
912579786
357900293
93803466
325163910
353706209
506544922
712021694
805262046
94357826
165588919
454329481
296017327
34438274
128989154
105115937
644027104
238999517
339509563
277964259
621654910
183908647
279109378
36201653
864860688
491898690
645469107
836464023
553229371
292443759
146149828
322184078
681537278
132019925
833679912
326543142
123951330
76318858
87624662
176542135
30353369
533723283
750334274
665347662
88866681
9554272
485769704
911282109
111251010
645848080
614619453
648304445
382838824
774499863
293384377
203717623
927384404
80529296
384079783
653398918
469197913
373465252
909275017
543114123
199291314
658216256
123063564
477374448
647640416
37905281
210241739
380674824
373501263
766759369
401963891
483846765
205766876
122485316
550856437
173427833
783564229
861702474
835857875
599661006
887392931
908017207
867757378
362978913
892337791
131607927
61918654
875738957
632213666
730301827
796921512
784280989
403900998
730946904
862995871
432143597
56722643
922745585
654176835
446933638
222277913
76278476
381835482
496621599
355763285
656386894
629713914
884192073
847849352
359707020
195629056
63839945
61283746
97170346
860873090
638529834
171336469
409115310
646361589
5286490
29392199
200930203
738526723
765175215
427664351
863991429
885683306
817957855
250657404
605551161
669619185
464960434
145388320
311241011
639506773
27092721
546467603
423221057
421013351
666221060
524492382
172041565
81099717
20249762
427917439
785149182
660466420
761372870
702056150
566869371
782412500
400450950
475397930
561347035
489540595
769838598
16880502
397334000
815875170
203264076
531085634
869705813
540182210
327507529
510871783
595418501
320677373
325600626
451428068
556463447
367162709
682812244
661917093
319587791
855850373
640317017
25610904
316253934
444656081
161409349
723253397
162320038
453985624
794219352
709623252
851624760
678300727
282704764
265832358
663228988
516489180
721527452
705381171
108053381
291830931
427146680
901592812
419296905
456462353
534296285
414975454
107844458
870031794
427490442
871239925
457077589
737560262
803174154
215329618
46038781
464831425
230356359
308313275
924226454
165663470
615827515
519790628
588750691
172810184
674579505
57536246
281740119
860745863
359048883
243972736
808697333
563376195
162099458
723828862
504315374
36031074
405694825
218474731
610106687
42247004
297470729
114530823
51804914
912036667
106875647
618329657
649647287
349159942
213264200
720844141
103605690
309567651
221146754
149222157
100177121
376824705
96265007
346925360
879376511
196148546
760482599
426856810
881930454
484855646
215257674
868399544
129969515
527972134
221987868
733564495
698941137
895122617
831979795
17472514
438535683
250918429
244555542
409138586
480336795
78401378
1017550
56863325
799386568
76449929
575756233
288336857
814483350
622699120
132191770
664661427
603829264
606062660
587905569
773683314
672897376
677943746
867091035
730217805
3480604
889791168
458287436
316352247
575080138
95238383
272481618
349224679
718165541
769000141
539201065
832970949
511394029
556510518
571492277
328585975
823719443
560550582
384798888
682907914
575971535
501898482
418185899
831122362
523980286
95270734
94276538
133363723
387705555
782470524
510990877
368138957
867791201
768135884
690741866
174129435
356116151
765276579
809618426
641639533
49934712
798199724
136534131
805600224
701004372
61429674
64517318
582062995
498773476
765024114
79799588
284518678
376487232
646596829
159039256
463943815
705187333
329952541
135307718
374514174
542349383
583780515
857018842
34398469
471936304
563625634
88731445
228931083
68498920
869276741
854357454
370554204
728127198
432017553
176287808
344416043
150238896
193025698
619456022
53210768
248640626
512337301
743975935
179598577
225585319
342111980
630629293
69837769
694857586
664621069
370239234
322429168
803147062
233842587
814734735
160681469
3348445
475411051
216115872
544690051
14201597
161917908
330669725
239596177
220561514
444302508
527993534
458815632
225831613
540535878
305902411
365069594
698682452
743407021
351030106
147654708
738507688
926721021
182026648
434504919
203347713
560012672
507795615
591800214
402013904
36663662
603627416
192579796
908657199
204725194
820273529
456164038
128707667
144561127
649111866
6880110
331510533
263394338
171491737
357594273
796132339
691528634
725708460
482599836
241742570
568744540
50974769
712341101
249347584
494199062
397802687
676637720
9791077
267740586
746827354
543758877
664946981
393212315
562887820
899248248
681281416
804770570
276636542
182098639
907475161
584729547
193217838
32088052
686146920
99303428
90033853
574733037
474854925
347304477
725733456
258676313
680612718
477780411
650193328
209595684
419350822
145043737
609364376
523340744
900937872
98408169
312990838
159729937
695210330
51340385
864806757
732471955
525798600
10786034
106885403
276719426
855824504
387627388
231033721
556434590
880727981
287973923
784592743
82491661
620892606
544610237
817628134
736208366
732081518
844859146
605970422
720428444
187698954
134741843
394959268
343558263
566845773
386495625
631993980
523751718
633534945
695133008
680351696
105473196
810400033
233748935
511103799
340236844
292268261
133281361
222261967
328140162
416475942
134718863
672069761
645916161
143658606
662911381
624179942
917264582
737375764
597414341
709666408
411370922
346801550
346631696
548888222
838081228
96784397
449147390
526376560
188638416
326082182
411227507
377898772
698481183
214464090
353056509
634392879
783912484
15635080
422534912
650221053
93267549
641474756
106580284
713289964
681204340
751215569
58938454
164009206
633969598
719628495
772950372
99885954
602414793
474763311
802477617
860814487
864117393
917448800
792843779
200977874
759763828
694899006
166056740
46435436
876337202
204819143
904634640
285928509
359622805
309631931
51695957
548527968
409128891
926245526
411858593
250918705
11694761
464150766
769907132
193392586
281593074
531945860
804602518
155262291
385895096
892260890
731174055
599913041
541286139
821293634
196190285
282669636
595446604
99188031
249021417
40149899
771839339
771622568
129097978
835202774
22271986
378927818
464295025
66612706
310196689
53260086
122733834
795773614
569393792
174753409
25950368
613973846
526656004
797093086
669343303
202066654
99597682
629983574
88894220
361020451
62177476
398901544
385983719
650345811
796057716
169387657
559612247
440578904
29441759
561886754
459136390
619927245
318059722
270642606
680613876
578868546
787642615
335930207
631824442
794408729
439121812
920072569
713334456
358165732
162756690
511067197
128990553
117766284
909579476
793937740
41335822
833073881
472790684
77488404
284124157
30044401
385977121
160999994
685416058
89823293
498118188
750267384
575750625
710536281
885561605
516996799
712598643
892467726
727302254
490016647
208683129
849276094
694503367
827983970
65808336
650290300
543196978
650921426
657149104
862900337
352317030
320076613
601148238
386655699
501670915
298793168
801464545
883135268
831708131
447093747
364127999
270585185
892248369
737007451
900881318
449820097
566063495
761443081
95893710
78785277
760821234
864635246
265032231
582465185
722293390
571111502
27158190
873661708
686591413
601019118
711529968
894726329
66276526
391509980
462064672
836622262
522891531
226168492
824787295
902881620
46506987
28962451
825833071
857295632
711913396
31817277
556830122
381349341
707108252
653056365
602577525
831471176
562918054
223861557
589632896
325052718
629310496
134188201
722262010
773827957
727076230
220040837
535563465
459028633
470818248
917665704
549370127
731809209
884443589
141824328
364361824
493356925
930435831
348672370
575338197
652184238
717845605
811653007
114055445
61764606
297571327
430231881
481328539
29463975
224544544
620962872
12920823
488827485
152899993
456467820
575684257
223643117
665481035
6900553
222913633
656934168
855604449
60246837
476259955
796726619
652671795
667838026
522891927
511827139
409740029
900181962
778313571
728154906
455562042
713257462
431534813
58474541
739332931
931117463
118455534
570404706
815336947
754062196
512283405
248855751
387277412
473808331
717651632
853229309
99437327
451237674
491258468
196096721
742106664
332420547
521698143
360308798
654010190
234089755
535559568
817346628
365094442
118074239
623666892
363837122
442208203
538135995
508694733
905470746
7451556
480507549
713216831
709912593
247595018
849780885
382609020
67536161
719581574
594015262
530434065
892031981
805536601
909363086
348281255
384164040
382756719
620442627
912315060
919049356
932220584
281392196
16789298
932099014
765563642
874926826
779816539
586738976
374098282
340462324
876508618
877106085
289141537
200231138
139935722
610370979
919105264
363897763
864227786
571791141
318541734
820786049
538883990
451823800
369332439
612886856
912572244
103904574
874523784
198419418
145776788
521419162
513811576
828619789
276664876
329997787
136627765
883428843
377768983
693128591
72692717
637386942
116417515
12252604
666403993
87564556
899500645
281767315
294566007
241313716
10898091
804871497
875073344
684246232
433930427
100293529
784205820
408498897
73440131
112743109
213210658
72469294
313420755
751903151
755433321
813024829
137901603
571338776
341152565
657890147
80453101
557611467
457818489
834251632
381946407
402249224
192004281
6143311
470503970
386849337
673948673
645771729
145974690
180685146
702456903
63968734
275576398
247313785
716873207
2058995
705524686
371989576
310257233
275543986
636715860
863149609
256566183
661098177
333733179
783800357
870389752
526960624
375683459
659663532
80086878
820273943
108744804
594058954
454660584
310109329
646060687
356900433
404299723
213030481
431177019
378429454
402239564
98737949
811661752
740101174
135310018
425415611
114454778
144601440
169310066
893002783
51267924
239136717
616577184
155702517
187872297
366645712
8987809
459553001
519468898
454107039
861912249
641787874
411462927
58277435
888897121
783288744
544010910
792045794
855989728
639931306
739735774
662672095
121748011
869238037
899654785
163579381
235060941
277246585
443033198
816056255
301050916
328874008
631811320
206965960
717449374
741445755
655768081
616051882
84587106
455240512
216852144
124835312
382282877
126877301
151294648
493735210
763006824
640997191
794385407
306417818
82567946
252260153
532576169
573541309
36976778
361515429
523747683
750028317
290354763
420834119
156137318
603989389
474466606
6341198
851988234
642285857
120097387
683199926
683051804
1917245
233266197
578604902
806182244
906774708
308087023
563946201
472632945
924642892
44559016
915229357
60508951
734066723
890787990
769620000
433550253
875610310
896051528
113899016
873654788
565977355
657081931
423126558
329456217
916368321
820320138
922168241
12992295
718754325
246158571
813126830
837103616
674071945
838462402
634748925
48301130
492116183
510344135
446638162
190774735
637311890
846752971
862351035
269155533
258340316
170201664
752797039
845640372
326004523
896537729
892422201
607946094
527883968
280260932
309377955
321573946
131563656
852164213
32097034
473854195
348351480
500664870
29730715
789224402
681691889
505191122
509695463
225157901
853408570
293281466
105490725
859688622
438102355
20793773
108707486
352867449
930906312
153101244
196563815
811453735
765277750
359583801
232737030
72170154
857232637
133706125
332658770
363183988
597649932
155274652
604477128
425156864
504629146
922664363
910285653
725538486
877197041
781352685
506373078
921590551
210790193
719832245
184457443
881336813
726942435
54211894
731552854
141513228
340897184
148082644
497790581
471916688
840267764
799327549
529814571
630484269
546652019
851268865
584603148
183194380
482791602
588612878
34382526
324126143
331978542
698931006
234932628
733719259
405144811
858103865
451898397
929012246
667042508
297592893
921100252
817498079
840557146
134113727
90349489
784324692
492644183
95791577
665475311
107286287
489584793
294503239
718383634
271052462
164651562
361323088
47967630
452012673
204073791
34493698
876743827
168596192
663597153
481160404
483564706
795181459
769848724
216124395
691346750
162498826
611626850
582302065
217090004
678182958
555417993
657487106
603333036
704424408
824428943
13261890
32482525
219468
492459572
819190726
68411134
197374343
317928029
567575271
57504873
590193238
553954263
41927265
297944710
458702954
468707495
663160521
363009123
374917792
770044655
824758662
649026494
400796959
818216022
791450041
641975392
557517138
596782394
688632582
650695358
344715391
530411328
146789446
776738722
60078245
365469476
251713275
320660248
368586540
552684000
101779376
396831075
455675844
49208267
387662998
141614986
678869267
388217076
427860820
829636195
895170988
570906845
40706711
605179927
106346383
105606518
761599957
478245425
881842162
541513219
289180816
844616826
557257261
340342476
590509653
34400049
513346833
486455800
590155734
83035495
79108363
895739691
647221998
456141605
108279149
603751934
259734428
266676452
309459191
38968089
928179050
664186816
517142052
65257130
653651027
348513368
439414294
488609760
582062842
95155930
913877121
371635873
424989551
340858269
907816731
434642641
213011047
661438249
704337907
168232480
645854606
675041924
364218410
852848508
148946447
715035638
167295065
469663367
402769342
800279122
753460465
328670186
9329139
82090107
762735375
921493994
333948348
795912770
924801776
340841699
694404147
530192205
911121122
280280288
767888027
584494338
93123432
883152871
740965378
597673123
224991433
784465091
83390428
677371808
52577281
291806094
386241701
243837015
894206366
857065480
762906885
393866372
23058149
412575317
512678820
595604908
437578681
336135680
109035569
366832413
632380085
400826867
167173164
929975770
70325802
764202823
141554309
211759524
710290715
823705013
551966129
287355978
512951232
341873665
157433095
2257650
859972978
339678186
658043765
722217994
785715025
67165492
614489129
532934697
546353195
668893684
398976606
170652810
875884423
400758710
527905567
603721434
846565816
87664508
695753105
252278863
877842621
135679599
322033827
317364539
151808731
358000762
322593709
263798112
591622120
49237256
13686353
901659201
452933626
688045052
254339099
32169563
386970085
494950922
503813680
455436195
93096186
319787765
669968302
359887907
618985443
714748704
498010115
269686791
475755755
915477422
233444227
23539863
196041608
86192398
387794729
368713250
195231448
441199093
580220720
285295387
806503894
559674489
36153606
173431021
256938398
70989465
163205670
883941622
884933716
811286224
782010743
620577636
697134232
237671863
931665337
631239007
319009555
890930611
74760837
244938029
932680057
435167251
290353527
452113174
421039824
666143202
256779943
136404895
218237582
469920050
526409175
638132455
94156347
481240246
236673934
126643144
246652358
371583204
873454863
382719858
344394607
844369439
375755936
81429492
791015773
263397089
763528819
310506305
631033065
823750140
917022275
654226851
622573286
463052699
863648282
290263665
449344544
109836451
626740388
582783780
236267457
712882184
668499319
296177510
512903621
37737637
406972165
193409488
261028406
399897738
504773622
631674379
290071953
75850684
310400603
395251414
704209927
515039944
665235426
706722868
138157360
711326550
47413455
358630316
132818042
535248989
520683278
758065725
140475843
793898181
541015297
315936190
268082773
872204665
64740043
406770293
463519804
713946127
843024593
21656294
452827815
69677751
236144769
11709543
64360037
58825434
491410317
204723540
344859124
357447402
479635955
1018463
831321496
788793580
367942214
909697612
577692583
36664012
328894613
559970212
557797363
893555092
918572163
360180755
44141499
360663024
174747237
57977068
159805164
659483981
462086697
635498481
19050350
185678982
900819172
378132505
281582096
550198425
785878283
346644211
662356644
532675216
631095321
3271661
914142398
324927406
575419271
256865452
686178742
783083947
201515598
811517610
693557205
636850818
703864573
238052989
419242062
128258929
221054669
892957145
389620609
440145049
238858668
886304299
669452454
19602278
778031027
204883863
21137735
223138782
422073562
572332201
219348114
463666530
617327339
544176973
789633834
212582531
190810656
297711388
267926461
54196626
318650251
504867935
900985625
663599372
465656189
301794787
150100408
415151533
106817425
419999464
867378333
636046082
440448251
682818951
864621550
239675702
476718974
414837708
122862115
69337752
886324426
405867931
390901041
195282999
71616161
284731206
80449070
922884576
245432016
356542816
247159298
332498264
390795278
890882758
280085276
640811420
844437942
488933387
5657953
826473645
554254129
88521766
521444458
577926349
441944016
178609771
459908756
27332488
360545217
329503027
910115782
808026892
52088353
792917322
613634490
724645484
751303709
705387110
883491761
478807743
529201394
726670153
296647522
198819591
636521224
312114200
739260977
397310752
757723373
197183321
893589295
416476957
379358249
253422683
469003247
360617291
229475371
147209187
339449115
185274487
68478532
672270279
606395506
494811767
56334747
905590338
321156077
869651239
532643606
507473076
724361323
149987140
166938307
842007124
581937149
659010525
500573839
702357569
243134093
393945697
880487174
669276787
54218785
462882604
157915388
78602457
875223819
726076361
250271953
67179043
916987077
42974647
85023248
181130348
542228608
216759137
595484605
117012686
913779449
743479571
862041262
760979688
833781131
485197552
440311881
837637765
584420646
857611959
400106716
274927162
290172843
395513523
442717695
724998768
926851167
804263857
604319648
252452344
156547294
621886656
733987292
84861640
393404225
109567792
619584364
68533626
675361345
189987446
153337653
482849080
316580178
583096262
419158788
732279625
495671921
373931490
742006731
291404798
847643517
586550201
167795692
202379529
507179292
801626231
258594283
510717974
812267083
373759800
500646844
568600130
19592850
821419809
158377671
452179278
291492708
365287171
279581551
317583375
927604151
733045390
462458600
52282493
262353486
819098364
237344912
721925311
362707535
157857944
31275229
471708667
635406631
479439040
484878396
334719437
505004452
89055499
539249690
783294230
112406030
832697112
426189847
164483375
589489582
429611072
766771170
51250251
146776802
193732813
640940110
99187843
811386903
549698873
464205779
493146381
921156696
746658174
366974451
512407642
93622552
489501165
788458096
109915170
629001229
367214911
800244384
859186277
502886640
24518251
771128356
484942059
659899618
140734318
803872641
817140350
163384448
243912825
699510425
526611725
360483952
551744910
368813469
136566710
450405707
289600346
164089975
679438942
233697854
751586897
578341134
64662245
677137450
890571389
507692330
601289158
766459721
791224634
260132616
853452174
28121196
908636420
588041027
715733883
145214373
555993160
341808407
270169005
929386279
128948643
213149678
47370629
614741209
312158886
364513548
748738313
452527755
866812281
701341566
931417240
351008705
80357513
676622010
831854468
109749644
929847254
780457955
620316162
256684400
182800230
445106718
213707371
560213321
175999730
721405316
627637678
490085293
609712996
882360390
340880451
172594453
896127282
468428590
122812027
829837804
435725679
420550701
562086697
373562583
421863559
669550673
257400357
359864290
237384255
229761552
885916000
378068354
904824572
599362242
143435867
614432185
771183019
774613518
393692911
313124108
307562575
408097736
266035154
494210130
789143153
116322346
458881279
497630393
773599084
523340952
859747929
226414681
383860518
339182024
692499952
246856690
260056114
709189648
899852762
449060422
501895600
810200202
253537925
263983440
843079169
20109415
853031340
909966870
24936458
87955383
440551052
702215308
84723655
126797273
267520547
177331873
134693568
97275969
931460434
569945684
118569939
587198383
208871976
825549432
368455886
392640238
135361636
525330607
29635487
565338469
348513696
772750427
906224391
17423855
214613529
855809410
85617395
162918285
566373957
310904610
449636647
892228842
659910925
417739837
477968271
894619824
265983158
398476243
367245643
341219218
931021286
47200223
70843246
61204537
263688110
290560946
538832568
184062706
319195919
447428750
271745801
528110729
543359691
545263347
17855745
841726583
895053742
475624505
446002346
206593294
446487277
521225072
572513528
119156379
33312825
119581591
505054924
676920414
532530855
286298651
749623565
469621300
405447088
669108014
229752942
185338632
286952373
299862473
833078037
484326240
349053245
353579945
122433358
348203087
140836509
195381077
452923777
169772886
241118804
726569198
241726256
900070732
363878543
378722128
845669465
436359048
519362329
307524875
642278952
910842690
18528149
639462048
437895552
890590691
506894866
891830170
555259134
210128479
504989205
629228918
892136471
321870209
585679074
278261046
915451304
871709118
544011732
54979946
582446935
485630326
768811048
195132758
658346604
379465604
431176623
649479273
899895250
586502804
817227895
345979089
139018383
354826728
404978740
187800246
841185771
454171777
651933620
20195242
929263882
108474993
376836908
836184784
217724560
12164859
285807375
897075237
88782724
608723219
140043558
665833222
923285622
742122078
404828505
322442735
275532543
443610485
323929787
226741563
283318048
644317958
621301983
462801988
899508802
29870796
926127286
753362826
565929397
874063631
56685003
522525795
418055098
535183789
693434867
180615632
579037096
411235431
789540754
884768798
759143633
545346949
213795221
232858195
574643925
167354359
456036078
817143435
888330761
920094302
453248655
44396181
337345155
236155885
497809401
204816084
604892200
380637169
399149431
263068017
290962842
840092974
925337435
620021318
426859440
759052411
585963818
530308113
104284383
481058492
636716935
658317019
365758028
852108045
717444408
750928689
870361118
23681755
220091341
149779347
94898723
435597159
246954853
95004539
582323303
426792740
260638696
870375357
789728508
558954853
716449256
196575842
476199751
432600572
712037725
79814718
814576242
545039507
101290299
173441173
855136089
923072325
77478382
611256892
424433165
184083780
862241832
192363635
109975395
383098638
455996049
819755172
831744359
327391353
796201572
607854681
542212730
474382326
397243404
447499407
310501005
196882232
578713998
918827651
497485867
628082598
413982604
842472779
780701812
106855008
31445404
853418463
153174947
770446125
164630688
296996060
755714164
374468744
15877285
379005759
213219053
922746700
390686649
860899534
95431761
693042387
313306055
79968713
506666557
871751907
684097917
12182068
309790695
146002122
119077389
606042235
111822587
541130084
819827785
641524388
115165925
102889387
582729694
792679264
105311035
258483378
196061163
138136942
23843077
264421202
476574115
222726233
874955341
317273928
697100314
570513612
908870733
661028494
57356985
418700676
500231156
702865895
688790623
401109405
219895453
932065062
371660945
74845229
842794332
3859107
127329729
209888486
818552319
923537275
90150544
83720769
20947432
192074058
519254875
66991641
878740969
735321815
319059423
368227889
899768735
352724366
777280767
7915592
395504656
238219919
92042745
366752229
784928047
590170241
404886590
11502108
625300888
827840442
476209847
694986911
683975574
760149803
868766100
404804400
106049054
577889685
119184310
791459377
32008596
389351365
865690631
216369244
9315515
891572573
582333815
251666993
343564934
511412794
152315189
863484106
682287937
204047099
847776418
633730408
471545990
241047151
468319397
536806325
430133987
21837422
183686486
30966622
589110725
621781433
807838890
439576027
478878065
686841760
578516638
608117785
72030948
39028728
692712732
174792089
685957624
528212699
898441104
740755456
574342790
168237554
210523328
920600898
564448523
740868854
631802660
197908630
23695137
61587673
339563733
441111010
888745630
20153517
260532318
45941536
488625537
812092324
119685855
90636842
550205251
638444625
630183331
64770283
661368856
868466849
292284986
570422487
410233104
721701746
516344793
812791562
192960981
792119219
170763831
154762821
524724005
757741148
889965577
342054154
220155325
405047469
352201282
793274250
187957070
155076667
725385527
926261941
855290581
427182726
383952435
29358134
83819770
604242885
686725978
365591813
865468660
213492703
222813966
798685185
723203896
763918551
467762135
481524272
601875681
496550096
736807029
118095055
188117855
117358313
397441657
762019681
55481326
481732712
142323881
565125788
745163641
400513961
243998351
431331866
259185260
159593824
335756130
902966853
921742667
168055182
879950291
806958976
641523587
232785523
571973200
261878953
517097074
486992827
378657311
831055412
303575240
479866365
833381748
47347300
738582333
220557371
707169513
759067580
113665863
275759065
284951183
1057924
399856896
793694988
771706957
660877631
340360395
242947941
567787742
771399983
121109886
618726065
299876940
519861657
42199900
82455579
309320309
474256291
388647773
243610940
2981625
296307083
205861453
399595713
245662194
130487774
292381913
253494350
642979202
732054430
191273012
261889822
648709011
189344663
18822272
586904041
801641197
175365490
910489719
463820249
556075599
433184652
12609560
431796675
643221990
734170008
12117601
830622191
603116463
616723821
836471045
922479005
720888999
94408524
255563447
19747377
864149097
746598072
430547994
511797422
214178498
562595281
357299498
453202838
62723392
761425325
376349612
383381742
501191241
901953911
351693696
744750723
406177774
873196665
415209496
822024403
928595266
570648464
869710788
579379876
21169793
821111107
835510821
520523244
64659060
867033422
500533006
759779096
694806803
176918381
814513625
218157203
736483803
145895381
253024358
583410612
103258972
211987124
764088988
620100023
64006119
405450916
68097241
314655611
595366108
450904925
268953283
82320340
398513603
110702407
712392485
340434416
735522350
575472097
589311638
265493070
827546736
276694938
38215311
881393258
138266494
370083572
356732602
907176068
463408306
450134883
873365493
117074666
596193031
329421958
154552025
697340068
118060299
255438872
901621825
899847445
806830544
871961165
118715083
269120767
559305976
742636
140365220
701803770
489685579
56979935
533816577
260307069
384175866
7479952
594770158
664442298
708894102
213888415
682891321
551759716
364534193
693643726
797305503
916084037
576637702
434193554
408476674
659460374
647557901
776331448
343761635
141787599
585204827
855502650
404338892
792602133
726385844
483756607
505775970
122497753
67134070
40595903
238333388
199285768
716765502
278494476
82610241
128926961
122550314
490128020
549813546
363951576
314540692
178884194
378505495
88353027
515315270
482915767
825385194
385974660
382762815
732740149
650396507
901061041
778009662
76084352
209584819
918557114
118240300
270785935
126215580
13783399
847290022
346805416
591516160
77731413
743591192
182380207
538181641
619134880
633666584
897842025
835270364
705095277
417802433
514972667
214918893
797359643
34645825
295832959
845012004
766081392
857655000
600120853
216067481
56210763
234710892
896282273
401603155
306783600
502712331
220918383
571582242
705915862
605098117
148702713
883628489
156966089
797336120
902288010
502556219
527583205
12248445
128218244
200490010
474094301
719842632
491079343
798290398
486158980
186667050
682143109
734202384
625426945
148435390
539846861
827463900
242439944
522681980
342368885
438948078
583667396
149125189
759551497
873602311
488895964
585753417
272914401
433786142
98921894
788982240
443095536
3521961
561865814
643826572
668387573
878233676
680592001
921118165
692051388
490983927
123503017
63543405
302963651
432938403
470153298
780889767
697168523
819648253
52445914
635919461
630351471
170519063
221862814
841391674
639781571
708004200
637108571
668632625
123280266
480981762
669326106
532522435
306115408
585677487
63023288
433994811
910951182
33089873
191500123
165141142
95725753
47605237
283803882
8095411
640699726
394008155
636829091
749468719
498770187
259250064
852149320
148691891
543353157
672026765
802385904
654986419
235256457
377491709
22130977
854001656
516789384
430471010
350586659
789265896
181542085
77814851
617991444
311765904
403022676
175955252
537047948
409347220
69438667
747538099
644256501
805521039
829211573
889399959
567678610
77157030
617107832
922915170
535625756
74185346
868528031
754656900
487278886
926591117
498019565
162172615
560284707
216013225
140632564
883279558
168241
135655929
68467220
593858007
70786960
710009074
914826204
234743455
608668526
561402598
271011121
438544450
60238675
201005577
506454827
101239109
517795273
553282787
516998733
508702997
856615269
561717051
901361855
738101928
541541014
349943845
787413129
686832935
704622274
137437422
605247919
95117439
563943157
595656589
738907679
562597714
265359499
726757506
223578944
446000981
735552117
531623917
599539745
365102895
427003892
456239684
562011086
636956769
152150010
310773799
325326718
119113566
220359008
368759210
139308938
910736871
134798517
20521059
412075115
33207413
858978260
291159701
479452861
886889924
857491645
636530437
798454554
32940965
655450953
65961891
933032637
288615193
541957269
738706537
431744969
668354205
480131699
289741960
558086837
500147204
894189002
249248759
209507986
604097168
440190573
297002190
210689322
147859241
20430050
902529487
597592882
507011528
710873005
749514061
825055533
486564681
241788927
585833057
559357173
841881414
512830047
123166698
113292732
188397767
721516317
476076200
453961649
124326471
908962010
725337055
639209988
74903343
710377627
811683278
78617053
657270307
597887188
836621282
811080723
759348273
83434295
140121101
685475368
105006665
40820607
20392454
765601201
810795492
312896539
114444444
735215410
858748873
534649702
312147226
319098597
751387206
243526636
835362854
31099723
488522003
392044810
723946987
762151088
892736130
255158545
817816675
618945857
736604689
424623010
227891105
752979140
233462352
652700999
286868127
602050976
561628498
313802852
516215547
504110072
293304708
420863811
365570440
320077346
733261588
565770563
671095322
435538503
643846013
681077705
285111687
749390231
628310469
564889171
47914527
685686876
777934383
193612105
555560894
285048346
464629981
738739244
405693816
611395381
665120508
313856298
698247451
410870905
487937421
530398881
289130723
83469076
773322040
700300299
102857945
537845790
20662281
664935283
730552086
181657598
414595782
380986441
244625315
189678924
4254178
610646020
464786762
692642582
442667714
833634000
560460147
532265996
364107932
262921714
778390575
833307996
862678462
104689727
272047348
750132066
567729595
106376651
129615904
846516153
535310331
254481205
169056420
586941797
861236800
60174010
474732243
163688460
561913327
425896504
558679107
152192751
62020509
833379597
914885446
297373698
754220414
768242935
194689984
53250679
496562032
897712731
872458174
759161883
834834495
201833202
568917673
814040984
626546113
101668321
537791730
500465796
64636305
593299867
171252237
621873687
144277588
175633226
167591100
162609203
334647643
69739922
573358112
179644586
80492087
208692221
888652760
308579709
869303713
534321557
310605914
271930533
617683789
658291601
316313651
591308430
763538246
685299541
514864016
401767842
178636358
299232403
919478219
804851888
290847382
885622113
843513300
895603633
156014391
660282887
219362796
41248526
44485492
576996094
494034991
416730913
346147923
618515456
408618347
104415653
190969440
589785769
297109588
639787708
441045090
559333813
699112166
793263393
90977455
71884515
768635628
118715255
125986001
342846321
714254919
149068704
429003343
175859521
866460367
198210008
41295173
805114940
513451103
662003394
623314456
362452987
472380050
298563706
359707601
801533801
695433899
214580771
245718274
541849070
580515986
670985414
904856054
275011497
365251206
408197699
817072029
257622308
882307101
704432717
888530090
409711720
496237550
668916321
834530843
847582419
873815180
24501377
149861510
304539030
910931913
263613367
736833658
160140556
285839794
493890032
843534200
95402970
792787113
79371082
270221056
100092655
527834142
397286688
329484437
356399514
247910050
412594350
23870879
581301605
473588182
195045776
371021231
94680956
761576710
445974766
720430638
906688507
662236453
578395351
828889494
562404838
720696430
48851863
221427240
724305599
478356914
509525418
896601391
13588264
659407591
248641961
211893936
145213411
396606143
158067694
564657706
110305763
894232924
463447474
625235130
556969768
573751554
129750527
337497964
161370548
747092842
431312720
386086294
547160445
136752716
472549945
873605355
153180098
900757541
410533808
614114546
897768636
347689153
471189585
674056901
591614703
902276184
30571847
865336445
902799621
656265842
371426519
772448931
418897695
864642258
745482659
865297978
527462978
399228596
67311766
832089053
169155567
160650713
706440042
395394419
246013477
758171134
864054479
497006370
113810842
593550791
835196321
658920641
919414825
563619672
305199819
526656308
143054525
61356206
762326622
286377136
633641546
567612014
235818916
180498218
624271692
799333377
505451798
49883481
255809412
566464070
438156922
637708712
333160447
71552350
143504382
460667419
251288290
50298283
22381289
499209897
102722748
521767348
679547345
73341457
516610909
746262879
193691172
898870270
271283104
686373963
522271090
169176931
618355082
242976015
713708920
331289383
291490681
929419361
104975216
123799687
725565530
112724786
195967080
741777692
388801594
101833232
160487750
910669686
241451870
669060738
717800310
142051833
780269636
619613360
633358353
688575334
555632443
878851188
504113774
123763830
932846035
62454766
539418239
715758928
342191725
341810824
419708390
605812258
435688267
508454110
546325323
99458383
388971967
932164783
274182280
43283490
346311911
340256413
632591819
914949810
577109139
480316390
215859297
166105513
671610145
592469251
455730211
520606575
915593115
419649575
110317543
348757929
868916437
239460939
586383234
285234599
199054981
494991330
303038601
486061901
28111980
864067737
626763628
864164660
90774965
437605747
261080565
621956475
14729525
746305494
271390102
789702337
545642361
258811736
488623577
255318438
70692817
394966815
519070288
889015150
89826127
410825080
234687013
489440360
381190119
338540939
683417794
450206214
657960266
448838765
734261999
355345422
140488816
560648289
502306437
465042350
530592029
603172729
121580754
658062361
48770507
83913245
849001813
263670124
882568429
417920040
450412960
151682149
790117703
44913956
793786187
296921562
382325025
403108545
174744078
592180496
208405297
645793122
551552254
95770484
212541690
461771897
759787610
916279850
457239694
723543595
355942407
460504312
631026068
924655377
410123643
64679871
94269131
247128980
369368206
380365242
330343820
21002923
600899908
674646296
180736609
845102072
560078011
620083432
316420577
902360197
526175518
184484322
515633334
616138229
918953057
852109950
534970476
50129369
647204859
563167968
130122334
869480403
654662601
529325126
907807414
607517199
260633155
825837527
700869406
351997121
176101192
177629647
782877094
266895437
916319403
566201372
52317035
300406762
504115743
510195438
409759020
22423059
647618158
837314955
607427810
159165266
369444021
611750860
125062070
511487397
413019262
563080728
685927418
755268218
333522744
540857313
113597384
437819537
709897264
692728223
751967593
199698730
485939183
445039923
101597290
892392246
71191710
895884210
321719393
902900583
215878263
266727633
5850610
275040873
243302039
620876200
892473607
282887430
537794558
497294354
167252244
160204421
766228436
384547938
17876037
205518463
608878363
444842754
250103365
742505135
861569600
481019024
828939443
274826871
495489926
206049311
883868166
199282293
75358973
406828166
251155970
32939763
440972969
375284683
595262264
802358186
307800209
719237681
340840659
477186999
371033931
596133938
311970826
62197849
798799805
503255525
776933093
203630504
486587850
24149146
784781555
20161230
119444146
757807209
203279129
601915233
471599546
34818352
235630268
83508993
153750488
797828405
822398871
309449212
762841777
626186895
735212789
160652791
463297808
326581857
887374809
482482821
259707892
438361365
441464861
224324496
291463216
568749580
27415449
18144043
398545116
757668743
373366595
57822385
34494284
865037640
458848077
861723277
326342267
763029087
740606132
606523823
12636249
874847234
381249588
28545634
56984690
736916842
355576488
825277348
453512221
216745991
48459637
814645225
716900816
42878596
248688019
210791377
83127072
770383222
343142306
216260482
272292933
905557212
491203116
179944575
744664336
775227533
399539619
96242345
302966033
374418149
331949829
579869253
528003429
895593997
317110372
242992126
119102168
12947415
733849395
758273090
902653996
407460485
101517506
782635435
596963261
337173533
153876941
806820747
73823451
703078177
915231270
802753589
334930496
740551062
11217153
884272757
782196520
473385611
833464986
119035802
375983088
910405417
390639998
380599204
731922219
623009605
734519258
521791900
823380657
923571099
720305251
885957351
384168275
405362250
3265052
459109410
917851622
795132692
291862412
879626380
290461460
687398986
692590489
287631974
37557359
599736354
352053756
582859188
74625143
48529050
661384933
423583958
638533378
104077988
601941379
825196660
26980545
399922382
266281287
135914094
920656654
212184569
867821825
418092786
793401446
294233210
387380367
104615755
55126756
828492478
883296896
294181289
117669868
380763254
434198734
479326432
836096348
307380933
83192838
699111502
314454773
142042752
74214603
288352025
711129552
553105348
649612870
872693885
649833407
874255124
490501031
774700790
357508882
257129047
523540405
446817149
886168589
104242133
658606144
656954506
296989942
92345619
290889008
185993294
107032006
293058367
465375634
545494646
526840533
299697368
208532533
904241859
317234163
367552384
903327063
577033340
825908995
840081130
763954282
476904113
779822562
428857075
366645098
91282118
24167703
773484933
40470448
409413881
819471769
719350352
108964385
410720859
545176743
227820537
313427012
481375615
835329199
340384546
757131575
863451094
906897410
173761244
193231591
34226310
916075362
216537478
894809294
431490394
484378769
46303543
314170001
707846519
343604157
369554005
274807532
864738369
342142801
295064753
329785846
242627690
442742075
898456921
33977721
713232895
868544470
434012120
601821999
432911436
694709788
668090423
677778269
401930728
49930956
84940892
538023023
82122259
775860368
150019073
494176529
709123204
32518520
684261012
308993519
167346246
120435524
162078677
161828694
709035748
671821684
612833786
501235849
517981176
554382449
349226428
176020554
577096591
538622680
330226294
606189917
252933470
142646844
88724962
796103240
279686027
155930538
929207952
710140911
32063462
66982452
738126545
558685371
738680470
577379421
684134193
825678569
724285779
75483260
728404820
467655567
257796616
290629841
132897194
336050993
658851772
316038910
619671594
198135729
65633376
895090507
101851695
756443314
511249446
300178000
610168486
884897960
178449034
768898136
660364638
174459724
767381787
64681943
69864942
330224917
234395134
761304118
541432793
705559274
312987506
271664252
37046208
228094952
153465350
796749333
30689425
460870676
218124718
659324763
261864218
468919369
186305210
34621485
397905449
145917581
155094923
554962269
62953666
583080281
253400697
401889337
166780970
882654157
714506351
835634740
431391743
754839874
621753541
55746019
42220372
437543044
14608334
882994763
177083886
448823424
877325440
850347040
881109435
541024880
687387075
655376052
665944606
99795599
28614889
454804815
374332351
640119229
552436693
550711994
219198129
817971428
680944749
656398286
649913790
119239358
812021460
405233453
520010625
331985709
927279964
930159772
744393197
138265805
782620123
371144800
547246421
336304194
232100749
740740399
727012665
160042422
421785487
73750766
137480502
693108687
282298130
489516991
755291299
556870751
764779007
838892319
4037172
462681966
687791779
826959709
171364654
342942191
790635972
489407618
622835544
929067049
88708085
384687730
116918414
87284891
570051275
48651344
909700130
561882105
188630075
441422206
523132422
459140416
494147808
452794563
472012715
699851125
881065262
18359015
578396294
350899986
925928044
814424393
613394181
547863760
590545006
94096051
56101889
915174018
410847433
775749193
429227963
263514544
46209162
627985863
590190001
923626884
580057091
558885367
542285677
697512719
148016708
305750352
845267075
333698180
3079105
799497165
455191312
745798729
871615704
762762325
145762224
519831431
733314406
409423378
207093613
560982554
873266788
849261728
788480206
303533768
112313176
569844088
106131262
549785150
350624406
865284874
576782710
491248529
109597726
843890547
825907042
805873009
150190438
204409341
413378932
337127546
903167242
211637867
893271997
731145378
335694881
535498392
706888432
676452548
310220055
399424198
306802537
243681338
321761275
225347690
762279340
188624583
249541742
677461992
29468916
882901215
320740131
495792395
202346200
857363626
672908896
201136906
568225748
233107757
832320392
587364677
107598653
250150800
596931536
448385180
463456396
583658013
772885320
856176040
471541892
604935905
750621695
159632228
814107075
782513526
778802449
345581514
362955094
869992016
413871541
224185142
547293187
12288505
67118275
852353037
319620690
173493521
9254963
436262440
100731359
362431798
716382162
479540516
575787284
163011403
914500622
556113035
510807186
906951181
584466199
574053770
849413768
757031710
835555310
264147107
269570292
775471358
239318712
613598273
265556728
609082982
32543861
229185811
334964707
894984951
341948235
596914405
302004266
327407323
34596391
90128219
602651457
242281663
333159355
188320928
368399018
602691752
487402801
388538740
143870811
549634260
762453984
232314342
434320167
674680326
646930056
631383160
325226668
704063712
632398702
389952712
148566814
521413284
386607853
911289402
704758329
703904166
874813326
243734763
563907616
831309998
593251080
661037836
487516149
915625789
198159624
463102992
298862271
846121870
123173648
74766132
641415412
584088574
630506721
386873853
415149536
544106716
102383998
43119033
800552758
412483476
600512311
229967331
488069788
753862114
97263099
318863628
486292945
188978352
395990009
492664463
497870916
160994056
679087262
370871375
679578624
692599522
774882393
580622329
706703002
332080050
459751266
94764770
911815073
310513984
509625565
182207408
607691889
538211717
328003119
180687426
378009925
649021323
6037243
785394632
537715764
626759713
931895512
785497217
159318108
103616398
487377910
734956503
780112881
142630915
356032782
280931248
341518409
904872169
301430057
527327351
217206523
727000855
579181277
271412031
680913247
635326515
418629367
63850626
115252121
239880864
77644907
557882586
484486462
693272466
589229414
109062726
882789900
621130018
549876761
12561742
928675779
103702562
821328370
623811769
96032837
763738194
100136558
303918814
225979062
403997634
116134213
815286400
519567967
489416197
844151912
522816015
117615838
129633380
25204275
315279715
121527680
544853911
714090344
462830951
689415065
655943783
898696209
266146036
258598436
876049857
496650238
705521357
157765578
875576914
879205696
487715484
697579837
392040736
159017008
222542712
350309299
678296159
552146899
626859508
726360998
650378071
455497696
370002022
702055046
554812138
472086895
51461213
140100973
191405690
269400905
155849024
662497752
926802035
784081636
120383776
456403365
72179882
877196733
156330745
280742059
659098029
523256030
635412676
610743439
160800798
391898446
910555573
602882301
81213314
258855133
139838527
154549341
171862189
805662386
288611621
664683996
150596883
525408853
915430214
711594372
2102218
519014398
781637719
21205886
143090983
318060222
260747202
898516340
333125457
894202363
97152596
693792214
394438634
384823832
185759097
43903653
470491110
733793985
768062111
769480146
145398448
51051191
354375375
661234344
361875029
546692880
807959945
688895050
302711670
280729367
715661947
699298081
25715937
918666076
178392383
592040961
115933746
295420922
625571789
238116218
339676227
569582468
73892301
761653320
51763172
388558495
699648211
382015209
847584224
151882160
336287547
213030261
723151745
917086632
345280475
888081338
433226493
588769279
225363147
578348823
343495696
455642210
556131697
16550479
765229234
172740848
253361228
473656335
901940655
296670348
195795977
365368448
664998980
425283660
788701458
930722710
300043512
244864989
420939517
764239035
320540274
575629849
10715716
397835065
622799383
833401114
640605995
853496378
798061339
866362225
887500172
204702081
662991864
364075915
450963
474669540
437332045
568276741
352806361
5634240
365719047
871620565
723784201
649742786
659116224
180181136
412843675
22968302
193673525
307373081
648139552
478149020
109136558
490145849
554797900
90410418
697643306
908671646
561167964
170583812
831495939
89897491
817675466
564570861
665620469
451066671
660517984
718503337
48136179
717857709
758658663
174663298
150006812
252077204
468440637
634137335
524949363
894010257
821991716
463617876
76315600
287356935
117404116
550453316
320425991
630068937
386445396
390012179
424724310
857976707
890511358
87384648
392193178
227496090
334504417
636467223
638246874
23749885
167297716
415303722
492236803
532994701
756132870
861711637
593813573
136069772
321595914
793937312
852490700
255685950
27390562
380451494
669517855
135441989
126635014
60735818
623999658
416776765
795325269
164995825
222491856
805480124
132201443
138801085
707520287
576260843
844178453
887025211
713607084
4866619
10544948
180650088
153904595
450765419
9117765
333281719
748545071
599668293
881610775
403749486
138337293
123478044
206102894
171501037
242279234
3756667
252210153
870395625
270805144
227689054
388014092
228791802
901461667
917817051
844733443
574326255
513220048
557440060
865388520
930365639
591032576
252996601
813343442
780569480
377021747
326556056
641822064
586262256
6214196
790572600
397937570
246502843
299079754
837833552
679824353
836602325
457489823
474256840
893976703
401500871
238046065
35309716
602279069
665092821
442724351
776268686
478729889
764319809
249806772
130583046
871690969
641418164
831748674
352845369
73569949
733054446
231703552
516873471
372108156
565210041
293424628
374057163
668943372
391757016
188347257
97888566
157997886
722446576
356444490
884586725
713210746
266794454
508874784
349745239
563270700
321783892
101002171
16595928
162708615
809619752
83098617
579019442
183251562
33062549
402431672
829438968
422550102
303037058
181200672
367059696
836221888
804434471
438551532
606332664
34237234
682453011
690100714
523759606
347754221
664330337
699571448
204917167
834232867
276616992
842315449
180678893
355475026
240206107
297895333
625337333
613164173
67099307
113004010
437015364
837210082
722833360
498232584
757466655
608769361
420667205
441182488
614339290
589606703
719418654
499154393
812961189
201683969
27699620
101314855
811891111
604636954
446059010
271442407
137874351
552153480
172709614
826182786
442461232
167520672
37648880
11847249
674023064
221387347
860547050
414128078
646118614
780608455
722579167
479538442
774074226
229807084
640051036
842408661
144312761
125722255
13807582
65368926
413014717
520968938
777562404
290246614
88874048
241989167
47671626
373755952
740847358
772491281
625308888
915586010
857679116
849551934
931861418
289088445
705854864
533672674
634466681
858853571
17957301
629580985
124914884
688587757
287048692
454749941
177741861
709653392
513332042
84921712
78703152
861019950
354115355
512327364
774614201
417870140
335484521
436911976
354244278
783558658
178044833
572353198
723782571
197998936
127466364
626905280
878018542
771085574
821756568
654278518
647766062
830254885
404923465
666358910
644805449
399173315
29045160
387708595
298499253
319337726
852473451
108835558
909487978
918022216
402172223
470796468
576496741
609219478
659158979
572147007
2591021
850600280
809282004
780379770
269685037
122603557
432243905
12972870
514016879
10948413
273171256
76731359
8873720
408596025
103192231
168729638
277334829
623330128
187039372
846717666
635987441
457654243
749989657
507213242
342716461
722416938
290772143
1701043
841633665
863974651
760609934
202827955
770686639
282514761
892084513
567007362
874543782
619010329
158205024
766728102
151217397
838154711
231796884
184339781
270882176
876779716
478552645
789323918
565237247
590053486
774244989
667089978
559364706
146571715
675952471
100912982
660917675
111108040
186389955
94278608
624086938
111269118
147992083
774766030
238787878
336905797
191325072
220098860
793074992
446020821
747979283
660115449
128305360
574984039
763426429
28259532
377716897
135952098
122737162
702052602
416838727
532117928
594286073
724394749
825491147
916681021
692371866
657931213
870393819
29837504
401601068
37783788
293736648
732726066
288264841
462751153
662978641
670846645
94845047
524020468
701932477
707208909
535690571
3407975
570635877
633053826
810114940
161262036
335758816
226665885
562550430
129302892
512335425
446548677
161358500
888145183
374453036
541107156
272362730
647140520
887518901
140393229
840745668
687010225
50975467
716868126
215880063
792395641
417664917
521239449
594459361
424243080
540181680
108411841
32155261
380120766
385895942
176183173
229844776
608081247
764788647
730242074
144718918
438700140
37326679
90903185
89338980
661291312
84460932
654210425
293959477
102638588
698663668
12236067
374351842
305981711
431651885
361027645
829144057
827643480
705193273
17391421
496033866
173450573
611314329
442800815
687294521
554851325
17360206
635626990
624620261
849575968
912722187
662012869
623459456
603529958
183052300
119789748
6059985
370093977
600503667
149179919
718455889
687378734
545703057
382632105
283499989
44098176
911357148
262124678
885998339
104874627
626562514
897649248
310313582
836799800
760516134
137743132
688529348
395049369
117909259
643206938
728657893
868930948
192608749
185862848
636070940
613276035
727294866
382278670
616105990
472065053
367557048
547414240
385480514
774066063
647824806
151601424
830975955
713346033
853895253
822051633
728004496
86892102
905191227
760050440
579572647
248515096
874915020
833167387
891896463
43909270
73969973
571302829
88765658
142156018
684908393
676455704
501011650
229657505
744621273
248147121
665331693
20345088
814367039
32358684
200774341
29988066
806276928
476896115
564283611
493784960
229548912
101441272
906640818
318885467
193017524
900837903
183358450
87770614
41523025
474300105
711439913
399758414
318179371
250237324
341704580
513337627
327338908
757602464
260207422
30687901
26447701
760578865
758780742
614628809
723737498
363265854
827573584
776562716
506587393
577654170
556434719
799338463
854225696
279757153
280015905
698161550
587577741
42607986
815184918
518222686
606636581
559112421
699908073
596174283
270137226
364533616
264724001
666591716
91370864
82077900
781542448
177245882
877054504
271279234
35485089
447457048
85094045
575459132
914937735
650022615
235613189
59505655
218015255
135743358
466037535
137857132
330863221
347751465
232004599
242577892
594699399
91752773
11620151
586878616
546316533
713125884
744214697
812289558
12010228
540241445
528193678
878599688
411392383
541837492
319634660
640379584
910920556
502011253
8186666
178342861
841523863
532632061
267336065
207560525
530168668
832450551
560062411
484178278
611622031
362496591
704858258
141370785
928242516
29558958
498129524
159846821
256519644
471852714
502927631
821374300
403338521
255523620
661035354
740907736
928993201
304560128
928125438
742532589
773594876
773232340
207080835
354236764
793062637
544883384
213849600
430861698
132254353
492931513
599899149
24804928
849739380
597462296
15995637
795253868
609022885
671726713
30211472
706501207
234413909
433980566
751497025
318471900
342713341
605171407
203021182
297702586
345100780
226254343
743600853
829469447
396840554
848277345
139444895
408415294
788141078
316583073
92366954
864754321
738158749
153073654
56963606
316410293
24490818
216973749
797670659
301384029
460395332
363446757
346022932
148276382
670748018
637867877
409522827
376813590
568502213
448393454
489445709
599813779
606522450
504588215
595562032
243259889
310829208
760440127
810840311
591648675
898300254
690291965
924098466
1516714
47236306
122794659
752312957
532546273
297035866
840024051
40897957
380593987
710786155
911502085
720913777
884202201
724922205
114285409
493975435
370408616
902160955
4414528
878523462
836796098
537857087
624880808
731653201
742073025
395116387
886873433
508451374
603727400
210070855
542926227
362605301
632273212
98508417
703512349
469126366
370346767
488053112
277169331
809238325
178522710
420851329
268970087
88357757
804136937
460746718
167731427
655227809
576760549
876582983
577694092
622322761
361863190
157022950
927196930
765094486
908929965
166328989
731803064
848389366
794487959
187915209
506945217
734183058
384997119
601721667
310041190
83963623
342244520
930349699
273401709
391323574
171681393
100375994
246884280
630445285
447217158
217705480
452678199
920325468
771091055
1258366
778654383
828960424
229260643
344401528
734741350
593799730
156249885
283712604
460743353
430947270
289316853
451629544
453890639
527821477
893975416
344321890
203505577
784002834
607457259
130960096
59155948
73669439
859272100
272118389
172075670
490519845
80384523
209902808
791774523
920777565
929719985
338016566
711437555
313735347
491087259
70151919
88919213
478019272
662441189
717287643
635732323
71855109
524548714
762256907
613253476
634783558
911541161
598682256
237440189
119904321
258366152
916787639
17516068
840046793
234258381
863045841
634410325
918867486
469511737
797066336
581502469
590604570
450827663
896328634
134696890
2514577
802401374
797296643
606690982
423397300
839308811
143125348
493648153
583073651
414870682
81840512
307150073
222961637
864739100
907122162
46242566
816061206
620714767
430793218
48573655
801255136
662074734
787533161
780334985
822960169
297755759
300266175
532043598
919489479
663656142
707912376
256380263
738410792
844362434
216779652
199281750
742779217
651826568
462281347
721908790
252449106
806012393
814318686
417798787
278317117
288575200
787163494
587412565
246644860
835440529
693774774
625785490
711651291
622817359
64276117
506001747
337317568
21580144
696042378
49022333
155881999
273947237
923824352
23275406
555484196
153241199
209672826
682879461
569188044
234375617
38943615
313369255
396699231
268609846
417883679
838693415
359427532
518390431
69817457
624029008
109382570
650794207
862629787
161450689
22239147
306676146
395145660
237327137
544425316
357224317
121161542
670750331
565883310
797552161
443219796
761970379
32766474
554751370
824317424
440919241
483964347
395181785
832152532
903228918
437835790
781544704
850477642
757861096
922688605
336703035
409827317
661084775
411254182
269977279
524820422
265897497
70286021
362903999
678792980
6603362
835227717
313013911
743179815
353841905
214986623
205065101
98267892
547779273
748415903
500749808
533262987
330085259
891031140
872376871
818297802
173580793
489155535
6349575
35399494
803002502
921580960
31114922
141694507
81092659
105076513
504199405
585030231
730619828
79218974
790224340
369940478
492636751
709056936
811307152
543447092
352069953
45357108
633102225
485271660
871416251
378294037
827689133
321367641
149226046
629544579
59759700
597089189
569292091
904903238
309447993
230614676
836640950
892553507
574135885
167580435
231336115
797516810
644974988
486038899
743959278
416201940
542655161
574700903
654417614
916515062
382270104
39383220
885969840
430462230
372573845
106680640
851282703
495442640
69711658
699716315
623951568
810934192
455896914
506869364
853954238
10952140
40653035
2175560
567512555
129059780
833865527
619974549
468083601
881527697
147281217
47952718
158221820
404727601
425719213
583032015
276187668
680885871
38618975
560806713
2956121
148792783
928562380
560849986
323770910
124205811
261751447
91091100
278694377
831474828
405001071
755705641
104446036
749404835
584475227
583072342
277806474
178090022
45014746
789460883
420201814
331431918
69742286
706812051
700912751
701248253
906103353
633849110
68045350
231539820
228226538
388125429
117493338
498080748
79696856
725864802
256288598
73490480
573548448
280981541
164725132
218015507
871526844
97506521
875443722
680346933
742842877
351395123
269997679
55148167
843254836
260407578
719501554
723269935
