367067063
564388502
22448779
303442350
547454754
154885798
2423425
287661149
401105216
566505163
264545141
280068233
498872773
131310696
250410059
747248081
588055608
226673201
475439494
336606141
413913100
126584242
844863123
199659551
909519865
443085534
836316316
233134359
90864671
390719970
95924761
753199508
526899600
462425346
175408047
660208649
379257898
459465331
489614234
820210291
932740595
354771215
119081398
306407645
70167239
42508843
232029971
75865164
711741260
184447586
910645287
237805652
926444275
592204699
765241349
192532099
230640881
236795994
587155961
293206790
333096883
159905689
305291581
878571348
289774197
748041764
785384846
439785890
794002643
795792011
614103371
126287940
283237826
925881204
930492872
168952783
464624910
188409626
700020494
268276613
539271760
795021308
590694947
118362503
887826209
347759214
195692059
28546409
401747749
510560631
681363485
69926044
907727223
283115119
440934150
497033209
97626539
437887371
836993409
278454111
901245318
110683494
426495316
744031943
443285476
192888286
172986041
256946638
535901886
772919529
115081530
62830166
913246965
588891722
533636339
140272896
18301527
196372735
793802262
908369672
684987083
55836268
161655103
288161430
784756737
767144539
651863867
95946227
620384769
872832090
220598300
261090801
774834687
929154364
678382909
405680713
119585059
284920031
861741869
820796168
250101063
332991818
69956576
772460258
274068241
666081830
868704417
24222410
448966069
718706156
894799193
180936141
752963954
494987540
243927874
536898616
630145330
459918282
547768502
932501823
650878183
853722397
477379861
487132250
176205153
746575477
623796422
777729718
282879212
636997595
246453423
542942341
361925473
413757792
120837101
106959937
576988527
105662912
9665029
180454933
232157386
659719516
614510195
101386972
655062921
27469431
673825077
656920581
287691632
803177160
273579500
247430782
229707055
83811915
423844009
190802373
38765606
97842076
653739886
194646290
379751922
353364625
21543221
113995561
771320901
451315262
728760674
680051745
76695397
529976399
195346108
539118649
125788339
205522973
869636483
137988513
372959744
129514026
453243901
207213371
200699892
884749769
111204019
718571493
708492405
130437559
450314921
615281721
611436520
659163086
97237132
271392496
617285473
30373699
459058746
177648531
416313657
164913870
764538016
171061490
341402009
659425639
595870121
160109604
477440354
262786421
715258089
845438920
859792420
799977760
59373386
123837951
42127601
479430449
680474705
580909022
433594827
688642286
301503879
202307640
471236424
288769619
753428981
90192297
377008490
680384825
366687947
724200714
734166050
419103641
642378629
660806926
305729315
458397131
688455097
531196540
254321594
716212056
407808177
215152324
766574047
537885558
745136797
770519300
784236723
155473240
475512373
577515787
253842982
391666958
214108380
504715518
697941392
541062687
352906528
555610218
43516183
331820989
95162675
854726319
509507070
563955686
333195194
210820606
139898840
119530768
830901636
283577011
334053910
209210703
121612384
293767925
604721164
363768896
64897531
43007896
689027305
913362021
197178801
584123492
547185857
663895243
112441540
209134747
764270505
175186866
475528724
532020314
694118895
27293309
815517665
687468493
297385959
194219448
486869365
507764703
643466482
117344704
931040526
8001332
211544565
702726993
529996914
851998975
517873065
230122563
452821821
852719036
812664644
59745326
346493167
746449243
76579195
238657838
754163226
245465248
120371364
291165629
570298839
792481088
399606438
774528957
95304972
298484647
160941668
377094175
305499068
335021336
905218582
281058477
436976292
851144848
744728477
66779333
759554517
855244921
543390211
747030099
288509103
734693286
329096357
494726500
303956500
435135174
733351870
530852238
376080544
188102828
41657471
852225332
621017096
751727106
735235805
449401594
546402811
875815076
287293546
37000185
892145895
499774224
202095004
147680354
314996958
601581168
864429352
518089206
236852633
599447464
301401760
1137914
806887204
34311052
175812114
927812769
115649112
906283497
793153525
675406829
794020072
433243576
53853962
548768310
608340416
851007305
769505534
355915436
110270724
304518646
906376263
725356660
185151184
71566404
65458749
45192086
666939791
837333022
418190336
394272806
573223922
14190181
106985666
503832865
302580908
156716375
237162141
883267790
344084807
178947146
863841688
906724261
309589081
463294619
577448055
824937257
492131095
271440223
68056263
567182164
363419234
378377927
803198454
845342525
374616832
61946590
905257057
717677783
377729552
318823576
432350044
226223258
72650103
148077688
594186712
786622556
252760557
437024592
839263487
4297656
224061460
241332898
545200600
858969399
518351863
633940753
434650280
485670351
466813735
759835323
570924406
789209862
730572835
603294357
687193920
234015213
217825011
401988670
472717289
79830044
138410538
252547865
702239918
298969757
215989805
96885876
781260623
215613137
902419044
801953347
859621193
562756088
409816879
479574199
98503358
281802002
480110772
539270881
622950335
10190408
167487072
441363453
381857510
99098434
732538909
499736165
759977836
628885004
124395903
600332688
646185843
868688714
179776294
591901233
636843563
569359424
287098490
697984064
631324914
134685337
454485410
331331323
853779955
520797446
739086250
173179233
795961864
829239826
503683097
587790967
678893232
760278929
35603201
367356642
46704293
898305348
759110249
619556958
326231487
614288985
416790748
477304766
909343281
447350492
804133336
734784330
68680510
648427373
668890688
923713466
924644919
314197141
879854924
8250579
693405630
781249792
364157218
420026645
429714571
260652383
307457335
795083316
84603234
211081452
494484721
593017394
555232754
73586528
180030991
522645252
908622522
510236957
38844875
756298823
271277077
776602789
458829935
51394544
207159642
621074299
422500904
197622030
814000595
861677474
43641234
694522495
918327381
192459265
816828627
868461255
110776662
746308645
825260637
112733928
227108587
406865358
453610777
233034255
799005270
37839455
163000505
640627900
180973177
37891432
608912957
654865309
851603531
740490519
730218707
925921638
884002687
106084543
712412153
366897736
665430288
95607612
851830595
761064713
336197040
665617766
436716721
732428526
405358347
262829230
137783408
150835169
126194867
460451580
230529279
251039908
252052532
826877039
524244475
886022286
97349551
378299615
173513707
169088080
548799783
140435731
287315621
671936494
547402867
646329995
92042799
269042691
534534888
830438037
620699054
853234376
863266653
507441658
16646278
852630967
923311744
808130954
771765545
744979415
898254506
406650183
467540828
869932561
896370025
638550650
888892547
328732518
314452144
696080418
410664107
682238667
905086120
284321334
154015076
792968579
886420293
40939241
150096009
319953689
444176055
623165765
708791533
272422649
657085004
311926611
841123443
680701167
397289037
430449033
601714060
537383837
445916080
342212991
164684585
814350442
781107294
470117923
82482930
95788582
383477688
638904891
555442826
465931739
213002218
599973976
749673449
599886196
292653924
148403787
336635281
66785393
227986539
53745175
534879054
732408758
76160736
778985234
106576818
441443519
15056763
178026482
155521598
886085536
72572766
530368166
2284733
645898763
524729810
586574515
275716949
812226817
861772092
557187111
845828570
723432180
403195907
261960128
128383151
127993931
472041081
692391441
910684300
225075435
303112644
120184834
920435802
158315426
70713520
724030326
664710956
556026130
202426551
604338761
285784636
754710399
906650623
372445275
647396277
349019497
284134161
21216615
275735816
719401274
497031036
736465054
652336289
407978428
692914874
690414031
295070880
344908484
358652607
511123993
771798959
467149855
600245843
920419395
338015531
365747842
202776747
628292952
342458630
255770026
858092936
229311730
455522993
155307457
365556869
335776807
125217772
911867721
205133661
481669250
595302838
833751358
277492933
212778461
685202854
545024246
918945586
811596468
217718667
682059187
132936000
111164286
170832469
516214511
732360753
383654358
166040656
313544476
363957147
439601536
402822486
730189521
9783870
37537313
117154017
744274825
485051544
540528807
926585276
802978981
188462432
383240091
881798240
449544293
166025605
815440482
207032214
237404996
455490006
270842915
343038644
218780102
458285256
151000377
188435868
837897658
608918106
711923875
415745490
645277475
324403688
71897146
94643815
120596535
104240579
520358487
607598348
663039258
417228558
83312989
158187468
429402118
118800290
355753178
70445814
150474085
750893314
16848514
65956892
882331757
68718890
675164358
673529556
637986948
708102420
310910112
219362166
515675364
122643880
884205651
741349451
837093507
25277348
106585727
870466511
761244184
888335116
209439566
570403183
447548621
99376326
859772987
542405871
76723944
459443187
293087541
863224591
333042087
175563787
178674137
311632201
412756673
122797049
605331420
76093845
616970757
93735554
541266332
450351893
60275901
531642707
334785811
29019248
670670396
280871644
889601664
281735130
446570897
551460780
826302922
754613669
299069385
801653395
345207366
587898394
490347207
492987852
66173092
348774702
230200965
912757233
658657573
683878950
814029994
307980265
734083759
915497243
853832537
414449684
513894519
753966789
742672884
330681328
485832403
551271755
653167596
345651395
851246699
720481760
674368196
321174025
102450284
65274880
282147556
887970138
197572501
787484702
342877915
487024100
117958282
11041256
119842405
174078408
455915185
756735836
234683555
37727363
423237135
896268213
905225958
378752227
512284604
379173176
499958670
878774836
826553322
88803192
4030332
474931084
800781612
657431985
661381677
749632235
923791963
574280540
804807662
526167203
479856110
137472220
751044355
704027660
873045415
510779681
780060419
677233925
557261226
411806194
64858570
168929323
307127861
624423073
695784457
359163030
284072122
315538509
503389498
391068060
518552257
599263717
872673751
396017475
318582319
909037300
750913157
502119703
724308119
382485876
734938734
65455943
462318980
360542036
500548715
311843187
419844216
702753825
869082429
375512782
825462434
438539722
242777663
30908396
113004048
819033617
645358919
925605068
842636824
255307238
550743913
98085287
451585827
86753853
13971433
235987295
292738024
709324279
917447263
655541178
796843680
463672803
315746324
739521268
680073357
254336856
814661750
803579721
772979485
828336263
154004891
686627919
360903886
342026275
759201589
45439173
605166185
374755768
101010731
93352676
412543229
108522928
430425051
461013409
191185466
5383365
903134893
189606132
284761645
529920673
249038654
861343923
164552796
446424337
457438675
590710727
359077320
279551277
362080355
554013590
735487171
657232267
454677181
120890435
730060741
722051224
858850592
303694443
329173673
363278257
694469425
314779535
405066395
54321374
387935239
373663531
645580466
858592626
208607745
119716709
557624017
28941461
256571720
909804458
314360892
752948067
400814069
692188525
563934789
540418580
331892205
625427142
255044281
690614831
110505595
519488348
611702675
622591570
820259498
33844612
369396824
688051025
678303351
828322108
141252583
369046862
67158521
365003643
436395436
920017303
170040184
549390747
888530297
648345896
761770582
862057959
661550190
109862613
726542831
382598804
6108987
162590244
747394248
194526972
548048184
868583708
52949483
859398635
888335581
222543540
410434094
184388286
554556313
396939155
76734561
306049739
50557363
146716618
620862280
282250296
297758627
78335313
791406014
411685767
824027927
86262437
82890919
459932739
850641809
863552055
667877179
478334227
531580206
907958804
332802541
528745767
151496874
324728586
596557668
559982020
157897554
725591641
576614247
523170626
503953876
741271373
658110351
895590291
259308461
742437867
50082510
283023265
146718356
149661061
763665371
467445182
666571733
523919420
58474483
879637001
510090667
435231553
692231254
201668127
652863889
868300840
880546207
65091591
441841744
144038782
472861771
328128199
786846630
360228432
240005716
95323684
58208023
498724686
305092710
277736803
236343883
704816388
432321090
23346471
320236366
592804823
832464896
141574768
166199432
40085817
877844824
186588899
10063460
16291920
614539037
859771138
251203047
736190579
582628109
174841998
228388704
843903501
154586420
150595199
708833018
358461488
87088580
114973426
259409965
42132716
436417908
38235878
882780899
169649172
723518851
803602431
826120489
70110876
399753165
436698834
585823550
301935766
495429335
541071052
795106666
789596541
750834714
823701966
181921416
692768955
192357787
193094499
775646713
312099659
320605972
448079333
717081407
902898363
375620965
8321556
58204575
57688334
806110936
358246494
148469662
110992001
328455805
673913835
60015904
683290988
146624900
299915448
229235671
666069589
372265486
267545106
651440298
777268257
250036605
399985399
695289170
648043188
432451616
569540655
143216683
652232300
845336366
239187552
145170538
468927568
328334625
299679196
218705443
464673923
501935313
2791804
560658071
534012561
153772448
340379665
138852273
743605330
366180666
463727048
248205137
159544310
713762395
260086939
36645257
442594717
298472082
461912880
315016474
121343623
334319669
312651201
196020534
345878965
899895541
354626939
323337488
186572368
140518942
929381367
437019211
90874336
157328428
471121956
253129551
712984128
461635200
187337403
810471824
300332325
919140894
157123613
236845867
491590670
507955547
131533337
704223050
256709081
185429163
497078523
557709535
722730402
490336990
754751357
478795614
905548292
462967687
267630143
699708230
288034136
232557562
1556192
539896041
73016698
665331759
689691778
505990914
562558799
746061972
108125040
233371392
822152364
925113244
385687999
909301549
717119468
221134964
721856312
557777660
56544298
440466789
685908823
586180068
180992861
186493546
452964285
340956236
467116270
265839294
911172005
672131530
653828205
390775951
97929884
600014848
726902471
277038034
44963293
919922471
499897698
877437814
54327334
442403831
747609420
134552930
675031629
595987602
727051346
893943564
464082048
40306275
577834268
862240683
132653642
576364863
909446803
671867366
545434912
690315959
218308128
148670417
756944121
28720819
247076021
257199298
164086348
706555172
312037035
522468034
496862662
182761677
696079319
200336359
828122445
764582961
862765529
490734352
229419742
357441316
769466318
462623593
566029197
699335129
452308680
717207164
852618706
612192710
5021293
29663399
52872738
864827156
237877987
795575572
77376779
912825451
918933246
167924739
7974465
751681202
704156939
236591399
500532969
676324010
633066091
154235173
440739899
892236668
114805943
654278656
656386870
553276341
209317248
33277738
158495038
835706445
745581347
492908795
877450455
238473417
343058146
874959503
932150508
417683617
143900701
263275442
294653809
195438712
279613011
707259694
640563528
77629396
421206915
802209280
153708406
155224404
901773110
446457563
689570299
511552053
608244790
893549429
850692613
4225575
590449797
147034811
751238482
381639182
262310952
229895968
440296406
282186389
191337524
54059352
681938586
615270095
790359579
924568924
255449793
663486992
188779449
220754905
138603952
210684521
504395471
450776837
575621695
675310429
735792759
727012179
555462380
281446267
686977628
792214658
280344215
474995339
925285631
681884890
467283695
772830644
599724736
241630628
584569498
224682972
321550980
22875739
726255938
332939804
58498192
769577132
515454209
323418297
465124480
260894774
133338250
51746416
272788727
931599170
584800733
375404418
611509894
783860936
435271982
927004220
865828166
319970853
812991529
794003081
801346009
197252851
171433133
745398835
219951049
751344263
247098574
226311351
648229736
390663123
719693089
642127353
896498465
693125614
17032984
694319219
84911461
753167108
554619000
281445554
46790870
400486918
358206692
874531727
908207604
378418001
858766279
458987611
171202893
917437587
191805871
19340491
669281866
264103320
298155724
900896499
634566248
629611042
49614281
561300427
161467194
129929934
392461835
393381335
278420331
153746845
657370279
220826474
256678386
347692130
82609721
704295478
59870686
219445078
140572791
85476105
817401065
456239724
907815997
98303825
584809753
247678666
225669147
283780070
836832869
759177536
210565001
567151813
508817817
498266826
835776525
189748698
917186600
912932234
547293595
641418605
855589304
379260922
442493336
306858115
498884950
68142500
486445702
117620023
155008478
616909301
63266395
734519659
641519300
345522813
291754158
102441425
646747905
102441197
8860786
805985681
191038128
180631956
461267733
791429648
907034677
300711475
278058814
322480069
314655308
839254880
576219193
297127946
896391211
294643429
457719659
452630893
476739701
80794029
289859869
406495974
546912555
776354518
237188077
574214818
245102305
577556944
212351369
529445141
441740967
844106260
566338147
749321325
849756103
14254637
614288320
610744052
317321979
357075619
812119026
438248883
859455634
298240026
138073645
614109794
77993333
172828803
290310392
893764474
802885591
768242161
424596489
513505907
884364369
661461822
41489208
690904066
180267531
484848114
423960644
343094572
24219149
872720294
104630604
761134299
776210953
82345204
56488177
422011498
70333467
522637943
244911774
669099988
167528657
59623075
615549592
623629034
782048789
810823019
294299377
869311898
436752206
338326495
788666839
647502826
300320666
761081553
896907803
671458990
753714784
895279854
790455715
665755183
358208238
92296283
153704958
744466913
138272976
545178723
763489762
75581659
303236618
766792756
431505098
686178525
121074568
61107277
250801935
575946241
600644984
425307925
830434911
876297432
563287269
34356726
370644069
491245188
303998228
710129566
712357639
645269627
221690166
159129871
169733399
275071952
703558979
667520350
172321138
107685251
706031008
718177437
174076304
419355306
390893822
381372778
490246683
587103626
893037769
460031110
507472996
25935903
550210497
3469102
154971326
80963054
433964331
378820415
424012561
553942126
832802286
118419013
589425500
715649233
759506780
103121110
867891615
34148392
54108379
698768530
113910422
841297206
316675311
60766866
127336765
885109002
420471120
347713187
398050424
127602925
582733782
143397748
522773345
623141083
858972837
30362681
446061243
161038553
614796081
27464003
406948804
173588633
724432055
776294997
159600051
135930243
903414905
566500006
158404010
118831753
408322279
433342322
15665910
312438531
183989696
922963021
280299324
710082396
89580211
676376656
249741883
929136313
699574675
413586755
741200793
210970820
492960337
562250799
725749089
578060360
312908098
286273700
270072817
46146000
435652711
719001179
801866644
675766255
917084314
683657599
548594452
507243228
645754157
417737307
495524360
551553071
56951682
260326325
882145274
886717079
387279201
704719860
853967959
875703115
93141383
808558964
418541668
304565619
520084733
459264889
44628598
605427595
402732244
347550884
557971837
797902485
436582927
609229650
823148550
748993361
755579172
531982187
239360105
545169261
518982177
518153369
578460998
667978927
94457880
567642039
663511623
246996519
120750629
66146394
304498242
823016677
907926021
304681558
268828027
237620189
371313110
316083415
51744359
310414288
429506256
404955503
528300839
303879108
638323639
796602558
313886239
90954188
76081529
704185674
598487060
655841190
274208619
260441989
469738595
859950383
313583326
866306374
216702540
358709698
542423435
377758156
400555541
694348223
44136925
143697507
599973158
653134438
346159951
591809119
236817635
455182475
650307024
258350435
734201541
185336030
267368413
266296765
262102515
791222334
890010157
784398685
512963001
777889112
656236854
151859906
134721276
473677466
574956849
396681078
619751096
12526508
499590126
829070678
827984603
643251845
83400016
147934431
129421863
898700006
311467740
489059937
474267204
459613442
446379084
284023964
392327779
488447273
535073343
331852532
899194413
698337120
828523532
607069475
879730663
124338016
37813690
142870256
225257686
451527598
564797125
389757252
890336594
152973313
555354034
833070903
246138540
425385889
717388023
452203177
435790782
254104070
86577653
240222690
185114732
133663615
728274081
918454049
99391671
391554615
170559977
408865953
521547408
614123565
855059127
926765065
601634388
24785822
739469582
411349355
503725168
647645671
835396577
793549111
885873311
665867159
238878392
313598642
126840070
392127985
13405895
497244604
114821183
647806075
764371198
300864882
367809592
496573139
657684624
63566126
234766305
800067857
51581676
165006724
821680025
720966657
884054065
247708153
315759413
315784334
569280586
122656266
8415179
428483686
182424611
217309238
276002384
416138887
371463944
736761991
906300487
459915622
509625985
855113875
872644834
260678118
181503659
635809889
602048378
798134481
523606084
859679240
233244025
753281983
250590232
616549512
126400256
72920156
487679650
764554577
791396424
130731530
487585617
430525027
782466337
448487692
145335643
68941205
426747423
768988480
716676063
275576001
722158370
711440494
586647426
694041430
157225232
272417248
895677221
552886095
182092380
532392151
613832259
471151991
405589758
932869514
257530300
557149945
80153478
691291501
577545238
222415403
826209838
499982497
806350818
64532715
819816527
932999841
446823484
347245119
590297635
273667910
495840632
744001713
818597484
496848135
179641656
310186815
821679543
614971600
509124589
846292938
623345852
587904798
100628469
602979534
449964115
138382482
737426529
899391089
137227059
471405620
651122680
892184654
692865914
168368789
184894037
881553975
644867891
226337667
236612342
562206277
348354602
630712418
918316848
616181281
444230646
571408297
696768196
747040960
411874543
504907265
634479979
282627800
558460971
115116524
124465047
564289717
320158152
252359975
583163884
762321242
506996525
388902649
680321083
178113072
397641269
64772564
9400967
905085181
738655491
149159829
543631344
749113482
355363419
318993356
319596356
644771735
268780053
769131159
642583435
881449952
506044437
494427235
225645128
331487457
913467833
211777168
114981352
306070697
590533117
453622097
752050311
442405656
894999074
108209894
474420537
851968310
766796126
503527964
484399543
446700199
449337955
618023869
447372627
792637646
257113003
488607883
588345200
381590749
674581959
45980726
447060191
145714768
845462982
273583692
31862060
723049212
664384499
207286145
541535721
29247715
120878885
910335312
431892980
826893841
543523733
735275368
123240523
437729074
842226006
566302282
271036089
676693749
815339634
282904418
907766537
648141216
65664200
243862921
757006231
784822936
551556214
146677145
391010865
108678870
769162996
97130319
621394684
367547158
252736343
401101058
67124043
385453315
809979773
447387943
241354015
101316614
360435475
169215046
61348633
123131749
579408389
802441837
831906520
382245920
627662478
930418104
148347774
668986045
635254963
76171765
189778095
553531637
269481143
917965096
76076232
290160348
473860224
311173284
878668937
338921320
781268753
259085971
604232144
805968652
639429921
898234589
506149073
552652918
336606755
841084205
762079213
145756325
507775129
232622209
541794867
65182008
424205828
169478728
136647315
12998385
188089618
245061750
129839859
255914812
170720721
822628875
712747117
555686035
296100763
704320172
505010380
434429570
601491454
305911900
411879202
772321120
180583900
480551653
251365165
42655321
382496215
800289446
800481261
448363406
483737836
453622118
897629407
163241551
815809882
81048602
853228900
873250341
39639289
577058461
246207905
471331438
364483744
645182950
518542483
495947106
753335606
244183462
55523596
753646449
89006574
381878341
254078699
715279954
330826061
193579340
875318367
613634900
23701833
182142898
360477272
160487541
43061627
323250000
161528269
635628136
114594687
57510406
722095898
403211286
626750521
332125965
196731802
123545342
41062010
567967872
890568167
312574907
161369508
752708180
391954440
142476363
698292284
819503846
357328354
560684741
187215778
809560240
60814045
817482746
491551006
504620792
261967488
258346394
764883034
638224561
569378436
420962324
44277929
332423159
340639347
809960165
696150013
50804791
512856691
760634759
221361757
828246471
550737275
905403310
26401749
510084194
500247839
29179252
44801920
110813532
435694965
462293001
929311629
29840046
392080546
295594895
529691145
801373465
612930035
666898990
597361864
178631867
286758372
400059527
329434200
837362617
137529808
332349616
187211925
523319652
536803606
125698501
378396074
333410311
795160330
567281428
835626880
860419142
302440993
146590349
636807554
900511753
921654298
715392183
845981165
428195308
451530240
30258384
359412119
158851576
104455017
576159837
814046767
748228353
705281503
790932727
291952788
839663234
230123672
440389372
271131555
42147623
735341964
775761363
18357813
374797746
402297631
739378135
2944190
690275357
491010577
771216047
37584009
371826804
812316960
632207586
679667948
285586480
709274331
570679170
3453208
666653604
123260805
372251718
181260935
570787991
652322461
242239804
584346069
211757249
27628989
370334570
84857730
856495012
559982315
353355991
142654273
463049676
452615463
513095505
504604223
494128268
360187859
261985095
752630694
527523658
126208984
163897937
766856191
712921250
918174752
638608766
842955840
685377690
245756659
642499219
836684615
458354742
590867127
119380655
579455455
243573299
180183039
321628726
60259430
194317360
764774741
326893061
538193277
812928719
633913640
594180491
120066447
356387103
476279687
550160819
869819978
427672408
469667356
344829928
154391573
779252746
224567123
546727733
228268300
360054947
482339253
50481785
864430360
484042469
74219177
414988488
336014528
567123915
405474303
200841183
318311249
350204205
932544691
181183386
658888886
67953597
910093595
149919599
745450663
779176321
244202435
52107104
602817642
123675374
51714124
848274736
680155888
914789874
706416493
308275553
87556545
617998798
240665667
325150006
114583526
841541796
292108905
841193962
33404321
410075498
87454668
338622516
883476888
289968850
597162655
792075416
605384824
658331058
690333372
19752902
33928983
879501912
94109606
511009894
369445655
827972094
696000720
724828049
314408344
248907974
123953970
690432776
858571153
176146818
742292799
70608253
22297632
380694847
481420366
211519915
31129923
155847858
856342576
132378647
859102451
415732885
99422359
184657630
269439380
859287928
896862708
827606485
194638117
89345875
653892551
328517570
45987556
661154215
336180207
21517942
343407609
171547848
266978738
139345495
886234992
382883450
109050733
746652277
139752302
804871287
851538124
551763477
600911888
811544179
775332159
333463420
104147063
433278889
390343103
108034643
554321370
125573542
123599949
626505080
379286485
888432436
644254010
607200239
289863621
264374522
560931553
685975848
409270003
770371589
176599980
895981342
930900152
694385267
660017927
591262809
339347522
342678828
248766597
469538134
572480310
855248347
228240749
288054308
92423485
899340520
137281774
94599877
80600577
837086572
470622251
798442766
551179560
194555061
457762339
722468201
465576423
603244585
580190901
543495363
106494404
788352845
589023568
494313500
905693692
341353755
337251063
871386846
780707544
500999983
741288713
296874253
586535457
262667524
282137520
600981505
894541759
322480412
199202111
379112025
213753927
476268936
725326920
299590455
459016230
18266288
637567099
665127254
242979804
810645910
380494052
207246979
622061872
461991221
345867863
636814253
161161432
211695565
564770539
631873964
464714137
805915683
353123218
30124171
212489902
69156593
918069919
72596800
484378332
86065874
305164023
834083114
166167230
465852
139544643
530949625
655177106
584040585
117796731
37680638
773252690
378835321
433668209
211764984
473254421
475476817
202396243
390337079
32872772
386205154
164147777
584001701
499471665
549827224
152270476
56754127
599732120
837127200
123420642
821109604
50477114
332481559
793481765
205964413
806624519
462900204
440603170
212772942
332847629
749568054
239264356
3804025
38734843
78949716
620991803
842099668
104443158
636187218
704434870
409644496
128710609
583335816
833054668
432357345
540818276
851116419
849028844
674790009
774707478
544717989
125600680
40630600
178470304
279515943
622980206
440928534
140365427
712633119
397290957
574870687
827126556
909088967
424599637
901381403
321643676
467943389
325402660
414952735
567294781
842810246
789027810
289186688
182540953
235801543
470819232
438035701
784773953
755107636
711049359
701912782
714232234
814188443
860497101
641759729
270474817
155849174
489947691
571364802
822933248
724740050
255133288
535903543
584022341
438107553
172423078
225330230
363374449
815272207
493500582
514621635
198738614
86876273
202814774
717839338
10918523
179860991
115208796
412181093
512362487
673674310
912843460
736980699
521471328
41903473
157762207
451882342
627719473
7182450
584354585
527118973
49958411
397188489
585534364
688535853
502199412
260646391
146179881
189277754
871973685
565211235
913751677
538961684
399988403
281624529
527088121
590295481
234617751
366825213
309171664
549388074
568113107
704150606
684922349
11699724
922070004
438008180
300063732
282955513
709483826
83887538
73415578
374641229
413412988
682076585
384747514
831038159
722976855
759986834
632932304
918106255
785339678
52758296
903850490
518654256
544132904
467196952
664439728
464202012
707316346
910833413
556576235
49297929
543589720
239031140
683270299
123933775
513266085
242701742
670588023
710229010
915749622
326041291
94883508
809836461
685374731
419744974
352822500
382510736
924068128
198064323
478155047
788144508
651443181
814666386
273342748
473098222
72101361
171744193
114081325
616714689
232309476
113556331
910463437
686431891
41374687
607488858
714193921
139652094
141324123
242001333
381759020
758736737
646416237
121237242
158092332
192767642
385809738
605260555
765645473
691345786
89036330
123764150
383133557
69262239
634492956
57974219
355915190
225772250
328448505
119377262
908568503
124860951
394064821
616433996
96267638
861300110
897123130
869629356
446258113
470438266
623637017
917853771
601600642
813666685
924974133
478642397
877995661
583780545
705628905
251958608
368508335
635972634
694814408
720392367
420178886
311073210
540003330
29897250
205538638
508267817
180198303
248646525
297224288
167016294
150795938
225156549
52224844
557123639
694337073
643214400
575888981
781566470
759428138
870061728
451921140
421155162
734663976
108084281
55328393
693063881
561862782
822047616
194918719
501626795
904869676
325108631
313984097
258178052
219448941
226501615
834468119
277159113
354986743
400577297
506780698
853272014
739515867
276745782
749635715
666968143
198517120
757773992
797910064
208362329
59464294
714391688
930580846
354937036
308582811
421782611
64245485
546133331
732965569
792197458
792341600
744973536
664910010
758177544
524244668
182888317
788303529
817855650
634151150
899736320
331680085
557555491
502132028
347312828
270175177
774087097
113303470
918882865
279108873
512364182
600621323
614376450
163945510
908282799
325863396
22178132
245878863
536371159
293823339
144746568
914218364
324724885
377511520
646002647
676335952
574160839
821296140
110444712
43623397
568797000
158642647
41678195
805687543
788840276
84084791
668350111
560543752
344736872
496251509
833428794
753758641
932874968
799996655
844450530
300236044
739637494
518752072
402507124
196725576
734895004
132350367
818436440
263620883
207597965
849019457
538010685
717290505
726419657
336349555
723425467
926127444
228160201
561919086
270361082
355812350
213235936
768652983
144118858
1219000
903901999
370808373
606648939
215722877
626045850
5081223
635815075
550408686
831475876
320798975
684184469
189038400
813487153
16765246
326263548
633496576
7560130
307321196
11239633
99422441
920609879
733412234
363614292
674987535
839811096
386896123
303129847
913109567
594114776
612473279
767102705
720087060
871855942
783922042
491912151
388937754
486423575
281855512
330234121
355314057
143142150
194913453
324965178
216606022
572163404
408068524
276657101
886245877
202980518
458409581
700733788
433115935
750923042
119095586
895556279
500185419
907447485
184073044
450089733
475489433
855664849
879886057
467850256
369136771
59241339
229955925
145025413
631768401
896593649
395917299
797325136
537130411
313435127
734690437
41040050
250464753
604623374
41548427
720333386
624021831
603366260
730120032
325401279
833543655
745377271
364801755
230093108
284745456
713747500
144333595
213851373
791879393
248648375
367757301
917386278
176293547
826105857
606099637
758086530
672787122
17394441
441275389
816922552
137127714
673300307
344023670
585879416
375412185
120644482
785272165
331841280
910079448
635515897
19435639
226402175
712515523
382201924
467881575
247196734
256293057
635083752
639584368
713937340
477711394
323670855
209714429
740405792
486862717
730996582
692373301
313535275
148255494
126933408
377946655
731029451
299917415
35695981
75272176
824176444
812274388
14529808
792845074
355692680
783997122
11357281
398726453
7519111
53748313
162934155
24421169
824337563
895942473
414099827
616288367
793483530
722682252
144515051
590152827
183419403
99351003
394006493
533108633
427084692
244312648
287758304
10972152
432460484
925593593
620550763
921409826
908525411
263241925
152249642
75232612
334962216
780374767
172173688
437683656
256608860
663293234
843376699
635999917
21570534
1346217
757956038
917860642
664763779
789973893
185111475
381425157
618001784
189436739
463161947
374545273
274256712
299217587
791114906
264657782
801178513
546775940
488075808
596261327
834698151
651747769
423066190
408586450
194561055
187079584
679324881
212933063
143828478
268495770
427542348
842202204
328017666
77067234
851959176
284796249
871594716
891330877
297357506
524597092
404970539
653043667
479400508
335668202
866742045
82507336
506625748
302949540
332234009
768674772
612039886
172605123
909208682
62579201
845405391
148784713
804534226
167089702
791888529
110738195
124711872
330123323
471460805
121725276
526091176
486627226
901643152
150268191
699755130
36193137
539886647
347821840
197215682
434154482
846469076
343501391
153828925
251694107
135634887
225992164
461885877
796365033
929083559
453047479
479193901
117460818
407086300
492495107
118446482
537682291
434418023
843619453
316650917
900001243
126094748
810990805
886551555
791456140
515983412
186256814
379409586
398016849
643716845
710804719
357876695
475943558
408606040
907688831
810852642
290133250
829721268
889951585
259638375
567277409
73792395
377432715
925893647
704825767
737781775
404038193
196422888
617718609
869195689
637460875
861426091
835275882
438375614
709349147
97795120
55869247
959335
669265229
247031947
437009154
160223909
892464501
500691384
913927484
257194915
700939649
85868202
626164020
398877445
446629880
817949102
210623837
920754991
308686602
478582106
118464012
34968841
287770306
123891437
7864912
397131942
143897402
687361200
407737141
482469813
876984620
735144683
180273534
279925788
435882173
561336260
124397922
126301902
867539551
752739822
921351019
310435386
492489372
551589756
808860580
83898059
27285123
400796649
149472783
745906432
60154767
86146459
422246867
386251395
156258376
534753197
728442705
296318445
589029730
835716821
644074043
483446039
653864424
843856199
358849894
492211990
138933465
255809376
100939559
926069041
40605678
902618645
911425720
463334019
533571904
331817828
447206907
662371043
579846038
750341504
855058956
888836407
813496100
566980561
933063029
333768488
378470028
97614828
334358750
2952539
729774654
472844502
919442257
827161804
561521626
422574650
519517111
510281787
286377008
42141885
478171750
816465452
886907031
480775308
663701261
582699263
297011440
513804589
608351327
834338849
21398653
201844072
599738973
184105668
771610129
572404136
353083474
304434058
894958878
711608065
446166131
746738850
718669228
394995119
651961368
916665610
155159737
276682690
80522367
705074561
412004621
440396285
411479643
340521920
856372489
100008045
440659693
182462613
502432883
927651454
914280794
508472722
930131952
553777363
707379275
929284872
250506541
88903380
750928900
166716423
99417833
284726029
648089548
603375435
684325090
567871481
916785647
615170904
12232385
673392294
268148190
815949378
814503507
434986340
903801463
694171111
297330894
388205303
633711161
82155185
467492933
475664079
544792510
125335941
210843633
274422341
886278623
801577880
441598539
342548062
562372623
530149375
797474994
803683627
888183062
305625417
291922825
85973321
594922360
878084166
213807742
760878218
32888134
113308748
872807728
315209327
310228679
520652563
415398021
396049572
427284180
511197692
668455945
721304335
541670869
413419372
209443577
327648199
59228939
128916873
121481721
448516495
784635574
814846562
289514527
181372437
816490844
369736069
568678606
321430358
208261144
662770234
369285877
696121542
899924820
250307210
402416940
120052114
342949436
491630266
80997799
651436870
38487179
702256234
926024826
698399610
707868539
46314053
770681048
519932652
524093406
277674465
336002284
706556669
158060627
27573026
868570855
553585535
362193600
852577936
487097666
749785119
830747130
461983759
570289787
168647970
160784916
426365462
258094308
930903163
343715362
661978629
130058005
313746832
873698137
91176622
589658345
631100237
626617260
97746792
57912493
402517163
906655092
779264105
868018612
701577342
744732938
783960968
110768510
646885231
531209324
553494312
454889259
16986411
881208369
458339538
154155518
909789838
894100526
564675290
602154312
45067189
119242645
140448841
306199686
287551518
126779075
440528553
212032380
533842657
64610797
518714144
43254550
69193577
416641047
482432042
643492705
37790267
510664270
692683292
886642979
355989374
800422918
89262969
45940049
91631596
614334800
103920186
836862771
829701963
395268875
908225579
115887158
340125482
885921257
514217320
709485882
216074017
220474074
682931178
78355215
466939924
619312523
759470600
808893299
710437266
441910180
540645458
496230014
286600523
142139020
447170645
56804277
701257114
100494909
117687400
64966193
641639246
286133856
576718257
143875772
154987323
83978551
178464946
180884538
324860117
520638110
558320530
285314568
22279183
68093016
844118127
583561029
490045771
673683839
102805610
629116658
858686378
855830859
386781062
86621273
65617751
649897304
502708360
49318879
815919193
30668769
722352767
332225009
564484449
749307450
875376171
496496089
809447102
106113470
644597415
659151967
196661654
736659120
620744855
216349263
865258103
88314052
646265595
814191543
562963004
638685932
418453879
231768911
875975284
767727414
884570896
193874453
718010445
566906843
345580961
727884779
735818855
539382521
215159339
895148520
846923291
543408366
827645781
650946238
191033123
303381983
357647259
438984777
567368025
24542683
264278231
597707756
159177435
523403765
35231950
48104313
626658768
540440623
218392251
516458915
96417506
142808169
775120840
628138067
923718351
712578354
871723006
169339924
680303343
486693100
147607489
264245118
185471931
697082919
46789550
181554338
650154338
13578837
726816684
197034946
579766749
120124556
593055304
801539032
582274211
450133360
27376910
708256582
97945629
834305076
919892986
923538142
15635463
319582673
254224811
678313741
202311153
687780508
115475760
166410950
614898257
738151173
214899462
87346387
415833240
328121002
726703306
355675461
293139537
521184742
343208695
625834077
281233783
823833869
114103375
731010898
353589575
925656137
303225169
186312683
682357007
152419187
413191227
694706580
929033320
818976298
469679705
64660520
405019126
227591987
264512507
727814259
685259128
663175849
460130371
422645516
553550628
574596265
746110846
127152978
616774140
88146547
125440406
824985080
893210504
833693307
160877454
409348242
889828798
497127963
346065349
603181856
874123456
599885967
188894212
640160892
55073195
906074861
658481477
2423995
394756727
146504480
566443136
409382939
215018973
478077639
46295152
72395463
917100172
143975624
111814709
757325956
510207138
455857239
378918673
29698169
40304
132905367
417674233
574867415
860565832
490098343
49356029
7138846
707729535
929349423
88579202
424050563
130002985
538403992
841204248
59474723
449686327
732552757
226366855
33750449
778271787
500190538
153539967
22938703
236459281
369174815
413835147
58632362
207305514
914774096
751856838
845511093
75933953
212688067
340679802
814070633
790630331
40247718
618718388
682025333
666296797
733905954
95365386
774768066
33127599
398867694
191086997
339525584
519542733
301224381
705179211
926144105
817737596
161170183
54399479
814760148
678591573
396599749
835776183
158304067
617810374
374829136
357045584
779094128
906034308
880717470
767931447
543452020
68034414
916040675
411917866
236305238
760997229
64445637
759764244
899688881
45725134
506543307
671187516
523268986
398083941
918063066
793650930
558745072
26375650
192275115
506564564
233280650
777007139
688995620
177289930
106769712
641141788
699559172
712334483
919936669
133623249
253083051
105833723
543244036
620280454
733616004
781764403
82521804
498299306
574148416
101398868
117349085
509063958
29142093
715952726
738584329
810487260
182875439
703957647
423322228
271544808
847123110
884341710
475025890
216663002
503392643
69096214
811969478
197814774
281658150
740570711
284822137
354877273
319752021
233647497
321013727
526698354
491419605
313285642
902706344
588951033
201562155
678066504
241361530
39889727
54983278
172564007
612699497
763252684
34625580
782069589
302226513
512509138
158724417
753092017
646971238
129325374
791813916
803799241
478712657
19243584
229641306
453650968
77671991
172203290
9450760
610402971
670738597
264697379
814603644
263862778
451517071
254192299
527769621
296719120
700702431
163414625
642670375
614644273
774058792
563105726
572210191
653266267
350216998
436288970
584504396
668855989
276689816
559152896
574209151
441278915
468965601
821559117
738070831
392139144
414789953
903523308
529758868
389802838
121059339
737333067
331923953
184672369
37482689
443243606
792793030
147792430
562697008
770394738
759741198
39363844
587801021
305816347
369529512
370297725
865360667
603012489
16144578
693322603
236911243
882010672
253677128
549788977
703295211
44438630
703298504
334270470
547908446
635832331
918346443
124546875
817249968
27260329
171746469
864867279
596085421
908878729
382417972
399665205
614587468
55269638
847138645
196245390
351269032
872393224
766122330
881932461
454959551
409800183
883695657
892583026
177064377
629890456
379827988
258143304
639332789
853549098
708421640
148993756
46397261
221354194
231939447
722111189
687502907
654996564
902335820
857195790
802755197
712529266
492447868
656942358
325759033
827523050
258191870
729040833
692657328
304453673
527740674
56363551
272684365
829836118
675683722
768586362
839119999
381122072
326630016
432286807
509232677
444722683
322595702
230232604
355371655
213321131
647391819
849252252
277310885
305956629
662833774
225235841
295006859
227304354
137185811
713115102
704785730
124533296
484817513
822216523
817850223
801916326
794185457
587860308
80816522
484021172
259408523
512739088
559546077
184160888
19919126
333163465
216341169
325749584
453043085
630785962
923488032
36395280
29399591
646612691
678727919
433138451
104636907
37315066
778713997
86323287
523150448
929891998
763671971
76973116
629328885
838616981
301212585
697273168
531301152
137465807
335046947
164379133
919299607
525601420
565479168
523319376
784183347
434604323
364037460
666704139
5676757
932390401
612192352
932923455
104324604
263717870
513990617
901220116
147263405
166622355
518006023
171447805
841451479
298426701
170827220
431688135
220342588
439968950
104326505
252728168
769667428
918384403
527811098
63703332
415471944
676559616
919248577
260089875
915767891
678216260
601926238
765757090
618954204
285362209
140560844
111756124
510391755
925661013
774845092
904180879
8436955
364629542
659071105
374589590
164556339
106032299
307745525
108448446
658491154
854666175
766039780
519031296
418885319
882111774
370849012
777909194
715658247
201580244
122888243
891335606
46271311
826556746
686261986
510419426
200856481
146814347
91372713
126360945
768272222
711104082
41583967
247604635
714339519
313669952
582610171
35465382
214954320
845343553
745480289
156887932
520782056
346599752
63346264
104843332
806118062
46384106
612778383
395249391
144351694
316354609
806081590
704866596
856071384
94930412
860879057
680237480
399929914
718718002
914344402
687607737
798226956
369316941
297915500
685446860
489634812
758915389
110789377
666470254
813270508
563504034
875887797
240258952
169132636
113171792
557410431
539375794
430003215
128678998
569878146
787352080
438905372
837698205
261781297
697616641
184731392
905223446
68358008
519967195
363366780
721076222
492116415
847294953
111235992
678125726
461543386
573137172
885254470
706987496
492055736
464642106
903568623
314344447
726579391
132483716
779828216
116370242
902346225
558684500
466556535
259311088
913033833
536311883
195300802
498359424
398148933
539719168
625413975
86304802
536314245
132486738
828633266
466257569
508532617
524650844
793642550
747031421
740884599
905665369
436162151
816375426
495311358
76124916
163653436
197844689
215961746
67262930
150844245
459426802
758319009
9483607
202360796
895818309
394265914
366512064
73919385
359799641
169915587
748398103
175122257
529877058
281698100
199457618
419358426
655505905
820357078
225920801
447510307
903997672
657120901
851938339
213513325
467128763
275753296
401649986
244309489
732224382
882485443
708931760
522907570
189286730
645290039
897513139
65065701
115236090
385536579
246176130
550750484
115233879
799541531
246673820
886237663
206848993
165725711
482538591
395135919
264072505
436511303
834279035
306804465
562126991
113230289
373589795
59962007
91989012
126343578
683806847
100137542
781160085
894255114
775624583
461933024
912118799
774204349
380244363
837002828
661641550
354113692
617578732
852591776
200544698
458121667
842580558
36068822
141934653
608227106
95315532
183961544
877802590
748249418
23935681
469902933
494387009
702983062
866084743
624838386
801532502
169555191
746967680
18707401
684992109
533758071
289113477
254116629
392218849
259298023
429788635
67262131
40280864
492631614
623416128
708659050
253831437
806756388
236045939
632770004
283571155
908475870
923259129
124109354
346255685
459498408
76078616
329673423
684228457
264634229
862994756
422502559
70546330
909644216
442113088
913008899
579784927
301389507
160991887
253931695
437062332
231495873
779323607
781776201
532162639
168228392
428607137
312075206
125833766
4314679
577245669
179602765
480262426
638393877
69962252
284714523
569539650
592024018
886547796
156463045
403838464
308634423
295835195
125837742
73081792
804533169
190113696
279508673
185949369
646209825
153714670
837280090
166402666
368488582
688071729
217204766
768769178
34539633
290019964
198956622
836166698
411544881
483477412
174582120
782782642
400106852
618806518
121355422
12456237
704308423
389927558
707812224
76598359
571661720
2436274
490577120
28598282
637038980
700882395
507266975
759843677
537525227
250073447
511092643
614406563
233549209
169309693
259190078
870251285
490826454
368264632
437187258
348548981
177341387
825516215
135555713
685171281
166355745
437689213
46608222
59756490
458881609
254014782
557867492
226920915
291125964
854234108
219904792
130481949
198363552
911886814
915840737
868662470
855899321
280231097
895917966
496561139
170447126
361859926
305818896
860402375
809758301
66731955
608133008
878310766
753416963
591137385
397324903
554170319
122572910
468530044
18130597
204536225
26201073
838899271
747566381
477843341
390491517
663464873
549605095
731841277
803179417
853267468
437146282
828974427
569607956
752976888
6573476
607781784
821242495
374934032
388493568
563662827
502632426
888213094
714866690
846143410
383211018
437110596
503916274
726850539
549863659
691189663
567092393
242552867
317557993
555924613
240435575
684811480
591942984
330591133
621562599
617687896
259597504
17667344
518124475
51188290
573044073
410733093
226132352
931524443
276662829
274109723
631066891
549313871
527987488
41279302
790156865
99929836
677469012
476543515
889998824
463803040
104078705
480073802
158824564
223074433
82479052
905208570
445206047
306634265
493318885
58629448
30756112
166196256
422481151
795957943
549192332
678292872
593709923
491957496
289290826
784769824
291272078
350655195
427791532
475847090
196100195
897164988
777283134
759137475
723332267
724553880
99622568
593989608
661252096
687774710
190186614
665364250
873955689
572240791
752426484
155138360
132876738
769428386
466700837
658738977
691597257
498655597
754185947
73609087
189462967
737081530
903024765
705842020
632111215
354175175
762368990
281094249
462733047
329598736
24563034
564255717
497306008
804350815
801980972
808884021
790289946
858909498
578141555
520578546
99106132
723830916
441504382
854046097
582113746
449751746
538108306
335792932
760763127
676153440
232965612
364508244
260009954
61089731
773506813
912673130
556701854
189223012
808733692
742833810
470188489
602802299
704057477
206296555
239456913
466617171
817746548
926697879
245743007
898177756
370553392
64430842
16525700
856280959
741581227
636253375
637272574
51445528
326331421
270179910
788182936
460609732
853910511
483777999
226464782
3779015
631970125
294612054
354175829
542218030
619855667
71333136
696362057
242987207
462532421
640707980
430023102
268533809
314860018
51346453
374294729
238989222
585702345
907379423
274895670
148849835
314331432
271954831
256280546
730220294
549376498
120605993
903092509
343366069
518792274
422948732
763313823
86301709
317091772
465258656
81949088
560470989
409798509
560604668
695531640
682400399
740707388
256371206
204977441
388480224
583804538
344699793
659812970
318045541
630502583
343004142
737801238
762368935
99696768
704424242
631135365
67763837
466806986
881388361
372291580
436419175
398383902
770089819
742155848
608805307
761665353
337583248
33226771
524348989
289816663
97275069
852068088
34446495
701777195
321335987
877847386
135153493
440746316
430519846
815323825
783685326
805188645
774654031
529248496
542408713
709550997
418453113
660883779
487252168
79339950
112487744
887772802
739805017
596918564
406478490
921404103
398973849
399852256
562625049
265091261
437540955
895021812
493947268
518943689
29750605
224092414
59938985
429935703
594402347
763894381
677671386
366068501
59259197
669293456
917156040
462402047
895524235
810724826
156389476
306738284
159231630
577557965
781871157
281699361
19182469
260717732
920491190
133979061
307362551
380343709
553290107
23145472
635737113
256801590
411796270
526641872
184836449
818857155
556175905
645316499
362765986
610446861
30799493
469326803
159580180
173018703
404049246
926412751
343213907
641751627
780511351
72919098
294644548
345777496
285814155
795084406
825882295
582849442
418274123
13225079
541228007
577725145
17748752
395486159
563695694
421549589
918751472
578022280
404064090
879751415
801664097
241427754
449198339
278367084
340522629
26921759
835108089
304563708
143585301
155182205
41622690
930918291
105743351
897227527
603010960
424263318
761123876
319607637
40986041
68935758
585748342
916328862
414339850
46604069
443735577
760559546
527080882
283972327
472705898
545312686
82468622
513753421
671756363
123457515
740178224
800136053
193710094
703706426
806599755
632358584
21395570
246085067
741106196
133028753
19515019
375723388
492103280
818754586
927739493
694672421
662074512
915355167
404362017
352020478
644108022
912523015
798917837
217979746
330060738
398602033
926774058
773803112
112514218
860776289
246089621
348165559
767017735
579772491
442445420
410163717
518301622
711848559
542688317
362801096
201078314
44139213
835995476
715609277
194304140
811215714
337172903
96845338
39748853
909833981
931757447
916466024
339444908
854785592
231603188
425269217
752861965
584226367
914195254
590397729
352455490
762695021
531311906
714573469
327813126
837128938
727171579
53810211
383435318
871857630
751243418
537176315
630645128
923217207
482395043
795630206
362565424
12938248
574460226
30552323
533593461
816128069
16320664
123460865
265110140
825881672
932116289
83685103
742353931
5317652
697398158
138986243
189484432
59449662
164449239
676982517
203313966
178141577
306141735
695474886
54181382
125544731
234800526
844037348
855092753
316920007
791610922
404193181
890510745
526939423
457785916
634705083
922453418
31667581
197196195
384230739
242054318
162528116
917038831
417842816
244182266
802478620
856469980
432582302
843251324
320584586
685230306
366070110
738719516
188828269
251294781
97806484
288343142
225709541
35939903
596269561
645253362
129471123
865302604
923309287
788835376
268815724
14347918
231990304
172080860
231444131
299707873
266324464
634286645
818100096
760666443
567104382
685651591
761543617
779396881
52016478
190917528
452550261
46412794
422216936
107827840
351835927
39778139
493392938
547634791
190392765
381805391
848649140
771242606
563388200
342117729
31008273
338902877
46089847
350737985
128475206
768368414
274373291
701404277
878842614
141105183
590581796
23043594
47040721
11011968
762398077
796949023
168219625
862799885
595371421
461237015
15689407
152949936
533655937
915690921
642519249
886033524
292663589
668184721
435585984
803166487
308893116
674392070
579829881
597765992
699702211
31897478
50958761
176969584
150503449
930097468
141669703
847146905
661270034
363494138
48602280
231497191
882768070
82952621
741326535
8108137
662895650
628438965
710870333
679982986
225683046
802338770
449202404
790556172
402171443
275298043
109216075
122111256
645116550
410613433
253962983
408975691
359469986
510666605
62560846
40082230
923901325
659907746
456892214
208915094
820529995
436793085
303770471
304148052
841130099
514537887
596017611
411942069
518895821
330930253
413290248
695489762
736841519
813344522
342490297
443528324
214267941
276202972
349574254
329586692
419334148
272807930
357645553
534197414
679424497
756801585
210844520
30940535
708242489
400264139
228721152
798859567
756071794
771511559
612361583
565980962
879458654
392832019
746584995
446492276
682662567
500527359
295459102
472148302
154644055
894263958
115822808
175654390
440695419
878347720
537375002
909753750
229287239
745721456
201940938
843200486
546511333
160807717
19786972
427305000
1398007
50643060
771950954
716922378
567404127
685820430
377135461
898723577
640788595
395252925
18547794
392579178
174434846
669020779
714766746
455255539
449098754
607679228
554683313
79305660
835228612
384261710
15892136
401193672
560706877
433739538
382598067
615805662
90123993
377442424
230798697
153762038
294908626
713450134
228357456
163765103
361840701
567954193
254816094
812699470
546730823
902490622
801937370
524687099
53497172
360208738
332144224
362815865
928767633
175070106
429534147
307535103
627752564
760249804
102904819
864725134
757726014
65549890
234310845
868673675
52096700
230607662
805339186
81319659
449810291
416461484
617175909
254353526
475071364
214606036
34812577
337127005
18464925
338587666
345439654
622323568
186719443
691612859
324331014
892243374
13173818
818046112
605845914
774271786
787434155
821743891
493844747
533784363
60949801
481636761
113039209
362114802
682813858
302262376
10969656
30752414
53745465
423335343
429489702
709349657
145151222
883336665
304928762
188282908
893575001
908805176
496769390
209072773
598743884
788419264
895745181
189671377
532913446
314658944
243737947
456066517
203413946
712892744
337389666
111952882
572419081
689095381
308330891
543622357
904560457
235858974
855645392
856593011
826248853
599258038
540177547
678998048
181607138
388321606
558465740
317683323
91859646
55719575
669455554
116510437
39746318
443724932
627442499
511157830
427175321
567520587
856591180
368684238
303793780
139527275
305664053
148715196
616414132
500087314
372603053
730454205
731709380
476612646
495766878
316480054
103617037
587848212
194194887
643754118
617833756
11475362
163775140
285796889
451865567
153904425
590439215
903715795
267300712
534832787
541467282
318504040
654871184
186389345
366152936
105311454
37133760
467451622
419031129
570845024
47331214
852852923
860513837
825551794
527390986
194744069
227935178
67804901
668628941
694087045
520688666
837606575
484520568
337976622
425856758
362220729
332172601
67346732
630838407
516901947
243678667
870917913
430388028
450197538
560009435
241966985
582849644
34885922
15920142
435480251
667307719
252711868
135577351
931055919
718271401
656822776
284792541
25816964
373457537
846935105
628071015
316748332
676849314
701643908
231101178
203143928
850752336
786744520
271439935
30670768
716154287
207236930
735492423
823916527
798866886
930872131
636309112
877868072
555413768
580236743
834428786
178420186
505837591
349569702
135481721
174887697
681346360
33949674
601932024
870408879
238061270
359492699
738400114
859941377
824353622
445618074
55136572
205208879
14283176
231459484
464505271
590008241
473193458
318364889
845022631
700995893
930970873
248984318
929094896
32620876
303306575
247726616
153538021
153115839
652446719
304933553
572267420
778413387
877878721
297700317
797068753
690883058
472369249
368466877
7822749
695527874
843413732
140199230
712950790
372967953
34502381
403313409
88070890
892977732
236355125
882030602
898299806
186072383
920714414
86080498
603213852
834609433
163387937
376009905
51506785
94119362
223202845
593160883
342717916
772188432
632953777
583701523
261223418
231798735
264094174
614810987
596382019
533939543
154521580
527676055
481910772
88683655
587015673
322722045
526118037
187649155
580505049
890201842
182546521
434169334
251231544
556111908
500864104
48150568
227804106
275308514
812079995
569206417
639747227
467936330
357604180
341565212
215777367
916895240
583388736
841161917
213351593
838933917
598492316
731797564
98133348
777352046
443972004
456183303
110094816
65824060
344368930
472355187
618616845
398752926
521735353
734177463
753850548
777109068
208975600
224327657
364336920
289239940
22972554
780646842
33371651
331744403
468950426
221608721
238341385
123299215
163221786
753586746
87100241
329665603
396513530
162140231
591523802
68860997
275476628
553833566
673679219
883784937
877981465
367826042
289335200
315457713
344089004
430433956
552562968
145149413
783496505
357781434
755661351
76038064
748185524
282118044
316099429
321311027
274210075
206044008
296519941
420874937
158739348
15584379
601042261
308417174
769908506
281928486
362274975
600956651
540394041
571786867
504631920
333062766
363798387
374856496
567365446
243485702
269099973
821299464
583100257
788175665
808248415
629225179
717999330
13107745
270492044
580795778
375751876
557380684
533475672
471952927
30038217
138643261
119947856
759376070
479678343
30498157
228204263
183662204
546001840
884306515
893561094
768111096
922795798
249152777
682842821
651847139
13194233
428868324
840420876
464248573
138902134
265958481
785924726
665297487
275611606
718543299
119343398
207854687
823329376
221089018
751684596
599490378
411478859
702249906
240897849
15680596
430463617
828725298
46609799
337907159
604876200
3636270
507470538
661369292
921506894
625559651
739614560
340767195
369330089
200693590
548167643
271601266
644830173
788948086
410531790
261820699
805738686
201600856
571947819
206905054
357171473
896741442
128470022
394842940
626370603
564351070
890927742
271885653
82864535
81010582
325207093
258151526
384647511
662199310
391899838
447046094
28743734
286883840
670439706
174049346
363454679
733034999
642071599
549990386
732425492
200897125
573071826
569062898
167134329
780833674
714073291
91333513
800088114
895538271
504135355
803817421
878585301
364006023
647590377
124742096
230256768
478190991
669939502
534762639
586855662
543368920
438830012
750005337
184852138
402926223
325992447
67068756
847734644
174864206
610488614
162150496
6124792
686309920
351873703
556160239
333439444
823207374
345256198
63681670
277774046
442822050
366695514
496221113
439812036
34697209
858853848
837821421
417727123
255073298
727953789
736006343
329316892
708558927
137008408
803410180
860506648
17965584
118781802
1281555
45342481
192387687
266405561
650320823
224810335
104779764
134452144
870147614
782256995
175336711
808635994
25393863
178878823
435281159
83898243
722685294
174228205
119031070
876935756
482784740
325211443
808828102
192534626
629161738
70173484
137957365
319684554
670032169
447177884
288738643
742348735
170135629
161967277
799413168
409986232
319811277
805426253
765592625
603938001
315542750
197093900
844543618
68170403
96354227
606321160
92279012
914496170
358182890
265809213
126887150
690930148
924178025
343473778
373724617
627029507
460695915
548265308
795477563
621314379
766496375
784709264
136838948
242420931
248193328
704349032
523875268
776438071
446481675
207555374
585650640
379128240
521796367
90962203
370056428
426085857
266840320
589975590
72527092
303087343
763807397
460664360
560319057
437683868
68602541
74675328
328690292
35953713
848098710
508354514
75210966
527987132
881176967
348562851
271917141
187477564
655637277
625330803
563557656
110919482
423636644
683118164
68927062
434722726
813093105
124118848
483713681
700415968
696169423
542937042
567874649
739481794
28913186
685018273
649097982
141706338
616247690
639303166
520549373
865488860
444123025
263690099
534870314
477572263
197152184
299730157
467425417
810523026
442173015
95866301
845511257
353458123
700962456
497118274
479890578
115706243
731475055
514977408
750068648
154343372
855557697
785397430
356094501
408558553
73297304
497228554
185083055
55938056
354527161
766922564
130004925
481042362
709391376
460673926
145020341
619893587
7479755
860556411
122568765
795246744
415822393
530299081
813711150
245777974
600933563
874594127
536696258
178776274
60778889
466691123
332463560
476375797
531293523
764053569
358132096
36230499
297536750
11522277
85862216
302764788
288065152
203212120
61111253
440609239
757505009
642841913
369599316
791988167
32953405
108726558
838758602
228930457
159018258
794770030
87633050
163518048
244143339
735099767
568720330
626721992
486588679
526865098
494595675
159860786
496730401
353868416
266243021
566378877
828726523
445580455
628706754
222749801
45006357
328913547
739514306
617934858
662178790
301035910
525765320
310752066
452539330
605187202
887148163
826481217
471232615
504243019
521659657
807468840
925100604
74264395
225308207
719406831
540961781
209430754
320908638
295793920
705335659
267683807
750442574
678853610
911086240
359301800
330325001
624734681
571379369
932950562
755689054
109015588
714290055
276896174
325442940
522619463
371676510
461997491
572222143
681780743
98170459
33421696
769849810
525737313
742383774
558743405
105957953
587234043
50879705
750879871
242740229
61047841
44081981
40176195
800877860
328450271
862837718
872760189
3140776
902371388
713145264
290830014
353798076
390547238
756386487
375439671
828803344
393374511
62018842
520360618
392164400
693270056
38581442
794900077
902283431
854424389
313626986
255624055
592080259
607414400
126235631
885719333
468981580
932991448
100692172
834873249
221703509
404610834
836003891
149914640
516608004
245151878
25418363
233186141
741468822
536741141
323506843
703171089
717804423
95671236
580923808
547688181
72904288
742478262
53604357
101466282
854005313
461290630
673073653
9460303
571728777
789016346
205076721
911326555
874473685
717347810
531951759
899893554
138966193
455444958
720666027
856107638
740401190
390201980
364657336
32428880
226025781
717573211
7032085
922321958
830314437
258593568
634238041
524514619
214262244
55035007
417383965
517683862
261474294
109980290
840571194
901674346
291936047
728537393
207188494
582299984
287132947
430815807
677476579
342153721
468291491
60564015
431814019
104797239
667861997
927512245
419640218
11564137
877498725
648200441
626326973
799764657
545069027
266713136
349993945
735713660
536479176
260121618
48774473
106084332
158778587
320030053
889961131
563657054
14315777
591861443
310643948
31665129
815333580
721481111
436052710
921579363
479514025
705546483
728527310
913478600
674765857
795332032
899578806
637058127
689781714
472624349
652249667
756940901
910956292
624876791
881606996
533046660
608119700
246840508
34624720
296066133
729816117
12587034
506954253
562163615
40993551
602889617
263471728
11174871
610479372
908919749
639776871
445326696
382618760
672406318
679972949
680242030
673692488
319882185
530101496
9866310
26043429
557323263
11907146
372587252
469010733
609357867
771726438
630709223
746995689
676823028
452077152
901533310
145433300
450529921
136782934
235632230
920802243
370447765
138034719
377796684
5477697
760725718
548986168
336426415
52049338
872463475
560364401
74497959
203555753
802212013
460465167
505021456
268040763
210618465
24792383
611509957
454497467
495971505
870468411
915820259
272638799
375575773
580744186
49162889
720781558
860103510
436128832
98739320
674772966
350398129
919596256
658207336
476478967
523496931
550489455
882166788
98218023
508389349
530600847
393102067
815316292
672320543
108245850
512888693
848392165
262326154
856140686
698731751
706415063
94112890
469210193
51522662
407738615
796745064
710597440
39046452
61003150
842044398
545988868
641728945
71105554
643007470
891140851
472100392
166974275
475555521
575637670
789560126
505231029
361904539
47487172
6791953
524940993
174682770
314222801
423409673
856018843
427691553
191763349
276548768
414995366
368410452
235747977
138963669
880817749
363338547
492834421
807484522
722782562
601503090
359517452
641854772
317257865
126896869
876581282
804020674
563903343
656676138
362345303
866648123
742973608
553133676
861021657
793217778
916787464
640068976
853811175
812307492
659128982
707841048
189508214
912924165
22269844
122424293
817842898
765362419
817838486
857552301
351506847
214470910
674015799
137442596
788579029
309175197
744288823
113957341
195550262
886529352
914601079
280865677
788260578
930437449
892094663
278155755
377612816
835138826
863148808
160509640
82184910
182275357
600354246
85842093
512321343
809994589
446154626
487592597
782855087
745029423
507808518
365430664
813019735
562394499
160699893
704668054
675375537
202057762
26635732
295592378
394645850
533886026
746050694
288180103
117900995
570092904
659509422
24854028
600526532
317573767
122170377
353290432
399224428
511819434
321187070
906309612
541257663
807974886
820379022
761056785
197114929
259478379
333716920
709902993
421148393
768147892
45490835
512930151
907937410
296039985
180457900
554305688
876521054
504960865
485920626
338605669
796592710
329786819
53816118
550946179
366861392
561793008
462668728
572940976
617192774
416865520
460535635
748451807
542352195
681077610
497160626
363869243
282917185
816877432
802428951
86937233
105992403
854850568
255839501
482352791
593569811
822431712
655229670
414924222
257584832
483335869
521466310
585835415
361616019
551022671
528633392
438329834
150150533
773434494
891942271
634698056
769178575
752316229
627306637
367791814
123922191
911035499
811738242
387021401
598462390
712511002
530069152
887735844
629582483
499144388
619703179
465830487
346268497
231352959
772342679
373827780
88038422
886241553
488792651
152314089
222889475
561357182
718116433
663369903
49909793
30196875
554800496
236671075
580278974
632228810
183166824
427737456
462993482
2617669
521615756
107896610
866761760
423268844
808455578
897371911
715920869
839520933
411812224
238035938
266745255
634842574
878324746
894799258
573473600
557656172
71558294
843693762
359029662
469811812
729380552
149851805
842693128
619534349
231765392
492043402
643873814
839268590
16344518
274896377
6977824
430136271
797255234
885049771
164734137
505521644
591395033
714996519
635419643
705397153
520267494
386498244
609274565
466099684
362742597
911259464
510857063
492590647
846995122
692801392
673839600
541964332
910702312
506391253
603211678
883570405
694257994
442221986
896484821
755588217
862630585
93913396
85460355
850612722
868039123
146712307
287048810
390429378
216477794
532291873
505773372
415139350
319251745
480275757
357418905
788763066
117912921
758050587
155519449
321880199
306852512
807126717
605373550
379599393
793330833
357839680
919549274
68804283
741668596
345400541
695284759
740389589
759736125
679580695
859547021
177895321
245812549
556548427
398235812
756252445
393381779
433835042
268841958
782500284
911044712
562762044
212599464
604544591
563557822
441613131
547672113
870754765
212710811
59224477
806607241
18677768
650900720
166244493
98641308
81091114
859141204
197765983
453500039
337087404
480233882
516799275
784689442
227553040
629645906
188433850
455999853
896975635
509141152
275552131
878833905
147506378
651526915
81468026
67998831
512764322
482225577
309338521
74260236
173582292
877716359
794517174
702959264
76986877
374031225
741300705
269344659
847908047
93400025
52905084
364096228
197848544
442034164
320522402
622352251
51965618
223664154
716541238
13591766
54757529
607252908
565268698
731527081
149096389
375201463
514852897
445749765
819552050
636765432
487027914
726693783
384568981
468378366
299835686
283324916
301938435
422695978
828301271
499634689
330946762
702985111
809175274
15773866
661922046
588068002
548152088
134379940
525056050
363261443
341625979
516525779
58627388
128997357
178943763
420198
744735343
109954647
540596469
143937760
443226239
18125135
105964821
617084420
81080572
767374873
596777716
265287088
253765435
382128695
896540668
344733708
810945541
208010587
295784219
718973602
928041483
401938015
151816803
231504906
631664494
793775943
31030952
293020489
243128951
842522386
922094210
26939808
685106912
541969018
168370606
636044366
915306597
693715726
238878042
387809080
337241726
397963463
557555386
859033396
671112671
473932350
738269896
772773362
394736322
713310358
731243033
313954880
614932442
738215987
206238359
291396731
502736221
899655852
613314381
506361549
560499732
813303902
716851273
154771486
574213455
809434459
451217904
689414475
123757891
873828658
267399373
651710747
271801320
725127860
4174187
433500206
47405851
208447840
201171103
254942558
52663545
206489427
256142212
228400175
494175876
591571159
159362369
786703446
546188839
268744053
37582122
485798280
244626297
52337354
702882833
61223157
530091359
429437302
522174670
330814742
348341194
543199288
589275273
379334488
118780229
902725087
790700788
816969143
904017661
226788979
285035763
397533264
184799476
103589776
452019418
119872841
45412707
271163577
548603497
645320546
412253128
537508066
698181020
538802186
44218247
110082182
697710559
102978287
352077481
788060585
382387939
492971966
263176825
746801804
67189880
144729288
423478751
229989883
409175451
388645002
282212948
771964294
236713515
435158518
825424072
293989425
578897908
375512613
118547961
153612151
450075610
698957208
518647016
151784728
743572335
591105294
575142270
753126245
107146419
369379216
305602778
428310706
115339606
925740512
932071808
432892731
567637223
64501096
932031535
785098284
339741929
501103201
550708457
4249787
495698866
288418106
556283939
932810393
468316675
383918253
642492194
604242735
569776245
470669177
396960576
640496440
197332329
648657432
220348941
901126940
849868538
266555092
292636713
862180277
349306451
581795290
668013529
416235971
790264032
750157037
495266627
506828989
729156690
741332356
809109838
102812671
277884758
585837506
577599552
508612245
162506721
928587891
913037821
643119935
152730622
523396998
739293158
729281938
798569134
799223517
685231921
318377366
242033779
541088577
635697723
202365059
292696635
849150516
540818246
179065207
783974968
665503876
142774034
129459908
607357799
242680049
756701607
474528166
160392838
579288275
35540074
492370569
238995544
804081944
882988428
900059408
572004992
153269312
883710098
666979157
54400438
493658861
191330429
144347029
799529055
773509495
643271014
666697743
383840383
919714993
201856670
782978578
844300434
723923318
174216584
137136300
794080163
142533558
638067636
533244439
618040018
833073097
225568274
565009499
914788714
236781727
60842027
573893486
524731462
667885503
206162696
683119739
209944062
881138259
803586171
504301130
2009898
611070306
742459157
263197352
927715094
224037132
773501164
78159332
155450363
118487238
142994509
13471495
552677747
125671871
349301151
288065830
563101270
26204662
120678658
293515395
759468577
229324875
550931783
768113658
134965143
133335507
893086647
889995871
168659963
117003954
310339755
141746204
659533993
730507872
553630262
279716937
686210426
146381151
914445563
376674329
680754648
519854081
629228849
344703054
911333891
877981655
459370497
337090758
846160229
706232184
374586081
316121628
818192660
488513544
145504337
68871013
686031955
254550849
774841667
59554205
98204491
315882642
770997246
79294638
436259644
466593824
117172430
876069252
427277510
420799801
335063387
715630320
916298435
843157033
93192685
808718553
525754095
676333440
82472540
418060034
632286657
363627241
297330545
644520647
379857341
456910346
434631940
925348993
66831724
556633960
756078605
135011535
326040292
804439804
106779149
476690260
337047792
200446867
478322436
582985574
217100645
113822998
464689017
804632678
715145768
11695519
384370053
330884376
818202450
210919998
664044538
605706813
151259623
79570868
328982312
88850690
324746717
357698217
217626224
275473414
63416601
208055303
405670111
36688813
862353302
907868554
706040998
448776338
628790590
512966691
710761400
186314570
864514319
23894850
893571062
825343329
222406787
476231606
91730063
521716629
702825934
254838041
284968518
586393408
467188942
714500886
162493394
215796183
487558151
613684860
183161386
343528831
689110888
665329538
37653696
99052209
904252447
326902044
434806689
442938226
181988660
381124095
58674600
612263291
63423521
692403985
290799316
838362513
540171247
530427881
858412776
477818979
179110134
472186999
645045372
665279363
846452537
893142831
860131171
670947909
809482319
788595075
647316677
891751068
571146823
158078653
550817364
494126136
156652797
273760120
574915977
321392480
906283408
760732914
833766071
763966561
386701281
100105022
154486856
777834741
533713333
169212632
77607572
11998168
417513060
18400835
237959640
334348453
85140000
7353338
116555975
569115857
833103849
516056731
715013506
120126105
313174898
544610229
119651178
724051899
628832341
330655391
214314696
504206062
77969212
521134915
532418583
308128375
135143887
336754176
379764165
744131683
99794637
570842328
192742241
828299706
126161671
794182961
853307479
723745045
173400067
245481001
703218797
391308437
384611636
86920183
538739627
751710496
23897876
930623428
390249543
405838673
131570011
214894921
388107359
739485676
63601074
158729413
487464882
544382401
421429492
408846980
257922926
100536466
779424266
622127347
88090180
69598565
365927018
164855485
879525658
252772255
370329585
15040142
532850582
503586399
24030742
126786074
112128752
923836720
721101640
328401423
668925519
117871592
808482254
216219258
401167444
857147771
787376788
278281367
633037490
248534159
454375227
822896194
508487310
615608773
398086010
162771989
311609696
802927917
114516893
872770670
248057474
901839671
741480423
87325170
315863326
798732785
778739324
870673674
224193935
424033555
859855801
427299415
102346171
862603039
567900568
185764155
199552956
759035786
393841368
289399645
211457469
443702150
790539990
196944134
575684561
403108881
556894876
813762149
72658196
408815739
586983573
164652171
511632261
615108104
925365479
385167635
447122292
375915437
413353943
648497175
425452055
25439540
153993879
919899437
140587342
656091716
274126346
891807686
246898110
349672507
205471070
246109115
775439921
577132914
179210580
301769903
180256616
462855339
168763792
765565906
301455289
24648030
31950492
311394737
552252044
895150114
513717158
879815088
409297988
350443125
652162675
304091188
365794823
366595073
781014082
526432111
243230954
593535865
406422152
426809511
524913776
662555765
269530453
322328698
931373114
96445491
119442781
400048733
763158312
202212250
313754668
234574689
362347798
464559260
64007963
383021455
515492337
803018706
66258691
4033291
126981514
121743945
287869709
547967412
312674959
92529620
876837330
504759756
67786797
222300689
744654006
233795882
57653997
847250582
887472474
761821980
303291238
578389534
107671512
328797328
378775178
643233938
222800010
821861236
76887389
518077457
315274541
554063340
415217312
790251546
105394627
843434178
388745705
732204870
308130450
795809442
192290455
695865682
745786483
464679715
476241013
215729355
96167945
190980727
888930900
448124318
917829817
667471488
39989934
555849766
191202934
568280650
715104654
669611706
732896127
265346634
924337058
343023217
585045118
139251396
120997304
794491873
664706661
97518323
739686892
348480798
240754781
496142128
341986400
526797637
297207715
767584694
871178577
325489897
269466998
737627063
269878304
625173125
711134818
559490230
920908238
49488455
921589071
323112713
684614219
134853476
207173537
142413380
342335967
260827408
136966526
843779830
801289895
802888001
868121964
600132179
618566296
630400433
874405964
167111524
652842940
665757554
463793098
684948565
268680671
423708091
246935551
646042530
674141631
299028146
71821868
285881386
158667429
331532134
194668571
564655593
254092018
285609336
542310883
627960158
703750082
59849554
869518384
745735594
671634524
560294989
801208226
692367993
707800924
189010423
418790972
852823350
153977816
697083625
638707470
779688553
835263876
719488964
103115209
906923945
404847287
283387210
778829010
882272434
104580366
297862521
187362489
99964884
905521354
39189579
577580388
213255491
3584655
211696346
353255442
595533145
248545878
174399094
257485511
114176673
765385784
85723439
734450835
538646862
534810880
255466479
435217110
579527078
182380370
714268548
794261641
369818383
106209960
221529046
649558289
254820132
350332320
607136595
245686391
118175494
498145530
791167645
271337509
691847463
400713295
675902080
544282835
889617318
484515912
642574382
59851843
82776848
918846505
238491017
400572915
386046940
380347912
570649962
763012137
74555172
807592370
512092238
788102700
759743966
817744791
40247412
92253675
131447996
45828335
547497267
267476751
347481261
182440987
728793595
433185112
339500832
24855446
660493287
906847794
87404904
11071540
708755073
685133581
28051205
127370991
578289484
56185025
908419545
303702561
413198088
719884958
198730710
194891520
740836175
767790288
902228134
726021377
624466070
60359159
158562807
236652197
425779119
421513251
534532618
507621323
205363420
850787617
328405926
332636905
617642113
201753684
281749888
368958584
114013642
399362390
432957132
2270956
58977022
173019025
796796175
925276308
483362525
666297908
785452967
902154470
659633583
121211817
96480985
59508973
64467302
912698219
129849834
484269476
534476947
861545192
29311225
195221036
929990117
499242464
862646774
692097868
766378308
477168401
557063735
383741840
4765870
1065188
893965092
193420942
930916498
566900756
469819441
668790921
29371680
43037508
577103241
842581284
423813886
251618973
1139363
566702439
698169944
202494595
277970404
865133346
162024658
798077222
419076971
21375751
823101708
291864641
446319214
610652122
881619323
349412012
96533418
644976385
668646414
326504168
901544307
820425553
644309808
502809293
351166302
64183854
495145551
903210888
905085493
283181005
911182339
316259997
175438586
812800402
306668795
246942657
760709691
796599177
474799787
581056455
87154104
93051594
423917824
888611289
37519625
339116227
589878261
349698661
481377622
383636227
761679686
10392496
812426147
910482868
694813455
219985179
865409438
104875431
794754486
334989520
47194699
105117748
589140188
222833470
666462269
364597279
704577716
625321424
69640939
810557497
141382240
838533660
304856627
655772311
648781443
712074737
784754988
55487294
664151482
299478531
607136362
117005626
509738359
425414440
164143484
568007435
293649853
342983675
248056081
814375028
138389686
190530025
874496832
796900206
235671258
889138976
708323481
419721922
28411453
722866063
297596608
739832539
147480867
700291995
516106557
484935613
363791799
5420957
11852864
911479520
600033927
382883381
438451210
674833752
659333335
123470184
916067703
256670670
18504777
301253851
217332508
722625681
778337413
830768540
117611795
835894299
655542933
499603280
903376113
408497
104065426
74797606
522516151
745799914
837120708
641627212
59065069
542797235
835984507
308409574
579350919
754708969
827996528
317044425
765155430
112091492
29697701
494529255
67297493
401031272
391786093
315432028
733353682
891892898
378156419
247274342
865384397
867269488
174133518
72913850
682903877
134005663
6425292
916752082
394481455
379884611
675424119
720610132
621431395
624349213
244908066
676147187
595488166
508559857
657287798
61717570
264539464
62046648
460462087
184953039
438056645
923186305
352613195
786654658
781016604
643519850
857293260
564255968
77779295
273171933
603871435
158893479
256409806
658976835
532281824
183197629
458874665
117424952
37852781
297578349
152846465
669765274
388952950
590243531
43628081
206525306
665126677
486400370
872434017
514420758
848884211
455027565
851744793
801002458
789145233
879113380
879936592
891980342
394257406
586819574
280341633
564373930
462938542
839057693
350833187
910823833
720518589
664989391
361657077
43919254
44691314
178828373
737132214
668886070
181101849
463289514
598998926
476849067
666626440
929866041
132009074
731643037
650103972
124957655
824638105
98904213
650588574
629527240
535016780
416101680
852538600
849134287
24694480
855465240
511454079
627502070
695205955
102064788
855047541
251042330
60393151
172267154
849411929
109508438
519984543
912862718
180443058
330138540
237707290
91067145
78942092
379713127
415805438
679794130
109452141
551634739
885684749
246687657
369607705
624676154
794855484
236418103
245788853
455664390
827745664
110080401
759571043
838621414
533730125
257234081
285899844
439625830
571809778
677029249
281207814
500173525
438851548
765704729
896248796
681638214
247279463
63310100
382647312
59480333
148703232
216594655
782395867
463287381
591525120
270722136
122049202
638546019
162623620
912420791
101717719
338084722
529729201
418292684
266054436
873313786
483171545
491825952
6836107
490941642
787468322
175315061
57536001
28061342
605776001
373736389
383839511
491481499
778543930
171104673
368213306
615482828
587407982
661991358
459671304
898515915
499772
145772315
732300764
236550263
370350971
320829332
511060578
582980611
316378384
56296691
17245539
805025313
97488994
463335409
726728708
107410897
321543960
660498794
507514481
519454847
92513767
113286451
321261575
38568884
581503859
501033860
854287533
654477819
870616964
448689656
76847009
625497229
155405436
896389432
551938529
805480699
595035114
63045767
163296225
724395463
548273888
775784544
372211602
766973979
428859765
141994750
665125709
307469183
300146200
339724752
49613535
847542181
691363900
276754537
88043310
138391418
270804782
179654505
264832371
155245198
545887024
827313133
428126135
658126528
487538205
655132392
589687167
415038642
775236855
248930906
231303903
55192858
892485736
878606432
882977010
534820380
342705480
887171927
270288893
240702102
760489126
825575227
521067644
763912150
161417464
535858536
55429086
625739678
749231012
360275461
850782948
891737705
224378491
24967121
799751328
715440565
705930432
770107928
119114197
734376328
486600322
685546323
873751686
878281346
621121806
623587965
711997564
869195023
521332511
882867984
360635326
604565309
49150344
789250780
321493309
902056583
351564491
168288789
255450654
367054422
839058729
551368081
719202438
233439550
385631203
59861559
930305853
53549414
918775284
533442278
819128398
625794880
849056916
680376798
36159696
451977826
496784320
665349776
669229583
852046736
776667723
409597601
428071811
486643477
74142922
844568597
359280677
453994345
315785300
113130837
351996716
200022994
820771017
285778766
832937822
203087426
251853184
451896278
881169891
2217067
68890424
81025025
932181868
443638830
271639731
754185323
430405538
481895237
425004320
825303538
724217372
229220888
883230115
707554749
328168828
369544864
533879486
455857425
250174326
627649069
150526701
333283994
69457335
56256520
873616909
459719323
792336681
41346539
231743158
186387975
543766397
85279658
579361576
116458830
914255770
679615561
505881460
906226267
681196633
391030851
822479834
296326689
368188544
783045265
394419236
324378659
511521239
840007574
264104044
686881724
932825498
410688424
94652064
434073403
362584189
773532816
208374790
39830486
885078736
198212786
593371525
501044016
177728672
747986992
789163104
170528210
543976947
19890932
584225020
800532218
781456751
895487075
333942272
791840194
595757643
291065409
270386451
410300983
580143686
491812600
897055642
1569302
206638258
758210320
153759300
677031648
72125904
216763240
676759961
111959568
426992268
394372764
650572911
105032923
54463887
26056232
549687236
425541888
144110173
178731293
752088164
681144915
643595991
792661169
711275649
228262553
561801193
10359482
279785258
153437258
782879659
479380511
113655961
866464471
564963090
287479313
342226428
777831369
181435759
106241198
744275082
152010313
543202292
886844596
212934849
538432912
111150409
688858655
850241013
444189789
450803196
924697815
692075371
441663371
174305424
651986693
580088586
813426349
508832552
419607488
608900537
603361508
807053762
319953145
10565600
750408178
338252751
662573873
41766175
641312191
336395408
468067892
550229860
132261411
639055445
717265214
325916784
329230703
276226299
681428302
874888366
538903806
443601297
207321142
863291660
678013558
648228175
551730295
343459117
64434474
699812793
419896897
79432412
49306027
306489760
292998500
318302166
338952894
314790613
305166679
416013891
488716400
141584431
829501578
650715002
68059763
919339874
343780665
538471002
488087747
333285786
93666097
870489571
2451889
834784032
688543953
825016827
682012780
431140666
499206234
616173721
855874962
322064942
556467289
53890453
384459777
853967534
930157647
819295987
394635805
281923192
380500140
664053694
896745641
430161134
719903864
59894300
74281515
78781485
709577769
291877272
712929778
25350715
821646028
577976382
275425499
803175225
416958736
517789709
743920565
893977144
573396654
375142879
623698250
45128195
611130627
655734871
925434997
459887132
459778724
230765101
840099035
472795432
83626971
587075302
806612969
382814469
51898829
730360030
659862129
444836557
282555966
72404603
154195949
427871243
771147505
4533529
298051454
651388901
469742717
420105575
33651453
819629220
397434351
798430279
573115716
517252228
751734050
636667871
123413914
891413583
522145251
497171866
256150489
528091049
484708668
469577907
868861596
831402003
811918729
333959103
134440620
529698991
522818146
748930520
456847012
760652401
591761390
235448242
534578262
411692474
117429186
157583536
559558479
157500865
598487203
257250058
48714882
133232061
892312410
159457244
323441212
162011849
665769170
758495313
590384939
241131697
522755168
766225577
93747409
931605942
698803351
305806619
915296317
225026330
226957097
19616890
704670067
119127484
423361000
769031015
181965726
872520055
632069091
464004337
305812988
97167438
539608227
3923689
267637456
248388985
208013364
684082442
505987114
503740406
368045999
375588227
825616747
637128255
560331002
916498061
109252430
313621275
152628239
134335557
471094169
9703140
593694462
122586048
67199477
535515785
213644612
921323634
458367626
262201189
726214917
879186903
50617286
356795699
183431059
216351660
897491959
828808865
25318555
588869180
254974398
579543504
547850511
906501374
161774540
597315380
467410379
144163031
442904979
349404033
91591006
435013347
380100956
757707948
627635767
831277871
148001048
793785915
567931732
638081836
86876884
320262759
295986509
890248093
55529670
11089512
317901646
81941775
610253661
262563396
673893687
833171724
247646383
388290394
835409418
846769200
207183313
279993674
713695302
842538298
888873676
497287869
335187925
443421375
103742364
828162817
626349972
675629061
431297543
593873609
619696502
344256137
170788606
713907470
932426696
331419254
846184620
120504752
619858656
419906192
479530515
146908460
240392857
808935286
316942904
748667475
723578627
500966626
475195602
225903698
467350901
781905426
753030261
633770012
577415417
179121745
382361761
743898898
77036832
685157278
615567805
678864652
852078630
596188634
697348356
266920919
212890752
66640150
304704005
554904678
306718975
668924819
726421287
218448787
406503489
384802006
223945164
25982598
795180009
600017306
696784392
25545247
785992724
587603628
493861499
325509522
717076947
286523522
37985933
108302635
690158579
644014713
131558971
526361015
20265755
303810635
275373834
234687395
873299181
162444521
843429492
77266004
343272547
342322429
401440213
528857732
543708189
314658966
553363940
285651045
266088240
758798105
558015583
590445733
790900642
292812740
223516878
787804834
616404350
317717229
157405650
763814664
447981056
424425256
621107303
152098541
501707237
213365308
613759308
72592566
804835160
13461465
77218072
620751357
573158763
590783264
469227676
158043455
883696585
78423736
378239280
331951371
858640378
34659268
85540468
381773598
248685407
921470691
194440033
747352841
123268330
514169525
733579595
376030979
703324610
349558249
543058605
266154554
140227205
663096344
267622517
49527090
349663880
289113071
585399333
168457097
608707626
752812122
119070463
635283939
703162803
610889513
825123181
126208121
645031696
139442920
561158227
739487328
279491159
384202868
277530813
763284614
873979886
687448429
530855116
822055444
435390137
510450109
307301135
659700373
180382684
647122920
171732474
923051406
303463643
439393083
236974268
788305933
70572165
778566004
693621751
803255815
219945884
261686139
400414305
52980541
289003194
151942040
644179845
594425936
29587262
842240177
496236802
153906475
436525687
434375541
828794653
335909496
63617193
774627556
563806076
499002889
73989394
400716039
647637605
775735423
885419458
912129374
337852364
910621378
793157757
824382235
365150763
736048997
302644705
179644584
913341361
84174432
265520465
120694101
716264541
304043762
332305688
768105453
418532516
626639639
221333269
669502426
635506560
871631785
711273196
818735191
141048455
221399666
711828793
837824334
595848223
237012438
210362324
915823685
515503321
292690682
632371889
666481798
168535034
607657403
589428996
294003922
561403620
103513950
525798059
688935892
850556759
664859201
674838396
655217379
123531753
688786048
614131504
344562512
497640036
446076354
668647376
923809431
74676014
668812500
692576785
808605876
228905463
653681732
90234609
170987599
548668570
799130960
517543695
601023274
403796926
146623661
794017562
151838063
692819361
37828210
56750054
137195850
574626603
208754953
727707541
625665186
278771361
908934834
58976310
331415266
537117577
905998471
254765978
384307126
286077380
227291659
377236272
485422755
749851991
232934429
283141021
853950726
150975941
105377544
194066084
149573246
566148822
305638752
13466659
702000320
854032334
360154966
428484416
590430295
74823039
423168860
471454936
758563478
755883093
356070274
82009102
757260160
127908436
89393977
326463379
314315627
804438752
644858779
88850204
472720512
99900561
651058286
914556651
394621952
688852821
856328387
775929546
526850271
142522504
176845039
427146601
835270567
217358834
851928610
333696455
522405912
77036435
514224421
761258997
526040685
873301945
872772316
316729765
512680413
840106702
531386424
795043493
482342668
59695627
663234527
739931954
825202274
282472111
107727729
42694695
894530202
227820043
564148749
270527635
785349561
264014511
319014205
750625974
864726907
135079850
734253349
434620081
115457276
142041679
145391190
293152774
454994078
887194573
689274836
651749227
926977547
456343083
571864454
473129859
300375647
792668646
348933959
850732014
131141102
541285005
652413505
411617904
413455207
481208931
419179864
49312561
437183400
391613559
603028894
684441221
15415851
106715544
196167666
677137115
443120249
274968476
155093006
889033282
660032426
188172315
895328445
512471620
523021733
389310071
193315703
886453056
548596226
869341075
732833821
241874664
719976493
265284246
528220078
354768702
706305765
36184609
51406961
676114513
1691128
1987788
209267299
810911021
806719196
635838886
162006368
310146047
109164411
897310277
596135971
416913212
805876730
814237742
336271926
775325464
323926232
255420274
865205483
633336860
420794335
784284528
528174931
829500317
51915812
906813747
320645710
176266860
104274462
694673606
91706701
170491998
129466515
230774119
242155777
640596874
754186084
169774565
793024017
102531535
421038812
564560805
398783369
762659353
565029118
605197234
857413033
300185405
146269253
166586067
813951053
305291284
448958572
826845179
393410370
631004566
671502209
470047749
341358174
858770030
722817528
260966662
721823634
834196686
95743455
40297319
815836014
893373741
598196465
624782325
521975109
736637056
642255586
673554708
430074336
478898262
743377326
688566862
193459455
424790071
261395053
76975789
868243684
649081377
673078015
245521589
513329317
818431244
320694822
429140962
722361028
917584076
752072485
26881849
787283269
553880106
602541553
624322499
237510095
837840052
384722356
712873443
598039336
99341552
879305850
860131000
13829362
707790282
81051717
207860290
185506885
472035067
889959406
433306377
725078879
96113830
458947606
166543482
33757736
482741384
515644206
439799445
403131078
815719685
509475100
39556767
88528755
312167010
490731376
87576498
777327308
779638392
708544260
182646215
635277453
419255797
332565325
23764445
236522530
419310726
861268046
640249650
868506361
931007639
540567603
66458375
606011866
615741690
708688775
892920322
744792962
446851777
924448976
655119610
666404701
14822584
463741300
76070484
892739554
820289885
196187740
905814793
40914849
612381448
390103312
643731008
220242231
368199067
713563399
483415498
153933572
876562131
389115612
294128506
750292336
180377928
601939081
23808453
649323880
790354457
726409631
569245542
577988264
168178735
571365622
297023962
265728655
550615735
451144226
340138056
611946195
410007643
885929896
715288597
70676634
884147567
689786895
378031520
677670949
711052502
10740314
291706076
124451517
889827785
863718618
545277950
547538356
434564911
514022161
860245684
809673932
659212819
51951600
711704273
150756570
184506197
182032229
443706590
741509799
404727301
723554873
174616562
740190420
704518689
624469849
493617388
740795016
835892915
847697399
216706747
102282106
791929911
425741804
394923762
149406593
547148158
447647561
713655388
351921328
92578441
772055587
591510964
671403084
842767560
202239281
673674384
373047074
756163255
490538743
260981782
930621749
272777795
647421040
655975096
517361569
337174789
41315047
738461949
670189901
439673557
616331198
173399225
37503362
102801620
396461237
763304221
361143870
190442688
395574826
498290977
886171529
40145469
629790214
862539915
421463168
39277017
818909616
368355432
691656119
232452621
364410551
705432008
350553222
89813364
359685324
883396898
183882144
506039952
481578222
860934395
348273223
533159322
507934540
614218758
169464729
430027733
452194841
913299586
7675164
880925836
1485692
115045063
897296971
701250687
102030480
274201852
160941106
435497253
930977031
309004165
754460423
565936489
34702561
921666791
929165570
807579725
684415672
646869508
856837367
577614377
325625196
395829080
209473059
52498773
298713177
155758988
371989501
858419495
892740978
607966797
140117245
920432504
409923530
428442570
784073997
134139667
40519033
638195464
60234874
6291471
615743212
88661914
206314481
833630965
631113463
680080546
782787048
807858097
187755927
762973877
354889798
446163775
449478830
748965553
531527198
62546848
867078512
894855741
388845616
918017107
903691678
427103373
776946412
531555486
140389042
465954775
737661849
749032297
729001498
756631159
673733148
548550781
36868029
394578997
537791678
333423358
895218546
147598556
369257661
226675738
692981026
553154691
525939302
922903011
434995957
88706554
656495683
712006983
295277566
62685094
236091944
650060311
491231065
674708034
819723415
513191154
323500370
356406581
188823734
862631798
134504023
777017604
632514098
302731192
142243895
7600664
869636806
538148934
884570939
292325295
344480592
231469993
438556072
840494468
227618096
463578844
762431770
629183988
666426390
26085162
783898072
399773590
421700973
349420640
503703362
300166444
198179676
734995384
39031797
339820439
425585264
334826041
772690107
366048874
142636609
666516416
809802009
36350253
876197419
190051658
479007322
236976561
221858944
254383778
320147231
713203455
103176988
466202577
715120595
645505522
563955034
230745994
661056413
441201787
124158169
122724143
809244130
520520054
607691036
519294699
834299193
790036131
787436707
233601086
259421213
553873057
267995212
514116349
771966159
691605573
316121181
711967419
615131763
740880587
854369623
235823107
525838890
107270384
234427980
877055221
465763228
797129229
474970987
579779337
809230159
177713156
19267241
482172373
83943789
525250794
63726345
384017150
382813808
738122120
228467717
20532374
702517800
524073789
392449776
898926062
683005188
688755792
932719417
245801749
511693184
715167081
645966020
69794747
560091669
247855647
761170516
422089621
551835158
162670889
415060074
192676236
139442791
464913798
209106384
522555804
462047476
676534742
801533199
73789230
541983955
475895513
600607838
403094493
203614398
103197020
370126190
384854371
249819924
645309158
588022445
425428985
504471053
136472881
80959117
228389146
349587548
795358257
124139276
338007334
624224479
910759493
884956811
290789093
349230356
35209233
144935933
838218325
810038594
587504297
314670605
884265621
7006022
266870202
212208519
795080536
76353557
273599606
605409245
696308282
284687455
235543624
599265907
356601694
167794476
166054210
900943408
509272745
888858379
156816886
582623951
696244502
433428247
717622143
169674042
306068337
321025107
296164678
408781687
42296627
62897300
843341114
368749788
904130355
459982789
918702333
687000035
920350607
108779291
392378358
396179850
10694502
489528410
358917631
759398720
866661442
44681715
648146555
897335252
723810847
409953847
578975157
52911075
894915098
924551903
376240944
244232339
10045593
922712369
580753662
60990996
738473207
783803421
322264273
700453856
860751404
539188971
808214648
719970830
69164257
738045
732728826
404486863
199800881
684520633
323078861
620747218
