193703890
23771839
776481449
129332770
752444579
386835286
250318692
377917968
666897158
359274966
724837647
319315441
652585305
505682187
803135843
504400355
419887209
318671986
585730094
137849867
306804286
553175463
528672728
769237952
769341248
717405199
714735301
611954291
393396335
887803051
358446151
485815060
803035979
547891742
181357365
640959004
460670823
188136607
83714843
656261793
462831203
875664246
230263946
375483104
113239245
866705899
523434400
673989307
761960846
533123732
431315275
201100663
154932078
876592804
36403760
477260023
411671892
403668861
866853899
595051572
910078906
714904147
142105360
607430307
533217313
677503125
582346978
396172050
787356731
837034510
429465865
908904711
596067604
900282911
432937455
628408366
251429617
553479933
182317681
189161959
149131203
403123271
458715660
278628909
573848584
575003183
352193301
593336260
750940974
174976884
313324616
839815999
906280920
836264364
19759414
327689398
389983717
536776
553795867
376377769
