306613341
701216715
775046957
111297899
457180349
364412606
711404971
459740624
198697164
728863400
11607203
546374142
334860141
59911472
720555151
414119489
823078752
553973692
260114024
265873941
355949555
82683753
299965496
157122691
342100838
546059036
280091657
260374380
322796379
490177286
656270921
583440223
8687655
423742507
174974784
343342978
525890890
137704455
175529574
67973878
168414708
751950095
12499785
538177279
447918575
544629736
83657967
20164761
826893868
478015002
287039216
636309211
587853201
842966260
715353771
901005820
874289325
710882252
895472875
588696518
430125838
646601560
546895740
370990473
241775808
355379971
142385981
129339034
29112016
733799532
36855510
574510710
251946374
172751245
72201302
461653268
912624918
903663625
326601948
831605087
551646616
424424423
222226900
777679617
867930356
648597232
608677042
372856104
87783409
108945200
331740904
166588297
329180251
790718739
590231996
423664389
124698496
56944862
331604067
883195095
