550085147
208060436
431189307
799987543
559590998
101239970
469708415
603617767
693545310
729596288
400361796
293170405
872109658
558490916
835268199
19125758
891707933
53474115
325659932
800110848
98890472
153695627
347872785
780252677
526651318
319386849
607065145
546397906
732728741
537364055
785659211
839366908
539009288
351081537
412519390
535146594
29267391
424910173
188281987
94897157
712009695
637861147
552008069
856904415
810968912
769122025
448166377
758804808
98518511
397482476
719382974
768994832
690396290
509829636
868045240
660457443
538320621
49032707
721109334
21358486
919575056
689520468
855862989
32654595
529067005
42791475
385950557
151089240
386753822
469715764
346915455
146335513
291202883
722069620
391403339
719770101
144928368
478659269
279748579
856257297
144505000
105016087
466736101
734780123
686869297
169591838
887376664
649731989
579778348
229217218
747919044
918006610
565168804
572639347
390066559
753107440
423555898
756225982
359263263
760898936
