595657221
40616668
93944678
7673196
723011582
836929399
579224487
522045832
512984580
533355621
458243838
12231793
206361822
247388649
62579452
214019644
345275129
892962016
855078485
368416979
428018569
772250015
181135479
10915907
527004992
536674835
878184106
666163988
195837981
857040350
638027188
432723187
789096076
143404435
485200946
509301091
339114499
370639963
25158889
501174490
569776731
808304901
700242139
178388165
520488359
418176826
452365497
321045013
515495268
776208231
782342484
791478349
498365000
786262453
834870070
392946462
101927821
220625581
332452198
548192597
465692857
435613242
653382608
573156240
85737797
639735928
720362421
465092927
250561730
706633172
306133449
210972438
872962932
448503506
488693922
152778482
163228560
29509078
503454347
691485587
851872599
922606928
906942264
378323463
383232686
534076378
676491317
211531553
386527594
318995784
426005046
553787743
632892887
603258162
682517962
296439627
481117619
14759685
516964223
743539488
