442687718
852743562
520023891
413280597
68627913
822808974
701412108
622539871
922982220
758736109
135150694
420224784
454606660
929308989
776083460
754948420
739938417
484397463
102985956
356795763
55404957
338900334
90531772
207776308
826903462
85769089
131125988
905528188
626436671
426877072
91924554
26655541
2382817
640076216
167351597
158153490
331140205
585218523
537029707
756743214
846873021
898515135
596333353
911285091
748685477
550459934
218273554
883400546
151970516
695341504
575904522
741462485
511096269
238907166
607058652
172410445
240404996
375428582
413460615
282218594
916241878
101848738
372173978
514664397
269287564
857184302
561186066
877090990
27228137
203319297
686856159
285467093
599813188
821573937
589059684
865899510
377424919
683722436
621676246
353929531
145996347
86520726
753951286
917969360
1764380
917762389
567569527
352262646
340338544
276529704
571850587
291808595
114543410
63119997
778535053
602663901
387321533
845076018
785949703
277861407
