455206014
376613778
251961394
646993316
854862122
506820651
99744903
490863115
369678841
922629578
15959277
207713976
542171783
222445239
507809468
537802670
412767244
174545686
536642073
851646489
358821579
433564557
146931735
172024777
172829526
772688582
547434263
842157209
14512565
774516624
540746409
93197183
368902337
802387713
52258079
668639594
809507335
9255632
179190261
723237390
686741317
191742365
135597371
332212939
339759664
830458454
440895815
400735340
756603819
189684866
404822595
477586929
314423381
145211531
659393773
335610604
631699143
169575709
832939884
468966378
677381058
492270142
608022990
121149224
620152871
732930413
109179660
257648271
47033571
19944999
885274722
716224884
220405395
504883733
501580229
704979742
239034038
128001035
425367284
916467761
687336638
848183055
47120157
819449161
30535292
536481322
810116244
233530423
237463574
418093718
263691723
539518108
495536437
827976171
104010616
866251553
172835207
194217965
105933016
697284678
