656821815
278699755
382467568
77544114
912624197
571549182
261268234
907530686
190065876
450902224
303707440
398552608
474370865
899018896
776962304
80519270
344195857
608248809
573465993
296006122
494655619
571062301
47916221
558567165
651544964
439823345
736528852
46188392
73994149
479935303
162572205
68302722
496292836
59760485
921552876
221969421
95723137
617489837
547097906
895782428
809292883
671675875
632574707
379063509
933022857
376497855
643249909
159185946
565083065
225942770
678478659
847041648
911877074
362398505
25099917
785786945
657844215
217389278
650629194
701381438
484848151
31527670
766349495
791094473
702979789
585857722
225296677
249733175
567677143
104547069
867337765
572533619
710913576
163644322
535175424
741003573
170727069
862974550
631350053
298895975
904998420
414646981
281799333
700815473
359913303
538651188
871320882
663234154
211659284
141790628
536522421
751076375
439030282
83144448
928606356
634761602
175087234
449025265
358621825
639455541
