598855552
521276389
598679967
319525863
152649023
834273616
697415418
80575370
555974103
264102097
657857435
455866329
731307384
724243458
285175484
56735862
471875163
689041153
181883129
269086491
533735644
621452127
436621402
542833909
729566973
236602620
399288132
614060600
739550990
252895931
744556474
551496253
453599788
681420993
18683482
741226202
780447375
279335528
645808696
304516987
310015110
723945973
588867704
490060409
750621608
164297806
85697651
72804972
608695697
41177174
429839694
343717421
858629369
685410577
562665979
769459193
169015375
273416935
484611618
241453482
614942978
180474810
571421308
393976717
331894063
365314780
339196981
883774361
523353564
109871276
452246080
625307181
308761069
146551816
924412605
500990160
577155048
326965884
916795954
816714428
688330767
788575008
3274434
920465092
862002955
718144679
672218684
430096771
73159965
667035652
15641174
530010121
675790270
845460443
193390864
697896034
350597278
175056914
658438092
565540697
