481005181
88442985
196798214
167628684
515366286
16605960
910983259
414191867
305529046
725637323
745680468
380164181
604185291
821659976
331893136
401065381
189543446
432769125
526761904
584597259
657462635
178935080
624196361
565945800
833392643
485625513
511524209
485507901
224213552
515560124
460192398
600250259
704758022
333190425
868288558
17030068
302521179
139076361
872437352
692461916
12901278
780531102
795547733
598179935
631756750
873359800
703122229
596901340
52386641
693607402
56994560
900993459
144155385
793703158
109062122
882859075
411697897
679868933
794516860
366588315
885298385
639184848
98588763
736318351
311248733
913557521
506866628
524383492
576612326
250341587
487751568
632202678
525259559
841213831
206961114
748272532
632752269
138159092
560240333
156127041
376154574
336958785
20329817
785405563
337827874
2224455
838542990
364546378
631920473
226140537
440487690
542257474
577442393
588472844
524217674
548398182
219362823
815104019
722355251
734578812
