101104022
505184018
654655963
13975586
115842772
849097775
361078222
675278883
904888538
692381236
728364332
896641015
878037689
409381241
357789959
479425871
342975968
858346139
240681983
617292915
34299934
606473436
932107553
270199008
691924922
81852343
556210978
463700309
754041299
67057991
471669612
553560936
619881965
231870320
737765042
683932390
320444849
81628749
823055115
501543002
804541367
138218126
197921998
368224589
193748257
542375148
185606294
18265234
331870727
609034744
795964031
790297351
390119735
755345995
661443726
320299376
715915219
719428824
839086150
181766083
845984310
654635557
457939514
793982672
358314410
701177352
554932606
821261270
390255497
826859961
523895960
457560184
398371273
400947028
80798223
467892866
411996550
789256557
401468566
832420239
217625202
590741010
194748045
140732283
690855144
529210224
305854395
554307829
324945023
628314643
32435347
735983086
893525948
538577171
563616509
479382932
374653524
305512183
380472371
857843658
