188824951
258530846
824003803
947758327
435890919
610
819175500
635947328
457251353
905763463
272718964
491066874
313928798
344403441
646139035
716378072
48058335
223334512
46368
8390086
461551752
643603480
672008888
644264086
231169256
893190177
504888376
517226276
403971360
543955764
475429109
493906182
894085981
687711481
529620176
557118193
522471343
333372670
912163755
31305092
264462878
752569597
17139337
453328643
13676161
370223165
672008888
461493940
18941269
723780605
529309711
672008888
929068905
101944518
750730560
672367962
802312305
895236434
819959778
817572730
782048260
211925194
202846341
382454658
521475463
238668815
775260973
232290507
297518125
213411598
258530846
430343676
86031963
756443751
48058335
579258787
37451833
821108848
483188009
377301868
475429109
587481421
496027074
210345902
368233036
488019797
634861549
357762862
548447039
625128221
421809625
231169256
92267537
634359721
29637311
179780307
569138139
955266176
817823110
975005981
