868084310
723159307
762791999
631670814
583765999
567122057
979184371
901244503
706350279
907753678
388231053
23720905
841967222
618582028
997185106
919841532
905417978
64411828
111480875
789067165
380313657
927486333
116822771
581389335
807791204
820110025
616411181
701685856
532289453
346413998
188278508
587057658
35186260
409026075
372160204
542031262
255282061
166082855
332907205
260816656
80249984
315616030
867489493
853119431
415694491
962438378
844143456
785059616
940616526
960783753
626917989
523083256
752964414
356113370
24373634
323481066
722051474
826299544
281329936
326385933
470927549
524899489
273381791
772243260
955705529
351337744
103976731
918972636
973461879
47474938
297483519
703067415
408908556
374859609
245843980
832622509
287288074
351050693
771145251
175968308
628146636
806888391
602438001
835866074
507243209
415194717
105631502
774523633
657430901
842861051
633383395
740491007
852372516
273906945
336968778
765537389
957150163
168274173
426985681
973029192
508298416
874867969
175174414
506547966
868864203
948669031
827718038
768476126
15927262
222445752
422175884
53961703
926091666
204620086
376497994
569696134
588201910
328775700
840271975
2358405
490477874
124081483
453891672
983761600
413109671
465185354
667508786
160135771
314622736
380560217
282167532
867075742
20700595
887997640
182347096
125079731
196158043
341616734
89980730
140700616
517050011
583233440
901729911
188441257
252639539
277017490
90942832
65520678
49363704
199730862
176421537
647061443
180489489
277983803
714102866
109235303
865585567
412196086
604941291
43940349
28071820
687704691
888767885
248301947
854717358
372057451
496148249
477896455
241656135
807550706
634138722
544089163
566235163
377476938
875162961
539139369
86718582
806229424
115878904
266781049
230261850
375524847
275790966
125347509
387887573
10069000
925424843
391456762
231982480
506387748
432747566
689831870
920387821
708429338
318224686
792848822
79194258
764796000
543699844
759619950
929954979
498462148
614571391
212771799
130554025
902721986
221456569
172935629
435154173
895780897
866352355
379454652
820006616
276791145
828617786
56349197
314754941
566902595
495782224
258546449
66091840
833088163
672120210
653779380
780894809
13753508
817630228
345022300
247335645
902415596
281551624
239206584
370908179
31878773
317370886
658393958
890595962
732200251
193394886
125815048
465963573
308805045
49981928
968714198
466557085
614653276
466189283
894912882
786207116
451640662
252253973
379543618
730033232
430747237
494881874
919521032
194605121
182226346
212905776
645133546
966299549
498805322
300626122
109442913
797150530
459859218
927403027
365946656
844460399
885649245
902712803
567156144
522151275
792685416
669773602
875966900
887036565
129415911
285420901
190883348
111570764
930976056
859721051
948386792
890695005
210937122
388338070
407487832
369353340
313548824
745075288
455931515
632661048
238601786
624040843
68800825
302174893
385712623
192396458
812200066
971089774
62681121
228979934
996026474
384382114
583387706
651458680
276672660
921251971
41315989
989659306
597166032
732568017
807735596
318771781
381006555
691515123
70535231
313939111
101712181
461051068
780265493
966828358
597728828
516225981
652346496
296445831
184893671
764010141
70806868
483393007
187531688
389457646
855088135
358748850
608230661
605204850
846040455
734742129
832271192
23386688
147613389
229759355
50645325
719869238
331489058
473133252
287001118
837342453
850564786
816724271
957008668
168900431
770721893
986329485
911200994
687441947
894600642
72153142
14916665
884692744
222376589
20619304
287789018
247192136
945282366
607822794
55113119
70572454
426606457
954065862
382635524
365023425
567121875
533529211
595747533
511434800
953660253
852963242
151392040
911667178
780777619
84209063
60018655
482486714
562979356
820261839
559682176
196693934
811383694
934290968
959031238
544028399
214169005
984682934
174723553
545316722
507737515
343789157
196010299
31503619
504100749
376183967
347334256
950846213
826151222
213394338
505374847
918457215
690382295
834268492
360028650
720325700
757844850
555051906
751339423
423447196
129038876
71892104
32094070
422319371
399630193
189932714
565648146
753669266
696932388
331201473
469215694
545454988
176233520
593135052
438759101
853304731
589600742
330085899
447840792
43679344
856506840
665667257
281616634
900025787
518186802
291946905
753811867
193285158
714387916
134287500
215993925
705630646
612416289
964529377
306534513
706988415
654291749
933941591
282012900
961922916
236760472
58333264
205081337
132955387
123181902
219593283
465060684
123645797
156668823
872597888
622888314
941039943
624338027
244405858
233325261
228169898
394592816
478936202
184850957
740100732
137565131
425030412
498992530
496035627
540218156
448365686
769832145
665828782
943153065
607690057
659340056
914630936
55971200
359026533
448107727
75289436
434898198
271650039
441684772
780382546
4628010
457756784
779012799
647807437
96324987
539733832
786005609
392136638
452322979
5247912
918286268
119697301
945985928
538059783
812667515
170755826
104332616
690383024
422246372
235071516
812213952
156255005
193029608
239144221
977955510
104885372
58535750
676563770
916725745
555587666
26428498
576954262
208906117
852210349
289125732
202026956
209639512
201336939
263128123
253778848
546304839
802092652
634131092
298218978
215127741
462073580
442205355
781080482
598703184
327403934
548350640
231341642
309476683
884867087
487631506
825439654
340222536
421184776
58337314
549489799
825204592
156124928
785363277
973061090
782716433
297412021
794942583
893449021
235053610
261344516
710415277
55620162
772799686
2356323
281273865
5060882
170974586
810127491
72184643
110119579
123733842
756512455
142803153
401735371
127609300
404445632
171998012
302660584
187935051
778072961
677323411
435153267
682334766
369854632
909938634
234628336
537869918
583312986
173019061
118851325
463531547
889262344
155548279
666031789
957022308
772718146
306468783
928506563
596507248
490214629
803289586
193096461
566803669
327909792
275867916
24766163
824931790
438347916
52213709
288243567
947433325
875564995
237321750
446323307
70729202
414488148
533175488
102265010
165988202
613874221
999113654
967425468
141694626
877611174
693289907
639126462
667715583
633296854
555162258
69767491
240923804
271454194
968655843
944320176
353225616
637569169
58014535
902827314
899119394
526475239
890610064
999959584
176339843
205738605
19761776
491981156
980523303
649565461
67336696
147601102
4809113
335782469
283097905
970074171
755870340
736862973
144167830
321572678
695595622
620956050
876954603
296586777
38007107
361014905
731755526
859968189
577036802
544408549
771398934
814402808
537372149
464246497
300629629
228376680
968868437
105573
453567787
632130626
540963072
172051048
870895157
174417952
640429376
669217022
872746240
497161349
625905594
822263212
466738553
389739849
652921450
593560754
437630436
977862405
715588863
362665025
262316364
497298653
104147703
318594330
622333897
79954960
72772721
985313545
838767918
384581889
744557441
945372607
972097973
328941292
310022304
45888159
552118992
874402520
739414679
764392362
745564328
34806670
663089927
460047303
12444066
110349277
717450299
279758142
785488679
667503910
837453740
477944825
312716573
238993325
303683588
901640404
900181519
497653242
586312884
390570914
214318704
311919025
166055747
350659930
492834751
183743008
858204316
309737835
767590763
259184342
677464649
518666954
251471134
532663770
767100777
758540718
235645309
800559310
366983048
570585033
37298107
445037478
72138054
268567052
842885302
559827211
801492548
350696948
439329981
789874068
339169203
165024014
704921948
908082692
631545089
91962549
179209490
371531018
958517941
276865696
524138026
453071675
983721697
563380447
264883548
411250332
900630032
249673134
372531263
729407334
534927069
60150810
757629004
773291768
598332962
615616226
928011818
413362118
764199016
762421115
65751887
49380660
300774670
143912733
776096473
96897366
871087041
672004330
273772120
563702741
879180451
860810970
163756201
734950379
150341431
949685354
832037559
275242120
270584861
660245993
247322583
312056679
588014415
652113711
874383251
466788401
955120501
117979826
289204085
95663315
287375028
997386368
36297048
713893594
811317521
413650198
498553828
189421827
218514371
917790562
318242322
306308812
286511784
693429940
863350946
625159038
712498266
756974508
8153947
196479445
864059324
372587622
662347891
382378957
59426476
688214126
511296351
279422128
381857799
624820900
21816760
667332640
779710099
647904174
357667351
354554972
915475715
241553451
948896010
599883319
753406026
443978324
704334649
600877202
894870066
860171916
276373949
10721055
764681178
516330134
392737612
748062062
331201921
307944727
658538302
569077188
520156623
877333696
458397497
72541514
447638182
385475611
517113966
756868357
550508821
593951488
151371143
98234214
652933516
827506577
819191505
320563438
771354977
665357549
279108567
61806767
737300837
238368794
659494461
592404338
598894031
755029716
941941829
19576755
227554369
362776012
875211098
173516460
941362414
353927272
169667223
834030297
114795918
682910239
438595474
579234488
145349127
26050597
203343566
877075782
438916810
668077178
485593062
282141209
931055552
254277390
419040383
940349716
547591032
619999060
191605069
824187451
164305563
995573112
490500986
911847634
46010897
923746691
240106904
425445954
432900736
485593071
618756910
384918426
680467614
162651209
880813890
438382853
965362160
266511825
559903640
799276204
33615298
668784859
636560770
273020383
178532094
414234001
24725946
820420873
236621203
785969191
864696011
963338309
987232350
90025066
977392872
760875874
642728068
659863214
955434750
294711815
705024432
351652795
268554232
334984369
342806384
231315534
633053053
435466033
515156573
623715919
334838631
424926057
254376923
952327835
288311062
