9999270751
9992552870
9913829619
9999297603
9996531574
9996820583
9995285562
9995419193
9980267054
9988316422
9999852651
9913995478
9999420601
9920057732
9974667408
9996898428
9995528952
9998367183
9993779608
9998141844
9995458386
9841931760
9985219107
9998277164
9996263483
9953217876
9994875824
9993907874
9992731467
9993899568
9976815251
9994347735
9996127304
9994857148
9998677139
9993391616
9976766368
9996267752
9993609209
9977675314
9997595299
9998653543
9998014356
9992494439
9993989497
9967450579
9934924838
9988981542
9999488554
9960674156
9982494831
9997444396
9990716134
9998364048
9970719627
9909782229
9986976851
9987797230
9992801387
9996647868
9978856744
9999137940
9994868247
9974595886
9996463326
9999795537
9995373491
9998793928
9909933007
9992294669
9999028193
9999624888
9999201779
9922635360
9992000572
9979437858
9998432308
9999391512
9924619554
9997203076
9999316456
9964297390
9999126725
9993876106
9998944409
9993779188
9962188883
9972563820
9988509206
9993785762
9993722583
9994600640
9998775564
9997842513
9994634584
9974366040
9994690647
9635276740
8153623181
9995756797
