1245732815
370409029459260264
1
595330983
85585688892074540
0
835169580
64042833849618251
8
816391881
133726267813579200
2
477177641
54712012828907410
1
622446259
45169130843607870
0
279900001
16473919655849838
0
1382371509
460778061668871464
0
691647733
70571835370249720
0
1418511866
456968511988035333
1
567668449
80432714262198418
1
616583044
16174590205572084
0
1184330114
244589871493051713
0
1403695500
489604923631469600
1
567985588
77218901220034272
0
880456138
169666417795110912
0
566144858
38580661759403737
6
833248469
158806080498488850
0
593674190
82292171326840881
0
1362034110
420448853290564989
1
696609103
117779382728585502
1
559214926
62971469386742640
2
754062448
140878797536224287
1
651482445
100407470699071976
0
564736293
41872413276734552
0
1030561685
261358257340205424
1
1256840515
356525646582140250
1
1346022622
415220366403080472
0
1144784212
302234387007064320
1
1705512882
723220651547311085
0
493828343
56118676634544580
0
1366708921
465051712348033030
0
908063299
181450532654761344
2
1038586139
248803377510250608
1
914958120
133445300646241439
4
926722717
179228987571200266
2
343795845
28135435303147734
1
796448719
157749234300315840
1
446840066
24258266854472989
6
1381287926
467132182599512040
0
1390697318
479380392494359785
0
840757866
176476866782153168
1
1122550778
276563181108481785
0
655003662
21005788292111000
18
852119492
181502921498614260
1
1069322554
95960518269082320
9
194034105
9020227706527886
0
1444917491
471279617558064088
1
1755852927
769299961957131230
0
1168943482
247879681920649240
0
1218236323
336983731350965610
1
865281931
21392115764116170
32
1102211633
149050392399072010
0
974502236
211421270256709024
0
1131155808
252973062087279191
0
1229947753
262866769800629062
0
1063427724
262460444292002144
0
934448354
171807135861056920
2
100071409
472557470843920
0
836546408
172655082837215616
0
1450014326
511780647476424544
0
1542983413
576907693127732020
1
755497143
123963121253803752
0
576817955
49240754851240546
0
1051230552
172941454730909520
0
1557411914
601871318296132128
1
716936450
107303577840683400
0
845582192
149401167120601191
0
880149357
26316146371163912
0
1283764059
411974262106737158
1
1220050547
262634166959173360
0
970967540
196485062377503636
2
333332203
19913363009024100
0
130814030
2743038592388749
3
1701930318
724108422616928685
1
122872302
2530241164398776
0
908558102
111465500059030152
5
1906051545
907194822309456200
1
936313942
211581771728098072
1
1002776072
251318696529347820
0
