815
76356
6
1190
310761
2
1039
191200
0
1023
185732
0
1096
211500
0
1065
283374
1
1372
455467
1
1800
809804
0
910
185416
0
238
11952
0
1391
422464
0
1683
695690
1
500
60651
0
1178
239992
0
1345
380700
2
777
150230
0
694
116809
0
1105
158184
0
563
10336
0
1059
276830
1
810
125216
2
1723
736482
0
1001
27244
34
1252
384820
1
536
26880
8
871
179154
1
1019
188034
3
1254
309029
2
1062
195525
3
1303
422290
1
1286
363273
0
887
59422
11
732
77312
0
583
29040
0
847
138346
0
1043
243570
0
406
34485
0
1525
574600
0
1324
380644
0
1700
720819
0
154
5925
0
561
71370
1
1321
375004
2
292
16960
2
1107
288806
0
1710
731024
0
508
12532
0
1269
341334
0
1110
144000
0
1198
333837
0
707
124260
1
285
3014
24
1527
561176
0
994
44509
0
1761
768474
0
641
11818
0
780
150336
1
853
16660
0
413
9336
0
501
57050
1
1274
383269
1
615
93854
1
966
172773
0
1280
381039
1
1094
266085
1
1024
143119
5
999
244388
1
562
75361
1
1402
471520
0
747
64152
0
849
180090
1
1464
526608
1
416
10140
0
1120
285039
1
597
85442
1
525
10584
0
318
24656
0
1609
644250
1
458
10825
17
1273
305592
0
