1081 407
918 157
4599620
1051 132
5509627
2933781
201 2956
259 4642
4600857
1029 4729
1187 1183
470951
164 2701
6944243
4070768
4328368
234 4523
4815119
1086 2322
3419103
48 3696
986 4572
195 4356
1708098
366 1150
641 1263
544 1797
192 3768
284 5411
2589564
1033 5582
4210121
804 411
574 18
678 2149
644 1107
5716360
680313
892 1798
5128617
308 2465
387 5227
1474621
6786333
1055439
5499795
628 69
864 1516
3717162
232 5236
211 4419
6342151
2263639
2360073
137724
2035270
680 3812
346 171
4796758
212 1667
296176
5644017
4736537
2372605
4390671
942 3688
166 2456
875 2693
387 2067
226698
1018 1006
2369379
6163594
908 807
1210 3199
1005 3872
208 4070
426 3800
5893479
1676393
6652197
1298475
1045575
1004262
4658494
788 139
701 70
6697001
649 4099
1105 846
2306319
482 308
3359824
1029 4415
6411721
6810293
851 2443
2436976
1120 1221
1919677
608 184
190 1284
1115 168
448 4708
3948361
6810596
4133777
171 638
626 4664
917 3915
540620
1057 5619
6575790
6540075
3409352
1385660
596532
5867552
1024 4312
692 1716
212921
1048775
1110 1040
2108068
5759726
4900493
5078169
808 812
1978853
1127 1771
4919029
947 3535
4908902
1217 79
626 1487
2846778
4876239
6533436
4451316
313 5518
1190 1867
1142 1906
3780333
902 4689
658833
4947082
174 3102
1047 2776
672 3941
474 1729
1961829
3844587
744 3825
1936342
1147 1005
4873576
1051 1497
2675200
3149680
4160994
212 3208
6155751
2677454
6481204
2783926
5402858
1128 1004
1837287
1479975
203 1288
997963
6563359
3332254
9 3979
6914387
2304765
160 4981
132 827
1771142
850 5586
729 4705
456 2935
3706464
353 2784
5058816
6281881
452 1661
6147868
776 257
820 4206
833444
1017 1696
6493780
3983917
3450999
6002079
64 4464
229 2563
5640159
6685034
1939124
984 3268
1125 5419
161 3476
642 81
3308742
209 2239
32 807
1255041
996 5216
849 4403
1075 4652
1228 5490
6680551
543 3463
1074 4421
994 5222
1207 611
866 3465
5543214
382 3083
901 2132
2626061
2252215
969 3010
4 1133
565 2756
786 653
3407813
4421601
490 4048
4754600
548 765
1219738
4161844
4995345
1034 726
1233 4134
425 4921
708 3405
3734222
366 4589
761 1070
1149 3989
1186 3679
165 1324
104 4203
19 3700
1172 1802
5820862
1168 2866
1096 5377
996799
923116
3448723
6724058
103 4305
1224 2264
1142 4480
717500
32 4836
267 2050
629 5133
777 4654
1209413
4821868
1088 1280
3818649
1747822
6175859
775042
732573
13991
2705181
311 5355
2172542
9 4277
865 4430
6647626
5644867
391 5577
1137 2910
6169463
225660
439 4261
5804272
4386177
424 5002
5335234
821 5040
748 2311
441 3761
114 4798
589 4100
470 5442
4514005
410 4595
756 1812
878 588
6007934
6859009
6590155
510 2590
162 501
953 4521
251 1183
912 3448
6183391
131 5086
218 5505
1008881
602995
367 5446
3802670
778 1774
548531
533 2962
4495122
884740
4966760
3208979
221 4588
2931069
988828
6275985
4321856
5233027
1797844
5158183
226 956
5045041
1027625
1195 2134
916 4224
3429809
949 3772
2776429
6609657
5521308
3814889
2492161
5771544
2300674
6852529
638 3464
5918651
135072
253 1837
1814410
2061173
758 5204
3978584
3959985
66 3852
604 3511
1866450
1085 4886
465 5176
819 324
1056 2463
1667346
6376192
4787676
297 210
5813515
31 1635
152 27
1534263
923 1917
289 1540
174196
6884211
571171
719474
5787214
648274
6319689
3541410
5358991
4297983
369 4828
2543567
544 1431
602 1458
98 253
1815452
4165475
3791129
4923931
874 856
285 2168
2072855
334 2174
106 768
940 1947
837652
850 2601
2457896
257 4133
1031 5328
255 3943
1185 3740
109 257
1221 2565
901 1855
6208547
2565223
4992965
3057597
4553915
5295389
5567950
483 1150
1117 2781
1138 2769
329 1284
2018273
2719157
4749493
798 2032
3742648
852 3409
1042195
2949815
2429469
1345559
4246017
97 3147
139 4133
322 5492
6627654
932 3204
386 2462
596 4108
218 339
773 5567
908 349
6917247
4073440
167 5227
6460448
1031 4530
3893223
1960032
4683007
1489393
5990168
539 2961
2452987
7000059
1020 1137
2298229
2455176
236 658
630068
3525887
1056 2549
3015561
333 1740
551 1629
112 5127
169885
3372945
3763093
1168 38
179 2586
6681599
1143 594
1730658
3743045
6103704
4129829
126 2501
4432156
1005 3128
1428049
4379375
164 2785
4909879
3873005
1024323
5894979
2953413
334 249
4380510
425952
504 42
3151273
226 3990
895 3016
326 1540
4268532
5821599
259113
1406510
6120838
16 2233
3896369
26 4445
2074495
5152412
6294067
698 5507
3236219
5120081
85 2121
1219 23
673 4201
605598
1876001
5697265
371 1001
729 1391
4744973
3114447
292 1980
2654028
9246
5832482
1755479
1702983
5664594
111 5156
40 435
5394596
1091 1377
4212304
1161 1587
119 5154
1893205
248 4426
591 4183
1987071
6335574
1203 2166
1189 1309
3269701
6882484
3731217
868 2491
3322587
957269
1003 4581
1104866
692 5341
1425847
58 5121
189 3319
572 2937
3577526
799 3624
397 5381
87 2888
627 1965
1630502
2069775
2316666
1229 2755
940 1957
5141702
809 4500
401 5464
209 934
3065055
869 1313
1581197
384 667
250 2297
656 4359
737 1733
4731262
905 5276
6628788
1377747
116 3162
1271828
2932357
569 5311
802 2222
5215994
488606
511 5259
5989327
136 970
1010 1402
627 2826
3784541
5737944
2370670
4251879
4319934
392 1834
3432598
146 1146
140 1726
732537
4380038
187 3152
6540686
143 5603
1129 3582
133 921
5234189
4631138
751559
709 2463
489 4427
4968950
1234 1282
6000672
988 5649
6829283
526864
334 4346
858 1672
582368
1292695
5062647
358 557
635970
3534783
37 3437
3600525
1080 2532
233 2318
6967247
345 4361
670 890
3450377
4830195
2237114
2439280
1240279
1278834
1131 46
5054511
4521317
125 110
950 1942
1200 5542
727 5518
218 5281
5956267
82 799
5598418
3672664
666 1303
741 5214
378 3487
566 4731
507 1373
2283590
135 3962
646177
4607708
538 3356
6518071
6327515
5711311
2477510
5439710
1149928
3721637
4012965
482 5601
2758831
6367168
4042564
465 2261
4935253
381 5239
2807849
355 958
566 4766
254 693
1026 4754
913252
828 1428
62042
460 3046
807 3173
942 2621
60 3677
4845174
1144 5152
1221 4902
506 1291
198 672
773486
2671495
1166 3443
2346806
870 2594
434 3605
5351353
133 168
766 3544
4306088
4977295
1343680
318 4383
3947395
524 1984
196 3598
6233956
683172
388 2666
1202 3284
1053 1742
6781732
2218667
761 3899
386 2947
5650692
757 2265
1128 1381
976 5123
1198 4436
2778189
5848819
1016 2814
5918830
790 5670
1216 4825
5481100
230 1244
913 2414
6802877
4768320
186316
765 565
5213705
4147998
4881283
4431071
492 3311
53190
335 3684
5160297
5526620
535 3014
5118918
849 2725
1082 112
1111 428
1161 1452
1005 4879
4161331
4775985
5530661
6584976
569 2197
186 1591
271 4036
154 3371
5175701
167141
2864578
630 2469
490 906
1197586
4132129
6760574
170 4865
462 3604
1164 1870
1076 5453
261883
5898788
661 537
871 297
1920655
303 3183
858 2537
31 2492
582599
2565584
503 2196
280 2615
3596667
860 3132
756 814
2641294
287 5451
4382684
4099092
1165 100
2508597
707 4282
4674831
273 3196
175 3626
483 3192
1202 5603
848 1162
2597103
1085755
1033 162
5498900
3823793
171 4867
2827119
6701438
617479
420 3468
555 3754
326 4851
1809554
2237195
350 798
2901345
1152001
220 1942
376 2638
2415449
6850711
1577619
6423581
195 4380
639 5246
6857680
4405962
2848535
2808060
3596278
590 4856
425 1619
4356620
621 2734
852 5434
4249422
4809306
458 4201
1211 4300
341 4510
5858405
304 4297
4797811
48 4554
1196 3317
6700376
2896773
384 2555
338 2366
616 4321
769 5029
594257
368 315
6838786
284 2809
777 1206
6718155
96 4071
2840499
3011633
733 4377
983 3368
4061698
919 4781
539 3615
3970752
819 1007
1106348
1002 2159
4284812
681 1236
41 1321
155 3078
22 1673
967 2322
15 2109
1695273
5272601
260 4443
836609
942 1147
537 2279
326 1547
252 2858
735 5403
887 3770
100 1205
266 400
6456312
5486002
935 3901
5156103
636 2556
1855395
271 1987
3747316
4803129
1222 3089
4515762
977 1962
1634090
939 4532
1048564
2008259
315 1648
665 2481
327 757
6092252
1001812
19 4321
4300315
6147160
4897564
180929
219 408
429 4235
729 2812
945 3310
6533895
1162138
86 1230
6738785
1001 3405
1446943
5210912
3446033
1222 1339
934 3305
855 1870
901 5150
1293439
968 2062
483762
5902808
1123270
6141720
6178732
4001755
3798139
1085 1255
399 4195
183 2897
2269000
6709015
1443279
5108201
637 4178
4671266
6110910
638166
52657
578 4116
6183438
808643
5391752
5386617
817 2780
353 1035
3415889
6597370
479 2006
1229 2367
1464566
356089
364 2703
4895861
2735200
1021 5472
975966
828 3902
749 2555
170 5294
6765215
1193 2512
294 856
633 1868
62 3723
712 2166
149776
1143 1031
664 1085
500 4415
736 2003
37 4871
4909585
4509849
6703920
1651275
699746
1211 2217
5844260
2580395
3320031
3885535
3606485
1236086
1035 2512
4741748
852 3429
152 1215
4586503
352947
31 1073
1064 1777
1 1698
453 1316
921 2828
5318577
4786622
3297766
1116796
2163387
1219 1088
1047 1572
820 749
312272
3053687
248083
2616883
663 4819
768 2516
4777646
889652
2139994
571 25
124 4920
724 1310
1145 2723
654 4421
1231 4798
846 3751
1200 3940
1085 2353
2744480
1047853
891 1922
3813939
612 5587
2884161
400 3344
1112 3597
3255777
96 2024
791 4468
376 4538
602 1769
1131 4466
57 1328
351 1557
1010 3359
754 4070
3835904
408 4629
395432
2653050
1072 5457
491 1229
3224095
866455
892182
916 2825
1117 2786
343679
408112
2103550
267 4252
1948229
2519899
1247176
660 4108
1733178
6957754
2199318
759 2019
1136 593
1101 4866
3090344
302 655
291 1535
870 1244
2422824
191 1133
568973
534 2404
6298368
1890039
355 4475
6222674
570114
314 5096
95 1363
573 4856
8 5201
410 1661
174285
829 4590
669 4936
5878905
210 245
231037
4016435
437 3166
1616105
784 3176
1126 3998
658 1364
526 3909
1144 1082
484 273
2986584
665 9
391 3492
942 3876
551 292
803 2481
912 2136
905 4421
938 1680
2249864
6812193
162680
414 623
6790565
2438538
3715831
1040 1113
3825864
178 4842
853 3785
528 1425
716 1789
423 4198
2624975
4234225
3609385
3494568
2905133
558861
488105
2700147
20 1951
4007551
3692291
718 3667
1016 715
339 3586
48427
2260458
715 154
3128792
1082 2709
942 857
2114722
213 1007
6498897
680139
67 825
4995054
284 4640
2908148
4845976
231 4743
37 2731
377 5090
672292
465 1872
125 173
2910341
237 3034
644 2095
619 3971
5333615
234 451
1227 3070
3740213
1913434
4674745
4498204
61 1235
5030467
6958613
1187 1743
1037 3850
897815
4466833
1828464
413 2485
436 1256
5853178
4637023
3387997
1192 5429
180 5110
233915
128 5109
924 614
390 1332
432 2408
1553910
4139473
1496584
1946437
808551
6577140
2401695
2685575
4299511
1116 2962
6721185
793 3805
4114772
6215350
2057461
2401434
5050129
666152
950 2692
819 3721
5187352
2567640
258 1561
509 3105
2984239
4649505
937 5180
71 161
496 3560
283 4125
178 1377
1787648
6995961
1123214
3339285
536 4217
3856423
1018 3250
2528160
144741
327 4164
365 4366
2164327
69 933
3587760
4511126
740 5462
3097669
788807
915 3665
2489559
39 987
4256533
1134 3682
742 368
1061 3036
6981032
604 4591
6082057
1062 1210
6472710
53 1289
2876482
240 4543
405 851
2250216
6633694
329807
42 31
2334330
2016832
474 1532
6536825
3232082
624844
466 4768
2120877
5953468
5475634
2687745
652 4884
6427757
536 978
6814060
222 1085
993 3222
26 4920
538 4017
752 1283
46 313
873 2940
1155 3760
3122967
2652579
949 2435
36 304
1155 4148
1200 4993
3208995
986 2621
568 5585
458 205
5852260
2493905
5303118
139 469
2423015
175 1112
234 4278
147680
3725077
5836786
2992612
87166
1113 540
1106 248
2344818
897 2525
4899327
6250181
186 4073
603784
165 3576
876 273
950 4219
4815812
465 603
567 1088
5063697
1042 1207
731306
244 653
526 4601
5639814
975 4392
189 1448
3208465
5928642
742 3260
2040642
4459034
831844
5130081
973 1988
6904919
3841608
3489239
469776
1097 5512
962 5408
3722594
5470148
5335106
6320677
3251951
3183947
5103623
2431644
941 2969
414 2043
406935
3118503
761 4159
410 480
1242917
815 3675
1150 5022
1194 1692
4631477
2718582
2893943
4472270
5347698
4239555
4648041
610456
969 5053
79 1914
3144216
199 1448
1087 3121
1062 405
3557476
1118 4695
92 163
67 2893
520 3430
1140 5493
1390626
465 4962
766 4939
1814790
327 1455
5508401
927294
3505171
3349864
97 1416
5941439
6546821
4473099
333 1477
558 2681
823 2982
2483461
3398090
3075274
1032 2443
1415342
653 3318
1029741
368 1659
1447881
826 4385
1394445
2819580
914 478
243282
136589
387 4764
796 5582
5736781
981039
1115 613
4159351
440 4607
6624695
1032776
807 2073
180092
1225490
5021044
422 3163
6735934
347 4459
101 4367
228 4805
475 1683
648156
766 1505
5671033
408 5250
455 5254
492 1273
696 3734
2384855
430 1158
897 2083
3210004
1117 684
271 5377
1967710
524 2966
5267627
6563484
1018 4360
6630793
1267834
1063 4390
5001179
409030
1916372
5704715
799 946
780 3658
531 70
16 4329
6466835
225 1832
2814038
995702
5799977
4296383
6808796
78 4394
180247
863 1900
4910645
362 3071
712647
612 3183
3800420
173 3308
3113388
1893723
3674235
1124 865
748555
85 2507
1208 1984
3342106
664768
4483492
113 2772
1976703
988 5054
954 1595
896 3527
248328
1151 4253
677 5595
1272061
1737866
5426790
92087
92 3170
1855156
6285147
1122966
6226868
416 4925
1132 5143
5781258
573 1926
3948028
241 4253
1898193
1034 1863
6821175
1073 2773
237 1969
365 2253
1016 4943
619 5255
1134 4877
600 3837
496 2523
5251901
600655
5301829
6237961
701 5028
1053 4178
604 3485
5587199
1432932
4290424
5675011
489 2018
317 5630
243 4541
3745239
470 4645
1111 2775
6029268
672802
1617596
5597029
3089712
258 3979
386329
44 3056
495 360
6886609
3024930
360 475
5610083
5834633
1111696
793 4875
1190 4277
2162766
1454261
562 501
6348540
1151 5303
800 3389
4463142
6656300
6947238
659 3261
548 365
228 4061
776 3647
895 5194
4847407
205 4705
920 4410
5841391
921 3561
4411347
4429707
2984711
697 3282
626 1207
587 5199
3492248
914 200
3282391
193 2270
5899382
97 702
2082075
2290291
118 4871
747 748
571 3086
266 5242
1038 3981
1719748
929 5011
2459388
2265493
202 2348
954 466
1092350
262 3456
4925294
967 3887
1109137
1124 1485
137 4467
5335105
826 1319
282 411
206 4730
2580203
107 1670
1771412
779 2179
466 2760
1877080
159 2812
57 1736
544 1029
963 2210
462 4067
1919809
177 1435
412 4617
395 5376
5930871
2769566
342 5402
1112 3595
1023 1781
619 3791
275 2825
977 1446
2550104
234 4828
4799458
272 2201
178272
430 881
2054153
2501105
1963887
2292143
569 2250
1180402
1051 5425
1157 515
2081288
1089 3577
766 119
3698815
662 792
642 5444
4255817
3690633
916 1009
1077 5403
439 5674
1159667
6713741
812972
344 4743
844564
810 2007
1866574
130 3751
794 5573
742 2930
495 4722
1366794
347982
6827370
226 4197
5287444
528 4273
4581834
1026 5674
827 2445
1178 1039
2585135
964837
4281359
41 5275
966181
582 3720
3840387
4335057
719 2153
6875443
3305028
6242519
1399256
291 1528
555396
471 5331
1148 3729
6844471
1174620
4885831
2562209
911 4056
1141 5415
803 2457
4818
244 3218
1106 1370
1683390
6606738
473 3177
524 863
181 5319
286 507
1914777
5514408
5035408
4678428
2213361
419 4179
3373500
3383325
6571312
777 5497
4793243
909899
1954374
42 3023
1198 4237
937 4579
974 449
1132 2736
112410
235 360
1464615
2267350
2152635
580893
2819109
517498
527 4908
1092 2368
996 2063
1505033
135 4887
139 884
58200
614 4261
6776922
798115
434 2247
989 4839
475 4590
317 2454
6744286
624505
4176802
969 3335
193 2523
1609719
4221652
248 1861
5641587
180 4243
1057 3138
598 4047
1045 1949
3318876
1115 207
708 220
6117785
6200699
3234629
6401607
1194 3686
5474296
1015065
3016304
1269629
460 3229
158101
1603961
352 3427
941 805
4095093
651 4372
5963828
6257030
426 3836
6133799
5722669
6730373
677 4731
992 737
1191 5352
6745487
2481946
494 5594
1157 5117
5279835
5530981
581 4860
529 4724
907 3907
1027 861
5480819
4165806
6788989
92 560
365 5429
347 1992
2648312
569 4568
6689950
3605110
1560967
43 33
345 4665
2510182
5243584
558 3217
1222 4751
6227319
3971111
6362157
303 1259
2888649
1176 2124
4855240
1198 1498
5469462
10 4953
332 4432
6362478
1600599
448681
2774570
692786
2076945
609 3559
151 907
73 2031
240 834
452 1847
1034 1786
761 2727
6800191
1653394
34 2946
686 2879
131 288
1686824
4633139
6582763
3271112
4129593
2315511
4507860
618 3642
894 2215
3389001
1107 2306
2183792
4718897
687 1697
3640012
6265439
1957834
1055 3421
610 3831
742498
951 3051
852 1529
867 209
2250502
3680014
2380843
3338737
6268302
2474326
769 834
2955543
4170983
237 1288
3298042
650 3192
3013444
360 922
4138551
61 5002
2682030
4537095
670736
1014 4166
899 3831
829541
1114544
4647914
5357044
6034937
1230 5367
1086 1539
666 3322
645 2337
3511394
5007393
342 4026
1120 2839
357 3540
1037 486
1191 366
934 5525
5886109
6637097
502 4768
1742777
677 4126
826945
531 2528
475 416
425 401
152 5479
6160009
155 5475
4282128
889 4784
902 2630
1154 1021
1187 2338
271 423
613 5187
5555430
854626
70 3148
313 454
1020 749
918 5504
1148 521
33 3814
98 5606
477 986
442 3866
5884646
4987438
1036 1219
3212258
845 3190
3705336
794 5186
1756910
2964514
21 3306
5587093
6675156
2099589
1865479
526 1259
623 5537
1045 96
4725576
4992631
1893251
6353732
253 3230
2697549
1209 2783
6074978
1114 2284
350 1272
5367426
563 2793
4586502
426541
199 823
1001 2959
1013679
522179
6024167
3987183
544 3292
1165 3229
6227296
881 355
65 2431
380 4751
758 1800
2195326
1408971
122 1010
2598114
230 5274
822 3274
333 2652
6583207
4967975
5158652
4571065
2807967
570970
951238
5271562
6471182
591 1944
358 4844
2545770
626 4298
1812874
4524438
279 1564
4791299
343 4403
2724979
857 3865
350 4008
661525
3164273
4432736
1003 3527
222 4467
65 4696
2526371
201 959
342229
68 4573
28 4314
223 5313
4107057
124 1002
1128 3880
830 2221
16387
1032 2751
1350519
4893111
5325862
467 4705
433 3143
399 3772
24 1328
907476
1154626
536 4655
963 2151
1936953
241 2561
6254696
2541464
291 1446
216 3519
342 323
4469598
66 460
2901770
754 4396
396 2082
837 71
6535472
5193470
731 1094
311919
114 2190
4362486
852 1166
4033763
3235119
939 3319
979 517
1148 869
1141 949
730790
2696124
1934429
6860118
5171390
3998928
817688
393 3812
377 4854
614 3835
1188 4850
4458747
138 3699
855 3254
501 931
44854
2986061
264 729
897 5595
456 3969
1827318
322 3070
892 931
6810345
938 2935
3129895
876 2431
3269170
6151945
1052 2936
1212 281
54 3431
3401125
410 2741
4627396
766 109
4285296
648 394
6822481
803943
944 1689
3480543
5299582
214 188
1112694
736 4828
5457708
302546
3259650
1255233
410504
202 3204
1170 4843
5735602
1343789
6561965
5645532
69 3400
5243850
4537845
1959652
3611872
4863036
4661680
1704459
945578
149 1963
476 31
658474
486 3669
1080 233
1032 4118
4407659
2712271
523 4166
3667456
554 4623
6895494
611873
513 1993
1413642
3297333
834 3707
1141 5330
59 2543
734 3997
181 1045
6565834
2251082
943 3089
869 3788
6658039
5964843
567 5470
2143028
476386
6723807
1564236
4539409
6214570
530 2216
981 5171
191 2873
1735446
5302428
679 1141
237 4045
413 3356
1859601
400 1776
1175028
4988371
50 2183
2754539
2093539
333124
205 3603
886 2983
1109313
874 3419
182 2748
4046608
3878096
1034724
949 3343
709 5071
3852128
1087 3669
834 3086
1067228
920 5082
262 1475
4008528
837 3114
2552672
3896169
5721012
683673
6854035
1320301
6629269
950 3040
5490025
4224379
6463598
1219 3299
82 4704
5685261
859 2149
6236719
1751550
692 433
2260301
6448246
2638518
984 2668
5556689
914 5012
624 300
1174 2773
1045 4524
5435750
1012 1246
781 3630
1057 648
191 3624
1038 4636
687 1377
372 2621
507 2297
1995787
86 5535
591 4691
143776
4510815
6607760
137 3412
1079 2185
4458517
1108 849
623 300
4766187
873 3824
761 5372
861 1702
2358848
3685151
729 3629
1003 3773
843 2187
6538534
5408782
797748
844 4976
822 379
132 120
575 4539
952 526
2779334
153 4732
1006 3924
1041 4605
2630262
2880045
1221 4009
809 3195
1049 2095
781 2771
1099 3663
385 5623
275 655
878 2094
399 204
899 2259
245 1588
4584497
4354838
767518
131 3546
406525
1089 451
3048588
103716
6189498
583 2062
1871777
222 3265
1156 3424
868 3137
2766039
390 1275
677 1764
6531664
1885185
145 1535
907 2564
946 2719
1013 4708
523 4744
683 522
176171
2546593
3064264
309 4554
1842421
1136 3405
5313514
5006163
481 5074
3366118
661 1916
4388160
692 2890
5045865
713 5290
1211 1981
5322090
6349760
5142792
2500106
1283683
5638320
1515430
977790
6771470
5166399
960 1384
2959820
765 324
1053 3246
800 2756
1119 608
207 2055
1142 3525
152 768
668 5384
4277138
2270413
1147 1626
60 2041
1170 3057
4126964
3037835
1006 2747
5759871
3745190
3864376
1453415
160 2138
651331
643 1487
2526986
1073 2205
5725246
116 2024
2554212
3789692
2671370
2315086
2898597
5296563
5886877
3367491
461232
305 4013
447 5634
977 1376
984 1241
246056
368 2374
941 794
5162586
921 5002
1034 5116
584 3050
2188032
452 4591
5423996
200 1933
630 400
5591156
4452748
676656
353 2931
424650
568 2196
6716168
1185 2821
1071921
1217 1929
700 2199
428 331
5405003
736 4948
1183 364
648 1293
4418992
284 2658
4701208
4927291
854 1728
3375885
1086 3960
1963077
1386554
5438219
2535003
782 5011
242 2989
5477816
3309962
4563723
1198 57
648 2949
6277706
3103895
554 5220
5794569
787 4777
5286563
1191 4070
3125745
768 5199
6469034
508 2663
6256026
199 2109
5006054
5107596
3550052
1828558
6597552
186 465
274 4553
968 4557
6246665
4399864
846 1464
2270827
1054 3432
6958223
953 2785
723 3833
2332862
798633
657 3612
545 4207
2582400
2437748
320 5666
916816
725 2801
5164546
65382
4273704
250 5098
904216
5952125
449 4722
2684450
4110720
154 2605
6377411
3712226
3638467
502 422
1140 1503
650600
405 2426
4226214
1834895
621 4316
1983535
2325319
3484335
4243282
805 4571
2417793
6380286
2667216
918561
1050 4825
787 4364
5596608
3498227
6552514
984 3779
835 1308
459 222
996 2442
723 427
569 4736
666753
4555033
505 876
5190191
851 1663
6591136
827 2961
163 4780
1007 2529
279 2414
5568000
1100 1775
2450045
2792990
5540432
846 4708
904 433
1839235
2104060
6604153
834 5185
2542090
487825
90 2906
270 2244
813 3555
1886785
1133 4564
242 450
3044613
5582432
1081 4604
3332709
565 2224
463 5183
604 1221
1072 2565
818 967
917473
952 3553
802 4071
3128012
324 1129
152907
1075 117
621 4991
1220 1874
1741878
4478526
223 3379
74 2738
6375736
4745092
1166 4407
6396378
1200 1184
946 5620
4747564
76415
1871480
5505810
2499626
6694761
6823102
411922
5344810
2782612
5552512
244 4597
2756549
6351372
436 1155
648 3616
715 1238
391 5568
1088 5514
3567575
374 1435
3539610
543 5434
1008 2458
719089
866 1331
313988
1180 5283
231 3325
91 3365
4158682
29 2460
3489501
4512905
3843936
1019 4603
1552954
982 3937
96763
875162
4722263
194 4235
1132 3658
3457467
635 2769
340 2666
6883778
4596237
41 1595
157 1305
396208
2207011
4587241
6450220
6954618
1094 1806
1189 4718
1041 1473
3835885
169195
705 4692
693 51
72 261
1206 3224
1063 5107
5606178
1168 4091
6496719
2179571
5416679
190 4237
1176 953
5659631
56 4
814730
1061 2893
5628766
392 2791
6425988
6378770
747 1593
3737801
35180
2817938
765 4623
725 1737
1225 2760
1076 5526
6554541
614 1672
1837721
898 2258
521258
4724456
1180 5028
649 1543
1120239
1889959
2857938
4681436
212 3714
5132768
705 5353
656 1609
2168210
2551522
1060376
4511043
6120768
4307398
442 1292
6478669
883555
5556895
1973493
5548655
98 3149
782 5419
731 4530
832 4820
6238742
6469694
940625
854988
3394803
1832460
94 458
755 1753
223 1857
4392261
2463576
1857976
937 3415
4369472
526 2505
1005 4542
1540232
1098 2717
1138 3467
1039 1224
376 3212
591 1177
2311700
261 1896
68 260
2931004
246 418
247 4563
777 3056
224 3857
354 3337
531 823
907 851
456 1183
537 4293
4874877
4694229
902 1791
799936
942025
5672759
16 323
6110282
4485412
3173555
6181271
295 586
55 5088
2317167
254170
853 4094
824 132
6179615
2493276
518 4421
511 3599
115 2417
73 2478
404 1506
1003 4329
88 4264
3962331
1031858
876373
276 3744
4825926
737 3208
418 875
1045 2463
1066 2992
650 2902
346 1761
755 2868
1095 2273
1099 901
760 2139
384256
2174767
776 1204
792 3333
382 5021
1456217
646 570
1432942
5905676
485 1930
6444146
865 1717
352 667
755 2834
850 2063
5663432
502 698
2933663
4403407
1088 5432
4725087
390 1490
708 1310
1196 4894
2873322
622 1767
3249430
6313769
5179898
3828846
2 3490
488 3181
127 247
70964
5530632
517 764
208 417
794 1413
514164
4467498
49 664
3865568
115188
4779828
5301317
644 2976
260 3574
349797
15 5200
553 2656
3657018
2438672
5681491
6530399
6715133
134 5553
155 4122
5972195
176 5223
5678523
282 518
84 1900
4350088
64 3740
270027
968 2849
673 5066
3084254
783 2198
226082
4061793
1094 4206
3057113
147 3705
762 1260
605 3316
6815822
1080 94
174 1912
222 2833
747 2883
802 3267
655 786
1790007
5292099
1124 191
696 128
3270364
788 2470
1180 818
391 5496
217 96
658 4488
2055689
3911474
6626323
542 3292
771 3003
102 1673
374 442
1012 2692
433 3682
4950561
1044 3709
637 5139
6732527
4025781
1247328
806 1885
238 712
35149
4801573
393 470
889 3714
3928431
6154273
5379261
456 4965
636 5218
3001400
1093999
440316
4442786
3168107
282 3723
3535292
945128
439 2883
3023339
912 2487
1015 1225
1451296
6654365
1128 2067
305 287
4307628
5975904
4819749
5069475
6045558
5918035
2679896
2943536
4878146
6650013
4136568
4201131
6741134
493 994
208154
4357337
1063 3688
1376771
710 916
1120 2974
2034825
73716
955 5620
1098 4646
1002 4148
835 1388
678521
919 2207
369 5643
5852576
3831769
634 2646
49 1191
3161291
479 1585
771 3001
860 826
505479
352002
302 3867
4559801
721 3177
1076382
1448597
2547875
200793
238 642
731 4683
4120749
289 1404
989 1399
2091912
6477102
2057611
5714325
3240452
2276705
27 1907
601599
581 1714
110228
2325256
155 2667
217 872
3663528
1173 1219
1209 3839
6792299
4511662
1164201
233971
6940567
4745965
3836805
458 429
1047 1266
746 3365
6861519
6604920
2793625
458 2431
188 3308
861 3114
210956
3214588
201 2634
809 3919
6360619
458 4125
5050097
5936702
121298
305 1940
979342
587 3590
738 4151
808815
4403359
134 56
786 5079
1011845
182 1344
206 4684
542 4660
1066 1447
5142003
541 2505
1551013
39 1471
3549463
280 4757
484798
2761950
6681553
2960463
5662118
5050350
616048
402 4313
732 5411
312419
902 4085
632 3335
5138328
657 3604
6291316
4683721
3123617
984 5459
205 1308
4725006
118 676
1883381
729 5020
372 4658
822 4809
5532350
4755138
1217 4739
4443783
4061863
1132 245
5925384
612 4038
1139 4459
284602
2184092
299 3923
872 3341
2328379
629963
167 3987
946 430
1787389
1341150
1201018
6742651
197 2638
443831
70453
3086837
33132
4658805
1204 2558
102 4143
801467
2807983
752 1183
1905861
6757088
698 2239
753847
606 5369
809 2273
5360035
1117 397
3731843
6483233
5802122
385 4753
827208
872 1889
312 4813
990 887
503781
102 468
437 3371
4055032
6217519
4641166
750 2422
584989
775 1922
332 1926
133 531
1769810
1 5632
5564381
5358474
574 878
5111813
1208 2625
331 139
3860414
3912352
179 1555
571 1003
1227 2981
292 4153
554 3743
536 683
3938703
2327127
1106 3625
615 714
3397332
5688635
331 2063
2789778
1545908
197 3594
642312
491 4413
446 2290
1019 435
475 4494
56 1771
283 2181
5467005
4118895
345 2896
4977728
32969
747 4416
6726581
960631
573647
2527023
219 5450
5863687
964 3638
5704960
818 2248
2713253
5450141
2683736
485 289
2024802
1224 748
149 2855
3416260
792574
998 3778
340 1525
273595
6202988
504 4557
1427661
997 736
3093884
878 3249
676 1752
778 2104
98 2293
434 2640
122 732
1073 3426
6647693
4844712
432780
5630161
183 228
963 1896
5802136
233 2544
594 1200
1078198
2213057
495373
1020 1988
183142
52603
198 5162
6374235
913 5082
39511
1042 442
242 2024
1178 3533
5368434
273754
595 1048
3701149
1469572
135 4993
1766698
994 3136
955 2592
1001 4180
924120
905 4727
896 5563
5943113
1193 3900
3041205
291 4662
720693
3257615
3192744
985996
328 396
4050858
824 4968
6553351
5693330
102 2329
5275262
1326377
5524387
863 755
239 5644
6512558
3082055
176 4934
1182 892
6750823
1874868
3252902
6689950
1212 3149
312 97
4673751
5786211
80 1614
5498588
351 2733
3446771
4937974
4457792
6656255
2519088
1015 999
1664194
550 5273
576 3587
341 5169
923344
986 1874
2133659
1076349
669 1008
4081086
990 4456
751 1085
1711698
613 2238
1169 2169
321 2311
3765378
2796332
6262103
5203671
442707
1167 5343
876 2229
2113338
650 1873
6203778
6884113
632 5461
84 2556
6185361
1189 5511
1157 1957
2172630
5403178
2350445
160538
960 4843
449 4475
422 4665
109 283
501 2200
358742
6812500
4786792
4488558
4304806
5814694
2683930
153 3864
347012
1131 3052
2794408
185407
3575799
364 2249
604376
5817209
836 1201
2579845
6797032
6834916
1062 4621
376725
870 3112
272 2528
900231
429 3461
967 2049
5085555
793 267
4325202
726601
4074605
829 1692
273 4796
4526887
1093 353
812 3311
2127647
24 4969
832 637
361 4861
847158
682722
837 1595
462 4455
3539737
6825118
5783479
399967
949 5589
1162 860
307196
2394877
729405
376 4402
236 3259
6612672
1146 5618
59 4131
236 1577
5567925
3528818
825 1602
440586
2802703
987 197
1074 147
606 89
849 2666
2563786
355765
70 4405
6149392
222 540
3265345
1006 1753
4924224
2307655
790 2704
5160318
865516
1238176
300553
3779829
3407495
3757850
577 4061
1799563
2152028
497 1620
765 2628
1218 5639
2807675
284729
5296011
6343331
1083 4913
395 2581
3358175
3331965
5102378
5056868
671824
915 3798
628 1068
207 3155
204169
2622446
1936330
133 4645
4365996
526 3620
2894289
5071168
1071 3102
3629870
1121 3369
1010 4809
366 194
1475088
5613015
568816
6875180
3443004
1749694
422 789
255 3021
53 4984
6346070
3831920
607 2391
4242551
604 4788
2883823
567 97
4863050
679637
770 4854
922 3473
6379876
2456984
99102
953 5238
3274249
31 3530
505 3860
5508445
6899524
573 4696
850376
490 1094
4549116
282 4616
1103424
473 1585
93 1462
4936093
800557
5074752
1998741
5337463
6340332
2484124
6862536
1000 5068
617 3008
429152
825780
3009255
2543084
669380
293 3611
1061 3095
183 5652
855290
360 4745
339641
3178882
30 1039
102 1623
5055663
1002 664
552072
2151690
3947926
2086585
3480694
334 4324
6949415
5312303
1361203
6193928
957 4476
45867
3807389
3 619
515 4142
5690249
1381918
1451739
272 5574
763 4427
882373
3271502
264 3532
487942
168 3679
768 4941
961089
2482890
162 3913
3518053
112 2287
5011788
2622254
6819816
1370696
6263191
996 2257
2999497
6234317
531 4980
4016097
3842244
2708976
1162 5428
5691034
29 781
1425340
3673955
999 1467
6327111
213 3107
6027379
5011275
5274662
2275997
3152736
950 2032
5248992
1172 2874
996287
190 3450
1449200
5573310
357 1766
1094 2970
2336239
956 3365
6402947
238 204
20975
307 148
612 745
410 2174
1119 34
2251572
806 1060
495 1597
843 3411
5871674
5096500
1056 3764
4892728
499 4209
2285447
373 2063
814 4383
1054 2055
279 4853
6664372
23 4936
5332791
297 1230
293 3737
523 4023
31 1312
498 3588
4496885
884 49
890566
842 4759
1098 1470
841 5471
5136980
2352376
6101869
3014785
741 5326
71 745
919 2877
2085394
2379647
998822
1846613
313 5433
1597933
37546
5995013
377 3292
1132 1875
3306870
857 2052
929239
5859770
4747925
568017
799 1109
371453
1007 1020
1127111
3703687
789 1856
852 107
1926849
6493296
2680968
5024756
1060 4817
2379611
1476354
911 953
666942
216950
4821598
1036 4515
173 5595
924 4324
169 3863
1742996
422993
344 1602
3279962
29 5308
616233
3127075
5977450
641 3198
2569906
4542448
281 3242
913 5276
1089 2735
5933433
430 412
2716847
1025 68
144 2709
1443990
9 4722
1097 5578
982 155
506 5565
920240
3292951
5943512
3362510
1074 4371
394 5592
839 3947
921948
5660936
1759588
894 5524
696781
2776652
377 557
134 2998
2355685
1271151
522 5330
260648
3441443
706 2501
222 4019
336 3759
6798290
8 4993
25 707
2043709
3052987
378263
693 5113
1105 3012
1162453
1207 5676
1704145
6821223
3802033
1146504
972 3523
787 4061
3591199
2593255
909 2618
819 1912
4320111
2304576
910 899
3163510
1024 1488
825840
5728769
6904275
4693734
202 1858
819 1000
652 2354
5263313
1836831
3862325
249948
507 2778
5338831
644 1194
5224313
3728550
4013093
6568365
1169 983
6409342
80 1892
6416925
1158758
1047 2056
6718764
634 4918
782 2724
1153 4529
2275101
362 1897
861 1028
1198 5164
923 740
624 180
455 3180
1216 1436
3396450
4233367
2343033
6192852
870 4103
4542829
1023 833
3335606
4755343
3652156
511 793
798 3067
616 2139
4099401
74 1645
936 2413
883 5184
1182 1284
6810879
3277764
5905063
1451223
4354211
1018 5104
813050
187 2934
831 4789
388188
785 2345
1020 302
5676723
6840310
1017 926
892 3057
764839
1196 4948
1587336
2665052
2752309
1420367
727 4474
2597150
62 1516
241 1786
6891590
3078002
1284993
2930273
555 2685
368841
52 4910
239 427
244 3006
6320953
5204885
882 1049
646 853
73 1155
3751931
181 372
5440999
2655947
6384967
830 5401
176 2291
4966562
6917404
69 3531
1183 4977
920157
1068 3127
278316
444 2291
6622307
570 1768
3079176
708 1679
4885181
59177
1505053
2100754
31 1479
701 301
2219633
1021 2326
942333
1031 2957
140 4935
4386442
454 3709
1136 4589
2972220
1101 1460
454997
505 5512
1215125
5692358
5396848
4595836
580352
622 24
1916886
66 3715
340834
3480018
916 5071
3736789
1119 5498
446457
1409327
975 5478
6874904
1033 3926
3648713
373 2578
6923112
2604085
106 3759
744 3816
5595007
2435207
284 1934
2021184
3435652
2574612
407 4708
1074 2453
496439
778 2738
914 373
5626974
3888661
2553307
883 22
293 4672
1112 738
293 1577
1105796
3750604
709 3909
5560751
26 4311
2406577
665 2728
5528857
2249378
6184581
537 989
2152660
206 5065
4877484
432 404
1406169
3476749
1865381
768 4280
5145225
373 5603
856 4268
579 3024
1121 1281
523393
628 1082
236 5092
3470113
5309959
500 1740
48 515
924 5242
1111 1500
6344493
2660719
3267920
289 1760
660 1595
1983047
2961464
6731705
3036516
809 431
886 2783
801 4481
467 1174
1859684
5389348
1178 1429
4563200
142 3860
1227 3293
3375493
5873150
1222 5226
5809787
2683411
124 4703
355 2636
936794
1181 4160
312 5460
802 5096
1154 3784
32 389
5064097
6401795
735 2569
1119 959
6460993
1127990
849793
553 2128
1258715
1155435
519665
2010847
3461281
1021816
245472
74 2688
27 3765
6563500
2921658
962275
502 2179
197 660
3342353
834 4255
24 5647
96670
1042 1388
5670864
690 4887
3885564
4964247
145 2139
862 3479
406 580
2748370
2983149
560 4827
1183 1369
842 2410
664 1262
71 1438
323 3842
939751
1515159
5464830
4541117
1212 2250
34894
1137 4825
2739691
541 5158
501 84
1216 3801
614 5551
84 362
3799647
948 1471
3482119
3365863
52 767
1047 5246
163 42
3382449
200 3185
1286918
1220 2184
667 651
1073 3909
107809
6154583
446 4769
5584720
1109 189
2507233
882 3230
2361189
416927
911 4106
1141 3442
3483602
168958
6848710
2662804
6001647
1000 1867
3514697
2016067
480 2058
1098 5404
1086 1174
5797037
616965
3722133
5706792
81 2201
539 5219
6481924
694 965
969 2476
2701432
492453
866 2035
1109 1523
180 2934
43 3813
5443510
503 2433
1106 3574
986 1951
828 3636
436 1135
3104269
6692522
4593421
686 3460
6814143
1156 4210
6533223
844368
3110344
3494159
117 4539
900 4813
1050942
1057 4248
728 4148
899 217
4145124
983 443
6133014
4331523
287 1583
737917
52 3479
1452929
884883
170 5322
778460
311 2014
613 2489
302143
4111930
550 1144
205 3050
890131
6727395
1431598
238 1311
4051949
5883426
1028 141
2863759
5828068
936 2659
6554740
115662
1768399
6474011
3366741
2095643
1625114
6909932
239 5129
1381534
992 2409
6929895
244 3306
4873293
710 5507
3746513
1136 4200
2555702
529 1130
1816054
476 71
6465968
4964028
189 4063
635767
3323389
6822014
6940776
425 103
1073 3865
720 919
3440297
918 3084
290 2672
897243
2189936
645 4299
937 3112
1147 4247
860 5291
45 3446
5183790
999 3260
122 3698
1631781
438 193
4901026
630 2241
736 2547
2172541
1627414
105 1200
667 4861
2598382
1555252
6780598
1624385
227 4774
334 5203
1365807
93 3039
1197 5251
529 5179
898 2173
5664097
1608816
1185 5230
180 2068
1026305
4122307
135 3250
2580495
382 5022
1094 1403
2091789
741 1273
6381503
657 4451
2527249
1143 173
333 5196
961 2735
1013 2573
5453415
270 3989
10 4408
1797039
148 739
933 3391
293 4461
220762
1027 607
514 1144
5407616
6364221
2025640
6273154
239987
6231711
829 4401
77504
901 2141
1131 976
843 3583
423 5007
372 2281
501714
467 5119
5756297
4262824
914 5020
804 997
27 3306
1363923
263 4950
750 1347
455270
6256829
583 4547
766 628
4645565
1488907
4048896
1167 2804
724 4529
5986553
1109 776
1015 1259
1032 581
6313244
880 4904
2299640
3502149
760 1746
5017409
729 1877
1102 888
1605913
4375825
4069268
2647300
1024 2370
673 1348
1106 4496
3152694
949 2584
782 4288
439 390
134 962
1062 1614
3559482
6541393
6499677
3656565
2848549
3858576
4088580
710623
242 4860
6523773
669 5293
3486742
4304896
3215031
2620323
4635306
1181 3281
6268216
1215708
912 4060
1093 617
322 1115
2577452
641 3297
964451
26 2317
464 2776
5403568
1081 2044
602 5644
533 2313
1557882
245 194
1231487
2 5633
798 1887
4295418
1099 5122
622 4141
925 5
164 2927
3479416
464 4993
126 767
275 5609
283910
626 2234
1139 2281
1029 2627
3426156
246 3702
889736
4884989
4583952
294 3065
4134595
991 575
169 5401
90 4793
5180376
367 3194
653 5134
767923
922 4831
5238917
6519348
1042 3540
1725677
1165 1185
5417648
359 5049
405 3817
790 1737
306 767
1556487
1130 4025
1037 2021
357 765
1232927
850 1986
2604867
1881649
496 2705
360487
3676183
775 4347
240 1138
2541640
3319988
5815352
1027 647
6088350
3713639
1491479
693 2167
2591440
289 2554
1489381
6554469
1033 2091
933 27
2636667
1185 1033
146481
5011146
774 4168
85 364
4130710
3696769
5719793
1625013
1227 1267
2837333
1002415
3570771
3576968
1230 3160
409 384
158 4571
258 1044
617 1683
3208607
315 4800
966 496
1198 3422
1053136
1002 1895
5447673
183 4074
1606531
19120
362 2083
1086382
2922768
248 2577
341 3346
528 4835
6531999
4875015
1719065
917 104
531035
635 5266
623 1166
6985686
4516984
1527670
5620179
922 4798
50 3715
115 2927
712 4087
6919527
5650319
782260
3866580
3804447
694 2416
5756143
398 3229
3845751
686 3260
6881223
547 1910
665 5141
822079
305008
3363238
537413
963 3852
2258998
4354140
1111 5388
312 2082
918 3363
2562789
843 1772
298 4409
1006 493
5785861
4060140
1054 2713
1150 1247
169 3627
3830711
1561389
6070793
5834152
5550373
36 1659
462 2467
689 3064
1934749
1107 553
593 581
791 2002
5724465
303510
686 3586
253 4273
208 3814
578 4373
5222398
1048 3977
3079082
558 3547
3414732
790643
440 3306
671609
661 401
2478293
714 3298
775 1640
1076929
89 5389
5656924
1015148
1457552
865 2409
5553881
2719841
827996
530 5663
4298862
444 4205
8 2293
796 5280
481 5352
5085635
455606
1055 2478
5282474
3199872
611 2125
1027 4363
604 2280
782 1304
191 1803
120 1660
1033 5622
3692432
346 3375
3078248
88 2159
2213773
34 142
3208387
3737462
4044807
2447292
293 21
142 2448
6574000
818 3864
5718725
4763185
3418149
425623
472 4210
2024296
77406
4932473
65 4938
3398116
58 4066
3367729
4559564
301 1326
2091426
5745229
1143 3837
4623410
819 2618
423 1715
106 4302
62 2132
5819731
39 49
4367232
529 2232
6204974
1089 5555
33 3398
4839990
898 5601
2701399
693 1488
1007046
6636130
966774
3835058
1177 1278
1082 1743
106 3222
244 1256
589 5008
1825520
2793528
1167 563
6607396
2386688
2865466
4656114
434 283
1030 3655
4297476
778 4070
516675
228 1474
1117 3757
2437557
755 3047
767 4243
2244781
4638579
202 3665
3754927
3 2908
1072 515
3106992
3725499
2753996
4828044
5273377
962 1945
883 2036
4509920
236 4679
858 78
3582865
713 2959
854623
1070 2936
1560601
39 4066
2263047
228 3702
323728
1202329
745 2748
3012437
788 779
850 1389
687993
3745058
4066561
544 1608
5270775
3664939
1144 864
3065662
5158409
3133117
373 2019
3714482
900 2250
4434100
2792639
6 2055
2887072
43 5478
6417593
583 4561
2751187
771 2977
1128391
836 2747
435 87
632 63
607 2148
1468183
729 1192
340 1254
352 2230
990 2466
1765028
530753
2078663
1048 5205
158 4282
6849779
6083669
5638778
6624367
404041
2261248
2357625
122 4640
265 4497
732 2909
544 263
288 241
832 2180
1092 2358
1590195
33 5345
1374138
982 1878
6667580
4099549
4415870
4167472
337 5509
649 1800
1026 2913
817 1375
4138590
389976
940 2036
718206
3 4171
466 3431
1168 3288
3284103
692160
476 1994
2142836
833 697
6607001
4494535
3021833
261 778
3215118
288 2049
47 3623
979740
6403183
3877226
479 4341
460 3301
3941676
1228 3171
2967435
4527511
990 1650
487191
281449
1201 2798
391 2095
379 4665
988 1666
960 5063
1840627
1068 3773
673 2526
914 945
4092321
6194645
64 3632
3454897
4186263
6842921
526 56
3455245
760 3561
123 811
874 5250
3834731
89 3573
839 4683
2551785
332726
5315256
6862869
6765547
3549022
6982634
915 947
117 739
802 4069
6796178
197 2353
2678844
386 1809
712 364
1038 3975
1250253
531 3154
472 1144
2052333
533 2499
435 3041
5630569
4504535
1067 4607
190 2736
1148 1148
230 2718
50 2935
215 2338
6191243
2026420
3582787
6613271
780 49
2862133
160 816
852 3009
993 4888
6523073
6258145
4868293
517 2005
6305761
1307270
747 4218
1118 2034
3233318
1115 4328
3425489
468 4697
3741798
648 2472
221 4396
1290009
4369496
625876
4297138
4368773
1512632
2655065
402 4681
336 1416
114 3648
6346296
1185 3839
4831441
2153594
5219875
759 1547
6994184
911 3455
180 2994
1669137
197751
832 1527
3234422
1789515
51668
3941606
1206 2872
1308941
929 554
6159301
4584254
865 5391
2324738
3720755
31 5547
547 2479
917589
850 3201
2335777
787 2656
4088282
161 2861
1171 697
1165 3351
3974596
446 147
2807579
1142 2232
3478245
737 3330
94538
5000971
430971
5973104
5252493
5068101
241 149
1924004
1605854
723 5638
592034
2842840
2292036
365 2469
400 438
107 1153
5319719
5068556
927 3871
954 5525
3437431
5126981
419 2920
6468421
401 3454
762 1050
579 841
6559352
6261866
152840
953 2298
1172 4181
523766
5039522
1860596
5401238
6201150
4771028
896 3982
6741173
299 4224
703 1529
898 1894
4162712
991555
986 946
775 3797
655 1259
6989451
2534542
1227494
1071023
4616725
550 1527
20 994
2814689
6400182
6554392
322 13
927 3323
1676843
2718093
972 4187
1192 4935
26 4867
93 2337
2410878
6393288
3952721
745 2919
3087905
377688
1090 4435
3853129
728 1056
1110347
4294629
184 2475
543 4891
1154 4994
577 1451
1431014
524 5276
733488
717 2071
294 4498
346 1697
1120 461
854 1596
822 2444
162 799
183 1575
5207269
735 2265
888 2947
1176 1808
2510122
6310936
1980787
4665206
581 75
6625921
3497278
22 3817
1149 4178
1227 2004
492 161
1235047
6409624
5492282
681 628
6383290
93 3950
120 3381
1016 4878
1117 5073
6119211
372 4943
670 3746
841371
1132 4230
833 2868
1059 4258
374 3591
4674229
1418434
1298764
877 650
858 81
896 1005
3496433
589 1160
6308946
372 4454
1108 623
1305033
857 438
1813676
644 4786
2724024
229 3544
5831868
2388944
5016265
5364875
360 201
3467001
653 132
158 4332
1017 1188
5630516
2524493
3897656
511 4384
5616390
449 1193
719 4880
3785918
2191213
5670474
3478241
274 2204
805 682
240574
1900727
336 4919
968 346
6483387
1063 5572
726 3756
251 3859
832 4378
826 1503
986 1211
93 4441
823 1549
14 1960
2541778
31 3143
6990346
384 1962
1090 451
705360
348 1661
752 136
2759274
5055330
641 1884
1761469
439 2029
58 539
6751741
589 2302
4051874
4536893
567193
2513858
1057997
478000
189 2168
4264619
6604433
3738578
57034
5805467
105 930
554 3912
308 2591
556 2841
6669885
6782154
6937990
439 4085
6651860
575 3296
657 604
322 3
578 5306
290 1209
3323511
2073943
3955817
6751320
25 937
15 3522
1637214
134 4991
2766445
1158 4625
423 1344
4481429
6465579
1212 2305
1043 692
2080451
218 5130
610 812
4816676
955 5634
642 3627
711584
1037 1548
782 1297
57 761
326 2881
986 5507
668 2024
528 5175
5601511
6213063
1652289
5358676
149 946
2333941
457 2446
2688378
502 4727
2963673
