7518603610
7481729754
7730210306
7709257788
7853081964
7573853460
7782152390
7568720439
7880788316
7801707676
7871206539
7928963099
7644385877
8337476893
7667793341
7649774833
7876843819
7554101152
7816651082
7724492815
7715570431
7869199631
7369089322
7824118415
7819026090
7629596498
7837730770
7546368843
7578903878
7622697497
7782342969
7399437599
7745904546
7419767233
7650487993
7734368933
7813398383
7516271209
7447482570
7832798139
7652867372
7902180030
7911825367
7474932512
7868189052
7763582578
7546843446
7460529467
7726430315
7752113232
7904880487
8037512182
7728779115
7487887772
7579748890
7919643281
7583162683
7735754273
7616025595
7654687401
7619936147
7734523458
8088152369
7860629152
7932533605
7616726322
7608397712
7680749409
7796112972
7327821976
7991841114
7711999035
7435021309
8286632657
7708902789
7842353673
7305924690
7875601441
7623000380
7894641427
7530312796
8039364882
7892465204
7270404679
7717990883
7768351024
7705604058
7300680375
7641144905
7408428930
7644943322
7721081819
7718118902
7657097387
7459618888
7736546865
7832249666
7559910143
7645757504
7840163533
