7739298413
7918638684
7636985798
7401890143
7411890509
7610992623
7788456039
7856364072
7916329235
8100752479
7640922631
7831324053
7458272395
7586092358
7880143497
7791029269
7918208106
7721252393
7721753446
7789314088
7582704266
7461469792
7644341017
7664637630
7903546171
7749100259
7685030779
7776301355
7761581829
7344048575
7655241508
7021360544
7572908439
7630426542
7501974897
7783124724
7882628597
7866695144
7782221735
7622576135
7581130020
7539082483
8067312195
7721031010
7689080455
7329182222
7780454240
7312930591
7775029363
7842556675
7865600665
7684728459
7549699763
7305930517
7568428775
7822574711
7774341585
7972799574
7816995298
7791739597
7596039609
7639100631
7594957911
7851166701
7716285822
7708188127
7816392011
7485224470
7585894536
7719024599
7564812997
8161606474
8125838003
7768183004
7413929172
7781231921
7783189312
7883520738
7789462003
7487031674
7648425671
7613945041
7765979126
7851499387
7799192348
7557763126
7714429316
7735595696
7617500857
7791145230
7763124775
7623652062
7833567843
7174976619
7580729862
7458084288
7834138613
7237740697
8030967347
7611927427
