7577082477
7835277874
7979367235
7612844946
7508690958
7533549438
7810029810
7589255832
7651294708
8119727513
7709993067
7528182850
7711436136
7744169033
7511174319
7846968878
8023071273
7789721922
7745174298
7704251869
8060781913
7765979365
7380490842
7956898567
7463742081
7493952413
7664481876
8026580954
7493397322
7435804284
7898709665
7684946921
7802527614
7420350140
7412249144
7569668243
7740632448
7762338030
7631299462
7802383578
7387615257
7930875667
8009070860
7759021627
7523171113
7653784850
7648229376
7891502952
7698940422
7546420731
7715861231
7746478608
7741735045
8099637134
7954756877
7579803801
7693754593
7927699229
7466699655
7705953883
7566759675
7886751826
7587571352
7889188999
7447204704
7690738748
8027140575
7687387107
7919351945
7918930737
7803866037
7668466974
7790948939
8007512058
7389949618
7755514308
7539335267
7916184271
7298841961
7961343400
7608531211
7798040487
7793500148
7444544165
7498552555
7953151865
7631190149
7456430972
7849085049
7802010344
7814792264
7829589157
7748367892
7640179616
7581812937
7543093835
7726957814
7746482390
7785150811
7792480354
