7714883498
7130629731
7924624144
7469618933
8055695140
7764335057
7742091038
7494422940
7439394223
7742760688
7570366867
7628002244
7616416171
7378492828
7453082390
7466232671
7648116345
8043355437
7911662857
7539335391
7746616948
7968857821
7663356137
7561688678
7792449240
7662693317
7643817360
7568764207
7624644374
7875436821
7880024180
7494796764
7325656210
8126449006
7613802540
7747610423
7817364735
7839188223
8058626686
7616090080
7996438150
7829683254
7659954967
7594473998
7846446119
7789707188
7398580912
7671699753
7780119954
7833949596
7637260482
7634952332
7738562657
7776268596
7577814254
7657722910
8004652924
8103402307
7538533157
7642778844
7909399445
7486171381
7407180025
7567725606
7273532766
8072494144
7774492983
7574427872
7587751428
7510456845
7764880997
7527001636
7858890538
7556383749
7674486559
7712372778
7463695339
7736734997
7747123848
7409708106
7693598292
7758346001
7459352326
7685481817
7769153866
7550940689
7428330270
7713727360
7616026612
7887159225
7900656680
7887802968
7246511210
7899308671
7658935349
7689970361
7727922233
7819106739
7633187055
7471837821
