7870834903
7543741939
7629647036
7669172006
7860518383
7710970282
7712236222
7378375104
7322694008
8113433882
7625978107
7655484916
7555497482
7533869160
7671222853
7622539951
7707736651
7514757087
7380747366
7794832851
7600715215
7732263517
7763050229
7786293439
8028876360
7645174929
7610991460
7758458986
7697361556
7568572799
7903352518
7675642791
7521102760
7785835781
7748175131
7610722442
7590108398
7668686411
7600185271
7835289070
7810455375
7791092158
7318399457
7543291865
7811832651
7786171497
7770976093
7678907410
7928348392
7623802972
7688020349
7504612257
7809676656
7689926546
7502861936
7718094753
7739966379
7554384145
7629403089
7743843068
7712682076
7620916877
7846171108
7500729792
7726801084
7286726746
7917805862
7553016120
7541333274
7727502291
7812702112
8061155406
7678254610
7895719302
7753582554
7599016873
7666100012
7663485499
7604134898
7664280761
8142072878
7988759554
7457710246
7674981171
7656932202
7706815425
7620289978
7518282561
7957507472
7511470178
7818466746
7502154615
7630791646
7470712287
7756916622
7755949620
7501436396
7965485765
7773492664
7493071447
