7695298806
7957452164
7406487880
7580331393
7489373626
7776525047
7785863580
7862219757
7592645799
7977142174
7691739831
7595969171
7375883224
7476575702
7878606144
7502745729
7747266268
7457329219
7883535594
7785468130
7730687909
7796194872
7634616890
7705608344
7950766085
7684481253
7209559226
8180346660
7517564857
7452030654
7624064803
7945627448
7576319007
7626415442
7424941919
7514347693
7673113171
7802314540
7528266834
7768181505
7725393661
7510208652
7877253189
7834475039
7972848479
7363198870
7772401471
7768101115
7926864700
7949698861
7812173876
7629859350
7884984729
7670610966
7812601925
7498609534
7663356199
7158921032
7703723633
7878932915
7812087735
7600764888
7819580482
8029464852
7831107987
7576627971
7707494637
7699143194
7464461364
7760051689
7708505301
7659491328
7356063355
7551400528
7756517347
7808956706
8183458580
7629560162
7587106425
7483453906
7680482694
7381849113
7615498712
7747848702
7778750260
7806306741
7888574281
7801705315
7287229121
7246936126
7834108192
7812028086
7712955296
7841924822
7847570147
7668308264
7748190477
7566346196
7807066989
7802176375
