7732290939
8139849725
7857660031
7622992329
7606233862
7792833185
7589197104
7541120553
7352214636
7667533786
7500763562
7653678224
7487888318
7536416252
7436530817
7954487548
7626408103
7996293403
7289385458
7985289285
7870861007
7598595536
7720347729
7982400683
7487427218
7561492971
7900350670
7521238412
7529170757
7698650047
7624472018
7955769203
7576971051
7886749096
7722341183
7302186851
7664063183
7610176086
7649545010
7429313172
7688062162
7598120601
7677758314
7781587904
7820288920
7933190051
7404200680
7953306740
7556660671
7656083708
7840745919
7319051692
7585170958
8029684918
7749138839
7747752335
7745441554
7776433214
7674383651
7328199571
7465839489
7878974023
7778470846
7500450478
8013189148
7404795087
7393276993
7918496407
7636824853
7670642688
7392051420
7712238784
7628822535
7639714019
7731152649
7456457835
7598187049
7409127755
8061094288
7743025825
7579240227
7621506917
7496287268
7296879016
7626797701
7624190699
7402279956
7677811044
7950563136
7857769134
7652373197
7432038402
7678164029
7770596849
7458905326
7803141696
7712682518
7761028502
7667793139
7667672356
