7795131736
8064556911
7763507657
7725332990
7830719002
7649196970
8029271536
7453745884
7479836834
7658675942
7544134566
7945485064
7576737208
7741336442
7861500856
7741868648
7213091112
7687038589
7627795293
7537154629
7834311825
7807966046
7812806594
7909005535
7891197902
7794710516
7633004198
7890859785
7638216200
7769575318
7503422851
7496420112
7302442434
7697607401
7725342463
7830478313
7898376478
7838111550
7817632177
7934481825
7705855368
7703042500
8103625214
7798401497
7795094969
7607991092
7992481710
7551483750
7530158485
7582192066
7656939651
7727197915
8181017555
7764948867
7672469426
7661417574
8109200976
7701414753
7704895412
7645909050
7771008764
7592401711
7672330514
7529788117
7930277564
7490319520
7577850294
7623320266
7737363484
7900772433
8005397261
7604408920
8036923745
7773814225
7531317526
7748868947
7657876948
7875253524
7172390655
7612929002
7364414436
7794649975
7813486877
7737215838
7838106452
7530156367
7740911419
7705263636
8027675029
7749389664
7661028433
7734996858
7695358068
7756839554
7799079529
7731802338
7506203735
8037397403
7554795158
7716808293
