7678129643
7765370849
7780465917
7676917099
7966264651
7899903676
7817608092
7834964064
7389885248
7800335024
7621641643
7545480344
7670180025
7686441782
7683939168
7601628402
7777017098
7407354362
7777704144
7675548194
7919368967
7330030356
7689804566
7963534197
7775092459
7899457488
7454321837
7576112854
7665754627
7856328630
7815044266
7726872424
7467226837
7942210618
7771672679
7648944471
7415708831
7457488042
7690091083
7743491584
7458142566
7971747152
7690473793
7829564591
7832220369
7907777392
7645054087
7585735758
7758119407
7709737902
7448915435
7866467293
7381770466
7493333399
7629847489
7508754495
7429235819
7806934231
7731284748
7508910167
7981073817
7570727059
7714127551
7679240087
7767068578
7584328697
7771814156
8013484603
7804887871
7637930812
7871776587
7615535722
7833722966
7469144444
7716117613
7570823726
7876592585
7752036279
7705616066
7447440511
7876729346
7574117727
7408589294
7528515642
7391413748
7863684323
7650228958
7650676823
7695231362
7584386521
7690908385
7480943734
7452350047
7686739484
7671968744
7654066671
7678320209
7784794159
7597749286
7992672714
