8023787713
7767700700
7787581616
7900401183
7920272665
7821862849
7929851168
7469859868
7480233832
7843864854
7627008048
7426192330
7885216189
7742846245
7635896706
7513659543
7726226490
7868934913
7801062683
7421993147
7725783690
7701814912
7591162293
7472491937
7758594919
7839827565
7741720717
7788817173
7794643282
7442134694
7485334398
7704333148
7514564488
7836725300
7792069658
7581828131
7626053082
7485772854
7841944654
7720559751
7743280166
7602267611
7487184297
7686151433
7431561683
7691408592
7773879271
7894726228
7468164390
7788536732
7993735275
7662497814
7781915386
7729873055
7691232612
7792860694
7982477160
7616416614
7799636432
7824081283
7611591979
7683305813
7656463492
7589873989
7284167140
7743253060
7667643636
7366104192
7788540113
7763362301
7321000114
7651902059
7808192246
7729881918
7497189430
7584390098
7598830920
7721997204
7808020725
7610227372
7558006524
7903721044
7566708576
7522169946
8112987629
7926546267
7814712277
7580696054
7997166274
7756476200
7564042405
7727743381
7511850809
7965406200
7879434142
7472840840
7631096800
7486381888
7419636825
7791565582
