32741
32732
32721
32695
32680
32604
32567
32563
32538
32531
32504
32471
32469
32429
32417
32397
32390
32315
32308
32292
32290
32280
32262
32256
32198
32160
32105
32072
32023
32006
31997
31985
31982
31950
31921
31907
31898
31889
31881
31867
31710
31672
31629
31613
31604
31592
31591
31502
31435
31425
31399
31330
31295
31276
31250
31195
31101
31052
31023
30979
30975
30967
30946
30917
30864
30837
30831
30817
30647
30615
30614
30558
30499
30484
30450
30397
30364
30322
30286
30271
30259
30203
30163
30078
30059
30039
30012
29986
29904
29852
29810
29757
29699
29670
29474
29447
29404
29373
29363
29334
29286
29284
29275
29167
29031
29005
28943
28931
28907
28831
28808
28741
28741
28732
28719
28714
28684
28678
28617
28589
28522
28513
28504
28493
28462
28448
28380
28317
28305
28284
28281
28261
28256
28232
28201
28180
28158
28114
28079
28043
28013
27994
27991
27981
27918
27857
27851
27827
27816
27761
27722
27628
27612
27535
27521
27472
27465
27422
27375
27309
27298
27224
27222
27222
27198
27130
27118
27113
27049
27039
26863
26849
26841
26835
26776
26728
26715
26660
26635
26631
26605
26580
26574
26574
26542
26487
26481
26466
26447
26447
26442
26367
26322
26319
26298
26293
26230
26132
26068
25992
25974
25947
25867
25866
25842
25813
25749
25735
25689
25637
25589
25573
25493
25477
25460
25420
25337
25333
25311
25284
25283
25283
25197
25186
25174
25129
25119
25097
25005
25000
24985
24983
24934
24903
24886
24870
24830
24786
24782
24775
24747
24701
24687
24676
24658
24548
24539
24528
24486
24481
24433
24398
24322
24315
24237
24235
24217
24217
24196
24159
24156
24115
24097
24092
24086
24060
24048
24045
24042
24026
23997
23972
23859
23844
23822
23808
23796
23741
23734
23729
23717
23660
23644
23634
23630
23556
23530
23525
23509
23479
23415
23383
23289
23274
23219
23138
23132
23118
23093
23005
22975
22957
22890
22875
22811
22792
22765
22715
22686
22680
22621
22609
22597
22572
22543
22521
22519
22481
22472
22461
22456
22450
22444
22432
22428
22416
22382
22349
22331
22277
22261
22232
22108
22096
22089
22088
22064
22031
22017
22003
21950
21942
21809
21771
21759
21666
21666
21639
21576
21564
21550
21535
21508
21502
21481
21478
21471
21461
21445
21390
21370
21356
21354
21349
21294
21281
21261
21220
21203
21147
21110
21108
21010
20991
20863
20863
20686
20660
20629
20618
20565
20554
20518
20505
20494
20472
20412
20364
20322
20302
20298
20262
20253
20178
20170
20139
20136
20132
20047
20041
20011
19944
19901
19877
19851
19845
19797
19739
19697
19689
19679
19632
19566
19508
19491
19411
19404
19262
19236
19202
19198
19167
19165
19148
19075
19066
19048
19032
19028
19018
18962
18955
18954
18950
18864
18802
18748
18682
18619
18591
18586
18548
18545
18495
18459
18451
18440
18345
18345
18325
18277
18251
18205
18192
18141
18109
18074
18047
18045
18042
18005
17959
17915
17894
17893
17820
17768
17765
17745
17626
17610
17603
17590
17511
17423
17382
17328
17300
17294
17252
17219
17211
17187
17174
17154
17133
17123
17115
17052
16977
16964
16962
16948
16913
16905
16883
16857
16821
16816
16701
16699
16675
16662
16636
16624
16612
16534
16418
16368
16359
16312
16301
16235
16227
16159
16129
15963
15942
15923
15894
15860
15853
15838
15790
15788
15772
15678
15652
15640
15630
15573
15571
15521
15514
15498
15463
15432
15406
15383
15362
15361
15341
15331
15290
15184
15172
15127
15101
15056
14962
14898
14898
14841
14836
14828
14827
14810
14756
14723
14708
14697
14669
14559
14487
14470
14319
14278
14205
14173
14144
14134
14094
14092
13993
13993
13977
13958
13953
13923
13870
13862
13856
13840
13804
13803
13782
13781
13738
13725
13699
13697
13545
13539
13478
13477
13411
13184
13183
13106
13104
13052
13037
12988
12975
12960
12940
12825
12808
12800
12798
12752
12743
12639
12618
12617
12595
12558
12550
12550
12452
12435
12414
12397
12388
12277
12245
12243
12234
12185
12132
12126
12125
12107
12064
12004
11994
11943
11926
11900
11894
11855
11826
11825
11809
11801
11773
11754
11738
11713
11650
11563
11547
11533
11491
11460
11453
11418
11393
11391
11384
11377
11362
11359
11318
11291
11285
11258
11244
11188
11177
11151
11149
11143
11029
10990
10986
10964
10955
10935
10915
10904
10903
10795
10724
10708
10700
10695
10562
10499
10455
10453
10446
10427
10426
10416
10379
10364
10353
10349
10338
10329
10316
10233
10191
10178
10153
10116
9979
9916
9910
9910
9900
9853
9809
9788
9760
9718
9715
9682
9680
9654
9636
9602
9594
9579
9576
9575
9563
9542
9514
9476
9430
9403
9369
9352
9309
9301
9273
9230
9159
9064
9052
9036
8988
8984
8965
8963
8955
8933
8756
8737
8727
8714
8648
8630
8594
8504
8465
8408
8335
8269
8239
8215
8108
8051
7979
7978
7974
7936
7932
7906
7861
7849
7808
7786
7666
7662
7640
7638
7616
7600
7595
7593
7555
7543
7451
7434
7191
7180
7091
7078
6994
6991
6964
6937
6792
6786
6769
6749
6709
6707
6700
6698
6693
6625
6507
6488
6457
6393
6339
6250
6203
6170
6167
6131
6114
6081
6023
5975
5964
5948
5936
5931
5916
5829
5822
5777
5721
5666
5652
5637
5612
5606
5579
5567
5530
5245
5220
5215
5215
5203
5195
5122
5059
5058
4941
4937
4916
4906
4795
4793
4788
4764
4761
4664
4640
4599
4595
4593
4548
4531
4523
4431
4362
4296
4211
4180
4146
4099
4092
4057
4057
4046
4043
4043
3968
3959
3925
3812
3792
3751
3705
3656
3637
3582
3574
3562
3549
3532
3519
3493
3485
3389
3379
3350
3346
3342
3331
3264
3251
3210
3151
3147
3101
3064
3036
2922
2900
2828
2807
2790
2739
2719
2717
2569
2541
2531
2521
2398
2336
2312
2309
2285
2249
2133
2057
1947
1872
1832
1788
1749
1746
1691
1665
1637
1635
1602
1594
1591
1573
1573
1554
1532
1532
1482
1457
1452
1419
1410
1389
1349
1302
1258
1238
1179
1119
1109
1095
1092
1087
1059
1026
1026
1011
940
866
795
718
710
703
693
632
626
590
584
575
571
547
540
512
456
432
368
349
340
316
285
282
273
259
242
238
231
217
201
140
138
125
91
