22 88
........................................................................................
........................................................................................
........................................................................................
........................................................................................
........................................................................................
........................................................................*...............
.......................................................................*.......*.*......
......................................................................**..*.*..*........
..........................................................................**.**.........
......................................................................**.*..***.........
......................................................................****...**...*.....
......................................................................****...**...*.....
......................................................................**.*..***.........
..........................................................................**.**.........
......................................................................**..*.*..*........
.......................................................................*.......*.*......
........................................................................*...............
........................................................................................
........................................................................................
........................................................................................
........................................................................................
........................................................................................
100
