9999999999999999999999999999999999999999999999999999999999999999999999999999999999999999999999994
1000000000000000000000000000000000000000000000000000000000000000000000000000000000000000000000003
99999999999999999999999999999999999999999999999999999999999999999999999995
10000000000000000000000000000000000000000000000000000000000000000000000004
999999999999999999999999999999999999999999999999999999999999999999999999999999999992
100000000000000000000000000000000000000000000000000000000000000000000000000000000001
99999999999995
10000000000004
7
7
9999999999999999999999999999999999995
1000000000000000000000000000000000004
999999999999999999999999999999999999999999999999999999999999999999999999999999999991
100000000000000000000000000000000000000000000000000000000000000000000000000000000000
9999999999999999999999999999999999999999999999999999999999999992
1000000000000000000000000000000000000000000000000000000000000001
99999999999999999999999999999999999999999999999
10000000000000000000000000000000000000000000008
9999999999999999999994
1000000000000000000003
9999999
1000008
999991
100000
99999999999999999999999999999999999999999999999999999999999999999999999999999999997
10000000000000000000000000000000000000000000000000000000000000000000000000000000006
999999999999999999999999999999999999999999999999999999999999999996
100000000000000000000000000000000000000000000000000000000000000005
9999999999999999999999999999999999991
1000000000000000000000000000000000000
9999999999999999999999999999999999999999999999999999999999999999999999999999999999999999994
1000000000000000000000000000000000000000000000000000000000000000000000000000000000000000003
99999999999999999999999999999999999999999999999999999999999999999999999999999999999999999999999992
10000000000000000000000000000000000000000000000000000000000000000000000000000000000000000000000001
99999999999994
10000000000003
9999999999991
1000000000000
99999999999999999999999999999999999999999999999999999999999999999992
10000000000000000000000000000000000000000000000000000000000000000001
999999999999999999999999999999999999991
100000000000000000000000000000000000000
99999999999997
10000000000006
9999999999999999999999991
1000000000000000000000000
9996
1005
9
9
9999999999999996
1000000000000005
99999999999999999999999995
10000000000000000000000004
999999999999999999994
100000000000000000003
99999999999999999999999999999999999999999999999999999999999999999999999999999999999999999999994
10000000000000000000000000000000000000000000000000000000000000000000000000000000000000000000003
9999999999999999999999999999999999999999999999999999999999999999999999999999999999999999999999999999
1000000000000000000000000000000000000000000000000000000000000000000000000000000000000000000000000008
999999999999999999999999999999999999999992
100000000000000000000000000000000000000001
999999999999999999999999999999999999999999999999999999999999999999999999999999999999999999992
100000000000000000000000000000000000000000000000000000000000000000000000000000000000000000001
9999999999999999999999999999999999999999999999999997
1000000000000000000000000000000000000000000000000006
999999999999999999999999999999999999999999999999999999999999999999999999999
100000000000000000000000000000000000000000000000000000000000000000000000008
999999999999999999999999999999999999999999999999999999999999999999999999993
100000000000000000000000000000000000000000000000000000000000000000000000002
9999999999999999999999999999999999999999999999999999999999999999999999999999999995
1000000000000000000000000000000000000000000000000000000000000000000000000000000004
99999999995
10000000004
999999999999999999994
100000000000000000003
9999999999999999999999999999999999999999999999999999999
1000000000000000000000000000000000000000000000000000008
999999999999999999999999999999999999999999999999999999999999999999999999999999999999999999999999995
100000000000000000000000000000000000000000000000000000000000000000000000000000000000000000000000004
9999999999999999999999999999999999999999999999999999999999991
1000000000000000000000000000000000000000000000000000000000000
9999999999999999999999999999999999999999999999999993
1000000000000000000000000000000000000000000000000002
999999999999999999999999999999999999999999999999998
100000000000000000000000000000000000000000000000007
99999999999999999997
10000000000000000006
999996
100005
9999999999999999999999999999999999999999999999999999
1000000000000000000000000000000000000000000000000008
99999999999994
10000000000003
99999999999999999999999999999999999999999999999993
10000000000000000000000000000000000000000000000002
99999999995
10000000004
999999999999999999999999999999999999999999999999999999999999999999999999999999999999999999
100000000000000000000000000000000000000000000000000000000000000000000000000000000000000008
9999999999999999999999999997
1000000000000000000000000006
99999999999999999999999999999999999999999999999999999996
10000000000000000000000000000000000000000000000000000005
9999999999999999999999999999999999999999999999999999991
1000000000000000000000000000000000000000000000000000000
999999999999999999999999999999999999999999999999
100000000000000000000000000000000000000000000008
999999999999999999999999999999999995
100000000000000000000000000000000004
999999999999999999999999999999999999999999999999999999999996
100000000000000000000000000000000000000000000000000000000005
9999999999999999999999999999999999999999999999999999999999997
1000000000000000000000000000000000000000000000000000000000006
999999999999999999999999999999991
100000000000000000000000000000000
999999999
100000008
99999999999999999999999999999999999999999999999999999999999999999999999999999999999999999993
10000000000000000000000000000000000000000000000000000000000000000000000000000000000000000002
9999999999999999999999999999999999999999999999999997
1000000000000000000000000000000000000000000000000006
999999999999999999999999999999999999999999999999999999999999999999999999999999999999999999994
100000000000000000000000000000000000000000000000000000000000000000000000000000000000000000003
999999999999999999999999999999999999999992
100000000000000000000000000000000000000001
999999999999999999999999999999999999999999999999999999999999999999999999999999992
100000000000000000000000000000000000000000000000000000000000000000000000000000001
9999999999999999999999999999999999999999999999999999999999999999996
1000000000000000000000000000000000000000000000000000000000000000005
999999999999999999999999999999999999999999999999999999999999999999999999999999999999999999999
100000000000000000000000000000000000000000000000000000000000000000000000000000000000000000008
9999999999999999999999999999999999999999999
1000000000000000000000000000000000000000008
99999999999999999999999999999999994
10000000000000000000000000000000003
9999999999999999999999999999999999999999999999999999999999999999999999991
1000000000000000000000000000000000000000000000000000000000000000000000000
9999999999991
1000000000000
9999999999999999999999999999999999999999999999992
1000000000000000000000000000000000000000000000001
9999999999999999999999999999999999999999999999999999999999999999999999999999992
1000000000000000000000000000000000000000000000000000000000000000000000000000001
9999999999999999999999999999999999999999999998
1000000000000000000000000000000000000000000007
999999999999999999999999999999999999999999999999999999999999999999999999999999999995
100000000000000000000000000000000000000000000000000000000000000000000000000000000004
99999999999999999999999999999999999999999999999999991
10000000000000000000000000000000000000000000000000000
99999999999999999999999999999999999999999999999999999999999999999998
10000000000000000000000000000000000000000000000000000000000000000007
9995
1004
99999999999999999999999999999999999999999999999999999992
10000000000000000000000000000000000000000000000000000001
94
13
99999999999999999999999999999999999999999999999997
10000000000000000000000000000000000000000000000006
999999999992
100000000001
99999999997
10000000006
9999999999999999999999999999999999999999999999999999999999999999999999999999999
1000000000000000000000000000000000000000000000000000000000000000000000000000008
99999999999999999999999999999999999998
10000000000000000000000000000000000007
999991
100000
9999999999999999999999999999993
1000000000000000000000000000002
999999999999999999999999999999999999999999999999999999999999999992
100000000000000000000000000000000000000000000000000000000000000001
999999999999999999999999999999999999999999999999999999999998
100000000000000000000000000000000000000000000000000000000007
9999999999999999999999999993
1000000000000000000000000002
9999999999999999999999999999999999999999999999999999999999999999994
1000000000000000000000000000000000000000000000000000000000000000003
99999999999999999991
10000000000000000000
999999999999999999999992
100000000000000000000001
999999999999999999999999999999999999999999999999999999999999999999999997
100000000000000000000000000000000000000000000000000000000000000000000006
9999999999999999999999999999999999999999999999999999999999999999999999999999999999999999999999999997
1000000000000000000000000000000000000000000000000000000000000000000000000000000000000000000000000006
999999999999999999999999999999999999999999999999999999999999999999999999999999999999999992
100000000000000000000000000000000000000000000000000000000000000000000000000000000000000001
999999999999999999999999999999999999999999999999999999999999999995
100000000000000000000000000000000000000000000000000000000000000004
99999999999999999999999999999999999999999999999999999999999999999999999999998
10000000000000000000000000000000000000000000000000000000000000000000000000007
999999999999999999999999999999991
100000000000000000000000000000000
9999999999999999999999999999999999999999999999992
1000000000000000000000000000000000000000000000001
99999999999999999999999999999999999999999999999999999999999999999999999999999999999999999999999997
10000000000000000000000000000000000000000000000000000000000000000000000000000000000000000000000006
999999999999999999999999999999
100000000000000000000000000008
999999999999999999999999999999999999999999999999999999999999999999999999992
100000000000000000000000000000000000000000000000000000000000000000000000001
999999999999999999999999999999999999996
100000000000000000000000000000000000005
999999999999999999999999999999999999999999999999999999999999999999999999999999999998
100000000000000000000000000000000000000000000000000000000000000000000000000000000007
999999999999999999999999999999999999999999999999999999999999999999999999999999999999991
100000000000000000000000000000000000000000000000000000000000000000000000000000000000000
999999999999999999999999999999994
100000000000000000000000000000003
999999999999999999999999999999999999999999999999999999999999999
100000000000000000000000000000000000000000000000000000000000008
99999999999999992
10000000000000001
9999999999999999999999999999999991
1000000000000000000000000000000000
999999999999999999999999999999999999999999999999999999999999999999999999999999991
100000000000000000000000000000000000000000000000000000000000000000000000000000000
999999999999999999999999999999999999999999999999999998
100000000000000000000000000000000000000000000000000007
9999999999999994
1000000000000003
99999999999999999999999999999999999999999999999999999999999999999999999999999999999999999999994
10000000000000000000000000000000000000000000000000000000000000000000000000000000000000000000003
9999999999999999999999999999999999999999999999999999999999999999999999993
1000000000000000000000000000000000000000000000000000000000000000000000002
999999999999999999992
100000000000000000001
99999999999999999999999994
10000000000000000000000003
999999999999999999999999999999999999999999999999999999999999999999999999999999999999999999998
100000000000000000000000000000000000000000000000000000000000000000000000000000000000000000007
9999999999999993
1000000000000002
9999999999999999999999999999999999999999999999999999999999999999999999999999999
1000000000000000000000000000000000000000000000000000000000000000000000000000008
9999999991
1000000000
9999999999999999999999999999999999999999995
1000000000000000000000000000000000000000004
99999999999999999999999999999999999999999999999999999999999995
10000000000000000000000000000000000000000000000000000000000004
9999999999999999999999999999999999999999999999999999999999997
1000000000000000000000000000000000000000000000000000000000006
9999999999999999999999999999999999999999999993
1000000000000000000000000000000000000000000002
99999999999999999999999999999999999999999999999999999999999999999999996
10000000000000000000000000000000000000000000000000000000000000000000005
9999999999999991
1000000000000000
99999999999999999999999999992
10000000000000000000000000001
9999999999999999999999999999999999999999999999999999999999999991
1000000000000000000000000000000000000000000000000000000000000000
9999999999999999999999999999999999999999999999999999999999999999999991
1000000000000000000000000000000000000000000000000000000000000000000000
9999999999995
1000000000004
9999999995
1000000004
9999999995
1000000004
9999999994
1000000003
99999999999999999999999999999999999999999999999993
10000000000000000000000000000000000000000000000002
99999999999999999999999999999999999999999999999999999999999999999999999999999991
10000000000000000000000000000000000000000000000000000000000000000000000000000000
9999999995
1000000004
99999999999999999999999999999999999999999999999999999999999999999999999999999999998
10000000000000000000000000000000000000000000000000000000000000000000000000000000007
9999999999999999999999999999991
1000000000000000000000000000000
99999999999999999999999999999999999999991
10000000000000000000000000000000000000000
9999999999999999999999999999999999999999999999999999997
1000000000000000000000000000000000000000000000000000006
9999999999999999999999999999999999999999999999999999999999999999996
1000000000000000000000000000000000000000000000000000000000000000005
999999999999992
100000000000001
999999999999999999999999999999999991
100000000000000000000000000000000000
9999999999999999999999999999999999999999999999999999995
1000000000000000000000000000000000000000000000000000004
999999999999999999999999999999999999999992
100000000000000000000000000000000000000001
99999999999999999999999999999999999999999999999999999999999999999999999999999999999999993
10000000000000000000000000000000000000000000000000000000000000000000000000000000000000002
9999999999999999999999999999999999999999999999999999999999999999999999999999999999999999999999
1000000000000000000000000000000000000000000000000000000000000000000000000000000000000000000008
999999999999999996
100000000000000005
99
18
999999999999999999999999999999999999999999999999999999999999999999998
100000000000000000000000000000000000000000000000000000000000000000007
99999999999999999999999999999999999999999999999999999993
10000000000000000000000000000000000000000000000000000002
999999999999999999999999999999994
100000000000000000000000000000003
9999999999999999999999999999999999999999999999999999999999999991
1000000000000000000000000000000000000000000000000000000000000000
9999999999999999999999999999999999999999991
1000000000000000000000000000000000000000000
999999999999999997
100000000000000006
9999999999999999999999999999999999999999999999999999999999999999999999999999999999999999999999999999
1000000000000000000000000000000000000000000000000000000000000000000000000000000000000000000000000008
9999999999999999999999999999999999999999999998
1000000000000000000000000000000000000000000007
999999999999999999995
100000000000000000004
999999999999999999999999999999999999999999999999999999999999999999999999999999999997
100000000000000000000000000000000000000000000000000000000000000000000000000000000006
999999999999999999999999999999999999999999999999999999999999999999999999993
100000000000000000000000000000000000000000000000000000000000000000000000002
9999999999999999995
1000000000000000004
99999999999999999999999999999999999999999999999999999999999999999999998
10000000000000000000000000000000000000000000000000000000000000000000007
999999999999999999999999993
100000000000000000000000002
99999999999999999999999999999999999999999999999999999999999999999999999999999999999999999999993
10000000000000000000000000000000000000000000000000000000000000000000000000000000000000000000002
999999999999999999999999999999999999999999999999999999997
100000000000000000000000000000000000000000000000000000006
999999999999999999999999999997
100000000000000000000000000006
9999999999999999999999999999999999999999999999999999999999999999999999999994
1000000000000000000000000000000000000000000000000000000000000000000000000003
99999999999999999999999999999999999999
10000000000000000000000000000000000008
9999999999999999999999999999999999999999999999999999999999999999999999999999999999
1000000000000000000000000000000000000000000000000000000000000000000000000000000008
999999999999999999999999999999999999999999999999999999999999995
100000000000000000000000000000000000000000000000000000000000004
99999999999999999999999999997
10000000000000000000000000006
9999999999999999999999999999999999999999999999999999999999999999999999999999999993
1000000000000000000000000000000000000000000000000000000000000000000000000000000002
99999999999999999999999999999999999999999999999999999999999999999999999999999999999999999999998
10000000000000000000000000000000000000000000000000000000000000000000000000000000000000000000007
9999999999999999999999999999999999999999999999999999999999999999991
1000000000000000000000000000000000000000000000000000000000000000000
999999999999999999999999999999999999999999999999999999999999999997
100000000000000000000000000000000000000000000000000000000000000006
999999999999999999999999996
100000000000000000000000005
999999999997
100000000006
99999999999999999999999999999999999999999999999999995
10000000000000000000000000000000000000000000000000004
999999999999999999999999999999999999999999999999999999999999999999999999999999999999999997
100000000000000000000000000000000000000000000000000000000000000000000000000000000000000006
999999999999999999999999999999999999999999999999999999999999999999999999999999999999999999999992
100000000000000000000000000000000000000000000000000000000000000000000000000000000000000000000001
99999999999999999999999999999999999
10000000000000000000000000000000008
999999999996
100000000005
999999999999999999999999999999999999999999999999999999999998
100000000000000000000000000000000000000000000000000000000007
9999999999999999999999999999999999999999999999999999999999999999999999999999999999999999999999999
1000000000000000000000000000000000000000000000000000000000000000000000000000000000000000000000008
3
3
9999999999999999999999999999999999999999999999991
1000000000000000000000000000000000000000000000000
99999999999999999999999999999999999999999999999999999999999995
10000000000000000000000000000000000000000000000000000000000004
999999999999999999999999999999999999999999999991
100000000000000000000000000000000000000000000000
9999999999999999999999999999999999999999991
1000000000000000000000000000000000000000000
999999999999994
100000000000003
9999999999999999999999999999999999999999999999999999999999999999999999999999999999999999999999997
1000000000000000000000000000000000000000000000000000000000000000000000000000000000000000000000006
9999999999999999999999999999999999999999999999999992
1000000000000000000000000000000000000000000000000001
999999999999999999999999999999999999999999999999999999999999999999999999994
100000000000000000000000000000000000000000000000000000000000000000000000003
999999999999999999999999996
100000000000000000000000005
99999999999999999999999999999999999999999999998
10000000000000000000000000000000000000000000007
9999999999999999999999991
1000000000000000000000000
9999999999999999999999999999999999999999999999999999999999999994
1000000000000000000000000000000000000000000000000000000000000003
99999999999999999999999999999999999999999999999999999999999999999999999999999999999999999994
10000000000000000000000000000000000000000000000000000000000000000000000000000000000000000003
99999999999999999999999999999999999999999999999999999999999999999999999999999999998
10000000000000000000000000000000000000000000000000000000000000000000000000000000007
999999999999999999999999999999999999999999999999999999999999999
100000000000000000000000000000000000000000000000000000000000008
999999999999999999994
100000000000000000003
99999999999999999999999999999999999999999999999999999999997
10000000000000000000000000000000000000000000000000000000006
9999999999999999999999995
1000000000000000000000004
999999999999999999999999999999999999999999999999999999999999999999999999999999999999998
100000000000000000000000000000000000000000000000000000000000000000000000000000000000007
999999999999999999999999999999999999999999999999999999
100000000000000000000000000000000000000000000000000008
99999999999999999999999999999999999999999999999999999996
10000000000000000000000000000000000000000000000000000005
999999999999
100000000008
9999999999999999999999999999999999999991
1000000000000000000000000000000000000000
9999999999999999999997
1000000000000000000006
99999999998
10000000007
99999999999999999999999999999999999999999999999993
10000000000000000000000000000000000000000000000002
999999999999999999999999994
100000000000000000000000003
99999999999999999999999999999999999999999995
10000000000000000000000000000000000000000004
9999999999999999999999999999999999999999999999999999999999999999999999999996
1000000000000000000000000000000000000000000000000000000000000000000000000005
99999999999999999999999999999999999999999999999999999999999999999999991
10000000000000000000000000000000000000000000000000000000000000000000000
999999999999999999999999999
100000000000000000000000008
99999999999999999999999999999999999999999999999999999999999999999999999999993
10000000000000000000000000000000000000000000000000000000000000000000000000002
999999999999999999999999999999999999999999999999999999999999999999999995
100000000000000000000000000000000000000000000000000000000000000000000004
9999999999999999999999999999999999999999999997
1000000000000000000000000000000000000000000006
2
2
9999999999999999999999999991
1000000000000000000000000000
9999999992
1000000001
999999999999999999999999999998
100000000000000000000000000007
99999999999999999999999991
10000000000000000000000000
999999999
100000008
999999999999999999999999999999999999999999999999992
100000000000000000000000000000000000000000000000001
92
11
99999999999999999999999999999999999999999999999999999999999999999999999999999999999999999993
10000000000000000000000000000000000000000000000000000000000000000000000000000000000000000002
999999999999999999999999999999999999999996
100000000000000000000000000000000000000005
999999999999999999999999999994
100000000000000000000000000003
999997
100006
9999999999999999999999999999999999999999999999999999999999999999999999999999999999999999999999993
1000000000000000000000000000000000000000000000000000000000000000000000000000000000000000000000002
99999999999999999999999999999999999999999999991
10000000000000000000000000000000000000000000000
999999999999999999999999999999999999999999999999999999999999999999992
100000000000000000000000000000000000000000000000000000000000000000001
999999999999999999999999999999999999999999999999999999999999999999999995
100000000000000000000000000000000000000000000000000000000000000000000004
9999999999999999999999999999999999992
1000000000000000000000000000000000001
9999999999999999999999999999999999995
1000000000000000000000000000000000004
999999999999999999999999999999999999999999999999999999999999999999999999999999999999999993
100000000000000000000000000000000000000000000000000000000000000000000000000000000000000002
99999999999999999999999999999999999999999999999999999999999999999999999999999999999999999997
10000000000000000000000000000000000000000000000000000000000000000000000000000000000000000006
999999999999999999999999999999999999999999999999999996
100000000000000000000000000000000000000000000000000005
99999999999999999999999999999999999999999999999999999999999997
10000000000000000000000000000000000000000000000000000000000006
9999999999999999999999999999999999999999999999999999999999999999999999999999999999999999997
1000000000000000000000000000000000000000000000000000000000000000000000000000000000000000006
9999999999999999999999999999999999999999999999999999999999999999999999999999999999999999999999998
1000000000000000000000000000000000000000000000000000000000000000000000000000000000000000000000007
99999999999999999999992
10000000000000000000001
999999999999999999999999999999999999999999999999999999999999991
100000000000000000000000000000000000000000000000000000000000000
9999999999999999999999999999999999999999999999999999999999999999999999999999999995
1000000000000000000000000000000000000000000000000000000000000000000000000000000004
99999999999999999999999999999999999999999999999999998
10000000000000000000000000000000000000000000000000007
99999999999999999999999991
10000000000000000000000000
999999999999999999999999999999999999999999999999999999999999999999993
100000000000000000000000000000000000000000000000000000000000000000002
999999999999999999998
100000000000000000007
99993
10002
99999999999999999997
10000000000000000006
9999999999999999999999999999999999999999999999999999999999999999999999999999999999996
1000000000000000000000000000000000000000000000000000000000000000000000000000000000005
99999999999999999999999999999999999999999999999999999999999999999999994
10000000000000000000000000000000000000000000000000000000000000000000003
999999999999999999999999999999999999999999999999999999999999999999999999999999999999999997
100000000000000000000000000000000000000000000000000000000000000000000000000000000000000006
9999999999999999999999999999999999999999999999991
1000000000000000000000000000000000000000000000000
99999999999999999999999999999999999999999996
10000000000000000000000000000000000000000005
99999999999999999999999999999999999999999999999999999999999999993
10000000000000000000000000000000000000000000000000000000000000002
999999999
100000008
1
1
99999999999999999999999999999999999999999999999999999999999999999999999999999999997
10000000000000000000000000000000000000000000000000000000000000000000000000000000006
99999999999999999999999999999999999999999999999999999999999999999999999999999999999996
10000000000000000000000000000000000000000000000000000000000000000000000000000000000005
9999999999999999999999999999999999999999999999999999999999999999999999999999999999999999999999999993
1000000000000000000000000000000000000000000000000000000000000000000000000000000000000000000000000002
9999999999999999999999999999999999999999999999999999999999999999999999999
1000000000000000000000000000000000000000000000000000000000000000000000008
999999999999999999999999999999999999999999999999999999999996
100000000000000000000000000000000000000000000000000000000005
999999999999999999999999999999999999999999999999999999999996
100000000000000000000000000000000000000000000000000000000005
999999999999999999999999999999999999999999999999999999999999999999999999999999999999999999999999996
100000000000000000000000000000000000000000000000000000000000000000000000000000000000000000000000005
9999999999999999999999999999999999999999999999999993
1000000000000000000000000000000000000000000000000002
999999999999999
100000000000008
99999999999999999999999999999999999999999999999999999999999999999999999999999999999999999
10000000000000000000000000000000000000000000000000000000000000000000000000000000000000008
999999999999999999999999999999999999999999999999999999999999999999999992
100000000000000000000000000000000000000000000000000000000000000000000001
999999999999999999999999999999999999999999999999999999999999999999999999999992
100000000000000000000000000000000000000000000000000000000000000000000000000001
99999999999999999999999999999999999999999999999991
10000000000000000000000000000000000000000000000000
99999999999999999999999999999999999999999999999999999999999999999999999
10000000000000000000000000000000000000000000000000000000000000000000008
99999999999999999999999999999999999999999999999999999999999999999999994
10000000000000000000000000000000000000000000000000000000000000000000003
9999999999999999999999999999999999999999999999999995
1000000000000000000000000000000000000000000000000004
9999999999999999999999999999999999999999999993
1000000000000000000000000000000000000000000002
999999999999999999999999999999999999999999999999999999999999999999999999999999999999999999999991
100000000000000000000000000000000000000000000000000000000000000000000000000000000000000000000000
999999999999999999999999999999999999999999999999999999999999999999999999999999999999996
100000000000000000000000000000000000000000000000000000000000000000000000000000000000005
99999999999999
10000000000008
9999999999999999999999999999999999999999999999999999999999999999993
1000000000000000000000000000000000000000000000000000000000000000002
999999999999999999999999999999999999999999999999994
100000000000000000000000000000000000000000000000003
999999999999999999999999998
100000000000000000000000007
999999999999999999999999999999999999999999999994
100000000000000000000000000000000000000000000003
9999999999999999999999999999999999999993
1000000000000000000000000000000000000002
999999999999999999999999999999999999999999993
100000000000000000000000000000000000000000002
99999999999999999999999999999999999992
10000000000000000000000000000000000001
999999999999999999996
100000000000000000005
999999999999999999999999999999999999999999999999999999999999999999999999999999993
100000000000000000000000000000000000000000000000000000000000000000000000000000002
9991
1000
999999999999999999999999999999999999999999999999999999999999999999999999999999999999999999999999993
100000000000000000000000000000000000000000000000000000000000000000000000000000000000000000000000002
99999999997
10000000006
9999999999999999999999999999993
1000000000000000000000000000002
99999999999999999999999999999999999999999999999999999996
10000000000000000000000000000000000000000000000000000005
9999999999999999999999999999999999991
1000000000000000000000000000000000000
999999999999999999999999999999996
100000000000000000000000000000005
99999999999999999999999999999999999999999994
10000000000000000000000000000000000000000003
9999999999999999999999999999999999999999999999994
1000000000000000000000000000000000000000000000003
9999999999999999
1000000000000008
9999999999999999999999999999999999999999999999999999999999999999999999999999999999999999999999999998
1000000000000000000000000000000000000000000000000000000000000000000000000000000000000000000000000007
99999999999999999999999999999999999999999997
10000000000000000000000000000000000000000006
99999999999999999999999999999999999999999999999999999999999991
10000000000000000000000000000000000000000000000000000000000000
999999999999999999999999999999999999999
100000000000000000000000000000000000008
997
106
99999999999999999999999999999999999999999999999999999999999999999999999999993
10000000000000000000000000000000000000000000000000000000000000000000000000002
9999999999999999999999999999999999999999999999994
1000000000000000000000000000000000000000000000003
999999999999999999999999999999999999999999999999999999999999999999999999999999999999999999999991
100000000000000000000000000000000000000000000000000000000000000000000000000000000000000000000000
999999999999999999999999993
100000000000000000000000002
999999999999999999999999999999999999999999999999999999999998
100000000000000000000000000000000000000000000000000000000007
9991
1000
9999999999999999999999999999999999999999999999999999999999999999999999999999999999999999999999999992
1000000000000000000000000000000000000000000000000000000000000000000000000000000000000000000000000001
999999999999999999999999999999999999999999999999999999999999991
100000000000000000000000000000000000000000000000000000000000000
999999999999999999999999999999999999999999996
100000000000000000000000000000000000000000005
99999999999999999999999999999999999996
10000000000000000000000000000000000005
99999999999999999999999999999999999999999999999999999999999999999999999999999997
10000000000000000000000000000000000000000000000000000000000000000000000000000006
999999999999999999999999999999999999999999999999999999999999999999999999999999992
100000000000000000000000000000000000000000000000000000000000000000000000000000001
9999999999999999999999999999999999999999999999999999999999999999999999999999999
1000000000000000000000000000000000000000000000000000000000000000000000000000008
9999999999999999999999999995
1000000000000000000000000004
999999999999999999999999999999999999999999999991
100000000000000000000000000000000000000000000000
999999999999999999999999995
100000000000000000000000004
999999999999999999999999999999999999999999999999999999999999999999999999999997
100000000000000000000000000000000000000000000000000000000000000000000000000006
99999999999999999999999999999999999999999999999999999999999999999999999999999999999999992
10000000000000000000000000000000000000000000000000000000000000000000000000000000000000001
9999999999999999999999999999999999999999999999999999999999999999999999999999999999999996
1000000000000000000000000000000000000000000000000000000000000000000000000000000000000005
999999999999999999999999995
100000000000000000000000004
99999999999999999999999999999999999999999999999999999999999999999999999999999999992
10000000000000000000000000000000000000000000000000000000000000000000000000000000001
999999999999999999999999999999999999999999999999999999999999999999999999999996
100000000000000000000000000000000000000000000000000000000000000000000000000005
999994
100003
99999999992
10000000001
9999999999999999999999999999999999999999999999999999999999999999999999999999999999999999999999999997
1000000000000000000000000000000000000000000000000000000000000000000000000000000000000000000000000006
999999999999999999999999999999999999999999999999999999999999999993
100000000000000000000000000000000000000000000000000000000000000002
99999999999999999999999999999999999999999999999999992
10000000000000000000000000000000000000000000000000001
9999999999999999999999999999999999999999999999999999999999999999999999
1000000000000000000000000000000000000000000000000000000000000000000008
99999999999999999999999999999999999999999999999999999999999999994
10000000000000000000000000000000000000000000000000000000000000003
999999999999999999999999994
100000000000000000000000003
999999999999999999999999999999999999999999999999999999994
100000000000000000000000000000000000000000000000000000003
99994
10003
99999999999999999999999999999999999999999999999999999999992
10000000000000000000000000000000000000000000000000000000001
9999999999999999999999999999999999999999999999999999999999999999999999999999999999999999999999999997
1000000000000000000000000000000000000000000000000000000000000000000000000000000000000000000000000006
999999999999999999999999999999999999999999999999999999999999999999999999999999998
100000000000000000000000000000000000000000000000000000000000000000000000000000007
99999999999999999999999999999999999999999999999
10000000000000000000000000000000000000000000008
9999999999999999999999991
1000000000000000000000000
99999999999999999999999999999999999999994
10000000000000000000000000000000000000003
99999998
10000007
999999999999999999999999999999
100000000000000000000000000008
99999999999999999999999999999999999999999999999999999999999999999999999999999999999999999999999993
10000000000000000000000000000000000000000000000000000000000000000000000000000000000000000000000002
999996
100005
9999999999999999999999999999999999999999999999999992
1000000000000000000000000000000000000000000000000001
999999999999999999999999992
100000000000000000000000001
99999999999999999999999999992
10000000000000000000000000001
999999999999999999999999999999999993
100000000000000000000000000000000002
99999999999991
10000000000000
99999999999999999999999999999999999999999999999999999999999999999999999999999999999999999999999993
10000000000000000000000000000000000000000000000000000000000000000000000000000000000000000000000002
9999999999999999999999999999999999999999999999999999999999999999999998
1000000000000000000000000000000000000000000000000000000000000000000007
9999999999999999999992
1000000000000000000001
99999999
10000008
99999999999999999999999999999999999999999999999999999999999999999999997
10000000000000000000000000000000000000000000000000000000000000000000006
9999999999999999999999999999999999999999999992
1000000000000000000000000000000000000000000001
99999999999999999999999999999999999999999999999994
10000000000000000000000000000000000000000000000003
99999999999999999999999999999999999999999999999999999999999999999999999999997
10000000000000000000000000000000000000000000000000000000000000000000000000006
999999999999999999999999999999999999999999999999994
100000000000000000000000000000000000000000000000003
999999999999999999999999999999999999999992
100000000000000000000000000000000000000001
99999999999999999999999999997
10000000000000000000000000006
99999999999999999999999999999999999999999999999999995
10000000000000000000000000000000000000000000000000004
999999999999999999999999999999999999999999999999999999999993
100000000000000000000000000000000000000000000000000000000002
99999999999999999999999999999994
10000000000000000000000000000003
99999999999999999999999999999999999999999999999999999999999999999999999999999999999999999999996
10000000000000000000000000000000000000000000000000000000000000000000000000000000000000000000005
999999999999992
100000000000001
999999997
100000006
9999999999999999999999998
1000000000000000000000007
9999999999999999999999999999999999999999999999999999999999999999999999999999999999999996
1000000000000000000000000000000000000000000000000000000000000000000000000000000000000005
9999999999999999999999999999999999999999999999997
1000000000000000000000000000000000000000000000006
999999999999999999999999999999999999999999999999999999999998
100000000000000000000000000000000000000000000000000000000007
99999999999999999999999999999999999999999
10000000000000000000000000000000000000008
99999999999999999999999999999999999999999999999999999999999999999999999999999999999999999997
10000000000000000000000000000000000000000000000000000000000000000000000000000000000000000006
9999996
1000005
99999999999999999999999999999999999999999999999994
10000000000000000000000000000000000000000000000003
9999999999999999999999999999995
1000000000000000000000000000004
9999999999999999999999999999999999999999999999999999999999999999
1000000000000000000000000000000000000000000000000000000000000008
999999999995
100000000004
99999999999999999999999999999999999999999999999995
10000000000000000000000000000000000000000000000004
99999999999999999999999999999999999999999999999999999999999999999999999998
10000000000000000000000000000000000000000000000000000000000000000000000007
999999999999999999999999999999999999999999999999999999999999999992
100000000000000000000000000000000000000000000000000000000000000001
99999999998
10000000007
999999999999999999999999999999999999999999999999999998
100000000000000000000000000000000000000000000000000007
99999999999999999999999999999999999999999999999999999999999999999999999999992
10000000000000000000000000000000000000000000000000000000000000000000000000001
9999999999999999999999994
1000000000000000000000003
99999999
10000008
99999999999999999999999999999999999999999999999999996
10000000000000000000000000000000000000000000000000005
99999999999999999999999999999999999999999999999999999999999999999999999999999995
10000000000000000000000000000000000000000000000000000000000000000000000000000004
9999999999999999999999999999999999999999999999999999999999999999999999999999996
1000000000000000000000000000000000000000000000000000000000000000000000000000005
99999992
10000001
99999999999999999999999999999999999999999999991
10000000000000000000000000000000000000000000000
999999999999999999999999999999999999999999999999999999999999999999999991
100000000000000000000000000000000000000000000000000000000000000000000000
9999999999999999999999999999999999995
1000000000000000000000000000000000004
999999999999999999999999999999999999999999994
100000000000000000000000000000000000000000003
999999999999999999999999999999999999999999999999999999999999999999999999999999999999999999991
100000000000000000000000000000000000000000000000000000000000000000000000000000000000000000000
999999999999999999999999999999999999999999999999999999999999999999999999999999999999991
100000000000000000000000000000000000000000000000000000000000000000000000000000000000000
99999999999999999999999999999999999999999999999999999999999999999999999999999999995
10000000000000000000000000000000000000000000000000000000000000000000000000000000004
999999999999999999999999999999999999999999999999999999999999999999999999996
100000000000000000000000000000000000000000000000000000000000000000000000005
9999999999999999999999999999999999999999999999999999999992
1000000000000000000000000000000000000000000000000000000001
999999999999999994
100000000000000003
999999999999999999999999999999999999999999999999999999998
100000000000000000000000000000000000000000000000000000007
9999999999999999999999999999999999999998
1000000000000000000000000000000000000007
99999999999999999999999999999999999999999999999999999999999999999999999999999999999999999999999996
10000000000000000000000000000000000000000000000000000000000000000000000000000000000000000000000005
9999999999999999999999999999999999999999999999999999999999999999999999999999999999999999999999997
1000000000000000000000000000000000000000000000000000000000000000000000000000000000000000000000006
99999999999999999999991
10000000000000000000000
9999999999999999999999999999999999999999999997
1000000000000000000000000000000000000000000006
99999999997
10000000006
99999999999999999999999999999999999999999999999999999999999999999999993
10000000000000000000000000000000000000000000000000000000000000000000002
9999999999999999999999999999999999
1000000000000000000000000000000008
99999999999999999999999999999999999999999999995
10000000000000000000000000000000000000000000004
999999999999999999999999994
100000000000000000000000003
99999999995
10000000004
99999999999999999999999999999999999999999999999999999999999999994
10000000000000000000000000000000000000000000000000000000000000003
9999999999999999999999999999999999999999999999999999999999999999999999999999999999999999999999999992
1000000000000000000000000000000000000000000000000000000000000000000000000000000000000000000000000001
999999999999999999999999997
100000000000000000000000006
99999999999999999999999999999999999999999999999999999999999999999999997
10000000000000000000000000000000000000000000000000000000000000000000006
999999999999999999999999999999999999999999999999999999999999999999994
100000000000000000000000000000000000000000000000000000000000000000003
99999999999999999999999999999999999999999999999999999999999999999999999999999999999997
10000000000000000000000000000000000000000000000000000000000000000000000000000000000006
999999999999999999999999999999999999999999999999999999999994
100000000000000000000000000000000000000000000000000000000003
9999999999999999999999999999999999999999999999999999999999999999999999999999999999999999999999994
1000000000000000000000000000000000000000000000000000000000000000000000000000000000000000000000003
999999999999999999999999999999999999999999999999999999999999999999999999999999999999999999994
100000000000000000000000000000000000000000000000000000000000000000000000000000000000000000003
995
104
99999999999999991
10000000000000000
99999999999999999999999999999999999999999999999999999999999999999999999996
10000000000000000000000000000000000000000000000000000000000000000000000005
9999993
1000002
999999999999999999999999999999999999993
100000000000000000000000000000000000002
9999999999999999999999999999999999999999999999999999999999999999999998
1000000000000000000000000000000000000000000000000000000000000000000007
9999999999999999999999999999999999999999999999999999999999999999999999999999999999991
1000000000000000000000000000000000000000000000000000000000000000000000000000000000000
99999999999999999999999999999994
10000000000000000000000000000003
99999999999999999999999999999999999999999999999999999999995
10000000000000000000000000000000000000000000000000000000004
99999999999999999999999999999999999999999993
10000000000000000000000000000000000000000002
96
15
9991
1000
9999999994
1000000003
999999999999999999999999999999999999999999999999999999999999999999999999999998
100000000000000000000000000000000000000000000000000000000000000000000000000007
99999999999999999999999999999999999999999999999999999999999999999999999999999999999999999992
10000000000000000000000000000000000000000000000000000000000000000000000000000000000000000001
9999999999999999999999999999999999999999999999999999999999999999999999999999999999999999
1000000000000000000000000000000000000000000000000000000000000000000000000000000000000008
999999999999999999999999999999999999999999999999992
100000000000000000000000000000000000000000000000001
99999999999999999999999999999999999999999999999999997
10000000000000000000000000000000000000000000000000006
9999999999999999999999991
1000000000000000000000000
99999999999999999999999991
10000000000000000000000000
999999999999999999999999999999999999999999999999999999999999999999999999999999999999999999996
100000000000000000000000000000000000000000000000000000000000000000000000000000000000000000005
9999999999999999999999999999999999999999999999999999999999999999999999999999999999998
1000000000000000000000000000000000000000000000000000000000000000000000000000000000007
9999999999999999999999999999999999999999999999999999998
1000000000000000000000000000000000000000000000000000007
9999999999999999999999999999999999999999999999999999999999999999999999999999999999999999999999996
1000000000000000000000000000000000000000000000000000000000000000000000000000000000000000000000005
999999999999999999999999999999999999999999999999999999999999999999999999999999999999999
100000000000000000000000000000000000000000000000000000000000000000000000000000000000008
9999999999999999999999999999999998
1000000000000000000000000000000007
99999999999999999999999999999999999999991
10000000000000000000000000000000000000000
99999999999999999999999999999999999996
10000000000000000000000000000000000005
999999999999999999999999999999999999999999999999999999999998
100000000000000000000000000000000000000000000000000000000007
99999999999999999999999999999999999999999999999999999999999999999994
10000000000000000000000000000000000000000000000000000000000000000003
9999999999999999999999999999999999999999999999999999999992
1000000000000000000000000000000000000000000000000000000001
7
7
999999999999999999999999999999999999999999999996
100000000000000000000000000000000000000000000005
99999999999999999994
10000000000000000003
999999999999999999999999999999999999999999999999999999999999999999999999999996
100000000000000000000000000000000000000000000000000000000000000000000000000005
999999999999999999999999999999999999999999999999999999999999999999995
100000000000000000000000000000000000000000000000000000000000000000004
99999999999999999999999999999999999999999999999999999999999999997
10000000000000000000000000000000000000000000000000000000000000006
99999999999999999999999999999999999999999999999999999999999999999999999999997
10000000000000000000000000000000000000000000000000000000000000000000000000006
999999999999999999999999999999999999999999999999999999999999999999999999999999999999999999999999996
100000000000000000000000000000000000000000000000000000000000000000000000000000000000000000000000005
9999999999999999999999999999999999999999999999999999999999999999994
1000000000000000000000000000000000000000000000000000000000000000003
99999999999999999999999999999999999
10000000000000000000000000000000008
9999992
1000001
999999999999999999999999999999999999999999999999999999997
100000000000000000000000000000000000000000000000000000006
9999999999999999999999999999999999999992
1000000000000000000000000000000000000001
999999999999999999999999999999999992
100000000000000000000000000000000001
99999999999999999999999999999999999999999999999999999999999999999999999999999999999999999999998
10000000000000000000000000000000000000000000000000000000000000000000000000000000000000000000007
999999999999999999999999999999999999999999999999999999999999999999999999999997
100000000000000000000000000000000000000000000000000000000000000000000000000006
999999999999999999999999999999999999999999999999999992
100000000000000000000000000000000000000000000000000001
9993
1002
99999999999999999999999999996
10000000000000000000000000005
9999999999999999999999999999999999999999999999999997
1000000000000000000000000000000000000000000000000006
99999999999999999999999999999993
10000000000000000000000000000002
99999999999999999999999999999999991
10000000000000000000000000000000000
9999999999999999999999999999999999999999999999999999999999999999999999999999999999999999999999999991
1000000000000000000000000000000000000000000000000000000000000000000000000000000000000000000000000000
97
16
9999999999999999999999999999999999999999998
1000000000000000000000000000000000000000007
96
15
999999999999999999999999999999999999999999999999999999999999999999999999999995
100000000000000000000000000000000000000000000000000000000000000000000000000004
9999999999999999999992
1000000000000000000001
9999999999999999999999999999999999999999999999999999999999999999999999994
1000000000000000000000000000000000000000000000000000000000000000000000003
9999999999999999999999999999999999999999999999999999999999999999999999999999999999999999999991
1000000000000000000000000000000000000000000000000000000000000000000000000000000000000000000000
999999999999999999999999999999999999999999999999999999999999999998
100000000000000000000000000000000000000000000000000000000000000007
999994
100003
99999999999999999999999999998
10000000000000000000000000007
9999999999999999999999999999999999999999999999999999999999999999999999999999999999993
1000000000000000000000000000000000000000000000000000000000000000000000000000000000002
9995
1004
9999999999999999999999999999999999999999999999999999999999999999999999
1000000000000000000000000000000000000000000000000000000000000000000008
99999999999999999999999999999999999999998
10000000000000000000000000000000000000007
9999999999999999999999999999999991
1000000000000000000000000000000000
9999999999999994
1000000000000003
999999999999999999999999999999999999999999999999995
100000000000000000000000000000000000000000000000004
99999999999999999999998
10000000000000000000007
9999999999999999999999999999999999999999999999999
1000000000000000000000000000000000000000000000008
999999999999999999999999999999999999999999999999999999999999999999999999997
100000000000000000000000000000000000000000000000000000000000000000000000006
99999999999999999999999999999999999999999998
10000000000000000000000000000000000000000007
999999999999999999999999999999999999999999999999999999999999999999999999999999999999999999997
100000000000000000000000000000000000000000000000000000000000000000000000000000000000000000006
9999999999999999999999999999999999999999999999999999999999999999999999994
1000000000000000000000000000000000000000000000000000000000000000000000003
99999999999999999999999999999999999999999999999999999999999999994
10000000000000000000000000000000000000000000000000000000000000003
