Able
About
Abused
Abusing
Acatl
Accounts
Accurate
Acerca
Acontecimiento
Across
Act
Addresses
Afraid
Again
Against
Agents
Ago
Agonizing
Aheqnm
Ak
Akgootwtmwziyjcqbf
Algunos
Allow
Always
Amnesty
Anonymous
Another
Anytime
Application
Appreciate
Armor
Arrest
Arrojaron
Asses
Assets
Atacar
Austin
Avent
Azar
B
Backup
Bags
Bailouts
Bancas
Bank
Bash
Being
Bet
Better
Big
Billion
Bittorrent
Black
Blame
Blasted
Blind
Blue
Bomb
Both
Botnets
Bout
Bradley
Brand
Brought
Brutality
Brutalization
Burning
Butthurt
By
Calculaba
Callado
Camino
Care
Cartesiano
Cases
Catch
Cc
Chain
Chains
Changed
Charge
Charities
Cierta
Cierto
Cifras
Cities
Clearspace
Client
Clients
Clueless
Collaborated
Comenzaba
Comenzaron
Comforted
Comienza
Commies
Companies
Computaci
Comunes
Confirmed
Confused
Conocimientos
Conspire
Consult
Control
Coordinated
Cops
Copying
Corporations
Corrupt
Could
Course
Cracks
Cree
Crew
Cries
Criminality
Cross
Cuadr
Cuando
Culpable
Cup
Currency
Customer
Dadas
Dalves
Damn
Database
Days
Dead
Death
Debe
Decided
Decimal
Defaced
Department
Depend
Derail
Descanzaban
Descubrir
Destruction
Detail
Develop
Didn
Digital
Direction
Discover
Discretely
Disk
Dismantles
Dmv
Dollars
Donations
Down
Doxed
Dozens
Dpl
Dried
Dropped
Dumps
E
Easily
Eff
Egalitarian
Eighteen
Elaborado
Eleg
Eligi
Email
Employee
Emular
Encontrara
Endless
Enforce
Engage
Enojadas
Enough
Ensures
Entero
Enteros
Escapar
Eso
Especially
Est
Estudiante
Eve
Evento
Evictions
Examples
Exciting
Expected
Expense
Express
Eye
Familiar
Fcmdvpywk
Files
Finally
Financial
Fire
Forces
Forecasts
Forgive
Forgot
Former
Forums
Found
Friend
Front
Fuck
Fuzz
General
Glitch
Golpear
Golpeba
Gonna
Goods
Governments
Greenpeace
Guarantee
Guns
Gutted
Hab
Hac
Hacia
Hacker
Hacking
Han
Handed
Hatred
Heard
Hell
Hellish
Here
Hermoso
Hhytnulucyu
Hidden
Hir
Historia
History
Hit
Homies
Hopes
Hora
Hospital
However
Hubiera
Huir
Humor
Hundred
Id
Identificados
Ideological
Incarcerated
Ind
Indiscriminate
Industries
Inherently
Institutions
Inteligente
Internet
Irc
Isffeebjujraggcrs
Istfrxyg
J
Jails
Jamas
Jauxys
Jig
Joke
Jwdjwofloryir
Ken
Kept
Keys
Kick
Knesot
Known
Kyqahbhke
Ladder
Lados
Laid
Large
Laughter
Launch
Laundrymat
Layoffs
Leave
Les
Leveling
Liberated
Life
Linda
List
Little
Lived
Lives
Ll
Llamado
Lo
Long
Looking
Lot
Lots
Loving
Luck
Lulzed
Lulzy
Lv
Mac
Made
Maintain
Major
Making
Mall
Manning
Market
Mastercard
Match
Maybe
Mayors
Mdda
Media
Medio
Member
Members
Million
Misterio
Momento
Monitor
Month
Muchas
Muestra
Muh
Mulo
My
Name
Names
National
Nciwllbapkr
Ndose
Nearly
Neas
Nivel
Noise
Non
Note
Nuclear
Objeto
Obsecionado
Occupation
Odio
Official
Oligarchical
Online
Opening
Org
Organizations
Others
Ourselves
Owned
Owning
Pacifists
Paperwork
Parks
Particular
Pasa
Pastos
Pay
Payments
Pepper
Pesar
Phone
Pi
Picar
Picked
Pico
Pigs
Pillaged
Place
Plano
Platinum
Plotting
Pod
Pointing
Pop
Portal
Posici
Posiciones
Powerful
Pranks
Premeditated
Premiere
Prez
Prior
Prisoners
Prisons
Professional
Pronto
Property
Protectors
Protesters
Providing
Public
Publicized
Published
Publishing
Punto
Purveyors
Pusiera
Px
Py
Q
Qaguql
Queda
Quiere
Quiet
Qw
R
Radio
Raid
Re
Really
Reas
Received
Recover
Recuperado
Red
Rededor
Redondeado
Remember
Rent
Report
Resolvieron
Respectivamente
Rev
Rich
Ringing
Risk
Robbed
Rockin
Rollin
Saldr
Say
Says
Send
Sense
Sensitive
Sent
Several
Sheer
Short
Siguen
Similar
Sistema
Sites
Skimming
So
Social
Sold
Solo
Sometimes
Soundtrack
Sowv
Spilled
Spray
Srm
Ssh
Ssx
Stability
Statfor
Stealing
Stored
Supplied
Supporters
Swallow
Swine
Tan
Tasers
Tbukzabfr
Tcqaxrassxkg
Teargas
Technology
Termina
Test
Thagr
Thangs
Then
Thousands
Three
Threw
Ticas
Tickets
Took
Tor
Total
Traced
Track
Traded
Tranquilamente
Transferred
Tratando
True
Truly
Truth
Tune
Turn
Twitter
Txnh
Ulzjgpujcwz
Unnamed
Unos
Until
Upqhapiu
Uprising
Use
User
Using
Utilizarse
Uxyuagv
Valor
Ve
Veces
Venes
Vengeance
Veterans
Viernes
Visa
Vko
Vulnerable
Wait
Waitin
Walk
Wasn
Waste
Webmaster
Webserver
Website
What
White
Why
Wingers
Without
Wreaked
Wzd
X
Xbkpdcaiyusq
Xcmsczqwtgz
Xi
Xlaedpyq
Years
Yomgy
Zine
already
amount
archives
bankruptcy
blissfully
boostin
bring
calcule
comenz
comin
corporation
correr
development
dominance
ejemplo
encontraran
equipment
equivalent
esperaba
every
everything
executed
fair
figura
flotante
forget
game
good
hundreds
international
investigaci
irdcgruuiigvvczay
irracional
its
keeping
laugh
leaked
matem
mgilymnsnqerkg
numbers
nychiefs
occupations
oh
oppressive
organization
perfectamente
picaban
primer
professor
programa
quick
repeat
retaliation
security
services
should
siguiente
skcnwekuedopiwifozk
texas
yo
